2019-02-07 13:22:43,676 - INFO - rig - apache-ant-1.7.0
2019-02-07 13:22:52,040 - INFO - rig - ++++NEW CLF++++ FASTREAD
2019-02-07 13:22:52,040 - INFO - fastread - Total Yes: 131 | Total No: 3967
2019-02-07 13:22:52,744 - INFO - fastread - 0, 0  475
2019-02-07 13:22:58,118 - INFO - fastread - 18, 20  475
2019-02-07 13:23:03,187 - INFO - fastread - 21, 40  84
2019-02-07 13:23:08,196 - INFO - fastread - 29, 60  91
2019-02-07 13:23:13,267 - INFO - fastread - 39, 80  96
2019-02-07 13:23:18,367 - INFO - fastread - 44, 100  99
2019-02-07 13:23:23,036 - INFO - fastread - 48, 120  125
2019-02-07 13:23:27,780 - INFO - fastread - 51, 140  133
2019-02-07 13:23:32,472 - INFO - fastread - 55, 160  123
2019-02-07 13:23:37,156 - INFO - fastread - 60, 180  121
2019-02-07 13:23:41,867 - INFO - fastread - 62, 200  116
2019-02-07 13:23:46,602 - INFO - fastread - 63, 220  126
2019-02-07 13:23:51,158 - INFO - fastread - 67, 240  120
2019-02-07 13:23:55,855 - INFO - fastread - 68, 260  118
2019-02-07 13:24:00,328 - INFO - fastread - 73, 280  123
2019-02-07 13:24:04,829 - INFO - fastread - 77, 300  117
2019-02-07 13:24:09,451 - INFO - fastread - 77, 320  119
2019-02-07 13:24:13,940 - INFO - fastread - 80, 340  115
2019-02-07 13:24:18,499 - INFO - fastread - 81, 360  118
2019-02-07 13:24:23,022 - INFO - fastread - 82, 380  118
2019-02-07 13:24:27,699 - INFO - fastread - 82, 400  119
2019-02-07 13:24:32,113 - INFO - fastread - 83, 420  116
2019-02-07 13:24:36,784 - INFO - fastread - 83, 440  117
2019-02-07 13:24:41,494 - INFO - fastread - 84, 460  118
2019-02-07 13:24:46,126 - INFO - fastread - 84, 480  114
2019-02-07 13:24:50,884 - INFO - fastread - 86, 500  116
2019-02-07 13:24:55,685 - INFO - fastread - 88, 520  118
2019-02-07 13:25:00,505 - INFO - fastread - 88, 540  125
2019-02-07 13:25:05,092 - INFO - fastread - 88, 560  119
2019-02-07 13:25:10,079 - INFO - fastread - 89, 580  119
2019-02-07 13:25:14,684 - INFO - fastread - 90, 600  121
2019-02-07 13:25:19,573 - INFO - fastread - 91, 620  116
2019-02-07 13:25:24,442 - INFO - fastread - 91, 640  120
2019-02-07 13:25:29,283 - INFO - fastread - 91, 660  121
2019-02-07 13:25:34,134 - INFO - fastread - 92, 680  118
2019-02-07 13:25:39,112 - INFO - fastread - 92, 700  121
2019-02-07 13:25:43,932 - INFO - fastread - 92, 720  117
2019-02-07 13:25:48,920 - INFO - fastread - 94, 740  119
2019-02-07 13:25:53,872 - INFO - fastread - 95, 760  119
2019-02-07 13:25:58,748 - INFO - fastread - 97, 780  118
2019-02-07 13:26:03,903 - INFO - fastread - 98, 800  122
2019-02-07 13:26:08,802 - INFO - fastread - 99, 820  120
2019-02-07 13:26:13,865 - INFO - fastread - 99, 840  123
2019-02-07 13:26:19,002 - INFO - fastread - 99, 860  121
2019-02-07 13:26:24,111 - INFO - fastread - 99, 880  124
2019-02-07 13:26:29,124 - INFO - fastread - 99, 900  123
2019-02-07 13:26:34,394 - INFO - fastread - 100, 920  125
2019-02-07 13:26:39,350 - INFO - fastread - 100, 940  127
2019-02-07 13:26:44,518 - INFO - fastread - 100, 960  123
2019-02-07 13:26:49,695 - INFO - fastread - 101, 980  125
2019-02-07 13:26:54,794 - INFO - fastread - 102, 1000  124
2019-02-07 13:26:59,853 - INFO - fastread - 103, 1020  125
2019-02-07 13:27:05,227 - INFO - fastread - 104, 1040  125
2019-02-07 13:27:10,277 - INFO - fastread - 104, 1060  123
2019-02-07 13:27:15,581 - INFO - fastread - 104, 1080  124
2019-02-07 13:27:20,838 - INFO - fastread - 104, 1100  124
2019-02-07 13:27:26,023 - INFO - fastread - 104, 1120  124
2019-02-07 13:27:39,019 - INFO - fastread - 106, 1177  124
2019-02-07 13:27:44,491 - INFO - fastread - 106, 1197  129
2019-02-07 13:27:49,576 - INFO - fastread - 106, 1217  126
2019-02-07 13:27:55,004 - INFO - fastread - 106, 1237  128
2019-02-07 13:28:01,769 - INFO - fastread - 107, 1257  127
2019-02-07 13:28:07,174 - INFO - fastread - 107, 1277  128
2019-02-07 13:28:12,324 - INFO - fastread - 107, 1297  125
2019-02-07 13:28:17,858 - INFO - fastread - 108, 1317  127
2019-02-07 13:28:23,151 - INFO - fastread - 108, 1337  128
2019-02-07 13:28:28,557 - INFO - fastread - 109, 1357  129
2019-02-07 13:28:33,982 - INFO - fastread - 112, 1377  128
2019-02-07 13:28:39,552 - INFO - fastread - 112, 1397  133
2019-02-07 13:28:44,810 - INFO - fastread - 113, 1417  133
2019-02-07 13:28:51,176 - INFO - fastread - 113, 1437  134
2019-02-07 13:28:59,055 - INFO - fastread - 113, 1457  132
2019-02-07 13:29:05,068 - INFO - fastread - 113, 1477  130
2019-02-07 13:29:10,505 - INFO - fastread - 113, 1497  132
2019-02-07 13:29:23,624 - INFO - fastread - 113, 1551  131
2019-02-07 13:29:29,057 - INFO - fastread - 114, 1571  134
2019-02-07 13:29:34,548 - INFO - fastread - 115, 1591  133
2019-02-07 13:29:40,062 - INFO - fastread - 115, 1611  133
2019-02-07 13:29:45,743 - INFO - fastread - 115, 1631  134
2019-02-07 13:29:51,084 - INFO - fastread - 115, 1651  135
2019-02-07 13:29:56,828 - INFO - fastread - 116, 1671  134
2019-02-07 13:30:02,321 - INFO - fastread - 116, 1691  135
2019-02-07 13:30:07,861 - INFO - fastread - 117, 1711  135
2019-02-07 13:30:13,464 - INFO - fastread - 118, 1731  134
2019-02-07 13:30:19,341 - INFO - fastread - 118, 1751  133
2019-02-07 13:30:24,985 - INFO - fastread - 118, 1771  133
2019-02-07 13:30:30,895 - INFO - fastread - 118, 1791  134
2019-02-07 13:30:36,575 - INFO - fastread - 119, 1811  134
2019-02-07 13:30:42,523 - INFO - fastread - 120, 1831  134
2019-02-07 13:30:48,296 - INFO - fastread - 122, 1851  138
2019-02-07 13:30:54,300 - INFO - fastread - 122, 1871  138
2019-02-07 13:31:00,112 - INFO - fastread - 125, 1891  138
2019-02-07 13:31:06,072 - INFO - fastread - 127, 1911  145
2019-02-07 13:31:11,879 - INFO - fastread - 127, 1931  151
2019-02-07 13:31:17,994 - INFO - fastread - 127, 1951  145
2019-02-07 13:31:23,951 - INFO - fastread - 127, 1971  145
2019-02-07 13:31:29,955 - INFO - fastread - 127, 1991  145
2019-02-07 13:31:43,667 - INFO - fastread - 128, 2044  147
2019-02-07 13:31:49,884 - INFO - fastread - 128, 2064  148
2019-02-07 13:31:55,761 - INFO - fastread - 128, 2084  147
2019-02-07 13:32:02,055 - INFO - fastread - 128, 2104  148
2019-02-07 13:32:08,065 - INFO - fastread - 128, 2124  145
2019-02-07 13:32:14,370 - INFO - fastread - 128, 2144  145
2019-02-07 13:32:28,290 - INFO - fastread - 128, 2194  144
2019-02-07 13:32:42,264 - INFO - fastread - 128, 2244  143
2019-02-07 13:32:48,637 - INFO - fastread - 129, 2264  143
2019-02-07 13:32:54,727 - INFO - fastread - 129, 2284  146
2019-02-07 13:33:01,116 - INFO - fastread - 129, 2304  146
2019-02-07 13:33:07,275 - INFO - fastread - 129, 2324  145
2019-02-07 13:33:13,678 - INFO - fastread - 129, 2344  147
2019-02-07 13:33:28,079 - INFO - fastread - 129, 2394  142
2019-02-07 13:33:42,545 - INFO - fastread - 129, 2445  144
2019-02-07 13:33:57,007 - INFO - fastread - 129, 2492  144
2019-02-07 13:34:03,411 - INFO - fastread - 129, 2512  148
2019-02-07 13:34:03,412 - INFO - fastread - IGNORE apache-ant-1.7.0 NO IMPROVEMENT after 3 random loops. EXITING. Current estimate: 156
2019-02-07 13:34:03,437 - INFO - fastread - IGNORE apache-ant-1.7.0 | Total: 4098 | Percent Checked: 0.61 | Total Yes Data: 131 | Percent Yes Checked: 0.98
2019-02-07 13:34:03,438 - INFO - rig - ++++NEW CLF++++ QUICKREAD
2019-02-07 13:34:03,438 - INFO - quickread - Total Yes: 131 | Total No: 3967
2019-02-07 13:34:04,045 - INFO - quickread - 0, 0  475
2019-02-07 13:34:08,056 - INFO - quickread - 18, 20  475
2019-02-07 13:34:12,720 - INFO - quickread - 28, 40  78
2019-02-07 13:34:17,424 - INFO - quickread - 42, 60  79
2019-02-07 13:34:22,044 - INFO - quickread - 51, 80  87
2019-02-07 13:34:26,513 - INFO - quickread - 57, 100  95
2019-02-07 13:34:30,938 - INFO - quickread - 63, 120  100
2019-02-07 13:34:35,357 - INFO - quickread - 68, 140  103
2019-02-07 13:34:39,676 - INFO - quickread - 69, 160  102
2019-02-07 13:34:43,973 - INFO - quickread - 74, 180  94
2019-02-07 13:34:48,180 - INFO - quickread - 78, 200  97
2019-02-07 13:34:52,455 - INFO - quickread - 81, 220  98
2019-02-07 13:34:56,625 - INFO - quickread - 86, 240  97
2019-02-07 13:35:00,863 - INFO - quickread - 88, 260  102
2019-02-07 13:35:05,057 - INFO - quickread - 89, 280  99
2019-02-07 13:35:09,211 - INFO - quickread - 89, 300  96
2019-02-07 13:35:13,371 - INFO - quickread - 91, 320  94
2019-02-07 13:35:17,505 - INFO - quickread - 91, 340  95
2019-02-07 13:35:21,644 - INFO - quickread - 91, 360  93
2019-02-07 13:35:25,752 - INFO - quickread - 94, 380  92
2019-02-07 13:35:29,842 - INFO - quickread - 94, 400  95
2019-02-07 13:35:33,858 - INFO - quickread - 94, 420  94
2019-02-07 13:35:37,926 - INFO - quickread - 97, 440  94
2019-02-07 13:35:41,948 - INFO - quickread - 97, 460  97
2019-02-07 13:35:42,078 - INFO - quickread - IGNORE apache-ant-1.7.0 | Total: 4098 | Percent Checked: 0.11 | Total Yes Data: 131 | Percent Yes Checked: 0.74
2019-02-07 13:35:42,078 - INFO - rig - ++++NEW CLF++++ ENSEMBLE_DT
2019-02-07 13:35:42,096 - INFO - ensemble - 10, 10
2019-02-07 13:35:42,101 - INFO - ensemble - 18, 20
2019-02-07 13:35:42,106 - INFO - ensemble - 26, 30
2019-02-07 13:35:42,110 - INFO - ensemble - 35, 40
2019-02-07 13:35:42,115 - INFO - ensemble - 44, 50
2019-02-07 13:35:42,120 - INFO - ensemble - 47, 60
2019-02-07 13:35:42,125 - INFO - ensemble - 53, 70
2019-02-07 13:35:42,130 - INFO - ensemble - 58, 80
2019-02-07 13:35:42,135 - INFO - ensemble - 63, 90
2019-02-07 13:35:42,140 - INFO - ensemble - 63, 100
2019-02-07 13:35:42,145 - INFO - ensemble - 66, 110
2019-02-07 13:35:42,150 - INFO - ensemble - 67, 120
2019-02-07 13:35:42,155 - INFO - ensemble - 68, 130
2019-02-07 13:35:42,160 - INFO - ensemble - 69, 140
2019-02-07 13:35:42,165 - INFO - ensemble - 70, 150
2019-02-07 13:35:42,170 - INFO - ensemble - 74, 160
2019-02-07 13:35:42,175 - INFO - ensemble - 79, 170
2019-02-07 13:35:42,180 - INFO - ensemble - 81, 180
2019-02-07 13:35:42,185 - INFO - ensemble - 81, 190
2019-02-07 13:35:42,190 - INFO - ensemble - 83, 200
2019-02-07 13:35:42,195 - INFO - ensemble - 84, 210
2019-02-07 13:35:42,200 - INFO - ensemble - 85, 220
2019-02-07 13:35:42,205 - INFO - ensemble - 85, 230
2019-02-07 13:35:42,210 - INFO - ensemble - 85, 240
2019-02-07 13:35:42,215 - INFO - ensemble - 85, 250
2019-02-07 13:35:42,220 - INFO - ensemble - 87, 260
2019-02-07 13:35:42,225 - INFO - ensemble - 87, 270
2019-02-07 13:35:42,230 - INFO - ensemble - 87, 280
2019-02-07 13:35:42,236 - INFO - ensemble - 87, 290
2019-02-07 13:35:42,241 - INFO - ensemble - 87, 300
2019-02-07 13:35:42,246 - INFO - ensemble - 88, 310
2019-02-07 13:35:42,251 - INFO - ensemble - 88, 320
2019-02-07 13:35:42,256 - INFO - ensemble - 88, 330
2019-02-07 13:35:42,261 - INFO - ensemble - 89, 340
2019-02-07 13:35:42,266 - INFO - ensemble - 90, 350
2019-02-07 13:35:42,271 - INFO - ensemble - 91, 360
2019-02-07 13:35:42,276 - INFO - ensemble - 91, 370
2019-02-07 13:35:42,282 - INFO - ensemble - 91, 380
2019-02-07 13:35:42,287 - INFO - ensemble - 92, 390
2019-02-07 13:35:42,292 - INFO - ensemble - 94, 400
2019-02-07 13:35:42,297 - INFO - ensemble - 95, 410
2019-02-07 13:35:42,302 - INFO - ensemble - 95, 420
2019-02-07 13:35:42,307 - INFO - ensemble - 95, 430
2019-02-07 13:35:42,312 - INFO - ensemble - 96, 440
2019-02-07 13:35:42,317 - INFO - ensemble - 96, 450
2019-02-07 13:35:42,322 - INFO - ensemble - 97, 460
2019-02-07 13:35:42,328 - INFO - ensemble - 97, 470
2019-02-07 13:35:42,333 - INFO - ensemble - 97, 480
2019-02-07 13:35:42,338 - INFO - ensemble - 98, 490
2019-02-07 13:35:42,343 - INFO - ensemble - 100, 500
2019-02-07 13:35:42,348 - INFO - ensemble - 100, 510
2019-02-07 13:35:42,353 - INFO - ensemble - 100, 520
2019-02-07 13:35:42,359 - INFO - ensemble - 100, 530
2019-02-07 13:35:42,364 - INFO - ensemble - 100, 540
2019-02-07 13:35:42,369 - INFO - ensemble - 100, 550
2019-02-07 13:35:42,374 - INFO - ensemble - 101, 560
2019-02-07 13:35:42,380 - INFO - ensemble - 101, 570
2019-02-07 13:35:42,385 - INFO - ensemble - 101, 580
2019-02-07 13:35:42,390 - INFO - ensemble - 101, 590
2019-02-07 13:35:42,395 - INFO - ensemble - 101, 600
2019-02-07 13:35:42,400 - INFO - ensemble - 101, 610
2019-02-07 13:35:42,406 - INFO - ensemble - 102, 620
2019-02-07 13:35:42,411 - INFO - ensemble - 102, 630
2019-02-07 13:35:42,416 - INFO - ensemble - 102, 640
2019-02-07 13:35:42,421 - INFO - ensemble - 102, 650
2019-02-07 13:35:42,427 - INFO - ensemble - 102, 660
2019-02-07 13:35:42,432 - INFO - ensemble - 102, 670
2019-02-07 13:35:42,437 - INFO - ensemble - 102, 680
2019-02-07 13:35:42,442 - INFO - ensemble - 102, 690
2019-02-07 13:35:42,448 - INFO - ensemble - 102, 700
2019-02-07 13:35:42,453 - INFO - ensemble - 102, 710
2019-02-07 13:35:42,458 - INFO - ensemble - 102, 720
2019-02-07 13:35:42,464 - INFO - ensemble - 102, 730
2019-02-07 13:35:42,469 - INFO - ensemble - 102, 740
2019-02-07 13:35:42,474 - INFO - ensemble - 102, 750
2019-02-07 13:35:42,479 - INFO - ensemble - 102, 760
2019-02-07 13:35:42,485 - INFO - ensemble - 102, 770
2019-02-07 13:35:42,490 - INFO - ensemble - 102, 780
2019-02-07 13:35:42,495 - INFO - ensemble - 102, 790
2019-02-07 13:35:42,501 - INFO - ensemble - 103, 800
2019-02-07 13:35:42,506 - INFO - ensemble - 103, 810
2019-02-07 13:35:42,511 - INFO - ensemble - 103, 820
2019-02-07 13:35:42,517 - INFO - ensemble - 103, 830
2019-02-07 13:35:42,522 - INFO - ensemble - 103, 840
2019-02-07 13:35:42,527 - INFO - ensemble - 103, 850
2019-02-07 13:35:42,532 - INFO - ensemble - 103, 860
2019-02-07 13:35:42,538 - INFO - ensemble - 103, 870
2019-02-07 13:35:42,543 - INFO - ensemble - 103, 880
2019-02-07 13:35:42,549 - INFO - ensemble - 103, 890
2019-02-07 13:35:42,554 - INFO - ensemble - 103, 900
2019-02-07 13:35:42,559 - INFO - ensemble - 103, 910
2019-02-07 13:35:42,565 - INFO - ensemble - 103, 920
2019-02-07 13:35:42,570 - INFO - ensemble - 103, 930
2019-02-07 13:35:42,575 - INFO - ensemble - 103, 940
2019-02-07 13:35:42,581 - INFO - ensemble - 104, 950
2019-02-07 13:35:42,586 - INFO - ensemble - 104, 960
2019-02-07 13:35:42,592 - INFO - ensemble - 104, 970
2019-02-07 13:35:42,597 - INFO - ensemble - 104, 980
2019-02-07 13:35:42,603 - INFO - ensemble - 104, 990
2019-02-07 13:35:42,608 - INFO - ensemble - 104, 1000
2019-02-07 13:35:42,613 - INFO - ensemble - 104, 1010
2019-02-07 13:35:42,619 - INFO - ensemble - 104, 1020
2019-02-07 13:35:42,624 - INFO - ensemble - 104, 1030
2019-02-07 13:35:42,630 - INFO - ensemble - 104, 1040
2019-02-07 13:35:42,635 - INFO - ensemble - 104, 1050
2019-02-07 13:35:42,640 - INFO - ensemble - 104, 1060
2019-02-07 13:35:42,646 - INFO - ensemble - 104, 1070
2019-02-07 13:35:42,651 - INFO - ensemble - 104, 1080
2019-02-07 13:35:42,657 - INFO - ensemble - 104, 1090
2019-02-07 13:35:42,662 - INFO - ensemble - 104, 1100
2019-02-07 13:35:42,668 - INFO - ensemble - 104, 1110
2019-02-07 13:35:42,673 - INFO - ensemble - 104, 1120
2019-02-07 13:35:42,679 - INFO - ensemble - 104, 1130
2019-02-07 13:35:42,684 - INFO - ensemble - 104, 1140
2019-02-07 13:35:42,690 - INFO - ensemble - 104, 1150
2019-02-07 13:35:42,695 - INFO - ensemble - 104, 1160
2019-02-07 13:35:42,701 - INFO - ensemble - 105, 1170
2019-02-07 13:35:42,706 - INFO - ensemble - 105, 1180
2019-02-07 13:35:42,712 - INFO - ensemble - 105, 1190
2019-02-07 13:35:42,717 - INFO - ensemble - 105, 1200
2019-02-07 13:35:42,723 - INFO - ensemble - 105, 1210
2019-02-07 13:35:42,728 - INFO - ensemble - 105, 1220
2019-02-07 13:35:42,734 - INFO - ensemble - 105, 1230
2019-02-07 13:35:42,739 - INFO - ensemble - 105, 1240
2019-02-07 13:35:42,745 - INFO - ensemble - 105, 1250
2019-02-07 13:35:42,750 - INFO - ensemble - 105, 1260
2019-02-07 13:35:42,756 - INFO - ensemble - 105, 1270
2019-02-07 13:35:42,761 - INFO - ensemble - 105, 1280
2019-02-07 13:35:42,767 - INFO - ensemble - 105, 1290
2019-02-07 13:35:42,773 - INFO - ensemble - 105, 1300
2019-02-07 13:35:42,778 - INFO - ensemble - 105, 1310
2019-02-07 13:35:42,784 - INFO - ensemble - 105, 1320
2019-02-07 13:35:42,789 - INFO - ensemble - 105, 1330
2019-02-07 13:35:42,795 - INFO - ensemble - 105, 1340
2019-02-07 13:35:42,800 - INFO - ensemble - 105, 1350
2019-02-07 13:35:42,806 - INFO - ensemble - 105, 1360
2019-02-07 13:35:42,812 - INFO - ensemble - 106, 1370
2019-02-07 13:35:42,817 - INFO - ensemble - 107, 1380
2019-02-07 13:35:42,823 - INFO - ensemble - 107, 1390
2019-02-07 13:35:42,828 - INFO - ensemble - 107, 1400
2019-02-07 13:35:42,834 - INFO - ensemble - 107, 1410
2019-02-07 13:35:42,840 - INFO - ensemble - 107, 1420
2019-02-07 13:35:42,845 - INFO - ensemble - 107, 1430
2019-02-07 13:35:42,851 - INFO - ensemble - 107, 1440
2019-02-07 13:35:42,856 - INFO - ensemble - 107, 1450
2019-02-07 13:35:42,862 - INFO - ensemble - 107, 1460
2019-02-07 13:35:42,868 - INFO - ensemble - 107, 1470
2019-02-07 13:35:42,873 - INFO - ensemble - 107, 1480
2019-02-07 13:35:42,879 - INFO - ensemble - 107, 1490
2019-02-07 13:35:42,885 - INFO - ensemble - 107, 1500
2019-02-07 13:35:42,890 - INFO - ensemble - 107, 1510
2019-02-07 13:35:42,896 - INFO - ensemble - 107, 1520
2019-02-07 13:35:42,902 - INFO - ensemble - 107, 1530
2019-02-07 13:35:42,907 - INFO - ensemble - 107, 1540
2019-02-07 13:35:42,913 - INFO - ensemble - 108, 1550
2019-02-07 13:35:42,919 - INFO - ensemble - 108, 1560
2019-02-07 13:35:42,924 - INFO - ensemble - 108, 1570
2019-02-07 13:35:42,930 - INFO - ensemble - 108, 1580
2019-02-07 13:35:42,936 - INFO - ensemble - 108, 1590
2019-02-07 13:35:42,942 - INFO - ensemble - 110, 1600
2019-02-07 13:35:42,947 - INFO - ensemble - 110, 1610
2019-02-07 13:35:42,953 - INFO - ensemble - 110, 1620
2019-02-07 13:35:42,959 - INFO - ensemble - 110, 1630
2019-02-07 13:35:42,964 - INFO - ensemble - 110, 1640
2019-02-07 13:35:42,970 - INFO - ensemble - 111, 1650
2019-02-07 13:35:42,976 - INFO - ensemble - 111, 1660
2019-02-07 13:35:42,982 - INFO - ensemble - 112, 1670
2019-02-07 13:35:42,987 - INFO - ensemble - 112, 1680
2019-02-07 13:35:42,993 - INFO - ensemble - 112, 1690
2019-02-07 13:35:42,999 - INFO - ensemble - 112, 1700
2019-02-07 13:35:43,005 - INFO - ensemble - 112, 1710
2019-02-07 13:35:43,010 - INFO - ensemble - 112, 1720
2019-02-07 13:35:43,016 - INFO - ensemble - 112, 1730
2019-02-07 13:35:43,022 - INFO - ensemble - 112, 1740
2019-02-07 13:35:43,028 - INFO - ensemble - 112, 1750
2019-02-07 13:35:43,034 - INFO - ensemble - 112, 1760
2019-02-07 13:35:43,039 - INFO - ensemble - 112, 1770
2019-02-07 13:35:43,045 - INFO - ensemble - 112, 1780
2019-02-07 13:35:43,051 - INFO - ensemble - 112, 1790
2019-02-07 13:35:43,057 - INFO - ensemble - 112, 1800
2019-02-07 13:35:43,062 - INFO - ensemble - 112, 1810
2019-02-07 13:35:43,068 - INFO - ensemble - 113, 1820
2019-02-07 13:35:43,074 - INFO - ensemble - 113, 1830
2019-02-07 13:35:43,080 - INFO - ensemble - 113, 1840
2019-02-07 13:35:43,086 - INFO - ensemble - 113, 1850
2019-02-07 13:35:43,092 - INFO - ensemble - 113, 1860
2019-02-07 13:35:43,097 - INFO - ensemble - 113, 1870
2019-02-07 13:35:43,103 - INFO - ensemble - 113, 1880
2019-02-07 13:35:43,109 - INFO - ensemble - 113, 1890
2019-02-07 13:35:43,115 - INFO - ensemble - 113, 1900
2019-02-07 13:35:43,121 - INFO - ensemble - 114, 1910
2019-02-07 13:35:43,127 - INFO - ensemble - 114, 1920
2019-02-07 13:35:43,133 - INFO - ensemble - 114, 1930
2019-02-07 13:35:43,138 - INFO - ensemble - 114, 1940
2019-02-07 13:35:43,144 - INFO - ensemble - 114, 1950
2019-02-07 13:35:43,150 - INFO - ensemble - 114, 1960
2019-02-07 13:35:43,156 - INFO - ensemble - 114, 1970
2019-02-07 13:35:43,162 - INFO - ensemble - 114, 1980
2019-02-07 13:35:43,168 - INFO - ensemble - 114, 1990
2019-02-07 13:35:43,174 - INFO - ensemble - 114, 2000
2019-02-07 13:35:43,180 - INFO - ensemble - 114, 2010
2019-02-07 13:35:43,186 - INFO - ensemble - 114, 2020
2019-02-07 13:35:43,192 - INFO - ensemble - 114, 2030
2019-02-07 13:35:43,197 - INFO - ensemble - 114, 2040
2019-02-07 13:35:43,203 - INFO - ensemble - 114, 2050
2019-02-07 13:35:43,209 - INFO - ensemble - 114, 2060
2019-02-07 13:35:43,215 - INFO - ensemble - 114, 2070
2019-02-07 13:35:43,221 - INFO - ensemble - 114, 2080
2019-02-07 13:35:43,227 - INFO - ensemble - 114, 2090
2019-02-07 13:35:43,233 - INFO - ensemble - 114, 2100
2019-02-07 13:35:43,239 - INFO - ensemble - 114, 2110
2019-02-07 13:35:43,245 - INFO - ensemble - 115, 2120
2019-02-07 13:35:43,251 - INFO - ensemble - 115, 2130
2019-02-07 13:35:43,257 - INFO - ensemble - 115, 2140
2019-02-07 13:35:43,263 - INFO - ensemble - 115, 2150
2019-02-07 13:35:43,269 - INFO - ensemble - 115, 2160
2019-02-07 13:35:43,275 - INFO - ensemble - 115, 2170
2019-02-07 13:35:43,281 - INFO - ensemble - 115, 2180
2019-02-07 13:35:43,287 - INFO - ensemble - 115, 2190
2019-02-07 13:35:43,293 - INFO - ensemble - 115, 2200
2019-02-07 13:35:43,299 - INFO - ensemble - 115, 2210
2019-02-07 13:35:43,305 - INFO - ensemble - 115, 2220
2019-02-07 13:35:43,311 - INFO - ensemble - 115, 2230
2019-02-07 13:35:43,317 - INFO - ensemble - 115, 2240
2019-02-07 13:35:43,323 - INFO - ensemble - 115, 2250
2019-02-07 13:35:43,329 - INFO - ensemble - 115, 2260
2019-02-07 13:35:43,335 - INFO - ensemble - 115, 2270
2019-02-07 13:35:43,341 - INFO - ensemble - 115, 2280
2019-02-07 13:35:43,347 - INFO - ensemble - 115, 2290
2019-02-07 13:35:43,353 - INFO - ensemble - 115, 2300
2019-02-07 13:35:43,359 - INFO - ensemble - 115, 2310
2019-02-07 13:35:43,365 - INFO - ensemble - 115, 2320
2019-02-07 13:35:43,371 - INFO - ensemble - 115, 2330
2019-02-07 13:35:43,377 - INFO - ensemble - 116, 2340
2019-02-07 13:35:43,383 - INFO - ensemble - 116, 2350
2019-02-07 13:35:43,389 - INFO - ensemble - 116, 2360
2019-02-07 13:35:43,395 - INFO - ensemble - 117, 2370
2019-02-07 13:35:43,401 - INFO - ensemble - 117, 2380
2019-02-07 13:35:43,407 - INFO - ensemble - 117, 2390
2019-02-07 13:35:43,413 - INFO - ensemble - 118, 2400
2019-02-07 13:35:43,419 - INFO - ensemble - 118, 2410
2019-02-07 13:35:43,425 - INFO - ensemble - 118, 2420
2019-02-07 13:35:43,431 - INFO - ensemble - 118, 2430
2019-02-07 13:35:43,437 - INFO - ensemble - 118, 2440
2019-02-07 13:35:43,443 - INFO - ensemble - 118, 2450
2019-02-07 13:35:43,450 - INFO - ensemble - 118, 2460
2019-02-07 13:35:43,456 - INFO - ensemble - 118, 2470
2019-02-07 13:35:43,462 - INFO - ensemble - 118, 2480
2019-02-07 13:35:43,468 - INFO - ensemble - 118, 2490
2019-02-07 13:35:43,474 - INFO - ensemble - 118, 2500
2019-02-07 13:35:43,480 - INFO - ensemble - 118, 2510
2019-02-07 13:35:43,486 - INFO - ensemble - 119, 2520
2019-02-07 13:35:43,492 - INFO - ensemble - 119, 2530
2019-02-07 13:35:43,499 - INFO - ensemble - 119, 2540
2019-02-07 13:35:43,505 - INFO - ensemble - 119, 2550
2019-02-07 13:35:43,511 - INFO - ensemble - 119, 2560
2019-02-07 13:35:43,517 - INFO - ensemble - 119, 2570
2019-02-07 13:35:43,523 - INFO - ensemble - 119, 2580
2019-02-07 13:35:43,529 - INFO - ensemble - 120, 2590
2019-02-07 13:35:43,535 - INFO - ensemble - 120, 2600
2019-02-07 13:35:43,542 - INFO - ensemble - 120, 2610
2019-02-07 13:35:43,548 - INFO - ensemble - 120, 2620
2019-02-07 13:35:43,554 - INFO - ensemble - 120, 2630
2019-02-07 13:35:43,560 - INFO - ensemble - 120, 2640
2019-02-07 13:35:43,566 - INFO - ensemble - 120, 2650
2019-02-07 13:35:43,573 - INFO - ensemble - 120, 2660
2019-02-07 13:35:43,579 - INFO - ensemble - 120, 2670
2019-02-07 13:35:43,585 - INFO - ensemble - 120, 2680
2019-02-07 13:35:43,591 - INFO - ensemble - 120, 2690
2019-02-07 13:35:43,598 - INFO - ensemble - 120, 2700
2019-02-07 13:35:43,604 - INFO - ensemble - 120, 2710
2019-02-07 13:35:43,610 - INFO - ensemble - 120, 2720
2019-02-07 13:35:43,616 - INFO - ensemble - 120, 2730
2019-02-07 13:35:43,622 - INFO - ensemble - 120, 2740
2019-02-07 13:35:43,628 - INFO - ensemble - 120, 2750
2019-02-07 13:35:43,635 - INFO - ensemble - 120, 2760
2019-02-07 13:35:43,641 - INFO - ensemble - 120, 2770
2019-02-07 13:35:43,647 - INFO - ensemble - 120, 2780
2019-02-07 13:35:43,653 - INFO - ensemble - 120, 2790
2019-02-07 13:35:43,660 - INFO - ensemble - 121, 2800
2019-02-07 13:35:43,666 - INFO - ensemble - 121, 2810
2019-02-07 13:35:43,672 - INFO - ensemble - 121, 2820
2019-02-07 13:35:43,679 - INFO - ensemble - 123, 2830
2019-02-07 13:35:43,685 - INFO - ensemble - 123, 2840
2019-02-07 13:35:43,691 - INFO - ensemble - 124, 2850
2019-02-07 13:35:43,697 - INFO - ensemble - 124, 2860
2019-02-07 13:35:43,704 - INFO - ensemble - 124, 2870
2019-02-07 13:35:43,710 - INFO - ensemble - 125, 2880
2019-02-07 13:35:50,565 - INFO - rig - ++++NEW CLF++++ ENSEMBLE_NBM
2019-02-07 13:35:50,587 - INFO - ensemble - 9, 10
2019-02-07 13:35:50,591 - INFO - ensemble - 18, 20
2019-02-07 13:35:50,596 - INFO - ensemble - 26, 30
2019-02-07 13:35:50,601 - INFO - ensemble - 34, 40
2019-02-07 13:35:50,605 - INFO - ensemble - 41, 50
2019-02-07 13:35:50,610 - INFO - ensemble - 48, 60
2019-02-07 13:35:50,615 - INFO - ensemble - 51, 70
2019-02-07 13:35:50,620 - INFO - ensemble - 55, 80
2019-02-07 13:35:50,625 - INFO - ensemble - 61, 90
2019-02-07 13:35:50,629 - INFO - ensemble - 68, 100
2019-02-07 13:35:50,634 - INFO - ensemble - 70, 110
2019-02-07 13:35:50,639 - INFO - ensemble - 71, 120
2019-02-07 13:35:50,644 - INFO - ensemble - 74, 130
2019-02-07 13:35:50,648 - INFO - ensemble - 74, 140
2019-02-07 13:35:50,653 - INFO - ensemble - 76, 150
2019-02-07 13:35:50,658 - INFO - ensemble - 76, 160
2019-02-07 13:35:50,663 - INFO - ensemble - 78, 170
2019-02-07 13:35:50,668 - INFO - ensemble - 82, 180
2019-02-07 13:35:50,672 - INFO - ensemble - 85, 190
2019-02-07 13:35:50,677 - INFO - ensemble - 85, 200
2019-02-07 13:35:50,682 - INFO - ensemble - 85, 210
2019-02-07 13:35:50,687 - INFO - ensemble - 86, 220
2019-02-07 13:35:50,691 - INFO - ensemble - 86, 230
2019-02-07 13:35:50,696 - INFO - ensemble - 88, 240
2019-02-07 13:35:50,701 - INFO - ensemble - 88, 250
2019-02-07 13:35:50,706 - INFO - ensemble - 88, 260
2019-02-07 13:35:50,711 - INFO - ensemble - 88, 270
2019-02-07 13:35:50,716 - INFO - ensemble - 88, 280
2019-02-07 13:35:50,721 - INFO - ensemble - 88, 290
2019-02-07 13:35:50,726 - INFO - ensemble - 88, 300
2019-02-07 13:35:50,731 - INFO - ensemble - 88, 310
2019-02-07 13:35:50,735 - INFO - ensemble - 88, 320
2019-02-07 13:35:50,740 - INFO - ensemble - 88, 330
2019-02-07 13:35:50,745 - INFO - ensemble - 89, 340
2019-02-07 13:35:50,750 - INFO - ensemble - 91, 350
2019-02-07 13:35:50,755 - INFO - ensemble - 93, 360
2019-02-07 13:35:50,760 - INFO - ensemble - 93, 370
2019-02-07 13:35:50,765 - INFO - ensemble - 94, 380
2019-02-07 13:35:50,769 - INFO - ensemble - 95, 390
2019-02-07 13:35:50,774 - INFO - ensemble - 96, 400
2019-02-07 13:35:50,779 - INFO - ensemble - 96, 410
2019-02-07 13:35:50,784 - INFO - ensemble - 97, 420
2019-02-07 13:35:50,789 - INFO - ensemble - 97, 430
2019-02-07 13:35:50,794 - INFO - ensemble - 98, 440
2019-02-07 13:35:50,799 - INFO - ensemble - 98, 450
2019-02-07 13:35:50,804 - INFO - ensemble - 98, 460
2019-02-07 13:35:50,809 - INFO - ensemble - 99, 470
2019-02-07 13:35:50,814 - INFO - ensemble - 99, 480
2019-02-07 13:35:50,819 - INFO - ensemble - 99, 490
2019-02-07 13:35:50,824 - INFO - ensemble - 99, 500
2019-02-07 13:35:50,829 - INFO - ensemble - 99, 510
2019-02-07 13:35:50,834 - INFO - ensemble - 99, 520
2019-02-07 13:35:50,839 - INFO - ensemble - 99, 530
2019-02-07 13:35:50,844 - INFO - ensemble - 99, 540
2019-02-07 13:35:50,849 - INFO - ensemble - 99, 550
2019-02-07 13:35:50,854 - INFO - ensemble - 99, 560
2019-02-07 13:35:50,858 - INFO - ensemble - 99, 570
2019-02-07 13:35:50,863 - INFO - ensemble - 102, 580
2019-02-07 13:35:50,868 - INFO - ensemble - 103, 590
2019-02-07 13:35:50,873 - INFO - ensemble - 103, 600
2019-02-07 13:35:50,878 - INFO - ensemble - 103, 610
2019-02-07 13:35:50,884 - INFO - ensemble - 104, 620
2019-02-07 13:35:50,889 - INFO - ensemble - 104, 630
2019-02-07 13:35:50,894 - INFO - ensemble - 104, 640
2019-02-07 13:35:50,899 - INFO - ensemble - 104, 650
2019-02-07 13:35:50,904 - INFO - ensemble - 104, 660
2019-02-07 13:35:50,909 - INFO - ensemble - 105, 670
2019-02-07 13:35:50,914 - INFO - ensemble - 105, 680
2019-02-07 13:35:50,919 - INFO - ensemble - 105, 690
2019-02-07 13:35:50,924 - INFO - ensemble - 105, 700
2019-02-07 13:35:50,929 - INFO - ensemble - 105, 710
2019-02-07 13:35:50,934 - INFO - ensemble - 105, 720
2019-02-07 13:35:50,939 - INFO - ensemble - 105, 730
2019-02-07 13:35:50,944 - INFO - ensemble - 105, 740
2019-02-07 13:35:50,949 - INFO - ensemble - 105, 750
2019-02-07 13:35:50,954 - INFO - ensemble - 105, 760
2019-02-07 13:35:50,959 - INFO - ensemble - 105, 770
2019-02-07 13:35:50,964 - INFO - ensemble - 105, 780
2019-02-07 13:35:50,969 - INFO - ensemble - 105, 790
2019-02-07 13:35:50,974 - INFO - ensemble - 105, 800
2019-02-07 13:35:50,979 - INFO - ensemble - 105, 810
2019-02-07 13:35:50,985 - INFO - ensemble - 105, 820
2019-02-07 13:35:50,990 - INFO - ensemble - 105, 830
2019-02-07 13:35:50,995 - INFO - ensemble - 105, 840
2019-02-07 13:35:51,000 - INFO - ensemble - 105, 850
2019-02-07 13:35:51,005 - INFO - ensemble - 105, 860
2019-02-07 13:35:51,010 - INFO - ensemble - 105, 870
2019-02-07 13:35:51,015 - INFO - ensemble - 105, 880
2019-02-07 13:35:51,021 - INFO - ensemble - 105, 890
2019-02-07 13:35:51,026 - INFO - ensemble - 105, 900
2019-02-07 13:35:51,031 - INFO - ensemble - 105, 910
2019-02-07 13:35:51,036 - INFO - ensemble - 105, 920
2019-02-07 13:35:51,041 - INFO - ensemble - 106, 930
2019-02-07 13:35:51,046 - INFO - ensemble - 106, 940
2019-02-07 13:35:51,051 - INFO - ensemble - 106, 950
2019-02-07 13:35:51,057 - INFO - ensemble - 106, 960
2019-02-07 13:35:51,062 - INFO - ensemble - 107, 970
2019-02-07 13:35:51,067 - INFO - ensemble - 107, 980
2019-02-07 13:35:51,072 - INFO - ensemble - 107, 990
2019-02-07 13:35:51,077 - INFO - ensemble - 107, 1000
2019-02-07 13:35:51,082 - INFO - ensemble - 107, 1010
2019-02-07 13:35:51,088 - INFO - ensemble - 107, 1020
2019-02-07 13:35:51,093 - INFO - ensemble - 107, 1030
2019-02-07 13:35:51,098 - INFO - ensemble - 107, 1040
2019-02-07 13:35:51,103 - INFO - ensemble - 107, 1050
2019-02-07 13:35:51,109 - INFO - ensemble - 107, 1060
2019-02-07 13:35:51,114 - INFO - ensemble - 107, 1070
2019-02-07 13:35:51,119 - INFO - ensemble - 107, 1080
2019-02-07 13:35:51,124 - INFO - ensemble - 107, 1090
2019-02-07 13:35:51,129 - INFO - ensemble - 107, 1100
2019-02-07 13:35:51,135 - INFO - ensemble - 107, 1110
2019-02-07 13:35:51,140 - INFO - ensemble - 107, 1120
2019-02-07 13:35:51,145 - INFO - ensemble - 107, 1130
2019-02-07 13:35:51,150 - INFO - ensemble - 107, 1140
2019-02-07 13:35:51,155 - INFO - ensemble - 107, 1150
2019-02-07 13:35:51,161 - INFO - ensemble - 107, 1160
2019-02-07 13:35:51,166 - INFO - ensemble - 107, 1170
2019-02-07 13:35:51,171 - INFO - ensemble - 107, 1180
2019-02-07 13:35:51,177 - INFO - ensemble - 107, 1190
2019-02-07 13:35:51,182 - INFO - ensemble - 107, 1200
2019-02-07 13:35:51,187 - INFO - ensemble - 107, 1210
2019-02-07 13:35:51,192 - INFO - ensemble - 107, 1220
2019-02-07 13:35:51,198 - INFO - ensemble - 107, 1230
2019-02-07 13:35:51,203 - INFO - ensemble - 107, 1240
2019-02-07 13:35:51,208 - INFO - ensemble - 107, 1250
2019-02-07 13:35:51,214 - INFO - ensemble - 107, 1260
2019-02-07 13:35:51,219 - INFO - ensemble - 107, 1270
2019-02-07 13:35:51,224 - INFO - ensemble - 107, 1280
2019-02-07 13:35:51,229 - INFO - ensemble - 107, 1290
2019-02-07 13:35:51,235 - INFO - ensemble - 107, 1300
2019-02-07 13:35:51,240 - INFO - ensemble - 107, 1310
2019-02-07 13:35:51,245 - INFO - ensemble - 107, 1320
2019-02-07 13:35:51,251 - INFO - ensemble - 107, 1330
2019-02-07 13:35:51,256 - INFO - ensemble - 107, 1340
2019-02-07 13:35:51,261 - INFO - ensemble - 107, 1350
2019-02-07 13:35:51,267 - INFO - ensemble - 107, 1360
2019-02-07 13:35:51,272 - INFO - ensemble - 107, 1370
2019-02-07 13:35:51,277 - INFO - ensemble - 108, 1380
2019-02-07 13:35:51,283 - INFO - ensemble - 109, 1390
2019-02-07 13:35:51,288 - INFO - ensemble - 109, 1400
2019-02-07 13:35:51,294 - INFO - ensemble - 109, 1410
2019-02-07 13:35:51,299 - INFO - ensemble - 109, 1420
2019-02-07 13:35:51,304 - INFO - ensemble - 109, 1430
2019-02-07 13:35:51,309 - INFO - ensemble - 109, 1440
2019-02-07 13:35:51,315 - INFO - ensemble - 109, 1450
2019-02-07 13:35:51,320 - INFO - ensemble - 109, 1460
2019-02-07 13:35:51,326 - INFO - ensemble - 109, 1470
2019-02-07 13:35:51,331 - INFO - ensemble - 109, 1480
2019-02-07 13:35:51,336 - INFO - ensemble - 109, 1490
2019-02-07 13:35:51,342 - INFO - ensemble - 109, 1500
2019-02-07 13:35:51,347 - INFO - ensemble - 109, 1510
2019-02-07 13:35:51,353 - INFO - ensemble - 109, 1520
2019-02-07 13:35:51,358 - INFO - ensemble - 109, 1530
2019-02-07 13:35:51,363 - INFO - ensemble - 109, 1540
2019-02-07 13:35:51,369 - INFO - ensemble - 110, 1550
2019-02-07 13:35:51,374 - INFO - ensemble - 110, 1560
2019-02-07 13:35:51,380 - INFO - ensemble - 110, 1570
2019-02-07 13:35:51,385 - INFO - ensemble - 110, 1580
2019-02-07 13:35:51,391 - INFO - ensemble - 110, 1590
2019-02-07 13:35:51,396 - INFO - ensemble - 112, 1600
2019-02-07 13:35:51,401 - INFO - ensemble - 112, 1610
2019-02-07 13:35:51,407 - INFO - ensemble - 112, 1620
2019-02-07 13:35:51,412 - INFO - ensemble - 112, 1630
2019-02-07 13:35:51,418 - INFO - ensemble - 112, 1640
2019-02-07 13:35:51,423 - INFO - ensemble - 112, 1650
2019-02-07 13:35:51,429 - INFO - ensemble - 112, 1660
2019-02-07 13:35:51,434 - INFO - ensemble - 113, 1670
2019-02-07 13:35:51,439 - INFO - ensemble - 114, 1680
2019-02-07 13:35:51,445 - INFO - ensemble - 114, 1690
2019-02-07 13:35:51,451 - INFO - ensemble - 114, 1700
2019-02-07 13:35:51,456 - INFO - ensemble - 114, 1710
2019-02-07 13:35:51,462 - INFO - ensemble - 114, 1720
2019-02-07 13:35:51,467 - INFO - ensemble - 114, 1730
2019-02-07 13:35:51,473 - INFO - ensemble - 114, 1740
2019-02-07 13:35:51,478 - INFO - ensemble - 114, 1750
2019-02-07 13:35:51,484 - INFO - ensemble - 114, 1760
2019-02-07 13:35:51,489 - INFO - ensemble - 114, 1770
2019-02-07 13:35:51,495 - INFO - ensemble - 114, 1780
2019-02-07 13:35:51,500 - INFO - ensemble - 114, 1790
2019-02-07 13:35:51,506 - INFO - ensemble - 114, 1800
2019-02-07 13:35:51,511 - INFO - ensemble - 114, 1810
2019-02-07 13:35:51,517 - INFO - ensemble - 114, 1820
2019-02-07 13:35:51,522 - INFO - ensemble - 114, 1830
2019-02-07 13:35:51,528 - INFO - ensemble - 114, 1840
2019-02-07 13:35:51,533 - INFO - ensemble - 114, 1850
2019-02-07 13:35:51,539 - INFO - ensemble - 114, 1860
2019-02-07 13:35:51,544 - INFO - ensemble - 114, 1870
2019-02-07 13:35:51,550 - INFO - ensemble - 115, 1880
2019-02-07 13:35:51,555 - INFO - ensemble - 115, 1890
2019-02-07 13:35:51,561 - INFO - ensemble - 115, 1900
2019-02-07 13:35:51,567 - INFO - ensemble - 115, 1910
2019-02-07 13:35:51,572 - INFO - ensemble - 116, 1920
2019-02-07 13:35:51,578 - INFO - ensemble - 116, 1930
2019-02-07 13:35:51,583 - INFO - ensemble - 116, 1940
2019-02-07 13:35:51,589 - INFO - ensemble - 116, 1950
2019-02-07 13:35:51,595 - INFO - ensemble - 116, 1960
2019-02-07 13:35:51,600 - INFO - ensemble - 116, 1970
2019-02-07 13:35:51,606 - INFO - ensemble - 116, 1980
2019-02-07 13:35:51,611 - INFO - ensemble - 116, 1990
2019-02-07 13:35:51,617 - INFO - ensemble - 116, 2000
2019-02-07 13:35:51,623 - INFO - ensemble - 116, 2010
2019-02-07 13:35:51,628 - INFO - ensemble - 116, 2020
2019-02-07 13:35:51,634 - INFO - ensemble - 116, 2030
2019-02-07 13:35:51,640 - INFO - ensemble - 116, 2040
2019-02-07 13:35:51,645 - INFO - ensemble - 116, 2050
2019-02-07 13:35:51,651 - INFO - ensemble - 116, 2060
2019-02-07 13:35:51,656 - INFO - ensemble - 116, 2070
2019-02-07 13:35:51,662 - INFO - ensemble - 116, 2080
2019-02-07 13:35:51,668 - INFO - ensemble - 116, 2090
2019-02-07 13:35:51,673 - INFO - ensemble - 116, 2100
2019-02-07 13:35:51,679 - INFO - ensemble - 116, 2110
2019-02-07 13:35:51,685 - INFO - ensemble - 116, 2120
2019-02-07 13:35:51,690 - INFO - ensemble - 116, 2130
2019-02-07 13:35:51,696 - INFO - ensemble - 116, 2140
2019-02-07 13:35:51,702 - INFO - ensemble - 117, 2150
2019-02-07 13:35:51,707 - INFO - ensemble - 117, 2160
2019-02-07 13:35:51,713 - INFO - ensemble - 117, 2170
2019-02-07 13:35:51,718 - INFO - ensemble - 117, 2180
2019-02-07 13:35:51,724 - INFO - ensemble - 117, 2190
2019-02-07 13:35:51,730 - INFO - ensemble - 117, 2200
2019-02-07 13:35:51,736 - INFO - ensemble - 117, 2210
2019-02-07 13:35:51,741 - INFO - ensemble - 117, 2220
2019-02-07 13:35:51,747 - INFO - ensemble - 117, 2230
2019-02-07 13:35:51,753 - INFO - ensemble - 117, 2240
2019-02-07 13:35:51,759 - INFO - ensemble - 117, 2250
2019-02-07 13:35:51,764 - INFO - ensemble - 117, 2260
2019-02-07 13:35:51,770 - INFO - ensemble - 117, 2270
2019-02-07 13:35:51,776 - INFO - ensemble - 117, 2280
2019-02-07 13:35:51,782 - INFO - ensemble - 117, 2290
2019-02-07 13:35:51,787 - INFO - ensemble - 117, 2300
2019-02-07 13:35:51,793 - INFO - ensemble - 117, 2310
2019-02-07 13:35:51,799 - INFO - ensemble - 117, 2320
2019-02-07 13:35:51,805 - INFO - ensemble - 118, 2330
2019-02-07 13:35:51,810 - INFO - ensemble - 118, 2340
2019-02-07 13:35:51,816 - INFO - ensemble - 118, 2350
2019-02-07 13:35:51,822 - INFO - ensemble - 119, 2360
2019-02-07 13:35:51,828 - INFO - ensemble - 119, 2370
2019-02-07 13:35:51,833 - INFO - ensemble - 119, 2380
2019-02-07 13:35:51,839 - INFO - ensemble - 120, 2390
2019-02-07 13:35:51,845 - INFO - ensemble - 120, 2400
2019-02-07 13:35:51,851 - INFO - ensemble - 120, 2410
2019-02-07 13:35:51,857 - INFO - ensemble - 120, 2420
2019-02-07 13:35:51,862 - INFO - ensemble - 120, 2430
2019-02-07 13:35:51,868 - INFO - ensemble - 120, 2440
2019-02-07 13:35:51,874 - INFO - ensemble - 120, 2450
2019-02-07 13:35:51,880 - INFO - ensemble - 120, 2460
2019-02-07 13:35:51,886 - INFO - ensemble - 120, 2470
2019-02-07 13:35:51,891 - INFO - ensemble - 120, 2480
2019-02-07 13:35:51,897 - INFO - ensemble - 120, 2490
2019-02-07 13:35:51,903 - INFO - ensemble - 120, 2500
2019-02-07 13:35:51,909 - INFO - ensemble - 120, 2510
2019-02-07 13:35:51,915 - INFO - ensemble - 121, 2520
2019-02-07 13:35:51,920 - INFO - ensemble - 121, 2530
2019-02-07 13:35:51,926 - INFO - ensemble - 121, 2540
2019-02-07 13:35:51,932 - INFO - ensemble - 121, 2550
2019-02-07 13:35:51,938 - INFO - ensemble - 121, 2560
2019-02-07 13:35:51,944 - INFO - ensemble - 121, 2570
2019-02-07 13:35:51,950 - INFO - ensemble - 121, 2580
2019-02-07 13:35:51,956 - INFO - ensemble - 121, 2590
2019-02-07 13:35:51,962 - INFO - ensemble - 121, 2600
2019-02-07 13:35:51,968 - INFO - ensemble - 122, 2610
2019-02-07 13:35:51,973 - INFO - ensemble - 122, 2620
2019-02-07 13:35:51,979 - INFO - ensemble - 122, 2630
2019-02-07 13:35:51,985 - INFO - ensemble - 122, 2640
2019-02-07 13:35:51,991 - INFO - ensemble - 122, 2650
2019-02-07 13:35:51,997 - INFO - ensemble - 122, 2660
2019-02-07 13:35:52,003 - INFO - ensemble - 122, 2670
2019-02-07 13:35:52,009 - INFO - ensemble - 122, 2680
2019-02-07 13:35:52,014 - INFO - ensemble - 122, 2690
2019-02-07 13:35:52,020 - INFO - ensemble - 122, 2700
2019-02-07 13:35:52,026 - INFO - ensemble - 122, 2710
2019-02-07 13:35:52,032 - INFO - ensemble - 122, 2720
2019-02-07 13:35:52,038 - INFO - ensemble - 122, 2730
2019-02-07 13:35:52,044 - INFO - ensemble - 122, 2740
2019-02-07 13:35:52,050 - INFO - ensemble - 122, 2750
2019-02-07 13:35:52,056 - INFO - ensemble - 122, 2760
2019-02-07 13:35:52,062 - INFO - ensemble - 122, 2770
2019-02-07 13:35:52,068 - INFO - ensemble - 122, 2780
2019-02-07 13:35:52,074 - INFO - ensemble - 123, 2790
2019-02-07 13:35:52,080 - INFO - ensemble - 123, 2800
2019-02-07 13:35:52,086 - INFO - ensemble - 123, 2810
2019-02-07 13:35:52,092 - INFO - ensemble - 123, 2820
2019-02-07 13:35:52,098 - INFO - ensemble - 125, 2830
2019-02-07 13:35:52,098 - INFO - rig - ++++NEW CLF++++ SGD
2019-02-07 13:35:52,099 - INFO - fastread - Total Yes: 131 | Total No: 3967
2019-02-07 13:35:52,357 - INFO - fastread - 6, 10
2019-02-07 13:35:52,362 - INFO - fastread - 15, 20
2019-02-07 13:35:52,367 - INFO - fastread - 23, 30
2019-02-07 13:35:52,371 - INFO - fastread - 30, 40
2019-02-07 13:35:52,376 - INFO - fastread - 36, 50
2019-02-07 13:35:52,381 - INFO - fastread - 42, 60
2019-02-07 13:35:52,385 - INFO - fastread - 47, 70
2019-02-07 13:35:52,390 - INFO - fastread - 54, 80
2019-02-07 13:35:52,394 - INFO - fastread - 59, 90
2019-02-07 13:35:52,399 - INFO - fastread - 61, 100
2019-02-07 13:35:52,404 - INFO - fastread - 67, 110
2019-02-07 13:35:52,409 - INFO - fastread - 70, 120
2019-02-07 13:35:52,413 - INFO - fastread - 72, 130
2019-02-07 13:35:52,418 - INFO - fastread - 72, 140
2019-02-07 13:35:52,423 - INFO - fastread - 72, 150
2019-02-07 13:35:52,427 - INFO - fastread - 73, 160
2019-02-07 13:35:52,432 - INFO - fastread - 74, 170
2019-02-07 13:35:52,437 - INFO - fastread - 76, 180
2019-02-07 13:35:52,441 - INFO - fastread - 76, 190
2019-02-07 13:35:52,446 - INFO - fastread - 80, 200
2019-02-07 13:35:52,451 - INFO - fastread - 80, 210
2019-02-07 13:35:52,456 - INFO - fastread - 80, 220
2019-02-07 13:35:52,460 - INFO - fastread - 81, 230
2019-02-07 13:35:52,465 - INFO - fastread - 86, 240
2019-02-07 13:35:52,470 - INFO - fastread - 88, 250
2019-02-07 13:35:52,474 - INFO - fastread - 88, 260
2019-02-07 13:35:52,479 - INFO - fastread - 88, 270
2019-02-07 13:35:52,484 - INFO - fastread - 89, 280
2019-02-07 13:35:52,489 - INFO - fastread - 89, 290
2019-02-07 13:35:52,493 - INFO - fastread - 89, 300
2019-02-07 13:35:52,498 - INFO - fastread - 90, 310
2019-02-07 13:35:52,503 - INFO - fastread - 91, 320
2019-02-07 13:35:52,508 - INFO - fastread - 92, 330
2019-02-07 13:35:52,513 - INFO - fastread - 93, 340
2019-02-07 13:35:52,517 - INFO - fastread - 93, 350
2019-02-07 13:35:52,522 - INFO - fastread - 94, 360
2019-02-07 13:35:52,527 - INFO - fastread - 94, 370
2019-02-07 13:35:52,532 - INFO - fastread - 95, 380
2019-02-07 13:35:52,536 - INFO - fastread - 95, 390
2019-02-07 13:35:52,541 - INFO - fastread - 96, 400
2019-02-07 13:35:52,546 - INFO - fastread - 96, 410
2019-02-07 13:35:52,551 - INFO - fastread - 97, 420
2019-02-07 13:35:52,556 - INFO - fastread - 99, 430
2019-02-07 13:35:52,560 - INFO - fastread - 100, 440
2019-02-07 13:35:52,565 - INFO - fastread - 101, 450
2019-02-07 13:35:52,570 - INFO - fastread - 101, 460
2019-02-07 13:35:52,575 - INFO - fastread - 103, 470
2019-02-07 13:35:52,580 - INFO - fastread - 103, 480
2019-02-07 13:35:52,585 - INFO - fastread - 103, 490
2019-02-07 13:35:52,589 - INFO - fastread - 105, 500
2019-02-07 13:35:52,594 - INFO - fastread - 105, 510
2019-02-07 13:35:52,599 - INFO - fastread - 105, 520
2019-02-07 13:35:52,604 - INFO - fastread - 105, 530
2019-02-07 13:35:52,609 - INFO - fastread - 105, 540
2019-02-07 13:35:52,614 - INFO - fastread - 105, 550
2019-02-07 13:35:52,618 - INFO - fastread - 105, 560
2019-02-07 13:35:52,623 - INFO - fastread - 105, 570
2019-02-07 13:35:52,628 - INFO - fastread - 105, 580
2019-02-07 13:35:52,633 - INFO - fastread - 105, 590
2019-02-07 13:35:52,638 - INFO - fastread - 105, 600
2019-02-07 13:35:52,643 - INFO - fastread - 105, 610
2019-02-07 13:35:52,648 - INFO - fastread - 106, 620
2019-02-07 13:35:52,652 - INFO - fastread - 106, 630
2019-02-07 13:35:52,657 - INFO - fastread - 106, 640
2019-02-07 13:35:52,662 - INFO - fastread - 107, 650
2019-02-07 13:35:52,667 - INFO - fastread - 108, 660
2019-02-07 13:35:52,672 - INFO - fastread - 108, 670
2019-02-07 13:35:52,677 - INFO - fastread - 108, 680
2019-02-07 13:35:52,682 - INFO - fastread - 109, 690
2019-02-07 13:35:52,686 - INFO - fastread - 109, 700
2019-02-07 13:35:52,691 - INFO - fastread - 110, 710
2019-02-07 13:35:52,696 - INFO - fastread - 110, 720
2019-02-07 13:35:52,701 - INFO - fastread - 111, 730
2019-02-07 13:35:52,706 - INFO - fastread - 112, 740
2019-02-07 13:35:52,711 - INFO - fastread - 112, 750
2019-02-07 13:35:52,716 - INFO - fastread - 112, 760
2019-02-07 13:35:52,721 - INFO - fastread - 112, 770
2019-02-07 13:35:52,726 - INFO - fastread - 112, 780
2019-02-07 13:35:52,731 - INFO - fastread - 112, 790
2019-02-07 13:35:52,736 - INFO - fastread - 112, 800
2019-02-07 13:35:52,741 - INFO - fastread - 113, 810
2019-02-07 13:35:52,745 - INFO - fastread - 114, 820
2019-02-07 13:35:52,750 - INFO - fastread - 114, 830
2019-02-07 13:35:52,755 - INFO - fastread - 114, 840
2019-02-07 13:35:52,760 - INFO - fastread - 114, 850
2019-02-07 13:35:52,765 - INFO - fastread - 114, 860
2019-02-07 13:35:52,770 - INFO - fastread - 115, 870
2019-02-07 13:35:52,775 - INFO - fastread - 115, 880
2019-02-07 13:35:52,780 - INFO - fastread - 115, 890
2019-02-07 13:35:52,785 - INFO - fastread - 115, 900
2019-02-07 13:35:52,790 - INFO - fastread - 115, 910
2019-02-07 13:35:52,795 - INFO - fastread - 115, 920
2019-02-07 13:35:52,800 - INFO - fastread - 115, 930
2019-02-07 13:35:52,805 - INFO - fastread - 115, 940
2019-02-07 13:35:52,810 - INFO - fastread - 115, 950
2019-02-07 13:35:52,815 - INFO - fastread - 115, 960
2019-02-07 13:35:52,820 - INFO - fastread - 115, 970
2019-02-07 13:35:52,825 - INFO - fastread - 115, 980
2019-02-07 13:35:52,830 - INFO - fastread - 115, 990
2019-02-07 13:35:52,835 - INFO - fastread - 116, 1000
2019-02-07 13:35:52,840 - INFO - fastread - 116, 1010
2019-02-07 13:35:52,845 - INFO - fastread - 116, 1020
2019-02-07 13:35:52,850 - INFO - fastread - 118, 1030
2019-02-07 13:35:52,855 - INFO - fastread - 118, 1040
2019-02-07 13:35:52,860 - INFO - fastread - 118, 1050
2019-02-07 13:35:52,865 - INFO - fastread - 118, 1060
2019-02-07 13:35:52,870 - INFO - fastread - 118, 1070
2019-02-07 13:35:52,875 - INFO - fastread - 118, 1080
2019-02-07 13:35:52,880 - INFO - fastread - 118, 1090
2019-02-07 13:35:52,885 - INFO - fastread - 118, 1100
2019-02-07 13:35:52,890 - INFO - fastread - 118, 1110
2019-02-07 13:35:52,895 - INFO - fastread - 118, 1120
2019-02-07 13:35:52,900 - INFO - fastread - 118, 1130
2019-02-07 13:35:52,905 - INFO - fastread - 118, 1140
2019-02-07 13:35:52,910 - INFO - fastread - 118, 1150
2019-02-07 13:35:52,915 - INFO - fastread - 118, 1160
2019-02-07 13:35:52,920 - INFO - fastread - 118, 1170
2019-02-07 13:35:52,925 - INFO - fastread - 118, 1180
2019-02-07 13:35:52,930 - INFO - fastread - 118, 1190
2019-02-07 13:35:52,935 - INFO - fastread - 118, 1200
2019-02-07 13:35:52,940 - INFO - fastread - 118, 1210
2019-02-07 13:35:52,945 - INFO - fastread - 118, 1220
2019-02-07 13:35:52,950 - INFO - fastread - 119, 1230
2019-02-07 13:35:52,955 - INFO - fastread - 120, 1240
2019-02-07 13:35:52,961 - INFO - fastread - 120, 1250
2019-02-07 13:35:52,966 - INFO - fastread - 120, 1260
2019-02-07 13:35:52,971 - INFO - fastread - 120, 1270
2019-02-07 13:35:52,976 - INFO - fastread - 120, 1280
2019-02-07 13:35:52,981 - INFO - fastread - 120, 1290
2019-02-07 13:35:52,986 - INFO - fastread - 120, 1300
2019-02-07 13:35:52,991 - INFO - fastread - 120, 1310
2019-02-07 13:35:52,996 - INFO - fastread - 120, 1320
2019-02-07 13:35:53,001 - INFO - fastread - 120, 1330
2019-02-07 13:35:53,006 - INFO - fastread - 120, 1340
2019-02-07 13:35:53,012 - INFO - fastread - 120, 1350
2019-02-07 13:35:53,017 - INFO - fastread - 120, 1360
2019-02-07 13:35:53,022 - INFO - fastread - 120, 1370
2019-02-07 13:35:53,027 - INFO - fastread - 120, 1380
2019-02-07 13:35:53,032 - INFO - fastread - 120, 1390
2019-02-07 13:35:53,037 - INFO - fastread - 120, 1400
2019-02-07 13:35:53,042 - INFO - fastread - 120, 1410
2019-02-07 13:35:53,047 - INFO - fastread - 120, 1420
2019-02-07 13:35:53,052 - INFO - fastread - 120, 1430
2019-02-07 13:35:53,057 - INFO - fastread - 120, 1440
2019-02-07 13:35:53,063 - INFO - fastread - 120, 1450
2019-02-07 13:35:53,068 - INFO - fastread - 121, 1460
2019-02-07 13:35:53,073 - INFO - fastread - 121, 1470
2019-02-07 13:35:53,078 - INFO - fastread - 121, 1480
2019-02-07 13:35:53,083 - INFO - fastread - 121, 1490
2019-02-07 13:35:53,088 - INFO - fastread - 121, 1500
2019-02-07 13:35:53,094 - INFO - fastread - 121, 1510
2019-02-07 13:35:53,099 - INFO - fastread - 121, 1520
2019-02-07 13:35:53,104 - INFO - fastread - 121, 1530
2019-02-07 13:35:53,109 - INFO - fastread - 121, 1540
2019-02-07 13:35:53,114 - INFO - fastread - 121, 1550
2019-02-07 13:35:53,119 - INFO - fastread - 121, 1560
2019-02-07 13:35:53,124 - INFO - fastread - 121, 1570
2019-02-07 13:35:53,130 - INFO - fastread - 122, 1580
2019-02-07 13:35:53,135 - INFO - fastread - 122, 1590
2019-02-07 13:35:53,140 - INFO - fastread - 122, 1600
2019-02-07 13:35:53,145 - INFO - fastread - 122, 1610
2019-02-07 13:35:53,150 - INFO - fastread - 122, 1620
2019-02-07 13:35:53,158 - INFO - fastread - 123, 1630
2019-02-07 13:35:53,163 - INFO - fastread - 123, 1640
2019-02-07 13:35:53,168 - INFO - fastread - 123, 1650
2019-02-07 13:35:53,173 - INFO - fastread - 123, 1660
2019-02-07 13:35:53,178 - INFO - fastread - 123, 1670
2019-02-07 13:35:53,184 - INFO - fastread - 123, 1680
2019-02-07 13:35:53,189 - INFO - fastread - 123, 1690
2019-02-07 13:35:53,194 - INFO - fastread - 123, 1700
2019-02-07 13:35:53,199 - INFO - fastread - 123, 1710
2019-02-07 13:35:53,205 - INFO - fastread - 123, 1720
2019-02-07 13:35:53,210 - INFO - fastread - 124, 1730
2019-02-07 13:35:53,215 - INFO - fastread - 124, 1740
2019-02-07 13:35:53,220 - INFO - fastread - 124, 1750
2019-02-07 13:35:53,225 - INFO - fastread - 124, 1760
2019-02-07 13:35:53,231 - INFO - fastread - 124, 1770
2019-02-07 13:35:53,236 - INFO - fastread - 124, 1780
2019-02-07 13:35:53,241 - INFO - fastread - 124, 1790
2019-02-07 13:35:53,246 - INFO - fastread - 125, 1800
2019-02-07 13:35:53,259 - INFO - fastread - IGNORE apache-ant-1.7.0 | Total: 4098 | Percent Checked: 0.44 | Total Yes Data: 131 | Percent Yes Checked: 0.95
2019-02-07 13:35:53,260 - INFO - rig - ++++NEW CLF++++ SVM
2019-02-07 13:35:53,260 - INFO - fastread - Total Yes: 131 | Total No: 3967
2019-02-07 13:46:35,362 - INFO - fastread - 7, 10
2019-02-07 13:46:35,367 - INFO - fastread - 15, 20
2019-02-07 13:46:35,371 - INFO - fastread - 22, 30
2019-02-07 13:46:35,376 - INFO - fastread - 26, 40
2019-02-07 13:46:35,380 - INFO - fastread - 32, 50
2019-02-07 13:46:35,385 - INFO - fastread - 39, 60
2019-02-07 13:46:35,389 - INFO - fastread - 45, 70
2019-02-07 13:46:35,394 - INFO - fastread - 49, 80
2019-02-07 13:46:35,398 - INFO - fastread - 52, 90
2019-02-07 13:46:35,402 - INFO - fastread - 53, 100
2019-02-07 13:46:35,407 - INFO - fastread - 57, 110
2019-02-07 13:46:35,411 - INFO - fastread - 61, 120
2019-02-07 13:46:35,416 - INFO - fastread - 64, 130
2019-02-07 13:46:35,420 - INFO - fastread - 65, 140
2019-02-07 13:46:35,425 - INFO - fastread - 65, 150
2019-02-07 13:46:35,429 - INFO - fastread - 67, 160
2019-02-07 13:46:35,434 - INFO - fastread - 69, 170
2019-02-07 13:46:35,438 - INFO - fastread - 72, 180
2019-02-07 13:46:35,443 - INFO - fastread - 74, 190
2019-02-07 13:46:35,447 - INFO - fastread - 76, 200
2019-02-07 13:46:35,452 - INFO - fastread - 76, 210
2019-02-07 13:46:35,456 - INFO - fastread - 77, 220
2019-02-07 13:46:35,461 - INFO - fastread - 80, 230
2019-02-07 13:46:35,465 - INFO - fastread - 83, 240
2019-02-07 13:46:35,470 - INFO - fastread - 84, 250
2019-02-07 13:46:35,474 - INFO - fastread - 84, 260
2019-02-07 13:46:35,479 - INFO - fastread - 86, 270
2019-02-07 13:46:35,483 - INFO - fastread - 86, 280
2019-02-07 13:46:35,488 - INFO - fastread - 87, 290
2019-02-07 13:46:35,492 - INFO - fastread - 88, 300
2019-02-07 13:46:35,497 - INFO - fastread - 89, 310
2019-02-07 13:46:35,501 - INFO - fastread - 91, 320
2019-02-07 13:46:35,506 - INFO - fastread - 92, 330
2019-02-07 13:46:35,510 - INFO - fastread - 93, 340
2019-02-07 13:46:35,515 - INFO - fastread - 93, 350
2019-02-07 13:46:35,519 - INFO - fastread - 93, 360
2019-02-07 13:46:35,524 - INFO - fastread - 94, 370
2019-02-07 13:46:35,528 - INFO - fastread - 94, 380
2019-02-07 13:46:35,533 - INFO - fastread - 94, 390
2019-02-07 13:46:35,538 - INFO - fastread - 94, 400
2019-02-07 13:46:35,542 - INFO - fastread - 94, 410
2019-02-07 13:46:35,547 - INFO - fastread - 94, 420
2019-02-07 13:46:35,551 - INFO - fastread - 95, 430
2019-02-07 13:46:35,556 - INFO - fastread - 95, 440
2019-02-07 13:46:35,561 - INFO - fastread - 95, 450
2019-02-07 13:46:35,565 - INFO - fastread - 95, 460
2019-02-07 13:46:35,570 - INFO - fastread - 96, 470
2019-02-07 13:46:35,574 - INFO - fastread - 96, 480
2019-02-07 13:46:35,579 - INFO - fastread - 96, 490
2019-02-07 13:46:35,584 - INFO - fastread - 100, 500
2019-02-07 13:46:35,588 - INFO - fastread - 100, 510
2019-02-07 13:46:35,593 - INFO - fastread - 101, 520
2019-02-07 13:46:35,597 - INFO - fastread - 101, 530
2019-02-07 13:46:35,602 - INFO - fastread - 101, 540
2019-02-07 13:46:35,606 - INFO - fastread - 101, 550
2019-02-07 13:46:35,611 - INFO - fastread - 101, 560
2019-02-07 13:46:35,616 - INFO - fastread - 101, 570
2019-02-07 13:46:35,620 - INFO - fastread - 101, 580
2019-02-07 13:46:35,625 - INFO - fastread - 101, 590
2019-02-07 13:46:35,629 - INFO - fastread - 102, 600
2019-02-07 13:46:35,634 - INFO - fastread - 102, 610
2019-02-07 13:46:35,638 - INFO - fastread - 102, 620
2019-02-07 13:46:35,643 - INFO - fastread - 103, 630
2019-02-07 13:46:35,647 - INFO - fastread - 103, 640
2019-02-07 13:46:35,652 - INFO - fastread - 103, 650
2019-02-07 13:46:35,657 - INFO - fastread - 103, 660
2019-02-07 13:46:35,661 - INFO - fastread - 103, 670
2019-02-07 13:46:35,666 - INFO - fastread - 103, 680
2019-02-07 13:46:35,671 - INFO - fastread - 103, 690
2019-02-07 13:46:35,675 - INFO - fastread - 104, 700
2019-02-07 13:46:35,680 - INFO - fastread - 104, 710
2019-02-07 13:46:35,685 - INFO - fastread - 105, 720
2019-02-07 13:46:35,689 - INFO - fastread - 105, 730
2019-02-07 13:46:35,694 - INFO - fastread - 105, 740
2019-02-07 13:46:35,698 - INFO - fastread - 105, 750
2019-02-07 13:46:35,703 - INFO - fastread - 105, 760
2019-02-07 13:46:35,708 - INFO - fastread - 105, 770
2019-02-07 13:46:35,712 - INFO - fastread - 105, 780
2019-02-07 13:46:35,717 - INFO - fastread - 105, 790
2019-02-07 13:46:35,721 - INFO - fastread - 105, 800
2019-02-07 13:46:35,726 - INFO - fastread - 105, 810
2019-02-07 13:46:35,731 - INFO - fastread - 105, 820
2019-02-07 13:46:35,735 - INFO - fastread - 105, 830
2019-02-07 13:46:35,740 - INFO - fastread - 105, 840
2019-02-07 13:46:35,744 - INFO - fastread - 105, 850
2019-02-07 13:46:35,749 - INFO - fastread - 105, 860
2019-02-07 13:46:35,754 - INFO - fastread - 105, 870
2019-02-07 13:46:35,758 - INFO - fastread - 105, 880
2019-02-07 13:46:35,763 - INFO - fastread - 105, 890
2019-02-07 13:46:35,767 - INFO - fastread - 106, 900
2019-02-07 13:46:35,772 - INFO - fastread - 108, 910
2019-02-07 13:46:35,777 - INFO - fastread - 108, 920
2019-02-07 13:46:35,781 - INFO - fastread - 108, 930
2019-02-07 13:46:35,786 - INFO - fastread - 109, 940
2019-02-07 13:46:35,791 - INFO - fastread - 109, 950
2019-02-07 13:46:35,795 - INFO - fastread - 109, 960
2019-02-07 13:46:35,800 - INFO - fastread - 110, 970
2019-02-07 13:46:35,805 - INFO - fastread - 110, 980
2019-02-07 13:46:35,809 - INFO - fastread - 110, 990
2019-02-07 13:46:35,814 - INFO - fastread - 110, 1000
2019-02-07 13:46:35,819 - INFO - fastread - 110, 1010
2019-02-07 13:46:35,823 - INFO - fastread - 110, 1020
2019-02-07 13:46:35,828 - INFO - fastread - 110, 1030
2019-02-07 13:46:35,833 - INFO - fastread - 110, 1040
2019-02-07 13:46:35,837 - INFO - fastread - 110, 1050
2019-02-07 13:46:35,842 - INFO - fastread - 110, 1060
2019-02-07 13:46:35,847 - INFO - fastread - 110, 1070
2019-02-07 13:46:35,852 - INFO - fastread - 111, 1080
2019-02-07 13:46:35,856 - INFO - fastread - 111, 1090
2019-02-07 13:46:35,861 - INFO - fastread - 111, 1100
2019-02-07 13:46:35,866 - INFO - fastread - 112, 1110
2019-02-07 13:46:35,870 - INFO - fastread - 112, 1120
2019-02-07 13:46:35,875 - INFO - fastread - 112, 1130
2019-02-07 13:46:35,880 - INFO - fastread - 113, 1140
2019-02-07 13:46:35,885 - INFO - fastread - 113, 1150
2019-02-07 13:46:35,889 - INFO - fastread - 113, 1160
2019-02-07 13:46:35,894 - INFO - fastread - 113, 1170
2019-02-07 13:46:35,899 - INFO - fastread - 113, 1180
2019-02-07 13:46:35,904 - INFO - fastread - 113, 1190
2019-02-07 13:46:35,908 - INFO - fastread - 113, 1200
2019-02-07 13:46:35,913 - INFO - fastread - 113, 1210
2019-02-07 13:46:35,918 - INFO - fastread - 113, 1220
2019-02-07 13:46:35,923 - INFO - fastread - 113, 1230
2019-02-07 13:46:35,927 - INFO - fastread - 113, 1240
2019-02-07 13:46:35,932 - INFO - fastread - 113, 1250
2019-02-07 13:46:35,937 - INFO - fastread - 113, 1260
2019-02-07 13:46:35,942 - INFO - fastread - 113, 1270
2019-02-07 13:46:35,946 - INFO - fastread - 113, 1280
2019-02-07 13:46:35,951 - INFO - fastread - 114, 1290
2019-02-07 13:46:35,956 - INFO - fastread - 114, 1300
2019-02-07 13:46:35,961 - INFO - fastread - 114, 1310
2019-02-07 13:46:35,965 - INFO - fastread - 114, 1320
2019-02-07 13:46:35,970 - INFO - fastread - 114, 1330
2019-02-07 13:46:35,975 - INFO - fastread - 114, 1340
2019-02-07 13:46:35,980 - INFO - fastread - 114, 1350
2019-02-07 13:46:35,985 - INFO - fastread - 114, 1360
2019-02-07 13:46:35,990 - INFO - fastread - 115, 1370
2019-02-07 13:46:35,994 - INFO - fastread - 115, 1380
2019-02-07 13:46:35,999 - INFO - fastread - 115, 1390
2019-02-07 13:46:36,004 - INFO - fastread - 115, 1400
2019-02-07 13:46:36,009 - INFO - fastread - 115, 1410
2019-02-07 13:46:36,014 - INFO - fastread - 115, 1420
2019-02-07 13:46:36,018 - INFO - fastread - 115, 1430
2019-02-07 13:46:36,023 - INFO - fastread - 115, 1440
2019-02-07 13:46:36,028 - INFO - fastread - 115, 1450
2019-02-07 13:46:36,033 - INFO - fastread - 115, 1460
2019-02-07 13:46:36,038 - INFO - fastread - 115, 1470
2019-02-07 13:46:36,042 - INFO - fastread - 115, 1480
2019-02-07 13:46:36,047 - INFO - fastread - 115, 1490
2019-02-07 13:46:36,052 - INFO - fastread - 115, 1500
2019-02-07 13:46:36,057 - INFO - fastread - 115, 1510
2019-02-07 13:46:36,062 - INFO - fastread - 115, 1520
2019-02-07 13:46:36,067 - INFO - fastread - 115, 1530
2019-02-07 13:46:36,072 - INFO - fastread - 115, 1540
2019-02-07 13:46:36,077 - INFO - fastread - 115, 1550
2019-02-07 13:46:36,081 - INFO - fastread - 115, 1560
2019-02-07 13:46:36,086 - INFO - fastread - 115, 1570
2019-02-07 13:46:36,091 - INFO - fastread - 115, 1580
2019-02-07 13:46:36,096 - INFO - fastread - 115, 1590
2019-02-07 13:46:36,101 - INFO - fastread - 115, 1600
2019-02-07 13:46:36,105 - INFO - fastread - 115, 1610
2019-02-07 13:46:36,110 - INFO - fastread - 115, 1620
2019-02-07 13:46:36,115 - INFO - fastread - 115, 1630
2019-02-07 13:46:36,120 - INFO - fastread - 115, 1640
2019-02-07 13:46:36,125 - INFO - fastread - 115, 1650
2019-02-07 13:46:36,130 - INFO - fastread - 117, 1660
2019-02-07 13:46:36,134 - INFO - fastread - 117, 1670
2019-02-07 13:46:36,139 - INFO - fastread - 117, 1680
2019-02-07 13:46:36,144 - INFO - fastread - 117, 1690
2019-02-07 13:46:36,149 - INFO - fastread - 117, 1700
2019-02-07 13:46:36,154 - INFO - fastread - 117, 1710
2019-02-07 13:46:36,159 - INFO - fastread - 117, 1720
2019-02-07 13:46:36,164 - INFO - fastread - 117, 1730
2019-02-07 13:46:36,169 - INFO - fastread - 119, 1740
2019-02-07 13:46:36,173 - INFO - fastread - 120, 1750
2019-02-07 13:46:36,178 - INFO - fastread - 120, 1760
2019-02-07 13:46:36,183 - INFO - fastread - 120, 1770
2019-02-07 13:46:36,188 - INFO - fastread - 120, 1780
2019-02-07 13:46:36,193 - INFO - fastread - 120, 1790
2019-02-07 13:46:36,198 - INFO - fastread - 120, 1800
2019-02-07 13:46:36,203 - INFO - fastread - 121, 1810
2019-02-07 13:46:36,208 - INFO - fastread - 121, 1820
2019-02-07 13:46:36,213 - INFO - fastread - 121, 1830
2019-02-07 13:46:36,218 - INFO - fastread - 121, 1840
2019-02-07 13:46:36,222 - INFO - fastread - 121, 1850
2019-02-07 13:46:36,227 - INFO - fastread - 122, 1860
2019-02-07 13:46:36,232 - INFO - fastread - 122, 1870
2019-02-07 13:46:36,237 - INFO - fastread - 122, 1880
2019-02-07 13:46:36,242 - INFO - fastread - 122, 1890
2019-02-07 13:46:36,247 - INFO - fastread - 122, 1900
2019-02-07 13:46:36,252 - INFO - fastread - 122, 1910
2019-02-07 13:46:36,257 - INFO - fastread - 122, 1920
2019-02-07 13:46:36,262 - INFO - fastread - 122, 1930
2019-02-07 13:46:36,267 - INFO - fastread - 122, 1940
2019-02-07 13:46:36,272 - INFO - fastread - 122, 1950
2019-02-07 13:46:36,276 - INFO - fastread - 122, 1960
2019-02-07 13:46:36,281 - INFO - fastread - 124, 1970
2019-02-07 13:46:36,286 - INFO - fastread - 124, 1980
2019-02-07 13:46:36,291 - INFO - fastread - 124, 1990
2019-02-07 13:46:36,296 - INFO - fastread - 124, 2000
2019-02-07 13:46:36,301 - INFO - fastread - 124, 2010
2019-02-07 13:46:36,306 - INFO - fastread - 124, 2020
2019-02-07 13:46:36,311 - INFO - fastread - 124, 2030
2019-02-07 13:46:36,316 - INFO - fastread - 125, 2040
2019-02-07 13:46:36,330 - INFO - fastread - IGNORE apache-ant-1.7.0 | Total: 4098 | Percent Checked: 0.5 | Total Yes Data: 131 | Percent Yes Checked: 0.95
