2019-02-07 13:22:44,425 - INFO - rig - argouml
2019-02-07 13:22:53,670 - INFO - rig - ++++NEW CLF++++ FASTREAD
2019-02-07 13:22:53,671 - INFO - fastread - Total Yes: 1413 | Total No: 8039
2019-02-07 13:22:54,302 - INFO - fastread - 0, 0  475
2019-02-07 13:26:29,293 - INFO - fastread - 999, 1168  475
2019-02-07 13:26:44,983 - INFO - fastread - 1032, 1215  1838
2019-02-07 13:27:00,951 - INFO - fastread - 1070, 1262  1816
2019-02-07 13:27:16,915 - INFO - fastread - 1105, 1309  1786
2019-02-07 13:27:33,144 - INFO - fastread - 1149, 1356  1821
2019-02-07 13:27:49,716 - INFO - fastread - 1187, 1403  1860
2019-02-07 13:28:06,840 - INFO - fastread - 1224, 1450  1894
2019-02-07 13:28:24,686 - INFO - fastread - 1232, 1497  1923
2019-02-07 13:28:42,728 - INFO - fastread - 1237, 1544  1869
2019-02-07 13:29:01,244 - INFO - fastread - 1240, 1591  1842
2019-02-07 13:29:19,509 - INFO - fastread - 1245, 1638  1808
2019-02-07 13:29:37,391 - INFO - fastread - 1253, 1685  1747
2019-02-07 13:29:55,502 - INFO - fastread - 1257, 1732  1767
2019-02-07 13:30:14,057 - INFO - fastread - 1262, 1779  1697
2019-02-07 13:30:32,757 - INFO - fastread - 1265, 1826  1685
2019-02-07 13:30:51,504 - INFO - fastread - 1272, 1873  1676
2019-02-07 13:31:10,545 - INFO - fastread - 1275, 1920  1611
2019-02-07 13:31:29,835 - INFO - fastread - 1279, 1967  1585
2019-02-07 13:31:48,505 - INFO - fastread - 1286, 2014  1574
2019-02-07 13:32:07,824 - INFO - fastread - 1299, 2061  1573
2019-02-07 13:32:27,030 - INFO - fastread - 1303, 2108  1561
2019-02-07 13:32:46,481 - INFO - fastread - 1307, 2155  1534
2019-02-07 13:33:05,866 - INFO - fastread - 1309, 2202  1520
2019-02-07 13:33:25,029 - INFO - fastread - 1310, 2249  1480
2019-02-07 13:33:44,589 - INFO - fastread - 1312, 2296  1476
2019-02-07 13:34:04,259 - INFO - fastread - 1316, 2343  1459
2019-02-07 13:34:24,080 - INFO - fastread - 1318, 2390  1461
2019-02-07 13:34:44,094 - INFO - fastread - 1318, 2437  1431
2019-02-07 13:35:03,969 - INFO - fastread - 1319, 2484  1414
2019-02-07 13:35:24,123 - INFO - fastread - 1322, 2531  1424
2019-02-07 13:35:44,335 - INFO - fastread - 1322, 2578  1410
2019-02-07 13:36:04,398 - INFO - fastread - 1324, 2625  1392
2019-02-07 13:36:24,443 - INFO - fastread - 1325, 2672  1400
2019-02-07 13:36:44,919 - INFO - fastread - 1325, 2719  1388
2019-02-07 13:37:05,360 - INFO - fastread - 1325, 2766  1373
2019-02-07 13:37:25,869 - INFO - fastread - 1325, 2813  1372
2019-02-07 13:37:46,683 - INFO - fastread - 1330, 2860  1383
2019-02-07 13:38:07,429 - INFO - fastread - 1332, 2907  1387
2019-02-07 13:38:28,405 - INFO - fastread - 1333, 2954  1378
2019-02-07 13:38:49,276 - INFO - fastread - 1334, 3001  1364
2019-02-07 13:39:10,461 - INFO - fastread - 1335, 3048  1369
2019-02-07 13:39:31,767 - INFO - fastread - 1335, 3095  1364
2019-02-07 13:39:52,981 - INFO - fastread - 1336, 3142  1360
2019-02-07 13:40:14,442 - INFO - fastread - 1336, 3189  1361
2019-02-07 13:40:35,946 - INFO - fastread - 1336, 3236  1352
2019-02-07 13:40:57,610 - INFO - fastread - 1336, 3283  1351
2019-02-07 13:41:19,063 - INFO - fastread - 1336, 3330  1351
2019-02-07 13:41:57,162 - INFO - fastread - 1336, 3460  1347
2019-02-07 13:42:35,366 - INFO - fastread - 1336, 3589  1336
2019-02-07 13:42:49,263 - INFO - fastread - IGNORE argouml | Total: 9452 | Percent Checked: 0.38 | Total Yes Data: 1413 | Percent Yes Checked: 0.95
2019-02-07 13:42:49,264 - INFO - rig - ++++NEW CLF++++ QUICKREAD
2019-02-07 13:42:49,264 - INFO - quickread - Total Yes: 1413 | Total No: 8039
2019-02-07 13:42:49,830 - INFO - quickread - 0, 0  475
2019-02-07 13:46:14,533 - INFO - quickread - 999, 1168  475
2019-02-07 13:46:24,124 - INFO - quickread - 1034, 1215  1830
2019-02-07 13:46:33,438 - INFO - quickread - 1076, 1262  1765
2019-02-07 13:46:42,840 - INFO - quickread - 1113, 1309  1710
2019-02-07 13:46:52,240 - INFO - quickread - 1147, 1356  1682
2019-02-07 13:47:01,691 - INFO - quickread - 1174, 1403  1659
2019-02-07 13:47:11,255 - INFO - quickread - 1196, 1450  1641
2019-02-07 13:47:20,688 - INFO - quickread - 1214, 1497  1613
2019-02-07 13:47:30,075 - INFO - quickread - 1233, 1544  1577
2019-02-07 13:47:39,412 - INFO - quickread - 1240, 1591  1566
2019-02-07 13:47:48,710 - INFO - quickread - 1253, 1638  1520
2019-02-07 13:47:57,907 - INFO - quickread - 1259, 1685  1500
2019-02-07 13:48:07,165 - INFO - quickread - 1269, 1732  1466
2019-02-07 13:48:16,290 - INFO - quickread - 1275, 1779  1451
2019-02-07 13:48:25,348 - INFO - quickread - 1280, 1826  1425
2019-02-07 13:48:35,058 - INFO - quickread - 1283, 1873  1403
2019-02-07 13:48:43,943 - INFO - quickread - 1288, 1920  1383
2019-02-07 13:48:52,759 - INFO - quickread - 1292, 1967  1371
2019-02-07 13:49:03,919 - INFO - quickread - 1297, 2014  1361
2019-02-07 13:49:12,662 - INFO - quickread - 1300, 2061  1355
2019-02-07 13:49:21,288 - INFO - quickread - 1302, 2108  1346
2019-02-07 13:49:29,961 - INFO - quickread - 1305, 2155  1337
2019-02-07 13:49:38,494 - INFO - quickread - 1308, 2202  1331
2019-02-07 13:49:52,489 - INFO - quickread - 1313, 2249  1327
2019-02-07 13:50:06,567 - INFO - quickread - 1314, 2296  1329
2019-02-07 13:50:16,208 - INFO - quickread - 1317, 2343  1322
2019-02-07 13:50:24,692 - INFO - quickread - 1319, 2390  1320
2019-02-07 13:50:25,201 - INFO - quickread - IGNORE argouml | Total: 9452 | Percent Checked: 0.25 | Total Yes Data: 1413 | Percent Yes Checked: 0.93
2019-02-07 13:50:25,202 - INFO - rig - ++++NEW CLF++++ ENSEMBLE_DT
2019-02-07 13:50:25,231 - INFO - ensemble - 8, 10
2019-02-07 13:50:25,237 - INFO - ensemble - 16, 20
2019-02-07 13:50:25,243 - INFO - ensemble - 23, 30
2019-02-07 13:50:25,249 - INFO - ensemble - 30, 40
2019-02-07 13:50:25,255 - INFO - ensemble - 40, 50
2019-02-07 13:50:25,261 - INFO - ensemble - 47, 60
2019-02-07 13:50:25,267 - INFO - ensemble - 55, 70
2019-02-07 13:50:25,273 - INFO - ensemble - 63, 80
2019-02-07 13:50:25,279 - INFO - ensemble - 72, 90
2019-02-07 13:50:25,285 - INFO - ensemble - 81, 100
2019-02-07 13:50:25,291 - INFO - ensemble - 88, 110
2019-02-07 13:50:25,297 - INFO - ensemble - 96, 120
2019-02-07 13:50:25,303 - INFO - ensemble - 105, 130
2019-02-07 13:50:25,309 - INFO - ensemble - 112, 140
2019-02-07 13:50:25,315 - INFO - ensemble - 118, 150
2019-02-07 13:50:25,321 - INFO - ensemble - 128, 160
2019-02-07 13:50:25,327 - INFO - ensemble - 137, 170
2019-02-07 13:50:25,333 - INFO - ensemble - 144, 180
2019-02-07 13:50:25,340 - INFO - ensemble - 153, 190
2019-02-07 13:50:25,346 - INFO - ensemble - 160, 200
2019-02-07 13:50:25,352 - INFO - ensemble - 169, 210
2019-02-07 13:50:25,358 - INFO - ensemble - 177, 220
2019-02-07 13:50:25,364 - INFO - ensemble - 186, 230
2019-02-07 13:50:25,370 - INFO - ensemble - 194, 240
2019-02-07 13:50:25,376 - INFO - ensemble - 202, 250
2019-02-07 13:50:25,382 - INFO - ensemble - 210, 260
2019-02-07 13:50:25,388 - INFO - ensemble - 219, 270
2019-02-07 13:50:25,394 - INFO - ensemble - 227, 280
2019-02-07 13:50:25,400 - INFO - ensemble - 236, 290
2019-02-07 13:50:25,407 - INFO - ensemble - 245, 300
2019-02-07 13:50:25,413 - INFO - ensemble - 254, 310
2019-02-07 13:50:25,419 - INFO - ensemble - 263, 320
2019-02-07 13:50:25,425 - INFO - ensemble - 271, 330
2019-02-07 13:50:25,431 - INFO - ensemble - 280, 340
2019-02-07 13:50:25,437 - INFO - ensemble - 290, 350
2019-02-07 13:50:25,444 - INFO - ensemble - 297, 360
2019-02-07 13:50:25,450 - INFO - ensemble - 306, 370
2019-02-07 13:50:25,456 - INFO - ensemble - 313, 380
2019-02-07 13:50:25,462 - INFO - ensemble - 322, 390
2019-02-07 13:50:25,468 - INFO - ensemble - 331, 400
2019-02-07 13:50:25,474 - INFO - ensemble - 338, 410
2019-02-07 13:50:25,480 - INFO - ensemble - 346, 420
2019-02-07 13:50:25,487 - INFO - ensemble - 355, 430
2019-02-07 13:50:25,493 - INFO - ensemble - 364, 440
2019-02-07 13:50:25,499 - INFO - ensemble - 373, 450
2019-02-07 13:50:25,505 - INFO - ensemble - 380, 460
2019-02-07 13:50:25,511 - INFO - ensemble - 388, 470
2019-02-07 13:50:25,517 - INFO - ensemble - 397, 480
2019-02-07 13:50:25,524 - INFO - ensemble - 406, 490
2019-02-07 13:50:25,530 - INFO - ensemble - 412, 500
2019-02-07 13:50:25,536 - INFO - ensemble - 422, 510
2019-02-07 13:50:25,542 - INFO - ensemble - 430, 520
2019-02-07 13:50:25,548 - INFO - ensemble - 438, 530
2019-02-07 13:50:25,554 - INFO - ensemble - 448, 540
2019-02-07 13:50:25,561 - INFO - ensemble - 456, 550
2019-02-07 13:50:25,567 - INFO - ensemble - 466, 560
2019-02-07 13:50:25,573 - INFO - ensemble - 474, 570
2019-02-07 13:50:25,579 - INFO - ensemble - 483, 580
2019-02-07 13:50:25,585 - INFO - ensemble - 491, 590
2019-02-07 13:50:25,592 - INFO - ensemble - 500, 600
2019-02-07 13:50:25,598 - INFO - ensemble - 508, 610
2019-02-07 13:50:25,604 - INFO - ensemble - 516, 620
2019-02-07 13:50:25,610 - INFO - ensemble - 524, 630
2019-02-07 13:50:25,617 - INFO - ensemble - 532, 640
2019-02-07 13:50:25,623 - INFO - ensemble - 541, 650
2019-02-07 13:50:25,629 - INFO - ensemble - 548, 660
2019-02-07 13:50:25,635 - INFO - ensemble - 558, 670
2019-02-07 13:50:25,641 - INFO - ensemble - 567, 680
2019-02-07 13:50:25,648 - INFO - ensemble - 576, 690
2019-02-07 13:50:25,654 - INFO - ensemble - 581, 700
2019-02-07 13:50:25,660 - INFO - ensemble - 590, 710
2019-02-07 13:50:25,666 - INFO - ensemble - 600, 720
2019-02-07 13:50:25,673 - INFO - ensemble - 608, 730
2019-02-07 13:50:25,679 - INFO - ensemble - 618, 740
2019-02-07 13:50:25,685 - INFO - ensemble - 626, 750
2019-02-07 13:50:25,691 - INFO - ensemble - 634, 760
2019-02-07 13:50:25,698 - INFO - ensemble - 643, 770
2019-02-07 13:50:25,704 - INFO - ensemble - 653, 780
2019-02-07 13:50:25,710 - INFO - ensemble - 661, 790
2019-02-07 13:50:25,717 - INFO - ensemble - 669, 800
2019-02-07 13:50:25,723 - INFO - ensemble - 678, 810
2019-02-07 13:50:25,729 - INFO - ensemble - 687, 820
2019-02-07 13:50:25,735 - INFO - ensemble - 697, 830
2019-02-07 13:50:25,742 - INFO - ensemble - 704, 840
2019-02-07 13:50:25,748 - INFO - ensemble - 713, 850
2019-02-07 13:50:25,754 - INFO - ensemble - 723, 860
2019-02-07 13:50:25,761 - INFO - ensemble - 731, 870
2019-02-07 13:50:25,767 - INFO - ensemble - 740, 880
2019-02-07 13:50:25,773 - INFO - ensemble - 750, 890
2019-02-07 13:50:25,779 - INFO - ensemble - 760, 900
2019-02-07 13:50:25,786 - INFO - ensemble - 770, 910
2019-02-07 13:50:25,792 - INFO - ensemble - 780, 920
2019-02-07 13:50:25,798 - INFO - ensemble - 790, 930
2019-02-07 13:50:25,805 - INFO - ensemble - 799, 940
2019-02-07 13:50:25,811 - INFO - ensemble - 809, 950
2019-02-07 13:50:25,817 - INFO - ensemble - 817, 960
2019-02-07 13:50:25,824 - INFO - ensemble - 826, 970
2019-02-07 13:50:25,830 - INFO - ensemble - 835, 980
2019-02-07 13:50:25,836 - INFO - ensemble - 843, 990
2019-02-07 13:50:25,843 - INFO - ensemble - 852, 1000
2019-02-07 13:50:25,849 - INFO - ensemble - 860, 1010
2019-02-07 13:50:25,855 - INFO - ensemble - 869, 1020
2019-02-07 13:50:25,862 - INFO - ensemble - 879, 1030
2019-02-07 13:50:25,868 - INFO - ensemble - 887, 1040
2019-02-07 13:50:25,874 - INFO - ensemble - 893, 1050
2019-02-07 13:50:25,881 - INFO - ensemble - 903, 1060
2019-02-07 13:50:25,887 - INFO - ensemble - 913, 1070
2019-02-07 13:50:25,893 - INFO - ensemble - 923, 1080
2019-02-07 13:50:25,900 - INFO - ensemble - 931, 1090
2019-02-07 13:50:25,906 - INFO - ensemble - 941, 1100
2019-02-07 13:50:25,912 - INFO - ensemble - 949, 1110
2019-02-07 13:50:25,919 - INFO - ensemble - 959, 1120
2019-02-07 13:50:25,925 - INFO - ensemble - 967, 1130
2019-02-07 13:50:25,932 - INFO - ensemble - 975, 1140
2019-02-07 13:50:25,938 - INFO - ensemble - 983, 1150
2019-02-07 13:50:25,944 - INFO - ensemble - 992, 1160
2019-02-07 13:50:25,951 - INFO - ensemble - 1001, 1170
2019-02-07 13:50:25,957 - INFO - ensemble - 1010, 1180
2019-02-07 13:50:25,964 - INFO - ensemble - 1019, 1190
2019-02-07 13:50:25,970 - INFO - ensemble - 1029, 1200
2019-02-07 13:50:25,977 - INFO - ensemble - 1039, 1210
2019-02-07 13:50:25,983 - INFO - ensemble - 1048, 1220
2019-02-07 13:50:25,989 - INFO - ensemble - 1058, 1230
2019-02-07 13:50:25,996 - INFO - ensemble - 1067, 1240
2019-02-07 13:50:26,002 - INFO - ensemble - 1075, 1250
2019-02-07 13:50:26,009 - INFO - ensemble - 1083, 1260
2019-02-07 13:50:26,015 - INFO - ensemble - 1092, 1270
2019-02-07 13:50:26,021 - INFO - ensemble - 1101, 1280
2019-02-07 13:50:26,028 - INFO - ensemble - 1109, 1290
2019-02-07 13:50:26,034 - INFO - ensemble - 1117, 1300
2019-02-07 13:50:26,041 - INFO - ensemble - 1124, 1310
2019-02-07 13:50:26,047 - INFO - ensemble - 1131, 1320
2019-02-07 13:50:26,054 - INFO - ensemble - 1140, 1330
2019-02-07 13:50:26,060 - INFO - ensemble - 1150, 1340
2019-02-07 13:50:26,067 - INFO - ensemble - 1159, 1350
2019-02-07 13:50:26,073 - INFO - ensemble - 1165, 1360
2019-02-07 13:50:26,080 - INFO - ensemble - 1174, 1370
2019-02-07 13:50:26,086 - INFO - ensemble - 1183, 1380
2019-02-07 13:50:26,092 - INFO - ensemble - 1192, 1390
2019-02-07 13:50:26,099 - INFO - ensemble - 1199, 1400
2019-02-07 13:50:26,105 - INFO - ensemble - 1209, 1410
2019-02-07 13:50:26,112 - INFO - ensemble - 1215, 1420
2019-02-07 13:50:26,118 - INFO - ensemble - 1223, 1430
2019-02-07 13:50:26,125 - INFO - ensemble - 1230, 1440
2019-02-07 13:50:26,131 - INFO - ensemble - 1238, 1450
2019-02-07 13:50:26,138 - INFO - ensemble - 1246, 1460
2019-02-07 13:50:26,144 - INFO - ensemble - 1248, 1470
2019-02-07 13:50:26,151 - INFO - ensemble - 1251, 1480
2019-02-07 13:50:26,157 - INFO - ensemble - 1254, 1490
2019-02-07 13:50:26,164 - INFO - ensemble - 1255, 1500
2019-02-07 13:50:26,170 - INFO - ensemble - 1256, 1510
2019-02-07 13:50:26,177 - INFO - ensemble - 1259, 1520
2019-02-07 13:50:26,183 - INFO - ensemble - 1259, 1530
2019-02-07 13:50:26,190 - INFO - ensemble - 1263, 1540
2019-02-07 13:50:26,196 - INFO - ensemble - 1266, 1550
2019-02-07 13:50:26,203 - INFO - ensemble - 1267, 1560
2019-02-07 13:50:26,209 - INFO - ensemble - 1269, 1570
2019-02-07 13:50:26,216 - INFO - ensemble - 1269, 1580
2019-02-07 13:50:26,222 - INFO - ensemble - 1269, 1590
2019-02-07 13:50:26,229 - INFO - ensemble - 1271, 1600
2019-02-07 13:50:26,236 - INFO - ensemble - 1273, 1610
2019-02-07 13:50:26,242 - INFO - ensemble - 1274, 1620
2019-02-07 13:50:26,249 - INFO - ensemble - 1276, 1630
2019-02-07 13:50:26,255 - INFO - ensemble - 1278, 1640
2019-02-07 13:50:26,262 - INFO - ensemble - 1280, 1650
2019-02-07 13:50:26,268 - INFO - ensemble - 1282, 1660
2019-02-07 13:50:26,275 - INFO - ensemble - 1286, 1670
2019-02-07 13:50:26,281 - INFO - ensemble - 1287, 1680
2019-02-07 13:50:26,288 - INFO - ensemble - 1288, 1690
2019-02-07 13:50:26,294 - INFO - ensemble - 1290, 1700
2019-02-07 13:50:26,301 - INFO - ensemble - 1293, 1710
2019-02-07 13:50:26,308 - INFO - ensemble - 1294, 1720
2019-02-07 13:50:26,314 - INFO - ensemble - 1295, 1730
2019-02-07 13:50:26,321 - INFO - ensemble - 1296, 1740
2019-02-07 13:50:26,327 - INFO - ensemble - 1299, 1750
2019-02-07 13:50:26,334 - INFO - ensemble - 1299, 1760
2019-02-07 13:50:26,340 - INFO - ensemble - 1300, 1770
2019-02-07 13:50:26,347 - INFO - ensemble - 1303, 1780
2019-02-07 13:50:26,354 - INFO - ensemble - 1304, 1790
2019-02-07 13:50:26,360 - INFO - ensemble - 1306, 1800
2019-02-07 13:50:26,367 - INFO - ensemble - 1308, 1810
2019-02-07 13:50:26,373 - INFO - ensemble - 1309, 1820
2019-02-07 13:50:26,380 - INFO - ensemble - 1309, 1830
2019-02-07 13:50:26,387 - INFO - ensemble - 1309, 1840
2019-02-07 13:50:26,393 - INFO - ensemble - 1311, 1850
2019-02-07 13:50:26,400 - INFO - ensemble - 1315, 1860
2019-02-07 13:50:26,406 - INFO - ensemble - 1316, 1870
2019-02-07 13:50:26,413 - INFO - ensemble - 1317, 1880
2019-02-07 13:50:26,420 - INFO - ensemble - 1320, 1890
2019-02-07 13:50:26,426 - INFO - ensemble - 1321, 1900
2019-02-07 13:50:26,433 - INFO - ensemble - 1322, 1910
2019-02-07 13:50:26,440 - INFO - ensemble - 1325, 1920
2019-02-07 13:50:26,446 - INFO - ensemble - 1326, 1930
2019-02-07 13:50:26,453 - INFO - ensemble - 1326, 1940
2019-02-07 13:50:26,459 - INFO - ensemble - 1327, 1950
2019-02-07 13:50:26,466 - INFO - ensemble - 1329, 1960
2019-02-07 13:50:26,473 - INFO - ensemble - 1332, 1970
2019-02-07 13:50:26,479 - INFO - ensemble - 1334, 1980
2019-02-07 13:50:26,486 - INFO - ensemble - 1335, 1990
2019-02-07 13:50:26,493 - INFO - ensemble - 1337, 2000
2019-02-07 13:50:26,499 - INFO - ensemble - 1338, 2010
2019-02-07 13:50:26,506 - INFO - ensemble - 1341, 2020
2019-02-07 13:50:26,513 - INFO - ensemble - 1342, 2030
2019-02-07 13:50:26,519 - INFO - ensemble - 1344, 2040
2019-02-07 13:50:33,909 - INFO - rig - ++++NEW CLF++++ ENSEMBLE_NBM
2019-02-07 13:50:33,939 - INFO - ensemble - 8, 10
2019-02-07 13:50:33,945 - INFO - ensemble - 16, 20
2019-02-07 13:50:33,951 - INFO - ensemble - 25, 30
2019-02-07 13:50:33,957 - INFO - ensemble - 32, 40
2019-02-07 13:50:33,963 - INFO - ensemble - 40, 50
2019-02-07 13:50:33,969 - INFO - ensemble - 47, 60
2019-02-07 13:50:33,974 - INFO - ensemble - 55, 70
2019-02-07 13:50:33,980 - INFO - ensemble - 63, 80
2019-02-07 13:50:33,986 - INFO - ensemble - 73, 90
2019-02-07 13:50:33,992 - INFO - ensemble - 80, 100
2019-02-07 13:50:33,998 - INFO - ensemble - 88, 110
2019-02-07 13:50:34,004 - INFO - ensemble - 97, 120
2019-02-07 13:50:34,010 - INFO - ensemble - 106, 130
2019-02-07 13:50:34,015 - INFO - ensemble - 114, 140
2019-02-07 13:50:34,021 - INFO - ensemble - 122, 150
2019-02-07 13:50:34,027 - INFO - ensemble - 132, 160
2019-02-07 13:50:34,033 - INFO - ensemble - 142, 170
2019-02-07 13:50:34,039 - INFO - ensemble - 150, 180
2019-02-07 13:50:34,045 - INFO - ensemble - 157, 190
2019-02-07 13:50:34,051 - INFO - ensemble - 165, 200
2019-02-07 13:50:34,057 - INFO - ensemble - 173, 210
2019-02-07 13:50:34,063 - INFO - ensemble - 182, 220
2019-02-07 13:50:34,068 - INFO - ensemble - 191, 230
2019-02-07 13:50:34,074 - INFO - ensemble - 199, 240
2019-02-07 13:50:34,080 - INFO - ensemble - 205, 250
2019-02-07 13:50:34,086 - INFO - ensemble - 212, 260
2019-02-07 13:50:34,092 - INFO - ensemble - 221, 270
2019-02-07 13:50:34,098 - INFO - ensemble - 229, 280
2019-02-07 13:50:34,104 - INFO - ensemble - 238, 290
2019-02-07 13:50:34,110 - INFO - ensemble - 245, 300
2019-02-07 13:50:34,116 - INFO - ensemble - 254, 310
2019-02-07 13:50:34,122 - INFO - ensemble - 263, 320
2019-02-07 13:50:34,128 - INFO - ensemble - 272, 330
2019-02-07 13:50:34,134 - INFO - ensemble - 281, 340
2019-02-07 13:50:34,140 - INFO - ensemble - 290, 350
2019-02-07 13:50:34,146 - INFO - ensemble - 299, 360
2019-02-07 13:50:34,152 - INFO - ensemble - 306, 370
2019-02-07 13:50:34,158 - INFO - ensemble - 315, 380
2019-02-07 13:50:34,163 - INFO - ensemble - 324, 390
2019-02-07 13:50:34,169 - INFO - ensemble - 333, 400
2019-02-07 13:50:34,175 - INFO - ensemble - 340, 410
2019-02-07 13:50:34,181 - INFO - ensemble - 350, 420
2019-02-07 13:50:34,187 - INFO - ensemble - 358, 430
2019-02-07 13:50:34,193 - INFO - ensemble - 368, 440
2019-02-07 13:50:34,199 - INFO - ensemble - 376, 450
2019-02-07 13:50:34,205 - INFO - ensemble - 386, 460
2019-02-07 13:50:34,211 - INFO - ensemble - 395, 470
2019-02-07 13:50:34,217 - INFO - ensemble - 405, 480
2019-02-07 13:50:34,223 - INFO - ensemble - 415, 490
2019-02-07 13:50:34,229 - INFO - ensemble - 424, 500
2019-02-07 13:50:34,235 - INFO - ensemble - 433, 510
2019-02-07 13:50:34,241 - INFO - ensemble - 441, 520
2019-02-07 13:50:34,247 - INFO - ensemble - 448, 530
2019-02-07 13:50:34,253 - INFO - ensemble - 456, 540
2019-02-07 13:50:34,259 - INFO - ensemble - 465, 550
2019-02-07 13:50:34,265 - INFO - ensemble - 473, 560
2019-02-07 13:50:34,271 - INFO - ensemble - 481, 570
2019-02-07 13:50:34,277 - INFO - ensemble - 491, 580
2019-02-07 13:50:34,283 - INFO - ensemble - 500, 590
2019-02-07 13:50:34,289 - INFO - ensemble - 508, 600
2019-02-07 13:50:34,295 - INFO - ensemble - 516, 610
2019-02-07 13:50:34,301 - INFO - ensemble - 525, 620
2019-02-07 13:50:34,307 - INFO - ensemble - 534, 630
2019-02-07 13:50:34,313 - INFO - ensemble - 540, 640
2019-02-07 13:50:34,319 - INFO - ensemble - 548, 650
2019-02-07 13:50:34,325 - INFO - ensemble - 557, 660
2019-02-07 13:50:34,331 - INFO - ensemble - 564, 670
2019-02-07 13:50:34,337 - INFO - ensemble - 573, 680
2019-02-07 13:50:34,343 - INFO - ensemble - 583, 690
2019-02-07 13:50:34,349 - INFO - ensemble - 592, 700
2019-02-07 13:50:34,355 - INFO - ensemble - 601, 710
2019-02-07 13:50:34,361 - INFO - ensemble - 610, 720
2019-02-07 13:50:34,367 - INFO - ensemble - 620, 730
2019-02-07 13:50:34,373 - INFO - ensemble - 629, 740
2019-02-07 13:50:34,379 - INFO - ensemble - 635, 750
2019-02-07 13:50:34,385 - INFO - ensemble - 643, 760
2019-02-07 13:50:34,391 - INFO - ensemble - 651, 770
2019-02-07 13:50:34,397 - INFO - ensemble - 658, 780
2019-02-07 13:50:34,404 - INFO - ensemble - 665, 790
2019-02-07 13:50:34,410 - INFO - ensemble - 674, 800
2019-02-07 13:50:34,416 - INFO - ensemble - 681, 810
2019-02-07 13:50:34,422 - INFO - ensemble - 691, 820
2019-02-07 13:50:34,428 - INFO - ensemble - 701, 830
2019-02-07 13:50:34,434 - INFO - ensemble - 708, 840
2019-02-07 13:50:34,440 - INFO - ensemble - 716, 850
2019-02-07 13:50:34,446 - INFO - ensemble - 724, 860
2019-02-07 13:50:34,452 - INFO - ensemble - 731, 870
2019-02-07 13:50:34,458 - INFO - ensemble - 738, 880
2019-02-07 13:50:34,464 - INFO - ensemble - 748, 890
2019-02-07 13:50:34,470 - INFO - ensemble - 757, 900
2019-02-07 13:50:34,476 - INFO - ensemble - 766, 910
2019-02-07 13:50:34,483 - INFO - ensemble - 775, 920
2019-02-07 13:50:34,489 - INFO - ensemble - 782, 930
2019-02-07 13:50:34,495 - INFO - ensemble - 790, 940
2019-02-07 13:50:34,501 - INFO - ensemble - 799, 950
2019-02-07 13:50:34,507 - INFO - ensemble - 808, 960
2019-02-07 13:50:34,513 - INFO - ensemble - 815, 970
2019-02-07 13:50:34,519 - INFO - ensemble - 825, 980
2019-02-07 13:50:34,525 - INFO - ensemble - 833, 990
2019-02-07 13:50:34,531 - INFO - ensemble - 842, 1000
2019-02-07 13:50:34,537 - INFO - ensemble - 851, 1010
2019-02-07 13:50:34,544 - INFO - ensemble - 858, 1020
2019-02-07 13:50:34,550 - INFO - ensemble - 867, 1030
2019-02-07 13:50:34,556 - INFO - ensemble - 876, 1040
2019-02-07 13:50:34,562 - INFO - ensemble - 885, 1050
2019-02-07 13:50:34,568 - INFO - ensemble - 894, 1060
2019-02-07 13:50:34,574 - INFO - ensemble - 904, 1070
2019-02-07 13:50:34,580 - INFO - ensemble - 913, 1080
2019-02-07 13:50:34,586 - INFO - ensemble - 922, 1090
2019-02-07 13:50:34,593 - INFO - ensemble - 931, 1100
2019-02-07 13:50:34,599 - INFO - ensemble - 940, 1110
2019-02-07 13:50:34,605 - INFO - ensemble - 950, 1120
2019-02-07 13:50:34,611 - INFO - ensemble - 959, 1130
2019-02-07 13:50:34,617 - INFO - ensemble - 967, 1140
2019-02-07 13:50:34,623 - INFO - ensemble - 977, 1150
2019-02-07 13:50:34,630 - INFO - ensemble - 987, 1160
2019-02-07 13:50:34,636 - INFO - ensemble - 996, 1170
2019-02-07 13:50:34,642 - INFO - ensemble - 1004, 1180
2019-02-07 13:50:34,648 - INFO - ensemble - 1012, 1190
2019-02-07 13:50:34,654 - INFO - ensemble - 1020, 1200
2019-02-07 13:50:34,660 - INFO - ensemble - 1029, 1210
2019-02-07 13:50:34,667 - INFO - ensemble - 1039, 1220
2019-02-07 13:50:34,673 - INFO - ensemble - 1047, 1230
2019-02-07 13:50:34,679 - INFO - ensemble - 1056, 1240
2019-02-07 13:50:34,685 - INFO - ensemble - 1066, 1250
2019-02-07 13:50:34,691 - INFO - ensemble - 1075, 1260
2019-02-07 13:50:34,698 - INFO - ensemble - 1085, 1270
2019-02-07 13:50:34,704 - INFO - ensemble - 1093, 1280
2019-02-07 13:50:34,710 - INFO - ensemble - 1101, 1290
2019-02-07 13:50:34,716 - INFO - ensemble - 1110, 1300
2019-02-07 13:50:34,723 - INFO - ensemble - 1119, 1310
2019-02-07 13:50:34,729 - INFO - ensemble - 1127, 1320
2019-02-07 13:50:34,735 - INFO - ensemble - 1136, 1330
2019-02-07 13:50:34,741 - INFO - ensemble - 1146, 1340
2019-02-07 13:50:34,747 - INFO - ensemble - 1154, 1350
2019-02-07 13:50:34,754 - INFO - ensemble - 1162, 1360
2019-02-07 13:50:34,760 - INFO - ensemble - 1171, 1370
2019-02-07 13:50:34,766 - INFO - ensemble - 1179, 1380
2019-02-07 13:50:34,772 - INFO - ensemble - 1188, 1390
2019-02-07 13:50:34,779 - INFO - ensemble - 1198, 1400
2019-02-07 13:50:34,785 - INFO - ensemble - 1206, 1410
2019-02-07 13:50:34,791 - INFO - ensemble - 1215, 1420
2019-02-07 13:50:34,797 - INFO - ensemble - 1223, 1430
2019-02-07 13:50:34,804 - INFO - ensemble - 1231, 1440
2019-02-07 13:50:34,810 - INFO - ensemble - 1238, 1450
2019-02-07 13:50:34,816 - INFO - ensemble - 1246, 1460
2019-02-07 13:50:34,822 - INFO - ensemble - 1249, 1470
2019-02-07 13:50:34,829 - INFO - ensemble - 1251, 1480
2019-02-07 13:50:34,835 - INFO - ensemble - 1254, 1490
2019-02-07 13:50:34,841 - INFO - ensemble - 1255, 1500
2019-02-07 13:50:34,847 - INFO - ensemble - 1258, 1510
2019-02-07 13:50:34,854 - INFO - ensemble - 1260, 1520
2019-02-07 13:50:34,860 - INFO - ensemble - 1262, 1530
2019-02-07 13:50:34,866 - INFO - ensemble - 1265, 1540
2019-02-07 13:50:34,872 - INFO - ensemble - 1265, 1550
2019-02-07 13:50:34,879 - INFO - ensemble - 1268, 1560
2019-02-07 13:50:34,885 - INFO - ensemble - 1269, 1570
2019-02-07 13:50:34,891 - INFO - ensemble - 1269, 1580
2019-02-07 13:50:34,898 - INFO - ensemble - 1272, 1590
2019-02-07 13:50:34,904 - INFO - ensemble - 1273, 1600
2019-02-07 13:50:34,910 - INFO - ensemble - 1273, 1610
2019-02-07 13:50:34,916 - INFO - ensemble - 1274, 1620
2019-02-07 13:50:34,923 - INFO - ensemble - 1274, 1630
2019-02-07 13:50:34,929 - INFO - ensemble - 1276, 1640
2019-02-07 13:50:34,935 - INFO - ensemble - 1278, 1650
2019-02-07 13:50:34,942 - INFO - ensemble - 1281, 1660
2019-02-07 13:50:34,948 - INFO - ensemble - 1283, 1670
2019-02-07 13:50:34,954 - INFO - ensemble - 1285, 1680
2019-02-07 13:50:34,961 - INFO - ensemble - 1288, 1690
2019-02-07 13:50:34,967 - INFO - ensemble - 1289, 1700
2019-02-07 13:50:34,973 - INFO - ensemble - 1289, 1710
2019-02-07 13:50:34,980 - INFO - ensemble - 1290, 1720
2019-02-07 13:50:34,986 - INFO - ensemble - 1290, 1730
2019-02-07 13:50:34,992 - INFO - ensemble - 1291, 1740
2019-02-07 13:50:34,999 - INFO - ensemble - 1292, 1750
2019-02-07 13:50:35,005 - INFO - ensemble - 1293, 1760
2019-02-07 13:50:35,011 - INFO - ensemble - 1294, 1770
2019-02-07 13:50:35,018 - INFO - ensemble - 1295, 1780
2019-02-07 13:50:35,024 - INFO - ensemble - 1295, 1790
2019-02-07 13:50:35,030 - INFO - ensemble - 1298, 1800
2019-02-07 13:50:35,037 - INFO - ensemble - 1299, 1810
2019-02-07 13:50:35,043 - INFO - ensemble - 1300, 1820
2019-02-07 13:50:35,049 - INFO - ensemble - 1302, 1830
2019-02-07 13:50:35,056 - INFO - ensemble - 1303, 1840
2019-02-07 13:50:35,062 - INFO - ensemble - 1306, 1850
2019-02-07 13:50:35,068 - INFO - ensemble - 1309, 1860
2019-02-07 13:50:35,075 - INFO - ensemble - 1311, 1870
2019-02-07 13:50:35,081 - INFO - ensemble - 1312, 1880
2019-02-07 13:50:35,087 - INFO - ensemble - 1312, 1890
2019-02-07 13:50:35,094 - INFO - ensemble - 1316, 1900
2019-02-07 13:50:35,100 - INFO - ensemble - 1320, 1910
2019-02-07 13:50:35,107 - INFO - ensemble - 1320, 1920
2019-02-07 13:50:35,113 - INFO - ensemble - 1321, 1930
2019-02-07 13:50:35,119 - INFO - ensemble - 1325, 1940
2019-02-07 13:50:35,126 - INFO - ensemble - 1327, 1950
2019-02-07 13:50:35,132 - INFO - ensemble - 1328, 1960
2019-02-07 13:50:35,138 - INFO - ensemble - 1330, 1970
2019-02-07 13:50:35,145 - INFO - ensemble - 1330, 1980
2019-02-07 13:50:35,151 - INFO - ensemble - 1332, 1990
2019-02-07 13:50:35,158 - INFO - ensemble - 1334, 2000
2019-02-07 13:50:35,164 - INFO - ensemble - 1339, 2010
2019-02-07 13:50:35,170 - INFO - ensemble - 1341, 2020
2019-02-07 13:50:35,177 - INFO - ensemble - 1343, 2030
2019-02-07 13:50:35,179 - INFO - rig - ++++NEW CLF++++ SGD
2019-02-07 13:50:35,179 - INFO - fastread - Total Yes: 1413 | Total No: 8039
2019-02-07 13:50:35,415 - INFO - fastread - 2, 10
2019-02-07 13:50:35,421 - INFO - fastread - 9, 20
2019-02-07 13:50:35,427 - INFO - fastread - 19, 30
2019-02-07 13:50:35,433 - INFO - fastread - 27, 40
2019-02-07 13:50:35,438 - INFO - fastread - 35, 50
2019-02-07 13:50:35,444 - INFO - fastread - 35, 60
2019-02-07 13:50:35,450 - INFO - fastread - 38, 70
2019-02-07 13:50:35,456 - INFO - fastread - 45, 80
2019-02-07 13:50:35,461 - INFO - fastread - 54, 90
2019-02-07 13:50:35,467 - INFO - fastread - 64, 100
2019-02-07 13:50:35,473 - INFO - fastread - 72, 110
2019-02-07 13:50:35,479 - INFO - fastread - 81, 120
2019-02-07 13:50:35,484 - INFO - fastread - 91, 130
2019-02-07 13:50:35,490 - INFO - fastread - 100, 140
2019-02-07 13:50:35,496 - INFO - fastread - 108, 150
2019-02-07 13:50:35,502 - INFO - fastread - 115, 160
2019-02-07 13:50:35,507 - INFO - fastread - 125, 170
2019-02-07 13:50:35,513 - INFO - fastread - 135, 180
2019-02-07 13:50:35,519 - INFO - fastread - 144, 190
2019-02-07 13:50:35,525 - INFO - fastread - 154, 200
2019-02-07 13:50:35,531 - INFO - fastread - 163, 210
2019-02-07 13:50:35,536 - INFO - fastread - 170, 220
2019-02-07 13:50:35,542 - INFO - fastread - 176, 230
2019-02-07 13:50:35,548 - INFO - fastread - 184, 240
2019-02-07 13:50:35,554 - INFO - fastread - 192, 250
2019-02-07 13:50:35,559 - INFO - fastread - 200, 260
2019-02-07 13:50:35,565 - INFO - fastread - 209, 270
2019-02-07 13:50:35,571 - INFO - fastread - 216, 280
2019-02-07 13:50:35,577 - INFO - fastread - 225, 290
2019-02-07 13:50:35,583 - INFO - fastread - 235, 300
2019-02-07 13:50:35,589 - INFO - fastread - 243, 310
2019-02-07 13:50:35,594 - INFO - fastread - 253, 320
2019-02-07 13:50:35,600 - INFO - fastread - 263, 330
2019-02-07 13:50:35,606 - INFO - fastread - 272, 340
2019-02-07 13:50:35,612 - INFO - fastread - 278, 350
2019-02-07 13:50:35,618 - INFO - fastread - 286, 360
2019-02-07 13:50:35,623 - INFO - fastread - 295, 370
2019-02-07 13:50:35,629 - INFO - fastread - 304, 380
2019-02-07 13:50:35,635 - INFO - fastread - 314, 390
2019-02-07 13:50:35,641 - INFO - fastread - 322, 400
2019-02-07 13:50:35,647 - INFO - fastread - 332, 410
2019-02-07 13:50:35,653 - INFO - fastread - 338, 420
2019-02-07 13:50:35,658 - INFO - fastread - 344, 430
2019-02-07 13:50:35,664 - INFO - fastread - 351, 440
2019-02-07 13:50:35,670 - INFO - fastread - 361, 450
2019-02-07 13:50:35,676 - INFO - fastread - 371, 460
2019-02-07 13:50:35,682 - INFO - fastread - 380, 470
2019-02-07 13:50:35,688 - INFO - fastread - 387, 480
2019-02-07 13:50:35,693 - INFO - fastread - 395, 490
2019-02-07 13:50:35,699 - INFO - fastread - 401, 500
2019-02-07 13:50:35,705 - INFO - fastread - 409, 510
2019-02-07 13:50:35,711 - INFO - fastread - 418, 520
2019-02-07 13:50:35,717 - INFO - fastread - 428, 530
2019-02-07 13:50:35,723 - INFO - fastread - 438, 540
2019-02-07 13:50:35,729 - INFO - fastread - 446, 550
2019-02-07 13:50:35,734 - INFO - fastread - 454, 560
2019-02-07 13:50:35,740 - INFO - fastread - 462, 570
2019-02-07 13:50:35,746 - INFO - fastread - 471, 580
2019-02-07 13:50:35,752 - INFO - fastread - 481, 590
2019-02-07 13:50:35,758 - INFO - fastread - 488, 600
2019-02-07 13:50:35,764 - INFO - fastread - 496, 610
2019-02-07 13:50:35,770 - INFO - fastread - 506, 620
2019-02-07 13:50:35,776 - INFO - fastread - 514, 630
2019-02-07 13:50:35,781 - INFO - fastread - 524, 640
2019-02-07 13:50:35,787 - INFO - fastread - 533, 650
2019-02-07 13:50:35,793 - INFO - fastread - 543, 660
2019-02-07 13:50:35,799 - INFO - fastread - 553, 670
2019-02-07 13:50:35,805 - INFO - fastread - 563, 680
2019-02-07 13:50:35,811 - INFO - fastread - 572, 690
2019-02-07 13:50:35,817 - INFO - fastread - 580, 700
2019-02-07 13:50:35,823 - INFO - fastread - 589, 710
2019-02-07 13:50:35,829 - INFO - fastread - 595, 720
2019-02-07 13:50:35,834 - INFO - fastread - 605, 730
2019-02-07 13:50:35,840 - INFO - fastread - 614, 740
2019-02-07 13:50:35,846 - INFO - fastread - 621, 750
2019-02-07 13:50:35,852 - INFO - fastread - 631, 760
2019-02-07 13:50:35,858 - INFO - fastread - 641, 770
2019-02-07 13:50:35,864 - INFO - fastread - 651, 780
2019-02-07 13:50:35,870 - INFO - fastread - 660, 790
2019-02-07 13:50:35,876 - INFO - fastread - 668, 800
2019-02-07 13:50:35,882 - INFO - fastread - 674, 810
2019-02-07 13:50:35,888 - INFO - fastread - 681, 820
2019-02-07 13:50:35,893 - INFO - fastread - 690, 830
2019-02-07 13:50:35,899 - INFO - fastread - 698, 840
2019-02-07 13:50:35,905 - INFO - fastread - 707, 850
2019-02-07 13:50:35,911 - INFO - fastread - 716, 860
2019-02-07 13:50:35,917 - INFO - fastread - 726, 870
2019-02-07 13:50:35,923 - INFO - fastread - 733, 880
2019-02-07 13:50:35,929 - INFO - fastread - 742, 890
2019-02-07 13:50:35,935 - INFO - fastread - 747, 900
2019-02-07 13:50:35,941 - INFO - fastread - 756, 910
2019-02-07 13:50:35,947 - INFO - fastread - 764, 920
2019-02-07 13:50:35,953 - INFO - fastread - 771, 930
2019-02-07 13:50:35,959 - INFO - fastread - 780, 940
2019-02-07 13:50:35,965 - INFO - fastread - 787, 950
2019-02-07 13:50:35,971 - INFO - fastread - 796, 960
2019-02-07 13:50:35,977 - INFO - fastread - 802, 970
2019-02-07 13:50:35,983 - INFO - fastread - 810, 980
2019-02-07 13:50:35,988 - INFO - fastread - 818, 990
2019-02-07 13:50:35,994 - INFO - fastread - 824, 1000
2019-02-07 13:50:36,000 - INFO - fastread - 832, 1010
2019-02-07 13:50:36,006 - INFO - fastread - 841, 1020
2019-02-07 13:50:36,012 - INFO - fastread - 850, 1030
2019-02-07 13:50:36,018 - INFO - fastread - 860, 1040
2019-02-07 13:50:36,024 - INFO - fastread - 869, 1050
2019-02-07 13:50:36,030 - INFO - fastread - 875, 1060
2019-02-07 13:50:36,036 - INFO - fastread - 881, 1070
2019-02-07 13:50:36,042 - INFO - fastread - 891, 1080
2019-02-07 13:50:36,048 - INFO - fastread - 900, 1090
2019-02-07 13:50:36,054 - INFO - fastread - 907, 1100
2019-02-07 13:50:36,060 - INFO - fastread - 915, 1110
2019-02-07 13:50:36,066 - INFO - fastread - 923, 1120
2019-02-07 13:50:36,072 - INFO - fastread - 932, 1130
2019-02-07 13:50:36,078 - INFO - fastread - 938, 1140
2019-02-07 13:50:36,084 - INFO - fastread - 947, 1150
2019-02-07 13:50:36,090 - INFO - fastread - 957, 1160
2019-02-07 13:50:36,096 - INFO - fastread - 963, 1170
2019-02-07 13:50:36,102 - INFO - fastread - 971, 1180
2019-02-07 13:50:36,108 - INFO - fastread - 980, 1190
2019-02-07 13:50:36,114 - INFO - fastread - 985, 1200
2019-02-07 13:50:36,120 - INFO - fastread - 994, 1210
2019-02-07 13:50:36,126 - INFO - fastread - 1003, 1220
2019-02-07 13:50:36,132 - INFO - fastread - 1012, 1230
2019-02-07 13:50:36,138 - INFO - fastread - 1019, 1240
2019-02-07 13:50:36,144 - INFO - fastread - 1027, 1250
2019-02-07 13:50:36,150 - INFO - fastread - 1035, 1260
2019-02-07 13:50:36,156 - INFO - fastread - 1044, 1270
2019-02-07 13:50:36,162 - INFO - fastread - 1052, 1280
2019-02-07 13:50:36,168 - INFO - fastread - 1061, 1290
2019-02-07 13:50:36,174 - INFO - fastread - 1069, 1300
2019-02-07 13:50:36,180 - INFO - fastread - 1078, 1310
2019-02-07 13:50:36,186 - INFO - fastread - 1084, 1320
2019-02-07 13:50:36,192 - INFO - fastread - 1092, 1330
2019-02-07 13:50:36,198 - INFO - fastread - 1102, 1340
2019-02-07 13:50:36,204 - INFO - fastread - 1108, 1350
2019-02-07 13:50:36,210 - INFO - fastread - 1114, 1360
2019-02-07 13:50:36,216 - INFO - fastread - 1121, 1370
2019-02-07 13:50:36,223 - INFO - fastread - 1129, 1380
2019-02-07 13:50:36,229 - INFO - fastread - 1136, 1390
2019-02-07 13:50:36,235 - INFO - fastread - 1142, 1400
2019-02-07 13:50:36,241 - INFO - fastread - 1146, 1410
2019-02-07 13:50:36,247 - INFO - fastread - 1150, 1420
2019-02-07 13:50:36,253 - INFO - fastread - 1154, 1430
2019-02-07 13:50:36,259 - INFO - fastread - 1161, 1440
2019-02-07 13:50:36,265 - INFO - fastread - 1164, 1450
2019-02-07 13:50:36,271 - INFO - fastread - 1165, 1460
2019-02-07 13:50:36,277 - INFO - fastread - 1167, 1470
2019-02-07 13:50:36,283 - INFO - fastread - 1172, 1480
2019-02-07 13:50:36,289 - INFO - fastread - 1179, 1490
2019-02-07 13:50:36,295 - INFO - fastread - 1184, 1500
2019-02-07 13:50:36,301 - INFO - fastread - 1188, 1510
2019-02-07 13:50:36,308 - INFO - fastread - 1193, 1520
2019-02-07 13:50:36,314 - INFO - fastread - 1198, 1530
2019-02-07 13:50:36,320 - INFO - fastread - 1198, 1540
2019-02-07 13:50:36,326 - INFO - fastread - 1207, 1550
2019-02-07 13:50:36,332 - INFO - fastread - 1215, 1560
2019-02-07 13:50:36,338 - INFO - fastread - 1216, 1570
2019-02-07 13:50:36,344 - INFO - fastread - 1220, 1580
2019-02-07 13:50:36,350 - INFO - fastread - 1225, 1590
2019-02-07 13:50:36,356 - INFO - fastread - 1231, 1600
2019-02-07 13:50:36,363 - INFO - fastread - 1235, 1610
2019-02-07 13:50:36,369 - INFO - fastread - 1239, 1620
2019-02-07 13:50:36,375 - INFO - fastread - 1241, 1630
2019-02-07 13:50:36,381 - INFO - fastread - 1245, 1640
2019-02-07 13:50:36,387 - INFO - fastread - 1252, 1650
2019-02-07 13:50:36,393 - INFO - fastread - 1255, 1660
2019-02-07 13:50:36,399 - INFO - fastread - 1255, 1670
2019-02-07 13:50:36,405 - INFO - fastread - 1258, 1680
2019-02-07 13:50:36,411 - INFO - fastread - 1261, 1690
2019-02-07 13:50:36,418 - INFO - fastread - 1264, 1700
2019-02-07 13:50:36,424 - INFO - fastread - 1266, 1710
2019-02-07 13:50:36,430 - INFO - fastread - 1271, 1720
2019-02-07 13:50:36,436 - INFO - fastread - 1274, 1730
2019-02-07 13:50:36,442 - INFO - fastread - 1275, 1740
2019-02-07 13:50:36,448 - INFO - fastread - 1276, 1750
2019-02-07 13:50:36,454 - INFO - fastread - 1277, 1760
2019-02-07 13:50:36,460 - INFO - fastread - 1279, 1770
2019-02-07 13:50:36,467 - INFO - fastread - 1282, 1780
2019-02-07 13:50:36,473 - INFO - fastread - 1283, 1790
2019-02-07 13:50:36,479 - INFO - fastread - 1286, 1800
2019-02-07 13:50:36,485 - INFO - fastread - 1288, 1810
2019-02-07 13:50:36,491 - INFO - fastread - 1288, 1820
2019-02-07 13:50:36,497 - INFO - fastread - 1290, 1830
2019-02-07 13:50:36,503 - INFO - fastread - 1293, 1840
2019-02-07 13:50:36,510 - INFO - fastread - 1293, 1850
2019-02-07 13:50:36,516 - INFO - fastread - 1295, 1860
2019-02-07 13:50:36,522 - INFO - fastread - 1297, 1870
2019-02-07 13:50:36,528 - INFO - fastread - 1299, 1880
2019-02-07 13:50:36,534 - INFO - fastread - 1307, 1890
2019-02-07 13:50:36,540 - INFO - fastread - 1317, 1900
2019-02-07 13:50:36,547 - INFO - fastread - 1327, 1910
2019-02-07 13:50:36,553 - INFO - fastread - 1337, 1920
2019-02-07 13:50:36,559 - INFO - fastread - 1347, 1930
2019-02-07 13:50:36,575 - INFO - fastread - IGNORE argouml | Total: 9452 | Percent Checked: 0.2 | Total Yes Data: 1413 | Percent Yes Checked: 0.95
2019-02-07 13:50:36,576 - INFO - rig - ++++NEW CLF++++ SVM
2019-02-07 13:50:36,576 - INFO - fastread - Total Yes: 1413 | Total No: 8039
2019-02-07 13:56:36,723 - INFO - fastread - 6, 10
2019-02-07 13:56:36,739 - INFO - fastread - 10, 20
2019-02-07 13:56:36,751 - INFO - fastread - 19, 30
2019-02-07 13:56:36,757 - INFO - fastread - 25, 40
2019-02-07 13:56:36,762 - INFO - fastread - 32, 50
2019-02-07 13:56:36,768 - INFO - fastread - 36, 60
2019-02-07 13:56:36,774 - INFO - fastread - 42, 70
2019-02-07 13:56:36,780 - INFO - fastread - 48, 80
2019-02-07 13:56:36,786 - INFO - fastread - 55, 90
2019-02-07 13:56:36,791 - INFO - fastread - 64, 100
2019-02-07 13:56:36,797 - INFO - fastread - 74, 110
2019-02-07 13:56:36,803 - INFO - fastread - 83, 120
2019-02-07 13:56:36,809 - INFO - fastread - 84, 130
2019-02-07 13:56:36,814 - INFO - fastread - 91, 140
2019-02-07 13:56:36,820 - INFO - fastread - 94, 150
2019-02-07 13:56:36,826 - INFO - fastread - 103, 160
2019-02-07 13:56:36,832 - INFO - fastread - 112, 170
2019-02-07 13:56:36,837 - INFO - fastread - 121, 180
2019-02-07 13:56:36,843 - INFO - fastread - 126, 190
2019-02-07 13:56:36,849 - INFO - fastread - 131, 200
2019-02-07 13:56:36,855 - INFO - fastread - 140, 210
2019-02-07 13:56:36,861 - INFO - fastread - 146, 220
2019-02-07 13:56:36,866 - INFO - fastread - 153, 230
2019-02-07 13:56:36,872 - INFO - fastread - 160, 240
2019-02-07 13:56:36,878 - INFO - fastread - 167, 250
2019-02-07 13:56:36,884 - INFO - fastread - 174, 260
2019-02-07 13:56:36,890 - INFO - fastread - 181, 270
2019-02-07 13:56:36,895 - INFO - fastread - 189, 280
2019-02-07 13:56:36,901 - INFO - fastread - 199, 290
2019-02-07 13:56:36,907 - INFO - fastread - 208, 300
2019-02-07 13:56:36,913 - INFO - fastread - 216, 310
2019-02-07 13:56:36,919 - INFO - fastread - 224, 320
2019-02-07 13:56:36,924 - INFO - fastread - 233, 330
2019-02-07 13:56:36,930 - INFO - fastread - 242, 340
2019-02-07 13:56:36,936 - INFO - fastread - 251, 350
2019-02-07 13:56:36,942 - INFO - fastread - 257, 360
2019-02-07 13:56:36,948 - INFO - fastread - 266, 370
2019-02-07 13:56:36,954 - INFO - fastread - 273, 380
2019-02-07 13:56:36,959 - INFO - fastread - 283, 390
2019-02-07 13:56:36,965 - INFO - fastread - 293, 400
2019-02-07 13:56:36,971 - INFO - fastread - 300, 410
2019-02-07 13:56:36,977 - INFO - fastread - 309, 420
2019-02-07 13:56:36,983 - INFO - fastread - 315, 430
2019-02-07 13:56:36,989 - INFO - fastread - 325, 440
2019-02-07 13:56:36,994 - INFO - fastread - 335, 450
2019-02-07 13:56:37,000 - INFO - fastread - 343, 460
2019-02-07 13:56:37,006 - INFO - fastread - 351, 470
2019-02-07 13:56:37,012 - INFO - fastread - 359, 480
2019-02-07 13:56:37,018 - INFO - fastread - 366, 490
2019-02-07 13:56:37,024 - INFO - fastread - 376, 500
2019-02-07 13:56:37,029 - INFO - fastread - 386, 510
2019-02-07 13:56:37,035 - INFO - fastread - 396, 520
2019-02-07 13:56:37,041 - INFO - fastread - 404, 530
2019-02-07 13:56:37,047 - INFO - fastread - 408, 540
2019-02-07 13:56:37,053 - INFO - fastread - 418, 550
2019-02-07 13:56:37,059 - INFO - fastread - 425, 560
2019-02-07 13:56:37,065 - INFO - fastread - 433, 570
2019-02-07 13:56:37,070 - INFO - fastread - 441, 580
2019-02-07 13:56:37,076 - INFO - fastread - 451, 590
2019-02-07 13:56:37,082 - INFO - fastread - 458, 600
2019-02-07 13:56:37,088 - INFO - fastread - 466, 610
2019-02-07 13:56:37,094 - INFO - fastread - 476, 620
2019-02-07 13:56:37,100 - INFO - fastread - 485, 630
2019-02-07 13:56:37,106 - INFO - fastread - 494, 640
2019-02-07 13:56:37,112 - INFO - fastread - 503, 650
2019-02-07 13:56:37,117 - INFO - fastread - 511, 660
2019-02-07 13:56:37,123 - INFO - fastread - 521, 670
2019-02-07 13:56:37,129 - INFO - fastread - 529, 680
2019-02-07 13:56:37,135 - INFO - fastread - 537, 690
2019-02-07 13:56:37,141 - INFO - fastread - 547, 700
2019-02-07 13:56:37,147 - INFO - fastread - 557, 710
2019-02-07 13:56:37,153 - INFO - fastread - 566, 720
2019-02-07 13:56:37,159 - INFO - fastread - 574, 730
2019-02-07 13:56:37,165 - INFO - fastread - 582, 740
2019-02-07 13:56:37,171 - INFO - fastread - 591, 750
2019-02-07 13:56:37,176 - INFO - fastread - 600, 760
2019-02-07 13:56:37,182 - INFO - fastread - 608, 770
2019-02-07 13:56:37,188 - INFO - fastread - 617, 780
2019-02-07 13:56:37,194 - INFO - fastread - 626, 790
2019-02-07 13:56:37,200 - INFO - fastread - 635, 800
2019-02-07 13:56:37,206 - INFO - fastread - 644, 810
2019-02-07 13:56:37,212 - INFO - fastread - 653, 820
2019-02-07 13:56:37,218 - INFO - fastread - 662, 830
2019-02-07 13:56:37,224 - INFO - fastread - 671, 840
2019-02-07 13:56:37,230 - INFO - fastread - 679, 850
2019-02-07 13:56:37,236 - INFO - fastread - 686, 860
2019-02-07 13:56:37,241 - INFO - fastread - 696, 870
2019-02-07 13:56:37,247 - INFO - fastread - 704, 880
2019-02-07 13:56:37,253 - INFO - fastread - 714, 890
2019-02-07 13:56:37,259 - INFO - fastread - 724, 900
2019-02-07 13:56:37,265 - INFO - fastread - 734, 910
2019-02-07 13:56:37,271 - INFO - fastread - 744, 920
2019-02-07 13:56:37,277 - INFO - fastread - 754, 930
2019-02-07 13:56:37,283 - INFO - fastread - 763, 940
2019-02-07 13:56:37,289 - INFO - fastread - 769, 950
2019-02-07 13:56:37,295 - INFO - fastread - 778, 960
2019-02-07 13:56:37,301 - INFO - fastread - 786, 970
2019-02-07 13:56:37,307 - INFO - fastread - 793, 980
2019-02-07 13:56:37,313 - INFO - fastread - 803, 990
2019-02-07 13:56:37,319 - INFO - fastread - 812, 1000
2019-02-07 13:56:37,325 - INFO - fastread - 822, 1010
2019-02-07 13:56:37,331 - INFO - fastread - 829, 1020
2019-02-07 13:56:37,337 - INFO - fastread - 839, 1030
2019-02-07 13:56:37,343 - INFO - fastread - 849, 1040
2019-02-07 13:56:37,349 - INFO - fastread - 858, 1050
2019-02-07 13:56:37,355 - INFO - fastread - 867, 1060
2019-02-07 13:56:37,360 - INFO - fastread - 875, 1070
2019-02-07 13:56:37,366 - INFO - fastread - 885, 1080
2019-02-07 13:56:37,372 - INFO - fastread - 894, 1090
2019-02-07 13:56:37,378 - INFO - fastread - 903, 1100
2019-02-07 13:56:37,384 - INFO - fastread - 913, 1110
2019-02-07 13:56:37,390 - INFO - fastread - 922, 1120
2019-02-07 13:56:37,396 - INFO - fastread - 932, 1130
2019-02-07 13:56:37,402 - INFO - fastread - 942, 1140
2019-02-07 13:56:37,408 - INFO - fastread - 952, 1150
2019-02-07 13:56:37,414 - INFO - fastread - 962, 1160
2019-02-07 13:56:37,420 - INFO - fastread - 971, 1170
2019-02-07 13:56:37,426 - INFO - fastread - 980, 1180
2019-02-07 13:56:37,432 - INFO - fastread - 988, 1190
2019-02-07 13:56:37,438 - INFO - fastread - 997, 1200
2019-02-07 13:56:37,444 - INFO - fastread - 1005, 1210
2019-02-07 13:56:37,450 - INFO - fastread - 1015, 1220
2019-02-07 13:56:37,456 - INFO - fastread - 1024, 1230
2019-02-07 13:56:37,462 - INFO - fastread - 1034, 1240
2019-02-07 13:56:37,468 - INFO - fastread - 1043, 1250
2019-02-07 13:56:37,474 - INFO - fastread - 1053, 1260
2019-02-07 13:56:37,480 - INFO - fastread - 1063, 1270
2019-02-07 13:56:37,486 - INFO - fastread - 1072, 1280
2019-02-07 13:56:37,492 - INFO - fastread - 1082, 1290
2019-02-07 13:56:37,498 - INFO - fastread - 1092, 1300
2019-02-07 13:56:37,504 - INFO - fastread - 1102, 1310
2019-02-07 13:56:37,510 - INFO - fastread - 1112, 1320
2019-02-07 13:56:37,516 - INFO - fastread - 1121, 1330
2019-02-07 13:56:37,522 - INFO - fastread - 1128, 1340
2019-02-07 13:56:37,529 - INFO - fastread - 1137, 1350
2019-02-07 13:56:37,535 - INFO - fastread - 1147, 1360
2019-02-07 13:56:37,541 - INFO - fastread - 1157, 1370
2019-02-07 13:56:37,547 - INFO - fastread - 1167, 1380
2019-02-07 13:56:37,553 - INFO - fastread - 1177, 1390
2019-02-07 13:56:37,559 - INFO - fastread - 1187, 1400
2019-02-07 13:56:37,565 - INFO - fastread - 1196, 1410
2019-02-07 13:56:37,571 - INFO - fastread - 1205, 1420
2019-02-07 13:56:37,577 - INFO - fastread - 1214, 1430
2019-02-07 13:56:37,583 - INFO - fastread - 1218, 1440
2019-02-07 13:56:37,589 - INFO - fastread - 1222, 1450
2019-02-07 13:56:37,595 - INFO - fastread - 1227, 1460
2019-02-07 13:56:37,601 - INFO - fastread - 1235, 1470
2019-02-07 13:56:37,607 - INFO - fastread - 1244, 1480
2019-02-07 13:56:37,613 - INFO - fastread - 1248, 1490
2019-02-07 13:56:37,619 - INFO - fastread - 1254, 1500
2019-02-07 13:56:37,625 - INFO - fastread - 1257, 1510
2019-02-07 13:56:37,631 - INFO - fastread - 1262, 1520
2019-02-07 13:56:37,638 - INFO - fastread - 1269, 1530
2019-02-07 13:56:37,644 - INFO - fastread - 1271, 1540
2019-02-07 13:56:37,650 - INFO - fastread - 1275, 1550
2019-02-07 13:56:37,656 - INFO - fastread - 1276, 1560
2019-02-07 13:56:37,662 - INFO - fastread - 1277, 1570
2019-02-07 13:56:37,668 - INFO - fastread - 1279, 1580
2019-02-07 13:56:37,674 - INFO - fastread - 1279, 1590
2019-02-07 13:56:37,680 - INFO - fastread - 1280, 1600
2019-02-07 13:56:37,686 - INFO - fastread - 1281, 1610
2019-02-07 13:56:37,692 - INFO - fastread - 1281, 1620
2019-02-07 13:56:37,698 - INFO - fastread - 1281, 1630
2019-02-07 13:56:37,704 - INFO - fastread - 1283, 1640
2019-02-07 13:56:37,710 - INFO - fastread - 1284, 1650
2019-02-07 13:56:37,717 - INFO - fastread - 1286, 1660
2019-02-07 13:56:37,723 - INFO - fastread - 1289, 1670
2019-02-07 13:56:37,729 - INFO - fastread - 1289, 1680
2019-02-07 13:56:37,735 - INFO - fastread - 1292, 1690
2019-02-07 13:56:37,741 - INFO - fastread - 1293, 1700
2019-02-07 13:56:37,747 - INFO - fastread - 1294, 1710
2019-02-07 13:56:37,753 - INFO - fastread - 1294, 1720
2019-02-07 13:56:37,759 - INFO - fastread - 1294, 1730
2019-02-07 13:56:37,765 - INFO - fastread - 1294, 1740
2019-02-07 13:56:37,772 - INFO - fastread - 1294, 1750
2019-02-07 13:56:37,778 - INFO - fastread - 1295, 1760
2019-02-07 13:56:37,784 - INFO - fastread - 1295, 1770
2019-02-07 13:56:37,790 - INFO - fastread - 1295, 1780
2019-02-07 13:56:37,796 - INFO - fastread - 1295, 1790
2019-02-07 13:56:37,802 - INFO - fastread - 1295, 1800
2019-02-07 13:56:37,808 - INFO - fastread - 1296, 1810
2019-02-07 13:56:37,814 - INFO - fastread - 1297, 1820
2019-02-07 13:56:37,821 - INFO - fastread - 1298, 1830
2019-02-07 13:56:37,827 - INFO - fastread - 1299, 1840
2019-02-07 13:56:37,833 - INFO - fastread - 1299, 1850
2019-02-07 13:56:37,839 - INFO - fastread - 1300, 1860
2019-02-07 13:56:37,845 - INFO - fastread - 1301, 1870
2019-02-07 13:56:37,851 - INFO - fastread - 1301, 1880
2019-02-07 13:56:37,858 - INFO - fastread - 1301, 1890
2019-02-07 13:56:37,864 - INFO - fastread - 1302, 1900
2019-02-07 13:56:37,870 - INFO - fastread - 1302, 1910
2019-02-07 13:56:37,876 - INFO - fastread - 1303, 1920
2019-02-07 13:56:37,882 - INFO - fastread - 1303, 1930
2019-02-07 13:56:37,888 - INFO - fastread - 1303, 1940
2019-02-07 13:56:37,894 - INFO - fastread - 1304, 1950
2019-02-07 13:56:37,901 - INFO - fastread - 1304, 1960
2019-02-07 13:56:37,907 - INFO - fastread - 1305, 1970
2019-02-07 13:56:37,913 - INFO - fastread - 1305, 1980
2019-02-07 13:56:37,919 - INFO - fastread - 1306, 1990
2019-02-07 13:56:37,925 - INFO - fastread - 1306, 2000
2019-02-07 13:56:37,931 - INFO - fastread - 1306, 2010
2019-02-07 13:56:37,938 - INFO - fastread - 1306, 2020
2019-02-07 13:56:37,944 - INFO - fastread - 1307, 2030
2019-02-07 13:56:37,950 - INFO - fastread - 1307, 2040
2019-02-07 13:56:37,956 - INFO - fastread - 1308, 2050
2019-02-07 13:56:37,962 - INFO - fastread - 1308, 2060
2019-02-07 13:56:37,969 - INFO - fastread - 1309, 2070
2019-02-07 13:56:37,975 - INFO - fastread - 1309, 2080
2019-02-07 13:56:37,981 - INFO - fastread - 1309, 2090
2019-02-07 13:56:37,987 - INFO - fastread - 1309, 2100
2019-02-07 13:56:37,993 - INFO - fastread - 1309, 2110
2019-02-07 13:56:38,000 - INFO - fastread - 1309, 2120
2019-02-07 13:56:38,006 - INFO - fastread - 1309, 2130
2019-02-07 13:56:38,012 - INFO - fastread - 1309, 2140
2019-02-07 13:56:38,018 - INFO - fastread - 1311, 2150
2019-02-07 13:56:38,024 - INFO - fastread - 1311, 2160
2019-02-07 13:56:38,030 - INFO - fastread - 1311, 2170
2019-02-07 13:56:38,037 - INFO - fastread - 1311, 2180
2019-02-07 13:56:38,043 - INFO - fastread - 1311, 2190
2019-02-07 13:56:38,049 - INFO - fastread - 1311, 2200
2019-02-07 13:56:38,055 - INFO - fastread - 1311, 2210
2019-02-07 13:56:38,062 - INFO - fastread - 1311, 2220
2019-02-07 13:56:38,068 - INFO - fastread - 1312, 2230
2019-02-07 13:56:38,074 - INFO - fastread - 1312, 2240
2019-02-07 13:56:38,080 - INFO - fastread - 1312, 2250
2019-02-07 13:56:38,086 - INFO - fastread - 1312, 2260
2019-02-07 13:56:38,093 - INFO - fastread - 1312, 2270
2019-02-07 13:56:38,099 - INFO - fastread - 1312, 2280
2019-02-07 13:56:38,105 - INFO - fastread - 1312, 2290
2019-02-07 13:56:38,111 - INFO - fastread - 1312, 2300
2019-02-07 13:56:38,118 - INFO - fastread - 1312, 2310
2019-02-07 13:56:38,124 - INFO - fastread - 1312, 2320
2019-02-07 13:56:38,130 - INFO - fastread - 1312, 2330
2019-02-07 13:56:38,136 - INFO - fastread - 1312, 2340
2019-02-07 13:56:38,143 - INFO - fastread - 1312, 2350
2019-02-07 13:56:38,149 - INFO - fastread - 1312, 2360
2019-02-07 13:56:38,155 - INFO - fastread - 1312, 2370
2019-02-07 13:56:38,161 - INFO - fastread - 1312, 2380
2019-02-07 13:56:38,168 - INFO - fastread - 1312, 2390
2019-02-07 13:56:38,174 - INFO - fastread - 1312, 2400
2019-02-07 13:56:38,180 - INFO - fastread - 1312, 2410
2019-02-07 13:56:38,186 - INFO - fastread - 1312, 2420
2019-02-07 13:56:38,193 - INFO - fastread - 1312, 2430
2019-02-07 13:56:38,199 - INFO - fastread - 1312, 2440
2019-02-07 13:56:38,205 - INFO - fastread - 1312, 2450
2019-02-07 13:56:38,211 - INFO - fastread - 1312, 2460
2019-02-07 13:56:38,218 - INFO - fastread - 1312, 2470
2019-02-07 13:56:38,224 - INFO - fastread - 1312, 2480
2019-02-07 13:56:38,230 - INFO - fastread - 1312, 2490
2019-02-07 13:56:38,236 - INFO - fastread - 1312, 2500
2019-02-07 13:56:38,243 - INFO - fastread - 1312, 2510
2019-02-07 13:56:38,249 - INFO - fastread - 1312, 2520
2019-02-07 13:56:38,255 - INFO - fastread - 1312, 2530
2019-02-07 13:56:38,262 - INFO - fastread - 1312, 2540
2019-02-07 13:56:38,268 - INFO - fastread - 1312, 2550
2019-02-07 13:56:38,274 - INFO - fastread - 1312, 2560
2019-02-07 13:56:38,280 - INFO - fastread - 1312, 2570
2019-02-07 13:56:38,287 - INFO - fastread - 1312, 2580
2019-02-07 13:56:38,293 - INFO - fastread - 1312, 2590
2019-02-07 13:56:38,299 - INFO - fastread - 1312, 2600
2019-02-07 13:56:38,306 - INFO - fastread - 1312, 2610
2019-02-07 13:56:38,312 - INFO - fastread - 1312, 2620
2019-02-07 13:56:38,318 - INFO - fastread - 1312, 2630
2019-02-07 13:56:38,325 - INFO - fastread - 1312, 2640
2019-02-07 13:56:38,331 - INFO - fastread - 1312, 2650
2019-02-07 13:56:38,337 - INFO - fastread - 1312, 2660
2019-02-07 13:56:38,343 - INFO - fastread - 1312, 2670
2019-02-07 13:56:38,350 - INFO - fastread - 1312, 2680
2019-02-07 13:56:38,356 - INFO - fastread - 1312, 2690
2019-02-07 13:56:38,362 - INFO - fastread - 1312, 2700
2019-02-07 13:56:38,369 - INFO - fastread - 1312, 2710
2019-02-07 13:56:38,375 - INFO - fastread - 1312, 2720
2019-02-07 13:56:38,381 - INFO - fastread - 1312, 2730
2019-02-07 13:56:38,388 - INFO - fastread - 1312, 2740
2019-02-07 13:56:38,394 - INFO - fastread - 1312, 2750
2019-02-07 13:56:38,400 - INFO - fastread - 1312, 2760
2019-02-07 13:56:38,407 - INFO - fastread - 1312, 2770
2019-02-07 13:56:38,413 - INFO - fastread - 1312, 2780
2019-02-07 13:56:38,419 - INFO - fastread - 1312, 2790
2019-02-07 13:56:38,426 - INFO - fastread - 1312, 2800
2019-02-07 13:56:38,432 - INFO - fastread - 1312, 2810
2019-02-07 13:56:38,438 - INFO - fastread - 1312, 2820
2019-02-07 13:56:38,445 - INFO - fastread - 1313, 2830
2019-02-07 13:56:38,451 - INFO - fastread - 1314, 2840
2019-02-07 13:56:38,457 - INFO - fastread - 1314, 2850
2019-02-07 13:56:38,464 - INFO - fastread - 1314, 2860
2019-02-07 13:56:38,470 - INFO - fastread - 1314, 2870
2019-02-07 13:56:38,476 - INFO - fastread - 1314, 2880
2019-02-07 13:56:38,483 - INFO - fastread - 1314, 2890
2019-02-07 13:56:38,489 - INFO - fastread - 1314, 2900
2019-02-07 13:56:38,495 - INFO - fastread - 1314, 2910
2019-02-07 13:56:38,502 - INFO - fastread - 1315, 2920
2019-02-07 13:56:38,508 - INFO - fastread - 1315, 2930
2019-02-07 13:56:38,514 - INFO - fastread - 1315, 2940
2019-02-07 13:56:38,521 - INFO - fastread - 1315, 2950
2019-02-07 13:56:38,527 - INFO - fastread - 1315, 2960
2019-02-07 13:56:38,533 - INFO - fastread - 1315, 2970
2019-02-07 13:56:38,540 - INFO - fastread - 1315, 2980
2019-02-07 13:56:38,546 - INFO - fastread - 1315, 2990
2019-02-07 13:56:38,552 - INFO - fastread - 1315, 3000
2019-02-07 13:56:38,559 - INFO - fastread - 1315, 3010
2019-02-07 13:56:38,565 - INFO - fastread - 1315, 3020
2019-02-07 13:56:38,571 - INFO - fastread - 1315, 3030
2019-02-07 13:56:38,578 - INFO - fastread - 1315, 3040
2019-02-07 13:56:38,584 - INFO - fastread - 1315, 3050
2019-02-07 13:56:38,591 - INFO - fastread - 1315, 3060
2019-02-07 13:56:38,597 - INFO - fastread - 1315, 3070
2019-02-07 13:56:38,603 - INFO - fastread - 1315, 3080
2019-02-07 13:56:38,610 - INFO - fastread - 1315, 3090
2019-02-07 13:56:38,616 - INFO - fastread - 1315, 3100
2019-02-07 13:56:38,622 - INFO - fastread - 1315, 3110
2019-02-07 13:56:38,629 - INFO - fastread - 1315, 3120
2019-02-07 13:56:38,635 - INFO - fastread - 1315, 3130
2019-02-07 13:56:38,641 - INFO - fastread - 1315, 3140
2019-02-07 13:56:38,648 - INFO - fastread - 1315, 3150
2019-02-07 13:56:38,654 - INFO - fastread - 1315, 3160
2019-02-07 13:56:38,661 - INFO - fastread - 1315, 3170
2019-02-07 13:56:38,667 - INFO - fastread - 1315, 3180
2019-02-07 13:56:38,674 - INFO - fastread - 1315, 3190
2019-02-07 13:56:38,680 - INFO - fastread - 1315, 3200
2019-02-07 13:56:38,686 - INFO - fastread - 1315, 3210
2019-02-07 13:56:38,693 - INFO - fastread - 1315, 3220
2019-02-07 13:56:38,699 - INFO - fastread - 1315, 3230
2019-02-07 13:56:38,705 - INFO - fastread - 1315, 3240
2019-02-07 13:56:38,712 - INFO - fastread - 1315, 3250
2019-02-07 13:56:38,718 - INFO - fastread - 1315, 3260
2019-02-07 13:56:38,725 - INFO - fastread - 1315, 3270
2019-02-07 13:56:38,731 - INFO - fastread - 1315, 3280
2019-02-07 13:56:38,737 - INFO - fastread - 1315, 3290
2019-02-07 13:56:38,744 - INFO - fastread - 1315, 3300
2019-02-07 13:56:38,750 - INFO - fastread - 1315, 3310
2019-02-07 13:56:38,757 - INFO - fastread - 1315, 3320
2019-02-07 13:56:38,763 - INFO - fastread - 1315, 3330
2019-02-07 13:56:38,770 - INFO - fastread - 1315, 3340
2019-02-07 13:56:38,776 - INFO - fastread - 1315, 3350
2019-02-07 13:56:38,782 - INFO - fastread - 1315, 3360
2019-02-07 13:56:38,789 - INFO - fastread - 1315, 3370
2019-02-07 13:56:38,795 - INFO - fastread - 1315, 3380
2019-02-07 13:56:38,802 - INFO - fastread - 1315, 3390
2019-02-07 13:56:38,808 - INFO - fastread - 1315, 3400
2019-02-07 13:56:38,815 - INFO - fastread - 1315, 3410
2019-02-07 13:56:38,821 - INFO - fastread - 1315, 3420
2019-02-07 13:56:38,827 - INFO - fastread - 1315, 3430
2019-02-07 13:56:38,834 - INFO - fastread - 1315, 3440
2019-02-07 13:56:38,840 - INFO - fastread - 1316, 3450
2019-02-07 13:56:38,847 - INFO - fastread - 1316, 3460
2019-02-07 13:56:38,853 - INFO - fastread - 1316, 3470
2019-02-07 13:56:38,860 - INFO - fastread - 1317, 3480
2019-02-07 13:56:38,866 - INFO - fastread - 1319, 3490
2019-02-07 13:56:38,872 - INFO - fastread - 1319, 3500
2019-02-07 13:56:38,879 - INFO - fastread - 1319, 3510
2019-02-07 13:56:38,885 - INFO - fastread - 1319, 3520
2019-02-07 13:56:38,892 - INFO - fastread - 1319, 3530
2019-02-07 13:56:38,898 - INFO - fastread - 1320, 3540
2019-02-07 13:56:38,905 - INFO - fastread - 1320, 3550
2019-02-07 13:56:38,911 - INFO - fastread - 1320, 3560
2019-02-07 13:56:38,918 - INFO - fastread - 1320, 3570
2019-02-07 13:56:38,924 - INFO - fastread - 1320, 3580
2019-02-07 13:56:38,931 - INFO - fastread - 1320, 3590
2019-02-07 13:56:38,937 - INFO - fastread - 1323, 3600
2019-02-07 13:56:38,943 - INFO - fastread - 1333, 3610
2019-02-07 13:56:38,950 - INFO - fastread - 1343, 3620
2019-02-07 13:56:38,980 - INFO - fastread - IGNORE argouml | Total: 9452 | Percent Checked: 0.38 | Total Yes Data: 1413 | Percent Yes Checked: 0.95
