2019-02-07 13:22:44,785 - INFO - rig - emf-2.4.1
2019-02-07 13:22:53,505 - INFO - rig - ++++NEW CLF++++ FASTREAD
2019-02-07 13:22:53,505 - INFO - fastread - Total Yes: 104 | Total No: 4285
2019-02-07 13:22:54,142 - INFO - fastread - 0, 0  475
2019-02-07 13:23:01,980 - INFO - fastread - 26, 39  475
2019-02-07 13:23:06,983 - INFO - fastread - 31, 60  94
2019-02-07 13:23:12,183 - INFO - fastread - 35, 81  104
2019-02-07 13:23:16,897 - INFO - fastread - 36, 102  113
2019-02-07 13:23:21,714 - INFO - fastread - 38, 123  108
2019-02-07 13:23:26,507 - INFO - fastread - 40, 144  110
2019-02-07 13:23:31,239 - INFO - fastread - 40, 165  114
2019-02-07 13:23:36,138 - INFO - fastread - 46, 186  115
2019-02-07 13:23:40,963 - INFO - fastread - 50, 207  125
2019-02-07 13:23:45,806 - INFO - fastread - 51, 228  125
2019-02-07 13:23:50,680 - INFO - fastread - 51, 249  128
2019-02-07 13:23:55,480 - INFO - fastread - 51, 270  120
2019-02-07 13:24:00,331 - INFO - fastread - 51, 291  136
2019-02-07 13:24:05,064 - INFO - fastread - 53, 312  119
2019-02-07 13:24:09,939 - INFO - fastread - 56, 333  127
2019-02-07 13:24:14,801 - INFO - fastread - 58, 354  122
2019-02-07 13:24:19,637 - INFO - fastread - 58, 375  123
2019-02-07 13:24:24,484 - INFO - fastread - 58, 396  122
2019-02-07 13:24:29,243 - INFO - fastread - 58, 417  119
2019-02-07 13:24:34,112 - INFO - fastread - 58, 438  117
2019-02-07 13:24:38,961 - INFO - fastread - 59, 459  120
2019-02-07 13:24:43,804 - INFO - fastread - 61, 480  118
2019-02-07 13:24:48,722 - INFO - fastread - 62, 501  120
2019-02-07 13:24:53,550 - INFO - fastread - 62, 522  122
2019-02-07 13:24:58,477 - INFO - fastread - 68, 543  117
2019-02-07 13:25:03,385 - INFO - fastread - 72, 564  120
2019-02-07 13:25:08,393 - INFO - fastread - 72, 585  130
2019-02-07 13:25:13,358 - INFO - fastread - 73, 606  117
2019-02-07 13:25:18,219 - INFO - fastread - 74, 627  118
2019-02-07 13:25:23,224 - INFO - fastread - 74, 648  120
2019-02-07 13:25:28,120 - INFO - fastread - 78, 669  118
2019-02-07 13:25:33,194 - INFO - fastread - 78, 690  125
2019-02-07 13:25:38,294 - INFO - fastread - 78, 711  123
2019-02-07 13:25:43,266 - INFO - fastread - 78, 732  129
2019-02-07 13:25:48,388 - INFO - fastread - 80, 753  124
2019-02-07 13:25:53,392 - INFO - fastread - 81, 774  133
2019-02-07 13:25:58,540 - INFO - fastread - 81, 795  138
2019-02-07 13:26:03,687 - INFO - fastread - 81, 816  130
2019-02-07 13:26:08,787 - INFO - fastread - 81, 837  128
2019-02-07 13:26:13,935 - INFO - fastread - 82, 858  123
2019-02-07 13:26:18,983 - INFO - fastread - 82, 879  130
2019-02-07 13:26:24,229 - INFO - fastread - 82, 900  128
2019-02-07 13:26:29,352 - INFO - fastread - 83, 921  124
2019-02-07 13:26:34,667 - INFO - fastread - 84, 942  129
2019-02-07 13:26:39,967 - INFO - fastread - 84, 963  132
2019-02-07 13:26:45,258 - INFO - fastread - 85, 984  129
2019-02-07 13:26:50,616 - INFO - fastread - 85, 1005  133
2019-02-07 13:26:55,753 - INFO - fastread - 87, 1026  133
2019-02-07 13:27:01,134 - INFO - fastread - 88, 1047  133
2019-02-07 13:27:06,352 - INFO - fastread - 88, 1068  142
2019-02-07 13:27:11,618 - INFO - fastread - 88, 1089  137
2019-02-07 13:27:16,790 - INFO - fastread - 89, 1110  130
2019-02-07 13:27:22,035 - INFO - fastread - 89, 1131  133
2019-02-07 13:27:27,292 - INFO - fastread - 89, 1152  130
2019-02-07 13:27:32,491 - INFO - fastread - 89, 1173  133
2019-02-07 13:27:37,824 - INFO - fastread - 89, 1194  130
2019-02-07 13:27:51,682 - INFO - fastread - 89, 1250  133
2019-02-07 13:28:05,579 - INFO - fastread - 90, 1308  132
2019-02-07 13:28:11,094 - INFO - fastread - 92, 1329  137
2019-02-07 13:28:16,540 - INFO - fastread - 92, 1350  134
2019-02-07 13:28:22,020 - INFO - fastread - 92, 1371  136
2019-02-07 13:28:27,563 - INFO - fastread - 92, 1392  136
2019-02-07 13:28:32,936 - INFO - fastread - 92, 1413  133
2019-02-07 13:28:46,966 - INFO - fastread - 92, 1471  138
2019-02-07 13:29:00,939 - INFO - fastread - 92, 1525  137
2019-02-07 13:29:14,968 - INFO - fastread - 92, 1580  139
2019-02-07 13:29:20,438 - INFO - fastread - 92, 1601  138
2019-02-07 13:29:20,439 - INFO - fastread - IGNORE emf-2.4.1 NO IMPROVEMENT after 3 random loops. EXITING. Current estimate: 146
2019-02-07 13:29:20,462 - INFO - fastread - IGNORE emf-2.4.1 | Total: 4389 | Percent Checked: 0.36 | Total Yes Data: 104 | Percent Yes Checked: 0.88
2019-02-07 13:29:20,462 - INFO - rig - ++++NEW CLF++++ QUICKREAD
2019-02-07 13:29:20,463 - INFO - quickread - Total Yes: 104 | Total No: 4285
2019-02-07 13:29:21,098 - INFO - quickread - 0, 0  475
2019-02-07 13:29:29,083 - INFO - quickread - 26, 39  475
2019-02-07 13:29:34,180 - INFO - quickread - 31, 60  97
2019-02-07 13:29:39,515 - INFO - quickread - 44, 81  113
2019-02-07 13:29:44,604 - INFO - quickread - 46, 102  138
2019-02-07 13:29:49,494 - INFO - quickread - 46, 123  121
2019-02-07 13:29:54,340 - INFO - quickread - 52, 144  103
2019-02-07 13:29:59,041 - INFO - quickread - 56, 165  110
2019-02-07 13:30:03,820 - INFO - quickread - 58, 186  110
2019-02-07 13:30:08,464 - INFO - quickread - 58, 207  103
2019-02-07 13:30:12,804 - INFO - quickread - 60, 228  93
2019-02-07 13:30:17,481 - INFO - quickread - 65, 249  92
2019-02-07 13:30:22,271 - INFO - quickread - 67, 270  101
2019-02-07 13:30:26,803 - INFO - quickread - 69, 291  99
2019-02-07 13:30:31,547 - INFO - quickread - 69, 312  99
2019-02-07 13:30:36,171 - INFO - quickread - 69, 333  94
2019-02-07 13:30:40,692 - INFO - quickread - 70, 354  90
2019-02-07 13:30:45,322 - INFO - quickread - 74, 375  89
2019-02-07 13:30:49,867 - INFO - quickread - 76, 396  95
2019-02-07 13:30:54,388 - INFO - quickread - 78, 417  95
2019-02-07 13:30:59,025 - INFO - quickread - 78, 438  96
2019-02-07 13:31:03,479 - INFO - quickread - 79, 459  94
2019-02-07 13:31:07,835 - INFO - quickread - 80, 480  94
2019-02-07 13:31:12,099 - INFO - quickread - 81, 501  94
2019-02-07 13:31:16,240 - INFO - quickread - 82, 522  94
2019-02-07 13:31:20,561 - INFO - quickread - 83, 543  95
2019-02-07 13:31:25,004 - INFO - quickread - 83, 564  95
2019-02-07 13:31:29,274 - INFO - quickread - 83, 585  94
2019-02-07 13:31:33,580 - INFO - quickread - 83, 606  93
2019-02-07 13:31:37,952 - INFO - quickread - 84, 627  92
2019-02-07 13:31:42,180 - INFO - quickread - 84, 648  93
2019-02-07 13:31:46,411 - INFO - quickread - 85, 669  92
2019-02-07 13:31:50,713 - INFO - quickread - 86, 690  93
2019-02-07 13:31:54,912 - INFO - quickread - 88, 711  95
2019-02-07 13:32:00,952 - INFO - quickread - 90, 732  97
2019-02-07 13:32:07,601 - INFO - quickread - 90, 753  100
2019-02-07 13:32:14,218 - INFO - quickread - 90, 774  99
2019-02-07 13:32:20,881 - INFO - quickread - 90, 795  98
2019-02-07 13:32:27,481 - INFO - quickread - 90, 816  97
2019-02-07 13:32:34,002 - INFO - quickread - 93, 837  97
2019-02-07 13:32:40,578 - INFO - quickread - 93, 858  101
2019-02-07 13:32:47,124 - INFO - quickread - 93, 879  100
2019-02-07 13:32:53,643 - INFO - quickread - 94, 900  100
2019-02-07 13:32:58,366 - INFO - quickread - 95, 921  100
2019-02-07 13:33:02,650 - INFO - quickread - 95, 942  101
2019-02-07 13:33:06,981 - INFO - quickread - 96, 963  101
2019-02-07 13:33:11,358 - INFO - quickread - 97, 984  102
2019-02-07 13:33:15,710 - INFO - quickread - 97, 1005  102
2019-02-07 13:33:19,884 - INFO - quickread - 97, 1026  102
2019-02-07 13:33:24,216 - INFO - quickread - 97, 1047  101
2019-02-07 13:33:28,578 - INFO - quickread - 97, 1068  100
2019-02-07 13:33:41,033 - INFO - quickread - 97, 1128  100
2019-02-07 13:33:56,656 - INFO - quickread - 97, 1185  99
2019-02-07 13:34:09,903 - INFO - quickread - 97, 1243  99
2019-02-07 13:34:13,826 - INFO - quickread - 98, 1264  99
2019-02-07 13:34:13,827 - INFO - quickread - IGNORE emf-2.4.1 NO IMPROVEMENT after 3 random loops. EXITING. Current estimate: 105
2019-02-07 13:34:13,848 - INFO - quickread - IGNORE emf-2.4.1 | Total: 4389 | Percent Checked: 0.29 | Total Yes Data: 104 | Percent Yes Checked: 0.94
2019-02-07 13:34:13,849 - INFO - rig - ++++NEW CLF++++ ENSEMBLE_DT
2019-02-07 13:34:13,868 - INFO - ensemble - 5, 10
2019-02-07 13:34:13,873 - INFO - ensemble - 8, 20
2019-02-07 13:34:13,878 - INFO - ensemble - 17, 30
2019-02-07 13:34:13,883 - INFO - ensemble - 27, 40
2019-02-07 13:34:13,888 - INFO - ensemble - 34, 50
2019-02-07 13:34:13,893 - INFO - ensemble - 40, 60
2019-02-07 13:34:13,898 - INFO - ensemble - 43, 70
2019-02-07 13:34:13,904 - INFO - ensemble - 49, 80
2019-02-07 13:34:13,909 - INFO - ensemble - 52, 90
2019-02-07 13:34:13,914 - INFO - ensemble - 56, 100
2019-02-07 13:34:13,919 - INFO - ensemble - 58, 110
2019-02-07 13:34:13,924 - INFO - ensemble - 59, 120
2019-02-07 13:34:13,929 - INFO - ensemble - 60, 130
2019-02-07 13:34:13,934 - INFO - ensemble - 61, 140
2019-02-07 13:34:13,939 - INFO - ensemble - 61, 150
2019-02-07 13:34:13,945 - INFO - ensemble - 61, 160
2019-02-07 13:34:13,950 - INFO - ensemble - 62, 170
2019-02-07 13:34:13,955 - INFO - ensemble - 62, 180
2019-02-07 13:34:13,960 - INFO - ensemble - 62, 190
2019-02-07 13:34:13,965 - INFO - ensemble - 62, 200
2019-02-07 13:34:13,970 - INFO - ensemble - 62, 210
2019-02-07 13:34:13,976 - INFO - ensemble - 62, 220
2019-02-07 13:34:13,981 - INFO - ensemble - 62, 230
2019-02-07 13:34:13,986 - INFO - ensemble - 62, 240
2019-02-07 13:34:13,992 - INFO - ensemble - 62, 250
2019-02-07 13:34:13,997 - INFO - ensemble - 62, 260
2019-02-07 13:34:14,002 - INFO - ensemble - 62, 270
2019-02-07 13:34:14,007 - INFO - ensemble - 63, 280
2019-02-07 13:34:14,012 - INFO - ensemble - 63, 290
2019-02-07 13:34:14,017 - INFO - ensemble - 64, 300
2019-02-07 13:34:14,023 - INFO - ensemble - 64, 310
2019-02-07 13:34:14,028 - INFO - ensemble - 64, 320
2019-02-07 13:34:14,033 - INFO - ensemble - 64, 330
2019-02-07 13:34:14,039 - INFO - ensemble - 64, 340
2019-02-07 13:34:14,044 - INFO - ensemble - 64, 350
2019-02-07 13:34:14,049 - INFO - ensemble - 64, 360
2019-02-07 13:34:14,055 - INFO - ensemble - 64, 370
2019-02-07 13:34:14,060 - INFO - ensemble - 64, 380
2019-02-07 13:34:14,065 - INFO - ensemble - 65, 390
2019-02-07 13:34:14,070 - INFO - ensemble - 65, 400
2019-02-07 13:34:14,076 - INFO - ensemble - 65, 410
2019-02-07 13:34:14,081 - INFO - ensemble - 65, 420
2019-02-07 13:34:14,086 - INFO - ensemble - 66, 430
2019-02-07 13:34:14,092 - INFO - ensemble - 66, 440
2019-02-07 13:34:14,097 - INFO - ensemble - 66, 450
2019-02-07 13:34:14,103 - INFO - ensemble - 66, 460
2019-02-07 13:34:14,108 - INFO - ensemble - 68, 470
2019-02-07 13:34:14,113 - INFO - ensemble - 69, 480
2019-02-07 13:34:14,119 - INFO - ensemble - 71, 490
2019-02-07 13:34:14,124 - INFO - ensemble - 71, 500
2019-02-07 13:34:14,130 - INFO - ensemble - 71, 510
2019-02-07 13:34:14,135 - INFO - ensemble - 72, 520
2019-02-07 13:34:14,141 - INFO - ensemble - 73, 530
2019-02-07 13:34:14,146 - INFO - ensemble - 73, 540
2019-02-07 13:34:14,151 - INFO - ensemble - 73, 550
2019-02-07 13:34:14,157 - INFO - ensemble - 73, 560
2019-02-07 13:34:14,162 - INFO - ensemble - 73, 570
2019-02-07 13:34:14,168 - INFO - ensemble - 73, 580
2019-02-07 13:34:14,173 - INFO - ensemble - 73, 590
2019-02-07 13:34:14,179 - INFO - ensemble - 74, 600
2019-02-07 13:34:14,184 - INFO - ensemble - 75, 610
2019-02-07 13:34:14,189 - INFO - ensemble - 75, 620
2019-02-07 13:34:14,195 - INFO - ensemble - 75, 630
2019-02-07 13:34:14,201 - INFO - ensemble - 76, 640
2019-02-07 13:34:14,206 - INFO - ensemble - 76, 650
2019-02-07 13:34:14,212 - INFO - ensemble - 77, 660
2019-02-07 13:34:14,217 - INFO - ensemble - 77, 670
2019-02-07 13:34:14,223 - INFO - ensemble - 77, 680
2019-02-07 13:34:14,228 - INFO - ensemble - 77, 690
2019-02-07 13:34:14,234 - INFO - ensemble - 77, 700
2019-02-07 13:34:14,239 - INFO - ensemble - 77, 710
2019-02-07 13:34:14,245 - INFO - ensemble - 77, 720
2019-02-07 13:34:14,250 - INFO - ensemble - 77, 730
2019-02-07 13:34:14,256 - INFO - ensemble - 77, 740
2019-02-07 13:34:14,262 - INFO - ensemble - 77, 750
2019-02-07 13:34:14,267 - INFO - ensemble - 77, 760
2019-02-07 13:34:14,273 - INFO - ensemble - 77, 770
2019-02-07 13:34:14,278 - INFO - ensemble - 77, 780
2019-02-07 13:34:14,284 - INFO - ensemble - 77, 790
2019-02-07 13:34:14,289 - INFO - ensemble - 77, 800
2019-02-07 13:34:14,295 - INFO - ensemble - 77, 810
2019-02-07 13:34:14,301 - INFO - ensemble - 77, 820
2019-02-07 13:34:14,306 - INFO - ensemble - 77, 830
2019-02-07 13:34:14,312 - INFO - ensemble - 77, 840
2019-02-07 13:34:14,318 - INFO - ensemble - 77, 850
2019-02-07 13:34:14,323 - INFO - ensemble - 78, 860
2019-02-07 13:34:14,329 - INFO - ensemble - 78, 870
2019-02-07 13:34:14,334 - INFO - ensemble - 78, 880
2019-02-07 13:34:14,340 - INFO - ensemble - 78, 890
2019-02-07 13:34:14,346 - INFO - ensemble - 78, 900
2019-02-07 13:34:14,351 - INFO - ensemble - 78, 910
2019-02-07 13:34:14,357 - INFO - ensemble - 78, 920
2019-02-07 13:34:14,362 - INFO - ensemble - 78, 930
2019-02-07 13:34:14,368 - INFO - ensemble - 78, 940
2019-02-07 13:34:14,374 - INFO - ensemble - 78, 950
2019-02-07 13:34:14,379 - INFO - ensemble - 78, 960
2019-02-07 13:34:14,385 - INFO - ensemble - 78, 970
2019-02-07 13:34:14,391 - INFO - ensemble - 78, 980
2019-02-07 13:34:14,397 - INFO - ensemble - 79, 990
2019-02-07 13:34:14,402 - INFO - ensemble - 79, 1000
2019-02-07 13:34:14,408 - INFO - ensemble - 79, 1010
2019-02-07 13:34:14,414 - INFO - ensemble - 79, 1020
2019-02-07 13:34:14,419 - INFO - ensemble - 79, 1030
2019-02-07 13:34:14,425 - INFO - ensemble - 79, 1040
2019-02-07 13:34:14,431 - INFO - ensemble - 79, 1050
2019-02-07 13:34:14,437 - INFO - ensemble - 79, 1060
2019-02-07 13:34:14,442 - INFO - ensemble - 79, 1070
2019-02-07 13:34:14,448 - INFO - ensemble - 79, 1080
2019-02-07 13:34:14,454 - INFO - ensemble - 79, 1090
2019-02-07 13:34:14,460 - INFO - ensemble - 79, 1100
2019-02-07 13:34:14,465 - INFO - ensemble - 79, 1110
2019-02-07 13:34:14,471 - INFO - ensemble - 79, 1120
2019-02-07 13:34:14,477 - INFO - ensemble - 79, 1130
2019-02-07 13:34:14,483 - INFO - ensemble - 79, 1140
2019-02-07 13:34:14,489 - INFO - ensemble - 80, 1150
2019-02-07 13:34:14,494 - INFO - ensemble - 80, 1160
2019-02-07 13:34:14,500 - INFO - ensemble - 80, 1170
2019-02-07 13:34:14,506 - INFO - ensemble - 80, 1180
2019-02-07 13:34:14,512 - INFO - ensemble - 80, 1190
2019-02-07 13:34:14,518 - INFO - ensemble - 80, 1200
2019-02-07 13:34:14,524 - INFO - ensemble - 80, 1210
2019-02-07 13:34:14,529 - INFO - ensemble - 80, 1220
2019-02-07 13:34:14,535 - INFO - ensemble - 80, 1230
2019-02-07 13:34:14,541 - INFO - ensemble - 80, 1240
2019-02-07 13:34:14,547 - INFO - ensemble - 80, 1250
2019-02-07 13:34:14,552 - INFO - ensemble - 80, 1260
2019-02-07 13:34:14,558 - INFO - ensemble - 80, 1270
2019-02-07 13:34:14,564 - INFO - ensemble - 80, 1280
2019-02-07 13:34:14,570 - INFO - ensemble - 80, 1290
2019-02-07 13:34:14,576 - INFO - ensemble - 81, 1300
2019-02-07 13:34:14,582 - INFO - ensemble - 81, 1310
2019-02-07 13:34:14,587 - INFO - ensemble - 81, 1320
2019-02-07 13:34:14,593 - INFO - ensemble - 81, 1330
2019-02-07 13:34:14,599 - INFO - ensemble - 81, 1340
2019-02-07 13:34:14,605 - INFO - ensemble - 81, 1350
2019-02-07 13:34:14,611 - INFO - ensemble - 81, 1360
2019-02-07 13:34:14,617 - INFO - ensemble - 81, 1370
2019-02-07 13:34:14,623 - INFO - ensemble - 81, 1380
2019-02-07 13:34:14,628 - INFO - ensemble - 81, 1390
2019-02-07 13:34:14,634 - INFO - ensemble - 81, 1400
2019-02-07 13:34:14,640 - INFO - ensemble - 81, 1410
2019-02-07 13:34:14,646 - INFO - ensemble - 81, 1420
2019-02-07 13:34:14,652 - INFO - ensemble - 81, 1430
2019-02-07 13:34:14,658 - INFO - ensemble - 81, 1440
2019-02-07 13:34:14,664 - INFO - ensemble - 81, 1450
2019-02-07 13:34:14,670 - INFO - ensemble - 81, 1460
2019-02-07 13:34:14,676 - INFO - ensemble - 82, 1470
2019-02-07 13:34:14,682 - INFO - ensemble - 82, 1480
2019-02-07 13:34:14,688 - INFO - ensemble - 82, 1490
2019-02-07 13:34:14,694 - INFO - ensemble - 82, 1500
2019-02-07 13:34:14,700 - INFO - ensemble - 82, 1510
2019-02-07 13:34:14,706 - INFO - ensemble - 82, 1520
2019-02-07 13:34:14,712 - INFO - ensemble - 82, 1530
2019-02-07 13:34:14,718 - INFO - ensemble - 82, 1540
2019-02-07 13:34:14,724 - INFO - ensemble - 82, 1550
2019-02-07 13:34:14,730 - INFO - ensemble - 82, 1560
2019-02-07 13:34:14,736 - INFO - ensemble - 82, 1570
2019-02-07 13:34:14,742 - INFO - ensemble - 82, 1580
2019-02-07 13:34:14,748 - INFO - ensemble - 82, 1590
2019-02-07 13:34:14,754 - INFO - ensemble - 82, 1600
2019-02-07 13:34:14,760 - INFO - ensemble - 82, 1610
2019-02-07 13:34:14,766 - INFO - ensemble - 82, 1620
2019-02-07 13:34:14,773 - INFO - ensemble - 82, 1630
2019-02-07 13:34:14,779 - INFO - ensemble - 82, 1640
2019-02-07 13:34:14,785 - INFO - ensemble - 82, 1650
2019-02-07 13:34:14,791 - INFO - ensemble - 82, 1660
2019-02-07 13:34:14,797 - INFO - ensemble - 82, 1670
2019-02-07 13:34:14,803 - INFO - ensemble - 82, 1680
2019-02-07 13:34:14,809 - INFO - ensemble - 82, 1690
2019-02-07 13:34:14,815 - INFO - ensemble - 82, 1700
2019-02-07 13:34:14,821 - INFO - ensemble - 82, 1710
2019-02-07 13:34:14,827 - INFO - ensemble - 82, 1720
2019-02-07 13:34:14,833 - INFO - ensemble - 82, 1730
2019-02-07 13:34:14,839 - INFO - ensemble - 82, 1740
2019-02-07 13:34:14,845 - INFO - ensemble - 82, 1750
2019-02-07 13:34:14,852 - INFO - ensemble - 82, 1760
2019-02-07 13:34:14,858 - INFO - ensemble - 82, 1770
2019-02-07 13:34:14,864 - INFO - ensemble - 82, 1780
2019-02-07 13:34:14,870 - INFO - ensemble - 82, 1790
2019-02-07 13:34:14,876 - INFO - ensemble - 82, 1800
2019-02-07 13:34:14,882 - INFO - ensemble - 82, 1810
2019-02-07 13:34:14,888 - INFO - ensemble - 82, 1820
2019-02-07 13:34:14,894 - INFO - ensemble - 82, 1830
2019-02-07 13:34:14,900 - INFO - ensemble - 82, 1840
2019-02-07 13:34:14,906 - INFO - ensemble - 82, 1850
2019-02-07 13:34:14,912 - INFO - ensemble - 83, 1860
2019-02-07 13:34:14,918 - INFO - ensemble - 83, 1870
2019-02-07 13:34:14,925 - INFO - ensemble - 83, 1880
2019-02-07 13:34:14,931 - INFO - ensemble - 83, 1890
2019-02-07 13:34:14,937 - INFO - ensemble - 83, 1900
2019-02-07 13:34:14,943 - INFO - ensemble - 84, 1910
2019-02-07 13:34:14,949 - INFO - ensemble - 84, 1920
2019-02-07 13:34:14,956 - INFO - ensemble - 84, 1930
2019-02-07 13:34:14,962 - INFO - ensemble - 84, 1940
2019-02-07 13:34:14,968 - INFO - ensemble - 84, 1950
2019-02-07 13:34:14,974 - INFO - ensemble - 84, 1960
2019-02-07 13:34:14,981 - INFO - ensemble - 84, 1970
2019-02-07 13:34:14,987 - INFO - ensemble - 84, 1980
2019-02-07 13:34:14,993 - INFO - ensemble - 84, 1990
2019-02-07 13:34:14,999 - INFO - ensemble - 84, 2000
2019-02-07 13:34:15,005 - INFO - ensemble - 84, 2010
2019-02-07 13:34:15,012 - INFO - ensemble - 84, 2020
2019-02-07 13:34:15,018 - INFO - ensemble - 84, 2030
2019-02-07 13:34:15,024 - INFO - ensemble - 84, 2040
2019-02-07 13:34:15,030 - INFO - ensemble - 84, 2050
2019-02-07 13:34:15,037 - INFO - ensemble - 84, 2060
2019-02-07 13:34:15,043 - INFO - ensemble - 84, 2070
2019-02-07 13:34:15,049 - INFO - ensemble - 84, 2080
2019-02-07 13:34:15,056 - INFO - ensemble - 84, 2090
2019-02-07 13:34:15,062 - INFO - ensemble - 84, 2100
2019-02-07 13:34:15,068 - INFO - ensemble - 84, 2110
2019-02-07 13:34:15,075 - INFO - ensemble - 84, 2120
2019-02-07 13:34:15,081 - INFO - ensemble - 84, 2130
2019-02-07 13:34:15,087 - INFO - ensemble - 84, 2140
2019-02-07 13:34:15,093 - INFO - ensemble - 84, 2150
2019-02-07 13:34:15,099 - INFO - ensemble - 84, 2160
2019-02-07 13:34:15,106 - INFO - ensemble - 84, 2170
2019-02-07 13:34:15,112 - INFO - ensemble - 84, 2180
2019-02-07 13:34:15,119 - INFO - ensemble - 84, 2190
2019-02-07 13:34:15,125 - INFO - ensemble - 84, 2200
2019-02-07 13:34:15,131 - INFO - ensemble - 84, 2210
2019-02-07 13:34:15,138 - INFO - ensemble - 84, 2220
2019-02-07 13:34:15,144 - INFO - ensemble - 84, 2230
2019-02-07 13:34:15,150 - INFO - ensemble - 84, 2240
2019-02-07 13:34:15,157 - INFO - ensemble - 84, 2250
2019-02-07 13:34:15,163 - INFO - ensemble - 84, 2260
2019-02-07 13:34:15,170 - INFO - ensemble - 84, 2270
2019-02-07 13:34:15,176 - INFO - ensemble - 84, 2280
2019-02-07 13:34:15,183 - INFO - ensemble - 84, 2290
2019-02-07 13:34:15,189 - INFO - ensemble - 84, 2300
2019-02-07 13:34:15,195 - INFO - ensemble - 84, 2310
2019-02-07 13:34:15,202 - INFO - ensemble - 85, 2320
2019-02-07 13:34:15,208 - INFO - ensemble - 85, 2330
2019-02-07 13:34:15,215 - INFO - ensemble - 85, 2340
2019-02-07 13:34:15,221 - INFO - ensemble - 85, 2350
2019-02-07 13:34:15,227 - INFO - ensemble - 85, 2360
2019-02-07 13:34:15,234 - INFO - ensemble - 85, 2370
2019-02-07 13:34:15,240 - INFO - ensemble - 85, 2380
2019-02-07 13:34:15,247 - INFO - ensemble - 86, 2390
2019-02-07 13:34:15,253 - INFO - ensemble - 86, 2400
2019-02-07 13:34:15,259 - INFO - ensemble - 86, 2410
2019-02-07 13:34:15,266 - INFO - ensemble - 86, 2420
2019-02-07 13:34:15,272 - INFO - ensemble - 86, 2430
2019-02-07 13:34:15,278 - INFO - ensemble - 86, 2440
2019-02-07 13:34:15,285 - INFO - ensemble - 86, 2450
2019-02-07 13:34:15,291 - INFO - ensemble - 86, 2460
2019-02-07 13:34:15,298 - INFO - ensemble - 87, 2470
2019-02-07 13:34:15,304 - INFO - ensemble - 87, 2480
2019-02-07 13:34:15,311 - INFO - ensemble - 87, 2490
2019-02-07 13:34:15,317 - INFO - ensemble - 87, 2500
2019-02-07 13:34:15,324 - INFO - ensemble - 87, 2510
2019-02-07 13:34:15,330 - INFO - ensemble - 87, 2520
2019-02-07 13:34:15,337 - INFO - ensemble - 87, 2530
2019-02-07 13:34:15,343 - INFO - ensemble - 87, 2540
2019-02-07 13:34:15,350 - INFO - ensemble - 88, 2550
2019-02-07 13:34:15,356 - INFO - ensemble - 88, 2560
2019-02-07 13:34:15,362 - INFO - ensemble - 90, 2570
2019-02-07 13:34:15,369 - INFO - ensemble - 90, 2580
2019-02-07 13:34:15,376 - INFO - ensemble - 90, 2590
2019-02-07 13:34:15,382 - INFO - ensemble - 91, 2600
2019-02-07 13:34:15,389 - INFO - ensemble - 91, 2610
2019-02-07 13:34:15,395 - INFO - ensemble - 91, 2620
2019-02-07 13:34:15,402 - INFO - ensemble - 91, 2630
2019-02-07 13:34:15,408 - INFO - ensemble - 91, 2640
2019-02-07 13:34:15,415 - INFO - ensemble - 91, 2650
2019-02-07 13:34:15,421 - INFO - ensemble - 91, 2660
2019-02-07 13:34:15,428 - INFO - ensemble - 91, 2670
2019-02-07 13:34:15,435 - INFO - ensemble - 91, 2680
2019-02-07 13:34:15,441 - INFO - ensemble - 91, 2690
2019-02-07 13:34:15,448 - INFO - ensemble - 91, 2700
2019-02-07 13:34:15,454 - INFO - ensemble - 91, 2710
2019-02-07 13:34:15,461 - INFO - ensemble - 91, 2720
2019-02-07 13:34:15,468 - INFO - ensemble - 91, 2730
2019-02-07 13:34:15,474 - INFO - ensemble - 91, 2740
2019-02-07 13:34:15,481 - INFO - ensemble - 91, 2750
2019-02-07 13:34:15,487 - INFO - ensemble - 91, 2760
2019-02-07 13:34:15,494 - INFO - ensemble - 91, 2770
2019-02-07 13:34:15,501 - INFO - ensemble - 91, 2780
2019-02-07 13:34:15,507 - INFO - ensemble - 91, 2790
2019-02-07 13:34:15,514 - INFO - ensemble - 92, 2800
2019-02-07 13:34:15,520 - INFO - ensemble - 92, 2810
2019-02-07 13:34:15,527 - INFO - ensemble - 92, 2820
2019-02-07 13:34:15,533 - INFO - ensemble - 92, 2830
2019-02-07 13:34:15,540 - INFO - ensemble - 92, 2840
2019-02-07 13:34:15,547 - INFO - ensemble - 93, 2850
2019-02-07 13:34:15,553 - INFO - ensemble - 93, 2860
2019-02-07 13:34:15,560 - INFO - ensemble - 93, 2870
2019-02-07 13:34:15,566 - INFO - ensemble - 93, 2880
2019-02-07 13:34:15,573 - INFO - ensemble - 93, 2890
2019-02-07 13:34:15,580 - INFO - ensemble - 93, 2900
2019-02-07 13:34:15,586 - INFO - ensemble - 93, 2910
2019-02-07 13:34:15,593 - INFO - ensemble - 93, 2920
2019-02-07 13:34:15,600 - INFO - ensemble - 93, 2930
2019-02-07 13:34:15,606 - INFO - ensemble - 93, 2940
2019-02-07 13:34:15,613 - INFO - ensemble - 94, 2950
2019-02-07 13:34:15,619 - INFO - ensemble - 94, 2960
2019-02-07 13:34:15,626 - INFO - ensemble - 94, 2970
2019-02-07 13:34:15,633 - INFO - ensemble - 94, 2980
2019-02-07 13:34:15,640 - INFO - ensemble - 94, 2990
2019-02-07 13:34:15,646 - INFO - ensemble - 94, 3000
2019-02-07 13:34:15,653 - INFO - ensemble - 95, 3010
2019-02-07 13:34:15,659 - INFO - ensemble - 95, 3020
2019-02-07 13:34:15,666 - INFO - ensemble - 95, 3030
2019-02-07 13:34:15,673 - INFO - ensemble - 95, 3040
2019-02-07 13:34:15,680 - INFO - ensemble - 95, 3050
2019-02-07 13:34:15,686 - INFO - ensemble - 95, 3060
2019-02-07 13:34:15,693 - INFO - ensemble - 96, 3070
2019-02-07 13:34:15,700 - INFO - ensemble - 96, 3080
2019-02-07 13:34:15,707 - INFO - ensemble - 96, 3090
2019-02-07 13:34:15,713 - INFO - ensemble - 96, 3100
2019-02-07 13:34:15,720 - INFO - ensemble - 96, 3110
2019-02-07 13:34:15,727 - INFO - ensemble - 96, 3120
2019-02-07 13:34:15,734 - INFO - ensemble - 96, 3130
2019-02-07 13:34:15,741 - INFO - ensemble - 96, 3140
2019-02-07 13:34:15,748 - INFO - ensemble - 96, 3150
2019-02-07 13:34:15,754 - INFO - ensemble - 96, 3160
2019-02-07 13:34:15,761 - INFO - ensemble - 96, 3170
2019-02-07 13:34:15,768 - INFO - ensemble - 96, 3180
2019-02-07 13:34:15,775 - INFO - ensemble - 96, 3190
2019-02-07 13:34:15,781 - INFO - ensemble - 96, 3200
2019-02-07 13:34:15,788 - INFO - ensemble - 96, 3210
2019-02-07 13:34:15,795 - INFO - ensemble - 96, 3220
2019-02-07 13:34:15,802 - INFO - ensemble - 96, 3230
2019-02-07 13:34:15,808 - INFO - ensemble - 96, 3240
2019-02-07 13:34:15,815 - INFO - ensemble - 96, 3250
2019-02-07 13:34:15,822 - INFO - ensemble - 97, 3260
2019-02-07 13:34:15,829 - INFO - ensemble - 97, 3270
2019-02-07 13:34:15,836 - INFO - ensemble - 97, 3280
2019-02-07 13:34:15,843 - INFO - ensemble - 97, 3290
2019-02-07 13:34:15,850 - INFO - ensemble - 97, 3300
2019-02-07 13:34:15,856 - INFO - ensemble - 97, 3310
2019-02-07 13:34:15,863 - INFO - ensemble - 97, 3320
2019-02-07 13:34:15,870 - INFO - ensemble - 97, 3330
2019-02-07 13:34:15,877 - INFO - ensemble - 97, 3340
2019-02-07 13:34:15,884 - INFO - ensemble - 97, 3350
2019-02-07 13:34:15,891 - INFO - ensemble - 97, 3360
2019-02-07 13:34:15,898 - INFO - ensemble - 97, 3370
2019-02-07 13:34:15,905 - INFO - ensemble - 97, 3380
2019-02-07 13:34:15,912 - INFO - ensemble - 97, 3390
2019-02-07 13:34:15,919 - INFO - ensemble - 97, 3400
2019-02-07 13:34:15,926 - INFO - ensemble - 97, 3410
2019-02-07 13:34:15,933 - INFO - ensemble - 97, 3420
2019-02-07 13:34:15,940 - INFO - ensemble - 97, 3430
2019-02-07 13:34:15,947 - INFO - ensemble - 97, 3440
2019-02-07 13:34:15,954 - INFO - ensemble - 97, 3450
2019-02-07 13:34:15,961 - INFO - ensemble - 97, 3460
2019-02-07 13:34:15,968 - INFO - ensemble - 97, 3470
2019-02-07 13:34:15,975 - INFO - ensemble - 97, 3480
2019-02-07 13:34:15,981 - INFO - ensemble - 97, 3490
2019-02-07 13:34:15,988 - INFO - ensemble - 97, 3500
2019-02-07 13:34:15,995 - INFO - ensemble - 98, 3510
2019-02-07 13:34:16,002 - INFO - ensemble - 98, 3520
2019-02-07 13:34:16,009 - INFO - ensemble - 98, 3530
2019-02-07 13:34:16,016 - INFO - ensemble - 98, 3540
2019-02-07 13:34:16,023 - INFO - ensemble - 99, 3550
2019-02-07 13:34:23,118 - INFO - rig - ++++NEW CLF++++ ENSEMBLE_NBM
2019-02-07 13:34:23,136 - INFO - ensemble - 6, 10
2019-02-07 13:34:23,141 - INFO - ensemble - 10, 20
2019-02-07 13:34:23,146 - INFO - ensemble - 17, 30
2019-02-07 13:34:23,150 - INFO - ensemble - 27, 40
2019-02-07 13:34:23,155 - INFO - ensemble - 35, 50
2019-02-07 13:34:23,160 - INFO - ensemble - 41, 60
2019-02-07 13:34:23,164 - INFO - ensemble - 47, 70
2019-02-07 13:34:23,169 - INFO - ensemble - 49, 80
2019-02-07 13:34:23,174 - INFO - ensemble - 53, 90
2019-02-07 13:34:23,178 - INFO - ensemble - 55, 100
2019-02-07 13:34:23,183 - INFO - ensemble - 58, 110
2019-02-07 13:34:23,188 - INFO - ensemble - 59, 120
2019-02-07 13:34:23,192 - INFO - ensemble - 62, 130
2019-02-07 13:34:23,197 - INFO - ensemble - 65, 140
2019-02-07 13:34:23,202 - INFO - ensemble - 65, 150
2019-02-07 13:34:23,207 - INFO - ensemble - 65, 160
2019-02-07 13:34:23,211 - INFO - ensemble - 65, 170
2019-02-07 13:34:23,216 - INFO - ensemble - 66, 180
2019-02-07 13:34:23,221 - INFO - ensemble - 66, 190
2019-02-07 13:34:23,225 - INFO - ensemble - 67, 200
2019-02-07 13:34:23,230 - INFO - ensemble - 67, 210
2019-02-07 13:34:23,235 - INFO - ensemble - 67, 220
2019-02-07 13:34:23,240 - INFO - ensemble - 67, 230
2019-02-07 13:34:23,244 - INFO - ensemble - 67, 240
2019-02-07 13:34:23,249 - INFO - ensemble - 67, 250
2019-02-07 13:34:23,254 - INFO - ensemble - 67, 260
2019-02-07 13:34:23,259 - INFO - ensemble - 67, 270
2019-02-07 13:34:23,263 - INFO - ensemble - 67, 280
2019-02-07 13:34:23,268 - INFO - ensemble - 67, 290
2019-02-07 13:34:23,273 - INFO - ensemble - 69, 300
2019-02-07 13:34:23,278 - INFO - ensemble - 69, 310
2019-02-07 13:34:23,283 - INFO - ensemble - 69, 320
2019-02-07 13:34:23,287 - INFO - ensemble - 69, 330
2019-02-07 13:34:23,292 - INFO - ensemble - 70, 340
2019-02-07 13:34:23,297 - INFO - ensemble - 70, 350
2019-02-07 13:34:23,302 - INFO - ensemble - 70, 360
2019-02-07 13:34:23,307 - INFO - ensemble - 70, 370
2019-02-07 13:34:23,311 - INFO - ensemble - 70, 380
2019-02-07 13:34:23,316 - INFO - ensemble - 70, 390
2019-02-07 13:34:23,321 - INFO - ensemble - 71, 400
2019-02-07 13:34:23,326 - INFO - ensemble - 71, 410
2019-02-07 13:34:23,331 - INFO - ensemble - 71, 420
2019-02-07 13:34:23,335 - INFO - ensemble - 71, 430
2019-02-07 13:34:23,340 - INFO - ensemble - 71, 440
2019-02-07 13:34:23,345 - INFO - ensemble - 72, 450
2019-02-07 13:34:23,350 - INFO - ensemble - 72, 460
2019-02-07 13:34:23,355 - INFO - ensemble - 72, 470
2019-02-07 13:34:23,359 - INFO - ensemble - 72, 480
2019-02-07 13:34:23,364 - INFO - ensemble - 73, 490
2019-02-07 13:34:23,369 - INFO - ensemble - 73, 500
2019-02-07 13:34:23,374 - INFO - ensemble - 73, 510
2019-02-07 13:34:23,379 - INFO - ensemble - 74, 520
2019-02-07 13:34:23,384 - INFO - ensemble - 74, 530
2019-02-07 13:34:23,388 - INFO - ensemble - 74, 540
2019-02-07 13:34:23,393 - INFO - ensemble - 75, 550
2019-02-07 13:34:23,398 - INFO - ensemble - 76, 560
2019-02-07 13:34:23,403 - INFO - ensemble - 76, 570
2019-02-07 13:34:23,408 - INFO - ensemble - 76, 580
2019-02-07 13:34:23,413 - INFO - ensemble - 76, 590
2019-02-07 13:34:23,418 - INFO - ensemble - 76, 600
2019-02-07 13:34:23,422 - INFO - ensemble - 76, 610
2019-02-07 13:34:23,427 - INFO - ensemble - 76, 620
2019-02-07 13:34:23,432 - INFO - ensemble - 76, 630
2019-02-07 13:34:23,437 - INFO - ensemble - 76, 640
2019-02-07 13:34:23,442 - INFO - ensemble - 76, 650
2019-02-07 13:34:23,447 - INFO - ensemble - 76, 660
2019-02-07 13:34:23,452 - INFO - ensemble - 76, 670
2019-02-07 13:34:23,456 - INFO - ensemble - 76, 680
2019-02-07 13:34:23,461 - INFO - ensemble - 76, 690
2019-02-07 13:34:23,466 - INFO - ensemble - 76, 700
2019-02-07 13:34:23,471 - INFO - ensemble - 76, 710
2019-02-07 13:34:23,476 - INFO - ensemble - 76, 720
2019-02-07 13:34:23,481 - INFO - ensemble - 76, 730
2019-02-07 13:34:23,486 - INFO - ensemble - 76, 740
2019-02-07 13:34:23,491 - INFO - ensemble - 76, 750
2019-02-07 13:34:23,496 - INFO - ensemble - 76, 760
2019-02-07 13:34:23,501 - INFO - ensemble - 76, 770
2019-02-07 13:34:23,506 - INFO - ensemble - 76, 780
2019-02-07 13:34:23,511 - INFO - ensemble - 76, 790
2019-02-07 13:34:23,516 - INFO - ensemble - 76, 800
2019-02-07 13:34:23,521 - INFO - ensemble - 76, 810
2019-02-07 13:34:23,525 - INFO - ensemble - 77, 820
2019-02-07 13:34:23,530 - INFO - ensemble - 77, 830
2019-02-07 13:34:23,535 - INFO - ensemble - 77, 840
2019-02-07 13:34:23,540 - INFO - ensemble - 77, 850
2019-02-07 13:34:23,545 - INFO - ensemble - 77, 860
2019-02-07 13:34:23,550 - INFO - ensemble - 77, 870
2019-02-07 13:34:23,555 - INFO - ensemble - 77, 880
2019-02-07 13:34:23,560 - INFO - ensemble - 77, 890
2019-02-07 13:34:23,565 - INFO - ensemble - 77, 900
2019-02-07 13:34:23,570 - INFO - ensemble - 77, 910
2019-02-07 13:34:23,575 - INFO - ensemble - 77, 920
2019-02-07 13:34:23,580 - INFO - ensemble - 77, 930
2019-02-07 13:34:23,585 - INFO - ensemble - 77, 940
2019-02-07 13:34:23,590 - INFO - ensemble - 77, 950
2019-02-07 13:34:23,595 - INFO - ensemble - 77, 960
2019-02-07 13:34:23,600 - INFO - ensemble - 77, 970
2019-02-07 13:34:23,605 - INFO - ensemble - 77, 980
2019-02-07 13:34:23,610 - INFO - ensemble - 77, 990
2019-02-07 13:34:23,615 - INFO - ensemble - 77, 1000
2019-02-07 13:34:23,621 - INFO - ensemble - 77, 1010
2019-02-07 13:34:23,626 - INFO - ensemble - 77, 1020
2019-02-07 13:34:23,631 - INFO - ensemble - 77, 1030
2019-02-07 13:34:23,636 - INFO - ensemble - 77, 1040
2019-02-07 13:34:23,641 - INFO - ensemble - 78, 1050
2019-02-07 13:34:23,646 - INFO - ensemble - 78, 1060
2019-02-07 13:34:23,651 - INFO - ensemble - 78, 1070
2019-02-07 13:34:23,656 - INFO - ensemble - 78, 1080
2019-02-07 13:34:23,661 - INFO - ensemble - 78, 1090
2019-02-07 13:34:23,666 - INFO - ensemble - 79, 1100
2019-02-07 13:34:23,671 - INFO - ensemble - 79, 1110
2019-02-07 13:34:23,676 - INFO - ensemble - 79, 1120
2019-02-07 13:34:23,681 - INFO - ensemble - 79, 1130
2019-02-07 13:34:23,686 - INFO - ensemble - 79, 1140
2019-02-07 13:34:23,692 - INFO - ensemble - 79, 1150
2019-02-07 13:34:23,697 - INFO - ensemble - 79, 1160
2019-02-07 13:34:23,702 - INFO - ensemble - 79, 1170
2019-02-07 13:34:23,707 - INFO - ensemble - 79, 1180
2019-02-07 13:34:23,712 - INFO - ensemble - 79, 1190
2019-02-07 13:34:23,717 - INFO - ensemble - 79, 1200
2019-02-07 13:34:23,722 - INFO - ensemble - 79, 1210
2019-02-07 13:34:23,727 - INFO - ensemble - 79, 1220
2019-02-07 13:34:23,732 - INFO - ensemble - 79, 1230
2019-02-07 13:34:23,738 - INFO - ensemble - 80, 1240
2019-02-07 13:34:23,743 - INFO - ensemble - 80, 1250
2019-02-07 13:34:23,748 - INFO - ensemble - 80, 1260
2019-02-07 13:34:23,753 - INFO - ensemble - 80, 1270
2019-02-07 13:34:23,758 - INFO - ensemble - 80, 1280
2019-02-07 13:34:23,763 - INFO - ensemble - 80, 1290
2019-02-07 13:34:23,768 - INFO - ensemble - 80, 1300
2019-02-07 13:34:23,774 - INFO - ensemble - 80, 1310
2019-02-07 13:34:23,779 - INFO - ensemble - 80, 1320
2019-02-07 13:34:23,784 - INFO - ensemble - 80, 1330
2019-02-07 13:34:23,789 - INFO - ensemble - 80, 1340
2019-02-07 13:34:23,794 - INFO - ensemble - 80, 1350
2019-02-07 13:34:23,799 - INFO - ensemble - 80, 1360
2019-02-07 13:34:23,805 - INFO - ensemble - 80, 1370
2019-02-07 13:34:23,810 - INFO - ensemble - 80, 1380
2019-02-07 13:34:23,815 - INFO - ensemble - 80, 1390
2019-02-07 13:34:23,820 - INFO - ensemble - 80, 1400
2019-02-07 13:34:23,825 - INFO - ensemble - 80, 1410
2019-02-07 13:34:23,831 - INFO - ensemble - 80, 1420
2019-02-07 13:34:23,836 - INFO - ensemble - 80, 1430
2019-02-07 13:34:23,841 - INFO - ensemble - 81, 1440
2019-02-07 13:34:23,846 - INFO - ensemble - 81, 1450
2019-02-07 13:34:23,852 - INFO - ensemble - 81, 1460
2019-02-07 13:34:23,857 - INFO - ensemble - 81, 1470
2019-02-07 13:34:23,862 - INFO - ensemble - 81, 1480
2019-02-07 13:34:23,867 - INFO - ensemble - 81, 1490
2019-02-07 13:34:23,873 - INFO - ensemble - 81, 1500
2019-02-07 13:34:23,878 - INFO - ensemble - 81, 1510
2019-02-07 13:34:23,883 - INFO - ensemble - 81, 1520
2019-02-07 13:34:23,888 - INFO - ensemble - 81, 1530
2019-02-07 13:34:23,893 - INFO - ensemble - 81, 1540
2019-02-07 13:34:23,899 - INFO - ensemble - 81, 1550
2019-02-07 13:34:23,904 - INFO - ensemble - 81, 1560
2019-02-07 13:34:23,909 - INFO - ensemble - 81, 1570
2019-02-07 13:34:23,915 - INFO - ensemble - 81, 1580
2019-02-07 13:34:23,920 - INFO - ensemble - 81, 1590
2019-02-07 13:34:23,925 - INFO - ensemble - 81, 1600
2019-02-07 13:34:23,930 - INFO - ensemble - 81, 1610
2019-02-07 13:34:23,936 - INFO - ensemble - 81, 1620
2019-02-07 13:34:23,941 - INFO - ensemble - 81, 1630
2019-02-07 13:34:23,946 - INFO - ensemble - 81, 1640
2019-02-07 13:34:23,952 - INFO - ensemble - 81, 1650
2019-02-07 13:34:23,957 - INFO - ensemble - 81, 1660
2019-02-07 13:34:23,962 - INFO - ensemble - 81, 1670
2019-02-07 13:34:23,968 - INFO - ensemble - 81, 1680
2019-02-07 13:34:23,973 - INFO - ensemble - 81, 1690
2019-02-07 13:34:23,978 - INFO - ensemble - 81, 1700
2019-02-07 13:34:23,983 - INFO - ensemble - 81, 1710
2019-02-07 13:34:23,989 - INFO - ensemble - 81, 1720
2019-02-07 13:34:23,994 - INFO - ensemble - 81, 1730
2019-02-07 13:34:23,999 - INFO - ensemble - 81, 1740
2019-02-07 13:34:24,005 - INFO - ensemble - 81, 1750
2019-02-07 13:34:24,010 - INFO - ensemble - 81, 1760
2019-02-07 13:34:24,015 - INFO - ensemble - 81, 1770
2019-02-07 13:34:24,020 - INFO - ensemble - 81, 1780
2019-02-07 13:34:24,026 - INFO - ensemble - 81, 1790
2019-02-07 13:34:24,031 - INFO - ensemble - 81, 1800
2019-02-07 13:34:24,037 - INFO - ensemble - 81, 1810
2019-02-07 13:34:24,042 - INFO - ensemble - 81, 1820
2019-02-07 13:34:24,047 - INFO - ensemble - 81, 1830
2019-02-07 13:34:24,053 - INFO - ensemble - 82, 1840
2019-02-07 13:34:24,058 - INFO - ensemble - 82, 1850
2019-02-07 13:34:24,064 - INFO - ensemble - 82, 1860
2019-02-07 13:34:24,069 - INFO - ensemble - 82, 1870
2019-02-07 13:34:24,075 - INFO - ensemble - 82, 1880
2019-02-07 13:34:24,080 - INFO - ensemble - 83, 1890
2019-02-07 13:34:24,086 - INFO - ensemble - 83, 1900
2019-02-07 13:34:24,091 - INFO - ensemble - 83, 1910
2019-02-07 13:34:24,096 - INFO - ensemble - 83, 1920
2019-02-07 13:34:24,102 - INFO - ensemble - 83, 1930
2019-02-07 13:34:24,107 - INFO - ensemble - 83, 1940
2019-02-07 13:34:24,112 - INFO - ensemble - 83, 1950
2019-02-07 13:34:24,118 - INFO - ensemble - 83, 1960
2019-02-07 13:34:24,123 - INFO - ensemble - 83, 1970
2019-02-07 13:34:24,129 - INFO - ensemble - 83, 1980
2019-02-07 13:34:24,134 - INFO - ensemble - 83, 1990
2019-02-07 13:34:24,139 - INFO - ensemble - 83, 2000
2019-02-07 13:34:24,145 - INFO - ensemble - 83, 2010
2019-02-07 13:34:24,150 - INFO - ensemble - 83, 2020
2019-02-07 13:34:24,156 - INFO - ensemble - 83, 2030
2019-02-07 13:34:24,161 - INFO - ensemble - 83, 2040
2019-02-07 13:34:24,167 - INFO - ensemble - 83, 2050
2019-02-07 13:34:24,172 - INFO - ensemble - 83, 2060
2019-02-07 13:34:24,177 - INFO - ensemble - 83, 2070
2019-02-07 13:34:24,183 - INFO - ensemble - 83, 2080
2019-02-07 13:34:24,188 - INFO - ensemble - 83, 2090
2019-02-07 13:34:24,194 - INFO - ensemble - 83, 2100
2019-02-07 13:34:24,199 - INFO - ensemble - 83, 2110
2019-02-07 13:34:24,204 - INFO - ensemble - 83, 2120
2019-02-07 13:34:24,210 - INFO - ensemble - 83, 2130
2019-02-07 13:34:24,215 - INFO - ensemble - 83, 2140
2019-02-07 13:34:24,221 - INFO - ensemble - 83, 2150
2019-02-07 13:34:24,226 - INFO - ensemble - 83, 2160
2019-02-07 13:34:24,232 - INFO - ensemble - 83, 2170
2019-02-07 13:34:24,237 - INFO - ensemble - 83, 2180
2019-02-07 13:34:24,243 - INFO - ensemble - 83, 2190
2019-02-07 13:34:24,248 - INFO - ensemble - 83, 2200
2019-02-07 13:34:24,253 - INFO - ensemble - 83, 2210
2019-02-07 13:34:24,259 - INFO - ensemble - 83, 2220
2019-02-07 13:34:24,264 - INFO - ensemble - 83, 2230
2019-02-07 13:34:24,270 - INFO - ensemble - 83, 2240
2019-02-07 13:34:24,275 - INFO - ensemble - 83, 2250
2019-02-07 13:34:24,281 - INFO - ensemble - 83, 2260
2019-02-07 13:34:24,287 - INFO - ensemble - 83, 2270
2019-02-07 13:34:24,292 - INFO - ensemble - 83, 2280
2019-02-07 13:34:24,298 - INFO - ensemble - 83, 2290
2019-02-07 13:34:24,304 - INFO - ensemble - 83, 2300
2019-02-07 13:34:24,309 - INFO - ensemble - 84, 2310
2019-02-07 13:34:24,315 - INFO - ensemble - 84, 2320
2019-02-07 13:34:24,320 - INFO - ensemble - 84, 2330
2019-02-07 13:34:24,325 - INFO - ensemble - 84, 2340
2019-02-07 13:34:24,331 - INFO - ensemble - 84, 2350
2019-02-07 13:34:24,336 - INFO - ensemble - 84, 2360
2019-02-07 13:34:24,342 - INFO - ensemble - 84, 2370
2019-02-07 13:34:24,347 - INFO - ensemble - 85, 2380
2019-02-07 13:34:24,353 - INFO - ensemble - 85, 2390
2019-02-07 13:34:24,358 - INFO - ensemble - 85, 2400
2019-02-07 13:34:24,364 - INFO - ensemble - 85, 2410
2019-02-07 13:34:24,370 - INFO - ensemble - 85, 2420
2019-02-07 13:34:24,375 - INFO - ensemble - 86, 2430
2019-02-07 13:34:24,381 - INFO - ensemble - 86, 2440
2019-02-07 13:34:24,386 - INFO - ensemble - 86, 2450
2019-02-07 13:34:24,392 - INFO - ensemble - 86, 2460
2019-02-07 13:34:24,397 - INFO - ensemble - 86, 2470
2019-02-07 13:34:24,403 - INFO - ensemble - 86, 2480
2019-02-07 13:34:24,408 - INFO - ensemble - 86, 2490
2019-02-07 13:34:24,414 - INFO - ensemble - 86, 2500
2019-02-07 13:34:24,420 - INFO - ensemble - 87, 2510
2019-02-07 13:34:24,425 - INFO - ensemble - 87, 2520
2019-02-07 13:34:24,431 - INFO - ensemble - 87, 2530
2019-02-07 13:34:24,437 - INFO - ensemble - 88, 2540
2019-02-07 13:34:24,442 - INFO - ensemble - 88, 2550
2019-02-07 13:34:24,448 - INFO - ensemble - 88, 2560
2019-02-07 13:34:24,453 - INFO - ensemble - 88, 2570
2019-02-07 13:34:24,459 - INFO - ensemble - 88, 2580
2019-02-07 13:34:24,465 - INFO - ensemble - 90, 2590
2019-02-07 13:34:24,471 - INFO - ensemble - 90, 2600
2019-02-07 13:34:24,476 - INFO - ensemble - 90, 2610
2019-02-07 13:34:24,482 - INFO - ensemble - 90, 2620
2019-02-07 13:34:24,487 - INFO - ensemble - 90, 2630
2019-02-07 13:34:24,493 - INFO - ensemble - 90, 2640
2019-02-07 13:34:24,498 - INFO - ensemble - 91, 2650
2019-02-07 13:34:24,504 - INFO - ensemble - 91, 2660
2019-02-07 13:34:24,510 - INFO - ensemble - 91, 2670
2019-02-07 13:34:24,515 - INFO - ensemble - 91, 2680
2019-02-07 13:34:24,521 - INFO - ensemble - 91, 2690
2019-02-07 13:34:24,527 - INFO - ensemble - 91, 2700
2019-02-07 13:34:24,532 - INFO - ensemble - 91, 2710
2019-02-07 13:34:24,538 - INFO - ensemble - 91, 2720
2019-02-07 13:34:24,544 - INFO - ensemble - 91, 2730
2019-02-07 13:34:24,550 - INFO - ensemble - 91, 2740
2019-02-07 13:34:24,555 - INFO - ensemble - 91, 2750
2019-02-07 13:34:24,561 - INFO - ensemble - 91, 2760
2019-02-07 13:34:24,567 - INFO - ensemble - 91, 2770
2019-02-07 13:34:24,573 - INFO - ensemble - 91, 2780
2019-02-07 13:34:24,578 - INFO - ensemble - 92, 2790
2019-02-07 13:34:24,584 - INFO - ensemble - 92, 2800
2019-02-07 13:34:24,590 - INFO - ensemble - 92, 2810
2019-02-07 13:34:24,595 - INFO - ensemble - 92, 2820
2019-02-07 13:34:24,601 - INFO - ensemble - 92, 2830
2019-02-07 13:34:24,607 - INFO - ensemble - 92, 2840
2019-02-07 13:34:24,613 - INFO - ensemble - 92, 2850
2019-02-07 13:34:24,618 - INFO - ensemble - 92, 2860
2019-02-07 13:34:24,624 - INFO - ensemble - 92, 2870
2019-02-07 13:34:24,630 - INFO - ensemble - 92, 2880
2019-02-07 13:34:24,636 - INFO - ensemble - 92, 2890
2019-02-07 13:34:24,641 - INFO - ensemble - 92, 2900
2019-02-07 13:34:24,647 - INFO - ensemble - 92, 2910
2019-02-07 13:34:24,653 - INFO - ensemble - 92, 2920
2019-02-07 13:34:24,658 - INFO - ensemble - 92, 2930
2019-02-07 13:34:24,664 - INFO - ensemble - 92, 2940
2019-02-07 13:34:24,670 - INFO - ensemble - 92, 2950
2019-02-07 13:34:24,676 - INFO - ensemble - 92, 2960
2019-02-07 13:34:24,681 - INFO - ensemble - 92, 2970
2019-02-07 13:34:24,687 - INFO - ensemble - 92, 2980
2019-02-07 13:34:24,693 - INFO - ensemble - 93, 2990
2019-02-07 13:34:24,699 - INFO - ensemble - 94, 3000
2019-02-07 13:34:24,705 - INFO - ensemble - 94, 3010
2019-02-07 13:34:24,711 - INFO - ensemble - 94, 3020
2019-02-07 13:34:24,717 - INFO - ensemble - 94, 3030
2019-02-07 13:34:24,723 - INFO - ensemble - 94, 3040
2019-02-07 13:34:24,729 - INFO - ensemble - 94, 3050
2019-02-07 13:34:24,735 - INFO - ensemble - 95, 3060
2019-02-07 13:34:24,741 - INFO - ensemble - 95, 3070
2019-02-07 13:34:24,746 - INFO - ensemble - 95, 3080
2019-02-07 13:34:24,752 - INFO - ensemble - 96, 3090
2019-02-07 13:34:24,758 - INFO - ensemble - 96, 3100
2019-02-07 13:34:24,763 - INFO - ensemble - 96, 3110
2019-02-07 13:34:24,769 - INFO - ensemble - 96, 3120
2019-02-07 13:34:24,775 - INFO - ensemble - 96, 3130
2019-02-07 13:34:24,781 - INFO - ensemble - 96, 3140
2019-02-07 13:34:24,787 - INFO - ensemble - 96, 3150
2019-02-07 13:34:24,793 - INFO - ensemble - 96, 3160
2019-02-07 13:34:24,798 - INFO - ensemble - 96, 3170
2019-02-07 13:34:24,805 - INFO - ensemble - 96, 3180
2019-02-07 13:34:24,810 - INFO - ensemble - 96, 3190
2019-02-07 13:34:24,816 - INFO - ensemble - 96, 3200
2019-02-07 13:34:24,822 - INFO - ensemble - 96, 3210
2019-02-07 13:34:24,828 - INFO - ensemble - 96, 3220
2019-02-07 13:34:24,834 - INFO - ensemble - 96, 3230
2019-02-07 13:34:24,840 - INFO - ensemble - 96, 3240
2019-02-07 13:34:24,846 - INFO - ensemble - 96, 3250
2019-02-07 13:34:24,852 - INFO - ensemble - 96, 3260
2019-02-07 13:34:24,858 - INFO - ensemble - 96, 3270
2019-02-07 13:34:24,864 - INFO - ensemble - 96, 3280
2019-02-07 13:34:24,869 - INFO - ensemble - 96, 3290
2019-02-07 13:34:24,875 - INFO - ensemble - 96, 3300
2019-02-07 13:34:24,881 - INFO - ensemble - 96, 3310
2019-02-07 13:34:24,887 - INFO - ensemble - 96, 3320
2019-02-07 13:34:24,893 - INFO - ensemble - 96, 3330
2019-02-07 13:34:24,899 - INFO - ensemble - 96, 3340
2019-02-07 13:34:24,905 - INFO - ensemble - 96, 3350
2019-02-07 13:34:24,910 - INFO - ensemble - 96, 3360
2019-02-07 13:34:24,916 - INFO - ensemble - 96, 3370
2019-02-07 13:34:24,922 - INFO - ensemble - 96, 3380
2019-02-07 13:34:24,928 - INFO - ensemble - 96, 3390
2019-02-07 13:34:24,934 - INFO - ensemble - 96, 3400
2019-02-07 13:34:24,940 - INFO - ensemble - 96, 3410
2019-02-07 13:34:24,946 - INFO - ensemble - 96, 3420
2019-02-07 13:34:24,952 - INFO - ensemble - 97, 3430
2019-02-07 13:34:24,958 - INFO - ensemble - 97, 3440
2019-02-07 13:34:24,964 - INFO - ensemble - 97, 3450
2019-02-07 13:34:24,970 - INFO - ensemble - 97, 3460
2019-02-07 13:34:24,976 - INFO - ensemble - 97, 3470
2019-02-07 13:34:24,982 - INFO - ensemble - 98, 3480
2019-02-07 13:34:24,988 - INFO - ensemble - 98, 3490
2019-02-07 13:34:24,994 - INFO - ensemble - 98, 3500
2019-02-07 13:34:25,000 - INFO - ensemble - 98, 3510
2019-02-07 13:34:25,006 - INFO - ensemble - 98, 3520
2019-02-07 13:34:25,012 - INFO - ensemble - 98, 3530
2019-02-07 13:34:25,018 - INFO - ensemble - 98, 3540
2019-02-07 13:34:25,024 - INFO - ensemble - 98, 3550
2019-02-07 13:34:25,030 - INFO - ensemble - 98, 3560
2019-02-07 13:34:25,036 - INFO - ensemble - 98, 3570
2019-02-07 13:34:25,042 - INFO - ensemble - 98, 3580
2019-02-07 13:34:25,048 - INFO - ensemble - 98, 3590
2019-02-07 13:34:25,054 - INFO - ensemble - 98, 3600
2019-02-07 13:34:25,060 - INFO - ensemble - 98, 3610
2019-02-07 13:34:25,066 - INFO - ensemble - 98, 3620
2019-02-07 13:34:25,072 - INFO - ensemble - 98, 3630
2019-02-07 13:34:25,078 - INFO - ensemble - 98, 3640
2019-02-07 13:34:25,084 - INFO - ensemble - 98, 3650
2019-02-07 13:34:25,090 - INFO - ensemble - 98, 3660
2019-02-07 13:34:25,096 - INFO - ensemble - 98, 3670
2019-02-07 13:34:25,103 - INFO - ensemble - 98, 3680
2019-02-07 13:34:25,109 - INFO - ensemble - 98, 3690
2019-02-07 13:34:25,115 - INFO - ensemble - 98, 3700
2019-02-07 13:34:25,121 - INFO - ensemble - 98, 3710
2019-02-07 13:34:25,127 - INFO - ensemble - 98, 3720
2019-02-07 13:34:25,133 - INFO - ensemble - 98, 3730
2019-02-07 13:34:25,139 - INFO - ensemble - 98, 3740
2019-02-07 13:34:25,146 - INFO - ensemble - 98, 3750
2019-02-07 13:34:25,152 - INFO - ensemble - 99, 3760
2019-02-07 13:34:25,152 - INFO - rig - ++++NEW CLF++++ SGD
2019-02-07 13:34:25,153 - INFO - fastread - Total Yes: 104 | Total No: 4285
2019-02-07 13:34:25,410 - INFO - fastread - 3, 10
2019-02-07 13:34:25,414 - INFO - fastread - 10, 20
2019-02-07 13:34:25,419 - INFO - fastread - 14, 30
2019-02-07 13:34:25,423 - INFO - fastread - 20, 40
2019-02-07 13:34:25,428 - INFO - fastread - 25, 50
2019-02-07 13:34:25,433 - INFO - fastread - 29, 60
2019-02-07 13:34:25,437 - INFO - fastread - 38, 70
2019-02-07 13:34:25,442 - INFO - fastread - 42, 80
2019-02-07 13:34:25,446 - INFO - fastread - 47, 90
2019-02-07 13:34:25,451 - INFO - fastread - 50, 100
2019-02-07 13:34:25,455 - INFO - fastread - 52, 110
2019-02-07 13:34:25,460 - INFO - fastread - 52, 120
2019-02-07 13:34:25,464 - INFO - fastread - 54, 130
2019-02-07 13:34:25,469 - INFO - fastread - 57, 140
2019-02-07 13:34:25,474 - INFO - fastread - 57, 150
2019-02-07 13:34:25,478 - INFO - fastread - 58, 160
2019-02-07 13:34:25,483 - INFO - fastread - 58, 170
2019-02-07 13:34:25,487 - INFO - fastread - 58, 180
2019-02-07 13:34:25,492 - INFO - fastread - 59, 190
2019-02-07 13:34:25,496 - INFO - fastread - 60, 200
2019-02-07 13:34:25,501 - INFO - fastread - 60, 210
2019-02-07 13:34:25,506 - INFO - fastread - 62, 220
2019-02-07 13:34:25,510 - INFO - fastread - 63, 230
2019-02-07 13:34:25,515 - INFO - fastread - 63, 240
2019-02-07 13:34:25,520 - INFO - fastread - 64, 250
2019-02-07 13:34:25,524 - INFO - fastread - 64, 260
2019-02-07 13:34:25,529 - INFO - fastread - 67, 270
2019-02-07 13:34:25,533 - INFO - fastread - 67, 280
2019-02-07 13:34:25,538 - INFO - fastread - 67, 290
2019-02-07 13:34:25,543 - INFO - fastread - 67, 300
2019-02-07 13:34:25,547 - INFO - fastread - 70, 310
2019-02-07 13:34:25,552 - INFO - fastread - 70, 320
2019-02-07 13:34:25,556 - INFO - fastread - 70, 330
2019-02-07 13:34:25,561 - INFO - fastread - 71, 340
2019-02-07 13:34:25,566 - INFO - fastread - 72, 350
2019-02-07 13:34:25,572 - INFO - fastread - 73, 360
2019-02-07 13:34:25,577 - INFO - fastread - 73, 370
2019-02-07 13:34:25,581 - INFO - fastread - 74, 380
2019-02-07 13:34:25,586 - INFO - fastread - 77, 390
2019-02-07 13:34:25,591 - INFO - fastread - 78, 400
2019-02-07 13:34:25,595 - INFO - fastread - 78, 410
2019-02-07 13:34:25,600 - INFO - fastread - 78, 420
2019-02-07 13:34:25,605 - INFO - fastread - 79, 430
2019-02-07 13:34:25,609 - INFO - fastread - 79, 440
2019-02-07 13:34:25,614 - INFO - fastread - 79, 450
2019-02-07 13:34:25,619 - INFO - fastread - 79, 460
2019-02-07 13:34:25,623 - INFO - fastread - 80, 470
2019-02-07 13:34:25,628 - INFO - fastread - 80, 480
2019-02-07 13:34:25,633 - INFO - fastread - 83, 490
2019-02-07 13:34:25,637 - INFO - fastread - 84, 500
2019-02-07 13:34:25,642 - INFO - fastread - 84, 510
2019-02-07 13:34:25,647 - INFO - fastread - 84, 520
2019-02-07 13:34:25,651 - INFO - fastread - 84, 530
2019-02-07 13:34:25,656 - INFO - fastread - 85, 540
2019-02-07 13:34:25,661 - INFO - fastread - 85, 550
2019-02-07 13:34:25,665 - INFO - fastread - 87, 560
2019-02-07 13:34:25,670 - INFO - fastread - 87, 570
2019-02-07 13:34:25,675 - INFO - fastread - 87, 580
2019-02-07 13:34:25,680 - INFO - fastread - 87, 590
2019-02-07 13:34:25,684 - INFO - fastread - 87, 600
2019-02-07 13:34:25,689 - INFO - fastread - 87, 610
2019-02-07 13:34:25,694 - INFO - fastread - 88, 620
2019-02-07 13:34:25,699 - INFO - fastread - 89, 630
2019-02-07 13:34:25,703 - INFO - fastread - 89, 640
2019-02-07 13:34:25,708 - INFO - fastread - 89, 650
2019-02-07 13:34:25,713 - INFO - fastread - 90, 660
2019-02-07 13:34:25,717 - INFO - fastread - 91, 670
2019-02-07 13:34:25,722 - INFO - fastread - 91, 680
2019-02-07 13:34:25,727 - INFO - fastread - 93, 690
2019-02-07 13:34:25,732 - INFO - fastread - 93, 700
2019-02-07 13:34:25,736 - INFO - fastread - 93, 710
2019-02-07 13:34:25,741 - INFO - fastread - 93, 720
2019-02-07 13:34:25,746 - INFO - fastread - 93, 730
2019-02-07 13:34:25,750 - INFO - fastread - 93, 740
2019-02-07 13:34:25,755 - INFO - fastread - 93, 750
2019-02-07 13:34:25,760 - INFO - fastread - 93, 760
2019-02-07 13:34:25,765 - INFO - fastread - 93, 770
2019-02-07 13:34:25,769 - INFO - fastread - 93, 780
2019-02-07 13:34:25,774 - INFO - fastread - 93, 790
2019-02-07 13:34:25,779 - INFO - fastread - 96, 800
2019-02-07 13:34:25,784 - INFO - fastread - 96, 810
2019-02-07 13:34:25,788 - INFO - fastread - 96, 820
2019-02-07 13:34:25,793 - INFO - fastread - 96, 830
2019-02-07 13:34:25,798 - INFO - fastread - 96, 840
2019-02-07 13:34:25,803 - INFO - fastread - 96, 850
2019-02-07 13:34:25,807 - INFO - fastread - 98, 860
2019-02-07 13:34:25,812 - INFO - fastread - 98, 870
2019-02-07 13:34:25,817 - INFO - fastread - 99, 880
2019-02-07 13:34:25,826 - INFO - fastread - IGNORE emf-2.4.1 | Total: 4389 | Percent Checked: 0.2 | Total Yes Data: 104 | Percent Yes Checked: 0.95
2019-02-07 13:34:25,827 - INFO - rig - ++++NEW CLF++++ SVM
2019-02-07 13:34:25,827 - INFO - fastread - Total Yes: 104 | Total No: 4285
2019-02-07 13:45:29,068 - INFO - fastread - 0, 10
2019-02-07 13:45:29,074 - INFO - fastread - 5, 20
2019-02-07 13:45:29,078 - INFO - fastread - 15, 30
2019-02-07 13:45:29,083 - INFO - fastread - 25, 40
2019-02-07 13:45:29,087 - INFO - fastread - 31, 50
2019-02-07 13:45:29,092 - INFO - fastread - 39, 60
2019-02-07 13:45:29,096 - INFO - fastread - 39, 70
2019-02-07 13:45:29,101 - INFO - fastread - 41, 80
2019-02-07 13:45:29,105 - INFO - fastread - 44, 90
2019-02-07 13:45:29,110 - INFO - fastread - 47, 100
2019-02-07 13:45:29,115 - INFO - fastread - 51, 110
2019-02-07 13:45:29,119 - INFO - fastread - 55, 120
2019-02-07 13:45:29,124 - INFO - fastread - 57, 130
2019-02-07 13:45:29,128 - INFO - fastread - 57, 140
2019-02-07 13:45:29,133 - INFO - fastread - 61, 150
2019-02-07 13:45:29,137 - INFO - fastread - 65, 160
2019-02-07 13:45:29,142 - INFO - fastread - 65, 170
2019-02-07 13:45:29,147 - INFO - fastread - 67, 180
2019-02-07 13:45:29,151 - INFO - fastread - 68, 190
2019-02-07 13:45:29,156 - INFO - fastread - 70, 200
2019-02-07 13:45:29,160 - INFO - fastread - 71, 210
2019-02-07 13:45:29,165 - INFO - fastread - 73, 220
2019-02-07 13:45:29,170 - INFO - fastread - 74, 230
2019-02-07 13:45:29,174 - INFO - fastread - 75, 240
2019-02-07 13:45:29,179 - INFO - fastread - 75, 250
2019-02-07 13:45:29,184 - INFO - fastread - 75, 260
2019-02-07 13:45:29,188 - INFO - fastread - 75, 270
2019-02-07 13:45:29,193 - INFO - fastread - 76, 280
2019-02-07 13:45:29,197 - INFO - fastread - 76, 290
2019-02-07 13:45:29,202 - INFO - fastread - 76, 300
2019-02-07 13:45:29,206 - INFO - fastread - 76, 310
2019-02-07 13:45:29,211 - INFO - fastread - 76, 320
2019-02-07 13:45:29,216 - INFO - fastread - 76, 330
2019-02-07 13:45:29,220 - INFO - fastread - 76, 340
2019-02-07 13:45:29,225 - INFO - fastread - 76, 350
2019-02-07 13:45:29,230 - INFO - fastread - 76, 360
2019-02-07 13:45:29,234 - INFO - fastread - 76, 370
2019-02-07 13:45:29,239 - INFO - fastread - 76, 380
2019-02-07 13:45:29,244 - INFO - fastread - 76, 390
2019-02-07 13:45:29,248 - INFO - fastread - 76, 400
2019-02-07 13:45:29,253 - INFO - fastread - 76, 410
2019-02-07 13:45:29,258 - INFO - fastread - 76, 420
2019-02-07 13:45:29,262 - INFO - fastread - 76, 430
2019-02-07 13:45:29,267 - INFO - fastread - 76, 440
2019-02-07 13:45:29,271 - INFO - fastread - 76, 450
2019-02-07 13:45:29,276 - INFO - fastread - 77, 460
2019-02-07 13:45:29,281 - INFO - fastread - 78, 470
2019-02-07 13:45:29,285 - INFO - fastread - 78, 480
2019-02-07 13:45:29,290 - INFO - fastread - 79, 490
2019-02-07 13:45:29,295 - INFO - fastread - 80, 500
2019-02-07 13:45:29,299 - INFO - fastread - 82, 510
2019-02-07 13:45:29,304 - INFO - fastread - 83, 520
2019-02-07 13:45:29,309 - INFO - fastread - 83, 530
2019-02-07 13:45:29,313 - INFO - fastread - 84, 540
2019-02-07 13:45:29,318 - INFO - fastread - 86, 550
2019-02-07 13:45:29,323 - INFO - fastread - 87, 560
2019-02-07 13:45:29,327 - INFO - fastread - 87, 570
2019-02-07 13:45:29,332 - INFO - fastread - 87, 580
2019-02-07 13:45:29,337 - INFO - fastread - 87, 590
2019-02-07 13:45:29,341 - INFO - fastread - 87, 600
2019-02-07 13:45:29,346 - INFO - fastread - 87, 610
2019-02-07 13:45:29,351 - INFO - fastread - 87, 620
2019-02-07 13:45:29,356 - INFO - fastread - 87, 630
2019-02-07 13:45:29,360 - INFO - fastread - 87, 640
2019-02-07 13:45:29,365 - INFO - fastread - 87, 650
2019-02-07 13:45:29,370 - INFO - fastread - 89, 660
2019-02-07 13:45:29,374 - INFO - fastread - 89, 670
2019-02-07 13:45:29,379 - INFO - fastread - 92, 680
2019-02-07 13:45:29,384 - INFO - fastread - 92, 690
2019-02-07 13:45:29,388 - INFO - fastread - 92, 700
2019-02-07 13:45:29,393 - INFO - fastread - 92, 710
2019-02-07 13:45:29,398 - INFO - fastread - 92, 720
2019-02-07 13:45:29,403 - INFO - fastread - 92, 730
2019-02-07 13:45:29,407 - INFO - fastread - 92, 740
2019-02-07 13:45:29,412 - INFO - fastread - 92, 750
2019-02-07 13:45:29,417 - INFO - fastread - 92, 760
2019-02-07 13:45:29,422 - INFO - fastread - 92, 770
2019-02-07 13:45:29,426 - INFO - fastread - 92, 780
2019-02-07 13:45:29,431 - INFO - fastread - 92, 790
2019-02-07 13:45:29,436 - INFO - fastread - 92, 800
2019-02-07 13:45:29,441 - INFO - fastread - 92, 810
2019-02-07 13:45:29,446 - INFO - fastread - 92, 820
2019-02-07 13:45:29,450 - INFO - fastread - 92, 830
2019-02-07 13:45:29,455 - INFO - fastread - 92, 840
2019-02-07 13:45:29,460 - INFO - fastread - 93, 850
2019-02-07 13:45:29,465 - INFO - fastread - 93, 860
2019-02-07 13:45:29,470 - INFO - fastread - 93, 870
2019-02-07 13:45:29,474 - INFO - fastread - 93, 880
2019-02-07 13:45:29,479 - INFO - fastread - 94, 890
2019-02-07 13:45:29,484 - INFO - fastread - 94, 900
2019-02-07 13:45:29,488 - INFO - fastread - 94, 910
2019-02-07 13:45:29,493 - INFO - fastread - 95, 920
2019-02-07 13:45:29,498 - INFO - fastread - 95, 930
2019-02-07 13:45:29,503 - INFO - fastread - 95, 940
2019-02-07 13:45:29,508 - INFO - fastread - 95, 950
2019-02-07 13:45:29,513 - INFO - fastread - 95, 960
2019-02-07 13:45:29,517 - INFO - fastread - 95, 970
2019-02-07 13:45:29,522 - INFO - fastread - 95, 980
2019-02-07 13:45:29,527 - INFO - fastread - 95, 990
2019-02-07 13:45:29,532 - INFO - fastread - 95, 1000
2019-02-07 13:45:29,537 - INFO - fastread - 95, 1010
2019-02-07 13:45:29,541 - INFO - fastread - 95, 1020
2019-02-07 13:45:29,546 - INFO - fastread - 95, 1030
2019-02-07 13:45:29,551 - INFO - fastread - 95, 1040
2019-02-07 13:45:29,556 - INFO - fastread - 95, 1050
2019-02-07 13:45:29,561 - INFO - fastread - 95, 1060
2019-02-07 13:45:29,566 - INFO - fastread - 95, 1070
2019-02-07 13:45:29,571 - INFO - fastread - 95, 1080
2019-02-07 13:45:29,575 - INFO - fastread - 95, 1090
2019-02-07 13:45:29,580 - INFO - fastread - 95, 1100
2019-02-07 13:45:29,585 - INFO - fastread - 95, 1110
2019-02-07 13:45:29,590 - INFO - fastread - 95, 1120
2019-02-07 13:45:29,595 - INFO - fastread - 95, 1130
2019-02-07 13:45:29,599 - INFO - fastread - 95, 1140
2019-02-07 13:45:29,604 - INFO - fastread - 95, 1150
2019-02-07 13:45:29,609 - INFO - fastread - 95, 1160
2019-02-07 13:45:29,614 - INFO - fastread - 95, 1170
2019-02-07 13:45:29,619 - INFO - fastread - 95, 1180
2019-02-07 13:45:29,624 - INFO - fastread - 95, 1190
2019-02-07 13:45:29,629 - INFO - fastread - 95, 1200
2019-02-07 13:45:29,634 - INFO - fastread - 95, 1210
2019-02-07 13:45:29,638 - INFO - fastread - 95, 1220
2019-02-07 13:45:29,643 - INFO - fastread - 95, 1230
2019-02-07 13:45:29,648 - INFO - fastread - 95, 1240
2019-02-07 13:45:29,653 - INFO - fastread - 95, 1250
2019-02-07 13:45:29,658 - INFO - fastread - 95, 1260
2019-02-07 13:45:29,663 - INFO - fastread - 95, 1270
2019-02-07 13:45:29,668 - INFO - fastread - 95, 1280
2019-02-07 13:45:29,673 - INFO - fastread - 95, 1290
2019-02-07 13:45:29,678 - INFO - fastread - 95, 1300
2019-02-07 13:45:29,683 - INFO - fastread - 96, 1310
2019-02-07 13:45:29,688 - INFO - fastread - 96, 1320
2019-02-07 13:45:29,693 - INFO - fastread - 96, 1330
2019-02-07 13:45:29,697 - INFO - fastread - 96, 1340
2019-02-07 13:45:29,702 - INFO - fastread - 96, 1350
2019-02-07 13:45:29,707 - INFO - fastread - 96, 1360
2019-02-07 13:45:29,712 - INFO - fastread - 96, 1370
2019-02-07 13:45:29,717 - INFO - fastread - 96, 1380
2019-02-07 13:45:29,722 - INFO - fastread - 96, 1390
2019-02-07 13:45:29,727 - INFO - fastread - 96, 1400
2019-02-07 13:45:29,732 - INFO - fastread - 96, 1410
2019-02-07 13:45:29,737 - INFO - fastread - 96, 1420
2019-02-07 13:45:29,742 - INFO - fastread - 96, 1430
2019-02-07 13:45:29,746 - INFO - fastread - 96, 1440
2019-02-07 13:45:29,751 - INFO - fastread - 96, 1450
2019-02-07 13:45:29,756 - INFO - fastread - 96, 1460
2019-02-07 13:45:29,761 - INFO - fastread - 96, 1470
2019-02-07 13:45:29,766 - INFO - fastread - 96, 1480
2019-02-07 13:45:29,771 - INFO - fastread - 96, 1490
2019-02-07 13:45:29,776 - INFO - fastread - 96, 1500
2019-02-07 13:45:29,781 - INFO - fastread - 96, 1510
2019-02-07 13:45:29,785 - INFO - fastread - 96, 1520
2019-02-07 13:45:29,790 - INFO - fastread - 96, 1530
2019-02-07 13:45:29,795 - INFO - fastread - 96, 1540
2019-02-07 13:45:29,800 - INFO - fastread - 96, 1550
2019-02-07 13:45:29,805 - INFO - fastread - 96, 1560
2019-02-07 13:45:29,810 - INFO - fastread - 96, 1570
2019-02-07 13:45:29,815 - INFO - fastread - 96, 1580
2019-02-07 13:45:29,820 - INFO - fastread - 96, 1590
2019-02-07 13:45:29,825 - INFO - fastread - 96, 1600
2019-02-07 13:45:29,830 - INFO - fastread - 96, 1610
2019-02-07 13:45:29,835 - INFO - fastread - 96, 1620
2019-02-07 13:45:29,840 - INFO - fastread - 96, 1630
2019-02-07 13:45:29,845 - INFO - fastread - 96, 1640
2019-02-07 13:45:29,850 - INFO - fastread - 96, 1650
2019-02-07 13:45:29,855 - INFO - fastread - 96, 1660
2019-02-07 13:45:29,860 - INFO - fastread - 96, 1670
2019-02-07 13:45:29,865 - INFO - fastread - 96, 1680
2019-02-07 13:45:29,870 - INFO - fastread - 96, 1690
2019-02-07 13:45:29,875 - INFO - fastread - 96, 1700
2019-02-07 13:45:29,880 - INFO - fastread - 96, 1710
2019-02-07 13:45:29,885 - INFO - fastread - 96, 1720
2019-02-07 13:45:29,890 - INFO - fastread - 96, 1730
2019-02-07 13:45:29,895 - INFO - fastread - 96, 1740
2019-02-07 13:45:29,900 - INFO - fastread - 96, 1750
2019-02-07 13:45:29,905 - INFO - fastread - 96, 1760
2019-02-07 13:45:29,910 - INFO - fastread - 96, 1770
2019-02-07 13:45:29,915 - INFO - fastread - 96, 1780
2019-02-07 13:45:29,920 - INFO - fastread - 96, 1790
2019-02-07 13:45:29,925 - INFO - fastread - 96, 1800
2019-02-07 13:45:29,931 - INFO - fastread - 96, 1810
2019-02-07 13:45:29,936 - INFO - fastread - 96, 1820
2019-02-07 13:45:29,941 - INFO - fastread - 96, 1830
2019-02-07 13:45:29,946 - INFO - fastread - 96, 1840
2019-02-07 13:45:29,951 - INFO - fastread - 96, 1850
2019-02-07 13:45:29,956 - INFO - fastread - 96, 1860
2019-02-07 13:45:29,961 - INFO - fastread - 96, 1870
2019-02-07 13:45:29,966 - INFO - fastread - 96, 1880
2019-02-07 13:45:29,971 - INFO - fastread - 96, 1890
2019-02-07 13:45:29,976 - INFO - fastread - 96, 1900
2019-02-07 13:45:29,982 - INFO - fastread - 96, 1910
2019-02-07 13:45:29,987 - INFO - fastread - 96, 1920
2019-02-07 13:45:29,992 - INFO - fastread - 96, 1930
2019-02-07 13:45:29,997 - INFO - fastread - 96, 1940
2019-02-07 13:45:30,002 - INFO - fastread - 96, 1950
2019-02-07 13:45:30,007 - INFO - fastread - 96, 1960
2019-02-07 13:45:30,012 - INFO - fastread - 96, 1970
2019-02-07 13:45:30,017 - INFO - fastread - 96, 1980
2019-02-07 13:45:30,022 - INFO - fastread - 96, 1990
2019-02-07 13:45:30,027 - INFO - fastread - 96, 2000
2019-02-07 13:45:30,032 - INFO - fastread - 96, 2010
2019-02-07 13:45:30,037 - INFO - fastread - 96, 2020
2019-02-07 13:45:30,042 - INFO - fastread - 96, 2030
2019-02-07 13:45:30,047 - INFO - fastread - 96, 2040
2019-02-07 13:45:30,053 - INFO - fastread - 96, 2050
2019-02-07 13:45:30,058 - INFO - fastread - 96, 2060
2019-02-07 13:45:30,063 - INFO - fastread - 96, 2070
2019-02-07 13:45:30,068 - INFO - fastread - 96, 2080
2019-02-07 13:45:30,073 - INFO - fastread - 96, 2090
2019-02-07 13:45:30,078 - INFO - fastread - 96, 2100
2019-02-07 13:45:30,083 - INFO - fastread - 96, 2110
2019-02-07 13:45:30,088 - INFO - fastread - 96, 2120
2019-02-07 13:45:30,093 - INFO - fastread - 96, 2130
2019-02-07 13:45:30,098 - INFO - fastread - 96, 2140
2019-02-07 13:45:30,103 - INFO - fastread - 96, 2150
2019-02-07 13:45:30,108 - INFO - fastread - 96, 2160
2019-02-07 13:45:30,113 - INFO - fastread - 96, 2170
2019-02-07 13:45:30,118 - INFO - fastread - 96, 2180
2019-02-07 13:45:30,124 - INFO - fastread - 96, 2190
2019-02-07 13:45:30,129 - INFO - fastread - 96, 2200
2019-02-07 13:45:30,134 - INFO - fastread - 96, 2210
2019-02-07 13:45:30,139 - INFO - fastread - 96, 2220
2019-02-07 13:45:30,144 - INFO - fastread - 96, 2230
2019-02-07 13:45:30,149 - INFO - fastread - 96, 2240
2019-02-07 13:45:30,155 - INFO - fastread - 96, 2250
2019-02-07 13:45:30,160 - INFO - fastread - 96, 2260
2019-02-07 13:45:30,165 - INFO - fastread - 96, 2270
2019-02-07 13:45:30,170 - INFO - fastread - 96, 2280
2019-02-07 13:45:30,175 - INFO - fastread - 96, 2290
2019-02-07 13:45:30,180 - INFO - fastread - 96, 2300
2019-02-07 13:45:30,185 - INFO - fastread - 96, 2310
2019-02-07 13:45:30,190 - INFO - fastread - 96, 2320
2019-02-07 13:45:30,195 - INFO - fastread - 96, 2330
2019-02-07 13:45:30,201 - INFO - fastread - 96, 2340
2019-02-07 13:45:30,206 - INFO - fastread - 96, 2350
2019-02-07 13:45:30,211 - INFO - fastread - 96, 2360
2019-02-07 13:45:30,216 - INFO - fastread - 96, 2370
2019-02-07 13:45:30,221 - INFO - fastread - 96, 2380
2019-02-07 13:45:30,227 - INFO - fastread - 96, 2390
2019-02-07 13:45:30,232 - INFO - fastread - 96, 2400
2019-02-07 13:45:30,237 - INFO - fastread - 96, 2410
2019-02-07 13:45:30,242 - INFO - fastread - 96, 2420
2019-02-07 13:45:30,247 - INFO - fastread - 96, 2430
2019-02-07 13:45:30,252 - INFO - fastread - 96, 2440
2019-02-07 13:45:30,258 - INFO - fastread - 96, 2450
2019-02-07 13:45:30,263 - INFO - fastread - 96, 2460
2019-02-07 13:45:30,268 - INFO - fastread - 96, 2470
2019-02-07 13:45:30,273 - INFO - fastread - 96, 2480
2019-02-07 13:45:30,279 - INFO - fastread - 96, 2490
2019-02-07 13:45:30,284 - INFO - fastread - 97, 2500
2019-02-07 13:45:30,289 - INFO - fastread - 97, 2510
2019-02-07 13:45:30,294 - INFO - fastread - 97, 2520
2019-02-07 13:45:30,300 - INFO - fastread - 97, 2530
2019-02-07 13:45:30,305 - INFO - fastread - 100, 2540
2019-02-07 13:45:30,321 - INFO - fastread - IGNORE emf-2.4.1 | Total: 4389 | Percent Checked: 0.58 | Total Yes Data: 104 | Percent Yes Checked: 0.96
