2019-02-07 13:22:44,561 - INFO - rig - hibernate-distribution-3.3.2.GA
2019-02-07 13:22:52,853 - INFO - rig - ++++NEW CLF++++ FASTREAD
2019-02-07 13:22:52,853 - INFO - fastread - Total Yes: 472 | Total No: 2496
2019-02-07 13:22:53,418 - INFO - fastread - 0, 0  475
2019-02-07 13:23:49,634 - INFO - fastread - 288, 299  475
2019-02-07 13:23:53,708 - INFO - fastread - 294, 313  492
2019-02-07 13:23:57,879 - INFO - fastread - 307, 327  529
2019-02-07 13:24:02,007 - INFO - fastread - 321, 341  531
2019-02-07 13:24:06,238 - INFO - fastread - 334, 355  537
2019-02-07 13:24:10,559 - INFO - fastread - 345, 369  553
2019-02-07 13:24:14,836 - INFO - fastread - 347, 383  553
2019-02-07 13:24:19,138 - INFO - fastread - 352, 397  542
2019-02-07 13:24:23,480 - INFO - fastread - 356, 411  536
2019-02-07 13:24:27,771 - INFO - fastread - 359, 425  533
2019-02-07 13:24:32,161 - INFO - fastread - 361, 439  526
2019-02-07 13:24:36,537 - INFO - fastread - 364, 453  514
2019-02-07 13:24:40,944 - INFO - fastread - 368, 467  513
2019-02-07 13:24:45,466 - INFO - fastread - 372, 481  511
2019-02-07 13:24:49,909 - INFO - fastread - 378, 495  519
2019-02-07 13:24:54,419 - INFO - fastread - 379, 509  520
2019-02-07 13:24:58,868 - INFO - fastread - 381, 523  500
2019-02-07 13:25:03,395 - INFO - fastread - 383, 537  497
2019-02-07 13:25:07,937 - INFO - fastread - 383, 551  494
2019-02-07 13:25:12,456 - INFO - fastread - 388, 565  478
2019-02-07 13:25:17,044 - INFO - fastread - 393, 579  492
2019-02-07 13:25:21,690 - INFO - fastread - 397, 593  494
2019-02-07 13:25:26,376 - INFO - fastread - 404, 607  503
2019-02-07 13:25:31,081 - INFO - fastread - 406, 621  495
2019-02-07 13:25:35,794 - INFO - fastread - 411, 635  489
2019-02-07 13:25:40,513 - INFO - fastread - 411, 649  502
2019-02-07 13:25:45,206 - INFO - fastread - 411, 663  492
2019-02-07 13:25:49,864 - INFO - fastread - 415, 677  473
2019-02-07 13:25:54,561 - INFO - fastread - 418, 691  476
2019-02-07 13:25:59,300 - INFO - fastread - 421, 705  481
2019-02-07 13:26:04,049 - INFO - fastread - 424, 719  481
2019-02-07 13:26:08,764 - INFO - fastread - 427, 733  475
2019-02-07 13:26:13,519 - INFO - fastread - 428, 747  480
2019-02-07 13:26:18,304 - INFO - fastread - 430, 761  475
2019-02-07 13:26:23,071 - INFO - fastread - 430, 775  463
2019-02-07 13:26:27,853 - INFO - fastread - 430, 789  460
2019-02-07 13:26:32,463 - INFO - fastread - 431, 803  465
2019-02-07 13:26:37,085 - INFO - fastread - 432, 817  456
2019-02-07 13:26:41,922 - INFO - fastread - 434, 831  458
2019-02-07 13:26:46,685 - INFO - fastread - 438, 845  462
2019-02-07 13:26:51,365 - INFO - fastread - 439, 859  459
2019-02-07 13:26:56,271 - INFO - fastread - 439, 873  457
2019-02-07 13:27:01,184 - INFO - fastread - 441, 887  451
2019-02-07 13:27:05,885 - INFO - fastread - 441, 901  453
2019-02-07 13:27:10,758 - INFO - fastread - 441, 915  453
2019-02-07 13:27:15,745 - INFO - fastread - 442, 929  452
2019-02-07 13:27:20,556 - INFO - fastread - 442, 943  450
2019-02-07 13:27:25,434 - INFO - fastread - 444, 957  449
2019-02-07 13:27:30,475 - INFO - fastread - 445, 971  451
2019-02-07 13:27:35,416 - INFO - fastread - 446, 985  453
2019-02-07 13:27:40,280 - INFO - fastread - 446, 999  450
2019-02-07 13:27:45,400 - INFO - fastread - 446, 1013  450
2019-02-07 13:27:50,433 - INFO - fastread - 446, 1027  446
2019-02-07 13:27:52,962 - INFO - fastread - IGNORE hibernate-distribution-3.3.2.GA | Total: 2968 | Percent Checked: 0.35 | Total Yes Data: 472 | Percent Yes Checked: 0.94
2019-02-07 13:27:52,963 - INFO - rig - ++++NEW CLF++++ QUICKREAD
2019-02-07 13:27:52,963 - INFO - quickread - Total Yes: 472 | Total No: 2496
2019-02-07 13:27:53,554 - INFO - quickread - 0, 0  475
2019-02-07 13:28:46,948 - INFO - quickread - 288, 299  475
2019-02-07 13:28:49,803 - INFO - quickread - 293, 313  559
2019-02-07 13:28:52,773 - INFO - quickread - 307, 327  589
2019-02-07 13:28:55,946 - INFO - quickread - 319, 341  570
2019-02-07 13:28:59,107 - INFO - quickread - 331, 355  564
2019-02-07 13:29:02,179 - INFO - quickread - 339, 369  564
2019-02-07 13:29:05,010 - INFO - quickread - 346, 383  562
2019-02-07 13:29:07,851 - INFO - quickread - 353, 397  561
2019-02-07 13:29:10,706 - INFO - quickread - 359, 411  558
2019-02-07 13:29:13,757 - INFO - quickread - 362, 425  556
2019-02-07 13:29:16,834 - INFO - quickread - 368, 439  550
2019-02-07 13:29:19,892 - INFO - quickread - 370, 453  550
2019-02-07 13:29:22,751 - INFO - quickread - 373, 467  536
2019-02-07 13:29:25,599 - INFO - quickread - 375, 481  531
2019-02-07 13:29:28,455 - INFO - quickread - 378, 495  525
2019-02-07 13:29:31,521 - INFO - quickread - 383, 509  520
2019-02-07 13:29:34,540 - INFO - quickread - 384, 523  521
2019-02-07 13:29:37,530 - INFO - quickread - 389, 537  511
2019-02-07 13:29:40,293 - INFO - quickread - 397, 551  513
2019-02-07 13:29:43,091 - INFO - quickread - 399, 565  526
2019-02-07 13:29:45,884 - INFO - quickread - 403, 579  520
2019-02-07 13:29:48,804 - INFO - quickread - 405, 593  520
2019-02-07 13:29:51,806 - INFO - quickread - 409, 607  515
2019-02-07 13:29:54,791 - INFO - quickread - 411, 621  515
2019-02-07 13:29:57,580 - INFO - quickread - 412, 635  511
2019-02-07 13:30:00,294 - INFO - quickread - 412, 649  502
2019-02-07 13:30:03,111 - INFO - quickread - 413, 663  494
2019-02-07 13:30:05,956 - INFO - quickread - 418, 677  488
2019-02-07 13:30:08,939 - INFO - quickread - 419, 691  494
2019-02-07 13:30:11,925 - INFO - quickread - 421, 705  490
2019-02-07 13:30:14,760 - INFO - quickread - 424, 719  487
2019-02-07 13:30:17,431 - INFO - quickread - 426, 733  488
2019-02-07 13:30:20,108 - INFO - quickread - 430, 747  486
2019-02-07 13:30:22,776 - INFO - quickread - 432, 761  490
2019-02-07 13:30:25,570 - INFO - quickread - 433, 775  488
2019-02-07 13:30:28,466 - INFO - quickread - 433, 789  484
2019-02-07 13:30:31,352 - INFO - quickread - 434, 803  477
2019-02-07 13:30:34,119 - INFO - quickread - 434, 817  475
2019-02-07 13:30:36,764 - INFO - quickread - 434, 831  470
2019-02-07 13:30:39,399 - INFO - quickread - 434, 845  465
2019-02-07 13:30:42,029 - INFO - quickread - 434, 859  461
2019-02-07 13:30:44,791 - INFO - quickread - 435, 873  456
2019-02-07 13:30:47,626 - INFO - quickread - 437, 887  456
2019-02-07 13:30:50,445 - INFO - quickread - 438, 901  457
2019-02-07 13:30:53,141 - INFO - quickread - 440, 915  457
2019-02-07 13:30:55,758 - INFO - quickread - 440, 929  458
2019-02-07 13:30:58,376 - INFO - quickread - 441, 943  456
2019-02-07 13:31:00,973 - INFO - quickread - 443, 957  456
2019-02-07 13:31:03,772 - INFO - quickread - 443, 971  456
2019-02-07 13:31:06,659 - INFO - quickread - 447, 985  454
2019-02-07 13:31:09,542 - INFO - quickread - 447, 999  459
2019-02-07 13:31:12,230 - INFO - quickread - 448, 1013  456
2019-02-07 13:31:14,920 - INFO - quickread - 449, 1027  456
2019-02-07 13:31:17,605 - INFO - quickread - 449, 1041  456
2019-02-07 13:31:20,250 - INFO - quickread - 450, 1055  454
2019-02-07 13:31:23,093 - INFO - quickread - 450, 1069  454
2019-02-07 13:31:25,963 - INFO - quickread - 450, 1083  452
2019-02-07 13:31:28,806 - INFO - quickread - 451, 1097  450
2019-02-07 13:31:31,543 - INFO - quickread - 451, 1111  451
2019-02-07 13:31:31,695 - INFO - quickread - IGNORE hibernate-distribution-3.3.2.GA | Total: 2968 | Percent Checked: 0.37 | Total Yes Data: 472 | Percent Yes Checked: 0.96
2019-02-07 13:31:31,696 - INFO - rig - ++++NEW CLF++++ ENSEMBLE_DT
2019-02-07 13:31:31,710 - INFO - ensemble - 10, 10
2019-02-07 13:31:31,715 - INFO - ensemble - 19, 20
2019-02-07 13:31:31,719 - INFO - ensemble - 29, 30
2019-02-07 13:31:31,724 - INFO - ensemble - 39, 40
2019-02-07 13:31:31,729 - INFO - ensemble - 48, 50
2019-02-07 13:31:31,733 - INFO - ensemble - 57, 60
2019-02-07 13:31:31,738 - INFO - ensemble - 67, 70
2019-02-07 13:31:31,742 - INFO - ensemble - 76, 80
2019-02-07 13:31:31,747 - INFO - ensemble - 85, 90
2019-02-07 13:31:31,751 - INFO - ensemble - 95, 100
2019-02-07 13:31:31,756 - INFO - ensemble - 104, 110
2019-02-07 13:31:31,761 - INFO - ensemble - 114, 120
2019-02-07 13:31:31,765 - INFO - ensemble - 124, 130
2019-02-07 13:31:31,770 - INFO - ensemble - 134, 140
2019-02-07 13:31:31,774 - INFO - ensemble - 143, 150
2019-02-07 13:31:31,779 - INFO - ensemble - 153, 160
2019-02-07 13:31:31,784 - INFO - ensemble - 163, 170
2019-02-07 13:31:31,788 - INFO - ensemble - 173, 180
2019-02-07 13:31:31,793 - INFO - ensemble - 183, 190
2019-02-07 13:31:31,797 - INFO - ensemble - 192, 200
2019-02-07 13:31:31,802 - INFO - ensemble - 202, 210
2019-02-07 13:31:31,807 - INFO - ensemble - 212, 220
2019-02-07 13:31:31,812 - INFO - ensemble - 221, 230
2019-02-07 13:31:31,816 - INFO - ensemble - 231, 240
2019-02-07 13:31:31,821 - INFO - ensemble - 241, 250
2019-02-07 13:31:31,826 - INFO - ensemble - 250, 260
2019-02-07 13:31:31,830 - INFO - ensemble - 260, 270
2019-02-07 13:31:31,835 - INFO - ensemble - 270, 280
2019-02-07 13:31:31,840 - INFO - ensemble - 280, 290
2019-02-07 13:31:31,845 - INFO - ensemble - 289, 300
2019-02-07 13:31:31,849 - INFO - ensemble - 299, 310
2019-02-07 13:31:31,854 - INFO - ensemble - 309, 320
2019-02-07 13:31:31,859 - INFO - ensemble - 319, 330
2019-02-07 13:31:31,863 - INFO - ensemble - 329, 340
2019-02-07 13:31:31,868 - INFO - ensemble - 337, 350
2019-02-07 13:31:31,873 - INFO - ensemble - 347, 360
2019-02-07 13:31:31,878 - INFO - ensemble - 351, 370
2019-02-07 13:31:31,882 - INFO - ensemble - 356, 380
2019-02-07 13:31:31,887 - INFO - ensemble - 361, 390
2019-02-07 13:31:31,892 - INFO - ensemble - 361, 400
2019-02-07 13:31:31,897 - INFO - ensemble - 364, 410
2019-02-07 13:31:31,901 - INFO - ensemble - 366, 420
2019-02-07 13:31:31,906 - INFO - ensemble - 367, 430
2019-02-07 13:31:31,911 - INFO - ensemble - 370, 440
2019-02-07 13:31:31,916 - INFO - ensemble - 372, 450
2019-02-07 13:31:31,921 - INFO - ensemble - 373, 460
2019-02-07 13:31:31,925 - INFO - ensemble - 373, 470
2019-02-07 13:31:31,930 - INFO - ensemble - 375, 480
2019-02-07 13:31:31,935 - INFO - ensemble - 376, 490
2019-02-07 13:31:31,940 - INFO - ensemble - 378, 500
2019-02-07 13:31:31,945 - INFO - ensemble - 378, 510
2019-02-07 13:31:31,950 - INFO - ensemble - 379, 520
2019-02-07 13:31:31,954 - INFO - ensemble - 381, 530
2019-02-07 13:31:31,959 - INFO - ensemble - 383, 540
2019-02-07 13:31:31,964 - INFO - ensemble - 384, 550
2019-02-07 13:31:31,969 - INFO - ensemble - 386, 560
2019-02-07 13:31:31,974 - INFO - ensemble - 388, 570
2019-02-07 13:31:31,979 - INFO - ensemble - 389, 580
2019-02-07 13:31:31,984 - INFO - ensemble - 390, 590
2019-02-07 13:31:31,989 - INFO - ensemble - 393, 600
2019-02-07 13:31:31,993 - INFO - ensemble - 396, 610
2019-02-07 13:31:31,998 - INFO - ensemble - 396, 620
2019-02-07 13:31:32,003 - INFO - ensemble - 396, 630
2019-02-07 13:31:32,008 - INFO - ensemble - 397, 640
2019-02-07 13:31:32,013 - INFO - ensemble - 398, 650
2019-02-07 13:31:32,018 - INFO - ensemble - 400, 660
2019-02-07 13:31:32,023 - INFO - ensemble - 401, 670
2019-02-07 13:31:32,028 - INFO - ensemble - 403, 680
2019-02-07 13:31:32,033 - INFO - ensemble - 405, 690
2019-02-07 13:31:32,038 - INFO - ensemble - 406, 700
2019-02-07 13:31:32,043 - INFO - ensemble - 411, 710
2019-02-07 13:31:32,048 - INFO - ensemble - 412, 720
2019-02-07 13:31:32,053 - INFO - ensemble - 412, 730
2019-02-07 13:31:32,058 - INFO - ensemble - 412, 740
2019-02-07 13:31:32,063 - INFO - ensemble - 412, 750
2019-02-07 13:31:32,068 - INFO - ensemble - 412, 760
2019-02-07 13:31:32,073 - INFO - ensemble - 412, 770
2019-02-07 13:31:32,078 - INFO - ensemble - 412, 780
2019-02-07 13:31:32,083 - INFO - ensemble - 412, 790
2019-02-07 13:31:32,088 - INFO - ensemble - 412, 800
2019-02-07 13:31:32,093 - INFO - ensemble - 413, 810
2019-02-07 13:31:32,098 - INFO - ensemble - 415, 820
2019-02-07 13:31:32,103 - INFO - ensemble - 416, 830
2019-02-07 13:31:32,108 - INFO - ensemble - 416, 840
2019-02-07 13:31:32,113 - INFO - ensemble - 416, 850
2019-02-07 13:31:32,118 - INFO - ensemble - 416, 860
2019-02-07 13:31:32,123 - INFO - ensemble - 416, 870
2019-02-07 13:31:32,128 - INFO - ensemble - 416, 880
2019-02-07 13:31:32,133 - INFO - ensemble - 416, 890
2019-02-07 13:31:32,138 - INFO - ensemble - 416, 900
2019-02-07 13:31:32,143 - INFO - ensemble - 416, 910
2019-02-07 13:31:32,148 - INFO - ensemble - 416, 920
2019-02-07 13:31:32,154 - INFO - ensemble - 416, 930
2019-02-07 13:31:32,159 - INFO - ensemble - 416, 940
2019-02-07 13:31:32,164 - INFO - ensemble - 417, 950
2019-02-07 13:31:32,169 - INFO - ensemble - 417, 960
2019-02-07 13:31:32,174 - INFO - ensemble - 417, 970
2019-02-07 13:31:32,179 - INFO - ensemble - 418, 980
2019-02-07 13:31:32,184 - INFO - ensemble - 418, 990
2019-02-07 13:31:32,189 - INFO - ensemble - 419, 1000
2019-02-07 13:31:32,194 - INFO - ensemble - 419, 1010
2019-02-07 13:31:32,199 - INFO - ensemble - 420, 1020
2019-02-07 13:31:32,205 - INFO - ensemble - 421, 1030
2019-02-07 13:31:32,210 - INFO - ensemble - 421, 1040
2019-02-07 13:31:32,215 - INFO - ensemble - 421, 1050
2019-02-07 13:31:32,220 - INFO - ensemble - 424, 1060
2019-02-07 13:31:32,225 - INFO - ensemble - 424, 1070
2019-02-07 13:31:32,230 - INFO - ensemble - 425, 1080
2019-02-07 13:31:32,235 - INFO - ensemble - 425, 1090
2019-02-07 13:31:32,241 - INFO - ensemble - 425, 1100
2019-02-07 13:31:32,246 - INFO - ensemble - 425, 1110
2019-02-07 13:31:32,251 - INFO - ensemble - 425, 1120
2019-02-07 13:31:32,256 - INFO - ensemble - 425, 1130
2019-02-07 13:31:32,261 - INFO - ensemble - 425, 1140
2019-02-07 13:31:32,266 - INFO - ensemble - 425, 1150
2019-02-07 13:31:32,272 - INFO - ensemble - 425, 1160
2019-02-07 13:31:32,277 - INFO - ensemble - 425, 1170
2019-02-07 13:31:32,282 - INFO - ensemble - 425, 1180
2019-02-07 13:31:32,287 - INFO - ensemble - 425, 1190
2019-02-07 13:31:32,292 - INFO - ensemble - 425, 1200
2019-02-07 13:31:32,298 - INFO - ensemble - 425, 1210
2019-02-07 13:31:32,303 - INFO - ensemble - 425, 1220
2019-02-07 13:31:32,308 - INFO - ensemble - 425, 1230
2019-02-07 13:31:32,313 - INFO - ensemble - 425, 1240
2019-02-07 13:31:32,319 - INFO - ensemble - 425, 1250
2019-02-07 13:31:32,324 - INFO - ensemble - 426, 1260
2019-02-07 13:31:32,329 - INFO - ensemble - 426, 1270
2019-02-07 13:31:32,334 - INFO - ensemble - 426, 1280
2019-02-07 13:31:32,340 - INFO - ensemble - 426, 1290
2019-02-07 13:31:32,345 - INFO - ensemble - 426, 1300
2019-02-07 13:31:32,350 - INFO - ensemble - 427, 1310
2019-02-07 13:31:32,356 - INFO - ensemble - 427, 1320
2019-02-07 13:31:32,361 - INFO - ensemble - 427, 1330
2019-02-07 13:31:32,366 - INFO - ensemble - 427, 1340
2019-02-07 13:31:32,372 - INFO - ensemble - 427, 1350
2019-02-07 13:31:32,377 - INFO - ensemble - 427, 1360
2019-02-07 13:31:32,382 - INFO - ensemble - 427, 1370
2019-02-07 13:31:32,388 - INFO - ensemble - 428, 1380
2019-02-07 13:31:32,393 - INFO - ensemble - 429, 1390
2019-02-07 13:31:32,398 - INFO - ensemble - 429, 1400
2019-02-07 13:31:32,403 - INFO - ensemble - 430, 1410
2019-02-07 13:31:32,409 - INFO - ensemble - 430, 1420
2019-02-07 13:31:32,414 - INFO - ensemble - 430, 1430
2019-02-07 13:31:32,419 - INFO - ensemble - 431, 1440
2019-02-07 13:31:32,425 - INFO - ensemble - 431, 1450
2019-02-07 13:31:32,430 - INFO - ensemble - 432, 1460
2019-02-07 13:31:32,436 - INFO - ensemble - 432, 1470
2019-02-07 13:31:32,441 - INFO - ensemble - 432, 1480
2019-02-07 13:31:32,446 - INFO - ensemble - 432, 1490
2019-02-07 13:31:32,452 - INFO - ensemble - 432, 1500
2019-02-07 13:31:32,457 - INFO - ensemble - 432, 1510
2019-02-07 13:31:32,462 - INFO - ensemble - 432, 1520
2019-02-07 13:31:32,468 - INFO - ensemble - 432, 1530
2019-02-07 13:31:32,473 - INFO - ensemble - 432, 1540
2019-02-07 13:31:32,479 - INFO - ensemble - 432, 1550
2019-02-07 13:31:32,484 - INFO - ensemble - 432, 1560
2019-02-07 13:31:32,490 - INFO - ensemble - 433, 1570
2019-02-07 13:31:32,495 - INFO - ensemble - 433, 1580
2019-02-07 13:31:32,500 - INFO - ensemble - 434, 1590
2019-02-07 13:31:32,506 - INFO - ensemble - 434, 1600
2019-02-07 13:31:32,511 - INFO - ensemble - 434, 1610
2019-02-07 13:31:32,516 - INFO - ensemble - 434, 1620
2019-02-07 13:31:32,522 - INFO - ensemble - 436, 1630
2019-02-07 13:31:32,527 - INFO - ensemble - 436, 1640
2019-02-07 13:31:32,532 - INFO - ensemble - 436, 1650
2019-02-07 13:31:32,538 - INFO - ensemble - 436, 1660
2019-02-07 13:31:32,543 - INFO - ensemble - 438, 1670
2019-02-07 13:31:32,548 - INFO - ensemble - 438, 1680
2019-02-07 13:31:32,554 - INFO - ensemble - 439, 1690
2019-02-07 13:31:32,559 - INFO - ensemble - 439, 1700
2019-02-07 13:31:32,565 - INFO - ensemble - 439, 1710
2019-02-07 13:31:32,570 - INFO - ensemble - 440, 1720
2019-02-07 13:31:32,576 - INFO - ensemble - 440, 1730
2019-02-07 13:31:32,581 - INFO - ensemble - 440, 1740
2019-02-07 13:31:32,586 - INFO - ensemble - 440, 1750
2019-02-07 13:31:32,592 - INFO - ensemble - 440, 1760
2019-02-07 13:31:32,597 - INFO - ensemble - 440, 1770
2019-02-07 13:31:32,603 - INFO - ensemble - 440, 1780
2019-02-07 13:31:32,608 - INFO - ensemble - 440, 1790
2019-02-07 13:31:32,614 - INFO - ensemble - 440, 1800
2019-02-07 13:31:32,619 - INFO - ensemble - 441, 1810
2019-02-07 13:31:32,625 - INFO - ensemble - 441, 1820
2019-02-07 13:31:32,630 - INFO - ensemble - 441, 1830
2019-02-07 13:31:32,636 - INFO - ensemble - 441, 1840
2019-02-07 13:31:32,641 - INFO - ensemble - 443, 1850
2019-02-07 13:31:32,647 - INFO - ensemble - 443, 1860
2019-02-07 13:31:32,652 - INFO - ensemble - 444, 1870
2019-02-07 13:31:32,658 - INFO - ensemble - 445, 1880
2019-02-07 13:31:32,663 - INFO - ensemble - 446, 1890
2019-02-07 13:31:32,669 - INFO - ensemble - 446, 1900
2019-02-07 13:31:32,674 - INFO - ensemble - 446, 1910
2019-02-07 13:31:32,680 - INFO - ensemble - 448, 1920
2019-02-07 13:31:32,685 - INFO - ensemble - 448, 1930
2019-02-07 13:31:32,691 - INFO - ensemble - 449, 1940
2019-02-07 13:31:39,420 - INFO - rig - ++++NEW CLF++++ ENSEMBLE_NBM
2019-02-07 13:31:39,442 - INFO - ensemble - 10, 10
2019-02-07 13:31:39,447 - INFO - ensemble - 19, 20
2019-02-07 13:31:39,452 - INFO - ensemble - 29, 30
2019-02-07 13:31:39,456 - INFO - ensemble - 39, 40
2019-02-07 13:31:39,461 - INFO - ensemble - 48, 50
2019-02-07 13:31:39,466 - INFO - ensemble - 58, 60
2019-02-07 13:31:39,471 - INFO - ensemble - 68, 70
2019-02-07 13:31:39,476 - INFO - ensemble - 77, 80
2019-02-07 13:31:39,481 - INFO - ensemble - 87, 90
2019-02-07 13:31:39,486 - INFO - ensemble - 97, 100
2019-02-07 13:31:39,491 - INFO - ensemble - 106, 110
2019-02-07 13:31:39,495 - INFO - ensemble - 116, 120
2019-02-07 13:31:39,500 - INFO - ensemble - 125, 130
2019-02-07 13:31:39,505 - INFO - ensemble - 135, 140
2019-02-07 13:31:39,510 - INFO - ensemble - 145, 150
2019-02-07 13:31:39,515 - INFO - ensemble - 155, 160
2019-02-07 13:31:39,520 - INFO - ensemble - 165, 170
2019-02-07 13:31:39,526 - INFO - ensemble - 174, 180
2019-02-07 13:31:39,530 - INFO - ensemble - 183, 190
2019-02-07 13:31:39,535 - INFO - ensemble - 193, 200
2019-02-07 13:31:39,539 - INFO - ensemble - 202, 210
2019-02-07 13:31:39,543 - INFO - ensemble - 212, 220
2019-02-07 13:31:39,548 - INFO - ensemble - 222, 230
2019-02-07 13:31:39,552 - INFO - ensemble - 232, 240
2019-02-07 13:31:39,556 - INFO - ensemble - 242, 250
2019-02-07 13:31:39,561 - INFO - ensemble - 252, 260
2019-02-07 13:31:39,565 - INFO - ensemble - 261, 270
2019-02-07 13:31:39,570 - INFO - ensemble - 271, 280
2019-02-07 13:31:39,574 - INFO - ensemble - 281, 290
2019-02-07 13:31:39,579 - INFO - ensemble - 291, 300
2019-02-07 13:31:39,583 - INFO - ensemble - 300, 310
2019-02-07 13:31:39,587 - INFO - ensemble - 310, 320
2019-02-07 13:31:39,592 - INFO - ensemble - 319, 330
2019-02-07 13:31:39,596 - INFO - ensemble - 329, 340
2019-02-07 13:31:39,601 - INFO - ensemble - 337, 350
2019-02-07 13:31:39,605 - INFO - ensemble - 347, 360
2019-02-07 13:31:39,610 - INFO - ensemble - 352, 370
2019-02-07 13:31:39,614 - INFO - ensemble - 358, 380
2019-02-07 13:31:39,619 - INFO - ensemble - 363, 390
2019-02-07 13:31:39,623 - INFO - ensemble - 366, 400
2019-02-07 13:31:39,627 - INFO - ensemble - 367, 410
2019-02-07 13:31:39,632 - INFO - ensemble - 371, 420
2019-02-07 13:31:39,636 - INFO - ensemble - 372, 430
2019-02-07 13:31:39,641 - INFO - ensemble - 372, 440
2019-02-07 13:31:39,645 - INFO - ensemble - 374, 450
2019-02-07 13:31:39,650 - INFO - ensemble - 378, 460
2019-02-07 13:31:39,654 - INFO - ensemble - 378, 470
2019-02-07 13:31:39,659 - INFO - ensemble - 379, 480
2019-02-07 13:31:39,663 - INFO - ensemble - 379, 490
2019-02-07 13:31:39,668 - INFO - ensemble - 381, 500
2019-02-07 13:31:39,673 - INFO - ensemble - 382, 510
2019-02-07 13:31:39,677 - INFO - ensemble - 383, 520
2019-02-07 13:31:39,682 - INFO - ensemble - 384, 530
2019-02-07 13:31:39,686 - INFO - ensemble - 384, 540
2019-02-07 13:31:39,691 - INFO - ensemble - 386, 550
2019-02-07 13:31:39,695 - INFO - ensemble - 387, 560
2019-02-07 13:31:39,700 - INFO - ensemble - 387, 570
2019-02-07 13:31:39,704 - INFO - ensemble - 388, 580
2019-02-07 13:31:39,709 - INFO - ensemble - 389, 590
2019-02-07 13:31:39,713 - INFO - ensemble - 391, 600
2019-02-07 13:31:39,718 - INFO - ensemble - 392, 610
2019-02-07 13:31:39,722 - INFO - ensemble - 394, 620
2019-02-07 13:31:39,727 - INFO - ensemble - 395, 630
2019-02-07 13:31:39,732 - INFO - ensemble - 398, 640
2019-02-07 13:31:39,736 - INFO - ensemble - 400, 650
2019-02-07 13:31:39,741 - INFO - ensemble - 401, 660
2019-02-07 13:31:39,745 - INFO - ensemble - 402, 670
2019-02-07 13:31:39,750 - INFO - ensemble - 406, 680
2019-02-07 13:31:39,755 - INFO - ensemble - 406, 690
2019-02-07 13:31:39,759 - INFO - ensemble - 406, 700
2019-02-07 13:31:39,764 - INFO - ensemble - 408, 710
2019-02-07 13:31:39,769 - INFO - ensemble - 408, 720
2019-02-07 13:31:39,773 - INFO - ensemble - 408, 730
2019-02-07 13:31:39,778 - INFO - ensemble - 408, 740
2019-02-07 13:31:39,782 - INFO - ensemble - 408, 750
2019-02-07 13:31:39,787 - INFO - ensemble - 409, 760
2019-02-07 13:31:39,792 - INFO - ensemble - 409, 770
2019-02-07 13:31:39,796 - INFO - ensemble - 409, 780
2019-02-07 13:31:39,801 - INFO - ensemble - 409, 790
2019-02-07 13:31:39,806 - INFO - ensemble - 409, 800
2019-02-07 13:31:39,810 - INFO - ensemble - 411, 810
2019-02-07 13:31:39,815 - INFO - ensemble - 411, 820
2019-02-07 13:31:39,820 - INFO - ensemble - 411, 830
2019-02-07 13:31:39,824 - INFO - ensemble - 411, 840
2019-02-07 13:31:39,829 - INFO - ensemble - 411, 850
2019-02-07 13:31:39,834 - INFO - ensemble - 412, 860
2019-02-07 13:31:39,838 - INFO - ensemble - 412, 870
2019-02-07 13:31:39,843 - INFO - ensemble - 412, 880
2019-02-07 13:31:39,848 - INFO - ensemble - 413, 890
2019-02-07 13:31:39,852 - INFO - ensemble - 414, 900
2019-02-07 13:31:39,857 - INFO - ensemble - 414, 910
2019-02-07 13:31:39,862 - INFO - ensemble - 414, 920
2019-02-07 13:31:39,867 - INFO - ensemble - 415, 930
2019-02-07 13:31:39,871 - INFO - ensemble - 415, 940
2019-02-07 13:31:39,876 - INFO - ensemble - 415, 950
2019-02-07 13:31:39,881 - INFO - ensemble - 415, 960
2019-02-07 13:31:39,885 - INFO - ensemble - 415, 970
2019-02-07 13:31:39,890 - INFO - ensemble - 415, 980
2019-02-07 13:31:39,895 - INFO - ensemble - 415, 990
2019-02-07 13:31:39,900 - INFO - ensemble - 415, 1000
2019-02-07 13:31:39,904 - INFO - ensemble - 416, 1010
2019-02-07 13:31:39,909 - INFO - ensemble - 417, 1020
2019-02-07 13:31:39,914 - INFO - ensemble - 417, 1030
2019-02-07 13:31:39,919 - INFO - ensemble - 417, 1040
2019-02-07 13:31:39,923 - INFO - ensemble - 417, 1050
2019-02-07 13:31:39,928 - INFO - ensemble - 417, 1060
2019-02-07 13:31:39,933 - INFO - ensemble - 417, 1070
2019-02-07 13:31:39,938 - INFO - ensemble - 418, 1080
2019-02-07 13:31:39,942 - INFO - ensemble - 418, 1090
2019-02-07 13:31:39,947 - INFO - ensemble - 418, 1100
2019-02-07 13:31:39,952 - INFO - ensemble - 418, 1110
2019-02-07 13:31:39,957 - INFO - ensemble - 418, 1120
2019-02-07 13:31:39,961 - INFO - ensemble - 418, 1130
2019-02-07 13:31:39,966 - INFO - ensemble - 420, 1140
2019-02-07 13:31:39,971 - INFO - ensemble - 421, 1150
2019-02-07 13:31:39,976 - INFO - ensemble - 421, 1160
2019-02-07 13:31:39,980 - INFO - ensemble - 421, 1170
2019-02-07 13:31:39,985 - INFO - ensemble - 422, 1180
2019-02-07 13:31:39,990 - INFO - ensemble - 422, 1190
2019-02-07 13:31:39,995 - INFO - ensemble - 422, 1200
2019-02-07 13:31:40,000 - INFO - ensemble - 422, 1210
2019-02-07 13:31:40,004 - INFO - ensemble - 422, 1220
2019-02-07 13:31:40,009 - INFO - ensemble - 422, 1230
2019-02-07 13:31:40,014 - INFO - ensemble - 423, 1240
2019-02-07 13:31:40,019 - INFO - ensemble - 424, 1250
2019-02-07 13:31:40,024 - INFO - ensemble - 424, 1260
2019-02-07 13:31:40,028 - INFO - ensemble - 424, 1270
2019-02-07 13:31:40,033 - INFO - ensemble - 424, 1280
2019-02-07 13:31:40,038 - INFO - ensemble - 426, 1290
2019-02-07 13:31:40,043 - INFO - ensemble - 426, 1300
2019-02-07 13:31:40,048 - INFO - ensemble - 426, 1310
2019-02-07 13:31:40,053 - INFO - ensemble - 426, 1320
2019-02-07 13:31:40,058 - INFO - ensemble - 426, 1330
2019-02-07 13:31:40,062 - INFO - ensemble - 427, 1340
2019-02-07 13:31:40,067 - INFO - ensemble - 428, 1350
2019-02-07 13:31:40,072 - INFO - ensemble - 428, 1360
2019-02-07 13:31:40,077 - INFO - ensemble - 428, 1370
2019-02-07 13:31:40,082 - INFO - ensemble - 429, 1380
2019-02-07 13:31:40,087 - INFO - ensemble - 430, 1390
2019-02-07 13:31:40,092 - INFO - ensemble - 432, 1400
2019-02-07 13:31:40,096 - INFO - ensemble - 432, 1410
2019-02-07 13:31:40,101 - INFO - ensemble - 432, 1420
2019-02-07 13:31:40,106 - INFO - ensemble - 432, 1430
2019-02-07 13:31:40,111 - INFO - ensemble - 433, 1440
2019-02-07 13:31:40,116 - INFO - ensemble - 434, 1450
2019-02-07 13:31:40,121 - INFO - ensemble - 436, 1460
2019-02-07 13:31:40,126 - INFO - ensemble - 436, 1470
2019-02-07 13:31:40,130 - INFO - ensemble - 436, 1480
2019-02-07 13:31:40,135 - INFO - ensemble - 436, 1490
2019-02-07 13:31:40,140 - INFO - ensemble - 436, 1500
2019-02-07 13:31:40,145 - INFO - ensemble - 436, 1510
2019-02-07 13:31:40,150 - INFO - ensemble - 436, 1520
2019-02-07 13:31:40,155 - INFO - ensemble - 436, 1530
2019-02-07 13:31:40,160 - INFO - ensemble - 436, 1540
2019-02-07 13:31:40,165 - INFO - ensemble - 436, 1550
2019-02-07 13:31:40,170 - INFO - ensemble - 436, 1560
2019-02-07 13:31:40,175 - INFO - ensemble - 436, 1570
2019-02-07 13:31:40,180 - INFO - ensemble - 436, 1580
2019-02-07 13:31:40,186 - INFO - ensemble - 437, 1590
2019-02-07 13:31:40,191 - INFO - ensemble - 437, 1600
2019-02-07 13:31:40,196 - INFO - ensemble - 437, 1610
2019-02-07 13:31:40,201 - INFO - ensemble - 437, 1620
2019-02-07 13:31:40,207 - INFO - ensemble - 437, 1630
2019-02-07 13:31:40,212 - INFO - ensemble - 437, 1640
2019-02-07 13:31:40,217 - INFO - ensemble - 437, 1650
2019-02-07 13:31:40,222 - INFO - ensemble - 437, 1660
2019-02-07 13:31:40,228 - INFO - ensemble - 437, 1670
2019-02-07 13:31:40,233 - INFO - ensemble - 437, 1680
2019-02-07 13:31:40,238 - INFO - ensemble - 437, 1690
2019-02-07 13:31:40,244 - INFO - ensemble - 437, 1700
2019-02-07 13:31:40,249 - INFO - ensemble - 437, 1710
2019-02-07 13:31:40,254 - INFO - ensemble - 437, 1720
2019-02-07 13:31:40,260 - INFO - ensemble - 438, 1730
2019-02-07 13:31:40,265 - INFO - ensemble - 438, 1740
2019-02-07 13:31:40,270 - INFO - ensemble - 438, 1750
2019-02-07 13:31:40,276 - INFO - ensemble - 438, 1760
2019-02-07 13:31:40,281 - INFO - ensemble - 438, 1770
2019-02-07 13:31:40,286 - INFO - ensemble - 438, 1780
2019-02-07 13:31:40,292 - INFO - ensemble - 438, 1790
2019-02-07 13:31:40,297 - INFO - ensemble - 438, 1800
2019-02-07 13:31:40,302 - INFO - ensemble - 439, 1810
2019-02-07 13:31:40,308 - INFO - ensemble - 440, 1820
2019-02-07 13:31:40,313 - INFO - ensemble - 440, 1830
2019-02-07 13:31:40,318 - INFO - ensemble - 442, 1840
2019-02-07 13:31:40,324 - INFO - ensemble - 442, 1850
2019-02-07 13:31:40,329 - INFO - ensemble - 442, 1860
2019-02-07 13:31:40,334 - INFO - ensemble - 443, 1870
2019-02-07 13:31:40,340 - INFO - ensemble - 443, 1880
2019-02-07 13:31:40,345 - INFO - ensemble - 446, 1890
2019-02-07 13:31:40,350 - INFO - ensemble - 446, 1900
2019-02-07 13:31:40,356 - INFO - ensemble - 446, 1910
2019-02-07 13:31:40,361 - INFO - ensemble - 446, 1920
2019-02-07 13:31:40,366 - INFO - ensemble - 447, 1930
2019-02-07 13:31:40,372 - INFO - ensemble - 447, 1940
2019-02-07 13:31:40,377 - INFO - ensemble - 448, 1950
2019-02-07 13:31:40,383 - INFO - ensemble - 449, 1960
2019-02-07 13:31:40,383 - INFO - rig - ++++NEW CLF++++ SGD
2019-02-07 13:31:40,384 - INFO - fastread - Total Yes: 472 | Total No: 2496
2019-02-07 13:31:40,668 - INFO - fastread - 2, 10
2019-02-07 13:31:40,672 - INFO - fastread - 11, 20
2019-02-07 13:31:40,677 - INFO - fastread - 21, 30
2019-02-07 13:31:40,681 - INFO - fastread - 30, 40
2019-02-07 13:31:40,685 - INFO - fastread - 39, 50
2019-02-07 13:31:40,690 - INFO - fastread - 49, 60
2019-02-07 13:31:40,694 - INFO - fastread - 59, 70
2019-02-07 13:31:40,698 - INFO - fastread - 69, 80
2019-02-07 13:31:40,703 - INFO - fastread - 79, 90
2019-02-07 13:31:40,707 - INFO - fastread - 86, 100
2019-02-07 13:31:40,711 - INFO - fastread - 96, 110
2019-02-07 13:31:40,716 - INFO - fastread - 106, 120
2019-02-07 13:31:40,720 - INFO - fastread - 116, 130
2019-02-07 13:31:40,724 - INFO - fastread - 126, 140
2019-02-07 13:31:40,729 - INFO - fastread - 136, 150
2019-02-07 13:31:40,733 - INFO - fastread - 146, 160
2019-02-07 13:31:40,738 - INFO - fastread - 156, 170
2019-02-07 13:31:40,742 - INFO - fastread - 166, 180
2019-02-07 13:31:40,746 - INFO - fastread - 176, 190
2019-02-07 13:31:40,751 - INFO - fastread - 186, 200
2019-02-07 13:31:40,755 - INFO - fastread - 194, 210
2019-02-07 13:31:40,760 - INFO - fastread - 204, 220
2019-02-07 13:31:40,764 - INFO - fastread - 214, 230
2019-02-07 13:31:40,768 - INFO - fastread - 224, 240
2019-02-07 13:31:40,773 - INFO - fastread - 234, 250
2019-02-07 13:31:40,777 - INFO - fastread - 242, 260
2019-02-07 13:31:40,782 - INFO - fastread - 252, 270
2019-02-07 13:31:40,786 - INFO - fastread - 262, 280
2019-02-07 13:31:40,791 - INFO - fastread - 271, 290
2019-02-07 13:31:40,795 - INFO - fastread - 280, 300
2019-02-07 13:31:40,799 - INFO - fastread - 289, 310
2019-02-07 13:31:40,804 - INFO - fastread - 296, 320
2019-02-07 13:31:40,808 - INFO - fastread - 302, 330
2019-02-07 13:31:40,813 - INFO - fastread - 308, 340
2019-02-07 13:31:40,817 - INFO - fastread - 317, 350
2019-02-07 13:31:40,822 - INFO - fastread - 325, 360
2019-02-07 13:31:40,826 - INFO - fastread - 330, 370
2019-02-07 13:31:40,831 - INFO - fastread - 336, 380
2019-02-07 13:31:40,835 - INFO - fastread - 343, 390
2019-02-07 13:31:40,840 - INFO - fastread - 350, 400
2019-02-07 13:31:40,844 - INFO - fastread - 358, 410
2019-02-07 13:31:40,849 - INFO - fastread - 362, 420
2019-02-07 13:31:40,853 - INFO - fastread - 368, 430
2019-02-07 13:31:40,858 - INFO - fastread - 374, 440
2019-02-07 13:31:40,862 - INFO - fastread - 376, 450
2019-02-07 13:31:40,867 - INFO - fastread - 381, 460
2019-02-07 13:31:40,871 - INFO - fastread - 382, 470
2019-02-07 13:31:40,876 - INFO - fastread - 383, 480
2019-02-07 13:31:40,880 - INFO - fastread - 386, 490
2019-02-07 13:31:40,885 - INFO - fastread - 390, 500
2019-02-07 13:31:40,889 - INFO - fastread - 393, 510
2019-02-07 13:31:40,894 - INFO - fastread - 395, 520
2019-02-07 13:31:40,898 - INFO - fastread - 400, 530
2019-02-07 13:31:40,903 - INFO - fastread - 400, 540
2019-02-07 13:31:40,908 - INFO - fastread - 406, 550
2019-02-07 13:31:40,912 - INFO - fastread - 406, 560
2019-02-07 13:31:40,917 - INFO - fastread - 408, 570
2019-02-07 13:31:40,921 - INFO - fastread - 408, 580
2019-02-07 13:31:40,926 - INFO - fastread - 410, 590
2019-02-07 13:31:40,930 - INFO - fastread - 413, 600
2019-02-07 13:31:40,935 - INFO - fastread - 415, 610
2019-02-07 13:31:40,940 - INFO - fastread - 417, 620
2019-02-07 13:31:40,944 - INFO - fastread - 418, 630
2019-02-07 13:31:40,949 - INFO - fastread - 418, 640
2019-02-07 13:31:40,954 - INFO - fastread - 420, 650
2019-02-07 13:31:40,958 - INFO - fastread - 421, 660
2019-02-07 13:31:40,963 - INFO - fastread - 422, 670
2019-02-07 13:31:40,967 - INFO - fastread - 422, 680
2019-02-07 13:31:40,972 - INFO - fastread - 424, 690
2019-02-07 13:31:40,977 - INFO - fastread - 425, 700
2019-02-07 13:31:40,981 - INFO - fastread - 426, 710
2019-02-07 13:31:40,986 - INFO - fastread - 426, 720
2019-02-07 13:31:40,990 - INFO - fastread - 427, 730
2019-02-07 13:31:40,995 - INFO - fastread - 427, 740
2019-02-07 13:31:41,000 - INFO - fastread - 430, 750
2019-02-07 13:31:41,004 - INFO - fastread - 431, 760
2019-02-07 13:31:41,009 - INFO - fastread - 433, 770
2019-02-07 13:31:41,014 - INFO - fastread - 433, 780
2019-02-07 13:31:41,018 - INFO - fastread - 434, 790
2019-02-07 13:31:41,023 - INFO - fastread - 435, 800
2019-02-07 13:31:41,028 - INFO - fastread - 435, 810
2019-02-07 13:31:41,032 - INFO - fastread - 435, 820
2019-02-07 13:31:41,037 - INFO - fastread - 435, 830
2019-02-07 13:31:41,042 - INFO - fastread - 435, 840
2019-02-07 13:31:41,046 - INFO - fastread - 435, 850
2019-02-07 13:31:41,051 - INFO - fastread - 435, 860
2019-02-07 13:31:41,056 - INFO - fastread - 437, 870
2019-02-07 13:31:41,060 - INFO - fastread - 438, 880
2019-02-07 13:31:41,065 - INFO - fastread - 438, 890
2019-02-07 13:31:41,070 - INFO - fastread - 439, 900
2019-02-07 13:31:41,075 - INFO - fastread - 439, 910
2019-02-07 13:31:41,079 - INFO - fastread - 439, 920
2019-02-07 13:31:41,084 - INFO - fastread - 439, 930
2019-02-07 13:31:41,089 - INFO - fastread - 439, 940
2019-02-07 13:31:41,093 - INFO - fastread - 439, 950
2019-02-07 13:31:41,098 - INFO - fastread - 440, 960
2019-02-07 13:31:41,103 - INFO - fastread - 440, 970
2019-02-07 13:31:41,108 - INFO - fastread - 440, 980
2019-02-07 13:31:41,112 - INFO - fastread - 440, 990
2019-02-07 13:31:41,117 - INFO - fastread - 440, 1000
2019-02-07 13:31:41,122 - INFO - fastread - 441, 1010
2019-02-07 13:31:41,127 - INFO - fastread - 442, 1020
2019-02-07 13:31:41,131 - INFO - fastread - 443, 1030
2019-02-07 13:31:41,136 - INFO - fastread - 443, 1040
2019-02-07 13:31:41,141 - INFO - fastread - 443, 1050
2019-02-07 13:31:41,146 - INFO - fastread - 443, 1060
2019-02-07 13:31:41,150 - INFO - fastread - 443, 1070
2019-02-07 13:31:41,155 - INFO - fastread - 443, 1080
2019-02-07 13:31:41,160 - INFO - fastread - 445, 1090
2019-02-07 13:31:41,165 - INFO - fastread - 445, 1100
2019-02-07 13:31:41,169 - INFO - fastread - 445, 1110
2019-02-07 13:31:41,174 - INFO - fastread - 446, 1120
2019-02-07 13:31:41,179 - INFO - fastread - 446, 1130
2019-02-07 13:31:41,184 - INFO - fastread - 447, 1140
2019-02-07 13:31:41,188 - INFO - fastread - 447, 1150
2019-02-07 13:31:41,193 - INFO - fastread - 449, 1160
2019-02-07 13:31:41,204 - INFO - fastread - IGNORE hibernate-distribution-3.3.2.GA | Total: 2968 | Percent Checked: 0.39 | Total Yes Data: 472 | Percent Yes Checked: 0.95
2019-02-07 13:31:41,204 - INFO - rig - ++++NEW CLF++++ SVM
2019-02-07 13:31:41,204 - INFO - fastread - Total Yes: 472 | Total No: 2496
2019-02-07 13:41:21,866 - INFO - fastread - 5, 10
2019-02-07 13:41:21,876 - INFO - fastread - 10, 20
2019-02-07 13:41:21,881 - INFO - fastread - 19, 30
2019-02-07 13:41:21,886 - INFO - fastread - 28, 40
2019-02-07 13:41:21,890 - INFO - fastread - 38, 50
2019-02-07 13:41:21,895 - INFO - fastread - 48, 60
2019-02-07 13:41:21,899 - INFO - fastread - 58, 70
2019-02-07 13:41:21,903 - INFO - fastread - 68, 80
2019-02-07 13:41:21,908 - INFO - fastread - 76, 90
2019-02-07 13:41:21,912 - INFO - fastread - 86, 100
2019-02-07 13:41:21,916 - INFO - fastread - 96, 110
2019-02-07 13:41:21,921 - INFO - fastread - 106, 120
2019-02-07 13:41:21,925 - INFO - fastread - 116, 130
2019-02-07 13:41:21,929 - INFO - fastread - 126, 140
2019-02-07 13:41:21,934 - INFO - fastread - 136, 150
2019-02-07 13:41:21,938 - INFO - fastread - 145, 160
2019-02-07 13:41:21,942 - INFO - fastread - 154, 170
2019-02-07 13:41:21,947 - INFO - fastread - 164, 180
2019-02-07 13:41:21,951 - INFO - fastread - 174, 190
2019-02-07 13:41:21,955 - INFO - fastread - 184, 200
2019-02-07 13:41:21,960 - INFO - fastread - 194, 210
2019-02-07 13:41:21,964 - INFO - fastread - 204, 220
2019-02-07 13:41:21,968 - INFO - fastread - 214, 230
2019-02-07 13:41:21,973 - INFO - fastread - 224, 240
2019-02-07 13:41:21,977 - INFO - fastread - 234, 250
2019-02-07 13:41:21,982 - INFO - fastread - 244, 260
2019-02-07 13:41:21,986 - INFO - fastread - 253, 270
2019-02-07 13:41:21,990 - INFO - fastread - 260, 280
2019-02-07 13:41:21,995 - INFO - fastread - 270, 290
2019-02-07 13:41:21,999 - INFO - fastread - 280, 300
2019-02-07 13:41:22,004 - INFO - fastread - 290, 310
2019-02-07 13:41:22,008 - INFO - fastread - 299, 320
2019-02-07 13:41:22,012 - INFO - fastread - 309, 330
2019-02-07 13:41:22,016 - INFO - fastread - 319, 340
2019-02-07 13:41:22,021 - INFO - fastread - 329, 350
2019-02-07 13:41:22,025 - INFO - fastread - 339, 360
2019-02-07 13:41:22,029 - INFO - fastread - 344, 370
2019-02-07 13:41:22,034 - INFO - fastread - 352, 380
2019-02-07 13:41:22,038 - INFO - fastread - 355, 390
2019-02-07 13:41:22,042 - INFO - fastread - 359, 400
2019-02-07 13:41:22,047 - INFO - fastread - 365, 410
2019-02-07 13:41:22,051 - INFO - fastread - 367, 420
2019-02-07 13:41:22,056 - INFO - fastread - 370, 430
2019-02-07 13:41:22,060 - INFO - fastread - 375, 440
2019-02-07 13:41:22,065 - INFO - fastread - 375, 450
2019-02-07 13:41:22,069 - INFO - fastread - 377, 460
2019-02-07 13:41:22,074 - INFO - fastread - 378, 470
2019-02-07 13:41:22,078 - INFO - fastread - 380, 480
2019-02-07 13:41:22,083 - INFO - fastread - 382, 490
2019-02-07 13:41:22,087 - INFO - fastread - 386, 500
2019-02-07 13:41:22,092 - INFO - fastread - 386, 510
2019-02-07 13:41:22,096 - INFO - fastread - 389, 520
2019-02-07 13:41:22,101 - INFO - fastread - 394, 530
2019-02-07 13:41:22,105 - INFO - fastread - 396, 540
2019-02-07 13:41:22,110 - INFO - fastread - 398, 550
2019-02-07 13:41:22,115 - INFO - fastread - 401, 560
2019-02-07 13:41:22,119 - INFO - fastread - 401, 570
2019-02-07 13:41:22,124 - INFO - fastread - 401, 580
2019-02-07 13:41:22,128 - INFO - fastread - 403, 590
2019-02-07 13:41:22,133 - INFO - fastread - 404, 600
2019-02-07 13:41:22,138 - INFO - fastread - 406, 610
2019-02-07 13:41:22,142 - INFO - fastread - 408, 620
2019-02-07 13:41:22,147 - INFO - fastread - 410, 630
2019-02-07 13:41:22,151 - INFO - fastread - 413, 640
2019-02-07 13:41:22,156 - INFO - fastread - 416, 650
2019-02-07 13:41:22,160 - INFO - fastread - 418, 660
2019-02-07 13:41:22,165 - INFO - fastread - 418, 670
2019-02-07 13:41:22,169 - INFO - fastread - 420, 680
2019-02-07 13:41:22,174 - INFO - fastread - 421, 690
2019-02-07 13:41:22,178 - INFO - fastread - 422, 700
2019-02-07 13:41:22,183 - INFO - fastread - 424, 710
2019-02-07 13:41:22,188 - INFO - fastread - 424, 720
2019-02-07 13:41:22,192 - INFO - fastread - 425, 730
2019-02-07 13:41:22,197 - INFO - fastread - 425, 740
2019-02-07 13:41:22,201 - INFO - fastread - 426, 750
2019-02-07 13:41:22,206 - INFO - fastread - 428, 760
2019-02-07 13:41:22,210 - INFO - fastread - 429, 770
2019-02-07 13:41:22,215 - INFO - fastread - 430, 780
2019-02-07 13:41:22,220 - INFO - fastread - 430, 790
2019-02-07 13:41:22,224 - INFO - fastread - 430, 800
2019-02-07 13:41:22,229 - INFO - fastread - 430, 810
2019-02-07 13:41:22,233 - INFO - fastread - 430, 820
2019-02-07 13:41:22,238 - INFO - fastread - 430, 830
2019-02-07 13:41:22,243 - INFO - fastread - 430, 840
2019-02-07 13:41:22,247 - INFO - fastread - 430, 850
2019-02-07 13:41:22,252 - INFO - fastread - 431, 860
2019-02-07 13:41:22,257 - INFO - fastread - 432, 870
2019-02-07 13:41:22,261 - INFO - fastread - 432, 880
2019-02-07 13:41:22,266 - INFO - fastread - 432, 890
2019-02-07 13:41:22,271 - INFO - fastread - 432, 900
2019-02-07 13:41:22,276 - INFO - fastread - 432, 910
2019-02-07 13:41:22,280 - INFO - fastread - 436, 920
2019-02-07 13:41:22,285 - INFO - fastread - 437, 930
2019-02-07 13:41:22,290 - INFO - fastread - 437, 940
2019-02-07 13:41:22,294 - INFO - fastread - 437, 950
2019-02-07 13:41:22,299 - INFO - fastread - 437, 960
2019-02-07 13:41:22,304 - INFO - fastread - 437, 970
2019-02-07 13:41:22,308 - INFO - fastread - 438, 980
2019-02-07 13:41:22,313 - INFO - fastread - 439, 990
2019-02-07 13:41:22,318 - INFO - fastread - 439, 1000
2019-02-07 13:41:22,322 - INFO - fastread - 440, 1010
2019-02-07 13:41:22,327 - INFO - fastread - 442, 1020
2019-02-07 13:41:22,331 - INFO - fastread - 443, 1030
2019-02-07 13:41:22,336 - INFO - fastread - 443, 1040
2019-02-07 13:41:22,340 - INFO - fastread - 443, 1050
2019-02-07 13:41:22,345 - INFO - fastread - 443, 1060
2019-02-07 13:41:22,350 - INFO - fastread - 443, 1070
2019-02-07 13:41:22,355 - INFO - fastread - 444, 1080
2019-02-07 13:41:22,359 - INFO - fastread - 445, 1090
2019-02-07 13:41:22,364 - INFO - fastread - 445, 1100
2019-02-07 13:41:22,369 - INFO - fastread - 445, 1110
2019-02-07 13:41:22,374 - INFO - fastread - 445, 1120
2019-02-07 13:41:22,378 - INFO - fastread - 446, 1130
2019-02-07 13:41:22,383 - INFO - fastread - 446, 1140
2019-02-07 13:41:22,388 - INFO - fastread - 446, 1150
2019-02-07 13:41:22,393 - INFO - fastread - 446, 1160
2019-02-07 13:41:22,398 - INFO - fastread - 448, 1170
2019-02-07 13:41:22,402 - INFO - fastread - 449, 1180
2019-02-07 13:41:22,413 - INFO - fastread - IGNORE hibernate-distribution-3.3.2.GA | Total: 2968 | Percent Checked: 0.4 | Total Yes Data: 472 | Percent Yes Checked: 0.95
