2019-02-07 13:22:43,693 - INFO - rig - jfreechart-1.0.19
2019-02-07 13:22:52,271 - INFO - rig - ++++NEW CLF++++ FASTREAD
2019-02-07 13:22:52,272 - INFO - fastread - Total Yes: 209 | Total No: 4199
2019-02-07 13:22:52,852 - INFO - fastread - 0, 0  475
2019-02-07 13:23:07,810 - INFO - fastread - 49, 52  475
2019-02-07 13:23:13,402 - INFO - fastread - 60, 74  116
2019-02-07 13:23:18,949 - INFO - fastread - 60, 96  119
2019-02-07 13:23:24,561 - INFO - fastread - 60, 118  114
2019-02-07 13:23:30,127 - INFO - fastread - 62, 140  114
2019-02-07 13:23:35,820 - INFO - fastread - 64, 162  116
2019-02-07 13:23:41,446 - INFO - fastread - 67, 184  119
2019-02-07 13:23:47,194 - INFO - fastread - 71, 206  119
2019-02-07 13:23:52,204 - INFO - fastread - 74, 228  133
2019-02-07 13:23:57,342 - INFO - fastread - 82, 250  141
2019-02-07 13:24:02,489 - INFO - fastread - 90, 272  145
2019-02-07 13:24:07,556 - INFO - fastread - 95, 294  144
2019-02-07 13:24:12,654 - INFO - fastread - 100, 316  143
2019-02-07 13:24:17,626 - INFO - fastread - 112, 338  149
2019-02-07 13:24:22,751 - INFO - fastread - 117, 360  156
2019-02-07 13:24:27,816 - INFO - fastread - 118, 382  153
2019-02-07 13:24:32,963 - INFO - fastread - 118, 404  154
2019-02-07 13:24:38,080 - INFO - fastread - 120, 426  152
2019-02-07 13:24:43,064 - INFO - fastread - 120, 448  151
2019-02-07 13:24:48,139 - INFO - fastread - 120, 470  152
2019-02-07 13:24:53,125 - INFO - fastread - 120, 492  153
2019-02-07 13:24:58,237 - INFO - fastread - 120, 514  152
2019-02-07 13:25:11,951 - INFO - fastread - 121, 579  147
2019-02-07 13:25:16,952 - INFO - fastread - 143, 601  163
2019-02-07 13:25:22,047 - INFO - fastread - 165, 623  182
2019-02-07 13:25:27,182 - INFO - fastread - 181, 645  192
2019-02-07 13:25:32,276 - INFO - fastread - 181, 667  190
2019-02-07 13:25:37,447 - INFO - fastread - 183, 689  191
2019-02-07 13:25:42,497 - INFO - fastread - 186, 711  191
2019-02-07 13:25:47,684 - INFO - fastread - 186, 733  193
2019-02-07 13:25:52,771 - INFO - fastread - 186, 755  193
2019-02-07 13:25:57,964 - INFO - fastread - 188, 777  190
2019-02-07 13:26:03,153 - INFO - fastread - 190, 799  193
2019-02-07 13:26:08,251 - INFO - fastread - 193, 821  195
2019-02-07 13:26:13,498 - INFO - fastread - 200, 843  200
2019-02-07 13:26:18,665 - INFO - fastread - 201, 865  206
2019-02-07 13:26:23,997 - INFO - fastread - 201, 887  206
2019-02-07 13:26:29,233 - INFO - fastread - 201, 909  204
2019-02-07 13:26:34,615 - INFO - fastread - 201, 931  204
2019-02-07 13:26:39,957 - INFO - fastread - 201, 953  204
2019-02-07 13:26:53,902 - INFO - fastread - 201, 1017  204
2019-02-07 13:27:07,740 - INFO - fastread - 202, 1077  205
2019-02-07 13:27:13,025 - INFO - fastread - 203, 1099  209
2019-02-07 13:27:18,138 - INFO - fastread - 205, 1121  207
2019-02-07 13:27:23,444 - INFO - fastread - 208, 1143  209
2019-02-07 13:27:28,677 - INFO - fastread - 208, 1165  213
2019-02-07 13:27:34,066 - INFO - fastread - 208, 1187  213
2019-02-07 13:27:39,521 - INFO - fastread - 208, 1209  210
2019-02-07 13:27:45,024 - INFO - fastread - 208, 1231  212
2019-02-07 13:27:59,214 - INFO - fastread - 208, 1293  214
2019-02-07 13:28:13,300 - INFO - fastread - 208, 1354  213
2019-02-07 13:28:27,394 - INFO - fastread - 208, 1417  212
2019-02-07 13:28:32,831 - INFO - fastread - 208, 1439  214
2019-02-07 13:28:32,831 - INFO - fastread - IGNORE jfreechart-1.0.19 NO IMPROVEMENT after 3 random loops. EXITING. Current estimate: 226
2019-02-07 13:28:32,853 - INFO - fastread - IGNORE jfreechart-1.0.19 | Total: 4408 | Percent Checked: 0.33 | Total Yes Data: 209 | Percent Yes Checked: 1.0
2019-02-07 13:28:32,854 - INFO - rig - ++++NEW CLF++++ QUICKREAD
2019-02-07 13:28:32,854 - INFO - quickread - Total Yes: 209 | Total No: 4199
2019-02-07 13:28:33,475 - INFO - quickread - 0, 0  475
2019-02-07 13:28:43,697 - INFO - quickread - 49, 52  475
2019-02-07 13:28:49,164 - INFO - quickread - 65, 74  160
2019-02-07 13:28:54,541 - INFO - quickread - 81, 96  130
2019-02-07 13:28:59,538 - INFO - quickread - 90, 118  133
2019-02-07 13:29:04,396 - INFO - quickread - 97, 140  131
2019-02-07 13:29:09,167 - INFO - quickread - 100, 162  134
2019-02-07 13:29:14,090 - INFO - quickread - 103, 184  130
2019-02-07 13:29:18,861 - INFO - quickread - 107, 206  129
2019-02-07 13:29:23,513 - INFO - quickread - 110, 228  132
2019-02-07 13:29:28,329 - INFO - quickread - 113, 250  133
2019-02-07 13:29:32,937 - INFO - quickread - 116, 272  134
2019-02-07 13:29:37,521 - INFO - quickread - 118, 294  136
2019-02-07 13:29:42,152 - INFO - quickread - 120, 316  136
2019-02-07 13:29:46,582 - INFO - quickread - 120, 338  136
2019-02-07 13:29:51,135 - INFO - quickread - 120, 360  133
2019-02-07 13:29:55,668 - INFO - quickread - 120, 382  130
2019-02-07 13:30:00,014 - INFO - quickread - 124, 404  128
2019-02-07 13:30:04,520 - INFO - quickread - 125, 426  134
2019-02-07 13:30:11,291 - INFO - quickread - 127, 448  134
2019-02-07 13:30:16,128 - INFO - quickread - 137, 470  136
2019-02-07 13:30:20,822 - INFO - quickread - 142, 492  152
2019-02-07 13:30:25,301 - INFO - quickread - 142, 514  157
2019-02-07 13:30:29,940 - INFO - quickread - 142, 536  151
2019-02-07 13:30:34,561 - INFO - quickread - 145, 558  147
2019-02-07 13:30:38,947 - INFO - quickread - 145, 580  151
2019-02-07 13:30:43,543 - INFO - quickread - 145, 602  149
2019-02-07 13:30:48,143 - INFO - quickread - 145, 624  147
2019-02-07 13:30:52,506 - INFO - quickread - 145, 646  146
2019-02-07 13:31:05,685 - INFO - quickread - 145, 711  145
2019-02-07 13:31:05,850 - INFO - quickread - IGNORE jfreechart-1.0.19 | Total: 4408 | Percent Checked: 0.16 | Total Yes Data: 209 | Percent Yes Checked: 0.69
2019-02-07 13:31:05,850 - INFO - rig - ++++NEW CLF++++ ENSEMBLE_DT
2019-02-07 13:31:05,869 - INFO - ensemble - 9, 10
2019-02-07 13:31:05,874 - INFO - ensemble - 19, 20
2019-02-07 13:31:05,879 - INFO - ensemble - 28, 30
2019-02-07 13:31:05,884 - INFO - ensemble - 38, 40
2019-02-07 13:31:05,889 - INFO - ensemble - 48, 50
2019-02-07 13:31:05,894 - INFO - ensemble - 57, 60
2019-02-07 13:31:05,899 - INFO - ensemble - 66, 70
2019-02-07 13:31:05,904 - INFO - ensemble - 74, 80
2019-02-07 13:31:05,909 - INFO - ensemble - 79, 90
2019-02-07 13:31:05,914 - INFO - ensemble - 82, 100
2019-02-07 13:31:05,920 - INFO - ensemble - 87, 110
2019-02-07 13:31:05,925 - INFO - ensemble - 94, 120
2019-02-07 13:31:05,930 - INFO - ensemble - 96, 130
2019-02-07 13:31:05,935 - INFO - ensemble - 99, 140
2019-02-07 13:31:05,940 - INFO - ensemble - 103, 150
2019-02-07 13:31:05,945 - INFO - ensemble - 107, 160
2019-02-07 13:31:05,950 - INFO - ensemble - 110, 170
2019-02-07 13:31:05,955 - INFO - ensemble - 112, 180
2019-02-07 13:31:05,960 - INFO - ensemble - 114, 190
2019-02-07 13:31:05,966 - INFO - ensemble - 117, 200
2019-02-07 13:31:05,971 - INFO - ensemble - 117, 210
2019-02-07 13:31:05,976 - INFO - ensemble - 120, 220
2019-02-07 13:31:05,981 - INFO - ensemble - 122, 230
2019-02-07 13:31:05,986 - INFO - ensemble - 124, 240
2019-02-07 13:31:05,991 - INFO - ensemble - 127, 250
2019-02-07 13:31:05,996 - INFO - ensemble - 128, 260
2019-02-07 13:31:06,002 - INFO - ensemble - 130, 270
2019-02-07 13:31:06,007 - INFO - ensemble - 132, 280
2019-02-07 13:31:06,012 - INFO - ensemble - 133, 290
2019-02-07 13:31:06,017 - INFO - ensemble - 135, 300
2019-02-07 13:31:06,022 - INFO - ensemble - 136, 310
2019-02-07 13:31:06,028 - INFO - ensemble - 138, 320
2019-02-07 13:31:06,033 - INFO - ensemble - 139, 330
2019-02-07 13:31:06,038 - INFO - ensemble - 141, 340
2019-02-07 13:31:06,044 - INFO - ensemble - 144, 350
2019-02-07 13:31:06,049 - INFO - ensemble - 144, 360
2019-02-07 13:31:06,054 - INFO - ensemble - 146, 370
2019-02-07 13:31:06,059 - INFO - ensemble - 149, 380
2019-02-07 13:31:06,064 - INFO - ensemble - 151, 390
2019-02-07 13:31:06,070 - INFO - ensemble - 155, 400
2019-02-07 13:31:06,075 - INFO - ensemble - 158, 410
2019-02-07 13:31:06,080 - INFO - ensemble - 158, 420
2019-02-07 13:31:06,085 - INFO - ensemble - 159, 430
2019-02-07 13:31:06,090 - INFO - ensemble - 161, 440
2019-02-07 13:31:06,096 - INFO - ensemble - 162, 450
2019-02-07 13:31:06,101 - INFO - ensemble - 162, 460
2019-02-07 13:31:06,106 - INFO - ensemble - 163, 470
2019-02-07 13:31:06,111 - INFO - ensemble - 167, 480
2019-02-07 13:31:06,117 - INFO - ensemble - 171, 490
2019-02-07 13:31:06,122 - INFO - ensemble - 173, 500
2019-02-07 13:31:06,127 - INFO - ensemble - 176, 510
2019-02-07 13:31:06,133 - INFO - ensemble - 179, 520
2019-02-07 13:31:06,138 - INFO - ensemble - 182, 530
2019-02-07 13:31:06,143 - INFO - ensemble - 183, 540
2019-02-07 13:31:06,149 - INFO - ensemble - 185, 550
2019-02-07 13:31:06,154 - INFO - ensemble - 188, 560
2019-02-07 13:31:06,159 - INFO - ensemble - 191, 570
2019-02-07 13:31:06,165 - INFO - ensemble - 191, 580
2019-02-07 13:31:06,170 - INFO - ensemble - 191, 590
2019-02-07 13:31:06,175 - INFO - ensemble - 191, 600
2019-02-07 13:31:06,180 - INFO - ensemble - 191, 610
2019-02-07 13:31:06,186 - INFO - ensemble - 191, 620
2019-02-07 13:31:06,191 - INFO - ensemble - 191, 630
2019-02-07 13:31:06,196 - INFO - ensemble - 191, 640
2019-02-07 13:31:06,202 - INFO - ensemble - 191, 650
2019-02-07 13:31:06,207 - INFO - ensemble - 191, 660
2019-02-07 13:31:06,213 - INFO - ensemble - 191, 670
2019-02-07 13:31:06,218 - INFO - ensemble - 192, 680
2019-02-07 13:31:06,223 - INFO - ensemble - 192, 690
2019-02-07 13:31:06,229 - INFO - ensemble - 192, 700
2019-02-07 13:31:06,234 - INFO - ensemble - 192, 710
2019-02-07 13:31:06,240 - INFO - ensemble - 192, 720
2019-02-07 13:31:06,245 - INFO - ensemble - 193, 730
2019-02-07 13:31:06,251 - INFO - ensemble - 193, 740
2019-02-07 13:31:06,256 - INFO - ensemble - 193, 750
2019-02-07 13:31:06,261 - INFO - ensemble - 193, 760
2019-02-07 13:31:06,267 - INFO - ensemble - 193, 770
2019-02-07 13:31:06,272 - INFO - ensemble - 193, 780
2019-02-07 13:31:06,277 - INFO - ensemble - 193, 790
2019-02-07 13:31:06,283 - INFO - ensemble - 193, 800
2019-02-07 13:31:06,288 - INFO - ensemble - 193, 810
2019-02-07 13:31:06,294 - INFO - ensemble - 193, 820
2019-02-07 13:31:06,299 - INFO - ensemble - 193, 830
2019-02-07 13:31:06,305 - INFO - ensemble - 193, 840
2019-02-07 13:31:06,310 - INFO - ensemble - 193, 850
2019-02-07 13:31:06,316 - INFO - ensemble - 193, 860
2019-02-07 13:31:06,321 - INFO - ensemble - 193, 870
2019-02-07 13:31:06,327 - INFO - ensemble - 193, 880
2019-02-07 13:31:06,332 - INFO - ensemble - 193, 890
2019-02-07 13:31:06,338 - INFO - ensemble - 193, 900
2019-02-07 13:31:06,343 - INFO - ensemble - 194, 910
2019-02-07 13:31:06,349 - INFO - ensemble - 194, 920
2019-02-07 13:31:06,354 - INFO - ensemble - 194, 930
2019-02-07 13:31:06,360 - INFO - ensemble - 194, 940
2019-02-07 13:31:06,365 - INFO - ensemble - 194, 950
2019-02-07 13:31:06,371 - INFO - ensemble - 194, 960
2019-02-07 13:31:06,376 - INFO - ensemble - 194, 970
2019-02-07 13:31:06,382 - INFO - ensemble - 194, 980
2019-02-07 13:31:06,387 - INFO - ensemble - 194, 990
2019-02-07 13:31:06,393 - INFO - ensemble - 194, 1000
2019-02-07 13:31:06,398 - INFO - ensemble - 194, 1010
2019-02-07 13:31:06,404 - INFO - ensemble - 194, 1020
2019-02-07 13:31:06,409 - INFO - ensemble - 195, 1030
2019-02-07 13:31:06,415 - INFO - ensemble - 195, 1040
2019-02-07 13:31:06,421 - INFO - ensemble - 195, 1050
2019-02-07 13:31:06,426 - INFO - ensemble - 195, 1060
2019-02-07 13:31:06,432 - INFO - ensemble - 195, 1070
2019-02-07 13:31:06,438 - INFO - ensemble - 195, 1080
2019-02-07 13:31:06,443 - INFO - ensemble - 195, 1090
2019-02-07 13:31:06,449 - INFO - ensemble - 195, 1100
2019-02-07 13:31:06,454 - INFO - ensemble - 195, 1110
2019-02-07 13:31:06,460 - INFO - ensemble - 195, 1120
2019-02-07 13:31:06,465 - INFO - ensemble - 196, 1130
2019-02-07 13:31:06,471 - INFO - ensemble - 196, 1140
2019-02-07 13:31:06,477 - INFO - ensemble - 196, 1150
2019-02-07 13:31:06,482 - INFO - ensemble - 196, 1160
2019-02-07 13:31:06,488 - INFO - ensemble - 196, 1170
2019-02-07 13:31:06,493 - INFO - ensemble - 196, 1180
2019-02-07 13:31:06,499 - INFO - ensemble - 196, 1190
2019-02-07 13:31:06,505 - INFO - ensemble - 196, 1200
2019-02-07 13:31:06,510 - INFO - ensemble - 196, 1210
2019-02-07 13:31:06,516 - INFO - ensemble - 196, 1220
2019-02-07 13:31:06,522 - INFO - ensemble - 196, 1230
2019-02-07 13:31:06,527 - INFO - ensemble - 196, 1240
2019-02-07 13:31:06,533 - INFO - ensemble - 196, 1250
2019-02-07 13:31:06,539 - INFO - ensemble - 197, 1260
2019-02-07 13:31:06,544 - INFO - ensemble - 197, 1270
2019-02-07 13:31:06,550 - INFO - ensemble - 197, 1280
2019-02-07 13:31:06,556 - INFO - ensemble - 197, 1290
2019-02-07 13:31:06,561 - INFO - ensemble - 197, 1300
2019-02-07 13:31:06,567 - INFO - ensemble - 197, 1310
2019-02-07 13:31:06,572 - INFO - ensemble - 197, 1320
2019-02-07 13:31:06,578 - INFO - ensemble - 197, 1330
2019-02-07 13:31:06,584 - INFO - ensemble - 197, 1340
2019-02-07 13:31:06,590 - INFO - ensemble - 197, 1350
2019-02-07 13:31:06,595 - INFO - ensemble - 197, 1360
2019-02-07 13:31:06,601 - INFO - ensemble - 197, 1370
2019-02-07 13:31:06,607 - INFO - ensemble - 198, 1380
2019-02-07 13:31:06,612 - INFO - ensemble - 198, 1390
2019-02-07 13:31:06,618 - INFO - ensemble - 198, 1400
2019-02-07 13:31:06,624 - INFO - ensemble - 198, 1410
2019-02-07 13:31:06,630 - INFO - ensemble - 198, 1420
2019-02-07 13:31:06,635 - INFO - ensemble - 198, 1430
2019-02-07 13:31:06,641 - INFO - ensemble - 198, 1440
2019-02-07 13:31:06,647 - INFO - ensemble - 198, 1450
2019-02-07 13:31:06,652 - INFO - ensemble - 198, 1460
2019-02-07 13:31:06,658 - INFO - ensemble - 198, 1470
2019-02-07 13:31:06,663 - INFO - ensemble - 198, 1480
2019-02-07 13:31:06,669 - INFO - ensemble - 198, 1490
2019-02-07 13:31:06,675 - INFO - ensemble - 198, 1500
2019-02-07 13:31:06,681 - INFO - ensemble - 198, 1510
2019-02-07 13:31:06,686 - INFO - ensemble - 198, 1520
2019-02-07 13:31:06,692 - INFO - ensemble - 198, 1530
2019-02-07 13:31:06,698 - INFO - ensemble - 198, 1540
2019-02-07 13:31:06,704 - INFO - ensemble - 198, 1550
2019-02-07 13:31:06,710 - INFO - ensemble - 198, 1560
2019-02-07 13:31:06,715 - INFO - ensemble - 198, 1570
2019-02-07 13:31:06,721 - INFO - ensemble - 198, 1580
2019-02-07 13:31:06,727 - INFO - ensemble - 198, 1590
2019-02-07 13:31:06,733 - INFO - ensemble - 198, 1600
2019-02-07 13:31:06,739 - INFO - ensemble - 198, 1610
2019-02-07 13:31:06,744 - INFO - ensemble - 198, 1620
2019-02-07 13:31:06,750 - INFO - ensemble - 198, 1630
2019-02-07 13:31:06,756 - INFO - ensemble - 198, 1640
2019-02-07 13:31:06,762 - INFO - ensemble - 198, 1650
2019-02-07 13:31:06,768 - INFO - ensemble - 198, 1660
2019-02-07 13:31:06,773 - INFO - ensemble - 198, 1670
2019-02-07 13:31:06,779 - INFO - ensemble - 198, 1680
2019-02-07 13:31:06,785 - INFO - ensemble - 198, 1690
2019-02-07 13:31:06,791 - INFO - ensemble - 198, 1700
2019-02-07 13:31:06,797 - INFO - ensemble - 199, 1710
2019-02-07 13:31:13,797 - INFO - rig - ++++NEW CLF++++ ENSEMBLE_NBM
2019-02-07 13:31:13,822 - INFO - ensemble - 9, 10
2019-02-07 13:31:13,827 - INFO - ensemble - 18, 20
2019-02-07 13:31:13,831 - INFO - ensemble - 27, 30
2019-02-07 13:31:13,836 - INFO - ensemble - 37, 40
2019-02-07 13:31:13,841 - INFO - ensemble - 47, 50
2019-02-07 13:31:13,846 - INFO - ensemble - 57, 60
2019-02-07 13:31:13,850 - INFO - ensemble - 66, 70
2019-02-07 13:31:13,855 - INFO - ensemble - 75, 80
2019-02-07 13:31:13,860 - INFO - ensemble - 78, 90
2019-02-07 13:31:13,865 - INFO - ensemble - 81, 100
2019-02-07 13:31:13,869 - INFO - ensemble - 87, 110
2019-02-07 13:31:13,874 - INFO - ensemble - 94, 120
2019-02-07 13:31:13,879 - INFO - ensemble - 95, 130
2019-02-07 13:31:13,884 - INFO - ensemble - 99, 140
2019-02-07 13:31:13,889 - INFO - ensemble - 101, 150
2019-02-07 13:31:13,893 - INFO - ensemble - 103, 160
2019-02-07 13:31:13,898 - INFO - ensemble - 105, 170
2019-02-07 13:31:13,903 - INFO - ensemble - 106, 180
2019-02-07 13:31:13,908 - INFO - ensemble - 107, 190
2019-02-07 13:31:13,913 - INFO - ensemble - 110, 200
2019-02-07 13:31:13,918 - INFO - ensemble - 111, 210
2019-02-07 13:31:13,922 - INFO - ensemble - 111, 220
2019-02-07 13:31:13,927 - INFO - ensemble - 111, 230
2019-02-07 13:31:13,932 - INFO - ensemble - 111, 240
2019-02-07 13:31:13,937 - INFO - ensemble - 111, 250
2019-02-07 13:31:13,942 - INFO - ensemble - 111, 260
2019-02-07 13:31:13,947 - INFO - ensemble - 111, 270
2019-02-07 13:31:13,951 - INFO - ensemble - 113, 280
2019-02-07 13:31:13,957 - INFO - ensemble - 114, 290
2019-02-07 13:31:13,961 - INFO - ensemble - 114, 300
2019-02-07 13:31:13,966 - INFO - ensemble - 114, 310
2019-02-07 13:31:13,971 - INFO - ensemble - 114, 320
2019-02-07 13:31:13,976 - INFO - ensemble - 116, 330
2019-02-07 13:31:13,981 - INFO - ensemble - 117, 340
2019-02-07 13:31:13,986 - INFO - ensemble - 118, 350
2019-02-07 13:31:13,991 - INFO - ensemble - 119, 360
2019-02-07 13:31:13,996 - INFO - ensemble - 120, 370
2019-02-07 13:31:14,001 - INFO - ensemble - 120, 380
2019-02-07 13:31:14,006 - INFO - ensemble - 121, 390
2019-02-07 13:31:14,011 - INFO - ensemble - 121, 400
2019-02-07 13:31:14,016 - INFO - ensemble - 121, 410
2019-02-07 13:31:14,021 - INFO - ensemble - 122, 420
2019-02-07 13:31:14,026 - INFO - ensemble - 122, 430
2019-02-07 13:31:14,031 - INFO - ensemble - 123, 440
2019-02-07 13:31:14,036 - INFO - ensemble - 123, 450
2019-02-07 13:31:14,041 - INFO - ensemble - 124, 460
2019-02-07 13:31:14,046 - INFO - ensemble - 124, 470
2019-02-07 13:31:14,051 - INFO - ensemble - 124, 480
2019-02-07 13:31:14,056 - INFO - ensemble - 124, 490
2019-02-07 13:31:14,061 - INFO - ensemble - 124, 500
2019-02-07 13:31:14,066 - INFO - ensemble - 124, 510
2019-02-07 13:31:14,071 - INFO - ensemble - 124, 520
2019-02-07 13:31:14,076 - INFO - ensemble - 124, 530
2019-02-07 13:31:14,082 - INFO - ensemble - 124, 540
2019-02-07 13:31:14,087 - INFO - ensemble - 126, 550
2019-02-07 13:31:14,092 - INFO - ensemble - 126, 560
2019-02-07 13:31:14,097 - INFO - ensemble - 126, 570
2019-02-07 13:31:14,102 - INFO - ensemble - 127, 580
2019-02-07 13:31:14,108 - INFO - ensemble - 127, 590
2019-02-07 13:31:14,113 - INFO - ensemble - 128, 600
2019-02-07 13:31:14,118 - INFO - ensemble - 128, 610
2019-02-07 13:31:14,124 - INFO - ensemble - 128, 620
2019-02-07 13:31:14,129 - INFO - ensemble - 128, 630
2019-02-07 13:31:14,134 - INFO - ensemble - 128, 640
2019-02-07 13:31:14,140 - INFO - ensemble - 128, 650
2019-02-07 13:31:14,145 - INFO - ensemble - 128, 660
2019-02-07 13:31:14,150 - INFO - ensemble - 128, 670
2019-02-07 13:31:14,155 - INFO - ensemble - 129, 680
2019-02-07 13:31:14,161 - INFO - ensemble - 129, 690
2019-02-07 13:31:14,166 - INFO - ensemble - 129, 700
2019-02-07 13:31:14,171 - INFO - ensemble - 129, 710
2019-02-07 13:31:14,177 - INFO - ensemble - 129, 720
2019-02-07 13:31:14,182 - INFO - ensemble - 129, 730
2019-02-07 13:31:14,188 - INFO - ensemble - 129, 740
2019-02-07 13:31:14,193 - INFO - ensemble - 129, 750
2019-02-07 13:31:14,198 - INFO - ensemble - 129, 760
2019-02-07 13:31:14,204 - INFO - ensemble - 129, 770
2019-02-07 13:31:14,209 - INFO - ensemble - 129, 780
2019-02-07 13:31:14,215 - INFO - ensemble - 129, 790
2019-02-07 13:31:14,220 - INFO - ensemble - 129, 800
2019-02-07 13:31:14,225 - INFO - ensemble - 129, 810
2019-02-07 13:31:14,231 - INFO - ensemble - 129, 820
2019-02-07 13:31:14,236 - INFO - ensemble - 129, 830
2019-02-07 13:31:14,242 - INFO - ensemble - 129, 840
2019-02-07 13:31:14,247 - INFO - ensemble - 130, 850
2019-02-07 13:31:14,253 - INFO - ensemble - 130, 860
2019-02-07 13:31:14,258 - INFO - ensemble - 130, 870
2019-02-07 13:31:14,263 - INFO - ensemble - 130, 880
2019-02-07 13:31:14,269 - INFO - ensemble - 130, 890
2019-02-07 13:31:14,274 - INFO - ensemble - 130, 900
2019-02-07 13:31:14,280 - INFO - ensemble - 131, 910
2019-02-07 13:31:14,285 - INFO - ensemble - 131, 920
2019-02-07 13:31:14,291 - INFO - ensemble - 132, 930
2019-02-07 13:31:14,296 - INFO - ensemble - 132, 940
2019-02-07 13:31:14,301 - INFO - ensemble - 132, 950
2019-02-07 13:31:14,307 - INFO - ensemble - 132, 960
2019-02-07 13:31:14,312 - INFO - ensemble - 132, 970
2019-02-07 13:31:14,318 - INFO - ensemble - 132, 980
2019-02-07 13:31:14,323 - INFO - ensemble - 132, 990
2019-02-07 13:31:14,329 - INFO - ensemble - 132, 1000
2019-02-07 13:31:14,334 - INFO - ensemble - 132, 1010
2019-02-07 13:31:14,340 - INFO - ensemble - 132, 1020
2019-02-07 13:31:14,346 - INFO - ensemble - 133, 1030
2019-02-07 13:31:14,351 - INFO - ensemble - 133, 1040
2019-02-07 13:31:14,356 - INFO - ensemble - 133, 1050
2019-02-07 13:31:14,362 - INFO - ensemble - 133, 1060
2019-02-07 13:31:14,367 - INFO - ensemble - 133, 1070
2019-02-07 13:31:14,373 - INFO - ensemble - 133, 1080
2019-02-07 13:31:14,379 - INFO - ensemble - 133, 1090
2019-02-07 13:31:14,384 - INFO - ensemble - 133, 1100
2019-02-07 13:31:14,390 - INFO - ensemble - 133, 1110
2019-02-07 13:31:14,395 - INFO - ensemble - 134, 1120
2019-02-07 13:31:14,401 - INFO - ensemble - 136, 1130
2019-02-07 13:31:14,407 - INFO - ensemble - 136, 1140
2019-02-07 13:31:14,412 - INFO - ensemble - 136, 1150
2019-02-07 13:31:14,418 - INFO - ensemble - 136, 1160
2019-02-07 13:31:14,423 - INFO - ensemble - 136, 1170
2019-02-07 13:31:14,429 - INFO - ensemble - 136, 1180
2019-02-07 13:31:14,435 - INFO - ensemble - 136, 1190
2019-02-07 13:31:14,440 - INFO - ensemble - 136, 1200
2019-02-07 13:31:14,446 - INFO - ensemble - 136, 1210
2019-02-07 13:31:14,451 - INFO - ensemble - 136, 1220
2019-02-07 13:31:14,457 - INFO - ensemble - 137, 1230
2019-02-07 13:31:14,462 - INFO - ensemble - 138, 1240
2019-02-07 13:31:14,468 - INFO - ensemble - 138, 1250
2019-02-07 13:31:14,474 - INFO - ensemble - 138, 1260
2019-02-07 13:31:14,479 - INFO - ensemble - 138, 1270
2019-02-07 13:31:14,485 - INFO - ensemble - 139, 1280
2019-02-07 13:31:14,491 - INFO - ensemble - 139, 1290
2019-02-07 13:31:14,496 - INFO - ensemble - 139, 1300
2019-02-07 13:31:14,502 - INFO - ensemble - 139, 1310
2019-02-07 13:31:14,507 - INFO - ensemble - 139, 1320
2019-02-07 13:31:14,513 - INFO - ensemble - 139, 1330
2019-02-07 13:31:14,519 - INFO - ensemble - 139, 1340
2019-02-07 13:31:14,525 - INFO - ensemble - 139, 1350
2019-02-07 13:31:14,530 - INFO - ensemble - 139, 1360
2019-02-07 13:31:14,536 - INFO - ensemble - 140, 1370
2019-02-07 13:31:14,542 - INFO - ensemble - 140, 1380
2019-02-07 13:31:14,548 - INFO - ensemble - 140, 1390
2019-02-07 13:31:14,553 - INFO - ensemble - 140, 1400
2019-02-07 13:31:14,559 - INFO - ensemble - 140, 1410
2019-02-07 13:31:14,565 - INFO - ensemble - 140, 1420
2019-02-07 13:31:14,571 - INFO - ensemble - 140, 1430
2019-02-07 13:31:14,576 - INFO - ensemble - 140, 1440
2019-02-07 13:31:14,582 - INFO - ensemble - 140, 1450
2019-02-07 13:31:14,588 - INFO - ensemble - 140, 1460
2019-02-07 13:31:14,594 - INFO - ensemble - 141, 1470
2019-02-07 13:31:14,599 - INFO - ensemble - 141, 1480
2019-02-07 13:31:14,605 - INFO - ensemble - 141, 1490
2019-02-07 13:31:14,611 - INFO - ensemble - 141, 1500
2019-02-07 13:31:14,617 - INFO - ensemble - 141, 1510
2019-02-07 13:31:14,623 - INFO - ensemble - 141, 1520
2019-02-07 13:31:14,629 - INFO - ensemble - 141, 1530
2019-02-07 13:31:14,634 - INFO - ensemble - 141, 1540
2019-02-07 13:31:14,640 - INFO - ensemble - 141, 1550
2019-02-07 13:31:14,646 - INFO - ensemble - 141, 1560
2019-02-07 13:31:14,652 - INFO - ensemble - 141, 1570
2019-02-07 13:31:14,657 - INFO - ensemble - 141, 1580
2019-02-07 13:31:14,663 - INFO - ensemble - 141, 1590
2019-02-07 13:31:14,669 - INFO - ensemble - 142, 1600
2019-02-07 13:31:14,675 - INFO - ensemble - 142, 1610
2019-02-07 13:31:14,681 - INFO - ensemble - 142, 1620
2019-02-07 13:31:14,687 - INFO - ensemble - 142, 1630
2019-02-07 13:31:14,692 - INFO - ensemble - 142, 1640
2019-02-07 13:31:14,698 - INFO - ensemble - 142, 1650
2019-02-07 13:31:14,704 - INFO - ensemble - 142, 1660
2019-02-07 13:31:14,710 - INFO - ensemble - 142, 1670
2019-02-07 13:31:14,716 - INFO - ensemble - 142, 1680
2019-02-07 13:31:14,722 - INFO - ensemble - 143, 1690
2019-02-07 13:31:14,728 - INFO - ensemble - 144, 1700
2019-02-07 13:31:14,734 - INFO - ensemble - 144, 1710
2019-02-07 13:31:14,740 - INFO - ensemble - 146, 1720
2019-02-07 13:31:14,746 - INFO - ensemble - 147, 1730
2019-02-07 13:31:14,752 - INFO - ensemble - 147, 1740
2019-02-07 13:31:14,758 - INFO - ensemble - 147, 1750
2019-02-07 13:31:14,764 - INFO - ensemble - 148, 1760
2019-02-07 13:31:14,770 - INFO - ensemble - 148, 1770
2019-02-07 13:31:14,776 - INFO - ensemble - 148, 1780
2019-02-07 13:31:14,782 - INFO - ensemble - 149, 1790
2019-02-07 13:31:14,787 - INFO - ensemble - 149, 1800
2019-02-07 13:31:14,793 - INFO - ensemble - 150, 1810
2019-02-07 13:31:14,799 - INFO - ensemble - 150, 1820
2019-02-07 13:31:14,805 - INFO - ensemble - 150, 1830
2019-02-07 13:31:14,811 - INFO - ensemble - 151, 1840
2019-02-07 13:31:14,818 - INFO - ensemble - 151, 1850
2019-02-07 13:31:14,824 - INFO - ensemble - 151, 1860
2019-02-07 13:31:14,830 - INFO - ensemble - 151, 1870
2019-02-07 13:31:14,836 - INFO - ensemble - 152, 1880
2019-02-07 13:31:14,842 - INFO - ensemble - 152, 1890
2019-02-07 13:31:14,848 - INFO - ensemble - 152, 1900
2019-02-07 13:31:14,854 - INFO - ensemble - 152, 1910
2019-02-07 13:31:14,860 - INFO - ensemble - 152, 1920
2019-02-07 13:31:14,866 - INFO - ensemble - 152, 1930
2019-02-07 13:31:14,872 - INFO - ensemble - 152, 1940
2019-02-07 13:31:14,878 - INFO - ensemble - 152, 1950
2019-02-07 13:31:14,884 - INFO - ensemble - 153, 1960
2019-02-07 13:31:14,890 - INFO - ensemble - 153, 1970
2019-02-07 13:31:14,896 - INFO - ensemble - 153, 1980
2019-02-07 13:31:14,902 - INFO - ensemble - 153, 1990
2019-02-07 13:31:14,908 - INFO - ensemble - 153, 2000
2019-02-07 13:31:14,915 - INFO - ensemble - 154, 2010
2019-02-07 13:31:14,921 - INFO - ensemble - 154, 2020
2019-02-07 13:31:14,927 - INFO - ensemble - 154, 2030
2019-02-07 13:31:14,933 - INFO - ensemble - 154, 2040
2019-02-07 13:31:14,939 - INFO - ensemble - 154, 2050
2019-02-07 13:31:14,945 - INFO - ensemble - 154, 2060
2019-02-07 13:31:14,951 - INFO - ensemble - 154, 2070
2019-02-07 13:31:14,957 - INFO - ensemble - 154, 2080
2019-02-07 13:31:14,963 - INFO - ensemble - 154, 2090
2019-02-07 13:31:14,970 - INFO - ensemble - 154, 2100
2019-02-07 13:31:14,976 - INFO - ensemble - 155, 2110
2019-02-07 13:31:14,982 - INFO - ensemble - 155, 2120
2019-02-07 13:31:14,988 - INFO - ensemble - 157, 2130
2019-02-07 13:31:14,994 - INFO - ensemble - 157, 2140
2019-02-07 13:31:15,000 - INFO - ensemble - 157, 2150
2019-02-07 13:31:15,007 - INFO - ensemble - 157, 2160
2019-02-07 13:31:15,013 - INFO - ensemble - 157, 2170
2019-02-07 13:31:15,019 - INFO - ensemble - 158, 2180
2019-02-07 13:31:15,025 - INFO - ensemble - 158, 2190
2019-02-07 13:31:15,032 - INFO - ensemble - 158, 2200
2019-02-07 13:31:15,038 - INFO - ensemble - 158, 2210
2019-02-07 13:31:15,044 - INFO - ensemble - 158, 2220
2019-02-07 13:31:15,050 - INFO - ensemble - 159, 2230
2019-02-07 13:31:15,056 - INFO - ensemble - 159, 2240
2019-02-07 13:31:15,063 - INFO - ensemble - 159, 2250
2019-02-07 13:31:15,069 - INFO - ensemble - 159, 2260
2019-02-07 13:31:15,075 - INFO - ensemble - 159, 2270
2019-02-07 13:31:15,081 - INFO - ensemble - 159, 2280
2019-02-07 13:31:15,088 - INFO - ensemble - 159, 2290
2019-02-07 13:31:15,094 - INFO - ensemble - 159, 2300
2019-02-07 13:31:15,100 - INFO - ensemble - 159, 2310
2019-02-07 13:31:15,106 - INFO - ensemble - 159, 2320
2019-02-07 13:31:15,113 - INFO - ensemble - 159, 2330
2019-02-07 13:31:15,119 - INFO - ensemble - 160, 2340
2019-02-07 13:31:15,126 - INFO - ensemble - 161, 2350
2019-02-07 13:31:15,132 - INFO - ensemble - 161, 2360
2019-02-07 13:31:15,138 - INFO - ensemble - 162, 2370
2019-02-07 13:31:15,144 - INFO - ensemble - 162, 2380
2019-02-07 13:31:15,151 - INFO - ensemble - 162, 2390
2019-02-07 13:31:15,157 - INFO - ensemble - 162, 2400
2019-02-07 13:31:15,164 - INFO - ensemble - 162, 2410
2019-02-07 13:31:15,170 - INFO - ensemble - 162, 2420
2019-02-07 13:31:15,177 - INFO - ensemble - 162, 2430
2019-02-07 13:31:15,183 - INFO - ensemble - 162, 2440
2019-02-07 13:31:15,189 - INFO - ensemble - 162, 2450
2019-02-07 13:31:15,196 - INFO - ensemble - 162, 2460
2019-02-07 13:31:15,202 - INFO - ensemble - 162, 2470
2019-02-07 13:31:15,209 - INFO - ensemble - 162, 2480
2019-02-07 13:31:15,215 - INFO - ensemble - 163, 2490
2019-02-07 13:31:15,221 - INFO - ensemble - 163, 2500
2019-02-07 13:31:15,228 - INFO - ensemble - 163, 2510
2019-02-07 13:31:15,234 - INFO - ensemble - 163, 2520
2019-02-07 13:31:15,241 - INFO - ensemble - 163, 2530
2019-02-07 13:31:15,247 - INFO - ensemble - 163, 2540
2019-02-07 13:31:15,253 - INFO - ensemble - 164, 2550
2019-02-07 13:31:15,260 - INFO - ensemble - 165, 2560
2019-02-07 13:31:15,266 - INFO - ensemble - 165, 2570
2019-02-07 13:31:15,273 - INFO - ensemble - 165, 2580
2019-02-07 13:31:15,280 - INFO - ensemble - 165, 2590
2019-02-07 13:31:15,286 - INFO - ensemble - 165, 2600
2019-02-07 13:31:15,292 - INFO - ensemble - 165, 2610
2019-02-07 13:31:15,299 - INFO - ensemble - 165, 2620
2019-02-07 13:31:15,305 - INFO - ensemble - 165, 2630
2019-02-07 13:31:15,312 - INFO - ensemble - 165, 2640
2019-02-07 13:31:15,318 - INFO - ensemble - 165, 2650
2019-02-07 13:31:15,325 - INFO - ensemble - 165, 2660
2019-02-07 13:31:15,332 - INFO - ensemble - 165, 2670
2019-02-07 13:31:15,338 - INFO - ensemble - 165, 2680
2019-02-07 13:31:15,344 - INFO - ensemble - 165, 2690
2019-02-07 13:31:15,351 - INFO - ensemble - 165, 2700
2019-02-07 13:31:15,358 - INFO - ensemble - 165, 2710
2019-02-07 13:31:15,364 - INFO - ensemble - 165, 2720
2019-02-07 13:31:15,371 - INFO - ensemble - 165, 2730
2019-02-07 13:31:15,377 - INFO - ensemble - 165, 2740
2019-02-07 13:31:15,384 - INFO - ensemble - 165, 2750
2019-02-07 13:31:15,390 - INFO - ensemble - 165, 2760
2019-02-07 13:31:15,398 - INFO - ensemble - 165, 2770
2019-02-07 13:31:15,404 - INFO - ensemble - 166, 2780
2019-02-07 13:31:15,411 - INFO - ensemble - 166, 2790
2019-02-07 13:31:15,418 - INFO - ensemble - 166, 2800
2019-02-07 13:31:15,424 - INFO - ensemble - 166, 2810
2019-02-07 13:31:15,431 - INFO - ensemble - 166, 2820
2019-02-07 13:31:15,438 - INFO - ensemble - 166, 2830
2019-02-07 13:31:15,444 - INFO - ensemble - 166, 2840
2019-02-07 13:31:15,451 - INFO - ensemble - 166, 2850
2019-02-07 13:31:15,458 - INFO - ensemble - 166, 2860
2019-02-07 13:31:15,464 - INFO - ensemble - 166, 2870
2019-02-07 13:31:15,471 - INFO - ensemble - 166, 2880
2019-02-07 13:31:15,478 - INFO - ensemble - 166, 2890
2019-02-07 13:31:15,485 - INFO - ensemble - 167, 2900
2019-02-07 13:31:15,491 - INFO - ensemble - 167, 2910
2019-02-07 13:31:15,498 - INFO - ensemble - 167, 2920
2019-02-07 13:31:15,504 - INFO - ensemble - 167, 2930
2019-02-07 13:31:15,511 - INFO - ensemble - 167, 2940
2019-02-07 13:31:15,518 - INFO - ensemble - 167, 2950
2019-02-07 13:31:15,525 - INFO - ensemble - 168, 2960
2019-02-07 13:31:15,532 - INFO - ensemble - 169, 2970
2019-02-07 13:31:15,538 - INFO - ensemble - 169, 2980
2019-02-07 13:31:15,545 - INFO - ensemble - 169, 2990
2019-02-07 13:31:15,551 - INFO - ensemble - 169, 3000
2019-02-07 13:31:15,558 - INFO - ensemble - 170, 3010
2019-02-07 13:31:15,565 - INFO - ensemble - 170, 3020
2019-02-07 13:31:15,572 - INFO - ensemble - 170, 3030
2019-02-07 13:31:15,579 - INFO - ensemble - 171, 3040
2019-02-07 13:31:15,585 - INFO - ensemble - 171, 3050
2019-02-07 13:31:15,592 - INFO - ensemble - 172, 3060
2019-02-07 13:31:15,599 - INFO - ensemble - 173, 3070
2019-02-07 13:31:15,606 - INFO - ensemble - 173, 3080
2019-02-07 13:31:15,613 - INFO - ensemble - 173, 3090
2019-02-07 13:31:15,619 - INFO - ensemble - 173, 3100
2019-02-07 13:31:15,626 - INFO - ensemble - 173, 3110
2019-02-07 13:31:15,633 - INFO - ensemble - 174, 3120
2019-02-07 13:31:15,640 - INFO - ensemble - 175, 3130
2019-02-07 13:31:15,647 - INFO - ensemble - 176, 3140
2019-02-07 13:31:15,654 - INFO - ensemble - 176, 3150
2019-02-07 13:31:15,661 - INFO - ensemble - 176, 3160
2019-02-07 13:31:15,667 - INFO - ensemble - 176, 3170
2019-02-07 13:31:15,674 - INFO - ensemble - 176, 3180
2019-02-07 13:31:15,681 - INFO - ensemble - 178, 3190
2019-02-07 13:31:15,688 - INFO - ensemble - 178, 3200
2019-02-07 13:31:15,695 - INFO - ensemble - 178, 3210
2019-02-07 13:31:15,702 - INFO - ensemble - 178, 3220
2019-02-07 13:31:15,709 - INFO - ensemble - 178, 3230
2019-02-07 13:31:15,716 - INFO - ensemble - 178, 3240
2019-02-07 13:31:15,723 - INFO - ensemble - 178, 3250
2019-02-07 13:31:15,730 - INFO - ensemble - 178, 3260
2019-02-07 13:31:15,736 - INFO - ensemble - 178, 3270
2019-02-07 13:31:15,743 - INFO - ensemble - 178, 3280
2019-02-07 13:31:15,750 - INFO - ensemble - 178, 3290
2019-02-07 13:31:15,757 - INFO - ensemble - 178, 3300
2019-02-07 13:31:15,764 - INFO - ensemble - 178, 3310
2019-02-07 13:31:15,771 - INFO - ensemble - 178, 3320
2019-02-07 13:31:15,779 - INFO - ensemble - 178, 3330
2019-02-07 13:31:15,785 - INFO - ensemble - 179, 3340
2019-02-07 13:31:15,792 - INFO - ensemble - 179, 3350
2019-02-07 13:31:15,799 - INFO - ensemble - 179, 3360
2019-02-07 13:31:15,806 - INFO - ensemble - 179, 3370
2019-02-07 13:31:15,813 - INFO - ensemble - 179, 3380
2019-02-07 13:31:15,820 - INFO - ensemble - 180, 3390
2019-02-07 13:31:15,828 - INFO - ensemble - 180, 3400
2019-02-07 13:31:15,835 - INFO - ensemble - 180, 3410
2019-02-07 13:31:15,841 - INFO - ensemble - 181, 3420
2019-02-07 13:31:15,848 - INFO - ensemble - 181, 3430
2019-02-07 13:31:15,855 - INFO - ensemble - 181, 3440
2019-02-07 13:31:15,862 - INFO - ensemble - 182, 3450
2019-02-07 13:31:15,870 - INFO - ensemble - 182, 3460
2019-02-07 13:31:15,877 - INFO - ensemble - 182, 3470
2019-02-07 13:31:15,884 - INFO - ensemble - 183, 3480
2019-02-07 13:31:15,891 - INFO - ensemble - 183, 3490
2019-02-07 13:31:15,898 - INFO - ensemble - 183, 3500
2019-02-07 13:31:15,905 - INFO - ensemble - 183, 3510
2019-02-07 13:31:15,912 - INFO - ensemble - 183, 3520
2019-02-07 13:31:15,919 - INFO - ensemble - 183, 3530
2019-02-07 13:31:15,927 - INFO - ensemble - 183, 3540
2019-02-07 13:31:15,934 - INFO - ensemble - 184, 3550
2019-02-07 13:31:15,941 - INFO - ensemble - 185, 3560
2019-02-07 13:31:15,948 - INFO - ensemble - 185, 3570
2019-02-07 13:31:15,955 - INFO - ensemble - 185, 3580
2019-02-07 13:31:15,962 - INFO - ensemble - 186, 3590
2019-02-07 13:31:15,969 - INFO - ensemble - 187, 3600
2019-02-07 13:31:15,977 - INFO - ensemble - 187, 3610
2019-02-07 13:31:15,984 - INFO - ensemble - 188, 3620
2019-02-07 13:31:15,991 - INFO - ensemble - 188, 3630
2019-02-07 13:31:15,998 - INFO - ensemble - 188, 3640
2019-02-07 13:31:16,005 - INFO - ensemble - 188, 3650
2019-02-07 13:31:16,013 - INFO - ensemble - 188, 3660
2019-02-07 13:31:16,020 - INFO - ensemble - 188, 3670
2019-02-07 13:31:16,027 - INFO - ensemble - 188, 3680
2019-02-07 13:31:16,034 - INFO - ensemble - 188, 3690
2019-02-07 13:31:16,041 - INFO - ensemble - 188, 3700
2019-02-07 13:31:16,049 - INFO - ensemble - 189, 3710
2019-02-07 13:31:16,056 - INFO - ensemble - 189, 3720
2019-02-07 13:31:16,063 - INFO - ensemble - 189, 3730
2019-02-07 13:31:16,071 - INFO - ensemble - 189, 3740
2019-02-07 13:31:16,078 - INFO - ensemble - 190, 3750
2019-02-07 13:31:16,085 - INFO - ensemble - 190, 3760
2019-02-07 13:31:16,092 - INFO - ensemble - 190, 3770
2019-02-07 13:31:16,100 - INFO - ensemble - 190, 3780
2019-02-07 13:31:16,107 - INFO - ensemble - 190, 3790
2019-02-07 13:31:16,114 - INFO - ensemble - 190, 3800
2019-02-07 13:31:16,122 - INFO - ensemble - 190, 3810
2019-02-07 13:31:16,129 - INFO - ensemble - 190, 3820
2019-02-07 13:31:16,136 - INFO - ensemble - 190, 3830
2019-02-07 13:31:16,144 - INFO - ensemble - 190, 3840
2019-02-07 13:31:16,151 - INFO - ensemble - 190, 3850
2019-02-07 13:31:16,159 - INFO - ensemble - 190, 3860
2019-02-07 13:31:16,166 - INFO - ensemble - 190, 3870
2019-02-07 13:31:16,174 - INFO - ensemble - 190, 3880
2019-02-07 13:31:16,181 - INFO - ensemble - 191, 3890
2019-02-07 13:31:16,188 - INFO - ensemble - 191, 3900
2019-02-07 13:31:16,196 - INFO - ensemble - 191, 3910
2019-02-07 13:31:16,203 - INFO - ensemble - 193, 3920
2019-02-07 13:31:16,210 - INFO - ensemble - 195, 3930
2019-02-07 13:31:16,218 - INFO - ensemble - 195, 3940
2019-02-07 13:31:16,225 - INFO - ensemble - 195, 3950
2019-02-07 13:31:16,232 - INFO - ensemble - 196, 3960
2019-02-07 13:31:16,239 - INFO - ensemble - 196, 3970
2019-02-07 13:31:16,247 - INFO - ensemble - 197, 3980
2019-02-07 13:31:16,254 - INFO - ensemble - 197, 3990
2019-02-07 13:31:16,262 - INFO - ensemble - 197, 4000
2019-02-07 13:31:16,269 - INFO - ensemble - 197, 4010
2019-02-07 13:31:16,276 - INFO - ensemble - 198, 4020
2019-02-07 13:31:16,284 - INFO - ensemble - 198, 4030
2019-02-07 13:31:16,291 - INFO - ensemble - 198, 4040
2019-02-07 13:31:16,298 - INFO - ensemble - 199, 4050
2019-02-07 13:31:16,299 - INFO - rig - ++++NEW CLF++++ SGD
2019-02-07 13:31:16,299 - INFO - fastread - Total Yes: 209 | Total No: 4199
2019-02-07 13:31:16,592 - INFO - fastread - 10, 10
2019-02-07 13:31:16,596 - INFO - fastread - 18, 20
2019-02-07 13:31:16,601 - INFO - fastread - 28, 30
2019-02-07 13:31:16,605 - INFO - fastread - 37, 40
2019-02-07 13:31:16,610 - INFO - fastread - 44, 50
2019-02-07 13:31:16,615 - INFO - fastread - 50, 60
2019-02-07 13:31:16,619 - INFO - fastread - 59, 70
2019-02-07 13:31:16,624 - INFO - fastread - 63, 80
2019-02-07 13:31:16,628 - INFO - fastread - 69, 90
2019-02-07 13:31:16,633 - INFO - fastread - 76, 100
2019-02-07 13:31:16,639 - INFO - fastread - 83, 110
2019-02-07 13:31:16,644 - INFO - fastread - 90, 120
2019-02-07 13:31:16,648 - INFO - fastread - 94, 130
2019-02-07 13:31:16,653 - INFO - fastread - 98, 140
2019-02-07 13:31:16,658 - INFO - fastread - 99, 150
2019-02-07 13:31:16,662 - INFO - fastread - 102, 160
2019-02-07 13:31:16,667 - INFO - fastread - 103, 170
2019-02-07 13:31:16,672 - INFO - fastread - 103, 180
2019-02-07 13:31:16,676 - INFO - fastread - 107, 190
2019-02-07 13:31:16,681 - INFO - fastread - 111, 200
2019-02-07 13:31:16,686 - INFO - fastread - 113, 210
2019-02-07 13:31:16,690 - INFO - fastread - 115, 220
2019-02-07 13:31:16,695 - INFO - fastread - 117, 230
2019-02-07 13:31:16,700 - INFO - fastread - 117, 240
2019-02-07 13:31:16,704 - INFO - fastread - 117, 250
2019-02-07 13:31:16,709 - INFO - fastread - 117, 260
2019-02-07 13:31:16,713 - INFO - fastread - 118, 270
2019-02-07 13:31:16,718 - INFO - fastread - 120, 280
2019-02-07 13:31:16,723 - INFO - fastread - 126, 290
2019-02-07 13:31:16,727 - INFO - fastread - 130, 300
2019-02-07 13:31:16,732 - INFO - fastread - 130, 310
2019-02-07 13:31:16,737 - INFO - fastread - 130, 320
2019-02-07 13:31:16,741 - INFO - fastread - 130, 330
2019-02-07 13:31:16,746 - INFO - fastread - 130, 340
2019-02-07 13:31:16,751 - INFO - fastread - 130, 350
2019-02-07 13:31:16,756 - INFO - fastread - 131, 360
2019-02-07 13:31:16,760 - INFO - fastread - 133, 370
2019-02-07 13:31:16,765 - INFO - fastread - 133, 380
2019-02-07 13:31:16,770 - INFO - fastread - 134, 390
2019-02-07 13:31:16,774 - INFO - fastread - 134, 400
2019-02-07 13:31:16,779 - INFO - fastread - 134, 410
2019-02-07 13:31:16,784 - INFO - fastread - 134, 420
2019-02-07 13:31:16,788 - INFO - fastread - 135, 430
2019-02-07 13:31:16,793 - INFO - fastread - 135, 440
2019-02-07 13:31:16,798 - INFO - fastread - 136, 450
2019-02-07 13:31:16,802 - INFO - fastread - 136, 460
2019-02-07 13:31:16,807 - INFO - fastread - 136, 470
2019-02-07 13:31:16,812 - INFO - fastread - 136, 480
2019-02-07 13:31:16,817 - INFO - fastread - 136, 490
2019-02-07 13:31:16,821 - INFO - fastread - 136, 500
2019-02-07 13:31:16,826 - INFO - fastread - 136, 510
2019-02-07 13:31:16,831 - INFO - fastread - 136, 520
2019-02-07 13:31:16,835 - INFO - fastread - 136, 530
2019-02-07 13:31:16,840 - INFO - fastread - 136, 540
2019-02-07 13:31:16,845 - INFO - fastread - 136, 550
2019-02-07 13:31:16,850 - INFO - fastread - 136, 560
2019-02-07 13:31:16,854 - INFO - fastread - 136, 570
2019-02-07 13:31:16,859 - INFO - fastread - 136, 580
2019-02-07 13:31:16,864 - INFO - fastread - 136, 590
2019-02-07 13:31:16,869 - INFO - fastread - 136, 600
2019-02-07 13:31:16,873 - INFO - fastread - 136, 610
2019-02-07 13:31:16,878 - INFO - fastread - 136, 620
2019-02-07 13:31:16,883 - INFO - fastread - 136, 630
2019-02-07 13:31:16,888 - INFO - fastread - 136, 640
2019-02-07 13:31:16,892 - INFO - fastread - 136, 650
2019-02-07 13:31:16,897 - INFO - fastread - 136, 660
2019-02-07 13:31:16,902 - INFO - fastread - 137, 670
2019-02-07 13:31:16,907 - INFO - fastread - 137, 680
2019-02-07 13:31:16,912 - INFO - fastread - 140, 690
2019-02-07 13:31:16,916 - INFO - fastread - 147, 700
2019-02-07 13:31:16,921 - INFO - fastread - 147, 710
2019-02-07 13:31:16,926 - INFO - fastread - 147, 720
2019-02-07 13:31:16,931 - INFO - fastread - 147, 730
2019-02-07 13:31:16,936 - INFO - fastread - 147, 740
2019-02-07 13:31:16,940 - INFO - fastread - 147, 750
2019-02-07 13:31:16,945 - INFO - fastread - 147, 760
2019-02-07 13:31:16,950 - INFO - fastread - 147, 770
2019-02-07 13:31:16,955 - INFO - fastread - 147, 780
2019-02-07 13:31:16,959 - INFO - fastread - 147, 790
2019-02-07 13:31:16,964 - INFO - fastread - 147, 800
2019-02-07 13:31:16,969 - INFO - fastread - 147, 810
2019-02-07 13:31:16,974 - INFO - fastread - 147, 820
2019-02-07 13:31:16,979 - INFO - fastread - 147, 830
2019-02-07 13:31:16,984 - INFO - fastread - 147, 840
2019-02-07 13:31:16,989 - INFO - fastread - 147, 850
2019-02-07 13:31:16,993 - INFO - fastread - 147, 860
2019-02-07 13:31:16,998 - INFO - fastread - 147, 870
2019-02-07 13:31:17,003 - INFO - fastread - 147, 880
2019-02-07 13:31:17,008 - INFO - fastread - 147, 890
2019-02-07 13:31:17,013 - INFO - fastread - 147, 900
2019-02-07 13:31:17,018 - INFO - fastread - 147, 910
2019-02-07 13:31:17,023 - INFO - fastread - 147, 920
2019-02-07 13:31:17,028 - INFO - fastread - 147, 930
2019-02-07 13:31:17,032 - INFO - fastread - 147, 940
2019-02-07 13:31:17,037 - INFO - fastread - 147, 950
2019-02-07 13:31:17,042 - INFO - fastread - 147, 960
2019-02-07 13:31:17,047 - INFO - fastread - 147, 970
2019-02-07 13:31:17,052 - INFO - fastread - 147, 980
2019-02-07 13:31:17,057 - INFO - fastread - 147, 990
2019-02-07 13:31:17,062 - INFO - fastread - 147, 1000
2019-02-07 13:31:17,067 - INFO - fastread - 147, 1010
2019-02-07 13:31:17,072 - INFO - fastread - 147, 1020
2019-02-07 13:31:17,077 - INFO - fastread - 147, 1030
2019-02-07 13:31:17,082 - INFO - fastread - 147, 1040
2019-02-07 13:31:17,086 - INFO - fastread - 147, 1050
2019-02-07 13:31:17,091 - INFO - fastread - 147, 1060
2019-02-07 13:31:17,096 - INFO - fastread - 147, 1070
2019-02-07 13:31:17,101 - INFO - fastread - 147, 1080
2019-02-07 13:31:17,106 - INFO - fastread - 147, 1090
2019-02-07 13:31:17,111 - INFO - fastread - 147, 1100
2019-02-07 13:31:17,116 - INFO - fastread - 147, 1110
2019-02-07 13:31:17,121 - INFO - fastread - 147, 1120
2019-02-07 13:31:17,126 - INFO - fastread - 147, 1130
2019-02-07 13:31:17,131 - INFO - fastread - 147, 1140
2019-02-07 13:31:17,136 - INFO - fastread - 147, 1150
2019-02-07 13:31:17,141 - INFO - fastread - 147, 1160
2019-02-07 13:31:17,145 - INFO - fastread - 147, 1170
2019-02-07 13:31:17,150 - INFO - fastread - 147, 1180
2019-02-07 13:31:17,155 - INFO - fastread - 147, 1190
2019-02-07 13:31:17,160 - INFO - fastread - 147, 1200
2019-02-07 13:31:17,165 - INFO - fastread - 147, 1210
2019-02-07 13:31:17,170 - INFO - fastread - 147, 1220
2019-02-07 13:31:17,175 - INFO - fastread - 147, 1230
2019-02-07 13:31:17,180 - INFO - fastread - 147, 1240
2019-02-07 13:31:17,185 - INFO - fastread - 147, 1250
2019-02-07 13:31:17,190 - INFO - fastread - 147, 1260
2019-02-07 13:31:17,195 - INFO - fastread - 147, 1270
2019-02-07 13:31:17,200 - INFO - fastread - 148, 1280
2019-02-07 13:31:17,205 - INFO - fastread - 148, 1290
2019-02-07 13:31:17,210 - INFO - fastread - 148, 1300
2019-02-07 13:31:17,215 - INFO - fastread - 148, 1310
2019-02-07 13:31:17,220 - INFO - fastread - 148, 1320
2019-02-07 13:31:17,225 - INFO - fastread - 148, 1330
2019-02-07 13:31:17,230 - INFO - fastread - 148, 1340
2019-02-07 13:31:17,235 - INFO - fastread - 148, 1350
2019-02-07 13:31:17,240 - INFO - fastread - 148, 1360
2019-02-07 13:31:17,245 - INFO - fastread - 148, 1370
2019-02-07 13:31:17,250 - INFO - fastread - 148, 1380
2019-02-07 13:31:17,255 - INFO - fastread - 148, 1390
2019-02-07 13:31:17,260 - INFO - fastread - 148, 1400
2019-02-07 13:31:17,265 - INFO - fastread - 148, 1410
2019-02-07 13:31:17,270 - INFO - fastread - 148, 1420
2019-02-07 13:31:17,275 - INFO - fastread - 148, 1430
2019-02-07 13:31:17,280 - INFO - fastread - 148, 1440
2019-02-07 13:31:17,285 - INFO - fastread - 148, 1450
2019-02-07 13:31:17,290 - INFO - fastread - 148, 1460
2019-02-07 13:31:17,295 - INFO - fastread - 148, 1470
2019-02-07 13:31:17,300 - INFO - fastread - 148, 1480
2019-02-07 13:31:17,305 - INFO - fastread - 148, 1490
2019-02-07 13:31:17,310 - INFO - fastread - 148, 1500
2019-02-07 13:31:17,315 - INFO - fastread - 148, 1510
2019-02-07 13:31:17,320 - INFO - fastread - 148, 1520
2019-02-07 13:31:17,325 - INFO - fastread - 148, 1530
2019-02-07 13:31:17,330 - INFO - fastread - 148, 1540
2019-02-07 13:31:17,335 - INFO - fastread - 148, 1550
2019-02-07 13:31:17,340 - INFO - fastread - 148, 1560
2019-02-07 13:31:17,345 - INFO - fastread - 148, 1570
2019-02-07 13:31:17,350 - INFO - fastread - 148, 1580
2019-02-07 13:31:17,355 - INFO - fastread - 148, 1590
2019-02-07 13:31:17,360 - INFO - fastread - 148, 1600
2019-02-07 13:31:17,366 - INFO - fastread - 148, 1610
2019-02-07 13:31:17,371 - INFO - fastread - 148, 1620
2019-02-07 13:31:17,376 - INFO - fastread - 148, 1630
2019-02-07 13:31:17,381 - INFO - fastread - 148, 1640
2019-02-07 13:31:17,386 - INFO - fastread - 148, 1650
2019-02-07 13:31:17,391 - INFO - fastread - 148, 1660
2019-02-07 13:31:17,396 - INFO - fastread - 148, 1670
2019-02-07 13:31:17,401 - INFO - fastread - 148, 1680
2019-02-07 13:31:17,406 - INFO - fastread - 148, 1690
2019-02-07 13:31:17,411 - INFO - fastread - 148, 1700
2019-02-07 13:31:17,416 - INFO - fastread - 148, 1710
2019-02-07 13:31:17,421 - INFO - fastread - 148, 1720
2019-02-07 13:31:17,426 - INFO - fastread - 148, 1730
2019-02-07 13:31:17,432 - INFO - fastread - 148, 1740
2019-02-07 13:31:17,437 - INFO - fastread - 148, 1750
2019-02-07 13:31:17,442 - INFO - fastread - 148, 1760
2019-02-07 13:31:17,447 - INFO - fastread - 148, 1770
2019-02-07 13:31:17,453 - INFO - fastread - 148, 1780
2019-02-07 13:31:17,458 - INFO - fastread - 151, 1790
2019-02-07 13:31:17,463 - INFO - fastread - 161, 1800
2019-02-07 13:31:17,469 - INFO - fastread - 171, 1810
2019-02-07 13:31:17,474 - INFO - fastread - 181, 1820
2019-02-07 13:31:17,480 - INFO - fastread - 191, 1830
2019-02-07 13:31:17,485 - INFO - fastread - 201, 1840
2019-02-07 13:31:17,498 - INFO - fastread - IGNORE jfreechart-1.0.19 | Total: 4408 | Percent Checked: 0.42 | Total Yes Data: 209 | Percent Yes Checked: 0.96
2019-02-07 13:31:17,499 - INFO - rig - ++++NEW CLF++++ SVM
2019-02-07 13:31:17,499 - INFO - fastread - Total Yes: 209 | Total No: 4199
2019-02-07 13:42:04,707 - INFO - fastread - 10, 10
2019-02-07 13:42:04,717 - INFO - fastread - 19, 20
2019-02-07 13:42:04,723 - INFO - fastread - 27, 30
2019-02-07 13:42:04,728 - INFO - fastread - 37, 40
2019-02-07 13:42:04,733 - INFO - fastread - 46, 50
2019-02-07 13:42:04,737 - INFO - fastread - 54, 60
2019-02-07 13:42:04,742 - INFO - fastread - 61, 70
2019-02-07 13:42:04,747 - INFO - fastread - 66, 80
2019-02-07 13:42:04,751 - INFO - fastread - 72, 90
2019-02-07 13:42:04,756 - INFO - fastread - 77, 100
2019-02-07 13:42:04,761 - INFO - fastread - 79, 110
2019-02-07 13:42:04,765 - INFO - fastread - 84, 120
2019-02-07 13:42:04,770 - INFO - fastread - 92, 130
2019-02-07 13:42:04,774 - INFO - fastread - 100, 140
2019-02-07 13:42:04,779 - INFO - fastread - 102, 150
2019-02-07 13:42:04,784 - INFO - fastread - 103, 160
2019-02-07 13:42:04,789 - INFO - fastread - 106, 170
2019-02-07 13:42:04,794 - INFO - fastread - 109, 180
2019-02-07 13:42:04,798 - INFO - fastread - 114, 190
2019-02-07 13:42:04,803 - INFO - fastread - 118, 200
2019-02-07 13:42:04,808 - INFO - fastread - 119, 210
2019-02-07 13:42:04,812 - INFO - fastread - 121, 220
2019-02-07 13:42:04,817 - INFO - fastread - 122, 230
2019-02-07 13:42:04,822 - INFO - fastread - 123, 240
2019-02-07 13:42:04,827 - INFO - fastread - 123, 250
2019-02-07 13:42:04,832 - INFO - fastread - 123, 260
2019-02-07 13:42:04,836 - INFO - fastread - 123, 270
2019-02-07 13:42:04,841 - INFO - fastread - 123, 280
2019-02-07 13:42:04,846 - INFO - fastread - 123, 290
2019-02-07 13:42:04,851 - INFO - fastread - 123, 300
2019-02-07 13:42:04,856 - INFO - fastread - 126, 310
2019-02-07 13:42:04,861 - INFO - fastread - 126, 320
2019-02-07 13:42:04,866 - INFO - fastread - 126, 330
2019-02-07 13:42:04,871 - INFO - fastread - 126, 340
2019-02-07 13:42:04,876 - INFO - fastread - 126, 350
2019-02-07 13:42:04,880 - INFO - fastread - 126, 360
2019-02-07 13:42:04,885 - INFO - fastread - 126, 370
2019-02-07 13:42:04,890 - INFO - fastread - 126, 380
2019-02-07 13:42:04,895 - INFO - fastread - 126, 390
2019-02-07 13:42:04,899 - INFO - fastread - 126, 400
2019-02-07 13:42:04,904 - INFO - fastread - 126, 410
2019-02-07 13:42:04,909 - INFO - fastread - 126, 420
2019-02-07 13:42:04,914 - INFO - fastread - 126, 430
2019-02-07 13:42:04,919 - INFO - fastread - 126, 440
2019-02-07 13:42:04,923 - INFO - fastread - 127, 450
2019-02-07 13:42:04,928 - INFO - fastread - 127, 460
2019-02-07 13:42:04,933 - INFO - fastread - 127, 470
2019-02-07 13:42:04,938 - INFO - fastread - 127, 480
2019-02-07 13:42:04,943 - INFO - fastread - 127, 490
2019-02-07 13:42:04,948 - INFO - fastread - 127, 500
2019-02-07 13:42:04,953 - INFO - fastread - 127, 510
2019-02-07 13:42:04,957 - INFO - fastread - 127, 520
2019-02-07 13:42:04,962 - INFO - fastread - 127, 530
2019-02-07 13:42:04,967 - INFO - fastread - 127, 540
2019-02-07 13:42:04,972 - INFO - fastread - 127, 550
2019-02-07 13:42:04,977 - INFO - fastread - 127, 560
2019-02-07 13:42:04,982 - INFO - fastread - 127, 570
2019-02-07 13:42:04,987 - INFO - fastread - 127, 580
2019-02-07 13:42:04,992 - INFO - fastread - 127, 590
2019-02-07 13:42:04,997 - INFO - fastread - 127, 600
2019-02-07 13:42:05,002 - INFO - fastread - 127, 610
2019-02-07 13:42:05,006 - INFO - fastread - 127, 620
2019-02-07 13:42:05,011 - INFO - fastread - 127, 630
2019-02-07 13:42:05,016 - INFO - fastread - 127, 640
2019-02-07 13:42:05,021 - INFO - fastread - 127, 650
2019-02-07 13:42:05,026 - INFO - fastread - 127, 660
2019-02-07 13:42:05,031 - INFO - fastread - 127, 670
2019-02-07 13:42:05,036 - INFO - fastread - 127, 680
2019-02-07 13:42:05,041 - INFO - fastread - 127, 690
2019-02-07 13:42:05,046 - INFO - fastread - 127, 700
2019-02-07 13:42:05,051 - INFO - fastread - 127, 710
2019-02-07 13:42:05,056 - INFO - fastread - 127, 720
2019-02-07 13:42:05,061 - INFO - fastread - 127, 730
2019-02-07 13:42:05,066 - INFO - fastread - 127, 740
2019-02-07 13:42:05,071 - INFO - fastread - 127, 750
2019-02-07 13:42:05,076 - INFO - fastread - 127, 760
2019-02-07 13:42:05,081 - INFO - fastread - 127, 770
2019-02-07 13:42:05,086 - INFO - fastread - 127, 780
2019-02-07 13:42:05,091 - INFO - fastread - 127, 790
2019-02-07 13:42:05,096 - INFO - fastread - 128, 800
2019-02-07 13:42:05,101 - INFO - fastread - 128, 810
2019-02-07 13:42:05,107 - INFO - fastread - 128, 820
2019-02-07 13:42:05,112 - INFO - fastread - 128, 830
2019-02-07 13:42:05,117 - INFO - fastread - 128, 840
2019-02-07 13:42:05,122 - INFO - fastread - 129, 850
2019-02-07 13:42:05,127 - INFO - fastread - 129, 860
2019-02-07 13:42:05,132 - INFO - fastread - 129, 870
2019-02-07 13:42:05,137 - INFO - fastread - 129, 880
2019-02-07 13:42:05,142 - INFO - fastread - 129, 890
2019-02-07 13:42:05,147 - INFO - fastread - 129, 900
2019-02-07 13:42:05,152 - INFO - fastread - 129, 910
2019-02-07 13:42:05,157 - INFO - fastread - 129, 920
2019-02-07 13:42:05,162 - INFO - fastread - 129, 930
2019-02-07 13:42:05,167 - INFO - fastread - 129, 940
2019-02-07 13:42:05,172 - INFO - fastread - 129, 950
2019-02-07 13:42:05,177 - INFO - fastread - 129, 960
2019-02-07 13:42:05,182 - INFO - fastread - 129, 970
2019-02-07 13:42:05,187 - INFO - fastread - 129, 980
2019-02-07 13:42:05,192 - INFO - fastread - 129, 990
2019-02-07 13:42:05,197 - INFO - fastread - 129, 1000
2019-02-07 13:42:05,202 - INFO - fastread - 129, 1010
2019-02-07 13:42:05,207 - INFO - fastread - 129, 1020
2019-02-07 13:42:05,212 - INFO - fastread - 129, 1030
2019-02-07 13:42:05,217 - INFO - fastread - 129, 1040
2019-02-07 13:42:05,222 - INFO - fastread - 129, 1050
2019-02-07 13:42:05,227 - INFO - fastread - 129, 1060
2019-02-07 13:42:05,233 - INFO - fastread - 129, 1070
2019-02-07 13:42:05,238 - INFO - fastread - 129, 1080
2019-02-07 13:42:05,243 - INFO - fastread - 129, 1090
2019-02-07 13:42:05,248 - INFO - fastread - 129, 1100
2019-02-07 13:42:05,253 - INFO - fastread - 129, 1110
2019-02-07 13:42:05,258 - INFO - fastread - 130, 1120
2019-02-07 13:42:05,263 - INFO - fastread - 130, 1130
2019-02-07 13:42:05,268 - INFO - fastread - 130, 1140
2019-02-07 13:42:05,274 - INFO - fastread - 130, 1150
2019-02-07 13:42:05,279 - INFO - fastread - 130, 1160
2019-02-07 13:42:05,284 - INFO - fastread - 130, 1170
2019-02-07 13:42:05,290 - INFO - fastread - 130, 1180
2019-02-07 13:42:05,295 - INFO - fastread - 130, 1190
2019-02-07 13:42:05,300 - INFO - fastread - 130, 1200
2019-02-07 13:42:05,305 - INFO - fastread - 130, 1210
2019-02-07 13:42:05,310 - INFO - fastread - 130, 1220
2019-02-07 13:42:05,315 - INFO - fastread - 130, 1230
2019-02-07 13:42:05,320 - INFO - fastread - 130, 1240
2019-02-07 13:42:05,326 - INFO - fastread - 130, 1250
2019-02-07 13:42:05,331 - INFO - fastread - 130, 1260
2019-02-07 13:42:05,337 - INFO - fastread - 130, 1270
2019-02-07 13:42:05,342 - INFO - fastread - 130, 1280
2019-02-07 13:42:05,347 - INFO - fastread - 130, 1290
2019-02-07 13:42:05,352 - INFO - fastread - 130, 1300
2019-02-07 13:42:05,357 - INFO - fastread - 130, 1310
2019-02-07 13:42:05,363 - INFO - fastread - 130, 1320
2019-02-07 13:42:05,368 - INFO - fastread - 130, 1330
2019-02-07 13:42:05,373 - INFO - fastread - 130, 1340
2019-02-07 13:42:05,378 - INFO - fastread - 130, 1350
2019-02-07 13:42:05,384 - INFO - fastread - 130, 1360
2019-02-07 13:42:05,389 - INFO - fastread - 130, 1370
2019-02-07 13:42:05,394 - INFO - fastread - 130, 1380
2019-02-07 13:42:05,399 - INFO - fastread - 134, 1390
2019-02-07 13:42:05,404 - INFO - fastread - 134, 1400
2019-02-07 13:42:05,410 - INFO - fastread - 134, 1410
2019-02-07 13:42:05,415 - INFO - fastread - 134, 1420
2019-02-07 13:42:05,420 - INFO - fastread - 134, 1430
2019-02-07 13:42:05,426 - INFO - fastread - 134, 1440
2019-02-07 13:42:05,431 - INFO - fastread - 134, 1450
2019-02-07 13:42:05,436 - INFO - fastread - 134, 1460
2019-02-07 13:42:05,442 - INFO - fastread - 143, 1470
2019-02-07 13:42:05,447 - INFO - fastread - 153, 1480
2019-02-07 13:42:05,452 - INFO - fastread - 163, 1490
2019-02-07 13:42:05,458 - INFO - fastread - 173, 1500
2019-02-07 13:42:05,463 - INFO - fastread - 183, 1510
2019-02-07 13:42:05,468 - INFO - fastread - 193, 1520
2019-02-07 13:42:05,474 - INFO - fastread - 195, 1530
2019-02-07 13:42:05,479 - INFO - fastread - 196, 1540
2019-02-07 13:42:05,484 - INFO - fastread - 197, 1550
2019-02-07 13:42:05,490 - INFO - fastread - 197, 1560
2019-02-07 13:42:05,495 - INFO - fastread - 197, 1570
2019-02-07 13:42:05,501 - INFO - fastread - 197, 1580
2019-02-07 13:42:05,506 - INFO - fastread - 197, 1590
2019-02-07 13:42:05,511 - INFO - fastread - 197, 1600
2019-02-07 13:42:05,517 - INFO - fastread - 197, 1610
2019-02-07 13:42:05,522 - INFO - fastread - 197, 1620
2019-02-07 13:42:05,527 - INFO - fastread - 197, 1630
2019-02-07 13:42:05,533 - INFO - fastread - 197, 1640
2019-02-07 13:42:05,538 - INFO - fastread - 197, 1650
2019-02-07 13:42:05,544 - INFO - fastread - 197, 1660
2019-02-07 13:42:05,549 - INFO - fastread - 197, 1670
2019-02-07 13:42:05,554 - INFO - fastread - 197, 1680
2019-02-07 13:42:05,560 - INFO - fastread - 197, 1690
2019-02-07 13:42:05,565 - INFO - fastread - 197, 1700
2019-02-07 13:42:05,571 - INFO - fastread - 197, 1710
2019-02-07 13:42:05,576 - INFO - fastread - 197, 1720
2019-02-07 13:42:05,582 - INFO - fastread - 197, 1730
2019-02-07 13:42:05,587 - INFO - fastread - 197, 1740
2019-02-07 13:42:05,593 - INFO - fastread - 197, 1750
2019-02-07 13:42:05,599 - INFO - fastread - 197, 1760
2019-02-07 13:42:05,604 - INFO - fastread - 197, 1770
2019-02-07 13:42:05,609 - INFO - fastread - 197, 1780
2019-02-07 13:42:05,615 - INFO - fastread - 197, 1790
2019-02-07 13:42:05,620 - INFO - fastread - 197, 1800
2019-02-07 13:42:05,626 - INFO - fastread - 197, 1810
2019-02-07 13:42:05,631 - INFO - fastread - 197, 1820
2019-02-07 13:42:05,636 - INFO - fastread - 197, 1830
2019-02-07 13:42:05,642 - INFO - fastread - 197, 1840
2019-02-07 13:42:05,647 - INFO - fastread - 197, 1850
2019-02-07 13:42:05,653 - INFO - fastread - 197, 1860
2019-02-07 13:42:05,658 - INFO - fastread - 197, 1870
2019-02-07 13:42:05,664 - INFO - fastread - 197, 1880
2019-02-07 13:42:05,669 - INFO - fastread - 197, 1890
2019-02-07 13:42:05,675 - INFO - fastread - 197, 1900
2019-02-07 13:42:05,680 - INFO - fastread - 197, 1910
2019-02-07 13:42:05,686 - INFO - fastread - 197, 1920
2019-02-07 13:42:05,691 - INFO - fastread - 197, 1930
2019-02-07 13:42:05,697 - INFO - fastread - 197, 1940
2019-02-07 13:42:05,702 - INFO - fastread - 197, 1950
2019-02-07 13:42:05,707 - INFO - fastread - 197, 1960
2019-02-07 13:42:05,713 - INFO - fastread - 197, 1970
2019-02-07 13:42:05,719 - INFO - fastread - 197, 1980
2019-02-07 13:42:05,724 - INFO - fastread - 197, 1990
2019-02-07 13:42:05,730 - INFO - fastread - 197, 2000
2019-02-07 13:42:05,736 - INFO - fastread - 197, 2010
2019-02-07 13:42:05,741 - INFO - fastread - 197, 2020
2019-02-07 13:42:05,747 - INFO - fastread - 197, 2030
2019-02-07 13:42:05,752 - INFO - fastread - 197, 2040
2019-02-07 13:42:05,758 - INFO - fastread - 197, 2050
2019-02-07 13:42:05,763 - INFO - fastread - 197, 2060
2019-02-07 13:42:05,769 - INFO - fastread - 197, 2070
2019-02-07 13:42:05,775 - INFO - fastread - 197, 2080
2019-02-07 13:42:05,780 - INFO - fastread - 197, 2090
2019-02-07 13:42:05,786 - INFO - fastread - 197, 2100
2019-02-07 13:42:05,791 - INFO - fastread - 197, 2110
2019-02-07 13:42:05,796 - INFO - fastread - 197, 2120
2019-02-07 13:42:05,802 - INFO - fastread - 197, 2130
2019-02-07 13:42:05,808 - INFO - fastread - 197, 2140
2019-02-07 13:42:05,813 - INFO - fastread - 197, 2150
2019-02-07 13:42:05,819 - INFO - fastread - 197, 2160
2019-02-07 13:42:05,825 - INFO - fastread - 197, 2170
2019-02-07 13:42:05,830 - INFO - fastread - 197, 2180
2019-02-07 13:42:05,836 - INFO - fastread - 197, 2190
2019-02-07 13:42:05,842 - INFO - fastread - 197, 2200
2019-02-07 13:42:05,847 - INFO - fastread - 197, 2210
2019-02-07 13:42:05,853 - INFO - fastread - 197, 2220
2019-02-07 13:42:05,859 - INFO - fastread - 197, 2230
2019-02-07 13:42:05,864 - INFO - fastread - 197, 2240
2019-02-07 13:42:05,870 - INFO - fastread - 197, 2250
2019-02-07 13:42:05,876 - INFO - fastread - 197, 2260
2019-02-07 13:42:05,881 - INFO - fastread - 197, 2270
2019-02-07 13:42:05,887 - INFO - fastread - 197, 2280
2019-02-07 13:42:05,893 - INFO - fastread - 197, 2290
2019-02-07 13:42:05,899 - INFO - fastread - 197, 2300
2019-02-07 13:42:05,905 - INFO - fastread - 197, 2310
2019-02-07 13:42:05,910 - INFO - fastread - 197, 2320
2019-02-07 13:42:05,916 - INFO - fastread - 197, 2330
2019-02-07 13:42:05,922 - INFO - fastread - 197, 2340
2019-02-07 13:42:05,927 - INFO - fastread - 197, 2350
2019-02-07 13:42:05,933 - INFO - fastread - 197, 2360
2019-02-07 13:42:05,939 - INFO - fastread - 197, 2370
2019-02-07 13:42:05,945 - INFO - fastread - 197, 2380
2019-02-07 13:42:05,951 - INFO - fastread - 197, 2390
2019-02-07 13:42:05,957 - INFO - fastread - 197, 2400
2019-02-07 13:42:05,962 - INFO - fastread - 197, 2410
2019-02-07 13:42:05,968 - INFO - fastread - 197, 2420
2019-02-07 13:42:05,974 - INFO - fastread - 197, 2430
2019-02-07 13:42:05,979 - INFO - fastread - 197, 2440
2019-02-07 13:42:05,985 - INFO - fastread - 197, 2450
2019-02-07 13:42:05,991 - INFO - fastread - 197, 2460
2019-02-07 13:42:05,997 - INFO - fastread - 197, 2470
2019-02-07 13:42:06,003 - INFO - fastread - 197, 2480
2019-02-07 13:42:06,008 - INFO - fastread - 197, 2490
2019-02-07 13:42:06,014 - INFO - fastread - 197, 2500
2019-02-07 13:42:06,020 - INFO - fastread - 197, 2510
2019-02-07 13:42:06,026 - INFO - fastread - 197, 2520
2019-02-07 13:42:06,031 - INFO - fastread - 197, 2530
2019-02-07 13:42:06,037 - INFO - fastread - 197, 2540
2019-02-07 13:42:06,043 - INFO - fastread - 197, 2550
2019-02-07 13:42:06,048 - INFO - fastread - 197, 2560
2019-02-07 13:42:06,054 - INFO - fastread - 197, 2570
2019-02-07 13:42:06,059 - INFO - fastread - 197, 2580
2019-02-07 13:42:06,065 - INFO - fastread - 197, 2590
2019-02-07 13:42:06,071 - INFO - fastread - 197, 2600
2019-02-07 13:42:06,077 - INFO - fastread - 197, 2610
2019-02-07 13:42:06,083 - INFO - fastread - 197, 2620
2019-02-07 13:42:06,088 - INFO - fastread - 197, 2630
2019-02-07 13:42:06,094 - INFO - fastread - 197, 2640
2019-02-07 13:42:06,100 - INFO - fastread - 197, 2650
2019-02-07 13:42:06,106 - INFO - fastread - 197, 2660
2019-02-07 13:42:06,112 - INFO - fastread - 197, 2670
2019-02-07 13:42:06,118 - INFO - fastread - 197, 2680
2019-02-07 13:42:06,124 - INFO - fastread - 197, 2690
2019-02-07 13:42:06,130 - INFO - fastread - 197, 2700
2019-02-07 13:42:06,136 - INFO - fastread - 197, 2710
2019-02-07 13:42:06,142 - INFO - fastread - 197, 2720
2019-02-07 13:42:06,148 - INFO - fastread - 197, 2730
2019-02-07 13:42:06,154 - INFO - fastread - 197, 2740
2019-02-07 13:42:06,160 - INFO - fastread - 197, 2750
2019-02-07 13:42:06,165 - INFO - fastread - 197, 2760
2019-02-07 13:42:06,171 - INFO - fastread - 197, 2770
2019-02-07 13:42:06,177 - INFO - fastread - 197, 2780
2019-02-07 13:42:06,183 - INFO - fastread - 197, 2790
2019-02-07 13:42:06,190 - INFO - fastread - 197, 2800
2019-02-07 13:42:06,196 - INFO - fastread - 197, 2810
2019-02-07 13:42:06,202 - INFO - fastread - 197, 2820
2019-02-07 13:42:06,207 - INFO - fastread - 197, 2830
2019-02-07 13:42:06,213 - INFO - fastread - 197, 2840
2019-02-07 13:42:06,219 - INFO - fastread - 197, 2850
2019-02-07 13:42:06,225 - INFO - fastread - 197, 2860
2019-02-07 13:42:06,231 - INFO - fastread - 197, 2870
2019-02-07 13:42:06,237 - INFO - fastread - 197, 2880
2019-02-07 13:42:06,243 - INFO - fastread - 197, 2890
2019-02-07 13:42:06,249 - INFO - fastread - 197, 2900
2019-02-07 13:42:06,254 - INFO - fastread - 197, 2910
2019-02-07 13:42:06,260 - INFO - fastread - 197, 2920
2019-02-07 13:42:06,266 - INFO - fastread - 197, 2930
2019-02-07 13:42:06,272 - INFO - fastread - 197, 2940
2019-02-07 13:42:06,278 - INFO - fastread - 197, 2950
2019-02-07 13:42:06,284 - INFO - fastread - 197, 2960
2019-02-07 13:42:06,290 - INFO - fastread - 197, 2970
2019-02-07 13:42:06,296 - INFO - fastread - 197, 2980
2019-02-07 13:42:06,302 - INFO - fastread - 197, 2990
2019-02-07 13:42:06,308 - INFO - fastread - 197, 3000
2019-02-07 13:42:06,314 - INFO - fastread - 197, 3010
2019-02-07 13:42:06,319 - INFO - fastread - 197, 3020
2019-02-07 13:42:06,325 - INFO - fastread - 197, 3030
2019-02-07 13:42:06,331 - INFO - fastread - 198, 3040
2019-02-07 13:42:06,337 - INFO - fastread - 198, 3050
2019-02-07 13:42:06,343 - INFO - fastread - 198, 3060
2019-02-07 13:42:06,349 - INFO - fastread - 198, 3070
2019-02-07 13:42:06,356 - INFO - fastread - 198, 3080
2019-02-07 13:42:06,362 - INFO - fastread - 198, 3090
2019-02-07 13:42:06,368 - INFO - fastread - 198, 3100
2019-02-07 13:42:06,374 - INFO - fastread - 198, 3110
2019-02-07 13:42:06,380 - INFO - fastread - 198, 3120
2019-02-07 13:42:06,385 - INFO - fastread - 198, 3130
2019-02-07 13:42:06,391 - INFO - fastread - 198, 3140
2019-02-07 13:42:06,398 - INFO - fastread - 198, 3150
2019-02-07 13:42:06,404 - INFO - fastread - 198, 3160
2019-02-07 13:42:06,410 - INFO - fastread - 198, 3170
2019-02-07 13:42:06,416 - INFO - fastread - 198, 3180
2019-02-07 13:42:06,422 - INFO - fastread - 198, 3190
2019-02-07 13:42:06,427 - INFO - fastread - 204, 3200
2019-02-07 13:42:06,447 - INFO - fastread - IGNORE jfreechart-1.0.19 | Total: 4408 | Percent Checked: 0.73 | Total Yes Data: 209 | Percent Yes Checked: 0.98
