2019-02-04 17:03:26,771 - INFO - rig - hibernate-distribution-3.3.2.GA
2019-02-04 17:03:35,026 - INFO - rig - ++++NEW CLF++++ FASTREAD
2019-02-04 17:03:35,027 - INFO - fastread - Total Yes: 472 | Total No: 2496
2019-02-04 17:03:35,717 - INFO - fastread - 0, 0  450
2019-02-04 17:04:47,387 - INFO - fastread - 345, 358  450
2019-02-04 17:04:51,108 - INFO - fastread - 348, 372  668
2019-02-04 17:04:54,955 - INFO - fastread - 350, 386  502
2019-02-04 17:04:58,722 - INFO - fastread - 353, 400  885
2019-02-04 17:05:02,594 - INFO - fastread - 356, 414  826
2019-02-04 17:05:06,632 - INFO - fastread - 360, 428  591
2019-02-04 17:05:10,678 - INFO - fastread - 362, 442  544
2019-02-04 17:05:14,801 - INFO - fastread - 366, 456  504
2019-02-04 17:05:18,955 - INFO - fastread - 368, 470  500
2019-02-04 17:05:23,072 - INFO - fastread - 373, 484  484
2019-02-04 17:05:27,204 - INFO - fastread - 380, 498  486
2019-02-04 17:05:31,409 - INFO - fastread - 384, 512  499
2019-02-04 17:05:35,589 - INFO - fastread - 386, 526  492
2019-02-04 17:05:39,872 - INFO - fastread - 388, 540  496
2019-02-04 17:05:44,069 - INFO - fastread - 388, 554  486
2019-02-04 17:05:48,302 - INFO - fastread - 389, 568  488
2019-02-04 17:05:52,588 - INFO - fastread - 391, 582  488
2019-02-04 17:05:56,890 - INFO - fastread - 396, 596  485
2019-02-04 17:06:01,249 - INFO - fastread - 398, 610  485
2019-02-04 17:06:05,666 - INFO - fastread - 404, 624  486
2019-02-04 17:06:10,105 - INFO - fastread - 405, 638  493
2019-02-04 17:06:14,616 - INFO - fastread - 408, 652  491
2019-02-04 17:06:19,110 - INFO - fastread - 412, 666  491
2019-02-04 17:06:23,659 - INFO - fastread - 414, 680  493
2019-02-04 17:06:28,277 - INFO - fastread - 415, 694  491
2019-02-04 17:06:32,927 - INFO - fastread - 415, 708  487
2019-02-04 17:06:37,607 - INFO - fastread - 416, 722  481
2019-02-04 17:06:42,376 - INFO - fastread - 416, 736  477
2019-02-04 17:06:47,196 - INFO - fastread - 418, 750  472
2019-02-04 17:06:52,088 - INFO - fastread - 418, 764  471
2019-02-04 17:06:57,008 - INFO - fastread - 418, 778  468
2019-02-04 17:07:01,982 - INFO - fastread - 418, 792  464
2019-02-04 17:07:07,007 - INFO - fastread - 419, 806  460
2019-02-04 17:07:12,057 - INFO - fastread - 421, 820  458
2019-02-04 17:07:17,130 - INFO - fastread - 424, 834  460
2019-02-04 17:07:22,211 - INFO - fastread - 424, 848  477
2019-02-04 17:07:27,294 - INFO - fastread - 426, 862  485
2019-02-04 17:07:32,373 - INFO - fastread - 428, 876  480
2019-02-04 17:07:37,429 - INFO - fastread - 434, 890  476
2019-02-04 17:07:42,396 - INFO - fastread - 435, 904  484
2019-02-04 17:07:47,324 - INFO - fastread - 436, 918  477
2019-02-04 17:07:52,291 - INFO - fastread - 437, 932  470
2019-02-04 17:07:57,453 - INFO - fastread - 437, 946  471
2019-02-04 17:08:02,616 - INFO - fastread - 437, 960  465
2019-02-04 17:08:07,795 - INFO - fastread - 438, 974  460
2019-02-04 17:08:12,926 - INFO - fastread - 438, 988  458
2019-02-04 17:08:18,118 - INFO - fastread - 438, 1002  452
2019-02-04 17:08:23,363 - INFO - fastread - 438, 1016  451
2019-02-04 17:08:28,410 - INFO - fastread - 441, 1030  448
2019-02-04 17:08:33,420 - INFO - fastread - 442, 1044  449
2019-02-04 17:08:38,613 - INFO - fastread - 445, 1058  448
2019-02-04 17:08:44,456 - INFO - fastread - 446, 1072  450
2019-02-04 17:08:49,725 - INFO - fastread - 446, 1086  448
2019-02-04 17:08:55,419 - INFO - fastread - 446, 1100  446
2019-02-04 17:08:57,892 - INFO - rig - ++++NEW CLF++++ ENSEMBLE_DT
2019-02-04 17:08:57,908 - INFO - ensemble - 8, 10
2019-02-04 17:08:57,913 - INFO - ensemble - 18, 20
2019-02-04 17:08:57,918 - INFO - ensemble - 26, 30
2019-02-04 17:08:57,923 - INFO - ensemble - 35, 40
2019-02-04 17:08:57,927 - INFO - ensemble - 45, 50
2019-02-04 17:08:57,932 - INFO - ensemble - 54, 60
2019-02-04 17:08:57,937 - INFO - ensemble - 64, 70
2019-02-04 17:08:57,942 - INFO - ensemble - 73, 80
2019-02-04 17:08:57,947 - INFO - ensemble - 83, 90
2019-02-04 17:08:57,952 - INFO - ensemble - 93, 100
2019-02-04 17:08:57,957 - INFO - ensemble - 103, 110
2019-02-04 17:08:57,962 - INFO - ensemble - 113, 120
2019-02-04 17:08:57,967 - INFO - ensemble - 123, 130
2019-02-04 17:08:57,972 - INFO - ensemble - 133, 140
2019-02-04 17:08:57,977 - INFO - ensemble - 143, 150
2019-02-04 17:08:57,982 - INFO - ensemble - 153, 160
2019-02-04 17:08:57,987 - INFO - ensemble - 163, 170
2019-02-04 17:08:57,992 - INFO - ensemble - 173, 180
2019-02-04 17:08:57,997 - INFO - ensemble - 182, 190
2019-02-04 17:08:58,002 - INFO - ensemble - 192, 200
2019-02-04 17:08:58,007 - INFO - ensemble - 202, 210
2019-02-04 17:08:58,012 - INFO - ensemble - 211, 220
2019-02-04 17:08:58,017 - INFO - ensemble - 221, 230
2019-02-04 17:08:58,022 - INFO - ensemble - 231, 240
2019-02-04 17:08:58,027 - INFO - ensemble - 241, 250
2019-02-04 17:08:58,032 - INFO - ensemble - 250, 260
2019-02-04 17:08:58,037 - INFO - ensemble - 260, 270
2019-02-04 17:08:58,042 - INFO - ensemble - 270, 280
2019-02-04 17:08:58,047 - INFO - ensemble - 280, 290
2019-02-04 17:08:58,052 - INFO - ensemble - 290, 300
2019-02-04 17:08:58,057 - INFO - ensemble - 299, 310
2019-02-04 17:08:58,062 - INFO - ensemble - 309, 320
2019-02-04 17:08:58,067 - INFO - ensemble - 318, 330
2019-02-04 17:08:58,072 - INFO - ensemble - 327, 340
2019-02-04 17:08:58,078 - INFO - ensemble - 337, 350
2019-02-04 17:08:58,083 - INFO - ensemble - 347, 360
2019-02-04 17:08:58,088 - INFO - ensemble - 350, 370
2019-02-04 17:08:58,093 - INFO - ensemble - 356, 380
2019-02-04 17:08:58,098 - INFO - ensemble - 361, 390
2019-02-04 17:08:58,103 - INFO - ensemble - 364, 400
2019-02-04 17:08:58,109 - INFO - ensemble - 365, 410
2019-02-04 17:08:58,114 - INFO - ensemble - 368, 420
2019-02-04 17:08:58,119 - INFO - ensemble - 371, 430
2019-02-04 17:08:58,124 - INFO - ensemble - 371, 440
2019-02-04 17:08:58,129 - INFO - ensemble - 371, 450
2019-02-04 17:08:58,135 - INFO - ensemble - 372, 460
2019-02-04 17:08:58,140 - INFO - ensemble - 372, 470
2019-02-04 17:08:58,145 - INFO - ensemble - 375, 480
2019-02-04 17:08:58,150 - INFO - ensemble - 378, 490
2019-02-04 17:08:58,156 - INFO - ensemble - 378, 500
2019-02-04 17:08:58,161 - INFO - ensemble - 379, 510
2019-02-04 17:08:58,166 - INFO - ensemble - 380, 520
2019-02-04 17:08:58,171 - INFO - ensemble - 383, 530
2019-02-04 17:08:58,177 - INFO - ensemble - 385, 540
2019-02-04 17:08:58,182 - INFO - ensemble - 387, 550
2019-02-04 17:08:58,187 - INFO - ensemble - 387, 560
2019-02-04 17:08:58,193 - INFO - ensemble - 389, 570
2019-02-04 17:08:58,198 - INFO - ensemble - 392, 580
2019-02-04 17:08:58,203 - INFO - ensemble - 393, 590
2019-02-04 17:08:58,209 - INFO - ensemble - 393, 600
2019-02-04 17:08:58,214 - INFO - ensemble - 394, 610
2019-02-04 17:08:58,220 - INFO - ensemble - 394, 620
2019-02-04 17:08:58,225 - INFO - ensemble - 394, 630
2019-02-04 17:08:58,230 - INFO - ensemble - 394, 640
2019-02-04 17:08:58,236 - INFO - ensemble - 397, 650
2019-02-04 17:08:58,241 - INFO - ensemble - 398, 660
2019-02-04 17:08:58,246 - INFO - ensemble - 399, 670
2019-02-04 17:08:58,252 - INFO - ensemble - 399, 680
2019-02-04 17:08:58,257 - INFO - ensemble - 402, 690
2019-02-04 17:08:58,263 - INFO - ensemble - 405, 700
2019-02-04 17:08:58,268 - INFO - ensemble - 406, 710
2019-02-04 17:08:58,274 - INFO - ensemble - 407, 720
2019-02-04 17:08:58,279 - INFO - ensemble - 409, 730
2019-02-04 17:08:58,285 - INFO - ensemble - 410, 740
2019-02-04 17:08:58,290 - INFO - ensemble - 411, 750
2019-02-04 17:08:58,295 - INFO - ensemble - 411, 760
2019-02-04 17:08:58,301 - INFO - ensemble - 412, 770
2019-02-04 17:08:58,306 - INFO - ensemble - 414, 780
2019-02-04 17:08:58,312 - INFO - ensemble - 414, 790
2019-02-04 17:08:58,317 - INFO - ensemble - 415, 800
2019-02-04 17:08:58,323 - INFO - ensemble - 416, 810
2019-02-04 17:08:58,328 - INFO - ensemble - 416, 820
2019-02-04 17:08:58,334 - INFO - ensemble - 416, 830
2019-02-04 17:08:58,339 - INFO - ensemble - 416, 840
2019-02-04 17:08:58,345 - INFO - ensemble - 416, 850
2019-02-04 17:08:58,350 - INFO - ensemble - 416, 860
2019-02-04 17:08:58,356 - INFO - ensemble - 416, 870
2019-02-04 17:08:58,361 - INFO - ensemble - 416, 880
2019-02-04 17:08:58,367 - INFO - ensemble - 416, 890
2019-02-04 17:08:58,373 - INFO - ensemble - 418, 900
2019-02-04 17:08:58,378 - INFO - ensemble - 418, 910
2019-02-04 17:08:58,384 - INFO - ensemble - 418, 920
2019-02-04 17:08:58,389 - INFO - ensemble - 418, 930
2019-02-04 17:08:58,395 - INFO - ensemble - 418, 940
2019-02-04 17:08:58,401 - INFO - ensemble - 418, 950
2019-02-04 17:08:58,406 - INFO - ensemble - 418, 960
2019-02-04 17:08:58,412 - INFO - ensemble - 419, 970
2019-02-04 17:08:58,417 - INFO - ensemble - 419, 980
2019-02-04 17:08:58,423 - INFO - ensemble - 419, 990
2019-02-04 17:08:58,429 - INFO - ensemble - 419, 1000
2019-02-04 17:08:58,435 - INFO - ensemble - 420, 1010
2019-02-04 17:08:58,440 - INFO - ensemble - 420, 1020
2019-02-04 17:08:58,446 - INFO - ensemble - 420, 1030
2019-02-04 17:08:58,451 - INFO - ensemble - 420, 1040
2019-02-04 17:08:58,457 - INFO - ensemble - 420, 1050
2019-02-04 17:08:58,463 - INFO - ensemble - 420, 1060
2019-02-04 17:08:58,468 - INFO - ensemble - 421, 1070
2019-02-04 17:08:58,474 - INFO - ensemble - 421, 1080
2019-02-04 17:08:58,480 - INFO - ensemble - 422, 1090
2019-02-04 17:08:58,485 - INFO - ensemble - 422, 1100
2019-02-04 17:08:58,491 - INFO - ensemble - 424, 1110
2019-02-04 17:08:58,497 - INFO - ensemble - 424, 1120
2019-02-04 17:08:58,502 - INFO - ensemble - 424, 1130
2019-02-04 17:08:58,508 - INFO - ensemble - 426, 1140
2019-02-04 17:08:58,514 - INFO - ensemble - 426, 1150
2019-02-04 17:08:58,520 - INFO - ensemble - 426, 1160
2019-02-04 17:08:58,525 - INFO - ensemble - 426, 1170
2019-02-04 17:08:58,531 - INFO - ensemble - 427, 1180
2019-02-04 17:08:58,537 - INFO - ensemble - 427, 1190
2019-02-04 17:08:58,543 - INFO - ensemble - 427, 1200
2019-02-04 17:08:58,548 - INFO - ensemble - 427, 1210
2019-02-04 17:08:58,554 - INFO - ensemble - 427, 1220
2019-02-04 17:08:58,560 - INFO - ensemble - 428, 1230
2019-02-04 17:08:58,566 - INFO - ensemble - 428, 1240
2019-02-04 17:08:58,571 - INFO - ensemble - 428, 1250
2019-02-04 17:08:58,577 - INFO - ensemble - 428, 1260
2019-02-04 17:08:58,583 - INFO - ensemble - 428, 1270
2019-02-04 17:08:58,589 - INFO - ensemble - 428, 1280
2019-02-04 17:08:58,595 - INFO - ensemble - 428, 1290
2019-02-04 17:08:58,600 - INFO - ensemble - 428, 1300
2019-02-04 17:08:58,606 - INFO - ensemble - 428, 1310
2019-02-04 17:08:58,612 - INFO - ensemble - 428, 1320
2019-02-04 17:08:58,618 - INFO - ensemble - 428, 1330
2019-02-04 17:08:58,624 - INFO - ensemble - 428, 1340
2019-02-04 17:08:58,629 - INFO - ensemble - 428, 1350
2019-02-04 17:08:58,635 - INFO - ensemble - 428, 1360
2019-02-04 17:08:58,641 - INFO - ensemble - 428, 1370
2019-02-04 17:08:58,647 - INFO - ensemble - 428, 1380
2019-02-04 17:08:58,653 - INFO - ensemble - 428, 1390
2019-02-04 17:08:58,658 - INFO - ensemble - 428, 1400
2019-02-04 17:08:58,664 - INFO - ensemble - 428, 1410
2019-02-04 17:08:58,670 - INFO - ensemble - 428, 1420
2019-02-04 17:08:58,676 - INFO - ensemble - 429, 1430
2019-02-04 17:08:58,682 - INFO - ensemble - 429, 1440
2019-02-04 17:08:58,688 - INFO - ensemble - 429, 1450
2019-02-04 17:08:58,694 - INFO - ensemble - 429, 1460
2019-02-04 17:08:58,699 - INFO - ensemble - 429, 1470
2019-02-04 17:08:58,705 - INFO - ensemble - 429, 1480
2019-02-04 17:08:58,711 - INFO - ensemble - 430, 1490
2019-02-04 17:08:58,717 - INFO - ensemble - 430, 1500
2019-02-04 17:08:58,723 - INFO - ensemble - 430, 1510
2019-02-04 17:08:58,729 - INFO - ensemble - 430, 1520
2019-02-04 17:08:58,735 - INFO - ensemble - 430, 1530
2019-02-04 17:08:58,741 - INFO - ensemble - 431, 1540
2019-02-04 17:08:58,747 - INFO - ensemble - 431, 1550
2019-02-04 17:08:58,753 - INFO - ensemble - 431, 1560
2019-02-04 17:08:58,759 - INFO - ensemble - 431, 1570
2019-02-04 17:08:58,765 - INFO - ensemble - 431, 1580
2019-02-04 17:08:58,771 - INFO - ensemble - 431, 1590
2019-02-04 17:08:58,777 - INFO - ensemble - 433, 1600
2019-02-04 17:08:58,783 - INFO - ensemble - 433, 1610
2019-02-04 17:08:58,789 - INFO - ensemble - 433, 1620
2019-02-04 17:08:58,795 - INFO - ensemble - 433, 1630
2019-02-04 17:08:58,801 - INFO - ensemble - 433, 1640
2019-02-04 17:08:58,807 - INFO - ensemble - 434, 1650
2019-02-04 17:08:58,813 - INFO - ensemble - 434, 1660
2019-02-04 17:08:58,820 - INFO - ensemble - 437, 1670
2019-02-04 17:08:58,826 - INFO - ensemble - 437, 1680
2019-02-04 17:08:58,832 - INFO - ensemble - 439, 1690
2019-02-04 17:08:58,838 - INFO - ensemble - 439, 1700
2019-02-04 17:08:58,844 - INFO - ensemble - 439, 1710
2019-02-04 17:08:58,850 - INFO - ensemble - 440, 1720
2019-02-04 17:08:58,856 - INFO - ensemble - 440, 1730
2019-02-04 17:08:58,862 - INFO - ensemble - 440, 1740
2019-02-04 17:08:58,868 - INFO - ensemble - 440, 1750
2019-02-04 17:08:58,874 - INFO - ensemble - 440, 1760
2019-02-04 17:08:58,880 - INFO - ensemble - 440, 1770
2019-02-04 17:08:58,886 - INFO - ensemble - 440, 1780
2019-02-04 17:08:58,893 - INFO - ensemble - 441, 1790
2019-02-04 17:08:58,899 - INFO - ensemble - 441, 1800
2019-02-04 17:08:58,905 - INFO - ensemble - 442, 1810
2019-02-04 17:08:58,911 - INFO - ensemble - 442, 1820
2019-02-04 17:08:58,917 - INFO - ensemble - 442, 1830
2019-02-04 17:08:58,923 - INFO - ensemble - 442, 1840
2019-02-04 17:08:58,929 - INFO - ensemble - 442, 1850
2019-02-04 17:08:58,936 - INFO - ensemble - 442, 1860
2019-02-04 17:08:58,942 - INFO - ensemble - 442, 1870
2019-02-04 17:08:58,948 - INFO - ensemble - 442, 1880
2019-02-04 17:08:58,954 - INFO - ensemble - 442, 1890
2019-02-04 17:08:58,960 - INFO - ensemble - 442, 1900
2019-02-04 17:08:58,966 - INFO - ensemble - 442, 1910
2019-02-04 17:08:58,973 - INFO - ensemble - 442, 1920
2019-02-04 17:08:58,979 - INFO - ensemble - 443, 1930
2019-02-04 17:08:58,985 - INFO - ensemble - 443, 1940
2019-02-04 17:08:58,991 - INFO - ensemble - 443, 1950
2019-02-04 17:08:58,997 - INFO - ensemble - 443, 1960
2019-02-04 17:08:59,004 - INFO - ensemble - 443, 1970
2019-02-04 17:08:59,010 - INFO - ensemble - 443, 1980
2019-02-04 17:08:59,016 - INFO - ensemble - 443, 1990
2019-02-04 17:08:59,022 - INFO - ensemble - 443, 2000
2019-02-04 17:08:59,029 - INFO - ensemble - 444, 2010
2019-02-04 17:09:05,839 - INFO - rig - ++++NEW CLF++++ ENSEMBLE_NBM
2019-02-04 17:09:05,854 - INFO - ensemble - 9, 10
2019-02-04 17:09:05,859 - INFO - ensemble - 19, 20
2019-02-04 17:09:05,863 - INFO - ensemble - 29, 30
2019-02-04 17:09:05,867 - INFO - ensemble - 38, 40
2019-02-04 17:09:05,871 - INFO - ensemble - 48, 50
2019-02-04 17:09:05,876 - INFO - ensemble - 58, 60
2019-02-04 17:09:05,880 - INFO - ensemble - 67, 70
2019-02-04 17:09:05,884 - INFO - ensemble - 76, 80
2019-02-04 17:09:05,889 - INFO - ensemble - 86, 90
2019-02-04 17:09:05,893 - INFO - ensemble - 95, 100
2019-02-04 17:09:05,897 - INFO - ensemble - 105, 110
2019-02-04 17:09:05,902 - INFO - ensemble - 115, 120
2019-02-04 17:09:05,906 - INFO - ensemble - 125, 130
2019-02-04 17:09:05,911 - INFO - ensemble - 135, 140
2019-02-04 17:09:05,915 - INFO - ensemble - 144, 150
2019-02-04 17:09:05,919 - INFO - ensemble - 153, 160
2019-02-04 17:09:05,924 - INFO - ensemble - 163, 170
2019-02-04 17:09:05,928 - INFO - ensemble - 172, 180
2019-02-04 17:09:05,932 - INFO - ensemble - 181, 190
2019-02-04 17:09:05,937 - INFO - ensemble - 191, 200
2019-02-04 17:09:05,941 - INFO - ensemble - 200, 210
2019-02-04 17:09:05,946 - INFO - ensemble - 210, 220
2019-02-04 17:09:05,950 - INFO - ensemble - 220, 230
2019-02-04 17:09:05,954 - INFO - ensemble - 230, 240
2019-02-04 17:09:05,959 - INFO - ensemble - 240, 250
2019-02-04 17:09:05,963 - INFO - ensemble - 250, 260
2019-02-04 17:09:05,968 - INFO - ensemble - 260, 270
2019-02-04 17:09:05,972 - INFO - ensemble - 270, 280
2019-02-04 17:09:05,977 - INFO - ensemble - 280, 290
2019-02-04 17:09:05,981 - INFO - ensemble - 289, 300
2019-02-04 17:09:05,986 - INFO - ensemble - 299, 310
2019-02-04 17:09:05,990 - INFO - ensemble - 308, 320
2019-02-04 17:09:05,995 - INFO - ensemble - 318, 330
2019-02-04 17:09:05,999 - INFO - ensemble - 328, 340
2019-02-04 17:09:06,003 - INFO - ensemble - 338, 350
2019-02-04 17:09:06,008 - INFO - ensemble - 347, 360
2019-02-04 17:09:06,012 - INFO - ensemble - 352, 370
2019-02-04 17:09:06,017 - INFO - ensemble - 353, 380
2019-02-04 17:09:06,021 - INFO - ensemble - 360, 390
2019-02-04 17:09:06,026 - INFO - ensemble - 366, 400
2019-02-04 17:09:06,030 - INFO - ensemble - 369, 410
2019-02-04 17:09:06,035 - INFO - ensemble - 370, 420
2019-02-04 17:09:06,039 - INFO - ensemble - 374, 430
2019-02-04 17:09:06,044 - INFO - ensemble - 377, 440
2019-02-04 17:09:06,048 - INFO - ensemble - 381, 450
2019-02-04 17:09:06,053 - INFO - ensemble - 381, 460
2019-02-04 17:09:06,057 - INFO - ensemble - 382, 470
2019-02-04 17:09:06,062 - INFO - ensemble - 382, 480
2019-02-04 17:09:06,066 - INFO - ensemble - 382, 490
2019-02-04 17:09:06,071 - INFO - ensemble - 384, 500
2019-02-04 17:09:06,075 - INFO - ensemble - 385, 510
2019-02-04 17:09:06,080 - INFO - ensemble - 386, 520
2019-02-04 17:09:06,084 - INFO - ensemble - 386, 530
2019-02-04 17:09:06,089 - INFO - ensemble - 387, 540
2019-02-04 17:09:06,093 - INFO - ensemble - 388, 550
2019-02-04 17:09:06,098 - INFO - ensemble - 388, 560
2019-02-04 17:09:06,103 - INFO - ensemble - 390, 570
2019-02-04 17:09:06,107 - INFO - ensemble - 392, 580
2019-02-04 17:09:06,112 - INFO - ensemble - 394, 590
2019-02-04 17:09:06,116 - INFO - ensemble - 396, 600
2019-02-04 17:09:06,121 - INFO - ensemble - 397, 610
2019-02-04 17:09:06,125 - INFO - ensemble - 399, 620
2019-02-04 17:09:06,130 - INFO - ensemble - 400, 630
2019-02-04 17:09:06,135 - INFO - ensemble - 402, 640
2019-02-04 17:09:06,139 - INFO - ensemble - 404, 650
2019-02-04 17:09:06,144 - INFO - ensemble - 404, 660
2019-02-04 17:09:06,148 - INFO - ensemble - 404, 670
2019-02-04 17:09:06,153 - INFO - ensemble - 405, 680
2019-02-04 17:09:06,158 - INFO - ensemble - 405, 690
2019-02-04 17:09:06,162 - INFO - ensemble - 407, 700
2019-02-04 17:09:06,167 - INFO - ensemble - 408, 710
2019-02-04 17:09:06,171 - INFO - ensemble - 410, 720
2019-02-04 17:09:06,176 - INFO - ensemble - 410, 730
2019-02-04 17:09:06,181 - INFO - ensemble - 412, 740
2019-02-04 17:09:06,185 - INFO - ensemble - 412, 750
2019-02-04 17:09:06,190 - INFO - ensemble - 413, 760
2019-02-04 17:09:06,195 - INFO - ensemble - 414, 770
2019-02-04 17:09:06,199 - INFO - ensemble - 416, 780
2019-02-04 17:09:06,204 - INFO - ensemble - 418, 790
2019-02-04 17:09:06,209 - INFO - ensemble - 418, 800
2019-02-04 17:09:06,213 - INFO - ensemble - 418, 810
2019-02-04 17:09:06,218 - INFO - ensemble - 418, 820
2019-02-04 17:09:06,223 - INFO - ensemble - 418, 830
2019-02-04 17:09:06,227 - INFO - ensemble - 419, 840
2019-02-04 17:09:06,232 - INFO - ensemble - 419, 850
2019-02-04 17:09:06,237 - INFO - ensemble - 419, 860
2019-02-04 17:09:06,241 - INFO - ensemble - 419, 870
2019-02-04 17:09:06,246 - INFO - ensemble - 419, 880
2019-02-04 17:09:06,251 - INFO - ensemble - 419, 890
2019-02-04 17:09:06,255 - INFO - ensemble - 419, 900
2019-02-04 17:09:06,260 - INFO - ensemble - 419, 910
2019-02-04 17:09:06,265 - INFO - ensemble - 420, 920
2019-02-04 17:09:06,270 - INFO - ensemble - 421, 930
2019-02-04 17:09:06,274 - INFO - ensemble - 421, 940
2019-02-04 17:09:06,279 - INFO - ensemble - 421, 950
2019-02-04 17:09:06,284 - INFO - ensemble - 421, 960
2019-02-04 17:09:06,288 - INFO - ensemble - 421, 970
2019-02-04 17:09:06,293 - INFO - ensemble - 421, 980
2019-02-04 17:09:06,298 - INFO - ensemble - 421, 990
2019-02-04 17:09:06,303 - INFO - ensemble - 421, 1000
2019-02-04 17:09:06,307 - INFO - ensemble - 421, 1010
2019-02-04 17:09:06,312 - INFO - ensemble - 421, 1020
2019-02-04 17:09:06,317 - INFO - ensemble - 422, 1030
2019-02-04 17:09:06,322 - INFO - ensemble - 422, 1040
2019-02-04 17:09:06,326 - INFO - ensemble - 422, 1050
2019-02-04 17:09:06,331 - INFO - ensemble - 422, 1060
2019-02-04 17:09:06,336 - INFO - ensemble - 422, 1070
2019-02-04 17:09:06,341 - INFO - ensemble - 423, 1080
2019-02-04 17:09:06,346 - INFO - ensemble - 423, 1090
2019-02-04 17:09:06,351 - INFO - ensemble - 423, 1100
2019-02-04 17:09:06,355 - INFO - ensemble - 424, 1110
2019-02-04 17:09:06,360 - INFO - ensemble - 424, 1120
2019-02-04 17:09:06,365 - INFO - ensemble - 424, 1130
2019-02-04 17:09:06,370 - INFO - ensemble - 424, 1140
2019-02-04 17:09:06,374 - INFO - ensemble - 425, 1150
2019-02-04 17:09:06,379 - INFO - ensemble - 425, 1160
2019-02-04 17:09:06,384 - INFO - ensemble - 427, 1170
2019-02-04 17:09:06,389 - INFO - ensemble - 427, 1180
2019-02-04 17:09:06,394 - INFO - ensemble - 429, 1190
2019-02-04 17:09:06,398 - INFO - ensemble - 429, 1200
2019-02-04 17:09:06,403 - INFO - ensemble - 429, 1210
2019-02-04 17:09:06,408 - INFO - ensemble - 429, 1220
2019-02-04 17:09:06,413 - INFO - ensemble - 429, 1230
2019-02-04 17:09:06,418 - INFO - ensemble - 430, 1240
2019-02-04 17:09:06,422 - INFO - ensemble - 431, 1250
2019-02-04 17:09:06,427 - INFO - ensemble - 432, 1260
2019-02-04 17:09:06,432 - INFO - ensemble - 432, 1270
2019-02-04 17:09:06,437 - INFO - ensemble - 432, 1280
2019-02-04 17:09:06,442 - INFO - ensemble - 432, 1290
2019-02-04 17:09:06,446 - INFO - ensemble - 433, 1300
2019-02-04 17:09:06,451 - INFO - ensemble - 433, 1310
2019-02-04 17:09:06,456 - INFO - ensemble - 433, 1320
2019-02-04 17:09:06,461 - INFO - ensemble - 433, 1330
2019-02-04 17:09:06,466 - INFO - ensemble - 433, 1340
2019-02-04 17:09:06,471 - INFO - ensemble - 433, 1350
2019-02-04 17:09:06,476 - INFO - ensemble - 433, 1360
2019-02-04 17:09:06,480 - INFO - ensemble - 433, 1370
2019-02-04 17:09:06,485 - INFO - ensemble - 433, 1380
2019-02-04 17:09:06,490 - INFO - ensemble - 433, 1390
2019-02-04 17:09:06,495 - INFO - ensemble - 433, 1400
2019-02-04 17:09:06,500 - INFO - ensemble - 433, 1410
2019-02-04 17:09:06,505 - INFO - ensemble - 434, 1420
2019-02-04 17:09:06,509 - INFO - ensemble - 434, 1430
2019-02-04 17:09:06,514 - INFO - ensemble - 435, 1440
2019-02-04 17:09:06,519 - INFO - ensemble - 435, 1450
2019-02-04 17:09:06,524 - INFO - ensemble - 435, 1460
2019-02-04 17:09:06,529 - INFO - ensemble - 435, 1470
2019-02-04 17:09:06,534 - INFO - ensemble - 435, 1480
2019-02-04 17:09:06,539 - INFO - ensemble - 435, 1490
2019-02-04 17:09:06,544 - INFO - ensemble - 435, 1500
2019-02-04 17:09:06,549 - INFO - ensemble - 436, 1510
2019-02-04 17:09:06,553 - INFO - ensemble - 437, 1520
2019-02-04 17:09:06,558 - INFO - ensemble - 437, 1530
2019-02-04 17:09:06,563 - INFO - ensemble - 437, 1540
2019-02-04 17:09:06,568 - INFO - ensemble - 437, 1550
2019-02-04 17:09:06,573 - INFO - ensemble - 437, 1560
2019-02-04 17:09:06,578 - INFO - ensemble - 439, 1570
2019-02-04 17:09:06,583 - INFO - ensemble - 439, 1580
2019-02-04 17:09:06,588 - INFO - ensemble - 440, 1590
2019-02-04 17:09:06,593 - INFO - ensemble - 440, 1600
2019-02-04 17:09:06,598 - INFO - ensemble - 440, 1610
2019-02-04 17:09:06,603 - INFO - ensemble - 440, 1620
2019-02-04 17:09:06,608 - INFO - ensemble - 441, 1630
2019-02-04 17:09:06,613 - INFO - ensemble - 441, 1640
2019-02-04 17:09:06,618 - INFO - ensemble - 441, 1650
2019-02-04 17:09:06,623 - INFO - ensemble - 441, 1660
2019-02-04 17:09:06,628 - INFO - ensemble - 441, 1670
2019-02-04 17:09:06,633 - INFO - ensemble - 442, 1680
2019-02-04 17:09:06,637 - INFO - ensemble - 442, 1690
2019-02-04 17:09:06,642 - INFO - ensemble - 442, 1700
2019-02-04 17:09:06,647 - INFO - ensemble - 442, 1710
2019-02-04 17:09:06,652 - INFO - ensemble - 442, 1720
2019-02-04 17:09:06,657 - INFO - ensemble - 442, 1730
2019-02-04 17:09:06,662 - INFO - ensemble - 442, 1740
2019-02-04 17:09:06,667 - INFO - ensemble - 442, 1750
2019-02-04 17:09:06,672 - INFO - ensemble - 442, 1760
2019-02-04 17:09:06,677 - INFO - ensemble - 442, 1770
2019-02-04 17:09:06,682 - INFO - ensemble - 442, 1780
2019-02-04 17:09:06,687 - INFO - ensemble - 443, 1790
2019-02-04 17:09:06,692 - INFO - ensemble - 443, 1800
2019-02-04 17:09:06,697 - INFO - ensemble - 443, 1810
2019-02-04 17:09:06,702 - INFO - ensemble - 444, 1820
2019-02-04 17:09:06,703 - INFO - rig - ++++NEW CLF++++ RANDOM
2019-02-04 17:09:06,703 - INFO - fastread - Total Yes: 472 | Total No: 2496
2019-02-04 17:09:06,887 - INFO - fastread - 0, 0
2019-02-04 17:09:06,982 - INFO - fastread - 1, 10
2019-02-04 17:09:07,076 - INFO - fastread - 4, 20
2019-02-04 17:09:07,171 - INFO - fastread - 5, 30
2019-02-04 17:09:07,266 - INFO - fastread - 7, 40
2019-02-04 17:09:07,360 - INFO - fastread - 9, 50
2019-02-04 17:09:07,455 - INFO - fastread - 10, 60
2019-02-04 17:09:07,550 - INFO - fastread - 13, 70
2019-02-04 17:09:07,645 - INFO - fastread - 16, 80
2019-02-04 17:09:07,739 - INFO - fastread - 17, 90
2019-02-04 17:09:07,834 - INFO - fastread - 17, 100
2019-02-04 17:09:07,930 - INFO - fastread - 19, 110
2019-02-04 17:09:08,025 - INFO - fastread - 21, 120
2019-02-04 17:09:08,125 - INFO - fastread - 21, 130
2019-02-04 17:09:08,224 - INFO - fastread - 23, 140
2019-02-04 17:09:08,324 - INFO - fastread - 29, 150
2019-02-04 17:09:08,425 - INFO - fastread - 30, 160
2019-02-04 17:09:08,524 - INFO - fastread - 33, 170
2019-02-04 17:09:08,623 - INFO - fastread - 33, 180
2019-02-04 17:09:08,722 - INFO - fastread - 37, 190
2019-02-04 17:09:08,821 - INFO - fastread - 38, 200
2019-02-04 17:09:08,920 - INFO - fastread - 40, 210
2019-02-04 17:09:09,019 - INFO - fastread - 41, 220
2019-02-04 17:09:09,118 - INFO - fastread - 42, 230
2019-02-04 17:09:09,217 - INFO - fastread - 44, 240
2019-02-04 17:09:09,316 - INFO - fastread - 45, 250
2019-02-04 17:09:09,415 - INFO - fastread - 46, 260
2019-02-04 17:09:09,513 - INFO - fastread - 47, 270
2019-02-04 17:09:09,613 - INFO - fastread - 47, 280
2019-02-04 17:09:09,711 - INFO - fastread - 48, 290
2019-02-04 17:09:09,810 - INFO - fastread - 51, 300
2019-02-04 17:09:09,909 - INFO - fastread - 56, 310
2019-02-04 17:09:10,008 - INFO - fastread - 56, 320
2019-02-04 17:09:10,106 - INFO - fastread - 57, 330
2019-02-04 17:09:10,205 - INFO - fastread - 60, 340
2019-02-04 17:09:10,304 - INFO - fastread - 62, 350
2019-02-04 17:09:10,402 - INFO - fastread - 63, 360
2019-02-04 17:09:10,502 - INFO - fastread - 65, 370
2019-02-04 17:09:10,601 - INFO - fastread - 66, 380
2019-02-04 17:09:10,700 - INFO - fastread - 67, 390
2019-02-04 17:09:10,799 - INFO - fastread - 70, 400
2019-02-04 17:09:10,897 - INFO - fastread - 70, 410
2019-02-04 17:09:10,996 - INFO - fastread - 73, 420
2019-02-04 17:09:11,091 - INFO - fastread - 73, 430
2019-02-04 17:09:11,189 - INFO - fastread - 75, 440
2019-02-04 17:09:11,283 - INFO - fastread - 78, 450
2019-02-04 17:09:11,378 - INFO - fastread - 78, 460
2019-02-04 17:09:11,473 - INFO - fastread - 82, 470
2019-02-04 17:09:11,568 - INFO - fastread - 85, 480
2019-02-04 17:09:11,662 - INFO - fastread - 87, 490
2019-02-04 17:09:11,757 - INFO - fastread - 87, 500
2019-02-04 17:09:11,853 - INFO - fastread - 88, 510
2019-02-04 17:09:11,948 - INFO - fastread - 89, 520
2019-02-04 17:09:12,043 - INFO - fastread - 92, 530
2019-02-04 17:09:12,139 - INFO - fastread - 92, 540
2019-02-04 17:09:12,234 - INFO - fastread - 95, 550
2019-02-04 17:09:12,330 - INFO - fastread - 97, 560
2019-02-04 17:09:12,425 - INFO - fastread - 99, 570
2019-02-04 17:09:12,520 - INFO - fastread - 101, 580
2019-02-04 17:09:12,616 - INFO - fastread - 104, 590
2019-02-04 17:09:12,712 - INFO - fastread - 104, 600
2019-02-04 17:09:12,808 - INFO - fastread - 105, 610
2019-02-04 17:09:12,904 - INFO - fastread - 105, 620
2019-02-04 17:09:12,999 - INFO - fastread - 109, 630
2019-02-04 17:09:13,097 - INFO - fastread - 109, 640
2019-02-04 17:09:13,193 - INFO - fastread - 110, 650
2019-02-04 17:09:13,291 - INFO - fastread - 112, 660
2019-02-04 17:09:13,387 - INFO - fastread - 112, 670
2019-02-04 17:09:13,483 - INFO - fastread - 113, 680
2019-02-04 17:09:13,579 - INFO - fastread - 116, 690
2019-02-04 17:09:13,675 - INFO - fastread - 120, 700
2019-02-04 17:09:13,771 - INFO - fastread - 124, 710
2019-02-04 17:09:13,867 - INFO - fastread - 126, 720
2019-02-04 17:09:13,963 - INFO - fastread - 127, 730
2019-02-04 17:09:14,059 - INFO - fastread - 129, 740
2019-02-04 17:09:14,162 - INFO - fastread - 132, 750
2019-02-04 17:09:14,267 - INFO - fastread - 134, 760
2019-02-04 17:09:14,370 - INFO - fastread - 136, 770
2019-02-04 17:09:14,474 - INFO - fastread - 137, 780
2019-02-04 17:09:14,578 - INFO - fastread - 139, 790
2019-02-04 17:09:14,682 - INFO - fastread - 141, 800
2019-02-04 17:09:14,786 - INFO - fastread - 143, 810
2019-02-04 17:09:14,890 - INFO - fastread - 143, 820
2019-02-04 17:09:14,994 - INFO - fastread - 145, 830
2019-02-04 17:09:15,098 - INFO - fastread - 146, 840
2019-02-04 17:09:15,201 - INFO - fastread - 147, 850
2019-02-04 17:09:15,305 - INFO - fastread - 148, 860
2019-02-04 17:09:15,409 - INFO - fastread - 150, 870
2019-02-04 17:09:15,513 - INFO - fastread - 154, 880
2019-02-04 17:09:15,616 - INFO - fastread - 157, 890
2019-02-04 17:09:15,720 - INFO - fastread - 159, 900
2019-02-04 17:09:15,824 - INFO - fastread - 161, 910
2019-02-04 17:09:15,928 - INFO - fastread - 162, 920
2019-02-04 17:09:16,032 - INFO - fastread - 163, 930
2019-02-04 17:09:16,136 - INFO - fastread - 164, 940
2019-02-04 17:09:16,239 - INFO - fastread - 164, 950
2019-02-04 17:09:16,343 - INFO - fastread - 166, 960
2019-02-04 17:09:16,447 - INFO - fastread - 166, 970
2019-02-04 17:09:16,551 - INFO - fastread - 167, 980
2019-02-04 17:09:16,654 - INFO - fastread - 167, 990
2019-02-04 17:09:16,758 - INFO - fastread - 170, 1000
2019-02-04 17:09:16,862 - INFO - fastread - 171, 1010
2019-02-04 17:09:16,966 - INFO - fastread - 172, 1020
2019-02-04 17:09:17,069 - INFO - fastread - 172, 1030
2019-02-04 17:09:17,173 - INFO - fastread - 174, 1040
2019-02-04 17:09:17,277 - INFO - fastread - 175, 1050
2019-02-04 17:09:17,381 - INFO - fastread - 177, 1060
2019-02-04 17:09:17,485 - INFO - fastread - 179, 1070
2019-02-04 17:09:17,589 - INFO - fastread - 182, 1080
2019-02-04 17:09:17,693 - INFO - fastread - 185, 1090
2019-02-04 17:09:17,796 - INFO - fastread - 188, 1100
2019-02-04 17:09:17,900 - INFO - fastread - 189, 1110
2019-02-04 17:09:18,003 - INFO - fastread - 192, 1120
2019-02-04 17:09:18,106 - INFO - fastread - 195, 1130
2019-02-04 17:09:18,209 - INFO - fastread - 197, 1140
2019-02-04 17:09:18,313 - INFO - fastread - 200, 1150
2019-02-04 17:09:18,416 - INFO - fastread - 202, 1160
2019-02-04 17:09:18,520 - INFO - fastread - 203, 1170
2019-02-04 17:09:18,624 - INFO - fastread - 203, 1180
2019-02-04 17:09:18,728 - INFO - fastread - 206, 1190
2019-02-04 17:09:18,832 - INFO - fastread - 207, 1200
2019-02-04 17:09:18,937 - INFO - fastread - 210, 1210
2019-02-04 17:09:19,042 - INFO - fastread - 210, 1220
2019-02-04 17:09:19,146 - INFO - fastread - 212, 1230
2019-02-04 17:09:19,251 - INFO - fastread - 213, 1240
2019-02-04 17:09:19,356 - INFO - fastread - 216, 1250
2019-02-04 17:09:19,461 - INFO - fastread - 218, 1260
2019-02-04 17:09:19,566 - INFO - fastread - 218, 1270
2019-02-04 17:09:19,671 - INFO - fastread - 219, 1280
2019-02-04 17:09:19,775 - INFO - fastread - 220, 1290
2019-02-04 17:09:19,879 - INFO - fastread - 221, 1300
2019-02-04 17:09:19,985 - INFO - fastread - 221, 1310
2019-02-04 17:09:20,089 - INFO - fastread - 223, 1320
2019-02-04 17:09:20,194 - INFO - fastread - 224, 1330
2019-02-04 17:09:20,299 - INFO - fastread - 225, 1340
2019-02-04 17:09:20,404 - INFO - fastread - 228, 1350
2019-02-04 17:09:20,508 - INFO - fastread - 229, 1360
2019-02-04 17:09:20,613 - INFO - fastread - 229, 1370
2019-02-04 17:09:20,717 - INFO - fastread - 231, 1380
2019-02-04 17:09:20,821 - INFO - fastread - 233, 1390
2019-02-04 17:09:20,925 - INFO - fastread - 237, 1400
2019-02-04 17:09:21,029 - INFO - fastread - 240, 1410
2019-02-04 17:09:21,133 - INFO - fastread - 241, 1420
2019-02-04 17:09:21,238 - INFO - fastread - 243, 1430
2019-02-04 17:09:21,342 - INFO - fastread - 246, 1440
2019-02-04 17:09:21,447 - INFO - fastread - 246, 1450
2019-02-04 17:09:21,551 - INFO - fastread - 246, 1460
2019-02-04 17:09:21,656 - INFO - fastread - 248, 1470
2019-02-04 17:09:21,761 - INFO - fastread - 249, 1480
2019-02-04 17:09:21,865 - INFO - fastread - 249, 1490
2019-02-04 17:09:21,970 - INFO - fastread - 250, 1500
2019-02-04 17:09:22,075 - INFO - fastread - 251, 1510
2019-02-04 17:09:22,180 - INFO - fastread - 253, 1520
2019-02-04 17:09:22,284 - INFO - fastread - 255, 1530
2019-02-04 17:09:22,389 - INFO - fastread - 256, 1540
2019-02-04 17:09:22,494 - INFO - fastread - 257, 1550
2019-02-04 17:09:22,598 - INFO - fastread - 260, 1560
2019-02-04 17:09:22,703 - INFO - fastread - 263, 1570
2019-02-04 17:09:22,807 - INFO - fastread - 266, 1580
2019-02-04 17:09:22,912 - INFO - fastread - 267, 1590
2019-02-04 17:09:23,017 - INFO - fastread - 268, 1600
2019-02-04 17:09:23,122 - INFO - fastread - 268, 1610
2019-02-04 17:09:23,224 - INFO - fastread - 270, 1620
2019-02-04 17:09:23,320 - INFO - fastread - 271, 1630
2019-02-04 17:09:23,416 - INFO - fastread - 272, 1640
2019-02-04 17:09:23,512 - INFO - fastread - 274, 1650
2019-02-04 17:09:23,607 - INFO - fastread - 275, 1660
2019-02-04 17:09:23,701 - INFO - fastread - 278, 1670
2019-02-04 17:09:23,796 - INFO - fastread - 280, 1680
2019-02-04 17:09:23,890 - INFO - fastread - 282, 1690
2019-02-04 17:09:23,986 - INFO - fastread - 283, 1700
2019-02-04 17:09:24,080 - INFO - fastread - 285, 1710
2019-02-04 17:09:24,175 - INFO - fastread - 287, 1720
2019-02-04 17:09:24,270 - INFO - fastread - 287, 1730
2019-02-04 17:09:24,366 - INFO - fastread - 287, 1740
2019-02-04 17:09:24,462 - INFO - fastread - 289, 1750
2019-02-04 17:09:24,557 - INFO - fastread - 291, 1760
2019-02-04 17:09:24,652 - INFO - fastread - 293, 1770
2019-02-04 17:09:24,748 - INFO - fastread - 295, 1780
2019-02-04 17:09:24,844 - INFO - fastread - 297, 1790
2019-02-04 17:09:24,940 - INFO - fastread - 301, 1800
2019-02-04 17:09:25,036 - INFO - fastread - 304, 1810
2019-02-04 17:09:25,131 - INFO - fastread - 305, 1820
2019-02-04 17:09:25,228 - INFO - fastread - 305, 1830
2019-02-04 17:09:25,324 - INFO - fastread - 306, 1840
2019-02-04 17:09:25,420 - INFO - fastread - 307, 1850
2019-02-04 17:09:25,516 - INFO - fastread - 308, 1860
2019-02-04 17:09:25,613 - INFO - fastread - 310, 1870
2019-02-04 17:09:25,709 - INFO - fastread - 311, 1880
2019-02-04 17:09:25,808 - INFO - fastread - 313, 1890
2019-02-04 17:09:25,909 - INFO - fastread - 315, 1900
2019-02-04 17:09:26,009 - INFO - fastread - 316, 1910
2019-02-04 17:09:26,110 - INFO - fastread - 317, 1920
2019-02-04 17:09:26,210 - INFO - fastread - 319, 1930
2019-02-04 17:09:26,310 - INFO - fastread - 322, 1940
2019-02-04 17:09:26,410 - INFO - fastread - 325, 1950
2019-02-04 17:09:26,510 - INFO - fastread - 327, 1960
2019-02-04 17:09:26,610 - INFO - fastread - 328, 1970
2019-02-04 17:09:26,710 - INFO - fastread - 330, 1980
2019-02-04 17:09:26,810 - INFO - fastread - 332, 1990
2019-02-04 17:09:26,910 - INFO - fastread - 334, 2000
2019-02-04 17:09:27,009 - INFO - fastread - 335, 2010
2019-02-04 17:09:27,109 - INFO - fastread - 336, 2020
2019-02-04 17:09:27,209 - INFO - fastread - 337, 2030
2019-02-04 17:09:27,309 - INFO - fastread - 338, 2040
2019-02-04 17:09:27,409 - INFO - fastread - 339, 2050
2019-02-04 17:09:27,509 - INFO - fastread - 340, 2060
2019-02-04 17:09:27,609 - INFO - fastread - 340, 2070
2019-02-04 17:09:27,708 - INFO - fastread - 342, 2080
2019-02-04 17:09:27,807 - INFO - fastread - 342, 2090
2019-02-04 17:09:27,907 - INFO - fastread - 343, 2100
2019-02-04 17:09:28,006 - INFO - fastread - 344, 2110
2019-02-04 17:09:28,105 - INFO - fastread - 345, 2120
2019-02-04 17:09:28,205 - INFO - fastread - 348, 2130
2019-02-04 17:09:28,305 - INFO - fastread - 350, 2140
2019-02-04 17:09:28,404 - INFO - fastread - 351, 2150
2019-02-04 17:09:28,505 - INFO - fastread - 354, 2160
2019-02-04 17:09:28,605 - INFO - fastread - 356, 2170
2019-02-04 17:09:28,704 - INFO - fastread - 356, 2180
2019-02-04 17:09:28,804 - INFO - fastread - 356, 2190
2019-02-04 17:09:28,903 - INFO - fastread - 358, 2200
2019-02-04 17:09:29,002 - INFO - fastread - 359, 2210
2019-02-04 17:09:29,101 - INFO - fastread - 360, 2220
2019-02-04 17:09:29,200 - INFO - fastread - 360, 2230
2019-02-04 17:09:29,299 - INFO - fastread - 361, 2240
2019-02-04 17:09:29,398 - INFO - fastread - 363, 2250
2019-02-04 17:09:29,497 - INFO - fastread - 364, 2260
2019-02-04 17:09:29,596 - INFO - fastread - 365, 2270
2019-02-04 17:09:29,695 - INFO - fastread - 366, 2280
2019-02-04 17:09:29,794 - INFO - fastread - 368, 2290
2019-02-04 17:09:29,893 - INFO - fastread - 370, 2300
2019-02-04 17:09:29,992 - INFO - fastread - 372, 2310
2019-02-04 17:09:30,091 - INFO - fastread - 373, 2320
2019-02-04 17:09:30,190 - INFO - fastread - 374, 2330
2019-02-04 17:09:30,290 - INFO - fastread - 375, 2340
2019-02-04 17:09:30,389 - INFO - fastread - 376, 2350
2019-02-04 17:09:30,489 - INFO - fastread - 377, 2360
2019-02-04 17:09:30,589 - INFO - fastread - 379, 2370
2019-02-04 17:09:30,688 - INFO - fastread - 381, 2380
2019-02-04 17:09:30,787 - INFO - fastread - 383, 2390
2019-02-04 17:09:30,886 - INFO - fastread - 385, 2400
2019-02-04 17:09:30,985 - INFO - fastread - 386, 2410
2019-02-04 17:09:31,084 - INFO - fastread - 387, 2420
2019-02-04 17:09:31,183 - INFO - fastread - 389, 2430
2019-02-04 17:09:31,283 - INFO - fastread - 390, 2440
2019-02-04 17:09:31,382 - INFO - fastread - 391, 2450
2019-02-04 17:09:31,481 - INFO - fastread - 392, 2460
2019-02-04 17:09:31,581 - INFO - fastread - 394, 2470
2019-02-04 17:09:31,680 - INFO - fastread - 395, 2480
2019-02-04 17:09:31,779 - INFO - fastread - 397, 2490
2019-02-04 17:09:31,877 - INFO - fastread - 398, 2500
2019-02-04 17:09:31,977 - INFO - fastread - 400, 2510
2019-02-04 17:09:32,075 - INFO - fastread - 402, 2520
2019-02-04 17:09:32,174 - INFO - fastread - 404, 2530
2019-02-04 17:09:32,273 - INFO - fastread - 407, 2540
2019-02-04 17:09:32,371 - INFO - fastread - 409, 2550
2019-02-04 17:09:32,470 - INFO - fastread - 410, 2560
2019-02-04 17:09:32,569 - INFO - fastread - 413, 2570
2019-02-04 17:09:32,668 - INFO - fastread - 415, 2580
2019-02-04 17:09:32,766 - INFO - fastread - 416, 2590
2019-02-04 17:09:32,865 - INFO - fastread - 419, 2600
2019-02-04 17:09:32,965 - INFO - fastread - 421, 2610
2019-02-04 17:09:33,063 - INFO - fastread - 422, 2620
2019-02-04 17:09:33,162 - INFO - fastread - 424, 2630
2019-02-04 17:09:33,260 - INFO - fastread - 428, 2640
2019-02-04 17:09:33,359 - INFO - fastread - 430, 2650
2019-02-04 17:09:33,457 - INFO - fastread - 432, 2660
2019-02-04 17:09:33,557 - INFO - fastread - 432, 2670
2019-02-04 17:09:33,658 - INFO - fastread - 435, 2680
2019-02-04 17:09:33,759 - INFO - fastread - 435, 2690
2019-02-04 17:09:33,858 - INFO - fastread - 436, 2700
2019-02-04 17:09:33,958 - INFO - fastread - 438, 2710
2019-02-04 17:09:34,058 - INFO - fastread - 439, 2720
2019-02-04 17:09:34,158 - INFO - fastread - 440, 2730
2019-02-04 17:09:34,258 - INFO - fastread - 442, 2740
2019-02-04 17:09:34,357 - INFO - fastread - 443, 2750
2019-02-04 17:09:34,381 - INFO - rig - ++++NEW CLF++++ NBM
2019-02-04 17:09:34,381 - INFO - fastread - Total Yes: 472 | Total No: 2496
2019-02-04 17:09:34,493 - INFO - fastread - 10, 10
2019-02-04 17:09:34,498 - INFO - fastread - 12, 20
2019-02-04 17:09:34,502 - INFO - fastread - 21, 30
2019-02-04 17:09:34,507 - INFO - fastread - 31, 40
2019-02-04 17:09:34,511 - INFO - fastread - 40, 50
2019-02-04 17:09:34,515 - INFO - fastread - 48, 60
2019-02-04 17:09:34,520 - INFO - fastread - 56, 70
2019-02-04 17:09:34,524 - INFO - fastread - 64, 80
2019-02-04 17:09:34,529 - INFO - fastread - 72, 90
2019-02-04 17:09:34,533 - INFO - fastread - 77, 100
2019-02-04 17:09:34,538 - INFO - fastread - 78, 110
2019-02-04 17:09:34,542 - INFO - fastread - 84, 120
2019-02-04 17:09:34,547 - INFO - fastread - 90, 130
2019-02-04 17:09:34,551 - INFO - fastread - 95, 140
2019-02-04 17:09:34,556 - INFO - fastread - 101, 150
2019-02-04 17:09:34,560 - INFO - fastread - 106, 160
2019-02-04 17:09:34,565 - INFO - fastread - 110, 170
2019-02-04 17:09:34,570 - INFO - fastread - 117, 180
2019-02-04 17:09:34,574 - INFO - fastread - 124, 190
2019-02-04 17:09:34,579 - INFO - fastread - 132, 200
2019-02-04 17:09:34,583 - INFO - fastread - 135, 210
2019-02-04 17:09:34,588 - INFO - fastread - 142, 220
2019-02-04 17:09:34,592 - INFO - fastread - 143, 230
2019-02-04 17:09:34,597 - INFO - fastread - 145, 240
2019-02-04 17:09:34,602 - INFO - fastread - 151, 250
2019-02-04 17:09:34,607 - INFO - fastread - 158, 260
2019-02-04 17:09:34,612 - INFO - fastread - 159, 270
2019-02-04 17:09:34,616 - INFO - fastread - 159, 280
2019-02-04 17:09:34,621 - INFO - fastread - 159, 290
2019-02-04 17:09:34,625 - INFO - fastread - 164, 300
2019-02-04 17:09:34,630 - INFO - fastread - 168, 310
2019-02-04 17:09:34,635 - INFO - fastread - 170, 320
2019-02-04 17:09:34,639 - INFO - fastread - 177, 330
2019-02-04 17:09:34,644 - INFO - fastread - 182, 340
2019-02-04 17:09:34,648 - INFO - fastread - 186, 350
2019-02-04 17:09:34,653 - INFO - fastread - 190, 360
2019-02-04 17:09:34,658 - INFO - fastread - 191, 370
2019-02-04 17:09:34,662 - INFO - fastread - 194, 380
2019-02-04 17:09:34,667 - INFO - fastread - 198, 390
2019-02-04 17:09:34,672 - INFO - fastread - 202, 400
2019-02-04 17:09:34,676 - INFO - fastread - 203, 410
2019-02-04 17:09:34,681 - INFO - fastread - 209, 420
2019-02-04 17:09:34,686 - INFO - fastread - 210, 430
2019-02-04 17:09:34,690 - INFO - fastread - 212, 440
2019-02-04 17:09:34,695 - INFO - fastread - 213, 450
2019-02-04 17:09:34,700 - INFO - fastread - 214, 460
2019-02-04 17:09:34,704 - INFO - fastread - 217, 470
2019-02-04 17:09:34,709 - INFO - fastread - 219, 480
2019-02-04 17:09:34,714 - INFO - fastread - 222, 490
2019-02-04 17:09:34,719 - INFO - fastread - 223, 500
2019-02-04 17:09:34,723 - INFO - fastread - 223, 510
2019-02-04 17:09:34,728 - INFO - fastread - 226, 520
2019-02-04 17:09:34,733 - INFO - fastread - 228, 530
2019-02-04 17:09:34,738 - INFO - fastread - 231, 540
2019-02-04 17:09:34,742 - INFO - fastread - 233, 550
2019-02-04 17:09:34,747 - INFO - fastread - 236, 560
2019-02-04 17:09:34,752 - INFO - fastread - 237, 570
2019-02-04 17:09:34,757 - INFO - fastread - 240, 580
2019-02-04 17:09:34,761 - INFO - fastread - 241, 590
2019-02-04 17:09:34,766 - INFO - fastread - 242, 600
2019-02-04 17:09:34,771 - INFO - fastread - 242, 610
2019-02-04 17:09:34,776 - INFO - fastread - 242, 620
2019-02-04 17:09:34,780 - INFO - fastread - 242, 630
2019-02-04 17:09:34,785 - INFO - fastread - 243, 640
2019-02-04 17:09:34,790 - INFO - fastread - 245, 650
2019-02-04 17:09:34,795 - INFO - fastread - 246, 660
2019-02-04 17:09:34,799 - INFO - fastread - 248, 670
2019-02-04 17:09:34,804 - INFO - fastread - 249, 680
2019-02-04 17:09:34,809 - INFO - fastread - 251, 690
2019-02-04 17:09:34,814 - INFO - fastread - 253, 700
2019-02-04 17:09:34,819 - INFO - fastread - 253, 710
2019-02-04 17:09:34,823 - INFO - fastread - 256, 720
2019-02-04 17:09:34,828 - INFO - fastread - 257, 730
2019-02-04 17:09:34,833 - INFO - fastread - 259, 740
2019-02-04 17:09:34,838 - INFO - fastread - 261, 750
2019-02-04 17:09:34,843 - INFO - fastread - 263, 760
2019-02-04 17:09:34,847 - INFO - fastread - 268, 770
2019-02-04 17:09:34,852 - INFO - fastread - 269, 780
2019-02-04 17:09:34,857 - INFO - fastread - 270, 790
2019-02-04 17:09:34,862 - INFO - fastread - 270, 800
2019-02-04 17:09:34,867 - INFO - fastread - 272, 810
2019-02-04 17:09:34,872 - INFO - fastread - 272, 820
2019-02-04 17:09:34,876 - INFO - fastread - 272, 830
2019-02-04 17:09:34,881 - INFO - fastread - 275, 840
2019-02-04 17:09:34,886 - INFO - fastread - 277, 850
2019-02-04 17:09:34,891 - INFO - fastread - 280, 860
2019-02-04 17:09:34,896 - INFO - fastread - 282, 870
2019-02-04 17:09:34,901 - INFO - fastread - 287, 880
2019-02-04 17:09:34,906 - INFO - fastread - 289, 890
2019-02-04 17:09:34,911 - INFO - fastread - 290, 900
2019-02-04 17:09:34,915 - INFO - fastread - 291, 910
2019-02-04 17:09:34,920 - INFO - fastread - 292, 920
2019-02-04 17:09:34,925 - INFO - fastread - 293, 930
2019-02-04 17:09:34,930 - INFO - fastread - 294, 940
2019-02-04 17:09:34,935 - INFO - fastread - 294, 950
2019-02-04 17:09:34,940 - INFO - fastread - 297, 960
2019-02-04 17:09:34,945 - INFO - fastread - 297, 970
2019-02-04 17:09:34,950 - INFO - fastread - 300, 980
2019-02-04 17:09:34,954 - INFO - fastread - 300, 990
2019-02-04 17:09:34,959 - INFO - fastread - 301, 1000
2019-02-04 17:09:34,964 - INFO - fastread - 304, 1010
2019-02-04 17:09:34,969 - INFO - fastread - 307, 1020
2019-02-04 17:09:34,974 - INFO - fastread - 308, 1030
2019-02-04 17:09:34,979 - INFO - fastread - 309, 1040
2019-02-04 17:09:34,984 - INFO - fastread - 310, 1050
2019-02-04 17:09:34,989 - INFO - fastread - 313, 1060
2019-02-04 17:09:34,994 - INFO - fastread - 313, 1070
2019-02-04 17:09:34,999 - INFO - fastread - 315, 1080
2019-02-04 17:09:35,004 - INFO - fastread - 315, 1090
2019-02-04 17:09:35,009 - INFO - fastread - 319, 1100
2019-02-04 17:09:35,014 - INFO - fastread - 320, 1110
2019-02-04 17:09:35,019 - INFO - fastread - 320, 1120
2019-02-04 17:09:35,023 - INFO - fastread - 323, 1130
2019-02-04 17:09:35,029 - INFO - fastread - 324, 1140
2019-02-04 17:09:35,033 - INFO - fastread - 325, 1150
2019-02-04 17:09:35,039 - INFO - fastread - 327, 1160
2019-02-04 17:09:35,044 - INFO - fastread - 329, 1170
2019-02-04 17:09:35,049 - INFO - fastread - 332, 1180
2019-02-04 17:09:35,054 - INFO - fastread - 335, 1190
2019-02-04 17:09:35,059 - INFO - fastread - 343, 1200
2019-02-04 17:09:35,063 - INFO - fastread - 343, 1210
2019-02-04 17:09:35,068 - INFO - fastread - 345, 1220
2019-02-04 17:09:35,073 - INFO - fastread - 349, 1230
2019-02-04 17:09:35,078 - INFO - fastread - 349, 1240
2019-02-04 17:09:35,083 - INFO - fastread - 349, 1250
2019-02-04 17:09:35,088 - INFO - fastread - 349, 1260
2019-02-04 17:09:35,093 - INFO - fastread - 349, 1270
2019-02-04 17:09:35,098 - INFO - fastread - 349, 1280
2019-02-04 17:09:35,103 - INFO - fastread - 352, 1290
2019-02-04 17:09:35,109 - INFO - fastread - 352, 1300
2019-02-04 17:09:35,114 - INFO - fastread - 353, 1310
2019-02-04 17:09:35,119 - INFO - fastread - 355, 1320
2019-02-04 17:09:35,124 - INFO - fastread - 357, 1330
2019-02-04 17:09:35,129 - INFO - fastread - 361, 1340
2019-02-04 17:09:35,134 - INFO - fastread - 361, 1350
2019-02-04 17:09:35,139 - INFO - fastread - 361, 1360
2019-02-04 17:09:35,144 - INFO - fastread - 361, 1370
2019-02-04 17:09:35,149 - INFO - fastread - 362, 1380
2019-02-04 17:09:35,154 - INFO - fastread - 362, 1390
2019-02-04 17:09:35,159 - INFO - fastread - 362, 1400
2019-02-04 17:09:35,164 - INFO - fastread - 362, 1410
2019-02-04 17:09:35,169 - INFO - fastread - 364, 1420
2019-02-04 17:09:35,174 - INFO - fastread - 364, 1430
2019-02-04 17:09:35,179 - INFO - fastread - 366, 1440
2019-02-04 17:09:35,184 - INFO - fastread - 366, 1450
2019-02-04 17:09:35,190 - INFO - fastread - 368, 1460
2019-02-04 17:09:35,195 - INFO - fastread - 371, 1470
2019-02-04 17:09:35,200 - INFO - fastread - 375, 1480
2019-02-04 17:09:35,205 - INFO - fastread - 377, 1490
2019-02-04 17:09:35,210 - INFO - fastread - 377, 1500
2019-02-04 17:09:35,215 - INFO - fastread - 379, 1510
2019-02-04 17:09:35,220 - INFO - fastread - 379, 1520
2019-02-04 17:09:35,225 - INFO - fastread - 380, 1530
2019-02-04 17:09:35,231 - INFO - fastread - 382, 1540
2019-02-04 17:09:35,236 - INFO - fastread - 382, 1550
2019-02-04 17:09:35,241 - INFO - fastread - 383, 1560
2019-02-04 17:09:35,246 - INFO - fastread - 385, 1570
2019-02-04 17:09:35,251 - INFO - fastread - 385, 1580
2019-02-04 17:09:35,256 - INFO - fastread - 386, 1590
2019-02-04 17:09:35,261 - INFO - fastread - 388, 1600
2019-02-04 17:09:35,267 - INFO - fastread - 389, 1610
2019-02-04 17:09:35,272 - INFO - fastread - 390, 1620
2019-02-04 17:09:35,277 - INFO - fastread - 392, 1630
2019-02-04 17:09:35,282 - INFO - fastread - 393, 1640
2019-02-04 17:09:35,288 - INFO - fastread - 393, 1650
2019-02-04 17:09:35,293 - INFO - fastread - 393, 1660
2019-02-04 17:09:35,298 - INFO - fastread - 395, 1670
2019-02-04 17:09:35,303 - INFO - fastread - 397, 1680
2019-02-04 17:09:35,308 - INFO - fastread - 399, 1690
2019-02-04 17:09:35,313 - INFO - fastread - 402, 1700
2019-02-04 17:09:35,319 - INFO - fastread - 404, 1710
2019-02-04 17:09:35,324 - INFO - fastread - 406, 1720
2019-02-04 17:09:35,329 - INFO - fastread - 406, 1730
2019-02-04 17:09:35,334 - INFO - fastread - 406, 1740
2019-02-04 17:09:35,339 - INFO - fastread - 406, 1750
2019-02-04 17:09:35,345 - INFO - fastread - 407, 1760
2019-02-04 17:09:35,350 - INFO - fastread - 408, 1770
2019-02-04 17:09:35,355 - INFO - fastread - 408, 1780
2019-02-04 17:09:35,360 - INFO - fastread - 409, 1790
2019-02-04 17:09:35,366 - INFO - fastread - 412, 1800
2019-02-04 17:09:35,371 - INFO - fastread - 412, 1810
2019-02-04 17:09:35,376 - INFO - fastread - 412, 1820
2019-02-04 17:09:35,382 - INFO - fastread - 412, 1830
2019-02-04 17:09:35,387 - INFO - fastread - 412, 1840
2019-02-04 17:09:35,392 - INFO - fastread - 413, 1850
2019-02-04 17:09:35,397 - INFO - fastread - 413, 1860
2019-02-04 17:09:35,403 - INFO - fastread - 414, 1870
2019-02-04 17:09:35,408 - INFO - fastread - 416, 1880
2019-02-04 17:09:35,413 - INFO - fastread - 416, 1890
2019-02-04 17:09:35,418 - INFO - fastread - 418, 1900
2019-02-04 17:09:35,424 - INFO - fastread - 419, 1910
2019-02-04 17:09:35,429 - INFO - fastread - 419, 1920
2019-02-04 17:09:35,435 - INFO - fastread - 419, 1930
2019-02-04 17:09:35,440 - INFO - fastread - 419, 1940
2019-02-04 17:09:35,445 - INFO - fastread - 422, 1950
2019-02-04 17:09:35,451 - INFO - fastread - 422, 1960
2019-02-04 17:09:35,456 - INFO - fastread - 423, 1970
2019-02-04 17:09:35,461 - INFO - fastread - 427, 1980
2019-02-04 17:09:35,467 - INFO - fastread - 428, 1990
2019-02-04 17:09:35,472 - INFO - fastread - 428, 2000
2019-02-04 17:09:35,478 - INFO - fastread - 428, 2010
2019-02-04 17:09:35,483 - INFO - fastread - 428, 2020
2019-02-04 17:09:35,488 - INFO - fastread - 429, 2030
2019-02-04 17:09:35,494 - INFO - fastread - 430, 2040
2019-02-04 17:09:35,499 - INFO - fastread - 430, 2050
2019-02-04 17:09:35,504 - INFO - fastread - 430, 2060
2019-02-04 17:09:35,509 - INFO - fastread - 430, 2070
2019-02-04 17:09:35,515 - INFO - fastread - 430, 2080
2019-02-04 17:09:35,520 - INFO - fastread - 431, 2090
2019-02-04 17:09:35,525 - INFO - fastread - 431, 2100
2019-02-04 17:09:35,531 - INFO - fastread - 431, 2110
2019-02-04 17:09:35,536 - INFO - fastread - 434, 2120
2019-02-04 17:09:35,542 - INFO - fastread - 435, 2130
2019-02-04 17:09:35,547 - INFO - fastread - 435, 2140
2019-02-04 17:09:35,553 - INFO - fastread - 437, 2150
2019-02-04 17:09:35,558 - INFO - fastread - 437, 2160
2019-02-04 17:09:35,564 - INFO - fastread - 437, 2170
2019-02-04 17:09:35,569 - INFO - fastread - 438, 2180
2019-02-04 17:09:35,574 - INFO - fastread - 438, 2190
2019-02-04 17:09:35,580 - INFO - fastread - 438, 2200
2019-02-04 17:09:35,585 - INFO - fastread - 438, 2210
2019-02-04 17:09:35,591 - INFO - fastread - 439, 2220
2019-02-04 17:09:35,596 - INFO - fastread - 441, 2230
2019-02-04 17:09:35,601 - INFO - fastread - 442, 2240
2019-02-04 17:09:35,607 - INFO - fastread - 443, 2250
2019-02-04 17:09:35,612 - INFO - fastread - 444, 2260
2019-02-04 17:09:35,618 - INFO - fastread - 445, 2270
2019-02-04 17:09:35,623 - INFO - fastread - 445, 2280
2019-02-04 17:09:35,628 - INFO - fastread - 445, 2290
2019-02-04 17:09:35,634 - INFO - fastread - 446, 2300
2019-02-04 17:09:35,639 - INFO - fastread - 448, 2310
2019-02-04 17:09:35,645 - INFO - fastread - 449, 2320
2019-02-04 17:09:35,650 - INFO - fastread - 449, 2330
2019-02-04 17:09:35,656 - INFO - fastread - 449, 2340
2019-02-04 17:09:35,661 - INFO - fastread - 450, 2350
2019-02-04 17:09:35,667 - INFO - fastread - 451, 2360
2019-02-04 17:09:35,673 - INFO - fastread - 452, 2370
2019-02-04 17:09:35,678 - INFO - fastread - 452, 2380
2019-02-04 17:09:35,684 - INFO - fastread - 452, 2390
2019-02-04 17:09:35,689 - INFO - fastread - 452, 2400
2019-02-04 17:09:35,695 - INFO - fastread - 452, 2410
2019-02-04 17:09:35,700 - INFO - fastread - 452, 2420
2019-02-04 17:09:35,706 - INFO - fastread - 452, 2430
2019-02-04 17:09:35,711 - INFO - fastread - 452, 2440
2019-02-04 17:09:35,717 - INFO - fastread - 452, 2450
2019-02-04 17:09:35,722 - INFO - fastread - 452, 2460
2019-02-04 17:09:35,728 - INFO - fastread - 455, 2470
2019-02-04 17:09:35,733 - INFO - fastread - 455, 2480
2019-02-04 17:09:35,739 - INFO - fastread - 455, 2490
2019-02-04 17:09:35,744 - INFO - fastread - 455, 2500
2019-02-04 17:09:35,750 - INFO - fastread - 456, 2510
2019-02-04 17:09:35,755 - INFO - fastread - 456, 2520
2019-02-04 17:09:35,761 - INFO - fastread - 458, 2530
2019-02-04 17:09:35,766 - INFO - fastread - 458, 2540
2019-02-04 17:09:35,772 - INFO - fastread - 458, 2550
2019-02-04 17:09:35,778 - INFO - fastread - 458, 2560
2019-02-04 17:09:35,783 - INFO - fastread - 458, 2570
2019-02-04 17:09:35,789 - INFO - fastread - 458, 2580
2019-02-04 17:09:35,794 - INFO - fastread - 459, 2590
2019-02-04 17:09:35,800 - INFO - fastread - 459, 2600
2019-02-04 17:09:35,805 - INFO - fastread - 459, 2610
2019-02-04 17:09:35,811 - INFO - fastread - 459, 2620
2019-02-04 17:09:35,817 - INFO - fastread - 459, 2630
2019-02-04 17:09:35,822 - INFO - fastread - 459, 2640
2019-02-04 17:09:35,828 - INFO - fastread - 459, 2650
2019-02-04 17:09:35,834 - INFO - fastread - 460, 2660
2019-02-04 17:09:35,840 - INFO - fastread - 460, 2670
2019-02-04 17:09:35,845 - INFO - fastread - 460, 2680
2019-02-04 17:09:35,851 - INFO - fastread - 460, 2690
2019-02-04 17:09:35,857 - INFO - fastread - 461, 2700
2019-02-04 17:09:35,862 - INFO - fastread - 462, 2710
2019-02-04 17:09:35,868 - INFO - fastread - 462, 2720
2019-02-04 17:09:35,874 - INFO - fastread - 462, 2730
2019-02-04 17:09:35,879 - INFO - fastread - 462, 2740
2019-02-04 17:09:35,885 - INFO - fastread - 462, 2750
2019-02-04 17:09:35,891 - INFO - fastread - 462, 2760
2019-02-04 17:09:35,896 - INFO - fastread - 462, 2770
2019-02-04 17:09:35,902 - INFO - fastread - 462, 2780
2019-02-04 17:09:35,908 - INFO - fastread - 462, 2790
2019-02-04 17:09:35,914 - INFO - fastread - 462, 2800
2019-02-04 17:09:35,919 - INFO - fastread - 462, 2810
2019-02-04 17:09:35,925 - INFO - fastread - 462, 2820
2019-02-04 17:09:35,931 - INFO - fastread - 464, 2830
2019-02-04 17:09:35,936 - INFO - fastread - 465, 2840
2019-02-04 17:09:35,942 - INFO - fastread - 465, 2850
2019-02-04 17:09:35,948 - INFO - fastread - 466, 2860
2019-02-04 17:09:35,953 - INFO - fastread - 466, 2870
2019-02-04 17:09:35,959 - INFO - fastread - 466, 2880
2019-02-04 17:09:35,965 - INFO - fastread - 466, 2890
2019-02-04 17:09:35,970 - INFO - fastread - 466, 2900
2019-02-04 17:09:35,976 - INFO - fastread - 466, 2910
2019-02-04 17:09:35,982 - INFO - fastread - 466, 2920
2019-02-04 17:09:35,987 - INFO - fastread - 467, 2930
2019-02-04 17:09:35,993 - INFO - fastread - 470, 2940
2019-02-04 17:09:35,999 - INFO - fastread - 472, 2950
2019-02-04 17:09:36,004 - INFO - fastread - 472, 2960
2019-02-04 17:09:36,025 - INFO - rig - ++++NEW CLF++++ KNN
2019-02-04 17:09:36,025 - INFO - fastread - Total Yes: 472 | Total No: 2496
2019-02-04 17:09:50,722 - INFO - fastread - 8, 10
2019-02-04 17:09:50,727 - INFO - fastread - 15, 20
2019-02-04 17:09:50,731 - INFO - fastread - 22, 30
2019-02-04 17:09:50,735 - INFO - fastread - 30, 40
2019-02-04 17:09:50,740 - INFO - fastread - 39, 50
2019-02-04 17:09:50,744 - INFO - fastread - 45, 60
2019-02-04 17:09:50,748 - INFO - fastread - 47, 70
2019-02-04 17:09:50,753 - INFO - fastread - 52, 80
2019-02-04 17:09:50,757 - INFO - fastread - 56, 90
2019-02-04 17:09:50,761 - INFO - fastread - 58, 100
2019-02-04 17:09:50,766 - INFO - fastread - 63, 110
2019-02-04 17:09:50,770 - INFO - fastread - 67, 120
2019-02-04 17:09:50,774 - INFO - fastread - 69, 130
2019-02-04 17:09:50,779 - INFO - fastread - 72, 140
2019-02-04 17:09:50,783 - INFO - fastread - 74, 150
2019-02-04 17:09:50,787 - INFO - fastread - 76, 160
2019-02-04 17:09:50,792 - INFO - fastread - 77, 170
2019-02-04 17:09:50,796 - INFO - fastread - 77, 180
2019-02-04 17:09:50,801 - INFO - fastread - 78, 190
2019-02-04 17:09:50,805 - INFO - fastread - 78, 200
2019-02-04 17:09:50,809 - INFO - fastread - 80, 210
2019-02-04 17:09:50,814 - INFO - fastread - 81, 220
2019-02-04 17:09:50,818 - INFO - fastread - 82, 230
2019-02-04 17:09:50,822 - INFO - fastread - 87, 240
2019-02-04 17:09:50,827 - INFO - fastread - 87, 250
2019-02-04 17:09:50,831 - INFO - fastread - 88, 260
2019-02-04 17:09:50,835 - INFO - fastread - 93, 270
2019-02-04 17:09:50,840 - INFO - fastread - 93, 280
2019-02-04 17:09:50,844 - INFO - fastread - 98, 290
2019-02-04 17:09:50,849 - INFO - fastread - 101, 300
2019-02-04 17:09:50,853 - INFO - fastread - 102, 310
2019-02-04 17:09:50,858 - INFO - fastread - 102, 320
2019-02-04 17:09:50,862 - INFO - fastread - 102, 330
2019-02-04 17:09:50,866 - INFO - fastread - 103, 340
2019-02-04 17:09:50,871 - INFO - fastread - 103, 350
2019-02-04 17:09:50,875 - INFO - fastread - 104, 360
2019-02-04 17:09:50,880 - INFO - fastread - 105, 370
2019-02-04 17:09:50,884 - INFO - fastread - 105, 380
2019-02-04 17:09:50,889 - INFO - fastread - 106, 390
2019-02-04 17:09:50,893 - INFO - fastread - 109, 400
2019-02-04 17:09:50,898 - INFO - fastread - 110, 410
2019-02-04 17:09:50,902 - INFO - fastread - 111, 420
2019-02-04 17:09:50,906 - INFO - fastread - 113, 430
2019-02-04 17:09:50,911 - INFO - fastread - 113, 440
2019-02-04 17:09:50,915 - INFO - fastread - 113, 450
2019-02-04 17:09:50,920 - INFO - fastread - 113, 460
2019-02-04 17:09:50,924 - INFO - fastread - 116, 470
2019-02-04 17:09:50,929 - INFO - fastread - 116, 480
2019-02-04 17:09:50,933 - INFO - fastread - 120, 490
2019-02-04 17:09:50,938 - INFO - fastread - 122, 500
2019-02-04 17:09:50,942 - INFO - fastread - 122, 510
2019-02-04 17:09:50,947 - INFO - fastread - 122, 520
2019-02-04 17:09:50,951 - INFO - fastread - 125, 530
2019-02-04 17:09:50,956 - INFO - fastread - 127, 540
2019-02-04 17:09:50,960 - INFO - fastread - 130, 550
2019-02-04 17:09:50,965 - INFO - fastread - 132, 560
2019-02-04 17:09:50,969 - INFO - fastread - 135, 570
2019-02-04 17:09:50,974 - INFO - fastread - 137, 580
2019-02-04 17:09:50,978 - INFO - fastread - 137, 590
2019-02-04 17:09:50,983 - INFO - fastread - 139, 600
2019-02-04 17:09:50,987 - INFO - fastread - 141, 610
2019-02-04 17:09:50,992 - INFO - fastread - 142, 620
2019-02-04 17:09:50,996 - INFO - fastread - 143, 630
2019-02-04 17:09:51,001 - INFO - fastread - 143, 640
2019-02-04 17:09:51,005 - INFO - fastread - 144, 650
2019-02-04 17:09:51,010 - INFO - fastread - 148, 660
2019-02-04 17:09:51,014 - INFO - fastread - 150, 670
2019-02-04 17:09:51,018 - INFO - fastread - 151, 680
2019-02-04 17:09:51,023 - INFO - fastread - 153, 690
2019-02-04 17:09:51,027 - INFO - fastread - 155, 700
2019-02-04 17:09:51,032 - INFO - fastread - 157, 710
2019-02-04 17:09:51,037 - INFO - fastread - 157, 720
2019-02-04 17:09:51,041 - INFO - fastread - 159, 730
2019-02-04 17:09:51,045 - INFO - fastread - 161, 740
2019-02-04 17:09:51,050 - INFO - fastread - 163, 750
2019-02-04 17:09:51,054 - INFO - fastread - 164, 760
2019-02-04 17:09:51,059 - INFO - fastread - 165, 770
2019-02-04 17:09:51,063 - INFO - fastread - 166, 780
2019-02-04 17:09:51,068 - INFO - fastread - 167, 790
2019-02-04 17:09:51,073 - INFO - fastread - 167, 800
2019-02-04 17:09:51,077 - INFO - fastread - 169, 810
2019-02-04 17:09:51,082 - INFO - fastread - 172, 820
2019-02-04 17:09:51,086 - INFO - fastread - 172, 830
2019-02-04 17:09:51,091 - INFO - fastread - 175, 840
2019-02-04 17:09:51,096 - INFO - fastread - 176, 850
2019-02-04 17:09:51,100 - INFO - fastread - 177, 860
2019-02-04 17:09:51,105 - INFO - fastread - 177, 870
2019-02-04 17:09:51,110 - INFO - fastread - 180, 880
2019-02-04 17:09:51,114 - INFO - fastread - 180, 890
2019-02-04 17:09:51,119 - INFO - fastread - 181, 900
2019-02-04 17:09:51,124 - INFO - fastread - 182, 910
2019-02-04 17:09:51,128 - INFO - fastread - 182, 920
2019-02-04 17:09:51,133 - INFO - fastread - 182, 930
2019-02-04 17:09:51,138 - INFO - fastread - 183, 940
2019-02-04 17:09:51,142 - INFO - fastread - 184, 950
2019-02-04 17:09:51,147 - INFO - fastread - 187, 960
2019-02-04 17:09:51,152 - INFO - fastread - 187, 970
2019-02-04 17:09:51,156 - INFO - fastread - 188, 980
2019-02-04 17:09:51,161 - INFO - fastread - 189, 990
2019-02-04 17:09:51,166 - INFO - fastread - 190, 1000
2019-02-04 17:09:51,170 - INFO - fastread - 190, 1010
2019-02-04 17:09:51,175 - INFO - fastread - 192, 1020
2019-02-04 17:09:51,180 - INFO - fastread - 195, 1030
2019-02-04 17:09:51,184 - INFO - fastread - 195, 1040
2019-02-04 17:09:51,189 - INFO - fastread - 197, 1050
2019-02-04 17:09:51,193 - INFO - fastread - 200, 1060
2019-02-04 17:09:51,198 - INFO - fastread - 202, 1070
2019-02-04 17:09:51,203 - INFO - fastread - 203, 1080
2019-02-04 17:09:51,207 - INFO - fastread - 205, 1090
2019-02-04 17:09:51,212 - INFO - fastread - 205, 1100
2019-02-04 17:09:51,217 - INFO - fastread - 207, 1110
2019-02-04 17:09:51,221 - INFO - fastread - 207, 1120
2019-02-04 17:09:51,226 - INFO - fastread - 207, 1130
2019-02-04 17:09:51,231 - INFO - fastread - 209, 1140
2019-02-04 17:09:51,236 - INFO - fastread - 212, 1150
2019-02-04 17:09:51,241 - INFO - fastread - 213, 1160
2019-02-04 17:09:51,245 - INFO - fastread - 215, 1170
2019-02-04 17:09:51,250 - INFO - fastread - 216, 1180
2019-02-04 17:09:51,255 - INFO - fastread - 217, 1190
2019-02-04 17:09:51,259 - INFO - fastread - 221, 1200
2019-02-04 17:09:51,264 - INFO - fastread - 222, 1210
2019-02-04 17:09:51,269 - INFO - fastread - 225, 1220
2019-02-04 17:09:51,274 - INFO - fastread - 228, 1230
2019-02-04 17:09:51,278 - INFO - fastread - 229, 1240
2019-02-04 17:09:51,283 - INFO - fastread - 230, 1250
2019-02-04 17:09:51,288 - INFO - fastread - 231, 1260
2019-02-04 17:09:51,292 - INFO - fastread - 233, 1270
2019-02-04 17:09:51,297 - INFO - fastread - 236, 1280
2019-02-04 17:09:51,302 - INFO - fastread - 238, 1290
2019-02-04 17:09:51,307 - INFO - fastread - 241, 1300
2019-02-04 17:09:51,311 - INFO - fastread - 243, 1310
2019-02-04 17:09:51,316 - INFO - fastread - 245, 1320
2019-02-04 17:09:51,321 - INFO - fastread - 245, 1330
2019-02-04 17:09:51,326 - INFO - fastread - 245, 1340
2019-02-04 17:09:51,330 - INFO - fastread - 246, 1350
2019-02-04 17:09:51,335 - INFO - fastread - 248, 1360
2019-02-04 17:09:51,340 - INFO - fastread - 250, 1370
2019-02-04 17:09:51,344 - INFO - fastread - 251, 1380
2019-02-04 17:09:51,349 - INFO - fastread - 252, 1390
2019-02-04 17:09:51,354 - INFO - fastread - 252, 1400
2019-02-04 17:09:51,359 - INFO - fastread - 252, 1410
2019-02-04 17:09:51,363 - INFO - fastread - 256, 1420
2019-02-04 17:09:51,368 - INFO - fastread - 260, 1430
2019-02-04 17:09:51,373 - INFO - fastread - 263, 1440
2019-02-04 17:09:51,378 - INFO - fastread - 265, 1450
2019-02-04 17:09:51,382 - INFO - fastread - 265, 1460
2019-02-04 17:09:51,387 - INFO - fastread - 267, 1470
2019-02-04 17:09:51,392 - INFO - fastread - 269, 1480
2019-02-04 17:09:51,397 - INFO - fastread - 270, 1490
2019-02-04 17:09:51,402 - INFO - fastread - 274, 1500
2019-02-04 17:09:51,407 - INFO - fastread - 274, 1510
2019-02-04 17:09:51,411 - INFO - fastread - 276, 1520
2019-02-04 17:09:51,416 - INFO - fastread - 276, 1530
2019-02-04 17:09:51,421 - INFO - fastread - 278, 1540
2019-02-04 17:09:51,426 - INFO - fastread - 282, 1550
2019-02-04 17:09:51,431 - INFO - fastread - 284, 1560
2019-02-04 17:09:51,436 - INFO - fastread - 286, 1570
2019-02-04 17:09:51,441 - INFO - fastread - 286, 1580
2019-02-04 17:09:51,446 - INFO - fastread - 286, 1590
2019-02-04 17:09:51,450 - INFO - fastread - 286, 1600
2019-02-04 17:09:51,455 - INFO - fastread - 288, 1610
2019-02-04 17:09:51,460 - INFO - fastread - 288, 1620
2019-02-04 17:09:51,465 - INFO - fastread - 289, 1630
2019-02-04 17:09:51,470 - INFO - fastread - 290, 1640
2019-02-04 17:09:51,475 - INFO - fastread - 290, 1650
2019-02-04 17:09:51,479 - INFO - fastread - 291, 1660
2019-02-04 17:09:51,484 - INFO - fastread - 291, 1670
2019-02-04 17:09:51,489 - INFO - fastread - 292, 1680
2019-02-04 17:09:51,494 - INFO - fastread - 294, 1690
2019-02-04 17:09:51,499 - INFO - fastread - 294, 1700
2019-02-04 17:09:51,504 - INFO - fastread - 295, 1710
2019-02-04 17:09:51,509 - INFO - fastread - 296, 1720
2019-02-04 17:09:51,514 - INFO - fastread - 298, 1730
2019-02-04 17:09:51,519 - INFO - fastread - 300, 1740
2019-02-04 17:09:51,524 - INFO - fastread - 300, 1750
2019-02-04 17:09:51,529 - INFO - fastread - 302, 1760
2019-02-04 17:09:51,534 - INFO - fastread - 302, 1770
2019-02-04 17:09:51,538 - INFO - fastread - 303, 1780
2019-02-04 17:09:51,543 - INFO - fastread - 303, 1790
2019-02-04 17:09:51,548 - INFO - fastread - 305, 1800
2019-02-04 17:09:51,553 - INFO - fastread - 306, 1810
2019-02-04 17:09:51,558 - INFO - fastread - 308, 1820
2019-02-04 17:09:51,563 - INFO - fastread - 310, 1830
2019-02-04 17:09:51,568 - INFO - fastread - 314, 1840
2019-02-04 17:09:51,573 - INFO - fastread - 316, 1850
2019-02-04 17:09:51,578 - INFO - fastread - 319, 1860
2019-02-04 17:09:51,582 - INFO - fastread - 321, 1870
2019-02-04 17:09:51,587 - INFO - fastread - 322, 1880
2019-02-04 17:09:51,592 - INFO - fastread - 323, 1890
2019-02-04 17:09:51,597 - INFO - fastread - 323, 1900
2019-02-04 17:09:51,602 - INFO - fastread - 325, 1910
2019-02-04 17:09:51,607 - INFO - fastread - 329, 1920
2019-02-04 17:09:51,612 - INFO - fastread - 330, 1930
2019-02-04 17:09:51,617 - INFO - fastread - 332, 1940
2019-02-04 17:09:51,622 - INFO - fastread - 332, 1950
2019-02-04 17:09:51,627 - INFO - fastread - 334, 1960
2019-02-04 17:09:51,632 - INFO - fastread - 336, 1970
2019-02-04 17:09:51,637 - INFO - fastread - 336, 1980
2019-02-04 17:09:51,642 - INFO - fastread - 337, 1990
2019-02-04 17:09:51,646 - INFO - fastread - 337, 2000
2019-02-04 17:09:51,651 - INFO - fastread - 339, 2010
2019-02-04 17:09:51,656 - INFO - fastread - 341, 2020
2019-02-04 17:09:51,662 - INFO - fastread - 343, 2030
2019-02-04 17:09:51,667 - INFO - fastread - 347, 2040
2019-02-04 17:09:51,672 - INFO - fastread - 347, 2050
2019-02-04 17:09:51,677 - INFO - fastread - 350, 2060
2019-02-04 17:09:51,682 - INFO - fastread - 353, 2070
2019-02-04 17:09:51,686 - INFO - fastread - 356, 2080
2019-02-04 17:09:51,692 - INFO - fastread - 357, 2090
2019-02-04 17:09:51,697 - INFO - fastread - 357, 2100
2019-02-04 17:09:51,702 - INFO - fastread - 358, 2110
2019-02-04 17:09:51,707 - INFO - fastread - 359, 2120
2019-02-04 17:09:51,712 - INFO - fastread - 362, 2130
2019-02-04 17:09:51,717 - INFO - fastread - 364, 2140
2019-02-04 17:09:51,722 - INFO - fastread - 365, 2150
2019-02-04 17:09:51,727 - INFO - fastread - 365, 2160
2019-02-04 17:09:51,732 - INFO - fastread - 367, 2170
2019-02-04 17:09:51,737 - INFO - fastread - 368, 2180
2019-02-04 17:09:51,742 - INFO - fastread - 369, 2190
2019-02-04 17:09:51,747 - INFO - fastread - 372, 2200
2019-02-04 17:09:51,752 - INFO - fastread - 372, 2210
2019-02-04 17:09:51,757 - INFO - fastread - 375, 2220
2019-02-04 17:09:51,762 - INFO - fastread - 377, 2230
2019-02-04 17:09:51,767 - INFO - fastread - 380, 2240
2019-02-04 17:09:51,772 - INFO - fastread - 380, 2250
2019-02-04 17:09:51,777 - INFO - fastread - 381, 2260
2019-02-04 17:09:51,782 - INFO - fastread - 383, 2270
2019-02-04 17:09:51,787 - INFO - fastread - 385, 2280
2019-02-04 17:09:51,793 - INFO - fastread - 387, 2290
2019-02-04 17:09:51,798 - INFO - fastread - 388, 2300
2019-02-04 17:09:51,803 - INFO - fastread - 388, 2310
2019-02-04 17:09:51,808 - INFO - fastread - 390, 2320
2019-02-04 17:09:51,813 - INFO - fastread - 391, 2330
2019-02-04 17:09:51,818 - INFO - fastread - 392, 2340
2019-02-04 17:09:51,823 - INFO - fastread - 395, 2350
2019-02-04 17:09:51,828 - INFO - fastread - 396, 2360
2019-02-04 17:09:51,833 - INFO - fastread - 397, 2370
2019-02-04 17:09:51,838 - INFO - fastread - 398, 2380
2019-02-04 17:09:51,843 - INFO - fastread - 399, 2390
2019-02-04 17:09:51,848 - INFO - fastread - 399, 2400
2019-02-04 17:09:51,853 - INFO - fastread - 401, 2410
2019-02-04 17:09:51,858 - INFO - fastread - 403, 2420
2019-02-04 17:09:51,863 - INFO - fastread - 404, 2430
2019-02-04 17:09:51,868 - INFO - fastread - 408, 2440
2019-02-04 17:09:51,873 - INFO - fastread - 408, 2450
2019-02-04 17:09:51,878 - INFO - fastread - 410, 2460
2019-02-04 17:09:51,884 - INFO - fastread - 410, 2470
2019-02-04 17:09:51,889 - INFO - fastread - 410, 2480
2019-02-04 17:09:51,894 - INFO - fastread - 412, 2490
2019-02-04 17:09:51,899 - INFO - fastread - 413, 2500
2019-02-04 17:09:51,904 - INFO - fastread - 414, 2510
2019-02-04 17:09:51,909 - INFO - fastread - 417, 2520
2019-02-04 17:09:51,914 - INFO - fastread - 419, 2530
2019-02-04 17:09:51,919 - INFO - fastread - 419, 2540
2019-02-04 17:09:51,924 - INFO - fastread - 419, 2550
2019-02-04 17:09:51,930 - INFO - fastread - 419, 2560
2019-02-04 17:09:51,935 - INFO - fastread - 421, 2570
2019-02-04 17:09:51,940 - INFO - fastread - 422, 2580
2019-02-04 17:09:51,945 - INFO - fastread - 424, 2590
2019-02-04 17:09:51,950 - INFO - fastread - 425, 2600
2019-02-04 17:09:51,956 - INFO - fastread - 427, 2610
2019-02-04 17:09:51,961 - INFO - fastread - 428, 2620
2019-02-04 17:09:51,966 - INFO - fastread - 428, 2630
2019-02-04 17:09:51,971 - INFO - fastread - 429, 2640
2019-02-04 17:09:51,977 - INFO - fastread - 430, 2650
2019-02-04 17:09:51,982 - INFO - fastread - 430, 2660
2019-02-04 17:09:51,987 - INFO - fastread - 430, 2670
2019-02-04 17:09:51,992 - INFO - fastread - 430, 2680
2019-02-04 17:09:51,998 - INFO - fastread - 432, 2690
2019-02-04 17:09:52,003 - INFO - fastread - 435, 2700
2019-02-04 17:09:52,008 - INFO - fastread - 437, 2710
2019-02-04 17:09:52,013 - INFO - fastread - 439, 2720
2019-02-04 17:09:52,018 - INFO - fastread - 440, 2730
2019-02-04 17:09:52,024 - INFO - fastread - 441, 2740
2019-02-04 17:09:52,029 - INFO - fastread - 443, 2750
2019-02-04 17:09:52,034 - INFO - fastread - 447, 2760
2019-02-04 17:09:52,039 - INFO - fastread - 449, 2770
2019-02-04 17:09:52,045 - INFO - fastread - 450, 2780
2019-02-04 17:09:52,050 - INFO - fastread - 451, 2790
2019-02-04 17:09:52,055 - INFO - fastread - 451, 2800
2019-02-04 17:09:52,060 - INFO - fastread - 453, 2810
2019-02-04 17:09:52,066 - INFO - fastread - 456, 2820
2019-02-04 17:09:52,071 - INFO - fastread - 457, 2830
2019-02-04 17:09:52,076 - INFO - fastread - 458, 2840
2019-02-04 17:09:52,081 - INFO - fastread - 460, 2850
2019-02-04 17:09:52,086 - INFO - fastread - 461, 2860
2019-02-04 17:09:52,091 - INFO - fastread - 462, 2870
2019-02-04 17:09:52,097 - INFO - fastread - 462, 2880
2019-02-04 17:09:52,102 - INFO - fastread - 462, 2890
2019-02-04 17:09:52,107 - INFO - fastread - 465, 2900
2019-02-04 17:09:52,113 - INFO - fastread - 466, 2910
2019-02-04 17:09:52,118 - INFO - fastread - 467, 2920
2019-02-04 17:09:52,124 - INFO - fastread - 468, 2930
2019-02-04 17:09:52,129 - INFO - fastread - 471, 2940
2019-02-04 17:09:52,134 - INFO - fastread - 472, 2950
2019-02-04 17:09:52,140 - INFO - fastread - 472, 2960
2019-02-04 17:09:52,159 - INFO - rig - ++++NEW CLF++++ DT
2019-02-04 17:09:52,159 - INFO - fastread - Total Yes: 472 | Total No: 2496
2019-02-04 17:10:14,472 - INFO - fastread - 8, 10
2019-02-04 17:10:14,476 - INFO - fastread - 16, 20
2019-02-04 17:10:14,481 - INFO - fastread - 23, 30
2019-02-04 17:10:14,485 - INFO - fastread - 33, 40
2019-02-04 17:10:14,489 - INFO - fastread - 43, 50
2019-02-04 17:10:14,494 - INFO - fastread - 51, 60
2019-02-04 17:10:14,498 - INFO - fastread - 58, 70
2019-02-04 17:10:14,502 - INFO - fastread - 66, 80
2019-02-04 17:10:14,506 - INFO - fastread - 75, 90
2019-02-04 17:10:14,511 - INFO - fastread - 84, 100
2019-02-04 17:10:14,515 - INFO - fastread - 90, 110
2019-02-04 17:10:14,519 - INFO - fastread - 98, 120
2019-02-04 17:10:14,524 - INFO - fastread - 107, 130
2019-02-04 17:10:14,528 - INFO - fastread - 116, 140
2019-02-04 17:10:14,532 - INFO - fastread - 125, 150
2019-02-04 17:10:14,537 - INFO - fastread - 133, 160
2019-02-04 17:10:14,541 - INFO - fastread - 142, 170
2019-02-04 17:10:14,546 - INFO - fastread - 147, 180
2019-02-04 17:10:14,550 - INFO - fastread - 157, 190
2019-02-04 17:10:14,555 - INFO - fastread - 166, 200
2019-02-04 17:10:14,559 - INFO - fastread - 175, 210
2019-02-04 17:10:14,563 - INFO - fastread - 185, 220
2019-02-04 17:10:14,568 - INFO - fastread - 195, 230
2019-02-04 17:10:14,572 - INFO - fastread - 205, 240
2019-02-04 17:10:14,576 - INFO - fastread - 214, 250
2019-02-04 17:10:14,581 - INFO - fastread - 220, 260
2019-02-04 17:10:14,585 - INFO - fastread - 228, 270
2019-02-04 17:10:14,590 - INFO - fastread - 237, 280
2019-02-04 17:10:14,594 - INFO - fastread - 246, 290
2019-02-04 17:10:14,599 - INFO - fastread - 256, 300
2019-02-04 17:10:14,603 - INFO - fastread - 262, 310
2019-02-04 17:10:14,607 - INFO - fastread - 270, 320
2019-02-04 17:10:14,612 - INFO - fastread - 279, 330
2019-02-04 17:10:14,616 - INFO - fastread - 289, 340
2019-02-04 17:10:14,621 - INFO - fastread - 298, 350
2019-02-04 17:10:14,625 - INFO - fastread - 307, 360
2019-02-04 17:10:14,629 - INFO - fastread - 315, 370
2019-02-04 17:10:14,634 - INFO - fastread - 325, 380
2019-02-04 17:10:14,638 - INFO - fastread - 335, 390
2019-02-04 17:10:14,643 - INFO - fastread - 342, 400
2019-02-04 17:10:14,647 - INFO - fastread - 347, 410
2019-02-04 17:10:14,652 - INFO - fastread - 348, 420
2019-02-04 17:10:14,656 - INFO - fastread - 350, 430
2019-02-04 17:10:14,661 - INFO - fastread - 351, 440
2019-02-04 17:10:14,665 - INFO - fastread - 351, 450
2019-02-04 17:10:14,669 - INFO - fastread - 351, 460
2019-02-04 17:10:14,674 - INFO - fastread - 351, 470
2019-02-04 17:10:14,678 - INFO - fastread - 351, 480
2019-02-04 17:10:14,683 - INFO - fastread - 351, 490
2019-02-04 17:10:14,687 - INFO - fastread - 352, 500
2019-02-04 17:10:14,692 - INFO - fastread - 352, 510
2019-02-04 17:10:14,696 - INFO - fastread - 352, 520
2019-02-04 17:10:14,701 - INFO - fastread - 352, 530
2019-02-04 17:10:14,706 - INFO - fastread - 353, 540
2019-02-04 17:10:14,710 - INFO - fastread - 355, 550
2019-02-04 17:10:14,715 - INFO - fastread - 355, 560
2019-02-04 17:10:14,719 - INFO - fastread - 355, 570
2019-02-04 17:10:14,724 - INFO - fastread - 355, 580
2019-02-04 17:10:14,728 - INFO - fastread - 355, 590
2019-02-04 17:10:14,733 - INFO - fastread - 356, 600
2019-02-04 17:10:14,737 - INFO - fastread - 356, 610
2019-02-04 17:10:14,742 - INFO - fastread - 356, 620
2019-02-04 17:10:14,747 - INFO - fastread - 356, 630
2019-02-04 17:10:14,751 - INFO - fastread - 357, 640
2019-02-04 17:10:14,756 - INFO - fastread - 357, 650
2019-02-04 17:10:14,760 - INFO - fastread - 358, 660
2019-02-04 17:10:14,765 - INFO - fastread - 360, 670
2019-02-04 17:10:14,769 - INFO - fastread - 361, 680
2019-02-04 17:10:14,774 - INFO - fastread - 361, 690
2019-02-04 17:10:14,778 - INFO - fastread - 362, 700
2019-02-04 17:10:14,783 - INFO - fastread - 362, 710
2019-02-04 17:10:14,787 - INFO - fastread - 362, 720
2019-02-04 17:10:14,792 - INFO - fastread - 362, 730
2019-02-04 17:10:14,796 - INFO - fastread - 364, 740
2019-02-04 17:10:14,801 - INFO - fastread - 366, 750
2019-02-04 17:10:14,806 - INFO - fastread - 366, 760
2019-02-04 17:10:14,810 - INFO - fastread - 367, 770
2019-02-04 17:10:14,815 - INFO - fastread - 369, 780
2019-02-04 17:10:14,819 - INFO - fastread - 369, 790
2019-02-04 17:10:14,824 - INFO - fastread - 370, 800
2019-02-04 17:10:14,828 - INFO - fastread - 371, 810
2019-02-04 17:10:14,833 - INFO - fastread - 371, 820
2019-02-04 17:10:14,838 - INFO - fastread - 371, 830
2019-02-04 17:10:14,842 - INFO - fastread - 371, 840
2019-02-04 17:10:14,847 - INFO - fastread - 371, 850
2019-02-04 17:10:14,851 - INFO - fastread - 371, 860
2019-02-04 17:10:14,856 - INFO - fastread - 372, 870
2019-02-04 17:10:14,861 - INFO - fastread - 374, 880
2019-02-04 17:10:14,865 - INFO - fastread - 375, 890
2019-02-04 17:10:14,870 - INFO - fastread - 376, 900
2019-02-04 17:10:14,874 - INFO - fastread - 376, 910
2019-02-04 17:10:14,879 - INFO - fastread - 376, 920
2019-02-04 17:10:14,884 - INFO - fastread - 377, 930
2019-02-04 17:10:14,888 - INFO - fastread - 378, 940
2019-02-04 17:10:14,893 - INFO - fastread - 378, 950
2019-02-04 17:10:14,897 - INFO - fastread - 378, 960
2019-02-04 17:10:14,902 - INFO - fastread - 378, 970
2019-02-04 17:10:14,907 - INFO - fastread - 378, 980
2019-02-04 17:10:14,911 - INFO - fastread - 379, 990
2019-02-04 17:10:14,916 - INFO - fastread - 379, 1000
2019-02-04 17:10:14,921 - INFO - fastread - 379, 1010
2019-02-04 17:10:14,925 - INFO - fastread - 379, 1020
2019-02-04 17:10:14,930 - INFO - fastread - 379, 1030
2019-02-04 17:10:14,935 - INFO - fastread - 379, 1040
2019-02-04 17:10:14,939 - INFO - fastread - 379, 1050
2019-02-04 17:10:14,944 - INFO - fastread - 380, 1060
2019-02-04 17:10:14,949 - INFO - fastread - 381, 1070
2019-02-04 17:10:14,953 - INFO - fastread - 382, 1080
2019-02-04 17:10:14,958 - INFO - fastread - 382, 1090
2019-02-04 17:10:14,963 - INFO - fastread - 382, 1100
2019-02-04 17:10:14,967 - INFO - fastread - 382, 1110
2019-02-04 17:10:14,972 - INFO - fastread - 383, 1120
2019-02-04 17:10:14,977 - INFO - fastread - 383, 1130
2019-02-04 17:10:14,981 - INFO - fastread - 384, 1140
2019-02-04 17:10:14,986 - INFO - fastread - 384, 1150
2019-02-04 17:10:14,991 - INFO - fastread - 386, 1160
2019-02-04 17:10:14,996 - INFO - fastread - 386, 1170
2019-02-04 17:10:15,000 - INFO - fastread - 388, 1180
2019-02-04 17:10:15,005 - INFO - fastread - 388, 1190
2019-02-04 17:10:15,010 - INFO - fastread - 388, 1200
2019-02-04 17:10:15,015 - INFO - fastread - 388, 1210
2019-02-04 17:10:15,019 - INFO - fastread - 389, 1220
2019-02-04 17:10:15,024 - INFO - fastread - 389, 1230
2019-02-04 17:10:15,029 - INFO - fastread - 389, 1240
2019-02-04 17:10:15,033 - INFO - fastread - 389, 1250
2019-02-04 17:10:15,038 - INFO - fastread - 389, 1260
2019-02-04 17:10:15,043 - INFO - fastread - 389, 1270
2019-02-04 17:10:15,047 - INFO - fastread - 390, 1280
2019-02-04 17:10:15,052 - INFO - fastread - 391, 1290
2019-02-04 17:10:15,057 - INFO - fastread - 391, 1300
2019-02-04 17:10:15,061 - INFO - fastread - 393, 1310
2019-02-04 17:10:15,066 - INFO - fastread - 393, 1320
2019-02-04 17:10:15,071 - INFO - fastread - 393, 1330
2019-02-04 17:10:15,075 - INFO - fastread - 394, 1340
2019-02-04 17:10:15,080 - INFO - fastread - 396, 1350
2019-02-04 17:10:15,085 - INFO - fastread - 397, 1360
2019-02-04 17:10:15,090 - INFO - fastread - 397, 1370
2019-02-04 17:10:15,094 - INFO - fastread - 397, 1380
2019-02-04 17:10:15,099 - INFO - fastread - 398, 1390
2019-02-04 17:10:15,104 - INFO - fastread - 398, 1400
2019-02-04 17:10:15,109 - INFO - fastread - 398, 1410
2019-02-04 17:10:15,113 - INFO - fastread - 398, 1420
2019-02-04 17:10:15,118 - INFO - fastread - 398, 1430
2019-02-04 17:10:15,123 - INFO - fastread - 398, 1440
2019-02-04 17:10:15,128 - INFO - fastread - 398, 1450
2019-02-04 17:10:15,133 - INFO - fastread - 398, 1460
2019-02-04 17:10:15,137 - INFO - fastread - 398, 1470
2019-02-04 17:10:15,142 - INFO - fastread - 400, 1480
2019-02-04 17:10:15,147 - INFO - fastread - 400, 1490
2019-02-04 17:10:15,152 - INFO - fastread - 400, 1500
2019-02-04 17:10:15,157 - INFO - fastread - 402, 1510
2019-02-04 17:10:15,162 - INFO - fastread - 402, 1520
2019-02-04 17:10:15,167 - INFO - fastread - 404, 1530
2019-02-04 17:10:15,172 - INFO - fastread - 405, 1540
2019-02-04 17:10:15,177 - INFO - fastread - 407, 1550
2019-02-04 17:10:15,181 - INFO - fastread - 408, 1560
2019-02-04 17:10:15,186 - INFO - fastread - 410, 1570
2019-02-04 17:10:15,191 - INFO - fastread - 411, 1580
2019-02-04 17:10:15,196 - INFO - fastread - 412, 1590
2019-02-04 17:10:15,201 - INFO - fastread - 413, 1600
2019-02-04 17:10:15,206 - INFO - fastread - 413, 1610
2019-02-04 17:10:15,210 - INFO - fastread - 413, 1620
2019-02-04 17:10:15,215 - INFO - fastread - 414, 1630
2019-02-04 17:10:15,220 - INFO - fastread - 414, 1640
2019-02-04 17:10:15,225 - INFO - fastread - 415, 1650
2019-02-04 17:10:15,230 - INFO - fastread - 415, 1660
2019-02-04 17:10:15,234 - INFO - fastread - 415, 1670
2019-02-04 17:10:15,239 - INFO - fastread - 415, 1680
2019-02-04 17:10:15,244 - INFO - fastread - 415, 1690
2019-02-04 17:10:15,249 - INFO - fastread - 416, 1700
2019-02-04 17:10:15,254 - INFO - fastread - 416, 1710
2019-02-04 17:10:15,259 - INFO - fastread - 416, 1720
2019-02-04 17:10:15,263 - INFO - fastread - 417, 1730
2019-02-04 17:10:15,268 - INFO - fastread - 418, 1740
2019-02-04 17:10:15,273 - INFO - fastread - 418, 1750
2019-02-04 17:10:15,278 - INFO - fastread - 419, 1760
2019-02-04 17:10:15,283 - INFO - fastread - 419, 1770
2019-02-04 17:10:15,287 - INFO - fastread - 419, 1780
2019-02-04 17:10:15,292 - INFO - fastread - 420, 1790
2019-02-04 17:10:15,297 - INFO - fastread - 420, 1800
2019-02-04 17:10:15,302 - INFO - fastread - 421, 1810
2019-02-04 17:10:15,307 - INFO - fastread - 423, 1820
2019-02-04 17:10:15,311 - INFO - fastread - 424, 1830
2019-02-04 17:10:15,316 - INFO - fastread - 424, 1840
2019-02-04 17:10:15,321 - INFO - fastread - 424, 1850
2019-02-04 17:10:15,326 - INFO - fastread - 425, 1860
2019-02-04 17:10:15,331 - INFO - fastread - 425, 1870
2019-02-04 17:10:15,336 - INFO - fastread - 426, 1880
2019-02-04 17:10:15,340 - INFO - fastread - 427, 1890
2019-02-04 17:10:15,345 - INFO - fastread - 427, 1900
2019-02-04 17:10:15,350 - INFO - fastread - 427, 1910
2019-02-04 17:10:15,355 - INFO - fastread - 427, 1920
2019-02-04 17:10:15,360 - INFO - fastread - 428, 1930
2019-02-04 17:10:15,365 - INFO - fastread - 429, 1940
2019-02-04 17:10:15,370 - INFO - fastread - 429, 1950
2019-02-04 17:10:15,375 - INFO - fastread - 429, 1960
2019-02-04 17:10:15,380 - INFO - fastread - 429, 1970
2019-02-04 17:10:15,385 - INFO - fastread - 429, 1980
2019-02-04 17:10:15,390 - INFO - fastread - 429, 1990
2019-02-04 17:10:15,395 - INFO - fastread - 430, 2000
2019-02-04 17:10:15,400 - INFO - fastread - 433, 2010
2019-02-04 17:10:15,405 - INFO - fastread - 433, 2020
2019-02-04 17:10:15,410 - INFO - fastread - 433, 2030
2019-02-04 17:10:15,415 - INFO - fastread - 434, 2040
2019-02-04 17:10:15,420 - INFO - fastread - 434, 2050
2019-02-04 17:10:15,425 - INFO - fastread - 435, 2060
2019-02-04 17:10:15,430 - INFO - fastread - 435, 2070
2019-02-04 17:10:15,435 - INFO - fastread - 435, 2080
2019-02-04 17:10:15,440 - INFO - fastread - 436, 2090
2019-02-04 17:10:15,445 - INFO - fastread - 436, 2100
2019-02-04 17:10:15,450 - INFO - fastread - 436, 2110
2019-02-04 17:10:15,455 - INFO - fastread - 436, 2120
2019-02-04 17:10:15,460 - INFO - fastread - 437, 2130
2019-02-04 17:10:15,465 - INFO - fastread - 439, 2140
2019-02-04 17:10:15,470 - INFO - fastread - 439, 2150
2019-02-04 17:10:15,475 - INFO - fastread - 440, 2160
2019-02-04 17:10:15,479 - INFO - fastread - 440, 2170
2019-02-04 17:10:15,484 - INFO - fastread - 441, 2180
2019-02-04 17:10:15,489 - INFO - fastread - 441, 2190
2019-02-04 17:10:15,494 - INFO - fastread - 443, 2200
2019-02-04 17:10:15,499 - INFO - fastread - 443, 2210
2019-02-04 17:10:15,504 - INFO - fastread - 444, 2220
2019-02-04 17:10:15,509 - INFO - fastread - 444, 2230
2019-02-04 17:10:15,514 - INFO - fastread - 444, 2240
2019-02-04 17:10:15,519 - INFO - fastread - 444, 2250
2019-02-04 17:10:15,524 - INFO - fastread - 444, 2260
2019-02-04 17:10:15,530 - INFO - fastread - 445, 2270
2019-02-04 17:10:15,535 - INFO - fastread - 445, 2280
2019-02-04 17:10:15,540 - INFO - fastread - 446, 2290
2019-02-04 17:10:15,545 - INFO - fastread - 446, 2300
2019-02-04 17:10:15,550 - INFO - fastread - 447, 2310
2019-02-04 17:10:15,555 - INFO - fastread - 448, 2320
2019-02-04 17:10:15,562 - INFO - fastread - 448, 2330
2019-02-04 17:10:15,567 - INFO - fastread - 448, 2340
2019-02-04 17:10:15,572 - INFO - fastread - 449, 2350
2019-02-04 17:10:15,577 - INFO - fastread - 449, 2360
2019-02-04 17:10:15,582 - INFO - fastread - 449, 2370
2019-02-04 17:10:15,587 - INFO - fastread - 449, 2380
2019-02-04 17:10:15,592 - INFO - fastread - 449, 2390
2019-02-04 17:10:15,597 - INFO - fastread - 449, 2400
2019-02-04 17:10:15,602 - INFO - fastread - 450, 2410
2019-02-04 17:10:15,607 - INFO - fastread - 450, 2420
2019-02-04 17:10:15,612 - INFO - fastread - 451, 2430
2019-02-04 17:10:15,617 - INFO - fastread - 451, 2440
2019-02-04 17:10:15,622 - INFO - fastread - 452, 2450
2019-02-04 17:10:15,627 - INFO - fastread - 452, 2460
2019-02-04 17:10:15,633 - INFO - fastread - 453, 2470
2019-02-04 17:10:15,638 - INFO - fastread - 453, 2480
2019-02-04 17:10:15,643 - INFO - fastread - 453, 2490
2019-02-04 17:10:15,648 - INFO - fastread - 453, 2500
2019-02-04 17:10:15,653 - INFO - fastread - 453, 2510
2019-02-04 17:10:15,658 - INFO - fastread - 453, 2520
2019-02-04 17:10:15,663 - INFO - fastread - 453, 2530
2019-02-04 17:10:15,668 - INFO - fastread - 457, 2540
2019-02-04 17:10:15,673 - INFO - fastread - 457, 2550
2019-02-04 17:10:15,678 - INFO - fastread - 458, 2560
2019-02-04 17:10:15,683 - INFO - fastread - 459, 2570
2019-02-04 17:10:15,688 - INFO - fastread - 459, 2580
2019-02-04 17:10:15,693 - INFO - fastread - 459, 2590
2019-02-04 17:10:15,699 - INFO - fastread - 459, 2600
2019-02-04 17:10:15,704 - INFO - fastread - 459, 2610
2019-02-04 17:10:15,709 - INFO - fastread - 459, 2620
2019-02-04 17:10:15,714 - INFO - fastread - 459, 2630
2019-02-04 17:10:15,719 - INFO - fastread - 459, 2640
2019-02-04 17:10:15,725 - INFO - fastread - 459, 2650
2019-02-04 17:10:15,730 - INFO - fastread - 459, 2660
2019-02-04 17:10:15,735 - INFO - fastread - 460, 2670
2019-02-04 17:10:15,740 - INFO - fastread - 461, 2680
2019-02-04 17:10:15,745 - INFO - fastread - 462, 2690
2019-02-04 17:10:15,750 - INFO - fastread - 462, 2700
2019-02-04 17:10:15,755 - INFO - fastread - 462, 2710
2019-02-04 17:10:15,760 - INFO - fastread - 462, 2720
2019-02-04 17:10:15,766 - INFO - fastread - 464, 2730
2019-02-04 17:10:15,771 - INFO - fastread - 464, 2740
2019-02-04 17:10:15,776 - INFO - fastread - 464, 2750
2019-02-04 17:10:15,781 - INFO - fastread - 464, 2760
2019-02-04 17:10:15,786 - INFO - fastread - 464, 2770
2019-02-04 17:10:15,791 - INFO - fastread - 464, 2780
2019-02-04 17:10:15,796 - INFO - fastread - 465, 2790
2019-02-04 17:10:15,801 - INFO - fastread - 465, 2800
2019-02-04 17:10:15,807 - INFO - fastread - 468, 2810
2019-02-04 17:10:15,812 - INFO - fastread - 468, 2820
2019-02-04 17:10:15,817 - INFO - fastread - 469, 2830
2019-02-04 17:10:15,822 - INFO - fastread - 469, 2840
2019-02-04 17:10:15,827 - INFO - fastread - 470, 2850
2019-02-04 17:10:15,833 - INFO - fastread - 470, 2860
2019-02-04 17:10:15,838 - INFO - fastread - 470, 2870
2019-02-04 17:10:15,843 - INFO - fastread - 470, 2880
2019-02-04 17:10:15,848 - INFO - fastread - 470, 2890
2019-02-04 17:10:15,853 - INFO - fastread - 470, 2900
2019-02-04 17:10:15,858 - INFO - fastread - 470, 2910
2019-02-04 17:10:15,863 - INFO - fastread - 470, 2920
2019-02-04 17:10:15,869 - INFO - fastread - 470, 2930
2019-02-04 17:10:15,874 - INFO - fastread - 470, 2940
2019-02-04 17:10:15,879 - INFO - fastread - 471, 2950
2019-02-04 17:10:15,884 - INFO - fastread - 471, 2960
2019-02-04 17:10:15,903 - INFO - rig - ++++NEW CLF++++ SVM
2019-02-04 17:10:15,904 - INFO - fastread - Total Yes: 472 | Total No: 2496
2019-02-04 17:20:44,636 - INFO - fastread - 5, 10
2019-02-04 17:20:44,641 - INFO - fastread - 10, 20
2019-02-04 17:20:44,645 - INFO - fastread - 19, 30
2019-02-04 17:20:44,649 - INFO - fastread - 28, 40
2019-02-04 17:20:44,653 - INFO - fastread - 38, 50
2019-02-04 17:20:44,657 - INFO - fastread - 48, 60
2019-02-04 17:20:44,662 - INFO - fastread - 58, 70
2019-02-04 17:20:44,666 - INFO - fastread - 68, 80
2019-02-04 17:20:44,670 - INFO - fastread - 76, 90
2019-02-04 17:20:44,674 - INFO - fastread - 86, 100
2019-02-04 17:20:44,678 - INFO - fastread - 96, 110
2019-02-04 17:20:44,683 - INFO - fastread - 106, 120
2019-02-04 17:20:44,687 - INFO - fastread - 116, 130
2019-02-04 17:20:44,691 - INFO - fastread - 126, 140
2019-02-04 17:20:44,695 - INFO - fastread - 136, 150
2019-02-04 17:20:44,699 - INFO - fastread - 145, 160
2019-02-04 17:20:44,704 - INFO - fastread - 154, 170
2019-02-04 17:20:44,708 - INFO - fastread - 164, 180
2019-02-04 17:20:44,712 - INFO - fastread - 174, 190
2019-02-04 17:20:44,716 - INFO - fastread - 184, 200
2019-02-04 17:20:44,721 - INFO - fastread - 194, 210
2019-02-04 17:20:44,725 - INFO - fastread - 204, 220
2019-02-04 17:20:44,729 - INFO - fastread - 214, 230
2019-02-04 17:20:44,733 - INFO - fastread - 224, 240
2019-02-04 17:20:44,738 - INFO - fastread - 234, 250
2019-02-04 17:20:44,742 - INFO - fastread - 244, 260
2019-02-04 17:20:44,746 - INFO - fastread - 253, 270
2019-02-04 17:20:44,751 - INFO - fastread - 260, 280
2019-02-04 17:20:44,755 - INFO - fastread - 270, 290
2019-02-04 17:20:44,759 - INFO - fastread - 280, 300
2019-02-04 17:20:44,763 - INFO - fastread - 290, 310
2019-02-04 17:20:44,767 - INFO - fastread - 299, 320
2019-02-04 17:20:44,772 - INFO - fastread - 309, 330
2019-02-04 17:20:44,776 - INFO - fastread - 319, 340
2019-02-04 17:20:44,780 - INFO - fastread - 329, 350
2019-02-04 17:20:44,784 - INFO - fastread - 339, 360
2019-02-04 17:20:44,789 - INFO - fastread - 344, 370
2019-02-04 17:20:44,793 - INFO - fastread - 352, 380
2019-02-04 17:20:44,797 - INFO - fastread - 355, 390
2019-02-04 17:20:44,801 - INFO - fastread - 359, 400
2019-02-04 17:20:44,806 - INFO - fastread - 365, 410
2019-02-04 17:20:44,810 - INFO - fastread - 367, 420
2019-02-04 17:20:44,814 - INFO - fastread - 370, 430
2019-02-04 17:20:44,819 - INFO - fastread - 375, 440
2019-02-04 17:20:44,823 - INFO - fastread - 375, 450
2019-02-04 17:20:44,827 - INFO - fastread - 377, 460
2019-02-04 17:20:44,832 - INFO - fastread - 378, 470
2019-02-04 17:20:44,836 - INFO - fastread - 380, 480
2019-02-04 17:20:44,840 - INFO - fastread - 382, 490
2019-02-04 17:20:44,845 - INFO - fastread - 386, 500
2019-02-04 17:20:44,849 - INFO - fastread - 386, 510
2019-02-04 17:20:44,853 - INFO - fastread - 389, 520
2019-02-04 17:20:44,858 - INFO - fastread - 394, 530
2019-02-04 17:20:44,862 - INFO - fastread - 396, 540
2019-02-04 17:20:44,866 - INFO - fastread - 398, 550
2019-02-04 17:20:44,870 - INFO - fastread - 401, 560
2019-02-04 17:20:44,875 - INFO - fastread - 401, 570
2019-02-04 17:20:44,879 - INFO - fastread - 401, 580
2019-02-04 17:20:44,884 - INFO - fastread - 403, 590
2019-02-04 17:20:44,888 - INFO - fastread - 404, 600
2019-02-04 17:20:44,892 - INFO - fastread - 406, 610
2019-02-04 17:20:44,897 - INFO - fastread - 408, 620
2019-02-04 17:20:44,901 - INFO - fastread - 410, 630
2019-02-04 17:20:44,905 - INFO - fastread - 413, 640
2019-02-04 17:20:44,910 - INFO - fastread - 416, 650
2019-02-04 17:20:44,914 - INFO - fastread - 418, 660
2019-02-04 17:20:44,919 - INFO - fastread - 418, 670
2019-02-04 17:20:44,923 - INFO - fastread - 420, 680
2019-02-04 17:20:44,927 - INFO - fastread - 421, 690
2019-02-04 17:20:44,932 - INFO - fastread - 422, 700
2019-02-04 17:20:44,936 - INFO - fastread - 424, 710
2019-02-04 17:20:44,941 - INFO - fastread - 424, 720
2019-02-04 17:20:44,945 - INFO - fastread - 425, 730
2019-02-04 17:20:44,949 - INFO - fastread - 425, 740
2019-02-04 17:20:44,954 - INFO - fastread - 426, 750
2019-02-04 17:20:44,958 - INFO - fastread - 428, 760
2019-02-04 17:20:44,962 - INFO - fastread - 429, 770
2019-02-04 17:20:44,967 - INFO - fastread - 430, 780
2019-02-04 17:20:44,971 - INFO - fastread - 430, 790
2019-02-04 17:20:44,976 - INFO - fastread - 430, 800
2019-02-04 17:20:44,980 - INFO - fastread - 430, 810
2019-02-04 17:20:44,985 - INFO - fastread - 430, 820
2019-02-04 17:20:44,989 - INFO - fastread - 430, 830
2019-02-04 17:20:44,993 - INFO - fastread - 430, 840
2019-02-04 17:20:44,998 - INFO - fastread - 430, 850
2019-02-04 17:20:45,002 - INFO - fastread - 431, 860
2019-02-04 17:20:45,007 - INFO - fastread - 432, 870
2019-02-04 17:20:45,011 - INFO - fastread - 432, 880
2019-02-04 17:20:45,016 - INFO - fastread - 432, 890
2019-02-04 17:20:45,020 - INFO - fastread - 432, 900
2019-02-04 17:20:45,025 - INFO - fastread - 432, 910
2019-02-04 17:20:45,029 - INFO - fastread - 436, 920
2019-02-04 17:20:45,033 - INFO - fastread - 437, 930
2019-02-04 17:20:45,038 - INFO - fastread - 437, 940
2019-02-04 17:20:45,042 - INFO - fastread - 437, 950
2019-02-04 17:20:45,047 - INFO - fastread - 437, 960
2019-02-04 17:20:45,051 - INFO - fastread - 437, 970
2019-02-04 17:20:45,056 - INFO - fastread - 438, 980
2019-02-04 17:20:45,060 - INFO - fastread - 439, 990
2019-02-04 17:20:45,065 - INFO - fastread - 439, 1000
2019-02-04 17:20:45,069 - INFO - fastread - 440, 1010
2019-02-04 17:20:45,074 - INFO - fastread - 442, 1020
2019-02-04 17:20:45,078 - INFO - fastread - 443, 1030
2019-02-04 17:20:45,083 - INFO - fastread - 443, 1040
2019-02-04 17:20:45,087 - INFO - fastread - 443, 1050
2019-02-04 17:20:45,092 - INFO - fastread - 443, 1060
2019-02-04 17:20:45,096 - INFO - fastread - 443, 1070
2019-02-04 17:20:45,101 - INFO - fastread - 444, 1080
2019-02-04 17:20:45,111 - INFO - rig - ++++NEW CLF++++ SVM_LINER
2019-02-04 17:20:45,111 - INFO - fastread - Total Yes: 472 | Total No: 2496
2019-02-04 17:32:55,758 - INFO - fastread - 2, 10
2019-02-04 17:32:55,762 - INFO - fastread - 12, 20
2019-02-04 17:32:55,766 - INFO - fastread - 21, 30
2019-02-04 17:32:55,771 - INFO - fastread - 31, 40
2019-02-04 17:32:55,775 - INFO - fastread - 39, 50
2019-02-04 17:32:55,779 - INFO - fastread - 49, 60
2019-02-04 17:32:55,783 - INFO - fastread - 59, 70
2019-02-04 17:32:55,787 - INFO - fastread - 68, 80
2019-02-04 17:32:55,791 - INFO - fastread - 78, 90
2019-02-04 17:32:55,795 - INFO - fastread - 88, 100
2019-02-04 17:32:55,799 - INFO - fastread - 96, 110
2019-02-04 17:32:55,804 - INFO - fastread - 106, 120
2019-02-04 17:32:55,808 - INFO - fastread - 116, 130
2019-02-04 17:32:55,812 - INFO - fastread - 126, 140
2019-02-04 17:32:55,816 - INFO - fastread - 136, 150
2019-02-04 17:32:55,820 - INFO - fastread - 146, 160
2019-02-04 17:32:55,824 - INFO - fastread - 156, 170
2019-02-04 17:32:55,829 - INFO - fastread - 166, 180
2019-02-04 17:32:55,833 - INFO - fastread - 176, 190
2019-02-04 17:32:55,837 - INFO - fastread - 186, 200
2019-02-04 17:32:55,841 - INFO - fastread - 196, 210
2019-02-04 17:32:55,845 - INFO - fastread - 206, 220
2019-02-04 17:32:55,850 - INFO - fastread - 216, 230
2019-02-04 17:32:55,854 - INFO - fastread - 226, 240
2019-02-04 17:32:55,858 - INFO - fastread - 236, 250
2019-02-04 17:32:55,862 - INFO - fastread - 246, 260
2019-02-04 17:32:55,866 - INFO - fastread - 256, 270
2019-02-04 17:32:55,871 - INFO - fastread - 265, 280
2019-02-04 17:32:55,875 - INFO - fastread - 275, 290
2019-02-04 17:32:55,879 - INFO - fastread - 284, 300
2019-02-04 17:32:55,883 - INFO - fastread - 293, 310
2019-02-04 17:32:55,887 - INFO - fastread - 300, 320
2019-02-04 17:32:55,891 - INFO - fastread - 307, 330
2019-02-04 17:32:55,896 - INFO - fastread - 315, 340
2019-02-04 17:32:55,900 - INFO - fastread - 324, 350
2019-02-04 17:32:55,904 - INFO - fastread - 333, 360
2019-02-04 17:32:55,909 - INFO - fastread - 341, 370
2019-02-04 17:32:55,913 - INFO - fastread - 347, 380
2019-02-04 17:32:55,917 - INFO - fastread - 352, 390
2019-02-04 17:32:55,921 - INFO - fastread - 357, 400
2019-02-04 17:32:55,925 - INFO - fastread - 362, 410
2019-02-04 17:32:55,930 - INFO - fastread - 367, 420
2019-02-04 17:32:55,934 - INFO - fastread - 371, 430
2019-02-04 17:32:55,938 - INFO - fastread - 377, 440
2019-02-04 17:32:55,942 - INFO - fastread - 380, 450
2019-02-04 17:32:55,947 - INFO - fastread - 383, 460
2019-02-04 17:32:55,951 - INFO - fastread - 386, 470
2019-02-04 17:32:55,955 - INFO - fastread - 390, 480
2019-02-04 17:32:55,960 - INFO - fastread - 394, 490
2019-02-04 17:32:55,964 - INFO - fastread - 397, 500
2019-02-04 17:32:55,968 - INFO - fastread - 402, 510
2019-02-04 17:32:55,973 - INFO - fastread - 405, 520
2019-02-04 17:32:55,977 - INFO - fastread - 406, 530
2019-02-04 17:32:55,981 - INFO - fastread - 406, 540
2019-02-04 17:32:55,986 - INFO - fastread - 407, 550
2019-02-04 17:32:55,990 - INFO - fastread - 408, 560
2019-02-04 17:32:55,994 - INFO - fastread - 410, 570
2019-02-04 17:32:55,999 - INFO - fastread - 411, 580
2019-02-04 17:32:56,003 - INFO - fastread - 414, 590
2019-02-04 17:32:56,007 - INFO - fastread - 416, 600
2019-02-04 17:32:56,012 - INFO - fastread - 417, 610
2019-02-04 17:32:56,016 - INFO - fastread - 418, 620
2019-02-04 17:32:56,020 - INFO - fastread - 421, 630
2019-02-04 17:32:56,024 - INFO - fastread - 423, 640
2019-02-04 17:32:56,029 - INFO - fastread - 423, 650
2019-02-04 17:32:56,033 - INFO - fastread - 423, 660
2019-02-04 17:32:56,037 - INFO - fastread - 423, 670
2019-02-04 17:32:56,042 - INFO - fastread - 423, 680
2019-02-04 17:32:56,046 - INFO - fastread - 423, 690
2019-02-04 17:32:56,050 - INFO - fastread - 423, 700
2019-02-04 17:32:56,054 - INFO - fastread - 426, 710
2019-02-04 17:32:56,059 - INFO - fastread - 428, 720
2019-02-04 17:32:56,063 - INFO - fastread - 428, 730
2019-02-04 17:32:56,067 - INFO - fastread - 428, 740
2019-02-04 17:32:56,072 - INFO - fastread - 431, 750
2019-02-04 17:32:56,076 - INFO - fastread - 431, 760
2019-02-04 17:32:56,080 - INFO - fastread - 432, 770
2019-02-04 17:32:56,085 - INFO - fastread - 432, 780
2019-02-04 17:32:56,089 - INFO - fastread - 433, 790
2019-02-04 17:32:56,094 - INFO - fastread - 434, 800
2019-02-04 17:32:56,098 - INFO - fastread - 435, 810
2019-02-04 17:32:56,102 - INFO - fastread - 436, 820
2019-02-04 17:32:56,107 - INFO - fastread - 437, 830
2019-02-04 17:32:56,111 - INFO - fastread - 438, 840
2019-02-04 17:32:56,115 - INFO - fastread - 438, 850
2019-02-04 17:32:56,120 - INFO - fastread - 438, 860
2019-02-04 17:32:56,124 - INFO - fastread - 438, 870
2019-02-04 17:32:56,129 - INFO - fastread - 439, 880
2019-02-04 17:32:56,133 - INFO - fastread - 439, 890
2019-02-04 17:32:56,137 - INFO - fastread - 440, 900
2019-02-04 17:32:56,142 - INFO - fastread - 441, 910
2019-02-04 17:32:56,146 - INFO - fastread - 441, 920
2019-02-04 17:32:56,150 - INFO - fastread - 441, 930
2019-02-04 17:32:56,155 - INFO - fastread - 441, 940
2019-02-04 17:32:56,159 - INFO - fastread - 442, 950
2019-02-04 17:32:56,163 - INFO - fastread - 442, 960
2019-02-04 17:32:56,168 - INFO - fastread - 443, 970
2019-02-04 17:32:56,172 - INFO - fastread - 443, 980
2019-02-04 17:32:56,177 - INFO - fastread - 443, 990
2019-02-04 17:32:56,181 - INFO - fastread - 443, 1000
2019-02-04 17:32:56,185 - INFO - fastread - 443, 1010
2019-02-04 17:32:56,190 - INFO - fastread - 443, 1020
2019-02-04 17:32:56,194 - INFO - fastread - 444, 1030
