2019-01-25 12:03:43,402 - INFO - rig - apache-ant-1.7.0
2019-01-25 12:03:51,736 - INFO - rig - ++++NEW CLF++++ FASTREAD
2019-01-25 12:03:51,736 - INFO - fastread - Total Yes: 131 | Total No: 3967
2019-01-25 12:03:52,172 - INFO - fastread - 0, 0
2019-01-25 12:03:53,911 - INFO - fastread - 11, 11
2019-01-25 12:03:55,871 - INFO - fastread - 14, 21
2019-01-25 12:03:57,827 - INFO - fastread - 15, 31
2019-01-25 12:03:59,831 - INFO - fastread - 15, 41
2019-01-25 12:04:01,814 - INFO - fastread - 18, 51
2019-01-25 12:04:03,818 - INFO - fastread - 20, 61
2019-01-25 12:04:05,842 - INFO - fastread - 26, 71
2019-01-25 12:04:07,835 - INFO - fastread - 36, 81
2019-01-25 12:04:09,656 - INFO - fastread - 42, 91
2019-01-25 12:04:11,505 - INFO - fastread - 45, 101
2019-01-25 12:04:13,329 - INFO - fastread - 49, 111
2019-01-25 12:04:15,149 - INFO - fastread - 55, 121
2019-01-25 12:04:16,969 - INFO - fastread - 60, 131
2019-01-25 12:04:18,828 - INFO - fastread - 61, 141
2019-01-25 12:04:20,630 - INFO - fastread - 64, 151
2019-01-25 12:04:22,441 - INFO - fastread - 66, 161
2019-01-25 12:04:24,259 - INFO - fastread - 66, 171
2019-01-25 12:04:26,050 - INFO - fastread - 68, 181
2019-01-25 12:04:27,911 - INFO - fastread - 69, 191
2019-01-25 12:04:29,760 - INFO - fastread - 72, 201
2019-01-25 12:04:31,572 - INFO - fastread - 72, 211
2019-01-25 12:04:33,311 - INFO - fastread - 72, 221
2019-01-25 12:04:35,070 - INFO - fastread - 75, 231
2019-01-25 12:04:36,820 - INFO - fastread - 76, 241
2019-01-25 12:04:38,556 - INFO - fastread - 77, 251
2019-01-25 12:04:40,318 - INFO - fastread - 77, 261
2019-01-25 12:04:42,095 - INFO - fastread - 77, 271
2019-01-25 12:04:43,847 - INFO - fastread - 78, 281
2019-01-25 12:04:45,605 - INFO - fastread - 78, 291
2019-01-25 12:04:47,314 - INFO - fastread - 78, 301
2019-01-25 12:04:49,154 - INFO - fastread - 79, 311
2019-01-25 12:04:50,981 - INFO - fastread - 79, 321
2019-01-25 12:04:52,680 - INFO - fastread - 80, 331
2019-01-25 12:04:54,409 - INFO - fastread - 81, 341
2019-01-25 12:04:56,228 - INFO - fastread - 82, 351
2019-01-25 12:04:57,998 - INFO - fastread - 83, 361
2019-01-25 12:04:59,776 - INFO - fastread - 83, 371
2019-01-25 12:05:01,575 - INFO - fastread - 83, 381
2019-01-25 12:05:03,483 - INFO - fastread - 83, 391
2019-01-25 12:05:05,345 - INFO - fastread - 83, 401
2019-01-25 12:05:07,094 - INFO - fastread - 83, 411
2019-01-25 12:05:08,870 - INFO - fastread - 83, 421
2019-01-25 12:05:10,610 - INFO - fastread - 83, 431
2019-01-25 12:05:12,388 - INFO - fastread - 83, 441
2019-01-25 12:05:14,167 - INFO - fastread - 83, 451
2019-01-25 12:05:15,946 - INFO - fastread - 83, 461
2019-01-25 12:05:17,775 - INFO - fastread - 83, 471
2019-01-25 12:05:19,594 - INFO - fastread - 85, 481
2019-01-25 12:05:21,342 - INFO - fastread - 85, 491
2019-01-25 12:05:23,111 - INFO - fastread - 86, 501
2019-01-25 12:05:24,809 - INFO - fastread - 86, 511
2019-01-25 12:05:26,608 - INFO - fastread - 86, 521
2019-01-25 12:05:28,497 - INFO - fastread - 87, 531
2019-01-25 12:05:30,344 - INFO - fastread - 89, 541
2019-01-25 12:05:32,084 - INFO - fastread - 90, 551
2019-01-25 12:05:33,952 - INFO - fastread - 90, 561
2019-01-25 12:05:35,905 - INFO - fastread - 90, 571
2019-01-25 12:05:37,926 - INFO - fastread - 90, 581
2019-01-25 12:05:39,845 - INFO - fastread - 91, 591
2019-01-25 12:05:41,735 - INFO - fastread - 92, 601
2019-01-25 12:05:43,715 - INFO - fastread - 92, 611
2019-01-25 12:05:45,392 - INFO - fastread - 92, 621
2019-01-25 12:05:47,320 - INFO - fastread - 93, 631
2019-01-25 12:05:49,552 - INFO - fastread - 94, 641
2019-01-25 12:05:51,603 - INFO - fastread - 95, 651
2019-01-25 12:05:53,938 - INFO - fastread - 95, 661
2019-01-25 12:05:56,086 - INFO - fastread - 96, 671
2019-01-25 12:05:58,415 - INFO - fastread - 97, 681
2019-01-25 12:06:00,558 - INFO - fastread - 98, 691
2019-01-25 12:06:02,257 - INFO - fastread - 98, 701
2019-01-25 12:06:04,646 - INFO - fastread - 98, 711
2019-01-25 12:06:06,911 - INFO - fastread - 98, 721
2019-01-25 12:06:10,874 - INFO - fastread - 98, 731
2019-01-25 12:06:13,243 - INFO - fastread - 98, 741
2019-01-25 12:06:15,214 - INFO - fastread - 98, 751
2019-01-25 12:06:17,642 - INFO - fastread - 98, 761
2019-01-25 12:06:20,202 - INFO - fastread - 98, 771
2019-01-25 12:06:22,812 - INFO - fastread - 98, 781
2019-01-25 12:06:24,976 - INFO - fastread - 98, 791
2019-01-25 12:06:27,838 - INFO - fastread - 98, 801
2019-01-25 12:06:30,116 - INFO - fastread - 98, 811
2019-01-25 12:06:33,716 - INFO - fastread - 98, 821
2019-01-25 12:06:36,145 - INFO - fastread - 98, 831
2019-01-25 12:06:39,015 - INFO - fastread - 98, 841
2019-01-25 12:06:41,576 - INFO - fastread - 98, 851
2019-01-25 12:06:44,392 - INFO - fastread - 98, 861
2019-01-25 12:06:46,901 - INFO - fastread - 98, 871
2019-01-25 12:06:49,056 - INFO - fastread - 98, 881
2019-01-25 12:06:51,557 - INFO - fastread - 98, 891
2019-01-25 12:06:53,523 - INFO - fastread - 98, 901
2019-01-25 12:06:55,609 - INFO - fastread - 98, 911
2019-01-25 12:06:58,170 - INFO - fastread - 98, 921
2019-01-25 12:07:01,333 - INFO - fastread - 98, 931
2019-01-25 12:07:03,885 - INFO - fastread - 99, 941
2019-01-25 12:07:06,573 - INFO - fastread - 100, 951
2019-01-25 12:07:10,617 - INFO - fastread - 100, 961
2019-01-25 12:07:13,617 - INFO - fastread - 100, 971
2019-01-25 12:07:16,342 - INFO - fastread - 101, 981
2019-01-25 12:07:19,832 - INFO - fastread - 101, 991
2019-01-25 12:07:22,199 - INFO - fastread - 102, 1001
2019-01-25 12:07:24,479 - INFO - fastread - 102, 1011
2019-01-25 12:07:26,725 - INFO - fastread - 103, 1021
2019-01-25 12:07:29,095 - INFO - fastread - 103, 1031
2019-01-25 12:07:31,243 - INFO - fastread - 103, 1041
2019-01-25 12:07:33,528 - INFO - fastread - 103, 1051
2019-01-25 12:07:35,934 - INFO - fastread - 103, 1061
2019-01-25 12:07:38,101 - INFO - fastread - 104, 1071
2019-01-25 12:07:40,551 - INFO - fastread - 104, 1081
2019-01-25 12:07:42,992 - INFO - fastread - 104, 1091
2019-01-25 12:07:45,057 - INFO - fastread - 104, 1101
2019-01-25 12:07:47,559 - INFO - fastread - 104, 1111
2019-01-25 12:07:49,861 - INFO - fastread - 104, 1121
2019-01-25 12:07:51,990 - INFO - fastread - 105, 1131
2019-01-25 12:07:54,297 - INFO - fastread - 105, 1141
2019-01-25 12:07:56,588 - INFO - fastread - 107, 1151
2019-01-25 12:07:58,982 - INFO - fastread - 109, 1161
2019-01-25 12:08:01,500 - INFO - fastread - 109, 1171
2019-01-25 12:08:03,908 - INFO - fastread - 109, 1181
2019-01-25 12:08:05,994 - INFO - fastread - 109, 1191
2019-01-25 12:08:08,221 - INFO - fastread - 109, 1201
2019-01-25 12:08:10,673 - INFO - fastread - 111, 1211
2019-01-25 12:08:12,939 - INFO - fastread - 111, 1221
2019-01-25 12:08:15,430 - INFO - fastread - 111, 1231
2019-01-25 12:08:18,156 - INFO - fastread - 111, 1241
2019-01-25 12:08:21,574 - INFO - fastread - 111, 1251
2019-01-25 12:08:24,468 - INFO - fastread - 111, 1261
2019-01-25 12:08:26,840 - INFO - fastread - 112, 1271
2019-01-25 12:08:29,214 - INFO - fastread - 112, 1281
2019-01-25 12:08:31,857 - INFO - fastread - 112, 1291
2019-01-25 12:08:34,413 - INFO - fastread - 112, 1301
2019-01-25 12:08:37,166 - INFO - fastread - 112, 1311
2019-01-25 12:08:39,624 - INFO - fastread - 112, 1321
2019-01-25 12:08:42,167 - INFO - fastread - 112, 1331
2019-01-25 12:08:44,411 - INFO - fastread - 112, 1341
2019-01-25 12:08:46,766 - INFO - fastread - 113, 1351
2019-01-25 12:08:49,292 - INFO - fastread - 113, 1361
2019-01-25 12:08:51,635 - INFO - fastread - 113, 1371
2019-01-25 12:08:53,753 - INFO - fastread - 113, 1381
2019-01-25 12:08:56,147 - INFO - fastread - 113, 1391
2019-01-25 12:08:58,527 - INFO - fastread - 113, 1401
2019-01-25 12:09:01,007 - INFO - fastread - 113, 1411
2019-01-25 12:09:03,531 - INFO - fastread - 113, 1421
2019-01-25 12:09:05,704 - INFO - fastread - 113, 1431
2019-01-25 12:09:07,916 - INFO - fastread - 114, 1441
2019-01-25 12:09:10,376 - INFO - fastread - 114, 1451
2019-01-25 12:09:12,748 - INFO - fastread - 114, 1461
2019-01-25 12:09:15,163 - INFO - fastread - 115, 1471
2019-01-25 12:09:17,615 - INFO - fastread - 115, 1481
2019-01-25 12:09:20,277 - INFO - fastread - 115, 1491
2019-01-25 12:09:22,767 - INFO - fastread - 115, 1501
2019-01-25 12:09:25,531 - INFO - fastread - 115, 1511
2019-01-25 12:09:28,059 - INFO - fastread - 115, 1521
2019-01-25 12:09:30,347 - INFO - fastread - 116, 1531
2019-01-25 12:09:32,923 - INFO - fastread - 116, 1541
2019-01-25 12:09:35,393 - INFO - fastread - 116, 1551
2019-01-25 12:09:37,979 - INFO - fastread - 116, 1561
2019-01-25 12:09:40,730 - INFO - fastread - 116, 1571
2019-01-25 12:09:43,199 - INFO - fastread - 117, 1581
2019-01-25 12:09:45,636 - INFO - fastread - 117, 1591
2019-01-25 12:09:48,311 - INFO - fastread - 117, 1601
2019-01-25 12:09:50,935 - INFO - fastread - 118, 1611
2019-01-25 12:09:53,408 - INFO - fastread - 120, 1621
2019-01-25 12:09:55,886 - INFO - fastread - 120, 1631
2019-01-25 12:09:58,499 - INFO - fastread - 120, 1641
2019-01-25 12:10:01,188 - INFO - fastread - 121, 1651
2019-01-25 12:10:03,897 - INFO - fastread - 121, 1661
2019-01-25 12:10:06,817 - INFO - fastread - 121, 1671
2019-01-25 12:10:09,623 - INFO - fastread - 121, 1681
2019-01-25 12:10:12,311 - INFO - fastread - 121, 1691
2019-01-25 12:10:15,042 - INFO - fastread - 122, 1701
2019-01-25 12:10:17,746 - INFO - fastread - 122, 1711
2019-01-25 12:10:20,621 - INFO - fastread - 122, 1721
2019-01-25 12:10:23,392 - INFO - fastread - 122, 1731
2019-01-25 12:10:26,124 - INFO - fastread - 123, 1741
2019-01-25 12:10:29,019 - INFO - fastread - 123, 1751
2019-01-25 12:10:32,213 - INFO - fastread - 123, 1761
2019-01-25 12:10:35,216 - INFO - fastread - 123, 1771
2019-01-25 12:10:37,941 - INFO - fastread - 123, 1781
2019-01-25 12:10:40,700 - INFO - fastread - 123, 1791
2019-01-25 12:10:43,831 - INFO - fastread - 123, 1801
2019-01-25 12:10:46,678 - INFO - fastread - 124, 1811
2019-01-25 12:10:48,449 - INFO - rig - ++++NEW CLF++++ NBM
2019-01-25 12:10:48,449 - INFO - fastread - Total Yes: 131 | Total No: 3967
2019-01-25 12:10:48,581 - INFO - fastread - 1, 10
2019-01-25 12:10:48,586 - INFO - fastread - 4, 20
2019-01-25 12:10:48,590 - INFO - fastread - 6, 30
2019-01-25 12:10:48,595 - INFO - fastread - 12, 40
2019-01-25 12:10:48,600 - INFO - fastread - 16, 50
2019-01-25 12:10:48,605 - INFO - fastread - 17, 60
2019-01-25 12:10:48,610 - INFO - fastread - 19, 70
2019-01-25 12:10:48,616 - INFO - fastread - 21, 80
2019-01-25 12:10:48,620 - INFO - fastread - 23, 90
2019-01-25 12:10:48,625 - INFO - fastread - 23, 100
2019-01-25 12:10:48,630 - INFO - fastread - 23, 110
2019-01-25 12:10:48,635 - INFO - fastread - 23, 120
2019-01-25 12:10:48,640 - INFO - fastread - 23, 130
2019-01-25 12:10:48,646 - INFO - fastread - 23, 140
2019-01-25 12:10:48,651 - INFO - fastread - 23, 150
2019-01-25 12:10:48,673 - INFO - fastread - 23, 160
2019-01-25 12:10:48,678 - INFO - fastread - 23, 170
2019-01-25 12:10:48,687 - INFO - fastread - 23, 180
2019-01-25 12:10:48,692 - INFO - fastread - 23, 190
2019-01-25 12:10:48,697 - INFO - fastread - 23, 200
2019-01-25 12:10:48,702 - INFO - fastread - 25, 210
2019-01-25 12:10:48,707 - INFO - fastread - 28, 220
2019-01-25 12:10:48,712 - INFO - fastread - 28, 230
2019-01-25 12:10:48,717 - INFO - fastread - 29, 240
2019-01-25 12:10:48,723 - INFO - fastread - 29, 250
2019-01-25 12:10:48,727 - INFO - fastread - 30, 260
2019-01-25 12:10:48,733 - INFO - fastread - 30, 270
2019-01-25 12:10:48,739 - INFO - fastread - 32, 280
2019-01-25 12:10:48,746 - INFO - fastread - 32, 290
2019-01-25 12:10:48,751 - INFO - fastread - 32, 300
2019-01-25 12:10:48,756 - INFO - fastread - 33, 310
2019-01-25 12:10:48,761 - INFO - fastread - 33, 320
2019-01-25 12:10:48,766 - INFO - fastread - 33, 330
2019-01-25 12:10:48,771 - INFO - fastread - 33, 340
2019-01-25 12:10:48,776 - INFO - fastread - 37, 350
2019-01-25 12:10:48,781 - INFO - fastread - 37, 360
2019-01-25 12:10:48,786 - INFO - fastread - 38, 370
2019-01-25 12:10:48,791 - INFO - fastread - 38, 380
2019-01-25 12:10:48,795 - INFO - fastread - 39, 390
2019-01-25 12:10:48,800 - INFO - fastread - 39, 400
2019-01-25 12:10:48,805 - INFO - fastread - 39, 410
2019-01-25 12:10:48,810 - INFO - fastread - 39, 420
2019-01-25 12:10:48,815 - INFO - fastread - 40, 430
2019-01-25 12:10:48,820 - INFO - fastread - 41, 440
2019-01-25 12:10:48,825 - INFO - fastread - 42, 450
2019-01-25 12:10:48,830 - INFO - fastread - 44, 460
2019-01-25 12:10:48,835 - INFO - fastread - 47, 470
2019-01-25 12:10:48,840 - INFO - fastread - 47, 480
2019-01-25 12:10:48,845 - INFO - fastread - 49, 490
2019-01-25 12:10:48,850 - INFO - fastread - 52, 500
2019-01-25 12:10:48,855 - INFO - fastread - 53, 510
2019-01-25 12:10:48,861 - INFO - fastread - 53, 520
2019-01-25 12:10:48,866 - INFO - fastread - 54, 530
2019-01-25 12:10:48,871 - INFO - fastread - 54, 540
2019-01-25 12:10:48,877 - INFO - fastread - 54, 550
2019-01-25 12:10:48,882 - INFO - fastread - 54, 560
2019-01-25 12:10:48,886 - INFO - fastread - 54, 570
2019-01-25 12:10:48,891 - INFO - fastread - 54, 580
2019-01-25 12:10:48,896 - INFO - fastread - 54, 590
2019-01-25 12:10:48,900 - INFO - fastread - 54, 600
2019-01-25 12:10:48,905 - INFO - fastread - 54, 610
2019-01-25 12:10:48,910 - INFO - fastread - 54, 620
2019-01-25 12:10:48,915 - INFO - fastread - 54, 630
2019-01-25 12:10:48,920 - INFO - fastread - 54, 640
2019-01-25 12:10:48,925 - INFO - fastread - 54, 650
2019-01-25 12:10:48,931 - INFO - fastread - 54, 660
2019-01-25 12:10:48,936 - INFO - fastread - 54, 670
2019-01-25 12:10:48,941 - INFO - fastread - 56, 680
2019-01-25 12:10:48,946 - INFO - fastread - 56, 690
2019-01-25 12:10:48,951 - INFO - fastread - 57, 700
2019-01-25 12:10:48,956 - INFO - fastread - 57, 710
2019-01-25 12:10:48,961 - INFO - fastread - 57, 720
2019-01-25 12:10:48,965 - INFO - fastread - 57, 730
2019-01-25 12:10:48,970 - INFO - fastread - 57, 740
2019-01-25 12:10:48,975 - INFO - fastread - 57, 750
2019-01-25 12:10:48,980 - INFO - fastread - 57, 760
2019-01-25 12:10:48,985 - INFO - fastread - 57, 770
2019-01-25 12:10:48,990 - INFO - fastread - 57, 780
2019-01-25 12:10:48,995 - INFO - fastread - 57, 790
2019-01-25 12:10:49,000 - INFO - fastread - 57, 800
2019-01-25 12:10:49,005 - INFO - fastread - 57, 810
2019-01-25 12:10:49,010 - INFO - fastread - 57, 820
2019-01-25 12:10:49,015 - INFO - fastread - 57, 830
2019-01-25 12:10:49,020 - INFO - fastread - 57, 840
2019-01-25 12:10:49,026 - INFO - fastread - 57, 850
2019-01-25 12:10:49,031 - INFO - fastread - 57, 860
2019-01-25 12:10:49,036 - INFO - fastread - 57, 870
2019-01-25 12:10:49,041 - INFO - fastread - 60, 880
2019-01-25 12:10:49,069 - INFO - fastread - 61, 890
2019-01-25 12:10:49,075 - INFO - fastread - 63, 900
2019-01-25 12:10:49,080 - INFO - fastread - 64, 910
2019-01-25 12:10:49,085 - INFO - fastread - 66, 920
2019-01-25 12:10:49,092 - INFO - fastread - 66, 930
2019-01-25 12:10:49,097 - INFO - fastread - 67, 940
2019-01-25 12:10:49,102 - INFO - fastread - 67, 950
2019-01-25 12:10:49,118 - INFO - fastread - 69, 960
2019-01-25 12:10:49,122 - INFO - fastread - 70, 970
2019-01-25 12:10:49,128 - INFO - fastread - 70, 980
2019-01-25 12:10:49,133 - INFO - fastread - 70, 990
2019-01-25 12:10:49,138 - INFO - fastread - 70, 1000
2019-01-25 12:10:49,143 - INFO - fastread - 70, 1010
2019-01-25 12:10:49,148 - INFO - fastread - 70, 1020
2019-01-25 12:10:49,153 - INFO - fastread - 71, 1030
2019-01-25 12:10:49,158 - INFO - fastread - 71, 1040
2019-01-25 12:10:49,164 - INFO - fastread - 71, 1050
2019-01-25 12:10:49,169 - INFO - fastread - 71, 1060
2019-01-25 12:10:49,174 - INFO - fastread - 71, 1070
2019-01-25 12:10:49,179 - INFO - fastread - 72, 1080
2019-01-25 12:10:49,184 - INFO - fastread - 72, 1090
2019-01-25 12:10:49,189 - INFO - fastread - 72, 1100
2019-01-25 12:10:49,195 - INFO - fastread - 72, 1110
2019-01-25 12:10:49,200 - INFO - fastread - 73, 1120
2019-01-25 12:10:49,205 - INFO - fastread - 73, 1130
2019-01-25 12:10:49,210 - INFO - fastread - 73, 1140
2019-01-25 12:10:49,216 - INFO - fastread - 74, 1150
2019-01-25 12:10:49,221 - INFO - fastread - 74, 1160
2019-01-25 12:10:49,226 - INFO - fastread - 74, 1170
2019-01-25 12:10:49,231 - INFO - fastread - 74, 1180
2019-01-25 12:10:49,238 - INFO - fastread - 74, 1190
2019-01-25 12:10:49,243 - INFO - fastread - 75, 1200
2019-01-25 12:10:49,248 - INFO - fastread - 75, 1210
2019-01-25 12:10:49,253 - INFO - fastread - 75, 1220
2019-01-25 12:10:49,258 - INFO - fastread - 75, 1230
2019-01-25 12:10:49,264 - INFO - fastread - 75, 1240
2019-01-25 12:10:49,269 - INFO - fastread - 77, 1250
2019-01-25 12:10:49,274 - INFO - fastread - 77, 1260
2019-01-25 12:10:49,280 - INFO - fastread - 78, 1270
2019-01-25 12:10:49,285 - INFO - fastread - 78, 1280
2019-01-25 12:10:49,290 - INFO - fastread - 79, 1290
2019-01-25 12:10:49,296 - INFO - fastread - 79, 1300
2019-01-25 12:10:49,301 - INFO - fastread - 79, 1310
2019-01-25 12:10:49,307 - INFO - fastread - 80, 1320
2019-01-25 12:10:49,312 - INFO - fastread - 80, 1330
2019-01-25 12:10:49,318 - INFO - fastread - 80, 1340
2019-01-25 12:10:49,323 - INFO - fastread - 80, 1350
2019-01-25 12:10:49,328 - INFO - fastread - 82, 1360
2019-01-25 12:10:49,334 - INFO - fastread - 83, 1370
2019-01-25 12:10:49,339 - INFO - fastread - 83, 1380
2019-01-25 12:10:49,345 - INFO - fastread - 83, 1390
2019-01-25 12:10:49,350 - INFO - fastread - 83, 1400
2019-01-25 12:10:49,356 - INFO - fastread - 84, 1410
2019-01-25 12:10:49,361 - INFO - fastread - 85, 1420
2019-01-25 12:10:49,366 - INFO - fastread - 85, 1430
2019-01-25 12:10:49,371 - INFO - fastread - 85, 1440
2019-01-25 12:10:49,377 - INFO - fastread - 86, 1450
2019-01-25 12:10:49,383 - INFO - fastread - 86, 1460
2019-01-25 12:10:49,388 - INFO - fastread - 87, 1470
2019-01-25 12:10:49,394 - INFO - fastread - 87, 1480
2019-01-25 12:10:49,399 - INFO - fastread - 87, 1490
2019-01-25 12:10:49,404 - INFO - fastread - 87, 1500
2019-01-25 12:10:49,410 - INFO - fastread - 89, 1510
2019-01-25 12:10:49,415 - INFO - fastread - 89, 1520
2019-01-25 12:10:49,420 - INFO - fastread - 89, 1530
2019-01-25 12:10:49,425 - INFO - fastread - 90, 1540
2019-01-25 12:10:49,431 - INFO - fastread - 91, 1550
2019-01-25 12:10:49,436 - INFO - fastread - 92, 1560
2019-01-25 12:10:49,441 - INFO - fastread - 93, 1570
2019-01-25 12:10:49,447 - INFO - fastread - 93, 1580
2019-01-25 12:10:49,452 - INFO - fastread - 93, 1590
2019-01-25 12:10:49,457 - INFO - fastread - 94, 1600
2019-01-25 12:10:49,462 - INFO - fastread - 94, 1610
2019-01-25 12:10:49,467 - INFO - fastread - 94, 1620
2019-01-25 12:10:49,472 - INFO - fastread - 94, 1630
2019-01-25 12:10:49,478 - INFO - fastread - 95, 1640
2019-01-25 12:10:49,484 - INFO - fastread - 95, 1650
2019-01-25 12:10:49,489 - INFO - fastread - 96, 1660
2019-01-25 12:10:49,495 - INFO - fastread - 98, 1670
2019-01-25 12:10:49,500 - INFO - fastread - 98, 1680
2019-01-25 12:10:49,506 - INFO - fastread - 99, 1690
2019-01-25 12:10:49,512 - INFO - fastread - 100, 1700
2019-01-25 12:10:49,517 - INFO - fastread - 101, 1710
2019-01-25 12:10:49,523 - INFO - fastread - 101, 1720
2019-01-25 12:10:49,528 - INFO - fastread - 102, 1730
2019-01-25 12:10:49,533 - INFO - fastread - 102, 1740
2019-01-25 12:10:49,538 - INFO - fastread - 102, 1750
2019-01-25 12:10:49,544 - INFO - fastread - 102, 1760
2019-01-25 12:10:49,549 - INFO - fastread - 102, 1770
2019-01-25 12:10:49,555 - INFO - fastread - 102, 1780
2019-01-25 12:10:49,560 - INFO - fastread - 103, 1790
2019-01-25 12:10:49,566 - INFO - fastread - 103, 1800
2019-01-25 12:10:49,571 - INFO - fastread - 103, 1810
2019-01-25 12:10:49,576 - INFO - fastread - 103, 1820
2019-01-25 12:10:49,581 - INFO - fastread - 104, 1830
2019-01-25 12:10:49,587 - INFO - fastread - 104, 1840
2019-01-25 12:10:49,592 - INFO - fastread - 104, 1850
2019-01-25 12:10:49,598 - INFO - fastread - 104, 1860
2019-01-25 12:10:49,603 - INFO - fastread - 104, 1870
2019-01-25 12:10:49,609 - INFO - fastread - 105, 1880
2019-01-25 12:10:49,614 - INFO - fastread - 105, 1890
2019-01-25 12:10:49,620 - INFO - fastread - 105, 1900
2019-01-25 12:10:49,626 - INFO - fastread - 105, 1910
2019-01-25 12:10:49,632 - INFO - fastread - 105, 1920
2019-01-25 12:10:49,637 - INFO - fastread - 105, 1930
2019-01-25 12:10:49,643 - INFO - fastread - 105, 1940
2019-01-25 12:10:49,649 - INFO - fastread - 105, 1950
2019-01-25 12:10:49,655 - INFO - fastread - 108, 1960
2019-01-25 12:10:49,660 - INFO - fastread - 108, 1970
2019-01-25 12:10:49,666 - INFO - fastread - 108, 1980
2019-01-25 12:10:49,671 - INFO - fastread - 108, 1990
2019-01-25 12:10:49,677 - INFO - fastread - 108, 2000
2019-01-25 12:10:49,682 - INFO - fastread - 108, 2010
2019-01-25 12:10:49,688 - INFO - fastread - 109, 2020
2019-01-25 12:10:49,693 - INFO - fastread - 110, 2030
2019-01-25 12:10:49,699 - INFO - fastread - 110, 2040
2019-01-25 12:10:49,704 - INFO - fastread - 110, 2050
2019-01-25 12:10:49,709 - INFO - fastread - 110, 2060
2019-01-25 12:10:49,715 - INFO - fastread - 111, 2070
2019-01-25 12:10:49,721 - INFO - fastread - 111, 2080
2019-01-25 12:10:49,726 - INFO - fastread - 111, 2090
2019-01-25 12:10:49,731 - INFO - fastread - 111, 2100
2019-01-25 12:10:49,737 - INFO - fastread - 111, 2110
2019-01-25 12:10:49,742 - INFO - fastread - 111, 2120
2019-01-25 12:10:49,748 - INFO - fastread - 111, 2130
2019-01-25 12:10:49,754 - INFO - fastread - 111, 2140
2019-01-25 12:10:49,760 - INFO - fastread - 111, 2150
2019-01-25 12:10:49,766 - INFO - fastread - 112, 2160
2019-01-25 12:10:49,771 - INFO - fastread - 113, 2170
2019-01-25 12:10:49,777 - INFO - fastread - 113, 2180
2019-01-25 12:10:49,782 - INFO - fastread - 113, 2190
2019-01-25 12:10:49,787 - INFO - fastread - 113, 2200
2019-01-25 12:10:49,793 - INFO - fastread - 113, 2210
2019-01-25 12:10:49,799 - INFO - fastread - 113, 2220
2019-01-25 12:10:49,804 - INFO - fastread - 113, 2230
2019-01-25 12:10:49,810 - INFO - fastread - 114, 2240
2019-01-25 12:10:49,815 - INFO - fastread - 114, 2250
2019-01-25 12:10:49,821 - INFO - fastread - 114, 2260
2019-01-25 12:10:49,826 - INFO - fastread - 115, 2270
2019-01-25 12:10:49,832 - INFO - fastread - 115, 2280
2019-01-25 12:10:49,837 - INFO - fastread - 115, 2290
2019-01-25 12:10:49,843 - INFO - fastread - 115, 2300
2019-01-25 12:10:49,848 - INFO - fastread - 117, 2310
2019-01-25 12:10:49,854 - INFO - fastread - 117, 2320
2019-01-25 12:10:49,859 - INFO - fastread - 117, 2330
2019-01-25 12:10:49,865 - INFO - fastread - 117, 2340
2019-01-25 12:10:49,870 - INFO - fastread - 117, 2350
2019-01-25 12:10:49,875 - INFO - fastread - 117, 2360
2019-01-25 12:10:49,881 - INFO - fastread - 117, 2370
2019-01-25 12:10:49,886 - INFO - fastread - 117, 2380
2019-01-25 12:10:49,890 - INFO - fastread - 117, 2390
2019-01-25 12:10:49,895 - INFO - fastread - 117, 2400
2019-01-25 12:10:49,901 - INFO - fastread - 117, 2410
2019-01-25 12:10:49,906 - INFO - fastread - 117, 2420
2019-01-25 12:10:49,912 - INFO - fastread - 117, 2430
2019-01-25 12:10:49,918 - INFO - fastread - 117, 2440
2019-01-25 12:10:49,923 - INFO - fastread - 117, 2450
2019-01-25 12:10:49,929 - INFO - fastread - 117, 2460
2019-01-25 12:10:49,934 - INFO - fastread - 117, 2470
2019-01-25 12:10:49,940 - INFO - fastread - 117, 2480
2019-01-25 12:10:49,946 - INFO - fastread - 118, 2490
2019-01-25 12:10:49,951 - INFO - fastread - 119, 2500
2019-01-25 12:10:49,957 - INFO - fastread - 119, 2510
2019-01-25 12:10:49,963 - INFO - fastread - 119, 2520
2019-01-25 12:10:49,970 - INFO - fastread - 119, 2530
2019-01-25 12:10:49,978 - INFO - fastread - 119, 2540
2019-01-25 12:10:49,984 - INFO - fastread - 119, 2550
2019-01-25 12:10:49,990 - INFO - fastread - 119, 2560
2019-01-25 12:10:49,996 - INFO - fastread - 120, 2570
2019-01-25 12:10:50,002 - INFO - fastread - 120, 2580
2019-01-25 12:10:50,009 - INFO - fastread - 120, 2590
2019-01-25 12:10:50,015 - INFO - fastread - 120, 2600
2019-01-25 12:10:50,021 - INFO - fastread - 120, 2610
2019-01-25 12:10:50,027 - INFO - fastread - 120, 2620
2019-01-25 12:10:50,034 - INFO - fastread - 120, 2630
2019-01-25 12:10:50,040 - INFO - fastread - 120, 2640
2019-01-25 12:10:50,047 - INFO - fastread - 120, 2650
2019-01-25 12:10:50,053 - INFO - fastread - 120, 2660
2019-01-25 12:10:50,059 - INFO - fastread - 120, 2670
2019-01-25 12:10:50,065 - INFO - fastread - 120, 2680
2019-01-25 12:10:50,080 - INFO - fastread - 120, 2690
2019-01-25 12:10:50,085 - INFO - fastread - 120, 2700
2019-01-25 12:10:50,091 - INFO - fastread - 120, 2710
2019-01-25 12:10:50,097 - INFO - fastread - 120, 2720
2019-01-25 12:10:50,103 - INFO - fastread - 120, 2730
2019-01-25 12:10:50,109 - INFO - fastread - 120, 2740
2019-01-25 12:10:50,115 - INFO - fastread - 120, 2750
2019-01-25 12:10:50,121 - INFO - fastread - 120, 2760
2019-01-25 12:10:50,127 - INFO - fastread - 120, 2770
2019-01-25 12:10:50,133 - INFO - fastread - 120, 2780
2019-01-25 12:10:50,139 - INFO - fastread - 120, 2790
2019-01-25 12:10:50,145 - INFO - fastread - 120, 2800
2019-01-25 12:10:50,152 - INFO - fastread - 121, 2810
2019-01-25 12:10:50,157 - INFO - fastread - 121, 2820
2019-01-25 12:10:50,163 - INFO - fastread - 121, 2830
2019-01-25 12:10:50,168 - INFO - fastread - 121, 2840
2019-01-25 12:10:50,175 - INFO - fastread - 121, 2850
2019-01-25 12:10:50,181 - INFO - fastread - 121, 2860
2019-01-25 12:10:50,187 - INFO - fastread - 121, 2870
2019-01-25 12:10:50,193 - INFO - fastread - 121, 2880
2019-01-25 12:10:50,199 - INFO - fastread - 121, 2890
2019-01-25 12:10:50,205 - INFO - fastread - 121, 2900
2019-01-25 12:10:50,211 - INFO - fastread - 121, 2910
2019-01-25 12:10:50,218 - INFO - fastread - 121, 2920
2019-01-25 12:10:50,225 - INFO - fastread - 121, 2930
2019-01-25 12:10:50,231 - INFO - fastread - 122, 2940
2019-01-25 12:10:50,238 - INFO - fastread - 122, 2950
2019-01-25 12:10:50,244 - INFO - fastread - 123, 2960
2019-01-25 12:10:50,250 - INFO - fastread - 123, 2970
2019-01-25 12:10:50,257 - INFO - fastread - 124, 2980
2019-01-25 12:10:50,263 - INFO - fastread - 124, 2990
2019-01-25 12:10:50,270 - INFO - fastread - 124, 3000
2019-01-25 12:10:50,276 - INFO - fastread - 124, 3010
2019-01-25 12:10:50,282 - INFO - fastread - 124, 3020
2019-01-25 12:10:50,289 - INFO - fastread - 124, 3030
2019-01-25 12:10:50,296 - INFO - fastread - 124, 3040
2019-01-25 12:10:50,305 - INFO - fastread - 124, 3050
2019-01-25 12:10:50,311 - INFO - fastread - 124, 3060
2019-01-25 12:10:50,317 - INFO - fastread - 124, 3070
2019-01-25 12:10:50,323 - INFO - fastread - 124, 3080
2019-01-25 12:10:50,330 - INFO - fastread - 124, 3090
2019-01-25 12:10:50,336 - INFO - fastread - 124, 3100
2019-01-25 12:10:50,342 - INFO - fastread - 124, 3110
2019-01-25 12:10:50,349 - INFO - fastread - 125, 3120
2019-01-25 12:10:50,384 - INFO - rig - ++++NEW CLF++++ KNN
2019-01-25 12:10:50,384 - INFO - fastread - Total Yes: 131 | Total No: 3967
2019-01-25 12:11:12,952 - INFO - fastread - 0, 10
2019-01-25 12:11:12,957 - INFO - fastread - 2, 20
2019-01-25 12:11:12,962 - INFO - fastread - 2, 30
2019-01-25 12:11:12,967 - INFO - fastread - 3, 40
2019-01-25 12:11:12,971 - INFO - fastread - 4, 50
2019-01-25 12:11:12,976 - INFO - fastread - 4, 60
2019-01-25 12:11:12,980 - INFO - fastread - 5, 70
2019-01-25 12:11:12,985 - INFO - fastread - 6, 80
2019-01-25 12:11:12,990 - INFO - fastread - 6, 90
2019-01-25 12:11:12,994 - INFO - fastread - 7, 100
2019-01-25 12:11:12,998 - INFO - fastread - 9, 110
2019-01-25 12:11:13,003 - INFO - fastread - 10, 120
2019-01-25 12:11:13,008 - INFO - fastread - 11, 130
2019-01-25 12:11:13,012 - INFO - fastread - 11, 140
2019-01-25 12:11:13,016 - INFO - fastread - 11, 150
2019-01-25 12:11:13,021 - INFO - fastread - 11, 160
2019-01-25 12:11:13,026 - INFO - fastread - 11, 170
2019-01-25 12:11:13,030 - INFO - fastread - 12, 180
2019-01-25 12:11:13,036 - INFO - fastread - 12, 190
2019-01-25 12:11:13,041 - INFO - fastread - 12, 200
2019-01-25 12:11:13,046 - INFO - fastread - 12, 210
2019-01-25 12:11:13,051 - INFO - fastread - 12, 220
2019-01-25 12:11:13,056 - INFO - fastread - 12, 230
2019-01-25 12:11:13,062 - INFO - fastread - 12, 240
2019-01-25 12:11:13,067 - INFO - fastread - 13, 250
2019-01-25 12:11:13,072 - INFO - fastread - 13, 260
2019-01-25 12:11:13,077 - INFO - fastread - 13, 270
2019-01-25 12:11:13,082 - INFO - fastread - 13, 280
2019-01-25 12:11:13,087 - INFO - fastread - 13, 290
2019-01-25 12:11:13,092 - INFO - fastread - 13, 300
2019-01-25 12:11:13,096 - INFO - fastread - 13, 310
2019-01-25 12:11:13,101 - INFO - fastread - 13, 320
2019-01-25 12:11:13,106 - INFO - fastread - 13, 330
2019-01-25 12:11:13,111 - INFO - fastread - 13, 340
2019-01-25 12:11:13,115 - INFO - fastread - 14, 350
2019-01-25 12:11:13,120 - INFO - fastread - 14, 360
2019-01-25 12:11:13,125 - INFO - fastread - 14, 370
2019-01-25 12:11:13,129 - INFO - fastread - 14, 380
2019-01-25 12:11:13,134 - INFO - fastread - 14, 390
2019-01-25 12:11:13,138 - INFO - fastread - 14, 400
2019-01-25 12:11:13,143 - INFO - fastread - 14, 410
2019-01-25 12:11:13,147 - INFO - fastread - 15, 420
2019-01-25 12:11:13,154 - INFO - fastread - 16, 430
2019-01-25 12:11:13,159 - INFO - fastread - 16, 440
2019-01-25 12:11:13,164 - INFO - fastread - 16, 450
2019-01-25 12:11:13,173 - INFO - fastread - 16, 460
2019-01-25 12:11:13,178 - INFO - fastread - 16, 470
2019-01-25 12:11:13,182 - INFO - fastread - 16, 480
2019-01-25 12:11:13,187 - INFO - fastread - 16, 490
2019-01-25 12:11:13,191 - INFO - fastread - 16, 500
2019-01-25 12:11:13,196 - INFO - fastread - 16, 510
2019-01-25 12:11:13,201 - INFO - fastread - 16, 520
2019-01-25 12:11:13,207 - INFO - fastread - 16, 530
2019-01-25 12:11:13,211 - INFO - fastread - 16, 540
2019-01-25 12:11:13,217 - INFO - fastread - 16, 550
2019-01-25 12:11:13,222 - INFO - fastread - 16, 560
2019-01-25 12:11:13,227 - INFO - fastread - 16, 570
2019-01-25 12:11:13,232 - INFO - fastread - 16, 580
2019-01-25 12:11:13,236 - INFO - fastread - 16, 590
2019-01-25 12:11:13,242 - INFO - fastread - 16, 600
2019-01-25 12:11:13,248 - INFO - fastread - 16, 610
2019-01-25 12:11:13,256 - INFO - fastread - 17, 620
2019-01-25 12:11:13,262 - INFO - fastread - 17, 630
2019-01-25 12:11:13,266 - INFO - fastread - 17, 640
2019-01-25 12:11:13,272 - INFO - fastread - 17, 650
2019-01-25 12:11:13,277 - INFO - fastread - 17, 660
2019-01-25 12:11:13,282 - INFO - fastread - 17, 670
2019-01-25 12:11:13,289 - INFO - fastread - 17, 680
2019-01-25 12:11:13,294 - INFO - fastread - 17, 690
2019-01-25 12:11:13,298 - INFO - fastread - 17, 700
2019-01-25 12:11:13,302 - INFO - fastread - 17, 710
2019-01-25 12:11:13,307 - INFO - fastread - 17, 720
2019-01-25 12:11:13,312 - INFO - fastread - 17, 730
2019-01-25 12:11:13,316 - INFO - fastread - 17, 740
2019-01-25 12:11:13,321 - INFO - fastread - 17, 750
2019-01-25 12:11:13,325 - INFO - fastread - 17, 760
2019-01-25 12:11:13,330 - INFO - fastread - 18, 770
2019-01-25 12:11:13,336 - INFO - fastread - 18, 780
2019-01-25 12:11:13,341 - INFO - fastread - 18, 790
2019-01-25 12:11:13,346 - INFO - fastread - 19, 800
2019-01-25 12:11:13,350 - INFO - fastread - 19, 810
2019-01-25 12:11:13,356 - INFO - fastread - 19, 820
2019-01-25 12:11:13,360 - INFO - fastread - 19, 830
2019-01-25 12:11:13,364 - INFO - fastread - 20, 840
2019-01-25 12:11:13,369 - INFO - fastread - 20, 850
2019-01-25 12:11:13,373 - INFO - fastread - 20, 860
2019-01-25 12:11:13,378 - INFO - fastread - 20, 870
2019-01-25 12:11:13,382 - INFO - fastread - 20, 880
2019-01-25 12:11:13,387 - INFO - fastread - 20, 890
2019-01-25 12:11:13,392 - INFO - fastread - 20, 900
2019-01-25 12:11:13,396 - INFO - fastread - 21, 910
2019-01-25 12:11:13,401 - INFO - fastread - 21, 920
2019-01-25 12:11:13,406 - INFO - fastread - 22, 930
2019-01-25 12:11:13,410 - INFO - fastread - 22, 940
2019-01-25 12:11:13,415 - INFO - fastread - 22, 950
2019-01-25 12:11:13,420 - INFO - fastread - 22, 960
2019-01-25 12:11:13,425 - INFO - fastread - 22, 970
2019-01-25 12:11:13,429 - INFO - fastread - 23, 980
2019-01-25 12:11:13,435 - INFO - fastread - 24, 990
2019-01-25 12:11:13,440 - INFO - fastread - 24, 1000
2019-01-25 12:11:13,446 - INFO - fastread - 24, 1010
2019-01-25 12:11:13,451 - INFO - fastread - 24, 1020
2019-01-25 12:11:13,456 - INFO - fastread - 24, 1030
2019-01-25 12:11:13,460 - INFO - fastread - 25, 1040
2019-01-25 12:11:13,478 - INFO - fastread - 26, 1050
2019-01-25 12:11:13,486 - INFO - fastread - 27, 1060
2019-01-25 12:11:13,491 - INFO - fastread - 27, 1070
2019-01-25 12:11:13,497 - INFO - fastread - 27, 1080
2019-01-25 12:11:13,503 - INFO - fastread - 29, 1090
2019-01-25 12:11:13,507 - INFO - fastread - 30, 1100
2019-01-25 12:11:13,513 - INFO - fastread - 31, 1110
2019-01-25 12:11:13,518 - INFO - fastread - 32, 1120
2019-01-25 12:11:13,523 - INFO - fastread - 32, 1130
2019-01-25 12:11:13,528 - INFO - fastread - 32, 1140
2019-01-25 12:11:13,532 - INFO - fastread - 33, 1150
2019-01-25 12:11:13,537 - INFO - fastread - 33, 1160
2019-01-25 12:11:13,542 - INFO - fastread - 33, 1170
2019-01-25 12:11:13,547 - INFO - fastread - 34, 1180
2019-01-25 12:11:13,555 - INFO - fastread - 34, 1190
2019-01-25 12:11:13,560 - INFO - fastread - 34, 1200
2019-01-25 12:11:13,564 - INFO - fastread - 34, 1210
2019-01-25 12:11:13,569 - INFO - fastread - 36, 1220
2019-01-25 12:11:13,574 - INFO - fastread - 36, 1230
2019-01-25 12:11:13,579 - INFO - fastread - 36, 1240
2019-01-25 12:11:13,583 - INFO - fastread - 36, 1250
2019-01-25 12:11:13,590 - INFO - fastread - 36, 1260
2019-01-25 12:11:13,595 - INFO - fastread - 36, 1270
2019-01-25 12:11:13,599 - INFO - fastread - 36, 1280
2019-01-25 12:11:13,605 - INFO - fastread - 37, 1290
2019-01-25 12:11:13,610 - INFO - fastread - 37, 1300
2019-01-25 12:11:13,615 - INFO - fastread - 37, 1310
2019-01-25 12:11:13,621 - INFO - fastread - 37, 1320
2019-01-25 12:11:13,626 - INFO - fastread - 37, 1330
2019-01-25 12:11:13,631 - INFO - fastread - 37, 1340
2019-01-25 12:11:13,636 - INFO - fastread - 39, 1350
2019-01-25 12:11:13,641 - INFO - fastread - 39, 1360
2019-01-25 12:11:13,646 - INFO - fastread - 39, 1370
2019-01-25 12:11:13,653 - INFO - fastread - 39, 1380
2019-01-25 12:11:13,658 - INFO - fastread - 39, 1390
2019-01-25 12:11:13,663 - INFO - fastread - 40, 1400
2019-01-25 12:11:13,669 - INFO - fastread - 41, 1410
2019-01-25 12:11:13,674 - INFO - fastread - 42, 1420
2019-01-25 12:11:13,679 - INFO - fastread - 42, 1430
2019-01-25 12:11:13,684 - INFO - fastread - 43, 1440
2019-01-25 12:11:13,690 - INFO - fastread - 43, 1450
2019-01-25 12:11:13,694 - INFO - fastread - 43, 1460
2019-01-25 12:11:13,699 - INFO - fastread - 45, 1470
2019-01-25 12:11:13,705 - INFO - fastread - 47, 1480
2019-01-25 12:11:13,709 - INFO - fastread - 47, 1490
2019-01-25 12:11:13,715 - INFO - fastread - 47, 1500
2019-01-25 12:11:13,720 - INFO - fastread - 48, 1510
2019-01-25 12:11:13,725 - INFO - fastread - 48, 1520
2019-01-25 12:11:13,730 - INFO - fastread - 48, 1530
2019-01-25 12:11:13,735 - INFO - fastread - 48, 1540
2019-01-25 12:11:13,740 - INFO - fastread - 49, 1550
2019-01-25 12:11:13,745 - INFO - fastread - 49, 1560
2019-01-25 12:11:13,751 - INFO - fastread - 49, 1570
2019-01-25 12:11:13,756 - INFO - fastread - 50, 1580
2019-01-25 12:11:13,761 - INFO - fastread - 50, 1590
2019-01-25 12:11:13,767 - INFO - fastread - 51, 1600
2019-01-25 12:11:13,773 - INFO - fastread - 51, 1610
2019-01-25 12:11:13,778 - INFO - fastread - 51, 1620
2019-01-25 12:11:13,783 - INFO - fastread - 51, 1630
2019-01-25 12:11:13,790 - INFO - fastread - 51, 1640
2019-01-25 12:11:13,795 - INFO - fastread - 52, 1650
2019-01-25 12:11:13,800 - INFO - fastread - 52, 1660
2019-01-25 12:11:13,805 - INFO - fastread - 53, 1670
2019-01-25 12:11:13,811 - INFO - fastread - 54, 1680
2019-01-25 12:11:13,816 - INFO - fastread - 54, 1690
2019-01-25 12:11:13,822 - INFO - fastread - 54, 1700
2019-01-25 12:11:13,827 - INFO - fastread - 54, 1710
2019-01-25 12:11:13,832 - INFO - fastread - 54, 1720
2019-01-25 12:11:13,838 - INFO - fastread - 54, 1730
2019-01-25 12:11:13,843 - INFO - fastread - 54, 1740
2019-01-25 12:11:13,849 - INFO - fastread - 54, 1750
2019-01-25 12:11:13,854 - INFO - fastread - 54, 1760
2019-01-25 12:11:13,859 - INFO - fastread - 54, 1770
2019-01-25 12:11:13,865 - INFO - fastread - 54, 1780
2019-01-25 12:11:13,871 - INFO - fastread - 54, 1790
2019-01-25 12:11:13,890 - INFO - fastread - 55, 1800
2019-01-25 12:11:13,896 - INFO - fastread - 55, 1810
2019-01-25 12:11:13,901 - INFO - fastread - 57, 1820
2019-01-25 12:11:13,907 - INFO - fastread - 57, 1830
2019-01-25 12:11:13,912 - INFO - fastread - 59, 1840
2019-01-25 12:11:13,917 - INFO - fastread - 59, 1850
2019-01-25 12:11:13,923 - INFO - fastread - 60, 1860
2019-01-25 12:11:13,928 - INFO - fastread - 63, 1870
2019-01-25 12:11:13,934 - INFO - fastread - 63, 1880
2019-01-25 12:11:13,939 - INFO - fastread - 63, 1890
2019-01-25 12:11:13,945 - INFO - fastread - 63, 1900
2019-01-25 12:11:13,950 - INFO - fastread - 64, 1910
2019-01-25 12:11:13,955 - INFO - fastread - 64, 1920
2019-01-25 12:11:13,960 - INFO - fastread - 64, 1930
2019-01-25 12:11:13,965 - INFO - fastread - 64, 1940
2019-01-25 12:11:13,970 - INFO - fastread - 64, 1950
2019-01-25 12:11:13,975 - INFO - fastread - 64, 1960
2019-01-25 12:11:13,981 - INFO - fastread - 64, 1970
2019-01-25 12:11:13,986 - INFO - fastread - 66, 1980
2019-01-25 12:11:13,992 - INFO - fastread - 66, 1990
2019-01-25 12:11:13,997 - INFO - fastread - 67, 2000
2019-01-25 12:11:14,002 - INFO - fastread - 67, 2010
2019-01-25 12:11:14,008 - INFO - fastread - 69, 2020
2019-01-25 12:11:14,012 - INFO - fastread - 70, 2030
2019-01-25 12:11:14,018 - INFO - fastread - 71, 2040
2019-01-25 12:11:14,023 - INFO - fastread - 71, 2050
2019-01-25 12:11:14,028 - INFO - fastread - 71, 2060
2019-01-25 12:11:14,033 - INFO - fastread - 71, 2070
2019-01-25 12:11:14,039 - INFO - fastread - 71, 2080
2019-01-25 12:11:14,044 - INFO - fastread - 71, 2090
2019-01-25 12:11:14,049 - INFO - fastread - 71, 2100
2019-01-25 12:11:14,055 - INFO - fastread - 71, 2110
2019-01-25 12:11:14,060 - INFO - fastread - 71, 2120
2019-01-25 12:11:14,065 - INFO - fastread - 71, 2130
2019-01-25 12:11:14,070 - INFO - fastread - 72, 2140
2019-01-25 12:11:14,076 - INFO - fastread - 72, 2150
2019-01-25 12:11:14,082 - INFO - fastread - 72, 2160
2019-01-25 12:11:14,087 - INFO - fastread - 72, 2170
2019-01-25 12:11:14,093 - INFO - fastread - 72, 2180
2019-01-25 12:11:14,098 - INFO - fastread - 72, 2190
2019-01-25 12:11:14,104 - INFO - fastread - 72, 2200
2019-01-25 12:11:14,110 - INFO - fastread - 72, 2210
2019-01-25 12:11:14,116 - INFO - fastread - 72, 2220
2019-01-25 12:11:14,122 - INFO - fastread - 74, 2230
2019-01-25 12:11:14,128 - INFO - fastread - 74, 2240
2019-01-25 12:11:14,134 - INFO - fastread - 74, 2250
2019-01-25 12:11:14,140 - INFO - fastread - 74, 2260
2019-01-25 12:11:14,146 - INFO - fastread - 74, 2270
2019-01-25 12:11:14,152 - INFO - fastread - 74, 2280
2019-01-25 12:11:14,158 - INFO - fastread - 74, 2290
2019-01-25 12:11:14,163 - INFO - fastread - 74, 2300
2019-01-25 12:11:14,170 - INFO - fastread - 76, 2310
2019-01-25 12:11:14,175 - INFO - fastread - 76, 2320
2019-01-25 12:11:14,181 - INFO - fastread - 76, 2330
2019-01-25 12:11:14,187 - INFO - fastread - 76, 2340
2019-01-25 12:11:14,193 - INFO - fastread - 76, 2350
2019-01-25 12:11:14,199 - INFO - fastread - 76, 2360
2019-01-25 12:11:14,219 - INFO - fastread - 76, 2370
2019-01-25 12:11:14,233 - INFO - fastread - 76, 2380
2019-01-25 12:11:14,240 - INFO - fastread - 76, 2390
2019-01-25 12:11:14,245 - INFO - fastread - 76, 2400
2019-01-25 12:11:14,251 - INFO - fastread - 76, 2410
2019-01-25 12:11:14,257 - INFO - fastread - 76, 2420
2019-01-25 12:11:14,264 - INFO - fastread - 76, 2430
2019-01-25 12:11:14,271 - INFO - fastread - 76, 2440
2019-01-25 12:11:14,276 - INFO - fastread - 76, 2450
2019-01-25 12:11:14,282 - INFO - fastread - 76, 2460
2019-01-25 12:11:14,288 - INFO - fastread - 76, 2470
2019-01-25 12:11:14,293 - INFO - fastread - 76, 2480
2019-01-25 12:11:14,299 - INFO - fastread - 76, 2490
2019-01-25 12:11:14,304 - INFO - fastread - 78, 2500
2019-01-25 12:11:14,311 - INFO - fastread - 78, 2510
2019-01-25 12:11:14,317 - INFO - fastread - 78, 2520
2019-01-25 12:11:14,323 - INFO - fastread - 78, 2530
2019-01-25 12:11:14,330 - INFO - fastread - 78, 2540
2019-01-25 12:11:14,337 - INFO - fastread - 79, 2550
2019-01-25 12:11:14,346 - INFO - fastread - 79, 2560
2019-01-25 12:11:14,352 - INFO - fastread - 79, 2570
2019-01-25 12:11:14,358 - INFO - fastread - 79, 2580
2019-01-25 12:11:14,363 - INFO - fastread - 81, 2590
2019-01-25 12:11:14,370 - INFO - fastread - 81, 2600
2019-01-25 12:11:14,376 - INFO - fastread - 81, 2610
2019-01-25 12:11:14,381 - INFO - fastread - 81, 2620
2019-01-25 12:11:14,387 - INFO - fastread - 81, 2630
2019-01-25 12:11:14,393 - INFO - fastread - 81, 2640
2019-01-25 12:11:14,398 - INFO - fastread - 81, 2650
2019-01-25 12:11:14,406 - INFO - fastread - 82, 2660
2019-01-25 12:11:14,412 - INFO - fastread - 82, 2670
2019-01-25 12:11:14,420 - INFO - fastread - 82, 2680
2019-01-25 12:11:14,426 - INFO - fastread - 82, 2690
2019-01-25 12:11:14,431 - INFO - fastread - 82, 2700
2019-01-25 12:11:14,444 - INFO - fastread - 84, 2710
2019-01-25 12:11:14,451 - INFO - fastread - 85, 2720
2019-01-25 12:11:14,459 - INFO - fastread - 85, 2730
2019-01-25 12:11:14,465 - INFO - fastread - 87, 2740
2019-01-25 12:11:14,471 - INFO - fastread - 87, 2750
2019-01-25 12:11:14,477 - INFO - fastread - 88, 2760
2019-01-25 12:11:14,483 - INFO - fastread - 88, 2770
2019-01-25 12:11:14,489 - INFO - fastread - 88, 2780
2019-01-25 12:11:14,495 - INFO - fastread - 88, 2790
2019-01-25 12:11:14,500 - INFO - fastread - 89, 2800
2019-01-25 12:11:14,506 - INFO - fastread - 89, 2810
2019-01-25 12:11:14,511 - INFO - fastread - 89, 2820
2019-01-25 12:11:14,517 - INFO - fastread - 90, 2830
2019-01-25 12:11:14,523 - INFO - fastread - 90, 2840
2019-01-25 12:11:14,528 - INFO - fastread - 90, 2850
2019-01-25 12:11:14,533 - INFO - fastread - 91, 2860
2019-01-25 12:11:14,542 - INFO - fastread - 92, 2870
2019-01-25 12:11:14,548 - INFO - fastread - 92, 2880
2019-01-25 12:11:14,554 - INFO - fastread - 93, 2890
2019-01-25 12:11:14,560 - INFO - fastread - 93, 2900
2019-01-25 12:11:14,566 - INFO - fastread - 94, 2910
2019-01-25 12:11:14,573 - INFO - fastread - 94, 2920
2019-01-25 12:11:14,579 - INFO - fastread - 95, 2930
2019-01-25 12:11:14,584 - INFO - fastread - 96, 2940
2019-01-25 12:11:14,592 - INFO - fastread - 96, 2950
2019-01-25 12:11:14,598 - INFO - fastread - 96, 2960
2019-01-25 12:11:14,604 - INFO - fastread - 97, 2970
2019-01-25 12:11:14,610 - INFO - fastread - 98, 2980
2019-01-25 12:11:14,616 - INFO - fastread - 98, 2990
2019-01-25 12:11:14,622 - INFO - fastread - 98, 3000
2019-01-25 12:11:14,629 - INFO - fastread - 98, 3010
2019-01-25 12:11:14,637 - INFO - fastread - 98, 3020
2019-01-25 12:11:14,643 - INFO - fastread - 98, 3030
2019-01-25 12:11:14,649 - INFO - fastread - 98, 3040
2019-01-25 12:11:14,655 - INFO - fastread - 98, 3050
2019-01-25 12:11:14,661 - INFO - fastread - 98, 3060
2019-01-25 12:11:14,667 - INFO - fastread - 98, 3070
2019-01-25 12:11:14,674 - INFO - fastread - 98, 3080
2019-01-25 12:11:14,680 - INFO - fastread - 99, 3090
2019-01-25 12:11:14,688 - INFO - fastread - 99, 3100
2019-01-25 12:11:14,694 - INFO - fastread - 99, 3110
2019-01-25 12:11:14,701 - INFO - fastread - 99, 3120
2019-01-25 12:11:14,707 - INFO - fastread - 100, 3130
2019-01-25 12:11:14,713 - INFO - fastread - 100, 3140
2019-01-25 12:11:14,719 - INFO - fastread - 100, 3150
2019-01-25 12:11:14,725 - INFO - fastread - 100, 3160
2019-01-25 12:11:14,731 - INFO - fastread - 100, 3170
2019-01-25 12:11:14,738 - INFO - fastread - 100, 3180
2019-01-25 12:11:14,744 - INFO - fastread - 102, 3190
2019-01-25 12:11:14,750 - INFO - fastread - 103, 3200
2019-01-25 12:11:14,757 - INFO - fastread - 103, 3210
2019-01-25 12:11:14,762 - INFO - fastread - 104, 3220
2019-01-25 12:11:14,769 - INFO - fastread - 104, 3230
2019-01-25 12:11:14,775 - INFO - fastread - 105, 3240
2019-01-25 12:11:14,781 - INFO - fastread - 105, 3250
2019-01-25 12:11:14,799 - INFO - fastread - 106, 3260
2019-01-25 12:11:14,805 - INFO - fastread - 107, 3270
2019-01-25 12:11:14,811 - INFO - fastread - 107, 3280
2019-01-25 12:11:14,818 - INFO - fastread - 108, 3290
2019-01-25 12:11:14,824 - INFO - fastread - 108, 3300
2019-01-25 12:11:14,830 - INFO - fastread - 109, 3310
2019-01-25 12:11:14,836 - INFO - fastread - 110, 3320
2019-01-25 12:11:14,842 - INFO - fastread - 110, 3330
2019-01-25 12:11:14,848 - INFO - fastread - 110, 3340
2019-01-25 12:11:14,854 - INFO - fastread - 110, 3350
2019-01-25 12:11:14,861 - INFO - fastread - 110, 3360
2019-01-25 12:11:14,868 - INFO - fastread - 111, 3370
2019-01-25 12:11:14,874 - INFO - fastread - 113, 3380
2019-01-25 12:11:14,880 - INFO - fastread - 113, 3390
2019-01-25 12:11:14,887 - INFO - fastread - 113, 3400
2019-01-25 12:11:14,893 - INFO - fastread - 113, 3410
2019-01-25 12:11:14,899 - INFO - fastread - 113, 3420
2019-01-25 12:11:14,905 - INFO - fastread - 114, 3430
2019-01-25 12:11:14,910 - INFO - fastread - 114, 3440
2019-01-25 12:11:14,916 - INFO - fastread - 114, 3450
2019-01-25 12:11:14,923 - INFO - fastread - 115, 3460
2019-01-25 12:11:14,928 - INFO - fastread - 115, 3470
2019-01-25 12:11:14,936 - INFO - fastread - 115, 3480
2019-01-25 12:11:14,943 - INFO - fastread - 115, 3490
2019-01-25 12:11:14,950 - INFO - fastread - 116, 3500
2019-01-25 12:11:14,957 - INFO - fastread - 116, 3510
2019-01-25 12:11:14,962 - INFO - fastread - 116, 3520
2019-01-25 12:11:14,969 - INFO - fastread - 116, 3530
2019-01-25 12:11:14,975 - INFO - fastread - 116, 3540
2019-01-25 12:11:14,980 - INFO - fastread - 116, 3550
2019-01-25 12:11:14,988 - INFO - fastread - 116, 3560
2019-01-25 12:11:14,993 - INFO - fastread - 116, 3570
2019-01-25 12:11:14,998 - INFO - fastread - 117, 3580
2019-01-25 12:11:15,004 - INFO - fastread - 117, 3590
2019-01-25 12:11:15,009 - INFO - fastread - 117, 3600
2019-01-25 12:11:15,014 - INFO - fastread - 117, 3610
2019-01-25 12:11:15,022 - INFO - fastread - 117, 3620
2019-01-25 12:11:15,028 - INFO - fastread - 117, 3630
2019-01-25 12:11:15,033 - INFO - fastread - 117, 3640
2019-01-25 12:11:15,041 - INFO - fastread - 118, 3650
2019-01-25 12:11:15,047 - INFO - fastread - 118, 3660
2019-01-25 12:11:15,055 - INFO - fastread - 118, 3670
2019-01-25 12:11:15,063 - INFO - fastread - 119, 3680
2019-01-25 12:11:15,071 - INFO - fastread - 120, 3690
2019-01-25 12:11:15,077 - INFO - fastread - 122, 3700
2019-01-25 12:11:15,085 - INFO - fastread - 123, 3710
2019-01-25 12:11:15,092 - INFO - fastread - 123, 3720
2019-01-25 12:11:15,098 - INFO - fastread - 123, 3730
2019-01-25 12:11:15,105 - INFO - fastread - 123, 3740
2019-01-25 12:11:15,111 - INFO - fastread - 123, 3750
2019-01-25 12:11:15,118 - INFO - fastread - 123, 3760
2019-01-25 12:11:15,124 - INFO - fastread - 123, 3770
2019-01-25 12:11:15,130 - INFO - fastread - 123, 3780
2019-01-25 12:11:15,136 - INFO - fastread - 123, 3790
2019-01-25 12:11:15,142 - INFO - fastread - 124, 3800
2019-01-25 12:11:15,147 - INFO - fastread - 126, 3810
2019-01-25 12:11:15,170 - INFO - rig - ++++NEW CLF++++ SVM
2019-01-25 12:11:15,171 - INFO - fastread - Total Yes: 131 | Total No: 3967
2019-01-25 12:23:06,809 - INFO - fastread - 7, 10
2019-01-25 12:23:06,819 - INFO - fastread - 15, 20
2019-01-25 12:23:06,827 - INFO - fastread - 23, 30
2019-01-25 12:23:06,829 - INFO - fastread - 26, 40
2019-01-25 12:23:06,839 - INFO - fastread - 33, 50
2019-01-25 12:23:06,839 - INFO - fastread - 39, 60
2019-01-25 12:23:06,850 - INFO - fastread - 42, 70
2019-01-25 12:23:06,858 - INFO - fastread - 47, 80
2019-01-25 12:23:06,860 - INFO - fastread - 50, 90
2019-01-25 12:23:06,870 - INFO - fastread - 57, 100
2019-01-25 12:23:06,870 - INFO - fastread - 60, 110
2019-01-25 12:23:06,880 - INFO - fastread - 61, 120
2019-01-25 12:23:06,880 - INFO - fastread - 65, 130
2019-01-25 12:23:06,890 - INFO - fastread - 66, 140
2019-01-25 12:23:06,898 - INFO - fastread - 68, 150
2019-01-25 12:23:06,900 - INFO - fastread - 68, 160
2019-01-25 12:23:06,910 - INFO - fastread - 69, 170
2019-01-25 12:23:06,910 - INFO - fastread - 72, 180
2019-01-25 12:23:06,920 - INFO - fastread - 72, 190
2019-01-25 12:23:06,920 - INFO - fastread - 72, 200
2019-01-25 12:23:06,930 - INFO - fastread - 74, 210
2019-01-25 12:23:06,930 - INFO - fastread - 78, 220
2019-01-25 12:23:06,940 - INFO - fastread - 81, 230
2019-01-25 12:23:06,948 - INFO - fastread - 84, 240
2019-01-25 12:23:06,950 - INFO - fastread - 85, 250
2019-01-25 12:23:06,960 - INFO - fastread - 86, 260
2019-01-25 12:23:06,960 - INFO - fastread - 86, 270
2019-01-25 12:23:06,971 - INFO - fastread - 86, 280
2019-01-25 12:23:06,979 - INFO - fastread - 87, 290
2019-01-25 12:23:06,981 - INFO - fastread - 87, 300
2019-01-25 12:23:07,009 - INFO - fastread - 87, 310
2019-01-25 12:23:07,011 - INFO - fastread - 87, 320
2019-01-25 12:23:07,021 - INFO - fastread - 87, 330
2019-01-25 12:23:07,021 - INFO - fastread - 90, 340
2019-01-25 12:23:07,031 - INFO - fastread - 90, 350
2019-01-25 12:23:07,039 - INFO - fastread - 91, 360
2019-01-25 12:23:07,041 - INFO - fastread - 91, 370
2019-01-25 12:23:07,051 - INFO - fastread - 91, 380
2019-01-25 12:23:07,051 - INFO - fastread - 91, 390
2019-01-25 12:23:07,062 - INFO - fastread - 93, 400
2019-01-25 12:23:07,070 - INFO - fastread - 94, 410
2019-01-25 12:23:07,072 - INFO - fastread - 95, 420
2019-01-25 12:23:07,082 - INFO - fastread - 95, 430
2019-01-25 12:23:07,082 - INFO - fastread - 95, 440
2019-01-25 12:23:07,092 - INFO - fastread - 97, 450
2019-01-25 12:23:07,100 - INFO - fastread - 97, 460
2019-01-25 12:23:07,102 - INFO - fastread - 97, 470
2019-01-25 12:23:07,112 - INFO - fastread - 98, 480
2019-01-25 12:23:07,122 - INFO - fastread - 98, 490
2019-01-25 12:23:07,122 - INFO - fastread - 99, 500
2019-01-25 12:23:07,132 - INFO - fastread - 99, 510
2019-01-25 12:23:07,132 - INFO - fastread - 99, 520
2019-01-25 12:23:07,142 - INFO - fastread - 99, 530
2019-01-25 12:23:07,150 - INFO - fastread - 99, 540
2019-01-25 12:23:07,152 - INFO - fastread - 99, 550
2019-01-25 12:23:07,163 - INFO - fastread - 100, 560
2019-01-25 12:23:07,163 - INFO - fastread - 100, 570
2019-01-25 12:23:07,173 - INFO - fastread - 100, 580
2019-01-25 12:23:07,183 - INFO - fastread - 100, 590
2019-01-25 12:23:07,183 - INFO - fastread - 101, 600
2019-01-25 12:23:07,193 - INFO - fastread - 101, 610
2019-01-25 12:23:07,203 - INFO - fastread - 102, 620
2019-01-25 12:23:07,203 - INFO - fastread - 102, 630
2019-01-25 12:23:07,213 - INFO - fastread - 102, 640
2019-01-25 12:23:07,221 - INFO - fastread - 103, 650
2019-01-25 12:23:07,223 - INFO - fastread - 103, 660
2019-01-25 12:23:07,233 - INFO - fastread - 104, 670
2019-01-25 12:23:07,241 - INFO - fastread - 104, 680
2019-01-25 12:23:07,243 - INFO - fastread - 104, 690
2019-01-25 12:23:07,254 - INFO - fastread - 104, 700
2019-01-25 12:23:07,254 - INFO - fastread - 104, 710
2019-01-25 12:23:07,264 - INFO - fastread - 106, 720
2019-01-25 12:23:07,274 - INFO - fastread - 106, 730
2019-01-25 12:23:07,274 - INFO - fastread - 106, 740
2019-01-25 12:23:07,284 - INFO - fastread - 106, 750
2019-01-25 12:23:07,292 - INFO - fastread - 106, 760
2019-01-25 12:23:07,294 - INFO - fastread - 106, 770
2019-01-25 12:23:07,304 - INFO - fastread - 106, 780
2019-01-25 12:23:07,304 - INFO - fastread - 106, 790
2019-01-25 12:23:07,314 - INFO - fastread - 106, 800
2019-01-25 12:23:07,322 - INFO - fastread - 106, 810
2019-01-25 12:23:07,324 - INFO - fastread - 106, 820
2019-01-25 12:23:07,334 - INFO - fastread - 106, 830
2019-01-25 12:23:07,344 - INFO - fastread - 106, 840
2019-01-25 12:23:07,344 - INFO - fastread - 106, 850
2019-01-25 12:23:07,355 - INFO - fastread - 106, 860
2019-01-25 12:23:07,363 - INFO - fastread - 106, 870
2019-01-25 12:23:07,365 - INFO - fastread - 106, 880
2019-01-25 12:23:07,375 - INFO - fastread - 106, 890
2019-01-25 12:23:07,375 - INFO - fastread - 106, 900
2019-01-25 12:23:07,385 - INFO - fastread - 106, 910
2019-01-25 12:23:07,385 - INFO - fastread - 106, 920
2019-01-25 12:23:07,395 - INFO - fastread - 106, 930
2019-01-25 12:23:07,403 - INFO - fastread - 106, 940
2019-01-25 12:23:07,405 - INFO - fastread - 106, 950
2019-01-25 12:23:07,415 - INFO - fastread - 106, 960
2019-01-25 12:23:07,415 - INFO - fastread - 106, 970
2019-01-25 12:23:07,425 - INFO - fastread - 106, 980
2019-01-25 12:23:07,433 - INFO - fastread - 106, 990
2019-01-25 12:23:07,435 - INFO - fastread - 106, 1000
2019-01-25 12:23:07,445 - INFO - fastread - 106, 1010
2019-01-25 12:23:07,445 - INFO - fastread - 106, 1020
2019-01-25 12:23:07,456 - INFO - fastread - 106, 1030
2019-01-25 12:23:07,464 - INFO - fastread - 106, 1040
2019-01-25 12:23:07,466 - INFO - fastread - 106, 1050
2019-01-25 12:23:07,476 - INFO - fastread - 106, 1060
2019-01-25 12:23:07,476 - INFO - fastread - 106, 1070
2019-01-25 12:23:07,486 - INFO - fastread - 107, 1080
2019-01-25 12:23:07,494 - INFO - fastread - 108, 1090
2019-01-25 12:23:07,496 - INFO - fastread - 108, 1100
2019-01-25 12:23:07,506 - INFO - fastread - 108, 1110
2019-01-25 12:23:07,514 - INFO - fastread - 109, 1120
2019-01-25 12:23:07,516 - INFO - fastread - 109, 1130
2019-01-25 12:23:07,526 - INFO - fastread - 109, 1140
2019-01-25 12:23:07,526 - INFO - fastread - 109, 1150
2019-01-25 12:23:07,536 - INFO - fastread - 110, 1160
2019-01-25 12:23:07,536 - INFO - fastread - 112, 1170
2019-01-25 12:23:07,546 - INFO - fastread - 112, 1180
2019-01-25 12:23:07,555 - INFO - fastread - 112, 1190
2019-01-25 12:23:07,557 - INFO - fastread - 112, 1200
2019-01-25 12:23:07,567 - INFO - fastread - 112, 1210
2019-01-25 12:23:07,575 - INFO - fastread - 112, 1220
2019-01-25 12:23:07,577 - INFO - fastread - 112, 1230
2019-01-25 12:23:07,587 - INFO - fastread - 112, 1240
2019-01-25 12:23:07,595 - INFO - fastread - 112, 1250
2019-01-25 12:23:07,597 - INFO - fastread - 112, 1260
2019-01-25 12:23:07,605 - INFO - fastread - 112, 1270
2019-01-25 12:23:07,607 - INFO - fastread - 112, 1280
2019-01-25 12:23:07,617 - INFO - fastread - 112, 1290
2019-01-25 12:23:07,617 - INFO - fastread - 112, 1300
2019-01-25 12:23:07,627 - INFO - fastread - 114, 1310
2019-01-25 12:23:07,635 - INFO - fastread - 114, 1320
2019-01-25 12:23:07,637 - INFO - fastread - 114, 1330
2019-01-25 12:23:07,647 - INFO - fastread - 114, 1340
2019-01-25 12:23:07,647 - INFO - fastread - 114, 1350
2019-01-25 12:23:07,657 - INFO - fastread - 114, 1360
2019-01-25 12:23:07,666 - INFO - fastread - 114, 1370
2019-01-25 12:23:07,668 - INFO - fastread - 115, 1380
2019-01-25 12:23:07,678 - INFO - fastread - 115, 1390
2019-01-25 12:23:07,678 - INFO - fastread - 115, 1400
2019-01-25 12:23:07,688 - INFO - fastread - 115, 1410
2019-01-25 12:23:07,696 - INFO - fastread - 115, 1420
2019-01-25 12:23:07,698 - INFO - fastread - 116, 1430
2019-01-25 12:23:07,706 - INFO - fastread - 116, 1440
2019-01-25 12:23:07,708 - INFO - fastread - 117, 1450
2019-01-25 12:23:07,718 - INFO - fastread - 117, 1460
2019-01-25 12:23:07,726 - INFO - fastread - 117, 1470
2019-01-25 12:23:07,728 - INFO - fastread - 117, 1480
2019-01-25 12:23:07,738 - INFO - fastread - 117, 1490
2019-01-25 12:23:07,738 - INFO - fastread - 117, 1500
2019-01-25 12:23:07,748 - INFO - fastread - 117, 1510
2019-01-25 12:23:07,758 - INFO - fastread - 117, 1520
2019-01-25 12:23:07,758 - INFO - fastread - 117, 1530
2019-01-25 12:23:07,768 - INFO - fastread - 117, 1540
2019-01-25 12:23:07,779 - INFO - fastread - 117, 1550
2019-01-25 12:23:07,779 - INFO - fastread - 117, 1560
2019-01-25 12:23:07,789 - INFO - fastread - 117, 1570
2019-01-25 12:23:07,797 - INFO - fastread - 117, 1580
2019-01-25 12:23:07,799 - INFO - fastread - 117, 1590
2019-01-25 12:23:07,809 - INFO - fastread - 117, 1600
2019-01-25 12:23:07,809 - INFO - fastread - 117, 1610
2019-01-25 12:23:07,819 - INFO - fastread - 117, 1620
2019-01-25 12:23:07,827 - INFO - fastread - 117, 1630
2019-01-25 12:23:07,829 - INFO - fastread - 117, 1640
2019-01-25 12:23:07,839 - INFO - fastread - 117, 1650
2019-01-25 12:23:07,839 - INFO - fastread - 117, 1660
2019-01-25 12:23:07,849 - INFO - fastread - 118, 1670
2019-01-25 12:23:07,857 - INFO - fastread - 118, 1680
2019-01-25 12:23:07,859 - INFO - fastread - 118, 1690
2019-01-25 12:23:07,869 - INFO - fastread - 118, 1700
2019-01-25 12:23:07,869 - INFO - fastread - 118, 1710
2019-01-25 12:23:07,880 - INFO - fastread - 119, 1720
2019-01-25 12:23:07,880 - INFO - fastread - 119, 1730
2019-01-25 12:23:07,890 - INFO - fastread - 120, 1740
2019-01-25 12:23:07,898 - INFO - fastread - 120, 1750
2019-01-25 12:23:07,900 - INFO - fastread - 120, 1760
2019-01-25 12:23:07,910 - INFO - fastread - 120, 1770
2019-01-25 12:23:07,910 - INFO - fastread - 120, 1780
2019-01-25 12:23:07,920 - INFO - fastread - 120, 1790
2019-01-25 12:23:07,928 - INFO - fastread - 120, 1800
2019-01-25 12:23:07,930 - INFO - fastread - 120, 1810
2019-01-25 12:23:07,938 - INFO - fastread - 122, 1820
2019-01-25 12:23:07,940 - INFO - fastread - 123, 1830
2019-01-25 12:23:07,950 - INFO - fastread - 123, 1840
2019-01-25 12:23:07,950 - INFO - fastread - 123, 1850
2019-01-25 12:23:07,960 - INFO - fastread - 123, 1860
2019-01-25 12:23:07,968 - INFO - fastread - 123, 1870
2019-01-25 12:23:07,970 - INFO - fastread - 123, 1880
2019-01-25 12:23:07,981 - INFO - fastread - 123, 1890
2019-01-25 12:23:07,981 - INFO - fastread - 123, 1900
2019-01-25 12:23:07,991 - INFO - fastread - 123, 1910
2019-01-25 12:23:07,999 - INFO - fastread - 123, 1920
2019-01-25 12:23:08,001 - INFO - fastread - 123, 1930
2019-01-25 12:23:08,011 - INFO - fastread - 123, 1940
2019-01-25 12:23:08,011 - INFO - fastread - 123, 1950
2019-01-25 12:23:08,021 - INFO - fastread - 123, 1960
2019-01-25 12:23:08,029 - INFO - fastread - 123, 1970
2019-01-25 12:23:08,031 - INFO - fastread - 123, 1980
2019-01-25 12:23:08,041 - INFO - fastread - 123, 1990
2019-01-25 12:23:08,041 - INFO - fastread - 123, 2000
2019-01-25 12:23:08,051 - INFO - fastread - 123, 2010
2019-01-25 12:23:08,059 - INFO - fastread - 123, 2020
2019-01-25 12:23:08,061 - INFO - fastread - 123, 2030
2019-01-25 12:23:08,071 - INFO - fastread - 123, 2040
2019-01-25 12:23:08,079 - INFO - fastread - 123, 2050
2019-01-25 12:23:08,081 - INFO - fastread - 123, 2060
2019-01-25 12:23:08,092 - INFO - fastread - 123, 2070
2019-01-25 12:23:08,092 - INFO - fastread - 123, 2080
2019-01-25 12:23:08,102 - INFO - fastread - 123, 2090
2019-01-25 12:23:08,110 - INFO - fastread - 123, 2100
2019-01-25 12:23:08,112 - INFO - fastread - 123, 2110
2019-01-25 12:23:08,122 - INFO - fastread - 123, 2120
2019-01-25 12:23:08,130 - INFO - fastread - 123, 2130
2019-01-25 12:23:08,132 - INFO - fastread - 123, 2140
2019-01-25 12:23:08,142 - INFO - fastread - 124, 2150
2019-01-25 12:23:08,142 - INFO - fastread - 125, 2160
2019-01-25 12:23:08,170 - INFO - rig - ++++NEW CLF++++ DT
2019-01-25 12:23:08,172 - INFO - fastread - Total Yes: 131 | Total No: 3967
2019-01-25 12:23:28,323 - INFO - fastread - 8, 10
2019-01-25 12:23:28,323 - INFO - fastread - 12, 20
2019-01-25 12:23:28,333 - INFO - fastread - 17, 30
2019-01-25 12:23:28,333 - INFO - fastread - 24, 40
2019-01-25 12:23:28,343 - INFO - fastread - 28, 50
2019-01-25 12:23:28,351 - INFO - fastread - 33, 60
2019-01-25 12:23:28,353 - INFO - fastread - 38, 70
2019-01-25 12:23:28,362 - INFO - fastread - 42, 80
2019-01-25 12:23:28,364 - INFO - fastread - 49, 90
2019-01-25 12:23:28,372 - INFO - fastread - 52, 100
2019-01-25 12:23:28,374 - INFO - fastread - 58, 110
2019-01-25 12:23:28,384 - INFO - fastread - 63, 120
2019-01-25 12:23:28,384 - INFO - fastread - 68, 130
2019-01-25 12:23:28,394 - INFO - fastread - 68, 140
2019-01-25 12:23:28,394 - INFO - fastread - 68, 150
2019-01-25 12:23:28,404 - INFO - fastread - 68, 160
2019-01-25 12:23:28,412 - INFO - fastread - 68, 170
2019-01-25 12:23:28,414 - INFO - fastread - 68, 180
2019-01-25 12:23:28,422 - INFO - fastread - 68, 190
2019-01-25 12:23:28,424 - INFO - fastread - 68, 200
2019-01-25 12:23:28,434 - INFO - fastread - 68, 210
2019-01-25 12:23:28,434 - INFO - fastread - 68, 220
2019-01-25 12:23:28,444 - INFO - fastread - 68, 230
2019-01-25 12:23:28,444 - INFO - fastread - 68, 240
2019-01-25 12:23:28,454 - INFO - fastread - 68, 250
2019-01-25 12:23:28,463 - INFO - fastread - 69, 260
2019-01-25 12:23:28,465 - INFO - fastread - 69, 270
2019-01-25 12:23:28,473 - INFO - fastread - 69, 280
2019-01-25 12:23:28,475 - INFO - fastread - 69, 290
2019-01-25 12:23:28,485 - INFO - fastread - 69, 300
2019-01-25 12:23:28,485 - INFO - fastread - 69, 310
2019-01-25 12:23:28,495 - INFO - fastread - 69, 320
2019-01-25 12:23:28,495 - INFO - fastread - 69, 330
2019-01-25 12:23:28,505 - INFO - fastread - 69, 340
2019-01-25 12:23:28,513 - INFO - fastread - 69, 350
2019-01-25 12:23:28,515 - INFO - fastread - 69, 360
2019-01-25 12:23:28,525 - INFO - fastread - 69, 370
2019-01-25 12:23:28,525 - INFO - fastread - 69, 380
2019-01-25 12:23:28,535 - INFO - fastread - 69, 390
2019-01-25 12:23:28,535 - INFO - fastread - 69, 400
2019-01-25 12:23:28,545 - INFO - fastread - 70, 410
2019-01-25 12:23:28,553 - INFO - fastread - 70, 420
2019-01-25 12:23:28,555 - INFO - fastread - 71, 430
2019-01-25 12:23:28,566 - INFO - fastread - 71, 440
2019-01-25 12:23:28,566 - INFO - fastread - 72, 450
2019-01-25 12:23:28,576 - INFO - fastread - 72, 460
2019-01-25 12:23:28,576 - INFO - fastread - 72, 470
2019-01-25 12:23:28,586 - INFO - fastread - 72, 480
2019-01-25 12:23:28,594 - INFO - fastread - 72, 490
2019-01-25 12:23:28,596 - INFO - fastread - 72, 500
2019-01-25 12:23:28,606 - INFO - fastread - 72, 510
2019-01-25 12:23:28,606 - INFO - fastread - 72, 520
2019-01-25 12:23:28,616 - INFO - fastread - 72, 530
2019-01-25 12:23:28,626 - INFO - fastread - 72, 540
2019-01-25 12:23:28,635 - INFO - fastread - 72, 550
2019-01-25 12:23:28,637 - INFO - fastread - 72, 560
2019-01-25 12:23:28,647 - INFO - fastread - 72, 570
2019-01-25 12:23:28,647 - INFO - fastread - 73, 580
2019-01-25 12:23:28,657 - INFO - fastread - 73, 590
2019-01-25 12:23:28,665 - INFO - fastread - 73, 600
2019-01-25 12:23:28,667 - INFO - fastread - 73, 610
2019-01-25 12:23:28,677 - INFO - fastread - 73, 620
2019-01-25 12:23:28,677 - INFO - fastread - 73, 630
2019-01-25 12:23:28,687 - INFO - fastread - 73, 640
2019-01-25 12:23:28,697 - INFO - fastread - 73, 650
2019-01-25 12:23:28,697 - INFO - fastread - 73, 660
2019-01-25 12:23:28,707 - INFO - fastread - 73, 670
2019-01-25 12:23:28,707 - INFO - fastread - 73, 680
2019-01-25 12:23:28,717 - INFO - fastread - 73, 690
2019-01-25 12:23:28,726 - INFO - fastread - 73, 700
2019-01-25 12:23:28,728 - INFO - fastread - 73, 710
2019-01-25 12:23:28,738 - INFO - fastread - 73, 720
2019-01-25 12:23:28,738 - INFO - fastread - 73, 730
2019-01-25 12:23:28,748 - INFO - fastread - 73, 740
2019-01-25 12:23:28,756 - INFO - fastread - 73, 750
2019-01-25 12:23:28,758 - INFO - fastread - 73, 760
2019-01-25 12:23:28,766 - INFO - fastread - 73, 770
2019-01-25 12:23:28,768 - INFO - fastread - 73, 780
2019-01-25 12:23:28,778 - INFO - fastread - 73, 790
2019-01-25 12:23:28,778 - INFO - fastread - 73, 800
2019-01-25 12:23:28,788 - INFO - fastread - 73, 810
2019-01-25 12:23:28,788 - INFO - fastread - 73, 820
2019-01-25 12:23:28,798 - INFO - fastread - 73, 830
2019-01-25 12:23:28,806 - INFO - fastread - 73, 840
2019-01-25 12:23:28,808 - INFO - fastread - 73, 850
2019-01-25 12:23:28,818 - INFO - fastread - 73, 860
2019-01-25 12:23:28,818 - INFO - fastread - 73, 870
2019-01-25 12:23:28,828 - INFO - fastread - 73, 880
2019-01-25 12:23:28,837 - INFO - fastread - 73, 890
2019-01-25 12:23:28,839 - INFO - fastread - 73, 900
2019-01-25 12:23:28,849 - INFO - fastread - 73, 910
2019-01-25 12:23:28,849 - INFO - fastread - 73, 920
2019-01-25 12:23:28,859 - INFO - fastread - 73, 930
2019-01-25 12:23:28,859 - INFO - fastread - 73, 940
2019-01-25 12:23:28,869 - INFO - fastread - 73, 950
2019-01-25 12:23:28,877 - INFO - fastread - 73, 960
2019-01-25 12:23:28,879 - INFO - fastread - 73, 970
2019-01-25 12:23:28,889 - INFO - fastread - 73, 980
2019-01-25 12:23:28,889 - INFO - fastread - 73, 990
2019-01-25 12:23:28,899 - INFO - fastread - 74, 1000
2019-01-25 12:23:28,907 - INFO - fastread - 74, 1010
2019-01-25 12:23:28,909 - INFO - fastread - 74, 1020
2019-01-25 12:23:28,919 - INFO - fastread - 74, 1030
2019-01-25 12:23:28,919 - INFO - fastread - 75, 1040
2019-01-25 12:23:28,929 - INFO - fastread - 75, 1050
2019-01-25 12:23:28,938 - INFO - fastread - 75, 1060
2019-01-25 12:23:28,940 - INFO - fastread - 76, 1070
2019-01-25 12:23:28,958 - INFO - fastread - 76, 1080
2019-01-25 12:23:28,960 - INFO - fastread - 76, 1090
2019-01-25 12:23:28,970 - INFO - fastread - 77, 1100
2019-01-25 12:23:28,970 - INFO - fastread - 78, 1110
2019-01-25 12:23:28,980 - INFO - fastread - 78, 1120
2019-01-25 12:23:28,990 - INFO - fastread - 79, 1130
2019-01-25 12:23:28,990 - INFO - fastread - 79, 1140
2019-01-25 12:23:29,000 - INFO - fastread - 80, 1150
2019-01-25 12:23:29,008 - INFO - fastread - 80, 1160
2019-01-25 12:23:29,010 - INFO - fastread - 80, 1170
2019-01-25 12:23:29,020 - INFO - fastread - 80, 1180
2019-01-25 12:23:29,020 - INFO - fastread - 80, 1190
2019-01-25 12:23:29,031 - INFO - fastread - 80, 1200
2019-01-25 12:23:29,039 - INFO - fastread - 80, 1210
2019-01-25 12:23:29,041 - INFO - fastread - 81, 1220
2019-01-25 12:23:29,051 - INFO - fastread - 81, 1230
2019-01-25 12:23:29,051 - INFO - fastread - 81, 1240
2019-01-25 12:23:29,061 - INFO - fastread - 81, 1250
2019-01-25 12:23:29,070 - INFO - fastread - 81, 1260
2019-01-25 12:23:29,075 - INFO - fastread - 81, 1270
2019-01-25 12:23:29,081 - INFO - fastread - 81, 1280
2019-01-25 12:23:29,087 - INFO - fastread - 81, 1290
2019-01-25 12:23:29,094 - INFO - fastread - 81, 1300
2019-01-25 12:23:29,099 - INFO - fastread - 81, 1310
2019-01-25 12:23:29,101 - INFO - fastread - 81, 1320
2019-01-25 12:23:29,111 - INFO - fastread - 81, 1330
2019-01-25 12:23:29,111 - INFO - fastread - 81, 1340
2019-01-25 12:23:29,121 - INFO - fastread - 82, 1350
2019-01-25 12:23:29,132 - INFO - fastread - 82, 1360
2019-01-25 12:23:29,132 - INFO - fastread - 82, 1370
2019-01-25 12:23:29,142 - INFO - fastread - 82, 1380
2019-01-25 12:23:29,150 - INFO - fastread - 82, 1390
2019-01-25 12:23:29,152 - INFO - fastread - 83, 1400
2019-01-25 12:23:29,162 - INFO - fastread - 84, 1410
2019-01-25 12:23:29,170 - INFO - fastread - 84, 1420
2019-01-25 12:23:29,172 - INFO - fastread - 84, 1430
2019-01-25 12:23:29,182 - INFO - fastread - 84, 1440
2019-01-25 12:23:29,182 - INFO - fastread - 84, 1450
2019-01-25 12:23:29,192 - INFO - fastread - 84, 1460
2019-01-25 12:23:29,200 - INFO - fastread - 85, 1470
2019-01-25 12:23:29,208 - INFO - fastread - 85, 1480
2019-01-25 12:23:29,215 - INFO - fastread - 85, 1490
2019-01-25 12:23:29,222 - INFO - fastread - 85, 1500
2019-01-25 12:23:29,228 - INFO - fastread - 86, 1510
2019-01-25 12:23:29,236 - INFO - fastread - 86, 1520
2019-01-25 12:23:29,243 - INFO - fastread - 86, 1530
2019-01-25 12:23:29,252 - INFO - fastread - 86, 1540
2019-01-25 12:23:29,259 - INFO - fastread - 86, 1550
2019-01-25 12:23:29,265 - INFO - fastread - 86, 1560
2019-01-25 12:23:29,283 - INFO - fastread - 87, 1570
2019-01-25 12:23:29,283 - INFO - fastread - 87, 1580
2019-01-25 12:23:29,293 - INFO - fastread - 87, 1590
2019-01-25 12:23:29,303 - INFO - fastread - 87, 1600
2019-01-25 12:23:29,303 - INFO - fastread - 87, 1610
2019-01-25 12:23:29,313 - INFO - fastread - 89, 1620
2019-01-25 12:23:29,321 - INFO - fastread - 89, 1630
2019-01-25 12:23:29,323 - INFO - fastread - 90, 1640
2019-01-25 12:23:29,333 - INFO - fastread - 90, 1650
2019-01-25 12:23:29,341 - INFO - fastread - 90, 1660
2019-01-25 12:23:29,343 - INFO - fastread - 90, 1670
2019-01-25 12:23:29,354 - INFO - fastread - 90, 1680
2019-01-25 12:23:29,354 - INFO - fastread - 90, 1690
2019-01-25 12:23:29,364 - INFO - fastread - 91, 1700
2019-01-25 12:23:29,374 - INFO - fastread - 91, 1710
2019-01-25 12:23:29,374 - INFO - fastread - 91, 1720
2019-01-25 12:23:29,384 - INFO - fastread - 91, 1730
2019-01-25 12:23:29,392 - INFO - fastread - 91, 1740
2019-01-25 12:23:29,402 - INFO - fastread - 91, 1750
2019-01-25 12:23:29,404 - INFO - fastread - 91, 1760
2019-01-25 12:23:29,414 - INFO - fastread - 91, 1770
2019-01-25 12:23:29,422 - INFO - fastread - 91, 1780
2019-01-25 12:23:29,424 - INFO - fastread - 91, 1790
2019-01-25 12:23:29,434 - INFO - fastread - 91, 1800
2019-01-25 12:23:29,434 - INFO - fastread - 91, 1810
2019-01-25 12:23:29,444 - INFO - fastread - 91, 1820
2019-01-25 12:23:29,455 - INFO - fastread - 91, 1830
2019-01-25 12:23:29,455 - INFO - fastread - 91, 1840
2019-01-25 12:23:29,465 - INFO - fastread - 91, 1850
2019-01-25 12:23:29,475 - INFO - fastread - 91, 1860
2019-01-25 12:23:29,475 - INFO - fastread - 91, 1870
2019-01-25 12:23:29,493 - INFO - fastread - 92, 1880
2019-01-25 12:23:29,495 - INFO - fastread - 92, 1890
2019-01-25 12:23:29,505 - INFO - fastread - 92, 1900
2019-01-25 12:23:29,505 - INFO - fastread - 92, 1910
2019-01-25 12:23:29,515 - INFO - fastread - 92, 1920
2019-01-25 12:23:29,525 - INFO - fastread - 92, 1930
2019-01-25 12:23:29,525 - INFO - fastread - 92, 1940
2019-01-25 12:23:29,535 - INFO - fastread - 92, 1950
2019-01-25 12:23:29,543 - INFO - fastread - 92, 1960
2019-01-25 12:23:29,545 - INFO - fastread - 92, 1970
2019-01-25 12:23:29,556 - INFO - fastread - 93, 1980
2019-01-25 12:23:29,556 - INFO - fastread - 93, 1990
2019-01-25 12:23:29,566 - INFO - fastread - 93, 2000
2019-01-25 12:23:29,574 - INFO - fastread - 94, 2010
2019-01-25 12:23:29,576 - INFO - fastread - 94, 2020
2019-01-25 12:23:29,586 - INFO - fastread - 94, 2030
2019-01-25 12:23:29,594 - INFO - fastread - 95, 2040
2019-01-25 12:23:29,596 - INFO - fastread - 95, 2050
2019-01-25 12:23:29,606 - INFO - fastread - 95, 2060
2019-01-25 12:23:29,616 - INFO - fastread - 95, 2070
2019-01-25 12:23:29,616 - INFO - fastread - 95, 2080
2019-01-25 12:23:29,626 - INFO - fastread - 95, 2090
2019-01-25 12:23:29,636 - INFO - fastread - 95, 2100
2019-01-25 12:23:29,636 - INFO - fastread - 95, 2110
2019-01-25 12:23:29,646 - INFO - fastread - 95, 2120
2019-01-25 12:23:29,655 - INFO - fastread - 95, 2130
2019-01-25 12:23:29,657 - INFO - fastread - 96, 2140
2019-01-25 12:23:29,667 - INFO - fastread - 96, 2150
2019-01-25 12:23:29,667 - INFO - fastread - 96, 2160
2019-01-25 12:23:29,677 - INFO - fastread - 96, 2170
2019-01-25 12:23:29,685 - INFO - fastread - 96, 2180
2019-01-25 12:23:29,687 - INFO - fastread - 96, 2190
2019-01-25 12:23:29,697 - INFO - fastread - 96, 2200
2019-01-25 12:23:29,705 - INFO - fastread - 96, 2210
2019-01-25 12:23:29,707 - INFO - fastread - 96, 2220
2019-01-25 12:23:29,717 - INFO - fastread - 97, 2230
2019-01-25 12:23:29,717 - INFO - fastread - 97, 2240
2019-01-25 12:23:29,727 - INFO - fastread - 98, 2250
2019-01-25 12:23:29,735 - INFO - fastread - 98, 2260
2019-01-25 12:23:29,737 - INFO - fastread - 98, 2270
2019-01-25 12:23:29,745 - INFO - fastread - 99, 2280
2019-01-25 12:23:29,747 - INFO - fastread - 100, 2290
2019-01-25 12:23:29,758 - INFO - fastread - 100, 2300
2019-01-25 12:23:29,758 - INFO - fastread - 100, 2310
2019-01-25 12:23:29,768 - INFO - fastread - 100, 2320
2019-01-25 12:23:29,776 - INFO - fastread - 100, 2330
2019-01-25 12:23:29,778 - INFO - fastread - 100, 2340
2019-01-25 12:23:29,788 - INFO - fastread - 100, 2350
2019-01-25 12:23:29,788 - INFO - fastread - 100, 2360
2019-01-25 12:23:29,798 - INFO - fastread - 100, 2370
2019-01-25 12:23:29,806 - INFO - fastread - 100, 2380
2019-01-25 12:23:29,808 - INFO - fastread - 100, 2390
2019-01-25 12:23:29,818 - INFO - fastread - 100, 2400
2019-01-25 12:23:29,826 - INFO - fastread - 100, 2410
2019-01-25 12:23:29,828 - INFO - fastread - 100, 2420
2019-01-25 12:23:29,836 - INFO - fastread - 101, 2430
2019-01-25 12:23:29,838 - INFO - fastread - 101, 2440
2019-01-25 12:23:29,848 - INFO - fastread - 101, 2450
2019-01-25 12:23:29,848 - INFO - fastread - 101, 2460
2019-01-25 12:23:29,858 - INFO - fastread - 101, 2470
2019-01-25 12:23:29,866 - INFO - fastread - 101, 2480
2019-01-25 12:23:29,869 - INFO - fastread - 101, 2490
2019-01-25 12:23:29,879 - INFO - fastread - 101, 2500
2019-01-25 12:23:29,879 - INFO - fastread - 102, 2510
2019-01-25 12:23:29,889 - INFO - fastread - 102, 2520
2019-01-25 12:23:29,899 - INFO - fastread - 102, 2530
2019-01-25 12:23:29,899 - INFO - fastread - 102, 2540
2019-01-25 12:23:29,909 - INFO - fastread - 102, 2550
2019-01-25 12:23:29,917 - INFO - fastread - 104, 2560
2019-01-25 12:23:29,919 - INFO - fastread - 104, 2570
2019-01-25 12:23:29,929 - INFO - fastread - 104, 2580
2019-01-25 12:23:29,929 - INFO - fastread - 104, 2590
2019-01-25 12:23:29,939 - INFO - fastread - 104, 2600
2019-01-25 12:23:29,947 - INFO - fastread - 104, 2610
2019-01-25 12:23:29,949 - INFO - fastread - 104, 2620
2019-01-25 12:23:29,959 - INFO - fastread - 104, 2630
2019-01-25 12:23:29,959 - INFO - fastread - 104, 2640
2019-01-25 12:23:29,969 - INFO - fastread - 104, 2650
2019-01-25 12:23:29,977 - INFO - fastread - 104, 2660
2019-01-25 12:23:29,980 - INFO - fastread - 104, 2670
2019-01-25 12:23:29,990 - INFO - fastread - 105, 2680
2019-01-25 12:23:29,990 - INFO - fastread - 106, 2690
2019-01-25 12:23:30,000 - INFO - fastread - 106, 2700
2019-01-25 12:23:30,010 - INFO - fastread - 106, 2710
2019-01-25 12:23:30,010 - INFO - fastread - 106, 2720
2019-01-25 12:23:30,020 - INFO - fastread - 107, 2730
2019-01-25 12:23:30,028 - INFO - fastread - 108, 2740
2019-01-25 12:23:30,030 - INFO - fastread - 109, 2750
2019-01-25 12:23:30,040 - INFO - fastread - 109, 2760
2019-01-25 12:23:30,040 - INFO - fastread - 109, 2770
2019-01-25 12:23:30,050 - INFO - fastread - 109, 2780
2019-01-25 12:23:30,060 - INFO - fastread - 109, 2790
2019-01-25 12:23:30,060 - INFO - fastread - 110, 2800
2019-01-25 12:23:30,070 - INFO - fastread - 110, 2810
2019-01-25 12:23:30,078 - INFO - fastread - 110, 2820
2019-01-25 12:23:30,080 - INFO - fastread - 111, 2830
2019-01-25 12:23:30,090 - INFO - fastread - 111, 2840
2019-01-25 12:23:30,090 - INFO - fastread - 111, 2850
2019-01-25 12:23:30,101 - INFO - fastread - 112, 2860
2019-01-25 12:23:30,109 - INFO - fastread - 112, 2870
2019-01-25 12:23:30,111 - INFO - fastread - 112, 2880
2019-01-25 12:23:30,121 - INFO - fastread - 112, 2890
2019-01-25 12:23:30,131 - INFO - fastread - 112, 2900
2019-01-25 12:23:30,131 - INFO - fastread - 113, 2910
2019-01-25 12:23:30,141 - INFO - fastread - 113, 2920
2019-01-25 12:23:30,149 - INFO - fastread - 113, 2930
2019-01-25 12:23:30,151 - INFO - fastread - 114, 2940
2019-01-25 12:23:30,161 - INFO - fastread - 114, 2950
2019-01-25 12:23:30,169 - INFO - fastread - 114, 2960
2019-01-25 12:23:30,171 - INFO - fastread - 114, 2970
2019-01-25 12:23:30,181 - INFO - fastread - 114, 2980
2019-01-25 12:23:30,189 - INFO - fastread - 114, 2990
2019-01-25 12:23:30,191 - INFO - fastread - 114, 3000
2019-01-25 12:23:30,201 - INFO - fastread - 114, 3010
2019-01-25 12:23:30,201 - INFO - fastread - 114, 3020
2019-01-25 12:23:30,212 - INFO - fastread - 114, 3030
2019-01-25 12:23:30,220 - INFO - fastread - 114, 3040
2019-01-25 12:23:30,222 - INFO - fastread - 114, 3050
2019-01-25 12:23:30,232 - INFO - fastread - 115, 3060
2019-01-25 12:23:30,240 - INFO - fastread - 115, 3070
2019-01-25 12:23:30,242 - INFO - fastread - 115, 3080
2019-01-25 12:23:30,252 - INFO - fastread - 115, 3090
2019-01-25 12:23:30,252 - INFO - fastread - 115, 3100
2019-01-25 12:23:30,262 - INFO - fastread - 115, 3110
2019-01-25 12:23:30,272 - INFO - fastread - 115, 3120
2019-01-25 12:23:30,272 - INFO - fastread - 116, 3130
2019-01-25 12:23:30,282 - INFO - fastread - 116, 3140
2019-01-25 12:23:30,290 - INFO - fastread - 116, 3150
2019-01-25 12:23:30,292 - INFO - fastread - 116, 3160
2019-01-25 12:23:30,302 - INFO - fastread - 116, 3170
2019-01-25 12:23:30,310 - INFO - fastread - 116, 3180
2019-01-25 12:23:30,312 - INFO - fastread - 116, 3190
2019-01-25 12:23:30,323 - INFO - fastread - 116, 3200
2019-01-25 12:23:30,323 - INFO - fastread - 117, 3210
2019-01-25 12:23:30,333 - INFO - fastread - 117, 3220
2019-01-25 12:23:30,343 - INFO - fastread - 117, 3230
2019-01-25 12:23:30,343 - INFO - fastread - 117, 3240
2019-01-25 12:23:30,353 - INFO - fastread - 118, 3250
2019-01-25 12:23:30,361 - INFO - fastread - 119, 3260
2019-01-25 12:23:30,363 - INFO - fastread - 119, 3270
2019-01-25 12:23:30,373 - INFO - fastread - 120, 3280
2019-01-25 12:23:30,381 - INFO - fastread - 120, 3290
2019-01-25 12:23:30,383 - INFO - fastread - 121, 3300
2019-01-25 12:23:30,393 - INFO - fastread - 121, 3310
2019-01-25 12:23:30,401 - INFO - fastread - 121, 3320
2019-01-25 12:23:30,403 - INFO - fastread - 121, 3330
2019-01-25 12:23:30,413 - INFO - fastread - 121, 3340
2019-01-25 12:23:30,421 - INFO - fastread - 122, 3350
2019-01-25 12:23:30,423 - INFO - fastread - 122, 3360
2019-01-25 12:23:30,434 - INFO - fastread - 122, 3370
2019-01-25 12:23:30,434 - INFO - fastread - 122, 3380
2019-01-25 12:23:30,444 - INFO - fastread - 123, 3390
2019-01-25 12:23:30,452 - INFO - fastread - 123, 3400
2019-01-25 12:23:30,454 - INFO - fastread - 123, 3410
2019-01-25 12:23:30,464 - INFO - fastread - 123, 3420
2019-01-25 12:23:30,472 - INFO - fastread - 123, 3430
2019-01-25 12:23:30,474 - INFO - fastread - 124, 3440
2019-01-25 12:23:30,484 - INFO - fastread - 124, 3450
2019-01-25 12:23:30,492 - INFO - fastread - 124, 3460
2019-01-25 12:23:30,494 - INFO - fastread - 124, 3470
2019-01-25 12:23:30,504 - INFO - fastread - 124, 3480
2019-01-25 12:23:30,512 - INFO - fastread - 124, 3490
2019-01-25 12:23:30,514 - INFO - fastread - 124, 3500
2019-01-25 12:23:30,524 - INFO - fastread - 125, 3510
