2019-01-25 12:03:42,969 - INFO - rig - columba-1.4-src
2019-01-25 12:03:51,493 - INFO - rig - ++++NEW CLF++++ FASTREAD
2019-01-25 12:03:51,493 - INFO - fastread - Total Yes: 204 | Total No: 6264
2019-01-25 12:03:51,859 - INFO - fastread - 0, 0
2019-01-25 12:04:07,744 - INFO - fastread - 93, 96
2019-01-25 12:04:09,694 - INFO - fastread - 99, 106
2019-01-25 12:04:11,608 - INFO - fastread - 109, 116
2019-01-25 12:04:13,521 - INFO - fastread - 116, 126
2019-01-25 12:04:15,552 - INFO - fastread - 121, 136
2019-01-25 12:04:17,513 - INFO - fastread - 130, 146
2019-01-25 12:04:19,457 - INFO - fastread - 136, 156
2019-01-25 12:04:21,379 - INFO - fastread - 138, 166
2019-01-25 12:04:23,361 - INFO - fastread - 140, 176
2019-01-25 12:04:25,313 - INFO - fastread - 144, 186
2019-01-25 12:04:27,194 - INFO - fastread - 147, 196
2019-01-25 12:04:29,064 - INFO - fastread - 148, 206
2019-01-25 12:04:30,965 - INFO - fastread - 150, 216
2019-01-25 12:04:32,886 - INFO - fastread - 150, 226
2019-01-25 12:04:34,757 - INFO - fastread - 155, 236
2019-01-25 12:04:36,625 - INFO - fastread - 165, 246
2019-01-25 12:04:38,497 - INFO - fastread - 171, 256
2019-01-25 12:04:40,408 - INFO - fastread - 173, 266
2019-01-25 12:04:42,280 - INFO - fastread - 175, 276
2019-01-25 12:04:44,170 - INFO - fastread - 179, 286
2019-01-25 12:04:46,018 - INFO - fastread - 179, 296
2019-01-25 12:04:47,910 - INFO - fastread - 181, 306
2019-01-25 12:04:49,798 - INFO - fastread - 183, 316
2019-01-25 12:04:51,751 - INFO - fastread - 183, 326
2019-01-25 12:04:53,742 - INFO - fastread - 183, 336
2019-01-25 12:04:55,630 - INFO - fastread - 184, 346
2019-01-25 12:04:57,491 - INFO - fastread - 184, 356
2019-01-25 12:04:59,452 - INFO - fastread - 184, 366
2019-01-25 12:05:01,443 - INFO - fastread - 185, 376
2019-01-25 12:05:03,465 - INFO - fastread - 185, 386
2019-01-25 12:05:05,466 - INFO - fastread - 185, 396
2019-01-25 12:05:07,468 - INFO - fastread - 185, 406
2019-01-25 12:05:09,365 - INFO - fastread - 185, 416
2019-01-25 12:05:11,247 - INFO - fastread - 185, 426
2019-01-25 12:05:13,116 - INFO - fastread - 185, 436
2019-01-25 12:05:14,975 - INFO - fastread - 185, 446
2019-01-25 12:05:16,805 - INFO - fastread - 185, 456
2019-01-25 12:05:18,603 - INFO - fastread - 185, 466
2019-01-25 12:05:20,473 - INFO - fastread - 185, 476
2019-01-25 12:05:22,293 - INFO - fastread - 186, 486
2019-01-25 12:05:24,192 - INFO - fastread - 187, 496
2019-01-25 12:05:26,194 - INFO - fastread - 188, 506
2019-01-25 12:05:28,154 - INFO - fastread - 188, 516
2019-01-25 12:05:29,960 - INFO - fastread - 188, 526
2019-01-25 12:05:31,882 - INFO - fastread - 188, 536
2019-01-25 12:05:33,843 - INFO - fastread - 188, 546
2019-01-25 12:05:35,844 - INFO - fastread - 188, 556
2019-01-25 12:05:37,906 - INFO - fastread - 188, 566
2019-01-25 12:05:39,886 - INFO - fastread - 188, 576
2019-01-25 12:05:41,816 - INFO - fastread - 189, 586
2019-01-25 12:05:43,876 - INFO - fastread - 189, 596
2019-01-25 12:05:45,673 - INFO - fastread - 189, 606
2019-01-25 12:05:47,611 - INFO - fastread - 190, 616
2019-01-25 12:05:49,835 - INFO - fastread - 191, 626
2019-01-25 12:05:52,244 - INFO - fastread - 191, 636
2019-01-25 12:05:54,632 - INFO - fastread - 191, 646
2019-01-25 12:05:57,028 - INFO - fastread - 191, 656
2019-01-25 12:05:59,023 - INFO - fastread - 192, 666
2019-01-25 12:06:01,286 - INFO - fastread - 193, 676
2019-01-25 12:06:02,070 - INFO - rig - ++++NEW CLF++++ NBM
2019-01-25 12:06:02,073 - INFO - fastread - Total Yes: 204 | Total No: 6264
2019-01-25 12:06:02,231 - INFO - fastread - 7, 10
2019-01-25 12:06:02,237 - INFO - fastread - 12, 20
2019-01-25 12:06:02,242 - INFO - fastread - 21, 30
2019-01-25 12:06:02,247 - INFO - fastread - 31, 40
2019-01-25 12:06:02,253 - INFO - fastread - 40, 50
2019-01-25 12:06:02,264 - INFO - fastread - 49, 60
2019-01-25 12:06:02,277 - INFO - fastread - 54, 70
2019-01-25 12:06:02,295 - INFO - fastread - 59, 80
2019-01-25 12:06:02,312 - INFO - fastread - 63, 90
2019-01-25 12:06:02,320 - INFO - fastread - 70, 100
2019-01-25 12:06:02,327 - INFO - fastread - 73, 110
2019-01-25 12:06:02,333 - INFO - fastread - 75, 120
2019-01-25 12:06:02,339 - INFO - fastread - 77, 130
2019-01-25 12:06:02,344 - INFO - fastread - 80, 140
2019-01-25 12:06:02,352 - INFO - fastread - 83, 150
2019-01-25 12:06:02,358 - INFO - fastread - 87, 160
2019-01-25 12:06:02,363 - INFO - fastread - 91, 170
2019-01-25 12:06:02,368 - INFO - fastread - 92, 180
2019-01-25 12:06:02,374 - INFO - fastread - 93, 190
2019-01-25 12:06:02,383 - INFO - fastread - 97, 200
2019-01-25 12:06:02,394 - INFO - fastread - 100, 210
2019-01-25 12:06:02,405 - INFO - fastread - 100, 220
2019-01-25 12:06:02,414 - INFO - fastread - 100, 230
2019-01-25 12:06:02,420 - INFO - fastread - 101, 240
2019-01-25 12:06:02,426 - INFO - fastread - 101, 250
2019-01-25 12:06:02,432 - INFO - fastread - 103, 260
2019-01-25 12:06:02,443 - INFO - fastread - 105, 270
2019-01-25 12:06:02,450 - INFO - fastread - 105, 280
2019-01-25 12:06:02,456 - INFO - fastread - 108, 290
2019-01-25 12:06:02,463 - INFO - fastread - 108, 300
2019-01-25 12:06:02,473 - INFO - fastread - 109, 310
2019-01-25 12:06:02,479 - INFO - fastread - 109, 320
2019-01-25 12:06:02,486 - INFO - fastread - 110, 330
2019-01-25 12:06:02,491 - INFO - fastread - 113, 340
2019-01-25 12:06:02,497 - INFO - fastread - 118, 350
2019-01-25 12:06:02,503 - INFO - fastread - 121, 360
2019-01-25 12:06:02,509 - INFO - fastread - 122, 370
2019-01-25 12:06:02,515 - INFO - fastread - 123, 380
2019-01-25 12:06:02,521 - INFO - fastread - 123, 390
2019-01-25 12:06:02,527 - INFO - fastread - 123, 400
2019-01-25 12:06:02,535 - INFO - fastread - 124, 410
2019-01-25 12:06:02,541 - INFO - fastread - 124, 420
2019-01-25 12:06:02,547 - INFO - fastread - 124, 430
2019-01-25 12:06:02,554 - INFO - fastread - 125, 440
2019-01-25 12:06:02,562 - INFO - fastread - 126, 450
2019-01-25 12:06:02,569 - INFO - fastread - 127, 460
2019-01-25 12:06:02,575 - INFO - fastread - 130, 470
2019-01-25 12:06:02,581 - INFO - fastread - 131, 480
2019-01-25 12:06:02,587 - INFO - fastread - 131, 490
2019-01-25 12:06:02,593 - INFO - fastread - 133, 500
2019-01-25 12:06:02,599 - INFO - fastread - 134, 510
2019-01-25 12:06:02,609 - INFO - fastread - 135, 520
2019-01-25 12:06:02,618 - INFO - fastread - 136, 530
2019-01-25 12:06:02,625 - INFO - fastread - 136, 540
2019-01-25 12:06:02,632 - INFO - fastread - 137, 550
2019-01-25 12:06:02,639 - INFO - fastread - 137, 560
2019-01-25 12:06:02,645 - INFO - fastread - 137, 570
2019-01-25 12:06:02,652 - INFO - fastread - 138, 580
2019-01-25 12:06:02,659 - INFO - fastread - 139, 590
2019-01-25 12:06:02,666 - INFO - fastread - 139, 600
2019-01-25 12:06:02,672 - INFO - fastread - 141, 610
2019-01-25 12:06:02,679 - INFO - fastread - 142, 620
2019-01-25 12:06:02,685 - INFO - fastread - 142, 630
2019-01-25 12:06:02,692 - INFO - fastread - 142, 640
2019-01-25 12:06:02,700 - INFO - fastread - 142, 650
2019-01-25 12:06:02,706 - INFO - fastread - 142, 660
2019-01-25 12:06:02,713 - INFO - fastread - 142, 670
2019-01-25 12:06:02,720 - INFO - fastread - 142, 680
2019-01-25 12:06:02,727 - INFO - fastread - 142, 690
2019-01-25 12:06:02,734 - INFO - fastread - 142, 700
2019-01-25 12:06:02,741 - INFO - fastread - 142, 710
2019-01-25 12:06:02,748 - INFO - fastread - 142, 720
2019-01-25 12:06:02,755 - INFO - fastread - 142, 730
2019-01-25 12:06:02,762 - INFO - fastread - 142, 740
2019-01-25 12:06:02,768 - INFO - fastread - 142, 750
2019-01-25 12:06:02,775 - INFO - fastread - 142, 760
2019-01-25 12:06:02,782 - INFO - fastread - 142, 770
2019-01-25 12:06:02,789 - INFO - fastread - 142, 780
2019-01-25 12:06:02,796 - INFO - fastread - 142, 790
2019-01-25 12:06:02,802 - INFO - fastread - 142, 800
2019-01-25 12:06:02,808 - INFO - fastread - 142, 810
2019-01-25 12:06:02,819 - INFO - fastread - 142, 820
2019-01-25 12:06:02,826 - INFO - fastread - 143, 830
2019-01-25 12:06:02,832 - INFO - fastread - 143, 840
2019-01-25 12:06:02,838 - INFO - fastread - 143, 850
2019-01-25 12:06:02,844 - INFO - fastread - 143, 860
2019-01-25 12:06:02,851 - INFO - fastread - 143, 870
2019-01-25 12:06:02,857 - INFO - fastread - 144, 880
2019-01-25 12:06:02,864 - INFO - fastread - 144, 890
2019-01-25 12:06:02,871 - INFO - fastread - 144, 900
2019-01-25 12:06:02,877 - INFO - fastread - 145, 910
2019-01-25 12:06:02,884 - INFO - fastread - 145, 920
2019-01-25 12:06:02,890 - INFO - fastread - 146, 930
2019-01-25 12:06:02,897 - INFO - fastread - 147, 940
2019-01-25 12:06:02,904 - INFO - fastread - 147, 950
2019-01-25 12:06:02,911 - INFO - fastread - 149, 960
2019-01-25 12:06:02,938 - INFO - fastread - 149, 970
2019-01-25 12:06:02,946 - INFO - fastread - 151, 980
2019-01-25 12:06:02,953 - INFO - fastread - 151, 990
2019-01-25 12:06:02,960 - INFO - fastread - 151, 1000
2019-01-25 12:06:02,967 - INFO - fastread - 151, 1010
2019-01-25 12:06:02,973 - INFO - fastread - 152, 1020
2019-01-25 12:06:02,980 - INFO - fastread - 152, 1030
2019-01-25 12:06:02,986 - INFO - fastread - 152, 1040
2019-01-25 12:06:02,993 - INFO - fastread - 153, 1050
2019-01-25 12:06:03,000 - INFO - fastread - 153, 1060
2019-01-25 12:06:03,007 - INFO - fastread - 154, 1070
2019-01-25 12:06:03,014 - INFO - fastread - 155, 1080
2019-01-25 12:06:03,020 - INFO - fastread - 156, 1090
2019-01-25 12:06:03,028 - INFO - fastread - 156, 1100
2019-01-25 12:06:03,035 - INFO - fastread - 156, 1110
2019-01-25 12:06:03,041 - INFO - fastread - 156, 1120
2019-01-25 12:06:03,048 - INFO - fastread - 156, 1130
2019-01-25 12:06:03,055 - INFO - fastread - 156, 1140
2019-01-25 12:06:03,063 - INFO - fastread - 157, 1150
2019-01-25 12:06:03,070 - INFO - fastread - 158, 1160
2019-01-25 12:06:03,077 - INFO - fastread - 158, 1170
2019-01-25 12:06:03,083 - INFO - fastread - 158, 1180
2019-01-25 12:06:03,090 - INFO - fastread - 158, 1190
2019-01-25 12:06:03,097 - INFO - fastread - 158, 1200
2019-01-25 12:06:03,104 - INFO - fastread - 159, 1210
2019-01-25 12:06:03,111 - INFO - fastread - 159, 1220
2019-01-25 12:06:03,118 - INFO - fastread - 160, 1230
2019-01-25 12:06:03,124 - INFO - fastread - 160, 1240
2019-01-25 12:06:03,131 - INFO - fastread - 161, 1250
2019-01-25 12:06:03,138 - INFO - fastread - 162, 1260
2019-01-25 12:06:03,144 - INFO - fastread - 162, 1270
2019-01-25 12:06:03,151 - INFO - fastread - 165, 1280
2019-01-25 12:06:03,158 - INFO - fastread - 165, 1290
2019-01-25 12:06:03,165 - INFO - fastread - 165, 1300
2019-01-25 12:06:03,172 - INFO - fastread - 165, 1310
2019-01-25 12:06:03,179 - INFO - fastread - 166, 1320
2019-01-25 12:06:03,186 - INFO - fastread - 166, 1330
2019-01-25 12:06:03,194 - INFO - fastread - 167, 1340
2019-01-25 12:06:03,202 - INFO - fastread - 167, 1350
2019-01-25 12:06:03,210 - INFO - fastread - 167, 1360
2019-01-25 12:06:03,217 - INFO - fastread - 169, 1370
2019-01-25 12:06:03,225 - INFO - fastread - 169, 1380
2019-01-25 12:06:03,233 - INFO - fastread - 170, 1390
2019-01-25 12:06:03,240 - INFO - fastread - 171, 1400
2019-01-25 12:06:03,247 - INFO - fastread - 171, 1410
2019-01-25 12:06:03,254 - INFO - fastread - 171, 1420
2019-01-25 12:06:03,261 - INFO - fastread - 171, 1430
2019-01-25 12:06:03,278 - INFO - fastread - 173, 1440
2019-01-25 12:06:03,286 - INFO - fastread - 173, 1450
2019-01-25 12:06:03,293 - INFO - fastread - 173, 1460
2019-01-25 12:06:03,301 - INFO - fastread - 173, 1470
2019-01-25 12:06:03,334 - INFO - fastread - 173, 1480
2019-01-25 12:06:03,341 - INFO - fastread - 173, 1490
2019-01-25 12:06:03,347 - INFO - fastread - 174, 1500
2019-01-25 12:06:03,354 - INFO - fastread - 174, 1510
2019-01-25 12:06:03,364 - INFO - fastread - 174, 1520
2019-01-25 12:06:03,395 - INFO - fastread - 174, 1530
2019-01-25 12:06:03,402 - INFO - fastread - 174, 1540
2019-01-25 12:06:03,410 - INFO - fastread - 174, 1550
2019-01-25 12:06:03,417 - INFO - fastread - 174, 1560
2019-01-25 12:06:03,458 - INFO - fastread - 175, 1570
2019-01-25 12:06:03,466 - INFO - fastread - 175, 1580
2019-01-25 12:06:03,473 - INFO - fastread - 175, 1590
2019-01-25 12:06:03,482 - INFO - fastread - 177, 1600
2019-01-25 12:06:03,506 - INFO - fastread - 177, 1610
2019-01-25 12:06:03,514 - INFO - fastread - 177, 1620
2019-01-25 12:06:03,522 - INFO - fastread - 177, 1630
2019-01-25 12:06:03,528 - INFO - fastread - 177, 1640
2019-01-25 12:06:03,536 - INFO - fastread - 177, 1650
2019-01-25 12:06:03,562 - INFO - fastread - 177, 1660
2019-01-25 12:06:03,570 - INFO - fastread - 177, 1670
2019-01-25 12:06:03,578 - INFO - fastread - 177, 1680
2019-01-25 12:06:03,585 - INFO - fastread - 177, 1690
2019-01-25 12:06:03,593 - INFO - fastread - 177, 1700
2019-01-25 12:06:03,601 - INFO - fastread - 177, 1710
2019-01-25 12:06:03,608 - INFO - fastread - 177, 1720
2019-01-25 12:06:03,615 - INFO - fastread - 177, 1730
2019-01-25 12:06:03,624 - INFO - fastread - 177, 1740
2019-01-25 12:06:03,631 - INFO - fastread - 178, 1750
2019-01-25 12:06:03,639 - INFO - fastread - 178, 1760
2019-01-25 12:06:03,647 - INFO - fastread - 178, 1770
2019-01-25 12:06:03,655 - INFO - fastread - 178, 1780
2019-01-25 12:06:03,663 - INFO - fastread - 180, 1790
2019-01-25 12:06:03,670 - INFO - fastread - 180, 1800
2019-01-25 12:06:03,678 - INFO - fastread - 180, 1810
2019-01-25 12:06:03,684 - INFO - fastread - 182, 1820
2019-01-25 12:06:03,693 - INFO - fastread - 182, 1830
2019-01-25 12:06:03,700 - INFO - fastread - 182, 1840
2019-01-25 12:06:03,708 - INFO - fastread - 182, 1850
2019-01-25 12:06:03,715 - INFO - fastread - 182, 1860
2019-01-25 12:06:03,723 - INFO - fastread - 182, 1870
2019-01-25 12:06:03,730 - INFO - fastread - 183, 1880
2019-01-25 12:06:03,738 - INFO - fastread - 184, 1890
2019-01-25 12:06:03,745 - INFO - fastread - 184, 1900
2019-01-25 12:06:03,753 - INFO - fastread - 184, 1910
2019-01-25 12:06:03,760 - INFO - fastread - 184, 1920
2019-01-25 12:06:03,767 - INFO - fastread - 184, 1930
2019-01-25 12:06:03,774 - INFO - fastread - 184, 1940
2019-01-25 12:06:03,782 - INFO - fastread - 185, 1950
2019-01-25 12:06:03,789 - INFO - fastread - 185, 1960
2019-01-25 12:06:03,797 - INFO - fastread - 185, 1970
2019-01-25 12:06:03,805 - INFO - fastread - 185, 1980
2019-01-25 12:06:03,812 - INFO - fastread - 185, 1990
2019-01-25 12:06:03,821 - INFO - fastread - 185, 2000
2019-01-25 12:06:03,829 - INFO - fastread - 185, 2010
2019-01-25 12:06:03,837 - INFO - fastread - 185, 2020
2019-01-25 12:06:03,845 - INFO - fastread - 185, 2030
2019-01-25 12:06:03,853 - INFO - fastread - 185, 2040
2019-01-25 12:06:03,861 - INFO - fastread - 185, 2050
2019-01-25 12:06:03,868 - INFO - fastread - 185, 2060
2019-01-25 12:06:03,876 - INFO - fastread - 185, 2070
2019-01-25 12:06:03,885 - INFO - fastread - 185, 2080
2019-01-25 12:06:03,893 - INFO - fastread - 186, 2090
2019-01-25 12:06:03,901 - INFO - fastread - 186, 2100
2019-01-25 12:06:03,909 - INFO - fastread - 186, 2110
2019-01-25 12:06:03,916 - INFO - fastread - 186, 2120
2019-01-25 12:06:03,923 - INFO - fastread - 186, 2130
2019-01-25 12:06:03,930 - INFO - fastread - 186, 2140
2019-01-25 12:06:03,938 - INFO - fastread - 186, 2150
2019-01-25 12:06:03,947 - INFO - fastread - 186, 2160
2019-01-25 12:06:03,956 - INFO - fastread - 186, 2170
2019-01-25 12:06:03,964 - INFO - fastread - 186, 2180
2019-01-25 12:06:03,972 - INFO - fastread - 186, 2190
2019-01-25 12:06:03,980 - INFO - fastread - 186, 2200
2019-01-25 12:06:03,988 - INFO - fastread - 186, 2210
2019-01-25 12:06:03,997 - INFO - fastread - 186, 2220
2019-01-25 12:06:04,004 - INFO - fastread - 186, 2230
2019-01-25 12:06:04,012 - INFO - fastread - 186, 2240
2019-01-25 12:06:04,020 - INFO - fastread - 187, 2250
2019-01-25 12:06:04,028 - INFO - fastread - 187, 2260
2019-01-25 12:06:04,035 - INFO - fastread - 187, 2270
2019-01-25 12:06:04,044 - INFO - fastread - 187, 2280
2019-01-25 12:06:04,052 - INFO - fastread - 187, 2290
2019-01-25 12:06:04,059 - INFO - fastread - 188, 2300
2019-01-25 12:06:04,066 - INFO - fastread - 189, 2310
2019-01-25 12:06:04,073 - INFO - fastread - 189, 2320
2019-01-25 12:06:04,081 - INFO - fastread - 189, 2330
2019-01-25 12:06:04,090 - INFO - fastread - 189, 2340
2019-01-25 12:06:04,099 - INFO - fastread - 189, 2350
2019-01-25 12:06:04,106 - INFO - fastread - 189, 2360
2019-01-25 12:06:04,114 - INFO - fastread - 189, 2370
2019-01-25 12:06:04,121 - INFO - fastread - 189, 2380
2019-01-25 12:06:04,130 - INFO - fastread - 190, 2390
2019-01-25 12:06:04,137 - INFO - fastread - 190, 2400
2019-01-25 12:06:04,146 - INFO - fastread - 190, 2410
2019-01-25 12:06:04,154 - INFO - fastread - 190, 2420
2019-01-25 12:06:04,163 - INFO - fastread - 190, 2430
2019-01-25 12:06:04,171 - INFO - fastread - 190, 2440
2019-01-25 12:06:04,179 - INFO - fastread - 190, 2450
2019-01-25 12:06:04,188 - INFO - fastread - 190, 2460
2019-01-25 12:06:04,195 - INFO - fastread - 190, 2470
2019-01-25 12:06:04,203 - INFO - fastread - 190, 2480
2019-01-25 12:06:04,211 - INFO - fastread - 190, 2490
2019-01-25 12:06:04,220 - INFO - fastread - 191, 2500
2019-01-25 12:06:04,229 - INFO - fastread - 191, 2510
2019-01-25 12:06:04,236 - INFO - fastread - 191, 2520
2019-01-25 12:06:04,243 - INFO - fastread - 192, 2530
2019-01-25 12:06:04,251 - INFO - fastread - 192, 2540
2019-01-25 12:06:04,259 - INFO - fastread - 192, 2550
2019-01-25 12:06:04,268 - INFO - fastread - 192, 2560
2019-01-25 12:06:04,275 - INFO - fastread - 192, 2570
2019-01-25 12:06:04,284 - INFO - fastread - 192, 2580
2019-01-25 12:06:04,293 - INFO - fastread - 192, 2590
2019-01-25 12:06:04,301 - INFO - fastread - 192, 2600
2019-01-25 12:06:04,309 - INFO - fastread - 192, 2610
2019-01-25 12:06:04,317 - INFO - fastread - 193, 2620
2019-01-25 12:06:04,325 - INFO - fastread - 193, 2630
2019-01-25 12:06:04,333 - INFO - fastread - 193, 2640
2019-01-25 12:06:04,340 - INFO - fastread - 193, 2650
2019-01-25 12:06:04,349 - INFO - fastread - 193, 2660
2019-01-25 12:06:04,360 - INFO - fastread - 193, 2670
2019-01-25 12:06:04,368 - INFO - fastread - 193, 2680
2019-01-25 12:06:04,376 - INFO - fastread - 193, 2690
2019-01-25 12:06:04,384 - INFO - fastread - 193, 2700
2019-01-25 12:06:04,394 - INFO - fastread - 193, 2710
2019-01-25 12:06:04,402 - INFO - fastread - 193, 2720
2019-01-25 12:06:04,409 - INFO - fastread - 193, 2730
2019-01-25 12:06:04,418 - INFO - fastread - 193, 2740
2019-01-25 12:06:04,426 - INFO - fastread - 193, 2750
2019-01-25 12:06:04,433 - INFO - fastread - 193, 2760
2019-01-25 12:06:04,440 - INFO - fastread - 193, 2770
2019-01-25 12:06:04,448 - INFO - fastread - 194, 2780
2019-01-25 12:06:04,470 - INFO - rig - ++++NEW CLF++++ KNN
2019-01-25 12:06:04,471 - INFO - fastread - Total Yes: 204 | Total No: 6264
2019-01-25 12:07:20,623 - INFO - fastread - 7, 10
2019-01-25 12:07:20,650 - INFO - fastread - 16, 20
2019-01-25 12:07:20,657 - INFO - fastread - 25, 30
2019-01-25 12:07:20,663 - INFO - fastread - 33, 40
2019-01-25 12:07:20,670 - INFO - fastread - 37, 50
2019-01-25 12:07:20,676 - INFO - fastread - 39, 60
2019-01-25 12:07:20,701 - INFO - fastread - 43, 70
2019-01-25 12:07:20,708 - INFO - fastread - 44, 80
2019-01-25 12:07:20,715 - INFO - fastread - 46, 90
2019-01-25 12:07:20,723 - INFO - fastread - 46, 100
2019-01-25 12:07:20,729 - INFO - fastread - 48, 110
2019-01-25 12:07:20,746 - INFO - fastread - 49, 120
2019-01-25 12:07:20,753 - INFO - fastread - 49, 130
2019-01-25 12:07:20,761 - INFO - fastread - 50, 140
2019-01-25 12:07:20,769 - INFO - fastread - 50, 150
2019-01-25 12:07:20,779 - INFO - fastread - 50, 160
2019-01-25 12:07:20,786 - INFO - fastread - 51, 170
2019-01-25 12:07:20,811 - INFO - fastread - 53, 180
2019-01-25 12:07:20,818 - INFO - fastread - 53, 190
2019-01-25 12:07:20,833 - INFO - fastread - 53, 200
2019-01-25 12:07:20,841 - INFO - fastread - 53, 210
2019-01-25 12:07:20,848 - INFO - fastread - 53, 220
2019-01-25 12:07:20,856 - INFO - fastread - 54, 230
2019-01-25 12:07:20,863 - INFO - fastread - 54, 240
2019-01-25 12:07:20,879 - INFO - fastread - 54, 250
2019-01-25 12:07:20,885 - INFO - fastread - 54, 260
2019-01-25 12:07:20,892 - INFO - fastread - 54, 270
2019-01-25 12:07:20,901 - INFO - fastread - 54, 280
2019-01-25 12:07:20,909 - INFO - fastread - 54, 290
2019-01-25 12:07:20,916 - INFO - fastread - 57, 300
2019-01-25 12:07:20,923 - INFO - fastread - 57, 310
2019-01-25 12:07:20,930 - INFO - fastread - 57, 320
2019-01-25 12:07:20,938 - INFO - fastread - 57, 330
2019-01-25 12:07:20,950 - INFO - fastread - 58, 340
2019-01-25 12:07:20,957 - INFO - fastread - 58, 350
2019-01-25 12:07:20,964 - INFO - fastread - 58, 360
2019-01-25 12:07:20,973 - INFO - fastread - 58, 370
2019-01-25 12:07:20,983 - INFO - fastread - 59, 380
2019-01-25 12:07:20,990 - INFO - fastread - 59, 390
2019-01-25 12:07:20,997 - INFO - fastread - 60, 400
2019-01-25 12:07:21,005 - INFO - fastread - 60, 410
2019-01-25 12:07:21,012 - INFO - fastread - 60, 420
2019-01-25 12:07:21,019 - INFO - fastread - 60, 430
2019-01-25 12:07:21,026 - INFO - fastread - 60, 440
2019-01-25 12:07:21,041 - INFO - fastread - 60, 450
2019-01-25 12:07:21,049 - INFO - fastread - 60, 460
2019-01-25 12:07:21,056 - INFO - fastread - 61, 470
2019-01-25 12:07:21,072 - INFO - fastread - 61, 480
2019-01-25 12:07:21,080 - INFO - fastread - 61, 490
2019-01-25 12:07:21,088 - INFO - fastread - 61, 500
2019-01-25 12:07:21,095 - INFO - fastread - 63, 510
2019-01-25 12:07:21,113 - INFO - fastread - 63, 520
2019-01-25 12:07:21,123 - INFO - fastread - 64, 530
2019-01-25 12:07:21,131 - INFO - fastread - 65, 540
2019-01-25 12:07:21,138 - INFO - fastread - 65, 550
2019-01-25 12:07:21,145 - INFO - fastread - 65, 560
2019-01-25 12:07:21,152 - INFO - fastread - 65, 570
2019-01-25 12:07:21,161 - INFO - fastread - 65, 580
2019-01-25 12:07:21,167 - INFO - fastread - 67, 590
2019-01-25 12:07:21,175 - INFO - fastread - 68, 600
2019-01-25 12:07:21,182 - INFO - fastread - 68, 610
2019-01-25 12:07:21,190 - INFO - fastread - 68, 620
2019-01-25 12:07:21,197 - INFO - fastread - 69, 630
2019-01-25 12:07:21,204 - INFO - fastread - 69, 640
2019-01-25 12:07:21,211 - INFO - fastread - 70, 650
2019-01-25 12:07:21,218 - INFO - fastread - 70, 660
2019-01-25 12:07:21,225 - INFO - fastread - 70, 670
2019-01-25 12:07:21,233 - INFO - fastread - 70, 680
2019-01-25 12:07:21,241 - INFO - fastread - 70, 690
2019-01-25 12:07:21,248 - INFO - fastread - 71, 700
2019-01-25 12:07:21,255 - INFO - fastread - 72, 710
2019-01-25 12:07:21,261 - INFO - fastread - 72, 720
2019-01-25 12:07:21,268 - INFO - fastread - 73, 730
2019-01-25 12:07:21,277 - INFO - fastread - 73, 740
2019-01-25 12:07:21,284 - INFO - fastread - 73, 750
2019-01-25 12:07:21,290 - INFO - fastread - 73, 760
2019-01-25 12:07:21,296 - INFO - fastread - 73, 770
2019-01-25 12:07:21,304 - INFO - fastread - 73, 780
2019-01-25 12:07:21,311 - INFO - fastread - 73, 790
2019-01-25 12:07:21,318 - INFO - fastread - 73, 800
2019-01-25 12:07:21,324 - INFO - fastread - 73, 810
2019-01-25 12:07:21,331 - INFO - fastread - 73, 820
2019-01-25 12:07:21,339 - INFO - fastread - 73, 830
2019-01-25 12:07:21,346 - INFO - fastread - 73, 840
2019-01-25 12:07:21,354 - INFO - fastread - 73, 850
2019-01-25 12:07:21,361 - INFO - fastread - 73, 860
2019-01-25 12:07:21,369 - INFO - fastread - 73, 870
2019-01-25 12:07:21,376 - INFO - fastread - 73, 880
2019-01-25 12:07:21,388 - INFO - fastread - 74, 890
2019-01-25 12:07:21,396 - INFO - fastread - 74, 900
2019-01-25 12:07:21,403 - INFO - fastread - 76, 910
2019-01-25 12:07:21,411 - INFO - fastread - 76, 920
2019-01-25 12:07:21,418 - INFO - fastread - 77, 930
2019-01-25 12:07:21,425 - INFO - fastread - 77, 940
2019-01-25 12:07:21,432 - INFO - fastread - 77, 950
2019-01-25 12:07:21,448 - INFO - fastread - 77, 960
2019-01-25 12:07:21,455 - INFO - fastread - 77, 970
2019-01-25 12:07:21,496 - INFO - fastread - 77, 980
2019-01-25 12:07:21,504 - INFO - fastread - 77, 990
2019-01-25 12:07:21,511 - INFO - fastread - 77, 1000
2019-01-25 12:07:21,518 - INFO - fastread - 77, 1010
2019-01-25 12:07:21,525 - INFO - fastread - 77, 1020
2019-01-25 12:07:21,554 - INFO - fastread - 77, 1030
2019-01-25 12:07:21,562 - INFO - fastread - 77, 1040
2019-01-25 12:07:21,569 - INFO - fastread - 77, 1050
2019-01-25 12:07:21,576 - INFO - fastread - 77, 1060
2019-01-25 12:07:21,588 - INFO - fastread - 77, 1070
2019-01-25 12:07:21,594 - INFO - fastread - 77, 1080
2019-01-25 12:07:21,602 - INFO - fastread - 78, 1090
2019-01-25 12:07:21,609 - INFO - fastread - 78, 1100
2019-01-25 12:07:21,616 - INFO - fastread - 78, 1110
2019-01-25 12:07:21,629 - INFO - fastread - 78, 1120
2019-01-25 12:07:21,637 - INFO - fastread - 78, 1130
2019-01-25 12:07:21,644 - INFO - fastread - 78, 1140
2019-01-25 12:07:21,650 - INFO - fastread - 78, 1150
2019-01-25 12:07:21,657 - INFO - fastread - 78, 1160
2019-01-25 12:07:21,664 - INFO - fastread - 78, 1170
2019-01-25 12:07:21,671 - INFO - fastread - 78, 1180
2019-01-25 12:07:21,678 - INFO - fastread - 78, 1190
2019-01-25 12:07:21,685 - INFO - fastread - 78, 1200
2019-01-25 12:07:21,692 - INFO - fastread - 78, 1210
2019-01-25 12:07:21,699 - INFO - fastread - 78, 1220
2019-01-25 12:07:21,705 - INFO - fastread - 80, 1230
2019-01-25 12:07:21,712 - INFO - fastread - 80, 1240
2019-01-25 12:07:21,718 - INFO - fastread - 80, 1250
2019-01-25 12:07:21,725 - INFO - fastread - 81, 1260
2019-01-25 12:07:21,745 - INFO - fastread - 81, 1270
2019-01-25 12:07:21,752 - INFO - fastread - 82, 1280
2019-01-25 12:07:21,760 - INFO - fastread - 82, 1290
2019-01-25 12:07:21,768 - INFO - fastread - 82, 1300
2019-01-25 12:07:21,775 - INFO - fastread - 82, 1310
2019-01-25 12:07:21,782 - INFO - fastread - 82, 1320
2019-01-25 12:07:21,789 - INFO - fastread - 82, 1330
2019-01-25 12:07:21,800 - INFO - fastread - 82, 1340
2019-01-25 12:07:21,807 - INFO - fastread - 82, 1350
2019-01-25 12:07:21,814 - INFO - fastread - 82, 1360
2019-01-25 12:07:21,822 - INFO - fastread - 82, 1370
2019-01-25 12:07:21,828 - INFO - fastread - 82, 1380
2019-01-25 12:07:21,836 - INFO - fastread - 83, 1390
2019-01-25 12:07:21,843 - INFO - fastread - 83, 1400
2019-01-25 12:07:21,850 - INFO - fastread - 83, 1410
2019-01-25 12:07:21,857 - INFO - fastread - 84, 1420
2019-01-25 12:07:21,864 - INFO - fastread - 84, 1430
2019-01-25 12:07:21,871 - INFO - fastread - 84, 1440
2019-01-25 12:07:21,877 - INFO - fastread - 84, 1450
2019-01-25 12:07:21,885 - INFO - fastread - 84, 1460
2019-01-25 12:07:21,892 - INFO - fastread - 86, 1470
2019-01-25 12:07:21,900 - INFO - fastread - 86, 1480
2019-01-25 12:07:21,906 - INFO - fastread - 86, 1490
2019-01-25 12:07:21,913 - INFO - fastread - 86, 1500
2019-01-25 12:07:21,919 - INFO - fastread - 87, 1510
2019-01-25 12:07:21,926 - INFO - fastread - 87, 1520
2019-01-25 12:07:21,933 - INFO - fastread - 87, 1530
2019-01-25 12:07:21,940 - INFO - fastread - 87, 1540
2019-01-25 12:07:21,947 - INFO - fastread - 87, 1550
2019-01-25 12:07:21,955 - INFO - fastread - 88, 1560
2019-01-25 12:07:21,963 - INFO - fastread - 88, 1570
2019-01-25 12:07:21,972 - INFO - fastread - 89, 1580
2019-01-25 12:07:21,978 - INFO - fastread - 89, 1590
2019-01-25 12:07:21,986 - INFO - fastread - 89, 1600
2019-01-25 12:07:21,992 - INFO - fastread - 89, 1610
2019-01-25 12:07:21,999 - INFO - fastread - 90, 1620
2019-01-25 12:07:22,006 - INFO - fastread - 90, 1630
2019-01-25 12:07:22,013 - INFO - fastread - 90, 1640
2019-01-25 12:07:22,020 - INFO - fastread - 91, 1650
2019-01-25 12:07:22,027 - INFO - fastread - 91, 1660
2019-01-25 12:07:22,035 - INFO - fastread - 91, 1670
2019-01-25 12:07:22,042 - INFO - fastread - 92, 1680
2019-01-25 12:07:22,050 - INFO - fastread - 92, 1690
2019-01-25 12:07:22,058 - INFO - fastread - 92, 1700
2019-01-25 12:07:22,066 - INFO - fastread - 92, 1710
2019-01-25 12:07:22,073 - INFO - fastread - 93, 1720
2019-01-25 12:07:22,080 - INFO - fastread - 94, 1730
2019-01-25 12:07:22,086 - INFO - fastread - 94, 1740
2019-01-25 12:07:22,094 - INFO - fastread - 94, 1750
2019-01-25 12:07:22,102 - INFO - fastread - 94, 1760
2019-01-25 12:07:22,109 - INFO - fastread - 95, 1770
2019-01-25 12:07:22,116 - INFO - fastread - 95, 1780
2019-01-25 12:07:22,124 - INFO - fastread - 96, 1790
2019-01-25 12:07:22,133 - INFO - fastread - 96, 1800
2019-01-25 12:07:22,140 - INFO - fastread - 97, 1810
2019-01-25 12:07:22,148 - INFO - fastread - 98, 1820
2019-01-25 12:07:22,156 - INFO - fastread - 99, 1830
2019-01-25 12:07:22,164 - INFO - fastread - 100, 1840
2019-01-25 12:07:22,172 - INFO - fastread - 100, 1850
2019-01-25 12:07:22,179 - INFO - fastread - 100, 1860
2019-01-25 12:07:22,186 - INFO - fastread - 100, 1870
2019-01-25 12:07:22,193 - INFO - fastread - 101, 1880
2019-01-25 12:07:22,199 - INFO - fastread - 101, 1890
2019-01-25 12:07:22,207 - INFO - fastread - 101, 1900
2019-01-25 12:07:22,215 - INFO - fastread - 102, 1910
2019-01-25 12:07:22,222 - INFO - fastread - 102, 1920
2019-01-25 12:07:22,229 - INFO - fastread - 102, 1930
2019-01-25 12:07:22,235 - INFO - fastread - 103, 1940
2019-01-25 12:07:22,242 - INFO - fastread - 103, 1950
2019-01-25 12:07:22,248 - INFO - fastread - 103, 1960
2019-01-25 12:07:22,255 - INFO - fastread - 103, 1970
2019-01-25 12:07:22,262 - INFO - fastread - 103, 1980
2019-01-25 12:07:22,269 - INFO - fastread - 103, 1990
2019-01-25 12:07:22,277 - INFO - fastread - 104, 2000
2019-01-25 12:07:22,284 - INFO - fastread - 106, 2010
2019-01-25 12:07:22,291 - INFO - fastread - 106, 2020
2019-01-25 12:07:22,298 - INFO - fastread - 106, 2030
2019-01-25 12:07:22,305 - INFO - fastread - 107, 2040
2019-01-25 12:07:22,312 - INFO - fastread - 108, 2050
2019-01-25 12:07:22,318 - INFO - fastread - 108, 2060
2019-01-25 12:07:22,327 - INFO - fastread - 108, 2070
2019-01-25 12:07:22,334 - INFO - fastread - 108, 2080
2019-01-25 12:07:22,341 - INFO - fastread - 108, 2090
2019-01-25 12:07:22,348 - INFO - fastread - 108, 2100
2019-01-25 12:07:22,355 - INFO - fastread - 109, 2110
2019-01-25 12:07:22,362 - INFO - fastread - 109, 2120
2019-01-25 12:07:22,369 - INFO - fastread - 109, 2130
2019-01-25 12:07:22,376 - INFO - fastread - 109, 2140
2019-01-25 12:07:22,383 - INFO - fastread - 109, 2150
2019-01-25 12:07:22,390 - INFO - fastread - 110, 2160
2019-01-25 12:07:22,397 - INFO - fastread - 110, 2170
2019-01-25 12:07:22,404 - INFO - fastread - 110, 2180
2019-01-25 12:07:22,410 - INFO - fastread - 110, 2190
2019-01-25 12:07:22,417 - INFO - fastread - 110, 2200
2019-01-25 12:07:22,424 - INFO - fastread - 110, 2210
2019-01-25 12:07:22,431 - INFO - fastread - 110, 2220
2019-01-25 12:07:22,437 - INFO - fastread - 112, 2230
2019-01-25 12:07:22,444 - INFO - fastread - 113, 2240
2019-01-25 12:07:22,451 - INFO - fastread - 113, 2250
2019-01-25 12:07:22,458 - INFO - fastread - 113, 2260
2019-01-25 12:07:22,468 - INFO - fastread - 114, 2270
2019-01-25 12:07:22,475 - INFO - fastread - 114, 2280
2019-01-25 12:07:22,482 - INFO - fastread - 115, 2290
2019-01-25 12:07:22,489 - INFO - fastread - 115, 2300
2019-01-25 12:07:22,496 - INFO - fastread - 115, 2310
2019-01-25 12:07:22,503 - INFO - fastread - 115, 2320
2019-01-25 12:07:22,510 - INFO - fastread - 115, 2330
2019-01-25 12:07:22,516 - INFO - fastread - 115, 2340
2019-01-25 12:07:22,522 - INFO - fastread - 115, 2350
2019-01-25 12:07:22,529 - INFO - fastread - 115, 2360
2019-01-25 12:07:22,536 - INFO - fastread - 116, 2370
2019-01-25 12:07:22,543 - INFO - fastread - 116, 2380
2019-01-25 12:07:22,550 - INFO - fastread - 116, 2390
2019-01-25 12:07:22,557 - INFO - fastread - 116, 2400
2019-01-25 12:07:22,564 - INFO - fastread - 116, 2410
2019-01-25 12:07:22,570 - INFO - fastread - 116, 2420
2019-01-25 12:07:22,576 - INFO - fastread - 116, 2430
2019-01-25 12:07:22,584 - INFO - fastread - 116, 2440
2019-01-25 12:07:22,591 - INFO - fastread - 116, 2450
2019-01-25 12:07:22,598 - INFO - fastread - 117, 2460
2019-01-25 12:07:22,606 - INFO - fastread - 117, 2470
2019-01-25 12:07:22,612 - INFO - fastread - 117, 2480
2019-01-25 12:07:22,619 - INFO - fastread - 117, 2490
2019-01-25 12:07:22,626 - INFO - fastread - 117, 2500
2019-01-25 12:07:22,633 - INFO - fastread - 117, 2510
2019-01-25 12:07:22,640 - INFO - fastread - 117, 2520
2019-01-25 12:07:22,651 - INFO - fastread - 117, 2530
2019-01-25 12:07:22,658 - INFO - fastread - 118, 2540
2019-01-25 12:07:22,665 - INFO - fastread - 119, 2550
2019-01-25 12:07:22,673 - INFO - fastread - 119, 2560
2019-01-25 12:07:22,680 - INFO - fastread - 120, 2570
2019-01-25 12:07:22,686 - INFO - fastread - 120, 2580
2019-01-25 12:07:22,694 - INFO - fastread - 120, 2590
2019-01-25 12:07:22,701 - INFO - fastread - 120, 2600
2019-01-25 12:07:22,708 - INFO - fastread - 120, 2610
2019-01-25 12:07:22,715 - INFO - fastread - 120, 2620
2019-01-25 12:07:22,722 - INFO - fastread - 120, 2630
2019-01-25 12:07:22,728 - INFO - fastread - 121, 2640
2019-01-25 12:07:22,735 - INFO - fastread - 121, 2650
2019-01-25 12:07:22,742 - INFO - fastread - 121, 2660
2019-01-25 12:07:22,749 - INFO - fastread - 121, 2670
2019-01-25 12:07:22,756 - INFO - fastread - 121, 2680
2019-01-25 12:07:22,763 - INFO - fastread - 121, 2690
2019-01-25 12:07:22,770 - INFO - fastread - 122, 2700
2019-01-25 12:07:22,776 - INFO - fastread - 122, 2710
2019-01-25 12:07:22,782 - INFO - fastread - 122, 2720
2019-01-25 12:07:22,789 - INFO - fastread - 122, 2730
2019-01-25 12:07:22,796 - INFO - fastread - 122, 2740
2019-01-25 12:07:22,802 - INFO - fastread - 124, 2750
2019-01-25 12:07:22,808 - INFO - fastread - 125, 2760
2019-01-25 12:07:22,815 - INFO - fastread - 125, 2770
2019-01-25 12:07:22,822 - INFO - fastread - 125, 2780
2019-01-25 12:07:22,829 - INFO - fastread - 125, 2790
2019-01-25 12:07:22,836 - INFO - fastread - 126, 2800
2019-01-25 12:07:22,844 - INFO - fastread - 126, 2810
2019-01-25 12:07:22,851 - INFO - fastread - 126, 2820
2019-01-25 12:07:22,858 - INFO - fastread - 126, 2830
2019-01-25 12:07:22,865 - INFO - fastread - 126, 2840
2019-01-25 12:07:22,872 - INFO - fastread - 126, 2850
2019-01-25 12:07:22,880 - INFO - fastread - 127, 2860
2019-01-25 12:07:22,888 - INFO - fastread - 127, 2870
2019-01-25 12:07:22,895 - INFO - fastread - 127, 2880
2019-01-25 12:07:22,902 - INFO - fastread - 127, 2890
2019-01-25 12:07:22,909 - INFO - fastread - 127, 2900
2019-01-25 12:07:22,917 - INFO - fastread - 127, 2910
2019-01-25 12:07:22,925 - INFO - fastread - 127, 2920
2019-01-25 12:07:22,932 - INFO - fastread - 127, 2930
2019-01-25 12:07:22,939 - INFO - fastread - 127, 2940
2019-01-25 12:07:22,946 - INFO - fastread - 127, 2950
2019-01-25 12:07:22,953 - INFO - fastread - 127, 2960
2019-01-25 12:07:22,960 - INFO - fastread - 127, 2970
2019-01-25 12:07:22,967 - INFO - fastread - 127, 2980
2019-01-25 12:07:22,975 - INFO - fastread - 127, 2990
2019-01-25 12:07:22,982 - INFO - fastread - 128, 3000
2019-01-25 12:07:22,990 - INFO - fastread - 128, 3010
2019-01-25 12:07:22,997 - INFO - fastread - 130, 3020
2019-01-25 12:07:23,004 - INFO - fastread - 130, 3030
2019-01-25 12:07:23,012 - INFO - fastread - 130, 3040
2019-01-25 12:07:23,020 - INFO - fastread - 130, 3050
2019-01-25 12:07:23,027 - INFO - fastread - 130, 3060
2019-01-25 12:07:23,035 - INFO - fastread - 130, 3070
2019-01-25 12:07:23,042 - INFO - fastread - 131, 3080
2019-01-25 12:07:23,049 - INFO - fastread - 131, 3090
2019-01-25 12:07:23,056 - INFO - fastread - 131, 3100
2019-01-25 12:07:23,063 - INFO - fastread - 131, 3110
2019-01-25 12:07:23,070 - INFO - fastread - 132, 3120
2019-01-25 12:07:23,077 - INFO - fastread - 132, 3130
2019-01-25 12:07:23,084 - INFO - fastread - 132, 3140
2019-01-25 12:07:23,091 - INFO - fastread - 132, 3150
2019-01-25 12:07:23,097 - INFO - fastread - 132, 3160
2019-01-25 12:07:23,105 - INFO - fastread - 132, 3170
2019-01-25 12:07:23,112 - INFO - fastread - 132, 3180
2019-01-25 12:07:23,119 - INFO - fastread - 132, 3190
2019-01-25 12:07:23,125 - INFO - fastread - 133, 3200
2019-01-25 12:07:23,132 - INFO - fastread - 134, 3210
2019-01-25 12:07:23,139 - INFO - fastread - 135, 3220
2019-01-25 12:07:23,146 - INFO - fastread - 136, 3230
2019-01-25 12:07:23,153 - INFO - fastread - 137, 3240
2019-01-25 12:07:23,160 - INFO - fastread - 137, 3250
2019-01-25 12:07:23,166 - INFO - fastread - 137, 3260
2019-01-25 12:07:23,173 - INFO - fastread - 138, 3270
2019-01-25 12:07:23,179 - INFO - fastread - 139, 3280
2019-01-25 12:07:23,186 - INFO - fastread - 139, 3290
2019-01-25 12:07:23,193 - INFO - fastread - 139, 3300
2019-01-25 12:07:23,200 - INFO - fastread - 139, 3310
2019-01-25 12:07:23,207 - INFO - fastread - 139, 3320
2019-01-25 12:07:23,214 - INFO - fastread - 139, 3330
2019-01-25 12:07:23,220 - INFO - fastread - 139, 3340
2019-01-25 12:07:23,227 - INFO - fastread - 139, 3350
2019-01-25 12:07:23,235 - INFO - fastread - 139, 3360
2019-01-25 12:07:23,243 - INFO - fastread - 139, 3370
2019-01-25 12:07:23,251 - INFO - fastread - 139, 3380
2019-01-25 12:07:23,258 - INFO - fastread - 139, 3390
2019-01-25 12:07:23,266 - INFO - fastread - 139, 3400
2019-01-25 12:07:23,274 - INFO - fastread - 139, 3410
2019-01-25 12:07:23,282 - INFO - fastread - 140, 3420
2019-01-25 12:07:23,290 - INFO - fastread - 140, 3430
2019-01-25 12:07:23,298 - INFO - fastread - 140, 3440
2019-01-25 12:07:23,306 - INFO - fastread - 140, 3450
2019-01-25 12:07:23,314 - INFO - fastread - 140, 3460
2019-01-25 12:07:23,321 - INFO - fastread - 140, 3470
2019-01-25 12:07:23,328 - INFO - fastread - 140, 3480
2019-01-25 12:07:23,336 - INFO - fastread - 141, 3490
2019-01-25 12:07:23,343 - INFO - fastread - 141, 3500
2019-01-25 12:07:23,351 - INFO - fastread - 141, 3510
2019-01-25 12:07:23,359 - INFO - fastread - 142, 3520
2019-01-25 12:07:23,366 - INFO - fastread - 142, 3530
2019-01-25 12:07:23,373 - INFO - fastread - 142, 3540
2019-01-25 12:07:23,381 - INFO - fastread - 142, 3550
2019-01-25 12:07:23,389 - INFO - fastread - 142, 3560
2019-01-25 12:07:23,397 - INFO - fastread - 143, 3570
2019-01-25 12:07:23,405 - INFO - fastread - 145, 3580
2019-01-25 12:07:23,414 - INFO - fastread - 146, 3590
2019-01-25 12:07:23,421 - INFO - fastread - 146, 3600
2019-01-25 12:07:23,429 - INFO - fastread - 146, 3610
2019-01-25 12:07:23,437 - INFO - fastread - 146, 3620
2019-01-25 12:07:23,445 - INFO - fastread - 146, 3630
2019-01-25 12:07:23,452 - INFO - fastread - 147, 3640
2019-01-25 12:07:23,460 - INFO - fastread - 148, 3650
2019-01-25 12:07:23,468 - INFO - fastread - 148, 3660
2019-01-25 12:07:23,475 - INFO - fastread - 148, 3670
2019-01-25 12:07:23,483 - INFO - fastread - 149, 3680
2019-01-25 12:07:23,491 - INFO - fastread - 149, 3690
2019-01-25 12:07:23,499 - INFO - fastread - 149, 3700
2019-01-25 12:07:23,507 - INFO - fastread - 149, 3710
2019-01-25 12:07:23,514 - INFO - fastread - 149, 3720
2019-01-25 12:07:23,522 - INFO - fastread - 149, 3730
2019-01-25 12:07:23,530 - INFO - fastread - 149, 3740
2019-01-25 12:07:23,537 - INFO - fastread - 149, 3750
2019-01-25 12:07:23,545 - INFO - fastread - 150, 3760
2019-01-25 12:07:23,553 - INFO - fastread - 150, 3770
2019-01-25 12:07:23,561 - INFO - fastread - 151, 3780
2019-01-25 12:07:23,569 - INFO - fastread - 151, 3790
2019-01-25 12:07:23,577 - INFO - fastread - 152, 3800
2019-01-25 12:07:23,585 - INFO - fastread - 152, 3810
2019-01-25 12:07:23,593 - INFO - fastread - 152, 3820
2019-01-25 12:07:23,601 - INFO - fastread - 152, 3830
2019-01-25 12:07:23,609 - INFO - fastread - 152, 3840
2019-01-25 12:07:23,620 - INFO - fastread - 152, 3850
2019-01-25 12:07:23,628 - INFO - fastread - 153, 3860
2019-01-25 12:07:23,636 - INFO - fastread - 153, 3870
2019-01-25 12:07:23,644 - INFO - fastread - 153, 3880
2019-01-25 12:07:23,652 - INFO - fastread - 153, 3890
2019-01-25 12:07:23,660 - INFO - fastread - 153, 3900
2019-01-25 12:07:23,668 - INFO - fastread - 153, 3910
2019-01-25 12:07:23,675 - INFO - fastread - 154, 3920
2019-01-25 12:07:23,682 - INFO - fastread - 155, 3930
2019-01-25 12:07:23,690 - INFO - fastread - 155, 3940
2019-01-25 12:07:23,696 - INFO - fastread - 155, 3950
2019-01-25 12:07:23,704 - INFO - fastread - 155, 3960
2019-01-25 12:07:23,712 - INFO - fastread - 155, 3970
2019-01-25 12:07:23,721 - INFO - fastread - 155, 3980
2019-01-25 12:07:23,729 - INFO - fastread - 155, 3990
2019-01-25 12:07:23,738 - INFO - fastread - 155, 4000
2019-01-25 12:07:23,747 - INFO - fastread - 155, 4010
2019-01-25 12:07:23,756 - INFO - fastread - 155, 4020
2019-01-25 12:07:23,764 - INFO - fastread - 155, 4030
2019-01-25 12:07:23,772 - INFO - fastread - 155, 4040
2019-01-25 12:07:23,781 - INFO - fastread - 155, 4050
2019-01-25 12:07:23,789 - INFO - fastread - 155, 4060
2019-01-25 12:07:23,798 - INFO - fastread - 155, 4070
2019-01-25 12:07:23,806 - INFO - fastread - 155, 4080
2019-01-25 12:07:23,814 - INFO - fastread - 156, 4090
2019-01-25 12:07:23,822 - INFO - fastread - 156, 4100
2019-01-25 12:07:23,831 - INFO - fastread - 156, 4110
2019-01-25 12:07:23,839 - INFO - fastread - 156, 4120
2019-01-25 12:07:23,847 - INFO - fastread - 156, 4130
2019-01-25 12:07:23,856 - INFO - fastread - 156, 4140
2019-01-25 12:07:23,864 - INFO - fastread - 156, 4150
2019-01-25 12:07:23,872 - INFO - fastread - 156, 4160
2019-01-25 12:07:23,881 - INFO - fastread - 156, 4170
2019-01-25 12:07:23,889 - INFO - fastread - 156, 4180
2019-01-25 12:07:23,897 - INFO - fastread - 156, 4190
2019-01-25 12:07:23,906 - INFO - fastread - 156, 4200
2019-01-25 12:07:23,914 - INFO - fastread - 156, 4210
2019-01-25 12:07:23,922 - INFO - fastread - 156, 4220
2019-01-25 12:07:23,931 - INFO - fastread - 156, 4230
2019-01-25 12:07:23,939 - INFO - fastread - 156, 4240
2019-01-25 12:07:23,948 - INFO - fastread - 156, 4250
2019-01-25 12:07:23,955 - INFO - fastread - 156, 4260
2019-01-25 12:07:23,963 - INFO - fastread - 157, 4270
2019-01-25 12:07:23,972 - INFO - fastread - 157, 4280
2019-01-25 12:07:23,982 - INFO - fastread - 157, 4290
2019-01-25 12:07:23,990 - INFO - fastread - 159, 4300
2019-01-25 12:07:23,999 - INFO - fastread - 160, 4310
2019-01-25 12:07:24,008 - INFO - fastread - 160, 4320
2019-01-25 12:07:24,017 - INFO - fastread - 160, 4330
2019-01-25 12:07:24,025 - INFO - fastread - 162, 4340
2019-01-25 12:07:24,034 - INFO - fastread - 163, 4350
2019-01-25 12:07:24,043 - INFO - fastread - 163, 4360
2019-01-25 12:07:24,051 - INFO - fastread - 163, 4370
2019-01-25 12:07:24,059 - INFO - fastread - 163, 4380
2019-01-25 12:07:24,068 - INFO - fastread - 163, 4390
2019-01-25 12:07:24,076 - INFO - fastread - 165, 4400
2019-01-25 12:07:24,083 - INFO - fastread - 165, 4410
2019-01-25 12:07:24,092 - INFO - fastread - 166, 4420
2019-01-25 12:07:24,099 - INFO - fastread - 167, 4430
2019-01-25 12:07:24,107 - INFO - fastread - 167, 4440
2019-01-25 12:07:24,115 - INFO - fastread - 167, 4450
2019-01-25 12:07:24,123 - INFO - fastread - 167, 4460
2019-01-25 12:07:24,131 - INFO - fastread - 167, 4470
2019-01-25 12:07:24,144 - INFO - fastread - 167, 4480
2019-01-25 12:07:24,153 - INFO - fastread - 168, 4490
2019-01-25 12:07:24,166 - INFO - fastread - 168, 4500
2019-01-25 12:07:24,174 - INFO - fastread - 168, 4510
2019-01-25 12:07:24,183 - INFO - fastread - 169, 4520
2019-01-25 12:07:24,192 - INFO - fastread - 169, 4530
2019-01-25 12:07:24,201 - INFO - fastread - 170, 4540
2019-01-25 12:07:24,210 - INFO - fastread - 170, 4550
2019-01-25 12:07:24,219 - INFO - fastread - 170, 4560
2019-01-25 12:07:24,228 - INFO - fastread - 170, 4570
2019-01-25 12:07:24,237 - INFO - fastread - 170, 4580
2019-01-25 12:07:24,245 - INFO - fastread - 171, 4590
2019-01-25 12:07:24,254 - INFO - fastread - 171, 4600
2019-01-25 12:07:24,262 - INFO - fastread - 171, 4610
2019-01-25 12:07:24,271 - INFO - fastread - 171, 4620
2019-01-25 12:07:24,279 - INFO - fastread - 172, 4630
2019-01-25 12:07:24,287 - INFO - fastread - 172, 4640
2019-01-25 12:07:24,296 - INFO - fastread - 172, 4650
2019-01-25 12:07:24,305 - INFO - fastread - 172, 4660
2019-01-25 12:07:24,314 - INFO - fastread - 172, 4670
2019-01-25 12:07:24,322 - INFO - fastread - 172, 4680
2019-01-25 12:07:24,332 - INFO - fastread - 173, 4690
2019-01-25 12:07:24,341 - INFO - fastread - 173, 4700
2019-01-25 12:07:24,350 - INFO - fastread - 173, 4710
2019-01-25 12:07:24,359 - INFO - fastread - 173, 4720
2019-01-25 12:07:24,367 - INFO - fastread - 174, 4730
2019-01-25 12:07:24,376 - INFO - fastread - 174, 4740
2019-01-25 12:07:24,384 - INFO - fastread - 174, 4750
2019-01-25 12:07:24,393 - INFO - fastread - 174, 4760
2019-01-25 12:07:24,402 - INFO - fastread - 174, 4770
2019-01-25 12:07:24,411 - INFO - fastread - 175, 4780
2019-01-25 12:07:24,420 - INFO - fastread - 175, 4790
2019-01-25 12:07:24,429 - INFO - fastread - 175, 4800
2019-01-25 12:07:24,437 - INFO - fastread - 176, 4810
2019-01-25 12:07:24,445 - INFO - fastread - 176, 4820
2019-01-25 12:07:24,454 - INFO - fastread - 176, 4830
2019-01-25 12:07:24,462 - INFO - fastread - 176, 4840
2019-01-25 12:07:24,470 - INFO - fastread - 176, 4850
2019-01-25 12:07:24,478 - INFO - fastread - 176, 4860
2019-01-25 12:07:24,486 - INFO - fastread - 176, 4870
2019-01-25 12:07:24,494 - INFO - fastread - 176, 4880
2019-01-25 12:07:24,503 - INFO - fastread - 176, 4890
2019-01-25 12:07:24,512 - INFO - fastread - 176, 4900
2019-01-25 12:07:24,520 - INFO - fastread - 176, 4910
2019-01-25 12:07:24,529 - INFO - fastread - 176, 4920
2019-01-25 12:07:24,537 - INFO - fastread - 176, 4930
2019-01-25 12:07:24,546 - INFO - fastread - 176, 4940
2019-01-25 12:07:24,554 - INFO - fastread - 176, 4950
2019-01-25 12:07:24,563 - INFO - fastread - 176, 4960
2019-01-25 12:07:24,571 - INFO - fastread - 176, 4970
2019-01-25 12:07:24,580 - INFO - fastread - 177, 4980
2019-01-25 12:07:24,588 - INFO - fastread - 178, 4990
2019-01-25 12:07:24,595 - INFO - fastread - 178, 5000
2019-01-25 12:07:24,606 - INFO - fastread - 178, 5010
2019-01-25 12:07:24,615 - INFO - fastread - 178, 5020
2019-01-25 12:07:24,625 - INFO - fastread - 178, 5030
2019-01-25 12:07:24,633 - INFO - fastread - 178, 5040
2019-01-25 12:07:24,642 - INFO - fastread - 178, 5050
2019-01-25 12:07:24,651 - INFO - fastread - 178, 5060
2019-01-25 12:07:24,659 - INFO - fastread - 178, 5070
2019-01-25 12:07:24,668 - INFO - fastread - 178, 5080
2019-01-25 12:07:24,676 - INFO - fastread - 178, 5090
2019-01-25 12:07:24,685 - INFO - fastread - 178, 5100
2019-01-25 12:07:24,694 - INFO - fastread - 178, 5110
2019-01-25 12:07:24,703 - INFO - fastread - 178, 5120
2019-01-25 12:07:24,712 - INFO - fastread - 178, 5130
2019-01-25 12:07:24,720 - INFO - fastread - 178, 5140
2019-01-25 12:07:24,728 - INFO - fastread - 178, 5150
2019-01-25 12:07:24,737 - INFO - fastread - 178, 5160
2019-01-25 12:07:24,746 - INFO - fastread - 179, 5170
2019-01-25 12:07:24,755 - INFO - fastread - 179, 5180
2019-01-25 12:07:24,764 - INFO - fastread - 179, 5190
2019-01-25 12:07:24,774 - INFO - fastread - 179, 5200
2019-01-25 12:07:24,782 - INFO - fastread - 179, 5210
2019-01-25 12:07:24,790 - INFO - fastread - 179, 5220
2019-01-25 12:07:24,798 - INFO - fastread - 180, 5230
2019-01-25 12:07:24,807 - INFO - fastread - 180, 5240
2019-01-25 12:07:24,815 - INFO - fastread - 182, 5250
2019-01-25 12:07:24,823 - INFO - fastread - 183, 5260
2019-01-25 12:07:24,832 - INFO - fastread - 183, 5270
2019-01-25 12:07:24,840 - INFO - fastread - 183, 5280
2019-01-25 12:07:24,848 - INFO - fastread - 183, 5290
2019-01-25 12:07:24,856 - INFO - fastread - 183, 5300
2019-01-25 12:07:24,865 - INFO - fastread - 183, 5310
2019-01-25 12:07:24,874 - INFO - fastread - 183, 5320
2019-01-25 12:07:24,882 - INFO - fastread - 184, 5330
2019-01-25 12:07:24,891 - INFO - fastread - 184, 5340
2019-01-25 12:07:24,899 - INFO - fastread - 184, 5350
2019-01-25 12:07:24,908 - INFO - fastread - 184, 5360
2019-01-25 12:07:24,917 - INFO - fastread - 184, 5370
2019-01-25 12:07:24,925 - INFO - fastread - 185, 5380
2019-01-25 12:07:24,933 - INFO - fastread - 185, 5390
2019-01-25 12:07:24,941 - INFO - fastread - 185, 5400
2019-01-25 12:07:24,951 - INFO - fastread - 185, 5410
2019-01-25 12:07:24,960 - INFO - fastread - 185, 5420
2019-01-25 12:07:24,969 - INFO - fastread - 185, 5430
2019-01-25 12:07:24,977 - INFO - fastread - 185, 5440
2019-01-25 12:07:24,986 - INFO - fastread - 185, 5450
2019-01-25 12:07:24,995 - INFO - fastread - 185, 5460
2019-01-25 12:07:25,004 - INFO - fastread - 185, 5470
2019-01-25 12:07:25,013 - INFO - fastread - 185, 5480
2019-01-25 12:07:25,022 - INFO - fastread - 185, 5490
2019-01-25 12:07:25,031 - INFO - fastread - 185, 5500
2019-01-25 12:07:25,039 - INFO - fastread - 185, 5510
2019-01-25 12:07:25,047 - INFO - fastread - 185, 5520
2019-01-25 12:07:25,055 - INFO - fastread - 185, 5530
2019-01-25 12:07:25,064 - INFO - fastread - 186, 5540
2019-01-25 12:07:25,072 - INFO - fastread - 186, 5550
2019-01-25 12:07:25,080 - INFO - fastread - 186, 5560
2019-01-25 12:07:25,089 - INFO - fastread - 186, 5570
2019-01-25 12:07:25,097 - INFO - fastread - 186, 5580
2019-01-25 12:07:25,105 - INFO - fastread - 186, 5590
2019-01-25 12:07:25,113 - INFO - fastread - 186, 5600
2019-01-25 12:07:25,121 - INFO - fastread - 187, 5610
2019-01-25 12:07:25,129 - INFO - fastread - 187, 5620
2019-01-25 12:07:25,137 - INFO - fastread - 187, 5630
2019-01-25 12:07:25,145 - INFO - fastread - 187, 5640
2019-01-25 12:07:25,153 - INFO - fastread - 187, 5650
2019-01-25 12:07:25,161 - INFO - fastread - 188, 5660
2019-01-25 12:07:25,169 - INFO - fastread - 188, 5670
2019-01-25 12:07:25,176 - INFO - fastread - 189, 5680
2019-01-25 12:07:25,185 - INFO - fastread - 191, 5690
2019-01-25 12:07:25,192 - INFO - fastread - 191, 5700
2019-01-25 12:07:25,200 - INFO - fastread - 191, 5710
2019-01-25 12:07:25,207 - INFO - fastread - 192, 5720
2019-01-25 12:07:25,215 - INFO - fastread - 192, 5730
2019-01-25 12:07:25,224 - INFO - fastread - 192, 5740
2019-01-25 12:07:25,232 - INFO - fastread - 193, 5750
2019-01-25 12:07:25,241 - INFO - fastread - 193, 5760
2019-01-25 12:07:25,249 - INFO - fastread - 194, 5770
2019-01-25 12:07:25,298 - INFO - rig - ++++NEW CLF++++ SVM
2019-01-25 12:07:25,300 - INFO - fastread - Total Yes: 204 | Total No: 6264
2019-01-25 12:17:32,309 - INFO - fastread - 6, 10
2019-01-25 12:17:32,330 - INFO - fastread - 16, 20
2019-01-25 12:17:32,338 - INFO - fastread - 26, 30
2019-01-25 12:17:32,340 - INFO - fastread - 36, 40
2019-01-25 12:17:32,350 - INFO - fastread - 44, 50
2019-01-25 12:17:32,360 - INFO - fastread - 52, 60
2019-01-25 12:17:32,360 - INFO - fastread - 62, 70
2019-01-25 12:17:32,370 - INFO - fastread - 70, 80
2019-01-25 12:17:32,380 - INFO - fastread - 79, 90
2019-01-25 12:17:32,380 - INFO - fastread - 89, 100
2019-01-25 12:17:32,390 - INFO - fastread - 99, 110
2019-01-25 12:17:32,400 - INFO - fastread - 109, 120
2019-01-25 12:17:32,408 - INFO - fastread - 118, 130
2019-01-25 12:17:32,410 - INFO - fastread - 126, 140
2019-01-25 12:17:32,420 - INFO - fastread - 135, 150
2019-01-25 12:17:32,430 - INFO - fastread - 145, 160
2019-01-25 12:17:32,438 - INFO - fastread - 155, 170
2019-01-25 12:17:32,441 - INFO - fastread - 165, 180
2019-01-25 12:17:32,451 - INFO - fastread - 171, 190
2019-01-25 12:17:32,459 - INFO - fastread - 175, 200
2019-01-25 12:17:32,461 - INFO - fastread - 175, 210
2019-01-25 12:17:32,471 - INFO - fastread - 176, 220
2019-01-25 12:17:32,479 - INFO - fastread - 179, 230
2019-01-25 12:17:32,481 - INFO - fastread - 184, 240
2019-01-25 12:17:32,491 - INFO - fastread - 186, 250
2019-01-25 12:17:32,501 - INFO - fastread - 189, 260
2019-01-25 12:17:32,511 - INFO - fastread - 194, 270
2019-01-25 12:17:32,529 - INFO - rig - ++++NEW CLF++++ DT
2019-01-25 12:17:32,529 - INFO - fastread - Total Yes: 204 | Total No: 6264
2019-01-25 12:17:58,198 - INFO - fastread - 9, 10
2019-01-25 12:17:58,198 - INFO - fastread - 17, 20
2019-01-25 12:17:58,208 - INFO - fastread - 26, 30
2019-01-25 12:17:58,218 - INFO - fastread - 34, 40
2019-01-25 12:17:58,226 - INFO - fastread - 42, 50
2019-01-25 12:17:58,228 - INFO - fastread - 49, 60
2019-01-25 12:17:58,239 - INFO - fastread - 56, 70
2019-01-25 12:17:58,249 - INFO - fastread - 65, 80
2019-01-25 12:17:58,257 - INFO - fastread - 72, 90
2019-01-25 12:17:58,259 - INFO - fastread - 80, 100
2019-01-25 12:17:58,269 - INFO - fastread - 87, 110
2019-01-25 12:17:58,279 - INFO - fastread - 95, 120
2019-01-25 12:17:58,287 - INFO - fastread - 102, 130
2019-01-25 12:17:58,289 - INFO - fastread - 112, 140
2019-01-25 12:17:58,299 - INFO - fastread - 120, 150
2019-01-25 12:17:58,310 - INFO - fastread - 129, 160
2019-01-25 12:17:58,320 - INFO - fastread - 139, 170
2019-01-25 12:17:58,320 - INFO - fastread - 147, 180
2019-01-25 12:17:58,330 - INFO - fastread - 155, 190
2019-01-25 12:17:58,340 - INFO - fastread - 165, 200
2019-01-25 12:17:58,340 - INFO - fastread - 174, 210
2019-01-25 12:17:58,350 - INFO - fastread - 184, 220
2019-01-25 12:17:58,361 - INFO - fastread - 184, 230
2019-01-25 12:17:58,368 - INFO - fastread - 184, 240
2019-01-25 12:17:58,375 - INFO - fastread - 184, 250
2019-01-25 12:17:58,380 - INFO - fastread - 184, 260
2019-01-25 12:17:58,391 - INFO - fastread - 184, 270
2019-01-25 12:17:58,399 - INFO - fastread - 185, 280
2019-01-25 12:17:58,421 - INFO - fastread - 185, 290
2019-01-25 12:17:58,432 - INFO - fastread - 185, 300
2019-01-25 12:17:58,440 - INFO - fastread - 185, 310
2019-01-25 12:17:58,442 - INFO - fastread - 185, 320
2019-01-25 12:17:58,452 - INFO - fastread - 185, 330
2019-01-25 12:17:58,460 - INFO - fastread - 185, 340
2019-01-25 12:17:58,462 - INFO - fastread - 185, 350
2019-01-25 12:17:58,472 - INFO - fastread - 185, 360
2019-01-25 12:17:58,482 - INFO - fastread - 185, 370
2019-01-25 12:17:58,492 - INFO - fastread - 185, 380
2019-01-25 12:17:58,502 - INFO - fastread - 185, 390
2019-01-25 12:17:58,510 - INFO - fastread - 185, 400
2019-01-25 12:17:58,512 - INFO - fastread - 185, 410
2019-01-25 12:17:58,522 - INFO - fastread - 185, 420
2019-01-25 12:17:58,533 - INFO - fastread - 185, 430
2019-01-25 12:17:58,543 - INFO - fastread - 185, 440
2019-01-25 12:17:58,553 - INFO - fastread - 185, 450
2019-01-25 12:17:58,563 - INFO - fastread - 185, 460
2019-01-25 12:17:58,571 - INFO - fastread - 185, 470
2019-01-25 12:17:58,573 - INFO - fastread - 185, 480
2019-01-25 12:17:58,583 - INFO - fastread - 185, 490
2019-01-25 12:17:58,593 - INFO - fastread - 185, 500
2019-01-25 12:17:58,603 - INFO - fastread - 185, 510
2019-01-25 12:17:58,613 - INFO - fastread - 185, 520
2019-01-25 12:17:58,621 - INFO - fastread - 185, 530
2019-01-25 12:17:58,623 - INFO - fastread - 185, 540
2019-01-25 12:17:58,633 - INFO - fastread - 185, 550
2019-01-25 12:17:58,644 - INFO - fastread - 185, 560
2019-01-25 12:17:58,654 - INFO - fastread - 185, 570
2019-01-25 12:17:58,662 - INFO - fastread - 185, 580
2019-01-25 12:17:58,664 - INFO - fastread - 185, 590
2019-01-25 12:17:58,674 - INFO - fastread - 185, 600
2019-01-25 12:17:58,692 - INFO - fastread - 185, 610
2019-01-25 12:17:58,694 - INFO - fastread - 185, 620
2019-01-25 12:17:58,714 - INFO - fastread - 185, 630
2019-01-25 12:17:58,722 - INFO - fastread - 185, 640
2019-01-25 12:17:58,763 - INFO - fastread - 185, 650
2019-01-25 12:17:58,765 - INFO - fastread - 185, 660
2019-01-25 12:17:58,775 - INFO - fastread - 185, 670
2019-01-25 12:17:58,785 - INFO - fastread - 185, 680
2019-01-25 12:17:58,793 - INFO - fastread - 185, 690
2019-01-25 12:17:58,795 - INFO - fastread - 185, 700
2019-01-25 12:17:58,805 - INFO - fastread - 185, 710
2019-01-25 12:17:58,815 - INFO - fastread - 185, 720
2019-01-25 12:17:58,823 - INFO - fastread - 185, 730
2019-01-25 12:17:58,825 - INFO - fastread - 185, 740
2019-01-25 12:17:58,835 - INFO - fastread - 185, 750
2019-01-25 12:17:58,845 - INFO - fastread - 185, 760
2019-01-25 12:17:58,854 - INFO - fastread - 185, 770
2019-01-25 12:17:58,856 - INFO - fastread - 185, 780
2019-01-25 12:17:58,866 - INFO - fastread - 185, 790
2019-01-25 12:17:58,874 - INFO - fastread - 185, 800
2019-01-25 12:17:58,876 - INFO - fastread - 185, 810
2019-01-25 12:17:58,886 - INFO - fastread - 185, 820
2019-01-25 12:17:58,896 - INFO - fastread - 185, 830
2019-01-25 12:17:58,987 - INFO - fastread - 185, 840
2019-01-25 12:17:58,997 - INFO - fastread - 185, 850
2019-01-25 12:17:59,088 - INFO - fastread - 185, 860
2019-01-25 12:17:59,096 - INFO - fastread - 185, 870
2019-01-25 12:17:59,106 - INFO - fastread - 185, 880
2019-01-25 12:17:59,108 - INFO - fastread - 185, 890
2019-01-25 12:17:59,126 - INFO - fastread - 185, 900
2019-01-25 12:17:59,146 - INFO - fastread - 185, 910
2019-01-25 12:17:59,178 - INFO - fastread - 185, 920
2019-01-25 12:17:59,186 - INFO - fastread - 185, 930
2019-01-25 12:17:59,188 - INFO - fastread - 185, 940
2019-01-25 12:17:59,223 - INFO - fastread - 185, 950
2019-01-25 12:17:59,231 - INFO - fastread - 185, 960
2019-01-25 12:17:59,263 - INFO - fastread - 185, 970
2019-01-25 12:17:59,289 - INFO - fastread - 185, 980
2019-01-25 12:17:59,289 - INFO - fastread - 185, 990
2019-01-25 12:17:59,299 - INFO - fastread - 185, 1000
2019-01-25 12:17:59,360 - INFO - fastread - 185, 1010
2019-01-25 12:17:59,370 - INFO - fastread - 185, 1020
2019-01-25 12:17:59,378 - INFO - fastread - 185, 1030
2019-01-25 12:17:59,380 - INFO - fastread - 185, 1040
2019-01-25 12:17:59,440 - INFO - fastread - 185, 1050
2019-01-25 12:17:59,450 - INFO - fastread - 185, 1060
2019-01-25 12:17:59,460 - INFO - fastread - 185, 1070
2019-01-25 12:17:59,501 - INFO - fastread - 185, 1080
2019-01-25 12:17:59,511 - INFO - fastread - 185, 1090
2019-01-25 12:17:59,521 - INFO - fastread - 185, 1100
2019-01-25 12:17:59,539 - INFO - fastread - 185, 1110
2019-01-25 12:17:59,541 - INFO - fastread - 185, 1120
2019-01-25 12:17:59,551 - INFO - fastread - 185, 1130
2019-01-25 12:17:59,561 - INFO - fastread - 185, 1140
2019-01-25 12:17:59,591 - INFO - fastread - 185, 1150
2019-01-25 12:17:59,599 - INFO - fastread - 185, 1160
2019-01-25 12:17:59,601 - INFO - fastread - 185, 1170
2019-01-25 12:17:59,612 - INFO - fastread - 185, 1180
2019-01-25 12:17:59,622 - INFO - fastread - 185, 1190
2019-01-25 12:17:59,642 - INFO - fastread - 185, 1200
2019-01-25 12:17:59,652 - INFO - fastread - 185, 1210
2019-01-25 12:17:59,662 - INFO - fastread - 185, 1220
2019-01-25 12:17:59,682 - INFO - fastread - 185, 1230
2019-01-25 12:17:59,692 - INFO - fastread - 185, 1240
2019-01-25 12:17:59,692 - INFO - fastread - 185, 1250
2019-01-25 12:17:59,702 - INFO - fastread - 185, 1260
2019-01-25 12:17:59,712 - INFO - fastread - 185, 1270
2019-01-25 12:17:59,733 - INFO - fastread - 185, 1280
2019-01-25 12:17:59,733 - INFO - fastread - 185, 1290
2019-01-25 12:17:59,743 - INFO - fastread - 185, 1300
2019-01-25 12:17:59,753 - INFO - fastread - 185, 1310
2019-01-25 12:17:59,763 - INFO - fastread - 185, 1320
2019-01-25 12:17:59,773 - INFO - fastread - 185, 1330
2019-01-25 12:17:59,783 - INFO - fastread - 185, 1340
2019-01-25 12:17:59,793 - INFO - fastread - 185, 1350
2019-01-25 12:17:59,874 - INFO - fastread - 185, 1360
2019-01-25 12:17:59,882 - INFO - fastread - 185, 1370
2019-01-25 12:17:59,894 - INFO - fastread - 185, 1380
2019-01-25 12:17:59,912 - INFO - fastread - 185, 1390
2019-01-25 12:17:59,942 - INFO - fastread - 185, 1400
2019-01-25 12:17:59,954 - INFO - fastread - 185, 1410
2019-01-25 12:17:59,973 - INFO - fastread - 185, 1420
2019-01-25 12:17:59,985 - INFO - fastread - 185, 1430
2019-01-25 12:17:59,995 - INFO - fastread - 186, 1440
2019-01-25 12:17:59,995 - INFO - fastread - 186, 1450
2019-01-25 12:18:00,005 - INFO - fastread - 186, 1460
2019-01-25 12:18:00,035 - INFO - fastread - 186, 1470
2019-01-25 12:18:00,045 - INFO - fastread - 186, 1480
2019-01-25 12:18:00,045 - INFO - fastread - 187, 1490
2019-01-25 12:18:00,055 - INFO - fastread - 187, 1500
2019-01-25 12:18:00,063 - INFO - fastread - 187, 1510
2019-01-25 12:18:00,073 - INFO - fastread - 187, 1520
2019-01-25 12:18:00,075 - INFO - fastread - 187, 1530
2019-01-25 12:18:00,096 - INFO - fastread - 187, 1540
2019-01-25 12:18:00,106 - INFO - fastread - 187, 1550
2019-01-25 12:18:00,114 - INFO - fastread - 187, 1560
2019-01-25 12:18:00,116 - INFO - fastread - 187, 1570
2019-01-25 12:18:00,186 - INFO - fastread - 187, 1580
2019-01-25 12:18:00,194 - INFO - fastread - 187, 1590
2019-01-25 12:18:00,297 - INFO - fastread - 187, 1600
2019-01-25 12:18:00,307 - INFO - fastread - 187, 1610
2019-01-25 12:18:00,315 - INFO - fastread - 187, 1620
2019-01-25 12:18:00,317 - INFO - fastread - 187, 1630
2019-01-25 12:18:00,338 - INFO - fastread - 187, 1640
2019-01-25 12:18:00,348 - INFO - fastread - 187, 1650
2019-01-25 12:18:00,358 - INFO - fastread - 187, 1660
2019-01-25 12:18:00,366 - INFO - fastread - 187, 1670
2019-01-25 12:18:00,368 - INFO - fastread - 187, 1680
2019-01-25 12:18:00,378 - INFO - fastread - 187, 1690
2019-01-25 12:18:00,388 - INFO - fastread - 187, 1700
2019-01-25 12:18:00,398 - INFO - fastread - 187, 1710
2019-01-25 12:18:00,446 - INFO - fastread - 187, 1720
2019-01-25 12:18:00,509 - INFO - fastread - 187, 1730
2019-01-25 12:18:00,851 - INFO - fastread - 187, 1740
2019-01-25 12:18:00,862 - INFO - fastread - 187, 1750
2019-01-25 12:18:00,870 - INFO - fastread - 187, 1760
2019-01-25 12:18:01,074 - INFO - fastread - 187, 1770
2019-01-25 12:18:01,084 - INFO - fastread - 187, 1780
2019-01-25 12:18:01,094 - INFO - fastread - 187, 1790
2019-01-25 12:18:01,102 - INFO - fastread - 187, 1800
2019-01-25 12:18:01,104 - INFO - fastread - 187, 1810
2019-01-25 12:18:01,285 - INFO - fastread - 187, 1820
2019-01-25 12:18:01,296 - INFO - fastread - 187, 1830
2019-01-25 12:18:01,304 - INFO - fastread - 187, 1840
2019-01-25 12:18:01,538 - INFO - fastread - 187, 1850
2019-01-25 12:18:01,548 - INFO - fastread - 187, 1860
2019-01-25 12:18:01,548 - INFO - fastread - 187, 1870
2019-01-25 12:18:01,558 - INFO - fastread - 187, 1880
2019-01-25 12:18:01,568 - INFO - fastread - 187, 1890
2019-01-25 12:18:01,576 - INFO - fastread - 187, 1900
2019-01-25 12:18:01,578 - INFO - fastread - 187, 1910
2019-01-25 12:18:01,588 - INFO - fastread - 187, 1920
2019-01-25 12:18:01,598 - INFO - fastread - 187, 1930
2019-01-25 12:18:01,598 - INFO - fastread - 187, 1940
2019-01-25 12:18:01,608 - INFO - fastread - 188, 1950
2019-01-25 12:18:01,619 - INFO - fastread - 188, 1960
2019-01-25 12:18:01,627 - INFO - fastread - 188, 1970
2019-01-25 12:18:01,629 - INFO - fastread - 188, 1980
2019-01-25 12:18:01,639 - INFO - fastread - 188, 1990
2019-01-25 12:18:01,649 - INFO - fastread - 188, 2000
2019-01-25 12:18:01,657 - INFO - fastread - 188, 2010
2019-01-25 12:18:01,659 - INFO - fastread - 189, 2020
2019-01-25 12:18:01,669 - INFO - fastread - 189, 2030
2019-01-25 12:18:01,679 - INFO - fastread - 189, 2040
2019-01-25 12:18:01,687 - INFO - fastread - 189, 2050
2019-01-25 12:18:01,780 - INFO - fastread - 189, 2060
2019-01-25 12:18:01,840 - INFO - fastread - 189, 2070
2019-01-25 12:18:01,850 - INFO - fastread - 189, 2080
2019-01-25 12:18:01,850 - INFO - fastread - 189, 2090
2019-01-25 12:18:01,911 - INFO - fastread - 189, 2100
2019-01-25 12:18:01,921 - INFO - fastread - 189, 2110
2019-01-25 12:18:01,921 - INFO - fastread - 189, 2120
2019-01-25 12:18:01,939 - INFO - fastread - 189, 2130
2019-01-25 12:18:01,941 - INFO - fastread - 189, 2140
2019-01-25 12:18:01,951 - INFO - fastread - 189, 2150
2019-01-25 12:18:01,959 - INFO - fastread - 189, 2160
2019-01-25 12:18:01,961 - INFO - fastread - 189, 2170
2019-01-25 12:18:01,979 - INFO - fastread - 189, 2180
2019-01-25 12:18:02,030 - INFO - fastread - 189, 2190
2019-01-25 12:18:02,032 - INFO - fastread - 189, 2200
2019-01-25 12:18:02,042 - INFO - fastread - 189, 2210
2019-01-25 12:18:02,070 - INFO - fastread - 189, 2220
2019-01-25 12:18:02,080 - INFO - fastread - 189, 2230
2019-01-25 12:18:02,082 - INFO - fastread - 189, 2240
2019-01-25 12:18:02,092 - INFO - fastread - 189, 2250
2019-01-25 12:18:02,102 - INFO - fastread - 189, 2260
2019-01-25 12:18:02,112 - INFO - fastread - 189, 2270
2019-01-25 12:18:02,122 - INFO - fastread - 189, 2280
2019-01-25 12:18:02,133 - INFO - fastread - 189, 2290
2019-01-25 12:18:02,133 - INFO - fastread - 189, 2300
2019-01-25 12:18:02,143 - INFO - fastread - 189, 2310
2019-01-25 12:18:02,151 - INFO - fastread - 189, 2320
2019-01-25 12:18:02,153 - INFO - fastread - 189, 2330
2019-01-25 12:18:02,163 - INFO - fastread - 189, 2340
2019-01-25 12:18:02,181 - INFO - fastread - 189, 2350
2019-01-25 12:18:02,191 - INFO - fastread - 189, 2360
2019-01-25 12:18:02,193 - INFO - fastread - 189, 2370
2019-01-25 12:18:02,203 - INFO - fastread - 189, 2380
2019-01-25 12:18:02,213 - INFO - fastread - 189, 2390
2019-01-25 12:18:02,221 - INFO - fastread - 189, 2400
2019-01-25 12:18:02,223 - INFO - fastread - 189, 2410
2019-01-25 12:18:02,233 - INFO - fastread - 189, 2420
2019-01-25 12:18:02,233 - INFO - fastread - 189, 2430
2019-01-25 12:18:02,243 - INFO - fastread - 189, 2440
2019-01-25 12:18:02,253 - INFO - fastread - 189, 2450
2019-01-25 12:18:02,262 - INFO - fastread - 189, 2460
2019-01-25 12:18:02,264 - INFO - fastread - 189, 2470
2019-01-25 12:18:02,274 - INFO - fastread - 189, 2480
2019-01-25 12:18:02,314 - INFO - fastread - 189, 2490
2019-01-25 12:18:02,324 - INFO - fastread - 189, 2500
2019-01-25 12:18:02,334 - INFO - fastread - 189, 2510
2019-01-25 12:18:02,342 - INFO - fastread - 189, 2520
2019-01-25 12:18:02,344 - INFO - fastread - 189, 2530
2019-01-25 12:18:02,354 - INFO - fastread - 189, 2540
2019-01-25 12:18:02,364 - INFO - fastread - 189, 2550
2019-01-25 12:18:02,374 - INFO - fastread - 189, 2560
2019-01-25 12:18:02,384 - INFO - fastread - 189, 2570
2019-01-25 12:18:02,395 - INFO - fastread - 189, 2580
2019-01-25 12:18:02,395 - INFO - fastread - 189, 2590
2019-01-25 12:18:02,405 - INFO - fastread - 189, 2600
2019-01-25 12:18:02,425 - INFO - fastread - 189, 2610
2019-01-25 12:18:02,435 - INFO - fastread - 189, 2620
2019-01-25 12:18:02,435 - INFO - fastread - 190, 2630
2019-01-25 12:18:02,778 - INFO - fastread - 190, 2640
2019-01-25 12:18:02,786 - INFO - fastread - 190, 2650
2019-01-25 12:18:02,788 - INFO - fastread - 190, 2660
2019-01-25 12:18:02,798 - INFO - fastread - 190, 2670
2019-01-25 12:18:02,798 - INFO - fastread - 190, 2680
2019-01-25 12:18:02,808 - INFO - fastread - 190, 2690
2019-01-25 12:18:02,816 - INFO - fastread - 190, 2700
2019-01-25 12:18:02,818 - INFO - fastread - 190, 2710
2019-01-25 12:18:02,828 - INFO - fastread - 190, 2720
2019-01-25 12:18:02,836 - INFO - fastread - 190, 2730
2019-01-25 12:18:02,838 - INFO - fastread - 190, 2740
2019-01-25 12:18:02,848 - INFO - fastread - 190, 2750
2019-01-25 12:18:02,856 - INFO - fastread - 190, 2760
2019-01-25 12:18:02,858 - INFO - fastread - 190, 2770
2019-01-25 12:18:02,866 - INFO - fastread - 190, 2780
2019-01-25 12:18:02,868 - INFO - fastread - 191, 2790
2019-01-25 12:18:02,868 - INFO - fastread - 191, 2800
2019-01-25 12:18:02,878 - INFO - fastread - 191, 2810
2019-01-25 12:18:02,878 - INFO - fastread - 191, 2820
2019-01-25 12:18:02,878 - INFO - fastread - 191, 2830
2019-01-25 12:18:02,889 - INFO - fastread - 191, 2840
2019-01-25 12:18:02,899 - INFO - fastread - 191, 2850
2019-01-25 12:18:02,899 - INFO - fastread - 191, 2860
2019-01-25 12:18:02,909 - INFO - fastread - 191, 2870
2019-01-25 12:18:02,917 - INFO - fastread - 191, 2880
2019-01-25 12:18:02,919 - INFO - fastread - 191, 2890
2019-01-25 12:18:02,919 - INFO - fastread - 191, 2900
2019-01-25 12:18:02,929 - INFO - fastread - 191, 2910
2019-01-25 12:18:02,929 - INFO - fastread - 191, 2920
2019-01-25 12:18:02,937 - INFO - fastread - 191, 2930
2019-01-25 12:18:02,939 - INFO - fastread - 191, 2940
2019-01-25 12:18:02,939 - INFO - fastread - 191, 2950
2019-01-25 12:18:02,947 - INFO - fastread - 191, 2960
2019-01-25 12:18:02,949 - INFO - fastread - 191, 2970
2019-01-25 12:18:02,949 - INFO - fastread - 191, 2980
2019-01-25 12:18:02,957 - INFO - fastread - 191, 2990
2019-01-25 12:18:02,959 - INFO - fastread - 191, 3000
2019-01-25 12:18:02,959 - INFO - fastread - 191, 3010
2019-01-25 12:18:02,969 - INFO - fastread - 191, 3020
2019-01-25 12:18:02,969 - INFO - fastread - 191, 3030
2019-01-25 12:18:02,979 - INFO - fastread - 191, 3040
2019-01-25 12:18:02,987 - INFO - fastread - 191, 3050
2019-01-25 12:18:02,989 - INFO - fastread - 191, 3060
2019-01-25 12:18:02,997 - INFO - fastread - 191, 3070
2019-01-25 12:18:02,997 - INFO - fastread - 191, 3080
2019-01-25 12:18:02,997 - INFO - fastread - 191, 3090
2019-01-25 12:18:03,007 - INFO - fastread - 191, 3100
2019-01-25 12:18:03,009 - INFO - fastread - 191, 3110
2019-01-25 12:18:03,009 - INFO - fastread - 191, 3120
2019-01-25 12:18:03,019 - INFO - fastread - 191, 3130
2019-01-25 12:18:03,019 - INFO - fastread - 191, 3140
2019-01-25 12:18:03,029 - INFO - fastread - 191, 3150
2019-01-25 12:18:03,029 - INFO - fastread - 191, 3160
2019-01-25 12:18:03,039 - INFO - fastread - 191, 3170
2019-01-25 12:18:03,048 - INFO - fastread - 191, 3180
2019-01-25 12:18:03,050 - INFO - fastread - 191, 3190
2019-01-25 12:18:03,060 - INFO - fastread - 191, 3200
2019-01-25 12:18:03,060 - INFO - fastread - 191, 3210
2019-01-25 12:18:03,070 - INFO - fastread - 191, 3220
2019-01-25 12:18:03,078 - INFO - fastread - 191, 3230
2019-01-25 12:18:03,080 - INFO - fastread - 191, 3240
2019-01-25 12:18:03,090 - INFO - fastread - 191, 3250
2019-01-25 12:18:03,090 - INFO - fastread - 192, 3260
2019-01-25 12:18:03,090 - INFO - fastread - 192, 3270
2019-01-25 12:18:03,100 - INFO - fastread - 192, 3280
2019-01-25 12:18:03,110 - INFO - fastread - 192, 3290
2019-01-25 12:18:03,110 - INFO - fastread - 192, 3300
2019-01-25 12:18:03,118 - INFO - fastread - 192, 3310
2019-01-25 12:18:03,120 - INFO - fastread - 192, 3320
2019-01-25 12:18:03,120 - INFO - fastread - 192, 3330
2019-01-25 12:18:03,128 - INFO - fastread - 192, 3340
2019-01-25 12:18:03,130 - INFO - fastread - 192, 3350
2019-01-25 12:18:03,130 - INFO - fastread - 192, 3360
2019-01-25 12:18:03,140 - INFO - fastread - 192, 3370
2019-01-25 12:18:03,140 - INFO - fastread - 192, 3380
2019-01-25 12:18:03,140 - INFO - fastread - 192, 3390
2019-01-25 12:18:03,150 - INFO - fastread - 192, 3400
2019-01-25 12:18:03,150 - INFO - fastread - 192, 3410
2019-01-25 12:18:03,190 - INFO - fastread - 192, 3420
2019-01-25 12:18:03,201 - INFO - fastread - 192, 3430
2019-01-25 12:18:03,201 - INFO - fastread - 192, 3440
2019-01-25 12:18:03,209 - INFO - fastread - 192, 3450
2019-01-25 12:18:03,211 - INFO - fastread - 192, 3460
2019-01-25 12:18:03,211 - INFO - fastread - 192, 3470
2019-01-25 12:18:03,219 - INFO - fastread - 192, 3480
2019-01-25 12:18:03,219 - INFO - fastread - 192, 3490
2019-01-25 12:18:03,219 - INFO - fastread - 192, 3500
2019-01-25 12:18:03,231 - INFO - fastread - 192, 3510
2019-01-25 12:18:03,231 - INFO - fastread - 193, 3520
2019-01-25 12:18:03,241 - INFO - fastread - 193, 3530
2019-01-25 12:18:03,241 - INFO - fastread - 193, 3540
2019-01-25 12:18:03,251 - INFO - fastread - 193, 3550
2019-01-25 12:18:03,251 - INFO - fastread - 193, 3560
2019-01-25 12:18:03,261 - INFO - fastread - 193, 3570
2019-01-25 12:18:03,261 - INFO - fastread - 193, 3580
2019-01-25 12:18:03,271 - INFO - fastread - 193, 3590
2019-01-25 12:18:03,271 - INFO - fastread - 193, 3600
2019-01-25 12:18:03,271 - INFO - fastread - 193, 3610
2019-01-25 12:18:03,281 - INFO - fastread - 193, 3620
2019-01-25 12:18:03,281 - INFO - fastread - 193, 3630
2019-01-25 12:18:03,281 - INFO - fastread - 193, 3640
2019-01-25 12:18:03,291 - INFO - fastread - 193, 3650
2019-01-25 12:18:03,291 - INFO - fastread - 193, 3660
2019-01-25 12:18:03,302 - INFO - fastread - 193, 3670
2019-01-25 12:18:03,322 - INFO - fastread - 193, 3680
2019-01-25 12:18:03,330 - INFO - fastread - 193, 3690
2019-01-25 12:18:03,332 - INFO - fastread - 193, 3700
2019-01-25 12:18:03,340 - INFO - fastread - 193, 3710
2019-01-25 12:18:03,342 - INFO - fastread - 193, 3720
2019-01-25 12:18:03,350 - INFO - fastread - 193, 3730
2019-01-25 12:18:03,352 - INFO - fastread - 193, 3740
2019-01-25 12:18:03,360 - INFO - fastread - 193, 3750
2019-01-25 12:18:03,362 - INFO - fastread - 193, 3760
2019-01-25 12:18:03,362 - INFO - fastread - 193, 3770
2019-01-25 12:18:03,370 - INFO - fastread - 193, 3780
2019-01-25 12:18:03,390 - INFO - fastread - 193, 3790
2019-01-25 12:18:03,400 - INFO - fastread - 193, 3800
2019-01-25 12:18:03,402 - INFO - fastread - 193, 3810
2019-01-25 12:18:03,412 - INFO - fastread - 193, 3820
2019-01-25 12:18:03,412 - INFO - fastread - 193, 3830
2019-01-25 12:18:03,422 - INFO - fastread - 193, 3840
2019-01-25 12:18:03,422 - INFO - fastread - 193, 3850
2019-01-25 12:18:03,432 - INFO - fastread - 193, 3860
2019-01-25 12:18:03,432 - INFO - fastread - 193, 3870
2019-01-25 12:18:03,441 - INFO - fastread - 193, 3880
2019-01-25 12:18:03,443 - INFO - fastread - 193, 3890
2019-01-25 12:18:03,443 - INFO - fastread - 193, 3900
2019-01-25 12:18:03,453 - INFO - fastread - 193, 3910
2019-01-25 12:18:03,463 - INFO - fastread - 193, 3920
2019-01-25 12:18:03,531 - INFO - fastread - 193, 3930
2019-01-25 12:18:03,533 - INFO - fastread - 193, 3940
2019-01-25 12:18:03,543 - INFO - fastread - 193, 3950
2019-01-25 12:18:03,551 - INFO - fastread - 193, 3960
2019-01-25 12:18:03,553 - INFO - fastread - 193, 3970
2019-01-25 12:18:03,563 - INFO - fastread - 193, 3980
2019-01-25 12:18:03,563 - INFO - fastread - 193, 3990
2019-01-25 12:18:03,571 - INFO - fastread - 193, 4000
2019-01-25 12:18:03,573 - INFO - fastread - 193, 4010
2019-01-25 12:18:03,573 - INFO - fastread - 193, 4020
2019-01-25 12:18:03,581 - INFO - fastread - 193, 4030
2019-01-25 12:18:03,602 - INFO - fastread - 193, 4040
2019-01-25 12:18:03,604 - INFO - fastread - 193, 4050
2019-01-25 12:18:03,614 - INFO - fastread - 193, 4060
2019-01-25 12:18:03,622 - INFO - fastread - 193, 4070
2019-01-25 12:18:03,624 - INFO - fastread - 193, 4080
2019-01-25 12:18:03,632 - INFO - fastread - 193, 4090
2019-01-25 12:18:03,654 - INFO - fastread - 193, 4100
2019-01-25 12:18:03,684 - INFO - fastread - 193, 4110
2019-01-25 12:18:03,692 - INFO - fastread - 193, 4120
2019-01-25 12:18:03,704 - INFO - fastread - 193, 4130
2019-01-25 12:18:03,712 - INFO - fastread - 193, 4140
2019-01-25 12:18:03,714 - INFO - fastread - 193, 4150
2019-01-25 12:18:03,724 - INFO - fastread - 193, 4160
2019-01-25 12:18:03,745 - INFO - fastread - 193, 4170
2019-01-25 12:18:03,755 - INFO - fastread - 193, 4180
2019-01-25 12:18:03,763 - INFO - fastread - 193, 4190
2019-01-25 12:18:03,765 - INFO - fastread - 193, 4200
2019-01-25 12:18:03,775 - INFO - fastread - 193, 4210
2019-01-25 12:18:03,783 - INFO - fastread - 193, 4220
2019-01-25 12:18:03,785 - INFO - fastread - 193, 4230
2019-01-25 12:18:03,795 - INFO - fastread - 193, 4240
2019-01-25 12:18:03,795 - INFO - fastread - 193, 4250
2019-01-25 12:18:03,805 - INFO - fastread - 193, 4260
2019-01-25 12:18:03,815 - INFO - fastread - 193, 4270
2019-01-25 12:18:03,823 - INFO - fastread - 193, 4280
2019-01-25 12:18:03,825 - INFO - fastread - 193, 4290
2019-01-25 12:18:03,856 - INFO - fastread - 194, 4300
