2019-01-25 12:18:25,654 - INFO - rig - emf-2.4.1
2019-01-25 12:18:35,841 - INFO - rig - ++++NEW CLF++++ FASTREAD
2019-01-25 12:18:35,841 - INFO - fastread - Total Yes: 104 | Total No: 4285
2019-01-25 12:18:36,326 - INFO - fastread - 0, 0
2019-01-25 12:18:41,234 - INFO - fastread - 12, 25
2019-01-25 12:18:43,284 - INFO - fastread - 16, 35
2019-01-25 12:18:45,413 - INFO - fastread - 22, 45
2019-01-25 12:18:47,110 - INFO - fastread - 26, 55
2019-01-25 12:18:49,388 - INFO - fastread - 26, 65
2019-01-25 12:18:51,520 - INFO - fastread - 26, 75
2019-01-25 12:18:55,507 - INFO - fastread - 26, 85
2019-01-25 12:18:57,778 - INFO - fastread - 28, 95
2019-01-25 12:18:59,949 - INFO - fastread - 28, 105
2019-01-25 12:19:01,858 - INFO - fastread - 28, 115
2019-01-25 12:19:04,472 - INFO - fastread - 30, 125
2019-01-25 12:19:06,864 - INFO - fastread - 31, 135
2019-01-25 12:19:08,561 - INFO - fastread - 31, 145
2019-01-25 12:19:10,379 - INFO - fastread - 34, 155
2019-01-25 12:19:12,115 - INFO - fastread - 34, 165
2019-01-25 12:19:13,632 - INFO - fastread - 34, 175
2019-01-25 12:19:15,330 - INFO - fastread - 43, 185
2019-01-25 12:19:16,926 - INFO - fastread - 45, 195
2019-01-25 12:19:18,511 - INFO - fastread - 45, 205
2019-01-25 12:19:20,111 - INFO - fastread - 46, 215
2019-01-25 12:19:21,870 - INFO - fastread - 46, 225
2019-01-25 12:19:23,456 - INFO - fastread - 46, 235
2019-01-25 12:19:25,333 - INFO - fastread - 46, 245
2019-01-25 12:19:26,929 - INFO - fastread - 48, 255
2019-01-25 12:19:28,739 - INFO - fastread - 48, 265
2019-01-25 12:19:30,357 - INFO - fastread - 48, 275
2019-01-25 12:19:32,176 - INFO - fastread - 48, 285
2019-01-25 12:19:33,924 - INFO - fastread - 48, 295
2019-01-25 12:19:35,652 - INFO - fastread - 48, 305
2019-01-25 12:19:37,430 - INFO - fastread - 48, 315
2019-01-25 12:19:39,007 - INFO - fastread - 48, 325
2019-01-25 12:19:40,583 - INFO - fastread - 48, 335
2019-01-25 12:19:42,170 - INFO - fastread - 48, 345
2019-01-25 12:19:43,848 - INFO - fastread - 48, 355
2019-01-25 12:19:46,161 - INFO - fastread - 48, 365
2019-01-25 12:19:47,767 - INFO - fastread - 48, 375
2019-01-25 12:19:49,668 - INFO - fastread - 49, 385
2019-01-25 12:19:51,478 - INFO - fastread - 51, 395
2019-01-25 12:19:53,237 - INFO - fastread - 51, 405
2019-01-25 12:19:55,238 - INFO - fastread - 51, 415
2019-01-25 12:19:57,632 - INFO - fastread - 51, 425
2019-01-25 12:19:59,856 - INFO - fastread - 52, 435
2019-01-25 12:20:02,089 - INFO - fastread - 52, 445
2019-01-25 12:20:04,282 - INFO - fastread - 52, 455
2019-01-25 12:20:06,434 - INFO - fastread - 53, 465
2019-01-25 12:20:08,850 - INFO - fastread - 53, 475
2019-01-25 12:20:11,024 - INFO - fastread - 56, 485
2019-01-25 12:20:12,734 - INFO - fastread - 56, 495
2019-01-25 12:20:14,493 - INFO - fastread - 56, 505
2019-01-25 12:20:16,088 - INFO - fastread - 56, 515
2019-01-25 12:20:17,746 - INFO - fastread - 56, 525
2019-01-25 12:20:19,585 - INFO - fastread - 58, 535
2019-01-25 12:20:21,242 - INFO - fastread - 58, 545
2019-01-25 12:20:22,908 - INFO - fastread - 58, 555
2019-01-25 12:20:25,064 - INFO - fastread - 59, 565
2019-01-25 12:20:26,883 - INFO - fastread - 59, 575
2019-01-25 12:20:28,671 - INFO - fastread - 59, 585
2019-01-25 12:20:30,356 - INFO - fastread - 59, 595
2019-01-25 12:20:32,005 - INFO - fastread - 59, 605
2019-01-25 12:20:33,731 - INFO - fastread - 61, 615
2019-01-25 12:20:35,330 - INFO - fastread - 61, 625
2019-01-25 12:20:36,987 - INFO - fastread - 62, 635
2019-01-25 12:20:38,695 - INFO - fastread - 62, 645
2019-01-25 12:20:40,443 - INFO - fastread - 62, 655
2019-01-25 12:20:42,342 - INFO - fastread - 62, 665
2019-01-25 12:20:44,179 - INFO - fastread - 63, 675
2019-01-25 12:20:46,104 - INFO - fastread - 63, 685
2019-01-25 12:20:48,174 - INFO - fastread - 64, 695
2019-01-25 12:20:50,025 - INFO - fastread - 67, 705
2019-01-25 12:20:51,995 - INFO - fastread - 69, 715
2019-01-25 12:20:54,277 - INFO - fastread - 69, 725
2019-01-25 12:20:56,325 - INFO - fastread - 69, 735
2019-01-25 12:20:58,193 - INFO - fastread - 71, 745
2019-01-25 12:21:00,164 - INFO - fastread - 71, 755
2019-01-25 12:21:01,851 - INFO - fastread - 71, 765
2019-01-25 12:21:03,650 - INFO - fastread - 71, 775
2019-01-25 12:21:05,378 - INFO - fastread - 71, 785
2019-01-25 12:21:07,114 - INFO - fastread - 73, 795
2019-01-25 12:21:09,616 - INFO - fastread - 74, 805
2019-01-25 12:21:11,975 - INFO - fastread - 74, 815
2019-01-25 12:21:14,293 - INFO - fastread - 75, 825
2019-01-25 12:21:16,502 - INFO - fastread - 75, 835
2019-01-25 12:21:18,892 - INFO - fastread - 77, 845
2019-01-25 12:21:21,242 - INFO - fastread - 77, 855
2019-01-25 12:21:23,068 - INFO - fastread - 77, 865
2019-01-25 12:21:25,761 - INFO - fastread - 77, 875
2019-01-25 12:21:27,940 - INFO - fastread - 77, 885
2019-01-25 12:21:29,937 - INFO - fastread - 77, 895
2019-01-25 12:21:32,340 - INFO - fastread - 77, 905
2019-01-25 12:21:34,880 - INFO - fastread - 77, 915
2019-01-25 12:21:37,421 - INFO - fastread - 77, 925
2019-01-25 12:21:39,459 - INFO - fastread - 77, 935
2019-01-25 12:21:41,597 - INFO - fastread - 77, 945
2019-01-25 12:21:43,846 - INFO - fastread - 77, 955
2019-01-25 12:21:45,812 - INFO - fastread - 77, 965
2019-01-25 12:21:47,639 - INFO - fastread - 77, 975
2019-01-25 12:21:49,952 - INFO - fastread - 78, 985
2019-01-25 12:21:51,891 - INFO - fastread - 78, 995
2019-01-25 12:21:53,839 - INFO - fastread - 78, 1005
2019-01-25 12:21:56,021 - INFO - fastread - 78, 1015
2019-01-25 12:21:57,963 - INFO - fastread - 78, 1025
2019-01-25 12:21:59,762 - INFO - fastread - 78, 1035
2019-01-25 12:22:01,751 - INFO - fastread - 79, 1045
2019-01-25 12:22:04,451 - INFO - fastread - 79, 1055
2019-01-25 12:22:07,595 - INFO - fastread - 79, 1065
2019-01-25 12:22:09,774 - INFO - fastread - 79, 1075
2019-01-25 12:22:12,216 - INFO - fastread - 79, 1085
2019-01-25 12:22:14,645 - INFO - fastread - 79, 1095
2019-01-25 12:22:17,195 - INFO - fastread - 79, 1105
2019-01-25 12:22:19,254 - INFO - fastread - 79, 1115
2019-01-25 12:22:22,600 - INFO - fastread - 79, 1125
2019-01-25 12:22:24,991 - INFO - fastread - 79, 1135
2019-01-25 12:22:28,579 - INFO - fastread - 79, 1145
2019-01-25 12:22:30,846 - INFO - fastread - 79, 1155
2019-01-25 12:22:33,641 - INFO - fastread - 79, 1165
2019-01-25 12:22:36,003 - INFO - fastread - 79, 1175
2019-01-25 12:22:38,889 - INFO - fastread - 79, 1185
2019-01-25 12:22:41,250 - INFO - fastread - 80, 1195
2019-01-25 12:22:43,702 - INFO - fastread - 80, 1205
2019-01-25 12:22:45,974 - INFO - fastread - 80, 1215
2019-01-25 12:22:48,024 - INFO - fastread - 80, 1225
2019-01-25 12:22:49,923 - INFO - fastread - 80, 1235
2019-01-25 12:22:51,853 - INFO - fastread - 80, 1245
2019-01-25 12:22:53,912 - INFO - fastread - 80, 1255
2019-01-25 12:22:55,781 - INFO - fastread - 81, 1265
2019-01-25 12:22:57,790 - INFO - fastread - 81, 1275
2019-01-25 12:22:59,687 - INFO - fastread - 81, 1285
2019-01-25 12:23:01,707 - INFO - fastread - 81, 1295
2019-01-25 12:23:03,769 - INFO - fastread - 81, 1305
2019-01-25 12:23:05,719 - INFO - fastread - 81, 1315
2019-01-25 12:23:07,849 - INFO - fastread - 81, 1325
2019-01-25 12:23:09,919 - INFO - fastread - 82, 1335
2019-01-25 12:23:11,988 - INFO - fastread - 82, 1345
2019-01-25 12:23:14,264 - INFO - fastread - 82, 1355
2019-01-25 12:23:16,567 - INFO - fastread - 82, 1365
2019-01-25 12:23:18,676 - INFO - fastread - 82, 1375
2019-01-25 12:23:20,981 - INFO - fastread - 83, 1385
2019-01-25 12:23:23,112 - INFO - fastread - 83, 1395
2019-01-25 12:23:25,314 - INFO - fastread - 83, 1405
2019-01-25 12:23:27,474 - INFO - fastread - 83, 1415
2019-01-25 12:23:29,677 - INFO - fastread - 83, 1425
2019-01-25 12:23:31,996 - INFO - fastread - 83, 1435
2019-01-25 12:23:34,286 - INFO - fastread - 84, 1445
2019-01-25 12:23:36,559 - INFO - fastread - 85, 1455
2019-01-25 12:23:38,867 - INFO - fastread - 85, 1465
2019-01-25 12:23:41,020 - INFO - fastread - 85, 1475
2019-01-25 12:23:43,404 - INFO - fastread - 86, 1485
2019-01-25 12:23:45,715 - INFO - fastread - 86, 1495
2019-01-25 12:23:47,998 - INFO - fastread - 86, 1505
2019-01-25 12:23:50,310 - INFO - fastread - 87, 1515
2019-01-25 12:23:52,591 - INFO - fastread - 87, 1525
2019-01-25 12:23:55,106 - INFO - fastread - 87, 1535
2019-01-25 12:23:57,641 - INFO - fastread - 88, 1545
2019-01-25 12:23:59,915 - INFO - fastread - 89, 1555
2019-01-25 12:24:02,186 - INFO - fastread - 90, 1565
2019-01-25 12:24:04,882 - INFO - fastread - 90, 1575
2019-01-25 12:24:07,414 - INFO - fastread - 90, 1585
2019-01-25 12:24:09,978 - INFO - fastread - 90, 1595
2019-01-25 12:24:12,737 - INFO - fastread - 91, 1605
2019-01-25 12:24:15,465 - INFO - fastread - 91, 1615
2019-01-25 12:24:18,050 - INFO - fastread - 91, 1625
2019-01-25 12:24:20,789 - INFO - fastread - 91, 1635
2019-01-25 12:24:23,415 - INFO - fastread - 91, 1645
2019-01-25 12:24:26,101 - INFO - fastread - 91, 1655
2019-01-25 12:24:29,140 - INFO - fastread - 92, 1665
2019-01-25 12:24:32,296 - INFO - fastread - 92, 1675
2019-01-25 12:24:35,167 - INFO - fastread - 92, 1685
2019-01-25 12:24:38,007 - INFO - fastread - 92, 1695
2019-01-25 12:24:40,785 - INFO - fastread - 94, 1705
2019-01-25 12:24:43,716 - INFO - fastread - 95, 1715
2019-01-25 12:24:46,555 - INFO - fastread - 95, 1725
2019-01-25 12:24:49,497 - INFO - fastread - 95, 1735
2019-01-25 12:24:52,456 - INFO - fastread - 95, 1745
2019-01-25 12:24:55,329 - INFO - fastread - 95, 1755
2019-01-25 12:24:58,299 - INFO - fastread - 95, 1765
2019-01-25 12:25:01,342 - INFO - fastread - 95, 1775
2019-01-25 12:25:04,505 - INFO - fastread - 95, 1785
2019-01-25 12:25:07,414 - INFO - fastread - 95, 1795
2019-01-25 12:25:10,253 - INFO - fastread - 95, 1805
2019-01-25 12:25:13,173 - INFO - fastread - 95, 1815
2019-01-25 12:25:16,297 - INFO - fastread - 95, 1825
2019-01-25 12:25:19,531 - INFO - fastread - 97, 1835
2019-01-25 12:25:22,806 - INFO - fastread - 98, 1845
2019-01-25 12:25:24,583 - INFO - rig - ++++NEW CLF++++ NBM
2019-01-25 12:25:24,583 - INFO - fastread - Total Yes: 104 | Total No: 4285
2019-01-25 12:25:24,775 - INFO - fastread - 5, 10
2019-01-25 12:25:24,785 - INFO - fastread - 9, 20
2019-01-25 12:25:24,785 - INFO - fastread - 11, 30
2019-01-25 12:25:24,795 - INFO - fastread - 17, 40
2019-01-25 12:25:24,805 - INFO - fastread - 24, 50
2019-01-25 12:25:24,805 - INFO - fastread - 27, 60
2019-01-25 12:25:24,823 - INFO - fastread - 28, 70
2019-01-25 12:25:24,825 - INFO - fastread - 31, 80
2019-01-25 12:25:24,835 - INFO - fastread - 32, 90
2019-01-25 12:25:24,843 - INFO - fastread - 34, 100
2019-01-25 12:25:24,845 - INFO - fastread - 34, 110
2019-01-25 12:25:24,855 - INFO - fastread - 35, 120
2019-01-25 12:25:24,865 - INFO - fastread - 36, 130
2019-01-25 12:25:24,865 - INFO - fastread - 37, 140
2019-01-25 12:25:24,876 - INFO - fastread - 38, 150
2019-01-25 12:25:24,886 - INFO - fastread - 41, 160
2019-01-25 12:25:24,894 - INFO - fastread - 42, 170
2019-01-25 12:25:24,896 - INFO - fastread - 43, 180
2019-01-25 12:25:24,906 - INFO - fastread - 44, 190
2019-01-25 12:25:24,914 - INFO - fastread - 44, 200
2019-01-25 12:25:24,916 - INFO - fastread - 49, 210
2019-01-25 12:25:24,926 - INFO - fastread - 49, 220
2019-01-25 12:25:24,934 - INFO - fastread - 49, 230
2019-01-25 12:25:24,936 - INFO - fastread - 50, 240
2019-01-25 12:25:24,946 - INFO - fastread - 50, 250
2019-01-25 12:25:24,946 - INFO - fastread - 51, 260
2019-01-25 12:25:24,956 - INFO - fastread - 51, 270
2019-01-25 12:25:24,956 - INFO - fastread - 51, 280
2019-01-25 12:25:24,964 - INFO - fastread - 52, 290
2019-01-25 12:25:24,966 - INFO - fastread - 54, 300
2019-01-25 12:25:24,966 - INFO - fastread - 55, 310
2019-01-25 12:25:24,977 - INFO - fastread - 55, 320
2019-01-25 12:25:24,987 - INFO - fastread - 55, 330
2019-01-25 12:25:24,987 - INFO - fastread - 55, 340
2019-01-25 12:25:24,997 - INFO - fastread - 55, 350
2019-01-25 12:25:25,007 - INFO - fastread - 55, 360
2019-01-25 12:25:25,007 - INFO - fastread - 55, 370
2019-01-25 12:25:25,017 - INFO - fastread - 55, 380
2019-01-25 12:25:25,025 - INFO - fastread - 55, 390
2019-01-25 12:25:25,027 - INFO - fastread - 55, 400
2019-01-25 12:25:25,047 - INFO - fastread - 55, 410
2019-01-25 12:25:25,057 - INFO - fastread - 55, 420
2019-01-25 12:25:25,065 - INFO - fastread - 55, 430
2019-01-25 12:25:25,067 - INFO - fastread - 55, 440
2019-01-25 12:25:25,088 - INFO - fastread - 55, 450
2019-01-25 12:25:25,098 - INFO - fastread - 55, 460
2019-01-25 12:25:25,108 - INFO - fastread - 55, 470
2019-01-25 12:25:25,118 - INFO - fastread - 55, 480
2019-01-25 12:25:25,118 - INFO - fastread - 55, 490
2019-01-25 12:25:25,128 - INFO - fastread - 55, 500
2019-01-25 12:25:25,143 - INFO - fastread - 55, 510
2019-01-25 12:25:25,148 - INFO - fastread - 55, 520
2019-01-25 12:25:25,158 - INFO - fastread - 55, 530
2019-01-25 12:25:25,158 - INFO - fastread - 55, 540
2019-01-25 12:25:25,168 - INFO - fastread - 55, 550
2019-01-25 12:25:25,179 - INFO - fastread - 55, 560
2019-01-25 12:25:25,179 - INFO - fastread - 55, 570
2019-01-25 12:25:25,189 - INFO - fastread - 55, 580
2019-01-25 12:25:25,199 - INFO - fastread - 55, 590
2019-01-25 12:25:25,199 - INFO - fastread - 55, 600
2019-01-25 12:25:25,209 - INFO - fastread - 55, 610
2019-01-25 12:25:25,217 - INFO - fastread - 55, 620
2019-01-25 12:25:25,219 - INFO - fastread - 55, 630
2019-01-25 12:25:25,229 - INFO - fastread - 55, 640
2019-01-25 12:25:25,237 - INFO - fastread - 55, 650
2019-01-25 12:25:25,239 - INFO - fastread - 55, 660
2019-01-25 12:25:25,249 - INFO - fastread - 55, 670
2019-01-25 12:25:25,257 - INFO - fastread - 55, 680
2019-01-25 12:25:25,259 - INFO - fastread - 55, 690
2019-01-25 12:25:25,269 - INFO - fastread - 55, 700
2019-01-25 12:25:25,277 - INFO - fastread - 56, 710
2019-01-25 12:25:25,280 - INFO - fastread - 56, 720
2019-01-25 12:25:25,290 - INFO - fastread - 56, 730
2019-01-25 12:25:25,300 - INFO - fastread - 60, 740
2019-01-25 12:25:25,300 - INFO - fastread - 60, 750
2019-01-25 12:25:25,310 - INFO - fastread - 60, 760
2019-01-25 12:25:25,320 - INFO - fastread - 60, 770
2019-01-25 12:25:25,328 - INFO - fastread - 61, 780
2019-01-25 12:25:25,330 - INFO - fastread - 63, 790
2019-01-25 12:25:25,340 - INFO - fastread - 63, 800
2019-01-25 12:25:25,348 - INFO - fastread - 63, 810
2019-01-25 12:25:25,350 - INFO - fastread - 63, 820
2019-01-25 12:25:25,360 - INFO - fastread - 64, 830
2019-01-25 12:25:25,360 - INFO - fastread - 64, 840
2019-01-25 12:25:25,368 - INFO - fastread - 66, 850
2019-01-25 12:25:25,370 - INFO - fastread - 66, 860
2019-01-25 12:25:25,380 - INFO - fastread - 66, 870
2019-01-25 12:25:25,389 - INFO - fastread - 66, 880
2019-01-25 12:25:25,391 - INFO - fastread - 66, 890
2019-01-25 12:25:25,401 - INFO - fastread - 66, 900
2019-01-25 12:25:25,411 - INFO - fastread - 66, 910
2019-01-25 12:25:25,431 - INFO - fastread - 66, 920
2019-01-25 12:25:25,441 - INFO - fastread - 66, 930
2019-01-25 12:25:25,441 - INFO - fastread - 66, 940
2019-01-25 12:25:25,451 - INFO - fastread - 66, 950
2019-01-25 12:25:25,461 - INFO - fastread - 69, 960
2019-01-25 12:25:25,461 - INFO - fastread - 69, 970
2019-01-25 12:25:25,471 - INFO - fastread - 69, 980
2019-01-25 12:25:25,481 - INFO - fastread - 69, 990
2019-01-25 12:25:25,490 - INFO - fastread - 69, 1000
2019-01-25 12:25:25,492 - INFO - fastread - 69, 1010
2019-01-25 12:25:25,502 - INFO - fastread - 70, 1020
2019-01-25 12:25:25,510 - INFO - fastread - 70, 1030
2019-01-25 12:25:25,512 - INFO - fastread - 70, 1040
2019-01-25 12:25:25,522 - INFO - fastread - 70, 1050
2019-01-25 12:25:25,530 - INFO - fastread - 70, 1060
2019-01-25 12:25:25,532 - INFO - fastread - 71, 1070
2019-01-25 12:25:25,542 - INFO - fastread - 71, 1080
2019-01-25 12:25:25,550 - INFO - fastread - 71, 1090
2019-01-25 12:25:25,552 - INFO - fastread - 72, 1100
2019-01-25 12:25:25,562 - INFO - fastread - 72, 1110
2019-01-25 12:25:25,570 - INFO - fastread - 73, 1120
2019-01-25 12:25:25,572 - INFO - fastread - 73, 1130
2019-01-25 12:25:25,582 - INFO - fastread - 73, 1140
2019-01-25 12:25:25,590 - INFO - fastread - 73, 1150
2019-01-25 12:25:25,593 - INFO - fastread - 75, 1160
2019-01-25 12:25:25,603 - INFO - fastread - 75, 1170
2019-01-25 12:25:25,613 - INFO - fastread - 75, 1180
2019-01-25 12:25:25,621 - INFO - fastread - 75, 1190
2019-01-25 12:25:25,623 - INFO - fastread - 75, 1200
2019-01-25 12:25:25,633 - INFO - fastread - 75, 1210
2019-01-25 12:25:25,641 - INFO - fastread - 75, 1220
2019-01-25 12:25:25,643 - INFO - fastread - 77, 1230
2019-01-25 12:25:25,653 - INFO - fastread - 77, 1240
2019-01-25 12:25:25,663 - INFO - fastread - 78, 1250
2019-01-25 12:25:25,663 - INFO - fastread - 78, 1260
2019-01-25 12:25:25,673 - INFO - fastread - 79, 1270
2019-01-25 12:25:25,683 - INFO - fastread - 81, 1280
2019-01-25 12:25:25,692 - INFO - fastread - 81, 1290
2019-01-25 12:25:25,694 - INFO - fastread - 82, 1300
2019-01-25 12:25:25,704 - INFO - fastread - 83, 1310
2019-01-25 12:25:25,712 - INFO - fastread - 83, 1320
2019-01-25 12:25:25,714 - INFO - fastread - 83, 1330
2019-01-25 12:25:25,724 - INFO - fastread - 83, 1340
2019-01-25 12:25:25,734 - INFO - fastread - 84, 1350
2019-01-25 12:25:25,742 - INFO - fastread - 84, 1360
2019-01-25 12:25:25,744 - INFO - fastread - 84, 1370
2019-01-25 12:25:25,754 - INFO - fastread - 85, 1380
2019-01-25 12:25:25,762 - INFO - fastread - 85, 1390
2019-01-25 12:25:25,764 - INFO - fastread - 85, 1400
2019-01-25 12:25:25,774 - INFO - fastread - 85, 1410
2019-01-25 12:25:25,784 - INFO - fastread - 88, 1420
2019-01-25 12:25:25,784 - INFO - fastread - 88, 1430
2019-01-25 12:25:25,795 - INFO - fastread - 88, 1440
2019-01-25 12:25:25,805 - INFO - fastread - 88, 1450
2019-01-25 12:25:25,813 - INFO - fastread - 88, 1460
2019-01-25 12:25:25,815 - INFO - fastread - 88, 1470
2019-01-25 12:25:25,825 - INFO - fastread - 88, 1480
2019-01-25 12:25:25,835 - INFO - fastread - 88, 1490
2019-01-25 12:25:25,835 - INFO - fastread - 88, 1500
2019-01-25 12:25:25,845 - INFO - fastread - 88, 1510
2019-01-25 12:25:25,855 - INFO - fastread - 88, 1520
2019-01-25 12:25:25,863 - INFO - fastread - 88, 1530
2019-01-25 12:25:25,865 - INFO - fastread - 88, 1540
2019-01-25 12:25:25,875 - INFO - fastread - 88, 1550
2019-01-25 12:25:25,885 - INFO - fastread - 88, 1560
2019-01-25 12:25:25,885 - INFO - fastread - 88, 1570
2019-01-25 12:25:25,896 - INFO - fastread - 88, 1580
2019-01-25 12:25:25,906 - INFO - fastread - 88, 1590
2019-01-25 12:25:25,914 - INFO - fastread - 88, 1600
2019-01-25 12:25:25,916 - INFO - fastread - 88, 1610
2019-01-25 12:25:25,926 - INFO - fastread - 88, 1620
2019-01-25 12:25:25,934 - INFO - fastread - 88, 1630
2019-01-25 12:25:25,936 - INFO - fastread - 88, 1640
2019-01-25 12:25:25,946 - INFO - fastread - 88, 1650
2019-01-25 12:25:25,954 - INFO - fastread - 88, 1660
2019-01-25 12:25:25,956 - INFO - fastread - 88, 1670
2019-01-25 12:25:25,966 - INFO - fastread - 88, 1680
2019-01-25 12:25:25,974 - INFO - fastread - 89, 1690
2019-01-25 12:25:25,976 - INFO - fastread - 89, 1700
2019-01-25 12:25:25,984 - INFO - fastread - 90, 1710
2019-01-25 12:25:25,986 - INFO - fastread - 91, 1720
2019-01-25 12:25:25,986 - INFO - fastread - 91, 1730
2019-01-25 12:25:25,997 - INFO - fastread - 91, 1740
2019-01-25 12:25:26,005 - INFO - fastread - 91, 1750
2019-01-25 12:25:26,007 - INFO - fastread - 91, 1760
2019-01-25 12:25:26,017 - INFO - fastread - 91, 1770
2019-01-25 12:25:26,027 - INFO - fastread - 91, 1780
2019-01-25 12:25:26,035 - INFO - fastread - 91, 1790
2019-01-25 12:25:26,037 - INFO - fastread - 91, 1800
2019-01-25 12:25:26,047 - INFO - fastread - 91, 1810
2019-01-25 12:25:26,057 - INFO - fastread - 91, 1820
2019-01-25 12:25:26,065 - INFO - fastread - 91, 1830
2019-01-25 12:25:26,067 - INFO - fastread - 91, 1840
2019-01-25 12:25:26,077 - INFO - fastread - 91, 1850
2019-01-25 12:25:26,087 - INFO - fastread - 91, 1860
2019-01-25 12:25:26,087 - INFO - fastread - 91, 1870
2019-01-25 12:25:26,098 - INFO - fastread - 92, 1880
2019-01-25 12:25:26,108 - INFO - fastread - 92, 1890
2019-01-25 12:25:26,108 - INFO - fastread - 92, 1900
2019-01-25 12:25:26,118 - INFO - fastread - 92, 1910
2019-01-25 12:25:26,118 - INFO - fastread - 92, 1920
2019-01-25 12:25:26,128 - INFO - fastread - 92, 1930
2019-01-25 12:25:26,136 - INFO - fastread - 92, 1940
2019-01-25 12:25:26,144 - INFO - fastread - 92, 1950
2019-01-25 12:25:26,148 - INFO - fastread - 92, 1960
2019-01-25 12:25:26,158 - INFO - fastread - 92, 1970
2019-01-25 12:25:26,158 - INFO - fastread - 92, 1980
2019-01-25 12:25:26,168 - INFO - fastread - 92, 1990
2019-01-25 12:25:26,168 - INFO - fastread - 92, 2000
2019-01-25 12:25:26,178 - INFO - fastread - 92, 2010
2019-01-25 12:25:26,178 - INFO - fastread - 92, 2020
2019-01-25 12:25:26,188 - INFO - fastread - 92, 2030
2019-01-25 12:25:26,196 - INFO - fastread - 92, 2040
2019-01-25 12:25:26,198 - INFO - fastread - 92, 2050
2019-01-25 12:25:26,208 - INFO - fastread - 92, 2060
2019-01-25 12:25:26,217 - INFO - fastread - 92, 2070
2019-01-25 12:25:26,219 - INFO - fastread - 93, 2080
2019-01-25 12:25:26,229 - INFO - fastread - 93, 2090
2019-01-25 12:25:26,239 - INFO - fastread - 93, 2100
2019-01-25 12:25:26,247 - INFO - fastread - 93, 2110
2019-01-25 12:25:26,249 - INFO - fastread - 93, 2120
2019-01-25 12:25:26,259 - INFO - fastread - 93, 2130
2019-01-25 12:25:26,269 - INFO - fastread - 93, 2140
2019-01-25 12:25:26,269 - INFO - fastread - 93, 2150
2019-01-25 12:25:26,279 - INFO - fastread - 93, 2160
2019-01-25 12:25:26,290 - INFO - fastread - 93, 2170
2019-01-25 12:25:26,298 - INFO - fastread - 93, 2180
2019-01-25 12:25:26,300 - INFO - fastread - 93, 2190
2019-01-25 12:25:26,310 - INFO - fastread - 93, 2200
2019-01-25 12:25:26,320 - INFO - fastread - 93, 2210
2019-01-25 12:25:26,328 - INFO - fastread - 93, 2220
2019-01-25 12:25:26,330 - INFO - fastread - 93, 2230
2019-01-25 12:25:26,341 - INFO - fastread - 93, 2240
2019-01-25 12:25:26,351 - INFO - fastread - 93, 2250
2019-01-25 12:25:26,351 - INFO - fastread - 93, 2260
2019-01-25 12:25:26,361 - INFO - fastread - 93, 2270
2019-01-25 12:25:26,371 - INFO - fastread - 93, 2280
2019-01-25 12:25:26,379 - INFO - fastread - 93, 2290
2019-01-25 12:25:26,381 - INFO - fastread - 93, 2300
2019-01-25 12:25:26,391 - INFO - fastread - 93, 2310
2019-01-25 12:25:26,391 - INFO - fastread - 93, 2320
2019-01-25 12:25:26,401 - INFO - fastread - 93, 2330
2019-01-25 12:25:26,401 - INFO - fastread - 93, 2340
2019-01-25 12:25:26,411 - INFO - fastread - 93, 2350
2019-01-25 12:25:26,419 - INFO - fastread - 93, 2360
2019-01-25 12:25:26,421 - INFO - fastread - 93, 2370
2019-01-25 12:25:26,431 - INFO - fastread - 93, 2380
2019-01-25 12:25:26,442 - INFO - fastread - 93, 2390
2019-01-25 12:25:26,442 - INFO - fastread - 93, 2400
2019-01-25 12:25:26,452 - INFO - fastread - 93, 2410
2019-01-25 12:25:26,462 - INFO - fastread - 93, 2420
2019-01-25 12:25:26,462 - INFO - fastread - 93, 2430
2019-01-25 12:25:26,472 - INFO - fastread - 93, 2440
2019-01-25 12:25:26,482 - INFO - fastread - 93, 2450
2019-01-25 12:25:26,490 - INFO - fastread - 95, 2460
2019-01-25 12:25:26,493 - INFO - fastread - 95, 2470
2019-01-25 12:25:26,503 - INFO - fastread - 95, 2480
2019-01-25 12:25:26,513 - INFO - fastread - 95, 2490
2019-01-25 12:25:26,521 - INFO - fastread - 95, 2500
2019-01-25 12:25:26,523 - INFO - fastread - 95, 2510
2019-01-25 12:25:26,533 - INFO - fastread - 95, 2520
2019-01-25 12:25:26,543 - INFO - fastread - 95, 2530
2019-01-25 12:25:26,551 - INFO - fastread - 96, 2540
2019-01-25 12:25:26,553 - INFO - fastread - 96, 2550
2019-01-25 12:25:26,563 - INFO - fastread - 96, 2560
2019-01-25 12:25:26,573 - INFO - fastread - 96, 2570
2019-01-25 12:25:26,573 - INFO - fastread - 96, 2580
2019-01-25 12:25:26,581 - INFO - fastread - 96, 2590
2019-01-25 12:25:26,583 - INFO - fastread - 96, 2600
2019-01-25 12:25:26,591 - INFO - fastread - 96, 2610
2019-01-25 12:25:26,594 - INFO - fastread - 96, 2620
2019-01-25 12:25:26,594 - INFO - fastread - 96, 2630
2019-01-25 12:25:26,604 - INFO - fastread - 96, 2640
2019-01-25 12:25:26,604 - INFO - fastread - 96, 2650
2019-01-25 12:25:26,614 - INFO - fastread - 96, 2660
2019-01-25 12:25:26,622 - INFO - fastread - 96, 2670
2019-01-25 12:25:26,624 - INFO - fastread - 97, 2680
2019-01-25 12:25:26,634 - INFO - fastread - 97, 2690
2019-01-25 12:25:26,644 - INFO - fastread - 97, 2700
2019-01-25 12:25:26,644 - INFO - fastread - 98, 2710
2019-01-25 12:25:26,654 - INFO - fastread - 98, 2720
2019-01-25 12:25:26,664 - INFO - fastread - 98, 2730
2019-01-25 12:25:26,672 - INFO - fastread - 98, 2740
2019-01-25 12:25:26,674 - INFO - fastread - 98, 2750
2019-01-25 12:25:26,684 - INFO - fastread - 98, 2760
2019-01-25 12:25:26,692 - INFO - fastread - 98, 2770
2019-01-25 12:25:26,695 - INFO - fastread - 98, 2780
2019-01-25 12:25:26,705 - INFO - fastread - 98, 2790
2019-01-25 12:25:26,713 - INFO - fastread - 98, 2800
2019-01-25 12:25:26,715 - INFO - fastread - 98, 2810
2019-01-25 12:25:26,725 - INFO - fastread - 98, 2820
2019-01-25 12:25:26,735 - INFO - fastread - 98, 2830
2019-01-25 12:25:26,743 - INFO - fastread - 98, 2840
2019-01-25 12:25:26,745 - INFO - fastread - 98, 2850
2019-01-25 12:25:26,755 - INFO - fastread - 98, 2860
2019-01-25 12:25:26,763 - INFO - fastread - 98, 2870
2019-01-25 12:25:26,765 - INFO - fastread - 98, 2880
2019-01-25 12:25:26,775 - INFO - fastread - 98, 2890
2019-01-25 12:25:26,783 - INFO - fastread - 98, 2900
2019-01-25 12:25:26,785 - INFO - fastread - 98, 2910
2019-01-25 12:25:26,795 - INFO - fastread - 98, 2920
2019-01-25 12:25:26,806 - INFO - fastread - 98, 2930
2019-01-25 12:25:26,814 - INFO - fastread - 98, 2940
2019-01-25 12:25:26,816 - INFO - fastread - 98, 2950
2019-01-25 12:25:26,826 - INFO - fastread - 98, 2960
2019-01-25 12:25:26,836 - INFO - fastread - 98, 2970
2019-01-25 12:25:26,844 - INFO - fastread - 98, 2980
2019-01-25 12:25:26,846 - INFO - fastread - 98, 2990
2019-01-25 12:25:26,856 - INFO - fastread - 98, 3000
2019-01-25 12:25:26,866 - INFO - fastread - 98, 3010
2019-01-25 12:25:26,876 - INFO - fastread - 98, 3020
2019-01-25 12:25:26,886 - INFO - fastread - 98, 3030
2019-01-25 12:25:26,894 - INFO - fastread - 98, 3040
2019-01-25 12:25:26,896 - INFO - fastread - 98, 3050
2019-01-25 12:25:26,906 - INFO - fastread - 98, 3060
2019-01-25 12:25:26,917 - INFO - fastread - 98, 3070
2019-01-25 12:25:26,927 - INFO - fastread - 98, 3080
2019-01-25 12:25:26,927 - INFO - fastread - 98, 3090
2019-01-25 12:25:26,937 - INFO - fastread - 98, 3100
2019-01-25 12:25:26,945 - INFO - fastread - 98, 3110
2019-01-25 12:25:26,947 - INFO - fastread - 98, 3120
2019-01-25 12:25:26,947 - INFO - fastread - 98, 3130
2019-01-25 12:25:26,957 - INFO - fastread - 98, 3140
2019-01-25 12:25:26,957 - INFO - fastread - 98, 3150
2019-01-25 12:25:26,967 - INFO - fastread - 98, 3160
2019-01-25 12:25:26,967 - INFO - fastread - 98, 3170
2019-01-25 12:25:26,977 - INFO - fastread - 98, 3180
2019-01-25 12:25:26,987 - INFO - fastread - 98, 3190
2019-01-25 12:25:26,995 - INFO - fastread - 98, 3200
2019-01-25 12:25:26,997 - INFO - fastread - 98, 3210
2019-01-25 12:25:26,997 - INFO - fastread - 98, 3220
2019-01-25 12:25:27,007 - INFO - fastread - 98, 3230
2019-01-25 12:25:27,007 - INFO - fastread - 98, 3240
2019-01-25 12:25:27,018 - INFO - fastread - 98, 3250
2019-01-25 12:25:27,028 - INFO - fastread - 98, 3260
2019-01-25 12:25:27,036 - INFO - fastread - 98, 3270
2019-01-25 12:25:27,038 - INFO - fastread - 98, 3280
2019-01-25 12:25:27,048 - INFO - fastread - 99, 3290
2019-01-25 12:25:27,068 - INFO - rig - ++++NEW CLF++++ KNN
2019-01-25 12:25:27,068 - INFO - fastread - Total Yes: 104 | Total No: 4285
2019-01-25 12:25:58,408 - INFO - fastread - 4, 10
2019-01-25 12:25:58,420 - INFO - fastread - 8, 20
2019-01-25 12:25:58,428 - INFO - fastread - 10, 30
2019-01-25 12:25:58,430 - INFO - fastread - 10, 40
2019-01-25 12:25:58,441 - INFO - fastread - 11, 50
2019-01-25 12:25:58,441 - INFO - fastread - 12, 60
2019-01-25 12:25:58,451 - INFO - fastread - 12, 70
2019-01-25 12:25:58,461 - INFO - fastread - 12, 80
2019-01-25 12:25:58,461 - INFO - fastread - 14, 90
2019-01-25 12:25:58,471 - INFO - fastread - 14, 100
2019-01-25 12:25:58,479 - INFO - fastread - 14, 110
2019-01-25 12:25:58,481 - INFO - fastread - 14, 120
2019-01-25 12:25:58,491 - INFO - fastread - 14, 130
2019-01-25 12:25:58,491 - INFO - fastread - 15, 140
2019-01-25 12:25:58,501 - INFO - fastread - 15, 150
2019-01-25 12:25:58,509 - INFO - fastread - 16, 160
2019-01-25 12:25:58,511 - INFO - fastread - 16, 170
2019-01-25 12:25:58,521 - INFO - fastread - 16, 180
2019-01-25 12:25:58,529 - INFO - fastread - 17, 190
2019-01-25 12:25:58,531 - INFO - fastread - 18, 200
2019-01-25 12:25:58,541 - INFO - fastread - 19, 210
2019-01-25 12:25:58,541 - INFO - fastread - 19, 220
2019-01-25 12:25:58,552 - INFO - fastread - 19, 230
2019-01-25 12:25:58,560 - INFO - fastread - 19, 240
2019-01-25 12:25:58,562 - INFO - fastread - 20, 250
2019-01-25 12:25:58,572 - INFO - fastread - 20, 260
2019-01-25 12:25:58,580 - INFO - fastread - 20, 270
2019-01-25 12:25:58,582 - INFO - fastread - 20, 280
2019-01-25 12:25:58,592 - INFO - fastread - 20, 290
2019-01-25 12:25:58,602 - INFO - fastread - 22, 300
2019-01-25 12:25:58,612 - INFO - fastread - 22, 310
2019-01-25 12:25:58,620 - INFO - fastread - 22, 320
2019-01-25 12:25:58,622 - INFO - fastread - 22, 330
2019-01-25 12:25:58,632 - INFO - fastread - 23, 340
2019-01-25 12:25:58,642 - INFO - fastread - 24, 350
2019-01-25 12:25:58,652 - INFO - fastread - 24, 360
2019-01-25 12:25:58,660 - INFO - fastread - 24, 370
2019-01-25 12:25:58,673 - INFO - fastread - 24, 380
2019-01-25 12:25:58,683 - INFO - fastread - 24, 390
2019-01-25 12:25:58,691 - INFO - fastread - 24, 400
2019-01-25 12:25:58,693 - INFO - fastread - 24, 410
2019-01-25 12:25:58,703 - INFO - fastread - 24, 420
2019-01-25 12:25:58,713 - INFO - fastread - 24, 430
2019-01-25 12:25:58,721 - INFO - fastread - 24, 440
2019-01-25 12:25:58,723 - INFO - fastread - 24, 450
2019-01-25 12:25:58,736 - INFO - fastread - 24, 460
2019-01-25 12:25:58,744 - INFO - fastread - 24, 470
2019-01-25 12:25:58,754 - INFO - fastread - 24, 480
2019-01-25 12:25:58,764 - INFO - fastread - 24, 490
2019-01-25 12:25:58,764 - INFO - fastread - 24, 500
2019-01-25 12:25:58,774 - INFO - fastread - 24, 510
2019-01-25 12:25:58,784 - INFO - fastread - 24, 520
2019-01-25 12:25:58,792 - INFO - fastread - 24, 530
2019-01-25 12:25:58,794 - INFO - fastread - 24, 540
2019-01-25 12:25:58,804 - INFO - fastread - 24, 550
2019-01-25 12:25:58,812 - INFO - fastread - 24, 560
2019-01-25 12:25:58,814 - INFO - fastread - 24, 570
2019-01-25 12:25:58,824 - INFO - fastread - 24, 580
2019-01-25 12:25:58,824 - INFO - fastread - 24, 590
2019-01-25 12:25:58,834 - INFO - fastread - 24, 600
2019-01-25 12:25:58,842 - INFO - fastread - 24, 610
2019-01-25 12:25:58,844 - INFO - fastread - 24, 620
2019-01-25 12:25:58,855 - INFO - fastread - 24, 630
2019-01-25 12:25:58,863 - INFO - fastread - 25, 640
2019-01-25 12:25:58,865 - INFO - fastread - 25, 650
2019-01-25 12:25:58,875 - INFO - fastread - 25, 660
2019-01-25 12:25:58,883 - INFO - fastread - 25, 670
2019-01-25 12:25:58,885 - INFO - fastread - 25, 680
2019-01-25 12:25:58,895 - INFO - fastread - 25, 690
2019-01-25 12:25:58,895 - INFO - fastread - 25, 700
2019-01-25 12:25:58,905 - INFO - fastread - 25, 710
2019-01-25 12:25:58,915 - INFO - fastread - 25, 720
2019-01-25 12:25:58,915 - INFO - fastread - 25, 730
2019-01-25 12:25:58,925 - INFO - fastread - 25, 740
2019-01-25 12:25:58,933 - INFO - fastread - 25, 750
2019-01-25 12:25:58,935 - INFO - fastread - 25, 760
2019-01-25 12:25:58,945 - INFO - fastread - 25, 770
2019-01-25 12:25:58,953 - INFO - fastread - 25, 780
2019-01-25 12:25:58,955 - INFO - fastread - 25, 790
2019-01-25 12:25:58,966 - INFO - fastread - 25, 800
2019-01-25 12:25:58,966 - INFO - fastread - 25, 810
2019-01-25 12:25:58,976 - INFO - fastread - 26, 820
2019-01-25 12:25:58,986 - INFO - fastread - 27, 830
2019-01-25 12:25:58,986 - INFO - fastread - 27, 840
2019-01-25 12:25:58,996 - INFO - fastread - 28, 850
2019-01-25 12:25:59,004 - INFO - fastread - 28, 860
2019-01-25 12:25:59,006 - INFO - fastread - 28, 870
2019-01-25 12:25:59,016 - INFO - fastread - 29, 880
2019-01-25 12:25:59,024 - INFO - fastread - 29, 890
2019-01-25 12:25:59,026 - INFO - fastread - 29, 900
2019-01-25 12:25:59,036 - INFO - fastread - 30, 910
2019-01-25 12:25:59,044 - INFO - fastread - 30, 920
2019-01-25 12:25:59,046 - INFO - fastread - 30, 930
2019-01-25 12:25:59,056 - INFO - fastread - 30, 940
2019-01-25 12:25:59,064 - INFO - fastread - 30, 950
2019-01-25 12:25:59,066 - INFO - fastread - 30, 960
2019-01-25 12:25:59,077 - INFO - fastread - 30, 970
2019-01-25 12:25:59,087 - INFO - fastread - 30, 980
2019-01-25 12:25:59,087 - INFO - fastread - 31, 990
2019-01-25 12:25:59,097 - INFO - fastread - 31, 1000
2019-01-25 12:25:59,107 - INFO - fastread - 31, 1010
2019-01-25 12:25:59,107 - INFO - fastread - 31, 1020
2019-01-25 12:25:59,117 - INFO - fastread - 31, 1030
2019-01-25 12:25:59,127 - INFO - fastread - 31, 1040
2019-01-25 12:25:59,127 - INFO - fastread - 31, 1050
2019-01-25 12:25:59,137 - INFO - fastread - 31, 1060
2019-01-25 12:25:59,147 - INFO - fastread - 31, 1070
2019-01-25 12:25:59,147 - INFO - fastread - 31, 1080
2019-01-25 12:25:59,157 - INFO - fastread - 32, 1090
2019-01-25 12:25:59,165 - INFO - fastread - 33, 1100
2019-01-25 12:25:59,167 - INFO - fastread - 33, 1110
2019-01-25 12:25:59,177 - INFO - fastread - 33, 1120
2019-01-25 12:25:59,185 - INFO - fastread - 33, 1130
2019-01-25 12:25:59,192 - INFO - fastread - 34, 1140
2019-01-25 12:25:59,200 - INFO - fastread - 34, 1150
2019-01-25 12:25:59,208 - INFO - fastread - 35, 1160
2019-01-25 12:25:59,216 - INFO - fastread - 35, 1170
2019-01-25 12:25:59,224 - INFO - fastread - 35, 1180
2019-01-25 12:25:59,232 - INFO - fastread - 35, 1190
2019-01-25 12:25:59,237 - INFO - fastread - 35, 1200
2019-01-25 12:25:59,245 - INFO - fastread - 36, 1210
2019-01-25 12:25:59,247 - INFO - fastread - 37, 1220
2019-01-25 12:25:59,258 - INFO - fastread - 37, 1230
2019-01-25 12:25:59,258 - INFO - fastread - 37, 1240
2019-01-25 12:25:59,268 - INFO - fastread - 37, 1250
2019-01-25 12:25:59,276 - INFO - fastread - 37, 1260
2019-01-25 12:25:59,278 - INFO - fastread - 37, 1270
2019-01-25 12:25:59,288 - INFO - fastread - 37, 1280
2019-01-25 12:25:59,296 - INFO - fastread - 37, 1290
2019-01-25 12:25:59,298 - INFO - fastread - 37, 1300
2019-01-25 12:25:59,308 - INFO - fastread - 37, 1310
2019-01-25 12:25:59,316 - INFO - fastread - 37, 1320
2019-01-25 12:25:59,318 - INFO - fastread - 37, 1330
2019-01-25 12:25:59,328 - INFO - fastread - 37, 1340
2019-01-25 12:25:59,328 - INFO - fastread - 37, 1350
2019-01-25 12:25:59,338 - INFO - fastread - 37, 1360
2019-01-25 12:25:59,346 - INFO - fastread - 37, 1370
2019-01-25 12:25:59,348 - INFO - fastread - 37, 1380
2019-01-25 12:25:59,358 - INFO - fastread - 37, 1390
2019-01-25 12:25:59,358 - INFO - fastread - 37, 1400
2019-01-25 12:25:59,369 - INFO - fastread - 38, 1410
2019-01-25 12:25:59,379 - INFO - fastread - 38, 1420
2019-01-25 12:25:59,379 - INFO - fastread - 38, 1430
2019-01-25 12:25:59,389 - INFO - fastread - 38, 1440
2019-01-25 12:25:59,397 - INFO - fastread - 39, 1450
2019-01-25 12:25:59,399 - INFO - fastread - 39, 1460
2019-01-25 12:25:59,409 - INFO - fastread - 39, 1470
2019-01-25 12:25:59,409 - INFO - fastread - 39, 1480
2019-01-25 12:25:59,419 - INFO - fastread - 39, 1490
2019-01-25 12:25:59,429 - INFO - fastread - 39, 1500
2019-01-25 12:25:59,429 - INFO - fastread - 39, 1510
2019-01-25 12:25:59,439 - INFO - fastread - 39, 1520
2019-01-25 12:25:59,447 - INFO - fastread - 39, 1530
2019-01-25 12:25:59,449 - INFO - fastread - 39, 1540
2019-01-25 12:25:59,459 - INFO - fastread - 39, 1550
2019-01-25 12:25:59,467 - INFO - fastread - 40, 1560
2019-01-25 12:25:59,469 - INFO - fastread - 40, 1570
2019-01-25 12:25:59,479 - INFO - fastread - 40, 1580
2019-01-25 12:25:59,479 - INFO - fastread - 40, 1590
2019-01-25 12:25:59,490 - INFO - fastread - 40, 1600
2019-01-25 12:25:59,500 - INFO - fastread - 40, 1610
2019-01-25 12:25:59,500 - INFO - fastread - 40, 1620
2019-01-25 12:25:59,510 - INFO - fastread - 40, 1630
2019-01-25 12:25:59,518 - INFO - fastread - 40, 1640
2019-01-25 12:25:59,520 - INFO - fastread - 41, 1650
2019-01-25 12:25:59,530 - INFO - fastread - 41, 1660
2019-01-25 12:25:59,530 - INFO - fastread - 41, 1670
2019-01-25 12:25:59,540 - INFO - fastread - 41, 1680
2019-01-25 12:25:59,550 - INFO - fastread - 41, 1690
2019-01-25 12:25:59,550 - INFO - fastread - 41, 1700
2019-01-25 12:25:59,560 - INFO - fastread - 41, 1710
2019-01-25 12:25:59,568 - INFO - fastread - 41, 1720
2019-01-25 12:25:59,570 - INFO - fastread - 41, 1730
2019-01-25 12:25:59,580 - INFO - fastread - 41, 1740
2019-01-25 12:25:59,590 - INFO - fastread - 41, 1750
2019-01-25 12:25:59,600 - INFO - fastread - 41, 1760
2019-01-25 12:25:59,600 - INFO - fastread - 43, 1770
2019-01-25 12:25:59,611 - INFO - fastread - 43, 1780
2019-01-25 12:25:59,621 - INFO - fastread - 43, 1790
2019-01-25 12:25:59,621 - INFO - fastread - 44, 1800
2019-01-25 12:25:59,631 - INFO - fastread - 44, 1810
2019-01-25 12:25:59,641 - INFO - fastread - 44, 1820
2019-01-25 12:25:59,641 - INFO - fastread - 44, 1830
2019-01-25 12:25:59,651 - INFO - fastread - 44, 1840
2019-01-25 12:25:59,659 - INFO - fastread - 44, 1850
2019-01-25 12:25:59,661 - INFO - fastread - 44, 1860
2019-01-25 12:25:59,671 - INFO - fastread - 44, 1870
2019-01-25 12:25:59,679 - INFO - fastread - 44, 1880
2019-01-25 12:25:59,681 - INFO - fastread - 45, 1890
2019-01-25 12:25:59,691 - INFO - fastread - 46, 1900
2019-01-25 12:25:59,701 - INFO - fastread - 47, 1910
2019-01-25 12:25:59,701 - INFO - fastread - 47, 1920
2019-01-25 12:25:59,711 - INFO - fastread - 48, 1930
2019-01-25 12:25:59,719 - INFO - fastread - 49, 1940
2019-01-25 12:25:59,721 - INFO - fastread - 49, 1950
2019-01-25 12:25:59,732 - INFO - fastread - 49, 1960
2019-01-25 12:25:59,740 - INFO - fastread - 49, 1970
2019-01-25 12:25:59,742 - INFO - fastread - 49, 1980
2019-01-25 12:25:59,752 - INFO - fastread - 49, 1990
2019-01-25 12:25:59,760 - INFO - fastread - 49, 2000
2019-01-25 12:25:59,762 - INFO - fastread - 49, 2010
2019-01-25 12:25:59,772 - INFO - fastread - 49, 2020
2019-01-25 12:25:59,772 - INFO - fastread - 49, 2030
2019-01-25 12:25:59,782 - INFO - fastread - 49, 2040
2019-01-25 12:25:59,793 - INFO - fastread - 49, 2050
2019-01-25 12:25:59,793 - INFO - fastread - 49, 2060
2019-01-25 12:25:59,803 - INFO - fastread - 49, 2070
2019-01-25 12:25:59,811 - INFO - fastread - 49, 2080
2019-01-25 12:25:59,813 - INFO - fastread - 49, 2090
2019-01-25 12:25:59,823 - INFO - fastread - 49, 2100
2019-01-25 12:25:59,833 - INFO - fastread - 49, 2110
2019-01-25 12:25:59,833 - INFO - fastread - 49, 2120
2019-01-25 12:25:59,843 - INFO - fastread - 49, 2130
2019-01-25 12:25:59,853 - INFO - fastread - 49, 2140
2019-01-25 12:25:59,861 - INFO - fastread - 49, 2150
2019-01-25 12:25:59,864 - INFO - fastread - 50, 2160
2019-01-25 12:25:59,874 - INFO - fastread - 50, 2170
2019-01-25 12:25:59,874 - INFO - fastread - 50, 2180
2019-01-25 12:25:59,884 - INFO - fastread - 50, 2190
2019-01-25 12:25:59,894 - INFO - fastread - 51, 2200
2019-01-25 12:25:59,894 - INFO - fastread - 51, 2210
2019-01-25 12:25:59,904 - INFO - fastread - 51, 2220
2019-01-25 12:25:59,914 - INFO - fastread - 51, 2230
2019-01-25 12:25:59,914 - INFO - fastread - 51, 2240
2019-01-25 12:25:59,924 - INFO - fastread - 51, 2250
2019-01-25 12:25:59,932 - INFO - fastread - 52, 2260
2019-01-25 12:25:59,934 - INFO - fastread - 52, 2270
2019-01-25 12:25:59,944 - INFO - fastread - 52, 2280
2019-01-25 12:25:59,952 - INFO - fastread - 52, 2290
2019-01-25 12:25:59,954 - INFO - fastread - 53, 2300
2019-01-25 12:25:59,964 - INFO - fastread - 53, 2310
2019-01-25 12:25:59,964 - INFO - fastread - 53, 2320
2019-01-25 12:25:59,975 - INFO - fastread - 53, 2330
2019-01-25 12:25:59,985 - INFO - fastread - 53, 2340
2019-01-25 12:25:59,985 - INFO - fastread - 53, 2350
2019-01-25 12:25:59,995 - INFO - fastread - 53, 2360
2019-01-25 12:26:00,005 - INFO - fastread - 53, 2370
2019-01-25 12:26:00,005 - INFO - fastread - 54, 2380
2019-01-25 12:26:00,015 - INFO - fastread - 56, 2390
2019-01-25 12:26:00,023 - INFO - fastread - 56, 2400
2019-01-25 12:26:00,025 - INFO - fastread - 57, 2410
2019-01-25 12:26:00,035 - INFO - fastread - 57, 2420
2019-01-25 12:26:00,045 - INFO - fastread - 57, 2430
2019-01-25 12:26:00,045 - INFO - fastread - 58, 2440
2019-01-25 12:26:00,055 - INFO - fastread - 59, 2450
2019-01-25 12:26:00,065 - INFO - fastread - 60, 2460
2019-01-25 12:26:00,065 - INFO - fastread - 61, 2470
2019-01-25 12:26:00,075 - INFO - fastread - 61, 2480
2019-01-25 12:26:00,086 - INFO - fastread - 61, 2490
2019-01-25 12:26:00,086 - INFO - fastread - 61, 2500
2019-01-25 12:26:00,096 - INFO - fastread - 61, 2510
2019-01-25 12:26:00,106 - INFO - fastread - 61, 2520
2019-01-25 12:26:00,106 - INFO - fastread - 61, 2530
2019-01-25 12:26:00,116 - INFO - fastread - 61, 2540
2019-01-25 12:26:00,124 - INFO - fastread - 61, 2550
2019-01-25 12:26:00,126 - INFO - fastread - 62, 2560
2019-01-25 12:26:00,136 - INFO - fastread - 63, 2570
2019-01-25 12:26:00,144 - INFO - fastread - 63, 2580
2019-01-25 12:26:00,146 - INFO - fastread - 63, 2590
2019-01-25 12:26:00,156 - INFO - fastread - 65, 2600
2019-01-25 12:26:00,156 - INFO - fastread - 65, 2610
2019-01-25 12:26:00,166 - INFO - fastread - 65, 2620
2019-01-25 12:26:00,176 - INFO - fastread - 65, 2630
2019-01-25 12:26:00,176 - INFO - fastread - 65, 2640
2019-01-25 12:26:00,186 - INFO - fastread - 65, 2650
2019-01-25 12:26:00,194 - INFO - fastread - 65, 2660
2019-01-25 12:26:00,197 - INFO - fastread - 65, 2670
2019-01-25 12:26:00,207 - INFO - fastread - 65, 2680
2019-01-25 12:26:00,215 - INFO - fastread - 65, 2690
2019-01-25 12:26:00,217 - INFO - fastread - 65, 2700
2019-01-25 12:26:00,227 - INFO - fastread - 65, 2710
2019-01-25 12:26:00,227 - INFO - fastread - 65, 2720
2019-01-25 12:26:00,237 - INFO - fastread - 65, 2730
2019-01-25 12:26:00,247 - INFO - fastread - 65, 2740
2019-01-25 12:26:00,247 - INFO - fastread - 66, 2750
2019-01-25 12:26:00,257 - INFO - fastread - 67, 2760
2019-01-25 12:26:00,267 - INFO - fastread - 67, 2770
2019-01-25 12:26:00,267 - INFO - fastread - 67, 2780
2019-01-25 12:26:00,277 - INFO - fastread - 69, 2790
2019-01-25 12:26:00,287 - INFO - fastread - 69, 2800
2019-01-25 12:26:00,295 - INFO - fastread - 69, 2810
2019-01-25 12:26:00,297 - INFO - fastread - 69, 2820
2019-01-25 12:26:00,308 - INFO - fastread - 70, 2830
2019-01-25 12:26:00,316 - INFO - fastread - 70, 2840
2019-01-25 12:26:00,318 - INFO - fastread - 71, 2850
2019-01-25 12:26:00,328 - INFO - fastread - 71, 2860
2019-01-25 12:26:00,338 - INFO - fastread - 71, 2870
2019-01-25 12:26:00,338 - INFO - fastread - 71, 2880
2019-01-25 12:26:00,348 - INFO - fastread - 71, 2890
2019-01-25 12:26:00,358 - INFO - fastread - 72, 2900
2019-01-25 12:26:00,366 - INFO - fastread - 72, 2910
2019-01-25 12:26:00,368 - INFO - fastread - 72, 2920
2019-01-25 12:26:00,378 - INFO - fastread - 72, 2930
2019-01-25 12:26:00,388 - INFO - fastread - 72, 2940
2019-01-25 12:26:00,396 - INFO - fastread - 73, 2950
2019-01-25 12:26:00,398 - INFO - fastread - 73, 2960
2019-01-25 12:26:00,408 - INFO - fastread - 74, 2970
2019-01-25 12:26:00,419 - INFO - fastread - 74, 2980
2019-01-25 12:26:00,427 - INFO - fastread - 74, 2990
2019-01-25 12:26:00,429 - INFO - fastread - 74, 3000
2019-01-25 12:26:00,439 - INFO - fastread - 74, 3010
2019-01-25 12:26:00,449 - INFO - fastread - 74, 3020
2019-01-25 12:26:00,457 - INFO - fastread - 74, 3030
2019-01-25 12:26:00,459 - INFO - fastread - 74, 3040
2019-01-25 12:26:00,469 - INFO - fastread - 75, 3050
2019-01-25 12:26:00,479 - INFO - fastread - 75, 3060
2019-01-25 12:26:00,479 - INFO - fastread - 75, 3070
2019-01-25 12:26:00,489 - INFO - fastread - 75, 3080
2019-01-25 12:26:00,499 - INFO - fastread - 75, 3090
2019-01-25 12:26:00,507 - INFO - fastread - 76, 3100
2019-01-25 12:26:00,509 - INFO - fastread - 76, 3110
2019-01-25 12:26:00,520 - INFO - fastread - 77, 3120
2019-01-25 12:26:00,528 - INFO - fastread - 77, 3130
2019-01-25 12:26:00,530 - INFO - fastread - 77, 3140
2019-01-25 12:26:00,540 - INFO - fastread - 77, 3150
2019-01-25 12:26:00,548 - INFO - fastread - 77, 3160
2019-01-25 12:26:00,550 - INFO - fastread - 77, 3170
2019-01-25 12:26:00,560 - INFO - fastread - 77, 3180
2019-01-25 12:26:00,570 - INFO - fastread - 77, 3190
2019-01-25 12:26:00,570 - INFO - fastread - 77, 3200
2019-01-25 12:26:00,580 - INFO - fastread - 77, 3210
2019-01-25 12:26:00,588 - INFO - fastread - 78, 3220
2019-01-25 12:26:00,590 - INFO - fastread - 79, 3230
2019-01-25 12:26:00,600 - INFO - fastread - 79, 3240
2019-01-25 12:26:00,608 - INFO - fastread - 79, 3250
2019-01-25 12:26:00,610 - INFO - fastread - 79, 3260
2019-01-25 12:26:00,621 - INFO - fastread - 79, 3270
2019-01-25 12:26:00,631 - INFO - fastread - 79, 3280
2019-01-25 12:26:00,641 - INFO - fastread - 79, 3290
2019-01-25 12:26:00,659 - INFO - fastread - 80, 3300
2019-01-25 12:26:00,661 - INFO - fastread - 80, 3310
2019-01-25 12:26:00,671 - INFO - fastread - 82, 3320
2019-01-25 12:26:00,681 - INFO - fastread - 82, 3330
2019-01-25 12:26:00,681 - INFO - fastread - 82, 3340
2019-01-25 12:26:00,691 - INFO - fastread - 82, 3350
2019-01-25 12:26:00,701 - INFO - fastread - 82, 3360
2019-01-25 12:26:00,709 - INFO - fastread - 82, 3370
2019-01-25 12:26:00,711 - INFO - fastread - 82, 3380
2019-01-25 12:26:00,721 - INFO - fastread - 82, 3390
2019-01-25 12:26:00,721 - INFO - fastread - 82, 3400
2019-01-25 12:26:00,730 - INFO - fastread - 82, 3410
2019-01-25 12:26:00,732 - INFO - fastread - 82, 3420
2019-01-25 12:26:00,742 - INFO - fastread - 82, 3430
2019-01-25 12:26:00,750 - INFO - fastread - 82, 3440
2019-01-25 12:26:00,752 - INFO - fastread - 82, 3450
2019-01-25 12:26:00,762 - INFO - fastread - 82, 3460
2019-01-25 12:26:00,772 - INFO - fastread - 83, 3470
2019-01-25 12:26:00,772 - INFO - fastread - 83, 3480
2019-01-25 12:26:00,782 - INFO - fastread - 84, 3490
2019-01-25 12:26:00,792 - INFO - fastread - 84, 3500
2019-01-25 12:26:00,792 - INFO - fastread - 84, 3510
2019-01-25 12:26:00,802 - INFO - fastread - 84, 3520
2019-01-25 12:26:00,810 - INFO - fastread - 84, 3530
2019-01-25 12:26:00,812 - INFO - fastread - 84, 3540
2019-01-25 12:26:00,822 - INFO - fastread - 84, 3550
2019-01-25 12:26:00,832 - INFO - fastread - 84, 3560
2019-01-25 12:26:00,832 - INFO - fastread - 84, 3570
2019-01-25 12:26:00,843 - INFO - fastread - 84, 3580
2019-01-25 12:26:00,853 - INFO - fastread - 84, 3590
2019-01-25 12:26:00,853 - INFO - fastread - 84, 3600
2019-01-25 12:26:00,863 - INFO - fastread - 84, 3610
2019-01-25 12:26:00,873 - INFO - fastread - 84, 3620
2019-01-25 12:26:00,883 - INFO - fastread - 84, 3630
2019-01-25 12:26:00,891 - INFO - fastread - 85, 3640
2019-01-25 12:26:00,893 - INFO - fastread - 85, 3650
2019-01-25 12:26:00,903 - INFO - fastread - 85, 3660
2019-01-25 12:26:00,911 - INFO - fastread - 85, 3670
2019-01-25 12:26:00,913 - INFO - fastread - 85, 3680
2019-01-25 12:26:00,923 - INFO - fastread - 85, 3690
2019-01-25 12:26:00,933 - INFO - fastread - 85, 3700
2019-01-25 12:26:00,933 - INFO - fastread - 86, 3710
2019-01-25 12:26:00,944 - INFO - fastread - 86, 3720
2019-01-25 12:26:00,954 - INFO - fastread - 86, 3730
2019-01-25 12:26:00,962 - INFO - fastread - 87, 3740
2019-01-25 12:26:00,964 - INFO - fastread - 88, 3750
2019-01-25 12:26:00,974 - INFO - fastread - 88, 3760
2019-01-25 12:26:00,982 - INFO - fastread - 88, 3770
2019-01-25 12:26:00,984 - INFO - fastread - 88, 3780
2019-01-25 12:26:00,992 - INFO - fastread - 88, 3790
2019-01-25 12:26:00,994 - INFO - fastread - 88, 3800
2019-01-25 12:26:01,004 - INFO - fastread - 88, 3810
2019-01-25 12:26:01,004 - INFO - fastread - 88, 3820
2019-01-25 12:26:01,014 - INFO - fastread - 88, 3830
2019-01-25 12:26:01,022 - INFO - fastread - 89, 3840
2019-01-25 12:26:01,024 - INFO - fastread - 90, 3850
2019-01-25 12:26:01,034 - INFO - fastread - 90, 3860
2019-01-25 12:26:01,042 - INFO - fastread - 90, 3870
2019-01-25 12:26:01,052 - INFO - fastread - 90, 3880
2019-01-25 12:26:01,055 - INFO - fastread - 90, 3890
2019-01-25 12:26:01,065 - INFO - fastread - 90, 3900
2019-01-25 12:26:01,075 - INFO - fastread - 90, 3910
2019-01-25 12:26:01,083 - INFO - fastread - 90, 3920
2019-01-25 12:26:01,085 - INFO - fastread - 90, 3930
2019-01-25 12:26:01,085 - INFO - fastread - 91, 3940
2019-01-25 12:26:01,095 - INFO - fastread - 92, 3950
2019-01-25 12:26:01,095 - INFO - fastread - 92, 3960
2019-01-25 12:26:01,105 - INFO - fastread - 92, 3970
2019-01-25 12:26:01,115 - INFO - fastread - 92, 3980
2019-01-25 12:26:01,123 - INFO - fastread - 92, 3990
2019-01-25 12:26:01,131 - INFO - fastread - 92, 4000
2019-01-25 12:26:01,139 - INFO - fastread - 93, 4010
2019-01-25 12:26:01,146 - INFO - fastread - 94, 4020
2019-01-25 12:26:01,153 - INFO - fastread - 94, 4030
2019-01-25 12:26:01,155 - INFO - fastread - 94, 4040
2019-01-25 12:26:01,165 - INFO - fastread - 94, 4050
2019-01-25 12:26:01,173 - INFO - fastread - 94, 4060
2019-01-25 12:26:01,175 - INFO - fastread - 97, 4070
2019-01-25 12:26:01,186 - INFO - fastread - 97, 4080
2019-01-25 12:26:01,196 - INFO - fastread - 97, 4090
2019-01-25 12:26:01,196 - INFO - fastread - 97, 4100
2019-01-25 12:26:01,206 - INFO - fastread - 98, 4110
2019-01-25 12:26:01,216 - INFO - fastread - 98, 4120
2019-01-25 12:26:01,224 - INFO - fastread - 99, 4130
2019-01-25 12:26:01,256 - INFO - rig - ++++NEW CLF++++ SVM
2019-01-25 12:26:01,256 - INFO - fastread - Total Yes: 104 | Total No: 4285
2019-01-25 12:33:35,387 - INFO - fastread - 0, 10
2019-01-25 12:33:35,395 - INFO - fastread - 5, 20
2019-01-25 12:33:35,397 - INFO - fastread - 15, 30
2019-01-25 12:33:35,397 - INFO - fastread - 25, 40
2019-01-25 12:33:35,397 - INFO - fastread - 31, 50
2019-01-25 12:33:35,405 - INFO - fastread - 39, 60
2019-01-25 12:33:35,407 - INFO - fastread - 39, 70
2019-01-25 12:33:35,407 - INFO - fastread - 42, 80
2019-01-25 12:33:35,407 - INFO - fastread - 44, 90
2019-01-25 12:33:35,407 - INFO - fastread - 47, 100
2019-01-25 12:33:35,415 - INFO - fastread - 51, 110
2019-01-25 12:33:35,417 - INFO - fastread - 56, 120
2019-01-25 12:33:35,417 - INFO - fastread - 58, 130
2019-01-25 12:33:35,417 - INFO - fastread - 60, 140
2019-01-25 12:33:35,425 - INFO - fastread - 61, 150
2019-01-25 12:33:35,427 - INFO - fastread - 63, 160
2019-01-25 12:33:35,427 - INFO - fastread - 64, 170
2019-01-25 12:33:35,427 - INFO - fastread - 65, 180
2019-01-25 12:33:35,427 - INFO - fastread - 67, 190
2019-01-25 12:33:35,435 - INFO - fastread - 68, 200
2019-01-25 12:33:35,437 - INFO - fastread - 70, 210
2019-01-25 12:33:35,437 - INFO - fastread - 71, 220
2019-01-25 12:33:35,437 - INFO - fastread - 71, 230
2019-01-25 12:33:35,445 - INFO - fastread - 73, 240
2019-01-25 12:33:35,447 - INFO - fastread - 76, 250
2019-01-25 12:33:35,447 - INFO - fastread - 76, 260
2019-01-25 12:33:35,447 - INFO - fastread - 76, 270
2019-01-25 12:33:35,455 - INFO - fastread - 76, 280
2019-01-25 12:33:35,458 - INFO - fastread - 76, 290
2019-01-25 12:33:35,458 - INFO - fastread - 77, 300
2019-01-25 12:33:35,458 - INFO - fastread - 78, 310
2019-01-25 12:33:35,458 - INFO - fastread - 78, 320
2019-01-25 12:33:35,468 - INFO - fastread - 78, 330
2019-01-25 12:33:35,468 - INFO - fastread - 78, 340
2019-01-25 12:33:35,468 - INFO - fastread - 78, 350
2019-01-25 12:33:35,468 - INFO - fastread - 79, 360
2019-01-25 12:33:35,476 - INFO - fastread - 79, 370
2019-01-25 12:33:35,478 - INFO - fastread - 80, 380
2019-01-25 12:33:35,478 - INFO - fastread - 81, 390
2019-01-25 12:33:35,478 - INFO - fastread - 83, 400
2019-01-25 12:33:35,486 - INFO - fastread - 83, 410
2019-01-25 12:33:35,488 - INFO - fastread - 85, 420
2019-01-25 12:33:35,488 - INFO - fastread - 86, 430
2019-01-25 12:33:35,488 - INFO - fastread - 86, 440
2019-01-25 12:33:35,496 - INFO - fastread - 86, 450
2019-01-25 12:33:35,498 - INFO - fastread - 86, 460
2019-01-25 12:33:35,498 - INFO - fastread - 86, 470
2019-01-25 12:33:35,498 - INFO - fastread - 86, 480
2019-01-25 12:33:35,506 - INFO - fastread - 86, 490
2019-01-25 12:33:35,508 - INFO - fastread - 86, 500
2019-01-25 12:33:35,508 - INFO - fastread - 86, 510
2019-01-25 12:33:35,508 - INFO - fastread - 86, 520
2019-01-25 12:33:35,508 - INFO - fastread - 86, 530
2019-01-25 12:33:35,518 - INFO - fastread - 89, 540
2019-01-25 12:33:35,518 - INFO - fastread - 89, 550
2019-01-25 12:33:35,518 - INFO - fastread - 89, 560
2019-01-25 12:33:35,518 - INFO - fastread - 89, 570
2019-01-25 12:33:35,526 - INFO - fastread - 89, 580
2019-01-25 12:33:35,528 - INFO - fastread - 89, 590
2019-01-25 12:33:35,528 - INFO - fastread - 89, 600
2019-01-25 12:33:35,528 - INFO - fastread - 89, 610
2019-01-25 12:33:35,536 - INFO - fastread - 89, 620
2019-01-25 12:33:35,538 - INFO - fastread - 89, 630
2019-01-25 12:33:35,538 - INFO - fastread - 89, 640
2019-01-25 12:33:35,538 - INFO - fastread - 89, 650
2019-01-25 12:33:35,546 - INFO - fastread - 89, 660
2019-01-25 12:33:35,548 - INFO - fastread - 89, 670
2019-01-25 12:33:35,548 - INFO - fastread - 89, 680
2019-01-25 12:33:35,548 - INFO - fastread - 90, 690
2019-01-25 12:33:35,556 - INFO - fastread - 90, 700
2019-01-25 12:33:35,559 - INFO - fastread - 90, 710
2019-01-25 12:33:35,559 - INFO - fastread - 90, 720
2019-01-25 12:33:35,559 - INFO - fastread - 90, 730
2019-01-25 12:33:35,567 - INFO - fastread - 90, 740
2019-01-25 12:33:35,569 - INFO - fastread - 92, 750
2019-01-25 12:33:35,569 - INFO - fastread - 92, 760
2019-01-25 12:33:35,569 - INFO - fastread - 93, 770
2019-01-25 12:33:35,569 - INFO - fastread - 93, 780
2019-01-25 12:33:35,579 - INFO - fastread - 93, 790
2019-01-25 12:33:35,579 - INFO - fastread - 93, 800
2019-01-25 12:33:35,579 - INFO - fastread - 93, 810
2019-01-25 12:33:35,579 - INFO - fastread - 93, 820
2019-01-25 12:33:35,587 - INFO - fastread - 93, 830
2019-01-25 12:33:35,589 - INFO - fastread - 93, 840
2019-01-25 12:33:35,589 - INFO - fastread - 93, 850
2019-01-25 12:33:35,589 - INFO - fastread - 93, 860
2019-01-25 12:33:35,597 - INFO - fastread - 93, 870
2019-01-25 12:33:35,599 - INFO - fastread - 93, 880
2019-01-25 12:33:35,599 - INFO - fastread - 93, 890
2019-01-25 12:33:35,599 - INFO - fastread - 93, 900
2019-01-25 12:33:35,607 - INFO - fastread - 93, 910
2019-01-25 12:33:35,609 - INFO - fastread - 93, 920
2019-01-25 12:33:35,609 - INFO - fastread - 93, 930
2019-01-25 12:33:35,609 - INFO - fastread - 93, 940
2019-01-25 12:33:35,619 - INFO - fastread - 93, 950
2019-01-25 12:33:35,619 - INFO - fastread - 93, 960
2019-01-25 12:33:35,629 - INFO - fastread - 93, 970
2019-01-25 12:33:35,629 - INFO - fastread - 93, 980
2019-01-25 12:33:35,637 - INFO - fastread - 94, 990
2019-01-25 12:33:35,639 - INFO - fastread - 95, 1000
2019-01-25 12:33:35,639 - INFO - fastread - 95, 1010
2019-01-25 12:33:35,639 - INFO - fastread - 95, 1020
2019-01-25 12:33:35,648 - INFO - fastread - 95, 1030
2019-01-25 12:33:35,650 - INFO - fastread - 98, 1040
2019-01-25 12:33:35,650 - INFO - fastread - 98, 1050
2019-01-25 12:33:35,650 - INFO - fastread - 98, 1060
2019-01-25 12:33:35,660 - INFO - fastread - 98, 1070
2019-01-25 12:33:35,660 - INFO - fastread - 98, 1080
2019-01-25 12:33:35,668 - INFO - fastread - 98, 1090
2019-01-25 12:33:35,670 - INFO - fastread - 98, 1100
2019-01-25 12:33:35,670 - INFO - fastread - 98, 1110
2019-01-25 12:33:35,680 - INFO - fastread - 98, 1120
2019-01-25 12:33:35,680 - INFO - fastread - 98, 1130
2019-01-25 12:33:35,680 - INFO - fastread - 98, 1140
2019-01-25 12:33:35,680 - INFO - fastread - 98, 1150
2019-01-25 12:33:35,690 - INFO - fastread - 98, 1160
2019-01-25 12:33:35,690 - INFO - fastread - 98, 1170
2019-01-25 12:33:35,690 - INFO - fastread - 99, 1180
2019-01-25 12:33:35,700 - INFO - rig - ++++NEW CLF++++ DT
2019-01-25 12:33:35,700 - INFO - fastread - Total Yes: 104 | Total No: 4285
2019-01-25 12:33:44,302 - INFO - fastread - 4, 10
2019-01-25 12:33:44,304 - INFO - fastread - 9, 20
2019-01-25 12:33:44,304 - INFO - fastread - 15, 30
2019-01-25 12:33:44,304 - INFO - fastread - 19, 40
2019-01-25 12:33:44,312 - INFO - fastread - 26, 50
2019-01-25 12:33:44,314 - INFO - fastread - 27, 60
2019-01-25 12:33:44,314 - INFO - fastread - 30, 70
2019-01-25 12:33:44,314 - INFO - fastread - 35, 80
2019-01-25 12:33:44,322 - INFO - fastread - 42, 90
2019-01-25 12:33:44,324 - INFO - fastread - 47, 100
2019-01-25 12:33:44,324 - INFO - fastread - 51, 110
2019-01-25 12:33:44,324 - INFO - fastread - 51, 120
2019-01-25 12:33:44,332 - INFO - fastread - 51, 130
2019-01-25 12:33:44,334 - INFO - fastread - 51, 140
2019-01-25 12:33:44,334 - INFO - fastread - 51, 150
2019-01-25 12:33:44,334 - INFO - fastread - 52, 160
2019-01-25 12:33:44,344 - INFO - fastread - 52, 170
2019-01-25 12:33:44,344 - INFO - fastread - 53, 180
2019-01-25 12:33:44,344 - INFO - fastread - 53, 190
2019-01-25 12:33:44,344 - INFO - fastread - 53, 200
2019-01-25 12:33:44,354 - INFO - fastread - 53, 210
2019-01-25 12:33:44,354 - INFO - fastread - 53, 220
2019-01-25 12:33:44,354 - INFO - fastread - 53, 230
2019-01-25 12:33:44,362 - INFO - fastread - 53, 240
2019-01-25 12:33:44,364 - INFO - fastread - 53, 250
2019-01-25 12:33:44,364 - INFO - fastread - 54, 260
2019-01-25 12:33:44,364 - INFO - fastread - 54, 270
2019-01-25 12:33:44,372 - INFO - fastread - 54, 280
2019-01-25 12:33:44,374 - INFO - fastread - 54, 290
2019-01-25 12:33:44,374 - INFO - fastread - 54, 300
2019-01-25 12:33:44,374 - INFO - fastread - 54, 310
2019-01-25 12:33:44,382 - INFO - fastread - 55, 320
2019-01-25 12:33:44,385 - INFO - fastread - 55, 330
2019-01-25 12:33:44,385 - INFO - fastread - 55, 340
2019-01-25 12:33:44,385 - INFO - fastread - 55, 350
2019-01-25 12:33:44,393 - INFO - fastread - 55, 360
2019-01-25 12:33:44,395 - INFO - fastread - 55, 370
2019-01-25 12:33:44,395 - INFO - fastread - 55, 380
2019-01-25 12:33:44,395 - INFO - fastread - 55, 390
2019-01-25 12:33:44,403 - INFO - fastread - 55, 400
2019-01-25 12:33:44,405 - INFO - fastread - 55, 410
2019-01-25 12:33:44,405 - INFO - fastread - 55, 420
2019-01-25 12:33:44,405 - INFO - fastread - 55, 430
2019-01-25 12:33:44,413 - INFO - fastread - 55, 440
2019-01-25 12:33:44,415 - INFO - fastread - 55, 450
2019-01-25 12:33:44,415 - INFO - fastread - 55, 460
2019-01-25 12:33:44,415 - INFO - fastread - 55, 470
2019-01-25 12:33:44,425 - INFO - fastread - 55, 480
2019-01-25 12:33:44,425 - INFO - fastread - 55, 490
2019-01-25 12:33:44,425 - INFO - fastread - 55, 500
2019-01-25 12:33:44,433 - INFO - fastread - 55, 510
2019-01-25 12:33:44,435 - INFO - fastread - 55, 520
2019-01-25 12:33:44,435 - INFO - fastread - 55, 530
2019-01-25 12:33:44,435 - INFO - fastread - 55, 540
2019-01-25 12:33:44,443 - INFO - fastread - 55, 550
2019-01-25 12:33:44,445 - INFO - fastread - 55, 560
2019-01-25 12:33:44,445 - INFO - fastread - 55, 570
2019-01-25 12:33:44,445 - INFO - fastread - 55, 580
2019-01-25 12:33:44,453 - INFO - fastread - 55, 590
2019-01-25 12:33:44,455 - INFO - fastread - 55, 600
2019-01-25 12:33:44,455 - INFO - fastread - 55, 610
2019-01-25 12:33:44,455 - INFO - fastread - 55, 620
2019-01-25 12:33:44,463 - INFO - fastread - 55, 630
2019-01-25 12:33:44,465 - INFO - fastread - 56, 640
2019-01-25 12:33:44,465 - INFO - fastread - 56, 650
2019-01-25 12:33:44,465 - INFO - fastread - 56, 660
2019-01-25 12:33:44,473 - INFO - fastread - 56, 670
2019-01-25 12:33:44,476 - INFO - fastread - 56, 680
2019-01-25 12:33:44,476 - INFO - fastread - 56, 690
2019-01-25 12:33:44,476 - INFO - fastread - 56, 700
2019-01-25 12:33:44,484 - INFO - fastread - 56, 710
2019-01-25 12:33:44,486 - INFO - fastread - 56, 720
2019-01-25 12:33:44,486 - INFO - fastread - 57, 730
2019-01-25 12:33:44,486 - INFO - fastread - 57, 740
2019-01-25 12:33:44,494 - INFO - fastread - 57, 750
2019-01-25 12:33:44,496 - INFO - fastread - 57, 760
2019-01-25 12:33:44,496 - INFO - fastread - 57, 770
2019-01-25 12:33:44,496 - INFO - fastread - 57, 780
2019-01-25 12:33:44,504 - INFO - fastread - 57, 790
2019-01-25 12:33:44,506 - INFO - fastread - 57, 800
2019-01-25 12:33:44,506 - INFO - fastread - 57, 810
2019-01-25 12:33:44,506 - INFO - fastread - 57, 820
2019-01-25 12:33:44,514 - INFO - fastread - 58, 830
2019-01-25 12:33:44,516 - INFO - fastread - 58, 840
2019-01-25 12:33:44,516 - INFO - fastread - 58, 850
2019-01-25 12:33:44,516 - INFO - fastread - 59, 860
2019-01-25 12:33:44,526 - INFO - fastread - 59, 870
2019-01-25 12:33:44,526 - INFO - fastread - 59, 880
2019-01-25 12:33:44,526 - INFO - fastread - 59, 890
2019-01-25 12:33:44,534 - INFO - fastread - 59, 900
2019-01-25 12:33:44,536 - INFO - fastread - 60, 910
2019-01-25 12:33:44,536 - INFO - fastread - 60, 920
2019-01-25 12:33:44,536 - INFO - fastread - 60, 930
2019-01-25 12:33:44,544 - INFO - fastread - 60, 940
2019-01-25 12:33:44,546 - INFO - fastread - 60, 950
2019-01-25 12:33:44,546 - INFO - fastread - 60, 960
2019-01-25 12:33:44,546 - INFO - fastread - 60, 970
2019-01-25 12:33:44,554 - INFO - fastread - 60, 980
2019-01-25 12:33:44,556 - INFO - fastread - 61, 990
2019-01-25 12:33:44,556 - INFO - fastread - 61, 1000
2019-01-25 12:33:44,556 - INFO - fastread - 61, 1010
2019-01-25 12:33:44,567 - INFO - fastread - 61, 1020
2019-01-25 12:33:44,567 - INFO - fastread - 61, 1030
2019-01-25 12:33:44,567 - INFO - fastread - 61, 1040
2019-01-25 12:33:44,575 - INFO - fastread - 61, 1050
2019-01-25 12:33:44,577 - INFO - fastread - 61, 1060
2019-01-25 12:33:44,577 - INFO - fastread - 61, 1070
2019-01-25 12:33:44,577 - INFO - fastread - 61, 1080
2019-01-25 12:33:44,585 - INFO - fastread - 62, 1090
2019-01-25 12:33:44,587 - INFO - fastread - 62, 1100
2019-01-25 12:33:44,587 - INFO - fastread - 63, 1110
2019-01-25 12:33:44,587 - INFO - fastread - 63, 1120
2019-01-25 12:33:44,595 - INFO - fastread - 63, 1130
2019-01-25 12:33:44,597 - INFO - fastread - 63, 1140
2019-01-25 12:33:44,597 - INFO - fastread - 64, 1150
2019-01-25 12:33:44,597 - INFO - fastread - 64, 1160
2019-01-25 12:33:44,607 - INFO - fastread - 64, 1170
2019-01-25 12:33:44,607 - INFO - fastread - 64, 1180
2019-01-25 12:33:44,607 - INFO - fastread - 65, 1190
2019-01-25 12:33:44,607 - INFO - fastread - 65, 1200
2019-01-25 12:33:44,617 - INFO - fastread - 65, 1210
2019-01-25 12:33:44,617 - INFO - fastread - 66, 1220
2019-01-25 12:33:44,617 - INFO - fastread - 66, 1230
2019-01-25 12:33:44,625 - INFO - fastread - 67, 1240
2019-01-25 12:33:44,627 - INFO - fastread - 67, 1250
2019-01-25 12:33:44,627 - INFO - fastread - 67, 1260
2019-01-25 12:33:44,627 - INFO - fastread - 67, 1270
2019-01-25 12:33:44,635 - INFO - fastread - 67, 1280
2019-01-25 12:33:44,637 - INFO - fastread - 67, 1290
2019-01-25 12:33:44,637 - INFO - fastread - 67, 1300
2019-01-25 12:33:44,645 - INFO - fastread - 67, 1310
2019-01-25 12:33:44,648 - INFO - fastread - 67, 1320
2019-01-25 12:33:44,648 - INFO - fastread - 67, 1330
2019-01-25 12:33:44,648 - INFO - fastread - 67, 1340
2019-01-25 12:33:44,656 - INFO - fastread - 67, 1350
2019-01-25 12:33:44,658 - INFO - fastread - 67, 1360
2019-01-25 12:33:44,658 - INFO - fastread - 67, 1370
2019-01-25 12:33:44,658 - INFO - fastread - 67, 1380
2019-01-25 12:33:44,666 - INFO - fastread - 67, 1390
2019-01-25 12:33:44,668 - INFO - fastread - 67, 1400
2019-01-25 12:33:44,668 - INFO - fastread - 67, 1410
2019-01-25 12:33:44,668 - INFO - fastread - 67, 1420
2019-01-25 12:33:44,676 - INFO - fastread - 67, 1430
2019-01-25 12:33:44,678 - INFO - fastread - 67, 1440
2019-01-25 12:33:44,678 - INFO - fastread - 67, 1450
2019-01-25 12:33:44,678 - INFO - fastread - 68, 1460
2019-01-25 12:33:44,686 - INFO - fastread - 68, 1470
2019-01-25 12:33:44,688 - INFO - fastread - 68, 1480
2019-01-25 12:33:44,688 - INFO - fastread - 68, 1490
2019-01-25 12:33:44,688 - INFO - fastread - 68, 1500
2019-01-25 12:33:44,698 - INFO - fastread - 68, 1510
2019-01-25 12:33:44,698 - INFO - fastread - 68, 1520
2019-01-25 12:33:44,698 - INFO - fastread - 68, 1530
2019-01-25 12:33:44,706 - INFO - fastread - 68, 1540
2019-01-25 12:33:44,708 - INFO - fastread - 68, 1550
2019-01-25 12:33:44,708 - INFO - fastread - 68, 1560
2019-01-25 12:33:44,708 - INFO - fastread - 68, 1570
2019-01-25 12:33:44,716 - INFO - fastread - 68, 1580
2019-01-25 12:33:44,718 - INFO - fastread - 68, 1590
2019-01-25 12:33:44,718 - INFO - fastread - 68, 1600
2019-01-25 12:33:44,718 - INFO - fastread - 68, 1610
2019-01-25 12:33:44,726 - INFO - fastread - 68, 1620
2019-01-25 12:33:44,728 - INFO - fastread - 68, 1630
2019-01-25 12:33:44,728 - INFO - fastread - 68, 1640
2019-01-25 12:33:44,728 - INFO - fastread - 69, 1650
2019-01-25 12:33:44,736 - INFO - fastread - 69, 1660
2019-01-25 12:33:44,739 - INFO - fastread - 69, 1670
2019-01-25 12:33:44,739 - INFO - fastread - 69, 1680
2019-01-25 12:33:44,739 - INFO - fastread - 69, 1690
2019-01-25 12:33:44,747 - INFO - fastread - 69, 1700
2019-01-25 12:33:44,749 - INFO - fastread - 69, 1710
2019-01-25 12:33:44,749 - INFO - fastread - 69, 1720
2019-01-25 12:33:44,749 - INFO - fastread - 69, 1730
2019-01-25 12:33:44,759 - INFO - fastread - 69, 1740
2019-01-25 12:33:44,759 - INFO - fastread - 69, 1750
2019-01-25 12:33:44,759 - INFO - fastread - 69, 1760
2019-01-25 12:33:44,767 - INFO - fastread - 70, 1770
2019-01-25 12:33:44,769 - INFO - fastread - 71, 1780
2019-01-25 12:33:44,769 - INFO - fastread - 71, 1790
2019-01-25 12:33:44,769 - INFO - fastread - 71, 1800
2019-01-25 12:33:44,777 - INFO - fastread - 71, 1810
2019-01-25 12:33:44,779 - INFO - fastread - 71, 1820
2019-01-25 12:33:44,779 - INFO - fastread - 71, 1830
2019-01-25 12:33:44,779 - INFO - fastread - 71, 1840
2019-01-25 12:33:44,787 - INFO - fastread - 71, 1850
2019-01-25 12:33:44,789 - INFO - fastread - 71, 1860
2019-01-25 12:33:44,789 - INFO - fastread - 71, 1870
2019-01-25 12:33:44,789 - INFO - fastread - 71, 1880
2019-01-25 12:33:44,799 - INFO - fastread - 71, 1890
2019-01-25 12:33:44,799 - INFO - fastread - 71, 1900
2019-01-25 12:33:44,799 - INFO - fastread - 71, 1910
2019-01-25 12:33:44,807 - INFO - fastread - 73, 1920
2019-01-25 12:33:44,809 - INFO - fastread - 73, 1930
2019-01-25 12:33:44,809 - INFO - fastread - 73, 1940
2019-01-25 12:33:44,809 - INFO - fastread - 73, 1950
2019-01-25 12:33:44,817 - INFO - fastread - 73, 1960
2019-01-25 12:33:44,819 - INFO - fastread - 73, 1970
2019-01-25 12:33:44,819 - INFO - fastread - 73, 1980
2019-01-25 12:33:44,819 - INFO - fastread - 73, 1990
2019-01-25 12:33:44,830 - INFO - fastread - 73, 2000
2019-01-25 12:33:44,830 - INFO - fastread - 73, 2010
2019-01-25 12:33:44,830 - INFO - fastread - 73, 2020
2019-01-25 12:33:44,838 - INFO - fastread - 73, 2030
2019-01-25 12:33:44,840 - INFO - fastread - 73, 2040
2019-01-25 12:33:44,848 - INFO - fastread - 73, 2050
2019-01-25 12:33:44,850 - INFO - fastread - 73, 2060
2019-01-25 12:33:44,850 - INFO - fastread - 73, 2070
2019-01-25 12:33:44,860 - INFO - fastread - 73, 2080
2019-01-25 12:33:44,860 - INFO - fastread - 73, 2090
2019-01-25 12:33:44,860 - INFO - fastread - 73, 2100
2019-01-25 12:33:44,868 - INFO - fastread - 73, 2110
2019-01-25 12:33:44,870 - INFO - fastread - 73, 2120
2019-01-25 12:33:44,870 - INFO - fastread - 73, 2130
2019-01-25 12:33:44,870 - INFO - fastread - 73, 2140
2019-01-25 12:33:44,878 - INFO - fastread - 73, 2150
2019-01-25 12:33:44,880 - INFO - fastread - 73, 2160
2019-01-25 12:33:44,888 - INFO - fastread - 74, 2170
2019-01-25 12:33:44,890 - INFO - fastread - 74, 2180
2019-01-25 12:33:44,890 - INFO - fastread - 74, 2190
2019-01-25 12:33:44,900 - INFO - fastread - 75, 2200
2019-01-25 12:33:44,900 - INFO - fastread - 75, 2210
2019-01-25 12:33:44,900 - INFO - fastread - 75, 2220
2019-01-25 12:33:44,908 - INFO - fastread - 75, 2230
2019-01-25 12:33:44,910 - INFO - fastread - 75, 2240
2019-01-25 12:33:44,910 - INFO - fastread - 75, 2250
2019-01-25 12:33:44,910 - INFO - fastread - 75, 2260
2019-01-25 12:33:44,918 - INFO - fastread - 75, 2270
2019-01-25 12:33:44,920 - INFO - fastread - 75, 2280
2019-01-25 12:33:44,920 - INFO - fastread - 75, 2290
2019-01-25 12:33:44,920 - INFO - fastread - 76, 2300
2019-01-25 12:33:44,931 - INFO - fastread - 76, 2310
2019-01-25 12:33:44,931 - INFO - fastread - 76, 2320
2019-01-25 12:33:44,931 - INFO - fastread - 76, 2330
2019-01-25 12:33:44,939 - INFO - fastread - 76, 2340
2019-01-25 12:33:44,941 - INFO - fastread - 76, 2350
2019-01-25 12:33:44,941 - INFO - fastread - 76, 2360
2019-01-25 12:33:44,941 - INFO - fastread - 76, 2370
2019-01-25 12:33:44,949 - INFO - fastread - 76, 2380
2019-01-25 12:33:44,951 - INFO - fastread - 77, 2390
2019-01-25 12:33:44,951 - INFO - fastread - 77, 2400
2019-01-25 12:33:44,951 - INFO - fastread - 77, 2410
2019-01-25 12:33:44,959 - INFO - fastread - 77, 2420
2019-01-25 12:33:44,961 - INFO - fastread - 77, 2430
2019-01-25 12:33:44,961 - INFO - fastread - 77, 2440
2019-01-25 12:33:44,961 - INFO - fastread - 79, 2450
2019-01-25 12:33:44,971 - INFO - fastread - 79, 2460
2019-01-25 12:33:44,971 - INFO - fastread - 79, 2470
2019-01-25 12:33:44,971 - INFO - fastread - 80, 2480
2019-01-25 12:33:44,979 - INFO - fastread - 80, 2490
2019-01-25 12:33:44,981 - INFO - fastread - 80, 2500
2019-01-25 12:33:44,981 - INFO - fastread - 80, 2510
2019-01-25 12:33:44,981 - INFO - fastread - 80, 2520
2019-01-25 12:33:44,989 - INFO - fastread - 80, 2530
2019-01-25 12:33:44,991 - INFO - fastread - 80, 2540
2019-01-25 12:33:44,991 - INFO - fastread - 80, 2550
2019-01-25 12:33:44,991 - INFO - fastread - 80, 2560
2019-01-25 12:33:45,001 - INFO - fastread - 81, 2570
2019-01-25 12:33:45,001 - INFO - fastread - 82, 2580
2019-01-25 12:33:45,009 - INFO - fastread - 82, 2590
2019-01-25 12:33:45,011 - INFO - fastread - 82, 2600
2019-01-25 12:33:45,011 - INFO - fastread - 82, 2610
2019-01-25 12:33:45,011 - INFO - fastread - 82, 2620
2019-01-25 12:33:45,021 - INFO - fastread - 82, 2630
2019-01-25 12:33:45,021 - INFO - fastread - 82, 2640
2019-01-25 12:33:45,031 - INFO - fastread - 82, 2650
2019-01-25 12:33:45,031 - INFO - fastread - 82, 2660
2019-01-25 12:33:45,031 - INFO - fastread - 82, 2670
2019-01-25 12:33:45,040 - INFO - fastread - 82, 2680
2019-01-25 12:33:45,042 - INFO - fastread - 82, 2690
2019-01-25 12:33:45,042 - INFO - fastread - 83, 2700
2019-01-25 12:33:45,042 - INFO - fastread - 83, 2710
2019-01-25 12:33:45,050 - INFO - fastread - 83, 2720
2019-01-25 12:33:45,052 - INFO - fastread - 83, 2730
2019-01-25 12:33:45,052 - INFO - fastread - 83, 2740
2019-01-25 12:33:45,052 - INFO - fastread - 84, 2750
2019-01-25 12:33:45,060 - INFO - fastread - 84, 2760
2019-01-25 12:33:45,062 - INFO - fastread - 84, 2770
2019-01-25 12:33:45,062 - INFO - fastread - 84, 2780
2019-01-25 12:33:45,062 - INFO - fastread - 84, 2790
2019-01-25 12:33:45,072 - INFO - fastread - 84, 2800
2019-01-25 12:33:45,072 - INFO - fastread - 85, 2810
2019-01-25 12:33:45,072 - INFO - fastread - 85, 2820
2019-01-25 12:33:45,080 - INFO - fastread - 85, 2830
2019-01-25 12:33:45,082 - INFO - fastread - 85, 2840
2019-01-25 12:33:45,082 - INFO - fastread - 86, 2850
2019-01-25 12:33:45,082 - INFO - fastread - 86, 2860
2019-01-25 12:33:45,090 - INFO - fastread - 86, 2870
2019-01-25 12:33:45,092 - INFO - fastread - 86, 2880
2019-01-25 12:33:45,092 - INFO - fastread - 86, 2890
2019-01-25 12:33:45,092 - INFO - fastread - 86, 2900
2019-01-25 12:33:45,100 - INFO - fastread - 86, 2910
2019-01-25 12:33:45,102 - INFO - fastread - 86, 2920
2019-01-25 12:33:45,102 - INFO - fastread - 86, 2930
2019-01-25 12:33:45,102 - INFO - fastread - 86, 2940
2019-01-25 12:33:45,110 - INFO - fastread - 87, 2950
2019-01-25 12:33:45,112 - INFO - fastread - 87, 2960
2019-01-25 12:33:45,112 - INFO - fastread - 88, 2970
2019-01-25 12:33:45,112 - INFO - fastread - 88, 2980
2019-01-25 12:33:45,122 - INFO - fastread - 88, 2990
2019-01-25 12:33:45,122 - INFO - fastread - 88, 3000
2019-01-25 12:33:45,132 - INFO - fastread - 88, 3010
2019-01-25 12:33:45,132 - INFO - fastread - 88, 3020
2019-01-25 12:33:45,140 - INFO - fastread - 88, 3030
2019-01-25 12:33:45,143 - INFO - fastread - 88, 3040
2019-01-25 12:33:45,143 - INFO - fastread - 88, 3050
2019-01-25 12:33:45,143 - INFO - fastread - 88, 3060
2019-01-25 12:33:45,151 - INFO - fastread - 88, 3070
2019-01-25 12:33:45,153 - INFO - fastread - 88, 3080
2019-01-25 12:33:45,153 - INFO - fastread - 88, 3090
2019-01-25 12:33:45,153 - INFO - fastread - 88, 3100
2019-01-25 12:33:45,162 - INFO - fastread - 88, 3110
2019-01-25 12:33:45,165 - INFO - fastread - 89, 3120
2019-01-25 12:33:45,168 - INFO - fastread - 89, 3130
2019-01-25 12:33:45,170 - INFO - fastread - 89, 3140
2019-01-25 12:33:45,173 - INFO - fastread - 89, 3150
2019-01-25 12:33:45,176 - INFO - fastread - 89, 3160
2019-01-25 12:33:45,178 - INFO - fastread - 89, 3170
2019-01-25 12:33:45,181 - INFO - fastread - 89, 3180
2019-01-25 12:33:45,184 - INFO - fastread - 89, 3190
2019-01-25 12:33:45,184 - INFO - fastread - 89, 3200
2019-01-25 12:33:45,191 - INFO - fastread - 90, 3210
2019-01-25 12:33:45,193 - INFO - fastread - 90, 3220
2019-01-25 12:33:45,193 - INFO - fastread - 91, 3230
2019-01-25 12:33:45,193 - INFO - fastread - 91, 3240
2019-01-25 12:33:45,201 - INFO - fastread - 91, 3250
2019-01-25 12:33:45,203 - INFO - fastread - 91, 3260
2019-01-25 12:33:45,203 - INFO - fastread - 91, 3270
2019-01-25 12:33:45,203 - INFO - fastread - 91, 3280
2019-01-25 12:33:45,211 - INFO - fastread - 91, 3290
2019-01-25 12:33:45,213 - INFO - fastread - 91, 3300
2019-01-25 12:33:45,213 - INFO - fastread - 92, 3310
2019-01-25 12:33:45,213 - INFO - fastread - 92, 3320
2019-01-25 12:33:45,223 - INFO - fastread - 92, 3330
2019-01-25 12:33:45,223 - INFO - fastread - 92, 3340
2019-01-25 12:33:45,223 - INFO - fastread - 92, 3350
2019-01-25 12:33:45,231 - INFO - fastread - 92, 3360
2019-01-25 12:33:45,233 - INFO - fastread - 92, 3370
2019-01-25 12:33:45,233 - INFO - fastread - 92, 3380
2019-01-25 12:33:45,233 - INFO - fastread - 92, 3390
2019-01-25 12:33:45,243 - INFO - fastread - 92, 3400
2019-01-25 12:33:45,243 - INFO - fastread - 92, 3410
2019-01-25 12:33:45,243 - INFO - fastread - 92, 3420
2019-01-25 12:33:45,251 - INFO - fastread - 92, 3430
2019-01-25 12:33:45,253 - INFO - fastread - 92, 3440
2019-01-25 12:33:45,253 - INFO - fastread - 92, 3450
2019-01-25 12:33:45,253 - INFO - fastread - 93, 3460
2019-01-25 12:33:45,264 - INFO - fastread - 93, 3470
2019-01-25 12:33:45,264 - INFO - fastread - 93, 3480
2019-01-25 12:33:45,264 - INFO - fastread - 93, 3490
2019-01-25 12:33:45,272 - INFO - fastread - 93, 3500
2019-01-25 12:33:45,274 - INFO - fastread - 93, 3510
2019-01-25 12:33:45,274 - INFO - fastread - 93, 3520
2019-01-25 12:33:45,274 - INFO - fastread - 93, 3530
2019-01-25 12:33:45,282 - INFO - fastread - 94, 3540
2019-01-25 12:33:45,284 - INFO - fastread - 94, 3550
2019-01-25 12:33:45,292 - INFO - fastread - 94, 3560
2019-01-25 12:33:45,294 - INFO - fastread - 94, 3570
2019-01-25 12:33:45,294 - INFO - fastread - 94, 3580
2019-01-25 12:33:45,294 - INFO - fastread - 94, 3590
2019-01-25 12:33:45,302 - INFO - fastread - 94, 3600
2019-01-25 12:33:45,304 - INFO - fastread - 94, 3610
2019-01-25 12:33:45,304 - INFO - fastread - 95, 3620
2019-01-25 12:33:45,304 - INFO - fastread - 95, 3630
2019-01-25 12:33:45,314 - INFO - fastread - 95, 3640
2019-01-25 12:33:45,314 - INFO - fastread - 95, 3650
2019-01-25 12:33:45,314 - INFO - fastread - 95, 3660
2019-01-25 12:33:45,322 - INFO - fastread - 95, 3670
2019-01-25 12:33:45,324 - INFO - fastread - 95, 3680
2019-01-25 12:33:45,324 - INFO - fastread - 96, 3690
2019-01-25 12:33:45,324 - INFO - fastread - 96, 3700
2019-01-25 12:33:45,332 - INFO - fastread - 97, 3710
2019-01-25 12:33:45,334 - INFO - fastread - 97, 3720
2019-01-25 12:33:45,334 - INFO - fastread - 98, 3730
2019-01-25 12:33:45,334 - INFO - fastread - 98, 3740
2019-01-25 12:33:45,342 - INFO - fastread - 98, 3750
2019-01-25 12:33:45,345 - INFO - fastread - 98, 3760
2019-01-25 12:33:45,345 - INFO - fastread - 98, 3770
2019-01-25 12:33:45,345 - INFO - fastread - 98, 3780
2019-01-25 12:33:45,353 - INFO - fastread - 98, 3790
2019-01-25 12:33:45,355 - INFO - fastread - 98, 3800
2019-01-25 12:33:45,355 - INFO - fastread - 98, 3810
2019-01-25 12:33:45,355 - INFO - fastread - 98, 3820
2019-01-25 12:33:45,365 - INFO - fastread - 98, 3830
2019-01-25 12:33:45,365 - INFO - fastread - 98, 3840
2019-01-25 12:33:45,365 - INFO - fastread - 98, 3850
2019-01-25 12:33:45,373 - INFO - fastread - 98, 3860
2019-01-25 12:33:45,375 - INFO - fastread - 98, 3870
2019-01-25 12:33:45,375 - INFO - fastread - 98, 3880
2019-01-25 12:33:45,375 - INFO - fastread - 98, 3890
2019-01-25 12:33:45,383 - INFO - fastread - 98, 3900
2019-01-25 12:33:45,385 - INFO - fastread - 98, 3910
2019-01-25 12:33:45,385 - INFO - fastread - 98, 3920
2019-01-25 12:33:45,385 - INFO - fastread - 98, 3930
2019-01-25 12:33:45,393 - INFO - fastread - 99, 3940
