2019-01-25 12:18:19,581 - INFO - rig - hibernate-distribution-3.3.2.GA
2019-01-25 12:18:30,347 - INFO - rig - ++++NEW CLF++++ FASTREAD
2019-01-25 12:18:30,347 - INFO - fastread - Total Yes: 472 | Total No: 2496
2019-01-25 12:18:30,741 - INFO - fastread - 0, 0
2019-01-25 12:18:54,467 - INFO - fastread - 138, 144
2019-01-25 12:18:56,705 - INFO - fastread - 139, 154
2019-01-25 12:18:58,828 - INFO - fastread - 149, 164
2019-01-25 12:19:01,171 - INFO - fastread - 157, 174
2019-01-25 12:19:03,249 - INFO - fastread - 167, 184
2019-01-25 12:19:06,308 - INFO - fastread - 175, 194
2019-01-25 12:19:08,349 - INFO - fastread - 185, 204
2019-01-25 12:19:10,903 - INFO - fastread - 195, 214
2019-01-25 12:19:13,006 - INFO - fastread - 204, 224
2019-01-25 12:19:15,118 - INFO - fastread - 214, 234
2019-01-25 12:19:17,452 - INFO - fastread - 223, 244
2019-01-25 12:19:19,646 - INFO - fastread - 230, 254
2019-01-25 12:19:21,891 - INFO - fastread - 238, 264
2019-01-25 12:19:24,112 - INFO - fastread - 247, 274
2019-01-25 12:19:26,412 - INFO - fastread - 252, 284
2019-01-25 12:19:28,811 - INFO - fastread - 260, 294
2019-01-25 12:19:31,398 - INFO - fastread - 269, 304
2019-01-25 12:19:33,813 - INFO - fastread - 275, 314
2019-01-25 12:19:36,371 - INFO - fastread - 281, 324
2019-01-25 12:19:38,725 - INFO - fastread - 290, 334
2019-01-25 12:19:40,998 - INFO - fastread - 299, 344
2019-01-25 12:19:43,363 - INFO - fastread - 307, 354
2019-01-25 12:19:46,424 - INFO - fastread - 314, 364
2019-01-25 12:19:49,062 - INFO - fastread - 319, 374
2019-01-25 12:19:51,771 - INFO - fastread - 323, 384
2019-01-25 12:19:54,662 - INFO - fastread - 332, 394
2019-01-25 12:19:57,944 - INFO - fastread - 340, 404
2019-01-25 12:20:01,463 - INFO - fastread - 343, 414
2019-01-25 12:20:04,869 - INFO - fastread - 349, 424
2019-01-25 12:20:08,161 - INFO - fastread - 352, 434
2019-01-25 12:20:11,440 - INFO - fastread - 360, 444
2019-01-25 12:20:14,149 - INFO - fastread - 366, 454
2019-01-25 12:20:16,746 - INFO - fastread - 367, 464
2019-01-25 12:20:19,575 - INFO - fastread - 369, 474
2019-01-25 12:20:22,233 - INFO - fastread - 369, 484
2019-01-25 12:20:25,446 - INFO - fastread - 372, 494
2019-01-25 12:20:28,451 - INFO - fastread - 375, 504
2019-01-25 12:20:31,237 - INFO - fastread - 382, 514
2019-01-25 12:20:33,996 - INFO - fastread - 385, 524
2019-01-25 12:20:36,671 - INFO - fastread - 390, 534
2019-01-25 12:20:39,461 - INFO - fastread - 390, 544
2019-01-25 12:20:42,423 - INFO - fastread - 392, 554
2019-01-25 12:20:45,499 - INFO - fastread - 393, 564
2019-01-25 12:20:48,568 - INFO - fastread - 393, 574
2019-01-25 12:20:51,348 - INFO - fastread - 395, 584
2019-01-25 12:20:54,418 - INFO - fastread - 397, 594
2019-01-25 12:20:57,619 - INFO - fastread - 397, 604
2019-01-25 12:21:00,617 - INFO - fastread - 400, 614
2019-01-25 12:21:03,458 - INFO - fastread - 403, 624
2019-01-25 12:21:06,305 - INFO - fastread - 406, 634
2019-01-25 12:21:09,949 - INFO - fastread - 406, 644
2019-01-25 12:21:13,940 - INFO - fastread - 407, 654
2019-01-25 12:21:17,197 - INFO - fastread - 409, 664
2019-01-25 12:21:20,668 - INFO - fastread - 411, 674
2019-01-25 12:21:24,076 - INFO - fastread - 412, 684
2019-01-25 12:21:27,920 - INFO - fastread - 415, 694
2019-01-25 12:21:31,523 - INFO - fastread - 415, 704
2019-01-25 12:21:35,556 - INFO - fastread - 417, 714
2019-01-25 12:21:39,470 - INFO - fastread - 417, 724
2019-01-25 12:21:43,392 - INFO - fastread - 417, 734
2019-01-25 12:21:46,712 - INFO - fastread - 417, 744
2019-01-25 12:21:49,659 - INFO - fastread - 418, 754
2019-01-25 12:21:52,698 - INFO - fastread - 418, 764
2019-01-25 12:21:55,930 - INFO - fastread - 421, 774
2019-01-25 12:21:58,952 - INFO - fastread - 423, 784
2019-01-25 12:22:02,033 - INFO - fastread - 427, 794
2019-01-25 12:22:06,487 - INFO - fastread - 427, 804
2019-01-25 12:22:10,381 - INFO - fastread - 428, 814
2019-01-25 12:22:13,988 - INFO - fastread - 428, 824
2019-01-25 12:22:18,658 - INFO - fastread - 430, 834
2019-01-25 12:22:22,824 - INFO - fastread - 430, 844
2019-01-25 12:22:28,224 - INFO - fastread - 432, 854
2019-01-25 12:22:32,360 - INFO - fastread - 432, 864
2019-01-25 12:22:36,900 - INFO - fastread - 432, 874
2019-01-25 12:22:40,988 - INFO - fastread - 434, 884
2019-01-25 12:22:44,510 - INFO - fastread - 434, 894
2019-01-25 12:22:48,065 - INFO - fastread - 434, 904
2019-01-25 12:22:51,176 - INFO - fastread - 434, 914
2019-01-25 12:22:54,336 - INFO - fastread - 434, 924
2019-01-25 12:22:57,547 - INFO - fastread - 435, 934
2019-01-25 12:23:01,051 - INFO - fastread - 435, 944
2019-01-25 12:23:04,254 - INFO - fastread - 435, 954
2019-01-25 12:23:07,587 - INFO - fastread - 435, 964
2019-01-25 12:23:10,879 - INFO - fastread - 438, 974
2019-01-25 12:23:14,466 - INFO - fastread - 439, 984
2019-01-25 12:23:17,850 - INFO - fastread - 439, 994
2019-01-25 12:23:21,385 - INFO - fastread - 439, 1004
2019-01-25 12:23:24,888 - INFO - fastread - 440, 1014
2019-01-25 12:23:28,323 - INFO - fastread - 443, 1024
2019-01-25 12:23:31,864 - INFO - fastread - 443, 1034
2019-01-25 12:23:35,561 - INFO - fastread - 446, 1044
2019-01-25 12:23:39,117 - INFO - fastread - 447, 1054
2019-01-25 12:23:42,655 - INFO - fastread - 447, 1064
2019-01-25 12:23:46,261 - INFO - fastread - 447, 1074
2019-01-25 12:23:49,977 - INFO - fastread - 447, 1084
2019-01-25 12:23:53,904 - INFO - fastread - 447, 1094
2019-01-25 12:23:57,712 - INFO - fastread - 448, 1104
2019-01-25 12:24:00,257 - INFO - rig - ++++NEW CLF++++ NBM
2019-01-25 12:24:00,265 - INFO - fastread - Total Yes: 472 | Total No: 2496
2019-01-25 12:24:00,409 - INFO - fastread - 10, 10
2019-01-25 12:24:00,409 - INFO - fastread - 12, 20
2019-01-25 12:24:00,419 - INFO - fastread - 21, 30
2019-01-25 12:24:00,419 - INFO - fastread - 31, 40
2019-01-25 12:24:00,429 - INFO - fastread - 40, 50
2019-01-25 12:24:00,437 - INFO - fastread - 48, 60
2019-01-25 12:24:00,439 - INFO - fastread - 56, 70
2019-01-25 12:24:00,447 - INFO - fastread - 64, 80
2019-01-25 12:24:00,449 - INFO - fastread - 72, 90
2019-01-25 12:24:00,457 - INFO - fastread - 77, 100
2019-01-25 12:24:00,459 - INFO - fastread - 78, 110
2019-01-25 12:24:00,467 - INFO - fastread - 84, 120
2019-01-25 12:24:00,469 - INFO - fastread - 90, 130
2019-01-25 12:24:00,469 - INFO - fastread - 95, 140
2019-01-25 12:24:00,479 - INFO - fastread - 101, 150
2019-01-25 12:24:00,489 - INFO - fastread - 106, 160
2019-01-25 12:24:00,489 - INFO - fastread - 110, 170
2019-01-25 12:24:00,499 - INFO - fastread - 117, 180
2019-01-25 12:24:00,499 - INFO - fastread - 124, 190
2019-01-25 12:24:00,510 - INFO - fastread - 132, 200
2019-01-25 12:24:00,518 - INFO - fastread - 135, 210
2019-01-25 12:24:00,520 - INFO - fastread - 142, 220
2019-01-25 12:24:00,528 - INFO - fastread - 143, 230
2019-01-25 12:24:00,530 - INFO - fastread - 145, 240
2019-01-25 12:24:00,538 - INFO - fastread - 151, 250
2019-01-25 12:24:00,540 - INFO - fastread - 158, 260
2019-01-25 12:24:00,548 - INFO - fastread - 159, 270
2019-01-25 12:24:00,550 - INFO - fastread - 159, 280
2019-01-25 12:24:00,560 - INFO - fastread - 159, 290
2019-01-25 12:24:00,560 - INFO - fastread - 164, 300
2019-01-25 12:24:00,570 - INFO - fastread - 168, 310
2019-01-25 12:24:00,570 - INFO - fastread - 170, 320
2019-01-25 12:24:00,580 - INFO - fastread - 177, 330
2019-01-25 12:24:00,580 - INFO - fastread - 182, 340
2019-01-25 12:24:00,590 - INFO - fastread - 186, 350
2019-01-25 12:24:00,590 - INFO - fastread - 190, 360
2019-01-25 12:24:00,601 - INFO - fastread - 191, 370
2019-01-25 12:24:00,601 - INFO - fastread - 194, 380
2019-01-25 12:24:00,611 - INFO - fastread - 197, 390
2019-01-25 12:24:00,611 - INFO - fastread - 202, 400
2019-01-25 12:24:00,621 - INFO - fastread - 203, 410
2019-01-25 12:24:00,621 - INFO - fastread - 209, 420
2019-01-25 12:24:00,631 - INFO - fastread - 210, 430
2019-01-25 12:24:00,631 - INFO - fastread - 212, 440
2019-01-25 12:24:00,641 - INFO - fastread - 213, 450
2019-01-25 12:24:00,649 - INFO - fastread - 214, 460
2019-01-25 12:24:00,651 - INFO - fastread - 217, 470
2019-01-25 12:24:00,659 - INFO - fastread - 219, 480
2019-01-25 12:24:00,661 - INFO - fastread - 222, 490
2019-01-25 12:24:00,671 - INFO - fastread - 223, 500
2019-01-25 12:24:00,671 - INFO - fastread - 223, 510
2019-01-25 12:24:00,679 - INFO - fastread - 226, 520
2019-01-25 12:24:00,681 - INFO - fastread - 228, 530
2019-01-25 12:24:00,681 - INFO - fastread - 231, 540
2019-01-25 12:24:00,689 - INFO - fastread - 233, 550
2019-01-25 12:24:00,691 - INFO - fastread - 236, 560
2019-01-25 12:24:00,691 - INFO - fastread - 237, 570
2019-01-25 12:24:00,702 - INFO - fastread - 240, 580
2019-01-25 12:24:00,702 - INFO - fastread - 241, 590
2019-01-25 12:24:00,712 - INFO - fastread - 242, 600
2019-01-25 12:24:00,712 - INFO - fastread - 242, 610
2019-01-25 12:24:00,722 - INFO - fastread - 242, 620
2019-01-25 12:24:00,722 - INFO - fastread - 242, 630
2019-01-25 12:24:00,732 - INFO - fastread - 243, 640
2019-01-25 12:24:00,732 - INFO - fastread - 245, 650
2019-01-25 12:24:00,742 - INFO - fastread - 246, 660
2019-01-25 12:24:00,742 - INFO - fastread - 248, 670
2019-01-25 12:24:00,742 - INFO - fastread - 249, 680
2019-01-25 12:24:00,752 - INFO - fastread - 251, 690
2019-01-25 12:24:00,752 - INFO - fastread - 253, 700
2019-01-25 12:24:00,752 - INFO - fastread - 253, 710
2019-01-25 12:24:00,762 - INFO - fastread - 256, 720
2019-01-25 12:24:00,762 - INFO - fastread - 257, 730
2019-01-25 12:24:00,772 - INFO - fastread - 259, 740
2019-01-25 12:24:00,772 - INFO - fastread - 261, 750
2019-01-25 12:24:00,782 - INFO - fastread - 263, 760
2019-01-25 12:24:00,782 - INFO - fastread - 268, 770
2019-01-25 12:24:00,792 - INFO - fastread - 269, 780
2019-01-25 12:24:00,792 - INFO - fastread - 270, 790
2019-01-25 12:24:00,802 - INFO - fastread - 270, 800
2019-01-25 12:24:00,802 - INFO - fastread - 272, 810
2019-01-25 12:24:00,812 - INFO - fastread - 272, 820
2019-01-25 12:24:00,812 - INFO - fastread - 272, 830
2019-01-25 12:24:00,823 - INFO - fastread - 275, 840
2019-01-25 12:24:00,831 - INFO - fastread - 277, 850
2019-01-25 12:24:00,833 - INFO - fastread - 280, 860
2019-01-25 12:24:00,843 - INFO - fastread - 282, 870
2019-01-25 12:24:00,843 - INFO - fastread - 287, 880
2019-01-25 12:24:00,853 - INFO - fastread - 289, 890
2019-01-25 12:24:00,853 - INFO - fastread - 290, 900
2019-01-25 12:24:00,863 - INFO - fastread - 291, 910
2019-01-25 12:24:00,871 - INFO - fastread - 292, 920
2019-01-25 12:24:00,873 - INFO - fastread - 293, 930
2019-01-25 12:24:00,881 - INFO - fastread - 294, 940
2019-01-25 12:24:00,883 - INFO - fastread - 294, 950
2019-01-25 12:24:00,893 - INFO - fastread - 297, 960
2019-01-25 12:24:00,893 - INFO - fastread - 297, 970
2019-01-25 12:24:00,903 - INFO - fastread - 300, 980
2019-01-25 12:24:00,903 - INFO - fastread - 300, 990
2019-01-25 12:24:00,913 - INFO - fastread - 301, 1000
2019-01-25 12:24:00,913 - INFO - fastread - 304, 1010
2019-01-25 12:24:00,925 - INFO - fastread - 307, 1020
2019-01-25 12:24:00,930 - INFO - fastread - 308, 1030
2019-01-25 12:24:00,936 - INFO - fastread - 309, 1040
2019-01-25 12:24:00,941 - INFO - fastread - 309, 1050
2019-01-25 12:24:00,945 - INFO - fastread - 313, 1060
2019-01-25 12:24:00,945 - INFO - fastread - 313, 1070
2019-01-25 12:24:00,951 - INFO - fastread - 315, 1080
2019-01-25 12:24:00,953 - INFO - fastread - 315, 1090
2019-01-25 12:24:00,953 - INFO - fastread - 319, 1100
2019-01-25 12:24:00,962 - INFO - fastread - 320, 1110
2019-01-25 12:24:00,964 - INFO - fastread - 320, 1120
2019-01-25 12:24:00,974 - INFO - fastread - 323, 1130
2019-01-25 12:24:00,974 - INFO - fastread - 324, 1140
2019-01-25 12:24:00,984 - INFO - fastread - 325, 1150
2019-01-25 12:24:00,992 - INFO - fastread - 327, 1160
2019-01-25 12:24:00,994 - INFO - fastread - 329, 1170
2019-01-25 12:24:00,994 - INFO - fastread - 332, 1180
2019-01-25 12:24:01,002 - INFO - fastread - 335, 1190
2019-01-25 12:24:01,004 - INFO - fastread - 343, 1200
2019-01-25 12:24:01,014 - INFO - fastread - 343, 1210
2019-01-25 12:24:01,014 - INFO - fastread - 345, 1220
2019-01-25 12:24:01,024 - INFO - fastread - 349, 1230
2019-01-25 12:24:01,024 - INFO - fastread - 349, 1240
2019-01-25 12:24:01,034 - INFO - fastread - 349, 1250
2019-01-25 12:24:01,042 - INFO - fastread - 349, 1260
2019-01-25 12:24:01,044 - INFO - fastread - 349, 1270
2019-01-25 12:24:01,052 - INFO - fastread - 349, 1280
2019-01-25 12:24:01,054 - INFO - fastread - 352, 1290
2019-01-25 12:24:01,065 - INFO - fastread - 352, 1300
2019-01-25 12:24:01,065 - INFO - fastread - 353, 1310
2019-01-25 12:24:01,075 - INFO - fastread - 355, 1320
2019-01-25 12:24:01,083 - INFO - fastread - 357, 1330
2019-01-25 12:24:01,085 - INFO - fastread - 361, 1340
2019-01-25 12:24:01,095 - INFO - fastread - 361, 1350
2019-01-25 12:24:01,095 - INFO - fastread - 361, 1360
2019-01-25 12:24:01,105 - INFO - fastread - 361, 1370
2019-01-25 12:24:01,105 - INFO - fastread - 362, 1380
2019-01-25 12:24:01,115 - INFO - fastread - 362, 1390
2019-01-25 12:24:01,115 - INFO - fastread - 362, 1400
2019-01-25 12:24:01,126 - INFO - fastread - 362, 1410
2019-01-25 12:24:01,136 - INFO - fastread - 364, 1420
2019-01-25 12:24:01,136 - INFO - fastread - 364, 1430
2019-01-25 12:24:01,146 - INFO - fastread - 366, 1440
2019-01-25 12:24:01,146 - INFO - fastread - 366, 1450
2019-01-25 12:24:01,154 - INFO - fastread - 368, 1460
2019-01-25 12:24:01,156 - INFO - fastread - 371, 1470
2019-01-25 12:24:01,156 - INFO - fastread - 375, 1480
2019-01-25 12:24:01,166 - INFO - fastread - 377, 1490
2019-01-25 12:24:01,166 - INFO - fastread - 377, 1500
2019-01-25 12:24:01,176 - INFO - fastread - 379, 1510
2019-01-25 12:24:01,176 - INFO - fastread - 379, 1520
2019-01-25 12:24:01,186 - INFO - fastread - 380, 1530
2019-01-25 12:24:01,194 - INFO - fastread - 382, 1540
2019-01-25 12:24:01,196 - INFO - fastread - 382, 1550
2019-01-25 12:24:01,206 - INFO - fastread - 383, 1560
2019-01-25 12:24:01,206 - INFO - fastread - 385, 1570
2019-01-25 12:24:01,206 - INFO - fastread - 385, 1580
2019-01-25 12:24:01,216 - INFO - fastread - 386, 1590
2019-01-25 12:24:01,224 - INFO - fastread - 388, 1600
2019-01-25 12:24:01,226 - INFO - fastread - 388, 1610
2019-01-25 12:24:01,237 - INFO - fastread - 390, 1620
2019-01-25 12:24:01,237 - INFO - fastread - 392, 1630
2019-01-25 12:24:01,247 - INFO - fastread - 393, 1640
2019-01-25 12:24:01,255 - INFO - fastread - 393, 1650
2019-01-25 12:24:01,257 - INFO - fastread - 393, 1660
2019-01-25 12:24:01,267 - INFO - fastread - 395, 1670
2019-01-25 12:24:01,267 - INFO - fastread - 397, 1680
2019-01-25 12:24:01,277 - INFO - fastread - 399, 1690
2019-01-25 12:24:01,277 - INFO - fastread - 402, 1700
2019-01-25 12:24:01,287 - INFO - fastread - 404, 1710
2019-01-25 12:24:01,297 - INFO - fastread - 406, 1720
2019-01-25 12:24:01,297 - INFO - fastread - 406, 1730
2019-01-25 12:24:01,307 - INFO - fastread - 406, 1740
2019-01-25 12:24:01,307 - INFO - fastread - 406, 1750
2019-01-25 12:24:01,315 - INFO - fastread - 407, 1760
2019-01-25 12:24:01,317 - INFO - fastread - 408, 1770
2019-01-25 12:24:01,317 - INFO - fastread - 408, 1780
2019-01-25 12:24:01,327 - INFO - fastread - 409, 1790
2019-01-25 12:24:01,327 - INFO - fastread - 412, 1800
2019-01-25 12:24:01,336 - INFO - fastread - 412, 1810
2019-01-25 12:24:01,338 - INFO - fastread - 412, 1820
2019-01-25 12:24:01,338 - INFO - fastread - 412, 1830
2019-01-25 12:24:01,348 - INFO - fastread - 412, 1840
2019-01-25 12:24:01,348 - INFO - fastread - 413, 1850
2019-01-25 12:24:01,358 - INFO - fastread - 413, 1860
2019-01-25 12:24:01,366 - INFO - fastread - 414, 1870
2019-01-25 12:24:01,368 - INFO - fastread - 416, 1880
2019-01-25 12:24:01,378 - INFO - fastread - 416, 1890
2019-01-25 12:24:01,378 - INFO - fastread - 418, 1900
2019-01-25 12:24:01,388 - INFO - fastread - 419, 1910
2019-01-25 12:24:01,388 - INFO - fastread - 419, 1920
2019-01-25 12:24:01,398 - INFO - fastread - 419, 1930
2019-01-25 12:24:01,406 - INFO - fastread - 419, 1940
2019-01-25 12:24:01,408 - INFO - fastread - 422, 1950
2019-01-25 12:24:01,418 - INFO - fastread - 422, 1960
2019-01-25 12:24:01,418 - INFO - fastread - 423, 1970
2019-01-25 12:24:01,428 - INFO - fastread - 427, 1980
2019-01-25 12:24:01,436 - INFO - fastread - 428, 1990
2019-01-25 12:24:01,439 - INFO - fastread - 428, 2000
2019-01-25 12:24:01,449 - INFO - fastread - 428, 2010
2019-01-25 12:24:01,449 - INFO - fastread - 429, 2020
2019-01-25 12:24:01,459 - INFO - fastread - 429, 2030
2019-01-25 12:24:01,467 - INFO - fastread - 430, 2040
2019-01-25 12:24:01,469 - INFO - fastread - 430, 2050
2019-01-25 12:24:01,479 - INFO - fastread - 430, 2060
2019-01-25 12:24:01,479 - INFO - fastread - 430, 2070
2019-01-25 12:24:01,489 - INFO - fastread - 430, 2080
2019-01-25 12:24:01,497 - INFO - fastread - 431, 2090
2019-01-25 12:24:01,499 - INFO - fastread - 431, 2100
2019-01-25 12:24:01,507 - INFO - fastread - 431, 2110
2019-01-25 12:24:01,509 - INFO - fastread - 434, 2120
2019-01-25 12:24:01,519 - INFO - fastread - 435, 2130
2019-01-25 12:24:01,519 - INFO - fastread - 435, 2140
2019-01-25 12:24:01,529 - INFO - fastread - 437, 2150
2019-01-25 12:24:01,537 - INFO - fastread - 437, 2160
2019-01-25 12:24:01,540 - INFO - fastread - 437, 2170
2019-01-25 12:24:01,550 - INFO - fastread - 438, 2180
2019-01-25 12:24:01,558 - INFO - fastread - 438, 2190
2019-01-25 12:24:01,560 - INFO - fastread - 438, 2200
2019-01-25 12:24:01,570 - INFO - fastread - 438, 2210
2019-01-25 12:24:01,570 - INFO - fastread - 439, 2220
2019-01-25 12:24:01,570 - INFO - fastread - 441, 2230
2019-01-25 12:24:01,580 - INFO - fastread - 442, 2240
2019-01-25 12:24:01,580 - INFO - fastread - 443, 2250
2019-01-25 12:24:01,590 - INFO - fastread - 444, 2260
2019-01-25 12:24:01,598 - INFO - fastread - 445, 2270
2019-01-25 12:24:01,600 - INFO - fastread - 445, 2280
2019-01-25 12:24:01,610 - INFO - fastread - 445, 2290
2019-01-25 12:24:01,610 - INFO - fastread - 446, 2300
2019-01-25 12:24:01,620 - INFO - fastread - 448, 2310
2019-01-25 12:24:01,628 - INFO - fastread - 449, 2320
2019-01-25 12:24:01,641 - INFO - rig - ++++NEW CLF++++ KNN
2019-01-25 12:24:01,641 - INFO - fastread - Total Yes: 472 | Total No: 2496
2019-01-25 12:24:20,194 - INFO - fastread - 8, 10
2019-01-25 12:24:20,204 - INFO - fastread - 15, 20
2019-01-25 12:24:20,212 - INFO - fastread - 22, 30
2019-01-25 12:24:20,214 - INFO - fastread - 30, 40
2019-01-25 12:24:20,224 - INFO - fastread - 39, 50
2019-01-25 12:24:20,224 - INFO - fastread - 45, 60
2019-01-25 12:24:20,234 - INFO - fastread - 47, 70
2019-01-25 12:24:20,234 - INFO - fastread - 52, 80
2019-01-25 12:24:20,244 - INFO - fastread - 56, 90
2019-01-25 12:24:20,252 - INFO - fastread - 58, 100
2019-01-25 12:24:20,254 - INFO - fastread - 63, 110
2019-01-25 12:24:20,264 - INFO - fastread - 67, 120
2019-01-25 12:24:20,264 - INFO - fastread - 69, 130
2019-01-25 12:24:20,274 - INFO - fastread - 72, 140
2019-01-25 12:24:20,282 - INFO - fastread - 74, 150
2019-01-25 12:24:20,284 - INFO - fastread - 76, 160
2019-01-25 12:24:20,293 - INFO - fastread - 77, 170
2019-01-25 12:24:20,295 - INFO - fastread - 77, 180
2019-01-25 12:24:20,305 - INFO - fastread - 78, 190
2019-01-25 12:24:20,305 - INFO - fastread - 78, 200
2019-01-25 12:24:20,315 - INFO - fastread - 80, 210
2019-01-25 12:24:20,323 - INFO - fastread - 81, 220
2019-01-25 12:24:20,325 - INFO - fastread - 82, 230
2019-01-25 12:24:20,335 - INFO - fastread - 87, 240
2019-01-25 12:24:20,335 - INFO - fastread - 87, 250
2019-01-25 12:24:20,345 - INFO - fastread - 88, 260
2019-01-25 12:24:20,353 - INFO - fastread - 93, 270
2019-01-25 12:24:20,355 - INFO - fastread - 93, 280
2019-01-25 12:24:20,365 - INFO - fastread - 98, 290
2019-01-25 12:24:20,365 - INFO - fastread - 101, 300
2019-01-25 12:24:20,375 - INFO - fastread - 102, 310
2019-01-25 12:24:20,383 - INFO - fastread - 102, 320
2019-01-25 12:24:20,385 - INFO - fastread - 102, 330
2019-01-25 12:24:20,395 - INFO - fastread - 103, 340
2019-01-25 12:24:20,404 - INFO - fastread - 103, 350
2019-01-25 12:24:20,406 - INFO - fastread - 104, 360
2019-01-25 12:24:20,416 - INFO - fastread - 105, 370
2019-01-25 12:24:20,416 - INFO - fastread - 105, 380
2019-01-25 12:24:20,436 - INFO - fastread - 106, 390
2019-01-25 12:24:20,446 - INFO - fastread - 109, 400
2019-01-25 12:24:20,446 - INFO - fastread - 110, 410
2019-01-25 12:24:20,456 - INFO - fastread - 111, 420
2019-01-25 12:24:20,464 - INFO - fastread - 113, 430
2019-01-25 12:24:20,466 - INFO - fastread - 113, 440
2019-01-25 12:24:20,476 - INFO - fastread - 113, 450
2019-01-25 12:24:20,487 - INFO - fastread - 113, 460
2019-01-25 12:24:20,487 - INFO - fastread - 116, 470
2019-01-25 12:24:20,497 - INFO - fastread - 116, 480
2019-01-25 12:24:20,507 - INFO - fastread - 120, 490
2019-01-25 12:24:20,507 - INFO - fastread - 122, 500
2019-01-25 12:24:20,517 - INFO - fastread - 122, 510
2019-01-25 12:24:20,525 - INFO - fastread - 122, 520
2019-01-25 12:24:20,527 - INFO - fastread - 125, 530
2019-01-25 12:24:20,537 - INFO - fastread - 127, 540
2019-01-25 12:24:20,537 - INFO - fastread - 130, 550
2019-01-25 12:24:20,547 - INFO - fastread - 132, 560
2019-01-25 12:24:20,555 - INFO - fastread - 135, 570
2019-01-25 12:24:20,557 - INFO - fastread - 137, 580
2019-01-25 12:24:20,567 - INFO - fastread - 137, 590
2019-01-25 12:24:20,567 - INFO - fastread - 139, 600
2019-01-25 12:24:20,577 - INFO - fastread - 141, 610
2019-01-25 12:24:20,587 - INFO - fastread - 142, 620
2019-01-25 12:24:20,587 - INFO - fastread - 143, 630
2019-01-25 12:24:20,598 - INFO - fastread - 143, 640
2019-01-25 12:24:20,606 - INFO - fastread - 144, 650
2019-01-25 12:24:20,608 - INFO - fastread - 148, 660
2019-01-25 12:24:20,618 - INFO - fastread - 150, 670
2019-01-25 12:24:20,618 - INFO - fastread - 151, 680
2019-01-25 12:24:20,628 - INFO - fastread - 153, 690
2019-01-25 12:24:20,636 - INFO - fastread - 155, 700
2019-01-25 12:24:20,638 - INFO - fastread - 157, 710
2019-01-25 12:24:20,648 - INFO - fastread - 157, 720
2019-01-25 12:24:20,656 - INFO - fastread - 159, 730
2019-01-25 12:24:20,658 - INFO - fastread - 161, 740
2019-01-25 12:24:20,668 - INFO - fastread - 163, 750
2019-01-25 12:24:20,668 - INFO - fastread - 164, 760
2019-01-25 12:24:20,678 - INFO - fastread - 165, 770
2019-01-25 12:24:20,686 - INFO - fastread - 166, 780
2019-01-25 12:24:20,688 - INFO - fastread - 167, 790
2019-01-25 12:24:20,698 - INFO - fastread - 167, 800
2019-01-25 12:24:20,707 - INFO - fastread - 169, 810
2019-01-25 12:24:20,709 - INFO - fastread - 172, 820
2019-01-25 12:24:20,719 - INFO - fastread - 172, 830
2019-01-25 12:24:20,727 - INFO - fastread - 175, 840
2019-01-25 12:24:20,729 - INFO - fastread - 176, 850
2019-01-25 12:24:20,739 - INFO - fastread - 177, 860
2019-01-25 12:24:20,739 - INFO - fastread - 177, 870
2019-01-25 12:24:20,749 - INFO - fastread - 180, 880
2019-01-25 12:24:20,759 - INFO - fastread - 180, 890
2019-01-25 12:24:20,759 - INFO - fastread - 181, 900
2019-01-25 12:24:20,769 - INFO - fastread - 182, 910
2019-01-25 12:24:20,779 - INFO - fastread - 182, 920
2019-01-25 12:24:20,779 - INFO - fastread - 182, 930
2019-01-25 12:24:20,789 - INFO - fastread - 183, 940
2019-01-25 12:24:20,797 - INFO - fastread - 184, 950
2019-01-25 12:24:20,799 - INFO - fastread - 187, 960
2019-01-25 12:24:20,810 - INFO - fastread - 187, 970
2019-01-25 12:24:20,810 - INFO - fastread - 188, 980
2019-01-25 12:24:20,820 - INFO - fastread - 189, 990
2019-01-25 12:24:20,828 - INFO - fastread - 190, 1000
2019-01-25 12:24:20,830 - INFO - fastread - 190, 1010
2019-01-25 12:24:20,840 - INFO - fastread - 192, 1020
2019-01-25 12:24:20,840 - INFO - fastread - 195, 1030
2019-01-25 12:24:20,850 - INFO - fastread - 195, 1040
2019-01-25 12:24:20,858 - INFO - fastread - 197, 1050
2019-01-25 12:24:20,860 - INFO - fastread - 200, 1060
2019-01-25 12:24:20,870 - INFO - fastread - 202, 1070
2019-01-25 12:24:20,878 - INFO - fastread - 203, 1080
2019-01-25 12:24:20,880 - INFO - fastread - 205, 1090
2019-01-25 12:24:20,890 - INFO - fastread - 205, 1100
2019-01-25 12:24:20,898 - INFO - fastread - 207, 1110
2019-01-25 12:24:20,900 - INFO - fastread - 207, 1120
2019-01-25 12:24:20,911 - INFO - fastread - 207, 1130
2019-01-25 12:24:20,919 - INFO - fastread - 209, 1140
2019-01-25 12:24:20,921 - INFO - fastread - 212, 1150
2019-01-25 12:24:20,931 - INFO - fastread - 213, 1160
2019-01-25 12:24:20,939 - INFO - fastread - 215, 1170
2019-01-25 12:24:20,941 - INFO - fastread - 216, 1180
2019-01-25 12:24:20,951 - INFO - fastread - 217, 1190
2019-01-25 12:24:20,961 - INFO - fastread - 221, 1200
2019-01-25 12:24:20,961 - INFO - fastread - 222, 1210
2019-01-25 12:24:20,971 - INFO - fastread - 225, 1220
2019-01-25 12:24:20,981 - INFO - fastread - 228, 1230
2019-01-25 12:24:20,981 - INFO - fastread - 229, 1240
2019-01-25 12:24:20,991 - INFO - fastread - 230, 1250
2019-01-25 12:24:20,999 - INFO - fastread - 231, 1260
2019-01-25 12:24:21,001 - INFO - fastread - 233, 1270
2019-01-25 12:24:21,012 - INFO - fastread - 236, 1280
2019-01-25 12:24:21,020 - INFO - fastread - 238, 1290
2019-01-25 12:24:21,022 - INFO - fastread - 241, 1300
2019-01-25 12:24:21,032 - INFO - fastread - 243, 1310
2019-01-25 12:24:21,032 - INFO - fastread - 245, 1320
2019-01-25 12:24:21,042 - INFO - fastread - 245, 1330
2019-01-25 12:24:21,050 - INFO - fastread - 245, 1340
2019-01-25 12:24:21,052 - INFO - fastread - 246, 1350
2019-01-25 12:24:21,062 - INFO - fastread - 248, 1360
2019-01-25 12:24:21,070 - INFO - fastread - 250, 1370
2019-01-25 12:24:21,072 - INFO - fastread - 251, 1380
2019-01-25 12:24:21,082 - INFO - fastread - 252, 1390
2019-01-25 12:24:21,082 - INFO - fastread - 252, 1400
2019-01-25 12:24:21,092 - INFO - fastread - 252, 1410
2019-01-25 12:24:21,100 - INFO - fastread - 256, 1420
2019-01-25 12:24:21,102 - INFO - fastread - 260, 1430
2019-01-25 12:24:21,112 - INFO - fastread - 263, 1440
2019-01-25 12:24:21,120 - INFO - fastread - 265, 1450
2019-01-25 12:24:21,122 - INFO - fastread - 265, 1460
2019-01-25 12:24:21,133 - INFO - fastread - 267, 1470
2019-01-25 12:24:21,133 - INFO - fastread - 269, 1480
2019-01-25 12:24:21,143 - INFO - fastread - 270, 1490
2019-01-25 12:24:21,153 - INFO - fastread - 274, 1500
2019-01-25 12:24:21,153 - INFO - fastread - 274, 1510
2019-01-25 12:24:21,163 - INFO - fastread - 276, 1520
2019-01-25 12:24:21,171 - INFO - fastread - 276, 1530
2019-01-25 12:24:21,173 - INFO - fastread - 278, 1540
2019-01-25 12:24:21,183 - INFO - fastread - 282, 1550
2019-01-25 12:24:21,183 - INFO - fastread - 284, 1560
2019-01-25 12:24:21,193 - INFO - fastread - 286, 1570
2019-01-25 12:24:21,203 - INFO - fastread - 286, 1580
2019-01-25 12:24:21,203 - INFO - fastread - 286, 1590
2019-01-25 12:24:21,213 - INFO - fastread - 286, 1600
2019-01-25 12:24:21,221 - INFO - fastread - 288, 1610
2019-01-25 12:24:21,223 - INFO - fastread - 288, 1620
2019-01-25 12:24:21,234 - INFO - fastread - 289, 1630
2019-01-25 12:24:21,234 - INFO - fastread - 290, 1640
2019-01-25 12:24:21,244 - INFO - fastread - 290, 1650
2019-01-25 12:24:21,252 - INFO - fastread - 291, 1660
2019-01-25 12:24:21,254 - INFO - fastread - 291, 1670
2019-01-25 12:24:21,264 - INFO - fastread - 292, 1680
2019-01-25 12:24:21,264 - INFO - fastread - 294, 1690
2019-01-25 12:24:21,274 - INFO - fastread - 294, 1700
2019-01-25 12:24:21,282 - INFO - fastread - 295, 1710
2019-01-25 12:24:21,284 - INFO - fastread - 296, 1720
2019-01-25 12:24:21,294 - INFO - fastread - 298, 1730
2019-01-25 12:24:21,302 - INFO - fastread - 300, 1740
2019-01-25 12:24:21,304 - INFO - fastread - 300, 1750
2019-01-25 12:24:21,314 - INFO - fastread - 302, 1760
2019-01-25 12:24:21,314 - INFO - fastread - 302, 1770
2019-01-25 12:24:21,322 - INFO - fastread - 303, 1780
2019-01-25 12:24:21,324 - INFO - fastread - 303, 1790
2019-01-25 12:24:21,335 - INFO - fastread - 305, 1800
2019-01-25 12:24:21,343 - INFO - fastread - 306, 1810
2019-01-25 12:24:21,345 - INFO - fastread - 308, 1820
2019-01-25 12:24:21,355 - INFO - fastread - 310, 1830
2019-01-25 12:24:21,363 - INFO - fastread - 314, 1840
2019-01-25 12:24:21,365 - INFO - fastread - 316, 1850
2019-01-25 12:24:21,375 - INFO - fastread - 319, 1860
2019-01-25 12:24:21,375 - INFO - fastread - 321, 1870
2019-01-25 12:24:21,385 - INFO - fastread - 322, 1880
2019-01-25 12:24:21,393 - INFO - fastread - 323, 1890
2019-01-25 12:24:21,395 - INFO - fastread - 323, 1900
2019-01-25 12:24:21,405 - INFO - fastread - 325, 1910
2019-01-25 12:24:21,405 - INFO - fastread - 329, 1920
2019-01-25 12:24:21,415 - INFO - fastread - 330, 1930
2019-01-25 12:24:21,423 - INFO - fastread - 332, 1940
2019-01-25 12:24:21,425 - INFO - fastread - 332, 1950
2019-01-25 12:24:21,436 - INFO - fastread - 334, 1960
2019-01-25 12:24:21,446 - INFO - fastread - 336, 1970
2019-01-25 12:24:21,454 - INFO - fastread - 336, 1980
2019-01-25 12:24:21,466 - INFO - fastread - 337, 1990
2019-01-25 12:24:21,466 - INFO - fastread - 337, 2000
2019-01-25 12:24:21,484 - INFO - fastread - 339, 2010
2019-01-25 12:24:21,486 - INFO - fastread - 341, 2020
2019-01-25 12:24:21,496 - INFO - fastread - 343, 2030
2019-01-25 12:24:21,506 - INFO - fastread - 347, 2040
2019-01-25 12:24:21,516 - INFO - fastread - 347, 2050
2019-01-25 12:24:21,516 - INFO - fastread - 350, 2060
2019-01-25 12:24:21,526 - INFO - fastread - 353, 2070
2019-01-25 12:24:21,534 - INFO - fastread - 356, 2080
2019-01-25 12:24:21,536 - INFO - fastread - 357, 2090
2019-01-25 12:24:21,546 - INFO - fastread - 357, 2100
2019-01-25 12:24:21,557 - INFO - fastread - 358, 2110
2019-01-25 12:24:21,557 - INFO - fastread - 359, 2120
2019-01-25 12:24:21,567 - INFO - fastread - 362, 2130
2019-01-25 12:24:21,577 - INFO - fastread - 364, 2140
2019-01-25 12:24:21,577 - INFO - fastread - 365, 2150
2019-01-25 12:24:21,587 - INFO - fastread - 365, 2160
2019-01-25 12:24:21,595 - INFO - fastread - 367, 2170
2019-01-25 12:24:21,597 - INFO - fastread - 368, 2180
2019-01-25 12:24:21,607 - INFO - fastread - 369, 2190
2019-01-25 12:24:21,615 - INFO - fastread - 372, 2200
2019-01-25 12:24:21,617 - INFO - fastread - 372, 2210
2019-01-25 12:24:21,627 - INFO - fastread - 375, 2220
2019-01-25 12:24:21,635 - INFO - fastread - 377, 2230
2019-01-25 12:24:21,645 - INFO - fastread - 380, 2240
2019-01-25 12:24:21,655 - INFO - fastread - 380, 2250
2019-01-25 12:24:21,657 - INFO - fastread - 381, 2260
2019-01-25 12:24:21,668 - INFO - fastread - 383, 2270
2019-01-25 12:24:21,678 - INFO - fastread - 385, 2280
2019-01-25 12:24:21,686 - INFO - fastread - 387, 2290
2019-01-25 12:24:21,696 - INFO - fastread - 388, 2300
2019-01-25 12:24:21,706 - INFO - fastread - 388, 2310
2019-01-25 12:24:21,708 - INFO - fastread - 390, 2320
2019-01-25 12:24:21,718 - INFO - fastread - 391, 2330
2019-01-25 12:24:21,726 - INFO - fastread - 392, 2340
2019-01-25 12:24:21,728 - INFO - fastread - 395, 2350
2019-01-25 12:24:21,738 - INFO - fastread - 396, 2360
2019-01-25 12:24:21,738 - INFO - fastread - 397, 2370
2019-01-25 12:24:21,748 - INFO - fastread - 398, 2380
2019-01-25 12:24:21,756 - INFO - fastread - 399, 2390
2019-01-25 12:24:21,758 - INFO - fastread - 399, 2400
2019-01-25 12:24:21,768 - INFO - fastread - 401, 2410
2019-01-25 12:24:21,777 - INFO - fastread - 403, 2420
2019-01-25 12:24:21,779 - INFO - fastread - 404, 2430
2019-01-25 12:24:21,789 - INFO - fastread - 408, 2440
2019-01-25 12:24:21,797 - INFO - fastread - 408, 2450
2019-01-25 12:24:21,799 - INFO - fastread - 410, 2460
2019-01-25 12:24:21,809 - INFO - fastread - 410, 2470
2019-01-25 12:24:21,817 - INFO - fastread - 410, 2480
2019-01-25 12:24:21,827 - INFO - fastread - 412, 2490
2019-01-25 12:24:21,829 - INFO - fastread - 413, 2500
2019-01-25 12:24:21,839 - INFO - fastread - 414, 2510
2019-01-25 12:24:21,849 - INFO - fastread - 417, 2520
2019-01-25 12:24:21,859 - INFO - fastread - 419, 2530
2019-01-25 12:24:21,867 - INFO - fastread - 419, 2540
2019-01-25 12:24:21,870 - INFO - fastread - 419, 2550
2019-01-25 12:24:21,880 - INFO - fastread - 419, 2560
2019-01-25 12:24:21,890 - INFO - fastread - 421, 2570
2019-01-25 12:24:21,898 - INFO - fastread - 422, 2580
2019-01-25 12:24:21,900 - INFO - fastread - 424, 2590
2019-01-25 12:24:21,910 - INFO - fastread - 425, 2600
2019-01-25 12:24:21,918 - INFO - fastread - 427, 2610
2019-01-25 12:24:21,920 - INFO - fastread - 428, 2620
2019-01-25 12:24:21,930 - INFO - fastread - 428, 2630
2019-01-25 12:24:21,930 - INFO - fastread - 429, 2640
2019-01-25 12:24:21,940 - INFO - fastread - 430, 2650
2019-01-25 12:24:21,940 - INFO - fastread - 430, 2660
2019-01-25 12:24:21,948 - INFO - fastread - 430, 2670
2019-01-25 12:24:21,950 - INFO - fastread - 430, 2680
2019-01-25 12:24:21,950 - INFO - fastread - 432, 2690
2019-01-25 12:24:21,960 - INFO - fastread - 435, 2700
2019-01-25 12:24:21,968 - INFO - fastread - 437, 2710
2019-01-25 12:24:21,970 - INFO - fastread - 439, 2720
2019-01-25 12:24:21,981 - INFO - fastread - 440, 2730
2019-01-25 12:24:21,981 - INFO - fastread - 441, 2740
2019-01-25 12:24:21,991 - INFO - fastread - 443, 2750
2019-01-25 12:24:21,991 - INFO - fastread - 447, 2760
2019-01-25 12:24:22,001 - INFO - fastread - 449, 2770
2019-01-25 12:24:22,011 - INFO - rig - ++++NEW CLF++++ SVM
2019-01-25 12:24:22,011 - INFO - fastread - Total Yes: 472 | Total No: 2496
2019-01-25 12:32:30,624 - INFO - fastread - 3, 10
2019-01-25 12:32:30,634 - INFO - fastread - 10, 20
2019-01-25 12:32:30,634 - INFO - fastread - 19, 30
2019-01-25 12:32:30,642 - INFO - fastread - 28, 40
2019-01-25 12:32:30,644 - INFO - fastread - 38, 50
2019-01-25 12:32:30,644 - INFO - fastread - 48, 60
2019-01-25 12:32:30,644 - INFO - fastread - 58, 70
2019-01-25 12:32:30,652 - INFO - fastread - 68, 80
2019-01-25 12:32:30,654 - INFO - fastread - 76, 90
2019-01-25 12:32:30,654 - INFO - fastread - 86, 100
2019-01-25 12:32:30,654 - INFO - fastread - 96, 110
2019-01-25 12:32:30,654 - INFO - fastread - 106, 120
2019-01-25 12:32:30,664 - INFO - fastread - 116, 130
2019-01-25 12:32:30,664 - INFO - fastread - 126, 140
2019-01-25 12:32:30,664 - INFO - fastread - 136, 150
2019-01-25 12:32:30,664 - INFO - fastread - 145, 160
2019-01-25 12:32:30,674 - INFO - fastread - 154, 170
2019-01-25 12:32:30,674 - INFO - fastread - 164, 180
2019-01-25 12:32:30,674 - INFO - fastread - 174, 190
2019-01-25 12:32:30,674 - INFO - fastread - 184, 200
2019-01-25 12:32:30,682 - INFO - fastread - 194, 210
2019-01-25 12:32:30,684 - INFO - fastread - 204, 220
2019-01-25 12:32:30,684 - INFO - fastread - 214, 230
2019-01-25 12:32:30,684 - INFO - fastread - 224, 240
2019-01-25 12:32:30,693 - INFO - fastread - 234, 250
2019-01-25 12:32:30,695 - INFO - fastread - 244, 260
2019-01-25 12:32:30,695 - INFO - fastread - 253, 270
2019-01-25 12:32:30,695 - INFO - fastread - 260, 280
2019-01-25 12:32:30,695 - INFO - fastread - 270, 290
2019-01-25 12:32:30,705 - INFO - fastread - 280, 300
2019-01-25 12:32:30,705 - INFO - fastread - 290, 310
2019-01-25 12:32:30,705 - INFO - fastread - 299, 320
2019-01-25 12:32:30,715 - INFO - fastread - 309, 330
2019-01-25 12:32:30,715 - INFO - fastread - 319, 340
2019-01-25 12:32:30,715 - INFO - fastread - 329, 350
2019-01-25 12:32:30,725 - INFO - fastread - 338, 360
2019-01-25 12:32:30,725 - INFO - fastread - 344, 370
2019-01-25 12:32:30,725 - INFO - fastread - 352, 380
2019-01-25 12:32:30,725 - INFO - fastread - 355, 390
2019-01-25 12:32:30,735 - INFO - fastread - 358, 400
2019-01-25 12:32:30,735 - INFO - fastread - 365, 410
2019-01-25 12:32:30,735 - INFO - fastread - 367, 420
2019-01-25 12:32:30,735 - INFO - fastread - 371, 430
2019-01-25 12:32:30,743 - INFO - fastread - 374, 440
2019-01-25 12:32:30,745 - INFO - fastread - 376, 450
2019-01-25 12:32:30,745 - INFO - fastread - 376, 460
2019-01-25 12:32:30,745 - INFO - fastread - 380, 470
2019-01-25 12:32:30,745 - INFO - fastread - 380, 480
2019-01-25 12:32:30,755 - INFO - fastread - 384, 490
2019-01-25 12:32:30,755 - INFO - fastread - 386, 500
2019-01-25 12:32:30,755 - INFO - fastread - 387, 510
2019-01-25 12:32:30,755 - INFO - fastread - 388, 520
2019-01-25 12:32:30,764 - INFO - fastread - 393, 530
2019-01-25 12:32:30,766 - INFO - fastread - 395, 540
2019-01-25 12:32:30,766 - INFO - fastread - 398, 550
2019-01-25 12:32:30,766 - INFO - fastread - 400, 560
2019-01-25 12:32:30,773 - INFO - fastread - 400, 570
2019-01-25 12:32:30,775 - INFO - fastread - 403, 580
2019-01-25 12:32:30,775 - INFO - fastread - 403, 590
2019-01-25 12:32:30,775 - INFO - fastread - 404, 600
2019-01-25 12:32:30,775 - INFO - fastread - 406, 610
2019-01-25 12:32:30,784 - INFO - fastread - 406, 620
2019-01-25 12:32:30,786 - INFO - fastread - 408, 630
2019-01-25 12:32:30,786 - INFO - fastread - 408, 640
2019-01-25 12:32:30,786 - INFO - fastread - 412, 650
2019-01-25 12:32:30,794 - INFO - fastread - 415, 660
2019-01-25 12:32:30,796 - INFO - fastread - 416, 670
2019-01-25 12:32:30,796 - INFO - fastread - 417, 680
2019-01-25 12:32:30,796 - INFO - fastread - 417, 690
2019-01-25 12:32:30,796 - INFO - fastread - 417, 700
2019-01-25 12:32:30,806 - INFO - fastread - 421, 710
2019-01-25 12:32:30,806 - INFO - fastread - 423, 720
2019-01-25 12:32:30,814 - INFO - fastread - 425, 730
2019-01-25 12:32:30,816 - INFO - fastread - 425, 740
2019-01-25 12:32:30,816 - INFO - fastread - 427, 750
2019-01-25 12:32:30,826 - INFO - fastread - 428, 760
2019-01-25 12:32:30,826 - INFO - fastread - 429, 770
2019-01-25 12:32:30,836 - INFO - fastread - 429, 780
2019-01-25 12:32:30,836 - INFO - fastread - 431, 790
2019-01-25 12:32:30,844 - INFO - fastread - 431, 800
2019-01-25 12:32:30,846 - INFO - fastread - 431, 810
2019-01-25 12:32:30,846 - INFO - fastread - 431, 820
2019-01-25 12:32:30,856 - INFO - fastread - 431, 830
2019-01-25 12:32:30,856 - INFO - fastread - 432, 840
2019-01-25 12:32:30,865 - INFO - fastread - 432, 850
2019-01-25 12:32:30,867 - INFO - fastread - 432, 860
2019-01-25 12:32:30,867 - INFO - fastread - 432, 870
2019-01-25 12:32:30,867 - INFO - fastread - 433, 880
2019-01-25 12:32:30,875 - INFO - fastread - 433, 890
2019-01-25 12:32:30,877 - INFO - fastread - 433, 900
2019-01-25 12:32:30,877 - INFO - fastread - 433, 910
2019-01-25 12:32:30,877 - INFO - fastread - 433, 920
2019-01-25 12:32:30,885 - INFO - fastread - 434, 930
2019-01-25 12:32:30,887 - INFO - fastread - 435, 940
2019-01-25 12:32:30,887 - INFO - fastread - 439, 950
2019-01-25 12:32:30,887 - INFO - fastread - 439, 960
2019-01-25 12:32:30,895 - INFO - fastread - 439, 970
2019-01-25 12:32:30,897 - INFO - fastread - 440, 980
2019-01-25 12:32:30,897 - INFO - fastread - 440, 990
2019-01-25 12:32:30,897 - INFO - fastread - 441, 1000
2019-01-25 12:32:30,907 - INFO - fastread - 441, 1010
2019-01-25 12:32:30,907 - INFO - fastread - 443, 1020
2019-01-25 12:32:30,915 - INFO - fastread - 443, 1030
2019-01-25 12:32:30,917 - INFO - fastread - 443, 1040
2019-01-25 12:32:30,917 - INFO - fastread - 443, 1050
2019-01-25 12:32:30,927 - INFO - fastread - 443, 1060
2019-01-25 12:32:30,927 - INFO - fastread - 444, 1070
2019-01-25 12:32:30,927 - INFO - fastread - 444, 1080
2019-01-25 12:32:30,927 - INFO - fastread - 444, 1090
2019-01-25 12:32:30,935 - INFO - fastread - 444, 1100
2019-01-25 12:32:30,937 - INFO - fastread - 444, 1110
2019-01-25 12:32:30,937 - INFO - fastread - 444, 1120
2019-01-25 12:32:30,937 - INFO - fastread - 445, 1130
2019-01-25 12:32:30,946 - INFO - fastread - 446, 1140
2019-01-25 12:32:30,948 - INFO - fastread - 446, 1150
2019-01-25 12:32:30,948 - INFO - fastread - 446, 1160
2019-01-25 12:32:30,948 - INFO - fastread - 446, 1170
2019-01-25 12:32:30,956 - INFO - fastread - 446, 1180
2019-01-25 12:32:30,958 - INFO - fastread - 448, 1190
2019-01-25 12:32:30,958 - INFO - fastread - 448, 1200
2019-01-25 12:32:30,958 - INFO - fastread - 448, 1210
2019-01-25 12:32:30,966 - INFO - fastread - 448, 1220
2019-01-25 12:32:30,968 - INFO - fastread - 448, 1230
2019-01-25 12:32:30,968 - INFO - fastread - 449, 1240
2019-01-25 12:32:30,978 - INFO - rig - ++++NEW CLF++++ DT
2019-01-25 12:32:30,978 - INFO - fastread - Total Yes: 472 | Total No: 2496
2019-01-25 12:32:40,526 - INFO - fastread - 10, 10
2019-01-25 12:32:40,526 - INFO - fastread - 20, 20
2019-01-25 12:32:40,534 - INFO - fastread - 30, 30
2019-01-25 12:32:40,536 - INFO - fastread - 38, 40
2019-01-25 12:32:40,536 - INFO - fastread - 45, 50
2019-01-25 12:32:40,536 - INFO - fastread - 54, 60
2019-01-25 12:32:40,536 - INFO - fastread - 62, 70
2019-01-25 12:32:40,544 - INFO - fastread - 70, 80
2019-01-25 12:32:40,546 - INFO - fastread - 76, 90
2019-01-25 12:32:40,546 - INFO - fastread - 85, 100
2019-01-25 12:32:40,546 - INFO - fastread - 93, 110
2019-01-25 12:32:40,546 - INFO - fastread - 101, 120
2019-01-25 12:32:40,556 - INFO - fastread - 111, 130
2019-01-25 12:32:40,556 - INFO - fastread - 120, 140
2019-01-25 12:32:40,556 - INFO - fastread - 129, 150
2019-01-25 12:32:40,556 - INFO - fastread - 139, 160
2019-01-25 12:32:40,564 - INFO - fastread - 149, 170
2019-01-25 12:32:40,566 - INFO - fastread - 159, 180
2019-01-25 12:32:40,566 - INFO - fastread - 165, 190
2019-01-25 12:32:40,566 - INFO - fastread - 174, 200
2019-01-25 12:32:40,566 - INFO - fastread - 183, 210
2019-01-25 12:32:40,576 - INFO - fastread - 192, 220
2019-01-25 12:32:40,576 - INFO - fastread - 202, 230
2019-01-25 12:32:40,576 - INFO - fastread - 212, 240
2019-01-25 12:32:40,576 - INFO - fastread - 219, 250
2019-01-25 12:32:40,584 - INFO - fastread - 228, 260
2019-01-25 12:32:40,586 - INFO - fastread - 237, 270
2019-01-25 12:32:40,586 - INFO - fastread - 247, 280
2019-01-25 12:32:40,586 - INFO - fastread - 257, 290
2019-01-25 12:32:40,586 - INFO - fastread - 267, 300
2019-01-25 12:32:40,594 - INFO - fastread - 276, 310
2019-01-25 12:32:40,596 - INFO - fastread - 285, 320
2019-01-25 12:32:40,596 - INFO - fastread - 292, 330
2019-01-25 12:32:40,596 - INFO - fastread - 301, 340
2019-01-25 12:32:40,604 - INFO - fastread - 311, 350
2019-01-25 12:32:40,607 - INFO - fastread - 319, 360
2019-01-25 12:32:40,607 - INFO - fastread - 329, 370
2019-01-25 12:32:40,607 - INFO - fastread - 338, 380
2019-01-25 12:32:40,607 - INFO - fastread - 347, 390
2019-01-25 12:32:40,617 - INFO - fastread - 351, 400
2019-01-25 12:32:40,617 - INFO - fastread - 351, 410
2019-01-25 12:32:40,625 - INFO - fastread - 351, 420
2019-01-25 12:32:40,627 - INFO - fastread - 352, 430
2019-01-25 12:32:40,627 - INFO - fastread - 352, 440
2019-01-25 12:32:40,635 - INFO - fastread - 352, 450
2019-01-25 12:32:40,637 - INFO - fastread - 352, 460
2019-01-25 12:32:40,637 - INFO - fastread - 353, 470
2019-01-25 12:32:40,647 - INFO - fastread - 353, 480
2019-01-25 12:32:40,647 - INFO - fastread - 354, 490
2019-01-25 12:32:40,647 - INFO - fastread - 356, 500
2019-01-25 12:32:40,647 - INFO - fastread - 356, 510
2019-01-25 12:32:40,657 - INFO - fastread - 357, 520
2019-01-25 12:32:40,657 - INFO - fastread - 357, 530
2019-01-25 12:32:40,665 - INFO - fastread - 358, 540
2019-01-25 12:32:40,667 - INFO - fastread - 360, 550
2019-01-25 12:32:40,667 - INFO - fastread - 361, 560
2019-01-25 12:32:40,675 - INFO - fastread - 362, 570
2019-01-25 12:32:40,677 - INFO - fastread - 363, 580
2019-01-25 12:32:40,677 - INFO - fastread - 365, 590
2019-01-25 12:32:40,687 - INFO - fastread - 366, 600
2019-01-25 12:32:40,687 - INFO - fastread - 367, 610
2019-01-25 12:32:40,687 - INFO - fastread - 369, 620
2019-01-25 12:32:40,698 - INFO - fastread - 369, 630
2019-01-25 12:32:40,698 - INFO - fastread - 369, 640
2019-01-25 12:32:40,706 - INFO - fastread - 369, 650
2019-01-25 12:32:40,708 - INFO - fastread - 370, 660
2019-01-25 12:32:40,708 - INFO - fastread - 370, 670
2019-01-25 12:32:40,708 - INFO - fastread - 371, 680
2019-01-25 12:32:40,708 - INFO - fastread - 371, 690
2019-01-25 12:32:40,718 - INFO - fastread - 371, 700
2019-01-25 12:32:40,718 - INFO - fastread - 371, 710
2019-01-25 12:32:40,726 - INFO - fastread - 371, 720
2019-01-25 12:32:40,728 - INFO - fastread - 371, 730
2019-01-25 12:32:40,728 - INFO - fastread - 371, 740
2019-01-25 12:32:40,736 - INFO - fastread - 371, 750
2019-01-25 12:32:40,738 - INFO - fastread - 372, 760
2019-01-25 12:32:40,738 - INFO - fastread - 372, 770
2019-01-25 12:32:40,746 - INFO - fastread - 373, 780
2019-01-25 12:32:40,748 - INFO - fastread - 373, 790
2019-01-25 12:32:40,748 - INFO - fastread - 374, 800
2019-01-25 12:32:40,748 - INFO - fastread - 374, 810
2019-01-25 12:32:40,756 - INFO - fastread - 374, 820
2019-01-25 12:32:40,758 - INFO - fastread - 374, 830
2019-01-25 12:32:40,758 - INFO - fastread - 374, 840
2019-01-25 12:32:40,768 - INFO - fastread - 375, 850
2019-01-25 12:32:40,768 - INFO - fastread - 375, 860
2019-01-25 12:32:40,768 - INFO - fastread - 375, 870
2019-01-25 12:32:40,778 - INFO - fastread - 376, 880
2019-01-25 12:32:40,778 - INFO - fastread - 377, 890
2019-01-25 12:32:40,787 - INFO - fastread - 379, 900
2019-01-25 12:32:40,789 - INFO - fastread - 380, 910
2019-01-25 12:32:40,789 - INFO - fastread - 380, 920
2019-01-25 12:32:40,797 - INFO - fastread - 380, 930
2019-01-25 12:32:40,799 - INFO - fastread - 380, 940
2019-01-25 12:32:40,799 - INFO - fastread - 380, 950
2019-01-25 12:32:40,799 - INFO - fastread - 380, 960
2019-01-25 12:32:40,807 - INFO - fastread - 380, 970
2019-01-25 12:32:40,809 - INFO - fastread - 381, 980
2019-01-25 12:32:40,809 - INFO - fastread - 381, 990
2019-01-25 12:32:40,809 - INFO - fastread - 381, 1000
2019-01-25 12:32:40,809 - INFO - fastread - 381, 1010
2019-01-25 12:32:40,819 - INFO - fastread - 381, 1020
2019-01-25 12:32:40,819 - INFO - fastread - 381, 1030
2019-01-25 12:32:40,819 - INFO - fastread - 381, 1040
2019-01-25 12:32:40,819 - INFO - fastread - 381, 1050
2019-01-25 12:32:40,829 - INFO - fastread - 382, 1060
2019-01-25 12:32:40,829 - INFO - fastread - 383, 1070
2019-01-25 12:32:40,829 - INFO - fastread - 383, 1080
2019-01-25 12:32:40,837 - INFO - fastread - 384, 1090
2019-01-25 12:32:40,839 - INFO - fastread - 384, 1100
2019-01-25 12:32:40,839 - INFO - fastread - 385, 1110
2019-01-25 12:32:40,839 - INFO - fastread - 385, 1120
2019-01-25 12:32:40,847 - INFO - fastread - 385, 1130
2019-01-25 12:32:40,849 - INFO - fastread - 385, 1140
2019-01-25 12:32:40,849 - INFO - fastread - 386, 1150
2019-01-25 12:32:40,849 - INFO - fastread - 388, 1160
2019-01-25 12:32:40,857 - INFO - fastread - 388, 1170
2019-01-25 12:32:40,859 - INFO - fastread - 388, 1180
2019-01-25 12:32:40,859 - INFO - fastread - 388, 1190
2019-01-25 12:32:40,859 - INFO - fastread - 388, 1200
2019-01-25 12:32:40,859 - INFO - fastread - 388, 1210
2019-01-25 12:32:40,869 - INFO - fastread - 389, 1220
2019-01-25 12:32:40,869 - INFO - fastread - 389, 1230
2019-01-25 12:32:40,869 - INFO - fastread - 389, 1240
2019-01-25 12:32:40,869 - INFO - fastread - 389, 1250
2019-01-25 12:32:40,879 - INFO - fastread - 389, 1260
2019-01-25 12:32:40,879 - INFO - fastread - 390, 1270
2019-01-25 12:32:40,879 - INFO - fastread - 391, 1280
2019-01-25 12:32:40,890 - INFO - fastread - 392, 1290
2019-01-25 12:32:40,890 - INFO - fastread - 394, 1300
2019-01-25 12:32:40,898 - INFO - fastread - 394, 1310
2019-01-25 12:32:40,900 - INFO - fastread - 394, 1320
2019-01-25 12:32:40,900 - INFO - fastread - 394, 1330
2019-01-25 12:32:40,910 - INFO - fastread - 396, 1340
2019-01-25 12:32:40,910 - INFO - fastread - 398, 1350
2019-01-25 12:32:40,918 - INFO - fastread - 398, 1360
2019-01-25 12:32:40,920 - INFO - fastread - 398, 1370
2019-01-25 12:32:40,920 - INFO - fastread - 398, 1380
2019-01-25 12:32:40,928 - INFO - fastread - 399, 1390
2019-01-25 12:32:40,930 - INFO - fastread - 399, 1400
2019-01-25 12:32:40,930 - INFO - fastread - 399, 1410
2019-01-25 12:32:40,940 - INFO - fastread - 399, 1420
2019-01-25 12:32:40,940 - INFO - fastread - 399, 1430
2019-01-25 12:32:40,940 - INFO - fastread - 399, 1440
2019-01-25 12:32:40,940 - INFO - fastread - 399, 1450
2019-01-25 12:32:40,950 - INFO - fastread - 399, 1460
2019-01-25 12:32:40,950 - INFO - fastread - 399, 1470
2019-01-25 12:32:40,950 - INFO - fastread - 400, 1480
2019-01-25 12:32:40,950 - INFO - fastread - 400, 1490
2019-01-25 12:32:40,958 - INFO - fastread - 401, 1500
2019-01-25 12:32:40,960 - INFO - fastread - 402, 1510
2019-01-25 12:32:40,960 - INFO - fastread - 402, 1520
2019-01-25 12:32:40,960 - INFO - fastread - 404, 1530
2019-01-25 12:32:40,960 - INFO - fastread - 406, 1540
2019-01-25 12:32:40,970 - INFO - fastread - 408, 1550
2019-01-25 12:32:40,970 - INFO - fastread - 409, 1560
2019-01-25 12:32:40,970 - INFO - fastread - 411, 1570
2019-01-25 12:32:40,970 - INFO - fastread - 412, 1580
2019-01-25 12:32:40,978 - INFO - fastread - 414, 1590
2019-01-25 12:32:40,980 - INFO - fastread - 414, 1600
2019-01-25 12:32:40,980 - INFO - fastread - 414, 1610
2019-01-25 12:32:40,980 - INFO - fastread - 415, 1620
2019-01-25 12:32:40,988 - INFO - fastread - 415, 1630
2019-01-25 12:32:40,990 - INFO - fastread - 415, 1640
2019-01-25 12:32:40,990 - INFO - fastread - 416, 1650
2019-01-25 12:32:40,990 - INFO - fastread - 416, 1660
2019-01-25 12:32:40,990 - INFO - fastread - 416, 1670
2019-01-25 12:32:41,001 - INFO - fastread - 416, 1680
2019-01-25 12:32:41,001 - INFO - fastread - 417, 1690
2019-01-25 12:32:41,009 - INFO - fastread - 417, 1700
2019-01-25 12:32:41,011 - INFO - fastread - 417, 1710
2019-01-25 12:32:41,011 - INFO - fastread - 417, 1720
2019-01-25 12:32:41,021 - INFO - fastread - 418, 1730
2019-01-25 12:32:41,021 - INFO - fastread - 420, 1740
2019-01-25 12:32:41,021 - INFO - fastread - 421, 1750
2019-01-25 12:32:41,031 - INFO - fastread - 421, 1760
2019-01-25 12:32:41,031 - INFO - fastread - 421, 1770
2019-01-25 12:32:41,039 - INFO - fastread - 421, 1780
2019-01-25 12:32:41,041 - INFO - fastread - 421, 1790
2019-01-25 12:32:41,041 - INFO - fastread - 421, 1800
2019-01-25 12:32:41,041 - INFO - fastread - 422, 1810
2019-01-25 12:32:41,049 - INFO - fastread - 423, 1820
2019-01-25 12:32:41,051 - INFO - fastread - 423, 1830
2019-01-25 12:32:41,051 - INFO - fastread - 425, 1840
2019-01-25 12:32:41,051 - INFO - fastread - 426, 1850
2019-01-25 12:32:41,059 - INFO - fastread - 426, 1860
2019-01-25 12:32:41,061 - INFO - fastread - 427, 1870
2019-01-25 12:32:41,061 - INFO - fastread - 427, 1880
2019-01-25 12:32:41,061 - INFO - fastread - 428, 1890
2019-01-25 12:32:41,069 - INFO - fastread - 428, 1900
2019-01-25 12:32:41,071 - INFO - fastread - 428, 1910
2019-01-25 12:32:41,071 - INFO - fastread - 429, 1920
2019-01-25 12:32:41,071 - INFO - fastread - 430, 1930
2019-01-25 12:32:41,079 - INFO - fastread - 430, 1940
2019-01-25 12:32:41,081 - INFO - fastread - 431, 1950
2019-01-25 12:32:41,081 - INFO - fastread - 431, 1960
2019-01-25 12:32:41,081 - INFO - fastread - 431, 1970
2019-01-25 12:32:41,081 - INFO - fastread - 431, 1980
2019-01-25 12:32:41,089 - INFO - fastread - 431, 1990
2019-01-25 12:32:41,092 - INFO - fastread - 433, 2000
2019-01-25 12:32:41,092 - INFO - fastread - 435, 2010
2019-01-25 12:32:41,092 - INFO - fastread - 435, 2020
2019-01-25 12:32:41,100 - INFO - fastread - 435, 2030
2019-01-25 12:32:41,102 - INFO - fastread - 436, 2040
2019-01-25 12:32:41,102 - INFO - fastread - 436, 2050
2019-01-25 12:32:41,102 - INFO - fastread - 436, 2060
2019-01-25 12:32:41,110 - INFO - fastread - 436, 2070
2019-01-25 12:32:41,112 - INFO - fastread - 437, 2080
2019-01-25 12:32:41,112 - INFO - fastread - 437, 2090
2019-01-25 12:32:41,112 - INFO - fastread - 437, 2100
2019-01-25 12:32:41,120 - INFO - fastread - 437, 2110
2019-01-25 12:32:41,122 - INFO - fastread - 437, 2120
2019-01-25 12:32:41,122 - INFO - fastread - 438, 2130
2019-01-25 12:32:41,122 - INFO - fastread - 440, 2140
2019-01-25 12:32:41,130 - INFO - fastread - 441, 2150
2019-01-25 12:32:41,132 - INFO - fastread - 441, 2160
2019-01-25 12:32:41,132 - INFO - fastread - 441, 2170
2019-01-25 12:32:41,132 - INFO - fastread - 443, 2180
2019-01-25 12:32:41,132 - INFO - fastread - 443, 2190
2019-01-25 12:32:41,142 - INFO - fastread - 444, 2200
2019-01-25 12:32:41,142 - INFO - fastread - 444, 2210
2019-01-25 12:32:41,150 - INFO - fastread - 445, 2220
2019-01-25 12:32:41,152 - INFO - fastread - 445, 2230
2019-01-25 12:32:41,152 - INFO - fastread - 445, 2240
2019-01-25 12:32:41,162 - INFO - fastread - 446, 2250
2019-01-25 12:32:41,162 - INFO - fastread - 446, 2260
2019-01-25 12:32:41,162 - INFO - fastread - 448, 2270
2019-01-25 12:32:41,162 - INFO - fastread - 448, 2280
2019-01-25 12:32:41,170 - INFO - fastread - 448, 2290
2019-01-25 12:32:41,172 - INFO - fastread - 448, 2300
2019-01-25 12:32:41,172 - INFO - fastread - 449, 2310
