2019-01-25 12:03:43,039 - INFO - rig - jfreechart-1.0.19
2019-01-25 12:03:51,352 - INFO - rig - ++++NEW CLF++++ FASTREAD
2019-01-25 12:03:51,352 - INFO - fastread - Total Yes: 209 | Total No: 4199
2019-01-25 12:03:51,687 - INFO - fastread - 0, 0
2019-01-25 12:03:55,395 - INFO - fastread - 23, 25
2019-01-25 12:03:57,422 - INFO - fastread - 32, 35
2019-01-25 12:03:59,253 - INFO - fastread - 41, 45
2019-01-25 12:04:01,065 - INFO - fastread - 51, 55
2019-01-25 12:04:03,017 - INFO - fastread - 58, 65
2019-01-25 12:04:04,860 - INFO - fastread - 60, 75
2019-01-25 12:04:06,681 - INFO - fastread - 60, 85
2019-01-25 12:04:08,480 - INFO - fastread - 60, 95
2019-01-25 12:04:10,303 - INFO - fastread - 60, 105
2019-01-25 12:04:12,135 - INFO - fastread - 61, 115
2019-01-25 12:04:13,905 - INFO - fastread - 61, 125
2019-01-25 12:04:15,715 - INFO - fastread - 61, 135
2019-01-25 12:04:17,495 - INFO - fastread - 62, 145
2019-01-25 12:04:19,225 - INFO - fastread - 63, 155
2019-01-25 12:04:21,056 - INFO - fastread - 65, 165
2019-01-25 12:04:22,805 - INFO - fastread - 69, 175
2019-01-25 12:04:24,503 - INFO - fastread - 76, 185
2019-01-25 12:04:26,212 - INFO - fastread - 79, 195
2019-01-25 12:04:27,992 - INFO - fastread - 84, 205
2019-01-25 12:04:29,772 - INFO - fastread - 87, 215
2019-01-25 12:04:31,532 - INFO - fastread - 91, 225
2019-01-25 12:04:33,210 - INFO - fastread - 92, 235
2019-01-25 12:04:34,959 - INFO - fastread - 96, 245
2019-01-25 12:04:36,671 - INFO - fastread - 101, 255
2019-01-25 12:04:38,376 - INFO - fastread - 101, 265
2019-01-25 12:04:40,064 - INFO - fastread - 101, 275
2019-01-25 12:04:41,794 - INFO - fastread - 101, 285
2019-01-25 12:04:43,470 - INFO - fastread - 102, 295
2019-01-25 12:04:45,140 - INFO - fastread - 103, 305
2019-01-25 12:04:46,890 - INFO - fastread - 103, 315
2019-01-25 12:04:48,598 - INFO - fastread - 103, 325
2019-01-25 12:04:50,212 - INFO - fastread - 103, 335
2019-01-25 12:04:51,872 - INFO - fastread - 103, 345
2019-01-25 12:04:53,671 - INFO - fastread - 103, 355
2019-01-25 12:04:55,339 - INFO - fastread - 104, 365
2019-01-25 12:04:57,017 - INFO - fastread - 104, 375
2019-01-25 12:04:58,774 - INFO - fastread - 105, 385
2019-01-25 12:05:00,502 - INFO - fastread - 105, 395
2019-01-25 12:05:02,139 - INFO - fastread - 106, 405
2019-01-25 12:05:03,859 - INFO - fastread - 106, 415
2019-01-25 12:05:05,628 - INFO - fastread - 107, 425
2019-01-25 12:05:07,436 - INFO - fastread - 107, 435
2019-01-25 12:05:09,115 - INFO - fastread - 107, 445
2019-01-25 12:05:10,792 - INFO - fastread - 107, 455
2019-01-25 12:05:12,469 - INFO - fastread - 111, 465
2019-01-25 12:05:14,206 - INFO - fastread - 111, 475
2019-01-25 12:05:15,916 - INFO - fastread - 112, 485
2019-01-25 12:05:17,693 - INFO - fastread - 114, 495
2019-01-25 12:05:19,433 - INFO - fastread - 114, 505
2019-01-25 12:05:21,079 - INFO - fastread - 114, 515
2019-01-25 12:05:22,758 - INFO - fastread - 114, 525
2019-01-25 12:05:24,424 - INFO - fastread - 114, 535
2019-01-25 12:05:26,244 - INFO - fastread - 114, 545
2019-01-25 12:05:27,962 - INFO - fastread - 114, 555
2019-01-25 12:05:29,566 - INFO - fastread - 122, 565
2019-01-25 12:05:31,324 - INFO - fastread - 124, 575
2019-01-25 12:05:33,083 - INFO - fastread - 125, 585
2019-01-25 12:05:34,702 - INFO - fastread - 126, 595
2019-01-25 12:05:36,349 - INFO - fastread - 129, 605
2019-01-25 12:05:38,189 - INFO - fastread - 129, 615
2019-01-25 12:05:39,995 - INFO - fastread - 129, 625
2019-01-25 12:05:41,796 - INFO - fastread - 129, 635
2019-01-25 12:05:43,573 - INFO - fastread - 129, 645
2019-01-25 12:05:45,129 - INFO - fastread - 129, 655
2019-01-25 12:05:46,947 - INFO - fastread - 129, 665
2019-01-25 12:05:48,802 - INFO - fastread - 131, 675
2019-01-25 12:05:50,644 - INFO - fastread - 131, 685
2019-01-25 12:05:52,929 - INFO - fastread - 133, 695
2019-01-25 12:05:55,055 - INFO - fastread - 134, 705
2019-01-25 12:05:57,256 - INFO - fastread - 136, 715
2019-01-25 12:05:58,975 - INFO - fastread - 136, 725
2019-01-25 12:06:01,134 - INFO - fastread - 137, 735
2019-01-25 12:06:02,802 - INFO - fastread - 137, 745
2019-01-25 12:06:04,943 - INFO - fastread - 137, 755
2019-01-25 12:06:07,027 - INFO - fastread - 137, 765
2019-01-25 12:06:10,810 - INFO - fastread - 137, 775
2019-01-25 12:06:13,030 - INFO - fastread - 137, 785
2019-01-25 12:06:14,904 - INFO - fastread - 137, 795
2019-01-25 12:06:16,826 - INFO - fastread - 137, 805
2019-01-25 12:06:19,082 - INFO - fastread - 139, 815
2019-01-25 12:06:21,669 - INFO - fastread - 143, 825
2019-01-25 12:06:23,524 - INFO - fastread - 143, 835
2019-01-25 12:06:25,459 - INFO - fastread - 143, 845
2019-01-25 12:06:28,292 - INFO - fastread - 143, 855
2019-01-25 12:06:30,473 - INFO - fastread - 143, 865
2019-01-25 12:06:33,788 - INFO - fastread - 143, 875
2019-01-25 12:06:35,966 - INFO - fastread - 143, 885
2019-01-25 12:06:38,578 - INFO - fastread - 144, 895
2019-01-25 12:06:40,868 - INFO - fastread - 145, 905
2019-01-25 12:06:43,385 - INFO - fastread - 145, 915
2019-01-25 12:06:45,757 - INFO - fastread - 145, 925
2019-01-25 12:06:48,292 - INFO - fastread - 145, 935
2019-01-25 12:06:50,181 - INFO - fastread - 145, 945
2019-01-25 12:06:52,394 - INFO - fastread - 145, 955
2019-01-25 12:06:54,276 - INFO - fastread - 145, 965
2019-01-25 12:06:56,299 - INFO - fastread - 145, 975
2019-01-25 12:06:58,643 - INFO - fastread - 145, 985
2019-01-25 12:07:01,423 - INFO - fastread - 145, 995
2019-01-25 12:07:03,725 - INFO - fastread - 145, 1005
2019-01-25 12:07:06,247 - INFO - fastread - 145, 1015
2019-01-25 12:07:09,539 - INFO - fastread - 145, 1025
2019-01-25 12:07:11,845 - INFO - fastread - 145, 1035
2019-01-25 12:07:14,836 - INFO - fastread - 145, 1045
2019-01-25 12:07:17,997 - INFO - fastread - 145, 1055
2019-01-25 12:07:20,164 - INFO - fastread - 145, 1065
2019-01-25 12:07:22,349 - INFO - fastread - 145, 1075
2019-01-25 12:07:24,405 - INFO - fastread - 145, 1085
2019-01-25 12:07:26,447 - INFO - fastread - 145, 1095
2019-01-25 12:07:28,535 - INFO - fastread - 145, 1105
2019-01-25 12:07:30,488 - INFO - fastread - 145, 1115
2019-01-25 12:07:32,567 - INFO - fastread - 145, 1125
2019-01-25 12:07:34,474 - INFO - fastread - 145, 1135
2019-01-25 12:07:36,611 - INFO - fastread - 145, 1145
2019-01-25 12:07:38,595 - INFO - fastread - 145, 1155
2019-01-25 12:07:40,722 - INFO - fastread - 145, 1165
2019-01-25 12:07:42,832 - INFO - fastread - 145, 1175
2019-01-25 12:07:44,718 - INFO - fastread - 145, 1185
2019-01-25 12:07:46,974 - INFO - fastread - 145, 1195
2019-01-25 12:07:48,806 - INFO - fastread - 145, 1205
2019-01-25 12:07:50,730 - INFO - fastread - 145, 1215
2019-01-25 12:07:52,771 - INFO - fastread - 145, 1225
2019-01-25 12:07:54,760 - INFO - fastread - 145, 1235
2019-01-25 12:07:56,828 - INFO - fastread - 145, 1245
2019-01-25 12:07:58,951 - INFO - fastread - 145, 1255
2019-01-25 12:08:01,190 - INFO - fastread - 145, 1265
2019-01-25 12:08:03,122 - INFO - fastread - 147, 1275
2019-01-25 12:08:05,156 - INFO - fastread - 147, 1285
2019-01-25 12:08:07,155 - INFO - fastread - 147, 1295
2019-01-25 12:08:09,111 - INFO - fastread - 147, 1305
2019-01-25 12:08:11,322 - INFO - fastread - 147, 1315
2019-01-25 12:08:13,385 - INFO - fastread - 147, 1325
2019-01-25 12:08:15,518 - INFO - fastread - 147, 1335
2019-01-25 12:08:17,776 - INFO - fastread - 147, 1345
2019-01-25 12:08:20,171 - INFO - fastread - 147, 1355
2019-01-25 12:08:23,541 - INFO - fastread - 147, 1365
2019-01-25 12:08:25,709 - INFO - fastread - 147, 1375
2019-01-25 12:08:27,775 - INFO - fastread - 147, 1385
2019-01-25 12:08:29,748 - INFO - fastread - 147, 1395
2019-01-25 12:08:32,027 - INFO - fastread - 147, 1405
2019-01-25 12:08:34,238 - INFO - fastread - 147, 1415
2019-01-25 12:08:36,684 - INFO - fastread - 147, 1425
2019-01-25 12:08:38,780 - INFO - fastread - 147, 1435
2019-01-25 12:08:40,665 - INFO - fastread - 147, 1445
2019-01-25 12:08:42,785 - INFO - fastread - 147, 1455
2019-01-25 12:08:44,771 - INFO - fastread - 147, 1465
2019-01-25 12:08:46,785 - INFO - fastread - 147, 1475
2019-01-25 12:08:48,918 - INFO - fastread - 147, 1485
2019-01-25 12:08:50,753 - INFO - fastread - 147, 1495
2019-01-25 12:08:52,741 - INFO - fastread - 147, 1505
2019-01-25 12:08:54,610 - INFO - fastread - 147, 1515
2019-01-25 12:08:56,617 - INFO - fastread - 147, 1525
2019-01-25 12:08:58,650 - INFO - fastread - 147, 1535
2019-01-25 12:09:00,763 - INFO - fastread - 147, 1545
2019-01-25 12:09:02,859 - INFO - fastread - 147, 1555
2019-01-25 12:09:04,656 - INFO - fastread - 147, 1565
2019-01-25 12:09:06,709 - INFO - fastread - 147, 1575
2019-01-25 12:09:08,671 - INFO - fastread - 147, 1585
2019-01-25 12:09:10,738 - INFO - fastread - 147, 1595
2019-01-25 12:09:12,747 - INFO - fastread - 147, 1605
2019-01-25 12:09:14,883 - INFO - fastread - 147, 1615
2019-01-25 12:09:16,968 - INFO - fastread - 147, 1625
2019-01-25 12:09:18,900 - INFO - fastread - 147, 1635
2019-01-25 12:09:21,188 - INFO - fastread - 147, 1645
2019-01-25 12:09:23,314 - INFO - fastread - 147, 1655
2019-01-25 12:09:25,622 - INFO - fastread - 147, 1665
2019-01-25 12:09:27,678 - INFO - fastread - 147, 1675
2019-01-25 12:09:29,596 - INFO - fastread - 147, 1685
2019-01-25 12:09:31,697 - INFO - fastread - 147, 1695
2019-01-25 12:09:33,701 - INFO - fastread - 147, 1705
2019-01-25 12:09:35,686 - INFO - fastread - 147, 1715
2019-01-25 12:09:37,842 - INFO - fastread - 147, 1725
2019-01-25 12:09:40,123 - INFO - fastread - 147, 1735
2019-01-25 12:09:41,996 - INFO - fastread - 147, 1745
2019-01-25 12:09:44,078 - INFO - fastread - 148, 1755
2019-01-25 12:09:46,163 - INFO - fastread - 148, 1765
2019-01-25 12:09:48,387 - INFO - fastread - 148, 1775
2019-01-25 12:09:50,449 - INFO - fastread - 148, 1785
2019-01-25 12:09:52,501 - INFO - fastread - 148, 1795
2019-01-25 12:09:54,558 - INFO - fastread - 148, 1805
2019-01-25 12:09:56,513 - INFO - fastread - 148, 1815
2019-01-25 12:09:58,613 - INFO - fastread - 148, 1825
2019-01-25 12:10:00,886 - INFO - fastread - 148, 1835
2019-01-25 12:10:03,049 - INFO - fastread - 148, 1845
2019-01-25 12:10:05,013 - INFO - fastread - 148, 1855
2019-01-25 12:10:07,383 - INFO - fastread - 148, 1865
2019-01-25 12:10:09,674 - INFO - fastread - 148, 1875
2019-01-25 12:10:11,838 - INFO - fastread - 148, 1885
2019-01-25 12:10:14,029 - INFO - fastread - 148, 1895
2019-01-25 12:10:16,131 - INFO - fastread - 148, 1905
2019-01-25 12:10:18,387 - INFO - fastread - 148, 1915
2019-01-25 12:10:20,759 - INFO - fastread - 148, 1925
2019-01-25 12:10:23,003 - INFO - fastread - 148, 1935
2019-01-25 12:10:25,252 - INFO - fastread - 148, 1945
2019-01-25 12:10:27,380 - INFO - fastread - 148, 1955
2019-01-25 12:10:29,626 - INFO - fastread - 148, 1965
2019-01-25 12:10:32,126 - INFO - fastread - 148, 1975
2019-01-25 12:10:34,366 - INFO - fastread - 148, 1985
2019-01-25 12:10:36,492 - INFO - fastread - 148, 1995
2019-01-25 12:10:38,835 - INFO - fastread - 148, 2005
2019-01-25 12:10:41,026 - INFO - fastread - 148, 2015
2019-01-25 12:10:43,626 - INFO - fastread - 148, 2025
2019-01-25 12:10:45,798 - INFO - fastread - 148, 2035
2019-01-25 12:10:48,115 - INFO - fastread - 148, 2045
2019-01-25 12:10:50,407 - INFO - fastread - 148, 2055
2019-01-25 12:10:52,746 - INFO - fastread - 148, 2065
2019-01-25 12:10:55,145 - INFO - fastread - 148, 2075
2019-01-25 12:10:57,381 - INFO - fastread - 148, 2085
2019-01-25 12:11:00,095 - INFO - fastread - 148, 2095
2019-01-25 12:11:02,506 - INFO - fastread - 148, 2105
2019-01-25 12:11:05,048 - INFO - fastread - 148, 2115
2019-01-25 12:11:07,360 - INFO - fastread - 148, 2125
2019-01-25 12:11:09,881 - INFO - fastread - 148, 2135
2019-01-25 12:11:12,890 - INFO - fastread - 148, 2145
2019-01-25 12:11:15,235 - INFO - fastread - 148, 2155
2019-01-25 12:11:17,625 - INFO - fastread - 148, 2165
2019-01-25 12:11:19,999 - INFO - fastread - 148, 2175
2019-01-25 12:11:22,351 - INFO - fastread - 148, 2185
2019-01-25 12:11:24,581 - INFO - fastread - 148, 2195
2019-01-25 12:11:27,033 - INFO - fastread - 148, 2205
2019-01-25 12:11:29,305 - INFO - fastread - 148, 2215
2019-01-25 12:11:31,691 - INFO - fastread - 148, 2225
2019-01-25 12:11:34,049 - INFO - fastread - 148, 2235
2019-01-25 12:11:36,419 - INFO - fastread - 148, 2245
2019-01-25 12:11:38,884 - INFO - fastread - 148, 2255
2019-01-25 12:11:41,209 - INFO - fastread - 148, 2265
2019-01-25 12:11:43,684 - INFO - fastread - 148, 2275
2019-01-25 12:11:46,157 - INFO - fastread - 148, 2285
2019-01-25 12:11:48,538 - INFO - fastread - 148, 2295
2019-01-25 12:11:50,917 - INFO - fastread - 148, 2305
2019-01-25 12:11:53,349 - INFO - fastread - 148, 2315
2019-01-25 12:11:55,701 - INFO - fastread - 148, 2325
2019-01-25 12:11:58,080 - INFO - fastread - 148, 2335
2019-01-25 12:12:00,266 - INFO - fastread - 148, 2345
2019-01-25 12:12:02,664 - INFO - fastread - 148, 2355
2019-01-25 12:12:05,020 - INFO - fastread - 148, 2365
2019-01-25 12:12:07,479 - INFO - fastread - 148, 2375
2019-01-25 12:12:09,760 - INFO - fastread - 148, 2385
2019-01-25 12:12:12,465 - INFO - fastread - 148, 2395
2019-01-25 12:12:14,840 - INFO - fastread - 148, 2405
2019-01-25 12:12:17,318 - INFO - fastread - 148, 2415
2019-01-25 12:12:19,862 - INFO - fastread - 148, 2425
2019-01-25 12:12:22,372 - INFO - fastread - 148, 2435
2019-01-25 12:12:24,980 - INFO - fastread - 148, 2445
2019-01-25 12:12:27,596 - INFO - fastread - 148, 2455
2019-01-25 12:12:30,169 - INFO - fastread - 148, 2465
2019-01-25 12:12:32,714 - INFO - fastread - 148, 2475
2019-01-25 12:12:35,261 - INFO - fastread - 148, 2485
2019-01-25 12:12:37,858 - INFO - fastread - 148, 2495
2019-01-25 12:12:40,363 - INFO - fastread - 148, 2505
2019-01-25 12:12:42,917 - INFO - fastread - 148, 2515
2019-01-25 12:12:45,499 - INFO - fastread - 148, 2525
2019-01-25 12:12:48,101 - INFO - fastread - 148, 2535
2019-01-25 12:12:50,767 - INFO - fastread - 148, 2545
2019-01-25 12:12:53,536 - INFO - fastread - 148, 2555
2019-01-25 12:12:56,252 - INFO - fastread - 148, 2565
2019-01-25 12:12:59,087 - INFO - fastread - 148, 2575
2019-01-25 12:13:01,869 - INFO - fastread - 148, 2585
2019-01-25 12:13:04,728 - INFO - fastread - 148, 2595
2019-01-25 12:13:07,593 - INFO - fastread - 148, 2605
2019-01-25 12:13:10,893 - INFO - fastread - 148, 2615
2019-01-25 12:13:14,551 - INFO - fastread - 148, 2625
2019-01-25 12:13:17,601 - INFO - fastread - 148, 2635
2019-01-25 12:13:20,486 - INFO - fastread - 148, 2645
2019-01-25 12:13:23,449 - INFO - fastread - 148, 2655
2019-01-25 12:13:27,062 - INFO - fastread - 148, 2665
2019-01-25 12:13:31,329 - INFO - fastread - 148, 2675
2019-01-25 12:13:36,531 - INFO - fastread - 148, 2685
2019-01-25 12:13:40,113 - INFO - fastread - 148, 2695
2019-01-25 12:13:43,943 - INFO - fastread - 148, 2705
2019-01-25 12:13:48,794 - INFO - fastread - 148, 2715
2019-01-25 12:13:53,620 - INFO - fastread - 148, 2725
2019-01-25 12:13:57,409 - INFO - fastread - 148, 2735
2019-01-25 12:14:00,979 - INFO - fastread - 148, 2745
2019-01-25 12:14:04,782 - INFO - fastread - 148, 2755
2019-01-25 12:14:08,892 - INFO - fastread - 148, 2765
2019-01-25 12:14:12,541 - INFO - fastread - 148, 2775
2019-01-25 12:14:16,325 - INFO - fastread - 148, 2785
2019-01-25 12:14:20,206 - INFO - fastread - 148, 2795
2019-01-25 12:14:23,449 - INFO - fastread - 148, 2805
2019-01-25 12:14:26,571 - INFO - fastread - 148, 2815
2019-01-25 12:14:29,322 - INFO - fastread - 148, 2825
2019-01-25 12:14:32,054 - INFO - fastread - 148, 2835
2019-01-25 12:14:34,832 - INFO - fastread - 148, 2845
2019-01-25 12:14:38,323 - INFO - fastread - 148, 2855
2019-01-25 12:14:41,541 - INFO - fastread - 148, 2865
2019-01-25 12:14:44,118 - INFO - fastread - 148, 2875
2019-01-25 12:14:46,927 - INFO - fastread - 148, 2885
2019-01-25 12:14:50,587 - INFO - fastread - 148, 2895
2019-01-25 12:14:54,878 - INFO - fastread - 148, 2905
2019-01-25 12:14:58,285 - INFO - fastread - 148, 2915
2019-01-25 12:15:02,041 - INFO - fastread - 148, 2925
2019-01-25 12:15:05,718 - INFO - fastread - 148, 2935
2019-01-25 12:15:09,004 - INFO - fastread - 148, 2945
2019-01-25 12:15:12,314 - INFO - fastread - 148, 2955
2019-01-25 12:15:16,009 - INFO - fastread - 148, 2965
2019-01-25 12:15:19,450 - INFO - fastread - 148, 2975
2019-01-25 12:15:23,451 - INFO - fastread - 148, 2985
2019-01-25 12:15:27,115 - INFO - fastread - 148, 2995
2019-01-25 12:15:30,335 - INFO - fastread - 148, 3005
2019-01-25 12:15:34,219 - INFO - fastread - 148, 3015
2019-01-25 12:15:37,367 - INFO - fastread - 148, 3025
2019-01-25 12:15:41,118 - INFO - fastread - 148, 3035
2019-01-25 12:15:44,175 - INFO - fastread - 148, 3045
2019-01-25 12:15:47,068 - INFO - fastread - 148, 3055
2019-01-25 12:15:50,158 - INFO - fastread - 148, 3065
2019-01-25 12:15:52,944 - INFO - fastread - 148, 3075
2019-01-25 12:15:55,598 - INFO - fastread - 148, 3085
2019-01-25 12:15:58,315 - INFO - fastread - 148, 3095
2019-01-25 12:16:01,051 - INFO - fastread - 148, 3105
2019-01-25 12:16:03,695 - INFO - fastread - 148, 3115
2019-01-25 12:16:06,248 - INFO - fastread - 148, 3125
2019-01-25 12:16:08,742 - INFO - fastread - 148, 3135
2019-01-25 12:16:11,296 - INFO - fastread - 148, 3145
2019-01-25 12:16:13,907 - INFO - fastread - 148, 3155
2019-01-25 12:16:16,331 - INFO - fastread - 148, 3165
2019-01-25 12:16:18,854 - INFO - fastread - 148, 3175
2019-01-25 12:16:21,369 - INFO - fastread - 148, 3185
2019-01-25 12:16:24,094 - INFO - fastread - 148, 3195
2019-01-25 12:16:26,627 - INFO - fastread - 148, 3205
2019-01-25 12:16:29,290 - INFO - fastread - 148, 3215
2019-01-25 12:16:32,227 - INFO - fastread - 148, 3225
2019-01-25 12:16:34,881 - INFO - fastread - 148, 3235
2019-01-25 12:16:37,920 - INFO - fastread - 148, 3245
2019-01-25 12:16:40,813 - INFO - fastread - 148, 3255
2019-01-25 12:16:43,613 - INFO - fastread - 148, 3265
2019-01-25 12:16:46,958 - INFO - fastread - 148, 3275
2019-01-25 12:16:49,705 - INFO - fastread - 157, 3285
2019-01-25 12:16:52,554 - INFO - fastread - 167, 3295
2019-01-25 12:16:55,521 - INFO - fastread - 177, 3305
2019-01-25 12:17:00,383 - INFO - fastread - 187, 3315
2019-01-25 12:17:04,058 - INFO - fastread - 197, 3325
2019-01-25 12:17:07,397 - INFO - fastread - 207, 3335
2019-01-25 12:17:10,170 - INFO - rig - ++++NEW CLF++++ NBM
2019-01-25 12:17:10,170 - INFO - fastread - Total Yes: 209 | Total No: 4199
2019-01-25 12:17:10,483 - INFO - fastread - 6, 10
2019-01-25 12:17:10,493 - INFO - fastread - 15, 20
2019-01-25 12:17:10,493 - INFO - fastread - 21, 30
2019-01-25 12:17:10,503 - INFO - fastread - 27, 40
2019-01-25 12:17:10,523 - INFO - fastread - 33, 50
2019-01-25 12:17:10,531 - INFO - fastread - 40, 60
2019-01-25 12:17:10,533 - INFO - fastread - 40, 70
2019-01-25 12:17:10,554 - INFO - fastread - 41, 80
2019-01-25 12:17:10,554 - INFO - fastread - 42, 90
2019-01-25 12:17:10,564 - INFO - fastread - 42, 100
2019-01-25 12:17:10,564 - INFO - fastread - 42, 110
2019-01-25 12:17:10,604 - INFO - fastread - 42, 120
2019-01-25 12:17:10,604 - INFO - fastread - 42, 130
2019-01-25 12:17:10,614 - INFO - fastread - 43, 140
2019-01-25 12:17:10,614 - INFO - fastread - 45, 150
2019-01-25 12:17:10,624 - INFO - fastread - 47, 160
2019-01-25 12:17:10,632 - INFO - fastread - 47, 170
2019-01-25 12:17:10,634 - INFO - fastread - 48, 180
2019-01-25 12:17:10,644 - INFO - fastread - 52, 190
2019-01-25 12:17:10,652 - INFO - fastread - 53, 200
2019-01-25 12:17:10,654 - INFO - fastread - 53, 210
2019-01-25 12:17:10,663 - INFO - fastread - 53, 220
2019-01-25 12:17:10,665 - INFO - fastread - 54, 230
2019-01-25 12:17:10,675 - INFO - fastread - 54, 240
2019-01-25 12:17:10,715 - INFO - fastread - 57, 250
2019-01-25 12:17:10,715 - INFO - fastread - 58, 260
2019-01-25 12:17:10,725 - INFO - fastread - 58, 270
2019-01-25 12:17:10,725 - INFO - fastread - 59, 280
2019-01-25 12:17:10,735 - INFO - fastread - 59, 290
2019-01-25 12:17:10,743 - INFO - fastread - 59, 300
2019-01-25 12:17:10,745 - INFO - fastread - 59, 310
2019-01-25 12:17:10,755 - INFO - fastread - 59, 320
2019-01-25 12:17:10,755 - INFO - fastread - 61, 330
2019-01-25 12:17:10,765 - INFO - fastread - 63, 340
2019-01-25 12:17:10,765 - INFO - fastread - 63, 350
2019-01-25 12:17:10,776 - INFO - fastread - 66, 360
2019-01-25 12:17:10,776 - INFO - fastread - 67, 370
2019-01-25 12:17:10,786 - INFO - fastread - 70, 380
2019-01-25 12:17:10,794 - INFO - fastread - 70, 390
2019-01-25 12:17:10,796 - INFO - fastread - 70, 400
2019-01-25 12:17:10,806 - INFO - fastread - 71, 410
2019-01-25 12:17:10,806 - INFO - fastread - 71, 420
2019-01-25 12:17:10,816 - INFO - fastread - 71, 430
2019-01-25 12:17:10,836 - INFO - fastread - 71, 440
2019-01-25 12:17:10,844 - INFO - fastread - 71, 450
2019-01-25 12:17:10,846 - INFO - fastread - 71, 460
2019-01-25 12:17:10,856 - INFO - fastread - 71, 470
2019-01-25 12:17:10,856 - INFO - fastread - 72, 480
2019-01-25 12:17:10,866 - INFO - fastread - 73, 490
2019-01-25 12:17:10,866 - INFO - fastread - 73, 500
2019-01-25 12:17:10,876 - INFO - fastread - 73, 510
2019-01-25 12:17:10,887 - INFO - fastread - 76, 520
2019-01-25 12:17:10,895 - INFO - fastread - 77, 530
2019-01-25 12:17:10,897 - INFO - fastread - 77, 540
2019-01-25 12:17:10,907 - INFO - fastread - 77, 550
2019-01-25 12:17:10,907 - INFO - fastread - 77, 560
2019-01-25 12:17:10,917 - INFO - fastread - 77, 570
2019-01-25 12:17:10,927 - INFO - fastread - 77, 580
2019-01-25 12:17:10,927 - INFO - fastread - 77, 590
2019-01-25 12:17:10,937 - INFO - fastread - 79, 600
2019-01-25 12:17:10,945 - INFO - fastread - 80, 610
2019-01-25 12:17:10,947 - INFO - fastread - 80, 620
2019-01-25 12:17:10,957 - INFO - fastread - 80, 630
2019-01-25 12:17:10,957 - INFO - fastread - 80, 640
2019-01-25 12:17:10,967 - INFO - fastread - 83, 650
2019-01-25 12:17:10,975 - INFO - fastread - 83, 660
2019-01-25 12:17:10,977 - INFO - fastread - 83, 670
2019-01-25 12:17:10,987 - INFO - fastread - 83, 680
2019-01-25 12:17:10,987 - INFO - fastread - 83, 690
2019-01-25 12:17:10,997 - INFO - fastread - 93, 700
2019-01-25 12:17:11,007 - INFO - fastread - 103, 710
2019-01-25 12:17:11,016 - INFO - fastread - 113, 720
2019-01-25 12:17:11,018 - INFO - fastread - 123, 730
2019-01-25 12:17:11,028 - INFO - fastread - 133, 740
2019-01-25 12:17:11,028 - INFO - fastread - 143, 750
2019-01-25 12:17:11,038 - INFO - fastread - 144, 760
2019-01-25 12:17:11,048 - INFO - fastread - 144, 770
2019-01-25 12:17:11,056 - INFO - fastread - 144, 780
2019-01-25 12:17:11,058 - INFO - fastread - 144, 790
2019-01-25 12:17:11,068 - INFO - fastread - 144, 800
2019-01-25 12:17:11,076 - INFO - fastread - 144, 810
2019-01-25 12:17:11,088 - INFO - fastread - 144, 820
2019-01-25 12:17:11,088 - INFO - fastread - 144, 830
2019-01-25 12:17:11,098 - INFO - fastread - 144, 840
2019-01-25 12:17:11,136 - INFO - fastread - 144, 850
2019-01-25 12:17:11,149 - INFO - fastread - 144, 860
2019-01-25 12:17:11,159 - INFO - fastread - 144, 870
2019-01-25 12:17:11,189 - INFO - fastread - 144, 880
2019-01-25 12:17:11,207 - INFO - fastread - 144, 890
2019-01-25 12:17:11,330 - INFO - fastread - 144, 900
2019-01-25 12:17:11,388 - INFO - fastread - 144, 910
2019-01-25 12:17:11,491 - INFO - fastread - 144, 920
2019-01-25 12:17:11,501 - INFO - fastread - 144, 930
2019-01-25 12:17:11,511 - INFO - fastread - 144, 940
2019-01-25 12:17:11,521 - INFO - fastread - 144, 950
2019-01-25 12:17:11,531 - INFO - fastread - 144, 960
2019-01-25 12:17:11,642 - INFO - fastread - 144, 970
2019-01-25 12:17:11,682 - INFO - fastread - 144, 980
2019-01-25 12:17:11,692 - INFO - fastread - 144, 990
2019-01-25 12:17:11,743 - INFO - fastread - 144, 1000
2019-01-25 12:17:11,753 - INFO - fastread - 144, 1010
2019-01-25 12:17:11,761 - INFO - fastread - 144, 1020
2019-01-25 12:17:11,763 - INFO - fastread - 144, 1030
2019-01-25 12:17:11,773 - INFO - fastread - 144, 1040
2019-01-25 12:17:11,773 - INFO - fastread - 144, 1050
2019-01-25 12:17:11,793 - INFO - fastread - 144, 1060
2019-01-25 12:17:11,811 - INFO - fastread - 144, 1070
2019-01-25 12:17:11,833 - INFO - fastread - 144, 1080
2019-01-25 12:17:11,854 - INFO - fastread - 144, 1090
2019-01-25 12:17:11,864 - INFO - fastread - 144, 1100
2019-01-25 12:17:11,884 - INFO - fastread - 144, 1110
2019-01-25 12:17:11,914 - INFO - fastread - 144, 1120
2019-01-25 12:17:11,944 - INFO - fastread - 144, 1130
2019-01-25 12:17:11,954 - INFO - fastread - 144, 1140
2019-01-25 12:17:11,964 - INFO - fastread - 144, 1150
2019-01-25 12:17:11,995 - INFO - fastread - 144, 1160
2019-01-25 12:17:12,015 - INFO - fastread - 144, 1170
2019-01-25 12:17:12,025 - INFO - fastread - 144, 1180
2019-01-25 12:17:12,043 - INFO - fastread - 144, 1190
2019-01-25 12:17:12,055 - INFO - fastread - 144, 1200
2019-01-25 12:17:12,136 - INFO - fastread - 144, 1210
2019-01-25 12:17:12,156 - INFO - fastread - 144, 1220
2019-01-25 12:17:12,156 - INFO - fastread - 144, 1230
2019-01-25 12:17:12,174 - INFO - fastread - 144, 1240
2019-01-25 12:17:12,297 - INFO - fastread - 144, 1250
2019-01-25 12:17:12,317 - INFO - fastread - 144, 1260
2019-01-25 12:17:12,337 - INFO - fastread - 144, 1270
2019-01-25 12:17:12,365 - INFO - fastread - 144, 1280
2019-01-25 12:17:12,438 - INFO - fastread - 145, 1290
2019-01-25 12:17:12,458 - INFO - fastread - 145, 1300
2019-01-25 12:17:12,468 - INFO - fastread - 145, 1310
2019-01-25 12:17:12,496 - INFO - fastread - 146, 1320
2019-01-25 12:17:12,498 - INFO - fastread - 146, 1330
2019-01-25 12:17:12,508 - INFO - fastread - 146, 1340
2019-01-25 12:17:12,518 - INFO - fastread - 146, 1350
2019-01-25 12:17:12,526 - INFO - fastread - 148, 1360
2019-01-25 12:17:12,529 - INFO - fastread - 148, 1370
2019-01-25 12:17:12,539 - INFO - fastread - 148, 1380
2019-01-25 12:17:12,547 - INFO - fastread - 148, 1390
2019-01-25 12:17:12,549 - INFO - fastread - 148, 1400
2019-01-25 12:17:12,559 - INFO - fastread - 148, 1410
2019-01-25 12:17:12,567 - INFO - fastread - 148, 1420
2019-01-25 12:17:12,569 - INFO - fastread - 148, 1430
2019-01-25 12:17:12,577 - INFO - fastread - 148, 1440
2019-01-25 12:17:12,579 - INFO - fastread - 148, 1450
2019-01-25 12:17:12,589 - INFO - fastread - 148, 1460
2019-01-25 12:17:12,589 - INFO - fastread - 148, 1470
2019-01-25 12:17:12,599 - INFO - fastread - 148, 1480
2019-01-25 12:17:12,599 - INFO - fastread - 149, 1490
2019-01-25 12:17:12,609 - INFO - fastread - 150, 1500
2019-01-25 12:17:12,617 - INFO - fastread - 150, 1510
2019-01-25 12:17:12,629 - INFO - fastread - 151, 1520
2019-01-25 12:17:12,637 - INFO - fastread - 153, 1530
2019-01-25 12:17:12,639 - INFO - fastread - 153, 1540
2019-01-25 12:17:12,649 - INFO - fastread - 153, 1550
2019-01-25 12:17:12,649 - INFO - fastread - 153, 1560
2019-01-25 12:17:12,669 - INFO - fastread - 153, 1570
2019-01-25 12:17:12,680 - INFO - fastread - 153, 1580
2019-01-25 12:17:12,680 - INFO - fastread - 154, 1590
2019-01-25 12:17:12,690 - INFO - fastread - 154, 1600
2019-01-25 12:17:12,698 - INFO - fastread - 157, 1610
2019-01-25 12:17:12,700 - INFO - fastread - 157, 1620
2019-01-25 12:17:12,710 - INFO - fastread - 157, 1630
2019-01-25 12:17:12,790 - INFO - fastread - 158, 1640
2019-01-25 12:17:12,800 - INFO - fastread - 158, 1650
2019-01-25 12:17:12,819 - INFO - fastread - 158, 1660
2019-01-25 12:17:12,831 - INFO - fastread - 160, 1670
2019-01-25 12:17:12,894 - INFO - fastread - 164, 1680
2019-01-25 12:17:12,931 - INFO - fastread - 164, 1690
2019-01-25 12:17:12,951 - INFO - fastread - 166, 1700
2019-01-25 12:17:12,961 - INFO - fastread - 167, 1710
2019-01-25 12:17:12,992 - INFO - fastread - 169, 1720
2019-01-25 12:17:13,012 - INFO - fastread - 169, 1730
2019-01-25 12:17:13,062 - INFO - fastread - 171, 1740
2019-01-25 12:17:13,072 - INFO - fastread - 171, 1750
2019-01-25 12:17:13,092 - INFO - fastread - 174, 1760
2019-01-25 12:17:13,133 - INFO - fastread - 174, 1770
2019-01-25 12:17:13,133 - INFO - fastread - 174, 1780
2019-01-25 12:17:13,143 - INFO - fastread - 174, 1790
2019-01-25 12:17:13,151 - INFO - fastread - 175, 1800
2019-01-25 12:17:13,153 - INFO - fastread - 175, 1810
2019-01-25 12:17:13,161 - INFO - fastread - 175, 1820
2019-01-25 12:17:13,163 - INFO - fastread - 176, 1830
2019-01-25 12:17:13,173 - INFO - fastread - 176, 1840
2019-01-25 12:17:13,173 - INFO - fastread - 176, 1850
2019-01-25 12:17:13,183 - INFO - fastread - 176, 1860
2019-01-25 12:17:13,183 - INFO - fastread - 176, 1870
2019-01-25 12:17:13,193 - INFO - fastread - 177, 1880
2019-01-25 12:17:13,203 - INFO - fastread - 177, 1890
2019-01-25 12:17:13,203 - INFO - fastread - 177, 1900
2019-01-25 12:17:13,213 - INFO - fastread - 177, 1910
2019-01-25 12:17:13,213 - INFO - fastread - 177, 1920
2019-01-25 12:17:13,223 - INFO - fastread - 177, 1930
2019-01-25 12:17:13,231 - INFO - fastread - 177, 1940
2019-01-25 12:17:13,233 - INFO - fastread - 178, 1950
2019-01-25 12:17:13,243 - INFO - fastread - 178, 1960
2019-01-25 12:17:13,252 - INFO - fastread - 178, 1970
2019-01-25 12:17:13,254 - INFO - fastread - 178, 1980
2019-01-25 12:17:13,264 - INFO - fastread - 178, 1990
2019-01-25 12:17:13,264 - INFO - fastread - 178, 2000
2019-01-25 12:17:13,274 - INFO - fastread - 179, 2010
2019-01-25 12:17:13,282 - INFO - fastread - 179, 2020
2019-01-25 12:17:13,284 - INFO - fastread - 180, 2030
2019-01-25 12:17:13,294 - INFO - fastread - 180, 2040
2019-01-25 12:17:13,294 - INFO - fastread - 180, 2050
2019-01-25 12:17:13,304 - INFO - fastread - 180, 2060
2019-01-25 12:17:13,312 - INFO - fastread - 180, 2070
2019-01-25 12:17:13,314 - INFO - fastread - 180, 2080
2019-01-25 12:17:13,324 - INFO - fastread - 183, 2090
2019-01-25 12:17:13,332 - INFO - fastread - 183, 2100
2019-01-25 12:17:13,334 - INFO - fastread - 184, 2110
2019-01-25 12:17:13,344 - INFO - fastread - 184, 2120
2019-01-25 12:17:13,344 - INFO - fastread - 184, 2130
2019-01-25 12:17:13,355 - INFO - fastread - 185, 2140
2019-01-25 12:17:13,365 - INFO - fastread - 185, 2150
2019-01-25 12:17:13,365 - INFO - fastread - 185, 2160
2019-01-25 12:17:13,375 - INFO - fastread - 185, 2170
2019-01-25 12:17:13,385 - INFO - fastread - 185, 2180
2019-01-25 12:17:13,385 - INFO - fastread - 185, 2190
2019-01-25 12:17:13,395 - INFO - fastread - 185, 2200
2019-01-25 12:17:13,403 - INFO - fastread - 185, 2210
2019-01-25 12:17:13,405 - INFO - fastread - 185, 2220
2019-01-25 12:17:13,415 - INFO - fastread - 185, 2230
2019-01-25 12:17:13,423 - INFO - fastread - 185, 2240
2019-01-25 12:17:13,425 - INFO - fastread - 185, 2250
2019-01-25 12:17:13,435 - INFO - fastread - 185, 2260
2019-01-25 12:17:13,435 - INFO - fastread - 185, 2270
2019-01-25 12:17:13,445 - INFO - fastread - 185, 2280
2019-01-25 12:17:13,453 - INFO - fastread - 185, 2290
2019-01-25 12:17:13,455 - INFO - fastread - 185, 2300
2019-01-25 12:17:13,466 - INFO - fastread - 187, 2310
2019-01-25 12:17:13,474 - INFO - fastread - 187, 2320
2019-01-25 12:17:13,476 - INFO - fastread - 187, 2330
2019-01-25 12:17:13,486 - INFO - fastread - 187, 2340
2019-01-25 12:17:13,494 - INFO - fastread - 187, 2350
2019-01-25 12:17:13,496 - INFO - fastread - 189, 2360
2019-01-25 12:17:13,506 - INFO - fastread - 189, 2370
2019-01-25 12:17:13,506 - INFO - fastread - 189, 2380
2019-01-25 12:17:13,516 - INFO - fastread - 190, 2390
2019-01-25 12:17:13,526 - INFO - fastread - 190, 2400
2019-01-25 12:17:13,526 - INFO - fastread - 190, 2410
2019-01-25 12:17:13,536 - INFO - fastread - 190, 2420
2019-01-25 12:17:13,544 - INFO - fastread - 190, 2430
2019-01-25 12:17:13,546 - INFO - fastread - 190, 2440
2019-01-25 12:17:13,556 - INFO - fastread - 190, 2450
2019-01-25 12:17:13,556 - INFO - fastread - 191, 2460
2019-01-25 12:17:13,566 - INFO - fastread - 191, 2470
2019-01-25 12:17:13,574 - INFO - fastread - 191, 2480
2019-01-25 12:17:13,577 - INFO - fastread - 191, 2490
2019-01-25 12:17:13,587 - INFO - fastread - 191, 2500
2019-01-25 12:17:13,595 - INFO - fastread - 191, 2510
2019-01-25 12:17:13,597 - INFO - fastread - 191, 2520
2019-01-25 12:17:13,607 - INFO - fastread - 191, 2530
2019-01-25 12:17:13,607 - INFO - fastread - 191, 2540
2019-01-25 12:17:13,617 - INFO - fastread - 191, 2550
2019-01-25 12:17:13,625 - INFO - fastread - 191, 2560
2019-01-25 12:17:13,627 - INFO - fastread - 191, 2570
2019-01-25 12:17:13,637 - INFO - fastread - 191, 2580
2019-01-25 12:17:13,645 - INFO - fastread - 191, 2590
2019-01-25 12:17:13,647 - INFO - fastread - 191, 2600
2019-01-25 12:17:13,657 - INFO - fastread - 191, 2610
2019-01-25 12:17:13,665 - INFO - fastread - 191, 2620
2019-01-25 12:17:13,667 - INFO - fastread - 191, 2630
2019-01-25 12:17:13,677 - INFO - fastread - 191, 2640
2019-01-25 12:17:13,686 - INFO - fastread - 191, 2650
2019-01-25 12:17:13,688 - INFO - fastread - 191, 2660
2019-01-25 12:17:13,698 - INFO - fastread - 191, 2670
2019-01-25 12:17:13,706 - INFO - fastread - 191, 2680
2019-01-25 12:17:13,708 - INFO - fastread - 191, 2690
2019-01-25 12:17:13,718 - INFO - fastread - 191, 2700
2019-01-25 12:17:13,726 - INFO - fastread - 191, 2710
2019-01-25 12:17:13,728 - INFO - fastread - 191, 2720
2019-01-25 12:17:13,738 - INFO - fastread - 191, 2730
2019-01-25 12:17:13,746 - INFO - fastread - 191, 2740
2019-01-25 12:17:13,748 - INFO - fastread - 191, 2750
2019-01-25 12:17:13,758 - INFO - fastread - 191, 2760
2019-01-25 12:17:13,766 - INFO - fastread - 191, 2770
2019-01-25 12:17:13,768 - INFO - fastread - 191, 2780
2019-01-25 12:17:13,779 - INFO - fastread - 191, 2790
2019-01-25 12:17:13,787 - INFO - fastread - 191, 2800
2019-01-25 12:17:13,789 - INFO - fastread - 191, 2810
2019-01-25 12:17:13,799 - INFO - fastread - 191, 2820
2019-01-25 12:17:13,807 - INFO - fastread - 191, 2830
2019-01-25 12:17:13,809 - INFO - fastread - 191, 2840
2019-01-25 12:17:13,819 - INFO - fastread - 191, 2850
2019-01-25 12:17:13,827 - INFO - fastread - 191, 2860
2019-01-25 12:17:13,829 - INFO - fastread - 191, 2870
2019-01-25 12:17:13,839 - INFO - fastread - 191, 2880
2019-01-25 12:17:13,847 - INFO - fastread - 191, 2890
2019-01-25 12:17:13,849 - INFO - fastread - 191, 2900
2019-01-25 12:17:13,859 - INFO - fastread - 191, 2910
2019-01-25 12:17:13,867 - INFO - fastread - 191, 2920
2019-01-25 12:17:13,869 - INFO - fastread - 191, 2930
2019-01-25 12:17:13,879 - INFO - fastread - 191, 2940
2019-01-25 12:17:13,887 - INFO - fastread - 191, 2950
2019-01-25 12:17:13,889 - INFO - fastread - 191, 2960
2019-01-25 12:17:13,900 - INFO - fastread - 191, 2970
2019-01-25 12:17:13,908 - INFO - fastread - 192, 2980
2019-01-25 12:17:13,910 - INFO - fastread - 192, 2990
2019-01-25 12:17:13,920 - INFO - fastread - 192, 3000
2019-01-25 12:17:13,928 - INFO - fastread - 197, 3010
2019-01-25 12:17:13,930 - INFO - fastread - 202, 3020
2019-01-25 12:17:13,950 - INFO - rig - ++++NEW CLF++++ KNN
2019-01-25 12:17:13,950 - INFO - fastread - Total Yes: 209 | Total No: 4199
2019-01-25 12:18:22,929 - INFO - fastread - 10, 10
2019-01-25 12:18:22,947 - INFO - fastread - 20, 20
2019-01-25 12:18:22,949 - INFO - fastread - 23, 30
2019-01-25 12:18:22,960 - INFO - fastread - 26, 40
2019-01-25 12:18:22,970 - INFO - fastread - 27, 50
2019-01-25 12:18:22,970 - INFO - fastread - 28, 60
2019-01-25 12:18:22,980 - INFO - fastread - 28, 70
2019-01-25 12:18:22,990 - INFO - fastread - 29, 80
2019-01-25 12:18:23,008 - INFO - fastread - 30, 90
2019-01-25 12:18:23,010 - INFO - fastread - 32, 100
2019-01-25 12:18:23,020 - INFO - fastread - 34, 110
2019-01-25 12:18:23,028 - INFO - fastread - 36, 120
2019-01-25 12:18:23,030 - INFO - fastread - 38, 130
2019-01-25 12:18:23,040 - INFO - fastread - 38, 140
2019-01-25 12:18:23,050 - INFO - fastread - 40, 150
2019-01-25 12:18:23,058 - INFO - fastread - 40, 160
2019-01-25 12:18:23,060 - INFO - fastread - 40, 170
2019-01-25 12:18:23,070 - INFO - fastread - 43, 180
2019-01-25 12:18:23,079 - INFO - fastread - 43, 190
2019-01-25 12:18:23,091 - INFO - fastread - 44, 200
2019-01-25 12:18:23,091 - INFO - fastread - 44, 210
2019-01-25 12:18:23,101 - INFO - fastread - 45, 220
2019-01-25 12:18:23,111 - INFO - fastread - 45, 230
2019-01-25 12:18:23,131 - INFO - fastread - 45, 240
2019-01-25 12:18:23,131 - INFO - fastread - 45, 250
2019-01-25 12:18:23,141 - INFO - fastread - 45, 260
2019-01-25 12:18:23,151 - INFO - fastread - 45, 270
2019-01-25 12:18:23,159 - INFO - fastread - 45, 280
2019-01-25 12:18:23,161 - INFO - fastread - 45, 290
2019-01-25 12:18:23,171 - INFO - fastread - 45, 300
2019-01-25 12:18:23,181 - INFO - fastread - 45, 310
2019-01-25 12:18:23,189 - INFO - fastread - 46, 320
2019-01-25 12:18:23,191 - INFO - fastread - 46, 330
2019-01-25 12:18:23,202 - INFO - fastread - 46, 340
2019-01-25 12:18:23,210 - INFO - fastread - 48, 350
2019-01-25 12:18:23,220 - INFO - fastread - 48, 360
2019-01-25 12:18:23,222 - INFO - fastread - 48, 370
2019-01-25 12:18:23,232 - INFO - fastread - 48, 380
2019-01-25 12:18:23,240 - INFO - fastread - 48, 390
2019-01-25 12:18:23,242 - INFO - fastread - 48, 400
2019-01-25 12:18:23,260 - INFO - fastread - 48, 410
2019-01-25 12:18:23,262 - INFO - fastread - 48, 420
2019-01-25 12:18:23,272 - INFO - fastread - 48, 430
2019-01-25 12:18:23,272 - INFO - fastread - 48, 440
2019-01-25 12:18:23,282 - INFO - fastread - 49, 450
2019-01-25 12:18:23,300 - INFO - fastread - 49, 460
2019-01-25 12:18:23,303 - INFO - fastread - 49, 470
2019-01-25 12:18:23,313 - INFO - fastread - 49, 480
2019-01-25 12:18:23,321 - INFO - fastread - 50, 490
2019-01-25 12:18:23,323 - INFO - fastread - 50, 500
2019-01-25 12:18:23,333 - INFO - fastread - 50, 510
2019-01-25 12:18:23,343 - INFO - fastread - 51, 520
2019-01-25 12:18:23,351 - INFO - fastread - 52, 530
2019-01-25 12:18:23,353 - INFO - fastread - 53, 540
2019-01-25 12:18:23,363 - INFO - fastread - 53, 550
2019-01-25 12:18:23,363 - INFO - fastread - 53, 560
2019-01-25 12:18:23,373 - INFO - fastread - 53, 570
2019-01-25 12:18:23,383 - INFO - fastread - 53, 580
2019-01-25 12:18:23,383 - INFO - fastread - 53, 590
2019-01-25 12:18:23,393 - INFO - fastread - 53, 600
2019-01-25 12:18:23,403 - INFO - fastread - 53, 610
2019-01-25 12:18:23,403 - INFO - fastread - 53, 620
2019-01-25 12:18:23,413 - INFO - fastread - 53, 630
2019-01-25 12:18:23,424 - INFO - fastread - 53, 640
2019-01-25 12:18:23,434 - INFO - fastread - 54, 650
2019-01-25 12:18:23,434 - INFO - fastread - 54, 660
2019-01-25 12:18:23,444 - INFO - fastread - 54, 670
2019-01-25 12:18:23,452 - INFO - fastread - 54, 680
2019-01-25 12:18:23,454 - INFO - fastread - 55, 690
2019-01-25 12:18:23,464 - INFO - fastread - 55, 700
2019-01-25 12:18:23,464 - INFO - fastread - 57, 710
2019-01-25 12:18:23,474 - INFO - fastread - 57, 720
2019-01-25 12:18:23,484 - INFO - fastread - 57, 730
2019-01-25 12:18:23,484 - INFO - fastread - 58, 740
2019-01-25 12:18:23,494 - INFO - fastread - 58, 750
2019-01-25 12:18:23,504 - INFO - fastread - 58, 760
2019-01-25 12:18:23,512 - INFO - fastread - 59, 770
2019-01-25 12:18:23,514 - INFO - fastread - 60, 780
2019-01-25 12:18:23,524 - INFO - fastread - 60, 790
2019-01-25 12:18:23,524 - INFO - fastread - 61, 800
2019-01-25 12:18:23,534 - INFO - fastread - 62, 810
2019-01-25 12:18:23,543 - INFO - fastread - 62, 820
2019-01-25 12:18:23,545 - INFO - fastread - 62, 830
2019-01-25 12:18:23,555 - INFO - fastread - 62, 840
2019-01-25 12:18:23,555 - INFO - fastread - 62, 850
2019-01-25 12:18:23,565 - INFO - fastread - 63, 860
2019-01-25 12:18:23,573 - INFO - fastread - 64, 870
2019-01-25 12:18:23,575 - INFO - fastread - 64, 880
2019-01-25 12:18:23,585 - INFO - fastread - 64, 890
2019-01-25 12:18:23,593 - INFO - fastread - 64, 900
2019-01-25 12:18:23,595 - INFO - fastread - 64, 910
2019-01-25 12:18:23,605 - INFO - fastread - 64, 920
2019-01-25 12:18:23,615 - INFO - fastread - 64, 930
2019-01-25 12:18:23,615 - INFO - fastread - 64, 940
2019-01-25 12:18:23,625 - INFO - fastread - 65, 950
2019-01-25 12:18:23,635 - INFO - fastread - 67, 960
2019-01-25 12:18:23,635 - INFO - fastread - 67, 970
2019-01-25 12:18:23,646 - INFO - fastread - 68, 980
2019-01-25 12:18:23,654 - INFO - fastread - 68, 990
2019-01-25 12:18:23,656 - INFO - fastread - 69, 1000
2019-01-25 12:18:23,666 - INFO - fastread - 69, 1010
2019-01-25 12:18:23,674 - INFO - fastread - 69, 1020
2019-01-25 12:18:23,676 - INFO - fastread - 69, 1030
2019-01-25 12:18:23,686 - INFO - fastread - 69, 1040
2019-01-25 12:18:23,696 - INFO - fastread - 69, 1050
2019-01-25 12:18:23,704 - INFO - fastread - 69, 1060
2019-01-25 12:18:23,706 - INFO - fastread - 69, 1070
2019-01-25 12:18:23,716 - INFO - fastread - 69, 1080
2019-01-25 12:18:23,724 - INFO - fastread - 70, 1090
2019-01-25 12:18:23,726 - INFO - fastread - 70, 1100
2019-01-25 12:18:23,736 - INFO - fastread - 70, 1110
2019-01-25 12:18:23,736 - INFO - fastread - 70, 1120
2019-01-25 12:18:23,746 - INFO - fastread - 70, 1130
2019-01-25 12:18:23,754 - INFO - fastread - 71, 1140
2019-01-25 12:18:23,756 - INFO - fastread - 71, 1150
2019-01-25 12:18:23,767 - INFO - fastread - 73, 1160
2019-01-25 12:18:23,767 - INFO - fastread - 74, 1170
2019-01-25 12:18:23,777 - INFO - fastread - 74, 1180
2019-01-25 12:18:23,785 - INFO - fastread - 74, 1190
2019-01-25 12:18:23,787 - INFO - fastread - 74, 1200
2019-01-25 12:18:23,797 - INFO - fastread - 74, 1210
2019-01-25 12:18:23,797 - INFO - fastread - 75, 1220
2019-01-25 12:18:23,807 - INFO - fastread - 75, 1230
2019-01-25 12:18:23,817 - INFO - fastread - 76, 1240
2019-01-25 12:18:23,825 - INFO - fastread - 77, 1250
2019-01-25 12:18:23,827 - INFO - fastread - 78, 1260
2019-01-25 12:18:23,837 - INFO - fastread - 78, 1270
2019-01-25 12:18:23,847 - INFO - fastread - 78, 1280
2019-01-25 12:18:23,847 - INFO - fastread - 78, 1290
2019-01-25 12:18:23,857 - INFO - fastread - 78, 1300
2019-01-25 12:18:23,865 - INFO - fastread - 78, 1310
2019-01-25 12:18:23,867 - INFO - fastread - 78, 1320
2019-01-25 12:18:23,878 - INFO - fastread - 78, 1330
2019-01-25 12:18:23,888 - INFO - fastread - 79, 1340
2019-01-25 12:18:23,896 - INFO - fastread - 79, 1350
2019-01-25 12:18:23,898 - INFO - fastread - 79, 1360
2019-01-25 12:18:23,908 - INFO - fastread - 79, 1370
2019-01-25 12:18:23,918 - INFO - fastread - 79, 1380
2019-01-25 12:18:23,918 - INFO - fastread - 79, 1390
2019-01-25 12:18:23,928 - INFO - fastread - 79, 1400
2019-01-25 12:18:23,938 - INFO - fastread - 79, 1410
2019-01-25 12:18:23,946 - INFO - fastread - 79, 1420
2019-01-25 12:18:23,948 - INFO - fastread - 79, 1430
2019-01-25 12:18:23,958 - INFO - fastread - 79, 1440
2019-01-25 12:18:23,966 - INFO - fastread - 79, 1450
2019-01-25 12:18:23,968 - INFO - fastread - 80, 1460
2019-01-25 12:18:23,978 - INFO - fastread - 80, 1470
2019-01-25 12:18:23,987 - INFO - fastread - 81, 1480
2019-01-25 12:18:23,989 - INFO - fastread - 81, 1490
2019-01-25 12:18:23,999 - INFO - fastread - 81, 1500
2019-01-25 12:18:24,009 - INFO - fastread - 81, 1510
2019-01-25 12:18:24,009 - INFO - fastread - 82, 1520
2019-01-25 12:18:24,019 - INFO - fastread - 84, 1530
2019-01-25 12:18:24,029 - INFO - fastread - 84, 1540
2019-01-25 12:18:24,037 - INFO - fastread - 86, 1550
2019-01-25 12:18:24,039 - INFO - fastread - 89, 1560
2019-01-25 12:18:24,049 - INFO - fastread - 89, 1570
2019-01-25 12:18:24,059 - INFO - fastread - 89, 1580
2019-01-25 12:18:24,059 - INFO - fastread - 90, 1590
2019-01-25 12:18:24,077 - INFO - fastread - 90, 1600
2019-01-25 12:18:24,079 - INFO - fastread - 90, 1610
2019-01-25 12:18:24,090 - INFO - fastread - 90, 1620
2019-01-25 12:18:24,090 - INFO - fastread - 92, 1630
2019-01-25 12:18:24,100 - INFO - fastread - 92, 1640
2019-01-25 12:18:24,108 - INFO - fastread - 92, 1650
2019-01-25 12:18:24,110 - INFO - fastread - 93, 1660
2019-01-25 12:18:24,120 - INFO - fastread - 93, 1670
2019-01-25 12:18:24,120 - INFO - fastread - 94, 1680
2019-01-25 12:18:24,130 - INFO - fastread - 95, 1690
2019-01-25 12:18:24,141 - INFO - fastread - 96, 1700
2019-01-25 12:18:24,151 - INFO - fastread - 96, 1710
2019-01-25 12:18:24,151 - INFO - fastread - 96, 1720
2019-01-25 12:18:24,161 - INFO - fastread - 97, 1730
2019-01-25 12:18:24,171 - INFO - fastread - 97, 1740
2019-01-25 12:18:24,181 - INFO - fastread - 97, 1750
2019-01-25 12:18:24,181 - INFO - fastread - 98, 1760
2019-01-25 12:18:24,191 - INFO - fastread - 98, 1770
2019-01-25 12:18:24,201 - INFO - fastread - 99, 1780
2019-01-25 12:18:24,211 - INFO - fastread - 99, 1790
2019-01-25 12:18:24,219 - INFO - fastread - 99, 1800
2019-01-25 12:18:24,221 - INFO - fastread - 99, 1810
2019-01-25 12:18:24,231 - INFO - fastread - 99, 1820
2019-01-25 12:18:24,241 - INFO - fastread - 99, 1830
2019-01-25 12:18:24,241 - INFO - fastread - 100, 1840
2019-01-25 12:18:24,251 - INFO - fastread - 102, 1850
2019-01-25 12:18:24,259 - INFO - fastread - 102, 1860
2019-01-25 12:18:24,261 - INFO - fastread - 103, 1870
2019-01-25 12:18:24,272 - INFO - fastread - 103, 1880
2019-01-25 12:18:24,280 - INFO - fastread - 103, 1890
2019-01-25 12:18:24,282 - INFO - fastread - 103, 1900
2019-01-25 12:18:24,292 - INFO - fastread - 103, 1910
2019-01-25 12:18:24,300 - INFO - fastread - 103, 1920
2019-01-25 12:18:24,302 - INFO - fastread - 103, 1930
2019-01-25 12:18:24,312 - INFO - fastread - 103, 1940
2019-01-25 12:18:24,322 - INFO - fastread - 103, 1950
2019-01-25 12:18:24,322 - INFO - fastread - 103, 1960
2019-01-25 12:18:24,332 - INFO - fastread - 103, 1970
2019-01-25 12:18:24,342 - INFO - fastread - 103, 1980
2019-01-25 12:18:24,350 - INFO - fastread - 103, 1990
2019-01-25 12:18:24,352 - INFO - fastread - 104, 2000
2019-01-25 12:18:24,362 - INFO - fastread - 104, 2010
2019-01-25 12:18:24,370 - INFO - fastread - 104, 2020
2019-01-25 12:18:24,372 - INFO - fastread - 105, 2030
2019-01-25 12:18:24,386 - INFO - fastread - 107, 2040
2019-01-25 12:18:24,393 - INFO - fastread - 108, 2050
2019-01-25 12:18:24,400 - INFO - fastread - 108, 2060
2019-01-25 12:18:24,405 - INFO - fastread - 108, 2070
2019-01-25 12:18:24,411 - INFO - fastread - 108, 2080
2019-01-25 12:18:24,413 - INFO - fastread - 109, 2090
2019-01-25 12:18:24,423 - INFO - fastread - 109, 2100
2019-01-25 12:18:24,433 - INFO - fastread - 110, 2110
2019-01-25 12:18:24,441 - INFO - fastread - 110, 2120
2019-01-25 12:18:24,443 - INFO - fastread - 112, 2130
2019-01-25 12:18:24,453 - INFO - fastread - 112, 2140
2019-01-25 12:18:24,461 - INFO - fastread - 115, 2150
2019-01-25 12:18:24,463 - INFO - fastread - 115, 2160
2019-01-25 12:18:24,473 - INFO - fastread - 116, 2170
2019-01-25 12:18:24,481 - INFO - fastread - 116, 2180
2019-01-25 12:18:24,484 - INFO - fastread - 116, 2190
2019-01-25 12:18:24,494 - INFO - fastread - 116, 2200
2019-01-25 12:18:24,504 - INFO - fastread - 116, 2210
2019-01-25 12:18:24,504 - INFO - fastread - 116, 2220
2019-01-25 12:18:24,514 - INFO - fastread - 116, 2230
2019-01-25 12:18:24,522 - INFO - fastread - 117, 2240
2019-01-25 12:18:24,524 - INFO - fastread - 118, 2250
2019-01-25 12:18:24,534 - INFO - fastread - 118, 2260
2019-01-25 12:18:24,534 - INFO - fastread - 118, 2270
2019-01-25 12:18:24,544 - INFO - fastread - 119, 2280
2019-01-25 12:18:24,552 - INFO - fastread - 119, 2290
2019-01-25 12:18:24,560 - INFO - fastread - 119, 2300
2019-01-25 12:18:24,566 - INFO - fastread - 119, 2310
2019-01-25 12:18:24,572 - INFO - fastread - 119, 2320
2019-01-25 12:18:24,575 - INFO - fastread - 119, 2330
2019-01-25 12:18:24,585 - INFO - fastread - 121, 2340
2019-01-25 12:18:24,595 - INFO - fastread - 121, 2350
2019-01-25 12:18:24,603 - INFO - fastread - 122, 2360
2019-01-25 12:18:24,605 - INFO - fastread - 122, 2370
2019-01-25 12:18:24,615 - INFO - fastread - 122, 2380
2019-01-25 12:18:24,623 - INFO - fastread - 122, 2390
2019-01-25 12:18:24,625 - INFO - fastread - 122, 2400
2019-01-25 12:18:24,635 - INFO - fastread - 122, 2410
2019-01-25 12:18:24,643 - INFO - fastread - 122, 2420
2019-01-25 12:18:24,645 - INFO - fastread - 123, 2430
2019-01-25 12:18:24,655 - INFO - fastread - 123, 2440
2019-01-25 12:18:24,665 - INFO - fastread - 123, 2450
2019-01-25 12:18:24,675 - INFO - fastread - 124, 2460
2019-01-25 12:18:24,683 - INFO - fastread - 124, 2470
2019-01-25 12:18:24,685 - INFO - fastread - 124, 2480
2019-01-25 12:18:24,696 - INFO - fastread - 124, 2490
2019-01-25 12:18:24,696 - INFO - fastread - 124, 2500
2019-01-25 12:18:24,706 - INFO - fastread - 126, 2510
2019-01-25 12:18:24,716 - INFO - fastread - 127, 2520
2019-01-25 12:18:24,724 - INFO - fastread - 127, 2530
2019-01-25 12:18:24,726 - INFO - fastread - 127, 2540
2019-01-25 12:18:24,736 - INFO - fastread - 127, 2550
2019-01-25 12:18:24,736 - INFO - fastread - 128, 2560
2019-01-25 12:18:24,746 - INFO - fastread - 128, 2570
2019-01-25 12:18:24,756 - INFO - fastread - 128, 2580
2019-01-25 12:18:24,766 - INFO - fastread - 128, 2590
2019-01-25 12:18:24,776 - INFO - fastread - 129, 2600
2019-01-25 12:18:24,784 - INFO - fastread - 130, 2610
2019-01-25 12:18:24,786 - INFO - fastread - 130, 2620
2019-01-25 12:18:24,796 - INFO - fastread - 130, 2630
2019-01-25 12:18:24,796 - INFO - fastread - 131, 2640
2019-01-25 12:18:24,806 - INFO - fastread - 131, 2650
2019-01-25 12:18:24,816 - INFO - fastread - 132, 2660
2019-01-25 12:18:24,816 - INFO - fastread - 133, 2670
2019-01-25 12:18:24,826 - INFO - fastread - 133, 2680
2019-01-25 12:18:24,837 - INFO - fastread - 134, 2690
2019-01-25 12:18:24,837 - INFO - fastread - 134, 2700
2019-01-25 12:18:24,847 - INFO - fastread - 135, 2710
2019-01-25 12:18:24,857 - INFO - fastread - 135, 2720
2019-01-25 12:18:24,869 - INFO - fastread - 137, 2730
2019-01-25 12:18:24,877 - INFO - fastread - 137, 2740
2019-01-25 12:18:24,885 - INFO - fastread - 137, 2750
2019-01-25 12:18:24,894 - INFO - fastread - 137, 2760
2019-01-25 12:18:24,898 - INFO - fastread - 137, 2770
2019-01-25 12:18:24,907 - INFO - fastread - 137, 2780
2019-01-25 12:18:24,917 - INFO - fastread - 139, 2790
2019-01-25 12:18:24,925 - INFO - fastread - 139, 2800
2019-01-25 12:18:24,927 - INFO - fastread - 139, 2810
2019-01-25 12:18:24,937 - INFO - fastread - 140, 2820
2019-01-25 12:18:24,947 - INFO - fastread - 140, 2830
2019-01-25 12:18:24,947 - INFO - fastread - 140, 2840
2019-01-25 12:18:24,957 - INFO - fastread - 141, 2850
2019-01-25 12:18:24,967 - INFO - fastread - 141, 2860
2019-01-25 12:18:24,967 - INFO - fastread - 141, 2870
2019-01-25 12:18:24,978 - INFO - fastread - 141, 2880
2019-01-25 12:18:24,988 - INFO - fastread - 141, 2890
2019-01-25 12:18:24,988 - INFO - fastread - 141, 2900
2019-01-25 12:18:24,998 - INFO - fastread - 141, 2910
2019-01-25 12:18:25,008 - INFO - fastread - 142, 2920
2019-01-25 12:18:25,018 - INFO - fastread - 143, 2930
2019-01-25 12:18:25,028 - INFO - fastread - 143, 2940
2019-01-25 12:18:25,039 - INFO - fastread - 143, 2950
2019-01-25 12:18:25,049 - INFO - fastread - 144, 2960
2019-01-25 12:18:25,049 - INFO - fastread - 146, 2970
2019-01-25 12:18:25,059 - INFO - fastread - 146, 2980
2019-01-25 12:18:25,069 - INFO - fastread - 147, 2990
2019-01-25 12:18:25,079 - INFO - fastread - 148, 3000
2019-01-25 12:18:25,089 - INFO - fastread - 148, 3010
2019-01-25 12:18:25,099 - INFO - fastread - 148, 3020
2019-01-25 12:18:25,109 - INFO - fastread - 148, 3030
2019-01-25 12:18:25,109 - INFO - fastread - 148, 3040
2019-01-25 12:18:25,119 - INFO - fastread - 149, 3050
2019-01-25 12:18:25,127 - INFO - fastread - 151, 3060
2019-01-25 12:18:25,139 - INFO - fastread - 152, 3070
2019-01-25 12:18:25,139 - INFO - fastread - 153, 3080
2019-01-25 12:18:25,149 - INFO - fastread - 154, 3090
2019-01-25 12:18:25,160 - INFO - fastread - 154, 3100
2019-01-25 12:18:25,160 - INFO - fastread - 154, 3110
2019-01-25 12:18:25,170 - INFO - fastread - 154, 3120
2019-01-25 12:18:25,180 - INFO - fastread - 154, 3130
2019-01-25 12:18:25,188 - INFO - fastread - 154, 3140
2019-01-25 12:18:25,190 - INFO - fastread - 154, 3150
2019-01-25 12:18:25,220 - INFO - fastread - 154, 3160
2019-01-25 12:18:25,230 - INFO - fastread - 155, 3170
2019-01-25 12:18:25,240 - INFO - fastread - 155, 3180
2019-01-25 12:18:25,240 - INFO - fastread - 155, 3190
2019-01-25 12:18:25,250 - INFO - fastread - 156, 3200
2019-01-25 12:18:25,260 - INFO - fastread - 156, 3210
2019-01-25 12:18:25,260 - INFO - fastread - 156, 3220
2019-01-25 12:18:25,270 - INFO - fastread - 156, 3230
2019-01-25 12:18:25,281 - INFO - fastread - 157, 3240
2019-01-25 12:18:25,281 - INFO - fastread - 157, 3250
2019-01-25 12:18:25,291 - INFO - fastread - 157, 3260
2019-01-25 12:18:25,301 - INFO - fastread - 157, 3270
2019-01-25 12:18:25,301 - INFO - fastread - 159, 3280
2019-01-25 12:18:25,311 - INFO - fastread - 160, 3290
2019-01-25 12:18:25,319 - INFO - fastread - 161, 3300
2019-01-25 12:18:25,321 - INFO - fastread - 161, 3310
2019-01-25 12:18:25,331 - INFO - fastread - 161, 3320
2019-01-25 12:18:25,339 - INFO - fastread - 161, 3330
2019-01-25 12:18:25,341 - INFO - fastread - 161, 3340
2019-01-25 12:18:25,351 - INFO - fastread - 161, 3350
2019-01-25 12:18:25,359 - INFO - fastread - 161, 3360
2019-01-25 12:18:25,361 - INFO - fastread - 162, 3370
2019-01-25 12:18:25,371 - INFO - fastread - 163, 3380
2019-01-25 12:18:25,381 - INFO - fastread - 164, 3390
2019-01-25 12:18:25,389 - INFO - fastread - 164, 3400
2019-01-25 12:18:25,391 - INFO - fastread - 164, 3410
2019-01-25 12:18:25,401 - INFO - fastread - 165, 3420
2019-01-25 12:18:25,412 - INFO - fastread - 166, 3430
2019-01-25 12:18:25,422 - INFO - fastread - 166, 3440
2019-01-25 12:18:25,430 - INFO - fastread - 167, 3450
2019-01-25 12:18:25,432 - INFO - fastread - 167, 3460
2019-01-25 12:18:25,442 - INFO - fastread - 168, 3470
2019-01-25 12:18:25,452 - INFO - fastread - 168, 3480
2019-01-25 12:18:25,460 - INFO - fastread - 170, 3490
2019-01-25 12:18:25,462 - INFO - fastread - 170, 3500
2019-01-25 12:18:25,472 - INFO - fastread - 171, 3510
2019-01-25 12:18:25,480 - INFO - fastread - 171, 3520
2019-01-25 12:18:25,482 - INFO - fastread - 171, 3530
2019-01-25 12:18:25,492 - INFO - fastread - 172, 3540
2019-01-25 12:18:25,502 - INFO - fastread - 172, 3550
2019-01-25 12:18:25,510 - INFO - fastread - 172, 3560
2019-01-25 12:18:25,512 - INFO - fastread - 173, 3570
2019-01-25 12:18:25,522 - INFO - fastread - 173, 3580
2019-01-25 12:18:25,531 - INFO - fastread - 173, 3590
2019-01-25 12:18:25,543 - INFO - fastread - 173, 3600
2019-01-25 12:18:25,543 - INFO - fastread - 174, 3610
2019-01-25 12:18:25,553 - INFO - fastread - 176, 3620
2019-01-25 12:18:25,563 - INFO - fastread - 176, 3630
2019-01-25 12:18:25,571 - INFO - fastread - 177, 3640
2019-01-25 12:18:25,573 - INFO - fastread - 177, 3650
2019-01-25 12:18:25,583 - INFO - fastread - 177, 3660
2019-01-25 12:18:25,593 - INFO - fastread - 177, 3670
2019-01-25 12:18:25,593 - INFO - fastread - 178, 3680
2019-01-25 12:18:25,603 - INFO - fastread - 178, 3690
2019-01-25 12:18:25,613 - INFO - fastread - 178, 3700
2019-01-25 12:18:25,623 - INFO - fastread - 178, 3710
2019-01-25 12:18:25,631 - INFO - fastread - 178, 3720
2019-01-25 12:18:25,633 - INFO - fastread - 178, 3730
2019-01-25 12:18:25,644 - INFO - fastread - 178, 3740
2019-01-25 12:18:25,652 - INFO - fastread - 178, 3750
2019-01-25 12:18:25,662 - INFO - fastread - 178, 3760
2019-01-25 12:18:25,672 - INFO - fastread - 178, 3770
2019-01-25 12:18:25,674 - INFO - fastread - 178, 3780
2019-01-25 12:18:25,684 - INFO - fastread - 178, 3790
2019-01-25 12:18:25,684 - INFO - fastread - 178, 3800
2019-01-25 12:18:25,694 - INFO - fastread - 178, 3810
2019-01-25 12:18:25,704 - INFO - fastread - 179, 3820
2019-01-25 12:18:25,704 - INFO - fastread - 179, 3830
2019-01-25 12:18:25,714 - INFO - fastread - 180, 3840
2019-01-25 12:18:25,724 - INFO - fastread - 180, 3850
2019-01-25 12:18:25,732 - INFO - fastread - 182, 3860
2019-01-25 12:18:25,734 - INFO - fastread - 182, 3870
2019-01-25 12:18:25,744 - INFO - fastread - 182, 3880
2019-01-25 12:18:25,752 - INFO - fastread - 182, 3890
2019-01-25 12:18:25,755 - INFO - fastread - 183, 3900
2019-01-25 12:18:25,765 - INFO - fastread - 183, 3910
2019-01-25 12:18:25,773 - INFO - fastread - 183, 3920
2019-01-25 12:18:25,775 - INFO - fastread - 183, 3930
2019-01-25 12:18:25,785 - INFO - fastread - 184, 3940
2019-01-25 12:18:25,793 - INFO - fastread - 185, 3950
2019-01-25 12:18:25,795 - INFO - fastread - 186, 3960
2019-01-25 12:18:25,805 - INFO - fastread - 186, 3970
2019-01-25 12:18:25,815 - INFO - fastread - 187, 3980
2019-01-25 12:18:25,823 - INFO - fastread - 189, 3990
2019-01-25 12:18:25,825 - INFO - fastread - 189, 4000
2019-01-25 12:18:25,835 - INFO - fastread - 189, 4010
2019-01-25 12:18:25,845 - INFO - fastread - 191, 4020
2019-01-25 12:18:25,845 - INFO - fastread - 191, 4030
2019-01-25 12:18:25,855 - INFO - fastread - 192, 4040
2019-01-25 12:18:25,866 - INFO - fastread - 192, 4050
2019-01-25 12:18:25,874 - INFO - fastread - 192, 4060
2019-01-25 12:18:25,893 - INFO - fastread - 192, 4070
2019-01-25 12:18:25,901 - INFO - fastread - 194, 4080
2019-01-25 12:18:25,906 - INFO - fastread - 194, 4090
2019-01-25 12:18:25,914 - INFO - fastread - 194, 4100
2019-01-25 12:18:25,916 - INFO - fastread - 194, 4110
2019-01-25 12:18:25,926 - INFO - fastread - 195, 4120
2019-01-25 12:18:25,936 - INFO - fastread - 195, 4130
2019-01-25 12:18:25,944 - INFO - fastread - 195, 4140
2019-01-25 12:18:25,946 - INFO - fastread - 195, 4150
2019-01-25 12:18:25,956 - INFO - fastread - 195, 4160
2019-01-25 12:18:25,966 - INFO - fastread - 196, 4170
2019-01-25 12:18:25,966 - INFO - fastread - 197, 4180
2019-01-25 12:18:25,976 - INFO - fastread - 199, 4190
2019-01-25 12:18:26,035 - INFO - rig - ++++NEW CLF++++ SVM
2019-01-25 12:18:26,037 - INFO - fastread - Total Yes: 209 | Total No: 4199
2019-01-25 12:29:11,727 - INFO - fastread - 10, 10
2019-01-25 12:29:11,737 - INFO - fastread - 19, 20
2019-01-25 12:29:11,747 - INFO - fastread - 27, 30
2019-01-25 12:29:11,747 - INFO - fastread - 37, 40
2019-01-25 12:29:11,757 - INFO - fastread - 46, 50
2019-01-25 12:29:11,757 - INFO - fastread - 54, 60
2019-01-25 12:29:11,767 - INFO - fastread - 61, 70
2019-01-25 12:29:11,767 - INFO - fastread - 66, 80
2019-01-25 12:29:11,778 - INFO - fastread - 72, 90
2019-01-25 12:29:11,778 - INFO - fastread - 77, 100
2019-01-25 12:29:11,788 - INFO - fastread - 78, 110
2019-01-25 12:29:11,788 - INFO - fastread - 84, 120
2019-01-25 12:29:11,788 - INFO - fastread - 92, 130
2019-01-25 12:29:11,798 - INFO - fastread - 98, 140
2019-01-25 12:29:11,806 - INFO - fastread - 102, 150
2019-01-25 12:29:11,808 - INFO - fastread - 104, 160
2019-01-25 12:29:11,819 - INFO - fastread - 106, 170
2019-01-25 12:29:11,819 - INFO - fastread - 109, 180
2019-01-25 12:29:11,829 - INFO - fastread - 112, 190
2019-01-25 12:29:11,837 - INFO - fastread - 116, 200
2019-01-25 12:29:11,839 - INFO - fastread - 120, 210
2019-01-25 12:29:11,849 - INFO - fastread - 121, 220
2019-01-25 12:29:11,857 - INFO - fastread - 122, 230
2019-01-25 12:29:11,859 - INFO - fastread - 122, 240
2019-01-25 12:29:11,867 - INFO - fastread - 123, 250
2019-01-25 12:29:11,869 - INFO - fastread - 123, 260
2019-01-25 12:29:11,879 - INFO - fastread - 123, 270
2019-01-25 12:29:11,879 - INFO - fastread - 126, 280
2019-01-25 12:29:11,889 - INFO - fastread - 126, 290
2019-01-25 12:29:11,897 - INFO - fastread - 126, 300
2019-01-25 12:29:11,899 - INFO - fastread - 126, 310
2019-01-25 12:29:11,909 - INFO - fastread - 126, 320
2019-01-25 12:29:11,909 - INFO - fastread - 126, 330
2019-01-25 12:29:11,919 - INFO - fastread - 126, 340
2019-01-25 12:29:11,919 - INFO - fastread - 126, 350
2019-01-25 12:29:11,930 - INFO - fastread - 126, 360
2019-01-25 12:29:11,938 - INFO - fastread - 126, 370
2019-01-25 12:29:11,940 - INFO - fastread - 126, 380
2019-01-25 12:29:11,950 - INFO - fastread - 126, 390
2019-01-25 12:29:11,950 - INFO - fastread - 126, 400
2019-01-25 12:29:11,960 - INFO - fastread - 126, 410
2019-01-25 12:29:11,970 - INFO - fastread - 126, 420
2019-01-25 12:29:11,970 - INFO - fastread - 126, 430
2019-01-25 12:29:11,980 - INFO - fastread - 126, 440
2019-01-25 12:29:11,988 - INFO - fastread - 126, 450
2019-01-25 12:29:11,990 - INFO - fastread - 126, 460
2019-01-25 12:29:12,000 - INFO - fastread - 126, 470
2019-01-25 12:29:12,008 - INFO - fastread - 126, 480
2019-01-25 12:29:12,010 - INFO - fastread - 126, 490
2019-01-25 12:29:12,020 - INFO - fastread - 126, 500
2019-01-25 12:29:12,020 - INFO - fastread - 126, 510
2019-01-25 12:29:12,030 - INFO - fastread - 126, 520
2019-01-25 12:29:12,039 - INFO - fastread - 127, 530
2019-01-25 12:29:12,041 - INFO - fastread - 127, 540
2019-01-25 12:29:12,049 - INFO - fastread - 127, 550
2019-01-25 12:29:12,051 - INFO - fastread - 127, 560
2019-01-25 12:29:12,061 - INFO - fastread - 127, 570
2019-01-25 12:29:12,061 - INFO - fastread - 127, 580
2019-01-25 12:29:12,071 - INFO - fastread - 127, 590
2019-01-25 12:29:12,079 - INFO - fastread - 127, 600
2019-01-25 12:29:12,081 - INFO - fastread - 127, 610
2019-01-25 12:29:12,081 - INFO - fastread - 127, 620
2019-01-25 12:29:12,091 - INFO - fastread - 127, 630
2019-01-25 12:29:12,091 - INFO - fastread - 127, 640
2019-01-25 12:29:12,101 - INFO - fastread - 127, 650
2019-01-25 12:29:12,101 - INFO - fastread - 127, 660
2019-01-25 12:29:12,111 - INFO - fastread - 127, 670
2019-01-25 12:29:12,119 - INFO - fastread - 127, 680
2019-01-25 12:29:12,121 - INFO - fastread - 127, 690
2019-01-25 12:29:12,131 - INFO - fastread - 127, 700
2019-01-25 12:29:12,131 - INFO - fastread - 127, 710
2019-01-25 12:29:12,141 - INFO - fastread - 127, 720
2019-01-25 12:29:12,149 - INFO - fastread - 127, 730
2019-01-25 12:29:12,151 - INFO - fastread - 127, 740
2019-01-25 12:29:12,162 - INFO - fastread - 128, 750
2019-01-25 12:29:12,162 - INFO - fastread - 128, 760
2019-01-25 12:29:12,172 - INFO - fastread - 128, 770
2019-01-25 12:29:12,182 - INFO - fastread - 128, 780
2019-01-25 12:29:12,182 - INFO - fastread - 128, 790
2019-01-25 12:29:12,192 - INFO - fastread - 128, 800
2019-01-25 12:29:12,192 - INFO - fastread - 128, 810
2019-01-25 12:29:12,202 - INFO - fastread - 128, 820
2019-01-25 12:29:12,202 - INFO - fastread - 128, 830
2019-01-25 12:29:12,210 - INFO - fastread - 128, 840
2019-01-25 12:29:12,212 - INFO - fastread - 128, 850
2019-01-25 12:29:12,220 - INFO - fastread - 128, 860
2019-01-25 12:29:12,222 - INFO - fastread - 128, 870
2019-01-25 12:29:12,232 - INFO - fastread - 128, 880
2019-01-25 12:29:12,232 - INFO - fastread - 128, 890
2019-01-25 12:29:12,242 - INFO - fastread - 128, 900
2019-01-25 12:29:12,250 - INFO - fastread - 128, 910
2019-01-25 12:29:12,252 - INFO - fastread - 128, 920
2019-01-25 12:29:12,262 - INFO - fastread - 128, 930
2019-01-25 12:29:12,270 - INFO - fastread - 128, 940
2019-01-25 12:29:12,272 - INFO - fastread - 128, 950
2019-01-25 12:29:12,283 - INFO - fastread - 128, 960
2019-01-25 12:29:12,291 - INFO - fastread - 128, 970
2019-01-25 12:29:12,293 - INFO - fastread - 128, 980
2019-01-25 12:29:12,301 - INFO - fastread - 131, 990
2019-01-25 12:29:12,303 - INFO - fastread - 141, 1000
2019-01-25 12:29:12,303 - INFO - fastread - 151, 1010
2019-01-25 12:29:12,313 - INFO - fastread - 161, 1020
2019-01-25 12:29:12,313 - INFO - fastread - 171, 1030
2019-01-25 12:29:12,321 - INFO - fastread - 181, 1040
2019-01-25 12:29:12,323 - INFO - fastread - 189, 1050
2019-01-25 12:29:12,333 - INFO - fastread - 189, 1060
2019-01-25 12:29:12,333 - INFO - fastread - 189, 1070
2019-01-25 12:29:12,343 - INFO - fastread - 189, 1080
2019-01-25 12:29:12,351 - INFO - fastread - 189, 1090
2019-01-25 12:29:12,353 - INFO - fastread - 189, 1100
2019-01-25 12:29:12,363 - INFO - fastread - 189, 1110
2019-01-25 12:29:12,371 - INFO - fastread - 190, 1120
2019-01-25 12:29:12,373 - INFO - fastread - 190, 1130
2019-01-25 12:29:12,383 - INFO - fastread - 190, 1140
2019-01-25 12:29:12,391 - INFO - fastread - 190, 1150
2019-01-25 12:29:12,394 - INFO - fastread - 190, 1160
2019-01-25 12:29:12,404 - INFO - fastread - 190, 1170
2019-01-25 12:29:12,404 - INFO - fastread - 190, 1180
2019-01-25 12:29:12,414 - INFO - fastread - 190, 1190
2019-01-25 12:29:12,424 - INFO - fastread - 190, 1200
2019-01-25 12:29:12,424 - INFO - fastread - 190, 1210
2019-01-25 12:29:12,434 - INFO - fastread - 190, 1220
2019-01-25 12:29:12,442 - INFO - fastread - 190, 1230
2019-01-25 12:29:12,444 - INFO - fastread - 190, 1240
2019-01-25 12:29:12,454 - INFO - fastread - 190, 1250
2019-01-25 12:29:12,454 - INFO - fastread - 190, 1260
2019-01-25 12:29:12,464 - INFO - fastread - 190, 1270
2019-01-25 12:29:12,472 - INFO - fastread - 190, 1280
2019-01-25 12:29:12,474 - INFO - fastread - 190, 1290
2019-01-25 12:29:12,484 - INFO - fastread - 190, 1300
2019-01-25 12:29:12,484 - INFO - fastread - 192, 1310
2019-01-25 12:29:12,494 - INFO - fastread - 194, 1320
2019-01-25 12:29:12,502 - INFO - fastread - 194, 1330
2019-01-25 12:29:12,504 - INFO - fastread - 194, 1340
2019-01-25 12:29:12,515 - INFO - fastread - 194, 1350
2019-01-25 12:29:12,523 - INFO - fastread - 194, 1360
2019-01-25 12:29:12,525 - INFO - fastread - 194, 1370
2019-01-25 12:29:12,525 - INFO - fastread - 194, 1380
2019-01-25 12:29:12,535 - INFO - fastread - 194, 1390
2019-01-25 12:29:12,535 - INFO - fastread - 194, 1400
2019-01-25 12:29:12,545 - INFO - fastread - 194, 1410
2019-01-25 12:29:12,553 - INFO - fastread - 194, 1420
2019-01-25 12:29:12,555 - INFO - fastread - 194, 1430
2019-01-25 12:29:12,565 - INFO - fastread - 194, 1440
2019-01-25 12:29:12,565 - INFO - fastread - 194, 1450
2019-01-25 12:29:12,573 - INFO - fastread - 194, 1460
2019-01-25 12:29:12,575 - INFO - fastread - 194, 1470
2019-01-25 12:29:12,575 - INFO - fastread - 194, 1480
2019-01-25 12:29:12,585 - INFO - fastread - 194, 1490
2019-01-25 12:29:12,593 - INFO - fastread - 194, 1500
2019-01-25 12:29:12,595 - INFO - fastread - 194, 1510
2019-01-25 12:29:12,605 - INFO - fastread - 196, 1520
2019-01-25 12:29:12,613 - INFO - fastread - 196, 1530
2019-01-25 12:29:12,615 - INFO - fastread - 196, 1540
2019-01-25 12:29:12,626 - INFO - fastread - 196, 1550
2019-01-25 12:29:12,626 - INFO - fastread - 196, 1560
2019-01-25 12:29:12,636 - INFO - fastread - 196, 1570
2019-01-25 12:29:12,646 - INFO - fastread - 196, 1580
2019-01-25 12:29:12,646 - INFO - fastread - 196, 1590
2019-01-25 12:29:12,656 - INFO - fastread - 196, 1600
2019-01-25 12:29:12,664 - INFO - fastread - 196, 1610
2019-01-25 12:29:12,666 - INFO - fastread - 196, 1620
2019-01-25 12:29:12,676 - INFO - fastread - 196, 1630
2019-01-25 12:29:12,676 - INFO - fastread - 196, 1640
2019-01-25 12:29:12,686 - INFO - fastread - 196, 1650
2019-01-25 12:29:12,696 - INFO - fastread - 196, 1660
2019-01-25 12:29:12,704 - INFO - fastread - 196, 1670
2019-01-25 12:29:12,706 - INFO - fastread - 196, 1680
2019-01-25 12:29:12,706 - INFO - fastread - 196, 1690
2019-01-25 12:29:12,716 - INFO - fastread - 196, 1700
2019-01-25 12:29:12,716 - INFO - fastread - 196, 1710
2019-01-25 12:29:12,726 - INFO - fastread - 196, 1720
2019-01-25 12:29:12,734 - INFO - fastread - 196, 1730
2019-01-25 12:29:12,736 - INFO - fastread - 196, 1740
2019-01-25 12:29:12,747 - INFO - fastread - 196, 1750
2019-01-25 12:29:12,755 - INFO - fastread - 196, 1760
2019-01-25 12:29:12,757 - INFO - fastread - 196, 1770
2019-01-25 12:29:12,767 - INFO - fastread - 196, 1780
2019-01-25 12:29:12,767 - INFO - fastread - 196, 1790
2019-01-25 12:29:12,777 - INFO - fastread - 196, 1800
2019-01-25 12:29:12,785 - INFO - fastread - 196, 1810
2019-01-25 12:29:12,787 - INFO - fastread - 196, 1820
2019-01-25 12:29:12,795 - INFO - fastread - 196, 1830
2019-01-25 12:29:12,797 - INFO - fastread - 196, 1840
2019-01-25 12:29:12,806 - INFO - fastread - 196, 1850
2019-01-25 12:29:12,808 - INFO - fastread - 196, 1860
2019-01-25 12:29:12,818 - INFO - fastread - 196, 1870
2019-01-25 12:29:12,826 - INFO - fastread - 196, 1880
2019-01-25 12:29:12,836 - INFO - fastread - 196, 1890
2019-01-25 12:29:12,838 - INFO - fastread - 196, 1900
2019-01-25 12:29:12,848 - INFO - fastread - 196, 1910
2019-01-25 12:29:12,856 - INFO - fastread - 196, 1920
2019-01-25 12:29:12,858 - INFO - fastread - 196, 1930
2019-01-25 12:29:12,868 - INFO - fastread - 196, 1940
2019-01-25 12:29:12,876 - INFO - fastread - 196, 1950
2019-01-25 12:29:12,878 - INFO - fastread - 196, 1960
2019-01-25 12:29:12,888 - INFO - fastread - 196, 1970
2019-01-25 12:29:12,888 - INFO - fastread - 196, 1980
2019-01-25 12:29:12,898 - INFO - fastread - 196, 1990
2019-01-25 12:29:12,898 - INFO - fastread - 196, 2000
2019-01-25 12:29:12,906 - INFO - fastread - 196, 2010
2019-01-25 12:29:12,908 - INFO - fastread - 196, 2020
2019-01-25 12:29:12,908 - INFO - fastread - 196, 2030
2019-01-25 12:29:12,918 - INFO - fastread - 196, 2040
2019-01-25 12:29:12,918 - INFO - fastread - 196, 2050
2019-01-25 12:29:12,929 - INFO - fastread - 196, 2060
2019-01-25 12:29:12,929 - INFO - fastread - 196, 2070
2019-01-25 12:29:12,939 - INFO - fastread - 196, 2080
2019-01-25 12:29:12,939 - INFO - fastread - 196, 2090
2019-01-25 12:29:12,947 - INFO - fastread - 196, 2100
2019-01-25 12:29:12,949 - INFO - fastread - 196, 2110
2019-01-25 12:29:12,959 - INFO - fastread - 196, 2120
2019-01-25 12:29:12,967 - INFO - fastread - 196, 2130
2019-01-25 12:29:12,969 - INFO - fastread - 196, 2140
2019-01-25 12:29:12,979 - INFO - fastread - 196, 2150
2019-01-25 12:29:12,979 - INFO - fastread - 196, 2160
2019-01-25 12:29:12,989 - INFO - fastread - 196, 2170
2019-01-25 12:29:12,999 - INFO - fastread - 197, 2180
2019-01-25 12:29:12,999 - INFO - fastread - 197, 2190
2019-01-25 12:29:13,009 - INFO - fastread - 197, 2200
2019-01-25 12:29:13,009 - INFO - fastread - 197, 2210
2019-01-25 12:29:13,019 - INFO - fastread - 197, 2220
2019-01-25 12:29:13,029 - INFO - fastread - 197, 2230
2019-01-25 12:29:13,029 - INFO - fastread - 197, 2240
2019-01-25 12:29:13,039 - INFO - fastread - 197, 2250
2019-01-25 12:29:13,048 - INFO - fastread - 197, 2260
2019-01-25 12:29:13,050 - INFO - fastread - 197, 2270
2019-01-25 12:29:13,060 - INFO - fastread - 197, 2280
2019-01-25 12:29:13,068 - INFO - fastread - 197, 2290
2019-01-25 12:29:13,070 - INFO - fastread - 197, 2300
2019-01-25 12:29:13,080 - INFO - fastread - 197, 2310
2019-01-25 12:29:13,088 - INFO - fastread - 197, 2320
2019-01-25 12:29:13,090 - INFO - fastread - 197, 2330
2019-01-25 12:29:13,098 - INFO - fastread - 197, 2340
2019-01-25 12:29:13,100 - INFO - fastread - 197, 2350
2019-01-25 12:29:13,100 - INFO - fastread - 197, 2360
2019-01-25 12:29:13,110 - INFO - fastread - 197, 2370
2019-01-25 12:29:13,110 - INFO - fastread - 197, 2380
2019-01-25 12:29:13,120 - INFO - fastread - 197, 2390
2019-01-25 12:29:13,120 - INFO - fastread - 197, 2400
2019-01-25 12:29:13,134 - INFO - fastread - 197, 2410
2019-01-25 12:29:13,141 - INFO - fastread - 197, 2420
2019-01-25 12:29:13,142 - INFO - fastread - 197, 2430
2019-01-25 12:29:13,151 - INFO - fastread - 197, 2440
2019-01-25 12:29:13,159 - INFO - fastread - 197, 2450
2019-01-25 12:29:13,161 - INFO - fastread - 197, 2460
2019-01-25 12:29:13,171 - INFO - fastread - 197, 2470
2019-01-25 12:29:13,179 - INFO - fastread - 197, 2480
2019-01-25 12:29:13,181 - INFO - fastread - 197, 2490
2019-01-25 12:29:13,191 - INFO - fastread - 197, 2500
2019-01-25 12:29:13,199 - INFO - fastread - 197, 2510
2019-01-25 12:29:13,201 - INFO - fastread - 197, 2520
2019-01-25 12:29:13,209 - INFO - fastread - 197, 2530
2019-01-25 12:29:13,211 - INFO - fastread - 197, 2540
2019-01-25 12:29:13,222 - INFO - fastread - 197, 2550
2019-01-25 12:29:13,222 - INFO - fastread - 197, 2560
2019-01-25 12:29:13,232 - INFO - fastread - 197, 2570
2019-01-25 12:29:13,232 - INFO - fastread - 197, 2580
2019-01-25 12:29:13,242 - INFO - fastread - 197, 2590
2019-01-25 12:29:13,250 - INFO - fastread - 197, 2600
2019-01-25 12:29:13,252 - INFO - fastread - 197, 2610
2019-01-25 12:29:13,262 - INFO - fastread - 197, 2620
2019-01-25 12:29:13,272 - INFO - fastread - 197, 2630
2019-01-25 12:29:13,272 - INFO - fastread - 197, 2640
2019-01-25 12:29:13,282 - INFO - fastread - 197, 2650
2019-01-25 12:29:13,290 - INFO - fastread - 197, 2660
2019-01-25 12:29:13,292 - INFO - fastread - 197, 2670
2019-01-25 12:29:13,300 - INFO - fastread - 197, 2680
2019-01-25 12:29:13,302 - INFO - fastread - 197, 2690
2019-01-25 12:29:13,302 - INFO - fastread - 197, 2700
2019-01-25 12:29:13,312 - INFO - fastread - 197, 2710
2019-01-25 12:29:13,312 - INFO - fastread - 197, 2720
2019-01-25 12:29:13,320 - INFO - fastread - 197, 2730
2019-01-25 12:29:13,323 - INFO - fastread - 197, 2740
2019-01-25 12:29:13,323 - INFO - fastread - 197, 2750
2019-01-25 12:29:13,333 - INFO - fastread - 197, 2760
2019-01-25 12:29:13,333 - INFO - fastread - 197, 2770
2019-01-25 12:29:13,343 - INFO - fastread - 197, 2780
2019-01-25 12:29:13,343 - INFO - fastread - 197, 2790
2019-01-25 12:29:13,353 - INFO - fastread - 197, 2800
2019-01-25 12:29:13,361 - INFO - fastread - 197, 2810
2019-01-25 12:29:13,363 - INFO - fastread - 197, 2820
2019-01-25 12:29:13,373 - INFO - fastread - 197, 2830
2019-01-25 12:29:13,381 - INFO - fastread - 197, 2840
2019-01-25 12:29:13,383 - INFO - fastread - 197, 2850
2019-01-25 12:29:13,393 - INFO - fastread - 197, 2860
2019-01-25 12:29:13,393 - INFO - fastread - 197, 2870
2019-01-25 12:29:13,403 - INFO - fastread - 197, 2880
2019-01-25 12:29:13,403 - INFO - fastread - 197, 2890
2019-01-25 12:29:13,413 - INFO - fastread - 197, 2900
2019-01-25 12:29:13,413 - INFO - fastread - 197, 2910
2019-01-25 12:29:13,423 - INFO - fastread - 197, 2920
2019-01-25 12:29:13,433 - INFO - fastread - 197, 2930
2019-01-25 12:29:13,433 - INFO - fastread - 197, 2940
2019-01-25 12:29:13,444 - INFO - fastread - 197, 2950
2019-01-25 12:29:13,454 - INFO - fastread - 197, 2960
2019-01-25 12:29:13,462 - INFO - fastread - 197, 2970
2019-01-25 12:29:13,464 - INFO - fastread - 197, 2980
2019-01-25 12:29:13,474 - INFO - fastread - 197, 2990
2019-01-25 12:29:13,482 - INFO - fastread - 197, 3000
2019-01-25 12:29:13,484 - INFO - fastread - 197, 3010
2019-01-25 12:29:13,494 - INFO - fastread - 197, 3020
2019-01-25 12:29:13,494 - INFO - fastread - 197, 3030
2019-01-25 12:29:13,504 - INFO - fastread - 197, 3040
2019-01-25 12:29:13,504 - INFO - fastread - 197, 3050
2019-01-25 12:29:13,514 - INFO - fastread - 197, 3060
2019-01-25 12:29:13,514 - INFO - fastread - 197, 3070
2019-01-25 12:29:13,522 - INFO - fastread - 197, 3080
2019-01-25 12:29:13,524 - INFO - fastread - 197, 3090
2019-01-25 12:29:13,534 - INFO - fastread - 197, 3100
2019-01-25 12:29:13,542 - INFO - fastread - 197, 3110
2019-01-25 12:29:13,544 - INFO - fastread - 197, 3120
2019-01-25 12:29:13,555 - INFO - fastread - 197, 3130
2019-01-25 12:29:13,563 - INFO - fastread - 197, 3140
2019-01-25 12:29:13,565 - INFO - fastread - 197, 3150
2019-01-25 12:29:13,573 - INFO - fastread - 197, 3160
2019-01-25 12:29:13,575 - INFO - fastread - 197, 3170
2019-01-25 12:29:13,575 - INFO - fastread - 197, 3180
2019-01-25 12:29:13,585 - INFO - fastread - 197, 3190
2019-01-25 12:29:13,595 - INFO - fastread - 197, 3200
2019-01-25 12:29:13,605 - INFO - fastread - 197, 3210
2019-01-25 12:29:13,605 - INFO - fastread - 197, 3220
2019-01-25 12:29:13,615 - INFO - fastread - 197, 3230
2019-01-25 12:29:13,625 - INFO - fastread - 197, 3240
2019-01-25 12:29:13,635 - INFO - fastread - 197, 3250
2019-01-25 12:29:13,635 - INFO - fastread - 197, 3260
2019-01-25 12:29:13,645 - INFO - fastread - 197, 3270
2019-01-25 12:29:13,655 - INFO - fastread - 197, 3280
2019-01-25 12:29:13,665 - INFO - fastread - 198, 3290
2019-01-25 12:29:13,665 - INFO - fastread - 198, 3300
2019-01-25 12:29:13,676 - INFO - fastread - 198, 3310
2019-01-25 12:29:13,686 - INFO - fastread - 198, 3320
2019-01-25 12:29:13,694 - INFO - fastread - 198, 3330
2019-01-25 12:29:13,696 - INFO - fastread - 198, 3340
2019-01-25 12:29:13,706 - INFO - fastread - 199, 3350
2019-01-25 12:29:13,734 - INFO - rig - ++++NEW CLF++++ DT
2019-01-25 12:29:13,734 - INFO - fastread - Total Yes: 209 | Total No: 4199
2019-01-25 12:29:34,609 - INFO - fastread - 6, 10
2019-01-25 12:29:34,609 - INFO - fastread - 15, 20
2019-01-25 12:29:34,619 - INFO - fastread - 22, 30
2019-01-25 12:29:34,619 - INFO - fastread - 27, 40
2019-01-25 12:29:34,629 - INFO - fastread - 33, 50
2019-01-25 12:29:34,639 - INFO - fastread - 37, 60
2019-01-25 12:29:34,639 - INFO - fastread - 44, 70
2019-01-25 12:29:34,649 - INFO - fastread - 51, 80
2019-01-25 12:29:34,659 - INFO - fastread - 57, 90
2019-01-25 12:29:34,667 - INFO - fastread - 63, 100
2019-01-25 12:29:34,669 - INFO - fastread - 72, 110
2019-01-25 12:29:34,680 - INFO - fastread - 80, 120
2019-01-25 12:29:34,690 - INFO - fastread - 87, 130
2019-01-25 12:29:34,690 - INFO - fastread - 93, 140
2019-01-25 12:29:34,700 - INFO - fastread - 99, 150
2019-01-25 12:29:34,700 - INFO - fastread - 99, 160
2019-01-25 12:29:34,710 - INFO - fastread - 99, 170
2019-01-25 12:29:34,718 - INFO - fastread - 100, 180
2019-01-25 12:29:34,720 - INFO - fastread - 101, 190
2019-01-25 12:29:34,730 - INFO - fastread - 101, 200
2019-01-25 12:29:34,740 - INFO - fastread - 101, 210
2019-01-25 12:29:34,750 - INFO - fastread - 101, 220
2019-01-25 12:29:34,750 - INFO - fastread - 102, 230
2019-01-25 12:29:34,760 - INFO - fastread - 104, 240
2019-01-25 12:29:34,771 - INFO - fastread - 104, 250
2019-01-25 12:29:34,781 - INFO - fastread - 104, 260
2019-01-25 12:29:34,789 - INFO - fastread - 104, 270
2019-01-25 12:29:34,791 - INFO - fastread - 104, 280
2019-01-25 12:29:34,801 - INFO - fastread - 104, 290
2019-01-25 12:29:34,811 - INFO - fastread - 104, 300
2019-01-25 12:29:34,821 - INFO - fastread - 104, 310
2019-01-25 12:29:34,831 - INFO - fastread - 104, 320
2019-01-25 12:29:34,841 - INFO - fastread - 104, 330
2019-01-25 12:29:34,862 - INFO - fastread - 104, 340
2019-01-25 12:29:34,870 - INFO - fastread - 104, 350
2019-01-25 12:29:34,872 - INFO - fastread - 104, 360
2019-01-25 12:29:34,882 - INFO - fastread - 104, 370
2019-01-25 12:29:34,892 - INFO - fastread - 104, 380
2019-01-25 12:29:34,902 - INFO - fastread - 104, 390
2019-01-25 12:29:34,912 - INFO - fastread - 104, 400
2019-01-25 12:29:34,920 - INFO - fastread - 104, 410
2019-01-25 12:29:34,922 - INFO - fastread - 104, 420
2019-01-25 12:29:34,932 - INFO - fastread - 104, 430
2019-01-25 12:29:34,940 - INFO - fastread - 104, 440
2019-01-25 12:29:34,942 - INFO - fastread - 105, 450
2019-01-25 12:29:34,942 - INFO - fastread - 105, 460
2019-01-25 12:29:34,953 - INFO - fastread - 105, 470
2019-01-25 12:29:34,963 - INFO - fastread - 106, 480
2019-01-25 12:29:34,971 - INFO - fastread - 106, 490
2019-01-25 12:29:34,973 - INFO - fastread - 106, 500
2019-01-25 12:29:34,983 - INFO - fastread - 106, 510
2019-01-25 12:29:34,991 - INFO - fastread - 106, 520
2019-01-25 12:29:34,993 - INFO - fastread - 107, 530
2019-01-25 12:29:35,003 - INFO - fastread - 107, 540
2019-01-25 12:29:35,011 - INFO - fastread - 107, 550
2019-01-25 12:29:35,013 - INFO - fastread - 107, 560
2019-01-25 12:29:35,023 - INFO - fastread - 107, 570
2019-01-25 12:29:35,031 - INFO - fastread - 107, 580
2019-01-25 12:29:35,033 - INFO - fastread - 107, 590
2019-01-25 12:29:35,043 - INFO - fastread - 107, 600
2019-01-25 12:29:35,052 - INFO - fastread - 107, 610
2019-01-25 12:29:35,054 - INFO - fastread - 107, 620
2019-01-25 12:29:35,064 - INFO - fastread - 107, 630
2019-01-25 12:29:35,074 - INFO - fastread - 107, 640
2019-01-25 12:29:35,082 - INFO - fastread - 107, 650
2019-01-25 12:29:35,084 - INFO - fastread - 108, 660
2019-01-25 12:29:35,094 - INFO - fastread - 108, 670
2019-01-25 12:29:35,094 - INFO - fastread - 108, 680
2019-01-25 12:29:35,102 - INFO - fastread - 109, 690
2019-01-25 12:29:35,104 - INFO - fastread - 109, 700
2019-01-25 12:29:35,114 - INFO - fastread - 109, 710
2019-01-25 12:29:35,122 - INFO - fastread - 109, 720
2019-01-25 12:29:35,124 - INFO - fastread - 109, 730
2019-01-25 12:29:35,134 - INFO - fastread - 109, 740
2019-01-25 12:29:35,140 - INFO - fastread - 109, 750
2019-01-25 12:29:35,144 - INFO - fastread - 109, 760
2019-01-25 12:29:35,146 - INFO - fastread - 109, 770
2019-01-25 12:29:35,155 - INFO - fastread - 110, 780
2019-01-25 12:29:35,165 - INFO - fastread - 110, 790
2019-01-25 12:29:35,173 - INFO - fastread - 110, 800
2019-01-25 12:29:35,175 - INFO - fastread - 111, 810
2019-01-25 12:29:35,185 - INFO - fastread - 111, 820
2019-01-25 12:29:35,185 - INFO - fastread - 111, 830
2019-01-25 12:29:35,193 - INFO - fastread - 111, 840
2019-01-25 12:29:35,195 - INFO - fastread - 111, 850
2019-01-25 12:29:35,195 - INFO - fastread - 111, 860
2019-01-25 12:29:35,205 - INFO - fastread - 111, 870
2019-01-25 12:29:35,215 - INFO - fastread - 111, 880
2019-01-25 12:29:35,224 - INFO - fastread - 112, 890
2019-01-25 12:29:35,226 - INFO - fastread - 112, 900
2019-01-25 12:29:35,234 - INFO - fastread - 113, 910
2019-01-25 12:29:35,236 - INFO - fastread - 113, 920
2019-01-25 12:29:35,236 - INFO - fastread - 113, 930
2019-01-25 12:29:35,246 - INFO - fastread - 114, 940
2019-01-25 12:29:35,254 - INFO - fastread - 116, 950
2019-01-25 12:29:35,256 - INFO - fastread - 116, 960
2019-01-25 12:29:35,264 - INFO - fastread - 116, 970
2019-01-25 12:29:35,266 - INFO - fastread - 116, 980
2019-01-25 12:29:35,274 - INFO - fastread - 117, 990
2019-01-25 12:29:35,276 - INFO - fastread - 117, 1000
2019-01-25 12:29:35,276 - INFO - fastread - 117, 1010
2019-01-25 12:29:35,286 - INFO - fastread - 117, 1020
2019-01-25 12:29:35,296 - INFO - fastread - 117, 1030
2019-01-25 12:29:35,296 - INFO - fastread - 117, 1040
2019-01-25 12:29:35,306 - INFO - fastread - 117, 1050
2019-01-25 12:29:35,314 - INFO - fastread - 117, 1060
2019-01-25 12:29:35,316 - INFO - fastread - 117, 1070
2019-01-25 12:29:35,326 - INFO - fastread - 117, 1080
2019-01-25 12:29:35,335 - INFO - fastread - 117, 1090
2019-01-25 12:29:35,337 - INFO - fastread - 117, 1100
2019-01-25 12:29:35,347 - INFO - fastread - 117, 1110
2019-01-25 12:29:35,355 - INFO - fastread - 117, 1120
2019-01-25 12:29:35,357 - INFO - fastread - 117, 1130
2019-01-25 12:29:35,367 - INFO - fastread - 117, 1140
2019-01-25 12:29:35,367 - INFO - fastread - 119, 1150
2019-01-25 12:29:35,377 - INFO - fastread - 120, 1160
2019-01-25 12:29:35,385 - INFO - fastread - 120, 1170
2019-01-25 12:29:35,387 - INFO - fastread - 120, 1180
2019-01-25 12:29:35,395 - INFO - fastread - 120, 1190
2019-01-25 12:29:35,397 - INFO - fastread - 120, 1200
2019-01-25 12:29:35,397 - INFO - fastread - 120, 1210
2019-01-25 12:29:35,407 - INFO - fastread - 120, 1220
2019-01-25 12:29:35,417 - INFO - fastread - 121, 1230
2019-01-25 12:29:35,417 - INFO - fastread - 121, 1240
2019-01-25 12:29:35,427 - INFO - fastread - 121, 1250
2019-01-25 12:29:35,427 - INFO - fastread - 121, 1260
2019-01-25 12:29:35,437 - INFO - fastread - 122, 1270
2019-01-25 12:29:35,448 - INFO - fastread - 122, 1280
2019-01-25 12:29:35,456 - INFO - fastread - 122, 1290
2019-01-25 12:29:35,458 - INFO - fastread - 122, 1300
2019-01-25 12:29:35,468 - INFO - fastread - 122, 1310
2019-01-25 12:29:35,478 - INFO - fastread - 122, 1320
2019-01-25 12:29:35,486 - INFO - fastread - 123, 1330
2019-01-25 12:29:35,488 - INFO - fastread - 123, 1340
2019-01-25 12:29:35,498 - INFO - fastread - 123, 1350
2019-01-25 12:29:35,498 - INFO - fastread - 123, 1360
2019-01-25 12:29:35,508 - INFO - fastread - 123, 1370
2019-01-25 12:29:35,508 - INFO - fastread - 123, 1380
2019-01-25 12:29:35,518 - INFO - fastread - 123, 1390
2019-01-25 12:29:35,518 - INFO - fastread - 123, 1400
2019-01-25 12:29:35,528 - INFO - fastread - 123, 1410
2019-01-25 12:29:35,536 - INFO - fastread - 123, 1420
2019-01-25 12:29:35,538 - INFO - fastread - 123, 1430
2019-01-25 12:29:35,549 - INFO - fastread - 123, 1440
2019-01-25 12:29:35,557 - INFO - fastread - 124, 1450
2019-01-25 12:29:35,559 - INFO - fastread - 124, 1460
2019-01-25 12:29:35,569 - INFO - fastread - 124, 1470
2019-01-25 12:29:35,579 - INFO - fastread - 125, 1480
2019-01-25 12:29:35,589 - INFO - fastread - 125, 1490
2019-01-25 12:29:35,597 - INFO - fastread - 126, 1500
2019-01-25 12:29:35,599 - INFO - fastread - 126, 1510
2019-01-25 12:29:35,609 - INFO - fastread - 127, 1520
2019-01-25 12:29:35,619 - INFO - fastread - 127, 1530
2019-01-25 12:29:35,629 - INFO - fastread - 128, 1540
2019-01-25 12:29:35,629 - INFO - fastread - 130, 1550
2019-01-25 12:29:35,639 - INFO - fastread - 130, 1560
2019-01-25 12:29:35,639 - INFO - fastread - 130, 1570
2019-01-25 12:29:35,649 - INFO - fastread - 130, 1580
2019-01-25 12:29:35,657 - INFO - fastread - 130, 1590
2019-01-25 12:29:35,660 - INFO - fastread - 130, 1600
2019-01-25 12:29:35,670 - INFO - fastread - 130, 1610
2019-01-25 12:29:35,678 - INFO - fastread - 131, 1620
2019-01-25 12:29:35,680 - INFO - fastread - 131, 1630
2019-01-25 12:29:35,690 - INFO - fastread - 132, 1640
2019-01-25 12:29:35,700 - INFO - fastread - 132, 1650
2019-01-25 12:29:35,708 - INFO - fastread - 133, 1660
2019-01-25 12:29:35,710 - INFO - fastread - 134, 1670
2019-01-25 12:29:35,720 - INFO - fastread - 134, 1680
2019-01-25 12:29:35,728 - INFO - fastread - 134, 1690
2019-01-25 12:29:35,730 - INFO - fastread - 134, 1700
2019-01-25 12:29:35,738 - INFO - fastread - 135, 1710
2019-01-25 12:29:35,740 - INFO - fastread - 135, 1720
2019-01-25 12:29:35,740 - INFO - fastread - 136, 1730
2019-01-25 12:29:35,750 - INFO - fastread - 137, 1740
2019-01-25 12:29:35,760 - INFO - fastread - 137, 1750
2019-01-25 12:29:35,768 - INFO - fastread - 138, 1760
2019-01-25 12:29:35,770 - INFO - fastread - 138, 1770
2019-01-25 12:29:35,781 - INFO - fastread - 138, 1780
2019-01-25 12:29:35,789 - INFO - fastread - 138, 1790
2019-01-25 12:29:35,791 - INFO - fastread - 138, 1800
2019-01-25 12:29:35,801 - INFO - fastread - 138, 1810
2019-01-25 12:29:35,801 - INFO - fastread - 138, 1820
2019-01-25 12:29:35,811 - INFO - fastread - 139, 1830
2019-01-25 12:29:35,821 - INFO - fastread - 139, 1840
2019-01-25 12:29:35,831 - INFO - fastread - 139, 1850
2019-01-25 12:29:35,839 - INFO - fastread - 139, 1860
2019-01-25 12:29:35,841 - INFO - fastread - 139, 1870
2019-01-25 12:29:35,851 - INFO - fastread - 139, 1880
2019-01-25 12:29:35,859 - INFO - fastread - 139, 1890
2019-01-25 12:29:35,861 - INFO - fastread - 139, 1900
2019-01-25 12:29:35,869 - INFO - fastread - 139, 1910
2019-01-25 12:29:35,871 - INFO - fastread - 139, 1920
2019-01-25 12:29:35,882 - INFO - fastread - 139, 1930
2019-01-25 12:29:35,892 - INFO - fastread - 139, 1940
2019-01-25 12:29:35,892 - INFO - fastread - 139, 1950
2019-01-25 12:29:35,902 - INFO - fastread - 139, 1960
2019-01-25 12:29:35,910 - INFO - fastread - 139, 1970
2019-01-25 12:29:35,912 - INFO - fastread - 139, 1980
2019-01-25 12:29:35,920 - INFO - fastread - 139, 1990
2019-01-25 12:29:35,922 - INFO - fastread - 140, 2000
2019-01-25 12:29:35,932 - INFO - fastread - 140, 2010
2019-01-25 12:29:35,932 - INFO - fastread - 140, 2020
2019-01-25 12:29:35,942 - INFO - fastread - 142, 2030
2019-01-25 12:29:35,952 - INFO - fastread - 142, 2040
2019-01-25 12:29:35,960 - INFO - fastread - 142, 2050
2019-01-25 12:29:35,962 - INFO - fastread - 142, 2060
2019-01-25 12:29:35,972 - INFO - fastread - 142, 2070
2019-01-25 12:29:35,982 - INFO - fastread - 143, 2080
2019-01-25 12:29:35,990 - INFO - fastread - 143, 2090
2019-01-25 12:29:35,993 - INFO - fastread - 143, 2100
2019-01-25 12:29:36,003 - INFO - fastread - 144, 2110
2019-01-25 12:29:36,013 - INFO - fastread - 146, 2120
2019-01-25 12:29:36,013 - INFO - fastread - 147, 2130
2019-01-25 12:29:36,023 - INFO - fastread - 147, 2140
2019-01-25 12:29:36,034 - INFO - fastread - 147, 2150
2019-01-25 12:29:36,044 - INFO - fastread - 147, 2160
2019-01-25 12:29:36,052 - INFO - fastread - 147, 2170
2019-01-25 12:29:36,054 - INFO - fastread - 148, 2180
2019-01-25 12:29:36,064 - INFO - fastread - 148, 2190
2019-01-25 12:29:36,074 - INFO - fastread - 148, 2200
2019-01-25 12:29:36,084 - INFO - fastread - 149, 2210
2019-01-25 12:29:36,084 - INFO - fastread - 149, 2220
2019-01-25 12:29:36,094 - INFO - fastread - 149, 2230
2019-01-25 12:29:36,104 - INFO - fastread - 149, 2240
2019-01-25 12:29:36,112 - INFO - fastread - 149, 2250
2019-01-25 12:29:36,114 - INFO - fastread - 149, 2260
2019-01-25 12:29:36,124 - INFO - fastread - 149, 2270
2019-01-25 12:29:36,138 - INFO - fastread - 149, 2280
2019-01-25 12:29:36,145 - INFO - fastread - 149, 2290
2019-01-25 12:29:36,152 - INFO - fastread - 149, 2300
2019-01-25 12:29:36,155 - INFO - fastread - 149, 2310
2019-01-25 12:29:36,165 - INFO - fastread - 149, 2320
2019-01-25 12:29:36,165 - INFO - fastread - 149, 2330
2019-01-25 12:29:36,175 - INFO - fastread - 149, 2340
2019-01-25 12:29:36,175 - INFO - fastread - 150, 2350
2019-01-25 12:29:36,185 - INFO - fastread - 151, 2360
2019-01-25 12:29:36,185 - INFO - fastread - 151, 2370
2019-01-25 12:29:36,195 - INFO - fastread - 151, 2380
2019-01-25 12:29:36,195 - INFO - fastread - 151, 2390
2019-01-25 12:29:36,205 - INFO - fastread - 151, 2400
2019-01-25 12:29:36,213 - INFO - fastread - 152, 2410
2019-01-25 12:29:36,215 - INFO - fastread - 153, 2420
2019-01-25 12:29:36,225 - INFO - fastread - 153, 2430
2019-01-25 12:29:36,235 - INFO - fastread - 153, 2440
2019-01-25 12:29:36,245 - INFO - fastread - 154, 2450
2019-01-25 12:29:36,253 - INFO - fastread - 154, 2460
2019-01-25 12:29:36,255 - INFO - fastread - 154, 2470
2019-01-25 12:29:36,266 - INFO - fastread - 155, 2480
2019-01-25 12:29:36,276 - INFO - fastread - 155, 2490
2019-01-25 12:29:36,276 - INFO - fastread - 155, 2500
2019-01-25 12:29:36,286 - INFO - fastread - 155, 2510
2019-01-25 12:29:36,296 - INFO - fastread - 156, 2520
2019-01-25 12:29:36,306 - INFO - fastread - 156, 2530
2019-01-25 12:29:36,314 - INFO - fastread - 156, 2540
2019-01-25 12:29:36,316 - INFO - fastread - 156, 2550
2019-01-25 12:29:36,326 - INFO - fastread - 157, 2560
2019-01-25 12:29:36,334 - INFO - fastread - 157, 2570
2019-01-25 12:29:36,336 - INFO - fastread - 157, 2580
2019-01-25 12:29:36,344 - INFO - fastread - 157, 2590
2019-01-25 12:29:36,346 - INFO - fastread - 158, 2600
2019-01-25 12:29:36,356 - INFO - fastread - 158, 2610
2019-01-25 12:29:36,367 - INFO - fastread - 159, 2620
2019-01-25 12:29:36,367 - INFO - fastread - 159, 2630
2019-01-25 12:29:36,377 - INFO - fastread - 160, 2640
2019-01-25 12:29:36,377 - INFO - fastread - 160, 2650
2019-01-25 12:29:36,387 - INFO - fastread - 160, 2660
2019-01-25 12:29:36,397 - INFO - fastread - 160, 2670
2019-01-25 12:29:36,405 - INFO - fastread - 160, 2680
2019-01-25 12:29:36,407 - INFO - fastread - 160, 2690
2019-01-25 12:29:36,417 - INFO - fastread - 161, 2700
2019-01-25 12:29:36,427 - INFO - fastread - 161, 2710
2019-01-25 12:29:36,435 - INFO - fastread - 162, 2720
2019-01-25 12:29:36,437 - INFO - fastread - 162, 2730
2019-01-25 12:29:36,447 - INFO - fastread - 162, 2740
2019-01-25 12:29:36,457 - INFO - fastread - 162, 2750
2019-01-25 12:29:36,467 - INFO - fastread - 162, 2760
2019-01-25 12:29:36,478 - INFO - fastread - 163, 2770
2019-01-25 12:29:36,486 - INFO - fastread - 163, 2780
2019-01-25 12:29:36,488 - INFO - fastread - 163, 2790
2019-01-25 12:29:36,488 - INFO - fastread - 163, 2800
2019-01-25 12:29:36,498 - INFO - fastread - 164, 2810
2019-01-25 12:29:36,506 - INFO - fastread - 164, 2820
2019-01-25 12:29:36,508 - INFO - fastread - 164, 2830
2019-01-25 12:29:36,516 - INFO - fastread - 164, 2840
2019-01-25 12:29:36,518 - INFO - fastread - 164, 2850
2019-01-25 12:29:36,518 - INFO - fastread - 164, 2860
2019-01-25 12:29:36,528 - INFO - fastread - 164, 2870
2019-01-25 12:29:36,538 - INFO - fastread - 164, 2880
2019-01-25 12:29:36,548 - INFO - fastread - 164, 2890
2019-01-25 12:29:36,548 - INFO - fastread - 164, 2900
2019-01-25 12:29:36,556 - INFO - fastread - 164, 2910
2019-01-25 12:29:36,558 - INFO - fastread - 164, 2920
2019-01-25 12:29:36,566 - INFO - fastread - 165, 2930
2019-01-25 12:29:36,568 - INFO - fastread - 165, 2940
2019-01-25 12:29:36,578 - INFO - fastread - 165, 2950
2019-01-25 12:29:36,589 - INFO - fastread - 167, 2960
2019-01-25 12:29:36,599 - INFO - fastread - 167, 2970
2019-01-25 12:29:36,607 - INFO - fastread - 168, 2980
2019-01-25 12:29:36,609 - INFO - fastread - 168, 2990
2019-01-25 12:29:36,609 - INFO - fastread - 169, 3000
2019-01-25 12:29:36,619 - INFO - fastread - 169, 3010
2019-01-25 12:29:36,629 - INFO - fastread - 169, 3020
2019-01-25 12:29:36,637 - INFO - fastread - 169, 3030
2019-01-25 12:29:36,639 - INFO - fastread - 169, 3040
2019-01-25 12:29:36,649 - INFO - fastread - 170, 3050
2019-01-25 12:29:36,659 - INFO - fastread - 171, 3060
2019-01-25 12:29:36,659 - INFO - fastread - 172, 3070
2019-01-25 12:29:36,669 - INFO - fastread - 173, 3080
2019-01-25 12:29:36,680 - INFO - fastread - 174, 3090
2019-01-25 12:29:36,690 - INFO - fastread - 174, 3100
2019-01-25 12:29:36,690 - INFO - fastread - 174, 3110
2019-01-25 12:29:36,700 - INFO - fastread - 174, 3120
2019-01-25 12:29:36,710 - INFO - fastread - 175, 3130
2019-01-25 12:29:36,718 - INFO - fastread - 175, 3140
2019-01-25 12:29:36,720 - INFO - fastread - 175, 3150
2019-01-25 12:29:36,730 - INFO - fastread - 175, 3160
2019-01-25 12:29:36,740 - INFO - fastread - 176, 3170
2019-01-25 12:29:36,748 - INFO - fastread - 176, 3180
2019-01-25 12:29:36,750 - INFO - fastread - 176, 3190
2019-01-25 12:29:36,760 - INFO - fastread - 177, 3200
2019-01-25 12:29:36,770 - INFO - fastread - 177, 3210
2019-01-25 12:29:36,770 - INFO - fastread - 177, 3220
2019-01-25 12:29:36,781 - INFO - fastread - 178, 3230
2019-01-25 12:29:36,781 - INFO - fastread - 179, 3240
2019-01-25 12:29:36,791 - INFO - fastread - 179, 3250
2019-01-25 12:29:36,791 - INFO - fastread - 180, 3260
2019-01-25 12:29:36,801 - INFO - fastread - 180, 3270
2019-01-25 12:29:36,809 - INFO - fastread - 180, 3280
2019-01-25 12:29:36,811 - INFO - fastread - 180, 3290
2019-01-25 12:29:36,821 - INFO - fastread - 180, 3300
2019-01-25 12:29:36,831 - INFO - fastread - 180, 3310
2019-01-25 12:29:36,841 - INFO - fastread - 180, 3320
2019-01-25 12:29:36,849 - INFO - fastread - 180, 3330
2019-01-25 12:29:36,851 - INFO - fastread - 181, 3340
2019-01-25 12:29:36,861 - INFO - fastread - 181, 3350
2019-01-25 12:29:36,871 - INFO - fastread - 181, 3360
2019-01-25 12:29:36,879 - INFO - fastread - 181, 3370
2019-01-25 12:29:36,882 - INFO - fastread - 181, 3380
2019-01-25 12:29:36,892 - INFO - fastread - 182, 3390
2019-01-25 12:29:36,902 - INFO - fastread - 183, 3400
2019-01-25 12:29:36,910 - INFO - fastread - 183, 3410
2019-01-25 12:29:36,912 - INFO - fastread - 183, 3420
2019-01-25 12:29:36,920 - INFO - fastread - 184, 3430
2019-01-25 12:29:36,922 - INFO - fastread - 185, 3440
2019-01-25 12:29:36,922 - INFO - fastread - 186, 3450
2019-01-25 12:29:36,932 - INFO - fastread - 186, 3460
2019-01-25 12:29:36,942 - INFO - fastread - 186, 3470
2019-01-25 12:29:36,953 - INFO - fastread - 186, 3480
2019-01-25 12:29:36,961 - INFO - fastread - 188, 3490
2019-01-25 12:29:36,963 - INFO - fastread - 189, 3500
2019-01-25 12:29:36,973 - INFO - fastread - 189, 3510
2019-01-25 12:29:36,983 - INFO - fastread - 189, 3520
2019-01-25 12:29:36,991 - INFO - fastread - 189, 3530
2019-01-25 12:29:36,993 - INFO - fastread - 190, 3540
2019-01-25 12:29:37,001 - INFO - fastread - 190, 3550
2019-01-25 12:29:37,003 - INFO - fastread - 190, 3560
2019-01-25 12:29:37,003 - INFO - fastread - 190, 3570
2019-01-25 12:29:37,013 - INFO - fastread - 190, 3580
2019-01-25 12:29:37,024 - INFO - fastread - 190, 3590
2019-01-25 12:29:37,034 - INFO - fastread - 190, 3600
2019-01-25 12:29:37,042 - INFO - fastread - 190, 3610
2019-01-25 12:29:37,044 - INFO - fastread - 190, 3620
2019-01-25 12:29:37,054 - INFO - fastread - 191, 3630
2019-01-25 12:29:37,064 - INFO - fastread - 191, 3640
2019-01-25 12:29:37,074 - INFO - fastread - 191, 3650
2019-01-25 12:29:37,082 - INFO - fastread - 191, 3660
2019-01-25 12:29:37,084 - INFO - fastread - 191, 3670
2019-01-25 12:29:37,094 - INFO - fastread - 191, 3680
2019-01-25 12:29:37,102 - INFO - fastread - 191, 3690
2019-01-25 12:29:37,104 - INFO - fastread - 191, 3700
2019-01-25 12:29:37,104 - INFO - fastread - 191, 3710
2019-01-25 12:29:37,114 - INFO - fastread - 191, 3720
2019-01-25 12:29:37,114 - INFO - fastread - 191, 3730
2019-01-25 12:29:37,124 - INFO - fastread - 191, 3740
2019-01-25 12:29:37,132 - INFO - fastread - 191, 3750
2019-01-25 12:29:37,135 - INFO - fastread - 191, 3760
2019-01-25 12:29:37,145 - INFO - fastread - 191, 3770
2019-01-25 12:29:37,155 - INFO - fastread - 191, 3780
2019-01-25 12:29:37,163 - INFO - fastread - 191, 3790
2019-01-25 12:29:37,165 - INFO - fastread - 191, 3800
2019-01-25 12:29:37,175 - INFO - fastread - 191, 3810
2019-01-25 12:29:37,185 - INFO - fastread - 191, 3820
2019-01-25 12:29:37,195 - INFO - fastread - 191, 3830
2019-01-25 12:29:37,195 - INFO - fastread - 191, 3840
2019-01-25 12:29:37,205 - INFO - fastread - 191, 3850
2019-01-25 12:29:37,205 - INFO - fastread - 191, 3860
2019-01-25 12:29:37,215 - INFO - fastread - 192, 3870
2019-01-25 12:29:37,225 - INFO - fastread - 192, 3880
2019-01-25 12:29:37,236 - INFO - fastread - 192, 3890
2019-01-25 12:29:37,244 - INFO - fastread - 192, 3900
2019-01-25 12:29:37,246 - INFO - fastread - 192, 3910
2019-01-25 12:29:37,256 - INFO - fastread - 192, 3920
2019-01-25 12:29:37,266 - INFO - fastread - 192, 3930
2019-01-25 12:29:37,276 - INFO - fastread - 192, 3940
2019-01-25 12:29:37,284 - INFO - fastread - 193, 3950
2019-01-25 12:29:37,286 - INFO - fastread - 194, 3960
2019-01-25 12:29:37,297 - INFO - fastread - 194, 3970
2019-01-25 12:29:37,307 - INFO - fastread - 195, 3980
2019-01-25 12:29:37,317 - INFO - fastread - 195, 3990
2019-01-25 12:29:37,325 - INFO - fastread - 197, 4000
2019-01-25 12:29:37,327 - INFO - fastread - 197, 4010
2019-01-25 12:29:37,337 - INFO - fastread - 197, 4020
2019-01-25 12:29:37,347 - INFO - fastread - 198, 4030
2019-01-25 12:29:37,357 - INFO - fastread - 198, 4040
2019-01-25 12:29:37,357 - INFO - fastread - 198, 4050
2019-01-25 12:29:37,365 - INFO - fastread - 198, 4060
2019-01-25 12:29:37,367 - INFO - fastread - 198, 4070
2019-01-25 12:29:37,375 - INFO - fastread - 198, 4080
2019-01-25 12:29:37,377 - INFO - fastread - 198, 4090
2019-01-25 12:29:37,387 - INFO - fastread - 199, 4100
