2019-01-25 12:03:43,745 - INFO - rig - jruby-1.4.0
2019-01-25 12:03:52,111 - INFO - rig - ++++NEW CLF++++ FASTREAD
2019-01-25 12:03:52,111 - INFO - fastread - Total Yes: 622 | Total No: 4275
2019-01-25 12:03:52,526 - INFO - fastread - 0, 0
2019-01-25 12:04:25,977 - INFO - fastread - 198, 206
2019-01-25 12:04:27,921 - INFO - fastread - 198, 216
2019-01-25 12:04:29,842 - INFO - fastread - 207, 226
2019-01-25 12:04:31,714 - INFO - fastread - 214, 236
2019-01-25 12:04:33,572 - INFO - fastread - 220, 246
2019-01-25 12:04:35,444 - INFO - fastread - 225, 256
2019-01-25 12:04:37,335 - INFO - fastread - 231, 266
2019-01-25 12:04:39,236 - INFO - fastread - 239, 276
2019-01-25 12:04:41,127 - INFO - fastread - 247, 286
2019-01-25 12:04:43,066 - INFO - fastread - 255, 296
2019-01-25 12:04:45,019 - INFO - fastread - 260, 306
2019-01-25 12:04:47,001 - INFO - fastread - 270, 316
2019-01-25 12:04:49,002 - INFO - fastread - 280, 326
2019-01-25 12:04:51,003 - INFO - fastread - 290, 336
2019-01-25 12:04:52,953 - INFO - fastread - 300, 346
2019-01-25 12:04:54,902 - INFO - fastread - 308, 356
2019-01-25 12:04:56,946 - INFO - fastread - 311, 366
2019-01-25 12:04:58,978 - INFO - fastread - 319, 376
2019-01-25 12:05:01,048 - INFO - fastread - 329, 386
2019-01-25 12:05:03,091 - INFO - fastread - 339, 396
2019-01-25 12:05:05,161 - INFO - fastread - 347, 406
2019-01-25 12:05:07,226 - INFO - fastread - 354, 416
2019-01-25 12:05:09,276 - INFO - fastread - 362, 426
2019-01-25 12:05:11,327 - INFO - fastread - 372, 436
2019-01-25 12:05:13,419 - INFO - fastread - 378, 446
2019-01-25 12:05:15,458 - INFO - fastread - 386, 456
2019-01-25 12:05:17,604 - INFO - fastread - 391, 466
2019-01-25 12:05:19,705 - INFO - fastread - 398, 476
2019-01-25 12:05:21,808 - INFO - fastread - 404, 486
2019-01-25 12:05:23,930 - INFO - fastread - 410, 496
2019-01-25 12:05:26,224 - INFO - fastread - 418, 506
2019-01-25 12:05:28,457 - INFO - fastread - 427, 516
2019-01-25 12:05:30,690 - INFO - fastread - 432, 526
2019-01-25 12:05:32,923 - INFO - fastread - 440, 536
2019-01-25 12:05:35,096 - INFO - fastread - 450, 546
2019-01-25 12:05:37,310 - INFO - fastread - 457, 556
2019-01-25 12:05:39,603 - INFO - fastread - 467, 566
2019-01-25 12:05:41,897 - INFO - fastread - 471, 576
2019-01-25 12:05:44,311 - INFO - fastread - 477, 586
2019-01-25 12:05:46,735 - INFO - fastread - 484, 596
2019-01-25 12:05:49,623 - INFO - fastread - 492, 606
2019-01-25 12:05:52,811 - INFO - fastread - 501, 616
2019-01-25 12:05:55,690 - INFO - fastread - 507, 626
2019-01-25 12:05:58,543 - INFO - fastread - 511, 636
2019-01-25 12:06:01,433 - INFO - fastread - 519, 646
2019-01-25 12:06:04,475 - INFO - fastread - 526, 656
2019-01-25 12:06:07,416 - INFO - fastread - 530, 666
2019-01-25 12:06:12,212 - INFO - fastread - 535, 676
2019-01-25 12:06:14,904 - INFO - fastread - 537, 686
2019-01-25 12:06:18,068 - INFO - fastread - 542, 696
2019-01-25 12:06:21,886 - INFO - fastread - 547, 706
2019-01-25 12:06:24,941 - INFO - fastread - 549, 716
2019-01-25 12:06:28,885 - INFO - fastread - 553, 726
2019-01-25 12:06:32,966 - INFO - fastread - 553, 736
2019-01-25 12:06:36,547 - INFO - fastread - 554, 746
2019-01-25 12:06:40,308 - INFO - fastread - 558, 756
2019-01-25 12:06:44,466 - INFO - fastread - 560, 766
2019-01-25 12:06:48,103 - INFO - fastread - 561, 776
2019-01-25 12:06:51,469 - INFO - fastread - 562, 786
2019-01-25 12:06:54,485 - INFO - fastread - 566, 796
2019-01-25 12:06:57,890 - INFO - fastread - 567, 806
2019-01-25 12:07:02,081 - INFO - fastread - 567, 816
2019-01-25 12:07:06,020 - INFO - fastread - 568, 826
2019-01-25 12:07:10,953 - INFO - fastread - 569, 836
2019-01-25 12:07:15,181 - INFO - fastread - 570, 846
2019-01-25 12:07:19,852 - INFO - fastread - 570, 856
2019-01-25 12:07:23,084 - INFO - fastread - 574, 866
2019-01-25 12:07:26,400 - INFO - fastread - 574, 876
2019-01-25 12:07:29,843 - INFO - fastread - 574, 886
2019-01-25 12:07:33,328 - INFO - fastread - 576, 896
2019-01-25 12:07:36,811 - INFO - fastread - 579, 906
2019-01-25 12:07:40,412 - INFO - fastread - 580, 916
2019-01-25 12:07:43,879 - INFO - fastread - 584, 926
2019-01-25 12:07:47,519 - INFO - fastread - 584, 936
2019-01-25 12:07:50,812 - INFO - fastread - 585, 946
2019-01-25 12:07:54,218 - INFO - fastread - 585, 956
2019-01-25 12:07:57,729 - INFO - fastread - 586, 966
2019-01-25 12:08:01,378 - INFO - fastread - 587, 976
2019-01-25 12:08:04,992 - INFO - fastread - 590, 986
2019-01-25 12:08:07,441 - INFO - rig - ++++NEW CLF++++ NBM
2019-01-25 12:08:07,442 - INFO - fastread - Total Yes: 622 | Total No: 4275
2019-01-25 12:08:07,592 - INFO - fastread - 9, 10
2019-01-25 12:08:07,597 - INFO - fastread - 14, 20
2019-01-25 12:08:07,602 - INFO - fastread - 18, 30
2019-01-25 12:08:07,607 - INFO - fastread - 27, 40
2019-01-25 12:08:07,612 - INFO - fastread - 35, 50
2019-01-25 12:08:07,617 - INFO - fastread - 44, 60
2019-01-25 12:08:07,623 - INFO - fastread - 50, 70
2019-01-25 12:08:07,628 - INFO - fastread - 55, 80
2019-01-25 12:08:07,633 - INFO - fastread - 64, 90
2019-01-25 12:08:07,638 - INFO - fastread - 69, 100
2019-01-25 12:08:07,644 - INFO - fastread - 75, 110
2019-01-25 12:08:07,649 - INFO - fastread - 81, 120
2019-01-25 12:08:07,653 - INFO - fastread - 87, 130
2019-01-25 12:08:07,658 - INFO - fastread - 92, 140
2019-01-25 12:08:07,663 - INFO - fastread - 101, 150
2019-01-25 12:08:07,669 - INFO - fastread - 105, 160
2019-01-25 12:08:07,675 - INFO - fastread - 114, 170
2019-01-25 12:08:07,680 - INFO - fastread - 118, 180
2019-01-25 12:08:07,685 - INFO - fastread - 121, 190
2019-01-25 12:08:07,691 - INFO - fastread - 127, 200
2019-01-25 12:08:07,696 - INFO - fastread - 134, 210
2019-01-25 12:08:07,702 - INFO - fastread - 140, 220
2019-01-25 12:08:07,707 - INFO - fastread - 143, 230
2019-01-25 12:08:07,713 - INFO - fastread - 145, 240
2019-01-25 12:08:07,719 - INFO - fastread - 151, 250
2019-01-25 12:08:07,724 - INFO - fastread - 156, 260
2019-01-25 12:08:07,730 - INFO - fastread - 160, 270
2019-01-25 12:08:07,736 - INFO - fastread - 166, 280
2019-01-25 12:08:07,741 - INFO - fastread - 172, 290
2019-01-25 12:08:07,747 - INFO - fastread - 178, 300
2019-01-25 12:08:07,752 - INFO - fastread - 184, 310
2019-01-25 12:08:07,757 - INFO - fastread - 187, 320
2019-01-25 12:08:07,763 - INFO - fastread - 197, 330
2019-01-25 12:08:07,768 - INFO - fastread - 207, 340
2019-01-25 12:08:07,773 - INFO - fastread - 217, 350
2019-01-25 12:08:07,779 - INFO - fastread - 227, 360
2019-01-25 12:08:07,784 - INFO - fastread - 237, 370
2019-01-25 12:08:07,789 - INFO - fastread - 247, 380
2019-01-25 12:08:07,794 - INFO - fastread - 257, 390
2019-01-25 12:08:07,799 - INFO - fastread - 263, 400
2019-01-25 12:08:07,804 - INFO - fastread - 265, 410
2019-01-25 12:08:07,809 - INFO - fastread - 267, 420
2019-01-25 12:08:07,814 - INFO - fastread - 269, 430
2019-01-25 12:08:07,819 - INFO - fastread - 270, 440
2019-01-25 12:08:07,825 - INFO - fastread - 276, 450
2019-01-25 12:08:07,830 - INFO - fastread - 282, 460
2019-01-25 12:08:07,835 - INFO - fastread - 285, 470
2019-01-25 12:08:07,840 - INFO - fastread - 292, 480
2019-01-25 12:08:07,846 - INFO - fastread - 295, 490
2019-01-25 12:08:07,850 - INFO - fastread - 300, 500
2019-01-25 12:08:07,856 - INFO - fastread - 306, 510
2019-01-25 12:08:07,862 - INFO - fastread - 308, 520
2019-01-25 12:08:07,867 - INFO - fastread - 313, 530
2019-01-25 12:08:07,872 - INFO - fastread - 318, 540
2019-01-25 12:08:07,877 - INFO - fastread - 321, 550
2019-01-25 12:08:07,883 - INFO - fastread - 324, 560
2019-01-25 12:08:07,889 - INFO - fastread - 327, 570
2019-01-25 12:08:07,894 - INFO - fastread - 330, 580
2019-01-25 12:08:07,900 - INFO - fastread - 335, 590
2019-01-25 12:08:07,905 - INFO - fastread - 339, 600
2019-01-25 12:08:07,910 - INFO - fastread - 340, 610
2019-01-25 12:08:07,916 - INFO - fastread - 344, 620
2019-01-25 12:08:07,922 - INFO - fastread - 349, 630
2019-01-25 12:08:07,928 - INFO - fastread - 350, 640
2019-01-25 12:08:07,933 - INFO - fastread - 351, 650
2019-01-25 12:08:07,939 - INFO - fastread - 354, 660
2019-01-25 12:08:07,945 - INFO - fastread - 354, 670
2019-01-25 12:08:07,951 - INFO - fastread - 357, 680
2019-01-25 12:08:07,957 - INFO - fastread - 358, 690
2019-01-25 12:08:07,962 - INFO - fastread - 360, 700
2019-01-25 12:08:07,968 - INFO - fastread - 364, 710
2019-01-25 12:08:07,974 - INFO - fastread - 368, 720
2019-01-25 12:08:07,979 - INFO - fastread - 371, 730
2019-01-25 12:08:07,985 - INFO - fastread - 373, 740
2019-01-25 12:08:07,991 - INFO - fastread - 376, 750
2019-01-25 12:08:07,997 - INFO - fastread - 381, 760
2019-01-25 12:08:08,002 - INFO - fastread - 384, 770
2019-01-25 12:08:08,008 - INFO - fastread - 385, 780
2019-01-25 12:08:08,013 - INFO - fastread - 390, 790
2019-01-25 12:08:08,018 - INFO - fastread - 390, 800
2019-01-25 12:08:08,024 - INFO - fastread - 390, 810
2019-01-25 12:08:08,029 - INFO - fastread - 393, 820
2019-01-25 12:08:08,035 - INFO - fastread - 393, 830
2019-01-25 12:08:08,040 - INFO - fastread - 393, 840
2019-01-25 12:08:08,046 - INFO - fastread - 393, 850
2019-01-25 12:08:08,052 - INFO - fastread - 393, 860
2019-01-25 12:08:08,057 - INFO - fastread - 393, 870
2019-01-25 12:08:08,063 - INFO - fastread - 393, 880
2019-01-25 12:08:08,069 - INFO - fastread - 393, 890
2019-01-25 12:08:08,075 - INFO - fastread - 393, 900
2019-01-25 12:08:08,081 - INFO - fastread - 393, 910
2019-01-25 12:08:08,086 - INFO - fastread - 393, 920
2019-01-25 12:08:08,092 - INFO - fastread - 393, 930
2019-01-25 12:08:08,098 - INFO - fastread - 393, 940
2019-01-25 12:08:08,104 - INFO - fastread - 393, 950
2019-01-25 12:08:08,110 - INFO - fastread - 393, 960
2019-01-25 12:08:08,115 - INFO - fastread - 393, 970
2019-01-25 12:08:08,121 - INFO - fastread - 393, 980
2019-01-25 12:08:08,127 - INFO - fastread - 393, 990
2019-01-25 12:08:08,132 - INFO - fastread - 393, 1000
2019-01-25 12:08:08,138 - INFO - fastread - 393, 1010
2019-01-25 12:08:08,144 - INFO - fastread - 393, 1020
2019-01-25 12:08:08,149 - INFO - fastread - 393, 1030
2019-01-25 12:08:08,155 - INFO - fastread - 393, 1040
2019-01-25 12:08:08,161 - INFO - fastread - 393, 1050
2019-01-25 12:08:08,167 - INFO - fastread - 393, 1060
2019-01-25 12:08:08,173 - INFO - fastread - 393, 1070
2019-01-25 12:08:08,178 - INFO - fastread - 394, 1080
2019-01-25 12:08:08,184 - INFO - fastread - 396, 1090
2019-01-25 12:08:08,189 - INFO - fastread - 399, 1100
2019-01-25 12:08:08,195 - INFO - fastread - 401, 1110
2019-01-25 12:08:08,201 - INFO - fastread - 401, 1120
2019-01-25 12:08:08,207 - INFO - fastread - 402, 1130
2019-01-25 12:08:08,213 - INFO - fastread - 404, 1140
2019-01-25 12:08:08,219 - INFO - fastread - 407, 1150
2019-01-25 12:08:08,224 - INFO - fastread - 408, 1160
2019-01-25 12:08:08,230 - INFO - fastread - 410, 1170
2019-01-25 12:08:08,237 - INFO - fastread - 411, 1180
2019-01-25 12:08:08,243 - INFO - fastread - 415, 1190
2019-01-25 12:08:08,249 - INFO - fastread - 417, 1200
2019-01-25 12:08:08,255 - INFO - fastread - 420, 1210
2019-01-25 12:08:08,261 - INFO - fastread - 425, 1220
2019-01-25 12:08:08,267 - INFO - fastread - 427, 1230
2019-01-25 12:08:08,273 - INFO - fastread - 429, 1240
2019-01-25 12:08:08,279 - INFO - fastread - 430, 1250
2019-01-25 12:08:08,285 - INFO - fastread - 435, 1260
2019-01-25 12:08:08,291 - INFO - fastread - 435, 1270
2019-01-25 12:08:08,296 - INFO - fastread - 438, 1280
2019-01-25 12:08:08,303 - INFO - fastread - 440, 1290
2019-01-25 12:08:08,308 - INFO - fastread - 440, 1300
2019-01-25 12:08:08,314 - INFO - fastread - 440, 1310
2019-01-25 12:08:08,320 - INFO - fastread - 440, 1320
2019-01-25 12:08:08,326 - INFO - fastread - 440, 1330
2019-01-25 12:08:08,332 - INFO - fastread - 443, 1340
2019-01-25 12:08:08,339 - INFO - fastread - 443, 1350
2019-01-25 12:08:08,345 - INFO - fastread - 443, 1360
2019-01-25 12:08:08,351 - INFO - fastread - 443, 1370
2019-01-25 12:08:08,357 - INFO - fastread - 443, 1380
2019-01-25 12:08:08,363 - INFO - fastread - 445, 1390
2019-01-25 12:08:08,368 - INFO - fastread - 447, 1400
2019-01-25 12:08:08,374 - INFO - fastread - 447, 1410
2019-01-25 12:08:08,380 - INFO - fastread - 448, 1420
2019-01-25 12:08:08,385 - INFO - fastread - 448, 1430
2019-01-25 12:08:08,391 - INFO - fastread - 451, 1440
2019-01-25 12:08:08,397 - INFO - fastread - 454, 1450
2019-01-25 12:08:08,402 - INFO - fastread - 455, 1460
2019-01-25 12:08:08,408 - INFO - fastread - 455, 1470
2019-01-25 12:08:08,414 - INFO - fastread - 458, 1480
2019-01-25 12:08:08,420 - INFO - fastread - 458, 1490
2019-01-25 12:08:08,425 - INFO - fastread - 459, 1500
2019-01-25 12:08:08,431 - INFO - fastread - 463, 1510
2019-01-25 12:08:08,436 - INFO - fastread - 464, 1520
2019-01-25 12:08:08,442 - INFO - fastread - 464, 1530
2019-01-25 12:08:08,447 - INFO - fastread - 464, 1540
2019-01-25 12:08:08,453 - INFO - fastread - 464, 1550
2019-01-25 12:08:08,459 - INFO - fastread - 465, 1560
2019-01-25 12:08:08,465 - INFO - fastread - 466, 1570
2019-01-25 12:08:08,471 - INFO - fastread - 469, 1580
2019-01-25 12:08:08,477 - INFO - fastread - 469, 1590
2019-01-25 12:08:08,483 - INFO - fastread - 471, 1600
2019-01-25 12:08:08,488 - INFO - fastread - 471, 1610
2019-01-25 12:08:08,494 - INFO - fastread - 476, 1620
2019-01-25 12:08:08,499 - INFO - fastread - 480, 1630
2019-01-25 12:08:08,504 - INFO - fastread - 480, 1640
2019-01-25 12:08:08,510 - INFO - fastread - 480, 1650
2019-01-25 12:08:08,516 - INFO - fastread - 481, 1660
2019-01-25 12:08:08,523 - INFO - fastread - 482, 1670
2019-01-25 12:08:08,529 - INFO - fastread - 483, 1680
2019-01-25 12:08:08,534 - INFO - fastread - 484, 1690
2019-01-25 12:08:08,541 - INFO - fastread - 484, 1700
2019-01-25 12:08:08,546 - INFO - fastread - 485, 1710
2019-01-25 12:08:08,551 - INFO - fastread - 487, 1720
2019-01-25 12:08:08,557 - INFO - fastread - 487, 1730
2019-01-25 12:08:08,562 - INFO - fastread - 488, 1740
2019-01-25 12:08:08,568 - INFO - fastread - 488, 1750
2019-01-25 12:08:08,574 - INFO - fastread - 488, 1760
2019-01-25 12:08:08,581 - INFO - fastread - 491, 1770
2019-01-25 12:08:08,586 - INFO - fastread - 492, 1780
2019-01-25 12:08:08,592 - INFO - fastread - 492, 1790
2019-01-25 12:08:08,598 - INFO - fastread - 492, 1800
2019-01-25 12:08:08,604 - INFO - fastread - 492, 1810
2019-01-25 12:08:08,609 - INFO - fastread - 492, 1820
2019-01-25 12:08:08,615 - INFO - fastread - 492, 1830
2019-01-25 12:08:08,622 - INFO - fastread - 492, 1840
2019-01-25 12:08:08,628 - INFO - fastread - 492, 1850
2019-01-25 12:08:08,634 - INFO - fastread - 493, 1860
2019-01-25 12:08:08,640 - INFO - fastread - 495, 1870
2019-01-25 12:08:08,647 - INFO - fastread - 496, 1880
2019-01-25 12:08:08,652 - INFO - fastread - 496, 1890
2019-01-25 12:08:08,658 - INFO - fastread - 497, 1900
2019-01-25 12:08:08,664 - INFO - fastread - 499, 1910
2019-01-25 12:08:08,670 - INFO - fastread - 502, 1920
2019-01-25 12:08:08,676 - INFO - fastread - 504, 1930
2019-01-25 12:08:08,682 - INFO - fastread - 505, 1940
2019-01-25 12:08:08,688 - INFO - fastread - 505, 1950
2019-01-25 12:08:08,693 - INFO - fastread - 507, 1960
2019-01-25 12:08:08,699 - INFO - fastread - 508, 1970
2019-01-25 12:08:08,704 - INFO - fastread - 510, 1980
2019-01-25 12:08:08,710 - INFO - fastread - 510, 1990
2019-01-25 12:08:08,715 - INFO - fastread - 511, 2000
2019-01-25 12:08:08,720 - INFO - fastread - 514, 2010
2019-01-25 12:08:08,726 - INFO - fastread - 516, 2020
2019-01-25 12:08:08,733 - INFO - fastread - 516, 2030
2019-01-25 12:08:08,739 - INFO - fastread - 517, 2040
2019-01-25 12:08:08,744 - INFO - fastread - 519, 2050
2019-01-25 12:08:08,750 - INFO - fastread - 519, 2060
2019-01-25 12:08:08,756 - INFO - fastread - 520, 2070
2019-01-25 12:08:08,762 - INFO - fastread - 520, 2080
2019-01-25 12:08:08,768 - INFO - fastread - 523, 2090
2019-01-25 12:08:08,774 - INFO - fastread - 523, 2100
2019-01-25 12:08:08,780 - INFO - fastread - 523, 2110
2019-01-25 12:08:08,786 - INFO - fastread - 523, 2120
2019-01-25 12:08:08,792 - INFO - fastread - 523, 2130
2019-01-25 12:08:08,798 - INFO - fastread - 523, 2140
2019-01-25 12:08:08,804 - INFO - fastread - 524, 2150
2019-01-25 12:08:08,810 - INFO - fastread - 525, 2160
2019-01-25 12:08:08,816 - INFO - fastread - 525, 2170
2019-01-25 12:08:08,823 - INFO - fastread - 525, 2180
2019-01-25 12:08:08,829 - INFO - fastread - 527, 2190
2019-01-25 12:08:08,835 - INFO - fastread - 529, 2200
2019-01-25 12:08:08,841 - INFO - fastread - 529, 2210
2019-01-25 12:08:08,848 - INFO - fastread - 529, 2220
2019-01-25 12:08:08,855 - INFO - fastread - 529, 2230
2019-01-25 12:08:08,861 - INFO - fastread - 530, 2240
2019-01-25 12:08:08,867 - INFO - fastread - 531, 2250
2019-01-25 12:08:08,873 - INFO - fastread - 532, 2260
2019-01-25 12:08:08,879 - INFO - fastread - 532, 2270
2019-01-25 12:08:08,886 - INFO - fastread - 532, 2280
2019-01-25 12:08:08,892 - INFO - fastread - 532, 2290
2019-01-25 12:08:08,898 - INFO - fastread - 532, 2300
2019-01-25 12:08:08,904 - INFO - fastread - 532, 2310
2019-01-25 12:08:08,911 - INFO - fastread - 532, 2320
2019-01-25 12:08:08,917 - INFO - fastread - 535, 2330
2019-01-25 12:08:08,923 - INFO - fastread - 535, 2340
2019-01-25 12:08:08,930 - INFO - fastread - 536, 2350
2019-01-25 12:08:08,935 - INFO - fastread - 536, 2360
2019-01-25 12:08:08,941 - INFO - fastread - 536, 2370
2019-01-25 12:08:08,947 - INFO - fastread - 536, 2380
2019-01-25 12:08:08,953 - INFO - fastread - 537, 2390
2019-01-25 12:08:08,959 - INFO - fastread - 537, 2400
2019-01-25 12:08:08,966 - INFO - fastread - 541, 2410
2019-01-25 12:08:08,972 - INFO - fastread - 544, 2420
2019-01-25 12:08:08,979 - INFO - fastread - 545, 2430
2019-01-25 12:08:08,985 - INFO - fastread - 545, 2440
2019-01-25 12:08:08,991 - INFO - fastread - 545, 2450
2019-01-25 12:08:08,997 - INFO - fastread - 546, 2460
2019-01-25 12:08:09,003 - INFO - fastread - 548, 2470
2019-01-25 12:08:09,010 - INFO - fastread - 548, 2480
2019-01-25 12:08:09,016 - INFO - fastread - 548, 2490
2019-01-25 12:08:09,023 - INFO - fastread - 550, 2500
2019-01-25 12:08:09,029 - INFO - fastread - 550, 2510
2019-01-25 12:08:09,035 - INFO - fastread - 552, 2520
2019-01-25 12:08:09,041 - INFO - fastread - 552, 2530
2019-01-25 12:08:09,047 - INFO - fastread - 555, 2540
2019-01-25 12:08:09,053 - INFO - fastread - 555, 2550
2019-01-25 12:08:09,058 - INFO - fastread - 556, 2560
2019-01-25 12:08:09,064 - INFO - fastread - 557, 2570
2019-01-25 12:08:09,070 - INFO - fastread - 559, 2580
2019-01-25 12:08:09,076 - INFO - fastread - 560, 2590
2019-01-25 12:08:09,082 - INFO - fastread - 560, 2600
2019-01-25 12:08:09,087 - INFO - fastread - 563, 2610
2019-01-25 12:08:09,093 - INFO - fastread - 565, 2620
2019-01-25 12:08:09,099 - INFO - fastread - 565, 2630
2019-01-25 12:08:09,104 - INFO - fastread - 565, 2640
2019-01-25 12:08:09,110 - INFO - fastread - 565, 2650
2019-01-25 12:08:09,115 - INFO - fastread - 566, 2660
2019-01-25 12:08:09,121 - INFO - fastread - 567, 2670
2019-01-25 12:08:09,126 - INFO - fastread - 567, 2680
2019-01-25 12:08:09,131 - INFO - fastread - 567, 2690
2019-01-25 12:08:09,136 - INFO - fastread - 567, 2700
2019-01-25 12:08:09,142 - INFO - fastread - 567, 2710
2019-01-25 12:08:09,148 - INFO - fastread - 569, 2720
2019-01-25 12:08:09,153 - INFO - fastread - 570, 2730
2019-01-25 12:08:09,159 - INFO - fastread - 570, 2740
2019-01-25 12:08:09,164 - INFO - fastread - 570, 2750
2019-01-25 12:08:09,170 - INFO - fastread - 570, 2760
2019-01-25 12:08:09,176 - INFO - fastread - 570, 2770
2019-01-25 12:08:09,182 - INFO - fastread - 571, 2780
2019-01-25 12:08:09,188 - INFO - fastread - 573, 2790
2019-01-25 12:08:09,193 - INFO - fastread - 573, 2800
2019-01-25 12:08:09,198 - INFO - fastread - 573, 2810
2019-01-25 12:08:09,204 - INFO - fastread - 574, 2820
2019-01-25 12:08:09,210 - INFO - fastread - 574, 2830
2019-01-25 12:08:09,215 - INFO - fastread - 574, 2840
2019-01-25 12:08:09,220 - INFO - fastread - 574, 2850
2019-01-25 12:08:09,226 - INFO - fastread - 575, 2860
2019-01-25 12:08:09,232 - INFO - fastread - 575, 2870
2019-01-25 12:08:09,237 - INFO - fastread - 576, 2880
2019-01-25 12:08:09,243 - INFO - fastread - 576, 2890
2019-01-25 12:08:09,248 - INFO - fastread - 576, 2900
2019-01-25 12:08:09,254 - INFO - fastread - 576, 2910
2019-01-25 12:08:09,260 - INFO - fastread - 576, 2920
2019-01-25 12:08:09,265 - INFO - fastread - 576, 2930
2019-01-25 12:08:09,271 - INFO - fastread - 576, 2940
2019-01-25 12:08:09,277 - INFO - fastread - 576, 2950
2019-01-25 12:08:09,283 - INFO - fastread - 576, 2960
2019-01-25 12:08:09,289 - INFO - fastread - 576, 2970
2019-01-25 12:08:09,295 - INFO - fastread - 576, 2980
2019-01-25 12:08:09,301 - INFO - fastread - 576, 2990
2019-01-25 12:08:09,306 - INFO - fastread - 576, 3000
2019-01-25 12:08:09,311 - INFO - fastread - 576, 3010
2019-01-25 12:08:09,317 - INFO - fastread - 576, 3020
2019-01-25 12:08:09,322 - INFO - fastread - 576, 3030
2019-01-25 12:08:09,328 - INFO - fastread - 576, 3040
2019-01-25 12:08:09,333 - INFO - fastread - 576, 3050
2019-01-25 12:08:09,341 - INFO - fastread - 576, 3060
2019-01-25 12:08:09,347 - INFO - fastread - 576, 3070
2019-01-25 12:08:09,352 - INFO - fastread - 576, 3080
2019-01-25 12:08:09,359 - INFO - fastread - 576, 3090
2019-01-25 12:08:09,365 - INFO - fastread - 576, 3100
2019-01-25 12:08:09,371 - INFO - fastread - 576, 3110
2019-01-25 12:08:09,377 - INFO - fastread - 576, 3120
2019-01-25 12:08:09,384 - INFO - fastread - 576, 3130
2019-01-25 12:08:09,391 - INFO - fastread - 576, 3140
2019-01-25 12:08:09,397 - INFO - fastread - 576, 3150
2019-01-25 12:08:09,405 - INFO - fastread - 576, 3160
2019-01-25 12:08:09,411 - INFO - fastread - 576, 3170
2019-01-25 12:08:09,418 - INFO - fastread - 576, 3180
2019-01-25 12:08:09,425 - INFO - fastread - 576, 3190
2019-01-25 12:08:09,431 - INFO - fastread - 576, 3200
2019-01-25 12:08:09,439 - INFO - fastread - 576, 3210
2019-01-25 12:08:09,446 - INFO - fastread - 576, 3220
2019-01-25 12:08:09,453 - INFO - fastread - 576, 3230
2019-01-25 12:08:09,460 - INFO - fastread - 576, 3240
2019-01-25 12:08:09,466 - INFO - fastread - 576, 3250
2019-01-25 12:08:09,474 - INFO - fastread - 576, 3260
2019-01-25 12:08:09,481 - INFO - fastread - 576, 3270
2019-01-25 12:08:09,487 - INFO - fastread - 576, 3280
2019-01-25 12:08:09,494 - INFO - fastread - 576, 3290
2019-01-25 12:08:09,501 - INFO - fastread - 576, 3300
2019-01-25 12:08:09,508 - INFO - fastread - 576, 3310
2019-01-25 12:08:09,514 - INFO - fastread - 576, 3320
2019-01-25 12:08:09,521 - INFO - fastread - 576, 3330
2019-01-25 12:08:09,528 - INFO - fastread - 576, 3340
2019-01-25 12:08:09,535 - INFO - fastread - 576, 3350
2019-01-25 12:08:09,542 - INFO - fastread - 576, 3360
2019-01-25 12:08:09,549 - INFO - fastread - 576, 3370
2019-01-25 12:08:09,556 - INFO - fastread - 576, 3380
2019-01-25 12:08:09,563 - INFO - fastread - 576, 3390
2019-01-25 12:08:09,570 - INFO - fastread - 576, 3400
2019-01-25 12:08:09,578 - INFO - fastread - 576, 3410
2019-01-25 12:08:09,585 - INFO - fastread - 576, 3420
2019-01-25 12:08:09,593 - INFO - fastread - 576, 3430
2019-01-25 12:08:09,600 - INFO - fastread - 576, 3440
2019-01-25 12:08:09,606 - INFO - fastread - 576, 3450
2019-01-25 12:08:09,613 - INFO - fastread - 576, 3460
2019-01-25 12:08:09,620 - INFO - fastread - 576, 3470
2019-01-25 12:08:09,627 - INFO - fastread - 576, 3480
2019-01-25 12:08:09,633 - INFO - fastread - 576, 3490
2019-01-25 12:08:09,639 - INFO - fastread - 576, 3500
2019-01-25 12:08:09,646 - INFO - fastread - 576, 3510
2019-01-25 12:08:09,653 - INFO - fastread - 576, 3520
2019-01-25 12:08:09,660 - INFO - fastread - 576, 3530
2019-01-25 12:08:09,668 - INFO - fastread - 576, 3540
2019-01-25 12:08:09,675 - INFO - fastread - 576, 3550
2019-01-25 12:08:09,682 - INFO - fastread - 576, 3560
2019-01-25 12:08:09,688 - INFO - fastread - 576, 3570
2019-01-25 12:08:09,695 - INFO - fastread - 576, 3580
2019-01-25 12:08:09,702 - INFO - fastread - 576, 3590
2019-01-25 12:08:09,710 - INFO - fastread - 576, 3600
2019-01-25 12:08:09,716 - INFO - fastread - 576, 3610
2019-01-25 12:08:09,723 - INFO - fastread - 576, 3620
2019-01-25 12:08:09,730 - INFO - fastread - 577, 3630
2019-01-25 12:08:09,738 - INFO - fastread - 578, 3640
2019-01-25 12:08:09,746 - INFO - fastread - 578, 3650
2019-01-25 12:08:09,754 - INFO - fastread - 578, 3660
2019-01-25 12:08:09,762 - INFO - fastread - 578, 3670
2019-01-25 12:08:09,770 - INFO - fastread - 578, 3680
2019-01-25 12:08:09,777 - INFO - fastread - 579, 3690
2019-01-25 12:08:09,786 - INFO - fastread - 580, 3700
2019-01-25 12:08:09,794 - INFO - fastread - 580, 3710
2019-01-25 12:08:09,801 - INFO - fastread - 581, 3720
2019-01-25 12:08:09,808 - INFO - fastread - 581, 3730
2019-01-25 12:08:09,816 - INFO - fastread - 581, 3740
2019-01-25 12:08:09,825 - INFO - fastread - 582, 3750
2019-01-25 12:08:09,832 - INFO - fastread - 583, 3760
2019-01-25 12:08:09,839 - INFO - fastread - 585, 3770
2019-01-25 12:08:09,847 - INFO - fastread - 585, 3780
2019-01-25 12:08:09,854 - INFO - fastread - 585, 3790
2019-01-25 12:08:09,861 - INFO - fastread - 585, 3800
2019-01-25 12:08:09,868 - INFO - fastread - 585, 3810
2019-01-25 12:08:09,875 - INFO - fastread - 585, 3820
2019-01-25 12:08:09,883 - INFO - fastread - 586, 3830
2019-01-25 12:08:09,891 - INFO - fastread - 586, 3840
2019-01-25 12:08:09,898 - INFO - fastread - 586, 3850
2019-01-25 12:08:09,906 - INFO - fastread - 586, 3860
2019-01-25 12:08:09,914 - INFO - fastread - 588, 3870
2019-01-25 12:08:09,922 - INFO - fastread - 588, 3880
2019-01-25 12:08:09,929 - INFO - fastread - 588, 3890
2019-01-25 12:08:09,936 - INFO - fastread - 588, 3900
2019-01-25 12:08:09,944 - INFO - fastread - 593, 3910
2019-01-25 12:08:09,966 - INFO - rig - ++++NEW CLF++++ KNN
2019-01-25 12:08:09,967 - INFO - fastread - Total Yes: 622 | Total No: 4275
2019-01-25 12:08:36,219 - INFO - fastread - 7, 10
2019-01-25 12:08:36,224 - INFO - fastread - 8, 20
2019-01-25 12:08:36,229 - INFO - fastread - 14, 30
2019-01-25 12:08:36,233 - INFO - fastread - 21, 40
2019-01-25 12:08:36,238 - INFO - fastread - 27, 50
2019-01-25 12:08:36,268 - INFO - fastread - 32, 60
2019-01-25 12:08:36,274 - INFO - fastread - 36, 70
2019-01-25 12:08:36,279 - INFO - fastread - 42, 80
2019-01-25 12:08:36,284 - INFO - fastread - 45, 90
2019-01-25 12:08:36,289 - INFO - fastread - 50, 100
2019-01-25 12:08:36,294 - INFO - fastread - 55, 110
2019-01-25 12:08:36,298 - INFO - fastread - 60, 120
2019-01-25 12:08:36,303 - INFO - fastread - 65, 130
2019-01-25 12:08:36,308 - INFO - fastread - 67, 140
2019-01-25 12:08:36,313 - INFO - fastread - 67, 150
2019-01-25 12:08:36,318 - INFO - fastread - 68, 160
2019-01-25 12:08:36,323 - INFO - fastread - 69, 170
2019-01-25 12:08:36,328 - INFO - fastread - 70, 180
2019-01-25 12:08:36,334 - INFO - fastread - 72, 190
2019-01-25 12:08:36,339 - INFO - fastread - 74, 200
2019-01-25 12:08:36,344 - INFO - fastread - 76, 210
2019-01-25 12:08:36,349 - INFO - fastread - 76, 220
2019-01-25 12:08:36,355 - INFO - fastread - 77, 230
2019-01-25 12:08:36,362 - INFO - fastread - 78, 240
2019-01-25 12:08:36,367 - INFO - fastread - 78, 250
2019-01-25 12:08:36,372 - INFO - fastread - 79, 260
2019-01-25 12:08:36,377 - INFO - fastread - 80, 270
2019-01-25 12:08:36,383 - INFO - fastread - 81, 280
2019-01-25 12:08:36,388 - INFO - fastread - 83, 290
2019-01-25 12:08:36,397 - INFO - fastread - 84, 300
2019-01-25 12:08:36,416 - INFO - fastread - 84, 310
2019-01-25 12:08:36,422 - INFO - fastread - 85, 320
2019-01-25 12:08:36,426 - INFO - fastread - 87, 330
2019-01-25 12:08:36,432 - INFO - fastread - 89, 340
2019-01-25 12:08:36,437 - INFO - fastread - 90, 350
2019-01-25 12:08:36,442 - INFO - fastread - 92, 360
2019-01-25 12:08:36,448 - INFO - fastread - 92, 370
2019-01-25 12:08:36,453 - INFO - fastread - 94, 380
2019-01-25 12:08:36,458 - INFO - fastread - 95, 390
2019-01-25 12:08:36,464 - INFO - fastread - 96, 400
2019-01-25 12:08:36,470 - INFO - fastread - 98, 410
2019-01-25 12:08:36,475 - INFO - fastread - 101, 420
2019-01-25 12:08:36,481 - INFO - fastread - 104, 430
2019-01-25 12:08:36,490 - INFO - fastread - 104, 440
2019-01-25 12:08:36,496 - INFO - fastread - 105, 450
2019-01-25 12:08:36,503 - INFO - fastread - 107, 460
2019-01-25 12:08:36,508 - INFO - fastread - 108, 470
2019-01-25 12:08:36,514 - INFO - fastread - 110, 480
2019-01-25 12:08:36,519 - INFO - fastread - 111, 490
2019-01-25 12:08:36,524 - INFO - fastread - 111, 500
2019-01-25 12:08:36,529 - INFO - fastread - 112, 510
2019-01-25 12:08:36,534 - INFO - fastread - 113, 520
2019-01-25 12:08:36,540 - INFO - fastread - 116, 530
2019-01-25 12:08:36,545 - INFO - fastread - 117, 540
2019-01-25 12:08:36,550 - INFO - fastread - 121, 550
2019-01-25 12:08:36,555 - INFO - fastread - 123, 560
2019-01-25 12:08:36,560 - INFO - fastread - 124, 570
2019-01-25 12:08:36,566 - INFO - fastread - 125, 580
2019-01-25 12:08:36,571 - INFO - fastread - 125, 590
2019-01-25 12:08:36,576 - INFO - fastread - 127, 600
2019-01-25 12:08:36,581 - INFO - fastread - 128, 610
2019-01-25 12:08:36,586 - INFO - fastread - 129, 620
2019-01-25 12:08:36,592 - INFO - fastread - 129, 630
2019-01-25 12:08:36,597 - INFO - fastread - 131, 640
2019-01-25 12:08:36,602 - INFO - fastread - 133, 650
2019-01-25 12:08:36,606 - INFO - fastread - 134, 660
2019-01-25 12:08:36,611 - INFO - fastread - 134, 670
2019-01-25 12:08:36,616 - INFO - fastread - 136, 680
2019-01-25 12:08:36,621 - INFO - fastread - 136, 690
2019-01-25 12:08:36,626 - INFO - fastread - 140, 700
2019-01-25 12:08:36,632 - INFO - fastread - 141, 710
2019-01-25 12:08:36,637 - INFO - fastread - 143, 720
2019-01-25 12:08:36,642 - INFO - fastread - 143, 730
2019-01-25 12:08:36,648 - INFO - fastread - 146, 740
2019-01-25 12:08:36,653 - INFO - fastread - 148, 750
2019-01-25 12:08:36,658 - INFO - fastread - 148, 760
2019-01-25 12:08:36,663 - INFO - fastread - 149, 770
2019-01-25 12:08:36,668 - INFO - fastread - 151, 780
2019-01-25 12:08:36,674 - INFO - fastread - 151, 790
2019-01-25 12:08:36,679 - INFO - fastread - 154, 800
2019-01-25 12:08:36,684 - INFO - fastread - 158, 810
2019-01-25 12:08:36,690 - INFO - fastread - 160, 820
2019-01-25 12:08:36,696 - INFO - fastread - 164, 830
2019-01-25 12:08:36,701 - INFO - fastread - 165, 840
2019-01-25 12:08:36,706 - INFO - fastread - 165, 850
2019-01-25 12:08:36,712 - INFO - fastread - 165, 860
2019-01-25 12:08:36,717 - INFO - fastread - 166, 870
2019-01-25 12:08:36,722 - INFO - fastread - 167, 880
2019-01-25 12:08:36,727 - INFO - fastread - 167, 890
2019-01-25 12:08:36,732 - INFO - fastread - 169, 900
2019-01-25 12:08:36,737 - INFO - fastread - 169, 910
2019-01-25 12:08:36,743 - INFO - fastread - 170, 920
2019-01-25 12:08:36,748 - INFO - fastread - 171, 930
2019-01-25 12:08:36,754 - INFO - fastread - 172, 940
2019-01-25 12:08:36,760 - INFO - fastread - 175, 950
2019-01-25 12:08:36,765 - INFO - fastread - 176, 960
2019-01-25 12:08:36,770 - INFO - fastread - 177, 970
2019-01-25 12:08:36,775 - INFO - fastread - 179, 980
2019-01-25 12:08:36,780 - INFO - fastread - 180, 990
2019-01-25 12:08:36,785 - INFO - fastread - 180, 1000
2019-01-25 12:08:36,791 - INFO - fastread - 181, 1010
2019-01-25 12:08:36,796 - INFO - fastread - 183, 1020
2019-01-25 12:08:36,801 - INFO - fastread - 184, 1030
2019-01-25 12:08:36,806 - INFO - fastread - 184, 1040
2019-01-25 12:08:36,812 - INFO - fastread - 186, 1050
2019-01-25 12:08:36,817 - INFO - fastread - 188, 1060
2019-01-25 12:08:36,822 - INFO - fastread - 188, 1070
2019-01-25 12:08:36,827 - INFO - fastread - 188, 1080
2019-01-25 12:08:36,831 - INFO - fastread - 189, 1090
2019-01-25 12:08:36,836 - INFO - fastread - 189, 1100
2019-01-25 12:08:36,841 - INFO - fastread - 189, 1110
2019-01-25 12:08:36,847 - INFO - fastread - 190, 1120
2019-01-25 12:08:36,853 - INFO - fastread - 191, 1130
2019-01-25 12:08:36,858 - INFO - fastread - 192, 1140
2019-01-25 12:08:36,876 - INFO - fastread - 193, 1150
2019-01-25 12:08:36,882 - INFO - fastread - 194, 1160
2019-01-25 12:08:36,887 - INFO - fastread - 195, 1170
2019-01-25 12:08:36,892 - INFO - fastread - 197, 1180
2019-01-25 12:08:36,897 - INFO - fastread - 199, 1190
2019-01-25 12:08:36,903 - INFO - fastread - 200, 1200
2019-01-25 12:08:36,908 - INFO - fastread - 201, 1210
2019-01-25 12:08:36,913 - INFO - fastread - 202, 1220
2019-01-25 12:08:36,919 - INFO - fastread - 207, 1230
2019-01-25 12:08:36,926 - INFO - fastread - 209, 1240
2019-01-25 12:08:36,931 - INFO - fastread - 210, 1250
2019-01-25 12:08:36,936 - INFO - fastread - 210, 1260
2019-01-25 12:08:36,941 - INFO - fastread - 210, 1270
2019-01-25 12:08:36,946 - INFO - fastread - 210, 1280
2019-01-25 12:08:36,952 - INFO - fastread - 212, 1290
2019-01-25 12:08:36,957 - INFO - fastread - 213, 1300
2019-01-25 12:08:36,962 - INFO - fastread - 215, 1310
2019-01-25 12:08:36,967 - INFO - fastread - 216, 1320
2019-01-25 12:08:36,972 - INFO - fastread - 219, 1330
2019-01-25 12:08:36,976 - INFO - fastread - 219, 1340
2019-01-25 12:08:36,982 - INFO - fastread - 220, 1350
2019-01-25 12:08:36,987 - INFO - fastread - 221, 1360
2019-01-25 12:08:36,993 - INFO - fastread - 222, 1370
2019-01-25 12:08:36,998 - INFO - fastread - 224, 1380
2019-01-25 12:08:37,003 - INFO - fastread - 224, 1390
2019-01-25 12:08:37,009 - INFO - fastread - 226, 1400
2019-01-25 12:08:37,014 - INFO - fastread - 228, 1410
2019-01-25 12:08:37,020 - INFO - fastread - 229, 1420
2019-01-25 12:08:37,025 - INFO - fastread - 231, 1430
2019-01-25 12:08:37,030 - INFO - fastread - 232, 1440
2019-01-25 12:08:37,035 - INFO - fastread - 233, 1450
2019-01-25 12:08:37,041 - INFO - fastread - 236, 1460
2019-01-25 12:08:37,046 - INFO - fastread - 236, 1470
2019-01-25 12:08:37,052 - INFO - fastread - 237, 1480
2019-01-25 12:08:37,057 - INFO - fastread - 239, 1490
2019-01-25 12:08:37,063 - INFO - fastread - 239, 1500
2019-01-25 12:08:37,069 - INFO - fastread - 239, 1510
2019-01-25 12:08:37,074 - INFO - fastread - 240, 1520
2019-01-25 12:08:37,080 - INFO - fastread - 240, 1530
2019-01-25 12:08:37,085 - INFO - fastread - 241, 1540
2019-01-25 12:08:37,090 - INFO - fastread - 243, 1550
2019-01-25 12:08:37,096 - INFO - fastread - 245, 1560
2019-01-25 12:08:37,101 - INFO - fastread - 245, 1570
2019-01-25 12:08:37,107 - INFO - fastread - 246, 1580
2019-01-25 12:08:37,111 - INFO - fastread - 247, 1590
2019-01-25 12:08:37,116 - INFO - fastread - 248, 1600
2019-01-25 12:08:37,121 - INFO - fastread - 249, 1610
2019-01-25 12:08:37,127 - INFO - fastread - 251, 1620
2019-01-25 12:08:37,132 - INFO - fastread - 251, 1630
2019-01-25 12:08:37,137 - INFO - fastread - 252, 1640
2019-01-25 12:08:37,145 - INFO - fastread - 252, 1650
2019-01-25 12:08:37,151 - INFO - fastread - 252, 1660
2019-01-25 12:08:37,156 - INFO - fastread - 254, 1670
2019-01-25 12:08:37,160 - INFO - fastread - 254, 1680
2019-01-25 12:08:37,165 - INFO - fastread - 254, 1690
2019-01-25 12:08:37,170 - INFO - fastread - 254, 1700
2019-01-25 12:08:37,175 - INFO - fastread - 255, 1710
2019-01-25 12:08:37,180 - INFO - fastread - 255, 1720
2019-01-25 12:08:37,185 - INFO - fastread - 255, 1730
2019-01-25 12:08:37,190 - INFO - fastread - 256, 1740
2019-01-25 12:08:37,195 - INFO - fastread - 257, 1750
2019-01-25 12:08:37,200 - INFO - fastread - 259, 1760
2019-01-25 12:08:37,204 - INFO - fastread - 260, 1770
2019-01-25 12:08:37,209 - INFO - fastread - 261, 1780
2019-01-25 12:08:37,214 - INFO - fastread - 263, 1790
2019-01-25 12:08:37,219 - INFO - fastread - 263, 1800
2019-01-25 12:08:37,224 - INFO - fastread - 264, 1810
2019-01-25 12:08:37,229 - INFO - fastread - 265, 1820
2019-01-25 12:08:37,234 - INFO - fastread - 268, 1830
2019-01-25 12:08:37,239 - INFO - fastread - 268, 1840
2019-01-25 12:08:37,243 - INFO - fastread - 269, 1850
2019-01-25 12:08:37,248 - INFO - fastread - 270, 1860
2019-01-25 12:08:37,253 - INFO - fastread - 272, 1870
2019-01-25 12:08:37,257 - INFO - fastread - 273, 1880
2019-01-25 12:08:37,262 - INFO - fastread - 273, 1890
2019-01-25 12:08:37,268 - INFO - fastread - 273, 1900
2019-01-25 12:08:37,273 - INFO - fastread - 273, 1910
2019-01-25 12:08:37,279 - INFO - fastread - 273, 1920
2019-01-25 12:08:37,284 - INFO - fastread - 273, 1930
2019-01-25 12:08:37,290 - INFO - fastread - 276, 1940
2019-01-25 12:08:37,295 - INFO - fastread - 277, 1950
2019-01-25 12:08:37,300 - INFO - fastread - 278, 1960
2019-01-25 12:08:37,305 - INFO - fastread - 279, 1970
2019-01-25 12:08:37,310 - INFO - fastread - 283, 1980
2019-01-25 12:08:37,315 - INFO - fastread - 284, 1990
2019-01-25 12:08:37,320 - INFO - fastread - 285, 2000
2019-01-25 12:08:37,325 - INFO - fastread - 288, 2010
2019-01-25 12:08:37,330 - INFO - fastread - 289, 2020
2019-01-25 12:08:37,335 - INFO - fastread - 290, 2030
2019-01-25 12:08:37,340 - INFO - fastread - 290, 2040
2019-01-25 12:08:37,345 - INFO - fastread - 292, 2050
2019-01-25 12:08:37,350 - INFO - fastread - 293, 2060
2019-01-25 12:08:37,355 - INFO - fastread - 294, 2070
2019-01-25 12:08:37,361 - INFO - fastread - 296, 2080
2019-01-25 12:08:37,366 - INFO - fastread - 298, 2090
2019-01-25 12:08:37,372 - INFO - fastread - 300, 2100
2019-01-25 12:08:37,379 - INFO - fastread - 301, 2110
2019-01-25 12:08:37,384 - INFO - fastread - 301, 2120
2019-01-25 12:08:37,390 - INFO - fastread - 301, 2130
2019-01-25 12:08:37,396 - INFO - fastread - 304, 2140
2019-01-25 12:08:37,401 - INFO - fastread - 304, 2150
2019-01-25 12:08:37,407 - INFO - fastread - 304, 2160
2019-01-25 12:08:37,412 - INFO - fastread - 304, 2170
2019-01-25 12:08:37,418 - INFO - fastread - 305, 2180
2019-01-25 12:08:37,423 - INFO - fastread - 306, 2190
2019-01-25 12:08:37,429 - INFO - fastread - 306, 2200
2019-01-25 12:08:37,435 - INFO - fastread - 308, 2210
2019-01-25 12:08:37,441 - INFO - fastread - 310, 2220
2019-01-25 12:08:37,447 - INFO - fastread - 312, 2230
2019-01-25 12:08:37,452 - INFO - fastread - 313, 2240
2019-01-25 12:08:37,458 - INFO - fastread - 313, 2250
2019-01-25 12:08:37,464 - INFO - fastread - 314, 2260
2019-01-25 12:08:37,471 - INFO - fastread - 315, 2270
2019-01-25 12:08:37,477 - INFO - fastread - 319, 2280
2019-01-25 12:08:37,483 - INFO - fastread - 320, 2290
2019-01-25 12:08:37,489 - INFO - fastread - 321, 2300
2019-01-25 12:08:37,495 - INFO - fastread - 323, 2310
2019-01-25 12:08:37,501 - INFO - fastread - 324, 2320
2019-01-25 12:08:37,507 - INFO - fastread - 326, 2330
2019-01-25 12:08:37,513 - INFO - fastread - 327, 2340
2019-01-25 12:08:37,519 - INFO - fastread - 327, 2350
2019-01-25 12:08:37,525 - INFO - fastread - 327, 2360
2019-01-25 12:08:37,531 - INFO - fastread - 331, 2370
2019-01-25 12:08:37,537 - INFO - fastread - 331, 2380
2019-01-25 12:08:37,543 - INFO - fastread - 332, 2390
2019-01-25 12:08:37,548 - INFO - fastread - 334, 2400
2019-01-25 12:08:37,554 - INFO - fastread - 334, 2410
2019-01-25 12:08:37,560 - INFO - fastread - 334, 2420
2019-01-25 12:08:37,567 - INFO - fastread - 334, 2430
2019-01-25 12:08:37,573 - INFO - fastread - 334, 2440
2019-01-25 12:08:37,579 - INFO - fastread - 337, 2450
2019-01-25 12:08:37,585 - INFO - fastread - 338, 2460
2019-01-25 12:08:37,591 - INFO - fastread - 339, 2470
2019-01-25 12:08:37,597 - INFO - fastread - 342, 2480
2019-01-25 12:08:37,602 - INFO - fastread - 344, 2490
2019-01-25 12:08:37,608 - INFO - fastread - 346, 2500
2019-01-25 12:08:37,615 - INFO - fastread - 346, 2510
2019-01-25 12:08:37,620 - INFO - fastread - 347, 2520
2019-01-25 12:08:37,626 - INFO - fastread - 349, 2530
2019-01-25 12:08:37,632 - INFO - fastread - 350, 2540
2019-01-25 12:08:37,638 - INFO - fastread - 352, 2550
2019-01-25 12:08:37,644 - INFO - fastread - 352, 2560
2019-01-25 12:08:37,651 - INFO - fastread - 354, 2570
2019-01-25 12:08:37,657 - INFO - fastread - 356, 2580
2019-01-25 12:08:37,663 - INFO - fastread - 356, 2590
2019-01-25 12:08:37,669 - INFO - fastread - 359, 2600
2019-01-25 12:08:37,675 - INFO - fastread - 359, 2610
2019-01-25 12:08:37,680 - INFO - fastread - 360, 2620
2019-01-25 12:08:37,686 - INFO - fastread - 361, 2630
2019-01-25 12:08:37,692 - INFO - fastread - 361, 2640
2019-01-25 12:08:37,698 - INFO - fastread - 363, 2650
2019-01-25 12:08:37,704 - INFO - fastread - 364, 2660
2019-01-25 12:08:37,710 - INFO - fastread - 366, 2670
2019-01-25 12:08:37,716 - INFO - fastread - 368, 2680
2019-01-25 12:08:37,722 - INFO - fastread - 368, 2690
2019-01-25 12:08:37,728 - INFO - fastread - 370, 2700
2019-01-25 12:08:37,733 - INFO - fastread - 370, 2710
2019-01-25 12:08:37,739 - INFO - fastread - 371, 2720
2019-01-25 12:08:37,745 - INFO - fastread - 371, 2730
2019-01-25 12:08:37,751 - INFO - fastread - 372, 2740
2019-01-25 12:08:37,758 - INFO - fastread - 373, 2750
2019-01-25 12:08:37,764 - INFO - fastread - 373, 2760
2019-01-25 12:08:37,769 - INFO - fastread - 376, 2770
2019-01-25 12:08:37,776 - INFO - fastread - 377, 2780
2019-01-25 12:08:37,782 - INFO - fastread - 378, 2790
2019-01-25 12:08:37,788 - INFO - fastread - 378, 2800
2019-01-25 12:08:37,795 - INFO - fastread - 379, 2810
2019-01-25 12:08:37,801 - INFO - fastread - 382, 2820
2019-01-25 12:08:37,807 - INFO - fastread - 385, 2830
2019-01-25 12:08:37,813 - INFO - fastread - 387, 2840
2019-01-25 12:08:37,820 - INFO - fastread - 389, 2850
2019-01-25 12:08:37,826 - INFO - fastread - 393, 2860
2019-01-25 12:08:37,832 - INFO - fastread - 394, 2870
2019-01-25 12:08:37,839 - INFO - fastread - 395, 2880
2019-01-25 12:08:37,846 - INFO - fastread - 396, 2890
2019-01-25 12:08:37,852 - INFO - fastread - 397, 2900
2019-01-25 12:08:37,858 - INFO - fastread - 397, 2910
2019-01-25 12:08:37,864 - INFO - fastread - 400, 2920
2019-01-25 12:08:37,871 - INFO - fastread - 401, 2930
2019-01-25 12:08:37,877 - INFO - fastread - 404, 2940
2019-01-25 12:08:37,883 - INFO - fastread - 404, 2950
2019-01-25 12:08:37,890 - INFO - fastread - 406, 2960
2019-01-25 12:08:37,897 - INFO - fastread - 406, 2970
2019-01-25 12:08:37,904 - INFO - fastread - 407, 2980
2019-01-25 12:08:37,910 - INFO - fastread - 407, 2990
2019-01-25 12:08:37,916 - INFO - fastread - 407, 3000
2019-01-25 12:08:37,922 - INFO - fastread - 408, 3010
2019-01-25 12:08:37,928 - INFO - fastread - 408, 3020
2019-01-25 12:08:37,935 - INFO - fastread - 410, 3030
2019-01-25 12:08:37,941 - INFO - fastread - 411, 3040
2019-01-25 12:08:37,947 - INFO - fastread - 411, 3050
2019-01-25 12:08:37,953 - INFO - fastread - 411, 3060
2019-01-25 12:08:37,959 - INFO - fastread - 411, 3070
2019-01-25 12:08:37,966 - INFO - fastread - 413, 3080
2019-01-25 12:08:37,972 - INFO - fastread - 413, 3090
2019-01-25 12:08:37,978 - INFO - fastread - 414, 3100
2019-01-25 12:08:37,985 - INFO - fastread - 415, 3110
2019-01-25 12:08:37,992 - INFO - fastread - 416, 3120
2019-01-25 12:08:37,998 - INFO - fastread - 417, 3130
2019-01-25 12:08:38,005 - INFO - fastread - 417, 3140
2019-01-25 12:08:38,012 - INFO - fastread - 419, 3150
2019-01-25 12:08:38,018 - INFO - fastread - 420, 3160
2019-01-25 12:08:38,025 - INFO - fastread - 423, 3170
2019-01-25 12:08:38,032 - INFO - fastread - 425, 3180
2019-01-25 12:08:38,038 - INFO - fastread - 425, 3190
2019-01-25 12:08:38,044 - INFO - fastread - 426, 3200
2019-01-25 12:08:38,051 - INFO - fastread - 428, 3210
2019-01-25 12:08:38,057 - INFO - fastread - 428, 3220
2019-01-25 12:08:38,063 - INFO - fastread - 429, 3230
2019-01-25 12:08:38,069 - INFO - fastread - 429, 3240
2019-01-25 12:08:38,076 - INFO - fastread - 433, 3250
2019-01-25 12:08:38,082 - INFO - fastread - 435, 3260
2019-01-25 12:08:38,089 - INFO - fastread - 436, 3270
2019-01-25 12:08:38,096 - INFO - fastread - 438, 3280
2019-01-25 12:08:38,101 - INFO - fastread - 439, 3290
2019-01-25 12:08:38,109 - INFO - fastread - 440, 3300
2019-01-25 12:08:38,115 - INFO - fastread - 441, 3310
2019-01-25 12:08:38,121 - INFO - fastread - 441, 3320
2019-01-25 12:08:38,128 - INFO - fastread - 443, 3330
2019-01-25 12:08:38,134 - INFO - fastread - 443, 3340
2019-01-25 12:08:38,141 - INFO - fastread - 443, 3350
2019-01-25 12:08:38,148 - INFO - fastread - 444, 3360
2019-01-25 12:08:38,155 - INFO - fastread - 447, 3370
2019-01-25 12:08:38,161 - INFO - fastread - 448, 3380
2019-01-25 12:08:38,168 - INFO - fastread - 450, 3390
2019-01-25 12:08:38,180 - INFO - fastread - 450, 3400
2019-01-25 12:08:38,186 - INFO - fastread - 451, 3410
2019-01-25 12:08:38,193 - INFO - fastread - 452, 3420
2019-01-25 12:08:38,199 - INFO - fastread - 452, 3430
2019-01-25 12:08:38,205 - INFO - fastread - 453, 3440
2019-01-25 12:08:38,215 - INFO - fastread - 454, 3450
2019-01-25 12:08:38,222 - INFO - fastread - 456, 3460
2019-01-25 12:08:38,229 - INFO - fastread - 457, 3470
2019-01-25 12:08:38,235 - INFO - fastread - 457, 3480
2019-01-25 12:08:38,242 - INFO - fastread - 459, 3490
2019-01-25 12:08:38,251 - INFO - fastread - 459, 3500
2019-01-25 12:08:38,257 - INFO - fastread - 460, 3510
2019-01-25 12:08:38,263 - INFO - fastread - 460, 3520
2019-01-25 12:08:38,270 - INFO - fastread - 460, 3530
2019-01-25 12:08:38,277 - INFO - fastread - 460, 3540
2019-01-25 12:08:38,284 - INFO - fastread - 464, 3550
2019-01-25 12:08:38,291 - INFO - fastread - 465, 3560
2019-01-25 12:08:38,298 - INFO - fastread - 466, 3570
2019-01-25 12:08:38,305 - INFO - fastread - 469, 3580
2019-01-25 12:08:38,311 - INFO - fastread - 469, 3590
2019-01-25 12:08:38,318 - INFO - fastread - 470, 3600
2019-01-25 12:08:38,325 - INFO - fastread - 470, 3610
2019-01-25 12:08:38,331 - INFO - fastread - 471, 3620
2019-01-25 12:08:38,339 - INFO - fastread - 472, 3630
2019-01-25 12:08:38,346 - INFO - fastread - 472, 3640
2019-01-25 12:08:38,353 - INFO - fastread - 473, 3650
2019-01-25 12:08:38,360 - INFO - fastread - 475, 3660
2019-01-25 12:08:38,368 - INFO - fastread - 475, 3670
2019-01-25 12:08:38,374 - INFO - fastread - 476, 3680
2019-01-25 12:08:38,380 - INFO - fastread - 476, 3690
2019-01-25 12:08:38,386 - INFO - fastread - 479, 3700
2019-01-25 12:08:38,394 - INFO - fastread - 481, 3710
2019-01-25 12:08:38,401 - INFO - fastread - 482, 3720
2019-01-25 12:08:38,409 - INFO - fastread - 484, 3730
2019-01-25 12:08:38,417 - INFO - fastread - 485, 3740
2019-01-25 12:08:38,424 - INFO - fastread - 486, 3750
2019-01-25 12:08:38,431 - INFO - fastread - 487, 3760
2019-01-25 12:08:38,438 - INFO - fastread - 490, 3770
2019-01-25 12:08:38,445 - INFO - fastread - 490, 3780
2019-01-25 12:08:38,452 - INFO - fastread - 491, 3790
2019-01-25 12:08:38,458 - INFO - fastread - 491, 3800
2019-01-25 12:08:38,465 - INFO - fastread - 493, 3810
2019-01-25 12:08:38,472 - INFO - fastread - 494, 3820
2019-01-25 12:08:38,478 - INFO - fastread - 495, 3830
2019-01-25 12:08:38,484 - INFO - fastread - 495, 3840
2019-01-25 12:08:38,492 - INFO - fastread - 497, 3850
2019-01-25 12:08:38,499 - INFO - fastread - 497, 3860
2019-01-25 12:08:38,506 - INFO - fastread - 497, 3870
2019-01-25 12:08:38,516 - INFO - fastread - 497, 3880
2019-01-25 12:08:38,522 - INFO - fastread - 499, 3890
2019-01-25 12:08:38,529 - INFO - fastread - 501, 3900
2019-01-25 12:08:38,536 - INFO - fastread - 501, 3910
2019-01-25 12:08:38,543 - INFO - fastread - 503, 3920
2019-01-25 12:08:38,551 - INFO - fastread - 504, 3930
2019-01-25 12:08:38,558 - INFO - fastread - 507, 3940
2019-01-25 12:08:38,565 - INFO - fastread - 508, 3950
2019-01-25 12:08:38,573 - INFO - fastread - 509, 3960
2019-01-25 12:08:38,581 - INFO - fastread - 514, 3970
2019-01-25 12:08:38,589 - INFO - fastread - 517, 3980
2019-01-25 12:08:38,598 - INFO - fastread - 520, 3990
2019-01-25 12:08:38,606 - INFO - fastread - 522, 4000
2019-01-25 12:08:38,614 - INFO - fastread - 525, 4010
2019-01-25 12:08:38,622 - INFO - fastread - 527, 4020
2019-01-25 12:08:38,629 - INFO - fastread - 527, 4030
2019-01-25 12:08:38,637 - INFO - fastread - 528, 4040
2019-01-25 12:08:38,645 - INFO - fastread - 531, 4050
2019-01-25 12:08:38,652 - INFO - fastread - 531, 4060
2019-01-25 12:08:38,660 - INFO - fastread - 531, 4070
2019-01-25 12:08:38,667 - INFO - fastread - 531, 4080
2019-01-25 12:08:38,675 - INFO - fastread - 531, 4090
2019-01-25 12:08:38,682 - INFO - fastread - 533, 4100
2019-01-25 12:08:38,689 - INFO - fastread - 534, 4110
2019-01-25 12:08:38,695 - INFO - fastread - 535, 4120
2019-01-25 12:08:38,701 - INFO - fastread - 535, 4130
2019-01-25 12:08:38,707 - INFO - fastread - 535, 4140
2019-01-25 12:08:38,713 - INFO - fastread - 537, 4150
2019-01-25 12:08:38,720 - INFO - fastread - 540, 4160
2019-01-25 12:08:38,727 - INFO - fastread - 540, 4170
2019-01-25 12:08:38,734 - INFO - fastread - 541, 4180
2019-01-25 12:08:38,741 - INFO - fastread - 541, 4190
2019-01-25 12:08:38,747 - INFO - fastread - 542, 4200
2019-01-25 12:08:38,755 - INFO - fastread - 542, 4210
2019-01-25 12:08:38,761 - INFO - fastread - 542, 4220
2019-01-25 12:08:38,767 - INFO - fastread - 543, 4230
2019-01-25 12:08:38,773 - INFO - fastread - 546, 4240
2019-01-25 12:08:38,779 - INFO - fastread - 547, 4250
2019-01-25 12:08:38,786 - INFO - fastread - 549, 4260
2019-01-25 12:08:38,793 - INFO - fastread - 549, 4270
2019-01-25 12:08:38,800 - INFO - fastread - 549, 4280
2019-01-25 12:08:38,807 - INFO - fastread - 551, 4290
2019-01-25 12:08:38,812 - INFO - fastread - 552, 4300
2019-01-25 12:08:38,819 - INFO - fastread - 553, 4310
2019-01-25 12:08:38,826 - INFO - fastread - 556, 4320
2019-01-25 12:08:38,833 - INFO - fastread - 557, 4330
2019-01-25 12:08:38,839 - INFO - fastread - 558, 4340
2019-01-25 12:08:38,846 - INFO - fastread - 559, 4350
2019-01-25 12:08:38,852 - INFO - fastread - 559, 4360
2019-01-25 12:08:38,860 - INFO - fastread - 560, 4370
2019-01-25 12:08:38,867 - INFO - fastread - 561, 4380
2019-01-25 12:08:38,874 - INFO - fastread - 561, 4390
2019-01-25 12:08:38,881 - INFO - fastread - 563, 4400
2019-01-25 12:08:38,887 - INFO - fastread - 564, 4410
2019-01-25 12:08:38,893 - INFO - fastread - 565, 4420
2019-01-25 12:08:38,901 - INFO - fastread - 565, 4430
2019-01-25 12:08:38,909 - INFO - fastread - 565, 4440
2019-01-25 12:08:38,916 - INFO - fastread - 567, 4450
2019-01-25 12:08:38,922 - INFO - fastread - 568, 4460
2019-01-25 12:08:38,929 - INFO - fastread - 568, 4470
2019-01-25 12:08:38,936 - INFO - fastread - 569, 4480
2019-01-25 12:08:38,943 - INFO - fastread - 570, 4490
2019-01-25 12:08:38,949 - INFO - fastread - 573, 4500
2019-01-25 12:08:38,956 - INFO - fastread - 574, 4510
2019-01-25 12:08:38,964 - INFO - fastread - 574, 4520
2019-01-25 12:08:38,972 - INFO - fastread - 579, 4530
2019-01-25 12:08:38,980 - INFO - fastread - 581, 4540
2019-01-25 12:08:38,987 - INFO - fastread - 582, 4550
2019-01-25 12:08:38,995 - INFO - fastread - 583, 4560
2019-01-25 12:08:39,008 - INFO - fastread - 584, 4570
2019-01-25 12:08:39,015 - INFO - fastread - 585, 4580
2019-01-25 12:08:39,022 - INFO - fastread - 585, 4590
2019-01-25 12:08:39,029 - INFO - fastread - 586, 4600
2019-01-25 12:08:39,035 - INFO - fastread - 586, 4610
2019-01-25 12:08:39,042 - INFO - fastread - 586, 4620
2019-01-25 12:08:39,049 - INFO - fastread - 587, 4630
2019-01-25 12:08:39,056 - INFO - fastread - 589, 4640
2019-01-25 12:08:39,063 - INFO - fastread - 589, 4650
2019-01-25 12:08:39,069 - INFO - fastread - 590, 4660
2019-01-25 12:08:39,077 - INFO - fastread - 592, 4670
2019-01-25 12:08:39,120 - INFO - rig - ++++NEW CLF++++ SVM
2019-01-25 12:08:39,120 - INFO - fastread - Total Yes: 622 | Total No: 4275
2019-01-25 12:17:53,010 - INFO - fastread - 1, 10
2019-01-25 12:17:53,020 - INFO - fastread - 7, 20
2019-01-25 12:17:53,031 - INFO - fastread - 17, 30
2019-01-25 12:17:53,039 - INFO - fastread - 27, 40
2019-01-25 12:17:53,041 - INFO - fastread - 36, 50
2019-01-25 12:17:53,051 - INFO - fastread - 46, 60
2019-01-25 12:17:53,051 - INFO - fastread - 56, 70
2019-01-25 12:17:53,061 - INFO - fastread - 66, 80
2019-01-25 12:17:53,069 - INFO - fastread - 76, 90
2019-01-25 12:17:53,071 - INFO - fastread - 86, 100
2019-01-25 12:17:53,081 - INFO - fastread - 96, 110
2019-01-25 12:17:53,089 - INFO - fastread - 106, 120
2019-01-25 12:17:53,091 - INFO - fastread - 116, 130
2019-01-25 12:17:53,101 - INFO - fastread - 126, 140
2019-01-25 12:17:53,101 - INFO - fastread - 136, 150
2019-01-25 12:17:53,111 - INFO - fastread - 146, 160
2019-01-25 12:17:53,121 - INFO - fastread - 156, 170
2019-01-25 12:17:53,121 - INFO - fastread - 166, 180
2019-01-25 12:17:53,131 - INFO - fastread - 176, 190
2019-01-25 12:17:53,139 - INFO - fastread - 185, 200
2019-01-25 12:17:53,142 - INFO - fastread - 195, 210
2019-01-25 12:17:53,152 - INFO - fastread - 204, 220
2019-01-25 12:17:53,162 - INFO - fastread - 214, 230
2019-01-25 12:17:53,162 - INFO - fastread - 222, 240
2019-01-25 12:17:53,180 - INFO - fastread - 232, 250
2019-01-25 12:17:53,182 - INFO - fastread - 242, 260
2019-01-25 12:17:53,192 - INFO - fastread - 251, 270
2019-01-25 12:17:53,200 - INFO - fastread - 260, 280
2019-01-25 12:17:53,210 - INFO - fastread - 270, 290
2019-01-25 12:17:53,212 - INFO - fastread - 279, 300
2019-01-25 12:17:53,222 - INFO - fastread - 289, 310
2019-01-25 12:17:53,232 - INFO - fastread - 297, 320
2019-01-25 12:17:53,240 - INFO - fastread - 307, 330
2019-01-25 12:17:53,242 - INFO - fastread - 314, 340
2019-01-25 12:17:53,253 - INFO - fastread - 321, 350
2019-01-25 12:17:53,263 - INFO - fastread - 328, 360
2019-01-25 12:17:53,271 - INFO - fastread - 335, 370
2019-01-25 12:17:53,281 - INFO - fastread - 339, 380
2019-01-25 12:17:53,283 - INFO - fastread - 346, 390
2019-01-25 12:17:53,303 - INFO - fastread - 353, 400
2019-01-25 12:17:53,303 - INFO - fastread - 361, 410
2019-01-25 12:17:53,313 - INFO - fastread - 370, 420
2019-01-25 12:17:53,331 - INFO - fastread - 380, 430
2019-01-25 12:17:53,333 - INFO - fastread - 388, 440
2019-01-25 12:17:53,384 - INFO - fastread - 395, 450
2019-01-25 12:17:53,394 - INFO - fastread - 404, 460
2019-01-25 12:17:53,394 - INFO - fastread - 411, 470
2019-01-25 12:17:53,404 - INFO - fastread - 420, 480
2019-01-25 12:17:53,412 - INFO - fastread - 429, 490
2019-01-25 12:17:53,414 - INFO - fastread - 437, 500
2019-01-25 12:17:53,424 - INFO - fastread - 447, 510
2019-01-25 12:17:53,434 - INFO - fastread - 454, 520
2019-01-25 12:17:53,434 - INFO - fastread - 462, 530
2019-01-25 12:17:53,444 - INFO - fastread - 468, 540
2019-01-25 12:17:53,454 - INFO - fastread - 478, 550
2019-01-25 12:17:53,454 - INFO - fastread - 484, 560
2019-01-25 12:17:53,464 - INFO - fastread - 493, 570
2019-01-25 12:17:53,474 - INFO - fastread - 501, 580
2019-01-25 12:17:53,482 - INFO - fastread - 510, 590
2019-01-25 12:17:53,485 - INFO - fastread - 513, 600
2019-01-25 12:17:53,495 - INFO - fastread - 521, 610
2019-01-25 12:17:53,495 - INFO - fastread - 528, 620
2019-01-25 12:17:53,505 - INFO - fastread - 535, 630
2019-01-25 12:17:53,513 - INFO - fastread - 540, 640
2019-01-25 12:17:53,515 - INFO - fastread - 545, 650
2019-01-25 12:17:53,525 - INFO - fastread - 548, 660
2019-01-25 12:17:53,525 - INFO - fastread - 554, 670
2019-01-25 12:17:53,535 - INFO - fastread - 558, 680
2019-01-25 12:17:53,543 - INFO - fastread - 560, 690
2019-01-25 12:17:53,545 - INFO - fastread - 564, 700
2019-01-25 12:17:53,555 - INFO - fastread - 567, 710
2019-01-25 12:17:53,555 - INFO - fastread - 572, 720
2019-01-25 12:17:53,565 - INFO - fastread - 572, 730
2019-01-25 12:17:53,573 - INFO - fastread - 574, 740
2019-01-25 12:17:53,575 - INFO - fastread - 574, 750
2019-01-25 12:17:53,585 - INFO - fastread - 575, 760
2019-01-25 12:17:53,595 - INFO - fastread - 579, 770
2019-01-25 12:17:53,595 - INFO - fastread - 581, 780
2019-01-25 12:17:53,605 - INFO - fastread - 585, 790
2019-01-25 12:17:53,616 - INFO - fastread - 587, 800
2019-01-25 12:17:53,616 - INFO - fastread - 588, 810
2019-01-25 12:17:53,626 - INFO - fastread - 590, 820
2019-01-25 12:17:53,634 - INFO - fastread - 590, 830
2019-01-25 12:17:53,636 - INFO - fastread - 590, 840
2019-01-25 12:17:53,656 - INFO - fastread - 591, 850
2019-01-25 12:17:53,696 - INFO - rig - ++++NEW CLF++++ DT
2019-01-25 12:17:53,696 - INFO - fastread - Total Yes: 622 | Total No: 4275
2019-01-25 12:18:22,170 - INFO - fastread - 10, 10
2019-01-25 12:18:22,191 - INFO - fastread - 18, 20
2019-01-25 12:18:22,201 - INFO - fastread - 28, 30
2019-01-25 12:18:22,209 - INFO - fastread - 34, 40
2019-01-25 12:18:22,211 - INFO - fastread - 44, 50
2019-01-25 12:18:22,221 - INFO - fastread - 53, 60
2019-01-25 12:18:22,231 - INFO - fastread - 62, 70
2019-01-25 12:18:22,241 - INFO - fastread - 71, 80
2019-01-25 12:18:22,249 - INFO - fastread - 79, 90
2019-01-25 12:18:22,251 - INFO - fastread - 87, 100
2019-01-25 12:18:22,261 - INFO - fastread - 96, 110
2019-01-25 12:18:22,272 - INFO - fastread - 106, 120
2019-01-25 12:18:22,279 - INFO - fastread - 114, 130
2019-01-25 12:18:22,288 - INFO - fastread - 123, 140
2019-01-25 12:18:22,296 - INFO - fastread - 132, 150
2019-01-25 12:18:22,303 - INFO - fastread - 141, 160
2019-01-25 12:18:22,312 - INFO - fastread - 148, 170
2019-01-25 12:18:22,319 - INFO - fastread - 157, 180
2019-01-25 12:18:22,321 - INFO - fastread - 164, 190
2019-01-25 12:18:22,331 - INFO - fastread - 172, 200
2019-01-25 12:18:22,342 - INFO - fastread - 180, 210
2019-01-25 12:18:22,350 - INFO - fastread - 189, 220
2019-01-25 12:18:22,352 - INFO - fastread - 197, 230
2019-01-25 12:18:22,362 - INFO - fastread - 207, 240
2019-01-25 12:18:22,373 - INFO - fastread - 217, 250
2019-01-25 12:18:22,383 - INFO - fastread - 226, 260
2019-01-25 12:18:22,383 - INFO - fastread - 236, 270
2019-01-25 12:18:22,393 - INFO - fastread - 244, 280
2019-01-25 12:18:22,403 - INFO - fastread - 254, 290
2019-01-25 12:18:22,414 - INFO - fastread - 260, 300
2019-01-25 12:18:22,422 - INFO - fastread - 267, 310
2019-01-25 12:18:22,434 - INFO - fastread - 276, 320
2019-01-25 12:18:22,442 - INFO - fastread - 285, 330
2019-01-25 12:18:22,454 - INFO - fastread - 293, 340
2019-01-25 12:18:22,464 - INFO - fastread - 300, 350
2019-01-25 12:18:22,472 - INFO - fastread - 308, 360
2019-01-25 12:18:22,475 - INFO - fastread - 317, 370
2019-01-25 12:18:22,485 - INFO - fastread - 325, 380
2019-01-25 12:18:22,493 - INFO - fastread - 332, 390
2019-01-25 12:18:22,495 - INFO - fastread - 339, 400
2019-01-25 12:18:22,505 - INFO - fastread - 347, 410
2019-01-25 12:18:22,515 - INFO - fastread - 355, 420
2019-01-25 12:18:22,515 - INFO - fastread - 365, 430
2019-01-25 12:18:22,525 - INFO - fastread - 374, 440
2019-01-25 12:18:22,535 - INFO - fastread - 381, 450
2019-01-25 12:18:22,543 - INFO - fastread - 389, 460
2019-01-25 12:18:22,545 - INFO - fastread - 399, 470
2019-01-25 12:18:22,555 - INFO - fastread - 409, 480
2019-01-25 12:18:22,565 - INFO - fastread - 417, 490
2019-01-25 12:18:22,574 - INFO - fastread - 423, 500
2019-01-25 12:18:22,576 - INFO - fastread - 432, 510
2019-01-25 12:18:22,586 - INFO - fastread - 442, 520
2019-01-25 12:18:22,596 - INFO - fastread - 452, 530
2019-01-25 12:18:22,617 - INFO - fastread - 462, 540
2019-01-25 12:18:22,617 - INFO - fastread - 471, 550
2019-01-25 12:18:22,627 - INFO - fastread - 478, 560
2019-01-25 12:18:22,637 - INFO - fastread - 488, 570
2019-01-25 12:18:22,637 - INFO - fastread - 497, 580
2019-01-25 12:18:22,657 - INFO - fastread - 504, 590
2019-01-25 12:18:22,667 - INFO - fastread - 513, 600
2019-01-25 12:18:22,677 - INFO - fastread - 522, 610
2019-01-25 12:18:22,685 - INFO - fastread - 528, 620
2019-01-25 12:18:22,687 - INFO - fastread - 537, 630
2019-01-25 12:18:22,697 - INFO - fastread - 546, 640
2019-01-25 12:18:22,707 - INFO - fastread - 554, 650
2019-01-25 12:18:22,715 - INFO - fastread - 555, 660
2019-01-25 12:18:22,718 - INFO - fastread - 556, 670
2019-01-25 12:18:22,728 - INFO - fastread - 556, 680
2019-01-25 12:18:22,738 - INFO - fastread - 556, 690
2019-01-25 12:18:22,738 - INFO - fastread - 556, 700
2019-01-25 12:18:22,748 - INFO - fastread - 557, 710
2019-01-25 12:18:22,756 - INFO - fastread - 558, 720
2019-01-25 12:18:22,758 - INFO - fastread - 558, 730
2019-01-25 12:18:22,768 - INFO - fastread - 558, 740
2019-01-25 12:18:22,778 - INFO - fastread - 560, 750
2019-01-25 12:18:22,786 - INFO - fastread - 560, 760
2019-01-25 12:18:22,788 - INFO - fastread - 560, 770
2019-01-25 12:18:22,798 - INFO - fastread - 560, 780
2019-01-25 12:18:22,808 - INFO - fastread - 560, 790
2019-01-25 12:18:22,808 - INFO - fastread - 560, 800
2019-01-25 12:18:22,818 - INFO - fastread - 560, 810
2019-01-25 12:18:22,826 - INFO - fastread - 560, 820
2019-01-25 12:18:22,828 - INFO - fastread - 560, 830
2019-01-25 12:18:22,847 - INFO - fastread - 560, 840
2019-01-25 12:18:22,849 - INFO - fastread - 560, 850
2019-01-25 12:18:22,859 - INFO - fastread - 561, 860
2019-01-25 12:18:22,868 - INFO - fastread - 561, 870
2019-01-25 12:18:22,877 - INFO - fastread - 562, 880
2019-01-25 12:18:22,879 - INFO - fastread - 562, 890
2019-01-25 12:18:22,889 - INFO - fastread - 562, 900
2019-01-25 12:18:22,899 - INFO - fastread - 562, 910
2019-01-25 12:18:22,907 - INFO - fastread - 563, 920
2019-01-25 12:18:22,909 - INFO - fastread - 563, 930
2019-01-25 12:18:22,919 - INFO - fastread - 563, 940
2019-01-25 12:18:22,927 - INFO - fastread - 563, 950
2019-01-25 12:18:22,929 - INFO - fastread - 563, 960
2019-01-25 12:18:22,939 - INFO - fastread - 563, 970
2019-01-25 12:18:22,947 - INFO - fastread - 563, 980
2019-01-25 12:18:22,949 - INFO - fastread - 563, 990
2019-01-25 12:18:22,960 - INFO - fastread - 564, 1000
2019-01-25 12:18:22,968 - INFO - fastread - 565, 1010
2019-01-25 12:18:22,970 - INFO - fastread - 565, 1020
2019-01-25 12:18:22,980 - INFO - fastread - 565, 1030
2019-01-25 12:18:22,988 - INFO - fastread - 565, 1040
2019-01-25 12:18:22,990 - INFO - fastread - 565, 1050
2019-01-25 12:18:23,000 - INFO - fastread - 565, 1060
2019-01-25 12:18:23,010 - INFO - fastread - 567, 1070
2019-01-25 12:18:23,018 - INFO - fastread - 567, 1080
2019-01-25 12:18:23,020 - INFO - fastread - 567, 1090
2019-01-25 12:18:23,030 - INFO - fastread - 567, 1100
2019-01-25 12:18:23,030 - INFO - fastread - 567, 1110
2019-01-25 12:18:23,040 - INFO - fastread - 567, 1120
2019-01-25 12:18:23,050 - INFO - fastread - 567, 1130
2019-01-25 12:18:23,058 - INFO - fastread - 567, 1140
2019-01-25 12:18:23,060 - INFO - fastread - 567, 1150
2019-01-25 12:18:23,070 - INFO - fastread - 567, 1160
2019-01-25 12:18:23,081 - INFO - fastread - 567, 1170
2019-01-25 12:18:23,091 - INFO - fastread - 568, 1180
2019-01-25 12:18:23,101 - INFO - fastread - 568, 1190
2019-01-25 12:18:23,109 - INFO - fastread - 568, 1200
2019-01-25 12:18:23,111 - INFO - fastread - 568, 1210
2019-01-25 12:18:23,121 - INFO - fastread - 568, 1220
2019-01-25 12:18:23,129 - INFO - fastread - 568, 1230
2019-01-25 12:18:23,131 - INFO - fastread - 568, 1240
2019-01-25 12:18:23,141 - INFO - fastread - 568, 1250
2019-01-25 12:18:23,151 - INFO - fastread - 568, 1260
2019-01-25 12:18:23,159 - INFO - fastread - 568, 1270
2019-01-25 12:18:23,161 - INFO - fastread - 569, 1280
2019-01-25 12:18:23,171 - INFO - fastread - 569, 1290
2019-01-25 12:18:23,179 - INFO - fastread - 569, 1300
2019-01-25 12:18:23,181 - INFO - fastread - 569, 1310
2019-01-25 12:18:23,191 - INFO - fastread - 569, 1320
2019-01-25 12:18:23,202 - INFO - fastread - 569, 1330
2019-01-25 12:18:23,210 - INFO - fastread - 569, 1340
2019-01-25 12:18:23,212 - INFO - fastread - 569, 1350
2019-01-25 12:18:23,222 - INFO - fastread - 569, 1360
2019-01-25 12:18:23,232 - INFO - fastread - 569, 1370
2019-01-25 12:18:23,232 - INFO - fastread - 569, 1380
2019-01-25 12:18:23,252 - INFO - fastread - 569, 1390
2019-01-25 12:18:23,260 - INFO - fastread - 569, 1400
2019-01-25 12:18:23,262 - INFO - fastread - 570, 1410
2019-01-25 12:18:23,282 - INFO - fastread - 570, 1420
2019-01-25 12:18:23,292 - INFO - fastread - 570, 1430
2019-01-25 12:18:23,303 - INFO - fastread - 570, 1440
2019-01-25 12:18:23,303 - INFO - fastread - 570, 1450
2019-01-25 12:18:23,313 - INFO - fastread - 570, 1460
2019-01-25 12:18:23,323 - INFO - fastread - 570, 1470
2019-01-25 12:18:23,333 - INFO - fastread - 570, 1480
2019-01-25 12:18:23,343 - INFO - fastread - 570, 1490
2019-01-25 12:18:23,351 - INFO - fastread - 570, 1500
2019-01-25 12:18:23,353 - INFO - fastread - 570, 1510
2019-01-25 12:18:23,371 - INFO - fastread - 570, 1520
2019-01-25 12:18:23,373 - INFO - fastread - 570, 1530
2019-01-25 12:18:23,383 - INFO - fastread - 571, 1540
2019-01-25 12:18:23,391 - INFO - fastread - 571, 1550
2019-01-25 12:18:23,393 - INFO - fastread - 572, 1560
2019-01-25 12:18:23,411 - INFO - fastread - 572, 1570
2019-01-25 12:18:23,413 - INFO - fastread - 573, 1580
2019-01-25 12:18:23,424 - INFO - fastread - 573, 1590
2019-01-25 12:18:23,434 - INFO - fastread - 573, 1600
2019-01-25 12:18:23,442 - INFO - fastread - 573, 1610
2019-01-25 12:18:23,444 - INFO - fastread - 573, 1620
2019-01-25 12:18:23,454 - INFO - fastread - 573, 1630
2019-01-25 12:18:23,464 - INFO - fastread - 573, 1640
2019-01-25 12:18:23,472 - INFO - fastread - 573, 1650
2019-01-25 12:18:23,474 - INFO - fastread - 573, 1660
2019-01-25 12:18:23,484 - INFO - fastread - 573, 1670
2019-01-25 12:18:23,494 - INFO - fastread - 573, 1680
2019-01-25 12:18:23,504 - INFO - fastread - 573, 1690
2019-01-25 12:18:23,504 - INFO - fastread - 573, 1700
2019-01-25 12:18:23,514 - INFO - fastread - 573, 1710
2019-01-25 12:18:23,524 - INFO - fastread - 573, 1720
2019-01-25 12:18:23,534 - INFO - fastread - 573, 1730
2019-01-25 12:18:23,543 - INFO - fastread - 573, 1740
2019-01-25 12:18:23,545 - INFO - fastread - 573, 1750
2019-01-25 12:18:23,555 - INFO - fastread - 573, 1760
2019-01-25 12:18:23,555 - INFO - fastread - 573, 1770
2019-01-25 12:18:23,565 - INFO - fastread - 573, 1780
2019-01-25 12:18:23,575 - INFO - fastread - 575, 1790
2019-01-25 12:18:23,585 - INFO - fastread - 575, 1800
2019-01-25 12:18:23,585 - INFO - fastread - 575, 1810
2019-01-25 12:18:23,595 - INFO - fastread - 575, 1820
2019-01-25 12:18:23,603 - INFO - fastread - 575, 1830
2019-01-25 12:18:23,605 - INFO - fastread - 575, 1840
2019-01-25 12:18:23,615 - INFO - fastread - 575, 1850
2019-01-25 12:18:23,625 - INFO - fastread - 575, 1860
2019-01-25 12:18:23,633 - INFO - fastread - 575, 1870
2019-01-25 12:18:23,635 - INFO - fastread - 575, 1880
2019-01-25 12:18:23,646 - INFO - fastread - 575, 1890
2019-01-25 12:18:23,656 - INFO - fastread - 575, 1900
2019-01-25 12:18:23,656 - INFO - fastread - 575, 1910
2019-01-25 12:18:23,666 - INFO - fastread - 575, 1920
2019-01-25 12:18:23,676 - INFO - fastread - 575, 1930
2019-01-25 12:18:23,686 - INFO - fastread - 575, 1940
2019-01-25 12:18:23,686 - INFO - fastread - 575, 1950
2019-01-25 12:18:23,696 - INFO - fastread - 575, 1960
2019-01-25 12:18:23,704 - INFO - fastread - 575, 1970
2019-01-25 12:18:23,706 - INFO - fastread - 575, 1980
2019-01-25 12:18:23,716 - INFO - fastread - 575, 1990
2019-01-25 12:18:23,724 - INFO - fastread - 575, 2000
2019-01-25 12:18:23,726 - INFO - fastread - 575, 2010
2019-01-25 12:18:23,736 - INFO - fastread - 575, 2020
2019-01-25 12:18:23,736 - INFO - fastread - 575, 2030
2019-01-25 12:18:23,746 - INFO - fastread - 575, 2040
2019-01-25 12:18:23,756 - INFO - fastread - 575, 2050
2019-01-25 12:18:23,767 - INFO - fastread - 575, 2060
2019-01-25 12:18:23,775 - INFO - fastread - 575, 2070
2019-01-25 12:18:23,777 - INFO - fastread - 575, 2080
2019-01-25 12:18:23,787 - INFO - fastread - 575, 2090
2019-01-25 12:18:23,795 - INFO - fastread - 575, 2100
2019-01-25 12:18:23,797 - INFO - fastread - 576, 2110
2019-01-25 12:18:23,807 - INFO - fastread - 576, 2120
2019-01-25 12:18:23,815 - INFO - fastread - 576, 2130
2019-01-25 12:18:23,817 - INFO - fastread - 576, 2140
2019-01-25 12:18:23,827 - INFO - fastread - 576, 2150
2019-01-25 12:18:23,837 - INFO - fastread - 576, 2160
2019-01-25 12:18:23,837 - INFO - fastread - 576, 2170
2019-01-25 12:18:23,847 - INFO - fastread - 577, 2180
2019-01-25 12:18:23,857 - INFO - fastread - 577, 2190
2019-01-25 12:18:23,867 - INFO - fastread - 577, 2200
2019-01-25 12:18:23,876 - INFO - fastread - 578, 2210
2019-01-25 12:18:23,878 - INFO - fastread - 578, 2220
2019-01-25 12:18:23,888 - INFO - fastread - 578, 2230
2019-01-25 12:18:23,908 - INFO - fastread - 578, 2240
2019-01-25 12:18:23,908 - INFO - fastread - 578, 2250
2019-01-25 12:18:23,926 - INFO - fastread - 578, 2260
2019-01-25 12:18:23,928 - INFO - fastread - 579, 2270
2019-01-25 12:18:23,938 - INFO - fastread - 580, 2280
2019-01-25 12:18:23,948 - INFO - fastread - 580, 2290
2019-01-25 12:18:23,958 - INFO - fastread - 580, 2300
2019-01-25 12:18:23,966 - INFO - fastread - 580, 2310
2019-01-25 12:18:23,968 - INFO - fastread - 580, 2320
2019-01-25 12:18:23,978 - INFO - fastread - 580, 2330
2019-01-25 12:18:23,989 - INFO - fastread - 580, 2340
2019-01-25 12:18:23,989 - INFO - fastread - 581, 2350
2019-01-25 12:18:23,999 - INFO - fastread - 581, 2360
2019-01-25 12:18:24,009 - INFO - fastread - 582, 2370
2019-01-25 12:18:24,017 - INFO - fastread - 582, 2380
2019-01-25 12:18:24,019 - INFO - fastread - 583, 2390
2019-01-25 12:18:24,029 - INFO - fastread - 583, 2400
2019-01-25 12:18:24,039 - INFO - fastread - 583, 2410
2019-01-25 12:18:24,039 - INFO - fastread - 583, 2420
2019-01-25 12:18:24,049 - INFO - fastread - 583, 2430
2019-01-25 12:18:24,059 - INFO - fastread - 583, 2440
2019-01-25 12:18:24,059 - INFO - fastread - 583, 2450
2019-01-25 12:18:24,069 - INFO - fastread - 583, 2460
2019-01-25 12:18:24,079 - INFO - fastread - 583, 2470
2019-01-25 12:18:24,079 - INFO - fastread - 583, 2480
2019-01-25 12:18:24,090 - INFO - fastread - 583, 2490
2019-01-25 12:18:24,100 - INFO - fastread - 583, 2500
2019-01-25 12:18:24,110 - INFO - fastread - 583, 2510
2019-01-25 12:18:24,110 - INFO - fastread - 584, 2520
2019-01-25 12:18:24,120 - INFO - fastread - 584, 2530
2019-01-25 12:18:24,130 - INFO - fastread - 584, 2540
2019-01-25 12:18:24,138 - INFO - fastread - 584, 2550
2019-01-25 12:18:24,151 - INFO - fastread - 584, 2560
2019-01-25 12:18:24,161 - INFO - fastread - 584, 2570
2019-01-25 12:18:24,171 - INFO - fastread - 584, 2580
2019-01-25 12:18:24,181 - INFO - fastread - 584, 2590
2019-01-25 12:18:24,181 - INFO - fastread - 584, 2600
2019-01-25 12:18:24,191 - INFO - fastread - 584, 2610
2019-01-25 12:18:24,201 - INFO - fastread - 585, 2620
2019-01-25 12:18:24,211 - INFO - fastread - 585, 2630
2019-01-25 12:18:24,221 - INFO - fastread - 585, 2640
2019-01-25 12:18:24,231 - INFO - fastread - 585, 2650
2019-01-25 12:18:24,241 - INFO - fastread - 585, 2660
2019-01-25 12:18:24,249 - INFO - fastread - 585, 2670
2019-01-25 12:18:24,251 - INFO - fastread - 585, 2680
2019-01-25 12:18:24,261 - INFO - fastread - 585, 2690
2019-01-25 12:18:24,272 - INFO - fastread - 585, 2700
2019-01-25 12:18:24,282 - INFO - fastread - 585, 2710
2019-01-25 12:18:24,282 - INFO - fastread - 585, 2720
2019-01-25 12:18:24,292 - INFO - fastread - 585, 2730
2019-01-25 12:18:24,302 - INFO - fastread - 585, 2740
2019-01-25 12:18:24,302 - INFO - fastread - 585, 2750
2019-01-25 12:18:24,312 - INFO - fastread - 585, 2760
2019-01-25 12:18:24,322 - INFO - fastread - 585, 2770
2019-01-25 12:18:24,322 - INFO - fastread - 586, 2780
2019-01-25 12:18:24,332 - INFO - fastread - 586, 2790
2019-01-25 12:18:24,352 - INFO - fastread - 587, 2800
2019-01-25 12:18:24,360 - INFO - fastread - 587, 2810
2019-01-25 12:18:24,362 - INFO - fastread - 587, 2820
2019-01-25 12:18:24,372 - INFO - fastread - 587, 2830
2019-01-25 12:18:24,380 - INFO - fastread - 587, 2840
2019-01-25 12:18:24,388 - INFO - fastread - 587, 2850
2019-01-25 12:18:24,396 - INFO - fastread - 587, 2860
2019-01-25 12:18:24,404 - INFO - fastread - 587, 2870
2019-01-25 12:18:24,411 - INFO - fastread - 588, 2880
2019-01-25 12:18:24,413 - INFO - fastread - 588, 2890
2019-01-25 12:18:24,423 - INFO - fastread - 588, 2900
2019-01-25 12:18:24,433 - INFO - fastread - 588, 2910
2019-01-25 12:18:24,433 - INFO - fastread - 589, 2920
2019-01-25 12:18:24,443 - INFO - fastread - 589, 2930
2019-01-25 12:18:24,453 - INFO - fastread - 589, 2940
2019-01-25 12:18:24,461 - INFO - fastread - 589, 2950
2019-01-25 12:18:24,463 - INFO - fastread - 589, 2960
2019-01-25 12:18:24,473 - INFO - fastread - 589, 2970
2019-01-25 12:18:24,481 - INFO - fastread - 590, 2980
2019-01-25 12:18:24,484 - INFO - fastread - 590, 2990
2019-01-25 12:18:24,494 - INFO - fastread - 590, 3000
2019-01-25 12:18:24,504 - INFO - fastread - 590, 3010
2019-01-25 12:18:24,512 - INFO - fastread - 590, 3020
2019-01-25 12:18:24,514 - INFO - fastread - 590, 3030
2019-01-25 12:18:24,524 - INFO - fastread - 590, 3040
2019-01-25 12:18:24,532 - INFO - fastread - 590, 3050
2019-01-25 12:18:24,534 - INFO - fastread - 590, 3060
2019-01-25 12:18:24,544 - INFO - fastread - 590, 3070
2019-01-25 12:18:24,554 - INFO - fastread - 591, 3080
