2019-01-25 13:22:02,403 - INFO - rig - apache-ant-1.7.0
2019-01-25 13:22:09,016 - INFO - rig - ++++NEW CLF++++ FASTREAD
2019-01-25 13:22:09,016 - INFO - fastread - Total Yes: 131 | Total No: 3967
2019-01-25 13:22:09,368 - INFO - fastread - 0, 0
2019-01-25 13:22:10,978 - INFO - fastread - 1, 10
2019-01-25 13:22:12,507 - INFO - fastread - 2, 20
2019-01-25 13:22:14,006 - INFO - fastread - 2, 30
2019-01-25 13:22:15,604 - INFO - fastread - 2, 40
2019-01-25 13:22:17,044 - INFO - fastread - 3, 50
2019-01-25 13:22:18,928 - INFO - fastread - 3, 60
2019-01-25 13:22:20,800 - INFO - fastread - 3, 70
2019-01-25 13:22:22,409 - INFO - fastread - 4, 80
2019-01-25 13:22:23,847 - INFO - fastread - 5, 89
2019-01-25 13:22:25,473 - INFO - fastread - 10, 99
2019-01-25 13:22:27,006 - INFO - fastread - 20, 109
2019-01-25 13:22:28,744 - INFO - fastread - 29, 119
2019-01-25 13:22:30,234 - INFO - fastread - 36, 129
2019-01-25 13:22:31,457 - INFO - fastread - 42, 139
2019-01-25 13:22:32,813 - INFO - fastread - 47, 149
2019-01-25 13:22:34,179 - INFO - fastread - 49, 159
2019-01-25 13:22:35,603 - INFO - fastread - 52, 169
2019-01-25 13:22:36,927 - INFO - fastread - 55, 179
2019-01-25 13:22:38,420 - INFO - fastread - 55, 189
2019-01-25 13:22:39,921 - INFO - fastread - 55, 199
2019-01-25 13:22:41,258 - INFO - fastread - 55, 209
2019-01-25 13:22:42,610 - INFO - fastread - 55, 219
2019-01-25 13:22:44,009 - INFO - fastread - 55, 229
2019-01-25 13:22:45,310 - INFO - fastread - 58, 239
2019-01-25 13:22:46,927 - INFO - fastread - 61, 249
2019-01-25 13:22:48,681 - INFO - fastread - 61, 259
2019-01-25 13:22:50,216 - INFO - fastread - 62, 269
2019-01-25 13:22:51,733 - INFO - fastread - 64, 279
2019-01-25 13:22:53,269 - INFO - fastread - 64, 289
2019-01-25 13:22:54,813 - INFO - fastread - 65, 299
2019-01-25 13:22:56,330 - INFO - fastread - 68, 309
2019-01-25 13:22:57,981 - INFO - fastread - 68, 319
2019-01-25 13:22:59,334 - INFO - fastread - 69, 329
2019-01-25 13:23:00,683 - INFO - fastread - 70, 339
2019-01-25 13:23:02,094 - INFO - fastread - 70, 349
2019-01-25 13:23:03,521 - INFO - fastread - 70, 359
2019-01-25 13:23:04,904 - INFO - fastread - 71, 369
2019-01-25 13:23:06,515 - INFO - fastread - 73, 379
2019-01-25 13:23:08,075 - INFO - fastread - 74, 389
2019-01-25 13:23:09,496 - INFO - fastread - 75, 399
2019-01-25 13:23:11,187 - INFO - fastread - 75, 409
2019-01-25 13:23:12,992 - INFO - fastread - 76, 419
2019-01-25 13:23:14,772 - INFO - fastread - 76, 429
2019-01-25 13:23:16,421 - INFO - fastread - 76, 439
2019-01-25 13:23:17,905 - INFO - fastread - 76, 449
2019-01-25 13:23:19,380 - INFO - fastread - 76, 459
2019-01-25 13:23:21,163 - INFO - fastread - 77, 469
2019-01-25 13:23:22,770 - INFO - fastread - 77, 479
2019-01-25 13:23:24,473 - INFO - fastread - 77, 489
2019-01-25 13:23:25,854 - INFO - fastread - 78, 499
2019-01-25 13:23:27,277 - INFO - fastread - 79, 509
2019-01-25 13:23:28,739 - INFO - fastread - 79, 519
2019-01-25 13:23:30,278 - INFO - fastread - 79, 529
2019-01-25 13:23:31,763 - INFO - fastread - 80, 539
2019-01-25 13:23:33,195 - INFO - fastread - 80, 549
2019-01-25 13:23:34,549 - INFO - fastread - 81, 559
2019-01-25 13:23:35,883 - INFO - fastread - 81, 569
2019-01-25 13:23:37,314 - INFO - fastread - 81, 579
2019-01-25 13:23:38,802 - INFO - fastread - 81, 589
2019-01-25 13:23:40,461 - INFO - fastread - 82, 599
2019-01-25 13:23:42,166 - INFO - fastread - 83, 609
2019-01-25 13:23:43,639 - INFO - fastread - 83, 619
2019-01-25 13:23:45,073 - INFO - fastread - 83, 629
2019-01-25 13:23:46,518 - INFO - fastread - 83, 639
2019-01-25 13:23:48,067 - INFO - fastread - 84, 649
2019-01-25 13:23:49,533 - INFO - fastread - 84, 659
2019-01-25 13:23:51,065 - INFO - fastread - 84, 669
2019-01-25 13:23:52,547 - INFO - fastread - 84, 679
2019-01-25 13:23:54,027 - INFO - fastread - 85, 689
2019-01-25 13:23:55,470 - INFO - fastread - 85, 699
2019-01-25 13:23:56,952 - INFO - fastread - 85, 709
2019-01-25 13:23:58,510 - INFO - fastread - 86, 719
2019-01-25 13:24:00,082 - INFO - fastread - 88, 729
2019-01-25 13:24:01,827 - INFO - fastread - 89, 739
2019-01-25 13:24:03,462 - INFO - fastread - 89, 749
2019-01-25 13:24:06,489 - INFO - fastread - 90, 759
2019-01-25 13:24:08,981 - INFO - fastread - 90, 769
2019-01-25 13:24:11,150 - INFO - fastread - 90, 779
2019-01-25 13:24:13,355 - INFO - fastread - 90, 789
2019-01-25 13:24:15,261 - INFO - fastread - 90, 799
2019-01-25 13:24:17,243 - INFO - fastread - 90, 809
2019-01-25 13:24:19,306 - INFO - fastread - 90, 819
2019-01-25 13:24:21,626 - INFO - fastread - 90, 829
2019-01-25 13:24:23,730 - INFO - fastread - 91, 839
2019-01-25 13:24:26,453 - INFO - fastread - 91, 849
2019-01-25 13:24:28,497 - INFO - fastread - 91, 859
2019-01-25 13:24:30,388 - INFO - fastread - 91, 869
2019-01-25 13:24:33,355 - INFO - fastread - 91, 879
2019-01-25 13:24:35,902 - INFO - fastread - 91, 889
2019-01-25 13:24:38,159 - INFO - fastread - 92, 899
2019-01-25 13:24:40,136 - INFO - fastread - 93, 909
2019-01-25 13:24:42,251 - INFO - fastread - 93, 919
2019-01-25 13:24:44,389 - INFO - fastread - 94, 929
2019-01-25 13:24:47,242 - INFO - fastread - 94, 939
2019-01-25 13:24:49,131 - INFO - fastread - 94, 949
2019-01-25 13:24:51,964 - INFO - fastread - 94, 959
2019-01-25 13:24:54,254 - INFO - fastread - 94, 969
2019-01-25 13:24:56,088 - INFO - fastread - 94, 979
2019-01-25 13:24:58,709 - INFO - fastread - 94, 989
2019-01-25 13:25:00,976 - INFO - fastread - 94, 999
2019-01-25 13:25:02,779 - INFO - fastread - 95, 1009
2019-01-25 13:25:05,061 - INFO - fastread - 96, 1019
2019-01-25 13:25:07,140 - INFO - fastread - 97, 1029
2019-01-25 13:25:09,428 - INFO - fastread - 97, 1039
2019-01-25 13:25:11,418 - INFO - fastread - 97, 1049
2019-01-25 13:25:13,358 - INFO - fastread - 97, 1059
2019-01-25 13:25:15,816 - INFO - fastread - 100, 1069
2019-01-25 13:25:18,234 - INFO - fastread - 100, 1079
2019-01-25 13:25:28,986 - INFO - fastread - 101, 1089
2019-01-25 13:25:31,875 - INFO - fastread - 101, 1099
2019-01-25 13:25:34,004 - INFO - fastread - 104, 1109
2019-01-25 13:25:36,152 - INFO - fastread - 104, 1119
2019-01-25 13:25:38,453 - INFO - fastread - 104, 1129
2019-01-25 13:25:41,063 - INFO - fastread - 104, 1139
2019-01-25 13:25:43,130 - INFO - fastread - 104, 1149
2019-01-25 13:25:45,318 - INFO - fastread - 105, 1159
2019-01-25 13:25:48,172 - INFO - fastread - 105, 1169
2019-01-25 13:25:51,294 - INFO - fastread - 105, 1179
2019-01-25 13:25:53,586 - INFO - fastread - 105, 1189
2019-01-25 13:25:56,010 - INFO - fastread - 106, 1199
2019-01-25 13:25:58,609 - INFO - fastread - 106, 1209
2019-01-25 13:26:00,811 - INFO - fastread - 107, 1219
2019-01-25 13:26:03,892 - INFO - fastread - 108, 1229
2019-01-25 13:26:06,200 - INFO - fastread - 108, 1239
2019-01-25 13:26:08,893 - INFO - fastread - 108, 1249
2019-01-25 13:26:11,267 - INFO - fastread - 109, 1259
2019-01-25 13:26:13,599 - INFO - fastread - 110, 1269
2019-01-25 13:26:16,106 - INFO - fastread - 110, 1279
2019-01-25 13:26:18,922 - INFO - fastread - 110, 1289
2019-01-25 13:26:21,826 - INFO - fastread - 110, 1299
2019-01-25 13:26:24,283 - INFO - fastread - 110, 1309
2019-01-25 13:26:26,535 - INFO - fastread - 110, 1319
2019-01-25 13:26:29,707 - INFO - fastread - 110, 1329
2019-01-25 13:26:32,323 - INFO - fastread - 110, 1339
2019-01-25 13:26:34,716 - INFO - fastread - 110, 1349
2019-01-25 13:26:36,888 - INFO - fastread - 110, 1359
2019-01-25 13:26:39,266 - INFO - fastread - 111, 1369
2019-01-25 13:26:41,711 - INFO - fastread - 111, 1379
2019-01-25 13:26:43,904 - INFO - fastread - 111, 1389
2019-01-25 13:26:46,217 - INFO - fastread - 111, 1399
2019-01-25 13:26:48,617 - INFO - fastread - 111, 1409
2019-01-25 13:26:50,814 - INFO - fastread - 111, 1419
2019-01-25 13:26:52,947 - INFO - fastread - 111, 1429
2019-01-25 13:26:55,258 - INFO - fastread - 111, 1439
2019-01-25 13:26:57,579 - INFO - fastread - 111, 1449
2019-01-25 13:26:59,883 - INFO - fastread - 111, 1459
2019-01-25 13:27:02,095 - INFO - fastread - 111, 1469
2019-01-25 13:27:04,423 - INFO - fastread - 111, 1479
2019-01-25 13:27:06,467 - INFO - fastread - 111, 1489
2019-01-25 13:27:08,749 - INFO - fastread - 111, 1499
2019-01-25 13:27:11,082 - INFO - fastread - 113, 1509
2019-01-25 13:27:13,488 - INFO - fastread - 113, 1519
2019-01-25 13:27:15,830 - INFO - fastread - 114, 1529
2019-01-25 13:27:18,080 - INFO - fastread - 114, 1539
2019-01-25 13:27:20,392 - INFO - fastread - 114, 1549
2019-01-25 13:27:22,592 - INFO - fastread - 114, 1559
2019-01-25 13:27:24,704 - INFO - fastread - 114, 1569
2019-01-25 13:27:27,055 - INFO - fastread - 114, 1579
2019-01-25 13:27:29,411 - INFO - fastread - 115, 1589
2019-01-25 13:27:31,723 - INFO - fastread - 116, 1599
2019-01-25 13:27:34,051 - INFO - fastread - 116, 1609
2019-01-25 13:27:36,462 - INFO - fastread - 116, 1619
2019-01-25 13:27:38,979 - INFO - fastread - 116, 1629
2019-01-25 13:27:41,502 - INFO - fastread - 117, 1639
2019-01-25 13:27:43,924 - INFO - fastread - 117, 1649
2019-01-25 13:27:46,361 - INFO - fastread - 118, 1659
2019-01-25 13:27:49,023 - INFO - fastread - 118, 1669
2019-01-25 13:27:51,454 - INFO - fastread - 119, 1679
2019-01-25 13:27:53,717 - INFO - fastread - 119, 1689
2019-01-25 13:27:56,126 - INFO - fastread - 119, 1699
2019-01-25 13:27:58,583 - INFO - fastread - 119, 1709
2019-01-25 13:28:00,879 - INFO - fastread - 119, 1719
2019-01-25 13:28:03,126 - INFO - fastread - 119, 1729
2019-01-25 13:28:05,755 - INFO - fastread - 119, 1739
2019-01-25 13:28:08,159 - INFO - fastread - 119, 1749
2019-01-25 13:28:10,655 - INFO - fastread - 119, 1759
2019-01-25 13:28:13,068 - INFO - fastread - 119, 1769
2019-01-25 13:28:15,444 - INFO - fastread - 120, 1779
2019-01-25 13:28:17,786 - INFO - fastread - 121, 1789
2019-01-25 13:28:20,333 - INFO - fastread - 121, 1799
2019-01-25 13:28:23,106 - INFO - fastread - 121, 1809
2019-01-25 13:28:26,018 - INFO - fastread - 122, 1819
2019-01-25 13:28:28,636 - INFO - fastread - 122, 1829
2019-01-25 13:28:31,138 - INFO - fastread - 122, 1839
2019-01-25 13:28:33,753 - INFO - fastread - 122, 1849
2019-01-25 13:28:36,252 - INFO - fastread - 122, 1859
2019-01-25 13:28:38,711 - INFO - fastread - 122, 1869
2019-01-25 13:28:41,295 - INFO - fastread - 123, 1879
2019-01-25 13:28:44,200 - INFO - fastread - 123, 1889
2019-01-25 13:28:46,788 - INFO - fastread - 123, 1899
2019-01-25 13:28:49,181 - INFO - fastread - 123, 1909
2019-01-25 13:28:51,699 - INFO - fastread - 123, 1919
2019-01-25 13:28:54,526 - INFO - fastread - 123, 1929
2019-01-25 13:28:57,161 - INFO - fastread - 123, 1939
2019-01-25 13:28:59,789 - INFO - fastread - 123, 1949
2019-01-25 13:29:02,504 - INFO - fastread - 123, 1959
2019-01-25 13:29:05,065 - INFO - fastread - 123, 1969
2019-01-25 13:29:07,703 - INFO - fastread - 123, 1979
2019-01-25 13:29:10,238 - INFO - fastread - 123, 1989
2019-01-25 13:29:12,944 - INFO - fastread - 123, 1999
2019-01-25 13:29:15,388 - INFO - fastread - 123, 2009
2019-01-25 13:29:18,111 - INFO - fastread - 123, 2019
2019-01-25 13:29:20,671 - INFO - fastread - 123, 2029
2019-01-25 13:29:23,413 - INFO - fastread - 123, 2039
2019-01-25 13:29:25,885 - INFO - fastread - 123, 2049
2019-01-25 13:29:28,717 - INFO - fastread - 123, 2059
2019-01-25 13:29:31,491 - INFO - fastread - 123, 2069
2019-01-25 13:29:34,157 - INFO - fastread - 123, 2079
2019-01-25 13:29:36,890 - INFO - fastread - 123, 2089
2019-01-25 13:29:40,244 - INFO - fastread - 123, 2099
2019-01-25 13:29:42,889 - INFO - fastread - 123, 2109
2019-01-25 13:29:46,397 - INFO - fastread - 123, 2119
2019-01-25 13:29:49,644 - INFO - fastread - 123, 2129
2019-01-25 13:29:52,306 - INFO - fastread - 123, 2139
2019-01-25 13:29:55,197 - INFO - fastread - 123, 2149
2019-01-25 13:29:58,208 - INFO - fastread - 123, 2159
2019-01-25 13:30:00,991 - INFO - fastread - 123, 2169
2019-01-25 13:30:03,892 - INFO - fastread - 123, 2179
2019-01-25 13:30:07,308 - INFO - fastread - 123, 2189
2019-01-25 13:30:10,529 - INFO - fastread - 124, 2199
2019-01-25 13:30:12,690 - INFO - rig - ++++NEW CLF++++ NBM
2019-01-25 13:30:12,690 - INFO - fastread - Total Yes: 131 | Total No: 3967
2019-01-25 13:30:12,816 - INFO - fastread - 1, 10
2019-01-25 13:30:12,824 - INFO - fastread - 4, 20
2019-01-25 13:30:12,826 - INFO - fastread - 6, 30
2019-01-25 13:30:12,826 - INFO - fastread - 12, 40
2019-01-25 13:30:12,826 - INFO - fastread - 16, 50
2019-01-25 13:30:12,836 - INFO - fastread - 17, 60
2019-01-25 13:30:12,836 - INFO - fastread - 19, 70
2019-01-25 13:30:12,846 - INFO - fastread - 21, 80
2019-01-25 13:30:12,846 - INFO - fastread - 23, 90
2019-01-25 13:30:12,854 - INFO - fastread - 23, 100
2019-01-25 13:30:12,856 - INFO - fastread - 23, 110
2019-01-25 13:30:12,856 - INFO - fastread - 23, 120
2019-01-25 13:30:12,866 - INFO - fastread - 23, 130
2019-01-25 13:30:12,866 - INFO - fastread - 23, 140
2019-01-25 13:30:12,876 - INFO - fastread - 23, 150
2019-01-25 13:30:12,876 - INFO - fastread - 23, 160
2019-01-25 13:30:12,884 - INFO - fastread - 23, 170
2019-01-25 13:30:12,886 - INFO - fastread - 23, 180
2019-01-25 13:30:12,886 - INFO - fastread - 23, 190
2019-01-25 13:30:12,895 - INFO - fastread - 23, 200
2019-01-25 13:30:12,897 - INFO - fastread - 25, 210
2019-01-25 13:30:12,897 - INFO - fastread - 28, 220
2019-01-25 13:30:12,907 - INFO - fastread - 28, 230
2019-01-25 13:30:12,907 - INFO - fastread - 29, 240
2019-01-25 13:30:12,915 - INFO - fastread - 29, 250
2019-01-25 13:30:12,917 - INFO - fastread - 30, 260
2019-01-25 13:30:12,925 - INFO - fastread - 30, 270
2019-01-25 13:30:12,927 - INFO - fastread - 32, 280
2019-01-25 13:30:12,927 - INFO - fastread - 32, 290
2019-01-25 13:30:12,937 - INFO - fastread - 32, 300
2019-01-25 13:30:12,937 - INFO - fastread - 33, 310
2019-01-25 13:30:12,945 - INFO - fastread - 33, 320
2019-01-25 13:30:12,947 - INFO - fastread - 33, 330
2019-01-25 13:30:12,947 - INFO - fastread - 33, 340
2019-01-25 13:30:12,947 - INFO - fastread - 37, 350
2019-01-25 13:30:12,955 - INFO - fastread - 37, 360
2019-01-25 13:30:12,957 - INFO - fastread - 38, 370
2019-01-25 13:30:12,957 - INFO - fastread - 38, 380
2019-01-25 13:30:12,967 - INFO - fastread - 39, 390
2019-01-25 13:30:12,967 - INFO - fastread - 39, 400
2019-01-25 13:30:12,977 - INFO - fastread - 39, 410
2019-01-25 13:30:12,977 - INFO - fastread - 39, 420
2019-01-25 13:30:12,977 - INFO - fastread - 40, 430
2019-01-25 13:30:12,985 - INFO - fastread - 41, 440
2019-01-25 13:30:12,987 - INFO - fastread - 42, 450
2019-01-25 13:30:12,987 - INFO - fastread - 44, 460
2019-01-25 13:30:12,997 - INFO - fastread - 47, 470
2019-01-25 13:30:12,997 - INFO - fastread - 47, 480
2019-01-25 13:30:13,005 - INFO - fastread - 49, 490
2019-01-25 13:30:13,007 - INFO - fastread - 52, 500
2019-01-25 13:30:13,007 - INFO - fastread - 53, 510
2019-01-25 13:30:13,016 - INFO - fastread - 53, 520
2019-01-25 13:30:13,018 - INFO - fastread - 54, 530
2019-01-25 13:30:13,026 - INFO - fastread - 54, 540
2019-01-25 13:30:13,028 - INFO - fastread - 54, 550
2019-01-25 13:30:13,028 - INFO - fastread - 54, 560
2019-01-25 13:30:13,038 - INFO - fastread - 54, 570
2019-01-25 13:30:13,038 - INFO - fastread - 54, 580
2019-01-25 13:30:13,048 - INFO - fastread - 54, 590
2019-01-25 13:30:13,048 - INFO - fastread - 54, 600
2019-01-25 13:30:13,058 - INFO - fastread - 54, 610
2019-01-25 13:30:13,058 - INFO - fastread - 54, 620
2019-01-25 13:30:13,066 - INFO - fastread - 54, 630
2019-01-25 13:30:13,068 - INFO - fastread - 54, 640
2019-01-25 13:30:13,077 - INFO - fastread - 54, 650
2019-01-25 13:30:13,079 - INFO - fastread - 54, 660
2019-01-25 13:30:13,082 - INFO - fastread - 54, 670
2019-01-25 13:30:13,085 - INFO - fastread - 56, 680
2019-01-25 13:30:13,088 - INFO - fastread - 56, 690
2019-01-25 13:30:13,091 - INFO - fastread - 57, 700
2019-01-25 13:30:13,094 - INFO - fastread - 57, 710
2019-01-25 13:30:13,097 - INFO - fastread - 57, 720
2019-01-25 13:30:13,101 - INFO - fastread - 57, 730
2019-01-25 13:30:13,104 - INFO - fastread - 57, 740
2019-01-25 13:30:13,107 - INFO - fastread - 57, 750
2019-01-25 13:30:13,109 - INFO - fastread - 57, 760
2019-01-25 13:30:13,119 - INFO - fastread - 57, 770
2019-01-25 13:30:13,119 - INFO - fastread - 57, 780
2019-01-25 13:30:13,129 - INFO - fastread - 57, 790
2019-01-25 13:30:13,129 - INFO - fastread - 57, 800
2019-01-25 13:30:13,139 - INFO - fastread - 57, 810
2019-01-25 13:30:13,139 - INFO - fastread - 57, 820
2019-01-25 13:30:13,149 - INFO - fastread - 57, 830
2019-01-25 13:30:13,149 - INFO - fastread - 57, 840
2019-01-25 13:30:13,157 - INFO - fastread - 57, 850
2019-01-25 13:30:13,159 - INFO - fastread - 57, 860
2019-01-25 13:30:13,167 - INFO - fastread - 57, 870
2019-01-25 13:30:13,169 - INFO - fastread - 60, 880
2019-01-25 13:30:13,177 - INFO - fastread - 61, 890
2019-01-25 13:30:13,179 - INFO - fastread - 63, 900
2019-01-25 13:30:13,188 - INFO - fastread - 64, 910
2019-01-25 13:30:13,190 - INFO - fastread - 66, 920
2019-01-25 13:30:13,200 - INFO - fastread - 66, 930
2019-01-25 13:30:13,210 - INFO - fastread - 67, 940
2019-01-25 13:30:13,210 - INFO - fastread - 67, 950
2019-01-25 13:30:13,220 - INFO - fastread - 69, 960
2019-01-25 13:30:13,220 - INFO - fastread - 70, 970
2019-01-25 13:30:13,228 - INFO - fastread - 70, 980
2019-01-25 13:30:13,230 - INFO - fastread - 70, 990
2019-01-25 13:30:13,238 - INFO - fastread - 70, 1000
2019-01-25 13:30:13,240 - INFO - fastread - 70, 1010
2019-01-25 13:30:13,250 - INFO - fastread - 70, 1020
2019-01-25 13:30:13,250 - INFO - fastread - 71, 1030
2019-01-25 13:30:13,260 - INFO - fastread - 71, 1040
2019-01-25 13:30:13,260 - INFO - fastread - 71, 1050
2019-01-25 13:30:13,270 - INFO - fastread - 71, 1060
2019-01-25 13:30:13,270 - INFO - fastread - 71, 1070
2019-01-25 13:30:13,278 - INFO - fastread - 72, 1080
2019-01-25 13:30:13,280 - INFO - fastread - 72, 1090
2019-01-25 13:30:13,280 - INFO - fastread - 72, 1100
2019-01-25 13:30:13,290 - INFO - fastread - 72, 1110
2019-01-25 13:30:13,290 - INFO - fastread - 73, 1120
2019-01-25 13:30:13,300 - INFO - fastread - 73, 1130
2019-01-25 13:30:13,300 - INFO - fastread - 73, 1140
2019-01-25 13:30:13,310 - INFO - fastread - 74, 1150
2019-01-25 13:30:13,320 - INFO - fastread - 74, 1160
2019-01-25 13:30:13,320 - INFO - fastread - 74, 1170
2019-01-25 13:30:13,331 - INFO - fastread - 74, 1180
2019-01-25 13:30:13,331 - INFO - fastread - 74, 1190
2019-01-25 13:30:13,341 - INFO - fastread - 75, 1200
2019-01-25 13:30:13,341 - INFO - fastread - 75, 1210
2019-01-25 13:30:13,351 - INFO - fastread - 75, 1220
2019-01-25 13:30:13,351 - INFO - fastread - 75, 1230
2019-01-25 13:30:13,351 - INFO - fastread - 75, 1240
2019-01-25 13:30:13,361 - INFO - fastread - 77, 1250
2019-01-25 13:30:13,361 - INFO - fastread - 77, 1260
2019-01-25 13:30:13,369 - INFO - fastread - 78, 1270
2019-01-25 13:30:13,371 - INFO - fastread - 78, 1280
2019-01-25 13:30:13,371 - INFO - fastread - 79, 1290
2019-01-25 13:30:13,381 - INFO - fastread - 79, 1300
2019-01-25 13:30:13,381 - INFO - fastread - 79, 1310
2019-01-25 13:30:13,391 - INFO - fastread - 80, 1320
2019-01-25 13:30:13,391 - INFO - fastread - 80, 1330
2019-01-25 13:30:13,401 - INFO - fastread - 80, 1340
2019-01-25 13:30:13,409 - INFO - fastread - 80, 1350
2019-01-25 13:30:13,411 - INFO - fastread - 82, 1360
2019-01-25 13:30:13,421 - INFO - fastread - 83, 1370
2019-01-25 13:30:13,421 - INFO - fastread - 83, 1380
2019-01-25 13:30:13,431 - INFO - fastread - 83, 1390
2019-01-25 13:30:13,431 - INFO - fastread - 83, 1400
2019-01-25 13:30:13,441 - INFO - fastread - 84, 1410
2019-01-25 13:30:13,441 - INFO - fastread - 85, 1420
2019-01-25 13:30:13,451 - INFO - fastread - 85, 1430
2019-01-25 13:30:13,451 - INFO - fastread - 85, 1440
2019-01-25 13:30:13,461 - INFO - fastread - 86, 1450
2019-01-25 13:30:13,461 - INFO - fastread - 86, 1460
2019-01-25 13:30:13,472 - INFO - fastread - 87, 1470
2019-01-25 13:30:13,472 - INFO - fastread - 87, 1480
2019-01-25 13:30:13,482 - INFO - fastread - 87, 1490
2019-01-25 13:30:13,482 - INFO - fastread - 87, 1500
2019-01-25 13:30:13,492 - INFO - fastread - 89, 1510
2019-01-25 13:30:13,502 - INFO - fastread - 89, 1520
2019-01-25 13:30:13,512 - INFO - fastread - 89, 1530
2019-01-25 13:30:13,522 - INFO - fastread - 90, 1540
2019-01-25 13:30:13,530 - INFO - fastread - 91, 1550
2019-01-25 13:30:13,532 - INFO - fastread - 92, 1560
2019-01-25 13:30:13,540 - INFO - fastread - 93, 1570
2019-01-25 13:30:13,542 - INFO - fastread - 93, 1580
2019-01-25 13:30:13,553 - INFO - fastread - 93, 1590
2019-01-25 13:30:13,553 - INFO - fastread - 94, 1600
2019-01-25 13:30:13,563 - INFO - fastread - 94, 1610
2019-01-25 13:30:13,571 - INFO - fastread - 94, 1620
2019-01-25 13:30:13,573 - INFO - fastread - 94, 1630
2019-01-25 13:30:13,581 - INFO - fastread - 95, 1640
2019-01-25 13:30:13,583 - INFO - fastread - 95, 1650
2019-01-25 13:30:13,583 - INFO - fastread - 96, 1660
2019-01-25 13:30:13,611 - INFO - fastread - 98, 1670
2019-01-25 13:30:13,613 - INFO - fastread - 98, 1680
2019-01-25 13:30:13,623 - INFO - fastread - 99, 1690
2019-01-25 13:30:13,633 - INFO - fastread - 100, 1700
2019-01-25 13:30:13,671 - INFO - fastread - 101, 1710
2019-01-25 13:30:13,673 - INFO - fastread - 101, 1720
2019-01-25 13:30:13,683 - INFO - fastread - 102, 1730
2019-01-25 13:30:13,694 - INFO - fastread - 102, 1740
2019-01-25 13:30:13,704 - INFO - fastread - 102, 1750
2019-01-25 13:30:13,714 - INFO - fastread - 102, 1760
2019-01-25 13:30:13,714 - INFO - fastread - 102, 1770
2019-01-25 13:30:13,724 - INFO - fastread - 102, 1780
2019-01-25 13:30:13,734 - INFO - fastread - 103, 1790
2019-01-25 13:30:13,744 - INFO - fastread - 103, 1800
2019-01-25 13:30:13,744 - INFO - fastread - 103, 1810
2019-01-25 13:30:13,754 - INFO - fastread - 103, 1820
2019-01-25 13:30:13,764 - INFO - fastread - 104, 1830
2019-01-25 13:30:13,774 - INFO - fastread - 104, 1840
2019-01-25 13:30:13,784 - INFO - fastread - 104, 1850
2019-01-25 13:30:13,784 - INFO - fastread - 104, 1860
2019-01-25 13:30:13,794 - INFO - fastread - 104, 1870
2019-01-25 13:30:13,794 - INFO - fastread - 105, 1880
2019-01-25 13:30:13,804 - INFO - fastread - 105, 1890
2019-01-25 13:30:13,804 - INFO - fastread - 105, 1900
2019-01-25 13:30:13,814 - INFO - fastread - 105, 1910
2019-01-25 13:30:13,824 - INFO - fastread - 105, 1920
2019-01-25 13:30:13,832 - INFO - fastread - 105, 1930
2019-01-25 13:30:13,845 - INFO - fastread - 105, 1940
2019-01-25 13:30:13,865 - INFO - fastread - 105, 1950
2019-01-25 13:30:13,875 - INFO - fastread - 108, 1960
2019-01-25 13:30:13,875 - INFO - fastread - 108, 1970
2019-01-25 13:30:13,883 - INFO - fastread - 108, 1980
2019-01-25 13:30:13,885 - INFO - fastread - 108, 1990
2019-01-25 13:30:13,893 - INFO - fastread - 108, 2000
2019-01-25 13:30:13,895 - INFO - fastread - 108, 2010
2019-01-25 13:30:13,903 - INFO - fastread - 109, 2020
2019-01-25 13:30:13,905 - INFO - fastread - 110, 2030
2019-01-25 13:30:13,913 - INFO - fastread - 110, 2040
2019-01-25 13:30:13,915 - INFO - fastread - 110, 2050
2019-01-25 13:30:13,923 - INFO - fastread - 110, 2060
2019-01-25 13:30:13,925 - INFO - fastread - 111, 2070
2019-01-25 13:30:13,925 - INFO - fastread - 111, 2080
2019-01-25 13:30:13,935 - INFO - fastread - 111, 2090
2019-01-25 13:30:13,943 - INFO - fastread - 111, 2100
2019-01-25 13:30:13,945 - INFO - fastread - 111, 2110
2019-01-25 13:30:13,953 - INFO - fastread - 111, 2120
2019-01-25 13:30:13,955 - INFO - fastread - 111, 2130
2019-01-25 13:30:13,955 - INFO - fastread - 111, 2140
2019-01-25 13:30:13,965 - INFO - fastread - 111, 2150
2019-01-25 13:30:13,965 - INFO - fastread - 112, 2160
2019-01-25 13:30:13,975 - INFO - fastread - 113, 2170
2019-01-25 13:30:13,983 - INFO - fastread - 113, 2180
2019-01-25 13:30:13,985 - INFO - fastread - 113, 2190
2019-01-25 13:30:13,995 - INFO - fastread - 113, 2200
2019-01-25 13:30:13,995 - INFO - fastread - 113, 2210
2019-01-25 13:30:14,006 - INFO - fastread - 113, 2220
2019-01-25 13:30:14,006 - INFO - fastread - 113, 2230
2019-01-25 13:30:14,016 - INFO - fastread - 114, 2240
2019-01-25 13:30:14,016 - INFO - fastread - 114, 2250
2019-01-25 13:30:14,026 - INFO - fastread - 114, 2260
2019-01-25 13:30:14,026 - INFO - fastread - 115, 2270
2019-01-25 13:30:14,036 - INFO - fastread - 115, 2280
2019-01-25 13:30:14,044 - INFO - fastread - 115, 2290
2019-01-25 13:30:14,046 - INFO - fastread - 115, 2300
2019-01-25 13:30:14,054 - INFO - fastread - 117, 2310
2019-01-25 13:30:14,056 - INFO - fastread - 117, 2320
2019-01-25 13:30:14,064 - INFO - fastread - 117, 2330
2019-01-25 13:30:14,066 - INFO - fastread - 117, 2340
2019-01-25 13:30:14,074 - INFO - fastread - 117, 2350
2019-01-25 13:30:14,076 - INFO - fastread - 117, 2360
2019-01-25 13:30:14,084 - INFO - fastread - 117, 2370
2019-01-25 13:30:14,086 - INFO - fastread - 117, 2380
2019-01-25 13:30:14,086 - INFO - fastread - 117, 2390
2019-01-25 13:30:14,096 - INFO - fastread - 117, 2400
2019-01-25 13:30:14,096 - INFO - fastread - 117, 2410
2019-01-25 13:30:14,106 - INFO - fastread - 117, 2420
2019-01-25 13:30:14,106 - INFO - fastread - 117, 2430
2019-01-25 13:30:14,116 - INFO - fastread - 117, 2440
2019-01-25 13:30:14,116 - INFO - fastread - 117, 2450
2019-01-25 13:30:14,126 - INFO - fastread - 117, 2460
2019-01-25 13:30:14,126 - INFO - fastread - 117, 2470
2019-01-25 13:30:14,136 - INFO - fastread - 117, 2480
2019-01-25 13:30:14,136 - INFO - fastread - 118, 2490
2019-01-25 13:30:14,146 - INFO - fastread - 119, 2500
2019-01-25 13:30:14,146 - INFO - fastread - 119, 2510
2019-01-25 13:30:14,156 - INFO - fastread - 119, 2520
2019-01-25 13:30:14,165 - INFO - fastread - 119, 2530
2019-01-25 13:30:14,167 - INFO - fastread - 119, 2540
2019-01-25 13:30:14,175 - INFO - fastread - 119, 2550
2019-01-25 13:30:14,177 - INFO - fastread - 119, 2560
2019-01-25 13:30:14,185 - INFO - fastread - 120, 2570
2019-01-25 13:30:14,187 - INFO - fastread - 120, 2580
2019-01-25 13:30:14,197 - INFO - fastread - 120, 2590
2019-01-25 13:30:14,197 - INFO - fastread - 120, 2600
2019-01-25 13:30:14,207 - INFO - fastread - 120, 2610
2019-01-25 13:30:14,207 - INFO - fastread - 120, 2620
2019-01-25 13:30:14,219 - INFO - fastread - 120, 2630
2019-01-25 13:30:14,224 - INFO - fastread - 120, 2640
2019-01-25 13:30:14,233 - INFO - fastread - 120, 2650
2019-01-25 13:30:14,238 - INFO - fastread - 120, 2660
2019-01-25 13:30:14,244 - INFO - fastread - 120, 2670
2019-01-25 13:30:14,250 - INFO - fastread - 120, 2680
2019-01-25 13:30:14,255 - INFO - fastread - 120, 2690
2019-01-25 13:30:14,264 - INFO - fastread - 120, 2700
2019-01-25 13:30:14,270 - INFO - fastread - 120, 2710
2019-01-25 13:30:14,277 - INFO - fastread - 120, 2720
2019-01-25 13:30:14,283 - INFO - fastread - 120, 2730
2019-01-25 13:30:14,287 - INFO - fastread - 120, 2740
2019-01-25 13:30:14,293 - INFO - fastread - 120, 2750
2019-01-25 13:30:14,298 - INFO - fastread - 120, 2760
2019-01-25 13:30:14,304 - INFO - fastread - 120, 2770
2019-01-25 13:30:14,310 - INFO - fastread - 120, 2780
2019-01-25 13:30:14,315 - INFO - fastread - 120, 2790
2019-01-25 13:30:14,324 - INFO - fastread - 120, 2800
2019-01-25 13:30:14,330 - INFO - fastread - 121, 2810
2019-01-25 13:30:14,336 - INFO - fastread - 121, 2820
2019-01-25 13:30:14,344 - INFO - fastread - 121, 2830
2019-01-25 13:30:14,349 - INFO - fastread - 121, 2840
2019-01-25 13:30:14,354 - INFO - fastread - 121, 2850
2019-01-25 13:30:14,361 - INFO - fastread - 121, 2860
2019-01-25 13:30:14,366 - INFO - fastread - 121, 2870
2019-01-25 13:30:14,374 - INFO - fastread - 121, 2880
2019-01-25 13:30:14,381 - INFO - fastread - 121, 2890
2019-01-25 13:30:14,387 - INFO - fastread - 121, 2900
2019-01-25 13:30:14,394 - INFO - fastread - 121, 2910
2019-01-25 13:30:14,399 - INFO - fastread - 121, 2920
2019-01-25 13:30:14,404 - INFO - fastread - 121, 2930
2019-01-25 13:30:14,410 - INFO - fastread - 122, 2940
2019-01-25 13:30:14,417 - INFO - fastread - 122, 2950
2019-01-25 13:30:14,422 - INFO - fastread - 123, 2960
2019-01-25 13:30:14,428 - INFO - fastread - 123, 2970
2019-01-25 13:30:14,440 - INFO - fastread - 124, 2980
2019-01-25 13:30:14,447 - INFO - fastread - 124, 2990
2019-01-25 13:30:14,447 - INFO - fastread - 124, 3000
2019-01-25 13:30:14,457 - INFO - fastread - 124, 3010
2019-01-25 13:30:14,465 - INFO - fastread - 124, 3020
2019-01-25 13:30:14,467 - INFO - fastread - 124, 3030
2019-01-25 13:30:14,477 - INFO - fastread - 124, 3040
2019-01-25 13:30:14,487 - INFO - fastread - 124, 3050
2019-01-25 13:30:14,497 - INFO - fastread - 124, 3060
2019-01-25 13:30:14,497 - INFO - fastread - 124, 3070
2019-01-25 13:30:14,507 - INFO - fastread - 124, 3080
2019-01-25 13:30:14,525 - INFO - fastread - 124, 3090
2019-01-25 13:30:14,527 - INFO - fastread - 124, 3100
2019-01-25 13:30:14,535 - INFO - fastread - 124, 3110
2019-01-25 13:30:14,537 - INFO - fastread - 125, 3120
2019-01-25 13:30:14,557 - INFO - rig - ++++NEW CLF++++ KNN
2019-01-25 13:30:14,557 - INFO - fastread - Total Yes: 131 | Total No: 3967
2019-01-25 13:31:15,713 - INFO - fastread - 0, 10
2019-01-25 13:31:15,741 - INFO - fastread - 2, 20
2019-01-25 13:31:15,752 - INFO - fastread - 2, 30
2019-01-25 13:31:15,762 - INFO - fastread - 3, 40
2019-01-25 13:31:15,772 - INFO - fastread - 4, 50
2019-01-25 13:31:15,772 - INFO - fastread - 4, 60
2019-01-25 13:31:15,782 - INFO - fastread - 5, 70
2019-01-25 13:31:15,792 - INFO - fastread - 6, 80
2019-01-25 13:31:15,792 - INFO - fastread - 6, 90
2019-01-25 13:31:15,802 - INFO - fastread - 7, 100
2019-01-25 13:31:15,822 - INFO - fastread - 9, 110
2019-01-25 13:31:15,822 - INFO - fastread - 10, 120
2019-01-25 13:31:15,852 - INFO - fastread - 11, 130
2019-01-25 13:31:15,860 - INFO - fastread - 11, 140
2019-01-25 13:31:15,862 - INFO - fastread - 11, 150
2019-01-25 13:31:15,882 - INFO - fastread - 11, 160
2019-01-25 13:31:15,900 - INFO - fastread - 11, 170
2019-01-25 13:31:15,913 - INFO - fastread - 12, 180
2019-01-25 13:31:15,933 - INFO - fastread - 12, 190
2019-01-25 13:31:15,953 - INFO - fastread - 12, 200
2019-01-25 13:31:15,953 - INFO - fastread - 12, 210
2019-01-25 13:31:15,971 - INFO - fastread - 12, 220
2019-01-25 13:31:15,981 - INFO - fastread - 12, 230
2019-01-25 13:31:15,981 - INFO - fastread - 12, 240
2019-01-25 13:31:15,997 - INFO - fastread - 13, 250
2019-01-25 13:31:16,012 - INFO - fastread - 13, 260
2019-01-25 13:31:16,012 - INFO - fastread - 13, 270
2019-01-25 13:31:16,028 - INFO - fastread - 13, 280
2019-01-25 13:31:16,059 - INFO - fastread - 13, 290
2019-01-25 13:31:16,075 - INFO - fastread - 13, 300
2019-01-25 13:31:16,081 - INFO - fastread - 13, 310
2019-01-25 13:31:16,081 - INFO - fastread - 13, 320
2019-01-25 13:31:16,097 - INFO - fastread - 13, 330
2019-01-25 13:31:16,112 - INFO - fastread - 13, 340
2019-01-25 13:31:16,112 - INFO - fastread - 14, 350
2019-01-25 13:31:16,112 - INFO - fastread - 14, 360
2019-01-25 13:31:16,128 - INFO - fastread - 14, 370
2019-01-25 13:31:16,128 - INFO - fastread - 14, 380
2019-01-25 13:31:16,144 - INFO - fastread - 14, 390
2019-01-25 13:31:16,144 - INFO - fastread - 14, 400
2019-01-25 13:31:16,159 - INFO - fastread - 14, 410
2019-01-25 13:31:16,159 - INFO - fastread - 15, 420
2019-01-25 13:31:16,175 - INFO - fastread - 16, 430
2019-01-25 13:31:16,181 - INFO - fastread - 16, 440
2019-01-25 13:31:16,181 - INFO - fastread - 16, 450
2019-01-25 13:31:16,197 - INFO - fastread - 16, 460
2019-01-25 13:31:16,197 - INFO - fastread - 16, 470
2019-01-25 13:31:16,213 - INFO - fastread - 16, 480
2019-01-25 13:31:16,213 - INFO - fastread - 16, 490
2019-01-25 13:31:16,228 - INFO - fastread - 16, 500
2019-01-25 13:31:16,228 - INFO - fastread - 16, 510
2019-01-25 13:31:16,244 - INFO - fastread - 16, 520
2019-01-25 13:31:16,260 - INFO - fastread - 16, 530
2019-01-25 13:31:16,260 - INFO - fastread - 16, 540
2019-01-25 13:31:16,275 - INFO - fastread - 16, 550
2019-01-25 13:31:16,282 - INFO - fastread - 16, 560
2019-01-25 13:31:16,282 - INFO - fastread - 16, 570
2019-01-25 13:31:16,297 - INFO - fastread - 16, 580
2019-01-25 13:31:16,313 - INFO - fastread - 16, 590
2019-01-25 13:31:16,313 - INFO - fastread - 16, 600
2019-01-25 13:31:16,329 - INFO - fastread - 16, 610
2019-01-25 13:31:16,329 - INFO - fastread - 17, 620
2019-01-25 13:31:16,344 - INFO - fastread - 17, 630
2019-01-25 13:31:16,344 - INFO - fastread - 17, 640
2019-01-25 13:31:16,360 - INFO - fastread - 17, 650
2019-01-25 13:31:16,360 - INFO - fastread - 17, 660
2019-01-25 13:31:16,375 - INFO - fastread - 17, 670
2019-01-25 13:31:16,382 - INFO - fastread - 17, 680
2019-01-25 13:31:16,382 - INFO - fastread - 17, 690
2019-01-25 13:31:16,382 - INFO - fastread - 17, 700
2019-01-25 13:31:16,398 - INFO - fastread - 17, 710
2019-01-25 13:31:16,398 - INFO - fastread - 17, 720
2019-01-25 13:31:16,413 - INFO - fastread - 17, 730
2019-01-25 13:31:16,413 - INFO - fastread - 17, 740
2019-01-25 13:31:16,413 - INFO - fastread - 17, 750
2019-01-25 13:31:16,429 - INFO - fastread - 17, 760
2019-01-25 13:31:16,444 - INFO - fastread - 18, 770
2019-01-25 13:31:16,444 - INFO - fastread - 18, 780
2019-01-25 13:31:16,476 - INFO - fastread - 18, 790
2019-01-25 13:31:16,482 - INFO - fastread - 19, 800
2019-01-25 13:31:16,482 - INFO - fastread - 19, 810
2019-01-25 13:31:16,498 - INFO - fastread - 19, 820
2019-01-25 13:31:16,498 - INFO - fastread - 19, 830
2019-01-25 13:31:16,513 - INFO - fastread - 20, 840
2019-01-25 13:31:16,513 - INFO - fastread - 20, 850
2019-01-25 13:31:16,529 - INFO - fastread - 20, 860
2019-01-25 13:31:16,545 - INFO - fastread - 20, 870
2019-01-25 13:31:16,560 - INFO - fastread - 20, 880
2019-01-25 13:31:16,560 - INFO - fastread - 20, 890
2019-01-25 13:31:16,560 - INFO - fastread - 20, 900
2019-01-25 13:31:16,576 - INFO - fastread - 21, 910
2019-01-25 13:31:16,584 - INFO - fastread - 21, 920
2019-01-25 13:31:16,595 - INFO - fastread - 22, 930
2019-01-25 13:31:16,595 - INFO - fastread - 22, 940
2019-01-25 13:31:16,615 - INFO - fastread - 22, 950
2019-01-25 13:31:16,615 - INFO - fastread - 22, 960
2019-01-25 13:31:16,625 - INFO - fastread - 22, 970
2019-01-25 13:31:16,635 - INFO - fastread - 23, 980
2019-01-25 13:31:16,645 - INFO - fastread - 24, 990
2019-01-25 13:31:16,645 - INFO - fastread - 24, 1000
2019-01-25 13:31:16,655 - INFO - fastread - 24, 1010
2019-01-25 13:31:16,665 - INFO - fastread - 24, 1020
2019-01-25 13:31:16,673 - INFO - fastread - 24, 1030
2019-01-25 13:31:16,675 - INFO - fastread - 25, 1040
2019-01-25 13:31:16,693 - INFO - fastread - 26, 1050
2019-01-25 13:31:16,695 - INFO - fastread - 27, 1060
2019-01-25 13:31:16,705 - INFO - fastread - 27, 1070
2019-01-25 13:31:16,715 - INFO - fastread - 27, 1080
2019-01-25 13:31:16,715 - INFO - fastread - 29, 1090
2019-01-25 13:31:16,723 - INFO - fastread - 30, 1100
2019-01-25 13:31:16,725 - INFO - fastread - 31, 1110
2019-01-25 13:31:16,735 - INFO - fastread - 32, 1120
2019-01-25 13:31:16,743 - INFO - fastread - 32, 1130
2019-01-25 13:31:16,757 - INFO - fastread - 32, 1140
2019-01-25 13:31:16,757 - INFO - fastread - 33, 1150
2019-01-25 13:31:16,767 - INFO - fastread - 33, 1160
2019-01-25 13:31:16,767 - INFO - fastread - 33, 1170
2019-01-25 13:31:16,775 - INFO - fastread - 34, 1180
2019-01-25 13:31:16,777 - INFO - fastread - 34, 1190
2019-01-25 13:31:16,787 - INFO - fastread - 34, 1200
2019-01-25 13:31:16,787 - INFO - fastread - 34, 1210
2019-01-25 13:31:16,797 - INFO - fastread - 36, 1220
2019-01-25 13:31:16,797 - INFO - fastread - 36, 1230
2019-01-25 13:31:16,807 - INFO - fastread - 36, 1240
2019-01-25 13:31:16,817 - INFO - fastread - 36, 1250
2019-01-25 13:31:16,817 - INFO - fastread - 36, 1260
2019-01-25 13:31:16,827 - INFO - fastread - 36, 1270
2019-01-25 13:31:16,845 - INFO - fastread - 36, 1280
2019-01-25 13:31:16,847 - INFO - fastread - 37, 1290
2019-01-25 13:31:16,847 - INFO - fastread - 37, 1300
2019-01-25 13:31:16,857 - INFO - fastread - 37, 1310
2019-01-25 13:31:16,857 - INFO - fastread - 37, 1320
2019-01-25 13:31:16,867 - INFO - fastread - 37, 1330
2019-01-25 13:31:16,875 - INFO - fastread - 37, 1340
2019-01-25 13:31:16,885 - INFO - fastread - 39, 1350
2019-01-25 13:31:16,887 - INFO - fastread - 39, 1360
2019-01-25 13:31:16,897 - INFO - fastread - 39, 1370
2019-01-25 13:31:16,908 - INFO - fastread - 39, 1380
2019-01-25 13:31:16,918 - INFO - fastread - 39, 1390
2019-01-25 13:31:16,928 - INFO - fastread - 40, 1400
2019-01-25 13:31:16,948 - INFO - fastread - 41, 1410
2019-01-25 13:31:16,958 - INFO - fastread - 42, 1420
2019-01-25 13:31:16,968 - INFO - fastread - 42, 1430
2019-01-25 13:31:16,968 - INFO - fastread - 43, 1440
2019-01-25 13:31:16,978 - INFO - fastread - 43, 1450
2019-01-25 13:31:16,988 - INFO - fastread - 43, 1460
2019-01-25 13:31:16,988 - INFO - fastread - 45, 1470
2019-01-25 13:31:16,998 - INFO - fastread - 47, 1480
2019-01-25 13:31:17,006 - INFO - fastread - 47, 1490
2019-01-25 13:31:17,008 - INFO - fastread - 47, 1500
2019-01-25 13:31:17,018 - INFO - fastread - 48, 1510
2019-01-25 13:31:17,028 - INFO - fastread - 48, 1520
2019-01-25 13:31:17,028 - INFO - fastread - 48, 1530
2019-01-25 13:31:17,038 - INFO - fastread - 48, 1540
2019-01-25 13:31:17,048 - INFO - fastread - 49, 1550
2019-01-25 13:31:17,059 - INFO - fastread - 49, 1560
2019-01-25 13:31:17,059 - INFO - fastread - 49, 1570
2019-01-25 13:31:17,069 - INFO - fastread - 50, 1580
2019-01-25 13:31:17,077 - INFO - fastread - 50, 1590
2019-01-25 13:31:17,079 - INFO - fastread - 51, 1600
2019-01-25 13:31:17,089 - INFO - fastread - 51, 1610
2019-01-25 13:31:17,089 - INFO - fastread - 51, 1620
2019-01-25 13:31:17,097 - INFO - fastread - 51, 1630
2019-01-25 13:31:17,099 - INFO - fastread - 51, 1640
2019-01-25 13:31:17,109 - INFO - fastread - 52, 1650
2019-01-25 13:31:17,117 - INFO - fastread - 52, 1660
2019-01-25 13:31:17,119 - INFO - fastread - 53, 1670
2019-01-25 13:31:17,127 - INFO - fastread - 54, 1680
2019-01-25 13:31:17,129 - INFO - fastread - 54, 1690
2019-01-25 13:31:17,129 - INFO - fastread - 54, 1700
2019-01-25 13:31:17,139 - INFO - fastread - 54, 1710
2019-01-25 13:31:17,147 - INFO - fastread - 54, 1720
2019-01-25 13:31:17,149 - INFO - fastread - 54, 1730
2019-01-25 13:31:17,157 - INFO - fastread - 54, 1740
2019-01-25 13:31:17,159 - INFO - fastread - 54, 1750
2019-01-25 13:31:17,169 - INFO - fastread - 54, 1760
2019-01-25 13:31:17,169 - INFO - fastread - 54, 1770
2019-01-25 13:31:17,179 - INFO - fastread - 54, 1780
2019-01-25 13:31:17,189 - INFO - fastread - 54, 1790
2019-01-25 13:31:17,199 - INFO - fastread - 55, 1800
2019-01-25 13:31:17,209 - INFO - fastread - 55, 1810
2019-01-25 13:31:17,218 - INFO - fastread - 57, 1820
2019-01-25 13:31:17,220 - INFO - fastread - 57, 1830
2019-01-25 13:31:17,240 - INFO - fastread - 59, 1840
2019-01-25 13:31:17,248 - INFO - fastread - 59, 1850
2019-01-25 13:31:17,250 - INFO - fastread - 60, 1860
2019-01-25 13:31:17,260 - INFO - fastread - 63, 1870
2019-01-25 13:31:17,260 - INFO - fastread - 63, 1880
2019-01-25 13:31:17,270 - INFO - fastread - 63, 1890
2019-01-25 13:31:17,270 - INFO - fastread - 63, 1900
2019-01-25 13:31:17,290 - INFO - fastread - 64, 1910
2019-01-25 13:31:17,300 - INFO - fastread - 64, 1920
2019-01-25 13:31:17,300 - INFO - fastread - 64, 1930
2019-01-25 13:31:17,308 - INFO - fastread - 64, 1940
2019-01-25 13:31:17,318 - INFO - fastread - 64, 1950
2019-01-25 13:31:17,320 - INFO - fastread - 64, 1960
2019-01-25 13:31:17,328 - INFO - fastread - 64, 1970
2019-01-25 13:31:17,330 - INFO - fastread - 66, 1980
2019-01-25 13:31:17,340 - INFO - fastread - 66, 1990
2019-01-25 13:31:17,348 - INFO - fastread - 67, 2000
2019-01-25 13:31:17,358 - INFO - fastread - 67, 2010
2019-01-25 13:31:17,360 - INFO - fastread - 69, 2020
2019-01-25 13:31:17,370 - INFO - fastread - 70, 2030
2019-01-25 13:31:17,370 - INFO - fastread - 71, 2040
2019-01-25 13:31:17,381 - INFO - fastread - 71, 2050
2019-01-25 13:31:17,391 - INFO - fastread - 71, 2060
2019-01-25 13:31:17,399 - INFO - fastread - 71, 2070
2019-01-25 13:31:17,399 - INFO - fastread - 71, 2080
2019-01-25 13:31:17,409 - INFO - fastread - 71, 2090
2019-01-25 13:31:17,411 - INFO - fastread - 71, 2100
2019-01-25 13:31:17,419 - INFO - fastread - 71, 2110
2019-01-25 13:31:17,419 - INFO - fastread - 71, 2120
2019-01-25 13:31:17,439 - INFO - fastread - 71, 2130
2019-01-25 13:31:17,441 - INFO - fastread - 72, 2140
2019-01-25 13:31:17,451 - INFO - fastread - 72, 2150
2019-01-25 13:31:17,471 - INFO - fastread - 72, 2160
2019-01-25 13:31:17,481 - INFO - fastread - 72, 2170
2019-01-25 13:31:17,481 - INFO - fastread - 72, 2180
2019-01-25 13:31:17,491 - INFO - fastread - 72, 2190
2019-01-25 13:31:17,491 - INFO - fastread - 72, 2200
2019-01-25 13:31:17,501 - INFO - fastread - 72, 2210
2019-01-25 13:31:17,509 - INFO - fastread - 72, 2220
2019-01-25 13:31:17,511 - INFO - fastread - 74, 2230
2019-01-25 13:31:17,519 - INFO - fastread - 74, 2240
2019-01-25 13:31:17,521 - INFO - fastread - 74, 2250
2019-01-25 13:31:17,531 - INFO - fastread - 74, 2260
2019-01-25 13:31:17,540 - INFO - fastread - 74, 2270
2019-01-25 13:31:17,542 - INFO - fastread - 74, 2280
2019-01-25 13:31:17,552 - INFO - fastread - 74, 2290
2019-01-25 13:31:17,572 - INFO - fastread - 74, 2300
2019-01-25 13:31:17,582 - INFO - fastread - 76, 2310
2019-01-25 13:31:17,582 - INFO - fastread - 76, 2320
2019-01-25 13:31:17,592 - INFO - fastread - 76, 2330
2019-01-25 13:31:17,592 - INFO - fastread - 76, 2340
2019-01-25 13:31:17,602 - INFO - fastread - 76, 2350
2019-01-25 13:31:17,602 - INFO - fastread - 76, 2360
2019-01-25 13:31:17,612 - INFO - fastread - 76, 2370
2019-01-25 13:31:17,622 - INFO - fastread - 76, 2380
2019-01-25 13:31:17,630 - INFO - fastread - 76, 2390
2019-01-25 13:31:17,632 - INFO - fastread - 76, 2400
2019-01-25 13:31:17,640 - INFO - fastread - 76, 2410
2019-01-25 13:31:17,642 - INFO - fastread - 76, 2420
2019-01-25 13:31:17,652 - INFO - fastread - 76, 2430
2019-01-25 13:31:17,652 - INFO - fastread - 76, 2440
2019-01-25 13:31:17,662 - INFO - fastread - 76, 2450
2019-01-25 13:31:17,672 - INFO - fastread - 76, 2460
2019-01-25 13:31:17,682 - INFO - fastread - 76, 2470
2019-01-25 13:31:17,693 - INFO - fastread - 76, 2480
2019-01-25 13:31:17,701 - INFO - fastread - 76, 2490
2019-01-25 13:31:17,703 - INFO - fastread - 78, 2500
2019-01-25 13:31:17,713 - INFO - fastread - 78, 2510
2019-01-25 13:31:17,723 - INFO - fastread - 78, 2520
2019-01-25 13:31:17,723 - INFO - fastread - 78, 2530
2019-01-25 13:31:17,733 - INFO - fastread - 78, 2540
2019-01-25 13:31:17,733 - INFO - fastread - 79, 2550
2019-01-25 13:31:17,743 - INFO - fastread - 79, 2560
2019-01-25 13:31:17,753 - INFO - fastread - 79, 2570
2019-01-25 13:31:17,761 - INFO - fastread - 79, 2580
2019-01-25 13:31:17,763 - INFO - fastread - 81, 2590
2019-01-25 13:31:17,773 - INFO - fastread - 81, 2600
2019-01-25 13:31:17,773 - INFO - fastread - 81, 2610
2019-01-25 13:31:17,783 - INFO - fastread - 81, 2620
2019-01-25 13:31:17,783 - INFO - fastread - 81, 2630
2019-01-25 13:31:17,793 - INFO - fastread - 81, 2640
2019-01-25 13:31:17,803 - INFO - fastread - 81, 2650
2019-01-25 13:31:17,813 - INFO - fastread - 82, 2660
2019-01-25 13:31:17,813 - INFO - fastread - 82, 2670
2019-01-25 13:31:17,823 - INFO - fastread - 82, 2680
2019-01-25 13:31:17,823 - INFO - fastread - 82, 2690
2019-01-25 13:31:17,833 - INFO - fastread - 82, 2700
2019-01-25 13:31:17,833 - INFO - fastread - 84, 2710
2019-01-25 13:31:17,844 - INFO - fastread - 85, 2720
2019-01-25 13:31:17,854 - INFO - fastread - 85, 2730
2019-01-25 13:31:17,864 - INFO - fastread - 87, 2740
2019-01-25 13:31:17,864 - INFO - fastread - 87, 2750
2019-01-25 13:31:17,874 - INFO - fastread - 88, 2760
2019-01-25 13:31:17,882 - INFO - fastread - 88, 2770
2019-01-25 13:31:17,884 - INFO - fastread - 88, 2780
2019-01-25 13:31:17,892 - INFO - fastread - 88, 2790
2019-01-25 13:31:17,894 - INFO - fastread - 89, 2800
2019-01-25 13:31:17,902 - INFO - fastread - 89, 2810
2019-01-25 13:31:17,902 - INFO - fastread - 89, 2820
2019-01-25 13:31:17,914 - INFO - fastread - 90, 2830
2019-01-25 13:31:17,914 - INFO - fastread - 90, 2840
2019-01-25 13:31:17,924 - INFO - fastread - 90, 2850
2019-01-25 13:31:17,924 - INFO - fastread - 91, 2860
2019-01-25 13:31:17,934 - INFO - fastread - 92, 2870
2019-01-25 13:31:17,934 - INFO - fastread - 92, 2880
2019-01-25 13:31:17,944 - INFO - fastread - 93, 2890
2019-01-25 13:31:17,944 - INFO - fastread - 93, 2900
2019-01-25 13:31:17,952 - INFO - fastread - 94, 2910
2019-01-25 13:31:17,954 - INFO - fastread - 94, 2920
2019-01-25 13:31:17,964 - INFO - fastread - 95, 2930
2019-01-25 13:31:17,964 - INFO - fastread - 96, 2940
2019-01-25 13:31:17,974 - INFO - fastread - 96, 2950
2019-01-25 13:31:17,974 - INFO - fastread - 96, 2960
2019-01-25 13:31:17,984 - INFO - fastread - 97, 2970
2019-01-25 13:31:17,992 - INFO - fastread - 98, 2980
2019-01-25 13:31:17,994 - INFO - fastread - 98, 2990
2019-01-25 13:31:18,005 - INFO - fastread - 98, 3000
2019-01-25 13:31:18,005 - INFO - fastread - 98, 3010
2019-01-25 13:31:18,015 - INFO - fastread - 98, 3020
2019-01-25 13:31:18,015 - INFO - fastread - 98, 3030
2019-01-25 13:31:18,025 - INFO - fastread - 98, 3040
2019-01-25 13:31:18,025 - INFO - fastread - 98, 3050
2019-01-25 13:31:18,035 - INFO - fastread - 98, 3060
2019-01-25 13:31:18,035 - INFO - fastread - 98, 3070
2019-01-25 13:31:18,045 - INFO - fastread - 98, 3080
2019-01-25 13:31:18,053 - INFO - fastread - 99, 3090
2019-01-25 13:31:18,055 - INFO - fastread - 99, 3100
2019-01-25 13:31:18,065 - INFO - fastread - 99, 3110
2019-01-25 13:31:18,073 - INFO - fastread - 99, 3120
2019-01-25 13:31:18,083 - INFO - fastread - 100, 3130
2019-01-25 13:31:18,085 - INFO - fastread - 100, 3140
2019-01-25 13:31:18,095 - INFO - fastread - 100, 3150
2019-01-25 13:31:18,103 - INFO - fastread - 100, 3160
2019-01-25 13:31:18,105 - INFO - fastread - 100, 3170
2019-01-25 13:31:18,105 - INFO - fastread - 100, 3180
2019-01-25 13:31:18,115 - INFO - fastread - 102, 3190
2019-01-25 13:31:18,125 - INFO - fastread - 103, 3200
2019-01-25 13:31:18,135 - INFO - fastread - 103, 3210
2019-01-25 13:31:18,135 - INFO - fastread - 104, 3220
2019-01-25 13:31:18,144 - INFO - fastread - 104, 3230
2019-01-25 13:31:18,144 - INFO - fastread - 105, 3240
2019-01-25 13:31:18,156 - INFO - fastread - 105, 3250
2019-01-25 13:31:18,166 - INFO - fastread - 106, 3260
2019-01-25 13:31:18,166 - INFO - fastread - 107, 3270
2019-01-25 13:31:18,174 - INFO - fastread - 107, 3280
2019-01-25 13:31:18,176 - INFO - fastread - 108, 3290
2019-01-25 13:31:18,186 - INFO - fastread - 108, 3300
2019-01-25 13:31:18,194 - INFO - fastread - 109, 3310
2019-01-25 13:31:18,196 - INFO - fastread - 110, 3320
2019-01-25 13:31:18,206 - INFO - fastread - 110, 3330
2019-01-25 13:31:18,206 - INFO - fastread - 110, 3340
2019-01-25 13:31:18,214 - INFO - fastread - 110, 3350
2019-01-25 13:31:18,216 - INFO - fastread - 110, 3360
2019-01-25 13:31:18,216 - INFO - fastread - 111, 3370
2019-01-25 13:31:18,226 - INFO - fastread - 113, 3380
2019-01-25 13:31:18,226 - INFO - fastread - 113, 3390
2019-01-25 13:31:18,236 - INFO - fastread - 113, 3400
2019-01-25 13:31:18,236 - INFO - fastread - 113, 3410
2019-01-25 13:31:18,244 - INFO - fastread - 113, 3420
2019-01-25 13:31:18,246 - INFO - fastread - 114, 3430
2019-01-25 13:31:18,246 - INFO - fastread - 114, 3440
2019-01-25 13:31:18,254 - INFO - fastread - 114, 3450
2019-01-25 13:31:18,254 - INFO - fastread - 115, 3460
2019-01-25 13:31:18,264 - INFO - fastread - 115, 3470
2019-01-25 13:31:18,266 - INFO - fastread - 115, 3480
2019-01-25 13:31:18,266 - INFO - fastread - 115, 3490
2019-01-25 13:31:18,276 - INFO - fastread - 116, 3500
2019-01-25 13:31:18,276 - INFO - fastread - 116, 3510
2019-01-25 13:31:18,286 - INFO - fastread - 116, 3520
2019-01-25 13:31:18,286 - INFO - fastread - 116, 3530
2019-01-25 13:31:18,296 - INFO - fastread - 116, 3540
2019-01-25 13:31:18,296 - INFO - fastread - 116, 3550
2019-01-25 13:31:18,296 - INFO - fastread - 116, 3560
2019-01-25 13:31:18,307 - INFO - fastread - 116, 3570
2019-01-25 13:31:18,315 - INFO - fastread - 117, 3580
2019-01-25 13:31:18,317 - INFO - fastread - 117, 3590
2019-01-25 13:31:18,325 - INFO - fastread - 117, 3600
2019-01-25 13:31:18,325 - INFO - fastread - 117, 3610
2019-01-25 13:31:18,337 - INFO - fastread - 117, 3620
2019-01-25 13:31:18,345 - INFO - fastread - 117, 3630
2019-01-25 13:31:18,347 - INFO - fastread - 117, 3640
2019-01-25 13:31:18,357 - INFO - fastread - 118, 3650
2019-01-25 13:31:18,357 - INFO - fastread - 118, 3660
2019-01-25 13:31:18,365 - INFO - fastread - 118, 3670
2019-01-25 13:31:18,365 - INFO - fastread - 119, 3680
2019-01-25 13:31:18,387 - INFO - fastread - 120, 3690
2019-01-25 13:31:18,387 - INFO - fastread - 122, 3700
2019-01-25 13:31:18,397 - INFO - fastread - 123, 3710
2019-01-25 13:31:18,407 - INFO - fastread - 123, 3720
2019-01-25 13:31:18,407 - INFO - fastread - 123, 3730
2019-01-25 13:31:18,415 - INFO - fastread - 123, 3740
2019-01-25 13:31:18,417 - INFO - fastread - 123, 3750
2019-01-25 13:31:18,417 - INFO - fastread - 123, 3760
2019-01-25 13:31:18,425 - INFO - fastread - 123, 3770
2019-01-25 13:31:18,427 - INFO - fastread - 123, 3780
2019-01-25 13:31:18,435 - INFO - fastread - 123, 3790
2019-01-25 13:31:18,447 - INFO - fastread - 124, 3800
2019-01-25 13:31:18,457 - INFO - fastread - 126, 3810
2019-01-25 13:31:18,729 - INFO - rig - ++++NEW CLF++++ SVM
2019-01-25 13:31:18,739 - INFO - fastread - Total Yes: 131 | Total No: 3967
2019-01-25 13:39:22,437 - INFO - fastread - 7, 10
2019-01-25 13:39:22,444 - INFO - fastread - 15, 20
2019-01-25 13:39:22,448 - INFO - fastread - 23, 30
2019-01-25 13:39:22,453 - INFO - fastread - 26, 40
2019-01-25 13:39:22,458 - INFO - fastread - 33, 50
2019-01-25 13:39:22,463 - INFO - fastread - 39, 60
2019-01-25 13:39:22,467 - INFO - fastread - 42, 70
2019-01-25 13:39:22,472 - INFO - fastread - 47, 80
2019-01-25 13:39:22,477 - INFO - fastread - 50, 90
2019-01-25 13:39:22,482 - INFO - fastread - 57, 100
2019-01-25 13:39:22,487 - INFO - fastread - 60, 110
2019-01-25 13:39:22,492 - INFO - fastread - 61, 120
2019-01-25 13:39:22,495 - INFO - fastread - 65, 130
2019-01-25 13:39:22,498 - INFO - fastread - 66, 140
2019-01-25 13:39:22,501 - INFO - fastread - 68, 150
2019-01-25 13:39:22,504 - INFO - fastread - 68, 160
2019-01-25 13:39:22,506 - INFO - fastread - 69, 170
2019-01-25 13:39:22,509 - INFO - fastread - 72, 180
2019-01-25 13:39:22,512 - INFO - fastread - 72, 190
2019-01-25 13:39:22,515 - INFO - fastread - 72, 200
2019-01-25 13:39:22,518 - INFO - fastread - 74, 210
2019-01-25 13:39:22,520 - INFO - fastread - 78, 220
2019-01-25 13:39:22,523 - INFO - fastread - 81, 230
2019-01-25 13:39:22,527 - INFO - fastread - 84, 240
2019-01-25 13:39:22,530 - INFO - fastread - 85, 250
2019-01-25 13:39:22,533 - INFO - fastread - 86, 260
2019-01-25 13:39:22,535 - INFO - fastread - 86, 270
2019-01-25 13:39:22,538 - INFO - fastread - 86, 280
2019-01-25 13:39:22,541 - INFO - fastread - 87, 290
2019-01-25 13:39:22,544 - INFO - fastread - 87, 300
2019-01-25 13:39:22,547 - INFO - fastread - 87, 310
2019-01-25 13:39:22,552 - INFO - fastread - 87, 320
2019-01-25 13:39:22,555 - INFO - fastread - 87, 330
2019-01-25 13:39:22,558 - INFO - fastread - 90, 340
2019-01-25 13:39:22,563 - INFO - fastread - 90, 350
2019-01-25 13:39:22,568 - INFO - fastread - 91, 360
2019-01-25 13:39:22,573 - INFO - fastread - 91, 370
2019-01-25 13:39:22,577 - INFO - fastread - 91, 380
2019-01-25 13:39:22,582 - INFO - fastread - 91, 390
2019-01-25 13:39:22,586 - INFO - fastread - 93, 400
2019-01-25 13:39:22,591 - INFO - fastread - 94, 410
2019-01-25 13:39:22,595 - INFO - fastread - 95, 420
2019-01-25 13:39:22,600 - INFO - fastread - 95, 430
2019-01-25 13:39:22,604 - INFO - fastread - 95, 440
2019-01-25 13:39:22,609 - INFO - fastread - 97, 450
2019-01-25 13:39:22,612 - INFO - fastread - 97, 460
2019-01-25 13:39:22,615 - INFO - fastread - 97, 470
2019-01-25 13:39:22,620 - INFO - fastread - 98, 480
2019-01-25 13:39:22,624 - INFO - fastread - 98, 490
2019-01-25 13:39:22,628 - INFO - fastread - 99, 500
2019-01-25 13:39:22,633 - INFO - fastread - 99, 510
2019-01-25 13:39:22,639 - INFO - fastread - 99, 520
2019-01-25 13:39:22,642 - INFO - fastread - 99, 530
2019-01-25 13:39:22,646 - INFO - fastread - 99, 540
2019-01-25 13:39:22,651 - INFO - fastread - 99, 550
2019-01-25 13:39:22,656 - INFO - fastread - 100, 560
2019-01-25 13:39:22,660 - INFO - fastread - 100, 570
2019-01-25 13:39:22,664 - INFO - fastread - 100, 580
2019-01-25 13:39:22,667 - INFO - fastread - 100, 590
2019-01-25 13:39:22,671 - INFO - fastread - 101, 600
2019-01-25 13:39:22,674 - INFO - fastread - 101, 610
2019-01-25 13:39:22,681 - INFO - fastread - 102, 620
2019-01-25 13:39:22,686 - INFO - fastread - 102, 630
2019-01-25 13:39:22,692 - INFO - fastread - 102, 640
2019-01-25 13:39:22,697 - INFO - fastread - 103, 650
2019-01-25 13:39:22,700 - INFO - fastread - 103, 660
2019-01-25 13:39:22,703 - INFO - fastread - 104, 670
2019-01-25 13:39:22,707 - INFO - fastread - 104, 680
2019-01-25 13:39:22,711 - INFO - fastread - 104, 690
2019-01-25 13:39:22,715 - INFO - fastread - 104, 700
2019-01-25 13:39:22,720 - INFO - fastread - 104, 710
2019-01-25 13:39:22,726 - INFO - fastread - 106, 720
2019-01-25 13:39:22,732 - INFO - fastread - 106, 730
2019-01-25 13:39:22,736 - INFO - fastread - 106, 740
2019-01-25 13:39:22,740 - INFO - fastread - 106, 750
2019-01-25 13:39:22,743 - INFO - fastread - 106, 760
2019-01-25 13:39:22,747 - INFO - fastread - 106, 770
2019-01-25 13:39:22,751 - INFO - fastread - 106, 780
2019-01-25 13:39:22,755 - INFO - fastread - 106, 790
2019-01-25 13:39:22,759 - INFO - fastread - 106, 800
2019-01-25 13:39:22,762 - INFO - fastread - 106, 810
2019-01-25 13:39:22,765 - INFO - fastread - 106, 820
2019-01-25 13:39:22,768 - INFO - fastread - 106, 830
2019-01-25 13:39:22,771 - INFO - fastread - 106, 840
2019-01-25 13:39:22,774 - INFO - fastread - 106, 850
2019-01-25 13:39:22,779 - INFO - fastread - 106, 860
2019-01-25 13:39:22,784 - INFO - fastread - 106, 870
2019-01-25 13:39:22,790 - INFO - fastread - 106, 880
2019-01-25 13:39:22,795 - INFO - fastread - 106, 890
2019-01-25 13:39:22,799 - INFO - fastread - 106, 900
2019-01-25 13:39:22,805 - INFO - fastread - 106, 910
2019-01-25 13:39:22,809 - INFO - fastread - 106, 920
2019-01-25 13:39:22,814 - INFO - fastread - 106, 930
2019-01-25 13:39:22,817 - INFO - fastread - 106, 940
2019-01-25 13:39:22,820 - INFO - fastread - 106, 950
2019-01-25 13:39:22,823 - INFO - fastread - 106, 960
2019-01-25 13:39:22,828 - INFO - fastread - 106, 970
2019-01-25 13:39:22,833 - INFO - fastread - 106, 980
2019-01-25 13:39:22,838 - INFO - fastread - 106, 990
2019-01-25 13:39:22,844 - INFO - fastread - 106, 1000
2019-01-25 13:39:22,848 - INFO - fastread - 106, 1010
2019-01-25 13:39:22,851 - INFO - fastread - 106, 1020
2019-01-25 13:39:22,854 - INFO - fastread - 106, 1030
2019-01-25 13:39:22,858 - INFO - fastread - 106, 1040
2019-01-25 13:39:22,863 - INFO - fastread - 106, 1050
2019-01-25 13:39:22,868 - INFO - fastread - 106, 1060
2019-01-25 13:39:22,871 - INFO - fastread - 106, 1070
2019-01-25 13:39:22,874 - INFO - fastread - 107, 1080
2019-01-25 13:39:22,877 - INFO - fastread - 108, 1090
2019-01-25 13:39:22,880 - INFO - fastread - 108, 1100
2019-01-25 13:39:22,883 - INFO - fastread - 108, 1110
2019-01-25 13:39:22,888 - INFO - fastread - 109, 1120
2019-01-25 13:39:22,892 - INFO - fastread - 109, 1130
2019-01-25 13:39:22,897 - INFO - fastread - 109, 1140
2019-01-25 13:39:22,900 - INFO - fastread - 109, 1150
2019-01-25 13:39:22,903 - INFO - fastread - 110, 1160
2019-01-25 13:39:22,907 - INFO - fastread - 112, 1170
2019-01-25 13:39:22,910 - INFO - fastread - 112, 1180
2019-01-25 13:39:22,913 - INFO - fastread - 112, 1190
2019-01-25 13:39:22,916 - INFO - fastread - 112, 1200
2019-01-25 13:39:22,920 - INFO - fastread - 112, 1210
2019-01-25 13:39:22,923 - INFO - fastread - 112, 1220
2019-01-25 13:39:22,928 - INFO - fastread - 112, 1230
2019-01-25 13:39:22,933 - INFO - fastread - 112, 1240
2019-01-25 13:39:22,938 - INFO - fastread - 112, 1250
2019-01-25 13:39:22,943 - INFO - fastread - 112, 1260
2019-01-25 13:39:22,949 - INFO - fastread - 112, 1270
2019-01-25 13:39:22,952 - INFO - fastread - 112, 1280
2019-01-25 13:39:22,955 - INFO - fastread - 112, 1290
2019-01-25 13:39:22,958 - INFO - fastread - 112, 1300
2019-01-25 13:39:22,961 - INFO - fastread - 114, 1310
2019-01-25 13:39:22,965 - INFO - fastread - 114, 1320
2019-01-25 13:39:22,968 - INFO - fastread - 114, 1330
2019-01-25 13:39:22,971 - INFO - fastread - 114, 1340
2019-01-25 13:39:22,974 - INFO - fastread - 114, 1350
2019-01-25 13:39:22,977 - INFO - fastread - 114, 1360
2019-01-25 13:39:22,980 - INFO - fastread - 114, 1370
2019-01-25 13:39:22,983 - INFO - fastread - 115, 1380
2019-01-25 13:39:22,987 - INFO - fastread - 115, 1390
2019-01-25 13:39:22,991 - INFO - fastread - 115, 1400
2019-01-25 13:39:22,995 - INFO - fastread - 115, 1410
2019-01-25 13:39:22,998 - INFO - fastread - 115, 1420
2019-01-25 13:39:23,001 - INFO - fastread - 116, 1430
2019-01-25 13:39:23,004 - INFO - fastread - 116, 1440
2019-01-25 13:39:23,007 - INFO - fastread - 117, 1450
2019-01-25 13:39:23,011 - INFO - fastread - 117, 1460
2019-01-25 13:39:23,016 - INFO - fastread - 117, 1470
2019-01-25 13:39:23,020 - INFO - fastread - 117, 1480
2019-01-25 13:39:23,025 - INFO - fastread - 117, 1490
2019-01-25 13:39:23,030 - INFO - fastread - 117, 1500
2019-01-25 13:39:23,035 - INFO - fastread - 117, 1510
2019-01-25 13:39:23,040 - INFO - fastread - 117, 1520
2019-01-25 13:39:23,046 - INFO - fastread - 117, 1530
2019-01-25 13:39:23,051 - INFO - fastread - 117, 1540
2019-01-25 13:39:23,056 - INFO - fastread - 117, 1550
2019-01-25 13:39:23,061 - INFO - fastread - 117, 1560
2019-01-25 13:39:23,066 - INFO - fastread - 117, 1570
2019-01-25 13:39:23,071 - INFO - fastread - 117, 1580
2019-01-25 13:39:23,077 - INFO - fastread - 117, 1590
2019-01-25 13:39:23,082 - INFO - fastread - 117, 1600
2019-01-25 13:39:23,087 - INFO - fastread - 117, 1610
2019-01-25 13:39:23,092 - INFO - fastread - 117, 1620
2019-01-25 13:39:23,098 - INFO - fastread - 117, 1630
2019-01-25 13:39:23,103 - INFO - fastread - 117, 1640
2019-01-25 13:39:23,108 - INFO - fastread - 117, 1650
2019-01-25 13:39:23,113 - INFO - fastread - 117, 1660
2019-01-25 13:39:23,118 - INFO - fastread - 118, 1670
2019-01-25 13:39:23,123 - INFO - fastread - 118, 1680
2019-01-25 13:39:23,128 - INFO - fastread - 118, 1690
2019-01-25 13:39:23,131 - INFO - fastread - 118, 1700
2019-01-25 13:39:23,135 - INFO - fastread - 118, 1710
2019-01-25 13:39:23,138 - INFO - fastread - 119, 1720
2019-01-25 13:39:23,143 - INFO - fastread - 119, 1730
2019-01-25 13:39:23,147 - INFO - fastread - 120, 1740
2019-01-25 13:39:23,150 - INFO - fastread - 120, 1750
2019-01-25 13:39:23,155 - INFO - fastread - 120, 1760
2019-01-25 13:39:23,160 - INFO - fastread - 120, 1770
2019-01-25 13:39:23,165 - INFO - fastread - 120, 1780
2019-01-25 13:39:23,170 - INFO - fastread - 120, 1790
2019-01-25 13:39:23,173 - INFO - fastread - 120, 1800
2019-01-25 13:39:23,177 - INFO - fastread - 120, 1810
2019-01-25 13:39:23,180 - INFO - fastread - 122, 1820
2019-01-25 13:39:23,183 - INFO - fastread - 123, 1830
2019-01-25 13:39:23,186 - INFO - fastread - 123, 1840
2019-01-25 13:39:23,190 - INFO - fastread - 123, 1850
2019-01-25 13:39:23,193 - INFO - fastread - 123, 1860
2019-01-25 13:39:23,196 - INFO - fastread - 123, 1870
2019-01-25 13:39:23,200 - INFO - fastread - 123, 1880
2019-01-25 13:39:23,203 - INFO - fastread - 123, 1890
2019-01-25 13:39:23,207 - INFO - fastread - 123, 1900
2019-01-25 13:39:23,210 - INFO - fastread - 123, 1910
2019-01-25 13:39:23,214 - INFO - fastread - 123, 1920
2019-01-25 13:39:23,217 - INFO - fastread - 123, 1930
2019-01-25 13:39:23,220 - INFO - fastread - 123, 1940
2019-01-25 13:39:23,224 - INFO - fastread - 123, 1950
2019-01-25 13:39:23,230 - INFO - fastread - 123, 1960
2019-01-25 13:39:23,233 - INFO - fastread - 123, 1970
2019-01-25 13:39:23,237 - INFO - fastread - 123, 1980
2019-01-25 13:39:23,240 - INFO - fastread - 123, 1990
2019-01-25 13:39:23,244 - INFO - fastread - 123, 2000
2019-01-25 13:39:23,247 - INFO - fastread - 123, 2010
2019-01-25 13:39:23,251 - INFO - fastread - 123, 2020
2019-01-25 13:39:23,256 - INFO - fastread - 123, 2030
2019-01-25 13:39:23,262 - INFO - fastread - 123, 2040
2019-01-25 13:39:23,268 - INFO - fastread - 123, 2050
2019-01-25 13:39:23,273 - INFO - fastread - 123, 2060
2019-01-25 13:39:23,278 - INFO - fastread - 123, 2070
2019-01-25 13:39:23,284 - INFO - fastread - 123, 2080
2019-01-25 13:39:23,289 - INFO - fastread - 123, 2090
2019-01-25 13:39:23,294 - INFO - fastread - 123, 2100
2019-01-25 13:39:23,300 - INFO - fastread - 123, 2110
2019-01-25 13:39:23,305 - INFO - fastread - 123, 2120
2019-01-25 13:39:23,311 - INFO - fastread - 123, 2130
2019-01-25 13:39:23,316 - INFO - fastread - 123, 2140
2019-01-25 13:39:23,320 - INFO - fastread - 124, 2150
2019-01-25 13:39:23,324 - INFO - fastread - 125, 2160
2019-01-25 13:39:23,338 - INFO - rig - ++++NEW CLF++++ DT
2019-01-25 13:39:23,338 - INFO - fastread - Total Yes: 131 | Total No: 3967
2019-01-25 13:39:37,155 - INFO - fastread - 8, 10
2019-01-25 13:39:37,157 - INFO - fastread - 12, 20
2019-01-25 13:39:37,160 - INFO - fastread - 17, 30
2019-01-25 13:39:37,163 - INFO - fastread - 24, 40
2019-01-25 13:39:37,166 - INFO - fastread - 28, 50
2019-01-25 13:39:37,170 - INFO - fastread - 33, 60
2019-01-25 13:39:37,176 - INFO - fastread - 38, 70
2019-01-25 13:39:37,180 - INFO - fastread - 42, 80
2019-01-25 13:39:37,184 - INFO - fastread - 49, 90
2019-01-25 13:39:37,187 - INFO - fastread - 52, 100
2019-01-25 13:39:37,189 - INFO - fastread - 58, 110
2019-01-25 13:39:37,192 - INFO - fastread - 63, 120
2019-01-25 13:39:37,196 - INFO - fastread - 68, 130
2019-01-25 13:39:37,199 - INFO - fastread - 68, 140
2019-01-25 13:39:37,202 - INFO - fastread - 68, 150
2019-01-25 13:39:37,205 - INFO - fastread - 68, 160
2019-01-25 13:39:37,208 - INFO - fastread - 68, 170
2019-01-25 13:39:37,211 - INFO - fastread - 68, 180
2019-01-25 13:39:37,214 - INFO - fastread - 68, 190
2019-01-25 13:39:37,218 - INFO - fastread - 68, 200
2019-01-25 13:39:37,222 - INFO - fastread - 68, 210
2019-01-25 13:39:37,226 - INFO - fastread - 68, 220
2019-01-25 13:39:37,229 - INFO - fastread - 68, 230
2019-01-25 13:39:37,234 - INFO - fastread - 68, 240
2019-01-25 13:39:37,238 - INFO - fastread - 68, 250
2019-01-25 13:39:37,242 - INFO - fastread - 69, 260
2019-01-25 13:39:37,247 - INFO - fastread - 69, 270
2019-01-25 13:39:37,251 - INFO - fastread - 69, 280
2019-01-25 13:39:37,254 - INFO - fastread - 69, 290
2019-01-25 13:39:37,256 - INFO - fastread - 69, 300
2019-01-25 13:39:37,260 - INFO - fastread - 69, 310
2019-01-25 13:39:37,264 - INFO - fastread - 69, 320
2019-01-25 13:39:37,267 - INFO - fastread - 69, 330
2019-01-25 13:39:37,270 - INFO - fastread - 69, 340
2019-01-25 13:39:37,275 - INFO - fastread - 69, 350
2019-01-25 13:39:37,278 - INFO - fastread - 69, 360
2019-01-25 13:39:37,283 - INFO - fastread - 69, 370
2019-01-25 13:39:37,288 - INFO - fastread - 69, 380
2019-01-25 13:39:37,292 - INFO - fastread - 69, 390
2019-01-25 13:39:37,297 - INFO - fastread - 69, 400
2019-01-25 13:39:37,302 - INFO - fastread - 70, 410
2019-01-25 13:39:37,306 - INFO - fastread - 70, 420
2019-01-25 13:39:37,310 - INFO - fastread - 71, 430
2019-01-25 13:39:37,312 - INFO - fastread - 71, 440
2019-01-25 13:39:37,315 - INFO - fastread - 72, 450
2019-01-25 13:39:37,319 - INFO - fastread - 72, 460
2019-01-25 13:39:37,324 - INFO - fastread - 72, 470
2019-01-25 13:39:37,328 - INFO - fastread - 72, 480
2019-01-25 13:39:37,330 - INFO - fastread - 72, 490
2019-01-25 13:39:37,333 - INFO - fastread - 72, 500
2019-01-25 13:39:37,336 - INFO - fastread - 72, 510
2019-01-25 13:39:37,340 - INFO - fastread - 72, 520
2019-01-25 13:39:37,343 - INFO - fastread - 72, 530
2019-01-25 13:39:37,345 - INFO - fastread - 72, 540
2019-01-25 13:39:37,348 - INFO - fastread - 72, 550
2019-01-25 13:39:37,351 - INFO - fastread - 72, 560
2019-01-25 13:39:37,354 - INFO - fastread - 72, 570
2019-01-25 13:39:37,357 - INFO - fastread - 73, 580
2019-01-25 13:39:37,361 - INFO - fastread - 73, 590
2019-01-25 13:39:37,363 - INFO - fastread - 73, 600
2019-01-25 13:39:37,366 - INFO - fastread - 73, 610
2019-01-25 13:39:37,369 - INFO - fastread - 73, 620
2019-01-25 13:39:37,372 - INFO - fastread - 73, 630
2019-01-25 13:39:37,375 - INFO - fastread - 73, 640
2019-01-25 13:39:37,379 - INFO - fastread - 73, 650
2019-01-25 13:39:37,384 - INFO - fastread - 73, 660
2019-01-25 13:39:37,389 - INFO - fastread - 73, 670
2019-01-25 13:39:37,393 - INFO - fastread - 73, 680
2019-01-25 13:39:37,396 - INFO - fastread - 73, 690
2019-01-25 13:39:37,400 - INFO - fastread - 73, 700
2019-01-25 13:39:37,403 - INFO - fastread - 73, 710
2019-01-25 13:39:37,408 - INFO - fastread - 73, 720
2019-01-25 13:39:37,413 - INFO - fastread - 73, 730
2019-01-25 13:39:37,417 - INFO - fastread - 73, 740
2019-01-25 13:39:37,422 - INFO - fastread - 73, 750
2019-01-25 13:39:37,426 - INFO - fastread - 73, 760
2019-01-25 13:39:37,429 - INFO - fastread - 73, 770
2019-01-25 13:39:37,434 - INFO - fastread - 73, 780
2019-01-25 13:39:37,437 - INFO - fastread - 73, 790
2019-01-25 13:39:37,440 - INFO - fastread - 73, 800
2019-01-25 13:39:37,443 - INFO - fastread - 73, 810
2019-01-25 13:39:37,446 - INFO - fastread - 73, 820
2019-01-25 13:39:37,449 - INFO - fastread - 73, 830
2019-01-25 13:39:37,452 - INFO - fastread - 73, 840
2019-01-25 13:39:37,455 - INFO - fastread - 73, 850
2019-01-25 13:39:37,458 - INFO - fastread - 73, 860
2019-01-25 13:39:37,461 - INFO - fastread - 73, 870
2019-01-25 13:39:37,466 - INFO - fastread - 73, 880
2019-01-25 13:39:37,470 - INFO - fastread - 73, 890
2019-01-25 13:39:37,475 - INFO - fastread - 73, 900
2019-01-25 13:39:37,480 - INFO - fastread - 73, 910
2019-01-25 13:39:37,485 - INFO - fastread - 73, 920
2019-01-25 13:39:37,490 - INFO - fastread - 73, 930
2019-01-25 13:39:37,493 - INFO - fastread - 73, 940
2019-01-25 13:39:37,497 - INFO - fastread - 73, 950
2019-01-25 13:39:37,500 - INFO - fastread - 73, 960
2019-01-25 13:39:37,503 - INFO - fastread - 73, 970
2019-01-25 13:39:37,506 - INFO - fastread - 73, 980
2019-01-25 13:39:37,510 - INFO - fastread - 73, 990
2019-01-25 13:39:37,515 - INFO - fastread - 74, 1000
2019-01-25 13:39:37,518 - INFO - fastread - 74, 1010
2019-01-25 13:39:37,521 - INFO - fastread - 74, 1020
2019-01-25 13:39:37,526 - INFO - fastread - 74, 1030
2019-01-25 13:39:37,529 - INFO - fastread - 75, 1040
2019-01-25 13:39:37,532 - INFO - fastread - 75, 1050
2019-01-25 13:39:37,535 - INFO - fastread - 75, 1060
2019-01-25 13:39:37,538 - INFO - fastread - 76, 1070
2019-01-25 13:39:37,541 - INFO - fastread - 76, 1080
2019-01-25 13:39:37,545 - INFO - fastread - 76, 1090
2019-01-25 13:39:37,548 - INFO - fastread - 77, 1100
2019-01-25 13:39:37,551 - INFO - fastread - 78, 1110
2019-01-25 13:39:37,554 - INFO - fastread - 78, 1120
2019-01-25 13:39:37,557 - INFO - fastread - 79, 1130
2019-01-25 13:39:37,561 - INFO - fastread - 79, 1140
2019-01-25 13:39:37,564 - INFO - fastread - 80, 1150
2019-01-25 13:39:37,567 - INFO - fastread - 80, 1160
2019-01-25 13:39:37,570 - INFO - fastread - 80, 1170
2019-01-25 13:39:37,573 - INFO - fastread - 80, 1180
2019-01-25 13:39:37,576 - INFO - fastread - 80, 1190
2019-01-25 13:39:37,579 - INFO - fastread - 80, 1200
2019-01-25 13:39:37,582 - INFO - fastread - 80, 1210
2019-01-25 13:39:37,585 - INFO - fastread - 81, 1220
2019-01-25 13:39:37,588 - INFO - fastread - 81, 1230
2019-01-25 13:39:37,591 - INFO - fastread - 81, 1240
2019-01-25 13:39:37,594 - INFO - fastread - 81, 1250
2019-01-25 13:39:37,599 - INFO - fastread - 81, 1260
2019-01-25 13:39:37,602 - INFO - fastread - 81, 1270
2019-01-25 13:39:37,608 - INFO - fastread - 81, 1280
2019-01-25 13:39:37,613 - INFO - fastread - 81, 1290
2019-01-25 13:39:37,618 - INFO - fastread - 81, 1300
2019-01-25 13:39:37,622 - INFO - fastread - 81, 1310
2019-01-25 13:39:37,627 - INFO - fastread - 81, 1320
2019-01-25 13:39:37,632 - INFO - fastread - 81, 1330
2019-01-25 13:39:37,637 - INFO - fastread - 81, 1340
2019-01-25 13:39:37,642 - INFO - fastread - 82, 1350
2019-01-25 13:39:37,647 - INFO - fastread - 82, 1360
2019-01-25 13:39:37,651 - INFO - fastread - 82, 1370
2019-01-25 13:39:37,654 - INFO - fastread - 82, 1380
2019-01-25 13:39:37,657 - INFO - fastread - 82, 1390
2019-01-25 13:39:37,662 - INFO - fastread - 83, 1400
2019-01-25 13:39:37,667 - INFO - fastread - 84, 1410
2019-01-25 13:39:37,672 - INFO - fastread - 84, 1420
2019-01-25 13:39:37,676 - INFO - fastread - 84, 1430
2019-01-25 13:39:37,681 - INFO - fastread - 84, 1440
2019-01-25 13:39:37,685 - INFO - fastread - 84, 1450
2019-01-25 13:39:37,690 - INFO - fastread - 84, 1460
2019-01-25 13:39:37,695 - INFO - fastread - 85, 1470
2019-01-25 13:39:37,699 - INFO - fastread - 85, 1480
2019-01-25 13:39:37,702 - INFO - fastread - 85, 1490
2019-01-25 13:39:37,705 - INFO - fastread - 85, 1500
2019-01-25 13:39:37,708 - INFO - fastread - 86, 1510
2019-01-25 13:39:37,711 - INFO - fastread - 86, 1520
2019-01-25 13:39:37,715 - INFO - fastread - 86, 1530
2019-01-25 13:39:37,718 - INFO - fastread - 86, 1540
2019-01-25 13:39:37,721 - INFO - fastread - 86, 1550
2019-01-25 13:39:37,724 - INFO - fastread - 86, 1560
2019-01-25 13:39:37,728 - INFO - fastread - 87, 1570
2019-01-25 13:39:37,733 - INFO - fastread - 87, 1580
2019-01-25 13:39:37,737 - INFO - fastread - 87, 1590
2019-01-25 13:39:37,742 - INFO - fastread - 87, 1600
2019-01-25 13:39:37,746 - INFO - fastread - 87, 1610
2019-01-25 13:39:37,751 - INFO - fastread - 89, 1620
2019-01-25 13:39:37,756 - INFO - fastread - 89, 1630
2019-01-25 13:39:37,760 - INFO - fastread - 90, 1640
2019-01-25 13:39:37,765 - INFO - fastread - 90, 1650
2019-01-25 13:39:37,769 - INFO - fastread - 90, 1660
2019-01-25 13:39:37,774 - INFO - fastread - 90, 1670
2019-01-25 13:39:37,778 - INFO - fastread - 90, 1680
2019-01-25 13:39:37,781 - INFO - fastread - 90, 1690
2019-01-25 13:39:37,784 - INFO - fastread - 91, 1700
2019-01-25 13:39:37,786 - INFO - fastread - 91, 1710
2019-01-25 13:39:37,789 - INFO - fastread - 91, 1720
2019-01-25 13:39:37,793 - INFO - fastread - 91, 1730
2019-01-25 13:39:37,797 - INFO - fastread - 91, 1740
2019-01-25 13:39:37,802 - INFO - fastread - 91, 1750
2019-01-25 13:39:37,807 - INFO - fastread - 91, 1760
2019-01-25 13:39:37,812 - INFO - fastread - 91, 1770
2019-01-25 13:39:37,816 - INFO - fastread - 91, 1780
2019-01-25 13:39:37,821 - INFO - fastread - 91, 1790
2019-01-25 13:39:37,825 - INFO - fastread - 91, 1800
2019-01-25 13:39:37,830 - INFO - fastread - 91, 1810
2019-01-25 13:39:37,834 - INFO - fastread - 91, 1820
2019-01-25 13:39:37,839 - INFO - fastread - 91, 1830
2019-01-25 13:39:37,843 - INFO - fastread - 91, 1840
2019-01-25 13:39:37,848 - INFO - fastread - 91, 1850
2019-01-25 13:39:37,852 - INFO - fastread - 91, 1860
2019-01-25 13:39:37,857 - INFO - fastread - 91, 1870
2019-01-25 13:39:37,862 - INFO - fastread - 92, 1880
2019-01-25 13:39:37,866 - INFO - fastread - 92, 1890
2019-01-25 13:39:37,871 - INFO - fastread - 92, 1900
2019-01-25 13:39:37,875 - INFO - fastread - 92, 1910
2019-01-25 13:39:37,880 - INFO - fastread - 92, 1920
2019-01-25 13:39:37,885 - INFO - fastread - 92, 1930
2019-01-25 13:39:37,888 - INFO - fastread - 92, 1940
2019-01-25 13:39:37,891 - INFO - fastread - 92, 1950
2019-01-25 13:39:37,895 - INFO - fastread - 92, 1960
2019-01-25 13:39:37,900 - INFO - fastread - 92, 1970
2019-01-25 13:39:37,905 - INFO - fastread - 93, 1980
2019-01-25 13:39:37,908 - INFO - fastread - 93, 1990
2019-01-25 13:39:37,913 - INFO - fastread - 93, 2000
2019-01-25 13:39:37,918 - INFO - fastread - 94, 2010
2019-01-25 13:39:37,923 - INFO - fastread - 94, 2020
2019-01-25 13:39:37,927 - INFO - fastread - 94, 2030
2019-01-25 13:39:37,932 - INFO - fastread - 95, 2040
2019-01-25 13:39:37,936 - INFO - fastread - 95, 2050
2019-01-25 13:39:37,941 - INFO - fastread - 95, 2060
2019-01-25 13:39:37,945 - INFO - fastread - 95, 2070
2019-01-25 13:39:37,948 - INFO - fastread - 95, 2080
2019-01-25 13:39:37,953 - INFO - fastread - 95, 2090
2019-01-25 13:39:37,957 - INFO - fastread - 95, 2100
2019-01-25 13:39:37,962 - INFO - fastread - 95, 2110
2019-01-25 13:39:37,967 - INFO - fastread - 95, 2120
2019-01-25 13:39:37,971 - INFO - fastread - 95, 2130
2019-01-25 13:39:37,974 - INFO - fastread - 96, 2140
2019-01-25 13:39:37,976 - INFO - fastread - 96, 2150
2019-01-25 13:39:37,979 - INFO - fastread - 96, 2160
2019-01-25 13:39:37,983 - INFO - fastread - 96, 2170
2019-01-25 13:39:37,986 - INFO - fastread - 96, 2180
2019-01-25 13:39:37,989 - INFO - fastread - 96, 2190
2019-01-25 13:39:37,993 - INFO - fastread - 96, 2200
2019-01-25 13:39:37,996 - INFO - fastread - 96, 2210
2019-01-25 13:39:38,001 - INFO - fastread - 96, 2220
2019-01-25 13:39:38,004 - INFO - fastread - 97, 2230
2019-01-25 13:39:38,007 - INFO - fastread - 97, 2240
2019-01-25 13:39:38,010 - INFO - fastread - 98, 2250
2019-01-25 13:39:38,015 - INFO - fastread - 98, 2260
2019-01-25 13:39:38,020 - INFO - fastread - 98, 2270
2019-01-25 13:39:38,025 - INFO - fastread - 99, 2280
2019-01-25 13:39:38,028 - INFO - fastread - 100, 2290
2019-01-25 13:39:38,031 - INFO - fastread - 100, 2300
2019-01-25 13:39:38,034 - INFO - fastread - 100, 2310
2019-01-25 13:39:38,038 - INFO - fastread - 100, 2320
2019-01-25 13:39:38,043 - INFO - fastread - 100, 2330
2019-01-25 13:39:38,048 - INFO - fastread - 100, 2340
2019-01-25 13:39:38,054 - INFO - fastread - 100, 2350
2019-01-25 13:39:38,059 - INFO - fastread - 100, 2360
2019-01-25 13:39:38,064 - INFO - fastread - 100, 2370
2019-01-25 13:39:38,068 - INFO - fastread - 100, 2380
2019-01-25 13:39:38,071 - INFO - fastread - 100, 2390
2019-01-25 13:39:38,075 - INFO - fastread - 100, 2400
2019-01-25 13:39:38,080 - INFO - fastread - 100, 2410
2019-01-25 13:39:38,083 - INFO - fastread - 100, 2420
2019-01-25 13:39:38,087 - INFO - fastread - 101, 2430
2019-01-25 13:39:38,091 - INFO - fastread - 101, 2440
2019-01-25 13:39:38,096 - INFO - fastread - 101, 2450
2019-01-25 13:39:38,101 - INFO - fastread - 101, 2460
2019-01-25 13:39:38,105 - INFO - fastread - 101, 2470
2019-01-25 13:39:38,108 - INFO - fastread - 101, 2480
2019-01-25 13:39:38,111 - INFO - fastread - 101, 2490
2019-01-25 13:39:38,114 - INFO - fastread - 101, 2500
2019-01-25 13:39:38,117 - INFO - fastread - 102, 2510
2019-01-25 13:39:38,121 - INFO - fastread - 102, 2520
2019-01-25 13:39:38,124 - INFO - fastread - 102, 2530
2019-01-25 13:39:38,129 - INFO - fastread - 102, 2540
2019-01-25 13:39:38,133 - INFO - fastread - 102, 2550
2019-01-25 13:39:38,137 - INFO - fastread - 104, 2560
2019-01-25 13:39:38,140 - INFO - fastread - 104, 2570
2019-01-25 13:39:38,143 - INFO - fastread - 104, 2580
2019-01-25 13:39:38,147 - INFO - fastread - 104, 2590
2019-01-25 13:39:38,150 - INFO - fastread - 104, 2600
2019-01-25 13:39:38,153 - INFO - fastread - 104, 2610
2019-01-25 13:39:38,157 - INFO - fastread - 104, 2620
2019-01-25 13:39:38,161 - INFO - fastread - 104, 2630
2019-01-25 13:39:38,166 - INFO - fastread - 104, 2640
2019-01-25 13:39:38,170 - INFO - fastread - 104, 2650
2019-01-25 13:39:38,175 - INFO - fastread - 104, 2660
2019-01-25 13:39:38,178 - INFO - fastread - 104, 2670
2019-01-25 13:39:38,181 - INFO - fastread - 105, 2680
2019-01-25 13:39:38,186 - INFO - fastread - 106, 2690
2019-01-25 13:39:38,189 - INFO - fastread - 106, 2700
2019-01-25 13:39:38,192 - INFO - fastread - 106, 2710
2019-01-25 13:39:38,197 - INFO - fastread - 106, 2720
2019-01-25 13:39:38,202 - INFO - fastread - 107, 2730
2019-01-25 13:39:38,206 - INFO - fastread - 108, 2740
2019-01-25 13:39:38,211 - INFO - fastread - 109, 2750
2019-01-25 13:39:38,216 - INFO - fastread - 109, 2760
2019-01-25 13:39:38,221 - INFO - fastread - 109, 2770
2019-01-25 13:39:38,226 - INFO - fastread - 109, 2780
2019-01-25 13:39:38,231 - INFO - fastread - 109, 2790
2019-01-25 13:39:38,236 - INFO - fastread - 110, 2800
2019-01-25 13:39:38,240 - INFO - fastread - 110, 2810
2019-01-25 13:39:38,245 - INFO - fastread - 110, 2820
2019-01-25 13:39:38,250 - INFO - fastread - 111, 2830
2019-01-25 13:39:38,255 - INFO - fastread - 111, 2840
2019-01-25 13:39:38,259 - INFO - fastread - 111, 2850
2019-01-25 13:39:38,264 - INFO - fastread - 112, 2860
2019-01-25 13:39:38,269 - INFO - fastread - 112, 2870
2019-01-25 13:39:38,272 - INFO - fastread - 112, 2880
2019-01-25 13:39:38,275 - INFO - fastread - 112, 2890
2019-01-25 13:39:38,280 - INFO - fastread - 112, 2900
2019-01-25 13:39:38,285 - INFO - fastread - 113, 2910
2019-01-25 13:39:38,290 - INFO - fastread - 113, 2920
2019-01-25 13:39:38,295 - INFO - fastread - 113, 2930
2019-01-25 13:39:38,300 - INFO - fastread - 114, 2940
2019-01-25 13:39:38,305 - INFO - fastread - 114, 2950
2019-01-25 13:39:38,310 - INFO - fastread - 114, 2960
2019-01-25 13:39:38,315 - INFO - fastread - 114, 2970
2019-01-25 13:39:38,318 - INFO - fastread - 114, 2980
2019-01-25 13:39:38,322 - INFO - fastread - 114, 2990
2019-01-25 13:39:38,326 - INFO - fastread - 114, 3000
2019-01-25 13:39:38,331 - INFO - fastread - 114, 3010
2019-01-25 13:39:38,334 - INFO - fastread - 114, 3020
2019-01-25 13:39:38,337 - INFO - fastread - 114, 3030
2019-01-25 13:39:38,341 - INFO - fastread - 114, 3040
2019-01-25 13:39:38,347 - INFO - fastread - 114, 3050
2019-01-25 13:39:38,350 - INFO - fastread - 115, 3060
2019-01-25 13:39:38,355 - INFO - fastread - 115, 3070
2019-01-25 13:39:38,360 - INFO - fastread - 115, 3080
2019-01-25 13:39:38,364 - INFO - fastread - 115, 3090
2019-01-25 13:39:38,369 - INFO - fastread - 115, 3100
2019-01-25 13:39:38,374 - INFO - fastread - 115, 3110
2019-01-25 13:39:38,379 - INFO - fastread - 115, 3120
2019-01-25 13:39:38,383 - INFO - fastread - 116, 3130
2019-01-25 13:39:38,388 - INFO - fastread - 116, 3140
2019-01-25 13:39:38,392 - INFO - fastread - 116, 3150
2019-01-25 13:39:38,397 - INFO - fastread - 116, 3160
2019-01-25 13:39:38,402 - INFO - fastread - 116, 3170
2019-01-25 13:39:38,407 - INFO - fastread - 116, 3180
2019-01-25 13:39:38,412 - INFO - fastread - 116, 3190
2019-01-25 13:39:38,417 - INFO - fastread - 116, 3200
2019-01-25 13:39:38,421 - INFO - fastread - 117, 3210
2019-01-25 13:39:38,426 - INFO - fastread - 117, 3220
2019-01-25 13:39:38,431 - INFO - fastread - 117, 3230
2019-01-25 13:39:38,435 - INFO - fastread - 117, 3240
2019-01-25 13:39:38,440 - INFO - fastread - 118, 3250
2019-01-25 13:39:38,445 - INFO - fastread - 119, 3260
2019-01-25 13:39:38,451 - INFO - fastread - 119, 3270
2019-01-25 13:39:38,456 - INFO - fastread - 120, 3280
2019-01-25 13:39:38,462 - INFO - fastread - 120, 3290
2019-01-25 13:39:38,467 - INFO - fastread - 121, 3300
2019-01-25 13:39:38,473 - INFO - fastread - 121, 3310
2019-01-25 13:39:38,478 - INFO - fastread - 121, 3320
2019-01-25 13:39:38,483 - INFO - fastread - 121, 3330
2019-01-25 13:39:38,488 - INFO - fastread - 121, 3340
2019-01-25 13:39:38,494 - INFO - fastread - 122, 3350
2019-01-25 13:39:38,499 - INFO - fastread - 122, 3360
2019-01-25 13:39:38,503 - INFO - fastread - 122, 3370
2019-01-25 13:39:38,508 - INFO - fastread - 122, 3380
2019-01-25 13:39:38,513 - INFO - fastread - 123, 3390
2019-01-25 13:39:38,518 - INFO - fastread - 123, 3400
2019-01-25 13:39:38,523 - INFO - fastread - 123, 3410
2019-01-25 13:39:38,528 - INFO - fastread - 123, 3420
2019-01-25 13:39:38,534 - INFO - fastread - 123, 3430
2019-01-25 13:39:38,539 - INFO - fastread - 124, 3440
2019-01-25 13:39:38,543 - INFO - fastread - 124, 3450
2019-01-25 13:39:38,546 - INFO - fastread - 124, 3460
2019-01-25 13:39:38,549 - INFO - fastread - 124, 3470
2019-01-25 13:39:38,553 - INFO - fastread - 124, 3480
2019-01-25 13:39:38,556 - INFO - fastread - 124, 3490
2019-01-25 13:39:38,561 - INFO - fastread - 124, 3500
2019-01-25 13:39:38,564 - INFO - fastread - 125, 3510
