2019-01-25 13:22:02,063 - INFO - rig - columba-1.4-src
2019-01-25 13:22:09,190 - INFO - rig - ++++NEW CLF++++ FASTREAD
2019-01-25 13:22:09,191 - INFO - fastread - Total Yes: 204 | Total No: 6264
2019-01-25 13:22:09,612 - INFO - fastread - 0, 0
2019-01-25 13:22:11,240 - INFO - fastread - 1, 10
2019-01-25 13:22:12,693 - INFO - fastread - 1, 20
2019-01-25 13:22:14,111 - INFO - fastread - 1, 30
2019-01-25 13:22:15,763 - INFO - fastread - 2, 39
2019-01-25 13:22:17,216 - INFO - fastread - 3, 49
2019-01-25 13:22:19,328 - INFO - fastread - 4, 59
2019-01-25 13:22:21,197 - INFO - fastread - 4, 69
2019-01-25 13:22:22,742 - INFO - fastread - 5, 79
2019-01-25 13:22:24,355 - INFO - fastread - 5, 89
2019-01-25 13:22:26,016 - INFO - fastread - 8, 99
2019-01-25 13:22:27,726 - INFO - fastread - 18, 109
2019-01-25 13:22:29,549 - INFO - fastread - 22, 119
2019-01-25 13:22:30,952 - INFO - fastread - 28, 129
2019-01-25 13:22:32,286 - INFO - fastread - 38, 139
2019-01-25 13:22:33,632 - INFO - fastread - 48, 149
2019-01-25 13:22:34,976 - INFO - fastread - 58, 159
2019-01-25 13:22:36,310 - INFO - fastread - 68, 169
2019-01-25 13:22:37,766 - INFO - fastread - 77, 179
2019-01-25 13:22:39,311 - INFO - fastread - 87, 189
2019-01-25 13:22:40,695 - INFO - fastread - 97, 199
2019-01-25 13:22:41,999 - INFO - fastread - 103, 209
2019-01-25 13:22:43,442 - INFO - fastread - 110, 219
2019-01-25 13:22:44,849 - INFO - fastread - 120, 229
2019-01-25 13:22:46,391 - INFO - fastread - 129, 239
2019-01-25 13:22:48,295 - INFO - fastread - 138, 249
2019-01-25 13:22:49,984 - INFO - fastread - 148, 259
2019-01-25 13:22:51,571 - INFO - fastread - 148, 269
2019-01-25 13:22:53,138 - INFO - fastread - 155, 279
2019-01-25 13:22:54,795 - INFO - fastread - 162, 289
2019-01-25 13:22:56,451 - INFO - fastread - 167, 299
2019-01-25 13:22:58,224 - INFO - fastread - 169, 309
2019-01-25 13:22:59,699 - INFO - fastread - 173, 319
2019-01-25 13:23:01,249 - INFO - fastread - 174, 329
2019-01-25 13:23:02,806 - INFO - fastread - 174, 339
2019-01-25 13:23:04,323 - INFO - fastread - 176, 349
2019-01-25 13:23:05,907 - INFO - fastread - 178, 359
2019-01-25 13:23:07,616 - INFO - fastread - 180, 369
2019-01-25 13:23:09,144 - INFO - fastread - 181, 379
2019-01-25 13:23:11,020 - INFO - fastread - 181, 389
2019-01-25 13:23:12,940 - INFO - fastread - 182, 399
2019-01-25 13:23:14,947 - INFO - fastread - 184, 409
2019-01-25 13:23:16,738 - INFO - fastread - 185, 419
2019-01-25 13:23:18,388 - INFO - fastread - 185, 429
2019-01-25 13:23:20,046 - INFO - fastread - 185, 439
2019-01-25 13:23:22,033 - INFO - fastread - 185, 449
2019-01-25 13:23:23,832 - INFO - fastread - 185, 459
2019-01-25 13:23:25,406 - INFO - fastread - 185, 469
2019-01-25 13:23:26,907 - INFO - fastread - 185, 479
2019-01-25 13:23:28,401 - INFO - fastread - 186, 489
2019-01-25 13:23:30,035 - INFO - fastread - 187, 499
2019-01-25 13:23:31,637 - INFO - fastread - 187, 509
2019-01-25 13:23:33,346 - INFO - fastread - 187, 519
2019-01-25 13:23:34,772 - INFO - fastread - 187, 529
2019-01-25 13:23:36,311 - INFO - fastread - 187, 539
2019-01-25 13:23:37,831 - INFO - fastread - 188, 549
2019-01-25 13:23:39,332 - INFO - fastread - 189, 559
2019-01-25 13:23:40,963 - INFO - fastread - 189, 569
2019-01-25 13:23:42,609 - INFO - fastread - 189, 579
2019-01-25 13:23:44,082 - INFO - fastread - 189, 589
2019-01-25 13:23:45,572 - INFO - fastread - 189, 599
2019-01-25 13:23:47,107 - INFO - fastread - 189, 609
2019-01-25 13:23:48,780 - INFO - fastread - 189, 619
2019-01-25 13:23:50,351 - INFO - fastread - 190, 629
2019-01-25 13:23:52,002 - INFO - fastread - 191, 639
2019-01-25 13:23:53,548 - INFO - fastread - 191, 649
2019-01-25 13:23:55,073 - INFO - fastread - 191, 659
2019-01-25 13:23:56,659 - INFO - fastread - 191, 669
2019-01-25 13:23:58,187 - INFO - fastread - 192, 679
2019-01-25 13:23:59,730 - INFO - fastread - 193, 689
2019-01-25 13:24:00,314 - INFO - rig - ++++NEW CLF++++ NBM
2019-01-25 13:24:00,314 - INFO - fastread - Total Yes: 204 | Total No: 6264
2019-01-25 13:24:00,407 - INFO - fastread - 7, 10
2019-01-25 13:24:00,411 - INFO - fastread - 12, 20
2019-01-25 13:24:00,415 - INFO - fastread - 21, 30
2019-01-25 13:24:00,419 - INFO - fastread - 31, 40
2019-01-25 13:24:00,424 - INFO - fastread - 40, 50
2019-01-25 13:24:00,429 - INFO - fastread - 49, 60
2019-01-25 13:24:00,435 - INFO - fastread - 54, 70
2019-01-25 13:24:00,441 - INFO - fastread - 59, 80
2019-01-25 13:24:00,446 - INFO - fastread - 63, 90
2019-01-25 13:24:00,451 - INFO - fastread - 70, 100
2019-01-25 13:24:00,457 - INFO - fastread - 73, 110
2019-01-25 13:24:00,461 - INFO - fastread - 75, 120
2019-01-25 13:24:00,468 - INFO - fastread - 77, 130
2019-01-25 13:24:00,474 - INFO - fastread - 80, 140
2019-01-25 13:24:00,480 - INFO - fastread - 83, 150
2019-01-25 13:24:00,485 - INFO - fastread - 87, 160
2019-01-25 13:24:00,490 - INFO - fastread - 91, 170
2019-01-25 13:24:00,495 - INFO - fastread - 92, 180
2019-01-25 13:24:00,499 - INFO - fastread - 93, 190
2019-01-25 13:24:00,502 - INFO - fastread - 97, 200
2019-01-25 13:24:00,505 - INFO - fastread - 100, 210
2019-01-25 13:24:00,508 - INFO - fastread - 100, 220
2019-01-25 13:24:00,513 - INFO - fastread - 100, 230
2019-01-25 13:24:00,517 - INFO - fastread - 101, 240
2019-01-25 13:24:00,521 - INFO - fastread - 101, 250
2019-01-25 13:24:00,527 - INFO - fastread - 103, 260
2019-01-25 13:24:00,534 - INFO - fastread - 105, 270
2019-01-25 13:24:00,539 - INFO - fastread - 105, 280
2019-01-25 13:24:00,542 - INFO - fastread - 108, 290
2019-01-25 13:24:00,548 - INFO - fastread - 108, 300
2019-01-25 13:24:00,554 - INFO - fastread - 109, 310
2019-01-25 13:24:00,560 - INFO - fastread - 109, 320
2019-01-25 13:24:00,567 - INFO - fastread - 110, 330
2019-01-25 13:24:00,574 - INFO - fastread - 113, 340
2019-01-25 13:24:00,581 - INFO - fastread - 118, 350
2019-01-25 13:24:00,587 - INFO - fastread - 121, 360
2019-01-25 13:24:00,593 - INFO - fastread - 122, 370
2019-01-25 13:24:00,599 - INFO - fastread - 123, 380
2019-01-25 13:24:00,605 - INFO - fastread - 123, 390
2019-01-25 13:24:00,611 - INFO - fastread - 123, 400
2019-01-25 13:24:00,619 - INFO - fastread - 124, 410
2019-01-25 13:24:00,622 - INFO - fastread - 124, 420
2019-01-25 13:24:00,627 - INFO - fastread - 124, 430
2019-01-25 13:24:00,634 - INFO - fastread - 125, 440
2019-01-25 13:24:00,639 - INFO - fastread - 126, 450
2019-01-25 13:24:00,644 - INFO - fastread - 127, 460
2019-01-25 13:24:00,650 - INFO - fastread - 130, 470
2019-01-25 13:24:00,654 - INFO - fastread - 131, 480
2019-01-25 13:24:00,657 - INFO - fastread - 131, 490
2019-01-25 13:24:00,661 - INFO - fastread - 133, 500
2019-01-25 13:24:00,665 - INFO - fastread - 134, 510
2019-01-25 13:24:00,668 - INFO - fastread - 135, 520
2019-01-25 13:24:00,673 - INFO - fastread - 136, 530
2019-01-25 13:24:00,678 - INFO - fastread - 136, 540
2019-01-25 13:24:00,683 - INFO - fastread - 137, 550
2019-01-25 13:24:00,686 - INFO - fastread - 137, 560
2019-01-25 13:24:00,689 - INFO - fastread - 137, 570
2019-01-25 13:24:00,695 - INFO - fastread - 138, 580
2019-01-25 13:24:00,701 - INFO - fastread - 139, 590
2019-01-25 13:24:00,707 - INFO - fastread - 139, 600
2019-01-25 13:24:00,713 - INFO - fastread - 141, 610
2019-01-25 13:24:00,718 - INFO - fastread - 142, 620
2019-01-25 13:24:00,725 - INFO - fastread - 142, 630
2019-01-25 13:24:00,731 - INFO - fastread - 142, 640
2019-01-25 13:24:00,735 - INFO - fastread - 142, 650
2019-01-25 13:24:00,769 - INFO - fastread - 142, 660
2019-01-25 13:24:00,775 - INFO - fastread - 142, 670
2019-01-25 13:24:00,784 - INFO - fastread - 142, 680
2019-01-25 13:24:00,792 - INFO - fastread - 142, 690
2019-01-25 13:24:00,801 - INFO - fastread - 142, 700
2019-01-25 13:24:00,808 - INFO - fastread - 142, 710
2019-01-25 13:24:00,815 - INFO - fastread - 142, 720
2019-01-25 13:24:00,822 - INFO - fastread - 142, 730
2019-01-25 13:24:00,829 - INFO - fastread - 142, 740
2019-01-25 13:24:00,837 - INFO - fastread - 142, 750
2019-01-25 13:24:00,845 - INFO - fastread - 142, 760
2019-01-25 13:24:00,853 - INFO - fastread - 142, 770
2019-01-25 13:24:00,860 - INFO - fastread - 142, 780
2019-01-25 13:24:00,867 - INFO - fastread - 142, 790
2019-01-25 13:24:00,874 - INFO - fastread - 142, 800
2019-01-25 13:24:00,882 - INFO - fastread - 142, 810
2019-01-25 13:24:00,889 - INFO - fastread - 142, 820
2019-01-25 13:24:00,893 - INFO - fastread - 143, 830
2019-01-25 13:24:00,900 - INFO - fastread - 143, 840
2019-01-25 13:24:00,907 - INFO - fastread - 143, 850
2019-01-25 13:24:00,914 - INFO - fastread - 143, 860
2019-01-25 13:24:00,918 - INFO - fastread - 143, 870
2019-01-25 13:24:00,924 - INFO - fastread - 144, 880
2019-01-25 13:24:00,931 - INFO - fastread - 144, 890
2019-01-25 13:24:00,938 - INFO - fastread - 144, 900
2019-01-25 13:24:00,942 - INFO - fastread - 145, 910
2019-01-25 13:24:00,948 - INFO - fastread - 145, 920
2019-01-25 13:24:00,955 - INFO - fastread - 146, 930
2019-01-25 13:24:00,963 - INFO - fastread - 147, 940
2019-01-25 13:24:00,969 - INFO - fastread - 147, 950
2019-01-25 13:24:00,976 - INFO - fastread - 149, 960
2019-01-25 13:24:00,986 - INFO - fastread - 149, 970
2019-01-25 13:24:00,992 - INFO - fastread - 151, 980
2019-01-25 13:24:01,001 - INFO - fastread - 151, 990
2019-01-25 13:24:01,008 - INFO - fastread - 151, 1000
2019-01-25 13:24:01,016 - INFO - fastread - 151, 1010
2019-01-25 13:24:01,021 - INFO - fastread - 152, 1020
2019-01-25 13:24:01,027 - INFO - fastread - 152, 1030
2019-01-25 13:24:01,037 - INFO - fastread - 152, 1040
2019-01-25 13:24:01,043 - INFO - fastread - 153, 1050
2019-01-25 13:24:01,053 - INFO - fastread - 153, 1060
2019-01-25 13:24:01,059 - INFO - fastread - 154, 1070
2019-01-25 13:24:01,066 - INFO - fastread - 155, 1080
2019-01-25 13:24:01,069 - INFO - fastread - 156, 1090
2019-01-25 13:24:01,073 - INFO - fastread - 156, 1100
2019-01-25 13:24:01,081 - INFO - fastread - 156, 1110
2019-01-25 13:24:01,089 - INFO - fastread - 156, 1120
2019-01-25 13:24:01,095 - INFO - fastread - 156, 1130
2019-01-25 13:24:01,102 - INFO - fastread - 156, 1140
2019-01-25 13:24:01,108 - INFO - fastread - 157, 1150
2019-01-25 13:24:01,115 - INFO - fastread - 158, 1160
2019-01-25 13:24:01,121 - INFO - fastread - 158, 1170
2019-01-25 13:24:01,127 - INFO - fastread - 158, 1180
2019-01-25 13:24:01,134 - INFO - fastread - 158, 1190
2019-01-25 13:24:01,140 - INFO - fastread - 158, 1200
2019-01-25 13:24:01,148 - INFO - fastread - 159, 1210
2019-01-25 13:24:01,156 - INFO - fastread - 159, 1220
2019-01-25 13:24:01,162 - INFO - fastread - 160, 1230
2019-01-25 13:24:01,166 - INFO - fastread - 160, 1240
2019-01-25 13:24:01,172 - INFO - fastread - 161, 1250
2019-01-25 13:24:01,175 - INFO - fastread - 162, 1260
2019-01-25 13:24:01,183 - INFO - fastread - 162, 1270
2019-01-25 13:24:01,189 - INFO - fastread - 165, 1280
2019-01-25 13:24:01,197 - INFO - fastread - 165, 1290
2019-01-25 13:24:01,203 - INFO - fastread - 165, 1300
2019-01-25 13:24:01,209 - INFO - fastread - 165, 1310
2019-01-25 13:24:01,218 - INFO - fastread - 166, 1320
2019-01-25 13:24:01,224 - INFO - fastread - 166, 1330
2019-01-25 13:24:01,229 - INFO - fastread - 167, 1340
2019-01-25 13:24:01,236 - INFO - fastread - 167, 1350
2019-01-25 13:24:01,240 - INFO - fastread - 167, 1360
2019-01-25 13:24:01,247 - INFO - fastread - 169, 1370
2019-01-25 13:24:01,253 - INFO - fastread - 169, 1380
2019-01-25 13:24:01,259 - INFO - fastread - 170, 1390
2019-01-25 13:24:01,269 - INFO - fastread - 171, 1400
2019-01-25 13:24:01,275 - INFO - fastread - 171, 1410
2019-01-25 13:24:01,288 - INFO - fastread - 171, 1420
2019-01-25 13:24:01,296 - INFO - fastread - 171, 1430
2019-01-25 13:24:01,303 - INFO - fastread - 173, 1440
2019-01-25 13:24:01,308 - INFO - fastread - 173, 1450
2019-01-25 13:24:01,317 - INFO - fastread - 173, 1460
2019-01-25 13:24:01,322 - INFO - fastread - 173, 1470
2019-01-25 13:24:01,328 - INFO - fastread - 173, 1480
2019-01-25 13:24:01,338 - INFO - fastread - 173, 1490
2019-01-25 13:24:01,345 - INFO - fastread - 174, 1500
2019-01-25 13:24:01,354 - INFO - fastread - 174, 1510
2019-01-25 13:24:01,363 - INFO - fastread - 174, 1520
2019-01-25 13:24:01,371 - INFO - fastread - 174, 1530
2019-01-25 13:24:01,376 - INFO - fastread - 174, 1540
2019-01-25 13:24:01,385 - INFO - fastread - 174, 1550
2019-01-25 13:24:01,391 - INFO - fastread - 174, 1560
2019-01-25 13:24:01,398 - INFO - fastread - 175, 1570
2019-01-25 13:24:01,403 - INFO - fastread - 175, 1580
2019-01-25 13:24:01,409 - INFO - fastread - 175, 1590
2019-01-25 13:24:01,418 - INFO - fastread - 177, 1600
2019-01-25 13:24:01,424 - INFO - fastread - 177, 1610
2019-01-25 13:24:01,429 - INFO - fastread - 177, 1620
2019-01-25 13:24:01,435 - INFO - fastread - 177, 1630
2019-01-25 13:24:01,442 - INFO - fastread - 177, 1640
2019-01-25 13:24:01,449 - INFO - fastread - 177, 1650
2019-01-25 13:24:01,456 - INFO - fastread - 177, 1660
2019-01-25 13:24:01,465 - INFO - fastread - 177, 1670
2019-01-25 13:24:01,473 - INFO - fastread - 177, 1680
2019-01-25 13:24:01,480 - INFO - fastread - 177, 1690
2019-01-25 13:24:01,488 - INFO - fastread - 177, 1700
2019-01-25 13:24:01,495 - INFO - fastread - 177, 1710
2019-01-25 13:24:01,502 - INFO - fastread - 177, 1720
2019-01-25 13:24:01,504 - INFO - fastread - 177, 1730
2019-01-25 13:24:01,514 - INFO - fastread - 177, 1740
2019-01-25 13:24:01,522 - INFO - fastread - 178, 1750
2019-01-25 13:24:01,524 - INFO - fastread - 178, 1760
2019-01-25 13:24:01,534 - INFO - fastread - 178, 1770
2019-01-25 13:24:01,534 - INFO - fastread - 178, 1780
2019-01-25 13:24:01,545 - INFO - fastread - 180, 1790
2019-01-25 13:24:01,547 - INFO - fastread - 180, 1800
2019-01-25 13:24:01,552 - INFO - fastread - 180, 1810
2019-01-25 13:24:01,554 - INFO - fastread - 182, 1820
2019-01-25 13:24:01,554 - INFO - fastread - 182, 1830
2019-01-25 13:24:01,563 - INFO - fastread - 182, 1840
2019-01-25 13:24:01,565 - INFO - fastread - 182, 1850
2019-01-25 13:24:01,575 - INFO - fastread - 182, 1860
2019-01-25 13:24:01,575 - INFO - fastread - 182, 1870
2019-01-25 13:24:01,585 - INFO - fastread - 183, 1880
2019-01-25 13:24:01,595 - INFO - fastread - 184, 1890
2019-01-25 13:24:01,595 - INFO - fastread - 184, 1900
2019-01-25 13:24:01,605 - INFO - fastread - 184, 1910
2019-01-25 13:24:01,615 - INFO - fastread - 184, 1920
2019-01-25 13:24:01,615 - INFO - fastread - 184, 1930
2019-01-25 13:24:01,623 - INFO - fastread - 184, 1940
2019-01-25 13:24:01,625 - INFO - fastread - 185, 1950
2019-01-25 13:24:01,625 - INFO - fastread - 185, 1960
2019-01-25 13:24:01,633 - INFO - fastread - 185, 1970
2019-01-25 13:24:01,635 - INFO - fastread - 185, 1980
2019-01-25 13:24:01,635 - INFO - fastread - 185, 1990
2019-01-25 13:24:01,645 - INFO - fastread - 185, 2000
2019-01-25 13:24:01,645 - INFO - fastread - 185, 2010
2019-01-25 13:24:01,653 - INFO - fastread - 185, 2020
2019-01-25 13:24:01,655 - INFO - fastread - 185, 2030
2019-01-25 13:24:01,655 - INFO - fastread - 185, 2040
2019-01-25 13:24:01,666 - INFO - fastread - 185, 2050
2019-01-25 13:24:01,670 - INFO - fastread - 185, 2060
2019-01-25 13:24:01,674 - INFO - fastread - 185, 2070
2019-01-25 13:24:01,676 - INFO - fastread - 185, 2080
2019-01-25 13:24:01,676 - INFO - fastread - 186, 2090
2019-01-25 13:24:01,684 - INFO - fastread - 186, 2100
2019-01-25 13:24:01,686 - INFO - fastread - 186, 2110
2019-01-25 13:24:01,696 - INFO - fastread - 186, 2120
2019-01-25 13:24:01,696 - INFO - fastread - 186, 2130
2019-01-25 13:24:01,706 - INFO - fastread - 186, 2140
2019-01-25 13:24:01,714 - INFO - fastread - 186, 2150
2019-01-25 13:24:01,716 - INFO - fastread - 186, 2160
2019-01-25 13:24:01,726 - INFO - fastread - 186, 2170
2019-01-25 13:24:01,726 - INFO - fastread - 186, 2180
2019-01-25 13:24:01,726 - INFO - fastread - 186, 2190
2019-01-25 13:24:01,736 - INFO - fastread - 186, 2200
2019-01-25 13:24:01,736 - INFO - fastread - 186, 2210
2019-01-25 13:24:01,744 - INFO - fastread - 186, 2220
2019-01-25 13:24:01,747 - INFO - fastread - 186, 2230
2019-01-25 13:24:01,755 - INFO - fastread - 186, 2240
2019-01-25 13:24:01,757 - INFO - fastread - 187, 2250
2019-01-25 13:24:01,767 - INFO - fastread - 187, 2260
2019-01-25 13:24:01,767 - INFO - fastread - 187, 2270
2019-01-25 13:24:01,777 - INFO - fastread - 187, 2280
2019-01-25 13:24:01,785 - INFO - fastread - 187, 2290
2019-01-25 13:24:01,787 - INFO - fastread - 188, 2300
2019-01-25 13:24:01,797 - INFO - fastread - 189, 2310
2019-01-25 13:24:01,797 - INFO - fastread - 189, 2320
2019-01-25 13:24:01,807 - INFO - fastread - 189, 2330
2019-01-25 13:24:01,807 - INFO - fastread - 189, 2340
2019-01-25 13:24:01,817 - INFO - fastread - 189, 2350
2019-01-25 13:24:01,825 - INFO - fastread - 189, 2360
2019-01-25 13:24:01,827 - INFO - fastread - 189, 2370
2019-01-25 13:24:01,838 - INFO - fastread - 189, 2380
2019-01-25 13:24:01,838 - INFO - fastread - 190, 2390
2019-01-25 13:24:01,848 - INFO - fastread - 190, 2400
2019-01-25 13:24:01,856 - INFO - fastread - 190, 2410
2019-01-25 13:24:01,858 - INFO - fastread - 190, 2420
2019-01-25 13:24:01,868 - INFO - fastread - 190, 2430
2019-01-25 13:24:01,868 - INFO - fastread - 190, 2440
2019-01-25 13:24:01,868 - INFO - fastread - 190, 2450
2019-01-25 13:24:01,878 - INFO - fastread - 190, 2460
2019-01-25 13:24:01,878 - INFO - fastread - 190, 2470
2019-01-25 13:24:01,886 - INFO - fastread - 190, 2480
2019-01-25 13:24:01,888 - INFO - fastread - 190, 2490
2019-01-25 13:24:01,896 - INFO - fastread - 191, 2500
2019-01-25 13:24:01,896 - INFO - fastread - 191, 2510
2019-01-25 13:24:01,906 - INFO - fastread - 191, 2520
2019-01-25 13:24:01,908 - INFO - fastread - 192, 2530
2019-01-25 13:24:01,916 - INFO - fastread - 192, 2540
2019-01-25 13:24:01,918 - INFO - fastread - 192, 2550
2019-01-25 13:24:01,929 - INFO - fastread - 192, 2560
2019-01-25 13:24:01,929 - INFO - fastread - 192, 2570
2019-01-25 13:24:01,937 - INFO - fastread - 192, 2580
2019-01-25 13:24:01,939 - INFO - fastread - 192, 2590
2019-01-25 13:24:01,948 - INFO - fastread - 192, 2600
2019-01-25 13:24:01,960 - INFO - fastread - 192, 2610
2019-01-25 13:24:01,969 - INFO - fastread - 193, 2620
2019-01-25 13:24:01,977 - INFO - fastread - 193, 2630
2019-01-25 13:24:01,984 - INFO - fastread - 193, 2640
2019-01-25 13:24:01,990 - INFO - fastread - 193, 2650
2019-01-25 13:24:01,994 - INFO - fastread - 193, 2660
2019-01-25 13:24:01,999 - INFO - fastread - 193, 2670
2019-01-25 13:24:01,999 - INFO - fastread - 193, 2680
2019-01-25 13:24:02,009 - INFO - fastread - 193, 2690
2019-01-25 13:24:02,017 - INFO - fastread - 193, 2700
2019-01-25 13:24:02,019 - INFO - fastread - 193, 2710
2019-01-25 13:24:02,029 - INFO - fastread - 193, 2720
2019-01-25 13:24:02,039 - INFO - fastread - 193, 2730
2019-01-25 13:24:02,047 - INFO - fastread - 193, 2740
2019-01-25 13:24:02,057 - INFO - fastread - 193, 2750
2019-01-25 13:24:02,069 - INFO - fastread - 193, 2760
2019-01-25 13:24:02,079 - INFO - fastread - 193, 2770
2019-01-25 13:24:02,090 - INFO - fastread - 194, 2780
2019-01-25 13:24:02,100 - INFO - rig - ++++NEW CLF++++ KNN
2019-01-25 13:24:02,108 - INFO - fastread - Total Yes: 204 | Total No: 6264
2019-01-25 13:26:35,898 - INFO - fastread - 7, 10
2019-01-25 13:26:35,912 - INFO - fastread - 16, 20
2019-01-25 13:26:35,917 - INFO - fastread - 25, 30
2019-01-25 13:26:35,922 - INFO - fastread - 33, 40
2019-01-25 13:26:35,928 - INFO - fastread - 37, 50
2019-01-25 13:26:35,934 - INFO - fastread - 39, 60
2019-01-25 13:26:35,940 - INFO - fastread - 43, 70
2019-01-25 13:26:35,947 - INFO - fastread - 44, 80
2019-01-25 13:26:35,955 - INFO - fastread - 46, 90
2019-01-25 13:26:35,968 - INFO - fastread - 46, 100
2019-01-25 13:26:35,974 - INFO - fastread - 48, 110
2019-01-25 13:26:35,980 - INFO - fastread - 49, 120
2019-01-25 13:26:35,988 - INFO - fastread - 49, 130
2019-01-25 13:26:35,996 - INFO - fastread - 50, 140
2019-01-25 13:26:35,998 - INFO - fastread - 50, 150
2019-01-25 13:26:36,006 - INFO - fastread - 50, 160
2019-01-25 13:26:36,014 - INFO - fastread - 51, 170
2019-01-25 13:26:36,016 - INFO - fastread - 53, 180
2019-01-25 13:26:36,026 - INFO - fastread - 53, 190
2019-01-25 13:26:36,026 - INFO - fastread - 53, 200
2019-01-25 13:26:36,036 - INFO - fastread - 53, 210
2019-01-25 13:26:36,046 - INFO - fastread - 53, 220
2019-01-25 13:26:36,052 - INFO - fastread - 54, 230
2019-01-25 13:26:36,058 - INFO - fastread - 54, 240
2019-01-25 13:26:36,064 - INFO - fastread - 54, 250
2019-01-25 13:26:36,070 - INFO - fastread - 54, 260
2019-01-25 13:26:36,077 - INFO - fastread - 54, 270
2019-01-25 13:26:36,083 - INFO - fastread - 54, 280
2019-01-25 13:26:36,088 - INFO - fastread - 54, 290
2019-01-25 13:26:36,092 - INFO - fastread - 57, 300
2019-01-25 13:26:36,100 - INFO - fastread - 57, 310
2019-01-25 13:26:36,104 - INFO - fastread - 57, 320
2019-01-25 13:26:36,110 - INFO - fastread - 57, 330
2019-01-25 13:26:36,118 - INFO - fastread - 58, 340
2019-01-25 13:26:36,124 - INFO - fastread - 58, 350
2019-01-25 13:26:36,133 - INFO - fastread - 58, 360
2019-01-25 13:26:36,139 - INFO - fastread - 58, 370
2019-01-25 13:26:36,145 - INFO - fastread - 59, 380
2019-01-25 13:26:36,151 - INFO - fastread - 59, 390
2019-01-25 13:26:36,157 - INFO - fastread - 60, 400
2019-01-25 13:26:36,163 - INFO - fastread - 60, 410
2019-01-25 13:26:36,169 - INFO - fastread - 60, 420
2019-01-25 13:26:36,175 - INFO - fastread - 60, 430
2019-01-25 13:26:36,181 - INFO - fastread - 60, 440
2019-01-25 13:26:36,187 - INFO - fastread - 60, 450
2019-01-25 13:26:36,192 - INFO - fastread - 60, 460
2019-01-25 13:26:36,199 - INFO - fastread - 61, 470
2019-01-25 13:26:36,204 - INFO - fastread - 61, 480
2019-01-25 13:26:36,208 - INFO - fastread - 61, 490
2019-01-25 13:26:36,214 - INFO - fastread - 61, 500
2019-01-25 13:26:36,219 - INFO - fastread - 63, 510
2019-01-25 13:26:36,224 - INFO - fastread - 63, 520
2019-01-25 13:26:36,231 - INFO - fastread - 64, 530
2019-01-25 13:26:36,237 - INFO - fastread - 65, 540
2019-01-25 13:26:36,243 - INFO - fastread - 65, 550
2019-01-25 13:26:36,248 - INFO - fastread - 65, 560
2019-01-25 13:26:36,255 - INFO - fastread - 65, 570
2019-01-25 13:26:36,260 - INFO - fastread - 65, 580
2019-01-25 13:26:36,265 - INFO - fastread - 67, 590
2019-01-25 13:26:36,270 - INFO - fastread - 68, 600
2019-01-25 13:26:36,276 - INFO - fastread - 68, 610
2019-01-25 13:26:36,282 - INFO - fastread - 68, 620
2019-01-25 13:26:36,287 - INFO - fastread - 69, 630
2019-01-25 13:26:36,293 - INFO - fastread - 69, 640
2019-01-25 13:26:36,301 - INFO - fastread - 70, 650
2019-01-25 13:26:36,305 - INFO - fastread - 70, 660
2019-01-25 13:26:36,309 - INFO - fastread - 70, 670
2019-01-25 13:26:36,315 - INFO - fastread - 70, 680
2019-01-25 13:26:36,320 - INFO - fastread - 70, 690
2019-01-25 13:26:36,324 - INFO - fastread - 71, 700
2019-01-25 13:26:36,328 - INFO - fastread - 72, 710
2019-01-25 13:26:36,333 - INFO - fastread - 72, 720
2019-01-25 13:26:36,340 - INFO - fastread - 73, 730
2019-01-25 13:26:36,346 - INFO - fastread - 73, 740
2019-01-25 13:26:36,351 - INFO - fastread - 73, 750
2019-01-25 13:26:36,356 - INFO - fastread - 73, 760
2019-01-25 13:26:36,360 - INFO - fastread - 73, 770
2019-01-25 13:26:36,366 - INFO - fastread - 73, 780
2019-01-25 13:26:36,370 - INFO - fastread - 73, 790
2019-01-25 13:26:36,375 - INFO - fastread - 73, 800
2019-01-25 13:26:36,381 - INFO - fastread - 73, 810
2019-01-25 13:26:36,387 - INFO - fastread - 73, 820
2019-01-25 13:26:36,393 - INFO - fastread - 73, 830
2019-01-25 13:26:36,397 - INFO - fastread - 73, 840
2019-01-25 13:26:36,403 - INFO - fastread - 73, 850
2019-01-25 13:26:36,407 - INFO - fastread - 73, 860
2019-01-25 13:26:36,412 - INFO - fastread - 73, 870
2019-01-25 13:26:36,419 - INFO - fastread - 73, 880
2019-01-25 13:26:36,424 - INFO - fastread - 74, 890
2019-01-25 13:26:36,429 - INFO - fastread - 74, 900
2019-01-25 13:26:36,436 - INFO - fastread - 76, 910
2019-01-25 13:26:36,442 - INFO - fastread - 76, 920
2019-01-25 13:26:36,450 - INFO - fastread - 77, 930
2019-01-25 13:26:36,455 - INFO - fastread - 77, 940
2019-01-25 13:26:36,460 - INFO - fastread - 77, 950
2019-01-25 13:26:36,467 - INFO - fastread - 77, 960
2019-01-25 13:26:36,473 - INFO - fastread - 77, 970
2019-01-25 13:26:36,478 - INFO - fastread - 77, 980
2019-01-25 13:26:36,484 - INFO - fastread - 77, 990
2019-01-25 13:26:36,490 - INFO - fastread - 77, 1000
2019-01-25 13:26:36,494 - INFO - fastread - 77, 1010
2019-01-25 13:26:36,498 - INFO - fastread - 77, 1020
2019-01-25 13:26:36,502 - INFO - fastread - 77, 1030
2019-01-25 13:26:36,506 - INFO - fastread - 77, 1040
2019-01-25 13:26:36,511 - INFO - fastread - 77, 1050
2019-01-25 13:26:36,516 - INFO - fastread - 77, 1060
2019-01-25 13:26:36,522 - INFO - fastread - 77, 1070
2019-01-25 13:26:36,526 - INFO - fastread - 77, 1080
2019-01-25 13:26:36,532 - INFO - fastread - 78, 1090
2019-01-25 13:26:36,536 - INFO - fastread - 78, 1100
2019-01-25 13:26:36,539 - INFO - fastread - 78, 1110
2019-01-25 13:26:36,542 - INFO - fastread - 78, 1120
2019-01-25 13:26:36,546 - INFO - fastread - 78, 1130
2019-01-25 13:26:36,550 - INFO - fastread - 78, 1140
2019-01-25 13:26:36,555 - INFO - fastread - 78, 1150
2019-01-25 13:26:36,561 - INFO - fastread - 78, 1160
2019-01-25 13:26:36,567 - INFO - fastread - 78, 1170
2019-01-25 13:26:36,572 - INFO - fastread - 78, 1180
2019-01-25 13:26:36,577 - INFO - fastread - 78, 1190
2019-01-25 13:26:36,585 - INFO - fastread - 78, 1200
2019-01-25 13:26:36,592 - INFO - fastread - 78, 1210
2019-01-25 13:26:36,598 - INFO - fastread - 78, 1220
2019-01-25 13:26:36,603 - INFO - fastread - 80, 1230
2019-01-25 13:26:36,608 - INFO - fastread - 80, 1240
2019-01-25 13:26:36,613 - INFO - fastread - 80, 1250
2019-01-25 13:26:36,615 - INFO - fastread - 81, 1260
2019-01-25 13:26:36,623 - INFO - fastread - 81, 1270
2019-01-25 13:26:36,625 - INFO - fastread - 82, 1280
2019-01-25 13:26:36,625 - INFO - fastread - 82, 1290
2019-01-25 13:26:36,635 - INFO - fastread - 82, 1300
2019-01-25 13:26:36,635 - INFO - fastread - 82, 1310
2019-01-25 13:26:36,645 - INFO - fastread - 82, 1320
2019-01-25 13:26:36,645 - INFO - fastread - 82, 1330
2019-01-25 13:26:36,655 - INFO - fastread - 82, 1340
2019-01-25 13:26:36,655 - INFO - fastread - 82, 1350
2019-01-25 13:26:36,666 - INFO - fastread - 82, 1360
2019-01-25 13:26:36,670 - INFO - fastread - 82, 1370
2019-01-25 13:26:36,675 - INFO - fastread - 82, 1380
2019-01-25 13:26:36,679 - INFO - fastread - 83, 1390
2019-01-25 13:26:36,683 - INFO - fastread - 83, 1400
2019-01-25 13:26:36,687 - INFO - fastread - 83, 1410
2019-01-25 13:26:36,691 - INFO - fastread - 84, 1420
2019-01-25 13:26:36,696 - INFO - fastread - 84, 1430
2019-01-25 13:26:36,697 - INFO - fastread - 84, 1440
2019-01-25 13:26:36,697 - INFO - fastread - 84, 1450
2019-01-25 13:26:36,708 - INFO - fastread - 84, 1460
2019-01-25 13:26:36,714 - INFO - fastread - 86, 1470
2019-01-25 13:26:36,719 - INFO - fastread - 86, 1480
2019-01-25 13:26:36,724 - INFO - fastread - 86, 1490
2019-01-25 13:26:36,727 - INFO - fastread - 86, 1500
2019-01-25 13:26:36,735 - INFO - fastread - 87, 1510
2019-01-25 13:26:36,737 - INFO - fastread - 87, 1520
2019-01-25 13:26:36,747 - INFO - fastread - 87, 1530
2019-01-25 13:26:36,752 - INFO - fastread - 87, 1540
2019-01-25 13:26:36,757 - INFO - fastread - 87, 1550
2019-01-25 13:26:36,763 - INFO - fastread - 88, 1560
2019-01-25 13:26:36,768 - INFO - fastread - 88, 1570
2019-01-25 13:26:36,774 - INFO - fastread - 89, 1580
2019-01-25 13:26:36,777 - INFO - fastread - 89, 1590
2019-01-25 13:26:36,777 - INFO - fastread - 89, 1600
2019-01-25 13:26:36,785 - INFO - fastread - 89, 1610
2019-01-25 13:26:36,787 - INFO - fastread - 90, 1620
2019-01-25 13:26:36,795 - INFO - fastread - 90, 1630
2019-01-25 13:26:36,798 - INFO - fastread - 90, 1640
2019-01-25 13:26:36,808 - INFO - fastread - 91, 1650
2019-01-25 13:26:36,808 - INFO - fastread - 91, 1660
2019-01-25 13:26:36,818 - INFO - fastread - 91, 1670
2019-01-25 13:26:36,818 - INFO - fastread - 92, 1680
2019-01-25 13:26:36,826 - INFO - fastread - 92, 1690
2019-01-25 13:26:36,828 - INFO - fastread - 92, 1700
2019-01-25 13:26:36,828 - INFO - fastread - 92, 1710
2019-01-25 13:26:36,836 - INFO - fastread - 93, 1720
2019-01-25 13:26:36,838 - INFO - fastread - 94, 1730
2019-01-25 13:26:36,848 - INFO - fastread - 94, 1740
2019-01-25 13:26:36,848 - INFO - fastread - 94, 1750
2019-01-25 13:26:36,848 - INFO - fastread - 94, 1760
2019-01-25 13:26:36,858 - INFO - fastread - 95, 1770
2019-01-25 13:26:36,858 - INFO - fastread - 95, 1780
2019-01-25 13:26:36,868 - INFO - fastread - 96, 1790
2019-01-25 13:26:36,876 - INFO - fastread - 96, 1800
2019-01-25 13:26:36,878 - INFO - fastread - 97, 1810
2019-01-25 13:26:36,886 - INFO - fastread - 98, 1820
2019-01-25 13:26:36,888 - INFO - fastread - 99, 1830
2019-01-25 13:26:36,896 - INFO - fastread - 100, 1840
2019-01-25 13:26:36,898 - INFO - fastread - 100, 1850
2019-01-25 13:26:36,908 - INFO - fastread - 100, 1860
2019-01-25 13:26:36,908 - INFO - fastread - 100, 1870
2019-01-25 13:26:36,918 - INFO - fastread - 101, 1880
2019-01-25 13:26:36,918 - INFO - fastread - 101, 1890
2019-01-25 13:26:36,928 - INFO - fastread - 101, 1900
2019-01-25 13:26:36,935 - INFO - fastread - 102, 1910
2019-01-25 13:26:36,938 - INFO - fastread - 102, 1920
2019-01-25 13:26:36,944 - INFO - fastread - 102, 1930
2019-01-25 13:26:36,950 - INFO - fastread - 103, 1940
2019-01-25 13:26:36,955 - INFO - fastread - 103, 1950
2019-01-25 13:26:36,961 - INFO - fastread - 103, 1960
2019-01-25 13:26:36,967 - INFO - fastread - 103, 1970
2019-01-25 13:26:36,973 - INFO - fastread - 103, 1980
2019-01-25 13:26:36,978 - INFO - fastread - 103, 1990
2019-01-25 13:26:36,984 - INFO - fastread - 104, 2000
2019-01-25 13:26:36,992 - INFO - fastread - 106, 2010
2019-01-25 13:26:36,997 - INFO - fastread - 106, 2020
2019-01-25 13:26:37,003 - INFO - fastread - 106, 2030
2019-01-25 13:26:37,010 - INFO - fastread - 107, 2040
2019-01-25 13:26:37,017 - INFO - fastread - 108, 2050
2019-01-25 13:26:37,022 - INFO - fastread - 108, 2060
2019-01-25 13:26:37,028 - INFO - fastread - 108, 2070
2019-01-25 13:26:37,034 - INFO - fastread - 108, 2080
2019-01-25 13:26:37,045 - INFO - fastread - 108, 2090
2019-01-25 13:26:37,054 - INFO - fastread - 108, 2100
2019-01-25 13:26:37,062 - INFO - fastread - 109, 2110
2019-01-25 13:26:37,068 - INFO - fastread - 109, 2120
2019-01-25 13:26:37,078 - INFO - fastread - 109, 2130
2019-01-25 13:26:37,085 - INFO - fastread - 109, 2140
2019-01-25 13:26:37,093 - INFO - fastread - 109, 2150
2019-01-25 13:26:37,103 - INFO - fastread - 110, 2160
2019-01-25 13:26:37,116 - INFO - fastread - 110, 2170
2019-01-25 13:26:37,129 - INFO - fastread - 110, 2180
2019-01-25 13:26:37,140 - INFO - fastread - 110, 2190
2019-01-25 13:26:37,146 - INFO - fastread - 110, 2200
2019-01-25 13:26:37,153 - INFO - fastread - 110, 2210
2019-01-25 13:26:37,161 - INFO - fastread - 110, 2220
2019-01-25 13:26:37,168 - INFO - fastread - 112, 2230
2019-01-25 13:26:37,176 - INFO - fastread - 113, 2240
2019-01-25 13:26:37,182 - INFO - fastread - 113, 2250
2019-01-25 13:26:37,200 - INFO - fastread - 113, 2260
2019-01-25 13:26:37,241 - INFO - fastread - 114, 2270
2019-01-25 13:26:37,247 - INFO - fastread - 114, 2280
2019-01-25 13:26:37,255 - INFO - fastread - 115, 2290
2019-01-25 13:26:37,263 - INFO - fastread - 115, 2300
2019-01-25 13:26:37,272 - INFO - fastread - 115, 2310
2019-01-25 13:26:37,279 - INFO - fastread - 115, 2320
2019-01-25 13:26:37,288 - INFO - fastread - 115, 2330
2019-01-25 13:26:37,295 - INFO - fastread - 115, 2340
2019-01-25 13:26:37,302 - INFO - fastread - 115, 2350
2019-01-25 13:26:37,307 - INFO - fastread - 115, 2360
2019-01-25 13:26:37,313 - INFO - fastread - 116, 2370
2019-01-25 13:26:37,319 - INFO - fastread - 116, 2380
2019-01-25 13:26:37,325 - INFO - fastread - 116, 2390
2019-01-25 13:26:37,333 - INFO - fastread - 116, 2400
2019-01-25 13:26:37,341 - INFO - fastread - 116, 2410
2019-01-25 13:26:37,347 - INFO - fastread - 116, 2420
2019-01-25 13:26:37,354 - INFO - fastread - 116, 2430
2019-01-25 13:26:37,360 - INFO - fastread - 116, 2440
2019-01-25 13:26:37,365 - INFO - fastread - 116, 2450
2019-01-25 13:26:37,371 - INFO - fastread - 117, 2460
2019-01-25 13:26:37,376 - INFO - fastread - 117, 2470
2019-01-25 13:26:37,383 - INFO - fastread - 117, 2480
2019-01-25 13:26:37,390 - INFO - fastread - 117, 2490
2019-01-25 13:26:37,395 - INFO - fastread - 117, 2500
2019-01-25 13:26:37,399 - INFO - fastread - 117, 2510
2019-01-25 13:26:37,406 - INFO - fastread - 117, 2520
2019-01-25 13:26:37,412 - INFO - fastread - 117, 2530
2019-01-25 13:26:37,418 - INFO - fastread - 118, 2540
2019-01-25 13:26:37,426 - INFO - fastread - 119, 2550
2019-01-25 13:26:37,433 - INFO - fastread - 119, 2560
2019-01-25 13:26:37,442 - INFO - fastread - 120, 2570
2019-01-25 13:26:37,448 - INFO - fastread - 120, 2580
2019-01-25 13:26:37,459 - INFO - fastread - 120, 2590
2019-01-25 13:26:37,466 - INFO - fastread - 120, 2600
2019-01-25 13:26:37,472 - INFO - fastread - 120, 2610
2019-01-25 13:26:37,478 - INFO - fastread - 120, 2620
2019-01-25 13:26:37,484 - INFO - fastread - 120, 2630
2019-01-25 13:26:37,493 - INFO - fastread - 121, 2640
2019-01-25 13:26:37,500 - INFO - fastread - 121, 2650
2019-01-25 13:26:37,508 - INFO - fastread - 121, 2660
2019-01-25 13:26:37,515 - INFO - fastread - 121, 2670
2019-01-25 13:26:37,524 - INFO - fastread - 121, 2680
2019-01-25 13:26:37,531 - INFO - fastread - 121, 2690
2019-01-25 13:26:37,540 - INFO - fastread - 122, 2700
2019-01-25 13:26:37,546 - INFO - fastread - 122, 2710
2019-01-25 13:26:37,551 - INFO - fastread - 122, 2720
2019-01-25 13:26:37,559 - INFO - fastread - 122, 2730
2019-01-25 13:26:37,566 - INFO - fastread - 122, 2740
2019-01-25 13:26:37,574 - INFO - fastread - 124, 2750
2019-01-25 13:26:37,580 - INFO - fastread - 125, 2760
2019-01-25 13:26:37,588 - INFO - fastread - 125, 2770
2019-01-25 13:26:37,596 - INFO - fastread - 125, 2780
2019-01-25 13:26:37,602 - INFO - fastread - 125, 2790
2019-01-25 13:26:37,610 - INFO - fastread - 126, 2800
2019-01-25 13:26:37,617 - INFO - fastread - 126, 2810
2019-01-25 13:26:37,625 - INFO - fastread - 126, 2820
2019-01-25 13:26:37,631 - INFO - fastread - 126, 2830
2019-01-25 13:26:37,639 - INFO - fastread - 126, 2840
2019-01-25 13:26:37,647 - INFO - fastread - 126, 2850
2019-01-25 13:26:37,655 - INFO - fastread - 127, 2860
2019-01-25 13:26:37,663 - INFO - fastread - 127, 2870
2019-01-25 13:26:37,669 - INFO - fastread - 127, 2880
2019-01-25 13:26:37,678 - INFO - fastread - 127, 2890
2019-01-25 13:26:37,684 - INFO - fastread - 127, 2900
2019-01-25 13:26:37,692 - INFO - fastread - 127, 2910
2019-01-25 13:26:37,698 - INFO - fastread - 127, 2920
2019-01-25 13:26:37,705 - INFO - fastread - 127, 2930
2019-01-25 13:26:37,711 - INFO - fastread - 127, 2940
2019-01-25 13:26:37,717 - INFO - fastread - 127, 2950
2019-01-25 13:26:37,726 - INFO - fastread - 127, 2960
2019-01-25 13:26:37,732 - INFO - fastread - 127, 2970
2019-01-25 13:26:37,740 - INFO - fastread - 127, 2980
2019-01-25 13:26:37,747 - INFO - fastread - 127, 2990
2019-01-25 13:26:37,753 - INFO - fastread - 128, 3000
2019-01-25 13:26:37,760 - INFO - fastread - 128, 3010
2019-01-25 13:26:37,766 - INFO - fastread - 130, 3020
2019-01-25 13:26:37,774 - INFO - fastread - 130, 3030
2019-01-25 13:26:37,781 - INFO - fastread - 130, 3040
2019-01-25 13:26:37,786 - INFO - fastread - 130, 3050
2019-01-25 13:26:37,794 - INFO - fastread - 130, 3060
2019-01-25 13:26:37,800 - INFO - fastread - 130, 3070
2019-01-25 13:26:37,808 - INFO - fastread - 131, 3080
2019-01-25 13:26:37,814 - INFO - fastread - 131, 3090
2019-01-25 13:26:37,821 - INFO - fastread - 131, 3100
2019-01-25 13:26:37,828 - INFO - fastread - 131, 3110
2019-01-25 13:26:37,834 - INFO - fastread - 132, 3120
2019-01-25 13:26:37,841 - INFO - fastread - 132, 3130
2019-01-25 13:26:37,847 - INFO - fastread - 132, 3140
2019-01-25 13:26:37,854 - INFO - fastread - 132, 3150
2019-01-25 13:26:37,860 - INFO - fastread - 132, 3160
2019-01-25 13:26:37,866 - INFO - fastread - 132, 3170
2019-01-25 13:26:37,869 - INFO - fastread - 132, 3180
2019-01-25 13:26:37,876 - INFO - fastread - 132, 3190
2019-01-25 13:26:37,884 - INFO - fastread - 133, 3200
2019-01-25 13:26:37,886 - INFO - fastread - 134, 3210
2019-01-25 13:26:37,896 - INFO - fastread - 135, 3220
2019-01-25 13:26:37,896 - INFO - fastread - 136, 3230
2019-01-25 13:26:37,906 - INFO - fastread - 137, 3240
2019-01-25 13:26:37,914 - INFO - fastread - 137, 3250
2019-01-25 13:26:37,916 - INFO - fastread - 137, 3260
2019-01-25 13:26:37,924 - INFO - fastread - 138, 3270
2019-01-25 13:26:37,926 - INFO - fastread - 139, 3280
2019-01-25 13:26:37,936 - INFO - fastread - 139, 3290
2019-01-25 13:26:37,936 - INFO - fastread - 139, 3300
2019-01-25 13:26:37,947 - INFO - fastread - 139, 3310
2019-01-25 13:26:37,947 - INFO - fastread - 139, 3320
2019-01-25 13:26:37,957 - INFO - fastread - 139, 3330
2019-01-25 13:26:37,957 - INFO - fastread - 139, 3340
2019-01-25 13:26:37,967 - INFO - fastread - 139, 3350
2019-01-25 13:26:37,967 - INFO - fastread - 139, 3360
2019-01-25 13:26:37,977 - INFO - fastread - 139, 3370
2019-01-25 13:26:37,977 - INFO - fastread - 139, 3380
2019-01-25 13:26:37,987 - INFO - fastread - 139, 3390
2019-01-25 13:26:37,987 - INFO - fastread - 139, 3400
2019-01-25 13:26:37,995 - INFO - fastread - 139, 3410
2019-01-25 13:26:37,997 - INFO - fastread - 140, 3420
2019-01-25 13:26:37,997 - INFO - fastread - 140, 3430
2019-01-25 13:26:38,008 - INFO - fastread - 140, 3440
2019-01-25 13:26:38,008 - INFO - fastread - 140, 3450
2019-01-25 13:26:38,018 - INFO - fastread - 140, 3460
2019-01-25 13:26:38,026 - INFO - fastread - 140, 3470
2019-01-25 13:26:38,028 - INFO - fastread - 140, 3480
2019-01-25 13:26:38,038 - INFO - fastread - 141, 3490
2019-01-25 13:26:38,038 - INFO - fastread - 141, 3500
2019-01-25 13:26:38,046 - INFO - fastread - 141, 3510
2019-01-25 13:26:38,048 - INFO - fastread - 142, 3520
2019-01-25 13:26:38,056 - INFO - fastread - 142, 3530
2019-01-25 13:26:38,058 - INFO - fastread - 142, 3540
2019-01-25 13:26:38,068 - INFO - fastread - 142, 3550
2019-01-25 13:26:38,068 - INFO - fastread - 142, 3560
2019-01-25 13:26:38,084 - INFO - fastread - 143, 3570
2019-01-25 13:26:38,095 - INFO - fastread - 145, 3580
2019-01-25 13:26:38,101 - INFO - fastread - 146, 3590
2019-01-25 13:26:38,109 - INFO - fastread - 146, 3600
2019-01-25 13:26:38,115 - INFO - fastread - 146, 3610
2019-01-25 13:26:38,122 - INFO - fastread - 146, 3620
2019-01-25 13:26:38,128 - INFO - fastread - 146, 3630
2019-01-25 13:26:38,134 - INFO - fastread - 147, 3640
2019-01-25 13:26:38,139 - INFO - fastread - 148, 3650
2019-01-25 13:26:38,139 - INFO - fastread - 148, 3660
2019-01-25 13:26:38,148 - INFO - fastread - 148, 3670
2019-01-25 13:26:38,156 - INFO - fastread - 149, 3680
2019-01-25 13:26:38,158 - INFO - fastread - 149, 3690
2019-01-25 13:26:38,166 - INFO - fastread - 149, 3700
2019-01-25 13:26:38,168 - INFO - fastread - 149, 3710
2019-01-25 13:26:38,179 - INFO - fastread - 149, 3720
2019-01-25 13:26:38,187 - INFO - fastread - 149, 3730
2019-01-25 13:26:38,189 - INFO - fastread - 149, 3740
2019-01-25 13:26:38,199 - INFO - fastread - 149, 3750
2019-01-25 13:26:38,207 - INFO - fastread - 150, 3760
2019-01-25 13:26:38,209 - INFO - fastread - 150, 3770
2019-01-25 13:26:38,219 - INFO - fastread - 151, 3780
2019-01-25 13:26:38,219 - INFO - fastread - 151, 3790
2019-01-25 13:26:38,229 - INFO - fastread - 152, 3800
2019-01-25 13:26:38,239 - INFO - fastread - 152, 3810
2019-01-25 13:26:38,239 - INFO - fastread - 152, 3820
2019-01-25 13:26:38,249 - INFO - fastread - 152, 3830
2019-01-25 13:26:38,259 - INFO - fastread - 152, 3840
2019-01-25 13:26:38,267 - INFO - fastread - 152, 3850
2019-01-25 13:26:38,269 - INFO - fastread - 153, 3860
2019-01-25 13:26:38,279 - INFO - fastread - 153, 3870
2019-01-25 13:26:38,287 - INFO - fastread - 153, 3880
2019-01-25 13:26:38,297 - INFO - fastread - 153, 3890
2019-01-25 13:26:38,297 - INFO - fastread - 153, 3900
2019-01-25 13:26:38,313 - INFO - fastread - 153, 3910
2019-01-25 13:26:38,313 - INFO - fastread - 154, 3920
2019-01-25 13:26:38,313 - INFO - fastread - 155, 3930
2019-01-25 13:26:38,329 - INFO - fastread - 155, 3940
2019-01-25 13:26:38,329 - INFO - fastread - 155, 3950
2019-01-25 13:26:38,344 - INFO - fastread - 155, 3960
2019-01-25 13:26:38,344 - INFO - fastread - 155, 3970
2019-01-25 13:26:38,360 - INFO - fastread - 155, 3980
2019-01-25 13:26:38,360 - INFO - fastread - 155, 3990
2019-01-25 13:26:38,376 - INFO - fastread - 155, 4000
2019-01-25 13:26:38,376 - INFO - fastread - 155, 4010
2019-01-25 13:26:38,376 - INFO - fastread - 155, 4020
2019-01-25 13:26:38,391 - INFO - fastread - 155, 4030
2019-01-25 13:26:38,398 - INFO - fastread - 155, 4040
2019-01-25 13:26:38,398 - INFO - fastread - 155, 4050
2019-01-25 13:26:38,413 - INFO - fastread - 155, 4060
2019-01-25 13:26:38,413 - INFO - fastread - 155, 4070
2019-01-25 13:26:38,429 - INFO - fastread - 155, 4080
2019-01-25 13:26:38,429 - INFO - fastread - 156, 4090
2019-01-25 13:26:38,445 - INFO - fastread - 156, 4100
2019-01-25 13:26:38,445 - INFO - fastread - 156, 4110
2019-01-25 13:26:38,460 - INFO - fastread - 156, 4120
2019-01-25 13:26:38,460 - INFO - fastread - 156, 4130
2019-01-25 13:26:38,476 - INFO - fastread - 156, 4140
2019-01-25 13:26:38,476 - INFO - fastread - 156, 4150
2019-01-25 13:26:38,476 - INFO - fastread - 156, 4160
2019-01-25 13:26:38,491 - INFO - fastread - 156, 4170
2019-01-25 13:26:38,500 - INFO - fastread - 156, 4180
2019-01-25 13:26:38,510 - INFO - fastread - 156, 4190
2019-01-25 13:26:38,510 - INFO - fastread - 156, 4200
2019-01-25 13:26:38,520 - INFO - fastread - 156, 4210
2019-01-25 13:26:38,530 - INFO - fastread - 156, 4220
2019-01-25 13:26:38,538 - INFO - fastread - 156, 4230
2019-01-25 13:26:38,540 - INFO - fastread - 156, 4240
2019-01-25 13:26:38,550 - INFO - fastread - 156, 4250
2019-01-25 13:26:38,560 - INFO - fastread - 156, 4260
2019-01-25 13:26:38,569 - INFO - fastread - 157, 4270
2019-01-25 13:26:38,571 - INFO - fastread - 157, 4280
2019-01-25 13:26:38,581 - INFO - fastread - 157, 4290
2019-01-25 13:26:38,591 - INFO - fastread - 159, 4300
2019-01-25 13:26:38,601 - INFO - fastread - 160, 4310
2019-01-25 13:26:38,601 - INFO - fastread - 160, 4320
2019-01-25 13:26:38,611 - INFO - fastread - 160, 4330
2019-01-25 13:26:38,611 - INFO - fastread - 162, 4340
2019-01-25 13:26:38,619 - INFO - fastread - 163, 4350
2019-01-25 13:26:38,621 - INFO - fastread - 163, 4360
2019-01-25 13:26:38,629 - INFO - fastread - 163, 4370
2019-01-25 13:26:38,631 - INFO - fastread - 163, 4380
2019-01-25 13:26:38,641 - INFO - fastread - 163, 4390
2019-01-25 13:26:38,641 - INFO - fastread - 165, 4400
2019-01-25 13:26:38,651 - INFO - fastread - 165, 4410
2019-01-25 13:26:38,661 - INFO - fastread - 166, 4420
2019-01-25 13:26:38,661 - INFO - fastread - 167, 4430
2019-01-25 13:26:38,671 - INFO - fastread - 167, 4440
2019-01-25 13:26:38,682 - INFO - fastread - 167, 4450
2019-01-25 13:26:38,690 - INFO - fastread - 167, 4460
2019-01-25 13:26:38,692 - INFO - fastread - 167, 4470
2019-01-25 13:26:38,702 - INFO - fastread - 167, 4480
2019-01-25 13:26:38,710 - INFO - fastread - 168, 4490
2019-01-25 13:26:38,712 - INFO - fastread - 168, 4500
2019-01-25 13:26:38,712 - INFO - fastread - 168, 4510
2019-01-25 13:26:38,722 - INFO - fastread - 169, 4520
2019-01-25 13:26:38,722 - INFO - fastread - 169, 4530
2019-01-25 13:26:38,730 - INFO - fastread - 170, 4540
2019-01-25 13:26:38,732 - INFO - fastread - 170, 4550
2019-01-25 13:26:38,742 - INFO - fastread - 170, 4560
2019-01-25 13:26:38,742 - INFO - fastread - 170, 4570
2019-01-25 13:26:38,752 - INFO - fastread - 170, 4580
2019-01-25 13:26:38,760 - INFO - fastread - 171, 4590
2019-01-25 13:26:38,762 - INFO - fastread - 171, 4600
2019-01-25 13:26:38,770 - INFO - fastread - 171, 4610
2019-01-25 13:26:38,772 - INFO - fastread - 171, 4620
2019-01-25 13:26:38,780 - INFO - fastread - 172, 4630
2019-01-25 13:26:38,782 - INFO - fastread - 172, 4640
2019-01-25 13:26:38,790 - INFO - fastread - 172, 4650
2019-01-25 13:26:38,792 - INFO - fastread - 172, 4660
2019-01-25 13:26:38,801 - INFO - fastread - 172, 4670
2019-01-25 13:26:38,803 - INFO - fastread - 172, 4680
2019-01-25 13:26:38,813 - INFO - fastread - 173, 4690
2019-01-25 13:26:38,813 - INFO - fastread - 173, 4700
2019-01-25 13:26:38,823 - INFO - fastread - 173, 4710
2019-01-25 13:26:38,831 - INFO - fastread - 173, 4720
2019-01-25 13:26:38,833 - INFO - fastread - 174, 4730
2019-01-25 13:26:38,843 - INFO - fastread - 174, 4740
2019-01-25 13:26:38,853 - INFO - fastread - 174, 4750
2019-01-25 13:26:38,853 - INFO - fastread - 174, 4760
2019-01-25 13:26:38,863 - INFO - fastread - 174, 4770
2019-01-25 13:26:38,873 - INFO - fastread - 175, 4780
2019-01-25 13:26:38,873 - INFO - fastread - 175, 4790
2019-01-25 13:26:38,883 - INFO - fastread - 175, 4800
2019-01-25 13:26:38,893 - INFO - fastread - 176, 4810
2019-01-25 13:26:38,893 - INFO - fastread - 176, 4820
2019-01-25 13:26:38,903 - INFO - fastread - 176, 4830
2019-01-25 13:26:38,903 - INFO - fastread - 176, 4840
2019-01-25 13:26:38,914 - INFO - fastread - 176, 4850
2019-01-25 13:26:38,922 - INFO - fastread - 176, 4860
2019-01-25 13:26:38,924 - INFO - fastread - 176, 4870
2019-01-25 13:26:38,934 - INFO - fastread - 176, 4880
2019-01-25 13:26:38,944 - INFO - fastread - 176, 4890
2019-01-25 13:26:38,944 - INFO - fastread - 176, 4900
2019-01-25 13:26:38,954 - INFO - fastread - 176, 4910
2019-01-25 13:26:38,964 - INFO - fastread - 176, 4920
2019-01-25 13:26:38,964 - INFO - fastread - 176, 4930
2019-01-25 13:26:38,974 - INFO - fastread - 176, 4940
2019-01-25 13:26:38,984 - INFO - fastread - 176, 4950
2019-01-25 13:26:38,992 - INFO - fastread - 176, 4960
2019-01-25 13:26:38,994 - INFO - fastread - 176, 4970
2019-01-25 13:26:39,004 - INFO - fastread - 177, 4980
2019-01-25 13:26:39,014 - INFO - fastread - 178, 4990
2019-01-25 13:26:39,014 - INFO - fastread - 178, 5000
2019-01-25 13:26:39,024 - INFO - fastread - 178, 5010
2019-01-25 13:26:39,034 - INFO - fastread - 178, 5020
2019-01-25 13:26:39,043 - INFO - fastread - 178, 5030
2019-01-25 13:26:39,045 - INFO - fastread - 178, 5040
2019-01-25 13:26:39,055 - INFO - fastread - 178, 5050
2019-01-25 13:26:39,063 - INFO - fastread - 178, 5060
2019-01-25 13:26:39,065 - INFO - fastread - 178, 5070
2019-01-25 13:26:39,075 - INFO - fastread - 178, 5080
2019-01-25 13:26:39,075 - INFO - fastread - 178, 5090
2019-01-25 13:26:39,085 - INFO - fastread - 178, 5100
2019-01-25 13:26:39,095 - INFO - fastread - 178, 5110
2019-01-25 13:26:39,105 - INFO - fastread - 178, 5120
2019-01-25 13:26:39,105 - INFO - fastread - 178, 5130
2019-01-25 13:26:39,115 - INFO - fastread - 178, 5140
2019-01-25 13:26:39,125 - INFO - fastread - 178, 5150
2019-01-25 13:26:39,133 - INFO - fastread - 178, 5160
2019-01-25 13:26:39,135 - INFO - fastread - 179, 5170
2019-01-25 13:26:39,145 - INFO - fastread - 179, 5180
2019-01-25 13:26:39,153 - INFO - fastread - 179, 5190
2019-01-25 13:26:39,155 - INFO - fastread - 179, 5200
2019-01-25 13:26:39,166 - INFO - fastread - 179, 5210
2019-01-25 13:26:39,176 - INFO - fastread - 179, 5220
2019-01-25 13:26:39,184 - INFO - fastread - 180, 5230
2019-01-25 13:26:39,186 - INFO - fastread - 180, 5240
2019-01-25 13:26:39,196 - INFO - fastread - 182, 5250
2019-01-25 13:26:39,204 - INFO - fastread - 183, 5260
2019-01-25 13:26:39,206 - INFO - fastread - 183, 5270
2019-01-25 13:26:39,216 - INFO - fastread - 183, 5280
2019-01-25 13:26:39,224 - INFO - fastread - 183, 5290
2019-01-25 13:26:39,226 - INFO - fastread - 183, 5300
2019-01-25 13:26:39,236 - INFO - fastread - 183, 5310
2019-01-25 13:26:39,246 - INFO - fastread - 183, 5320
2019-01-25 13:26:39,254 - INFO - fastread - 184, 5330
2019-01-25 13:26:39,256 - INFO - fastread - 184, 5340
2019-01-25 13:26:39,266 - INFO - fastread - 184, 5350
2019-01-25 13:26:39,276 - INFO - fastread - 184, 5360
2019-01-25 13:26:39,276 - INFO - fastread - 184, 5370
2019-01-25 13:26:39,287 - INFO - fastread - 185, 5380
2019-01-25 13:26:39,297 - INFO - fastread - 185, 5390
2019-01-25 13:26:39,305 - INFO - fastread - 185, 5400
2019-01-25 13:26:39,307 - INFO - fastread - 185, 5410
2019-01-25 13:26:39,317 - INFO - fastread - 185, 5420
2019-01-25 13:26:39,327 - INFO - fastread - 185, 5430
2019-01-25 13:26:39,335 - INFO - fastread - 185, 5440
2019-01-25 13:26:39,337 - INFO - fastread - 185, 5450
2019-01-25 13:26:39,347 - INFO - fastread - 185, 5460
2019-01-25 13:26:39,355 - INFO - fastread - 185, 5470
2019-01-25 13:26:39,357 - INFO - fastread - 185, 5480
2019-01-25 13:26:39,367 - INFO - fastread - 185, 5490
2019-01-25 13:26:39,367 - INFO - fastread - 185, 5500
2019-01-25 13:26:39,375 - INFO - fastread - 185, 5510
2019-01-25 13:26:39,377 - INFO - fastread - 185, 5520
2019-01-25 13:26:39,385 - INFO - fastread - 185, 5530
2019-01-25 13:26:39,387 - INFO - fastread - 186, 5540
2019-01-25 13:26:39,395 - INFO - fastread - 186, 5550
2019-01-25 13:26:39,397 - INFO - fastread - 186, 5560
2019-01-25 13:26:39,397 - INFO - fastread - 186, 5570
2019-01-25 13:26:39,407 - INFO - fastread - 186, 5580
2019-01-25 13:26:39,407 - INFO - fastread - 186, 5590
2019-01-25 13:26:39,418 - INFO - fastread - 186, 5600
2019-01-25 13:26:39,418 - INFO - fastread - 187, 5610
2019-01-25 13:26:39,428 - INFO - fastread - 187, 5620
2019-01-25 13:26:39,428 - INFO - fastread - 187, 5630
2019-01-25 13:26:39,438 - INFO - fastread - 187, 5640
2019-01-25 13:26:39,446 - INFO - fastread - 187, 5650
2019-01-25 13:26:39,448 - INFO - fastread - 188, 5660
2019-01-25 13:26:39,458 - INFO - fastread - 188, 5670
2019-01-25 13:26:39,466 - INFO - fastread - 189, 5680
2019-01-25 13:26:39,468 - INFO - fastread - 191, 5690
2019-01-25 13:26:39,478 - INFO - fastread - 191, 5700
2019-01-25 13:26:39,478 - INFO - fastread - 191, 5710
2019-01-25 13:26:39,488 - INFO - fastread - 192, 5720
2019-01-25 13:26:39,488 - INFO - fastread - 192, 5730
2019-01-25 13:26:39,498 - INFO - fastread - 192, 5740
2019-01-25 13:26:39,498 - INFO - fastread - 193, 5750
2019-01-25 13:26:39,508 - INFO - fastread - 193, 5760
2019-01-25 13:26:39,516 - INFO - fastread - 194, 5770
2019-01-25 13:26:39,556 - INFO - rig - ++++NEW CLF++++ SVM
2019-01-25 13:26:39,556 - INFO - fastread - Total Yes: 204 | Total No: 6264
2019-01-25 13:35:03,189 - INFO - fastread - 6, 10
2019-01-25 13:35:03,193 - INFO - fastread - 16, 20
2019-01-25 13:35:03,197 - INFO - fastread - 26, 30
2019-01-25 13:35:03,202 - INFO - fastread - 36, 40
2019-01-25 13:35:03,206 - INFO - fastread - 44, 50
2019-01-25 13:35:03,211 - INFO - fastread - 52, 60
2019-01-25 13:35:03,215 - INFO - fastread - 62, 70
2019-01-25 13:35:03,219 - INFO - fastread - 70, 80
2019-01-25 13:35:03,223 - INFO - fastread - 79, 90
2019-01-25 13:35:03,226 - INFO - fastread - 89, 100
2019-01-25 13:35:03,230 - INFO - fastread - 99, 110
2019-01-25 13:35:03,238 - INFO - fastread - 109, 120
2019-01-25 13:35:03,244 - INFO - fastread - 118, 130
2019-01-25 13:35:03,250 - INFO - fastread - 126, 140
2019-01-25 13:35:03,255 - INFO - fastread - 135, 150
2019-01-25 13:35:03,260 - INFO - fastread - 145, 160
2019-01-25 13:35:03,265 - INFO - fastread - 155, 170
2019-01-25 13:35:03,271 - INFO - fastread - 165, 180
2019-01-25 13:35:03,276 - INFO - fastread - 171, 190
2019-01-25 13:35:03,281 - INFO - fastread - 175, 200
2019-01-25 13:35:03,286 - INFO - fastread - 175, 210
2019-01-25 13:35:03,290 - INFO - fastread - 176, 220
2019-01-25 13:35:03,295 - INFO - fastread - 179, 230
2019-01-25 13:35:03,299 - INFO - fastread - 184, 240
2019-01-25 13:35:03,302 - INFO - fastread - 186, 250
2019-01-25 13:35:03,305 - INFO - fastread - 189, 260
2019-01-25 13:35:03,309 - INFO - fastread - 194, 270
2019-01-25 13:35:03,321 - INFO - rig - ++++NEW CLF++++ DT
2019-01-25 13:35:03,321 - INFO - fastread - Total Yes: 204 | Total No: 6264
2019-01-25 13:35:17,516 - INFO - fastread - 9, 10
2019-01-25 13:35:17,545 - INFO - fastread - 17, 20
2019-01-25 13:35:17,550 - INFO - fastread - 26, 30
2019-01-25 13:35:17,556 - INFO - fastread - 34, 40
2019-01-25 13:35:17,562 - INFO - fastread - 42, 50
2019-01-25 13:35:17,569 - INFO - fastread - 49, 60
2019-01-25 13:35:17,575 - INFO - fastread - 56, 70
2019-01-25 13:35:17,579 - INFO - fastread - 65, 80
2019-01-25 13:35:17,583 - INFO - fastread - 72, 90
2019-01-25 13:35:17,586 - INFO - fastread - 80, 100
2019-01-25 13:35:17,592 - INFO - fastread - 87, 110
2019-01-25 13:35:17,599 - INFO - fastread - 95, 120
2019-01-25 13:35:17,605 - INFO - fastread - 102, 130
2019-01-25 13:35:17,611 - INFO - fastread - 112, 140
2019-01-25 13:35:17,616 - INFO - fastread - 120, 150
2019-01-25 13:35:17,620 - INFO - fastread - 129, 160
2019-01-25 13:35:17,623 - INFO - fastread - 139, 170
2019-01-25 13:35:17,626 - INFO - fastread - 147, 180
2019-01-25 13:35:17,630 - INFO - fastread - 155, 190
2019-01-25 13:35:17,636 - INFO - fastread - 165, 200
2019-01-25 13:35:17,642 - INFO - fastread - 174, 210
2019-01-25 13:35:17,647 - INFO - fastread - 184, 220
2019-01-25 13:35:17,653 - INFO - fastread - 184, 230
2019-01-25 13:35:17,658 - INFO - fastread - 184, 240
2019-01-25 13:35:17,661 - INFO - fastread - 184, 250
2019-01-25 13:35:17,668 - INFO - fastread - 184, 260
2019-01-25 13:35:17,674 - INFO - fastread - 184, 270
2019-01-25 13:35:17,680 - INFO - fastread - 185, 280
2019-01-25 13:35:17,684 - INFO - fastread - 185, 290
2019-01-25 13:35:17,688 - INFO - fastread - 185, 300
2019-01-25 13:35:17,692 - INFO - fastread - 185, 310
2019-01-25 13:35:17,696 - INFO - fastread - 185, 320
2019-01-25 13:35:17,702 - INFO - fastread - 185, 330
2019-01-25 13:35:17,707 - INFO - fastread - 185, 340
2019-01-25 13:35:17,713 - INFO - fastread - 185, 350
2019-01-25 13:35:17,718 - INFO - fastread - 185, 360
2019-01-25 13:35:17,723 - INFO - fastread - 185, 370
2019-01-25 13:35:17,729 - INFO - fastread - 185, 380
2019-01-25 13:35:17,733 - INFO - fastread - 185, 390
2019-01-25 13:35:17,739 - INFO - fastread - 185, 400
2019-01-25 13:35:17,746 - INFO - fastread - 185, 410
2019-01-25 13:35:17,751 - INFO - fastread - 185, 420
2019-01-25 13:35:17,756 - INFO - fastread - 185, 430
2019-01-25 13:35:17,761 - INFO - fastread - 185, 440
2019-01-25 13:35:17,767 - INFO - fastread - 185, 450
2019-01-25 13:35:17,772 - INFO - fastread - 185, 460
2019-01-25 13:35:17,777 - INFO - fastread - 185, 470
2019-01-25 13:35:17,782 - INFO - fastread - 185, 480
2019-01-25 13:35:17,785 - INFO - fastread - 185, 490
2019-01-25 13:35:17,789 - INFO - fastread - 185, 500
2019-01-25 13:35:17,793 - INFO - fastread - 185, 510
2019-01-25 13:35:17,798 - INFO - fastread - 185, 520
2019-01-25 13:35:17,803 - INFO - fastread - 185, 530
2019-01-25 13:35:17,808 - INFO - fastread - 185, 540
2019-01-25 13:35:17,812 - INFO - fastread - 185, 550
2019-01-25 13:35:17,816 - INFO - fastread - 185, 560
2019-01-25 13:35:17,819 - INFO - fastread - 185, 570
2019-01-25 13:35:17,825 - INFO - fastread - 185, 580
2019-01-25 13:35:17,830 - INFO - fastread - 185, 590
2019-01-25 13:35:17,836 - INFO - fastread - 185, 600
2019-01-25 13:35:17,841 - INFO - fastread - 185, 610
2019-01-25 13:35:17,845 - INFO - fastread - 185, 620
2019-01-25 13:35:17,851 - INFO - fastread - 185, 630
2019-01-25 13:35:17,856 - INFO - fastread - 185, 640
2019-01-25 13:35:17,862 - INFO - fastread - 185, 650
2019-01-25 13:35:17,868 - INFO - fastread - 185, 660
2019-01-25 13:35:17,874 - INFO - fastread - 185, 670
2019-01-25 13:35:17,880 - INFO - fastread - 185, 680
2019-01-25 13:35:17,886 - INFO - fastread - 185, 690
2019-01-25 13:35:17,891 - INFO - fastread - 185, 700
2019-01-25 13:35:17,896 - INFO - fastread - 185, 710
2019-01-25 13:35:17,901 - INFO - fastread - 185, 720
2019-01-25 13:35:17,907 - INFO - fastread - 185, 730
2019-01-25 13:35:17,912 - INFO - fastread - 185, 740
2019-01-25 13:35:17,917 - INFO - fastread - 185, 750
2019-01-25 13:35:17,922 - INFO - fastread - 185, 760
2019-01-25 13:35:17,927 - INFO - fastread - 185, 770
2019-01-25 13:35:17,932 - INFO - fastread - 185, 780
2019-01-25 13:35:17,937 - INFO - fastread - 185, 790
2019-01-25 13:35:17,943 - INFO - fastread - 185, 800
2019-01-25 13:35:17,948 - INFO - fastread - 185, 810
2019-01-25 13:35:17,953 - INFO - fastread - 185, 820
2019-01-25 13:35:17,959 - INFO - fastread - 185, 830
2019-01-25 13:35:17,963 - INFO - fastread - 185, 840
2019-01-25 13:35:17,968 - INFO - fastread - 185, 850
2019-01-25 13:35:17,972 - INFO - fastread - 185, 860
2019-01-25 13:35:17,977 - INFO - fastread - 185, 870
2019-01-25 13:35:17,982 - INFO - fastread - 185, 880
2019-01-25 13:35:17,987 - INFO - fastread - 185, 890
2019-01-25 13:35:17,992 - INFO - fastread - 185, 900
2019-01-25 13:35:17,999 - INFO - fastread - 185, 910
2019-01-25 13:35:18,005 - INFO - fastread - 185, 920
2019-01-25 13:35:18,008 - INFO - fastread - 185, 930
2019-01-25 13:35:18,012 - INFO - fastread - 185, 940
2019-01-25 13:35:18,016 - INFO - fastread - 185, 950
2019-01-25 13:35:18,019 - INFO - fastread - 185, 960
2019-01-25 13:35:18,022 - INFO - fastread - 185, 970
2019-01-25 13:35:18,026 - INFO - fastread - 185, 980
2019-01-25 13:35:18,031 - INFO - fastread - 185, 990
2019-01-25 13:35:18,036 - INFO - fastread - 185, 1000
2019-01-25 13:35:18,042 - INFO - fastread - 185, 1010
2019-01-25 13:35:18,048 - INFO - fastread - 185, 1020
2019-01-25 13:35:18,053 - INFO - fastread - 185, 1030
2019-01-25 13:35:18,057 - INFO - fastread - 185, 1040
2019-01-25 13:35:18,060 - INFO - fastread - 185, 1050
2019-01-25 13:35:18,064 - INFO - fastread - 185, 1060
2019-01-25 13:35:18,068 - INFO - fastread - 185, 1070
2019-01-25 13:35:18,071 - INFO - fastread - 185, 1080
2019-01-25 13:35:18,075 - INFO - fastread - 185, 1090
2019-01-25 13:35:18,079 - INFO - fastread - 185, 1100
2019-01-25 13:35:18,083 - INFO - fastread - 185, 1110
2019-01-25 13:35:18,087 - INFO - fastread - 185, 1120
2019-01-25 13:35:18,091 - INFO - fastread - 185, 1130
2019-01-25 13:35:18,096 - INFO - fastread - 185, 1140
2019-01-25 13:35:18,099 - INFO - fastread - 185, 1150
2019-01-25 13:35:18,103 - INFO - fastread - 185, 1160
2019-01-25 13:35:18,106 - INFO - fastread - 185, 1170
2019-01-25 13:35:18,109 - INFO - fastread - 185, 1180
2019-01-25 13:35:18,114 - INFO - fastread - 185, 1190
2019-01-25 13:35:18,120 - INFO - fastread - 185, 1200
2019-01-25 13:35:18,125 - INFO - fastread - 185, 1210
2019-01-25 13:35:18,130 - INFO - fastread - 185, 1220
2019-01-25 13:35:18,133 - INFO - fastread - 185, 1230
2019-01-25 13:35:18,137 - INFO - fastread - 185, 1240
2019-01-25 13:35:18,140 - INFO - fastread - 185, 1250
2019-01-25 13:35:18,144 - INFO - fastread - 185, 1260
2019-01-25 13:35:18,147 - INFO - fastread - 185, 1270
2019-01-25 13:35:18,150 - INFO - fastread - 185, 1280
2019-01-25 13:35:18,154 - INFO - fastread - 185, 1290
2019-01-25 13:35:18,157 - INFO - fastread - 185, 1300
2019-01-25 13:35:18,160 - INFO - fastread - 185, 1310
2019-01-25 13:35:18,165 - INFO - fastread - 185, 1320
2019-01-25 13:35:18,171 - INFO - fastread - 185, 1330
2019-01-25 13:35:18,176 - INFO - fastread - 185, 1340
2019-01-25 13:35:18,179 - INFO - fastread - 185, 1350
2019-01-25 13:35:18,183 - INFO - fastread - 185, 1360
2019-01-25 13:35:18,186 - INFO - fastread - 185, 1370
2019-01-25 13:35:18,189 - INFO - fastread - 185, 1380
2019-01-25 13:35:18,193 - INFO - fastread - 185, 1390
2019-01-25 13:35:18,198 - INFO - fastread - 185, 1400
2019-01-25 13:35:18,202 - INFO - fastread - 185, 1410
2019-01-25 13:35:18,205 - INFO - fastread - 185, 1420
2019-01-25 13:35:18,209 - INFO - fastread - 185, 1430
2019-01-25 13:35:18,214 - INFO - fastread - 186, 1440
2019-01-25 13:35:18,220 - INFO - fastread - 186, 1450
2019-01-25 13:35:18,225 - INFO - fastread - 186, 1460
2019-01-25 13:35:18,230 - INFO - fastread - 186, 1470
2019-01-25 13:35:18,235 - INFO - fastread - 186, 1480
2019-01-25 13:35:18,239 - INFO - fastread - 187, 1490
2019-01-25 13:35:18,243 - INFO - fastread - 187, 1500
2019-01-25 13:35:18,247 - INFO - fastread - 187, 1510
2019-01-25 13:35:18,250 - INFO - fastread - 187, 1520
2019-01-25 13:35:18,254 - INFO - fastread - 187, 1530
2019-01-25 13:35:18,258 - INFO - fastread - 187, 1540
2019-01-25 13:35:18,262 - INFO - fastread - 187, 1550
2019-01-25 13:35:18,267 - INFO - fastread - 187, 1560
2019-01-25 13:35:18,272 - INFO - fastread - 187, 1570
2019-01-25 13:35:18,276 - INFO - fastread - 187, 1580
2019-01-25 13:35:18,280 - INFO - fastread - 187, 1590
2019-01-25 13:35:18,309 - INFO - fastread - 187, 1600
2019-01-25 13:35:18,316 - INFO - fastread - 187, 1610
2019-01-25 13:35:18,324 - INFO - fastread - 187, 1620
2019-01-25 13:35:18,345 - INFO - fastread - 187, 1630
2019-01-25 13:35:18,351 - INFO - fastread - 187, 1640
2019-01-25 13:35:18,357 - INFO - fastread - 187, 1650
2019-01-25 13:35:18,363 - INFO - fastread - 187, 1660
2019-01-25 13:35:18,368 - INFO - fastread - 187, 1670
2019-01-25 13:35:18,374 - INFO - fastread - 187, 1680
2019-01-25 13:35:18,379 - INFO - fastread - 187, 1690
2019-01-25 13:35:18,385 - INFO - fastread - 187, 1700
2019-01-25 13:35:18,390 - INFO - fastread - 187, 1710
2019-01-25 13:35:18,399 - INFO - fastread - 187, 1720
2019-01-25 13:35:18,409 - INFO - fastread - 187, 1730
2019-01-25 13:35:18,415 - INFO - fastread - 187, 1740
2019-01-25 13:35:18,422 - INFO - fastread - 187, 1750
2019-01-25 13:35:18,428 - INFO - fastread - 187, 1760
2019-01-25 13:35:18,434 - INFO - fastread - 187, 1770
2019-01-25 13:35:18,439 - INFO - fastread - 187, 1780
2019-01-25 13:35:18,445 - INFO - fastread - 187, 1790
2019-01-25 13:35:18,451 - INFO - fastread - 187, 1800
2019-01-25 13:35:18,456 - INFO - fastread - 187, 1810
2019-01-25 13:35:18,461 - INFO - fastread - 187, 1820
2019-01-25 13:35:18,467 - INFO - fastread - 187, 1830
2019-01-25 13:35:18,474 - INFO - fastread - 187, 1840
2019-01-25 13:35:18,479 - INFO - fastread - 187, 1850
2019-01-25 13:35:18,486 - INFO - fastread - 187, 1860
2019-01-25 13:35:18,492 - INFO - fastread - 187, 1870
2019-01-25 13:35:18,498 - INFO - fastread - 187, 1880
2019-01-25 13:35:18,504 - INFO - fastread - 187, 1890
2019-01-25 13:35:18,510 - INFO - fastread - 187, 1900
2019-01-25 13:35:18,515 - INFO - fastread - 187, 1910
2019-01-25 13:35:18,519 - INFO - fastread - 187, 1920
2019-01-25 13:35:18,523 - INFO - fastread - 187, 1930
2019-01-25 13:35:18,529 - INFO - fastread - 187, 1940
2019-01-25 13:35:18,532 - INFO - fastread - 188, 1950
2019-01-25 13:35:18,536 - INFO - fastread - 188, 1960
2019-01-25 13:35:18,539 - INFO - fastread - 188, 1970
2019-01-25 13:35:18,543 - INFO - fastread - 188, 1980
2019-01-25 13:35:18,549 - INFO - fastread - 188, 1990
2019-01-25 13:35:18,554 - INFO - fastread - 188, 2000
2019-01-25 13:35:18,557 - INFO - fastread - 188, 2010
2019-01-25 13:35:18,562 - INFO - fastread - 189, 2020
2019-01-25 13:35:18,567 - INFO - fastread - 189, 2030
2019-01-25 13:35:18,573 - INFO - fastread - 189, 2040
2019-01-25 13:35:18,578 - INFO - fastread - 189, 2050
2019-01-25 13:35:18,584 - INFO - fastread - 189, 2060
2019-01-25 13:35:18,590 - INFO - fastread - 189, 2070
2019-01-25 13:35:18,595 - INFO - fastread - 189, 2080
2019-01-25 13:35:18,600 - INFO - fastread - 189, 2090
2019-01-25 13:35:18,605 - INFO - fastread - 189, 2100
2019-01-25 13:35:18,610 - INFO - fastread - 189, 2110
2019-01-25 13:35:18,616 - INFO - fastread - 189, 2120
2019-01-25 13:35:18,621 - INFO - fastread - 189, 2130
2019-01-25 13:35:18,626 - INFO - fastread - 189, 2140
2019-01-25 13:35:18,631 - INFO - fastread - 189, 2150
2019-01-25 13:35:18,636 - INFO - fastread - 189, 2160
2019-01-25 13:35:18,641 - INFO - fastread - 189, 2170
2019-01-25 13:35:18,646 - INFO - fastread - 189, 2180
2019-01-25 13:35:18,653 - INFO - fastread - 189, 2190
2019-01-25 13:35:18,658 - INFO - fastread - 189, 2200
2019-01-25 13:35:18,663 - INFO - fastread - 189, 2210
2019-01-25 13:35:18,668 - INFO - fastread - 189, 2220
2019-01-25 13:35:18,673 - INFO - fastread - 189, 2230
2019-01-25 13:35:18,677 - INFO - fastread - 189, 2240
2019-01-25 13:35:18,681 - INFO - fastread - 189, 2250
2019-01-25 13:35:18,685 - INFO - fastread - 189, 2260
2019-01-25 13:35:18,688 - INFO - fastread - 189, 2270
2019-01-25 13:35:18,691 - INFO - fastread - 189, 2280
2019-01-25 13:35:18,694 - INFO - fastread - 189, 2290
2019-01-25 13:35:18,698 - INFO - fastread - 189, 2300
2019-01-25 13:35:18,701 - INFO - fastread - 189, 2310
2019-01-25 13:35:18,705 - INFO - fastread - 189, 2320
2019-01-25 13:35:18,708 - INFO - fastread - 189, 2330
2019-01-25 13:35:18,711 - INFO - fastread - 189, 2340
2019-01-25 13:35:18,715 - INFO - fastread - 189, 2350
2019-01-25 13:35:18,718 - INFO - fastread - 189, 2360
2019-01-25 13:35:18,721 - INFO - fastread - 189, 2370
2019-01-25 13:35:18,725 - INFO - fastread - 189, 2380
2019-01-25 13:35:18,728 - INFO - fastread - 189, 2390
2019-01-25 13:35:18,733 - INFO - fastread - 189, 2400
2019-01-25 13:35:18,737 - INFO - fastread - 189, 2410
2019-01-25 13:35:18,740 - INFO - fastread - 189, 2420
2019-01-25 13:35:18,744 - INFO - fastread - 189, 2430
2019-01-25 13:35:18,749 - INFO - fastread - 189, 2440
2019-01-25 13:35:18,754 - INFO - fastread - 189, 2450
2019-01-25 13:35:18,759 - INFO - fastread - 189, 2460
2019-01-25 13:35:18,765 - INFO - fastread - 189, 2470
2019-01-25 13:35:18,770 - INFO - fastread - 189, 2480
2019-01-25 13:35:18,776 - INFO - fastread - 189, 2490
2019-01-25 13:35:18,781 - INFO - fastread - 189, 2500
2019-01-25 13:35:18,791 - INFO - fastread - 189, 2510
2019-01-25 13:35:18,798 - INFO - fastread - 189, 2520
2019-01-25 13:35:18,805 - INFO - fastread - 189, 2530
2019-01-25 13:35:18,814 - INFO - fastread - 189, 2540
2019-01-25 13:35:18,820 - INFO - fastread - 189, 2550
2019-01-25 13:35:18,825 - INFO - fastread - 189, 2560
2019-01-25 13:35:18,832 - INFO - fastread - 189, 2570
2019-01-25 13:35:18,837 - INFO - fastread - 189, 2580
2019-01-25 13:35:18,843 - INFO - fastread - 189, 2590
2019-01-25 13:35:18,849 - INFO - fastread - 189, 2600
2019-01-25 13:35:18,854 - INFO - fastread - 189, 2610
2019-01-25 13:35:18,861 - INFO - fastread - 189, 2620
2019-01-25 13:35:18,865 - INFO - fastread - 190, 2630
2019-01-25 13:35:18,870 - INFO - fastread - 190, 2640
2019-01-25 13:35:18,874 - INFO - fastread - 190, 2650
2019-01-25 13:35:18,880 - INFO - fastread - 190, 2660
2019-01-25 13:35:18,885 - INFO - fastread - 190, 2670
2019-01-25 13:35:18,890 - INFO - fastread - 190, 2680
2019-01-25 13:35:18,896 - INFO - fastread - 190, 2690
2019-01-25 13:35:18,901 - INFO - fastread - 190, 2700
2019-01-25 13:35:18,907 - INFO - fastread - 190, 2710
2019-01-25 13:35:18,914 - INFO - fastread - 190, 2720
2019-01-25 13:35:18,918 - INFO - fastread - 190, 2730
2019-01-25 13:35:18,923 - INFO - fastread - 190, 2740
2019-01-25 13:35:18,929 - INFO - fastread - 190, 2750
2019-01-25 13:35:18,936 - INFO - fastread - 190, 2760
2019-01-25 13:35:18,943 - INFO - fastread - 190, 2770
2019-01-25 13:35:18,950 - INFO - fastread - 190, 2780
2019-01-25 13:35:18,956 - INFO - fastread - 191, 2790
2019-01-25 13:35:18,963 - INFO - fastread - 191, 2800
2019-01-25 13:35:18,969 - INFO - fastread - 191, 2810
2019-01-25 13:35:18,973 - INFO - fastread - 191, 2820
2019-01-25 13:35:18,980 - INFO - fastread - 191, 2830
2019-01-25 13:35:18,987 - INFO - fastread - 191, 2840
2019-01-25 13:35:18,994 - INFO - fastread - 191, 2850
2019-01-25 13:35:19,000 - INFO - fastread - 191, 2860
2019-01-25 13:35:19,036 - INFO - fastread - 191, 2870
2019-01-25 13:35:19,066 - INFO - fastread - 191, 2880
2019-01-25 13:35:19,073 - INFO - fastread - 191, 2890
2019-01-25 13:35:19,087 - INFO - fastread - 191, 2900
2019-01-25 13:35:19,095 - INFO - fastread - 191, 2910
2019-01-25 13:35:19,104 - INFO - fastread - 191, 2920
2019-01-25 13:35:19,111 - INFO - fastread - 191, 2930
2019-01-25 13:35:19,118 - INFO - fastread - 191, 2940
2019-01-25 13:35:19,123 - INFO - fastread - 191, 2950
2019-01-25 13:35:19,130 - INFO - fastread - 191, 2960
2019-01-25 13:35:19,136 - INFO - fastread - 191, 2970
2019-01-25 13:35:19,143 - INFO - fastread - 191, 2980
2019-01-25 13:35:19,150 - INFO - fastread - 191, 2990
2019-01-25 13:35:19,156 - INFO - fastread - 191, 3000
2019-01-25 13:35:19,162 - INFO - fastread - 191, 3010
2019-01-25 13:35:19,168 - INFO - fastread - 191, 3020
2019-01-25 13:35:19,174 - INFO - fastread - 191, 3030
2019-01-25 13:35:19,181 - INFO - fastread - 191, 3040
2019-01-25 13:35:19,187 - INFO - fastread - 191, 3050
2019-01-25 13:35:19,195 - INFO - fastread - 191, 3060
2019-01-25 13:35:19,201 - INFO - fastread - 191, 3070
2019-01-25 13:35:19,207 - INFO - fastread - 191, 3080
2019-01-25 13:35:19,213 - INFO - fastread - 191, 3090
2019-01-25 13:35:19,218 - INFO - fastread - 191, 3100
2019-01-25 13:35:19,222 - INFO - fastread - 191, 3110
2019-01-25 13:35:19,226 - INFO - fastread - 191, 3120
2019-01-25 13:35:19,232 - INFO - fastread - 191, 3130
2019-01-25 13:35:19,238 - INFO - fastread - 191, 3140
2019-01-25 13:35:19,244 - INFO - fastread - 191, 3150
2019-01-25 13:35:19,250 - INFO - fastread - 191, 3160
2019-01-25 13:35:19,256 - INFO - fastread - 191, 3170
2019-01-25 13:35:19,262 - INFO - fastread - 191, 3180
2019-01-25 13:35:19,266 - INFO - fastread - 191, 3190
2019-01-25 13:35:19,270 - INFO - fastread - 191, 3200
2019-01-25 13:35:19,274 - INFO - fastread - 191, 3210
2019-01-25 13:35:19,280 - INFO - fastread - 191, 3220
2019-01-25 13:35:19,286 - INFO - fastread - 191, 3230
2019-01-25 13:35:19,291 - INFO - fastread - 191, 3240
2019-01-25 13:35:19,296 - INFO - fastread - 191, 3250
2019-01-25 13:35:19,301 - INFO - fastread - 192, 3260
2019-01-25 13:35:19,306 - INFO - fastread - 192, 3270
2019-01-25 13:35:19,312 - INFO - fastread - 192, 3280
2019-01-25 13:35:19,317 - INFO - fastread - 192, 3290
2019-01-25 13:35:19,323 - INFO - fastread - 192, 3300
2019-01-25 13:35:19,326 - INFO - fastread - 192, 3310
2019-01-25 13:35:19,330 - INFO - fastread - 192, 3320
2019-01-25 13:35:19,334 - INFO - fastread - 192, 3330
2019-01-25 13:35:19,338 - INFO - fastread - 192, 3340
2019-01-25 13:35:19,341 - INFO - fastread - 192, 3350
2019-01-25 13:35:19,346 - INFO - fastread - 192, 3360
2019-01-25 13:35:19,352 - INFO - fastread - 192, 3370
2019-01-25 13:35:19,356 - INFO - fastread - 192, 3380
2019-01-25 13:35:19,360 - INFO - fastread - 192, 3390
2019-01-25 13:35:19,365 - INFO - fastread - 192, 3400
2019-01-25 13:35:19,368 - INFO - fastread - 192, 3410
2019-01-25 13:35:19,372 - INFO - fastread - 192, 3420
2019-01-25 13:35:19,376 - INFO - fastread - 192, 3430
2019-01-25 13:35:19,380 - INFO - fastread - 192, 3440
2019-01-25 13:35:19,384 - INFO - fastread - 192, 3450
2019-01-25 13:35:19,389 - INFO - fastread - 192, 3460
2019-01-25 13:35:19,396 - INFO - fastread - 192, 3470
2019-01-25 13:35:19,402 - INFO - fastread - 192, 3480
2019-01-25 13:35:19,407 - INFO - fastread - 192, 3490
2019-01-25 13:35:19,414 - INFO - fastread - 192, 3500
2019-01-25 13:35:19,420 - INFO - fastread - 192, 3510
2019-01-25 13:35:19,426 - INFO - fastread - 193, 3520
2019-01-25 13:35:19,433 - INFO - fastread - 193, 3530
2019-01-25 13:35:19,439 - INFO - fastread - 193, 3540
2019-01-25 13:35:19,445 - INFO - fastread - 193, 3550
2019-01-25 13:35:19,452 - INFO - fastread - 193, 3560
2019-01-25 13:35:19,458 - INFO - fastread - 193, 3570
2019-01-25 13:35:19,463 - INFO - fastread - 193, 3580
2019-01-25 13:35:19,468 - INFO - fastread - 193, 3590
2019-01-25 13:35:19,471 - INFO - fastread - 193, 3600
2019-01-25 13:35:19,475 - INFO - fastread - 193, 3610
2019-01-25 13:35:19,479 - INFO - fastread - 193, 3620
2019-01-25 13:35:19,485 - INFO - fastread - 193, 3630
2019-01-25 13:35:19,490 - INFO - fastread - 193, 3640
2019-01-25 13:35:19,496 - INFO - fastread - 193, 3650
2019-01-25 13:35:19,500 - INFO - fastread - 193, 3660
2019-01-25 13:35:19,503 - INFO - fastread - 193, 3670
2019-01-25 13:35:19,507 - INFO - fastread - 193, 3680
2019-01-25 13:35:19,511 - INFO - fastread - 193, 3690
2019-01-25 13:35:19,515 - INFO - fastread - 193, 3700
2019-01-25 13:35:19,521 - INFO - fastread - 193, 3710
2019-01-25 13:35:19,527 - INFO - fastread - 193, 3720
2019-01-25 13:35:19,533 - INFO - fastread - 193, 3730
2019-01-25 13:35:19,538 - INFO - fastread - 193, 3740
2019-01-25 13:35:19,544 - INFO - fastread - 193, 3750
2019-01-25 13:35:19,549 - INFO - fastread - 193, 3760
2019-01-25 13:35:19,555 - INFO - fastread - 193, 3770
2019-01-25 13:35:19,561 - INFO - fastread - 193, 3780
2019-01-25 13:35:19,568 - INFO - fastread - 193, 3790
2019-01-25 13:35:19,574 - INFO - fastread - 193, 3800
2019-01-25 13:35:19,580 - INFO - fastread - 193, 3810
2019-01-25 13:35:19,586 - INFO - fastread - 193, 3820
2019-01-25 13:35:19,592 - INFO - fastread - 193, 3830
2019-01-25 13:35:19,595 - INFO - fastread - 193, 3840
2019-01-25 13:35:19,599 - INFO - fastread - 193, 3850
2019-01-25 13:35:19,602 - INFO - fastread - 193, 3860
2019-01-25 13:35:19,606 - INFO - fastread - 193, 3870
2019-01-25 13:35:19,610 - INFO - fastread - 193, 3880
2019-01-25 13:35:19,615 - INFO - fastread - 193, 3890
2019-01-25 13:35:19,619 - INFO - fastread - 193, 3900
2019-01-25 13:35:19,625 - INFO - fastread - 193, 3910
2019-01-25 13:35:19,631 - INFO - fastread - 193, 3920
2019-01-25 13:35:19,638 - INFO - fastread - 193, 3930
2019-01-25 13:35:19,643 - INFO - fastread - 193, 3940
2019-01-25 13:35:19,648 - INFO - fastread - 193, 3950
2019-01-25 13:35:19,655 - INFO - fastread - 193, 3960
2019-01-25 13:35:19,660 - INFO - fastread - 193, 3970
2019-01-25 13:35:19,666 - INFO - fastread - 193, 3980
2019-01-25 13:35:19,672 - INFO - fastread - 193, 3990
2019-01-25 13:35:19,677 - INFO - fastread - 193, 4000
2019-01-25 13:35:19,683 - INFO - fastread - 193, 4010
2019-01-25 13:35:19,687 - INFO - fastread - 193, 4020
2019-01-25 13:35:19,693 - INFO - fastread - 193, 4030
2019-01-25 13:35:19,699 - INFO - fastread - 193, 4040
2019-01-25 13:35:19,703 - INFO - fastread - 193, 4050
2019-01-25 13:35:19,708 - INFO - fastread - 193, 4060
2019-01-25 13:35:19,714 - INFO - fastread - 193, 4070
2019-01-25 13:35:19,720 - INFO - fastread - 193, 4080
2019-01-25 13:35:19,724 - INFO - fastread - 193, 4090
2019-01-25 13:35:19,729 - INFO - fastread - 193, 4100
2019-01-25 13:35:19,734 - INFO - fastread - 193, 4110
2019-01-25 13:35:19,738 - INFO - fastread - 193, 4120
2019-01-25 13:35:19,741 - INFO - fastread - 193, 4130
2019-01-25 13:35:19,746 - INFO - fastread - 193, 4140
2019-01-25 13:35:19,749 - INFO - fastread - 193, 4150
2019-01-25 13:35:19,753 - INFO - fastread - 193, 4160
2019-01-25 13:35:19,757 - INFO - fastread - 193, 4170
2019-01-25 13:35:19,763 - INFO - fastread - 193, 4180
2019-01-25 13:35:19,769 - INFO - fastread - 193, 4190
2019-01-25 13:35:19,774 - INFO - fastread - 193, 4200
2019-01-25 13:35:19,778 - INFO - fastread - 193, 4210
2019-01-25 13:35:19,785 - INFO - fastread - 193, 4220
2019-01-25 13:35:19,789 - INFO - fastread - 193, 4230
2019-01-25 13:35:19,794 - INFO - fastread - 193, 4240
2019-01-25 13:35:19,800 - INFO - fastread - 193, 4250
2019-01-25 13:35:19,804 - INFO - fastread - 193, 4260
2019-01-25 13:35:19,808 - INFO - fastread - 193, 4270
2019-01-25 13:35:19,812 - INFO - fastread - 193, 4280
2019-01-25 13:35:19,818 - INFO - fastread - 193, 4290
2019-01-25 13:35:19,821 - INFO - fastread - 194, 4300
