2019-01-25 13:42:34,165 - INFO - rig - emf-2.4.1
2019-01-25 13:42:41,905 - INFO - rig - ++++NEW CLF++++ FASTREAD
2019-01-25 13:42:41,905 - INFO - fastread - Total Yes: 104 | Total No: 4285
2019-01-25 13:42:42,180 - INFO - fastread - 0, 0
2019-01-25 13:42:43,128 - INFO - fastread - 0, 10
2019-01-25 13:42:44,087 - INFO - fastread - 0, 20
2019-01-25 13:42:45,096 - INFO - fastread - 0, 30
2019-01-25 13:42:46,084 - INFO - fastread - 0, 40
2019-01-25 13:42:47,001 - INFO - fastread - 0, 50
2019-01-25 13:42:47,911 - INFO - fastread - 0, 60
2019-01-25 13:42:48,961 - INFO - fastread - 0, 70
2019-01-25 13:42:49,889 - INFO - fastread - 0, 80
2019-01-25 13:42:50,847 - INFO - fastread - 0, 90
2019-01-25 13:42:51,724 - INFO - fastread - 0, 100
2019-01-25 13:42:52,743 - INFO - fastread - 0, 110
2019-01-25 13:42:53,711 - INFO - fastread - 0, 120
2019-01-25 13:42:54,610 - INFO - fastread - 0, 130
2019-01-25 13:42:55,599 - INFO - fastread - 0, 140
2019-01-25 13:42:56,507 - INFO - fastread - 0, 148
2019-01-25 13:42:57,425 - INFO - fastread - 1, 158
2019-01-25 13:42:58,394 - INFO - fastread - 1, 167
2019-01-25 13:42:59,383 - INFO - fastread - 2, 176
2019-01-25 13:43:00,251 - INFO - fastread - 2, 184
2019-01-25 13:43:01,231 - INFO - fastread - 2, 194
2019-01-25 13:43:02,106 - INFO - fastread - 3, 204
2019-01-25 13:43:03,066 - INFO - fastread - 3, 214
2019-01-25 13:43:04,007 - INFO - fastread - 3, 223
2019-01-25 13:43:04,864 - INFO - fastread - 3, 231
2019-01-25 13:43:05,760 - INFO - fastread - 4, 240
2019-01-25 13:43:06,833 - INFO - fastread - 4, 250
2019-01-25 13:43:07,671 - INFO - fastread - 4, 260
2019-01-25 13:43:08,530 - INFO - fastread - 4, 270
2019-01-25 13:43:09,399 - INFO - fastread - 4, 280
2019-01-25 13:43:10,310 - INFO - fastread - 4, 290
2019-01-25 13:43:11,341 - INFO - fastread - 5, 298
2019-01-25 13:43:12,452 - INFO - fastread - 8, 308
2019-01-25 13:43:13,725 - INFO - fastread - 9, 318
2019-01-25 13:43:14,948 - INFO - fastread - 15, 328
2019-01-25 13:43:16,202 - INFO - fastread - 22, 338
2019-01-25 13:43:17,403 - INFO - fastread - 30, 348
2019-01-25 13:43:18,435 - INFO - fastread - 32, 358
2019-01-25 13:43:19,527 - INFO - fastread - 33, 368
2019-01-25 13:43:20,649 - INFO - fastread - 35, 378
2019-01-25 13:43:21,677 - INFO - fastread - 35, 388
2019-01-25 13:43:22,659 - INFO - fastread - 36, 398
2019-01-25 13:43:23,851 - INFO - fastread - 38, 408
2019-01-25 13:43:24,809 - INFO - fastread - 39, 418
2019-01-25 13:43:25,820 - INFO - fastread - 42, 428
2019-01-25 13:43:26,939 - INFO - fastread - 47, 438
2019-01-25 13:43:27,992 - INFO - fastread - 47, 448
2019-01-25 13:43:29,062 - INFO - fastread - 49, 458
2019-01-25 13:43:30,193 - INFO - fastread - 49, 468
2019-01-25 13:43:31,576 - INFO - fastread - 50, 478
2019-01-25 13:43:32,674 - INFO - fastread - 50, 488
2019-01-25 13:43:33,828 - INFO - fastread - 51, 498
2019-01-25 13:43:34,980 - INFO - fastread - 51, 508
2019-01-25 13:43:36,120 - INFO - fastread - 51, 518
2019-01-25 13:43:37,300 - INFO - fastread - 51, 528
2019-01-25 13:43:38,482 - INFO - fastread - 51, 538
2019-01-25 13:43:39,646 - INFO - fastread - 51, 548
2019-01-25 13:43:40,777 - INFO - fastread - 52, 558
2019-01-25 13:43:42,049 - INFO - fastread - 52, 568
2019-01-25 13:43:43,193 - INFO - fastread - 52, 578
2019-01-25 13:43:44,363 - INFO - fastread - 52, 588
2019-01-25 13:43:45,515 - INFO - fastread - 52, 598
2019-01-25 13:43:46,705 - INFO - fastread - 52, 608
2019-01-25 13:43:47,968 - INFO - fastread - 52, 618
2019-01-25 13:43:49,089 - INFO - fastread - 52, 628
2019-01-25 13:43:50,412 - INFO - fastread - 52, 638
2019-01-25 13:43:51,712 - INFO - fastread - 52, 648
2019-01-25 13:43:53,781 - INFO - fastread - 53, 658
2019-01-25 13:43:55,618 - INFO - fastread - 54, 668
2019-01-25 13:43:57,319 - INFO - fastread - 54, 678
2019-01-25 13:43:58,834 - INFO - fastread - 54, 688
2019-01-25 13:44:00,188 - INFO - fastread - 54, 698
2019-01-25 13:44:01,544 - INFO - fastread - 55, 708
2019-01-25 13:44:02,795 - INFO - fastread - 56, 718
2019-01-25 13:44:04,208 - INFO - fastread - 58, 728
2019-01-25 13:44:05,814 - INFO - fastread - 58, 738
2019-01-25 13:44:07,796 - INFO - fastread - 66, 748
2019-01-25 13:44:09,449 - INFO - fastread - 68, 758
2019-01-25 13:44:11,096 - INFO - fastread - 68, 768
2019-01-25 13:44:12,871 - INFO - fastread - 69, 778
2019-01-25 13:44:14,514 - INFO - fastread - 72, 788
2019-01-25 13:44:16,127 - INFO - fastread - 72, 798
2019-01-25 13:44:17,782 - INFO - fastread - 72, 808
2019-01-25 13:44:19,828 - INFO - fastread - 72, 818
2019-01-25 13:44:21,401 - INFO - fastread - 73, 828
2019-01-25 13:44:23,589 - INFO - fastread - 73, 838
2019-01-25 13:44:25,431 - INFO - fastread - 73, 848
2019-01-25 13:44:27,299 - INFO - fastread - 73, 858
2019-01-25 13:44:29,076 - INFO - fastread - 73, 868
2019-01-25 13:44:30,788 - INFO - fastread - 74, 878
2019-01-25 13:44:32,475 - INFO - fastread - 74, 888
2019-01-25 13:44:35,167 - INFO - fastread - 74, 898
2019-01-25 13:44:36,972 - INFO - fastread - 74, 908
2019-01-25 13:44:38,431 - INFO - fastread - 74, 918
2019-01-25 13:44:40,025 - INFO - fastread - 74, 928
2019-01-25 13:44:41,681 - INFO - fastread - 74, 938
2019-01-25 13:44:43,264 - INFO - fastread - 74, 948
2019-01-25 13:44:45,040 - INFO - fastread - 74, 958
2019-01-25 13:44:46,899 - INFO - fastread - 75, 968
2019-01-25 13:44:48,657 - INFO - fastread - 75, 978
2019-01-25 13:44:50,212 - INFO - fastread - 75, 988
2019-01-25 13:44:51,837 - INFO - fastread - 75, 998
2019-01-25 13:44:53,425 - INFO - fastread - 75, 1008
2019-01-25 13:44:55,151 - INFO - fastread - 75, 1018
2019-01-25 13:44:57,047 - INFO - fastread - 75, 1028
2019-01-25 13:44:59,064 - INFO - fastread - 75, 1038
2019-01-25 13:45:01,415 - INFO - fastread - 75, 1048
2019-01-25 13:45:04,711 - INFO - fastread - 75, 1058
2019-01-25 13:45:06,583 - INFO - fastread - 75, 1068
2019-01-25 13:45:08,501 - INFO - fastread - 75, 1078
2019-01-25 13:45:10,692 - INFO - fastread - 75, 1088
2019-01-25 13:45:12,891 - INFO - fastread - 75, 1098
2019-01-25 13:45:53,712 - INFO - fastread - 75, 1108
2019-01-25 13:45:57,057 - INFO - fastread - 75, 1118
2019-01-25 13:45:59,930 - INFO - fastread - 76, 1128
2019-01-25 13:46:03,700 - INFO - fastread - 76, 1138
2019-01-25 13:46:07,692 - INFO - fastread - 76, 1148
2019-01-25 13:46:10,137 - INFO - fastread - 77, 1158
2019-01-25 13:46:12,066 - INFO - fastread - 77, 1168
2019-01-25 13:46:14,094 - INFO - fastread - 77, 1178
2019-01-25 13:46:16,032 - INFO - fastread - 77, 1188
2019-01-25 13:46:18,243 - INFO - fastread - 77, 1198
2019-01-25 13:46:20,233 - INFO - fastread - 77, 1208
2019-01-25 13:46:21,969 - INFO - fastread - 77, 1218
2019-01-25 13:46:23,754 - INFO - fastread - 77, 1228
2019-01-25 13:46:25,600 - INFO - fastread - 77, 1238
2019-01-25 13:46:27,527 - INFO - fastread - 77, 1248
2019-01-25 13:46:29,332 - INFO - fastread - 78, 1258
2019-01-25 13:46:31,478 - INFO - fastread - 79, 1268
2019-01-25 13:46:33,429 - INFO - fastread - 79, 1278
2019-01-25 13:46:35,195 - INFO - fastread - 80, 1288
2019-01-25 13:46:37,003 - INFO - fastread - 81, 1298
2019-01-25 13:46:38,721 - INFO - fastread - 82, 1308
2019-01-25 13:46:40,811 - INFO - fastread - 83, 1318
2019-01-25 13:46:42,869 - INFO - fastread - 84, 1328
2019-01-25 13:46:44,820 - INFO - fastread - 84, 1338
2019-01-25 13:46:46,617 - INFO - fastread - 85, 1348
2019-01-25 13:46:48,605 - INFO - fastread - 85, 1358
2019-01-25 13:46:50,371 - INFO - fastread - 85, 1368
2019-01-25 13:46:52,119 - INFO - fastread - 86, 1378
2019-01-25 13:46:53,814 - INFO - fastread - 86, 1388
2019-01-25 13:46:55,569 - INFO - fastread - 86, 1398
2019-01-25 13:46:57,497 - INFO - fastread - 86, 1408
2019-01-25 13:46:59,231 - INFO - fastread - 86, 1418
2019-01-25 13:47:01,023 - INFO - fastread - 86, 1428
2019-01-25 13:47:02,878 - INFO - fastread - 86, 1438
2019-01-25 13:47:04,901 - INFO - fastread - 86, 1448
2019-01-25 13:47:07,044 - INFO - fastread - 86, 1458
2019-01-25 13:47:09,198 - INFO - fastread - 86, 1468
2019-01-25 13:47:11,264 - INFO - fastread - 86, 1478
2019-01-25 13:47:13,548 - INFO - fastread - 86, 1488
2019-01-25 13:47:15,439 - INFO - fastread - 87, 1498
2019-01-25 13:47:17,350 - INFO - fastread - 87, 1508
2019-01-25 13:47:19,209 - INFO - fastread - 87, 1518
2019-01-25 13:47:21,276 - INFO - fastread - 87, 1528
2019-01-25 13:47:23,699 - INFO - fastread - 87, 1538
2019-01-25 13:47:26,067 - INFO - fastread - 87, 1548
2019-01-25 13:47:27,844 - INFO - fastread - 87, 1558
2019-01-25 13:47:29,701 - INFO - fastread - 87, 1568
2019-01-25 13:47:31,569 - INFO - fastread - 87, 1578
2019-01-25 13:47:33,449 - INFO - fastread - 87, 1588
2019-01-25 13:47:35,353 - INFO - fastread - 87, 1598
2019-01-25 13:47:37,172 - INFO - fastread - 87, 1608
2019-01-25 13:47:38,959 - INFO - fastread - 87, 1618
2019-01-25 13:47:40,742 - INFO - fastread - 87, 1628
2019-01-25 13:47:42,642 - INFO - fastread - 87, 1638
2019-01-25 13:47:44,774 - INFO - fastread - 87, 1648
2019-01-25 13:47:46,466 - INFO - fastread - 87, 1658
2019-01-25 13:47:48,076 - INFO - fastread - 87, 1668
2019-01-25 13:47:49,799 - INFO - fastread - 87, 1678
2019-01-25 13:47:51,573 - INFO - fastread - 87, 1688
2019-01-25 13:47:53,359 - INFO - fastread - 87, 1698
2019-01-25 13:47:55,203 - INFO - fastread - 87, 1708
2019-01-25 13:47:56,879 - INFO - fastread - 87, 1718
2019-01-25 13:47:58,614 - INFO - fastread - 87, 1728
2019-01-25 13:48:00,358 - INFO - fastread - 87, 1738
2019-01-25 13:48:01,985 - INFO - fastread - 87, 1748
2019-01-25 13:48:03,669 - INFO - fastread - 88, 1758
2019-01-25 13:48:05,391 - INFO - fastread - 88, 1768
2019-01-25 13:48:07,414 - INFO - fastread - 88, 1778
2019-01-25 13:48:09,369 - INFO - fastread - 88, 1788
2019-01-25 13:48:10,999 - INFO - fastread - 88, 1798
2019-01-25 13:48:12,840 - INFO - fastread - 88, 1808
2019-01-25 13:48:14,505 - INFO - fastread - 88, 1818
2019-01-25 13:48:16,258 - INFO - fastread - 88, 1828
2019-01-25 13:48:18,053 - INFO - fastread - 88, 1838
2019-01-25 13:48:19,734 - INFO - fastread - 88, 1848
2019-01-25 13:48:21,545 - INFO - fastread - 88, 1858
2019-01-25 13:48:23,313 - INFO - fastread - 88, 1868
2019-01-25 13:48:25,059 - INFO - fastread - 88, 1878
2019-01-25 13:48:26,764 - INFO - fastread - 88, 1888
2019-01-25 13:48:28,500 - INFO - fastread - 88, 1898
2019-01-25 13:48:30,318 - INFO - fastread - 88, 1908
2019-01-25 13:48:32,019 - INFO - fastread - 88, 1918
2019-01-25 13:48:33,756 - INFO - fastread - 88, 1928
2019-01-25 13:48:35,487 - INFO - fastread - 88, 1938
2019-01-25 13:48:37,227 - INFO - fastread - 88, 1948
2019-01-25 13:48:38,957 - INFO - fastread - 88, 1958
2019-01-25 13:48:40,737 - INFO - fastread - 88, 1968
2019-01-25 13:48:42,655 - INFO - fastread - 88, 1978
2019-01-25 13:48:44,517 - INFO - fastread - 88, 1988
2019-01-25 13:48:46,255 - INFO - fastread - 88, 1998
2019-01-25 13:48:48,017 - INFO - fastread - 88, 2008
2019-01-25 13:48:49,827 - INFO - fastread - 88, 2018
2019-01-25 13:48:51,596 - INFO - fastread - 88, 2028
2019-01-25 13:48:53,380 - INFO - fastread - 88, 2038
2019-01-25 13:48:55,261 - INFO - fastread - 88, 2048
2019-01-25 13:48:57,034 - INFO - fastread - 89, 2058
2019-01-25 13:48:58,799 - INFO - fastread - 89, 2068
2019-01-25 13:49:00,654 - INFO - fastread - 89, 2078
2019-01-25 13:49:02,589 - INFO - fastread - 89, 2088
2019-01-25 13:49:04,501 - INFO - fastread - 89, 2098
2019-01-25 13:49:06,528 - INFO - fastread - 89, 2108
2019-01-25 13:49:08,582 - INFO - fastread - 89, 2118
2019-01-25 13:49:10,678 - INFO - fastread - 89, 2128
2019-01-25 13:49:12,701 - INFO - fastread - 89, 2138
2019-01-25 13:49:14,876 - INFO - fastread - 90, 2148
2019-01-25 13:49:16,920 - INFO - fastread - 90, 2158
2019-01-25 13:49:19,020 - INFO - fastread - 90, 2168
2019-01-25 13:49:21,129 - INFO - fastread - 90, 2178
2019-01-25 13:49:23,176 - INFO - fastread - 93, 2188
2019-01-25 13:49:25,407 - INFO - fastread - 93, 2198
2019-01-25 13:49:27,560 - INFO - fastread - 93, 2208
2019-01-25 13:49:29,756 - INFO - fastread - 93, 2218
2019-01-25 13:49:31,937 - INFO - fastread - 96, 2228
2019-01-25 13:49:34,169 - INFO - fastread - 96, 2238
2019-01-25 13:49:36,606 - INFO - fastread - 96, 2248
2019-01-25 13:49:38,828 - INFO - fastread - 97, 2258
2019-01-25 13:49:41,055 - INFO - fastread - 97, 2268
2019-01-25 13:49:43,312 - INFO - fastread - 97, 2278
2019-01-25 13:49:45,779 - INFO - fastread - 98, 2288
2019-01-25 13:49:47,275 - INFO - rig - ++++NEW CLF++++ NBM
2019-01-25 13:49:47,275 - INFO - fastread - Total Yes: 104 | Total No: 4285
2019-01-25 13:49:47,396 - INFO - fastread - 5, 10
2019-01-25 13:49:47,404 - INFO - fastread - 9, 20
2019-01-25 13:49:47,406 - INFO - fastread - 11, 30
2019-01-25 13:49:47,406 - INFO - fastread - 17, 40
2019-01-25 13:49:47,414 - INFO - fastread - 24, 50
2019-01-25 13:49:47,417 - INFO - fastread - 27, 60
2019-01-25 13:49:47,417 - INFO - fastread - 28, 70
2019-01-25 13:49:47,425 - INFO - fastread - 31, 80
2019-01-25 13:49:47,427 - INFO - fastread - 32, 90
2019-01-25 13:49:47,437 - INFO - fastread - 34, 100
2019-01-25 13:49:47,437 - INFO - fastread - 34, 110
2019-01-25 13:49:47,447 - INFO - fastread - 35, 120
2019-01-25 13:49:47,447 - INFO - fastread - 36, 130
2019-01-25 13:49:47,457 - INFO - fastread - 37, 140
2019-01-25 13:49:47,465 - INFO - fastread - 38, 150
2019-01-25 13:49:47,467 - INFO - fastread - 41, 160
2019-01-25 13:49:47,467 - INFO - fastread - 42, 170
2019-01-25 13:49:47,475 - INFO - fastread - 43, 180
2019-01-25 13:49:47,477 - INFO - fastread - 44, 190
2019-01-25 13:49:47,477 - INFO - fastread - 44, 200
2019-01-25 13:49:47,477 - INFO - fastread - 49, 210
2019-01-25 13:49:47,487 - INFO - fastread - 49, 220
2019-01-25 13:49:47,495 - INFO - fastread - 49, 230
2019-01-25 13:49:47,497 - INFO - fastread - 50, 240
2019-01-25 13:49:47,505 - INFO - fastread - 50, 250
2019-01-25 13:49:47,507 - INFO - fastread - 51, 260
2019-01-25 13:49:47,507 - INFO - fastread - 51, 270
2019-01-25 13:49:47,517 - INFO - fastread - 51, 280
2019-01-25 13:49:47,517 - INFO - fastread - 52, 290
2019-01-25 13:49:47,517 - INFO - fastread - 54, 300
2019-01-25 13:49:47,528 - INFO - fastread - 55, 310
2019-01-25 13:49:47,536 - INFO - fastread - 55, 320
2019-01-25 13:49:47,538 - INFO - fastread - 55, 330
2019-01-25 13:49:47,546 - INFO - fastread - 55, 340
2019-01-25 13:49:47,548 - INFO - fastread - 55, 350
2019-01-25 13:49:47,556 - INFO - fastread - 55, 360
2019-01-25 13:49:47,558 - INFO - fastread - 55, 370
2019-01-25 13:49:47,568 - INFO - fastread - 55, 380
2019-01-25 13:49:47,568 - INFO - fastread - 55, 390
2019-01-25 13:49:47,579 - INFO - fastread - 55, 400
2019-01-25 13:49:47,579 - INFO - fastread - 55, 410
2019-01-25 13:49:47,587 - INFO - fastread - 55, 420
2019-01-25 13:49:47,589 - INFO - fastread - 55, 430
2019-01-25 13:49:47,589 - INFO - fastread - 55, 440
2019-01-25 13:49:47,599 - INFO - fastread - 55, 450
2019-01-25 13:49:47,599 - INFO - fastread - 55, 460
2019-01-25 13:49:47,607 - INFO - fastread - 55, 470
2019-01-25 13:49:47,609 - INFO - fastread - 55, 480
2019-01-25 13:49:47,609 - INFO - fastread - 55, 490
2019-01-25 13:49:47,617 - INFO - fastread - 55, 500
2019-01-25 13:49:47,619 - INFO - fastread - 55, 510
2019-01-25 13:49:47,619 - INFO - fastread - 55, 520
2019-01-25 13:49:47,629 - INFO - fastread - 55, 530
2019-01-25 13:49:47,629 - INFO - fastread - 55, 540
2019-01-25 13:49:47,639 - INFO - fastread - 55, 550
2019-01-25 13:49:47,639 - INFO - fastread - 55, 560
2019-01-25 13:49:47,649 - INFO - fastread - 55, 570
2019-01-25 13:49:47,649 - INFO - fastread - 55, 580
2019-01-25 13:49:47,657 - INFO - fastread - 55, 590
2019-01-25 13:49:47,659 - INFO - fastread - 55, 600
2019-01-25 13:49:47,659 - INFO - fastread - 55, 610
2019-01-25 13:49:47,667 - INFO - fastread - 55, 620
2019-01-25 13:49:47,669 - INFO - fastread - 55, 630
2019-01-25 13:49:47,677 - INFO - fastread - 55, 640
2019-01-25 13:49:47,679 - INFO - fastread - 55, 650
2019-01-25 13:49:47,688 - INFO - fastread - 55, 660
2019-01-25 13:49:47,690 - INFO - fastread - 55, 670
2019-01-25 13:49:47,690 - INFO - fastread - 55, 680
2019-01-25 13:49:47,698 - INFO - fastread - 55, 690
2019-01-25 13:49:47,700 - INFO - fastread - 55, 700
2019-01-25 13:49:47,700 - INFO - fastread - 56, 710
2019-01-25 13:49:47,710 - INFO - fastread - 56, 720
2019-01-25 13:49:47,710 - INFO - fastread - 56, 730
2019-01-25 13:49:47,720 - INFO - fastread - 60, 740
2019-01-25 13:49:47,728 - INFO - fastread - 60, 750
2019-01-25 13:49:47,730 - INFO - fastread - 60, 760
2019-01-25 13:49:47,740 - INFO - fastread - 60, 770
2019-01-25 13:49:47,740 - INFO - fastread - 61, 780
2019-01-25 13:49:47,750 - INFO - fastread - 63, 790
2019-01-25 13:49:47,750 - INFO - fastread - 63, 800
2019-01-25 13:49:47,750 - INFO - fastread - 63, 810
2019-01-25 13:49:47,758 - INFO - fastread - 63, 820
2019-01-25 13:49:47,760 - INFO - fastread - 64, 830
2019-01-25 13:49:47,760 - INFO - fastread - 64, 840
2019-01-25 13:49:47,771 - INFO - fastread - 66, 850
2019-01-25 13:49:47,772 - INFO - fastread - 66, 860
2019-01-25 13:49:47,781 - INFO - fastread - 66, 870
2019-01-25 13:49:47,781 - INFO - fastread - 66, 880
2019-01-25 13:49:47,791 - INFO - fastread - 66, 890
2019-01-25 13:49:47,799 - INFO - fastread - 66, 900
2019-01-25 13:49:47,801 - INFO - fastread - 66, 910
2019-01-25 13:49:47,811 - INFO - fastread - 66, 920
2019-01-25 13:49:47,811 - INFO - fastread - 66, 930
2019-01-25 13:49:47,821 - INFO - fastread - 66, 940
2019-01-25 13:49:47,821 - INFO - fastread - 66, 950
2019-01-25 13:49:47,829 - INFO - fastread - 69, 960
2019-01-25 13:49:47,831 - INFO - fastread - 69, 970
2019-01-25 13:49:47,840 - INFO - fastread - 69, 980
2019-01-25 13:49:47,842 - INFO - fastread - 69, 990
2019-01-25 13:49:47,852 - INFO - fastread - 69, 1000
2019-01-25 13:49:47,852 - INFO - fastread - 69, 1010
2019-01-25 13:49:47,862 - INFO - fastread - 70, 1020
2019-01-25 13:49:47,870 - INFO - fastread - 70, 1030
2019-01-25 13:49:47,872 - INFO - fastread - 70, 1040
2019-01-25 13:49:47,882 - INFO - fastread - 70, 1050
2019-01-25 13:49:47,882 - INFO - fastread - 70, 1060
2019-01-25 13:49:47,892 - INFO - fastread - 71, 1070
2019-01-25 13:49:47,892 - INFO - fastread - 71, 1080
2019-01-25 13:49:47,900 - INFO - fastread - 71, 1090
2019-01-25 13:49:47,902 - INFO - fastread - 72, 1100
2019-01-25 13:49:47,902 - INFO - fastread - 72, 1110
2019-01-25 13:49:47,902 - INFO - fastread - 73, 1120
2019-01-25 13:49:47,913 - INFO - fastread - 73, 1130
2019-01-25 13:49:47,921 - INFO - fastread - 73, 1140
2019-01-25 13:49:47,923 - INFO - fastread - 73, 1150
2019-01-25 13:49:47,931 - INFO - fastread - 75, 1160
2019-01-25 13:49:47,933 - INFO - fastread - 75, 1170
2019-01-25 13:49:47,943 - INFO - fastread - 75, 1180
2019-01-25 13:49:47,943 - INFO - fastread - 75, 1190
2019-01-25 13:49:47,953 - INFO - fastread - 75, 1200
2019-01-25 13:49:47,953 - INFO - fastread - 75, 1210
2019-01-25 13:49:47,963 - INFO - fastread - 75, 1220
2019-01-25 13:49:47,972 - INFO - fastread - 77, 1230
2019-01-25 13:49:47,974 - INFO - fastread - 77, 1240
2019-01-25 13:49:47,982 - INFO - fastread - 78, 1250
2019-01-25 13:49:47,984 - INFO - fastread - 78, 1260
2019-01-25 13:49:47,994 - INFO - fastread - 79, 1270
2019-01-25 13:49:47,994 - INFO - fastread - 81, 1280
2019-01-25 13:49:48,004 - INFO - fastread - 81, 1290
2019-01-25 13:49:48,004 - INFO - fastread - 82, 1300
2019-01-25 13:49:48,014 - INFO - fastread - 83, 1310
2019-01-25 13:49:48,022 - INFO - fastread - 83, 1320
2019-01-25 13:49:48,024 - INFO - fastread - 83, 1330
2019-01-25 13:49:48,032 - INFO - fastread - 83, 1340
2019-01-25 13:49:48,034 - INFO - fastread - 84, 1350
2019-01-25 13:49:48,044 - INFO - fastread - 84, 1360
2019-01-25 13:49:48,044 - INFO - fastread - 84, 1370
2019-01-25 13:49:48,055 - INFO - fastread - 85, 1380
2019-01-25 13:49:48,063 - INFO - fastread - 85, 1390
2019-01-25 13:49:48,065 - INFO - fastread - 85, 1400
2019-01-25 13:49:48,073 - INFO - fastread - 85, 1410
2019-01-25 13:49:48,075 - INFO - fastread - 88, 1420
2019-01-25 13:49:48,085 - INFO - fastread - 88, 1430
2019-01-25 13:49:48,085 - INFO - fastread - 88, 1440
2019-01-25 13:49:48,085 - INFO - fastread - 88, 1450
2019-01-25 13:49:48,095 - INFO - fastread - 88, 1460
2019-01-25 13:49:48,095 - INFO - fastread - 88, 1470
2019-01-25 13:49:48,105 - INFO - fastread - 88, 1480
2019-01-25 13:49:48,105 - INFO - fastread - 88, 1490
2019-01-25 13:49:48,113 - INFO - fastread - 88, 1500
2019-01-25 13:49:48,115 - INFO - fastread - 88, 1510
2019-01-25 13:49:48,115 - INFO - fastread - 88, 1520
2019-01-25 13:49:48,123 - INFO - fastread - 88, 1530
2019-01-25 13:49:48,125 - INFO - fastread - 88, 1540
2019-01-25 13:49:48,125 - INFO - fastread - 88, 1550
2019-01-25 13:49:48,133 - INFO - fastread - 88, 1560
2019-01-25 13:49:48,135 - INFO - fastread - 88, 1570
2019-01-25 13:49:48,135 - INFO - fastread - 88, 1580
2019-01-25 13:49:48,143 - INFO - fastread - 88, 1590
2019-01-25 13:49:48,145 - INFO - fastread - 88, 1600
2019-01-25 13:49:48,145 - INFO - fastread - 88, 1610
2019-01-25 13:49:48,155 - INFO - fastread - 88, 1620
2019-01-25 13:49:48,155 - INFO - fastread - 88, 1630
2019-01-25 13:49:48,155 - INFO - fastread - 88, 1640
2019-01-25 13:49:48,166 - INFO - fastread - 88, 1650
2019-01-25 13:49:48,166 - INFO - fastread - 88, 1660
2019-01-25 13:49:48,166 - INFO - fastread - 88, 1670
2019-01-25 13:49:48,176 - INFO - fastread - 88, 1680
2019-01-25 13:49:48,176 - INFO - fastread - 89, 1690
2019-01-25 13:49:48,184 - INFO - fastread - 89, 1700
2019-01-25 13:49:48,186 - INFO - fastread - 90, 1710
2019-01-25 13:49:48,186 - INFO - fastread - 91, 1720
2019-01-25 13:49:48,196 - INFO - fastread - 91, 1730
2019-01-25 13:49:48,196 - INFO - fastread - 91, 1740
2019-01-25 13:49:48,206 - INFO - fastread - 91, 1750
2019-01-25 13:49:48,206 - INFO - fastread - 91, 1760
2019-01-25 13:49:48,216 - INFO - fastread - 91, 1770
2019-01-25 13:49:48,216 - INFO - fastread - 91, 1780
2019-01-25 13:49:48,226 - INFO - fastread - 91, 1790
2019-01-25 13:49:48,234 - INFO - fastread - 91, 1800
2019-01-25 13:49:48,236 - INFO - fastread - 91, 1810
2019-01-25 13:49:48,236 - INFO - fastread - 91, 1820
2019-01-25 13:49:48,247 - INFO - fastread - 91, 1830
2019-01-25 13:49:48,247 - INFO - fastread - 91, 1840
2019-01-25 13:49:48,247 - INFO - fastread - 91, 1850
2019-01-25 13:49:48,257 - INFO - fastread - 91, 1860
2019-01-25 13:49:48,257 - INFO - fastread - 91, 1870
2019-01-25 13:49:48,265 - INFO - fastread - 92, 1880
2019-01-25 13:49:48,267 - INFO - fastread - 92, 1890
2019-01-25 13:49:48,267 - INFO - fastread - 92, 1900
2019-01-25 13:49:48,275 - INFO - fastread - 92, 1910
2019-01-25 13:49:48,277 - INFO - fastread - 92, 1920
2019-01-25 13:49:48,277 - INFO - fastread - 92, 1930
2019-01-25 13:49:48,285 - INFO - fastread - 92, 1940
2019-01-25 13:49:48,287 - INFO - fastread - 92, 1950
2019-01-25 13:49:48,287 - INFO - fastread - 92, 1960
2019-01-25 13:49:48,297 - INFO - fastread - 92, 1970
2019-01-25 13:49:48,297 - INFO - fastread - 92, 1980
2019-01-25 13:49:48,307 - INFO - fastread - 92, 1990
2019-01-25 13:49:48,307 - INFO - fastread - 92, 2000
2019-01-25 13:49:48,318 - INFO - fastread - 92, 2010
2019-01-25 13:49:48,318 - INFO - fastread - 92, 2020
2019-01-25 13:49:48,328 - INFO - fastread - 92, 2030
2019-01-25 13:49:48,328 - INFO - fastread - 92, 2040
2019-01-25 13:49:48,336 - INFO - fastread - 92, 2050
2019-01-25 13:49:48,338 - INFO - fastread - 92, 2060
2019-01-25 13:49:48,346 - INFO - fastread - 92, 2070
2019-01-25 13:49:48,348 - INFO - fastread - 93, 2080
2019-01-25 13:49:48,358 - INFO - fastread - 93, 2090
2019-01-25 13:49:48,358 - INFO - fastread - 93, 2100
2019-01-25 13:49:48,368 - INFO - fastread - 93, 2110
2019-01-25 13:49:48,377 - INFO - fastread - 93, 2120
2019-01-25 13:49:48,379 - INFO - fastread - 93, 2130
2019-01-25 13:49:48,387 - INFO - fastread - 93, 2140
2019-01-25 13:49:48,389 - INFO - fastread - 93, 2150
2019-01-25 13:49:48,399 - INFO - fastread - 93, 2160
2019-01-25 13:49:48,399 - INFO - fastread - 93, 2170
2019-01-25 13:49:48,407 - INFO - fastread - 93, 2180
2019-01-25 13:49:48,409 - INFO - fastread - 93, 2190
2019-01-25 13:49:48,409 - INFO - fastread - 93, 2200
2019-01-25 13:49:48,419 - INFO - fastread - 93, 2210
2019-01-25 13:49:48,419 - INFO - fastread - 93, 2220
2019-01-25 13:49:48,419 - INFO - fastread - 93, 2230
2019-01-25 13:49:48,429 - INFO - fastread - 93, 2240
2019-01-25 13:49:48,429 - INFO - fastread - 93, 2250
2019-01-25 13:49:48,437 - INFO - fastread - 93, 2260
2019-01-25 13:49:48,439 - INFO - fastread - 93, 2270
2019-01-25 13:49:48,439 - INFO - fastread - 93, 2280
2019-01-25 13:49:48,447 - INFO - fastread - 93, 2290
2019-01-25 13:49:48,449 - INFO - fastread - 93, 2300
2019-01-25 13:49:48,449 - INFO - fastread - 93, 2310
2019-01-25 13:49:48,459 - INFO - fastread - 93, 2320
2019-01-25 13:49:48,459 - INFO - fastread - 93, 2330
2019-01-25 13:49:48,470 - INFO - fastread - 93, 2340
2019-01-25 13:49:48,470 - INFO - fastread - 93, 2350
2019-01-25 13:49:48,478 - INFO - fastread - 93, 2360
2019-01-25 13:49:48,480 - INFO - fastread - 93, 2370
2019-01-25 13:49:48,480 - INFO - fastread - 93, 2380
2019-01-25 13:49:48,488 - INFO - fastread - 93, 2390
2019-01-25 13:49:48,490 - INFO - fastread - 93, 2400
2019-01-25 13:49:48,490 - INFO - fastread - 93, 2410
2019-01-25 13:49:48,498 - INFO - fastread - 93, 2420
2019-01-25 13:49:48,500 - INFO - fastread - 93, 2430
2019-01-25 13:49:48,500 - INFO - fastread - 93, 2440
2019-01-25 13:49:48,508 - INFO - fastread - 93, 2450
2019-01-25 13:49:48,510 - INFO - fastread - 95, 2460
2019-01-25 13:49:48,510 - INFO - fastread - 95, 2470
2019-01-25 13:49:48,520 - INFO - fastread - 95, 2480
2019-01-25 13:49:48,520 - INFO - fastread - 95, 2490
2019-01-25 13:49:48,520 - INFO - fastread - 95, 2500
2019-01-25 13:49:48,530 - INFO - fastread - 95, 2510
2019-01-25 13:49:48,530 - INFO - fastread - 95, 2520
2019-01-25 13:49:48,538 - INFO - fastread - 95, 2530
2019-01-25 13:49:48,540 - INFO - fastread - 96, 2540
2019-01-25 13:49:48,540 - INFO - fastread - 96, 2550
2019-01-25 13:49:48,548 - INFO - fastread - 96, 2560
2019-01-25 13:49:48,550 - INFO - fastread - 96, 2570
2019-01-25 13:49:48,550 - INFO - fastread - 96, 2580
2019-01-25 13:49:48,561 - INFO - fastread - 96, 2590
2019-01-25 13:49:48,569 - INFO - fastread - 96, 2600
2019-01-25 13:49:48,571 - INFO - fastread - 96, 2610
2019-01-25 13:49:48,581 - INFO - fastread - 96, 2620
2019-01-25 13:49:48,581 - INFO - fastread - 96, 2630
2019-01-25 13:49:48,591 - INFO - fastread - 96, 2640
2019-01-25 13:49:48,599 - INFO - fastread - 96, 2650
2019-01-25 13:49:48,601 - INFO - fastread - 96, 2660
2019-01-25 13:49:48,611 - INFO - fastread - 96, 2670
2019-01-25 13:49:48,611 - INFO - fastread - 97, 2680
2019-01-25 13:49:48,621 - INFO - fastread - 97, 2690
2019-01-25 13:49:48,621 - INFO - fastread - 97, 2700
2019-01-25 13:49:48,631 - INFO - fastread - 98, 2710
2019-01-25 13:49:48,640 - INFO - fastread - 98, 2720
2019-01-25 13:49:48,642 - INFO - fastread - 98, 2730
2019-01-25 13:49:48,652 - INFO - fastread - 98, 2740
2019-01-25 13:49:48,652 - INFO - fastread - 98, 2750
2019-01-25 13:49:48,662 - INFO - fastread - 98, 2760
2019-01-25 13:49:48,672 - INFO - fastread - 98, 2770
2019-01-25 13:49:48,672 - INFO - fastread - 98, 2780
2019-01-25 13:49:48,682 - INFO - fastread - 98, 2790
2019-01-25 13:49:48,682 - INFO - fastread - 98, 2800
2019-01-25 13:49:48,690 - INFO - fastread - 98, 2810
2019-01-25 13:49:48,692 - INFO - fastread - 98, 2820
2019-01-25 13:49:48,692 - INFO - fastread - 98, 2830
2019-01-25 13:49:48,700 - INFO - fastread - 98, 2840
2019-01-25 13:49:48,702 - INFO - fastread - 98, 2850
2019-01-25 13:49:48,712 - INFO - fastread - 98, 2860
2019-01-25 13:49:48,712 - INFO - fastread - 98, 2870
2019-01-25 13:49:48,723 - INFO - fastread - 98, 2880
2019-01-25 13:49:48,723 - INFO - fastread - 98, 2890
2019-01-25 13:49:48,731 - INFO - fastread - 98, 2900
2019-01-25 13:49:48,733 - INFO - fastread - 98, 2910
2019-01-25 13:49:48,733 - INFO - fastread - 98, 2920
2019-01-25 13:49:48,741 - INFO - fastread - 98, 2930
2019-01-25 13:49:48,743 - INFO - fastread - 98, 2940
2019-01-25 13:49:48,751 - INFO - fastread - 98, 2950
2019-01-25 13:49:48,753 - INFO - fastread - 98, 2960
2019-01-25 13:49:48,753 - INFO - fastread - 98, 2970
2019-01-25 13:49:48,763 - INFO - fastread - 98, 2980
2019-01-25 13:49:48,763 - INFO - fastread - 98, 2990
2019-01-25 13:49:48,773 - INFO - fastread - 98, 3000
2019-01-25 13:49:48,773 - INFO - fastread - 98, 3010
2019-01-25 13:49:48,783 - INFO - fastread - 98, 3020
2019-01-25 13:49:48,783 - INFO - fastread - 98, 3030
2019-01-25 13:49:48,794 - INFO - fastread - 98, 3040
2019-01-25 13:49:48,802 - INFO - fastread - 98, 3050
2019-01-25 13:49:48,804 - INFO - fastread - 98, 3060
2019-01-25 13:49:48,814 - INFO - fastread - 98, 3070
2019-01-25 13:49:48,814 - INFO - fastread - 98, 3080
2019-01-25 13:49:48,824 - INFO - fastread - 98, 3090
2019-01-25 13:49:48,824 - INFO - fastread - 98, 3100
2019-01-25 13:49:48,834 - INFO - fastread - 98, 3110
2019-01-25 13:49:48,843 - INFO - fastread - 98, 3120
2019-01-25 13:49:48,849 - INFO - fastread - 98, 3130
2019-01-25 13:49:48,855 - INFO - fastread - 98, 3140
2019-01-25 13:49:48,860 - INFO - fastread - 98, 3150
2019-01-25 13:49:48,866 - INFO - fastread - 98, 3160
2019-01-25 13:49:48,872 - INFO - fastread - 98, 3170
2019-01-25 13:49:48,877 - INFO - fastread - 98, 3180
2019-01-25 13:49:48,882 - INFO - fastread - 98, 3190
2019-01-25 13:49:48,886 - INFO - fastread - 98, 3200
2019-01-25 13:49:48,890 - INFO - fastread - 98, 3210
2019-01-25 13:49:48,894 - INFO - fastread - 98, 3220
2019-01-25 13:49:48,898 - INFO - fastread - 98, 3230
2019-01-25 13:49:48,899 - INFO - fastread - 98, 3240
2019-01-25 13:49:48,905 - INFO - fastread - 98, 3250
2019-01-25 13:49:48,905 - INFO - fastread - 98, 3260
2019-01-25 13:49:48,905 - INFO - fastread - 98, 3270
2019-01-25 13:49:48,915 - INFO - fastread - 98, 3280
2019-01-25 13:49:48,915 - INFO - fastread - 99, 3290
2019-01-25 13:49:48,935 - INFO - rig - ++++NEW CLF++++ KNN
2019-01-25 13:49:48,935 - INFO - fastread - Total Yes: 104 | Total No: 4285
2019-01-25 13:50:14,042 - INFO - fastread - 4, 10
2019-01-25 13:50:14,052 - INFO - fastread - 8, 20
2019-01-25 13:50:14,054 - INFO - fastread - 10, 30
2019-01-25 13:50:14,054 - INFO - fastread - 10, 40
2019-01-25 13:50:14,064 - INFO - fastread - 11, 50
2019-01-25 13:50:14,064 - INFO - fastread - 12, 60
2019-01-25 13:50:14,072 - INFO - fastread - 12, 70
2019-01-25 13:50:14,074 - INFO - fastread - 12, 80
2019-01-25 13:50:14,074 - INFO - fastread - 14, 90
2019-01-25 13:50:14,084 - INFO - fastread - 14, 100
2019-01-25 13:50:14,084 - INFO - fastread - 14, 110
2019-01-25 13:50:14,094 - INFO - fastread - 14, 120
2019-01-25 13:50:14,102 - INFO - fastread - 14, 130
2019-01-25 13:50:14,104 - INFO - fastread - 15, 140
2019-01-25 13:50:14,115 - INFO - fastread - 15, 150
2019-01-25 13:50:14,115 - INFO - fastread - 16, 160
2019-01-25 13:50:14,125 - INFO - fastread - 16, 170
2019-01-25 13:50:14,133 - INFO - fastread - 16, 180
2019-01-25 13:50:14,135 - INFO - fastread - 17, 190
2019-01-25 13:50:14,145 - INFO - fastread - 18, 200
2019-01-25 13:50:14,145 - INFO - fastread - 19, 210
2019-01-25 13:50:14,153 - INFO - fastread - 19, 220
2019-01-25 13:50:14,155 - INFO - fastread - 19, 230
2019-01-25 13:50:14,155 - INFO - fastread - 19, 240
2019-01-25 13:50:14,165 - INFO - fastread - 20, 250
2019-01-25 13:50:14,165 - INFO - fastread - 20, 260
2019-01-25 13:50:14,175 - INFO - fastread - 20, 270
2019-01-25 13:50:14,183 - INFO - fastread - 20, 280
2019-01-25 13:50:14,185 - INFO - fastread - 20, 290
2019-01-25 13:50:14,195 - INFO - fastread - 22, 300
2019-01-25 13:50:14,203 - INFO - fastread - 22, 310
2019-01-25 13:50:14,209 - INFO - fastread - 22, 320
2019-01-25 13:50:14,215 - INFO - fastread - 22, 330
2019-01-25 13:50:14,222 - INFO - fastread - 23, 340
2019-01-25 13:50:14,229 - INFO - fastread - 24, 350
2019-01-25 13:50:14,236 - INFO - fastread - 24, 360
2019-01-25 13:50:14,245 - INFO - fastread - 24, 370
2019-01-25 13:50:14,252 - INFO - fastread - 24, 380
2019-01-25 13:50:14,256 - INFO - fastread - 24, 390
2019-01-25 13:50:14,264 - INFO - fastread - 24, 400
2019-01-25 13:50:14,266 - INFO - fastread - 24, 410
2019-01-25 13:50:14,276 - INFO - fastread - 24, 420
2019-01-25 13:50:14,284 - INFO - fastread - 24, 430
2019-01-25 13:50:14,286 - INFO - fastread - 24, 440
2019-01-25 13:50:14,286 - INFO - fastread - 24, 450
2019-01-25 13:50:14,296 - INFO - fastread - 24, 460
2019-01-25 13:50:14,296 - INFO - fastread - 24, 470
2019-01-25 13:50:14,306 - INFO - fastread - 24, 480
2019-01-25 13:50:14,306 - INFO - fastread - 24, 490
2019-01-25 13:50:14,306 - INFO - fastread - 24, 500
2019-01-25 13:50:14,317 - INFO - fastread - 24, 510
2019-01-25 13:50:14,317 - INFO - fastread - 24, 520
2019-01-25 13:50:14,327 - INFO - fastread - 24, 530
2019-01-25 13:50:14,327 - INFO - fastread - 24, 540
2019-01-25 13:50:14,335 - INFO - fastread - 24, 550
2019-01-25 13:50:14,337 - INFO - fastread - 24, 560
2019-01-25 13:50:14,337 - INFO - fastread - 24, 570
2019-01-25 13:50:14,347 - INFO - fastread - 24, 580
2019-01-25 13:50:14,347 - INFO - fastread - 24, 590
2019-01-25 13:50:14,357 - INFO - fastread - 24, 600
2019-01-25 13:50:14,357 - INFO - fastread - 24, 610
2019-01-25 13:50:14,357 - INFO - fastread - 24, 620
2019-01-25 13:50:14,367 - INFO - fastread - 24, 630
2019-01-25 13:50:14,367 - INFO - fastread - 25, 640
2019-01-25 13:50:14,378 - INFO - fastread - 25, 650
2019-01-25 13:50:14,378 - INFO - fastread - 25, 660
2019-01-25 13:50:14,388 - INFO - fastread - 25, 670
2019-01-25 13:50:14,398 - INFO - fastread - 25, 680
2019-01-25 13:50:14,398 - INFO - fastread - 25, 690
2019-01-25 13:50:14,408 - INFO - fastread - 25, 700
2019-01-25 13:50:14,418 - INFO - fastread - 25, 710
2019-01-25 13:50:14,418 - INFO - fastread - 25, 720
2019-01-25 13:50:14,426 - INFO - fastread - 25, 730
2019-01-25 13:50:14,428 - INFO - fastread - 25, 740
2019-01-25 13:50:14,428 - INFO - fastread - 25, 750
2019-01-25 13:50:14,438 - INFO - fastread - 25, 760
2019-01-25 13:50:14,446 - INFO - fastread - 25, 770
2019-01-25 13:50:14,448 - INFO - fastread - 25, 780
2019-01-25 13:50:14,458 - INFO - fastread - 25, 790
2019-01-25 13:50:14,466 - INFO - fastread - 25, 800
2019-01-25 13:50:14,468 - INFO - fastread - 25, 810
2019-01-25 13:50:14,478 - INFO - fastread - 26, 820
2019-01-25 13:50:14,478 - INFO - fastread - 27, 830
2019-01-25 13:50:14,486 - INFO - fastread - 27, 840
2019-01-25 13:50:14,488 - INFO - fastread - 28, 850
2019-01-25 13:50:14,488 - INFO - fastread - 28, 860
2019-01-25 13:50:14,499 - INFO - fastread - 28, 870
2019-01-25 13:50:14,509 - INFO - fastread - 29, 880
2019-01-25 13:50:14,509 - INFO - fastread - 29, 890
2019-01-25 13:50:14,517 - INFO - fastread - 29, 900
2019-01-25 13:50:14,519 - INFO - fastread - 30, 910
2019-01-25 13:50:14,519 - INFO - fastread - 30, 920
2019-01-25 13:50:14,529 - INFO - fastread - 30, 930
2019-01-25 13:50:14,529 - INFO - fastread - 30, 940
2019-01-25 13:50:14,539 - INFO - fastread - 30, 950
2019-01-25 13:50:14,539 - INFO - fastread - 30, 960
2019-01-25 13:50:14,547 - INFO - fastread - 30, 970
2019-01-25 13:50:14,549 - INFO - fastread - 30, 980
2019-01-25 13:50:14,549 - INFO - fastread - 31, 990
2019-01-25 13:50:14,559 - INFO - fastread - 31, 1000
2019-01-25 13:50:14,559 - INFO - fastread - 31, 1010
2019-01-25 13:50:14,567 - INFO - fastread - 31, 1020
2019-01-25 13:50:14,569 - INFO - fastread - 31, 1030
2019-01-25 13:50:14,569 - INFO - fastread - 31, 1040
2019-01-25 13:50:14,579 - INFO - fastread - 31, 1050
2019-01-25 13:50:14,587 - INFO - fastread - 31, 1060
2019-01-25 13:50:14,590 - INFO - fastread - 31, 1070
2019-01-25 13:50:14,600 - INFO - fastread - 31, 1080
2019-01-25 13:50:14,600 - INFO - fastread - 32, 1090
2019-01-25 13:50:14,608 - INFO - fastread - 33, 1100
2019-01-25 13:50:14,610 - INFO - fastread - 33, 1110
2019-01-25 13:50:14,610 - INFO - fastread - 33, 1120
2019-01-25 13:50:14,620 - INFO - fastread - 33, 1130
2019-01-25 13:50:14,630 - INFO - fastread - 34, 1140
2019-01-25 13:50:14,638 - INFO - fastread - 34, 1150
2019-01-25 13:50:14,640 - INFO - fastread - 35, 1160
2019-01-25 13:50:14,650 - INFO - fastread - 35, 1170
2019-01-25 13:50:14,659 - INFO - fastread - 35, 1180
2019-01-25 13:50:14,661 - INFO - fastread - 35, 1190
2019-01-25 13:50:14,671 - INFO - fastread - 35, 1200
2019-01-25 13:50:14,679 - INFO - fastread - 36, 1210
2019-01-25 13:50:14,681 - INFO - fastread - 37, 1220
2019-01-25 13:50:14,691 - INFO - fastread - 37, 1230
2019-01-25 13:50:14,699 - INFO - fastread - 37, 1240
2019-01-25 13:50:14,701 - INFO - fastread - 37, 1250
2019-01-25 13:50:14,701 - INFO - fastread - 37, 1260
2019-01-25 13:50:14,711 - INFO - fastread - 37, 1270
2019-01-25 13:50:14,711 - INFO - fastread - 37, 1280
2019-01-25 13:50:14,721 - INFO - fastread - 37, 1290
2019-01-25 13:50:14,721 - INFO - fastread - 37, 1300
2019-01-25 13:50:14,731 - INFO - fastread - 37, 1310
2019-01-25 13:50:14,739 - INFO - fastread - 37, 1320
2019-01-25 13:50:14,741 - INFO - fastread - 37, 1330
2019-01-25 13:50:14,741 - INFO - fastread - 37, 1340
2019-01-25 13:50:14,752 - INFO - fastread - 37, 1350
2019-01-25 13:50:14,752 - INFO - fastread - 37, 1360
2019-01-25 13:50:14,760 - INFO - fastread - 37, 1370
2019-01-25 13:50:14,762 - INFO - fastread - 37, 1380
2019-01-25 13:50:14,762 - INFO - fastread - 37, 1390
2019-01-25 13:50:14,772 - INFO - fastread - 37, 1400
2019-01-25 13:50:14,772 - INFO - fastread - 38, 1410
2019-01-25 13:50:14,780 - INFO - fastread - 38, 1420
2019-01-25 13:50:14,782 - INFO - fastread - 38, 1430
2019-01-25 13:50:14,782 - INFO - fastread - 38, 1440
2019-01-25 13:50:14,792 - INFO - fastread - 39, 1450
2019-01-25 13:50:14,792 - INFO - fastread - 39, 1460
2019-01-25 13:50:14,800 - INFO - fastread - 39, 1470
2019-01-25 13:50:14,802 - INFO - fastread - 39, 1480
2019-01-25 13:50:14,812 - INFO - fastread - 39, 1490
2019-01-25 13:50:14,812 - INFO - fastread - 39, 1500
2019-01-25 13:50:14,823 - INFO - fastread - 39, 1510
2019-01-25 13:50:14,823 - INFO - fastread - 39, 1520
2019-01-25 13:50:14,833 - INFO - fastread - 39, 1530
2019-01-25 13:50:14,841 - INFO - fastread - 39, 1540
2019-01-25 13:50:14,843 - INFO - fastread - 39, 1550
2019-01-25 13:50:14,843 - INFO - fastread - 40, 1560
2019-01-25 13:50:14,853 - INFO - fastread - 40, 1570
2019-01-25 13:50:14,853 - INFO - fastread - 40, 1580
2019-01-25 13:50:14,861 - INFO - fastread - 40, 1590
2019-01-25 13:50:14,863 - INFO - fastread - 40, 1600
2019-01-25 13:50:14,863 - INFO - fastread - 40, 1610
2019-01-25 13:50:14,871 - INFO - fastread - 40, 1620
2019-01-25 13:50:14,873 - INFO - fastread - 40, 1630
2019-01-25 13:50:14,873 - INFO - fastread - 40, 1640
2019-01-25 13:50:14,883 - INFO - fastread - 41, 1650
2019-01-25 13:50:14,883 - INFO - fastread - 41, 1660
2019-01-25 13:50:14,891 - INFO - fastread - 41, 1670
2019-01-25 13:50:14,893 - INFO - fastread - 41, 1680
2019-01-25 13:50:14,893 - INFO - fastread - 41, 1690
2019-01-25 13:50:14,904 - INFO - fastread - 41, 1700
2019-01-25 13:50:14,912 - INFO - fastread - 41, 1710
2019-01-25 13:50:14,914 - INFO - fastread - 41, 1720
2019-01-25 13:50:14,924 - INFO - fastread - 41, 1730
2019-01-25 13:50:14,924 - INFO - fastread - 41, 1740
2019-01-25 13:50:14,934 - INFO - fastread - 41, 1750
2019-01-25 13:50:14,944 - INFO - fastread - 41, 1760
2019-01-25 13:50:14,944 - INFO - fastread - 43, 1770
2019-01-25 13:50:14,954 - INFO - fastread - 43, 1780
2019-01-25 13:50:14,965 - INFO - fastread - 43, 1790
2019-01-25 13:50:14,965 - INFO - fastread - 44, 1800
2019-01-25 13:50:14,973 - INFO - fastread - 44, 1810
2019-01-25 13:50:14,975 - INFO - fastread - 44, 1820
2019-01-25 13:50:14,975 - INFO - fastread - 44, 1830
2019-01-25 13:50:14,985 - INFO - fastread - 44, 1840
2019-01-25 13:50:14,993 - INFO - fastread - 44, 1850
2019-01-25 13:50:14,995 - INFO - fastread - 44, 1860
2019-01-25 13:50:15,005 - INFO - fastread - 44, 1870
2019-01-25 13:50:15,013 - INFO - fastread - 44, 1880
2019-01-25 13:50:15,015 - INFO - fastread - 45, 1890
2019-01-25 13:50:15,025 - INFO - fastread - 46, 1900
2019-01-25 13:50:15,033 - INFO - fastread - 47, 1910
2019-01-25 13:50:15,036 - INFO - fastread - 47, 1920
2019-01-25 13:50:15,046 - INFO - fastread - 48, 1930
2019-01-25 13:50:15,046 - INFO - fastread - 49, 1940
2019-01-25 13:50:15,046 - INFO - fastread - 49, 1950
2019-01-25 13:50:15,056 - INFO - fastread - 49, 1960
2019-01-25 13:50:15,056 - INFO - fastread - 49, 1970
2019-01-25 13:50:15,064 - INFO - fastread - 49, 1980
2019-01-25 13:50:15,066 - INFO - fastread - 49, 1990
2019-01-25 13:50:15,076 - INFO - fastread - 49, 2000
2019-01-25 13:50:15,076 - INFO - fastread - 49, 2010
2019-01-25 13:50:15,086 - INFO - fastread - 49, 2020
2019-01-25 13:50:15,097 - INFO - fastread - 49, 2030
2019-01-25 13:50:15,097 - INFO - fastread - 49, 2040
2019-01-25 13:50:15,107 - INFO - fastread - 49, 2050
2019-01-25 13:50:15,107 - INFO - fastread - 49, 2060
2019-01-25 13:50:15,115 - INFO - fastread - 49, 2070
2019-01-25 13:50:15,117 - INFO - fastread - 49, 2080
2019-01-25 13:50:15,117 - INFO - fastread - 49, 2090
2019-01-25 13:50:15,127 - INFO - fastread - 49, 2100
2019-01-25 13:50:15,127 - INFO - fastread - 49, 2110
2019-01-25 13:50:15,135 - INFO - fastread - 49, 2120
2019-01-25 13:50:15,137 - INFO - fastread - 49, 2130
2019-01-25 13:50:15,137 - INFO - fastread - 49, 2140
2019-01-25 13:50:15,147 - INFO - fastread - 49, 2150
2019-01-25 13:50:15,147 - INFO - fastread - 50, 2160
2019-01-25 13:50:15,147 - INFO - fastread - 50, 2170
2019-01-25 13:50:15,157 - INFO - fastread - 50, 2180
2019-01-25 13:50:15,157 - INFO - fastread - 50, 2190
2019-01-25 13:50:15,165 - INFO - fastread - 51, 2200
2019-01-25 13:50:15,167 - INFO - fastread - 51, 2210
2019-01-25 13:50:15,167 - INFO - fastread - 51, 2220
2019-01-25 13:50:15,178 - INFO - fastread - 51, 2230
2019-01-25 13:50:15,178 - INFO - fastread - 51, 2240
2019-01-25 13:50:15,178 - INFO - fastread - 51, 2250
2019-01-25 13:50:15,188 - INFO - fastread - 52, 2260
2019-01-25 13:50:15,188 - INFO - fastread - 52, 2270
2019-01-25 13:50:15,196 - INFO - fastread - 52, 2280
2019-01-25 13:50:15,198 - INFO - fastread - 52, 2290
2019-01-25 13:50:15,198 - INFO - fastread - 53, 2300
2019-01-25 13:50:15,208 - INFO - fastread - 53, 2310
2019-01-25 13:50:15,216 - INFO - fastread - 53, 2320
2019-01-25 13:50:15,218 - INFO - fastread - 53, 2330
2019-01-25 13:50:15,226 - INFO - fastread - 53, 2340
2019-01-25 13:50:15,228 - INFO - fastread - 53, 2350
2019-01-25 13:50:15,228 - INFO - fastread - 53, 2360
2019-01-25 13:50:15,238 - INFO - fastread - 53, 2370
2019-01-25 13:50:15,238 - INFO - fastread - 54, 2380
2019-01-25 13:50:15,246 - INFO - fastread - 56, 2390
2019-01-25 13:50:15,248 - INFO - fastread - 56, 2400
2019-01-25 13:50:15,256 - INFO - fastread - 57, 2410
2019-01-25 13:50:15,256 - INFO - fastread - 57, 2420
2019-01-25 13:50:15,266 - INFO - fastread - 57, 2430
2019-01-25 13:50:15,268 - INFO - fastread - 58, 2440
2019-01-25 13:50:15,268 - INFO - fastread - 59, 2450
2019-01-25 13:50:15,279 - INFO - fastread - 60, 2460
2019-01-25 13:50:15,279 - INFO - fastread - 61, 2470
2019-01-25 13:50:15,287 - INFO - fastread - 61, 2480
2019-01-25 13:50:15,289 - INFO - fastread - 61, 2490
2019-01-25 13:50:15,289 - INFO - fastread - 61, 2500
2019-01-25 13:50:15,297 - INFO - fastread - 61, 2510
2019-01-25 13:50:15,299 - INFO - fastread - 61, 2520
2019-01-25 13:50:15,299 - INFO - fastread - 61, 2530
2019-01-25 13:50:15,309 - INFO - fastread - 61, 2540
2019-01-25 13:50:15,319 - INFO - fastread - 61, 2550
2019-01-25 13:50:15,319 - INFO - fastread - 62, 2560
2019-01-25 13:50:15,329 - INFO - fastread - 63, 2570
2019-01-25 13:50:15,329 - INFO - fastread - 63, 2580
2019-01-25 13:50:15,337 - INFO - fastread - 63, 2590
2019-01-25 13:50:15,339 - INFO - fastread - 65, 2600
2019-01-25 13:50:15,339 - INFO - fastread - 65, 2610
2019-01-25 13:50:15,349 - INFO - fastread - 65, 2620
2019-01-25 13:50:15,358 - INFO - fastread - 65, 2630
2019-01-25 13:50:15,360 - INFO - fastread - 65, 2640
2019-01-25 13:50:15,368 - INFO - fastread - 65, 2650
2019-01-25 13:50:15,370 - INFO - fastread - 65, 2660
2019-01-25 13:50:15,380 - INFO - fastread - 65, 2670
2019-01-25 13:50:15,380 - INFO - fastread - 65, 2680
2019-01-25 13:50:15,390 - INFO - fastread - 65, 2690
2019-01-25 13:50:15,390 - INFO - fastread - 65, 2700
2019-01-25 13:50:15,398 - INFO - fastread - 65, 2710
2019-01-25 13:50:15,400 - INFO - fastread - 65, 2720
2019-01-25 13:50:15,400 - INFO - fastread - 65, 2730
2019-01-25 13:50:15,410 - INFO - fastread - 65, 2740
2019-01-25 13:50:15,410 - INFO - fastread - 66, 2750
2019-01-25 13:50:15,418 - INFO - fastread - 67, 2760
2019-01-25 13:50:15,420 - INFO - fastread - 67, 2770
2019-01-25 13:50:15,420 - INFO - fastread - 67, 2780
2019-01-25 13:50:15,430 - INFO - fastread - 69, 2790
2019-01-25 13:50:15,430 - INFO - fastread - 69, 2800
2019-01-25 13:50:15,438 - INFO - fastread - 69, 2810
2019-01-25 13:50:15,440 - INFO - fastread - 69, 2820
2019-01-25 13:50:15,440 - INFO - fastread - 70, 2830
2019-01-25 13:50:15,451 - INFO - fastread - 70, 2840
2019-01-25 13:50:15,451 - INFO - fastread - 71, 2850
2019-01-25 13:50:15,459 - INFO - fastread - 71, 2860
2019-01-25 13:50:15,461 - INFO - fastread - 71, 2870
2019-01-25 13:50:15,461 - INFO - fastread - 71, 2880
2019-01-25 13:50:15,471 - INFO - fastread - 71, 2890
2019-01-25 13:50:15,471 - INFO - fastread - 72, 2900
2019-01-25 13:50:15,471 - INFO - fastread - 72, 2910
2019-01-25 13:50:15,481 - INFO - fastread - 72, 2920
2019-01-25 13:50:15,481 - INFO - fastread - 72, 2930
2019-01-25 13:50:15,489 - INFO - fastread - 72, 2940
2019-01-25 13:50:15,491 - INFO - fastread - 73, 2950
2019-01-25 13:50:15,501 - INFO - fastread - 73, 2960
2019-01-25 13:50:15,509 - INFO - fastread - 74, 2970
2019-01-25 13:50:15,511 - INFO - fastread - 74, 2980
2019-01-25 13:50:15,521 - INFO - fastread - 74, 2990
2019-01-25 13:50:15,521 - INFO - fastread - 74, 3000
2019-01-25 13:50:15,531 - INFO - fastread - 74, 3010
2019-01-25 13:50:15,542 - INFO - fastread - 74, 3020
2019-01-25 13:50:15,542 - INFO - fastread - 74, 3030
2019-01-25 13:50:15,552 - INFO - fastread - 74, 3040
2019-01-25 13:50:15,560 - INFO - fastread - 75, 3050
2019-01-25 13:50:15,562 - INFO - fastread - 75, 3060
2019-01-25 13:50:15,562 - INFO - fastread - 75, 3070
2019-01-25 13:50:15,572 - INFO - fastread - 75, 3080
2019-01-25 13:50:15,580 - INFO - fastread - 75, 3090
2019-01-25 13:50:15,582 - INFO - fastread - 76, 3100
2019-01-25 13:50:15,592 - INFO - fastread - 76, 3110
2019-01-25 13:50:15,592 - INFO - fastread - 77, 3120
2019-01-25 13:50:15,602 - INFO - fastread - 77, 3130
2019-01-25 13:50:15,602 - INFO - fastread - 77, 3140
2019-01-25 13:50:15,613 - INFO - fastread - 77, 3150
2019-01-25 13:50:15,613 - INFO - fastread - 77, 3160
2019-01-25 13:50:15,621 - INFO - fastread - 77, 3170
2019-01-25 13:50:15,623 - INFO - fastread - 77, 3180
2019-01-25 13:50:15,623 - INFO - fastread - 77, 3190
2019-01-25 13:50:15,633 - INFO - fastread - 77, 3200
2019-01-25 13:50:15,633 - INFO - fastread - 77, 3210
2019-01-25 13:50:15,643 - INFO - fastread - 78, 3220
2019-01-25 13:50:15,643 - INFO - fastread - 79, 3230
2019-01-25 13:50:15,653 - INFO - fastread - 79, 3240
2019-01-25 13:50:15,653 - INFO - fastread - 79, 3250
2019-01-25 13:50:15,661 - INFO - fastread - 79, 3260
2019-01-25 13:50:15,663 - INFO - fastread - 79, 3270
2019-01-25 13:50:15,663 - INFO - fastread - 79, 3280
2019-01-25 13:50:15,671 - INFO - fastread - 79, 3290
2019-01-25 13:50:15,673 - INFO - fastread - 80, 3300
2019-01-25 13:50:15,673 - INFO - fastread - 80, 3310
2019-01-25 13:50:15,683 - INFO - fastread - 82, 3320
2019-01-25 13:50:15,683 - INFO - fastread - 82, 3330
2019-01-25 13:50:15,691 - INFO - fastread - 82, 3340
2019-01-25 13:50:15,694 - INFO - fastread - 82, 3350
2019-01-25 13:50:15,704 - INFO - fastread - 82, 3360
2019-01-25 13:50:15,704 - INFO - fastread - 82, 3370
2019-01-25 13:50:15,712 - INFO - fastread - 82, 3380
2019-01-25 13:50:15,714 - INFO - fastread - 82, 3390
2019-01-25 13:50:15,724 - INFO - fastread - 82, 3400
2019-01-25 13:50:15,732 - INFO - fastread - 82, 3410
2019-01-25 13:50:15,734 - INFO - fastread - 82, 3420
2019-01-25 13:50:15,745 - INFO - fastread - 82, 3430
2019-01-25 13:50:15,745 - INFO - fastread - 82, 3440
2019-01-25 13:50:15,755 - INFO - fastread - 82, 3450
2019-01-25 13:50:15,765 - INFO - fastread - 82, 3460
2019-01-25 13:50:15,765 - INFO - fastread - 83, 3470
2019-01-25 13:50:15,775 - INFO - fastread - 83, 3480
2019-01-25 13:50:15,783 - INFO - fastread - 84, 3490
2019-01-25 13:50:15,785 - INFO - fastread - 84, 3500
2019-01-25 13:50:15,795 - INFO - fastread - 84, 3510
2019-01-25 13:50:15,803 - INFO - fastread - 84, 3520
2019-01-25 13:50:15,805 - INFO - fastread - 84, 3530
2019-01-25 13:50:15,816 - INFO - fastread - 84, 3540
2019-01-25 13:50:15,824 - INFO - fastread - 84, 3550
2019-01-25 13:50:15,826 - INFO - fastread - 84, 3560
2019-01-25 13:50:15,826 - INFO - fastread - 84, 3570
2019-01-25 13:50:15,836 - INFO - fastread - 84, 3580
2019-01-25 13:50:15,836 - INFO - fastread - 84, 3590
2019-01-25 13:50:15,846 - INFO - fastread - 84, 3600
2019-01-25 13:50:15,846 - INFO - fastread - 84, 3610
2019-01-25 13:50:15,854 - INFO - fastread - 84, 3620
2019-01-25 13:50:15,856 - INFO - fastread - 84, 3630
2019-01-25 13:50:15,856 - INFO - fastread - 85, 3640
2019-01-25 13:50:15,866 - INFO - fastread - 85, 3650
2019-01-25 13:50:15,866 - INFO - fastread - 85, 3660
2019-01-25 13:50:15,874 - INFO - fastread - 85, 3670
2019-01-25 13:50:15,876 - INFO - fastread - 85, 3680
2019-01-25 13:50:15,886 - INFO - fastread - 85, 3690
2019-01-25 13:50:15,894 - INFO - fastread - 85, 3700
2019-01-25 13:50:15,897 - INFO - fastread - 86, 3710
2019-01-25 13:50:15,907 - INFO - fastread - 86, 3720
2019-01-25 13:50:15,915 - INFO - fastread - 86, 3730
2019-01-25 13:50:15,917 - INFO - fastread - 87, 3740
2019-01-25 13:50:15,917 - INFO - fastread - 88, 3750
2019-01-25 13:50:15,927 - INFO - fastread - 88, 3760
2019-01-25 13:50:15,927 - INFO - fastread - 88, 3770
2019-01-25 13:50:15,935 - INFO - fastread - 88, 3780
2019-01-25 13:50:15,937 - INFO - fastread - 88, 3790
2019-01-25 13:50:15,937 - INFO - fastread - 88, 3800
2019-01-25 13:50:15,947 - INFO - fastread - 88, 3810
2019-01-25 13:50:15,947 - INFO - fastread - 88, 3820
2019-01-25 13:50:15,955 - INFO - fastread - 88, 3830
2019-01-25 13:50:15,957 - INFO - fastread - 89, 3840
2019-01-25 13:50:15,957 - INFO - fastread - 90, 3850
2019-01-25 13:50:15,967 - INFO - fastread - 90, 3860
2019-01-25 13:50:15,967 - INFO - fastread - 90, 3870
2019-01-25 13:50:15,975 - INFO - fastread - 90, 3880
2019-01-25 13:50:15,978 - INFO - fastread - 90, 3890
2019-01-25 13:50:15,988 - INFO - fastread - 90, 3900
2019-01-25 13:50:15,988 - INFO - fastread - 90, 3910
2019-01-25 13:50:15,996 - INFO - fastread - 90, 3920
2019-01-25 13:50:15,998 - INFO - fastread - 90, 3930
2019-01-25 13:50:15,998 - INFO - fastread - 91, 3940
2019-01-25 13:50:16,008 - INFO - fastread - 92, 3950
2019-01-25 13:50:16,008 - INFO - fastread - 92, 3960
2019-01-25 13:50:16,016 - INFO - fastread - 92, 3970
2019-01-25 13:50:16,018 - INFO - fastread - 92, 3980
2019-01-25 13:50:16,028 - INFO - fastread - 92, 3990
2019-01-25 13:50:16,036 - INFO - fastread - 92, 4000
2019-01-25 13:50:16,038 - INFO - fastread - 93, 4010
2019-01-25 13:50:16,048 - INFO - fastread - 94, 4020
2019-01-25 13:50:16,048 - INFO - fastread - 94, 4030
2019-01-25 13:50:16,056 - INFO - fastread - 94, 4040
2019-01-25 13:50:16,058 - INFO - fastread - 94, 4050
2019-01-25 13:50:16,058 - INFO - fastread - 94, 4060
2019-01-25 13:50:16,069 - INFO - fastread - 97, 4070
2019-01-25 13:50:16,069 - INFO - fastread - 97, 4080
2019-01-25 13:50:16,077 - INFO - fastread - 97, 4090
2019-01-25 13:50:16,079 - INFO - fastread - 97, 4100
2019-01-25 13:50:16,079 - INFO - fastread - 98, 4110
2019-01-25 13:50:16,089 - INFO - fastread - 98, 4120
2019-01-25 13:50:16,089 - INFO - fastread - 99, 4130
2019-01-25 13:50:16,117 - INFO - rig - ++++NEW CLF++++ SVM
2019-01-25 13:50:16,117 - INFO - fastread - Total Yes: 104 | Total No: 4285
2019-01-25 13:56:15,121 - INFO - fastread - 0, 10
2019-01-25 13:56:15,131 - INFO - fastread - 5, 20
2019-01-25 13:56:15,131 - INFO - fastread - 15, 30
2019-01-25 13:56:15,131 - INFO - fastread - 25, 40
2019-01-25 13:56:15,131 - INFO - fastread - 31, 50
2019-01-25 13:56:15,142 - INFO - fastread - 39, 60
2019-01-25 13:56:15,142 - INFO - fastread - 39, 70
2019-01-25 13:56:15,150 - INFO - fastread - 42, 80
2019-01-25 13:56:15,152 - INFO - fastread - 44, 90
2019-01-25 13:56:15,152 - INFO - fastread - 47, 100
2019-01-25 13:56:15,152 - INFO - fastread - 51, 110
2019-01-25 13:56:15,160 - INFO - fastread - 56, 120
2019-01-25 13:56:15,162 - INFO - fastread - 58, 130
2019-01-25 13:56:15,162 - INFO - fastread - 60, 140
2019-01-25 13:56:15,162 - INFO - fastread - 61, 150
2019-01-25 13:56:15,170 - INFO - fastread - 63, 160
2019-01-25 13:56:15,172 - INFO - fastread - 64, 170
2019-01-25 13:56:15,172 - INFO - fastread - 65, 180
2019-01-25 13:56:15,172 - INFO - fastread - 67, 190
2019-01-25 13:56:15,180 - INFO - fastread - 68, 200
2019-01-25 13:56:15,182 - INFO - fastread - 70, 210
2019-01-25 13:56:15,182 - INFO - fastread - 71, 220
2019-01-25 13:56:15,182 - INFO - fastread - 71, 230
2019-01-25 13:56:15,190 - INFO - fastread - 73, 240
2019-01-25 13:56:15,192 - INFO - fastread - 76, 250
2019-01-25 13:56:15,192 - INFO - fastread - 76, 260
2019-01-25 13:56:15,192 - INFO - fastread - 76, 270
2019-01-25 13:56:15,200 - INFO - fastread - 76, 280
2019-01-25 13:56:15,202 - INFO - fastread - 76, 290
2019-01-25 13:56:15,202 - INFO - fastread - 77, 300
2019-01-25 13:56:15,202 - INFO - fastread - 78, 310
2019-01-25 13:56:15,210 - INFO - fastread - 78, 320
2019-01-25 13:56:15,212 - INFO - fastread - 78, 330
2019-01-25 13:56:15,212 - INFO - fastread - 78, 340
2019-01-25 13:56:15,212 - INFO - fastread - 78, 350
2019-01-25 13:56:15,223 - INFO - fastread - 79, 360
2019-01-25 13:56:15,223 - INFO - fastread - 79, 370
2019-01-25 13:56:15,223 - INFO - fastread - 80, 380
2019-01-25 13:56:15,223 - INFO - fastread - 81, 390
2019-01-25 13:56:15,233 - INFO - fastread - 83, 400
2019-01-25 13:56:15,233 - INFO - fastread - 83, 410
2019-01-25 13:56:15,233 - INFO - fastread - 85, 420
2019-01-25 13:56:15,233 - INFO - fastread - 86, 430
2019-01-25 13:56:15,243 - INFO - fastread - 86, 440
2019-01-25 13:56:15,243 - INFO - fastread - 86, 450
2019-01-25 13:56:15,243 - INFO - fastread - 86, 460
2019-01-25 13:56:15,251 - INFO - fastread - 86, 470
2019-01-25 13:56:15,253 - INFO - fastread - 86, 480
2019-01-25 13:56:15,253 - INFO - fastread - 86, 490
2019-01-25 13:56:15,253 - INFO - fastread - 86, 500
2019-01-25 13:56:15,261 - INFO - fastread - 86, 510
2019-01-25 13:56:15,263 - INFO - fastread - 86, 520
2019-01-25 13:56:15,263 - INFO - fastread - 86, 530
2019-01-25 13:56:15,263 - INFO - fastread - 89, 540
2019-01-25 13:56:15,271 - INFO - fastread - 89, 550
2019-01-25 13:56:15,273 - INFO - fastread - 89, 560
2019-01-25 13:56:15,273 - INFO - fastread - 89, 570
2019-01-25 13:56:15,273 - INFO - fastread - 89, 580
2019-01-25 13:56:15,282 - INFO - fastread - 89, 590
2019-01-25 13:56:15,284 - INFO - fastread - 89, 600
2019-01-25 13:56:15,284 - INFO - fastread - 89, 610
2019-01-25 13:56:15,284 - INFO - fastread - 89, 620
2019-01-25 13:56:15,292 - INFO - fastread - 89, 630
2019-01-25 13:56:15,294 - INFO - fastread - 89, 640
2019-01-25 13:56:15,294 - INFO - fastread - 89, 650
2019-01-25 13:56:15,294 - INFO - fastread - 89, 660
2019-01-25 13:56:15,304 - INFO - fastread - 89, 670
2019-01-25 13:56:15,304 - INFO - fastread - 89, 680
2019-01-25 13:56:15,304 - INFO - fastread - 90, 690
2019-01-25 13:56:15,312 - INFO - fastread - 90, 700
2019-01-25 13:56:15,314 - INFO - fastread - 90, 710
2019-01-25 13:56:15,314 - INFO - fastread - 90, 720
2019-01-25 13:56:15,314 - INFO - fastread - 90, 730
2019-01-25 13:56:15,322 - INFO - fastread - 90, 740
2019-01-25 13:56:15,324 - INFO - fastread - 92, 750
2019-01-25 13:56:15,324 - INFO - fastread - 92, 760
2019-01-25 13:56:15,324 - INFO - fastread - 93, 770
2019-01-25 13:56:15,332 - INFO - fastread - 93, 780
2019-01-25 13:56:15,334 - INFO - fastread - 93, 790
2019-01-25 13:56:15,334 - INFO - fastread - 93, 800
2019-01-25 13:56:15,334 - INFO - fastread - 93, 810
2019-01-25 13:56:15,344 - INFO - fastread - 93, 820
2019-01-25 13:56:15,344 - INFO - fastread - 93, 830
2019-01-25 13:56:15,344 - INFO - fastread - 93, 840
2019-01-25 13:56:15,352 - INFO - fastread - 93, 850
2019-01-25 13:56:15,354 - INFO - fastread - 93, 860
2019-01-25 13:56:15,354 - INFO - fastread - 93, 870
2019-01-25 13:56:15,354 - INFO - fastread - 93, 880
2019-01-25 13:56:15,364 - INFO - fastread - 93, 890
2019-01-25 13:56:15,364 - INFO - fastread - 93, 900
2019-01-25 13:56:15,364 - INFO - fastread - 93, 910
2019-01-25 13:56:15,373 - INFO - fastread - 93, 920
2019-01-25 13:56:15,375 - INFO - fastread - 93, 930
2019-01-25 13:56:15,375 - INFO - fastread - 93, 940
2019-01-25 13:56:15,375 - INFO - fastread - 93, 950
2019-01-25 13:56:15,385 - INFO - fastread - 93, 960
2019-01-25 13:56:15,385 - INFO - fastread - 93, 970
2019-01-25 13:56:15,385 - INFO - fastread - 93, 980
2019-01-25 13:56:15,393 - INFO - fastread - 94, 990
2019-01-25 13:56:15,395 - INFO - fastread - 95, 1000
2019-01-25 13:56:15,395 - INFO - fastread - 95, 1010
2019-01-25 13:56:15,395 - INFO - fastread - 95, 1020
2019-01-25 13:56:15,405 - INFO - fastread - 95, 1030
2019-01-25 13:56:15,405 - INFO - fastread - 98, 1040
2019-01-25 13:56:15,415 - INFO - fastread - 98, 1050
2019-01-25 13:56:15,415 - INFO - fastread - 98, 1060
2019-01-25 13:56:15,415 - INFO - fastread - 98, 1070
2019-01-25 13:56:15,425 - INFO - fastread - 98, 1080
2019-01-25 13:56:15,425 - INFO - fastread - 98, 1090
2019-01-25 13:56:15,425 - INFO - fastread - 98, 1100
2019-01-25 13:56:15,433 - INFO - fastread - 98, 1110
2019-01-25 13:56:15,435 - INFO - fastread - 98, 1120
2019-01-25 13:56:15,435 - INFO - fastread - 98, 1130
2019-01-25 13:56:15,443 - INFO - fastread - 98, 1140
2019-01-25 13:56:15,445 - INFO - fastread - 98, 1150
2019-01-25 13:56:15,445 - INFO - fastread - 98, 1160
2019-01-25 13:56:15,445 - INFO - fastread - 98, 1170
2019-01-25 13:56:15,454 - INFO - fastread - 99, 1180
2019-01-25 13:56:15,456 - INFO - rig - ++++NEW CLF++++ DT
2019-01-25 13:56:15,456 - INFO - fastread - Total Yes: 104 | Total No: 4285
2019-01-25 13:56:24,842 - INFO - fastread - 4, 10
2019-01-25 13:56:24,842 - INFO - fastread - 9, 20
2019-01-25 13:56:24,850 - INFO - fastread - 15, 30
2019-01-25 13:56:24,852 - INFO - fastread - 19, 40
2019-01-25 13:56:24,852 - INFO - fastread - 26, 50
2019-01-25 13:56:24,852 - INFO - fastread - 27, 60
2019-01-25 13:56:24,860 - INFO - fastread - 30, 70
2019-01-25 13:56:24,862 - INFO - fastread - 35, 80
2019-01-25 13:56:24,862 - INFO - fastread - 42, 90
2019-01-25 13:56:24,862 - INFO - fastread - 47, 100
2019-01-25 13:56:24,872 - INFO - fastread - 51, 110
2019-01-25 13:56:24,872 - INFO - fastread - 51, 120
2019-01-25 13:56:24,883 - INFO - fastread - 51, 130
2019-01-25 13:56:24,883 - INFO - fastread - 51, 140
2019-01-25 13:56:24,883 - INFO - fastread - 51, 150
2019-01-25 13:56:24,883 - INFO - fastread - 52, 160
2019-01-25 13:56:24,893 - INFO - fastread - 52, 170
2019-01-25 13:56:24,893 - INFO - fastread - 53, 180
2019-01-25 13:56:24,893 - INFO - fastread - 53, 190
2019-01-25 13:56:24,901 - INFO - fastread - 53, 200
2019-01-25 13:56:24,903 - INFO - fastread - 53, 210
2019-01-25 13:56:24,903 - INFO - fastread - 53, 220
2019-01-25 13:56:24,903 - INFO - fastread - 53, 230
2019-01-25 13:56:24,911 - INFO - fastread - 53, 240
2019-01-25 13:56:24,913 - INFO - fastread - 53, 250
2019-01-25 13:56:24,913 - INFO - fastread - 54, 260
2019-01-25 13:56:24,913 - INFO - fastread - 54, 270
2019-01-25 13:56:24,921 - INFO - fastread - 54, 280
2019-01-25 13:56:24,923 - INFO - fastread - 54, 290
2019-01-25 13:56:24,923 - INFO - fastread - 54, 300
2019-01-25 13:56:24,923 - INFO - fastread - 54, 310
2019-01-25 13:56:24,932 - INFO - fastread - 55, 320
2019-01-25 13:56:24,934 - INFO - fastread - 55, 330
2019-01-25 13:56:24,934 - INFO - fastread - 55, 340
2019-01-25 13:56:24,934 - INFO - fastread - 55, 350
2019-01-25 13:56:24,942 - INFO - fastread - 55, 360
2019-01-25 13:56:24,944 - INFO - fastread - 55, 370
2019-01-25 13:56:24,944 - INFO - fastread - 55, 380
2019-01-25 13:56:24,944 - INFO - fastread - 55, 390
2019-01-25 13:56:24,952 - INFO - fastread - 55, 400
2019-01-25 13:56:24,954 - INFO - fastread - 55, 410
2019-01-25 13:56:24,954 - INFO - fastread - 55, 420
2019-01-25 13:56:24,954 - INFO - fastread - 55, 430
2019-01-25 13:56:24,962 - INFO - fastread - 55, 440
2019-01-25 13:56:24,964 - INFO - fastread - 55, 450
2019-01-25 13:56:24,964 - INFO - fastread - 55, 460
2019-01-25 13:56:24,964 - INFO - fastread - 55, 470
2019-01-25 13:56:24,974 - INFO - fastread - 55, 480
2019-01-25 13:56:24,974 - INFO - fastread - 55, 490
2019-01-25 13:56:24,974 - INFO - fastread - 55, 500
2019-01-25 13:56:24,974 - INFO - fastread - 55, 510
2019-01-25 13:56:24,984 - INFO - fastread - 55, 520
2019-01-25 13:56:24,984 - INFO - fastread - 55, 530
2019-01-25 13:56:24,984 - INFO - fastread - 55, 540
2019-01-25 13:56:24,992 - INFO - fastread - 55, 550
2019-01-25 13:56:24,995 - INFO - fastread - 55, 560
2019-01-25 13:56:24,995 - INFO - fastread - 55, 570
2019-01-25 13:56:24,995 - INFO - fastread - 55, 580
2019-01-25 13:56:25,003 - INFO - fastread - 55, 590
2019-01-25 13:56:25,005 - INFO - fastread - 55, 600
2019-01-25 13:56:25,005 - INFO - fastread - 55, 610
2019-01-25 13:56:25,005 - INFO - fastread - 55, 620
2019-01-25 13:56:25,015 - INFO - fastread - 55, 630
2019-01-25 13:56:25,015 - INFO - fastread - 56, 640
2019-01-25 13:56:25,015 - INFO - fastread - 56, 650
2019-01-25 13:56:25,023 - INFO - fastread - 56, 660
2019-01-25 13:56:25,025 - INFO - fastread - 56, 670
2019-01-25 13:56:25,025 - INFO - fastread - 56, 680
2019-01-25 13:56:25,025 - INFO - fastread - 56, 690
2019-01-25 13:56:25,033 - INFO - fastread - 56, 700
2019-01-25 13:56:25,035 - INFO - fastread - 56, 710
2019-01-25 13:56:25,035 - INFO - fastread - 56, 720
2019-01-25 13:56:25,035 - INFO - fastread - 57, 730
2019-01-25 13:56:25,043 - INFO - fastread - 57, 740
2019-01-25 13:56:25,045 - INFO - fastread - 57, 750
2019-01-25 13:56:25,045 - INFO - fastread - 57, 760
2019-01-25 13:56:25,045 - INFO - fastread - 57, 770
2019-01-25 13:56:25,055 - INFO - fastread - 57, 780
2019-01-25 13:56:25,055 - INFO - fastread - 57, 790
2019-01-25 13:56:25,055 - INFO - fastread - 57, 800
2019-01-25 13:56:25,063 - INFO - fastread - 57, 810
2019-01-25 13:56:25,066 - INFO - fastread - 57, 820
2019-01-25 13:56:25,066 - INFO - fastread - 58, 830
2019-01-25 13:56:25,066 - INFO - fastread - 58, 840
2019-01-25 13:56:25,074 - INFO - fastread - 58, 850
2019-01-25 13:56:25,076 - INFO - fastread - 59, 860
2019-01-25 13:56:25,076 - INFO - fastread - 59, 870
2019-01-25 13:56:25,084 - INFO - fastread - 59, 880
2019-01-25 13:56:25,086 - INFO - fastread - 59, 890
2019-01-25 13:56:25,086 - INFO - fastread - 59, 900
2019-01-25 13:56:25,086 - INFO - fastread - 60, 910
2019-01-25 13:56:25,094 - INFO - fastread - 60, 920
2019-01-25 13:56:25,096 - INFO - fastread - 60, 930
2019-01-25 13:56:25,096 - INFO - fastread - 60, 940
2019-01-25 13:56:25,104 - INFO - fastread - 60, 950
2019-01-25 13:56:25,106 - INFO - fastread - 60, 960
2019-01-25 13:56:25,106 - INFO - fastread - 60, 970
2019-01-25 13:56:25,106 - INFO - fastread - 60, 980
2019-01-25 13:56:25,114 - INFO - fastread - 61, 990
2019-01-25 13:56:25,116 - INFO - fastread - 61, 1000
2019-01-25 13:56:25,116 - INFO - fastread - 61, 1010
2019-01-25 13:56:25,116 - INFO - fastread - 61, 1020
2019-01-25 13:56:25,126 - INFO - fastread - 61, 1030
2019-01-25 13:56:25,126 - INFO - fastread - 61, 1040
2019-01-25 13:56:25,126 - INFO - fastread - 61, 1050
2019-01-25 13:56:25,134 - INFO - fastread - 61, 1060
2019-01-25 13:56:25,136 - INFO - fastread - 61, 1070
2019-01-25 13:56:25,145 - INFO - fastread - 61, 1080
2019-01-25 13:56:25,147 - INFO - fastread - 62, 1090
2019-01-25 13:56:25,147 - INFO - fastread - 62, 1100
2019-01-25 13:56:25,147 - INFO - fastread - 63, 1110
2019-01-25 13:56:25,157 - INFO - fastread - 63, 1120
2019-01-25 13:56:25,157 - INFO - fastread - 63, 1130
2019-01-25 13:56:25,157 - INFO - fastread - 63, 1140
2019-01-25 13:56:25,165 - INFO - fastread - 64, 1150
2019-01-25 13:56:25,167 - INFO - fastread - 64, 1160
2019-01-25 13:56:25,167 - INFO - fastread - 64, 1170
2019-01-25 13:56:25,167 - INFO - fastread - 64, 1180
2019-01-25 13:56:25,177 - INFO - fastread - 65, 1190
2019-01-25 13:56:25,177 - INFO - fastread - 65, 1200
2019-01-25 13:56:25,187 - INFO - fastread - 65, 1210
2019-01-25 13:56:25,187 - INFO - fastread - 66, 1220
2019-01-25 13:56:25,195 - INFO - fastread - 66, 1230
2019-01-25 13:56:25,197 - INFO - fastread - 67, 1240
2019-01-25 13:56:25,206 - INFO - fastread - 67, 1250
2019-01-25 13:56:25,208 - INFO - fastread - 67, 1260
2019-01-25 13:56:25,208 - INFO - fastread - 67, 1270
2019-01-25 13:56:25,208 - INFO - fastread - 67, 1280
2019-01-25 13:56:25,218 - INFO - fastread - 67, 1290
2019-01-25 13:56:25,218 - INFO - fastread - 67, 1300
2019-01-25 13:56:25,226 - INFO - fastread - 67, 1310
2019-01-25 13:56:25,228 - INFO - fastread - 67, 1320
2019-01-25 13:56:25,236 - INFO - fastread - 67, 1330
2019-01-25 13:56:25,238 - INFO - fastread - 67, 1340
2019-01-25 13:56:25,238 - INFO - fastread - 67, 1350
2019-01-25 13:56:25,238 - INFO - fastread - 67, 1360
2019-01-25 13:56:25,246 - INFO - fastread - 67, 1370
2019-01-25 13:56:25,248 - INFO - fastread - 67, 1380
2019-01-25 13:56:25,248 - INFO - fastread - 67, 1390
2019-01-25 13:56:25,248 - INFO - fastread - 67, 1400
2019-01-25 13:56:25,257 - INFO - fastread - 67, 1410
2019-01-25 13:56:25,259 - INFO - fastread - 67, 1420
2019-01-25 13:56:25,259 - INFO - fastread - 67, 1430
2019-01-25 13:56:25,259 - INFO - fastread - 67, 1440
2019-01-25 13:56:25,269 - INFO - fastread - 67, 1450
2019-01-25 13:56:25,269 - INFO - fastread - 68, 1460
2019-01-25 13:56:25,269 - INFO - fastread - 68, 1470
2019-01-25 13:56:25,277 - INFO - fastread - 68, 1480
2019-01-25 13:56:25,279 - INFO - fastread - 68, 1490
2019-01-25 13:56:25,279 - INFO - fastread - 68, 1500
2019-01-25 13:56:25,279 - INFO - fastread - 68, 1510
2019-01-25 13:56:25,287 - INFO - fastread - 68, 1520
2019-01-25 13:56:25,289 - INFO - fastread - 68, 1530
2019-01-25 13:56:25,289 - INFO - fastread - 68, 1540
2019-01-25 13:56:25,289 - INFO - fastread - 68, 1550
2019-01-25 13:56:25,299 - INFO - fastread - 68, 1560
2019-01-25 13:56:25,299 - INFO - fastread - 68, 1570
2019-01-25 13:56:25,299 - INFO - fastread - 68, 1580
2019-01-25 13:56:25,307 - INFO - fastread - 68, 1590
2019-01-25 13:56:25,309 - INFO - fastread - 68, 1600
2019-01-25 13:56:25,309 - INFO - fastread - 68, 1610
2019-01-25 13:56:25,309 - INFO - fastread - 68, 1620
2019-01-25 13:56:25,317 - INFO - fastread - 68, 1630
2019-01-25 13:56:25,320 - INFO - fastread - 68, 1640
2019-01-25 13:56:25,320 - INFO - fastread - 69, 1650
2019-01-25 13:56:25,320 - INFO - fastread - 69, 1660
2019-01-25 13:56:25,330 - INFO - fastread - 69, 1670
2019-01-25 13:56:25,330 - INFO - fastread - 69, 1680
2019-01-25 13:56:25,330 - INFO - fastread - 69, 1690
2019-01-25 13:56:25,338 - INFO - fastread - 69, 1700
2019-01-25 13:56:25,340 - INFO - fastread - 69, 1710
2019-01-25 13:56:25,340 - INFO - fastread - 69, 1720
2019-01-25 13:56:25,350 - INFO - fastread - 69, 1730
2019-01-25 13:56:25,350 - INFO - fastread - 69, 1740
2019-01-25 13:56:25,350 - INFO - fastread - 69, 1750
2019-01-25 13:56:25,358 - INFO - fastread - 69, 1760
2019-01-25 13:56:25,360 - INFO - fastread - 70, 1770
2019-01-25 13:56:25,360 - INFO - fastread - 71, 1780
2019-01-25 13:56:25,360 - INFO - fastread - 71, 1790
2019-01-25 13:56:25,368 - INFO - fastread - 71, 1800
2019-01-25 13:56:25,370 - INFO - fastread - 71, 1810
2019-01-25 13:56:25,370 - INFO - fastread - 71, 1820
2019-01-25 13:56:25,370 - INFO - fastread - 71, 1830
2019-01-25 13:56:25,379 - INFO - fastread - 71, 1840
2019-01-25 13:56:25,381 - INFO - fastread - 71, 1850
2019-01-25 13:56:25,381 - INFO - fastread - 71, 1860
2019-01-25 13:56:25,381 - INFO - fastread - 71, 1870
2019-01-25 13:56:25,390 - INFO - fastread - 71, 1880
2019-01-25 13:56:25,392 - INFO - fastread - 71, 1890
2019-01-25 13:56:25,392 - INFO - fastread - 71, 1900
2019-01-25 13:56:25,400 - INFO - fastread - 71, 1910
2019-01-25 13:56:25,402 - INFO - fastread - 73, 1920
2019-01-25 13:56:25,402 - INFO - fastread - 73, 1930
2019-01-25 13:56:25,402 - INFO - fastread - 73, 1940
2019-01-25 13:56:25,410 - INFO - fastread - 73, 1950
2019-01-25 13:56:25,412 - INFO - fastread - 73, 1960
2019-01-25 13:56:25,412 - INFO - fastread - 73, 1970
2019-01-25 13:56:25,412 - INFO - fastread - 73, 1980
2019-01-25 13:56:25,422 - INFO - fastread - 73, 1990
2019-01-25 13:56:25,422 - INFO - fastread - 73, 2000
2019-01-25 13:56:25,422 - INFO - fastread - 73, 2010
2019-01-25 13:56:25,430 - INFO - fastread - 73, 2020
2019-01-25 13:56:25,432 - INFO - fastread - 73, 2030
2019-01-25 13:56:25,432 - INFO - fastread - 73, 2040
2019-01-25 13:56:25,432 - INFO - fastread - 73, 2050
2019-01-25 13:56:25,440 - INFO - fastread - 73, 2060
2019-01-25 13:56:25,443 - INFO - fastread - 73, 2070
2019-01-25 13:56:25,443 - INFO - fastread - 73, 2080
2019-01-25 13:56:25,443 - INFO - fastread - 73, 2090
2019-01-25 13:56:25,453 - INFO - fastread - 73, 2100
2019-01-25 13:56:25,453 - INFO - fastread - 73, 2110
2019-01-25 13:56:25,453 - INFO - fastread - 73, 2120
2019-01-25 13:56:25,461 - INFO - fastread - 73, 2130
2019-01-25 13:56:25,463 - INFO - fastread - 73, 2140
2019-01-25 13:56:25,463 - INFO - fastread - 73, 2150
2019-01-25 13:56:25,463 - INFO - fastread - 73, 2160
2019-01-25 13:56:25,471 - INFO - fastread - 74, 2170
2019-01-25 13:56:25,473 - INFO - fastread - 74, 2180
2019-01-25 13:56:25,473 - INFO - fastread - 74, 2190
2019-01-25 13:56:25,473 - INFO - fastread - 75, 2200
2019-01-25 13:56:25,483 - INFO - fastread - 75, 2210
2019-01-25 13:56:25,483 - INFO - fastread - 75, 2220
2019-01-25 13:56:25,483 - INFO - fastread - 75, 2230
2019-01-25 13:56:25,491 - INFO - fastread - 75, 2240
2019-01-25 13:56:25,493 - INFO - fastread - 75, 2250
2019-01-25 13:56:25,493 - INFO - fastread - 75, 2260
2019-01-25 13:56:25,493 - INFO - fastread - 75, 2270
2019-01-25 13:56:25,504 - INFO - fastread - 75, 2280
2019-01-25 13:56:25,504 - INFO - fastread - 75, 2290
2019-01-25 13:56:25,512 - INFO - fastread - 76, 2300
2019-01-25 13:56:25,514 - INFO - fastread - 76, 2310
2019-01-25 13:56:25,522 - INFO - fastread - 76, 2320
2019-01-25 13:56:25,524 - INFO - fastread - 76, 2330
2019-01-25 13:56:25,524 - INFO - fastread - 76, 2340
2019-01-25 13:56:25,524 - INFO - fastread - 76, 2350
2019-01-25 13:56:25,532 - INFO - fastread - 76, 2360
2019-01-25 13:56:25,534 - INFO - fastread - 76, 2370
2019-01-25 13:56:25,534 - INFO - fastread - 76, 2380
2019-01-25 13:56:25,534 - INFO - fastread - 77, 2390
2019-01-25 13:56:25,545 - INFO - fastread - 77, 2400
2019-01-25 13:56:25,545 - INFO - fastread - 77, 2410
2019-01-25 13:56:25,555 - INFO - fastread - 77, 2420
2019-01-25 13:56:25,555 - INFO - fastread - 77, 2430
2019-01-25 13:56:25,563 - INFO - fastread - 77, 2440
2019-01-25 13:56:25,565 - INFO - fastread - 79, 2450
2019-01-25 13:56:25,565 - INFO - fastread - 79, 2460
2019-01-25 13:56:25,573 - INFO - fastread - 79, 2470
2019-01-25 13:56:25,575 - INFO - fastread - 80, 2480
2019-01-25 13:56:25,575 - INFO - fastread - 80, 2490
2019-01-25 13:56:25,575 - INFO - fastread - 80, 2500
2019-01-25 13:56:25,583 - INFO - fastread - 80, 2510
2019-01-25 13:56:25,585 - INFO - fastread - 80, 2520
2019-01-25 13:56:25,585 - INFO - fastread - 80, 2530
2019-01-25 13:56:25,585 - INFO - fastread - 80, 2540
2019-01-25 13:56:25,595 - INFO - fastread - 80, 2550
2019-01-25 13:56:25,595 - INFO - fastread - 80, 2560
2019-01-25 13:56:25,595 - INFO - fastread - 81, 2570
2019-01-25 13:56:25,603 - INFO - fastread - 82, 2580
2019-01-25 13:56:25,605 - INFO - fastread - 82, 2590
2019-01-25 13:56:25,605 - INFO - fastread - 82, 2600
2019-01-25 13:56:25,614 - INFO - fastread - 82, 2610
2019-01-25 13:56:25,616 - INFO - fastread - 82, 2620
2019-01-25 13:56:25,616 - INFO - fastread - 82, 2630
2019-01-25 13:56:25,616 - INFO - fastread - 82, 2640
2019-01-25 13:56:25,624 - INFO - fastread - 82, 2650
2019-01-25 13:56:25,626 - INFO - fastread - 82, 2660
2019-01-25 13:56:25,626 - INFO - fastread - 82, 2670
2019-01-25 13:56:25,634 - INFO - fastread - 82, 2680
2019-01-25 13:56:25,636 - INFO - fastread - 82, 2690
2019-01-25 13:56:25,636 - INFO - fastread - 83, 2700
2019-01-25 13:56:25,636 - INFO - fastread - 83, 2710
2019-01-25 13:56:25,644 - INFO - fastread - 83, 2720
2019-01-25 13:56:25,646 - INFO - fastread - 83, 2730
2019-01-25 13:56:25,646 - INFO - fastread - 83, 2740
2019-01-25 13:56:25,646 - INFO - fastread - 84, 2750
2019-01-25 13:56:25,656 - INFO - fastread - 84, 2760
2019-01-25 13:56:25,656 - INFO - fastread - 84, 2770
2019-01-25 13:56:25,656 - INFO - fastread - 84, 2780
2019-01-25 13:56:25,664 - INFO - fastread - 84, 2790
2019-01-25 13:56:25,667 - INFO - fastread - 84, 2800
2019-01-25 13:56:25,667 - INFO - fastread - 85, 2810
2019-01-25 13:56:25,667 - INFO - fastread - 85, 2820
2019-01-25 13:56:25,677 - INFO - fastread - 85, 2830
2019-01-25 13:56:25,677 - INFO - fastread - 85, 2840
2019-01-25 13:56:25,677 - INFO - fastread - 86, 2850
2019-01-25 13:56:25,685 - INFO - fastread - 86, 2860
2019-01-25 13:56:25,687 - INFO - fastread - 86, 2870
2019-01-25 13:56:25,687 - INFO - fastread - 86, 2880
2019-01-25 13:56:25,687 - INFO - fastread - 86, 2890
2019-01-25 13:56:25,695 - INFO - fastread - 86, 2900
2019-01-25 13:56:25,697 - INFO - fastread - 86, 2910
2019-01-25 13:56:25,697 - INFO - fastread - 86, 2920
2019-01-25 13:56:25,705 - INFO - fastread - 86, 2930
2019-01-25 13:56:25,707 - INFO - fastread - 86, 2940
2019-01-25 13:56:25,707 - INFO - fastread - 87, 2950
2019-01-25 13:56:25,707 - INFO - fastread - 87, 2960
2019-01-25 13:56:25,716 - INFO - fastread - 88, 2970
2019-01-25 13:56:25,718 - INFO - fastread - 88, 2980
2019-01-25 13:56:25,718 - INFO - fastread - 88, 2990
2019-01-25 13:56:25,718 - INFO - fastread - 88, 3000
2019-01-25 13:56:25,728 - INFO - fastread - 88, 3010
2019-01-25 13:56:25,728 - INFO - fastread - 88, 3020
2019-01-25 13:56:25,728 - INFO - fastread - 88, 3030
2019-01-25 13:56:25,736 - INFO - fastread - 88, 3040
2019-01-25 13:56:25,738 - INFO - fastread - 88, 3050
2019-01-25 13:56:25,738 - INFO - fastread - 88, 3060
2019-01-25 13:56:25,738 - INFO - fastread - 88, 3070
2019-01-25 13:56:25,746 - INFO - fastread - 88, 3080
2019-01-25 13:56:25,748 - INFO - fastread - 88, 3090
2019-01-25 13:56:25,748 - INFO - fastread - 88, 3100
2019-01-25 13:56:25,756 - INFO - fastread - 88, 3110
2019-01-25 13:56:25,758 - INFO - fastread - 89, 3120
2019-01-25 13:56:25,758 - INFO - fastread - 89, 3130
2019-01-25 13:56:25,758 - INFO - fastread - 89, 3140
2019-01-25 13:56:25,766 - INFO - fastread - 89, 3150
2019-01-25 13:56:25,769 - INFO - fastread - 89, 3160
2019-01-25 13:56:25,769 - INFO - fastread - 89, 3170
2019-01-25 13:56:25,777 - INFO - fastread - 89, 3180
2019-01-25 13:56:25,779 - INFO - fastread - 89, 3190
2019-01-25 13:56:25,779 - INFO - fastread - 89, 3200
2019-01-25 13:56:25,779 - INFO - fastread - 90, 3210
2019-01-25 13:56:25,787 - INFO - fastread - 90, 3220
2019-01-25 13:56:25,789 - INFO - fastread - 91, 3230
2019-01-25 13:56:25,789 - INFO - fastread - 91, 3240
2019-01-25 13:56:25,797 - INFO - fastread - 91, 3250
2019-01-25 13:56:25,799 - INFO - fastread - 91, 3260
2019-01-25 13:56:25,799 - INFO - fastread - 91, 3270
2019-01-25 13:56:25,799 - INFO - fastread - 91, 3280
2019-01-25 13:56:25,809 - INFO - fastread - 91, 3290
2019-01-25 13:56:25,809 - INFO - fastread - 91, 3300
2019-01-25 13:56:25,809 - INFO - fastread - 92, 3310
2019-01-25 13:56:25,817 - INFO - fastread - 92, 3320
2019-01-25 13:56:25,819 - INFO - fastread - 92, 3330
2019-01-25 13:56:25,819 - INFO - fastread - 92, 3340
2019-01-25 13:56:25,819 - INFO - fastread - 92, 3350
2019-01-25 13:56:25,829 - INFO - fastread - 92, 3360
2019-01-25 13:56:25,829 - INFO - fastread - 92, 3370
2019-01-25 13:56:25,829 - INFO - fastread - 92, 3380
2019-01-25 13:56:25,837 - INFO - fastread - 92, 3390
2019-01-25 13:56:25,840 - INFO - fastread - 92, 3400
2019-01-25 13:56:25,840 - INFO - fastread - 92, 3410
2019-01-25 13:56:25,848 - INFO - fastread - 92, 3420
2019-01-25 13:56:25,850 - INFO - fastread - 92, 3430
2019-01-25 13:56:25,850 - INFO - fastread - 92, 3440
2019-01-25 13:56:25,850 - INFO - fastread - 92, 3450
2019-01-25 13:56:25,858 - INFO - fastread - 93, 3460
2019-01-25 13:56:25,860 - INFO - fastread - 93, 3470
2019-01-25 13:56:25,860 - INFO - fastread - 93, 3480
2019-01-25 13:56:25,868 - INFO - fastread - 93, 3490
2019-01-25 13:56:25,870 - INFO - fastread - 93, 3500
2019-01-25 13:56:25,870 - INFO - fastread - 93, 3510
2019-01-25 13:56:25,870 - INFO - fastread - 93, 3520
2019-01-25 13:56:25,878 - INFO - fastread - 93, 3530
2019-01-25 13:56:25,880 - INFO - fastread - 94, 3540
2019-01-25 13:56:25,880 - INFO - fastread - 94, 3550
2019-01-25 13:56:25,888 - INFO - fastread - 94, 3560
2019-01-25 13:56:25,890 - INFO - fastread - 94, 3570
2019-01-25 13:56:25,890 - INFO - fastread - 94, 3580
2019-01-25 13:56:25,890 - INFO - fastread - 94, 3590
2019-01-25 13:56:25,898 - INFO - fastread - 94, 3600
2019-01-25 13:56:25,900 - INFO - fastread - 94, 3610
2019-01-25 13:56:25,900 - INFO - fastread - 95, 3620
2019-01-25 13:56:25,908 - INFO - fastread - 95, 3630
2019-01-25 13:56:25,910 - INFO - fastread - 95, 3640
2019-01-25 13:56:25,910 - INFO - fastread - 95, 3650
2019-01-25 13:56:25,910 - INFO - fastread - 95, 3660
2019-01-25 13:56:25,918 - INFO - fastread - 95, 3670
2019-01-25 13:56:25,920 - INFO - fastread - 95, 3680
2019-01-25 13:56:25,920 - INFO - fastread - 96, 3690
2019-01-25 13:56:25,928 - INFO - fastread - 96, 3700
2019-01-25 13:56:25,931 - INFO - fastread - 97, 3710
2019-01-25 13:56:25,931 - INFO - fastread - 97, 3720
2019-01-25 13:56:25,931 - INFO - fastread - 98, 3730
2019-01-25 13:56:25,941 - INFO - fastread - 98, 3740
2019-01-25 13:56:25,941 - INFO - fastread - 98, 3750
2019-01-25 13:56:25,941 - INFO - fastread - 98, 3760
2019-01-25 13:56:25,949 - INFO - fastread - 98, 3770
2019-01-25 13:56:25,951 - INFO - fastread - 98, 3780
2019-01-25 13:56:25,951 - INFO - fastread - 98, 3790
2019-01-25 13:56:25,951 - INFO - fastread - 98, 3800
2019-01-25 13:56:25,959 - INFO - fastread - 98, 3810
2019-01-25 13:56:25,961 - INFO - fastread - 98, 3820
2019-01-25 13:56:25,961 - INFO - fastread - 98, 3830
2019-01-25 13:56:25,961 - INFO - fastread - 98, 3840
2019-01-25 13:56:25,971 - INFO - fastread - 98, 3850
2019-01-25 13:56:25,971 - INFO - fastread - 98, 3860
2019-01-25 13:56:25,971 - INFO - fastread - 98, 3870
2019-01-25 13:56:25,979 - INFO - fastread - 98, 3880
2019-01-25 13:56:25,981 - INFO - fastread - 98, 3890
2019-01-25 13:56:25,981 - INFO - fastread - 98, 3900
2019-01-25 13:56:25,981 - INFO - fastread - 98, 3910
2019-01-25 13:56:25,991 - INFO - fastread - 98, 3920
2019-01-25 13:56:25,991 - INFO - fastread - 98, 3930
2019-01-25 13:56:25,991 - INFO - fastread - 99, 3940
