2019-01-25 13:40:46,136 - INFO - rig - hibernate-distribution-3.3.2.GA
2019-01-25 13:40:54,056 - INFO - rig - ++++NEW CLF++++ FASTREAD
2019-01-25 13:40:54,057 - INFO - fastread - Total Yes: 472 | Total No: 2496
2019-01-25 13:40:54,388 - INFO - fastread - 0, 0
2019-01-25 13:40:55,591 - INFO - fastread - 1, 10
2019-01-25 13:40:56,601 - INFO - fastread - 4, 20
2019-01-25 13:40:57,662 - INFO - fastread - 5, 30
2019-01-25 13:40:58,998 - INFO - fastread - 13, 40
2019-01-25 13:41:00,253 - INFO - fastread - 23, 50
2019-01-25 13:41:01,690 - INFO - fastread - 24, 60
2019-01-25 13:41:02,968 - INFO - fastread - 34, 70
2019-01-25 13:41:04,095 - INFO - fastread - 44, 80
2019-01-25 13:41:05,251 - INFO - fastread - 52, 90
2019-01-25 13:41:06,417 - INFO - fastread - 62, 100
2019-01-25 13:41:07,709 - INFO - fastread - 71, 110
2019-01-25 13:41:09,010 - INFO - fastread - 81, 120
2019-01-25 13:41:10,315 - INFO - fastread - 91, 130
2019-01-25 13:41:11,541 - INFO - fastread - 101, 140
2019-01-25 13:41:12,802 - INFO - fastread - 111, 150
2019-01-25 13:41:14,043 - INFO - fastread - 119, 160
2019-01-25 13:41:15,306 - INFO - fastread - 129, 170
2019-01-25 13:41:16,686 - INFO - fastread - 136, 180
2019-01-25 13:41:17,855 - INFO - fastread - 146, 190
2019-01-25 13:41:19,159 - INFO - fastread - 155, 200
2019-01-25 13:41:20,548 - INFO - fastread - 165, 210
2019-01-25 13:41:21,907 - INFO - fastread - 173, 220
2019-01-25 13:41:23,338 - INFO - fastread - 183, 230
2019-01-25 13:41:24,768 - INFO - fastread - 193, 240
2019-01-25 13:41:26,235 - INFO - fastread - 202, 250
2019-01-25 13:41:27,722 - INFO - fastread - 208, 260
2019-01-25 13:41:29,219 - INFO - fastread - 215, 270
2019-01-25 13:41:30,798 - INFO - fastread - 223, 280
2019-01-25 13:41:32,431 - INFO - fastread - 230, 290
2019-01-25 13:41:34,011 - INFO - fastread - 238, 300
2019-01-25 13:41:35,601 - INFO - fastread - 248, 310
2019-01-25 13:41:37,170 - INFO - fastread - 251, 320
2019-01-25 13:41:38,803 - INFO - fastread - 255, 330
2019-01-25 13:41:40,338 - INFO - fastread - 263, 340
2019-01-25 13:41:41,990 - INFO - fastread - 270, 350
2019-01-25 13:41:43,569 - INFO - fastread - 273, 360
2019-01-25 13:41:45,328 - INFO - fastread - 282, 370
2019-01-25 13:41:46,948 - INFO - fastread - 291, 380
2019-01-25 13:41:48,625 - INFO - fastread - 300, 390
2019-01-25 13:41:50,486 - INFO - fastread - 309, 400
2019-01-25 13:41:52,376 - INFO - fastread - 316, 410
2019-01-25 13:41:54,045 - INFO - fastread - 325, 420
2019-01-25 13:41:55,930 - INFO - fastread - 334, 430
2019-01-25 13:41:57,768 - INFO - fastread - 340, 440
2019-01-25 13:41:59,676 - INFO - fastread - 348, 450
2019-01-25 13:42:01,559 - INFO - fastread - 353, 460
2019-01-25 13:42:03,497 - INFO - fastread - 356, 470
2019-01-25 13:42:05,368 - INFO - fastread - 362, 480
2019-01-25 13:42:07,207 - INFO - fastread - 368, 490
2019-01-25 13:42:09,064 - INFO - fastread - 375, 500
2019-01-25 13:42:10,983 - INFO - fastread - 377, 510
2019-01-25 13:42:12,924 - INFO - fastread - 380, 520
2019-01-25 13:42:14,935 - INFO - fastread - 382, 530
2019-01-25 13:42:16,875 - INFO - fastread - 386, 540
2019-01-25 13:42:18,744 - INFO - fastread - 391, 550
2019-01-25 13:42:20,853 - INFO - fastread - 391, 560
2019-01-25 13:42:22,722 - INFO - fastread - 392, 570
2019-01-25 13:42:24,863 - INFO - fastread - 393, 580
2019-01-25 13:42:26,879 - INFO - fastread - 395, 590
2019-01-25 13:42:28,948 - INFO - fastread - 395, 600
2019-01-25 13:42:31,109 - INFO - fastread - 397, 610
2019-01-25 13:42:33,197 - INFO - fastread - 401, 620
2019-01-25 13:42:35,536 - INFO - fastread - 401, 630
2019-01-25 13:42:38,564 - INFO - fastread - 406, 640
2019-01-25 13:42:40,947 - INFO - fastread - 407, 650
2019-01-25 13:42:43,429 - INFO - fastread - 408, 660
2019-01-25 13:42:45,901 - INFO - fastread - 410, 670
2019-01-25 13:42:48,393 - INFO - fastread - 412, 680
2019-01-25 13:42:50,726 - INFO - fastread - 413, 690
2019-01-25 13:42:53,296 - INFO - fastread - 414, 700
2019-01-25 13:42:55,890 - INFO - fastread - 415, 710
2019-01-25 13:42:58,584 - INFO - fastread - 417, 720
2019-01-25 13:43:01,281 - INFO - fastread - 418, 730
2019-01-25 13:43:03,815 - INFO - fastread - 418, 740
2019-01-25 13:43:06,509 - INFO - fastread - 419, 750
2019-01-25 13:43:08,915 - INFO - fastread - 422, 760
2019-01-25 13:43:11,431 - INFO - fastread - 423, 770
2019-01-25 13:43:13,947 - INFO - fastread - 424, 780
2019-01-25 13:43:16,423 - INFO - fastread - 425, 790
2019-01-25 13:43:18,830 - INFO - fastread - 426, 800
2019-01-25 13:43:21,295 - INFO - fastread - 426, 810
2019-01-25 13:43:23,921 - INFO - fastread - 426, 820
2019-01-25 13:43:26,274 - INFO - fastread - 428, 830
2019-01-25 13:43:28,757 - INFO - fastread - 428, 840
2019-01-25 13:43:31,543 - INFO - fastread - 428, 850
2019-01-25 13:43:34,152 - INFO - fastread - 429, 860
2019-01-25 13:43:36,807 - INFO - fastread - 431, 870
2019-01-25 13:43:39,333 - INFO - fastread - 432, 880
2019-01-25 13:43:42,121 - INFO - fastread - 434, 890
2019-01-25 13:43:44,888 - INFO - fastread - 435, 900
2019-01-25 13:43:47,726 - INFO - fastread - 437, 910
2019-01-25 13:43:50,624 - INFO - fastread - 442, 920
2019-01-25 13:43:54,710 - INFO - fastread - 442, 930
2019-01-25 13:43:58,451 - INFO - fastread - 442, 940
2019-01-25 13:44:01,463 - INFO - fastread - 442, 950
2019-01-25 13:44:04,530 - INFO - fastread - 443, 960
2019-01-25 13:44:08,367 - INFO - fastread - 443, 970
2019-01-25 13:44:12,064 - INFO - fastread - 444, 980
2019-01-25 13:44:15,512 - INFO - fastread - 444, 990
2019-01-25 13:44:19,130 - INFO - fastread - 444, 1000
2019-01-25 13:44:22,984 - INFO - fastread - 444, 1010
2019-01-25 13:44:27,115 - INFO - fastread - 444, 1020
2019-01-25 13:44:30,768 - INFO - fastread - 445, 1030
2019-01-25 13:44:35,349 - INFO - fastread - 445, 1040
2019-01-25 13:44:38,665 - INFO - fastread - 445, 1050
2019-01-25 13:44:41,893 - INFO - fastread - 446, 1060
2019-01-25 13:44:45,283 - INFO - fastread - 447, 1070
2019-01-25 13:44:48,738 - INFO - fastread - 447, 1080
2019-01-25 13:44:52,031 - INFO - fastread - 447, 1090
2019-01-25 13:44:55,423 - INFO - fastread - 447, 1100
2019-01-25 13:44:59,769 - INFO - fastread - 447, 1110
2019-01-25 13:45:05,421 - INFO - fastread - 448, 1120
2019-01-25 13:45:08,320 - INFO - rig - ++++NEW CLF++++ NBM
2019-01-25 13:45:08,321 - INFO - fastread - Total Yes: 472 | Total No: 2496
2019-01-25 13:45:09,169 - INFO - fastread - 10, 10
2019-01-25 13:45:09,171 - INFO - fastread - 12, 20
2019-01-25 13:45:09,171 - INFO - fastread - 21, 30
2019-01-25 13:45:09,181 - INFO - fastread - 31, 40
2019-01-25 13:45:09,181 - INFO - fastread - 40, 50
2019-01-25 13:45:09,191 - INFO - fastread - 48, 60
2019-01-25 13:45:09,191 - INFO - fastread - 56, 70
2019-01-25 13:45:09,201 - INFO - fastread - 64, 80
2019-01-25 13:45:09,201 - INFO - fastread - 72, 90
2019-01-25 13:45:09,212 - INFO - fastread - 77, 100
2019-01-25 13:45:09,212 - INFO - fastread - 78, 110
2019-01-25 13:45:09,222 - INFO - fastread - 84, 120
2019-01-25 13:45:09,230 - INFO - fastread - 90, 130
2019-01-25 13:45:09,232 - INFO - fastread - 95, 140
2019-01-25 13:45:09,242 - INFO - fastread - 101, 150
2019-01-25 13:45:09,242 - INFO - fastread - 106, 160
2019-01-25 13:45:09,252 - INFO - fastread - 110, 170
2019-01-25 13:45:09,260 - INFO - fastread - 117, 180
2019-01-25 13:45:09,280 - INFO - fastread - 124, 190
2019-01-25 13:45:09,292 - INFO - fastread - 132, 200
2019-01-25 13:45:09,302 - INFO - fastread - 135, 210
2019-01-25 13:45:09,312 - INFO - fastread - 142, 220
2019-01-25 13:45:09,312 - INFO - fastread - 143, 230
2019-01-25 13:45:09,312 - INFO - fastread - 145, 240
2019-01-25 13:45:09,322 - INFO - fastread - 151, 250
2019-01-25 13:45:09,331 - INFO - fastread - 158, 260
2019-01-25 13:45:09,333 - INFO - fastread - 159, 270
2019-01-25 13:45:09,341 - INFO - fastread - 159, 280
2019-01-25 13:45:09,343 - INFO - fastread - 159, 290
2019-01-25 13:45:09,351 - INFO - fastread - 164, 300
2019-01-25 13:45:09,353 - INFO - fastread - 168, 310
2019-01-25 13:45:09,353 - INFO - fastread - 170, 320
2019-01-25 13:45:09,364 - INFO - fastread - 177, 330
2019-01-25 13:45:09,372 - INFO - fastread - 182, 340
2019-01-25 13:45:09,374 - INFO - fastread - 186, 350
2019-01-25 13:45:09,384 - INFO - fastread - 190, 360
2019-01-25 13:45:09,384 - INFO - fastread - 191, 370
2019-01-25 13:45:09,404 - INFO - fastread - 194, 380
2019-01-25 13:45:09,404 - INFO - fastread - 197, 390
2019-01-25 13:45:09,414 - INFO - fastread - 202, 400
2019-01-25 13:45:09,414 - INFO - fastread - 203, 410
2019-01-25 13:45:09,424 - INFO - fastread - 209, 420
2019-01-25 13:45:09,435 - INFO - fastread - 210, 430
2019-01-25 13:45:09,435 - INFO - fastread - 212, 440
2019-01-25 13:45:09,445 - INFO - fastread - 213, 450
2019-01-25 13:45:09,453 - INFO - fastread - 214, 460
2019-01-25 13:45:09,455 - INFO - fastread - 217, 470
2019-01-25 13:45:09,465 - INFO - fastread - 219, 480
2019-01-25 13:45:09,485 - INFO - fastread - 222, 490
2019-01-25 13:45:09,503 - INFO - fastread - 223, 500
2019-01-25 13:45:09,515 - INFO - fastread - 223, 510
2019-01-25 13:45:09,533 - INFO - fastread - 226, 520
2019-01-25 13:45:09,545 - INFO - fastread - 228, 530
2019-01-25 13:45:09,559 - INFO - fastread - 231, 540
2019-01-25 13:45:09,566 - INFO - fastread - 233, 550
2019-01-25 13:45:09,574 - INFO - fastread - 236, 560
2019-01-25 13:45:09,581 - INFO - fastread - 237, 570
2019-01-25 13:45:09,586 - INFO - fastread - 240, 580
2019-01-25 13:45:09,590 - INFO - fastread - 241, 590
2019-01-25 13:45:09,595 - INFO - fastread - 242, 600
2019-01-25 13:45:09,602 - INFO - fastread - 242, 610
2019-01-25 13:45:09,607 - INFO - fastread - 242, 620
2019-01-25 13:45:09,614 - INFO - fastread - 242, 630
2019-01-25 13:45:09,618 - INFO - fastread - 243, 640
2019-01-25 13:45:09,624 - INFO - fastread - 245, 650
2019-01-25 13:45:09,630 - INFO - fastread - 246, 660
2019-01-25 13:45:09,637 - INFO - fastread - 248, 670
2019-01-25 13:45:09,644 - INFO - fastread - 249, 680
2019-01-25 13:45:09,651 - INFO - fastread - 251, 690
2019-01-25 13:45:09,658 - INFO - fastread - 253, 700
2019-01-25 13:45:09,664 - INFO - fastread - 253, 710
2019-01-25 13:45:09,673 - INFO - fastread - 256, 720
2019-01-25 13:45:09,682 - INFO - fastread - 257, 730
2019-01-25 13:45:09,691 - INFO - fastread - 259, 740
2019-01-25 13:45:09,697 - INFO - fastread - 261, 750
2019-01-25 13:45:09,704 - INFO - fastread - 263, 760
2019-01-25 13:45:09,710 - INFO - fastread - 268, 770
2019-01-25 13:45:09,716 - INFO - fastread - 269, 780
2019-01-25 13:45:09,722 - INFO - fastread - 270, 790
2019-01-25 13:45:09,728 - INFO - fastread - 270, 800
2019-01-25 13:45:09,734 - INFO - fastread - 272, 810
2019-01-25 13:45:09,740 - INFO - fastread - 272, 820
2019-01-25 13:45:09,746 - INFO - fastread - 272, 830
2019-01-25 13:45:09,753 - INFO - fastread - 275, 840
2019-01-25 13:45:09,761 - INFO - fastread - 277, 850
2019-01-25 13:45:09,766 - INFO - fastread - 280, 860
2019-01-25 13:45:09,775 - INFO - fastread - 282, 870
2019-01-25 13:45:09,777 - INFO - fastread - 287, 880
2019-01-25 13:45:09,787 - INFO - fastread - 289, 890
2019-01-25 13:45:09,787 - INFO - fastread - 290, 900
2019-01-25 13:45:09,797 - INFO - fastread - 291, 910
2019-01-25 13:45:09,807 - INFO - fastread - 292, 920
2019-01-25 13:45:09,807 - INFO - fastread - 293, 930
2019-01-25 13:45:09,815 - INFO - fastread - 294, 940
2019-01-25 13:45:09,817 - INFO - fastread - 294, 950
2019-01-25 13:45:09,825 - INFO - fastread - 297, 960
2019-01-25 13:45:09,827 - INFO - fastread - 297, 970
2019-01-25 13:45:09,827 - INFO - fastread - 300, 980
2019-01-25 13:45:09,837 - INFO - fastread - 300, 990
2019-01-25 13:45:09,837 - INFO - fastread - 301, 1000
2019-01-25 13:45:09,847 - INFO - fastread - 304, 1010
2019-01-25 13:45:09,857 - INFO - fastread - 307, 1020
2019-01-25 13:45:09,857 - INFO - fastread - 308, 1030
2019-01-25 13:45:09,867 - INFO - fastread - 309, 1040
2019-01-25 13:45:09,875 - INFO - fastread - 309, 1050
2019-01-25 13:45:09,877 - INFO - fastread - 313, 1060
2019-01-25 13:45:09,885 - INFO - fastread - 313, 1070
2019-01-25 13:45:09,887 - INFO - fastread - 315, 1080
2019-01-25 13:45:09,898 - INFO - fastread - 315, 1090
2019-01-25 13:45:09,906 - INFO - fastread - 319, 1100
2019-01-25 13:45:09,908 - INFO - fastread - 320, 1110
2019-01-25 13:45:09,918 - INFO - fastread - 320, 1120
2019-01-25 13:45:09,926 - INFO - fastread - 323, 1130
2019-01-25 13:45:09,928 - INFO - fastread - 324, 1140
2019-01-25 13:45:09,939 - INFO - fastread - 325, 1150
2019-01-25 13:45:09,945 - INFO - fastread - 327, 1160
2019-01-25 13:45:09,950 - INFO - fastread - 329, 1170
2019-01-25 13:45:09,956 - INFO - fastread - 332, 1180
2019-01-25 13:45:09,960 - INFO - fastread - 335, 1190
2019-01-25 13:45:09,965 - INFO - fastread - 343, 1200
2019-01-25 13:45:09,971 - INFO - fastread - 343, 1210
2019-01-25 13:45:09,977 - INFO - fastread - 345, 1220
2019-01-25 13:45:09,984 - INFO - fastread - 349, 1230
2019-01-25 13:45:09,991 - INFO - fastread - 349, 1240
2019-01-25 13:45:09,999 - INFO - fastread - 349, 1250
2019-01-25 13:45:10,006 - INFO - fastread - 349, 1260
2019-01-25 13:45:10,011 - INFO - fastread - 349, 1270
2019-01-25 13:45:10,017 - INFO - fastread - 349, 1280
2019-01-25 13:45:10,023 - INFO - fastread - 352, 1290
2019-01-25 13:45:10,028 - INFO - fastread - 352, 1300
2019-01-25 13:45:10,033 - INFO - fastread - 353, 1310
2019-01-25 13:45:10,039 - INFO - fastread - 355, 1320
2019-01-25 13:45:10,047 - INFO - fastread - 357, 1330
2019-01-25 13:45:10,054 - INFO - fastread - 361, 1340
2019-01-25 13:45:10,063 - INFO - fastread - 361, 1350
2019-01-25 13:45:10,070 - INFO - fastread - 361, 1360
2019-01-25 13:45:10,088 - INFO - fastread - 361, 1370
2019-01-25 13:45:10,096 - INFO - fastread - 362, 1380
2019-01-25 13:45:10,102 - INFO - fastread - 362, 1390
2019-01-25 13:45:10,108 - INFO - fastread - 362, 1400
2019-01-25 13:45:10,116 - INFO - fastread - 362, 1410
2019-01-25 13:45:10,118 - INFO - fastread - 364, 1420
2019-01-25 13:45:10,128 - INFO - fastread - 364, 1430
2019-01-25 13:45:10,136 - INFO - fastread - 366, 1440
2019-01-25 13:45:10,138 - INFO - fastread - 366, 1450
2019-01-25 13:45:10,148 - INFO - fastread - 368, 1460
2019-01-25 13:45:10,156 - INFO - fastread - 371, 1470
2019-01-25 13:45:10,168 - INFO - fastread - 375, 1480
2019-01-25 13:45:10,178 - INFO - fastread - 377, 1490
2019-01-25 13:45:10,186 - INFO - fastread - 377, 1500
2019-01-25 13:45:10,188 - INFO - fastread - 379, 1510
2019-01-25 13:45:10,198 - INFO - fastread - 379, 1520
2019-01-25 13:45:10,208 - INFO - fastread - 380, 1530
2019-01-25 13:45:10,216 - INFO - fastread - 382, 1540
2019-01-25 13:45:10,218 - INFO - fastread - 382, 1550
2019-01-25 13:45:10,231 - INFO - fastread - 383, 1560
2019-01-25 13:45:10,239 - INFO - fastread - 385, 1570
2019-01-25 13:45:10,245 - INFO - fastread - 385, 1580
2019-01-25 13:45:10,251 - INFO - fastread - 386, 1590
2019-01-25 13:45:10,258 - INFO - fastread - 388, 1600
2019-01-25 13:45:10,265 - INFO - fastread - 388, 1610
2019-01-25 13:45:10,269 - INFO - fastread - 390, 1620
2019-01-25 13:45:10,279 - INFO - fastread - 392, 1630
2019-01-25 13:45:10,279 - INFO - fastread - 393, 1640
2019-01-25 13:45:10,289 - INFO - fastread - 393, 1650
2019-01-25 13:45:10,297 - INFO - fastread - 393, 1660
2019-01-25 13:45:10,307 - INFO - fastread - 395, 1670
2019-01-25 13:45:10,309 - INFO - fastread - 397, 1680
2019-01-25 13:45:10,319 - INFO - fastread - 399, 1690
2019-01-25 13:45:10,327 - INFO - fastread - 402, 1700
2019-01-25 13:45:10,329 - INFO - fastread - 404, 1710
2019-01-25 13:45:10,339 - INFO - fastread - 406, 1720
2019-01-25 13:45:10,347 - INFO - fastread - 406, 1730
2019-01-25 13:45:10,349 - INFO - fastread - 406, 1740
2019-01-25 13:45:10,359 - INFO - fastread - 406, 1750
2019-01-25 13:45:10,368 - INFO - fastread - 407, 1760
2019-01-25 13:45:10,370 - INFO - fastread - 408, 1770
2019-01-25 13:45:10,380 - INFO - fastread - 408, 1780
2019-01-25 13:45:10,388 - INFO - fastread - 409, 1790
2019-01-25 13:45:10,390 - INFO - fastread - 412, 1800
2019-01-25 13:45:10,400 - INFO - fastread - 412, 1810
2019-01-25 13:45:10,408 - INFO - fastread - 412, 1820
2019-01-25 13:45:10,410 - INFO - fastread - 412, 1830
2019-01-25 13:45:10,420 - INFO - fastread - 412, 1840
2019-01-25 13:45:10,430 - INFO - fastread - 413, 1850
2019-01-25 13:45:10,438 - INFO - fastread - 413, 1860
2019-01-25 13:45:10,450 - INFO - fastread - 414, 1870
2019-01-25 13:45:10,450 - INFO - fastread - 416, 1880
2019-01-25 13:45:10,460 - INFO - fastread - 416, 1890
2019-01-25 13:45:10,470 - INFO - fastread - 418, 1900
2019-01-25 13:45:10,480 - INFO - fastread - 419, 1910
2019-01-25 13:45:10,480 - INFO - fastread - 419, 1920
2019-01-25 13:45:10,501 - INFO - fastread - 419, 1930
2019-01-25 13:45:10,501 - INFO - fastread - 419, 1940
2019-01-25 13:45:10,519 - INFO - fastread - 422, 1950
2019-01-25 13:45:10,521 - INFO - fastread - 422, 1960
2019-01-25 13:45:10,531 - INFO - fastread - 423, 1970
2019-01-25 13:45:10,541 - INFO - fastread - 427, 1980
2019-01-25 13:45:10,549 - INFO - fastread - 428, 1990
2019-01-25 13:45:10,551 - INFO - fastread - 428, 2000
2019-01-25 13:45:10,561 - INFO - fastread - 428, 2010
2019-01-25 13:45:10,569 - INFO - fastread - 429, 2020
2019-01-25 13:45:10,571 - INFO - fastread - 429, 2030
2019-01-25 13:45:10,581 - INFO - fastread - 430, 2040
2019-01-25 13:45:10,589 - INFO - fastread - 430, 2050
2019-01-25 13:45:10,591 - INFO - fastread - 430, 2060
2019-01-25 13:45:10,601 - INFO - fastread - 430, 2070
2019-01-25 13:45:10,611 - INFO - fastread - 430, 2080
2019-01-25 13:45:10,611 - INFO - fastread - 431, 2090
2019-01-25 13:45:10,622 - INFO - fastread - 431, 2100
2019-01-25 13:45:10,632 - INFO - fastread - 431, 2110
2019-01-25 13:45:10,640 - INFO - fastread - 434, 2120
2019-01-25 13:45:10,642 - INFO - fastread - 435, 2130
2019-01-25 13:45:10,652 - INFO - fastread - 435, 2140
2019-01-25 13:45:10,660 - INFO - fastread - 437, 2150
2019-01-25 13:45:10,662 - INFO - fastread - 437, 2160
2019-01-25 13:45:10,672 - INFO - fastread - 437, 2170
2019-01-25 13:45:10,682 - INFO - fastread - 438, 2180
2019-01-25 13:45:10,682 - INFO - fastread - 438, 2190
2019-01-25 13:45:10,692 - INFO - fastread - 438, 2200
2019-01-25 13:45:10,702 - INFO - fastread - 438, 2210
2019-01-25 13:45:10,702 - INFO - fastread - 439, 2220
2019-01-25 13:45:10,712 - INFO - fastread - 441, 2230
2019-01-25 13:45:10,722 - INFO - fastread - 442, 2240
2019-01-25 13:45:10,732 - INFO - fastread - 443, 2250
2019-01-25 13:45:10,732 - INFO - fastread - 444, 2260
2019-01-25 13:45:10,742 - INFO - fastread - 445, 2270
2019-01-25 13:45:10,753 - INFO - fastread - 445, 2280
2019-01-25 13:45:10,753 - INFO - fastread - 445, 2290
2019-01-25 13:45:10,763 - INFO - fastread - 446, 2300
2019-01-25 13:45:10,771 - INFO - fastread - 448, 2310
2019-01-25 13:45:10,773 - INFO - fastread - 449, 2320
2019-01-25 13:45:10,801 - INFO - rig - ++++NEW CLF++++ KNN
2019-01-25 13:45:10,803 - INFO - fastread - Total Yes: 472 | Total No: 2496
2019-01-25 13:46:20,273 - INFO - fastread - 8, 10
2019-01-25 13:46:20,283 - INFO - fastread - 15, 20
2019-01-25 13:46:20,293 - INFO - fastread - 22, 30
2019-01-25 13:46:20,293 - INFO - fastread - 30, 40
2019-01-25 13:46:20,301 - INFO - fastread - 39, 50
2019-01-25 13:46:20,303 - INFO - fastread - 45, 60
2019-01-25 13:46:20,311 - INFO - fastread - 47, 70
2019-01-25 13:46:20,313 - INFO - fastread - 52, 80
2019-01-25 13:46:20,324 - INFO - fastread - 56, 90
2019-01-25 13:46:20,332 - INFO - fastread - 58, 100
2019-01-25 13:46:20,334 - INFO - fastread - 63, 110
2019-01-25 13:46:20,334 - INFO - fastread - 67, 120
2019-01-25 13:46:20,344 - INFO - fastread - 69, 130
2019-01-25 13:46:20,344 - INFO - fastread - 72, 140
2019-01-25 13:46:20,352 - INFO - fastread - 74, 150
2019-01-25 13:46:20,354 - INFO - fastread - 76, 160
2019-01-25 13:46:20,362 - INFO - fastread - 77, 170
2019-01-25 13:46:20,364 - INFO - fastread - 77, 180
2019-01-25 13:46:20,364 - INFO - fastread - 78, 190
2019-01-25 13:46:20,374 - INFO - fastread - 78, 200
2019-01-25 13:46:20,374 - INFO - fastread - 80, 210
2019-01-25 13:46:20,384 - INFO - fastread - 81, 220
2019-01-25 13:46:20,392 - INFO - fastread - 82, 230
2019-01-25 13:46:20,394 - INFO - fastread - 87, 240
2019-01-25 13:46:20,404 - INFO - fastread - 87, 250
2019-01-25 13:46:20,404 - INFO - fastread - 88, 260
2019-01-25 13:46:20,414 - INFO - fastread - 93, 270
2019-01-25 13:46:20,414 - INFO - fastread - 93, 280
2019-01-25 13:46:20,414 - INFO - fastread - 98, 290
2019-01-25 13:46:20,424 - INFO - fastread - 101, 300
2019-01-25 13:46:20,424 - INFO - fastread - 102, 310
2019-01-25 13:46:20,434 - INFO - fastread - 102, 320
2019-01-25 13:46:20,434 - INFO - fastread - 102, 330
2019-01-25 13:46:20,445 - INFO - fastread - 103, 340
2019-01-25 13:46:20,453 - INFO - fastread - 103, 350
2019-01-25 13:46:20,455 - INFO - fastread - 104, 360
2019-01-25 13:46:20,455 - INFO - fastread - 105, 370
2019-01-25 13:46:20,465 - INFO - fastread - 105, 380
2019-01-25 13:46:20,465 - INFO - fastread - 106, 390
2019-01-25 13:46:20,475 - INFO - fastread - 109, 400
2019-01-25 13:46:20,475 - INFO - fastread - 110, 410
2019-01-25 13:46:20,485 - INFO - fastread - 111, 420
2019-01-25 13:46:20,485 - INFO - fastread - 113, 430
2019-01-25 13:46:20,495 - INFO - fastread - 113, 440
2019-01-25 13:46:20,503 - INFO - fastread - 113, 450
2019-01-25 13:46:20,505 - INFO - fastread - 113, 460
2019-01-25 13:46:20,505 - INFO - fastread - 116, 470
2019-01-25 13:46:20,515 - INFO - fastread - 116, 480
2019-01-25 13:46:20,515 - INFO - fastread - 120, 490
2019-01-25 13:46:20,523 - INFO - fastread - 122, 500
2019-01-25 13:46:20,525 - INFO - fastread - 122, 510
2019-01-25 13:46:20,533 - INFO - fastread - 122, 520
2019-01-25 13:46:20,535 - INFO - fastread - 125, 530
2019-01-25 13:46:20,543 - INFO - fastread - 127, 540
2019-01-25 13:46:20,545 - INFO - fastread - 130, 550
2019-01-25 13:46:20,555 - INFO - fastread - 132, 560
2019-01-25 13:46:20,555 - INFO - fastread - 135, 570
2019-01-25 13:46:20,565 - INFO - fastread - 137, 580
2019-01-25 13:46:20,565 - INFO - fastread - 137, 590
2019-01-25 13:46:20,565 - INFO - fastread - 139, 600
2019-01-25 13:46:20,576 - INFO - fastread - 141, 610
2019-01-25 13:46:20,576 - INFO - fastread - 142, 620
2019-01-25 13:46:20,586 - INFO - fastread - 143, 630
2019-01-25 13:46:20,594 - INFO - fastread - 143, 640
2019-01-25 13:46:20,596 - INFO - fastread - 144, 650
2019-01-25 13:46:20,604 - INFO - fastread - 148, 660
2019-01-25 13:46:20,606 - INFO - fastread - 150, 670
2019-01-25 13:46:20,606 - INFO - fastread - 151, 680
2019-01-25 13:46:20,616 - INFO - fastread - 153, 690
2019-01-25 13:46:20,616 - INFO - fastread - 155, 700
2019-01-25 13:46:20,626 - INFO - fastread - 157, 710
2019-01-25 13:46:20,636 - INFO - fastread - 157, 720
2019-01-25 13:46:20,636 - INFO - fastread - 159, 730
2019-01-25 13:46:20,644 - INFO - fastread - 161, 740
2019-01-25 13:46:20,646 - INFO - fastread - 163, 750
2019-01-25 13:46:20,654 - INFO - fastread - 164, 760
2019-01-25 13:46:20,656 - INFO - fastread - 165, 770
2019-01-25 13:46:20,666 - INFO - fastread - 166, 780
2019-01-25 13:46:20,666 - INFO - fastread - 167, 790
2019-01-25 13:46:20,676 - INFO - fastread - 167, 800
2019-01-25 13:46:20,684 - INFO - fastread - 169, 810
2019-01-25 13:46:20,686 - INFO - fastread - 172, 820
2019-01-25 13:46:20,697 - INFO - fastread - 172, 830
2019-01-25 13:46:20,697 - INFO - fastread - 175, 840
2019-01-25 13:46:20,707 - INFO - fastread - 176, 850
2019-01-25 13:46:20,715 - INFO - fastread - 177, 860
2019-01-25 13:46:20,717 - INFO - fastread - 177, 870
2019-01-25 13:46:20,727 - INFO - fastread - 180, 880
2019-01-25 13:46:20,727 - INFO - fastread - 180, 890
2019-01-25 13:46:20,737 - INFO - fastread - 181, 900
2019-01-25 13:46:20,737 - INFO - fastread - 182, 910
2019-01-25 13:46:20,737 - INFO - fastread - 182, 920
2019-01-25 13:46:20,747 - INFO - fastread - 182, 930
2019-01-25 13:46:20,747 - INFO - fastread - 183, 940
2019-01-25 13:46:20,755 - INFO - fastread - 184, 950
2019-01-25 13:46:20,757 - INFO - fastread - 187, 960
2019-01-25 13:46:20,757 - INFO - fastread - 187, 970
2019-01-25 13:46:20,765 - INFO - fastread - 188, 980
2019-01-25 13:46:20,767 - INFO - fastread - 189, 990
2019-01-25 13:46:20,767 - INFO - fastread - 190, 1000
2019-01-25 13:46:20,778 - INFO - fastread - 190, 1010
2019-01-25 13:46:20,786 - INFO - fastread - 192, 1020
2019-01-25 13:46:20,788 - INFO - fastread - 195, 1030
2019-01-25 13:46:20,798 - INFO - fastread - 195, 1040
2019-01-25 13:46:20,798 - INFO - fastread - 197, 1050
2019-01-25 13:46:20,808 - INFO - fastread - 200, 1060
2019-01-25 13:46:20,816 - INFO - fastread - 202, 1070
2019-01-25 13:46:20,818 - INFO - fastread - 203, 1080
2019-01-25 13:46:20,826 - INFO - fastread - 205, 1090
2019-01-25 13:46:20,828 - INFO - fastread - 205, 1100
2019-01-25 13:46:20,838 - INFO - fastread - 207, 1110
2019-01-25 13:46:20,838 - INFO - fastread - 207, 1120
2019-01-25 13:46:20,848 - INFO - fastread - 207, 1130
2019-01-25 13:46:20,856 - INFO - fastread - 209, 1140
2019-01-25 13:46:20,858 - INFO - fastread - 212, 1150
2019-01-25 13:46:20,866 - INFO - fastread - 213, 1160
2019-01-25 13:46:20,868 - INFO - fastread - 215, 1170
2019-01-25 13:46:20,878 - INFO - fastread - 216, 1180
2019-01-25 13:46:20,878 - INFO - fastread - 217, 1190
2019-01-25 13:46:20,888 - INFO - fastread - 221, 1200
2019-01-25 13:46:20,888 - INFO - fastread - 222, 1210
2019-01-25 13:46:20,899 - INFO - fastread - 225, 1220
2019-01-25 13:46:20,899 - INFO - fastread - 228, 1230
2019-01-25 13:46:20,907 - INFO - fastread - 229, 1240
2019-01-25 13:46:20,909 - INFO - fastread - 230, 1250
2019-01-25 13:46:20,917 - INFO - fastread - 231, 1260
2019-01-25 13:46:20,919 - INFO - fastread - 233, 1270
2019-01-25 13:46:20,927 - INFO - fastread - 236, 1280
2019-01-25 13:46:20,929 - INFO - fastread - 238, 1290
2019-01-25 13:46:20,937 - INFO - fastread - 241, 1300
2019-01-25 13:46:20,939 - INFO - fastread - 243, 1310
2019-01-25 13:46:20,939 - INFO - fastread - 245, 1320
2019-01-25 13:46:20,947 - INFO - fastread - 245, 1330
2019-01-25 13:46:20,949 - INFO - fastread - 245, 1340
2019-01-25 13:46:20,949 - INFO - fastread - 246, 1350
2019-01-25 13:46:20,959 - INFO - fastread - 248, 1360
2019-01-25 13:46:20,959 - INFO - fastread - 250, 1370
2019-01-25 13:46:20,969 - INFO - fastread - 251, 1380
2019-01-25 13:46:20,969 - INFO - fastread - 252, 1390
2019-01-25 13:46:20,979 - INFO - fastread - 252, 1400
2019-01-25 13:46:20,979 - INFO - fastread - 252, 1410
2019-01-25 13:46:20,987 - INFO - fastread - 256, 1420
2019-01-25 13:46:20,989 - INFO - fastread - 260, 1430
2019-01-25 13:46:20,997 - INFO - fastread - 263, 1440
2019-01-25 13:46:20,999 - INFO - fastread - 265, 1450
2019-01-25 13:46:21,009 - INFO - fastread - 265, 1460
2019-01-25 13:46:21,009 - INFO - fastread - 267, 1470
2019-01-25 13:46:21,020 - INFO - fastread - 269, 1480
2019-01-25 13:46:21,028 - INFO - fastread - 270, 1490
2019-01-25 13:46:21,030 - INFO - fastread - 274, 1500
2019-01-25 13:46:21,040 - INFO - fastread - 274, 1510
2019-01-25 13:46:21,040 - INFO - fastread - 276, 1520
2019-01-25 13:46:21,050 - INFO - fastread - 276, 1530
2019-01-25 13:46:21,058 - INFO - fastread - 278, 1540
2019-01-25 13:46:21,060 - INFO - fastread - 282, 1550
2019-01-25 13:46:21,068 - INFO - fastread - 284, 1560
2019-01-25 13:46:21,070 - INFO - fastread - 286, 1570
2019-01-25 13:46:21,078 - INFO - fastread - 286, 1580
2019-01-25 13:46:21,080 - INFO - fastread - 286, 1590
2019-01-25 13:46:21,090 - INFO - fastread - 286, 1600
2019-01-25 13:46:21,090 - INFO - fastread - 288, 1610
2019-01-25 13:46:21,100 - INFO - fastread - 288, 1620
2019-01-25 13:46:21,100 - INFO - fastread - 289, 1630
2019-01-25 13:46:21,110 - INFO - fastread - 290, 1640
2019-01-25 13:46:21,110 - INFO - fastread - 290, 1650
2019-01-25 13:46:21,110 - INFO - fastread - 291, 1660
2019-01-25 13:46:21,120 - INFO - fastread - 291, 1670
2019-01-25 13:46:21,120 - INFO - fastread - 292, 1680
2019-01-25 13:46:21,128 - INFO - fastread - 294, 1690
2019-01-25 13:46:21,130 - INFO - fastread - 294, 1700
2019-01-25 13:46:21,130 - INFO - fastread - 295, 1710
2019-01-25 13:46:21,141 - INFO - fastread - 296, 1720
2019-01-25 13:46:21,141 - INFO - fastread - 298, 1730
2019-01-25 13:46:21,141 - INFO - fastread - 300, 1740
2019-01-25 13:46:21,151 - INFO - fastread - 300, 1750
2019-01-25 13:46:21,151 - INFO - fastread - 302, 1760
2019-01-25 13:46:21,159 - INFO - fastread - 302, 1770
2019-01-25 13:46:21,161 - INFO - fastread - 303, 1780
2019-01-25 13:46:21,171 - INFO - fastread - 303, 1790
2019-01-25 13:46:21,171 - INFO - fastread - 305, 1800
2019-01-25 13:46:21,181 - INFO - fastread - 306, 1810
2019-01-25 13:46:21,181 - INFO - fastread - 308, 1820
2019-01-25 13:46:21,189 - INFO - fastread - 310, 1830
2019-01-25 13:46:21,191 - INFO - fastread - 314, 1840
2019-01-25 13:46:21,201 - INFO - fastread - 316, 1850
2019-01-25 13:46:21,201 - INFO - fastread - 319, 1860
2019-01-25 13:46:21,211 - INFO - fastread - 321, 1870
2019-01-25 13:46:21,211 - INFO - fastread - 322, 1880
2019-01-25 13:46:21,221 - INFO - fastread - 323, 1890
2019-01-25 13:46:21,221 - INFO - fastread - 323, 1900
2019-01-25 13:46:21,231 - INFO - fastread - 325, 1910
2019-01-25 13:46:21,231 - INFO - fastread - 329, 1920
2019-01-25 13:46:21,241 - INFO - fastread - 330, 1930
2019-01-25 13:46:21,249 - INFO - fastread - 332, 1940
2019-01-25 13:46:21,251 - INFO - fastread - 332, 1950
2019-01-25 13:46:21,262 - INFO - fastread - 334, 1960
2019-01-25 13:46:21,262 - INFO - fastread - 336, 1970
2019-01-25 13:46:21,270 - INFO - fastread - 336, 1980
2019-01-25 13:46:21,272 - INFO - fastread - 337, 1990
2019-01-25 13:46:21,272 - INFO - fastread - 337, 2000
2019-01-25 13:46:21,280 - INFO - fastread - 339, 2010
2019-01-25 13:46:21,282 - INFO - fastread - 341, 2020
2019-01-25 13:46:21,282 - INFO - fastread - 343, 2030
2019-01-25 13:46:21,292 - INFO - fastread - 347, 2040
2019-01-25 13:46:21,292 - INFO - fastread - 347, 2050
2019-01-25 13:46:21,292 - INFO - fastread - 350, 2060
2019-01-25 13:46:21,302 - INFO - fastread - 353, 2070
2019-01-25 13:46:21,302 - INFO - fastread - 356, 2080
2019-01-25 13:46:21,312 - INFO - fastread - 357, 2090
2019-01-25 13:46:21,320 - INFO - fastread - 357, 2100
2019-01-25 13:46:21,322 - INFO - fastread - 358, 2110
2019-01-25 13:46:21,332 - INFO - fastread - 359, 2120
2019-01-25 13:46:21,332 - INFO - fastread - 362, 2130
2019-01-25 13:46:21,341 - INFO - fastread - 364, 2140
2019-01-25 13:46:21,343 - INFO - fastread - 365, 2150
2019-01-25 13:46:21,351 - INFO - fastread - 365, 2160
2019-01-25 13:46:21,353 - INFO - fastread - 367, 2170
2019-01-25 13:46:21,353 - INFO - fastread - 368, 2180
2019-01-25 13:46:21,361 - INFO - fastread - 369, 2190
2019-01-25 13:46:21,363 - INFO - fastread - 372, 2200
2019-01-25 13:46:21,371 - INFO - fastread - 372, 2210
2019-01-25 13:46:21,373 - INFO - fastread - 375, 2220
2019-01-25 13:46:21,373 - INFO - fastread - 377, 2230
2019-01-25 13:46:21,384 - INFO - fastread - 380, 2240
2019-01-25 13:46:21,384 - INFO - fastread - 380, 2250
2019-01-25 13:46:21,394 - INFO - fastread - 381, 2260
2019-01-25 13:46:21,402 - INFO - fastread - 383, 2270
2019-01-25 13:46:21,404 - INFO - fastread - 385, 2280
2019-01-25 13:46:21,414 - INFO - fastread - 387, 2290
2019-01-25 13:46:21,414 - INFO - fastread - 388, 2300
2019-01-25 13:46:21,424 - INFO - fastread - 388, 2310
2019-01-25 13:46:21,432 - INFO - fastread - 390, 2320
2019-01-25 13:46:21,434 - INFO - fastread - 391, 2330
2019-01-25 13:46:21,442 - INFO - fastread - 392, 2340
2019-01-25 13:46:21,444 - INFO - fastread - 395, 2350
2019-01-25 13:46:21,454 - INFO - fastread - 396, 2360
2019-01-25 13:46:21,454 - INFO - fastread - 397, 2370
2019-01-25 13:46:21,464 - INFO - fastread - 398, 2380
2019-01-25 13:46:21,464 - INFO - fastread - 399, 2390
2019-01-25 13:46:21,474 - INFO - fastread - 399, 2400
2019-01-25 13:46:21,474 - INFO - fastread - 401, 2410
2019-01-25 13:46:21,474 - INFO - fastread - 403, 2420
2019-01-25 13:46:21,484 - INFO - fastread - 404, 2430
2019-01-25 13:46:21,492 - INFO - fastread - 408, 2440
2019-01-25 13:46:21,494 - INFO - fastread - 408, 2450
2019-01-25 13:46:21,505 - INFO - fastread - 410, 2460
2019-01-25 13:46:21,505 - INFO - fastread - 410, 2470
2019-01-25 13:46:21,515 - INFO - fastread - 410, 2480
2019-01-25 13:46:21,523 - INFO - fastread - 412, 2490
2019-01-25 13:46:21,525 - INFO - fastread - 413, 2500
2019-01-25 13:46:21,533 - INFO - fastread - 414, 2510
2019-01-25 13:46:21,535 - INFO - fastread - 417, 2520
2019-01-25 13:46:21,543 - INFO - fastread - 419, 2530
2019-01-25 13:46:21,545 - INFO - fastread - 419, 2540
2019-01-25 13:46:21,555 - INFO - fastread - 419, 2550
2019-01-25 13:46:21,555 - INFO - fastread - 419, 2560
2019-01-25 13:46:21,565 - INFO - fastread - 421, 2570
2019-01-25 13:46:21,575 - INFO - fastread - 422, 2580
2019-01-25 13:46:21,575 - INFO - fastread - 424, 2590
2019-01-25 13:46:21,585 - INFO - fastread - 425, 2600
2019-01-25 13:46:21,593 - INFO - fastread - 427, 2610
2019-01-25 13:46:21,595 - INFO - fastread - 428, 2620
2019-01-25 13:46:21,606 - INFO - fastread - 428, 2630
2019-01-25 13:46:21,606 - INFO - fastread - 429, 2640
2019-01-25 13:46:21,616 - INFO - fastread - 430, 2650
2019-01-25 13:46:21,624 - INFO - fastread - 430, 2660
2019-01-25 13:46:21,626 - INFO - fastread - 430, 2670
2019-01-25 13:46:21,636 - INFO - fastread - 430, 2680
2019-01-25 13:46:21,636 - INFO - fastread - 432, 2690
2019-01-25 13:46:21,646 - INFO - fastread - 435, 2700
2019-01-25 13:46:21,656 - INFO - fastread - 437, 2710
2019-01-25 13:46:21,656 - INFO - fastread - 439, 2720
2019-01-25 13:46:21,666 - INFO - fastread - 440, 2730
2019-01-25 13:46:21,666 - INFO - fastread - 441, 2740
2019-01-25 13:46:21,676 - INFO - fastread - 443, 2750
2019-01-25 13:46:21,676 - INFO - fastread - 447, 2760
2019-01-25 13:46:21,686 - INFO - fastread - 449, 2770
2019-01-25 13:46:21,717 - INFO - rig - ++++NEW CLF++++ SVM
2019-01-25 13:46:21,717 - INFO - fastread - Total Yes: 472 | Total No: 2496
2019-01-25 13:53:26,434 - INFO - fastread - 3, 10
2019-01-25 13:53:26,434 - INFO - fastread - 10, 20
2019-01-25 13:53:26,434 - INFO - fastread - 19, 30
2019-01-25 13:53:26,444 - INFO - fastread - 28, 40
2019-01-25 13:53:26,444 - INFO - fastread - 38, 50
2019-01-25 13:53:26,444 - INFO - fastread - 48, 60
2019-01-25 13:53:26,444 - INFO - fastread - 58, 70
2019-01-25 13:53:26,452 - INFO - fastread - 68, 80
2019-01-25 13:53:26,454 - INFO - fastread - 76, 90
2019-01-25 13:53:26,454 - INFO - fastread - 86, 100
2019-01-25 13:53:26,454 - INFO - fastread - 96, 110
2019-01-25 13:53:26,454 - INFO - fastread - 106, 120
2019-01-25 13:53:26,464 - INFO - fastread - 116, 130
2019-01-25 13:53:26,464 - INFO - fastread - 126, 140
2019-01-25 13:53:26,464 - INFO - fastread - 136, 150
2019-01-25 13:53:26,474 - INFO - fastread - 145, 160
2019-01-25 13:53:26,474 - INFO - fastread - 154, 170
2019-01-25 13:53:26,474 - INFO - fastread - 164, 180
2019-01-25 13:53:26,484 - INFO - fastread - 174, 190
2019-01-25 13:53:26,484 - INFO - fastread - 184, 200
2019-01-25 13:53:26,484 - INFO - fastread - 194, 210
2019-01-25 13:53:26,484 - INFO - fastread - 204, 220
2019-01-25 13:53:26,492 - INFO - fastread - 214, 230
2019-01-25 13:53:26,494 - INFO - fastread - 224, 240
2019-01-25 13:53:26,494 - INFO - fastread - 234, 250
2019-01-25 13:53:26,494 - INFO - fastread - 244, 260
2019-01-25 13:53:26,502 - INFO - fastread - 253, 270
2019-01-25 13:53:26,504 - INFO - fastread - 260, 280
2019-01-25 13:53:26,504 - INFO - fastread - 270, 290
2019-01-25 13:53:26,513 - INFO - fastread - 280, 300
2019-01-25 13:53:26,515 - INFO - fastread - 290, 310
2019-01-25 13:53:26,515 - INFO - fastread - 299, 320
2019-01-25 13:53:26,523 - INFO - fastread - 309, 330
2019-01-25 13:53:26,525 - INFO - fastread - 319, 340
2019-01-25 13:53:26,525 - INFO - fastread - 329, 350
2019-01-25 13:53:26,525 - INFO - fastread - 338, 360
2019-01-25 13:53:26,533 - INFO - fastread - 344, 370
2019-01-25 13:53:26,535 - INFO - fastread - 352, 380
2019-01-25 13:53:26,535 - INFO - fastread - 355, 390
2019-01-25 13:53:26,535 - INFO - fastread - 358, 400
2019-01-25 13:53:26,535 - INFO - fastread - 365, 410
2019-01-25 13:53:26,545 - INFO - fastread - 367, 420
2019-01-25 13:53:26,545 - INFO - fastread - 371, 430
2019-01-25 13:53:26,555 - INFO - fastread - 374, 440
2019-01-25 13:53:26,555 - INFO - fastread - 376, 450
2019-01-25 13:53:26,555 - INFO - fastread - 376, 460
2019-01-25 13:53:26,563 - INFO - fastread - 380, 470
2019-01-25 13:53:26,565 - INFO - fastread - 380, 480
2019-01-25 13:53:26,565 - INFO - fastread - 384, 490
2019-01-25 13:53:26,565 - INFO - fastread - 386, 500
2019-01-25 13:53:26,565 - INFO - fastread - 387, 510
2019-01-25 13:53:26,573 - INFO - fastread - 388, 520
2019-01-25 13:53:26,575 - INFO - fastread - 393, 530
2019-01-25 13:53:26,575 - INFO - fastread - 395, 540
2019-01-25 13:53:26,575 - INFO - fastread - 398, 550
2019-01-25 13:53:26,583 - INFO - fastread - 400, 560
2019-01-25 13:53:26,585 - INFO - fastread - 400, 570
2019-01-25 13:53:26,585 - INFO - fastread - 403, 580
2019-01-25 13:53:26,585 - INFO - fastread - 403, 590
2019-01-25 13:53:26,593 - INFO - fastread - 404, 600
2019-01-25 13:53:26,595 - INFO - fastread - 406, 610
2019-01-25 13:53:26,595 - INFO - fastread - 406, 620
2019-01-25 13:53:26,605 - INFO - fastread - 408, 630
2019-01-25 13:53:26,605 - INFO - fastread - 408, 640
2019-01-25 13:53:26,605 - INFO - fastread - 412, 650
2019-01-25 13:53:26,615 - INFO - fastread - 415, 660
2019-01-25 13:53:26,615 - INFO - fastread - 416, 670
2019-01-25 13:53:26,623 - INFO - fastread - 417, 680
2019-01-25 13:53:26,625 - INFO - fastread - 417, 690
2019-01-25 13:53:26,625 - INFO - fastread - 417, 700
2019-01-25 13:53:26,625 - INFO - fastread - 421, 710
2019-01-25 13:53:26,634 - INFO - fastread - 423, 720
2019-01-25 13:53:26,636 - INFO - fastread - 425, 730
2019-01-25 13:53:26,636 - INFO - fastread - 425, 740
2019-01-25 13:53:26,636 - INFO - fastread - 427, 750
2019-01-25 13:53:26,644 - INFO - fastread - 428, 760
2019-01-25 13:53:26,646 - INFO - fastread - 429, 770
2019-01-25 13:53:26,646 - INFO - fastread - 429, 780
2019-01-25 13:53:26,656 - INFO - fastread - 431, 790
2019-01-25 13:53:26,656 - INFO - fastread - 431, 800
2019-01-25 13:53:26,656 - INFO - fastread - 431, 810
2019-01-25 13:53:26,666 - INFO - fastread - 431, 820
2019-01-25 13:53:26,666 - INFO - fastread - 431, 830
2019-01-25 13:53:26,666 - INFO - fastread - 432, 840
2019-01-25 13:53:26,674 - INFO - fastread - 432, 850
2019-01-25 13:53:26,676 - INFO - fastread - 432, 860
2019-01-25 13:53:26,676 - INFO - fastread - 432, 870
2019-01-25 13:53:26,676 - INFO - fastread - 433, 880
2019-01-25 13:53:26,684 - INFO - fastread - 433, 890
2019-01-25 13:53:26,686 - INFO - fastread - 433, 900
2019-01-25 13:53:26,686 - INFO - fastread - 433, 910
2019-01-25 13:53:26,696 - INFO - fastread - 433, 920
2019-01-25 13:53:26,696 - INFO - fastread - 434, 930
2019-01-25 13:53:26,704 - INFO - fastread - 435, 940
2019-01-25 13:53:26,706 - INFO - fastread - 439, 950
2019-01-25 13:53:26,706 - INFO - fastread - 439, 960
2019-01-25 13:53:26,714 - INFO - fastread - 439, 970
2019-01-25 13:53:26,716 - INFO - fastread - 440, 980
2019-01-25 13:53:26,716 - INFO - fastread - 440, 990
2019-01-25 13:53:26,726 - INFO - fastread - 441, 1000
2019-01-25 13:53:26,726 - INFO - fastread - 441, 1010
2019-01-25 13:53:26,734 - INFO - fastread - 443, 1020
2019-01-25 13:53:26,737 - INFO - fastread - 443, 1030
2019-01-25 13:53:26,737 - INFO - fastread - 443, 1040
2019-01-25 13:53:26,737 - INFO - fastread - 443, 1050
2019-01-25 13:53:26,745 - INFO - fastread - 443, 1060
2019-01-25 13:53:26,747 - INFO - fastread - 444, 1070
2019-01-25 13:53:26,747 - INFO - fastread - 444, 1080
2019-01-25 13:53:26,757 - INFO - fastread - 444, 1090
2019-01-25 13:53:26,757 - INFO - fastread - 444, 1100
2019-01-25 13:53:26,765 - INFO - fastread - 444, 1110
2019-01-25 13:53:26,767 - INFO - fastread - 444, 1120
2019-01-25 13:53:26,767 - INFO - fastread - 445, 1130
2019-01-25 13:53:26,777 - INFO - fastread - 446, 1140
2019-01-25 13:53:26,777 - INFO - fastread - 446, 1150
2019-01-25 13:53:26,787 - INFO - fastread - 446, 1160
2019-01-25 13:53:26,787 - INFO - fastread - 446, 1170
2019-01-25 13:53:26,795 - INFO - fastread - 446, 1180
2019-01-25 13:53:26,797 - INFO - fastread - 448, 1190
2019-01-25 13:53:26,797 - INFO - fastread - 448, 1200
2019-01-25 13:53:26,807 - INFO - fastread - 448, 1210
2019-01-25 13:53:26,807 - INFO - fastread - 448, 1220
2019-01-25 13:53:26,817 - INFO - fastread - 448, 1230
2019-01-25 13:53:26,817 - INFO - fastread - 449, 1240
2019-01-25 13:53:26,836 - INFO - rig - ++++NEW CLF++++ DT
2019-01-25 13:53:26,838 - INFO - fastread - Total Yes: 472 | Total No: 2496
2019-01-25 13:53:37,187 - INFO - fastread - 10, 10
2019-01-25 13:53:37,187 - INFO - fastread - 20, 20
2019-01-25 13:53:37,195 - INFO - fastread - 30, 30
2019-01-25 13:53:37,197 - INFO - fastread - 38, 40
2019-01-25 13:53:37,197 - INFO - fastread - 45, 50
2019-01-25 13:53:37,197 - INFO - fastread - 54, 60
2019-01-25 13:53:37,197 - INFO - fastread - 62, 70
2019-01-25 13:53:37,205 - INFO - fastread - 70, 80
2019-01-25 13:53:37,207 - INFO - fastread - 76, 90
2019-01-25 13:53:37,207 - INFO - fastread - 85, 100
2019-01-25 13:53:37,207 - INFO - fastread - 93, 110
2019-01-25 13:53:37,207 - INFO - fastread - 101, 120
2019-01-25 13:53:37,215 - INFO - fastread - 111, 130
2019-01-25 13:53:37,217 - INFO - fastread - 120, 140
2019-01-25 13:53:37,217 - INFO - fastread - 129, 150
2019-01-25 13:53:37,217 - INFO - fastread - 139, 160
2019-01-25 13:53:37,217 - INFO - fastread - 149, 170
2019-01-25 13:53:37,225 - INFO - fastread - 159, 180
2019-01-25 13:53:37,228 - INFO - fastread - 165, 190
2019-01-25 13:53:37,228 - INFO - fastread - 174, 200
2019-01-25 13:53:37,228 - INFO - fastread - 183, 210
2019-01-25 13:53:37,228 - INFO - fastread - 192, 220
2019-01-25 13:53:37,228 - INFO - fastread - 202, 230
2019-01-25 13:53:37,236 - INFO - fastread - 212, 240
2019-01-25 13:53:37,238 - INFO - fastread - 219, 250
2019-01-25 13:53:37,238 - INFO - fastread - 228, 260
2019-01-25 13:53:37,238 - INFO - fastread - 237, 270
2019-01-25 13:53:37,238 - INFO - fastread - 247, 280
2019-01-25 13:53:37,246 - INFO - fastread - 257, 290
2019-01-25 13:53:37,248 - INFO - fastread - 267, 300
2019-01-25 13:53:37,248 - INFO - fastread - 276, 310
2019-01-25 13:53:37,248 - INFO - fastread - 285, 320
2019-01-25 13:53:37,248 - INFO - fastread - 292, 330
2019-01-25 13:53:37,256 - INFO - fastread - 301, 340
2019-01-25 13:53:37,258 - INFO - fastread - 311, 350
2019-01-25 13:53:37,258 - INFO - fastread - 319, 360
2019-01-25 13:53:37,258 - INFO - fastread - 329, 370
2019-01-25 13:53:37,258 - INFO - fastread - 338, 380
2019-01-25 13:53:37,266 - INFO - fastread - 347, 390
2019-01-25 13:53:37,268 - INFO - fastread - 351, 400
2019-01-25 13:53:37,268 - INFO - fastread - 351, 410
2019-01-25 13:53:37,268 - INFO - fastread - 351, 420
2019-01-25 13:53:37,268 - INFO - fastread - 352, 430
2019-01-25 13:53:37,268 - INFO - fastread - 352, 440
2019-01-25 13:53:37,276 - INFO - fastread - 352, 450
2019-01-25 13:53:37,278 - INFO - fastread - 352, 460
2019-01-25 13:53:37,278 - INFO - fastread - 353, 470
2019-01-25 13:53:37,278 - INFO - fastread - 353, 480
2019-01-25 13:53:37,278 - INFO - fastread - 354, 490
2019-01-25 13:53:37,286 - INFO - fastread - 356, 500
2019-01-25 13:53:37,289 - INFO - fastread - 356, 510
2019-01-25 13:53:37,289 - INFO - fastread - 357, 520
2019-01-25 13:53:37,289 - INFO - fastread - 357, 530
2019-01-25 13:53:37,297 - INFO - fastread - 358, 540
2019-01-25 13:53:37,299 - INFO - fastread - 360, 550
2019-01-25 13:53:37,299 - INFO - fastread - 361, 560
2019-01-25 13:53:37,299 - INFO - fastread - 362, 570
2019-01-25 13:53:37,299 - INFO - fastread - 363, 580
2019-01-25 13:53:37,299 - INFO - fastread - 365, 590
2019-01-25 13:53:37,307 - INFO - fastread - 366, 600
2019-01-25 13:53:37,309 - INFO - fastread - 367, 610
2019-01-25 13:53:37,309 - INFO - fastread - 369, 620
2019-01-25 13:53:37,309 - INFO - fastread - 369, 630
2019-01-25 13:53:37,309 - INFO - fastread - 369, 640
2019-01-25 13:53:37,317 - INFO - fastread - 369, 650
2019-01-25 13:53:37,320 - INFO - fastread - 370, 660
2019-01-25 13:53:37,320 - INFO - fastread - 370, 670
2019-01-25 13:53:37,320 - INFO - fastread - 371, 680
2019-01-25 13:53:37,320 - INFO - fastread - 371, 690
2019-01-25 13:53:37,328 - INFO - fastread - 371, 700
2019-01-25 13:53:37,330 - INFO - fastread - 371, 710
2019-01-25 13:53:37,330 - INFO - fastread - 371, 720
2019-01-25 13:53:37,330 - INFO - fastread - 371, 730
2019-01-25 13:53:37,330 - INFO - fastread - 371, 740
2019-01-25 13:53:37,338 - INFO - fastread - 371, 750
2019-01-25 13:53:37,340 - INFO - fastread - 372, 760
2019-01-25 13:53:37,340 - INFO - fastread - 372, 770
2019-01-25 13:53:37,340 - INFO - fastread - 373, 780
2019-01-25 13:53:37,340 - INFO - fastread - 373, 790
2019-01-25 13:53:37,348 - INFO - fastread - 374, 800
2019-01-25 13:53:37,350 - INFO - fastread - 374, 810
2019-01-25 13:53:37,350 - INFO - fastread - 374, 820
2019-01-25 13:53:37,350 - INFO - fastread - 374, 830
2019-01-25 13:53:37,350 - INFO - fastread - 374, 840
2019-01-25 13:53:37,358 - INFO - fastread - 375, 850
2019-01-25 13:53:37,360 - INFO - fastread - 375, 860
2019-01-25 13:53:37,360 - INFO - fastread - 375, 870
2019-01-25 13:53:37,360 - INFO - fastread - 376, 880
2019-01-25 13:53:37,360 - INFO - fastread - 377, 890
2019-01-25 13:53:37,370 - INFO - fastread - 379, 900
2019-01-25 13:53:37,370 - INFO - fastread - 380, 910
2019-01-25 13:53:37,370 - INFO - fastread - 380, 920
2019-01-25 13:53:37,378 - INFO - fastread - 380, 930
2019-01-25 13:53:37,380 - INFO - fastread - 380, 940
2019-01-25 13:53:37,380 - INFO - fastread - 380, 950
2019-01-25 13:53:37,380 - INFO - fastread - 380, 960
2019-01-25 13:53:37,380 - INFO - fastread - 380, 970
2019-01-25 13:53:37,388 - INFO - fastread - 381, 980
2019-01-25 13:53:37,390 - INFO - fastread - 381, 990
2019-01-25 13:53:37,390 - INFO - fastread - 381, 1000
2019-01-25 13:53:37,390 - INFO - fastread - 381, 1010
2019-01-25 13:53:37,390 - INFO - fastread - 381, 1020
2019-01-25 13:53:37,398 - INFO - fastread - 381, 1030
2019-01-25 13:53:37,400 - INFO - fastread - 381, 1040
2019-01-25 13:53:37,400 - INFO - fastread - 381, 1050
2019-01-25 13:53:37,400 - INFO - fastread - 382, 1060
2019-01-25 13:53:37,409 - INFO - fastread - 383, 1070
2019-01-25 13:53:37,411 - INFO - fastread - 383, 1080
2019-01-25 13:53:37,411 - INFO - fastread - 384, 1090
2019-01-25 13:53:37,411 - INFO - fastread - 384, 1100
2019-01-25 13:53:37,419 - INFO - fastread - 385, 1110
2019-01-25 13:53:37,421 - INFO - fastread - 385, 1120
2019-01-25 13:53:37,421 - INFO - fastread - 385, 1130
2019-01-25 13:53:37,421 - INFO - fastread - 385, 1140
2019-01-25 13:53:37,421 - INFO - fastread - 386, 1150
2019-01-25 13:53:37,431 - INFO - fastread - 388, 1160
2019-01-25 13:53:37,431 - INFO - fastread - 388, 1170
2019-01-25 13:53:37,431 - INFO - fastread - 388, 1180
2019-01-25 13:53:37,431 - INFO - fastread - 388, 1190
2019-01-25 13:53:37,439 - INFO - fastread - 388, 1200
2019-01-25 13:53:37,441 - INFO - fastread - 388, 1210
2019-01-25 13:53:37,441 - INFO - fastread - 389, 1220
2019-01-25 13:53:37,441 - INFO - fastread - 389, 1230
2019-01-25 13:53:37,441 - INFO - fastread - 389, 1240
2019-01-25 13:53:37,451 - INFO - fastread - 389, 1250
2019-01-25 13:53:37,451 - INFO - fastread - 389, 1260
2019-01-25 13:53:37,459 - INFO - fastread - 390, 1270
2019-01-25 13:53:37,461 - INFO - fastread - 391, 1280
2019-01-25 13:53:37,461 - INFO - fastread - 392, 1290
2019-01-25 13:53:37,471 - INFO - fastread - 394, 1300
2019-01-25 13:53:37,471 - INFO - fastread - 394, 1310
2019-01-25 13:53:37,471 - INFO - fastread - 394, 1320
2019-01-25 13:53:37,479 - INFO - fastread - 394, 1330
2019-01-25 13:53:37,481 - INFO - fastread - 396, 1340
2019-01-25 13:53:37,481 - INFO - fastread - 398, 1350
2019-01-25 13:53:37,481 - INFO - fastread - 398, 1360
2019-01-25 13:53:37,489 - INFO - fastread - 398, 1370
2019-01-25 13:53:37,492 - INFO - fastread - 398, 1380
2019-01-25 13:53:37,492 - INFO - fastread - 399, 1390
2019-01-25 13:53:37,500 - INFO - fastread - 399, 1400
2019-01-25 13:53:37,502 - INFO - fastread - 399, 1410
2019-01-25 13:53:37,502 - INFO - fastread - 399, 1420
2019-01-25 13:53:37,510 - INFO - fastread - 399, 1430
2019-01-25 13:53:37,512 - INFO - fastread - 399, 1440
2019-01-25 13:53:37,512 - INFO - fastread - 399, 1450
2019-01-25 13:53:37,522 - INFO - fastread - 399, 1460
2019-01-25 13:53:37,522 - INFO - fastread - 399, 1470
2019-01-25 13:53:37,522 - INFO - fastread - 400, 1480
2019-01-25 13:53:37,522 - INFO - fastread - 400, 1490
2019-01-25 13:53:37,530 - INFO - fastread - 401, 1500
2019-01-25 13:53:37,532 - INFO - fastread - 402, 1510
2019-01-25 13:53:37,532 - INFO - fastread - 402, 1520
2019-01-25 13:53:37,532 - INFO - fastread - 404, 1530
2019-01-25 13:53:37,532 - INFO - fastread - 406, 1540
2019-01-25 13:53:37,540 - INFO - fastread - 408, 1550
2019-01-25 13:53:37,542 - INFO - fastread - 409, 1560
2019-01-25 13:53:37,542 - INFO - fastread - 411, 1570
2019-01-25 13:53:37,542 - INFO - fastread - 412, 1580
2019-01-25 13:53:37,542 - INFO - fastread - 414, 1590
2019-01-25 13:53:37,550 - INFO - fastread - 414, 1600
2019-01-25 13:53:37,552 - INFO - fastread - 414, 1610
2019-01-25 13:53:37,552 - INFO - fastread - 415, 1620
2019-01-25 13:53:37,552 - INFO - fastread - 415, 1630
2019-01-25 13:53:37,560 - INFO - fastread - 415, 1640
2019-01-25 13:53:37,562 - INFO - fastread - 416, 1650
2019-01-25 13:53:37,562 - INFO - fastread - 416, 1660
2019-01-25 13:53:37,562 - INFO - fastread - 416, 1670
2019-01-25 13:53:37,562 - INFO - fastread - 416, 1680
2019-01-25 13:53:37,570 - INFO - fastread - 417, 1690
2019-01-25 13:53:37,572 - INFO - fastread - 417, 1700
2019-01-25 13:53:37,572 - INFO - fastread - 417, 1710
2019-01-25 13:53:37,581 - INFO - fastread - 417, 1720
2019-01-25 13:53:37,583 - INFO - fastread - 418, 1730
2019-01-25 13:53:37,583 - INFO - fastread - 420, 1740
2019-01-25 13:53:37,591 - INFO - fastread - 421, 1750
2019-01-25 13:53:37,593 - INFO - fastread - 421, 1760
2019-01-25 13:53:37,593 - INFO - fastread - 421, 1770
2019-01-25 13:53:37,601 - INFO - fastread - 421, 1780
2019-01-25 13:53:37,603 - INFO - fastread - 421, 1790
2019-01-25 13:53:37,603 - INFO - fastread - 421, 1800
2019-01-25 13:53:37,613 - INFO - fastread - 422, 1810
2019-01-25 13:53:37,613 - INFO - fastread - 423, 1820
2019-01-25 13:53:37,613 - INFO - fastread - 423, 1830
2019-01-25 13:53:37,623 - INFO - fastread - 425, 1840
2019-01-25 13:53:37,623 - INFO - fastread - 426, 1850
2019-01-25 13:53:37,623 - INFO - fastread - 426, 1860
2019-01-25 13:53:37,623 - INFO - fastread - 427, 1870
2019-01-25 13:53:37,631 - INFO - fastread - 427, 1880
2019-01-25 13:53:37,633 - INFO - fastread - 428, 1890
2019-01-25 13:53:37,633 - INFO - fastread - 428, 1900
2019-01-25 13:53:37,633 - INFO - fastread - 428, 1910
2019-01-25 13:53:37,641 - INFO - fastread - 429, 1920
2019-01-25 13:53:37,643 - INFO - fastread - 430, 1930
2019-01-25 13:53:37,643 - INFO - fastread - 430, 1940
2019-01-25 13:53:37,643 - INFO - fastread - 431, 1950
2019-01-25 13:53:37,643 - INFO - fastread - 431, 1960
2019-01-25 13:53:37,651 - INFO - fastread - 431, 1970
2019-01-25 13:53:37,653 - INFO - fastread - 431, 1980
2019-01-25 13:53:37,653 - INFO - fastread - 431, 1990
2019-01-25 13:53:37,653 - INFO - fastread - 433, 2000
2019-01-25 13:53:37,653 - INFO - fastread - 435, 2010
2019-01-25 13:53:37,661 - INFO - fastread - 435, 2020
2019-01-25 13:53:37,663 - INFO - fastread - 435, 2030
2019-01-25 13:53:37,663 - INFO - fastread - 436, 2040
2019-01-25 13:53:37,663 - INFO - fastread - 436, 2050
2019-01-25 13:53:37,672 - INFO - fastread - 436, 2060
2019-01-25 13:53:37,674 - INFO - fastread - 436, 2070
2019-01-25 13:53:37,674 - INFO - fastread - 437, 2080
2019-01-25 13:53:37,682 - INFO - fastread - 437, 2090
2019-01-25 13:53:37,684 - INFO - fastread - 437, 2100
2019-01-25 13:53:37,684 - INFO - fastread - 437, 2110
2019-01-25 13:53:37,692 - INFO - fastread - 437, 2120
2019-01-25 13:53:37,694 - INFO - fastread - 438, 2130
2019-01-25 13:53:37,694 - INFO - fastread - 440, 2140
2019-01-25 13:53:37,694 - INFO - fastread - 441, 2150
2019-01-25 13:53:37,694 - INFO - fastread - 441, 2160
2019-01-25 13:53:37,702 - INFO - fastread - 441, 2170
2019-01-25 13:53:37,704 - INFO - fastread - 443, 2180
2019-01-25 13:53:37,704 - INFO - fastread - 443, 2190
2019-01-25 13:53:37,704 - INFO - fastread - 444, 2200
2019-01-25 13:53:37,712 - INFO - fastread - 444, 2210
2019-01-25 13:53:37,714 - INFO - fastread - 445, 2220
2019-01-25 13:53:37,714 - INFO - fastread - 445, 2230
2019-01-25 13:53:37,714 - INFO - fastread - 445, 2240
2019-01-25 13:53:37,714 - INFO - fastread - 446, 2250
2019-01-25 13:53:37,722 - INFO - fastread - 446, 2260
2019-01-25 13:53:37,724 - INFO - fastread - 448, 2270
2019-01-25 13:53:37,724 - INFO - fastread - 448, 2280
2019-01-25 13:53:37,724 - INFO - fastread - 448, 2290
2019-01-25 13:53:37,724 - INFO - fastread - 448, 2300
2019-01-25 13:53:37,734 - INFO - fastread - 449, 2310
