2019-01-25 13:22:02,104 - INFO - rig - jfreechart-1.0.19
2019-01-25 13:22:08,666 - INFO - rig - ++++NEW CLF++++ FASTREAD
2019-01-25 13:22:08,666 - INFO - fastread - Total Yes: 209 | Total No: 4199
2019-01-25 13:22:09,075 - INFO - fastread - 0, 0
2019-01-25 13:22:10,469 - INFO - fastread - 1, 10
2019-01-25 13:22:11,971 - INFO - fastread - 1, 20
2019-01-25 13:22:13,453 - INFO - fastread - 1, 30
2019-01-25 13:22:14,979 - INFO - fastread - 1, 40
2019-01-25 13:22:16,489 - INFO - fastread - 1, 50
2019-01-25 13:22:18,160 - INFO - fastread - 1, 60
2019-01-25 13:22:20,221 - INFO - fastread - 4, 70
2019-01-25 13:22:21,949 - INFO - fastread - 5, 79
2019-01-25 13:22:23,590 - INFO - fastread - 6, 89
2019-01-25 13:22:25,104 - INFO - fastread - 8, 99
2019-01-25 13:22:26,697 - INFO - fastread - 16, 109
2019-01-25 13:22:28,318 - INFO - fastread - 17, 119
2019-01-25 13:22:29,911 - INFO - fastread - 19, 129
2019-01-25 13:22:31,225 - INFO - fastread - 23, 139
2019-01-25 13:22:32,606 - INFO - fastread - 30, 149
2019-01-25 13:22:33,925 - INFO - fastread - 40, 159
2019-01-25 13:22:35,219 - INFO - fastread - 50, 169
2019-01-25 13:22:36,462 - INFO - fastread - 60, 179
2019-01-25 13:22:37,794 - INFO - fastread - 70, 189
2019-01-25 13:22:39,301 - INFO - fastread - 80, 199
2019-01-25 13:22:40,622 - INFO - fastread - 89, 209
2019-01-25 13:22:41,904 - INFO - fastread - 96, 219
2019-01-25 13:22:43,264 - INFO - fastread - 100, 229
2019-01-25 13:22:44,473 - INFO - fastread - 106, 239
2019-01-25 13:22:45,876 - INFO - fastread - 111, 249
2019-01-25 13:22:47,476 - INFO - fastread - 115, 259
2019-01-25 13:22:49,002 - INFO - fastread - 120, 269
2019-01-25 13:22:50,456 - INFO - fastread - 125, 279
2019-01-25 13:22:51,895 - INFO - fastread - 134, 289
2019-01-25 13:22:53,370 - INFO - fastread - 141, 299
2019-01-25 13:22:54,926 - INFO - fastread - 149, 309
2019-01-25 13:22:56,499 - INFO - fastread - 152, 319
2019-01-25 13:22:58,154 - INFO - fastread - 154, 329
2019-01-25 13:22:59,471 - INFO - fastread - 156, 339
2019-01-25 13:23:00,774 - INFO - fastread - 158, 349
2019-01-25 13:23:02,164 - INFO - fastread - 159, 359
2019-01-25 13:23:03,602 - INFO - fastread - 159, 369
2019-01-25 13:23:04,957 - INFO - fastread - 161, 379
2019-01-25 13:23:06,545 - INFO - fastread - 161, 389
2019-01-25 13:23:08,078 - INFO - fastread - 161, 399
2019-01-25 13:23:09,439 - INFO - fastread - 161, 409
2019-01-25 13:23:11,057 - INFO - fastread - 161, 419
2019-01-25 13:23:12,649 - INFO - fastread - 162, 429
2019-01-25 13:23:14,428 - INFO - fastread - 164, 439
2019-01-25 13:23:16,036 - INFO - fastread - 168, 449
2019-01-25 13:23:17,489 - INFO - fastread - 168, 459
2019-01-25 13:23:18,924 - INFO - fastread - 173, 469
2019-01-25 13:23:20,586 - INFO - fastread - 178, 479
2019-01-25 13:23:22,198 - INFO - fastread - 178, 489
2019-01-25 13:23:23,810 - INFO - fastread - 178, 499
2019-01-25 13:23:25,238 - INFO - fastread - 178, 509
2019-01-25 13:23:26,540 - INFO - fastread - 178, 519
2019-01-25 13:23:27,922 - INFO - fastread - 178, 529
2019-01-25 13:23:29,250 - INFO - fastread - 178, 539
2019-01-25 13:23:30,674 - INFO - fastread - 180, 549
2019-01-25 13:23:32,112 - INFO - fastread - 180, 559
2019-01-25 13:23:33,545 - INFO - fastread - 180, 569
2019-01-25 13:23:34,820 - INFO - fastread - 180, 579
2019-01-25 13:23:36,190 - INFO - fastread - 180, 589
2019-01-25 13:23:37,449 - INFO - fastread - 180, 599
2019-01-25 13:23:38,856 - INFO - fastread - 182, 609
2019-01-25 13:23:40,490 - INFO - fastread - 182, 619
2019-01-25 13:23:42,083 - INFO - fastread - 183, 629
2019-01-25 13:23:43,449 - INFO - fastread - 183, 639
2019-01-25 13:23:44,763 - INFO - fastread - 183, 649
2019-01-25 13:23:46,046 - INFO - fastread - 184, 659
2019-01-25 13:23:47,397 - INFO - fastread - 185, 669
2019-01-25 13:23:48,912 - INFO - fastread - 185, 679
2019-01-25 13:23:50,281 - INFO - fastread - 185, 689
2019-01-25 13:23:51,823 - INFO - fastread - 185, 699
2019-01-25 13:23:53,237 - INFO - fastread - 185, 709
2019-01-25 13:23:54,590 - INFO - fastread - 186, 719
2019-01-25 13:23:55,944 - INFO - fastread - 188, 729
2019-01-25 13:23:57,296 - INFO - fastread - 191, 739
2019-01-25 13:23:58,726 - INFO - fastread - 191, 749
2019-01-25 13:24:00,266 - INFO - fastread - 193, 759
2019-01-25 13:24:01,906 - INFO - fastread - 196, 769
2019-01-25 13:24:03,452 - INFO - fastread - 196, 779
2019-01-25 13:24:06,267 - INFO - fastread - 196, 789
2019-01-25 13:24:08,538 - INFO - fastread - 196, 799
2019-01-25 13:24:10,476 - INFO - fastread - 196, 809
2019-01-25 13:24:12,737 - INFO - fastread - 196, 819
2019-01-25 13:24:14,501 - INFO - fastread - 196, 829
2019-01-25 13:24:16,359 - INFO - fastread - 196, 839
2019-01-25 13:24:18,574 - INFO - fastread - 197, 849
2019-01-25 13:24:20,193 - INFO - fastread - 197, 859
2019-01-25 13:24:22,382 - INFO - fastread - 197, 869
2019-01-25 13:24:24,207 - INFO - fastread - 197, 879
2019-01-25 13:24:26,271 - INFO - fastread - 197, 889
2019-01-25 13:24:28,108 - INFO - fastread - 198, 899
2019-01-25 13:24:28,799 - INFO - rig - ++++NEW CLF++++ NBM
2019-01-25 13:24:28,799 - INFO - fastread - Total Yes: 209 | Total No: 4199
2019-01-25 13:24:28,890 - INFO - fastread - 6, 10
2019-01-25 13:24:28,892 - INFO - fastread - 15, 20
2019-01-25 13:24:28,892 - INFO - fastread - 21, 30
2019-01-25 13:24:28,892 - INFO - fastread - 27, 40
2019-01-25 13:24:28,900 - INFO - fastread - 33, 50
2019-01-25 13:24:28,902 - INFO - fastread - 40, 60
2019-01-25 13:24:28,902 - INFO - fastread - 40, 70
2019-01-25 13:24:28,902 - INFO - fastread - 41, 80
2019-01-25 13:24:28,912 - INFO - fastread - 42, 90
2019-01-25 13:24:28,912 - INFO - fastread - 42, 100
2019-01-25 13:24:28,922 - INFO - fastread - 42, 110
2019-01-25 13:24:28,922 - INFO - fastread - 42, 120
2019-01-25 13:24:28,930 - INFO - fastread - 42, 130
2019-01-25 13:24:28,932 - INFO - fastread - 43, 140
2019-01-25 13:24:28,932 - INFO - fastread - 45, 150
2019-01-25 13:24:28,932 - INFO - fastread - 47, 160
2019-01-25 13:24:28,942 - INFO - fastread - 47, 170
2019-01-25 13:24:28,942 - INFO - fastread - 48, 180
2019-01-25 13:24:28,942 - INFO - fastread - 52, 190
2019-01-25 13:24:28,951 - INFO - fastread - 53, 200
2019-01-25 13:24:28,953 - INFO - fastread - 53, 210
2019-01-25 13:24:28,953 - INFO - fastread - 53, 220
2019-01-25 13:24:28,961 - INFO - fastread - 54, 230
2019-01-25 13:24:28,963 - INFO - fastread - 54, 240
2019-01-25 13:24:28,963 - INFO - fastread - 57, 250
2019-01-25 13:24:28,963 - INFO - fastread - 58, 260
2019-01-25 13:24:28,973 - INFO - fastread - 58, 270
2019-01-25 13:24:28,973 - INFO - fastread - 59, 280
2019-01-25 13:24:28,973 - INFO - fastread - 59, 290
2019-01-25 13:24:28,981 - INFO - fastread - 59, 300
2019-01-25 13:24:28,983 - INFO - fastread - 59, 310
2019-01-25 13:24:28,983 - INFO - fastread - 59, 320
2019-01-25 13:24:28,983 - INFO - fastread - 61, 330
2019-01-25 13:24:28,993 - INFO - fastread - 63, 340
2019-01-25 13:24:28,993 - INFO - fastread - 63, 350
2019-01-25 13:24:29,001 - INFO - fastread - 66, 360
2019-01-25 13:24:29,003 - INFO - fastread - 67, 370
2019-01-25 13:24:29,003 - INFO - fastread - 70, 380
2019-01-25 13:24:29,013 - INFO - fastread - 70, 390
2019-01-25 13:24:29,013 - INFO - fastread - 70, 400
2019-01-25 13:24:29,021 - INFO - fastread - 71, 410
2019-01-25 13:24:29,023 - INFO - fastread - 71, 420
2019-01-25 13:24:29,023 - INFO - fastread - 71, 430
2019-01-25 13:24:29,031 - INFO - fastread - 71, 440
2019-01-25 13:24:29,033 - INFO - fastread - 71, 450
2019-01-25 13:24:29,033 - INFO - fastread - 71, 460
2019-01-25 13:24:29,043 - INFO - fastread - 71, 470
2019-01-25 13:24:29,043 - INFO - fastread - 72, 480
2019-01-25 13:24:29,053 - INFO - fastread - 73, 490
2019-01-25 13:24:29,053 - INFO - fastread - 73, 500
2019-01-25 13:24:29,061 - INFO - fastread - 73, 510
2019-01-25 13:24:29,063 - INFO - fastread - 76, 520
2019-01-25 13:24:29,070 - INFO - fastread - 77, 530
2019-01-25 13:24:29,076 - INFO - fastread - 77, 540
2019-01-25 13:24:29,083 - INFO - fastread - 77, 550
2019-01-25 13:24:29,088 - INFO - fastread - 77, 560
2019-01-25 13:24:29,093 - INFO - fastread - 77, 570
2019-01-25 13:24:29,100 - INFO - fastread - 77, 580
2019-01-25 13:24:29,103 - INFO - fastread - 77, 590
2019-01-25 13:24:29,110 - INFO - fastread - 79, 600
2019-01-25 13:24:29,116 - INFO - fastread - 80, 610
2019-01-25 13:24:29,121 - INFO - fastread - 80, 620
2019-01-25 13:24:29,126 - INFO - fastread - 80, 630
2019-01-25 13:24:29,131 - INFO - fastread - 80, 640
2019-01-25 13:24:29,136 - INFO - fastread - 83, 650
2019-01-25 13:24:29,139 - INFO - fastread - 83, 660
2019-01-25 13:24:29,142 - INFO - fastread - 83, 670
2019-01-25 13:24:29,147 - INFO - fastread - 83, 680
2019-01-25 13:24:29,152 - INFO - fastread - 83, 690
2019-01-25 13:24:29,158 - INFO - fastread - 93, 700
2019-01-25 13:24:29,165 - INFO - fastread - 103, 710
2019-01-25 13:24:29,170 - INFO - fastread - 113, 720
2019-01-25 13:24:29,175 - INFO - fastread - 123, 730
2019-01-25 13:24:29,180 - INFO - fastread - 133, 740
2019-01-25 13:24:29,187 - INFO - fastread - 143, 750
2019-01-25 13:24:29,193 - INFO - fastread - 144, 760
2019-01-25 13:24:29,201 - INFO - fastread - 144, 770
2019-01-25 13:24:29,207 - INFO - fastread - 144, 780
2019-01-25 13:24:29,214 - INFO - fastread - 144, 790
2019-01-25 13:24:29,221 - INFO - fastread - 144, 800
2019-01-25 13:24:29,227 - INFO - fastread - 144, 810
2019-01-25 13:24:29,235 - INFO - fastread - 144, 820
2019-01-25 13:24:29,240 - INFO - fastread - 144, 830
2019-01-25 13:24:29,247 - INFO - fastread - 144, 840
2019-01-25 13:24:29,255 - INFO - fastread - 144, 850
2019-01-25 13:24:29,266 - INFO - fastread - 144, 860
2019-01-25 13:24:29,271 - INFO - fastread - 144, 870
2019-01-25 13:24:29,277 - INFO - fastread - 144, 880
2019-01-25 13:24:29,283 - INFO - fastread - 144, 890
2019-01-25 13:24:29,288 - INFO - fastread - 144, 900
2019-01-25 13:24:29,294 - INFO - fastread - 144, 910
2019-01-25 13:24:29,297 - INFO - fastread - 144, 920
2019-01-25 13:24:29,297 - INFO - fastread - 144, 930
2019-01-25 13:24:29,309 - INFO - fastread - 144, 940
2019-01-25 13:24:29,316 - INFO - fastread - 144, 950
2019-01-25 13:24:29,321 - INFO - fastread - 144, 960
2019-01-25 13:24:29,326 - INFO - fastread - 144, 970
2019-01-25 13:24:29,332 - INFO - fastread - 144, 980
2019-01-25 13:24:29,337 - INFO - fastread - 144, 990
2019-01-25 13:24:29,344 - INFO - fastread - 144, 1000
2019-01-25 13:24:29,349 - INFO - fastread - 144, 1010
2019-01-25 13:24:29,355 - INFO - fastread - 144, 1020
2019-01-25 13:24:29,363 - INFO - fastread - 144, 1030
2019-01-25 13:24:29,366 - INFO - fastread - 144, 1040
2019-01-25 13:24:29,370 - INFO - fastread - 144, 1050
2019-01-25 13:24:29,376 - INFO - fastread - 144, 1060
2019-01-25 13:24:29,383 - INFO - fastread - 144, 1070
2019-01-25 13:24:29,388 - INFO - fastread - 144, 1080
2019-01-25 13:24:29,392 - INFO - fastread - 144, 1090
2019-01-25 13:24:29,399 - INFO - fastread - 144, 1100
2019-01-25 13:24:29,406 - INFO - fastread - 144, 1110
2019-01-25 13:24:29,413 - INFO - fastread - 144, 1120
2019-01-25 13:24:29,420 - INFO - fastread - 144, 1130
2019-01-25 13:24:29,425 - INFO - fastread - 144, 1140
2019-01-25 13:24:29,432 - INFO - fastread - 144, 1150
2019-01-25 13:24:29,438 - INFO - fastread - 144, 1160
2019-01-25 13:24:29,444 - INFO - fastread - 144, 1170
2019-01-25 13:24:29,450 - INFO - fastread - 144, 1180
2019-01-25 13:24:29,456 - INFO - fastread - 144, 1190
2019-01-25 13:24:29,462 - INFO - fastread - 144, 1200
2019-01-25 13:24:29,466 - INFO - fastread - 144, 1210
2019-01-25 13:24:29,470 - INFO - fastread - 144, 1220
2019-01-25 13:24:29,475 - INFO - fastread - 144, 1230
2019-01-25 13:24:29,481 - INFO - fastread - 144, 1240
2019-01-25 13:24:29,488 - INFO - fastread - 144, 1250
2019-01-25 13:24:29,495 - INFO - fastread - 144, 1260
2019-01-25 13:24:29,501 - INFO - fastread - 144, 1270
2019-01-25 13:24:29,506 - INFO - fastread - 144, 1280
2019-01-25 13:24:29,510 - INFO - fastread - 145, 1290
2019-01-25 13:24:29,515 - INFO - fastread - 145, 1300
2019-01-25 13:24:29,517 - INFO - fastread - 145, 1310
2019-01-25 13:24:29,525 - INFO - fastread - 146, 1320
2019-01-25 13:24:29,527 - INFO - fastread - 146, 1330
2019-01-25 13:24:29,537 - INFO - fastread - 146, 1340
2019-01-25 13:24:29,537 - INFO - fastread - 146, 1350
2019-01-25 13:24:29,547 - INFO - fastread - 148, 1360
2019-01-25 13:24:29,547 - INFO - fastread - 148, 1370
2019-01-25 13:24:29,547 - INFO - fastread - 148, 1380
2019-01-25 13:24:29,557 - INFO - fastread - 148, 1390
2019-01-25 13:24:29,557 - INFO - fastread - 148, 1400
2019-01-25 13:24:29,557 - INFO - fastread - 148, 1410
2019-01-25 13:24:29,568 - INFO - fastread - 148, 1420
2019-01-25 13:24:29,568 - INFO - fastread - 148, 1430
2019-01-25 13:24:29,568 - INFO - fastread - 148, 1440
2019-01-25 13:24:29,576 - INFO - fastread - 148, 1450
2019-01-25 13:24:29,578 - INFO - fastread - 148, 1460
2019-01-25 13:24:29,588 - INFO - fastread - 148, 1470
2019-01-25 13:24:29,588 - INFO - fastread - 148, 1480
2019-01-25 13:24:29,588 - INFO - fastread - 149, 1490
2019-01-25 13:24:29,598 - INFO - fastread - 150, 1500
2019-01-25 13:24:29,598 - INFO - fastread - 150, 1510
2019-01-25 13:24:29,598 - INFO - fastread - 151, 1520
2019-01-25 13:24:29,608 - INFO - fastread - 153, 1530
2019-01-25 13:24:29,608 - INFO - fastread - 153, 1540
2019-01-25 13:24:29,608 - INFO - fastread - 153, 1550
2019-01-25 13:24:29,618 - INFO - fastread - 153, 1560
2019-01-25 13:24:29,618 - INFO - fastread - 153, 1570
2019-01-25 13:24:29,618 - INFO - fastread - 153, 1580
2019-01-25 13:24:29,628 - INFO - fastread - 154, 1590
2019-01-25 13:24:29,636 - INFO - fastread - 154, 1600
2019-01-25 13:24:29,638 - INFO - fastread - 157, 1610
2019-01-25 13:24:29,648 - INFO - fastread - 157, 1620
2019-01-25 13:24:29,648 - INFO - fastread - 157, 1630
2019-01-25 13:24:29,648 - INFO - fastread - 158, 1640
2019-01-25 13:24:29,658 - INFO - fastread - 158, 1650
2019-01-25 13:24:29,658 - INFO - fastread - 158, 1660
2019-01-25 13:24:29,668 - INFO - fastread - 160, 1670
2019-01-25 13:24:29,676 - INFO - fastread - 164, 1680
2019-01-25 13:24:29,679 - INFO - fastread - 164, 1690
2019-01-25 13:24:29,689 - INFO - fastread - 166, 1700
2019-01-25 13:24:29,689 - INFO - fastread - 167, 1710
2019-01-25 13:24:29,689 - INFO - fastread - 169, 1720
2019-01-25 13:24:29,699 - INFO - fastread - 169, 1730
2019-01-25 13:24:29,699 - INFO - fastread - 171, 1740
2019-01-25 13:24:29,699 - INFO - fastread - 171, 1750
2019-01-25 13:24:29,709 - INFO - fastread - 174, 1760
2019-01-25 13:24:29,709 - INFO - fastread - 174, 1770
2019-01-25 13:24:29,719 - INFO - fastread - 174, 1780
2019-01-25 13:24:29,719 - INFO - fastread - 174, 1790
2019-01-25 13:24:29,730 - INFO - fastread - 175, 1800
2019-01-25 13:24:29,733 - INFO - fastread - 175, 1810
2019-01-25 13:24:29,736 - INFO - fastread - 175, 1820
2019-01-25 13:24:29,739 - INFO - fastread - 176, 1830
2019-01-25 13:24:29,742 - INFO - fastread - 176, 1840
2019-01-25 13:24:29,746 - INFO - fastread - 176, 1850
2019-01-25 13:24:29,749 - INFO - fastread - 176, 1860
2019-01-25 13:24:29,749 - INFO - fastread - 176, 1870
2019-01-25 13:24:29,749 - INFO - fastread - 177, 1880
2019-01-25 13:24:29,757 - INFO - fastread - 177, 1890
2019-01-25 13:24:29,759 - INFO - fastread - 177, 1900
2019-01-25 13:24:29,759 - INFO - fastread - 177, 1910
2019-01-25 13:24:29,767 - INFO - fastread - 177, 1920
2019-01-25 13:24:29,769 - INFO - fastread - 177, 1930
2019-01-25 13:24:29,777 - INFO - fastread - 177, 1940
2019-01-25 13:24:29,779 - INFO - fastread - 178, 1950
2019-01-25 13:24:29,790 - INFO - fastread - 178, 1960
2019-01-25 13:24:29,790 - INFO - fastread - 178, 1970
2019-01-25 13:24:29,798 - INFO - fastread - 178, 1980
2019-01-25 13:24:29,800 - INFO - fastread - 178, 1990
2019-01-25 13:24:29,800 - INFO - fastread - 178, 2000
2019-01-25 13:24:29,810 - INFO - fastread - 179, 2010
2019-01-25 13:24:29,810 - INFO - fastread - 179, 2020
2019-01-25 13:24:29,820 - INFO - fastread - 180, 2030
2019-01-25 13:24:29,828 - INFO - fastread - 180, 2040
2019-01-25 13:24:29,830 - INFO - fastread - 180, 2050
2019-01-25 13:24:29,840 - INFO - fastread - 180, 2060
2019-01-25 13:24:29,840 - INFO - fastread - 180, 2070
2019-01-25 13:24:29,850 - INFO - fastread - 180, 2080
2019-01-25 13:24:29,860 - INFO - fastread - 183, 2090
2019-01-25 13:24:29,860 - INFO - fastread - 183, 2100
2019-01-25 13:24:29,870 - INFO - fastread - 184, 2110
2019-01-25 13:24:29,870 - INFO - fastread - 184, 2120
2019-01-25 13:24:29,878 - INFO - fastread - 184, 2130
2019-01-25 13:24:29,880 - INFO - fastread - 185, 2140
2019-01-25 13:24:29,880 - INFO - fastread - 185, 2150
2019-01-25 13:24:29,880 - INFO - fastread - 185, 2160
2019-01-25 13:24:29,891 - INFO - fastread - 185, 2170
2019-01-25 13:24:29,891 - INFO - fastread - 185, 2180
2019-01-25 13:24:29,901 - INFO - fastread - 185, 2190
2019-01-25 13:24:29,901 - INFO - fastread - 185, 2200
2019-01-25 13:24:29,901 - INFO - fastread - 185, 2210
2019-01-25 13:24:29,911 - INFO - fastread - 185, 2220
2019-01-25 13:24:29,919 - INFO - fastread - 185, 2230
2019-01-25 13:24:29,921 - INFO - fastread - 185, 2240
2019-01-25 13:24:29,931 - INFO - fastread - 185, 2250
2019-01-25 13:24:29,931 - INFO - fastread - 185, 2260
2019-01-25 13:24:29,941 - INFO - fastread - 185, 2270
2019-01-25 13:24:29,950 - INFO - fastread - 185, 2280
2019-01-25 13:24:29,955 - INFO - fastread - 185, 2290
2019-01-25 13:24:29,959 - INFO - fastread - 185, 2300
2019-01-25 13:24:29,965 - INFO - fastread - 187, 2310
2019-01-25 13:24:29,970 - INFO - fastread - 187, 2320
2019-01-25 13:24:29,973 - INFO - fastread - 187, 2330
2019-01-25 13:24:29,976 - INFO - fastread - 187, 2340
2019-01-25 13:24:29,982 - INFO - fastread - 187, 2350
2019-01-25 13:24:29,988 - INFO - fastread - 189, 2360
2019-01-25 13:24:29,996 - INFO - fastread - 189, 2370
2019-01-25 13:24:30,002 - INFO - fastread - 189, 2380
2019-01-25 13:24:30,008 - INFO - fastread - 190, 2390
2019-01-25 13:24:30,016 - INFO - fastread - 190, 2400
2019-01-25 13:24:30,025 - INFO - fastread - 190, 2410
2019-01-25 13:24:30,034 - INFO - fastread - 190, 2420
2019-01-25 13:24:30,037 - INFO - fastread - 190, 2430
2019-01-25 13:24:30,042 - INFO - fastread - 190, 2440
2019-01-25 13:24:30,048 - INFO - fastread - 190, 2450
2019-01-25 13:24:30,055 - INFO - fastread - 191, 2460
2019-01-25 13:24:30,062 - INFO - fastread - 191, 2470
2019-01-25 13:24:30,069 - INFO - fastread - 191, 2480
2019-01-25 13:24:30,076 - INFO - fastread - 191, 2490
2019-01-25 13:24:30,084 - INFO - fastread - 191, 2500
2019-01-25 13:24:30,089 - INFO - fastread - 191, 2510
2019-01-25 13:24:30,096 - INFO - fastread - 191, 2520
2019-01-25 13:24:30,103 - INFO - fastread - 191, 2530
2019-01-25 13:24:30,107 - INFO - fastread - 191, 2540
2019-01-25 13:24:30,115 - INFO - fastread - 191, 2550
2019-01-25 13:24:30,123 - INFO - fastread - 191, 2560
2019-01-25 13:24:30,131 - INFO - fastread - 191, 2570
2019-01-25 13:24:30,139 - INFO - fastread - 191, 2580
2019-01-25 13:24:30,145 - INFO - fastread - 191, 2590
2019-01-25 13:24:30,152 - INFO - fastread - 191, 2600
2019-01-25 13:24:30,160 - INFO - fastread - 191, 2610
2019-01-25 13:24:30,167 - INFO - fastread - 191, 2620
2019-01-25 13:24:30,175 - INFO - fastread - 191, 2630
2019-01-25 13:24:30,184 - INFO - fastread - 191, 2640
2019-01-25 13:24:30,191 - INFO - fastread - 191, 2650
2019-01-25 13:24:30,200 - INFO - fastread - 191, 2660
2019-01-25 13:24:30,207 - INFO - fastread - 191, 2670
2019-01-25 13:24:30,214 - INFO - fastread - 191, 2680
2019-01-25 13:24:30,221 - INFO - fastread - 191, 2690
2019-01-25 13:24:30,229 - INFO - fastread - 191, 2700
2019-01-25 13:24:30,236 - INFO - fastread - 191, 2710
2019-01-25 13:24:30,243 - INFO - fastread - 191, 2720
2019-01-25 13:24:30,250 - INFO - fastread - 191, 2730
2019-01-25 13:24:30,256 - INFO - fastread - 191, 2740
2019-01-25 13:24:30,264 - INFO - fastread - 191, 2750
2019-01-25 13:24:30,270 - INFO - fastread - 191, 2760
2019-01-25 13:24:30,277 - INFO - fastread - 191, 2770
2019-01-25 13:24:30,284 - INFO - fastread - 191, 2780
2019-01-25 13:24:30,290 - INFO - fastread - 191, 2790
2019-01-25 13:24:30,297 - INFO - fastread - 191, 2800
2019-01-25 13:24:30,304 - INFO - fastread - 191, 2810
2019-01-25 13:24:30,310 - INFO - fastread - 191, 2820
2019-01-25 13:24:30,316 - INFO - fastread - 191, 2830
2019-01-25 13:24:30,320 - INFO - fastread - 191, 2840
2019-01-25 13:24:30,324 - INFO - fastread - 191, 2850
2019-01-25 13:24:30,328 - INFO - fastread - 191, 2860
2019-01-25 13:24:30,337 - INFO - fastread - 191, 2870
2019-01-25 13:24:30,344 - INFO - fastread - 191, 2880
2019-01-25 13:24:30,353 - INFO - fastread - 191, 2890
2019-01-25 13:24:30,361 - INFO - fastread - 191, 2900
2019-01-25 13:24:30,368 - INFO - fastread - 191, 2910
2019-01-25 13:24:30,375 - INFO - fastread - 191, 2920
2019-01-25 13:24:30,382 - INFO - fastread - 191, 2930
2019-01-25 13:24:30,389 - INFO - fastread - 191, 2940
2019-01-25 13:24:30,394 - INFO - fastread - 191, 2950
2019-01-25 13:24:30,402 - INFO - fastread - 191, 2960
2019-01-25 13:24:30,409 - INFO - fastread - 191, 2970
2019-01-25 13:24:30,418 - INFO - fastread - 192, 2980
2019-01-25 13:24:30,424 - INFO - fastread - 192, 2990
2019-01-25 13:24:30,431 - INFO - fastread - 192, 3000
2019-01-25 13:24:30,438 - INFO - fastread - 197, 3010
2019-01-25 13:24:30,444 - INFO - fastread - 202, 3020
2019-01-25 13:24:30,461 - INFO - rig - ++++NEW CLF++++ KNN
2019-01-25 13:24:30,461 - INFO - fastread - Total Yes: 209 | Total No: 4199
2019-01-25 13:26:12,148 - INFO - fastread - 10, 10
2019-01-25 13:26:12,166 - INFO - fastread - 20, 20
2019-01-25 13:26:12,171 - INFO - fastread - 23, 30
2019-01-25 13:26:12,177 - INFO - fastread - 26, 40
2019-01-25 13:26:12,182 - INFO - fastread - 27, 50
2019-01-25 13:26:12,188 - INFO - fastread - 28, 60
2019-01-25 13:26:12,192 - INFO - fastread - 28, 70
2019-01-25 13:26:12,201 - INFO - fastread - 29, 80
2019-01-25 13:26:12,208 - INFO - fastread - 30, 90
2019-01-25 13:26:12,212 - INFO - fastread - 32, 100
2019-01-25 13:26:12,219 - INFO - fastread - 34, 110
2019-01-25 13:26:12,222 - INFO - fastread - 36, 120
2019-01-25 13:26:12,227 - INFO - fastread - 38, 130
2019-01-25 13:26:12,233 - INFO - fastread - 38, 140
2019-01-25 13:26:12,241 - INFO - fastread - 40, 150
2019-01-25 13:26:12,244 - INFO - fastread - 40, 160
2019-01-25 13:26:12,249 - INFO - fastread - 40, 170
2019-01-25 13:26:12,252 - INFO - fastread - 43, 180
2019-01-25 13:26:12,259 - INFO - fastread - 43, 190
2019-01-25 13:26:12,261 - INFO - fastread - 44, 200
2019-01-25 13:26:12,261 - INFO - fastread - 44, 210
2019-01-25 13:26:12,269 - INFO - fastread - 45, 220
2019-01-25 13:26:12,271 - INFO - fastread - 45, 230
2019-01-25 13:26:12,271 - INFO - fastread - 45, 240
2019-01-25 13:26:12,279 - INFO - fastread - 45, 250
2019-01-25 13:26:12,281 - INFO - fastread - 45, 260
2019-01-25 13:26:12,281 - INFO - fastread - 45, 270
2019-01-25 13:26:12,281 - INFO - fastread - 45, 280
2019-01-25 13:26:12,291 - INFO - fastread - 45, 290
2019-01-25 13:26:12,291 - INFO - fastread - 45, 300
2019-01-25 13:26:12,301 - INFO - fastread - 45, 310
2019-01-25 13:26:12,301 - INFO - fastread - 46, 320
2019-01-25 13:26:12,342 - INFO - fastread - 46, 330
2019-01-25 13:26:12,342 - INFO - fastread - 46, 340
2019-01-25 13:26:12,352 - INFO - fastread - 48, 350
2019-01-25 13:26:12,360 - INFO - fastread - 48, 360
2019-01-25 13:26:12,362 - INFO - fastread - 48, 370
2019-01-25 13:26:12,370 - INFO - fastread - 48, 380
2019-01-25 13:26:12,370 - INFO - fastread - 48, 390
2019-01-25 13:26:12,380 - INFO - fastread - 48, 400
2019-01-25 13:26:12,380 - INFO - fastread - 48, 410
2019-01-25 13:26:12,380 - INFO - fastread - 48, 420
2019-01-25 13:26:12,396 - INFO - fastread - 48, 430
2019-01-25 13:26:12,396 - INFO - fastread - 48, 440
2019-01-25 13:26:12,396 - INFO - fastread - 49, 450
2019-01-25 13:26:12,411 - INFO - fastread - 49, 460
2019-01-25 13:26:12,411 - INFO - fastread - 49, 470
2019-01-25 13:26:12,411 - INFO - fastread - 49, 480
2019-01-25 13:26:12,427 - INFO - fastread - 50, 490
2019-01-25 13:26:12,442 - INFO - fastread - 50, 500
2019-01-25 13:26:12,442 - INFO - fastread - 50, 510
2019-01-25 13:26:12,458 - INFO - fastread - 51, 520
2019-01-25 13:26:12,458 - INFO - fastread - 52, 530
2019-01-25 13:26:12,458 - INFO - fastread - 53, 540
2019-01-25 13:26:12,474 - INFO - fastread - 53, 550
2019-01-25 13:26:12,480 - INFO - fastread - 53, 560
2019-01-25 13:26:12,480 - INFO - fastread - 53, 570
2019-01-25 13:26:12,480 - INFO - fastread - 53, 580
2019-01-25 13:26:12,496 - INFO - fastread - 53, 590
2019-01-25 13:26:12,496 - INFO - fastread - 53, 600
2019-01-25 13:26:12,496 - INFO - fastread - 53, 610
2019-01-25 13:26:12,496 - INFO - fastread - 53, 620
2019-01-25 13:26:12,511 - INFO - fastread - 53, 630
2019-01-25 13:26:12,511 - INFO - fastread - 53, 640
2019-01-25 13:26:12,511 - INFO - fastread - 54, 650
2019-01-25 13:26:12,527 - INFO - fastread - 54, 660
2019-01-25 13:26:12,527 - INFO - fastread - 54, 670
2019-01-25 13:26:12,527 - INFO - fastread - 54, 680
2019-01-25 13:26:12,543 - INFO - fastread - 55, 690
2019-01-25 13:26:12,543 - INFO - fastread - 55, 700
2019-01-25 13:26:12,558 - INFO - fastread - 57, 710
2019-01-25 13:26:12,558 - INFO - fastread - 57, 720
2019-01-25 13:26:12,574 - INFO - fastread - 57, 730
2019-01-25 13:26:12,580 - INFO - fastread - 58, 740
2019-01-25 13:26:12,580 - INFO - fastread - 58, 750
2019-01-25 13:26:12,580 - INFO - fastread - 58, 760
2019-01-25 13:26:12,580 - INFO - fastread - 59, 770
2019-01-25 13:26:12,596 - INFO - fastread - 60, 780
2019-01-25 13:26:12,596 - INFO - fastread - 60, 790
2019-01-25 13:26:12,596 - INFO - fastread - 61, 800
2019-01-25 13:26:12,596 - INFO - fastread - 62, 810
2019-01-25 13:26:12,612 - INFO - fastread - 62, 820
2019-01-25 13:26:12,612 - INFO - fastread - 62, 830
2019-01-25 13:26:12,612 - INFO - fastread - 62, 840
2019-01-25 13:26:12,627 - INFO - fastread - 62, 850
2019-01-25 13:26:12,627 - INFO - fastread - 63, 860
2019-01-25 13:26:12,627 - INFO - fastread - 64, 870
2019-01-25 13:26:12,643 - INFO - fastread - 64, 880
2019-01-25 13:26:12,643 - INFO - fastread - 64, 890
2019-01-25 13:26:12,643 - INFO - fastread - 64, 900
2019-01-25 13:26:12,659 - INFO - fastread - 64, 910
2019-01-25 13:26:12,659 - INFO - fastread - 64, 920
2019-01-25 13:26:12,659 - INFO - fastread - 64, 930
2019-01-25 13:26:12,674 - INFO - fastread - 64, 940
2019-01-25 13:26:12,681 - INFO - fastread - 65, 950
2019-01-25 13:26:12,681 - INFO - fastread - 67, 960
2019-01-25 13:26:12,681 - INFO - fastread - 67, 970
2019-01-25 13:26:12,681 - INFO - fastread - 68, 980
2019-01-25 13:26:12,681 - INFO - fastread - 68, 990
2019-01-25 13:26:12,696 - INFO - fastread - 69, 1000
2019-01-25 13:26:12,696 - INFO - fastread - 69, 1010
2019-01-25 13:26:12,696 - INFO - fastread - 69, 1020
2019-01-25 13:26:12,696 - INFO - fastread - 69, 1030
2019-01-25 13:26:12,712 - INFO - fastread - 69, 1040
2019-01-25 13:26:12,712 - INFO - fastread - 69, 1050
2019-01-25 13:26:12,712 - INFO - fastread - 69, 1060
2019-01-25 13:26:12,712 - INFO - fastread - 69, 1070
2019-01-25 13:26:12,728 - INFO - fastread - 69, 1080
2019-01-25 13:26:12,728 - INFO - fastread - 70, 1090
2019-01-25 13:26:12,728 - INFO - fastread - 70, 1100
2019-01-25 13:26:12,728 - INFO - fastread - 70, 1110
2019-01-25 13:26:12,743 - INFO - fastread - 70, 1120
2019-01-25 13:26:12,743 - INFO - fastread - 70, 1130
2019-01-25 13:26:12,743 - INFO - fastread - 71, 1140
2019-01-25 13:26:12,743 - INFO - fastread - 71, 1150
2019-01-25 13:26:12,759 - INFO - fastread - 73, 1160
2019-01-25 13:26:12,759 - INFO - fastread - 74, 1170
2019-01-25 13:26:12,759 - INFO - fastread - 74, 1180
2019-01-25 13:26:12,774 - INFO - fastread - 74, 1190
2019-01-25 13:26:12,781 - INFO - fastread - 74, 1200
2019-01-25 13:26:12,781 - INFO - fastread - 74, 1210
2019-01-25 13:26:12,781 - INFO - fastread - 75, 1220
2019-01-25 13:26:12,781 - INFO - fastread - 75, 1230
2019-01-25 13:26:12,781 - INFO - fastread - 76, 1240
2019-01-25 13:26:12,797 - INFO - fastread - 77, 1250
2019-01-25 13:26:12,797 - INFO - fastread - 78, 1260
2019-01-25 13:26:12,797 - INFO - fastread - 78, 1270
2019-01-25 13:26:12,797 - INFO - fastread - 78, 1280
2019-01-25 13:26:12,812 - INFO - fastread - 78, 1290
2019-01-25 13:26:12,812 - INFO - fastread - 78, 1300
2019-01-25 13:26:12,812 - INFO - fastread - 78, 1310
2019-01-25 13:26:12,812 - INFO - fastread - 78, 1320
2019-01-25 13:26:12,828 - INFO - fastread - 78, 1330
2019-01-25 13:26:12,828 - INFO - fastread - 79, 1340
2019-01-25 13:26:12,828 - INFO - fastread - 79, 1350
2019-01-25 13:26:12,828 - INFO - fastread - 79, 1360
2019-01-25 13:26:12,828 - INFO - fastread - 79, 1370
2019-01-25 13:26:12,843 - INFO - fastread - 79, 1380
2019-01-25 13:26:12,843 - INFO - fastread - 79, 1390
2019-01-25 13:26:12,859 - INFO - fastread - 79, 1400
2019-01-25 13:26:12,859 - INFO - fastread - 79, 1410
2019-01-25 13:26:12,859 - INFO - fastread - 79, 1420
2019-01-25 13:26:12,859 - INFO - fastread - 79, 1430
2019-01-25 13:26:12,875 - INFO - fastread - 79, 1440
2019-01-25 13:26:12,883 - INFO - fastread - 79, 1450
2019-01-25 13:26:12,883 - INFO - fastread - 80, 1460
2019-01-25 13:26:12,893 - INFO - fastread - 80, 1470
2019-01-25 13:26:12,893 - INFO - fastread - 81, 1480
2019-01-25 13:26:12,901 - INFO - fastread - 81, 1490
2019-01-25 13:26:12,903 - INFO - fastread - 81, 1500
2019-01-25 13:26:12,903 - INFO - fastread - 81, 1510
2019-01-25 13:26:12,914 - INFO - fastread - 82, 1520
2019-01-25 13:26:12,914 - INFO - fastread - 84, 1530
2019-01-25 13:26:12,914 - INFO - fastread - 84, 1540
2019-01-25 13:26:12,924 - INFO - fastread - 86, 1550
2019-01-25 13:26:12,924 - INFO - fastread - 89, 1560
2019-01-25 13:26:12,924 - INFO - fastread - 89, 1570
2019-01-25 13:26:12,932 - INFO - fastread - 89, 1580
2019-01-25 13:26:12,934 - INFO - fastread - 90, 1590
2019-01-25 13:26:12,934 - INFO - fastread - 90, 1600
2019-01-25 13:26:12,942 - INFO - fastread - 90, 1610
2019-01-25 13:26:12,944 - INFO - fastread - 90, 1620
2019-01-25 13:26:12,944 - INFO - fastread - 92, 1630
2019-01-25 13:26:12,952 - INFO - fastread - 92, 1640
2019-01-25 13:26:12,954 - INFO - fastread - 92, 1650
2019-01-25 13:26:12,962 - INFO - fastread - 93, 1660
2019-01-25 13:26:12,964 - INFO - fastread - 93, 1670
2019-01-25 13:26:12,964 - INFO - fastread - 94, 1680
2019-01-25 13:26:12,974 - INFO - fastread - 95, 1690
2019-01-25 13:26:12,974 - INFO - fastread - 96, 1700
2019-01-25 13:26:12,984 - INFO - fastread - 96, 1710
2019-01-25 13:26:12,984 - INFO - fastread - 96, 1720
2019-01-25 13:26:12,994 - INFO - fastread - 97, 1730
2019-01-25 13:26:12,994 - INFO - fastread - 97, 1740
2019-01-25 13:26:12,994 - INFO - fastread - 97, 1750
2019-01-25 13:26:13,004 - INFO - fastread - 98, 1760
2019-01-25 13:26:13,004 - INFO - fastread - 98, 1770
2019-01-25 13:26:13,004 - INFO - fastread - 99, 1780
2019-01-25 13:26:13,012 - INFO - fastread - 99, 1790
2019-01-25 13:26:13,014 - INFO - fastread - 99, 1800
2019-01-25 13:26:13,022 - INFO - fastread - 99, 1810
2019-01-25 13:26:13,024 - INFO - fastread - 99, 1820
2019-01-25 13:26:13,033 - INFO - fastread - 99, 1830
2019-01-25 13:26:13,035 - INFO - fastread - 100, 1840
2019-01-25 13:26:13,035 - INFO - fastread - 102, 1850
2019-01-25 13:26:13,043 - INFO - fastread - 102, 1860
2019-01-25 13:26:13,045 - INFO - fastread - 103, 1870
2019-01-25 13:26:13,045 - INFO - fastread - 103, 1880
2019-01-25 13:26:13,045 - INFO - fastread - 103, 1890
2019-01-25 13:26:13,055 - INFO - fastread - 103, 1900
2019-01-25 13:26:13,055 - INFO - fastread - 103, 1910
2019-01-25 13:26:13,055 - INFO - fastread - 103, 1920
2019-01-25 13:26:13,065 - INFO - fastread - 103, 1930
2019-01-25 13:26:13,065 - INFO - fastread - 103, 1940
2019-01-25 13:26:13,065 - INFO - fastread - 103, 1950
2019-01-25 13:26:13,073 - INFO - fastread - 103, 1960
2019-01-25 13:26:13,075 - INFO - fastread - 103, 1970
2019-01-25 13:26:13,075 - INFO - fastread - 103, 1980
2019-01-25 13:26:13,083 - INFO - fastread - 103, 1990
2019-01-25 13:26:13,085 - INFO - fastread - 104, 2000
2019-01-25 13:26:13,085 - INFO - fastread - 104, 2010
2019-01-25 13:26:13,093 - INFO - fastread - 104, 2020
2019-01-25 13:26:13,095 - INFO - fastread - 105, 2030
2019-01-25 13:26:13,103 - INFO - fastread - 107, 2040
2019-01-25 13:26:13,105 - INFO - fastread - 108, 2050
2019-01-25 13:26:13,113 - INFO - fastread - 108, 2060
2019-01-25 13:26:13,156 - INFO - fastread - 108, 2070
2019-01-25 13:26:13,156 - INFO - fastread - 108, 2080
2019-01-25 13:26:13,166 - INFO - fastread - 109, 2090
2019-01-25 13:26:13,174 - INFO - fastread - 109, 2100
2019-01-25 13:26:13,176 - INFO - fastread - 110, 2110
2019-01-25 13:26:13,184 - INFO - fastread - 110, 2120
2019-01-25 13:26:13,184 - INFO - fastread - 112, 2130
2019-01-25 13:26:13,194 - INFO - fastread - 112, 2140
2019-01-25 13:26:13,196 - INFO - fastread - 115, 2150
2019-01-25 13:26:13,206 - INFO - fastread - 115, 2160
2019-01-25 13:26:13,214 - INFO - fastread - 116, 2170
2019-01-25 13:26:13,214 - INFO - fastread - 116, 2180
2019-01-25 13:26:13,226 - INFO - fastread - 116, 2190
2019-01-25 13:26:13,226 - INFO - fastread - 116, 2200
2019-01-25 13:26:13,236 - INFO - fastread - 116, 2210
2019-01-25 13:26:13,244 - INFO - fastread - 116, 2220
2019-01-25 13:26:13,246 - INFO - fastread - 116, 2230
2019-01-25 13:26:13,254 - INFO - fastread - 117, 2240
2019-01-25 13:26:13,256 - INFO - fastread - 118, 2250
2019-01-25 13:26:13,264 - INFO - fastread - 118, 2260
2019-01-25 13:26:13,266 - INFO - fastread - 118, 2270
2019-01-25 13:26:13,276 - INFO - fastread - 119, 2280
2019-01-25 13:26:13,276 - INFO - fastread - 119, 2290
2019-01-25 13:26:13,284 - INFO - fastread - 119, 2300
2019-01-25 13:26:13,287 - INFO - fastread - 119, 2310
2019-01-25 13:26:13,295 - INFO - fastread - 119, 2320
2019-01-25 13:26:13,297 - INFO - fastread - 119, 2330
2019-01-25 13:26:13,305 - INFO - fastread - 121, 2340
2019-01-25 13:26:13,307 - INFO - fastread - 121, 2350
2019-01-25 13:26:13,315 - INFO - fastread - 122, 2360
2019-01-25 13:26:13,317 - INFO - fastread - 122, 2370
2019-01-25 13:26:13,325 - INFO - fastread - 122, 2380
2019-01-25 13:26:13,327 - INFO - fastread - 122, 2390
2019-01-25 13:26:13,335 - INFO - fastread - 122, 2400
2019-01-25 13:26:13,337 - INFO - fastread - 122, 2410
2019-01-25 13:26:13,345 - INFO - fastread - 122, 2420
2019-01-25 13:26:13,347 - INFO - fastread - 123, 2430
2019-01-25 13:26:13,347 - INFO - fastread - 123, 2440
2019-01-25 13:26:13,355 - INFO - fastread - 123, 2450
2019-01-25 13:26:13,357 - INFO - fastread - 124, 2460
2019-01-25 13:26:13,365 - INFO - fastread - 124, 2470
2019-01-25 13:26:13,367 - INFO - fastread - 124, 2480
2019-01-25 13:26:13,375 - INFO - fastread - 124, 2490
2019-01-25 13:26:13,377 - INFO - fastread - 124, 2500
2019-01-25 13:26:13,385 - INFO - fastread - 126, 2510
2019-01-25 13:26:13,387 - INFO - fastread - 127, 2520
2019-01-25 13:26:13,387 - INFO - fastread - 127, 2530
2019-01-25 13:26:13,395 - INFO - fastread - 127, 2540
2019-01-25 13:26:13,397 - INFO - fastread - 127, 2550
2019-01-25 13:26:13,397 - INFO - fastread - 128, 2560
2019-01-25 13:26:13,397 - INFO - fastread - 128, 2570
2019-01-25 13:26:13,407 - INFO - fastread - 128, 2580
2019-01-25 13:26:13,407 - INFO - fastread - 128, 2590
2019-01-25 13:26:13,407 - INFO - fastread - 129, 2600
2019-01-25 13:26:13,418 - INFO - fastread - 130, 2610
2019-01-25 13:26:13,418 - INFO - fastread - 130, 2620
2019-01-25 13:26:13,428 - INFO - fastread - 130, 2630
2019-01-25 13:26:13,428 - INFO - fastread - 131, 2640
2019-01-25 13:26:13,438 - INFO - fastread - 131, 2650
2019-01-25 13:26:13,438 - INFO - fastread - 132, 2660
2019-01-25 13:26:13,446 - INFO - fastread - 133, 2670
2019-01-25 13:26:13,448 - INFO - fastread - 133, 2680
2019-01-25 13:26:13,448 - INFO - fastread - 134, 2690
2019-01-25 13:26:13,448 - INFO - fastread - 134, 2700
2019-01-25 13:26:13,458 - INFO - fastread - 135, 2710
2019-01-25 13:26:13,458 - INFO - fastread - 135, 2720
2019-01-25 13:26:13,468 - INFO - fastread - 137, 2730
2019-01-25 13:26:13,468 - INFO - fastread - 137, 2740
2019-01-25 13:26:13,478 - INFO - fastread - 137, 2750
2019-01-25 13:26:13,486 - INFO - fastread - 137, 2760
2019-01-25 13:26:13,488 - INFO - fastread - 137, 2770
2019-01-25 13:26:13,498 - INFO - fastread - 137, 2780
2019-01-25 13:26:13,498 - INFO - fastread - 139, 2790
2019-01-25 13:26:13,508 - INFO - fastread - 139, 2800
2019-01-25 13:26:13,508 - INFO - fastread - 139, 2810
2019-01-25 13:26:13,518 - INFO - fastread - 140, 2820
2019-01-25 13:26:13,526 - INFO - fastread - 140, 2830
2019-01-25 13:26:13,529 - INFO - fastread - 140, 2840
2019-01-25 13:26:13,529 - INFO - fastread - 141, 2850
2019-01-25 13:26:13,539 - INFO - fastread - 141, 2860
2019-01-25 13:26:13,539 - INFO - fastread - 141, 2870
2019-01-25 13:26:13,549 - INFO - fastread - 141, 2880
2019-01-25 13:26:13,549 - INFO - fastread - 141, 2890
2019-01-25 13:26:13,559 - INFO - fastread - 141, 2900
2019-01-25 13:26:13,559 - INFO - fastread - 141, 2910
2019-01-25 13:26:13,569 - INFO - fastread - 142, 2920
2019-01-25 13:26:13,569 - INFO - fastread - 143, 2930
2019-01-25 13:26:13,577 - INFO - fastread - 143, 2940
2019-01-25 13:26:13,579 - INFO - fastread - 143, 2950
2019-01-25 13:26:13,579 - INFO - fastread - 144, 2960
2019-01-25 13:26:13,589 - INFO - fastread - 146, 2970
2019-01-25 13:26:13,589 - INFO - fastread - 146, 2980
2019-01-25 13:26:13,589 - INFO - fastread - 147, 2990
2019-01-25 13:26:13,599 - INFO - fastread - 148, 3000
2019-01-25 13:26:13,599 - INFO - fastread - 148, 3010
2019-01-25 13:26:13,607 - INFO - fastread - 148, 3020
2019-01-25 13:26:13,609 - INFO - fastread - 148, 3030
2019-01-25 13:26:13,617 - INFO - fastread - 148, 3040
2019-01-25 13:26:13,619 - INFO - fastread - 149, 3050
2019-01-25 13:26:13,628 - INFO - fastread - 151, 3060
2019-01-25 13:26:13,635 - INFO - fastread - 152, 3070
2019-01-25 13:26:13,641 - INFO - fastread - 153, 3080
2019-01-25 13:26:13,648 - INFO - fastread - 154, 3090
2019-01-25 13:26:13,651 - INFO - fastread - 154, 3100
2019-01-25 13:26:13,654 - INFO - fastread - 154, 3110
2019-01-25 13:26:13,658 - INFO - fastread - 154, 3120
2019-01-25 13:26:13,665 - INFO - fastread - 154, 3130
2019-01-25 13:26:13,670 - INFO - fastread - 154, 3140
2019-01-25 13:26:13,676 - INFO - fastread - 154, 3150
2019-01-25 13:26:13,683 - INFO - fastread - 154, 3160
2019-01-25 13:26:13,690 - INFO - fastread - 155, 3170
2019-01-25 13:26:13,696 - INFO - fastread - 155, 3180
2019-01-25 13:26:13,699 - INFO - fastread - 155, 3190
2019-01-25 13:26:13,709 - INFO - fastread - 156, 3200
2019-01-25 13:26:13,709 - INFO - fastread - 156, 3210
2019-01-25 13:26:13,719 - INFO - fastread - 156, 3220
2019-01-25 13:26:13,719 - INFO - fastread - 156, 3230
2019-01-25 13:26:13,719 - INFO - fastread - 157, 3240
2019-01-25 13:26:13,727 - INFO - fastread - 157, 3250
2019-01-25 13:26:13,729 - INFO - fastread - 157, 3260
2019-01-25 13:26:13,729 - INFO - fastread - 157, 3270
2019-01-25 13:26:13,729 - INFO - fastread - 159, 3280
2019-01-25 13:26:13,739 - INFO - fastread - 160, 3290
2019-01-25 13:26:13,739 - INFO - fastread - 161, 3300
2019-01-25 13:26:13,747 - INFO - fastread - 161, 3310
2019-01-25 13:26:13,749 - INFO - fastread - 161, 3320
2019-01-25 13:26:13,749 - INFO - fastread - 161, 3330
2019-01-25 13:26:13,757 - INFO - fastread - 161, 3340
2019-01-25 13:26:13,759 - INFO - fastread - 161, 3350
2019-01-25 13:26:13,759 - INFO - fastread - 161, 3360
2019-01-25 13:26:13,769 - INFO - fastread - 162, 3370
2019-01-25 13:26:13,769 - INFO - fastread - 163, 3380
2019-01-25 13:26:13,780 - INFO - fastread - 164, 3390
2019-01-25 13:26:13,780 - INFO - fastread - 164, 3400
2019-01-25 13:26:13,790 - INFO - fastread - 164, 3410
2019-01-25 13:26:13,790 - INFO - fastread - 165, 3420
2019-01-25 13:26:13,798 - INFO - fastread - 166, 3430
2019-01-25 13:26:13,800 - INFO - fastread - 166, 3440
2019-01-25 13:26:13,800 - INFO - fastread - 167, 3450
2019-01-25 13:26:13,800 - INFO - fastread - 167, 3460
2019-01-25 13:26:13,810 - INFO - fastread - 168, 3470
2019-01-25 13:26:13,810 - INFO - fastread - 168, 3480
2019-01-25 13:26:13,818 - INFO - fastread - 170, 3490
2019-01-25 13:26:13,820 - INFO - fastread - 170, 3500
2019-01-25 13:26:13,828 - INFO - fastread - 171, 3510
2019-01-25 13:26:13,830 - INFO - fastread - 171, 3520
2019-01-25 13:26:13,830 - INFO - fastread - 171, 3530
2019-01-25 13:26:13,840 - INFO - fastread - 172, 3540
2019-01-25 13:26:13,840 - INFO - fastread - 172, 3550
2019-01-25 13:26:13,850 - INFO - fastread - 172, 3560
2019-01-25 13:26:13,850 - INFO - fastread - 173, 3570
2019-01-25 13:26:13,860 - INFO - fastread - 173, 3580
2019-01-25 13:26:13,860 - INFO - fastread - 173, 3590
2019-01-25 13:26:13,870 - INFO - fastread - 173, 3600
2019-01-25 13:26:13,870 - INFO - fastread - 174, 3610
2019-01-25 13:26:13,878 - INFO - fastread - 176, 3620
2019-01-25 13:26:13,880 - INFO - fastread - 176, 3630
2019-01-25 13:26:13,888 - INFO - fastread - 177, 3640
2019-01-25 13:26:13,890 - INFO - fastread - 177, 3650
2019-01-25 13:26:13,898 - INFO - fastread - 177, 3660
2019-01-25 13:26:13,900 - INFO - fastread - 177, 3670
2019-01-25 13:26:13,908 - INFO - fastread - 178, 3680
2019-01-25 13:26:13,910 - INFO - fastread - 178, 3690
2019-01-25 13:26:13,910 - INFO - fastread - 178, 3700
2019-01-25 13:26:13,921 - INFO - fastread - 178, 3710
2019-01-25 13:26:13,921 - INFO - fastread - 178, 3720
2019-01-25 13:26:13,931 - INFO - fastread - 178, 3730
2019-01-25 13:26:13,931 - INFO - fastread - 178, 3740
2019-01-25 13:26:13,941 - INFO - fastread - 178, 3750
2019-01-25 13:26:13,941 - INFO - fastread - 178, 3760
2019-01-25 13:26:13,951 - INFO - fastread - 178, 3770
2019-01-25 13:26:13,951 - INFO - fastread - 178, 3780
2019-01-25 13:26:13,961 - INFO - fastread - 178, 3790
2019-01-25 13:26:13,969 - INFO - fastread - 178, 3800
2019-01-25 13:26:13,971 - INFO - fastread - 178, 3810
2019-01-25 13:26:13,971 - INFO - fastread - 179, 3820
2019-01-25 13:26:13,981 - INFO - fastread - 179, 3830
2019-01-25 13:26:13,989 - INFO - fastread - 180, 3840
2019-01-25 13:26:13,991 - INFO - fastread - 180, 3850
2019-01-25 13:26:13,999 - INFO - fastread - 182, 3860
2019-01-25 13:26:14,001 - INFO - fastread - 182, 3870
2019-01-25 13:26:14,001 - INFO - fastread - 182, 3880
2019-01-25 13:26:14,009 - INFO - fastread - 182, 3890
2019-01-25 13:26:14,011 - INFO - fastread - 183, 3900
2019-01-25 13:26:14,011 - INFO - fastread - 183, 3910
2019-01-25 13:26:14,019 - INFO - fastread - 183, 3920
2019-01-25 13:26:14,021 - INFO - fastread - 183, 3930
2019-01-25 13:26:14,021 - INFO - fastread - 184, 3940
2019-01-25 13:26:14,021 - INFO - fastread - 185, 3950
2019-01-25 13:26:14,031 - INFO - fastread - 186, 3960
2019-01-25 13:26:14,031 - INFO - fastread - 186, 3970
2019-01-25 13:26:14,031 - INFO - fastread - 187, 3980
2019-01-25 13:26:14,042 - INFO - fastread - 189, 3990
2019-01-25 13:26:14,050 - INFO - fastread - 189, 4000
2019-01-25 13:26:14,052 - INFO - fastread - 189, 4010
2019-01-25 13:26:14,062 - INFO - fastread - 191, 4020
2019-01-25 13:26:14,062 - INFO - fastread - 191, 4030
2019-01-25 13:26:14,070 - INFO - fastread - 192, 4040
2019-01-25 13:26:14,072 - INFO - fastread - 192, 4050
2019-01-25 13:26:14,072 - INFO - fastread - 192, 4060
2019-01-25 13:26:14,082 - INFO - fastread - 192, 4070
2019-01-25 13:26:14,082 - INFO - fastread - 194, 4080
2019-01-25 13:26:14,090 - INFO - fastread - 194, 4090
2019-01-25 13:26:14,092 - INFO - fastread - 194, 4100
2019-01-25 13:26:14,092 - INFO - fastread - 194, 4110
2019-01-25 13:26:14,102 - INFO - fastread - 195, 4120
2019-01-25 13:26:14,102 - INFO - fastread - 195, 4130
2019-01-25 13:26:14,112 - INFO - fastread - 195, 4140
2019-01-25 13:26:14,112 - INFO - fastread - 195, 4150
2019-01-25 13:26:14,122 - INFO - fastread - 195, 4160
2019-01-25 13:26:14,122 - INFO - fastread - 196, 4170
2019-01-25 13:26:14,122 - INFO - fastread - 197, 4180
2019-01-25 13:26:14,132 - INFO - fastread - 199, 4190
2019-01-25 13:26:14,161 - INFO - rig - ++++NEW CLF++++ SVM
2019-01-25 13:26:14,163 - INFO - fastread - Total Yes: 209 | Total No: 4199
2019-01-25 13:34:59,242 - INFO - fastread - 10, 10
2019-01-25 13:34:59,248 - INFO - fastread - 19, 20
2019-01-25 13:34:59,251 - INFO - fastread - 27, 30
2019-01-25 13:34:59,254 - INFO - fastread - 37, 40
2019-01-25 13:34:59,257 - INFO - fastread - 46, 50
2019-01-25 13:34:59,261 - INFO - fastread - 54, 60
2019-01-25 13:34:59,265 - INFO - fastread - 61, 70
2019-01-25 13:34:59,268 - INFO - fastread - 66, 80
2019-01-25 13:34:59,271 - INFO - fastread - 72, 90
2019-01-25 13:34:59,276 - INFO - fastread - 77, 100
2019-01-25 13:34:59,279 - INFO - fastread - 78, 110
2019-01-25 13:34:59,283 - INFO - fastread - 84, 120
2019-01-25 13:34:59,287 - INFO - fastread - 92, 130
2019-01-25 13:34:59,290 - INFO - fastread - 98, 140
2019-01-25 13:34:59,293 - INFO - fastread - 102, 150
2019-01-25 13:34:59,296 - INFO - fastread - 104, 160
2019-01-25 13:34:59,300 - INFO - fastread - 106, 170
2019-01-25 13:34:59,304 - INFO - fastread - 109, 180
2019-01-25 13:34:59,308 - INFO - fastread - 112, 190
2019-01-25 13:34:59,313 - INFO - fastread - 116, 200
2019-01-25 13:34:59,316 - INFO - fastread - 120, 210
2019-01-25 13:34:59,319 - INFO - fastread - 121, 220
2019-01-25 13:34:59,322 - INFO - fastread - 122, 230
2019-01-25 13:34:59,326 - INFO - fastread - 122, 240
2019-01-25 13:34:59,330 - INFO - fastread - 123, 250
2019-01-25 13:34:59,334 - INFO - fastread - 123, 260
2019-01-25 13:34:59,339 - INFO - fastread - 123, 270
2019-01-25 13:34:59,344 - INFO - fastread - 126, 280
2019-01-25 13:34:59,349 - INFO - fastread - 126, 290
2019-01-25 13:34:59,353 - INFO - fastread - 126, 300
2019-01-25 13:34:59,356 - INFO - fastread - 126, 310
2019-01-25 13:34:59,359 - INFO - fastread - 126, 320
2019-01-25 13:34:59,364 - INFO - fastread - 126, 330
2019-01-25 13:34:59,369 - INFO - fastread - 126, 340
2019-01-25 13:34:59,373 - INFO - fastread - 126, 350
2019-01-25 13:34:59,378 - INFO - fastread - 126, 360
2019-01-25 13:34:59,381 - INFO - fastread - 126, 370
2019-01-25 13:34:59,385 - INFO - fastread - 126, 380
2019-01-25 13:34:59,390 - INFO - fastread - 126, 390
2019-01-25 13:34:59,395 - INFO - fastread - 126, 400
2019-01-25 13:34:59,398 - INFO - fastread - 126, 410
2019-01-25 13:34:59,402 - INFO - fastread - 126, 420
2019-01-25 13:34:59,405 - INFO - fastread - 126, 430
2019-01-25 13:34:59,408 - INFO - fastread - 126, 440
2019-01-25 13:34:59,410 - INFO - fastread - 126, 450
2019-01-25 13:34:59,414 - INFO - fastread - 126, 460
2019-01-25 13:34:59,418 - INFO - fastread - 126, 470
2019-01-25 13:34:59,422 - INFO - fastread - 126, 480
2019-01-25 13:34:59,425 - INFO - fastread - 126, 490
2019-01-25 13:34:59,428 - INFO - fastread - 126, 500
2019-01-25 13:34:59,432 - INFO - fastread - 126, 510
2019-01-25 13:34:59,436 - INFO - fastread - 126, 520
2019-01-25 13:34:59,439 - INFO - fastread - 127, 530
2019-01-25 13:34:59,444 - INFO - fastread - 127, 540
2019-01-25 13:34:59,449 - INFO - fastread - 127, 550
2019-01-25 13:34:59,454 - INFO - fastread - 127, 560
2019-01-25 13:34:59,459 - INFO - fastread - 127, 570
2019-01-25 13:34:59,463 - INFO - fastread - 127, 580
2019-01-25 13:34:59,468 - INFO - fastread - 127, 590
2019-01-25 13:34:59,473 - INFO - fastread - 127, 600
2019-01-25 13:34:59,478 - INFO - fastread - 127, 610
2019-01-25 13:34:59,483 - INFO - fastread - 127, 620
2019-01-25 13:34:59,487 - INFO - fastread - 127, 630
2019-01-25 13:34:59,492 - INFO - fastread - 127, 640
2019-01-25 13:34:59,497 - INFO - fastread - 127, 650
2019-01-25 13:34:59,502 - INFO - fastread - 127, 660
2019-01-25 13:34:59,506 - INFO - fastread - 127, 670
2019-01-25 13:34:59,511 - INFO - fastread - 127, 680
2019-01-25 13:34:59,514 - INFO - fastread - 127, 690
2019-01-25 13:34:59,518 - INFO - fastread - 127, 700
2019-01-25 13:34:59,522 - INFO - fastread - 127, 710
2019-01-25 13:34:59,526 - INFO - fastread - 127, 720
2019-01-25 13:34:59,529 - INFO - fastread - 127, 730
2019-01-25 13:34:59,532 - INFO - fastread - 127, 740
2019-01-25 13:34:59,535 - INFO - fastread - 128, 750
2019-01-25 13:34:59,539 - INFO - fastread - 128, 760
2019-01-25 13:34:59,544 - INFO - fastread - 128, 770
2019-01-25 13:34:59,549 - INFO - fastread - 128, 780
2019-01-25 13:34:59,552 - INFO - fastread - 128, 790
2019-01-25 13:34:59,555 - INFO - fastread - 128, 800
2019-01-25 13:34:59,559 - INFO - fastread - 128, 810
2019-01-25 13:34:59,563 - INFO - fastread - 128, 820
2019-01-25 13:34:59,566 - INFO - fastread - 128, 830
2019-01-25 13:34:59,569 - INFO - fastread - 128, 840
2019-01-25 13:34:59,573 - INFO - fastread - 128, 850
2019-01-25 13:34:59,576 - INFO - fastread - 128, 860
2019-01-25 13:34:59,579 - INFO - fastread - 128, 870
2019-01-25 13:34:59,583 - INFO - fastread - 128, 880
2019-01-25 13:34:59,588 - INFO - fastread - 128, 890
2019-01-25 13:34:59,593 - INFO - fastread - 128, 900
2019-01-25 13:34:59,597 - INFO - fastread - 128, 910
2019-01-25 13:34:59,600 - INFO - fastread - 128, 920
2019-01-25 13:34:59,603 - INFO - fastread - 128, 930
2019-01-25 13:34:59,608 - INFO - fastread - 128, 940
2019-01-25 13:34:59,613 - INFO - fastread - 128, 950
2019-01-25 13:34:59,618 - INFO - fastread - 128, 960
2019-01-25 13:34:59,622 - INFO - fastread - 128, 970
2019-01-25 13:34:59,626 - INFO - fastread - 128, 980
2019-01-25 13:34:59,630 - INFO - fastread - 131, 990
2019-01-25 13:34:59,635 - INFO - fastread - 141, 1000
2019-01-25 13:34:59,640 - INFO - fastread - 151, 1010
2019-01-25 13:34:59,644 - INFO - fastread - 161, 1020
2019-01-25 13:34:59,647 - INFO - fastread - 171, 1030
2019-01-25 13:34:59,650 - INFO - fastread - 181, 1040
2019-01-25 13:34:59,654 - INFO - fastread - 189, 1050
2019-01-25 13:34:59,658 - INFO - fastread - 189, 1060
2019-01-25 13:34:59,663 - INFO - fastread - 189, 1070
2019-01-25 13:34:59,668 - INFO - fastread - 189, 1080
2019-01-25 13:34:59,674 - INFO - fastread - 189, 1090
2019-01-25 13:34:59,680 - INFO - fastread - 189, 1100
2019-01-25 13:34:59,685 - INFO - fastread - 189, 1110
2019-01-25 13:34:59,690 - INFO - fastread - 190, 1120
2019-01-25 13:34:59,693 - INFO - fastread - 190, 1130
2019-01-25 13:34:59,697 - INFO - fastread - 190, 1140
2019-01-25 13:34:59,702 - INFO - fastread - 190, 1150
2019-01-25 13:34:59,707 - INFO - fastread - 190, 1160
2019-01-25 13:34:59,712 - INFO - fastread - 190, 1170
2019-01-25 13:34:59,716 - INFO - fastread - 190, 1180
2019-01-25 13:34:59,719 - INFO - fastread - 190, 1190
2019-01-25 13:34:59,721 - INFO - fastread - 190, 1200
2019-01-25 13:34:59,724 - INFO - fastread - 190, 1210
2019-01-25 13:34:59,729 - INFO - fastread - 190, 1220
2019-01-25 13:34:59,734 - INFO - fastread - 190, 1230
2019-01-25 13:34:59,738 - INFO - fastread - 190, 1240
2019-01-25 13:34:59,744 - INFO - fastread - 190, 1250
2019-01-25 13:34:59,749 - INFO - fastread - 190, 1260
2019-01-25 13:34:59,754 - INFO - fastread - 190, 1270
2019-01-25 13:34:59,759 - INFO - fastread - 190, 1280
2019-01-25 13:34:59,763 - INFO - fastread - 190, 1290
2019-01-25 13:34:59,766 - INFO - fastread - 190, 1300
2019-01-25 13:34:59,771 - INFO - fastread - 192, 1310
2019-01-25 13:34:59,776 - INFO - fastread - 194, 1320
2019-01-25 13:34:59,781 - INFO - fastread - 194, 1330
2019-01-25 13:34:59,783 - INFO - fastread - 194, 1340
2019-01-25 13:34:59,787 - INFO - fastread - 194, 1350
2019-01-25 13:34:59,790 - INFO - fastread - 194, 1360
2019-01-25 13:34:59,794 - INFO - fastread - 194, 1370
2019-01-25 13:34:59,798 - INFO - fastread - 194, 1380
2019-01-25 13:34:59,801 - INFO - fastread - 194, 1390
2019-01-25 13:34:59,805 - INFO - fastread - 194, 1400
2019-01-25 13:34:59,809 - INFO - fastread - 194, 1410
2019-01-25 13:34:59,814 - INFO - fastread - 194, 1420
2019-01-25 13:34:59,819 - INFO - fastread - 194, 1430
2019-01-25 13:34:59,824 - INFO - fastread - 194, 1440
2019-01-25 13:34:59,829 - INFO - fastread - 194, 1450
2019-01-25 13:34:59,834 - INFO - fastread - 194, 1460
2019-01-25 13:34:59,838 - INFO - fastread - 194, 1470
2019-01-25 13:34:59,841 - INFO - fastread - 194, 1480
2019-01-25 13:34:59,845 - INFO - fastread - 194, 1490
2019-01-25 13:34:59,850 - INFO - fastread - 194, 1500
2019-01-25 13:34:59,854 - INFO - fastread - 194, 1510
2019-01-25 13:34:59,859 - INFO - fastread - 196, 1520
2019-01-25 13:34:59,864 - INFO - fastread - 196, 1530
2019-01-25 13:34:59,868 - INFO - fastread - 196, 1540
2019-01-25 13:34:59,872 - INFO - fastread - 196, 1550
2019-01-25 13:34:59,875 - INFO - fastread - 196, 1560
2019-01-25 13:34:59,878 - INFO - fastread - 196, 1570
2019-01-25 13:34:59,882 - INFO - fastread - 196, 1580
2019-01-25 13:34:59,887 - INFO - fastread - 196, 1590
2019-01-25 13:34:59,892 - INFO - fastread - 196, 1600
2019-01-25 13:34:59,897 - INFO - fastread - 196, 1610
2019-01-25 13:34:59,902 - INFO - fastread - 196, 1620
2019-01-25 13:34:59,906 - INFO - fastread - 196, 1630
2019-01-25 13:34:59,911 - INFO - fastread - 196, 1640
2019-01-25 13:34:59,915 - INFO - fastread - 196, 1650
2019-01-25 13:34:59,918 - INFO - fastread - 196, 1660
2019-01-25 13:34:59,921 - INFO - fastread - 196, 1670
2019-01-25 13:34:59,926 - INFO - fastread - 196, 1680
2019-01-25 13:34:59,931 - INFO - fastread - 196, 1690
2019-01-25 13:34:59,934 - INFO - fastread - 196, 1700
2019-01-25 13:34:59,939 - INFO - fastread - 196, 1710
2019-01-25 13:34:59,944 - INFO - fastread - 196, 1720
2019-01-25 13:34:59,949 - INFO - fastread - 196, 1730
2019-01-25 13:34:59,954 - INFO - fastread - 196, 1740
2019-01-25 13:34:59,959 - INFO - fastread - 196, 1750
2019-01-25 13:34:59,964 - INFO - fastread - 196, 1760
2019-01-25 13:34:59,969 - INFO - fastread - 196, 1770
2019-01-25 13:34:59,974 - INFO - fastread - 196, 1780
2019-01-25 13:34:59,979 - INFO - fastread - 196, 1790
2019-01-25 13:34:59,982 - INFO - fastread - 196, 1800
2019-01-25 13:34:59,985 - INFO - fastread - 196, 1810
2019-01-25 13:34:59,988 - INFO - fastread - 196, 1820
2019-01-25 13:34:59,992 - INFO - fastread - 196, 1830
2019-01-25 13:34:59,995 - INFO - fastread - 196, 1840
2019-01-25 13:35:00,000 - INFO - fastread - 196, 1850
2019-01-25 13:35:00,005 - INFO - fastread - 196, 1860
2019-01-25 13:35:00,012 - INFO - fastread - 196, 1870
2019-01-25 13:35:00,017 - INFO - fastread - 196, 1880
2019-01-25 13:35:00,020 - INFO - fastread - 196, 1890
2019-01-25 13:35:00,024 - INFO - fastread - 196, 1900
2019-01-25 13:35:00,027 - INFO - fastread - 196, 1910
2019-01-25 13:35:00,031 - INFO - fastread - 196, 1920
2019-01-25 13:35:00,034 - INFO - fastread - 196, 1930
2019-01-25 13:35:00,038 - INFO - fastread - 196, 1940
2019-01-25 13:35:00,043 - INFO - fastread - 196, 1950
2019-01-25 13:35:00,048 - INFO - fastread - 196, 1960
2019-01-25 13:35:00,054 - INFO - fastread - 196, 1970
2019-01-25 13:35:00,059 - INFO - fastread - 196, 1980
2019-01-25 13:35:00,063 - INFO - fastread - 196, 1990
2019-01-25 13:35:00,068 - INFO - fastread - 196, 2000
2019-01-25 13:35:00,073 - INFO - fastread - 196, 2010
2019-01-25 13:35:00,076 - INFO - fastread - 196, 2020
2019-01-25 13:35:00,081 - INFO - fastread - 196, 2030
2019-01-25 13:35:00,086 - INFO - fastread - 196, 2040
2019-01-25 13:35:00,092 - INFO - fastread - 196, 2050
2019-01-25 13:35:00,097 - INFO - fastread - 196, 2060
2019-01-25 13:35:00,103 - INFO - fastread - 196, 2070
2019-01-25 13:35:00,106 - INFO - fastread - 196, 2080
2019-01-25 13:35:00,109 - INFO - fastread - 196, 2090
2019-01-25 13:35:00,112 - INFO - fastread - 196, 2100
2019-01-25 13:35:00,116 - INFO - fastread - 196, 2110
2019-01-25 13:35:00,119 - INFO - fastread - 196, 2120
2019-01-25 13:35:00,123 - INFO - fastread - 196, 2130
2019-01-25 13:35:00,129 - INFO - fastread - 196, 2140
2019-01-25 13:35:00,133 - INFO - fastread - 196, 2150
2019-01-25 13:35:00,137 - INFO - fastread - 196, 2160
2019-01-25 13:35:00,141 - INFO - fastread - 196, 2170
2019-01-25 13:35:00,144 - INFO - fastread - 197, 2180
2019-01-25 13:35:00,148 - INFO - fastread - 197, 2190
2019-01-25 13:35:00,153 - INFO - fastread - 197, 2200
2019-01-25 13:35:00,158 - INFO - fastread - 197, 2210
2019-01-25 13:35:00,161 - INFO - fastread - 197, 2220
2019-01-25 13:35:00,166 - INFO - fastread - 197, 2230
2019-01-25 13:35:00,171 - INFO - fastread - 197, 2240
2019-01-25 13:35:00,177 - INFO - fastread - 197, 2250
2019-01-25 13:35:00,182 - INFO - fastread - 197, 2260
2019-01-25 13:35:00,186 - INFO - fastread - 197, 2270
2019-01-25 13:35:00,189 - INFO - fastread - 197, 2280
2019-01-25 13:35:00,193 - INFO - fastread - 197, 2290
2019-01-25 13:35:00,198 - INFO - fastread - 197, 2300
2019-01-25 13:35:00,203 - INFO - fastread - 197, 2310
2019-01-25 13:35:00,208 - INFO - fastread - 197, 2320
2019-01-25 13:35:00,213 - INFO - fastread - 197, 2330
2019-01-25 13:35:00,218 - INFO - fastread - 197, 2340
2019-01-25 13:35:00,222 - INFO - fastread - 197, 2350
2019-01-25 13:35:00,226 - INFO - fastread - 197, 2360
2019-01-25 13:35:00,229 - INFO - fastread - 197, 2370
2019-01-25 13:35:00,233 - INFO - fastread - 197, 2380
2019-01-25 13:35:00,237 - INFO - fastread - 197, 2390
2019-01-25 13:35:00,242 - INFO - fastread - 197, 2400
2019-01-25 13:35:00,247 - INFO - fastread - 197, 2410
2019-01-25 13:35:00,252 - INFO - fastread - 197, 2420
2019-01-25 13:35:00,255 - INFO - fastread - 197, 2430
2019-01-25 13:35:00,259 - INFO - fastread - 197, 2440
2019-01-25 13:35:00,262 - INFO - fastread - 197, 2450
2019-01-25 13:35:00,266 - INFO - fastread - 197, 2460
2019-01-25 13:35:00,269 - INFO - fastread - 197, 2470
2019-01-25 13:35:00,273 - INFO - fastread - 197, 2480
2019-01-25 13:35:00,276 - INFO - fastread - 197, 2490
2019-01-25 13:35:00,281 - INFO - fastread - 197, 2500
2019-01-25 13:35:00,286 - INFO - fastread - 197, 2510
2019-01-25 13:35:00,289 - INFO - fastread - 197, 2520
2019-01-25 13:35:00,292 - INFO - fastread - 197, 2530
2019-01-25 13:35:00,296 - INFO - fastread - 197, 2540
2019-01-25 13:35:00,299 - INFO - fastread - 197, 2550
2019-01-25 13:35:00,304 - INFO - fastread - 197, 2560
2019-01-25 13:35:00,309 - INFO - fastread - 197, 2570
2019-01-25 13:35:00,314 - INFO - fastread - 197, 2580
2019-01-25 13:35:00,319 - INFO - fastread - 197, 2590
2019-01-25 13:35:00,324 - INFO - fastread - 197, 2600
2019-01-25 13:35:00,327 - INFO - fastread - 197, 2610
2019-01-25 13:35:00,331 - INFO - fastread - 197, 2620
2019-01-25 13:35:00,334 - INFO - fastread - 197, 2630
2019-01-25 13:35:00,337 - INFO - fastread - 197, 2640
2019-01-25 13:35:00,341 - INFO - fastread - 197, 2650
2019-01-25 13:35:00,344 - INFO - fastread - 197, 2660
2019-01-25 13:35:00,348 - INFO - fastread - 197, 2670
2019-01-25 13:35:00,352 - INFO - fastread - 197, 2680
2019-01-25 13:35:00,355 - INFO - fastread - 197, 2690
2019-01-25 13:35:00,358 - INFO - fastread - 197, 2700
2019-01-25 13:35:00,362 - INFO - fastread - 197, 2710
2019-01-25 13:35:00,366 - INFO - fastread - 197, 2720
2019-01-25 13:35:00,371 - INFO - fastread - 197, 2730
2019-01-25 13:35:00,376 - INFO - fastread - 197, 2740
2019-01-25 13:35:00,381 - INFO - fastread - 197, 2750
2019-01-25 13:35:00,385 - INFO - fastread - 197, 2760
2019-01-25 13:35:00,388 - INFO - fastread - 197, 2770
2019-01-25 13:35:00,391 - INFO - fastread - 197, 2780
2019-01-25 13:35:00,395 - INFO - fastread - 197, 2790
2019-01-25 13:35:00,400 - INFO - fastread - 197, 2800
2019-01-25 13:35:00,405 - INFO - fastread - 197, 2810
2019-01-25 13:35:00,410 - INFO - fastread - 197, 2820
2019-01-25 13:35:00,414 - INFO - fastread - 197, 2830
2019-01-25 13:35:00,417 - INFO - fastread - 197, 2840
2019-01-25 13:35:00,420 - INFO - fastread - 197, 2850
2019-01-25 13:35:00,424 - INFO - fastread - 197, 2860
2019-01-25 13:35:00,427 - INFO - fastread - 197, 2870
2019-01-25 13:35:00,432 - INFO - fastread - 197, 2880
2019-01-25 13:35:00,438 - INFO - fastread - 197, 2890
2019-01-25 13:35:00,442 - INFO - fastread - 197, 2900
2019-01-25 13:35:00,446 - INFO - fastread - 197, 2910
2019-01-25 13:35:00,451 - INFO - fastread - 197, 2920
2019-01-25 13:35:00,454 - INFO - fastread - 197, 2930
2019-01-25 13:35:00,459 - INFO - fastread - 197, 2940
2019-01-25 13:35:00,466 - INFO - fastread - 197, 2950
2019-01-25 13:35:00,471 - INFO - fastread - 197, 2960
2019-01-25 13:35:00,476 - INFO - fastread - 197, 2970
2019-01-25 13:35:00,482 - INFO - fastread - 197, 2980
2019-01-25 13:35:00,487 - INFO - fastread - 197, 2990
2019-01-25 13:35:00,491 - INFO - fastread - 197, 3000
2019-01-25 13:35:00,494 - INFO - fastread - 197, 3010
2019-01-25 13:35:00,498 - INFO - fastread - 197, 3020
2019-01-25 13:35:00,504 - INFO - fastread - 197, 3030
2019-01-25 13:35:00,509 - INFO - fastread - 197, 3040
2019-01-25 13:35:00,514 - INFO - fastread - 197, 3050
2019-01-25 13:35:00,519 - INFO - fastread - 197, 3060
2019-01-25 13:35:00,525 - INFO - fastread - 197, 3070
2019-01-25 13:35:00,530 - INFO - fastread - 197, 3080
2019-01-25 13:35:00,534 - INFO - fastread - 197, 3090
2019-01-25 13:35:00,540 - INFO - fastread - 197, 3100
2019-01-25 13:35:00,545 - INFO - fastread - 197, 3110
2019-01-25 13:35:00,551 - INFO - fastread - 197, 3120
2019-01-25 13:35:00,557 - INFO - fastread - 197, 3130
2019-01-25 13:35:00,562 - INFO - fastread - 197, 3140
2019-01-25 13:35:00,567 - INFO - fastread - 197, 3150
2019-01-25 13:35:00,573 - INFO - fastread - 197, 3160
2019-01-25 13:35:00,578 - INFO - fastread - 197, 3170
2019-01-25 13:35:00,584 - INFO - fastread - 197, 3180
2019-01-25 13:35:00,588 - INFO - fastread - 197, 3190
2019-01-25 13:35:00,592 - INFO - fastread - 197, 3200
2019-01-25 13:35:00,595 - INFO - fastread - 197, 3210
2019-01-25 13:35:00,600 - INFO - fastread - 197, 3220
2019-01-25 13:35:00,605 - INFO - fastread - 197, 3230
2019-01-25 13:35:00,609 - INFO - fastread - 197, 3240
2019-01-25 13:35:00,614 - INFO - fastread - 197, 3250
2019-01-25 13:35:00,619 - INFO - fastread - 197, 3260
2019-01-25 13:35:00,625 - INFO - fastread - 197, 3270
2019-01-25 13:35:00,631 - INFO - fastread - 197, 3280
2019-01-25 13:35:00,636 - INFO - fastread - 198, 3290
2019-01-25 13:35:00,642 - INFO - fastread - 198, 3300
2019-01-25 13:35:00,648 - INFO - fastread - 198, 3310
2019-01-25 13:35:00,652 - INFO - fastread - 198, 3320
2019-01-25 13:35:00,656 - INFO - fastread - 198, 3330
2019-01-25 13:35:00,661 - INFO - fastread - 198, 3340
2019-01-25 13:35:00,667 - INFO - fastread - 199, 3350
2019-01-25 13:35:00,685 - INFO - rig - ++++NEW CLF++++ DT
2019-01-25 13:35:00,686 - INFO - fastread - Total Yes: 209 | Total No: 4199
2019-01-25 13:35:14,888 - INFO - fastread - 6, 10
2019-01-25 13:35:14,895 - INFO - fastread - 15, 20
2019-01-25 13:35:14,898 - INFO - fastread - 22, 30
2019-01-25 13:35:14,901 - INFO - fastread - 27, 40
2019-01-25 13:35:14,903 - INFO - fastread - 33, 50
2019-01-25 13:35:14,906 - INFO - fastread - 37, 60
2019-01-25 13:35:14,911 - INFO - fastread - 44, 70
2019-01-25 13:35:14,915 - INFO - fastread - 51, 80
2019-01-25 13:35:14,920 - INFO - fastread - 57, 90
2019-01-25 13:35:14,924 - INFO - fastread - 63, 100
2019-01-25 13:35:14,929 - INFO - fastread - 72, 110
2019-01-25 13:35:14,933 - INFO - fastread - 80, 120
2019-01-25 13:35:14,938 - INFO - fastread - 87, 130
2019-01-25 13:35:14,942 - INFO - fastread - 93, 140
2019-01-25 13:35:14,947 - INFO - fastread - 99, 150
2019-01-25 13:35:14,951 - INFO - fastread - 99, 160
2019-01-25 13:35:14,956 - INFO - fastread - 99, 170
2019-01-25 13:35:14,960 - INFO - fastread - 100, 180
2019-01-25 13:35:14,964 - INFO - fastread - 101, 190
2019-01-25 13:35:14,968 - INFO - fastread - 101, 200
2019-01-25 13:35:14,972 - INFO - fastread - 101, 210
2019-01-25 13:35:14,976 - INFO - fastread - 101, 220
2019-01-25 13:35:14,980 - INFO - fastread - 102, 230
2019-01-25 13:35:14,984 - INFO - fastread - 104, 240
2019-01-25 13:35:14,988 - INFO - fastread - 104, 250
2019-01-25 13:35:14,992 - INFO - fastread - 104, 260
2019-01-25 13:35:14,996 - INFO - fastread - 104, 270
2019-01-25 13:35:15,000 - INFO - fastread - 104, 280
2019-01-25 13:35:15,004 - INFO - fastread - 104, 290
2019-01-25 13:35:15,008 - INFO - fastread - 104, 300
2019-01-25 13:35:15,012 - INFO - fastread - 104, 310
2019-01-25 13:35:15,016 - INFO - fastread - 104, 320
2019-01-25 13:35:15,019 - INFO - fastread - 104, 330
2019-01-25 13:35:15,022 - INFO - fastread - 104, 340
2019-01-25 13:35:15,025 - INFO - fastread - 104, 350
2019-01-25 13:35:15,027 - INFO - fastread - 104, 360
2019-01-25 13:35:15,030 - INFO - fastread - 104, 370
2019-01-25 13:35:15,033 - INFO - fastread - 104, 380
2019-01-25 13:35:15,036 - INFO - fastread - 104, 390
2019-01-25 13:35:15,038 - INFO - fastread - 104, 400
2019-01-25 13:35:15,041 - INFO - fastread - 104, 410
2019-01-25 13:35:15,043 - INFO - fastread - 104, 420
2019-01-25 13:35:15,046 - INFO - fastread - 104, 430
2019-01-25 13:35:15,049 - INFO - fastread - 104, 440
2019-01-25 13:35:15,051 - INFO - fastread - 105, 450
2019-01-25 13:35:15,054 - INFO - fastread - 105, 460
2019-01-25 13:35:15,058 - INFO - fastread - 105, 470
2019-01-25 13:35:15,062 - INFO - fastread - 106, 480
2019-01-25 13:35:15,065 - INFO - fastread - 106, 490
2019-01-25 13:35:15,068 - INFO - fastread - 106, 500
2019-01-25 13:35:15,071 - INFO - fastread - 106, 510
2019-01-25 13:35:15,074 - INFO - fastread - 106, 520
2019-01-25 13:35:15,077 - INFO - fastread - 107, 530
2019-01-25 13:35:15,080 - INFO - fastread - 107, 540
2019-01-25 13:35:15,083 - INFO - fastread - 107, 550
2019-01-25 13:35:15,086 - INFO - fastread - 107, 560
2019-01-25 13:35:15,089 - INFO - fastread - 107, 570
2019-01-25 13:35:15,092 - INFO - fastread - 107, 580
2019-01-25 13:35:15,095 - INFO - fastread - 107, 590
2019-01-25 13:35:15,098 - INFO - fastread - 107, 600
2019-01-25 13:35:15,102 - INFO - fastread - 107, 610
2019-01-25 13:35:15,106 - INFO - fastread - 107, 620
2019-01-25 13:35:15,110 - INFO - fastread - 107, 630
2019-01-25 13:35:15,114 - INFO - fastread - 107, 640
2019-01-25 13:35:15,118 - INFO - fastread - 107, 650
2019-01-25 13:35:15,122 - INFO - fastread - 108, 660
2019-01-25 13:35:15,126 - INFO - fastread - 108, 670
2019-01-25 13:35:15,131 - INFO - fastread - 108, 680
2019-01-25 13:35:15,136 - INFO - fastread - 109, 690
2019-01-25 13:35:15,140 - INFO - fastread - 109, 700
2019-01-25 13:35:15,145 - INFO - fastread - 109, 710
2019-01-25 13:35:15,150 - INFO - fastread - 109, 720
2019-01-25 13:35:15,155 - INFO - fastread - 109, 730
2019-01-25 13:35:15,157 - INFO - fastread - 109, 740
2019-01-25 13:35:15,160 - INFO - fastread - 109, 750
2019-01-25 13:35:15,164 - INFO - fastread - 109, 760
2019-01-25 13:35:15,169 - INFO - fastread - 109, 770
2019-01-25 13:35:15,173 - INFO - fastread - 110, 780
2019-01-25 13:35:15,178 - INFO - fastread - 110, 790
2019-01-25 13:35:15,183 - INFO - fastread - 110, 800
2019-01-25 13:35:15,187 - INFO - fastread - 111, 810
2019-01-25 13:35:15,191 - INFO - fastread - 111, 820
2019-01-25 13:35:15,194 - INFO - fastread - 111, 830
2019-01-25 13:35:15,198 - INFO - fastread - 111, 840
2019-01-25 13:35:15,201 - INFO - fastread - 111, 850
2019-01-25 13:35:15,203 - INFO - fastread - 111, 860
2019-01-25 13:35:15,206 - INFO - fastread - 111, 870
2019-01-25 13:35:15,209 - INFO - fastread - 111, 880
2019-01-25 13:35:15,212 - INFO - fastread - 112, 890
2019-01-25 13:35:15,215 - INFO - fastread - 112, 900
2019-01-25 13:35:15,218 - INFO - fastread - 113, 910
2019-01-25 13:35:15,221 - INFO - fastread - 113, 920
2019-01-25 13:35:15,223 - INFO - fastread - 113, 930
2019-01-25 13:35:15,226 - INFO - fastread - 114, 940
2019-01-25 13:35:15,231 - INFO - fastread - 116, 950
2019-01-25 13:35:15,235 - INFO - fastread - 116, 960
2019-01-25 13:35:15,240 - INFO - fastread - 116, 970
2019-01-25 13:35:15,244 - INFO - fastread - 116, 980
2019-01-25 13:35:15,247 - INFO - fastread - 117, 990
2019-01-25 13:35:15,250 - INFO - fastread - 117, 1000
2019-01-25 13:35:15,253 - INFO - fastread - 117, 1010
2019-01-25 13:35:15,256 - INFO - fastread - 117, 1020
2019-01-25 13:35:15,260 - INFO - fastread - 117, 1030
2019-01-25 13:35:15,264 - INFO - fastread - 117, 1040
2019-01-25 13:35:15,269 - INFO - fastread - 117, 1050
2019-01-25 13:35:15,274 - INFO - fastread - 117, 1060
2019-01-25 13:35:15,277 - INFO - fastread - 117, 1070
2019-01-25 13:35:15,282 - INFO - fastread - 117, 1080
2019-01-25 13:35:15,287 - INFO - fastread - 117, 1090
2019-01-25 13:35:15,292 - INFO - fastread - 117, 1100
2019-01-25 13:35:15,296 - INFO - fastread - 117, 1110
2019-01-25 13:35:15,299 - INFO - fastread - 117, 1120
2019-01-25 13:35:15,302 - INFO - fastread - 117, 1130
2019-01-25 13:35:15,305 - INFO - fastread - 117, 1140
2019-01-25 13:35:15,308 - INFO - fastread - 119, 1150
2019-01-25 13:35:15,311 - INFO - fastread - 120, 1160
2019-01-25 13:35:15,314 - INFO - fastread - 120, 1170
2019-01-25 13:35:15,317 - INFO - fastread - 120, 1180
2019-01-25 13:35:15,320 - INFO - fastread - 120, 1190
2019-01-25 13:35:15,323 - INFO - fastread - 120, 1200
2019-01-25 13:35:15,328 - INFO - fastread - 120, 1210
2019-01-25 13:35:15,333 - INFO - fastread - 120, 1220
2019-01-25 13:35:15,338 - INFO - fastread - 121, 1230
2019-01-25 13:35:15,343 - INFO - fastread - 121, 1240
2019-01-25 13:35:15,348 - INFO - fastread - 121, 1250
2019-01-25 13:35:15,353 - INFO - fastread - 121, 1260
2019-01-25 13:35:15,358 - INFO - fastread - 122, 1270
2019-01-25 13:35:15,363 - INFO - fastread - 122, 1280
2019-01-25 13:35:15,367 - INFO - fastread - 122, 1290
2019-01-25 13:35:15,372 - INFO - fastread - 122, 1300
2019-01-25 13:35:15,377 - INFO - fastread - 122, 1310
2019-01-25 13:35:15,382 - INFO - fastread - 122, 1320
2019-01-25 13:35:15,386 - INFO - fastread - 123, 1330
2019-01-25 13:35:15,389 - INFO - fastread - 123, 1340
2019-01-25 13:35:15,392 - INFO - fastread - 123, 1350
2019-01-25 13:35:15,395 - INFO - fastread - 123, 1360
2019-01-25 13:35:15,397 - INFO - fastread - 123, 1370
2019-01-25 13:35:15,400 - INFO - fastread - 123, 1380
2019-01-25 13:35:15,403 - INFO - fastread - 123, 1390
2019-01-25 13:35:15,405 - INFO - fastread - 123, 1400
2019-01-25 13:35:15,408 - INFO - fastread - 123, 1410
2019-01-25 13:35:15,411 - INFO - fastread - 123, 1420
2019-01-25 13:35:15,415 - INFO - fastread - 123, 1430
2019-01-25 13:35:15,419 - INFO - fastread - 123, 1440
2019-01-25 13:35:15,422 - INFO - fastread - 124, 1450
2019-01-25 13:35:15,425 - INFO - fastread - 124, 1460
2019-01-25 13:35:15,428 - INFO - fastread - 124, 1470
2019-01-25 13:35:15,433 - INFO - fastread - 125, 1480
2019-01-25 13:35:15,437 - INFO - fastread - 125, 1490
2019-01-25 13:35:15,441 - INFO - fastread - 126, 1500
2019-01-25 13:35:15,446 - INFO - fastread - 126, 1510
2019-01-25 13:35:15,450 - INFO - fastread - 127, 1520
2019-01-25 13:35:15,454 - INFO - fastread - 127, 1530
2019-01-25 13:35:15,457 - INFO - fastread - 128, 1540
2019-01-25 13:35:15,460 - INFO - fastread - 130, 1550
2019-01-25 13:35:15,464 - INFO - fastread - 130, 1560
2019-01-25 13:35:15,467 - INFO - fastread - 130, 1570
2019-01-25 13:35:15,470 - INFO - fastread - 130, 1580
2019-01-25 13:35:15,473 - INFO - fastread - 130, 1590
2019-01-25 13:35:15,475 - INFO - fastread - 130, 1600
2019-01-25 13:35:15,479 - INFO - fastread - 130, 1610
2019-01-25 13:35:15,482 - INFO - fastread - 131, 1620
2019-01-25 13:35:15,485 - INFO - fastread - 131, 1630
2019-01-25 13:35:15,487 - INFO - fastread - 132, 1640
2019-01-25 13:35:15,489 - INFO - fastread - 132, 1650
2019-01-25 13:35:15,492 - INFO - fastread - 133, 1660
2019-01-25 13:35:15,496 - INFO - fastread - 134, 1670
2019-01-25 13:35:15,501 - INFO - fastread - 134, 1680
2019-01-25 13:35:15,506 - INFO - fastread - 134, 1690
2019-01-25 13:35:15,511 - INFO - fastread - 134, 1700
2019-01-25 13:35:15,516 - INFO - fastread - 135, 1710
2019-01-25 13:35:15,520 - INFO - fastread - 135, 1720
2019-01-25 13:35:15,525 - INFO - fastread - 136, 1730
2019-01-25 13:35:15,529 - INFO - fastread - 137, 1740
2019-01-25 13:35:15,533 - INFO - fastread - 137, 1750
2019-01-25 13:35:15,538 - INFO - fastread - 138, 1760
2019-01-25 13:35:15,542 - INFO - fastread - 138, 1770
2019-01-25 13:35:15,546 - INFO - fastread - 138, 1780
2019-01-25 13:35:15,550 - INFO - fastread - 138, 1790
2019-01-25 13:35:15,555 - INFO - fastread - 138, 1800
2019-01-25 13:35:15,559 - INFO - fastread - 138, 1810
2019-01-25 13:35:15,562 - INFO - fastread - 138, 1820
2019-01-25 13:35:15,567 - INFO - fastread - 139, 1830
2019-01-25 13:35:15,571 - INFO - fastread - 139, 1840
2019-01-25 13:35:15,575 - INFO - fastread - 139, 1850
2019-01-25 13:35:15,578 - INFO - fastread - 139, 1860
2019-01-25 13:35:15,581 - INFO - fastread - 139, 1870
2019-01-25 13:35:15,584 - INFO - fastread - 139, 1880
2019-01-25 13:35:15,587 - INFO - fastread - 139, 1890
2019-01-25 13:35:15,590 - INFO - fastread - 139, 1900
2019-01-25 13:35:15,593 - INFO - fastread - 139, 1910
2019-01-25 13:35:15,598 - INFO - fastread - 139, 1920
2019-01-25 13:35:15,602 - INFO - fastread - 139, 1930
2019-01-25 13:35:15,607 - INFO - fastread - 139, 1940
2019-01-25 13:35:15,614 - INFO - fastread - 139, 1950
2019-01-25 13:35:15,624 - INFO - fastread - 139, 1960
2019-01-25 13:35:15,633 - INFO - fastread - 139, 1970
2019-01-25 13:35:15,642 - INFO - fastread - 139, 1980
2019-01-25 13:35:15,647 - INFO - fastread - 139, 1990
2019-01-25 13:35:15,653 - INFO - fastread - 140, 2000
2019-01-25 13:35:15,658 - INFO - fastread - 140, 2010
2019-01-25 13:35:15,663 - INFO - fastread - 140, 2020
2019-01-25 13:35:15,668 - INFO - fastread - 142, 2030
2019-01-25 13:35:15,673 - INFO - fastread - 142, 2040
2019-01-25 13:35:15,678 - INFO - fastread - 142, 2050
2019-01-25 13:35:15,683 - INFO - fastread - 142, 2060
2019-01-25 13:35:15,688 - INFO - fastread - 142, 2070
2019-01-25 13:35:15,692 - INFO - fastread - 143, 2080
2019-01-25 13:35:15,696 - INFO - fastread - 143, 2090
2019-01-25 13:35:15,700 - INFO - fastread - 143, 2100
2019-01-25 13:35:15,705 - INFO - fastread - 144, 2110
2019-01-25 13:35:15,710 - INFO - fastread - 146, 2120
2019-01-25 13:35:15,715 - INFO - fastread - 147, 2130
2019-01-25 13:35:15,720 - INFO - fastread - 147, 2140
2019-01-25 13:35:15,725 - INFO - fastread - 147, 2150
2019-01-25 13:35:15,730 - INFO - fastread - 147, 2160
2019-01-25 13:35:15,735 - INFO - fastread - 147, 2170
2019-01-25 13:35:15,738 - INFO - fastread - 148, 2180
2019-01-25 13:35:15,741 - INFO - fastread - 148, 2190
2019-01-25 13:35:15,745 - INFO - fastread - 148, 2200
2019-01-25 13:35:15,750 - INFO - fastread - 149, 2210
2019-01-25 13:35:15,756 - INFO - fastread - 149, 2220
2019-01-25 13:35:15,762 - INFO - fastread - 149, 2230
2019-01-25 13:35:15,768 - INFO - fastread - 149, 2240
2019-01-25 13:35:15,771 - INFO - fastread - 149, 2250
2019-01-25 13:35:15,775 - INFO - fastread - 149, 2260
2019-01-25 13:35:15,778 - INFO - fastread - 149, 2270
2019-01-25 13:35:15,782 - INFO - fastread - 149, 2280
2019-01-25 13:35:15,789 - INFO - fastread - 149, 2290
2019-01-25 13:35:15,794 - INFO - fastread - 149, 2300
2019-01-25 13:35:15,801 - INFO - fastread - 149, 2310
2019-01-25 13:35:15,806 - INFO - fastread - 149, 2320
2019-01-25 13:35:15,812 - INFO - fastread - 149, 2330
2019-01-25 13:35:15,817 - INFO - fastread - 149, 2340
2019-01-25 13:35:15,823 - INFO - fastread - 150, 2350
2019-01-25 13:35:15,828 - INFO - fastread - 151, 2360
2019-01-25 13:35:15,834 - INFO - fastread - 151, 2370
2019-01-25 13:35:15,839 - INFO - fastread - 151, 2380
2019-01-25 13:35:15,845 - INFO - fastread - 151, 2390
2019-01-25 13:35:15,850 - INFO - fastread - 151, 2400
2019-01-25 13:35:15,856 - INFO - fastread - 152, 2410
2019-01-25 13:35:15,861 - INFO - fastread - 153, 2420
2019-01-25 13:35:15,866 - INFO - fastread - 153, 2430
2019-01-25 13:35:15,871 - INFO - fastread - 153, 2440
2019-01-25 13:35:15,876 - INFO - fastread - 154, 2450
2019-01-25 13:35:15,884 - INFO - fastread - 154, 2460
2019-01-25 13:35:15,888 - INFO - fastread - 154, 2470
2019-01-25 13:35:15,891 - INFO - fastread - 155, 2480
2019-01-25 13:35:15,895 - INFO - fastread - 155, 2490
2019-01-25 13:35:15,901 - INFO - fastread - 155, 2500
2019-01-25 13:35:15,904 - INFO - fastread - 155, 2510
2019-01-25 13:35:15,907 - INFO - fastread - 156, 2520
2019-01-25 13:35:15,913 - INFO - fastread - 156, 2530
2019-01-25 13:35:15,920 - INFO - fastread - 156, 2540
2019-01-25 13:35:15,928 - INFO - fastread - 156, 2550
2019-01-25 13:35:15,938 - INFO - fastread - 157, 2560
2019-01-25 13:35:15,953 - INFO - fastread - 157, 2570
2019-01-25 13:35:15,960 - INFO - fastread - 157, 2580
2019-01-25 13:35:15,967 - INFO - fastread - 157, 2590
2019-01-25 13:35:15,972 - INFO - fastread - 158, 2600
2019-01-25 13:35:15,978 - INFO - fastread - 158, 2610
2019-01-25 13:35:15,983 - INFO - fastread - 159, 2620
2019-01-25 13:35:15,989 - INFO - fastread - 159, 2630
2019-01-25 13:35:15,995 - INFO - fastread - 160, 2640
2019-01-25 13:35:16,001 - INFO - fastread - 160, 2650
2019-01-25 13:35:16,006 - INFO - fastread - 160, 2660
2019-01-25 13:35:16,010 - INFO - fastread - 160, 2670
2019-01-25 13:35:16,014 - INFO - fastread - 160, 2680
2019-01-25 13:35:16,018 - INFO - fastread - 160, 2690
2019-01-25 13:35:16,021 - INFO - fastread - 161, 2700
2019-01-25 13:35:16,026 - INFO - fastread - 161, 2710
2019-01-25 13:35:16,031 - INFO - fastread - 162, 2720
2019-01-25 13:35:16,037 - INFO - fastread - 162, 2730
2019-01-25 13:35:16,042 - INFO - fastread - 162, 2740
2019-01-25 13:35:16,048 - INFO - fastread - 162, 2750
2019-01-25 13:35:16,052 - INFO - fastread - 162, 2760
2019-01-25 13:35:16,056 - INFO - fastread - 163, 2770
2019-01-25 13:35:16,060 - INFO - fastread - 163, 2780
2019-01-25 13:35:16,068 - INFO - fastread - 163, 2790
2019-01-25 13:35:16,075 - INFO - fastread - 163, 2800
2019-01-25 13:35:16,081 - INFO - fastread - 164, 2810
2019-01-25 13:35:16,086 - INFO - fastread - 164, 2820
2019-01-25 13:35:16,092 - INFO - fastread - 164, 2830
2019-01-25 13:35:16,097 - INFO - fastread - 164, 2840
2019-01-25 13:35:16,103 - INFO - fastread - 164, 2850
2019-01-25 13:35:16,108 - INFO - fastread - 164, 2860
2019-01-25 13:35:16,113 - INFO - fastread - 164, 2870
2019-01-25 13:35:16,117 - INFO - fastread - 164, 2880
2019-01-25 13:35:16,121 - INFO - fastread - 164, 2890
2019-01-25 13:35:16,126 - INFO - fastread - 164, 2900
2019-01-25 13:35:16,131 - INFO - fastread - 164, 2910
2019-01-25 13:35:16,134 - INFO - fastread - 164, 2920
2019-01-25 13:35:16,139 - INFO - fastread - 165, 2930
2019-01-25 13:35:16,146 - INFO - fastread - 165, 2940
2019-01-25 13:35:16,149 - INFO - fastread - 165, 2950
2019-01-25 13:35:16,153 - INFO - fastread - 167, 2960
2019-01-25 13:35:16,159 - INFO - fastread - 167, 2970
2019-01-25 13:35:16,164 - INFO - fastread - 168, 2980
2019-01-25 13:35:16,169 - INFO - fastread - 168, 2990
2019-01-25 13:35:16,176 - INFO - fastread - 169, 3000
2019-01-25 13:35:16,180 - INFO - fastread - 169, 3010
2019-01-25 13:35:16,183 - INFO - fastread - 169, 3020
2019-01-25 13:35:16,191 - INFO - fastread - 169, 3030
2019-01-25 13:35:16,197 - INFO - fastread - 169, 3040
2019-01-25 13:35:16,201 - INFO - fastread - 170, 3050
2019-01-25 13:35:16,207 - INFO - fastread - 171, 3060
2019-01-25 13:35:16,213 - INFO - fastread - 172, 3070
2019-01-25 13:35:16,218 - INFO - fastread - 173, 3080
2019-01-25 13:35:16,224 - INFO - fastread - 174, 3090
2019-01-25 13:35:16,229 - INFO - fastread - 174, 3100
2019-01-25 13:35:16,234 - INFO - fastread - 174, 3110
2019-01-25 13:35:16,240 - INFO - fastread - 174, 3120
2019-01-25 13:35:16,246 - INFO - fastread - 175, 3130
2019-01-25 13:35:16,251 - INFO - fastread - 175, 3140
2019-01-25 13:35:16,258 - INFO - fastread - 175, 3150
2019-01-25 13:35:16,264 - INFO - fastread - 175, 3160
2019-01-25 13:35:16,267 - INFO - fastread - 176, 3170
2019-01-25 13:35:16,272 - INFO - fastread - 176, 3180
2019-01-25 13:35:16,278 - INFO - fastread - 176, 3190
2019-01-25 13:35:16,283 - INFO - fastread - 177, 3200
2019-01-25 13:35:16,290 - INFO - fastread - 177, 3210
2019-01-25 13:35:16,296 - INFO - fastread - 177, 3220
2019-01-25 13:35:16,299 - INFO - fastread - 178, 3230
2019-01-25 13:35:16,302 - INFO - fastread - 179, 3240
2019-01-25 13:35:16,310 - INFO - fastread - 179, 3250
2019-01-25 13:35:16,313 - INFO - fastread - 180, 3260
2019-01-25 13:35:16,317 - INFO - fastread - 180, 3270
2019-01-25 13:35:16,321 - INFO - fastread - 180, 3280
2019-01-25 13:35:16,326 - INFO - fastread - 180, 3290
2019-01-25 13:35:16,331 - INFO - fastread - 180, 3300
2019-01-25 13:35:16,336 - INFO - fastread - 180, 3310
2019-01-25 13:35:16,343 - INFO - fastread - 180, 3320
2019-01-25 13:35:16,349 - INFO - fastread - 180, 3330
2019-01-25 13:35:16,354 - INFO - fastread - 181, 3340
2019-01-25 13:35:16,362 - INFO - fastread - 181, 3350
2019-01-25 13:35:16,367 - INFO - fastread - 181, 3360
2019-01-25 13:35:16,375 - INFO - fastread - 181, 3370
2019-01-25 13:35:16,380 - INFO - fastread - 181, 3380
2019-01-25 13:35:16,383 - INFO - fastread - 182, 3390
2019-01-25 13:35:16,386 - INFO - fastread - 183, 3400
2019-01-25 13:35:16,394 - INFO - fastread - 183, 3410
2019-01-25 13:35:16,398 - INFO - fastread - 183, 3420
2019-01-25 13:35:16,402 - INFO - fastread - 184, 3430
2019-01-25 13:35:16,409 - INFO - fastread - 185, 3440
2019-01-25 13:35:16,413 - INFO - fastread - 186, 3450
2019-01-25 13:35:16,418 - INFO - fastread - 186, 3460
2019-01-25 13:35:16,425 - INFO - fastread - 186, 3470
2019-01-25 13:35:16,431 - INFO - fastread - 186, 3480
2019-01-25 13:35:16,436 - INFO - fastread - 188, 3490
2019-01-25 13:35:16,443 - INFO - fastread - 189, 3500
2019-01-25 13:35:16,448 - INFO - fastread - 189, 3510
2019-01-25 13:35:16,453 - INFO - fastread - 189, 3520
2019-01-25 13:35:16,463 - INFO - fastread - 189, 3530
2019-01-25 13:35:16,468 - INFO - fastread - 190, 3540
2019-01-25 13:35:16,476 - INFO - fastread - 190, 3550
2019-01-25 13:35:16,481 - INFO - fastread - 190, 3560
2019-01-25 13:35:16,487 - INFO - fastread - 190, 3570
2019-01-25 13:35:16,495 - INFO - fastread - 190, 3580
2019-01-25 13:35:16,500 - INFO - fastread - 190, 3590
2019-01-25 13:35:16,506 - INFO - fastread - 190, 3600
2019-01-25 13:35:16,512 - INFO - fastread - 190, 3610
2019-01-25 13:35:16,517 - INFO - fastread - 190, 3620
2019-01-25 13:35:16,524 - INFO - fastread - 191, 3630
2019-01-25 13:35:16,528 - INFO - fastread - 191, 3640
2019-01-25 13:35:16,532 - INFO - fastread - 191, 3650
2019-01-25 13:35:16,535 - INFO - fastread - 191, 3660
2019-01-25 13:35:16,543 - INFO - fastread - 191, 3670
2019-01-25 13:35:16,548 - INFO - fastread - 191, 3680
2019-01-25 13:35:16,553 - INFO - fastread - 191, 3690
2019-01-25 13:35:16,559 - INFO - fastread - 191, 3700
2019-01-25 13:35:16,564 - INFO - fastread - 191, 3710
2019-01-25 13:35:16,567 - INFO - fastread - 191, 3720
2019-01-25 13:35:16,572 - INFO - fastread - 191, 3730
2019-01-25 13:35:16,576 - INFO - fastread - 191, 3740
2019-01-25 13:35:16,579 - INFO - fastread - 191, 3750
2019-01-25 13:35:16,584 - INFO - fastread - 191, 3760
2019-01-25 13:35:16,589 - INFO - fastread - 191, 3770
2019-01-25 13:35:16,594 - INFO - fastread - 191, 3780
2019-01-25 13:35:16,599 - INFO - fastread - 191, 3790
2019-01-25 13:35:16,604 - INFO - fastread - 191, 3800
2019-01-25 13:35:16,609 - INFO - fastread - 191, 3810
2019-01-25 13:35:16,613 - INFO - fastread - 191, 3820
2019-01-25 13:35:16,616 - INFO - fastread - 191, 3830
2019-01-25 13:35:16,621 - INFO - fastread - 191, 3840
2019-01-25 13:35:16,627 - INFO - fastread - 191, 3850
2019-01-25 13:35:16,631 - INFO - fastread - 191, 3860
2019-01-25 13:35:16,634 - INFO - fastread - 192, 3870
2019-01-25 13:35:16,637 - INFO - fastread - 192, 3880
2019-01-25 13:35:16,641 - INFO - fastread - 192, 3890
2019-01-25 13:35:16,645 - INFO - fastread - 192, 3900
2019-01-25 13:35:16,651 - INFO - fastread - 192, 3910
2019-01-25 13:35:16,657 - INFO - fastread - 192, 3920
2019-01-25 13:35:16,662 - INFO - fastread - 192, 3930
2019-01-25 13:35:16,667 - INFO - fastread - 192, 3940
2019-01-25 13:35:16,672 - INFO - fastread - 193, 3950
2019-01-25 13:35:16,677 - INFO - fastread - 194, 3960
2019-01-25 13:35:16,682 - INFO - fastread - 194, 3970
2019-01-25 13:35:16,688 - INFO - fastread - 195, 3980
2019-01-25 13:35:16,693 - INFO - fastread - 195, 3990
2019-01-25 13:35:16,698 - INFO - fastread - 197, 4000
2019-01-25 13:35:16,701 - INFO - fastread - 197, 4010
2019-01-25 13:35:16,704 - INFO - fastread - 197, 4020
2019-01-25 13:35:16,707 - INFO - fastread - 198, 4030
2019-01-25 13:35:16,711 - INFO - fastread - 198, 4040
2019-01-25 13:35:16,714 - INFO - fastread - 198, 4050
2019-01-25 13:35:16,718 - INFO - fastread - 198, 4060
2019-01-25 13:35:16,721 - INFO - fastread - 198, 4070
2019-01-25 13:35:16,726 - INFO - fastread - 198, 4080
2019-01-25 13:35:16,730 - INFO - fastread - 198, 4090
2019-01-25 13:35:16,733 - INFO - fastread - 199, 4100
