2019-01-25 13:35:17,304 - INFO - rig - jruby-1.4.0
2019-01-25 13:35:23,131 - INFO - rig - ++++NEW CLF++++ FASTREAD
2019-01-25 13:35:23,131 - INFO - fastread - Total Yes: 622 | Total No: 4275
2019-01-25 13:35:23,431 - INFO - fastread - 0, 0
2019-01-25 13:35:24,363 - INFO - fastread - 2, 10
2019-01-25 13:35:25,390 - INFO - fastread - 4, 20
2019-01-25 13:35:26,306 - INFO - fastread - 5, 30
2019-01-25 13:35:27,500 - INFO - fastread - 12, 40
2019-01-25 13:35:28,776 - INFO - fastread - 22, 50
2019-01-25 13:35:30,022 - INFO - fastread - 29, 60
2019-01-25 13:35:31,209 - INFO - fastread - 39, 70
2019-01-25 13:35:32,299 - INFO - fastread - 49, 80
2019-01-25 13:35:33,435 - INFO - fastread - 59, 90
2019-01-25 13:35:34,598 - INFO - fastread - 69, 100
2019-01-25 13:35:35,772 - INFO - fastread - 79, 110
2019-01-25 13:35:36,911 - INFO - fastread - 89, 120
2019-01-25 13:35:38,031 - INFO - fastread - 99, 130
2019-01-25 13:35:39,124 - INFO - fastread - 109, 140
2019-01-25 13:35:40,242 - INFO - fastread - 119, 150
2019-01-25 13:35:41,456 - INFO - fastread - 129, 160
2019-01-25 13:35:42,962 - INFO - fastread - 138, 170
2019-01-25 13:35:44,141 - INFO - fastread - 148, 180
2019-01-25 13:35:45,301 - INFO - fastread - 158, 190
2019-01-25 13:35:46,461 - INFO - fastread - 168, 200
2019-01-25 13:35:47,642 - INFO - fastread - 177, 210
2019-01-25 13:35:48,810 - INFO - fastread - 186, 220
2019-01-25 13:35:50,016 - INFO - fastread - 196, 230
2019-01-25 13:35:51,234 - INFO - fastread - 204, 240
2019-01-25 13:35:52,500 - INFO - fastread - 214, 250
2019-01-25 13:35:53,811 - INFO - fastread - 224, 260
2019-01-25 13:35:55,141 - INFO - fastread - 234, 270
2019-01-25 13:35:56,482 - INFO - fastread - 243, 280
2019-01-25 13:35:57,805 - INFO - fastread - 253, 290
2019-01-25 13:35:59,129 - INFO - fastread - 262, 300
2019-01-25 13:36:00,455 - INFO - fastread - 270, 310
2019-01-25 13:36:01,797 - INFO - fastread - 277, 320
2019-01-25 13:36:03,241 - INFO - fastread - 281, 330
2019-01-25 13:36:04,641 - INFO - fastread - 290, 340
2019-01-25 13:36:06,087 - INFO - fastread - 297, 350
2019-01-25 13:36:07,515 - INFO - fastread - 306, 360
2019-01-25 13:36:08,973 - INFO - fastread - 311, 370
2019-01-25 13:36:10,400 - INFO - fastread - 319, 380
2019-01-25 13:36:11,923 - INFO - fastread - 320, 390
2019-01-25 13:36:13,450 - INFO - fastread - 325, 400
2019-01-25 13:36:14,950 - INFO - fastread - 332, 410
2019-01-25 13:36:16,472 - INFO - fastread - 340, 420
2019-01-25 13:36:17,957 - INFO - fastread - 342, 430
2019-01-25 13:36:19,420 - INFO - fastread - 349, 440
2019-01-25 13:36:20,942 - INFO - fastread - 355, 450
2019-01-25 13:36:22,451 - INFO - fastread - 357, 460
2019-01-25 13:36:23,991 - INFO - fastread - 361, 470
2019-01-25 13:36:25,551 - INFO - fastread - 363, 480
2019-01-25 13:36:27,099 - INFO - fastread - 365, 490
2019-01-25 13:36:28,649 - INFO - fastread - 371, 500
2019-01-25 13:36:30,254 - INFO - fastread - 377, 510
2019-01-25 13:36:31,883 - INFO - fastread - 383, 520
2019-01-25 13:36:33,493 - INFO - fastread - 388, 530
2019-01-25 13:36:35,191 - INFO - fastread - 391, 540
2019-01-25 13:36:36,983 - INFO - fastread - 395, 550
2019-01-25 13:36:38,720 - INFO - fastread - 400, 560
2019-01-25 13:36:40,521 - INFO - fastread - 408, 570
2019-01-25 13:36:42,274 - INFO - fastread - 414, 580
2019-01-25 13:36:44,157 - INFO - fastread - 421, 590
2019-01-25 13:36:46,082 - INFO - fastread - 429, 600
2019-01-25 13:36:48,200 - INFO - fastread - 434, 610
2019-01-25 13:36:50,120 - INFO - fastread - 441, 620
2019-01-25 13:36:52,192 - INFO - fastread - 449, 630
2019-01-25 13:36:54,251 - INFO - fastread - 457, 640
2019-01-25 13:36:56,241 - INFO - fastread - 467, 650
2019-01-25 13:36:58,224 - INFO - fastread - 476, 660
2019-01-25 13:37:00,247 - INFO - fastread - 482, 670
2019-01-25 13:37:02,415 - INFO - fastread - 492, 680
2019-01-25 13:37:04,665 - INFO - fastread - 501, 690
2019-01-25 13:37:07,285 - INFO - fastread - 504, 700
2019-01-25 13:37:09,420 - INFO - fastread - 513, 710
2019-01-25 13:37:11,544 - INFO - fastread - 523, 720
2019-01-25 13:37:13,767 - INFO - fastread - 531, 730
2019-01-25 13:37:16,144 - INFO - fastread - 537, 740
2019-01-25 13:37:18,485 - INFO - fastread - 541, 750
2019-01-25 13:37:20,719 - INFO - fastread - 543, 760
2019-01-25 13:37:22,970 - INFO - fastread - 550, 770
2019-01-25 13:37:25,360 - INFO - fastread - 554, 780
2019-01-25 13:37:27,689 - INFO - fastread - 556, 790
2019-01-25 13:37:30,114 - INFO - fastread - 559, 800
2019-01-25 13:37:32,513 - INFO - fastread - 560, 810
2019-01-25 13:37:34,919 - INFO - fastread - 563, 820
2019-01-25 13:37:37,223 - INFO - fastread - 564, 830
2019-01-25 13:37:39,541 - INFO - fastread - 567, 840
2019-01-25 13:37:42,079 - INFO - fastread - 567, 850
2019-01-25 13:37:44,550 - INFO - fastread - 570, 860
2019-01-25 13:37:47,010 - INFO - fastread - 571, 870
2019-01-25 13:37:49,401 - INFO - fastread - 573, 880
2019-01-25 13:37:51,893 - INFO - fastread - 573, 890
2019-01-25 13:37:54,491 - INFO - fastread - 576, 900
2019-01-25 13:37:57,052 - INFO - fastread - 577, 910
2019-01-25 13:37:59,629 - INFO - fastread - 578, 920
2019-01-25 13:38:02,209 - INFO - fastread - 579, 930
2019-01-25 13:38:04,912 - INFO - fastread - 580, 940
2019-01-25 13:38:07,649 - INFO - fastread - 580, 950
2019-01-25 13:38:10,280 - INFO - fastread - 583, 960
2019-01-25 13:38:13,007 - INFO - fastread - 584, 970
2019-01-25 13:38:15,908 - INFO - fastread - 585, 980
2019-01-25 13:38:18,780 - INFO - fastread - 587, 990
2019-01-25 13:38:21,521 - INFO - fastread - 588, 1000
2019-01-25 13:38:24,355 - INFO - fastread - 588, 1010
2019-01-25 13:38:27,228 - INFO - fastread - 589, 1020
2019-01-25 13:38:30,092 - INFO - fastread - 591, 1030
2019-01-25 13:38:32,103 - INFO - rig - ++++NEW CLF++++ NBM
2019-01-25 13:38:32,104 - INFO - fastread - Total Yes: 622 | Total No: 4275
2019-01-25 13:38:32,175 - INFO - fastread - 9, 10
2019-01-25 13:38:32,178 - INFO - fastread - 14, 20
2019-01-25 13:38:32,181 - INFO - fastread - 18, 30
2019-01-25 13:38:32,184 - INFO - fastread - 27, 40
2019-01-25 13:38:32,187 - INFO - fastread - 35, 50
2019-01-25 13:38:32,190 - INFO - fastread - 44, 60
2019-01-25 13:38:32,193 - INFO - fastread - 50, 70
2019-01-25 13:38:32,196 - INFO - fastread - 55, 80
2019-01-25 13:38:32,200 - INFO - fastread - 64, 90
2019-01-25 13:38:32,204 - INFO - fastread - 69, 100
2019-01-25 13:38:32,208 - INFO - fastread - 75, 110
2019-01-25 13:38:32,213 - INFO - fastread - 81, 120
2019-01-25 13:38:32,217 - INFO - fastread - 87, 130
2019-01-25 13:38:32,222 - INFO - fastread - 92, 140
2019-01-25 13:38:32,226 - INFO - fastread - 101, 150
2019-01-25 13:38:32,231 - INFO - fastread - 105, 160
2019-01-25 13:38:32,235 - INFO - fastread - 114, 170
2019-01-25 13:38:32,238 - INFO - fastread - 118, 180
2019-01-25 13:38:32,240 - INFO - fastread - 121, 190
2019-01-25 13:38:32,244 - INFO - fastread - 127, 200
2019-01-25 13:38:32,248 - INFO - fastread - 134, 210
2019-01-25 13:38:32,252 - INFO - fastread - 140, 220
2019-01-25 13:38:32,256 - INFO - fastread - 143, 230
2019-01-25 13:38:32,260 - INFO - fastread - 145, 240
2019-01-25 13:38:32,264 - INFO - fastread - 151, 250
2019-01-25 13:38:32,268 - INFO - fastread - 156, 260
2019-01-25 13:38:32,273 - INFO - fastread - 160, 270
2019-01-25 13:38:32,277 - INFO - fastread - 166, 280
2019-01-25 13:38:32,279 - INFO - fastread - 172, 290
2019-01-25 13:38:32,282 - INFO - fastread - 178, 300
2019-01-25 13:38:32,285 - INFO - fastread - 184, 310
2019-01-25 13:38:32,287 - INFO - fastread - 187, 320
2019-01-25 13:38:32,290 - INFO - fastread - 197, 330
2019-01-25 13:38:32,294 - INFO - fastread - 207, 340
2019-01-25 13:38:32,299 - INFO - fastread - 217, 350
2019-01-25 13:38:32,303 - INFO - fastread - 227, 360
2019-01-25 13:38:32,306 - INFO - fastread - 237, 370
2019-01-25 13:38:32,309 - INFO - fastread - 247, 380
2019-01-25 13:38:32,312 - INFO - fastread - 257, 390
2019-01-25 13:38:32,315 - INFO - fastread - 263, 400
2019-01-25 13:38:32,317 - INFO - fastread - 265, 410
2019-01-25 13:38:32,320 - INFO - fastread - 267, 420
2019-01-25 13:38:32,322 - INFO - fastread - 269, 430
2019-01-25 13:38:32,327 - INFO - fastread - 270, 440
2019-01-25 13:38:32,331 - INFO - fastread - 276, 450
2019-01-25 13:38:32,335 - INFO - fastread - 282, 460
2019-01-25 13:38:32,339 - INFO - fastread - 285, 470
2019-01-25 13:38:32,342 - INFO - fastread - 292, 480
2019-01-25 13:38:32,346 - INFO - fastread - 295, 490
2019-01-25 13:38:32,349 - INFO - fastread - 300, 500
2019-01-25 13:38:32,352 - INFO - fastread - 306, 510
2019-01-25 13:38:32,355 - INFO - fastread - 308, 520
2019-01-25 13:38:32,357 - INFO - fastread - 313, 530
2019-01-25 13:38:32,361 - INFO - fastread - 318, 540
2019-01-25 13:38:32,365 - INFO - fastread - 321, 550
2019-01-25 13:38:32,369 - INFO - fastread - 324, 560
2019-01-25 13:38:32,374 - INFO - fastread - 327, 570
2019-01-25 13:38:32,377 - INFO - fastread - 330, 580
2019-01-25 13:38:32,381 - INFO - fastread - 335, 590
2019-01-25 13:38:32,385 - INFO - fastread - 339, 600
2019-01-25 13:38:32,388 - INFO - fastread - 340, 610
2019-01-25 13:38:32,391 - INFO - fastread - 344, 620
2019-01-25 13:38:32,393 - INFO - fastread - 349, 630
2019-01-25 13:38:32,398 - INFO - fastread - 350, 640
2019-01-25 13:38:32,402 - INFO - fastread - 351, 650
2019-01-25 13:38:32,407 - INFO - fastread - 354, 660
2019-01-25 13:38:32,411 - INFO - fastread - 354, 670
2019-01-25 13:38:32,416 - INFO - fastread - 357, 680
2019-01-25 13:38:32,420 - INFO - fastread - 358, 690
2019-01-25 13:38:32,425 - INFO - fastread - 360, 700
2019-01-25 13:38:32,429 - INFO - fastread - 364, 710
2019-01-25 13:38:32,434 - INFO - fastread - 368, 720
2019-01-25 13:38:32,438 - INFO - fastread - 371, 730
2019-01-25 13:38:32,443 - INFO - fastread - 373, 740
2019-01-25 13:38:32,448 - INFO - fastread - 376, 750
2019-01-25 13:38:32,452 - INFO - fastread - 381, 760
2019-01-25 13:38:32,457 - INFO - fastread - 384, 770
2019-01-25 13:38:32,461 - INFO - fastread - 385, 780
2019-01-25 13:38:32,467 - INFO - fastread - 390, 790
2019-01-25 13:38:32,471 - INFO - fastread - 390, 800
2019-01-25 13:38:32,475 - INFO - fastread - 390, 810
2019-01-25 13:38:32,479 - INFO - fastread - 393, 820
2019-01-25 13:38:32,483 - INFO - fastread - 393, 830
2019-01-25 13:38:32,486 - INFO - fastread - 393, 840
2019-01-25 13:38:32,489 - INFO - fastread - 393, 850
2019-01-25 13:38:32,491 - INFO - fastread - 393, 860
2019-01-25 13:38:32,495 - INFO - fastread - 393, 870
2019-01-25 13:38:32,499 - INFO - fastread - 393, 880
2019-01-25 13:38:32,504 - INFO - fastread - 393, 890
2019-01-25 13:38:32,509 - INFO - fastread - 393, 900
2019-01-25 13:38:32,513 - INFO - fastread - 393, 910
2019-01-25 13:38:32,516 - INFO - fastread - 393, 920
2019-01-25 13:38:32,519 - INFO - fastread - 393, 930
2019-01-25 13:38:32,521 - INFO - fastread - 393, 940
2019-01-25 13:38:32,524 - INFO - fastread - 393, 950
2019-01-25 13:38:32,527 - INFO - fastread - 393, 960
2019-01-25 13:38:32,530 - INFO - fastread - 393, 970
2019-01-25 13:38:32,533 - INFO - fastread - 393, 980
2019-01-25 13:38:32,536 - INFO - fastread - 393, 990
2019-01-25 13:38:32,539 - INFO - fastread - 393, 1000
2019-01-25 13:38:32,542 - INFO - fastread - 393, 1010
2019-01-25 13:38:32,544 - INFO - fastread - 393, 1020
2019-01-25 13:38:32,547 - INFO - fastread - 393, 1030
2019-01-25 13:38:32,550 - INFO - fastread - 393, 1040
2019-01-25 13:38:32,552 - INFO - fastread - 393, 1050
2019-01-25 13:38:32,555 - INFO - fastread - 393, 1060
2019-01-25 13:38:32,559 - INFO - fastread - 393, 1070
2019-01-25 13:38:32,562 - INFO - fastread - 394, 1080
2019-01-25 13:38:32,564 - INFO - fastread - 396, 1090
2019-01-25 13:38:32,567 - INFO - fastread - 399, 1100
2019-01-25 13:38:32,570 - INFO - fastread - 401, 1110
2019-01-25 13:38:32,573 - INFO - fastread - 401, 1120
2019-01-25 13:38:32,577 - INFO - fastread - 402, 1130
2019-01-25 13:38:32,582 - INFO - fastread - 404, 1140
2019-01-25 13:38:32,587 - INFO - fastread - 407, 1150
2019-01-25 13:38:32,591 - INFO - fastread - 408, 1160
2019-01-25 13:38:32,596 - INFO - fastread - 410, 1170
2019-01-25 13:38:32,601 - INFO - fastread - 411, 1180
2019-01-25 13:38:32,606 - INFO - fastread - 415, 1190
2019-01-25 13:38:32,610 - INFO - fastread - 417, 1200
2019-01-25 13:38:32,615 - INFO - fastread - 420, 1210
2019-01-25 13:38:32,619 - INFO - fastread - 425, 1220
2019-01-25 13:38:32,622 - INFO - fastread - 427, 1230
2019-01-25 13:38:32,625 - INFO - fastread - 429, 1240
2019-01-25 13:38:32,629 - INFO - fastread - 430, 1250
2019-01-25 13:38:32,632 - INFO - fastread - 435, 1260
2019-01-25 13:38:32,635 - INFO - fastread - 435, 1270
2019-01-25 13:38:32,638 - INFO - fastread - 438, 1280
2019-01-25 13:38:32,641 - INFO - fastread - 440, 1290
2019-01-25 13:38:32,645 - INFO - fastread - 440, 1300
2019-01-25 13:38:32,647 - INFO - fastread - 440, 1310
2019-01-25 13:38:32,650 - INFO - fastread - 440, 1320
2019-01-25 13:38:32,653 - INFO - fastread - 440, 1330
2019-01-25 13:38:32,656 - INFO - fastread - 443, 1340
2019-01-25 13:38:32,660 - INFO - fastread - 443, 1350
2019-01-25 13:38:32,663 - INFO - fastread - 443, 1360
2019-01-25 13:38:32,665 - INFO - fastread - 443, 1370
2019-01-25 13:38:32,668 - INFO - fastread - 443, 1380
2019-01-25 13:38:32,671 - INFO - fastread - 445, 1390
2019-01-25 13:38:32,674 - INFO - fastread - 447, 1400
2019-01-25 13:38:32,677 - INFO - fastread - 447, 1410
2019-01-25 13:38:32,682 - INFO - fastread - 448, 1420
2019-01-25 13:38:32,687 - INFO - fastread - 448, 1430
2019-01-25 13:38:32,692 - INFO - fastread - 451, 1440
2019-01-25 13:38:32,696 - INFO - fastread - 454, 1450
2019-01-25 13:38:32,701 - INFO - fastread - 455, 1460
2019-01-25 13:38:32,706 - INFO - fastread - 455, 1470
2019-01-25 13:38:32,711 - INFO - fastread - 458, 1480
2019-01-25 13:38:32,715 - INFO - fastread - 458, 1490
2019-01-25 13:38:32,720 - INFO - fastread - 459, 1500
2019-01-25 13:38:32,725 - INFO - fastread - 463, 1510
2019-01-25 13:38:32,730 - INFO - fastread - 464, 1520
2019-01-25 13:38:32,735 - INFO - fastread - 464, 1530
2019-01-25 13:38:32,740 - INFO - fastread - 464, 1540
2019-01-25 13:38:32,745 - INFO - fastread - 464, 1550
2019-01-25 13:38:32,750 - INFO - fastread - 465, 1560
2019-01-25 13:38:32,756 - INFO - fastread - 466, 1570
2019-01-25 13:38:32,761 - INFO - fastread - 469, 1580
2019-01-25 13:38:32,766 - INFO - fastread - 469, 1590
2019-01-25 13:38:32,771 - INFO - fastread - 471, 1600
2019-01-25 13:38:32,776 - INFO - fastread - 471, 1610
2019-01-25 13:38:32,781 - INFO - fastread - 476, 1620
2019-01-25 13:38:32,785 - INFO - fastread - 480, 1630
2019-01-25 13:38:32,789 - INFO - fastread - 480, 1640
2019-01-25 13:38:32,792 - INFO - fastread - 480, 1650
2019-01-25 13:38:32,796 - INFO - fastread - 481, 1660
2019-01-25 13:38:32,799 - INFO - fastread - 482, 1670
2019-01-25 13:38:32,802 - INFO - fastread - 483, 1680
2019-01-25 13:38:32,805 - INFO - fastread - 484, 1690
2019-01-25 13:38:32,808 - INFO - fastread - 484, 1700
2019-01-25 13:38:32,812 - INFO - fastread - 485, 1710
2019-01-25 13:38:32,815 - INFO - fastread - 487, 1720
2019-01-25 13:38:32,818 - INFO - fastread - 487, 1730
2019-01-25 13:38:32,821 - INFO - fastread - 488, 1740
2019-01-25 13:38:32,825 - INFO - fastread - 488, 1750
2019-01-25 13:38:32,829 - INFO - fastread - 488, 1760
2019-01-25 13:38:32,832 - INFO - fastread - 491, 1770
2019-01-25 13:38:32,836 - INFO - fastread - 492, 1780
2019-01-25 13:38:32,840 - INFO - fastread - 492, 1790
2019-01-25 13:38:32,845 - INFO - fastread - 492, 1800
2019-01-25 13:38:32,850 - INFO - fastread - 492, 1810
2019-01-25 13:38:32,856 - INFO - fastread - 492, 1820
2019-01-25 13:38:32,861 - INFO - fastread - 492, 1830
2019-01-25 13:38:32,865 - INFO - fastread - 492, 1840
2019-01-25 13:38:32,868 - INFO - fastread - 492, 1850
2019-01-25 13:38:32,871 - INFO - fastread - 493, 1860
2019-01-25 13:38:32,875 - INFO - fastread - 495, 1870
2019-01-25 13:38:32,879 - INFO - fastread - 496, 1880
2019-01-25 13:38:32,882 - INFO - fastread - 496, 1890
2019-01-25 13:38:32,887 - INFO - fastread - 497, 1900
2019-01-25 13:38:32,891 - INFO - fastread - 499, 1910
2019-01-25 13:38:32,895 - INFO - fastread - 502, 1920
2019-01-25 13:38:32,899 - INFO - fastread - 504, 1930
2019-01-25 13:38:32,905 - INFO - fastread - 505, 1940
2019-01-25 13:38:32,910 - INFO - fastread - 505, 1950
2019-01-25 13:38:32,914 - INFO - fastread - 507, 1960
2019-01-25 13:38:32,918 - INFO - fastread - 508, 1970
2019-01-25 13:38:32,920 - INFO - fastread - 510, 1980
2019-01-25 13:38:32,923 - INFO - fastread - 510, 1990
2019-01-25 13:38:32,926 - INFO - fastread - 511, 2000
2019-01-25 13:38:32,929 - INFO - fastread - 514, 2010
2019-01-25 13:38:32,933 - INFO - fastread - 516, 2020
2019-01-25 13:38:32,936 - INFO - fastread - 516, 2030
2019-01-25 13:38:32,940 - INFO - fastread - 517, 2040
2019-01-25 13:38:32,943 - INFO - fastread - 519, 2050
2019-01-25 13:38:32,947 - INFO - fastread - 519, 2060
2019-01-25 13:38:32,952 - INFO - fastread - 520, 2070
2019-01-25 13:38:32,957 - INFO - fastread - 520, 2080
2019-01-25 13:38:32,962 - INFO - fastread - 523, 2090
2019-01-25 13:38:32,966 - INFO - fastread - 523, 2100
2019-01-25 13:38:32,969 - INFO - fastread - 523, 2110
2019-01-25 13:38:32,972 - INFO - fastread - 523, 2120
2019-01-25 13:38:32,976 - INFO - fastread - 523, 2130
2019-01-25 13:38:32,979 - INFO - fastread - 523, 2140
2019-01-25 13:38:32,982 - INFO - fastread - 524, 2150
2019-01-25 13:38:32,986 - INFO - fastread - 525, 2160
2019-01-25 13:38:32,991 - INFO - fastread - 525, 2170
2019-01-25 13:38:32,996 - INFO - fastread - 525, 2180
2019-01-25 13:38:33,001 - INFO - fastread - 527, 2190
2019-01-25 13:38:33,007 - INFO - fastread - 529, 2200
2019-01-25 13:38:33,011 - INFO - fastread - 529, 2210
2019-01-25 13:38:33,016 - INFO - fastread - 529, 2220
2019-01-25 13:38:33,020 - INFO - fastread - 529, 2230
2019-01-25 13:38:33,025 - INFO - fastread - 530, 2240
2019-01-25 13:38:33,030 - INFO - fastread - 531, 2250
2019-01-25 13:38:33,035 - INFO - fastread - 532, 2260
2019-01-25 13:38:33,040 - INFO - fastread - 532, 2270
2019-01-25 13:38:33,046 - INFO - fastread - 532, 2280
2019-01-25 13:38:33,051 - INFO - fastread - 532, 2290
2019-01-25 13:38:33,055 - INFO - fastread - 532, 2300
2019-01-25 13:38:33,060 - INFO - fastread - 532, 2310
2019-01-25 13:38:33,065 - INFO - fastread - 532, 2320
2019-01-25 13:38:33,070 - INFO - fastread - 535, 2330
2019-01-25 13:38:33,075 - INFO - fastread - 535, 2340
2019-01-25 13:38:33,080 - INFO - fastread - 536, 2350
2019-01-25 13:38:33,085 - INFO - fastread - 536, 2360
2019-01-25 13:38:33,090 - INFO - fastread - 536, 2370
2019-01-25 13:38:33,095 - INFO - fastread - 536, 2380
2019-01-25 13:38:33,100 - INFO - fastread - 537, 2390
2019-01-25 13:38:33,105 - INFO - fastread - 537, 2400
2019-01-25 13:38:33,111 - INFO - fastread - 541, 2410
2019-01-25 13:38:33,116 - INFO - fastread - 544, 2420
2019-01-25 13:38:33,121 - INFO - fastread - 545, 2430
2019-01-25 13:38:33,126 - INFO - fastread - 545, 2440
2019-01-25 13:38:33,131 - INFO - fastread - 545, 2450
2019-01-25 13:38:33,136 - INFO - fastread - 546, 2460
2019-01-25 13:38:33,141 - INFO - fastread - 548, 2470
2019-01-25 13:38:33,144 - INFO - fastread - 548, 2480
2019-01-25 13:38:33,149 - INFO - fastread - 548, 2490
2019-01-25 13:38:33,154 - INFO - fastread - 550, 2500
2019-01-25 13:38:33,158 - INFO - fastread - 550, 2510
2019-01-25 13:38:33,162 - INFO - fastread - 552, 2520
2019-01-25 13:38:33,167 - INFO - fastread - 552, 2530
2019-01-25 13:38:33,173 - INFO - fastread - 555, 2540
2019-01-25 13:38:33,176 - INFO - fastread - 555, 2550
2019-01-25 13:38:33,180 - INFO - fastread - 556, 2560
2019-01-25 13:38:33,184 - INFO - fastread - 557, 2570
2019-01-25 13:38:33,187 - INFO - fastread - 559, 2580
2019-01-25 13:38:33,191 - INFO - fastread - 560, 2590
2019-01-25 13:38:33,195 - INFO - fastread - 560, 2600
2019-01-25 13:38:33,200 - INFO - fastread - 563, 2610
2019-01-25 13:38:33,203 - INFO - fastread - 565, 2620
2019-01-25 13:38:33,207 - INFO - fastread - 565, 2630
2019-01-25 13:38:33,211 - INFO - fastread - 565, 2640
2019-01-25 13:38:33,215 - INFO - fastread - 565, 2650
2019-01-25 13:38:33,220 - INFO - fastread - 566, 2660
2019-01-25 13:38:33,225 - INFO - fastread - 567, 2670
2019-01-25 13:38:33,230 - INFO - fastread - 567, 2680
2019-01-25 13:38:33,236 - INFO - fastread - 567, 2690
2019-01-25 13:38:33,241 - INFO - fastread - 567, 2700
2019-01-25 13:38:33,245 - INFO - fastread - 567, 2710
2019-01-25 13:38:33,250 - INFO - fastread - 569, 2720
2019-01-25 13:38:33,254 - INFO - fastread - 570, 2730
2019-01-25 13:38:33,257 - INFO - fastread - 570, 2740
2019-01-25 13:38:33,262 - INFO - fastread - 570, 2750
2019-01-25 13:38:33,266 - INFO - fastread - 570, 2760
2019-01-25 13:38:33,269 - INFO - fastread - 570, 2770
2019-01-25 13:38:33,273 - INFO - fastread - 571, 2780
2019-01-25 13:38:33,277 - INFO - fastread - 573, 2790
2019-01-25 13:38:33,280 - INFO - fastread - 573, 2800
2019-01-25 13:38:33,283 - INFO - fastread - 573, 2810
2019-01-25 13:38:33,286 - INFO - fastread - 574, 2820
2019-01-25 13:38:33,289 - INFO - fastread - 574, 2830
2019-01-25 13:38:33,292 - INFO - fastread - 574, 2840
2019-01-25 13:38:33,296 - INFO - fastread - 574, 2850
2019-01-25 13:38:33,300 - INFO - fastread - 575, 2860
2019-01-25 13:38:33,303 - INFO - fastread - 575, 2870
2019-01-25 13:38:33,306 - INFO - fastread - 576, 2880
2019-01-25 13:38:33,309 - INFO - fastread - 576, 2890
2019-01-25 13:38:33,313 - INFO - fastread - 576, 2900
2019-01-25 13:38:33,317 - INFO - fastread - 576, 2910
2019-01-25 13:38:33,320 - INFO - fastread - 576, 2920
2019-01-25 13:38:33,326 - INFO - fastread - 576, 2930
2019-01-25 13:38:33,332 - INFO - fastread - 576, 2940
2019-01-25 13:38:33,336 - INFO - fastread - 576, 2950
2019-01-25 13:38:33,340 - INFO - fastread - 576, 2960
2019-01-25 13:38:33,343 - INFO - fastread - 576, 2970
2019-01-25 13:38:33,347 - INFO - fastread - 576, 2980
2019-01-25 13:38:33,350 - INFO - fastread - 576, 2990
2019-01-25 13:38:33,354 - INFO - fastread - 576, 3000
2019-01-25 13:38:33,358 - INFO - fastread - 576, 3010
2019-01-25 13:38:33,362 - INFO - fastread - 576, 3020
2019-01-25 13:38:33,367 - INFO - fastread - 576, 3030
2019-01-25 13:38:33,373 - INFO - fastread - 576, 3040
2019-01-25 13:38:33,378 - INFO - fastread - 576, 3050
2019-01-25 13:38:33,383 - INFO - fastread - 576, 3060
2019-01-25 13:38:33,388 - INFO - fastread - 576, 3070
2019-01-25 13:38:33,393 - INFO - fastread - 576, 3080
2019-01-25 13:38:33,398 - INFO - fastread - 576, 3090
2019-01-25 13:38:33,403 - INFO - fastread - 576, 3100
2019-01-25 13:38:33,409 - INFO - fastread - 576, 3110
2019-01-25 13:38:33,414 - INFO - fastread - 576, 3120
2019-01-25 13:38:33,419 - INFO - fastread - 576, 3130
2019-01-25 13:38:33,424 - INFO - fastread - 576, 3140
2019-01-25 13:38:33,429 - INFO - fastread - 576, 3150
2019-01-25 13:38:33,434 - INFO - fastread - 576, 3160
2019-01-25 13:38:33,440 - INFO - fastread - 576, 3170
2019-01-25 13:38:33,445 - INFO - fastread - 576, 3180
2019-01-25 13:38:33,450 - INFO - fastread - 576, 3190
2019-01-25 13:38:33,456 - INFO - fastread - 576, 3200
2019-01-25 13:38:33,460 - INFO - fastread - 576, 3210
2019-01-25 13:38:33,465 - INFO - fastread - 576, 3220
2019-01-25 13:38:33,470 - INFO - fastread - 576, 3230
2019-01-25 13:38:33,476 - INFO - fastread - 576, 3240
2019-01-25 13:38:33,482 - INFO - fastread - 576, 3250
2019-01-25 13:38:33,488 - INFO - fastread - 576, 3260
2019-01-25 13:38:33,494 - INFO - fastread - 576, 3270
2019-01-25 13:38:33,498 - INFO - fastread - 576, 3280
2019-01-25 13:38:33,502 - INFO - fastread - 576, 3290
2019-01-25 13:38:33,505 - INFO - fastread - 576, 3300
2019-01-25 13:38:33,509 - INFO - fastread - 576, 3310
2019-01-25 13:38:33,513 - INFO - fastread - 576, 3320
2019-01-25 13:38:33,517 - INFO - fastread - 576, 3330
2019-01-25 13:38:33,520 - INFO - fastread - 576, 3340
2019-01-25 13:38:33,524 - INFO - fastread - 576, 3350
2019-01-25 13:38:33,528 - INFO - fastread - 576, 3360
2019-01-25 13:38:33,531 - INFO - fastread - 576, 3370
2019-01-25 13:38:33,535 - INFO - fastread - 576, 3380
2019-01-25 13:38:33,539 - INFO - fastread - 576, 3390
2019-01-25 13:38:33,542 - INFO - fastread - 576, 3400
2019-01-25 13:38:33,546 - INFO - fastread - 576, 3410
2019-01-25 13:38:33,549 - INFO - fastread - 576, 3420
2019-01-25 13:38:33,553 - INFO - fastread - 576, 3430
2019-01-25 13:38:33,556 - INFO - fastread - 576, 3440
2019-01-25 13:38:33,561 - INFO - fastread - 576, 3450
2019-01-25 13:38:33,566 - INFO - fastread - 576, 3460
2019-01-25 13:38:33,571 - INFO - fastread - 576, 3470
2019-01-25 13:38:33,577 - INFO - fastread - 576, 3480
2019-01-25 13:38:33,582 - INFO - fastread - 576, 3490
2019-01-25 13:38:33,586 - INFO - fastread - 576, 3500
2019-01-25 13:38:33,590 - INFO - fastread - 576, 3510
2019-01-25 13:38:33,595 - INFO - fastread - 576, 3520
2019-01-25 13:38:33,598 - INFO - fastread - 576, 3530
2019-01-25 13:38:33,602 - INFO - fastread - 576, 3540
2019-01-25 13:38:33,606 - INFO - fastread - 576, 3550
2019-01-25 13:38:33,609 - INFO - fastread - 576, 3560
2019-01-25 13:38:33,613 - INFO - fastread - 576, 3570
2019-01-25 13:38:33,618 - INFO - fastread - 576, 3580
2019-01-25 13:38:33,623 - INFO - fastread - 576, 3590
2019-01-25 13:38:33,627 - INFO - fastread - 576, 3600
2019-01-25 13:38:33,630 - INFO - fastread - 576, 3610
2019-01-25 13:38:33,635 - INFO - fastread - 576, 3620
2019-01-25 13:38:33,641 - INFO - fastread - 577, 3630
2019-01-25 13:38:33,646 - INFO - fastread - 578, 3640
2019-01-25 13:38:33,650 - INFO - fastread - 578, 3650
2019-01-25 13:38:33,654 - INFO - fastread - 578, 3660
2019-01-25 13:38:33,657 - INFO - fastread - 578, 3670
2019-01-25 13:38:33,661 - INFO - fastread - 578, 3680
2019-01-25 13:38:33,665 - INFO - fastread - 579, 3690
2019-01-25 13:38:33,668 - INFO - fastread - 580, 3700
2019-01-25 13:38:33,671 - INFO - fastread - 580, 3710
2019-01-25 13:38:33,674 - INFO - fastread - 581, 3720
2019-01-25 13:38:33,677 - INFO - fastread - 581, 3730
2019-01-25 13:38:33,680 - INFO - fastread - 581, 3740
2019-01-25 13:38:33,683 - INFO - fastread - 582, 3750
2019-01-25 13:38:33,687 - INFO - fastread - 583, 3760
2019-01-25 13:38:33,690 - INFO - fastread - 585, 3770
2019-01-25 13:38:33,694 - INFO - fastread - 585, 3780
2019-01-25 13:38:33,697 - INFO - fastread - 585, 3790
2019-01-25 13:38:33,701 - INFO - fastread - 585, 3800
2019-01-25 13:38:33,704 - INFO - fastread - 585, 3810
2019-01-25 13:38:33,707 - INFO - fastread - 585, 3820
2019-01-25 13:38:33,712 - INFO - fastread - 586, 3830
2019-01-25 13:38:33,718 - INFO - fastread - 586, 3840
2019-01-25 13:38:33,723 - INFO - fastread - 586, 3850
2019-01-25 13:38:33,728 - INFO - fastread - 586, 3860
2019-01-25 13:38:33,733 - INFO - fastread - 588, 3870
2019-01-25 13:38:33,738 - INFO - fastread - 588, 3880
2019-01-25 13:38:33,744 - INFO - fastread - 588, 3890
2019-01-25 13:38:33,747 - INFO - fastread - 588, 3900
2019-01-25 13:38:33,751 - INFO - fastread - 593, 3910
2019-01-25 13:38:33,765 - INFO - rig - ++++NEW CLF++++ KNN
2019-01-25 13:38:33,765 - INFO - fastread - Total Yes: 622 | Total No: 4275
2019-01-25 13:39:05,298 - INFO - fastread - 7, 10
2019-01-25 13:39:05,308 - INFO - fastread - 8, 20
2019-01-25 13:39:05,311 - INFO - fastread - 14, 30
2019-01-25 13:39:05,315 - INFO - fastread - 21, 40
2019-01-25 13:39:05,319 - INFO - fastread - 27, 50
2019-01-25 13:39:05,324 - INFO - fastread - 32, 60
2019-01-25 13:39:05,329 - INFO - fastread - 36, 70
2019-01-25 13:39:05,335 - INFO - fastread - 42, 80
2019-01-25 13:39:05,341 - INFO - fastread - 45, 90
2019-01-25 13:39:05,346 - INFO - fastread - 50, 100
2019-01-25 13:39:05,351 - INFO - fastread - 55, 110
2019-01-25 13:39:05,357 - INFO - fastread - 60, 120
2019-01-25 13:39:05,364 - INFO - fastread - 65, 130
2019-01-25 13:39:05,371 - INFO - fastread - 67, 140
2019-01-25 13:39:05,377 - INFO - fastread - 67, 150
2019-01-25 13:39:05,383 - INFO - fastread - 68, 160
2019-01-25 13:39:05,388 - INFO - fastread - 69, 170
2019-01-25 13:39:05,394 - INFO - fastread - 70, 180
2019-01-25 13:39:05,400 - INFO - fastread - 72, 190
2019-01-25 13:39:05,405 - INFO - fastread - 74, 200
2019-01-25 13:39:05,409 - INFO - fastread - 76, 210
2019-01-25 13:39:05,413 - INFO - fastread - 76, 220
2019-01-25 13:39:05,418 - INFO - fastread - 77, 230
2019-01-25 13:39:05,424 - INFO - fastread - 78, 240
2019-01-25 13:39:05,429 - INFO - fastread - 78, 250
2019-01-25 13:39:05,432 - INFO - fastread - 79, 260
2019-01-25 13:39:05,439 - INFO - fastread - 80, 270
2019-01-25 13:39:05,445 - INFO - fastread - 81, 280
2019-01-25 13:39:05,450 - INFO - fastread - 83, 290
2019-01-25 13:39:05,453 - INFO - fastread - 84, 300
2019-01-25 13:39:05,459 - INFO - fastread - 84, 310
2019-01-25 13:39:05,465 - INFO - fastread - 85, 320
2019-01-25 13:39:05,470 - INFO - fastread - 87, 330
2019-01-25 13:39:05,476 - INFO - fastread - 89, 340
2019-01-25 13:39:05,483 - INFO - fastread - 90, 350
2019-01-25 13:39:05,488 - INFO - fastread - 92, 360
2019-01-25 13:39:05,492 - INFO - fastread - 92, 370
2019-01-25 13:39:05,497 - INFO - fastread - 94, 380
2019-01-25 13:39:05,501 - INFO - fastread - 95, 390
2019-01-25 13:39:05,504 - INFO - fastread - 96, 400
2019-01-25 13:39:05,511 - INFO - fastread - 98, 410
2019-01-25 13:39:05,515 - INFO - fastread - 101, 420
2019-01-25 13:39:05,520 - INFO - fastread - 104, 430
2019-01-25 13:39:05,525 - INFO - fastread - 104, 440
2019-01-25 13:39:05,531 - INFO - fastread - 105, 450
2019-01-25 13:39:05,536 - INFO - fastread - 107, 460
2019-01-25 13:39:05,542 - INFO - fastread - 108, 470
2019-01-25 13:39:05,546 - INFO - fastread - 110, 480
2019-01-25 13:39:05,550 - INFO - fastread - 111, 490
2019-01-25 13:39:05,554 - INFO - fastread - 111, 500
2019-01-25 13:39:05,559 - INFO - fastread - 112, 510
2019-01-25 13:39:05,563 - INFO - fastread - 113, 520
2019-01-25 13:39:05,566 - INFO - fastread - 116, 530
2019-01-25 13:39:05,570 - INFO - fastread - 117, 540
2019-01-25 13:39:05,575 - INFO - fastread - 121, 550
2019-01-25 13:39:05,582 - INFO - fastread - 123, 560
2019-01-25 13:39:05,589 - INFO - fastread - 124, 570
2019-01-25 13:39:05,593 - INFO - fastread - 125, 580
2019-01-25 13:39:05,597 - INFO - fastread - 125, 590
2019-01-25 13:39:05,601 - INFO - fastread - 127, 600
2019-01-25 13:39:05,606 - INFO - fastread - 128, 610
2019-01-25 13:39:05,612 - INFO - fastread - 129, 620
2019-01-25 13:39:05,618 - INFO - fastread - 129, 630
2019-01-25 13:39:05,623 - INFO - fastread - 131, 640
2019-01-25 13:39:05,628 - INFO - fastread - 133, 650
2019-01-25 13:39:05,634 - INFO - fastread - 134, 660
2019-01-25 13:39:05,639 - INFO - fastread - 134, 670
2019-01-25 13:39:05,643 - INFO - fastread - 136, 680
2019-01-25 13:39:05,647 - INFO - fastread - 136, 690
2019-01-25 13:39:05,652 - INFO - fastread - 140, 700
2019-01-25 13:39:05,658 - INFO - fastread - 141, 710
2019-01-25 13:39:05,663 - INFO - fastread - 143, 720
2019-01-25 13:39:05,668 - INFO - fastread - 143, 730
2019-01-25 13:39:05,674 - INFO - fastread - 146, 740
2019-01-25 13:39:05,679 - INFO - fastread - 148, 750
2019-01-25 13:39:05,685 - INFO - fastread - 148, 760
2019-01-25 13:39:05,691 - INFO - fastread - 149, 770
2019-01-25 13:39:05,694 - INFO - fastread - 151, 780
2019-01-25 13:39:05,698 - INFO - fastread - 151, 790
2019-01-25 13:39:05,703 - INFO - fastread - 154, 800
2019-01-25 13:39:05,707 - INFO - fastread - 158, 810
2019-01-25 13:39:05,712 - INFO - fastread - 160, 820
2019-01-25 13:39:05,717 - INFO - fastread - 164, 830
2019-01-25 13:39:05,720 - INFO - fastread - 165, 840
2019-01-25 13:39:05,725 - INFO - fastread - 165, 850
2019-01-25 13:39:05,728 - INFO - fastread - 165, 860
2019-01-25 13:39:05,731 - INFO - fastread - 166, 870
2019-01-25 13:39:05,735 - INFO - fastread - 167, 880
2019-01-25 13:39:05,739 - INFO - fastread - 167, 890
2019-01-25 13:39:05,743 - INFO - fastread - 169, 900
2019-01-25 13:39:05,746 - INFO - fastread - 169, 910
2019-01-25 13:39:05,750 - INFO - fastread - 170, 920
2019-01-25 13:39:05,754 - INFO - fastread - 171, 930
2019-01-25 13:39:05,757 - INFO - fastread - 172, 940
2019-01-25 13:39:05,763 - INFO - fastread - 175, 950
2019-01-25 13:39:05,769 - INFO - fastread - 176, 960
2019-01-25 13:39:05,772 - INFO - fastread - 177, 970
2019-01-25 13:39:05,776 - INFO - fastread - 179, 980
2019-01-25 13:39:05,781 - INFO - fastread - 180, 990
2019-01-25 13:39:05,785 - INFO - fastread - 180, 1000
2019-01-25 13:39:05,788 - INFO - fastread - 181, 1010
2019-01-25 13:39:05,794 - INFO - fastread - 183, 1020
2019-01-25 13:39:05,800 - INFO - fastread - 184, 1030
2019-01-25 13:39:05,804 - INFO - fastread - 184, 1040
2019-01-25 13:39:05,807 - INFO - fastread - 186, 1050
2019-01-25 13:39:05,810 - INFO - fastread - 188, 1060
2019-01-25 13:39:05,815 - INFO - fastread - 188, 1070
2019-01-25 13:39:05,819 - INFO - fastread - 188, 1080
2019-01-25 13:39:05,822 - INFO - fastread - 189, 1090
2019-01-25 13:39:05,828 - INFO - fastread - 189, 1100
2019-01-25 13:39:05,832 - INFO - fastread - 189, 1110
2019-01-25 13:39:05,836 - INFO - fastread - 190, 1120
2019-01-25 13:39:05,840 - INFO - fastread - 191, 1130
2019-01-25 13:39:05,845 - INFO - fastread - 192, 1140
2019-01-25 13:39:05,849 - INFO - fastread - 193, 1150
2019-01-25 13:39:05,852 - INFO - fastread - 194, 1160
2019-01-25 13:39:05,856 - INFO - fastread - 195, 1170
2019-01-25 13:39:05,861 - INFO - fastread - 197, 1180
2019-01-25 13:39:05,866 - INFO - fastread - 199, 1190
2019-01-25 13:39:05,871 - INFO - fastread - 200, 1200
2019-01-25 13:39:05,877 - INFO - fastread - 201, 1210
2019-01-25 13:39:05,881 - INFO - fastread - 202, 1220
2019-01-25 13:39:05,887 - INFO - fastread - 207, 1230
2019-01-25 13:39:05,892 - INFO - fastread - 209, 1240
2019-01-25 13:39:05,896 - INFO - fastread - 210, 1250
2019-01-25 13:39:05,901 - INFO - fastread - 210, 1260
2019-01-25 13:39:05,906 - INFO - fastread - 210, 1270
2019-01-25 13:39:05,911 - INFO - fastread - 210, 1280
2019-01-25 13:39:05,915 - INFO - fastread - 212, 1290
2019-01-25 13:39:05,918 - INFO - fastread - 213, 1300
2019-01-25 13:39:05,921 - INFO - fastread - 215, 1310
2019-01-25 13:39:05,926 - INFO - fastread - 216, 1320
2019-01-25 13:39:05,930 - INFO - fastread - 219, 1330
2019-01-25 13:39:05,935 - INFO - fastread - 219, 1340
2019-01-25 13:39:05,941 - INFO - fastread - 220, 1350
2019-01-25 13:39:05,945 - INFO - fastread - 221, 1360
2019-01-25 13:39:05,951 - INFO - fastread - 222, 1370
2019-01-25 13:39:05,957 - INFO - fastread - 224, 1380
2019-01-25 13:39:05,960 - INFO - fastread - 224, 1390
2019-01-25 13:39:05,964 - INFO - fastread - 226, 1400
2019-01-25 13:39:05,969 - INFO - fastread - 228, 1410
2019-01-25 13:39:05,975 - INFO - fastread - 229, 1420
2019-01-25 13:39:05,979 - INFO - fastread - 231, 1430
2019-01-25 13:39:05,984 - INFO - fastread - 232, 1440
2019-01-25 13:39:05,990 - INFO - fastread - 233, 1450
2019-01-25 13:39:05,995 - INFO - fastread - 236, 1460
2019-01-25 13:39:06,000 - INFO - fastread - 236, 1470
2019-01-25 13:39:06,004 - INFO - fastread - 237, 1480
2019-01-25 13:39:06,008 - INFO - fastread - 239, 1490
2019-01-25 13:39:06,012 - INFO - fastread - 239, 1500
2019-01-25 13:39:06,017 - INFO - fastread - 239, 1510
2019-01-25 13:39:06,022 - INFO - fastread - 240, 1520
2019-01-25 13:39:06,027 - INFO - fastread - 240, 1530
2019-01-25 13:39:06,032 - INFO - fastread - 241, 1540
2019-01-25 13:39:06,038 - INFO - fastread - 243, 1550
2019-01-25 13:39:06,043 - INFO - fastread - 245, 1560
2019-01-25 13:39:06,048 - INFO - fastread - 245, 1570
2019-01-25 13:39:06,052 - INFO - fastread - 246, 1580
2019-01-25 13:39:06,057 - INFO - fastread - 247, 1590
2019-01-25 13:39:06,062 - INFO - fastread - 248, 1600
2019-01-25 13:39:06,068 - INFO - fastread - 249, 1610
2019-01-25 13:39:06,073 - INFO - fastread - 251, 1620
2019-01-25 13:39:06,079 - INFO - fastread - 251, 1630
2019-01-25 13:39:06,083 - INFO - fastread - 252, 1640
2019-01-25 13:39:06,088 - INFO - fastread - 252, 1650
2019-01-25 13:39:06,094 - INFO - fastread - 252, 1660
2019-01-25 13:39:06,099 - INFO - fastread - 254, 1670
2019-01-25 13:39:06,102 - INFO - fastread - 254, 1680
2019-01-25 13:39:06,105 - INFO - fastread - 254, 1690
2019-01-25 13:39:06,110 - INFO - fastread - 254, 1700
2019-01-25 13:39:06,115 - INFO - fastread - 255, 1710
2019-01-25 13:39:06,120 - INFO - fastread - 255, 1720
2019-01-25 13:39:06,126 - INFO - fastread - 255, 1730
2019-01-25 13:39:06,132 - INFO - fastread - 256, 1740
2019-01-25 13:39:06,137 - INFO - fastread - 257, 1750
2019-01-25 13:39:06,141 - INFO - fastread - 259, 1760
2019-01-25 13:39:06,146 - INFO - fastread - 260, 1770
2019-01-25 13:39:06,150 - INFO - fastread - 261, 1780
2019-01-25 13:39:06,155 - INFO - fastread - 263, 1790
2019-01-25 13:39:06,160 - INFO - fastread - 263, 1800
2019-01-25 13:39:06,166 - INFO - fastread - 264, 1810
2019-01-25 13:39:06,170 - INFO - fastread - 265, 1820
2019-01-25 13:39:06,174 - INFO - fastread - 268, 1830
2019-01-25 13:39:06,177 - INFO - fastread - 268, 1840
2019-01-25 13:39:06,180 - INFO - fastread - 269, 1850
2019-01-25 13:39:06,185 - INFO - fastread - 270, 1860
2019-01-25 13:39:06,189 - INFO - fastread - 272, 1870
2019-01-25 13:39:06,195 - INFO - fastread - 273, 1880
2019-01-25 13:39:06,199 - INFO - fastread - 273, 1890
2019-01-25 13:39:06,203 - INFO - fastread - 273, 1900
2019-01-25 13:39:06,206 - INFO - fastread - 273, 1910
2019-01-25 13:39:06,211 - INFO - fastread - 273, 1920
2019-01-25 13:39:06,216 - INFO - fastread - 273, 1930
2019-01-25 13:39:06,221 - INFO - fastread - 276, 1940
2019-01-25 13:39:06,226 - INFO - fastread - 277, 1950
2019-01-25 13:39:06,231 - INFO - fastread - 278, 1960
2019-01-25 13:39:06,236 - INFO - fastread - 279, 1970
2019-01-25 13:39:06,241 - INFO - fastread - 283, 1980
2019-01-25 13:39:06,246 - INFO - fastread - 284, 1990
2019-01-25 13:39:06,252 - INFO - fastread - 285, 2000
2019-01-25 13:39:06,257 - INFO - fastread - 288, 2010
2019-01-25 13:39:06,262 - INFO - fastread - 289, 2020
2019-01-25 13:39:06,267 - INFO - fastread - 290, 2030
2019-01-25 13:39:06,271 - INFO - fastread - 290, 2040
2019-01-25 13:39:06,276 - INFO - fastread - 292, 2050
2019-01-25 13:39:06,282 - INFO - fastread - 293, 2060
2019-01-25 13:39:06,286 - INFO - fastread - 294, 2070
2019-01-25 13:39:06,290 - INFO - fastread - 296, 2080
2019-01-25 13:39:06,294 - INFO - fastread - 298, 2090
2019-01-25 13:39:06,298 - INFO - fastread - 300, 2100
2019-01-25 13:39:06,303 - INFO - fastread - 301, 2110
2019-01-25 13:39:06,308 - INFO - fastread - 301, 2120
2019-01-25 13:39:06,311 - INFO - fastread - 301, 2130
2019-01-25 13:39:06,314 - INFO - fastread - 304, 2140
2019-01-25 13:39:06,317 - INFO - fastread - 304, 2150
2019-01-25 13:39:06,321 - INFO - fastread - 304, 2160
2019-01-25 13:39:06,325 - INFO - fastread - 304, 2170
2019-01-25 13:39:06,329 - INFO - fastread - 305, 2180
2019-01-25 13:39:06,333 - INFO - fastread - 306, 2190
2019-01-25 13:39:06,338 - INFO - fastread - 306, 2200
2019-01-25 13:39:06,344 - INFO - fastread - 308, 2210
2019-01-25 13:39:06,349 - INFO - fastread - 310, 2220
2019-01-25 13:39:06,354 - INFO - fastread - 312, 2230
2019-01-25 13:39:06,359 - INFO - fastread - 313, 2240
2019-01-25 13:39:06,364 - INFO - fastread - 313, 2250
2019-01-25 13:39:06,369 - INFO - fastread - 314, 2260
2019-01-25 13:39:06,374 - INFO - fastread - 315, 2270
2019-01-25 13:39:06,379 - INFO - fastread - 319, 2280
2019-01-25 13:39:06,385 - INFO - fastread - 320, 2290
2019-01-25 13:39:06,390 - INFO - fastread - 321, 2300
2019-01-25 13:39:06,395 - INFO - fastread - 323, 2310
2019-01-25 13:39:06,400 - INFO - fastread - 324, 2320
2019-01-25 13:39:06,403 - INFO - fastread - 326, 2330
2019-01-25 13:39:06,407 - INFO - fastread - 327, 2340
2019-01-25 13:39:06,410 - INFO - fastread - 327, 2350
2019-01-25 13:39:06,414 - INFO - fastread - 327, 2360
2019-01-25 13:39:06,418 - INFO - fastread - 331, 2370
2019-01-25 13:39:06,423 - INFO - fastread - 331, 2380
2019-01-25 13:39:06,429 - INFO - fastread - 332, 2390
2019-01-25 13:39:06,434 - INFO - fastread - 334, 2400
2019-01-25 13:39:06,440 - INFO - fastread - 334, 2410
2019-01-25 13:39:06,445 - INFO - fastread - 334, 2420
2019-01-25 13:39:06,451 - INFO - fastread - 334, 2430
2019-01-25 13:39:06,458 - INFO - fastread - 334, 2440
2019-01-25 13:39:06,465 - INFO - fastread - 337, 2450
2019-01-25 13:39:06,470 - INFO - fastread - 338, 2460
2019-01-25 13:39:06,475 - INFO - fastread - 339, 2470
2019-01-25 13:39:06,481 - INFO - fastread - 342, 2480
2019-01-25 13:39:06,486 - INFO - fastread - 344, 2490
2019-01-25 13:39:06,490 - INFO - fastread - 346, 2500
2019-01-25 13:39:06,496 - INFO - fastread - 346, 2510
2019-01-25 13:39:06,501 - INFO - fastread - 347, 2520
2019-01-25 13:39:06,506 - INFO - fastread - 349, 2530
2019-01-25 13:39:06,511 - INFO - fastread - 350, 2540
2019-01-25 13:39:06,514 - INFO - fastread - 352, 2550
2019-01-25 13:39:06,519 - INFO - fastread - 352, 2560
2019-01-25 13:39:06,525 - INFO - fastread - 354, 2570
2019-01-25 13:39:06,531 - INFO - fastread - 356, 2580
2019-01-25 13:39:06,536 - INFO - fastread - 356, 2590
2019-01-25 13:39:06,541 - INFO - fastread - 359, 2600
2019-01-25 13:39:06,547 - INFO - fastread - 359, 2610
2019-01-25 13:39:06,553 - INFO - fastread - 360, 2620
2019-01-25 13:39:06,558 - INFO - fastread - 361, 2630
2019-01-25 13:39:06,563 - INFO - fastread - 361, 2640
2019-01-25 13:39:06,569 - INFO - fastread - 363, 2650
2019-01-25 13:39:06,573 - INFO - fastread - 364, 2660
2019-01-25 13:39:06,579 - INFO - fastread - 366, 2670
2019-01-25 13:39:06,585 - INFO - fastread - 368, 2680
2019-01-25 13:39:06,590 - INFO - fastread - 368, 2690
2019-01-25 13:39:06,596 - INFO - fastread - 370, 2700
2019-01-25 13:39:06,602 - INFO - fastread - 370, 2710
2019-01-25 13:39:06,609 - INFO - fastread - 371, 2720
2019-01-25 13:39:06,613 - INFO - fastread - 371, 2730
2019-01-25 13:39:06,616 - INFO - fastread - 372, 2740
2019-01-25 13:39:06,620 - INFO - fastread - 373, 2750
2019-01-25 13:39:06,625 - INFO - fastread - 373, 2760
2019-01-25 13:39:06,630 - INFO - fastread - 376, 2770
2019-01-25 13:39:06,634 - INFO - fastread - 377, 2780
2019-01-25 13:39:06,638 - INFO - fastread - 378, 2790
2019-01-25 13:39:06,641 - INFO - fastread - 378, 2800
2019-01-25 13:39:06,645 - INFO - fastread - 379, 2810
2019-01-25 13:39:06,648 - INFO - fastread - 382, 2820
2019-01-25 13:39:06,653 - INFO - fastread - 385, 2830
2019-01-25 13:39:06,659 - INFO - fastread - 387, 2840
2019-01-25 13:39:06,663 - INFO - fastread - 389, 2850
2019-01-25 13:39:06,667 - INFO - fastread - 393, 2860
2019-01-25 13:39:06,671 - INFO - fastread - 394, 2870
2019-01-25 13:39:06,676 - INFO - fastread - 395, 2880
2019-01-25 13:39:06,681 - INFO - fastread - 396, 2890
2019-01-25 13:39:06,687 - INFO - fastread - 397, 2900
2019-01-25 13:39:06,693 - INFO - fastread - 397, 2910
2019-01-25 13:39:06,699 - INFO - fastread - 400, 2920
2019-01-25 13:39:06,703 - INFO - fastread - 401, 2930
2019-01-25 13:39:06,709 - INFO - fastread - 404, 2940
2019-01-25 13:39:06,712 - INFO - fastread - 404, 2950
2019-01-25 13:39:06,717 - INFO - fastread - 406, 2960
2019-01-25 13:39:06,722 - INFO - fastread - 406, 2970
2019-01-25 13:39:06,728 - INFO - fastread - 407, 2980
2019-01-25 13:39:06,733 - INFO - fastread - 407, 2990
2019-01-25 13:39:06,739 - INFO - fastread - 407, 3000
2019-01-25 13:39:06,745 - INFO - fastread - 408, 3010
2019-01-25 13:39:06,751 - INFO - fastread - 408, 3020
2019-01-25 13:39:06,756 - INFO - fastread - 410, 3030
2019-01-25 13:39:06,761 - INFO - fastread - 411, 3040
2019-01-25 13:39:06,766 - INFO - fastread - 411, 3050
2019-01-25 13:39:06,769 - INFO - fastread - 411, 3060
2019-01-25 13:39:06,773 - INFO - fastread - 411, 3070
2019-01-25 13:39:06,777 - INFO - fastread - 413, 3080
2019-01-25 13:39:06,781 - INFO - fastread - 413, 3090
2019-01-25 13:39:06,785 - INFO - fastread - 414, 3100
2019-01-25 13:39:06,790 - INFO - fastread - 415, 3110
2019-01-25 13:39:06,794 - INFO - fastread - 416, 3120
2019-01-25 13:39:06,798 - INFO - fastread - 417, 3130
2019-01-25 13:39:06,801 - INFO - fastread - 417, 3140
2019-01-25 13:39:06,805 - INFO - fastread - 419, 3150
2019-01-25 13:39:06,809 - INFO - fastread - 420, 3160
2019-01-25 13:39:06,813 - INFO - fastread - 423, 3170
2019-01-25 13:39:06,817 - INFO - fastread - 425, 3180
2019-01-25 13:39:06,820 - INFO - fastread - 425, 3190
2019-01-25 13:39:06,825 - INFO - fastread - 426, 3200
2019-01-25 13:39:06,830 - INFO - fastread - 428, 3210
2019-01-25 13:39:06,834 - INFO - fastread - 428, 3220
2019-01-25 13:39:06,840 - INFO - fastread - 429, 3230
2019-01-25 13:39:06,844 - INFO - fastread - 429, 3240
2019-01-25 13:39:06,848 - INFO - fastread - 433, 3250
2019-01-25 13:39:06,852 - INFO - fastread - 435, 3260
2019-01-25 13:39:06,856 - INFO - fastread - 436, 3270
2019-01-25 13:39:06,861 - INFO - fastread - 438, 3280
2019-01-25 13:39:06,867 - INFO - fastread - 439, 3290
2019-01-25 13:39:06,871 - INFO - fastread - 440, 3300
2019-01-25 13:39:06,876 - INFO - fastread - 441, 3310
2019-01-25 13:39:06,880 - INFO - fastread - 441, 3320
2019-01-25 13:39:06,886 - INFO - fastread - 443, 3330
2019-01-25 13:39:06,892 - INFO - fastread - 443, 3340
2019-01-25 13:39:06,895 - INFO - fastread - 443, 3350
2019-01-25 13:39:06,899 - INFO - fastread - 444, 3360
2019-01-25 13:39:06,903 - INFO - fastread - 447, 3370
2019-01-25 13:39:06,906 - INFO - fastread - 448, 3380
2019-01-25 13:39:06,911 - INFO - fastread - 450, 3390
2019-01-25 13:39:06,917 - INFO - fastread - 450, 3400
2019-01-25 13:39:06,922 - INFO - fastread - 451, 3410
2019-01-25 13:39:06,926 - INFO - fastread - 452, 3420
2019-01-25 13:39:06,929 - INFO - fastread - 452, 3430
2019-01-25 13:39:06,935 - INFO - fastread - 453, 3440
2019-01-25 13:39:06,941 - INFO - fastread - 454, 3450
2019-01-25 13:39:06,943 - INFO - fastread - 456, 3460
2019-01-25 13:39:06,947 - INFO - fastread - 457, 3470
2019-01-25 13:39:06,951 - INFO - fastread - 457, 3480
2019-01-25 13:39:06,955 - INFO - fastread - 459, 3490
2019-01-25 13:39:06,960 - INFO - fastread - 459, 3500
2019-01-25 13:39:06,964 - INFO - fastread - 460, 3510
2019-01-25 13:39:06,968 - INFO - fastread - 460, 3520
2019-01-25 13:39:06,971 - INFO - fastread - 460, 3530
2019-01-25 13:39:06,976 - INFO - fastread - 460, 3540
2019-01-25 13:39:06,982 - INFO - fastread - 464, 3550
2019-01-25 13:39:06,988 - INFO - fastread - 465, 3560
2019-01-25 13:39:06,995 - INFO - fastread - 466, 3570
2019-01-25 13:39:06,999 - INFO - fastread - 469, 3580
2019-01-25 13:39:07,003 - INFO - fastread - 469, 3590
2019-01-25 13:39:07,006 - INFO - fastread - 470, 3600
2019-01-25 13:39:07,011 - INFO - fastread - 470, 3610
2019-01-25 13:39:07,016 - INFO - fastread - 471, 3620
2019-01-25 13:39:07,023 - INFO - fastread - 472, 3630
2019-01-25 13:39:07,029 - INFO - fastread - 472, 3640
2019-01-25 13:39:07,034 - INFO - fastread - 473, 3650
2019-01-25 13:39:07,040 - INFO - fastread - 475, 3660
2019-01-25 13:39:07,045 - INFO - fastread - 475, 3670
2019-01-25 13:39:07,050 - INFO - fastread - 476, 3680
2019-01-25 13:39:07,056 - INFO - fastread - 476, 3690
2019-01-25 13:39:07,062 - INFO - fastread - 479, 3700
2019-01-25 13:39:07,067 - INFO - fastread - 481, 3710
2019-01-25 13:39:07,073 - INFO - fastread - 482, 3720
2019-01-25 13:39:07,077 - INFO - fastread - 484, 3730
2019-01-25 13:39:07,080 - INFO - fastread - 485, 3740
2019-01-25 13:39:07,084 - INFO - fastread - 486, 3750
2019-01-25 13:39:07,087 - INFO - fastread - 487, 3760
2019-01-25 13:39:07,092 - INFO - fastread - 490, 3770
2019-01-25 13:39:07,095 - INFO - fastread - 490, 3780
2019-01-25 13:39:07,099 - INFO - fastread - 491, 3790
2019-01-25 13:39:07,103 - INFO - fastread - 491, 3800
2019-01-25 13:39:07,107 - INFO - fastread - 493, 3810
2019-01-25 13:39:07,111 - INFO - fastread - 494, 3820
2019-01-25 13:39:07,114 - INFO - fastread - 495, 3830
2019-01-25 13:39:07,118 - INFO - fastread - 495, 3840
2019-01-25 13:39:07,121 - INFO - fastread - 497, 3850
2019-01-25 13:39:07,125 - INFO - fastread - 497, 3860
2019-01-25 13:39:07,130 - INFO - fastread - 497, 3870
2019-01-25 13:39:07,133 - INFO - fastread - 497, 3880
2019-01-25 13:39:07,137 - INFO - fastread - 499, 3890
2019-01-25 13:39:07,141 - INFO - fastread - 501, 3900
2019-01-25 13:39:07,147 - INFO - fastread - 501, 3910
2019-01-25 13:39:07,152 - INFO - fastread - 503, 3920
2019-01-25 13:39:07,158 - INFO - fastread - 504, 3930
2019-01-25 13:39:07,162 - INFO - fastread - 507, 3940
2019-01-25 13:39:07,166 - INFO - fastread - 508, 3950
2019-01-25 13:39:07,172 - INFO - fastread - 509, 3960
2019-01-25 13:39:07,176 - INFO - fastread - 514, 3970
2019-01-25 13:39:07,180 - INFO - fastread - 517, 3980
2019-01-25 13:39:07,185 - INFO - fastread - 520, 3990
2019-01-25 13:39:07,189 - INFO - fastread - 522, 4000
2019-01-25 13:39:07,193 - INFO - fastread - 525, 4010
2019-01-25 13:39:07,197 - INFO - fastread - 527, 4020
2019-01-25 13:39:07,200 - INFO - fastread - 527, 4030
2019-01-25 13:39:07,204 - INFO - fastread - 528, 4040
2019-01-25 13:39:07,208 - INFO - fastread - 531, 4050
2019-01-25 13:39:07,213 - INFO - fastread - 531, 4060
2019-01-25 13:39:07,219 - INFO - fastread - 531, 4070
2019-01-25 13:39:07,224 - INFO - fastread - 531, 4080
2019-01-25 13:39:07,230 - INFO - fastread - 531, 4090
2019-01-25 13:39:07,236 - INFO - fastread - 533, 4100
2019-01-25 13:39:07,242 - INFO - fastread - 534, 4110
2019-01-25 13:39:07,257 - INFO - fastread - 535, 4120
2019-01-25 13:39:07,262 - INFO - fastread - 535, 4130
2019-01-25 13:39:07,266 - INFO - fastread - 535, 4140
2019-01-25 13:39:07,269 - INFO - fastread - 537, 4150
2019-01-25 13:39:07,273 - INFO - fastread - 540, 4160
2019-01-25 13:39:07,277 - INFO - fastread - 540, 4170
2019-01-25 13:39:07,280 - INFO - fastread - 541, 4180
2019-01-25 13:39:07,285 - INFO - fastread - 541, 4190
2019-01-25 13:39:07,291 - INFO - fastread - 542, 4200
2019-01-25 13:39:07,297 - INFO - fastread - 542, 4210
2019-01-25 13:39:07,303 - INFO - fastread - 542, 4220
2019-01-25 13:39:07,307 - INFO - fastread - 543, 4230
2019-01-25 13:39:07,311 - INFO - fastread - 546, 4240
2019-01-25 13:39:07,314 - INFO - fastread - 547, 4250
2019-01-25 13:39:07,317 - INFO - fastread - 549, 4260
2019-01-25 13:39:07,321 - INFO - fastread - 549, 4270
2019-01-25 13:39:07,325 - INFO - fastread - 549, 4280
2019-01-25 13:39:07,328 - INFO - fastread - 551, 4290
2019-01-25 13:39:07,332 - INFO - fastread - 552, 4300
2019-01-25 13:39:07,335 - INFO - fastread - 553, 4310
2019-01-25 13:39:07,339 - INFO - fastread - 556, 4320
2019-01-25 13:39:07,344 - INFO - fastread - 557, 4330
2019-01-25 13:39:07,347 - INFO - fastread - 558, 4340
2019-01-25 13:39:07,351 - INFO - fastread - 559, 4350
2019-01-25 13:39:07,356 - INFO - fastread - 559, 4360
2019-01-25 13:39:07,361 - INFO - fastread - 560, 4370
2019-01-25 13:39:07,367 - INFO - fastread - 561, 4380
2019-01-25 13:39:07,372 - INFO - fastread - 561, 4390
2019-01-25 13:39:07,378 - INFO - fastread - 563, 4400
2019-01-25 13:39:07,384 - INFO - fastread - 564, 4410
2019-01-25 13:39:07,390 - INFO - fastread - 565, 4420
2019-01-25 13:39:07,397 - INFO - fastread - 565, 4430
2019-01-25 13:39:07,403 - INFO - fastread - 565, 4440
2019-01-25 13:39:07,408 - INFO - fastread - 567, 4450
2019-01-25 13:39:07,414 - INFO - fastread - 568, 4460
2019-01-25 13:39:07,420 - INFO - fastread - 568, 4470
2019-01-25 13:39:07,426 - INFO - fastread - 569, 4480
2019-01-25 13:39:07,431 - INFO - fastread - 570, 4490
2019-01-25 13:39:07,437 - INFO - fastread - 573, 4500
2019-01-25 13:39:07,442 - INFO - fastread - 574, 4510
2019-01-25 13:39:07,446 - INFO - fastread - 574, 4520
2019-01-25 13:39:07,449 - INFO - fastread - 579, 4530
2019-01-25 13:39:07,453 - INFO - fastread - 581, 4540
2019-01-25 13:39:07,457 - INFO - fastread - 582, 4550
2019-01-25 13:39:07,463 - INFO - fastread - 583, 4560
2019-01-25 13:39:07,469 - INFO - fastread - 584, 4570
2019-01-25 13:39:07,474 - INFO - fastread - 585, 4580
2019-01-25 13:39:07,480 - INFO - fastread - 585, 4590
2019-01-25 13:39:07,486 - INFO - fastread - 586, 4600
2019-01-25 13:39:07,492 - INFO - fastread - 586, 4610
2019-01-25 13:39:07,498 - INFO - fastread - 586, 4620
2019-01-25 13:39:07,503 - INFO - fastread - 587, 4630
2019-01-25 13:39:07,509 - INFO - fastread - 589, 4640
2019-01-25 13:39:07,516 - INFO - fastread - 589, 4650
2019-01-25 13:39:07,522 - INFO - fastread - 590, 4660
2019-01-25 13:39:07,529 - INFO - fastread - 592, 4670
2019-01-25 13:39:07,560 - INFO - rig - ++++NEW CLF++++ SVM
2019-01-25 13:39:07,562 - INFO - fastread - Total Yes: 622 | Total No: 4275
2019-01-25 13:47:27,867 - INFO - fastread - 1, 10
2019-01-25 13:47:27,872 - INFO - fastread - 7, 20
2019-01-25 13:47:27,875 - INFO - fastread - 17, 30
2019-01-25 13:47:27,879 - INFO - fastread - 27, 40
2019-01-25 13:47:27,883 - INFO - fastread - 36, 50
2019-01-25 13:47:27,886 - INFO - fastread - 46, 60
2019-01-25 13:47:27,889 - INFO - fastread - 56, 70
2019-01-25 13:47:27,892 - INFO - fastread - 66, 80
2019-01-25 13:47:27,897 - INFO - fastread - 76, 90
2019-01-25 13:47:27,902 - INFO - fastread - 86, 100
2019-01-25 13:47:27,907 - INFO - fastread - 96, 110
2019-01-25 13:47:27,912 - INFO - fastread - 106, 120
2019-01-25 13:47:27,917 - INFO - fastread - 116, 130
2019-01-25 13:47:27,922 - INFO - fastread - 126, 140
2019-01-25 13:47:27,927 - INFO - fastread - 136, 150
2019-01-25 13:47:27,932 - INFO - fastread - 146, 160
2019-01-25 13:47:27,936 - INFO - fastread - 156, 170
2019-01-25 13:47:27,939 - INFO - fastread - 166, 180
2019-01-25 13:47:27,942 - INFO - fastread - 176, 190
2019-01-25 13:47:27,945 - INFO - fastread - 185, 200
2019-01-25 13:47:27,948 - INFO - fastread - 195, 210
2019-01-25 13:47:27,948 - INFO - fastread - 204, 220
2019-01-25 13:47:27,957 - INFO - fastread - 214, 230
2019-01-25 13:47:27,957 - INFO - fastread - 222, 240
2019-01-25 13:47:27,967 - INFO - fastread - 232, 250
2019-01-25 13:47:27,967 - INFO - fastread - 242, 260
2019-01-25 13:47:27,967 - INFO - fastread - 251, 270
2019-01-25 13:47:27,977 - INFO - fastread - 260, 280
2019-01-25 13:47:27,977 - INFO - fastread - 270, 290
2019-01-25 13:47:27,977 - INFO - fastread - 279, 300
2019-01-25 13:47:27,987 - INFO - fastread - 289, 310
2019-01-25 13:47:27,990 - INFO - fastread - 297, 320
2019-01-25 13:47:27,994 - INFO - fastread - 307, 330
2019-01-25 13:47:27,998 - INFO - fastread - 314, 340
2019-01-25 13:47:28,001 - INFO - fastread - 321, 350
2019-01-25 13:47:28,006 - INFO - fastread - 328, 360
2019-01-25 13:47:28,010 - INFO - fastread - 335, 370
2019-01-25 13:47:28,015 - INFO - fastread - 339, 380
2019-01-25 13:47:28,020 - INFO - fastread - 346, 390
2019-01-25 13:47:28,025 - INFO - fastread - 353, 400
2019-01-25 13:47:28,030 - INFO - fastread - 361, 410
2019-01-25 13:47:28,036 - INFO - fastread - 370, 420
2019-01-25 13:47:28,040 - INFO - fastread - 380, 430
2019-01-25 13:47:28,045 - INFO - fastread - 388, 440
2019-01-25 13:47:28,048 - INFO - fastread - 395, 450
2019-01-25 13:47:28,055 - INFO - fastread - 404, 460
2019-01-25 13:47:28,057 - INFO - fastread - 411, 470
2019-01-25 13:47:28,057 - INFO - fastread - 420, 480
2019-01-25 13:47:28,057 - INFO - fastread - 429, 490
2019-01-25 13:47:28,067 - INFO - fastread - 437, 500
2019-01-25 13:47:28,067 - INFO - fastread - 447, 510
2019-01-25 13:47:28,075 - INFO - fastread - 454, 520
2019-01-25 13:47:28,077 - INFO - fastread - 462, 530
2019-01-25 13:47:28,077 - INFO - fastread - 468, 540
2019-01-25 13:47:28,088 - INFO - fastread - 478, 550
2019-01-25 13:47:28,088 - INFO - fastread - 484, 560
2019-01-25 13:47:28,098 - INFO - fastread - 493, 570
2019-01-25 13:47:28,098 - INFO - fastread - 501, 580
2019-01-25 13:47:28,108 - INFO - fastread - 510, 590
2019-01-25 13:47:28,108 - INFO - fastread - 513, 600
2019-01-25 13:47:28,118 - INFO - fastread - 521, 610
2019-01-25 13:47:28,118 - INFO - fastread - 528, 620
2019-01-25 13:47:28,128 - INFO - fastread - 535, 630
2019-01-25 13:47:28,128 - INFO - fastread - 540, 640
2019-01-25 13:47:28,136 - INFO - fastread - 545, 650
2019-01-25 13:47:28,140 - INFO - fastread - 548, 660
2019-01-25 13:47:28,144 - INFO - fastread - 554, 670
2019-01-25 13:47:28,149 - INFO - fastread - 558, 680
2019-01-25 13:47:28,155 - INFO - fastread - 560, 690
2019-01-25 13:47:28,160 - INFO - fastread - 564, 700
2019-01-25 13:47:28,164 - INFO - fastread - 567, 710
2019-01-25 13:47:28,168 - INFO - fastread - 572, 720
2019-01-25 13:47:28,168 - INFO - fastread - 572, 730
2019-01-25 13:47:28,178 - INFO - fastread - 574, 740
2019-01-25 13:47:28,185 - INFO - fastread - 574, 750
2019-01-25 13:47:28,190 - INFO - fastread - 575, 760
2019-01-25 13:47:28,196 - INFO - fastread - 579, 770
2019-01-25 13:47:28,201 - INFO - fastread - 581, 780
2019-01-25 13:47:28,206 - INFO - fastread - 585, 790
2019-01-25 13:47:28,211 - INFO - fastread - 587, 800
2019-01-25 13:47:28,217 - INFO - fastread - 588, 810
2019-01-25 13:47:28,223 - INFO - fastread - 590, 820
2019-01-25 13:47:28,229 - INFO - fastread - 590, 830
2019-01-25 13:47:28,233 - INFO - fastread - 590, 840
2019-01-25 13:47:28,240 - INFO - fastread - 591, 850
2019-01-25 13:47:28,256 - INFO - rig - ++++NEW CLF++++ DT
2019-01-25 13:47:28,256 - INFO - fastread - Total Yes: 622 | Total No: 4275
2019-01-25 13:47:42,832 - INFO - fastread - 10, 10
2019-01-25 13:47:42,840 - INFO - fastread - 18, 20
2019-01-25 13:47:42,845 - INFO - fastread - 28, 30
2019-01-25 13:47:42,851 - INFO - fastread - 34, 40
2019-01-25 13:47:42,858 - INFO - fastread - 44, 50
2019-01-25 13:47:42,862 - INFO - fastread - 53, 60
2019-01-25 13:47:42,866 - INFO - fastread - 62, 70
2019-01-25 13:47:42,871 - INFO - fastread - 71, 80
2019-01-25 13:47:42,876 - INFO - fastread - 79, 90
2019-01-25 13:47:42,880 - INFO - fastread - 87, 100
2019-01-25 13:47:42,884 - INFO - fastread - 96, 110
2019-01-25 13:47:42,892 - INFO - fastread - 106, 120
2019-01-25 13:47:42,897 - INFO - fastread - 114, 130
2019-01-25 13:47:42,903 - INFO - fastread - 123, 140
2019-01-25 13:47:42,908 - INFO - fastread - 132, 150
2019-01-25 13:47:42,911 - INFO - fastread - 141, 160
2019-01-25 13:47:42,916 - INFO - fastread - 148, 170
2019-01-25 13:47:42,921 - INFO - fastread - 157, 180
2019-01-25 13:47:42,921 - INFO - fastread - 164, 190
2019-01-25 13:47:42,932 - INFO - fastread - 172, 200
2019-01-25 13:47:42,932 - INFO - fastread - 180, 210
2019-01-25 13:47:42,942 - INFO - fastread - 189, 220
2019-01-25 13:47:42,942 - INFO - fastread - 197, 230
2019-01-25 13:47:42,952 - INFO - fastread - 207, 240
2019-01-25 13:47:42,952 - INFO - fastread - 217, 250
2019-01-25 13:47:42,964 - INFO - fastread - 226, 260
2019-01-25 13:47:42,968 - INFO - fastread - 236, 270
2019-01-25 13:47:42,972 - INFO - fastread - 244, 280
2019-01-25 13:47:42,972 - INFO - fastread - 254, 290
2019-01-25 13:47:42,972 - INFO - fastread - 260, 300
2019-01-25 13:47:42,982 - INFO - fastread - 267, 310
2019-01-25 13:47:42,982 - INFO - fastread - 276, 320
2019-01-25 13:47:42,982 - INFO - fastread - 285, 330
2019-01-25 13:47:42,992 - INFO - fastread - 293, 340
2019-01-25 13:47:42,992 - INFO - fastread - 300, 350
2019-01-25 13:47:42,992 - INFO - fastread - 308, 360
2019-01-25 13:47:43,003 - INFO - fastread - 317, 370
2019-01-25 13:47:43,003 - INFO - fastread - 325, 380
2019-01-25 13:47:43,011 - INFO - fastread - 332, 390
2019-01-25 13:47:43,013 - INFO - fastread - 339, 400
2019-01-25 13:47:43,013 - INFO - fastread - 347, 410
2019-01-25 13:47:43,013 - INFO - fastread - 355, 420
2019-01-25 13:47:43,023 - INFO - fastread - 365, 430
2019-01-25 13:47:43,023 - INFO - fastread - 374, 440
2019-01-25 13:47:43,023 - INFO - fastread - 381, 450
2019-01-25 13:47:43,033 - INFO - fastread - 389, 460
2019-01-25 13:47:43,033 - INFO - fastread - 399, 470
2019-01-25 13:47:43,043 - INFO - fastread - 409, 480
2019-01-25 13:47:43,043 - INFO - fastread - 417, 490
2019-01-25 13:47:43,054 - INFO - fastread - 423, 500
2019-01-25 13:47:43,054 - INFO - fastread - 432, 510
2019-01-25 13:47:43,062 - INFO - fastread - 442, 520
2019-01-25 13:47:43,064 - INFO - fastread - 452, 530
2019-01-25 13:47:43,064 - INFO - fastread - 462, 540
2019-01-25 13:47:43,072 - INFO - fastread - 471, 550
2019-01-25 13:47:43,074 - INFO - fastread - 478, 560
2019-01-25 13:47:43,082 - INFO - fastread - 488, 570
2019-01-25 13:47:43,084 - INFO - fastread - 497, 580
2019-01-25 13:47:43,094 - INFO - fastread - 504, 590
2019-01-25 13:47:43,094 - INFO - fastread - 513, 600
2019-01-25 13:47:43,104 - INFO - fastread - 522, 610
2019-01-25 13:47:43,104 - INFO - fastread - 528, 620
2019-01-25 13:47:43,114 - INFO - fastread - 537, 630
2019-01-25 13:47:43,122 - INFO - fastread - 546, 640
2019-01-25 13:47:43,124 - INFO - fastread - 554, 650
2019-01-25 13:47:43,124 - INFO - fastread - 555, 660
2019-01-25 13:47:43,134 - INFO - fastread - 556, 670
2019-01-25 13:47:43,142 - INFO - fastread - 556, 680
2019-01-25 13:47:43,144 - INFO - fastread - 556, 690
2019-01-25 13:47:43,152 - INFO - fastread - 556, 700
2019-01-25 13:47:43,154 - INFO - fastread - 557, 710
2019-01-25 13:47:43,154 - INFO - fastread - 558, 720
2019-01-25 13:47:43,164 - INFO - fastread - 558, 730
2019-01-25 13:47:43,164 - INFO - fastread - 558, 740
2019-01-25 13:47:43,175 - INFO - fastread - 560, 750
2019-01-25 13:47:43,180 - INFO - fastread - 560, 760
2019-01-25 13:47:43,186 - INFO - fastread - 560, 770
2019-01-25 13:47:43,193 - INFO - fastread - 560, 780
2019-01-25 13:47:43,199 - INFO - fastread - 560, 790
2019-01-25 13:47:43,206 - INFO - fastread - 560, 800
2019-01-25 13:47:43,213 - INFO - fastread - 560, 810
2019-01-25 13:47:43,219 - INFO - fastread - 560, 820
2019-01-25 13:47:43,227 - INFO - fastread - 560, 830
2019-01-25 13:47:43,234 - INFO - fastread - 560, 840
2019-01-25 13:47:43,242 - INFO - fastread - 560, 850
2019-01-25 13:47:43,248 - INFO - fastread - 561, 860
2019-01-25 13:47:43,255 - INFO - fastread - 561, 870
2019-01-25 13:47:43,262 - INFO - fastread - 562, 880
2019-01-25 13:47:43,268 - INFO - fastread - 562, 890
2019-01-25 13:47:43,275 - INFO - fastread - 562, 900
2019-01-25 13:47:43,281 - INFO - fastread - 562, 910
2019-01-25 13:47:43,288 - INFO - fastread - 563, 920
2019-01-25 13:47:43,295 - INFO - fastread - 563, 930
2019-01-25 13:47:43,300 - INFO - fastread - 563, 940
2019-01-25 13:47:43,308 - INFO - fastread - 563, 950
2019-01-25 13:47:43,314 - INFO - fastread - 563, 960
2019-01-25 13:47:43,324 - INFO - fastread - 563, 970
2019-01-25 13:47:43,331 - INFO - fastread - 563, 980
2019-01-25 13:47:43,339 - INFO - fastread - 563, 990
2019-01-25 13:47:43,346 - INFO - fastread - 564, 1000
2019-01-25 13:47:43,352 - INFO - fastread - 565, 1010
2019-01-25 13:47:43,359 - INFO - fastread - 565, 1020
2019-01-25 13:47:43,364 - INFO - fastread - 565, 1030
2019-01-25 13:47:43,370 - INFO - fastread - 565, 1040
2019-01-25 13:47:43,377 - INFO - fastread - 565, 1050
2019-01-25 13:47:43,381 - INFO - fastread - 565, 1060
2019-01-25 13:47:43,385 - INFO - fastread - 567, 1070
2019-01-25 13:47:43,392 - INFO - fastread - 567, 1080
2019-01-25 13:47:43,399 - INFO - fastread - 567, 1090
2019-01-25 13:47:43,406 - INFO - fastread - 567, 1100
2019-01-25 13:47:43,411 - INFO - fastread - 567, 1110
2019-01-25 13:47:43,415 - INFO - fastread - 567, 1120
2019-01-25 13:47:43,419 - INFO - fastread - 567, 1130
2019-01-25 13:47:43,424 - INFO - fastread - 567, 1140
2019-01-25 13:47:43,432 - INFO - fastread - 567, 1150
2019-01-25 13:47:43,434 - INFO - fastread - 567, 1160
2019-01-25 13:47:43,444 - INFO - fastread - 567, 1170
2019-01-25 13:47:43,450 - INFO - fastread - 568, 1180
2019-01-25 13:47:43,454 - INFO - fastread - 568, 1190
2019-01-25 13:47:43,457 - INFO - fastread - 568, 1200
2019-01-25 13:47:43,464 - INFO - fastread - 568, 1210
2019-01-25 13:47:43,469 - INFO - fastread - 568, 1220
2019-01-25 13:47:43,473 - INFO - fastread - 568, 1230
2019-01-25 13:47:43,479 - INFO - fastread - 568, 1240
2019-01-25 13:47:43,484 - INFO - fastread - 568, 1250
2019-01-25 13:47:43,489 - INFO - fastread - 568, 1260
2019-01-25 13:47:43,495 - INFO - fastread - 568, 1270
2019-01-25 13:47:43,500 - INFO - fastread - 569, 1280
2019-01-25 13:47:43,505 - INFO - fastread - 569, 1290
2019-01-25 13:47:43,510 - INFO - fastread - 569, 1300
2019-01-25 13:47:43,515 - INFO - fastread - 569, 1310
2019-01-25 13:47:43,519 - INFO - fastread - 569, 1320
2019-01-25 13:47:43,524 - INFO - fastread - 569, 1330
2019-01-25 13:47:43,528 - INFO - fastread - 569, 1340
2019-01-25 13:47:43,532 - INFO - fastread - 569, 1350
2019-01-25 13:47:43,535 - INFO - fastread - 569, 1360
2019-01-25 13:47:43,535 - INFO - fastread - 569, 1370
2019-01-25 13:47:43,542 - INFO - fastread - 569, 1380
2019-01-25 13:47:43,544 - INFO - fastread - 569, 1390
2019-01-25 13:47:43,544 - INFO - fastread - 569, 1400
2019-01-25 13:47:43,554 - INFO - fastread - 570, 1410
2019-01-25 13:47:43,554 - INFO - fastread - 570, 1420
2019-01-25 13:47:43,564 - INFO - fastread - 570, 1430
2019-01-25 13:47:43,564 - INFO - fastread - 570, 1440
2019-01-25 13:47:43,575 - INFO - fastread - 570, 1450
2019-01-25 13:47:43,575 - INFO - fastread - 570, 1460
2019-01-25 13:47:43,585 - INFO - fastread - 570, 1470
2019-01-25 13:47:43,593 - INFO - fastread - 570, 1480
2019-01-25 13:47:43,595 - INFO - fastread - 570, 1490
2019-01-25 13:47:43,605 - INFO - fastread - 570, 1500
2019-01-25 13:47:43,613 - INFO - fastread - 570, 1510
2019-01-25 13:47:43,615 - INFO - fastread - 570, 1520
2019-01-25 13:47:43,623 - INFO - fastread - 570, 1530
2019-01-25 13:47:43,625 - INFO - fastread - 571, 1540
2019-01-25 13:47:43,625 - INFO - fastread - 571, 1550
2019-01-25 13:47:43,635 - INFO - fastread - 572, 1560
2019-01-25 13:47:43,635 - INFO - fastread - 572, 1570
2019-01-25 13:47:43,645 - INFO - fastread - 573, 1580
2019-01-25 13:47:43,645 - INFO - fastread - 573, 1590
2019-01-25 13:47:43,655 - INFO - fastread - 573, 1600
2019-01-25 13:47:43,655 - INFO - fastread - 573, 1610
2019-01-25 13:47:43,665 - INFO - fastread - 573, 1620
2019-01-25 13:47:43,672 - INFO - fastread - 573, 1630
2019-01-25 13:47:43,678 - INFO - fastread - 573, 1640
2019-01-25 13:47:43,683 - INFO - fastread - 573, 1650
2019-01-25 13:47:43,691 - INFO - fastread - 573, 1660
2019-01-25 13:47:43,697 - INFO - fastread - 573, 1670
2019-01-25 13:47:43,703 - INFO - fastread - 573, 1680
2019-01-25 13:47:43,711 - INFO - fastread - 573, 1690
2019-01-25 13:47:43,714 - INFO - fastread - 573, 1700
2019-01-25 13:47:43,720 - INFO - fastread - 573, 1710
2019-01-25 13:47:43,727 - INFO - fastread - 573, 1720
2019-01-25 13:47:43,733 - INFO - fastread - 573, 1730
2019-01-25 13:47:43,738 - INFO - fastread - 573, 1740
2019-01-25 13:47:43,746 - INFO - fastread - 573, 1750
2019-01-25 13:47:43,752 - INFO - fastread - 573, 1760
2019-01-25 13:47:43,759 - INFO - fastread - 573, 1770
2019-01-25 13:47:43,766 - INFO - fastread - 573, 1780
2019-01-25 13:47:43,772 - INFO - fastread - 575, 1790
2019-01-25 13:47:43,780 - INFO - fastread - 575, 1800
2019-01-25 13:47:43,786 - INFO - fastread - 575, 1810
2019-01-25 13:47:43,794 - INFO - fastread - 575, 1820
2019-01-25 13:47:43,800 - INFO - fastread - 575, 1830
2019-01-25 13:47:43,805 - INFO - fastread - 575, 1840
2019-01-25 13:47:43,814 - INFO - fastread - 575, 1850
2019-01-25 13:47:43,820 - INFO - fastread - 575, 1860
2019-01-25 13:47:43,828 - INFO - fastread - 575, 1870
2019-01-25 13:47:43,834 - INFO - fastread - 575, 1880
2019-01-25 13:47:43,840 - INFO - fastread - 575, 1890
2019-01-25 13:47:43,848 - INFO - fastread - 575, 1900
2019-01-25 13:47:43,854 - INFO - fastread - 575, 1910
2019-01-25 13:47:43,861 - INFO - fastread - 575, 1920
2019-01-25 13:47:43,868 - INFO - fastread - 575, 1930
2019-01-25 13:47:43,875 - INFO - fastread - 575, 1940
2019-01-25 13:47:43,882 - INFO - fastread - 575, 1950
2019-01-25 13:47:43,887 - INFO - fastread - 575, 1960
2019-01-25 13:47:43,894 - INFO - fastread - 575, 1970
2019-01-25 13:47:43,899 - INFO - fastread - 575, 1980
2019-01-25 13:47:43,904 - INFO - fastread - 575, 1990
2019-01-25 13:47:43,911 - INFO - fastread - 575, 2000
2019-01-25 13:47:43,916 - INFO - fastread - 575, 2010
2019-01-25 13:47:43,921 - INFO - fastread - 575, 2020
2019-01-25 13:47:43,928 - INFO - fastread - 575, 2030
2019-01-25 13:47:43,934 - INFO - fastread - 575, 2040
2019-01-25 13:47:43,942 - INFO - fastread - 575, 2050
2019-01-25 13:47:43,949 - INFO - fastread - 575, 2060
2019-01-25 13:47:43,955 - INFO - fastread - 575, 2070
2019-01-25 13:47:43,962 - INFO - fastread - 575, 2080
2019-01-25 13:47:43,968 - INFO - fastread - 575, 2090
2019-01-25 13:47:43,975 - INFO - fastread - 575, 2100
2019-01-25 13:47:43,981 - INFO - fastread - 576, 2110
2019-01-25 13:47:43,988 - INFO - fastread - 576, 2120
2019-01-25 13:47:43,996 - INFO - fastread - 576, 2130
2019-01-25 13:47:44,002 - INFO - fastread - 576, 2140
2019-01-25 13:47:44,010 - INFO - fastread - 576, 2150
2019-01-25 13:47:44,017 - INFO - fastread - 576, 2160
2019-01-25 13:47:44,022 - INFO - fastread - 576, 2170
2019-01-25 13:47:44,031 - INFO - fastread - 577, 2180
2019-01-25 13:47:44,038 - INFO - fastread - 577, 2190
2019-01-25 13:47:44,046 - INFO - fastread - 577, 2200
2019-01-25 13:47:44,053 - INFO - fastread - 578, 2210
2019-01-25 13:47:44,061 - INFO - fastread - 578, 2220
2019-01-25 13:47:44,067 - INFO - fastread - 578, 2230
2019-01-25 13:47:44,075 - INFO - fastread - 578, 2240
2019-01-25 13:47:44,081 - INFO - fastread - 578, 2250
2019-01-25 13:47:44,087 - INFO - fastread - 578, 2260
2019-01-25 13:47:44,095 - INFO - fastread - 579, 2270
2019-01-25 13:47:44,101 - INFO - fastread - 580, 2280
2019-01-25 13:47:44,107 - INFO - fastread - 580, 2290
2019-01-25 13:47:44,114 - INFO - fastread - 580, 2300
2019-01-25 13:47:44,119 - INFO - fastread - 580, 2310
2019-01-25 13:47:44,127 - INFO - fastread - 580, 2320
2019-01-25 13:47:44,133 - INFO - fastread - 580, 2330
2019-01-25 13:47:44,137 - INFO - fastread - 580, 2340
2019-01-25 13:47:44,143 - INFO - fastread - 581, 2350
2019-01-25 13:47:44,147 - INFO - fastread - 581, 2360
2019-01-25 13:47:44,151 - INFO - fastread - 582, 2370
2019-01-25 13:47:44,155 - INFO - fastread - 582, 2380
2019-01-25 13:47:44,155 - INFO - fastread - 583, 2390
2019-01-25 13:47:44,162 - INFO - fastread - 583, 2400
2019-01-25 13:47:44,164 - INFO - fastread - 583, 2410
2019-01-25 13:47:44,164 - INFO - fastread - 583, 2420
2019-01-25 13:47:44,174 - INFO - fastread - 583, 2430
2019-01-25 13:47:44,174 - INFO - fastread - 583, 2440
2019-01-25 13:47:44,184 - INFO - fastread - 583, 2450
2019-01-25 13:47:44,184 - INFO - fastread - 583, 2460
2019-01-25 13:47:44,195 - INFO - fastread - 583, 2470
2019-01-25 13:47:44,199 - INFO - fastread - 583, 2480
2019-01-25 13:47:44,206 - INFO - fastread - 583, 2490
2019-01-25 13:47:44,213 - INFO - fastread - 583, 2500
2019-01-25 13:47:44,219 - INFO - fastread - 583, 2510
2019-01-25 13:47:44,225 - INFO - fastread - 584, 2520
2019-01-25 13:47:44,232 - INFO - fastread - 584, 2530
2019-01-25 13:47:44,234 - INFO - fastread - 584, 2540
2019-01-25 13:47:44,244 - INFO - fastread - 584, 2550
2019-01-25 13:47:44,252 - INFO - fastread - 584, 2560
2019-01-25 13:47:44,254 - INFO - fastread - 584, 2570
2019-01-25 13:47:44,264 - INFO - fastread - 584, 2580
2019-01-25 13:47:44,264 - INFO - fastread - 584, 2590
2019-01-25 13:47:44,275 - INFO - fastread - 584, 2600
2019-01-25 13:47:44,275 - INFO - fastread - 584, 2610
2019-01-25 13:47:44,285 - INFO - fastread - 585, 2620
2019-01-25 13:47:44,285 - INFO - fastread - 585, 2630
2019-01-25 13:47:44,285 - INFO - fastread - 585, 2640
2019-01-25 13:47:44,295 - INFO - fastread - 585, 2650
2019-01-25 13:47:44,303 - INFO - fastread - 585, 2660
2019-01-25 13:47:44,305 - INFO - fastread - 585, 2670
2019-01-25 13:47:44,315 - INFO - fastread - 585, 2680
2019-01-25 13:47:44,316 - INFO - fastread - 585, 2690
2019-01-25 13:47:44,325 - INFO - fastread - 585, 2700
2019-01-25 13:47:44,325 - INFO - fastread - 585, 2710
2019-01-25 13:47:44,335 - INFO - fastread - 585, 2720
2019-01-25 13:47:44,335 - INFO - fastread - 585, 2730
2019-01-25 13:47:44,345 - INFO - fastread - 585, 2740
2019-01-25 13:47:44,345 - INFO - fastread - 585, 2750
2019-01-25 13:47:44,355 - INFO - fastread - 585, 2760
2019-01-25 13:47:44,355 - INFO - fastread - 585, 2770
2019-01-25 13:47:44,365 - INFO - fastread - 586, 2780
2019-01-25 13:47:44,371 - INFO - fastread - 586, 2790
2019-01-25 13:47:44,379 - INFO - fastread - 587, 2800
2019-01-25 13:47:44,385 - INFO - fastread - 587, 2810
2019-01-25 13:47:44,392 - INFO - fastread - 587, 2820
2019-01-25 13:47:44,399 - INFO - fastread - 587, 2830
2019-01-25 13:47:44,404 - INFO - fastread - 587, 2840
2019-01-25 13:47:44,413 - INFO - fastread - 587, 2850
2019-01-25 13:47:44,419 - INFO - fastread - 587, 2860
2019-01-25 13:47:44,427 - INFO - fastread - 587, 2870
2019-01-25 13:47:44,432 - INFO - fastread - 588, 2880
2019-01-25 13:47:44,439 - INFO - fastread - 588, 2890
2019-01-25 13:47:44,447 - INFO - fastread - 588, 2900
2019-01-25 13:47:44,453 - INFO - fastread - 588, 2910
2019-01-25 13:47:44,461 - INFO - fastread - 589, 2920
2019-01-25 13:47:44,468 - INFO - fastread - 589, 2930
2019-01-25 13:47:44,475 - INFO - fastread - 589, 2940
2019-01-25 13:47:44,483 - INFO - fastread - 589, 2950
2019-01-25 13:47:44,490 - INFO - fastread - 589, 2960
2019-01-25 13:47:44,496 - INFO - fastread - 589, 2970
2019-01-25 13:47:44,499 - INFO - fastread - 590, 2980
2019-01-25 13:47:44,503 - INFO - fastread - 590, 2990
2019-01-25 13:47:44,510 - INFO - fastread - 590, 3000
2019-01-25 13:47:44,516 - INFO - fastread - 590, 3010
2019-01-25 13:47:44,524 - INFO - fastread - 590, 3020
2019-01-25 13:47:44,531 - INFO - fastread - 590, 3030
2019-01-25 13:47:44,538 - INFO - fastread - 590, 3040
2019-01-25 13:47:44,545 - INFO - fastread - 590, 3050
2019-01-25 13:47:44,551 - INFO - fastread - 590, 3060
2019-01-25 13:47:44,556 - INFO - fastread - 590, 3070
2019-01-25 13:47:44,563 - INFO - fastread - 591, 3080
