2019-01-04 00:02:45,914 - INFO - config - DATASET: apache-ant-1.7.0 | MAX_FEATURE: 0.2 | STOP_WORDS: None | POOL_SIZE: 10000 | INIT_POOL: 10 | BUDGET: 10
STRATIFIED_TEST_SIZE_RATIO: 0.2 | TUNE SVM: True | ACTIVE PREDICTION DELTA: 0.1 | ACTIVE PREDICTION TARGET: 1
2019-01-04 00:02:45,914 - INFO - rig - TRAINING DATA: TRUE: 3940 | FALSE: 54237
2019-01-04 00:02:45,914 - INFO - rig - TEST DATA: TRUE: 131 | FALSE: 3967
2019-01-04 00:02:46,036 - INFO - learner - apache-ant-1.7.0 | TUNING STARTS...
2019-01-04 00:29:50,406 - INFO - optimizer - apache-ant-1.7.0 | F Score of init pool: [0.6267696267696268, 0.8596610169491525, 0.8515254237288135, 0.7862542955326461, 0.6470588235294117, 0.7299610894941634, 0.8606224627875507, 0.7461692205196536, 0.7489986648865153, 0.8587030716723549]
2019-01-04 00:33:42,719 - INFO - optimizer - apache-ant-1.7.0 | new F: 0.8627717391304347 budget 11
2019-01-04 00:56:01,800 - INFO - optimizer - apache-ant-1.7.0 | new F: 0.8646820027063599 budget 4
2019-01-04 01:04:22,771 - INFO - optimizer - apache-ant-1.7.0 | Eval: 12
2019-01-04 01:04:22,773 - INFO - learner - apache-ant-1.7.0 | TUNING ENDS
2019-01-04 01:25:58,114 - INFO - learner - svm_pred_0
             precision    recall  f1-score   support

         no       0.98      1.00      0.99      3967
        yes       0.77      0.41      0.54       131

avg / total       0.97      0.98      0.97      4098

F Score: 0.537313432835821
2019-01-04 01:25:58,124 - INFO - learner - Active Delta: 0.1
2019-01-04 01:25:58,124 - INFO - learner - Total Certain Pos: 32 | Total Certain Neg: 3858
2019-01-04 01:50:20,147 - INFO - learner - svm_pred_1
             precision    recall  f1-score   support

         no       0.99      1.00      0.99      3967
        yes       0.95      0.69      0.80       131

avg / total       0.99      0.99      0.99      4098

F Score: 0.801762114537445
2019-01-04 01:50:20,158 - INFO - learner - Active Delta: 0.1
2019-01-04 01:50:20,158 - INFO - learner - Total Certain Pos: 62 | Total Certain Neg: 3858
2019-01-04 02:18:22,758 - INFO - learner - svm_pred_2
             precision    recall  f1-score   support

         no       0.99      1.00      0.99      3967
        yes       0.90      0.71      0.79       131

avg / total       0.99      0.99      0.99      4098

F Score: 0.7948717948717948
2019-01-04 02:18:22,769 - INFO - learner - Active Delta: 0.1
2019-01-04 02:18:22,769 - INFO - learner - Total Certain Pos: 67 | Total Certain Neg: 3874
2019-01-04 02:47:47,225 - INFO - learner - svm_pred_3
             precision    recall  f1-score   support

         no       0.99      1.00      0.99      3967
        yes       0.91      0.73      0.81       131

avg / total       0.99      0.99      0.99      4098

F Score: 0.8085106382978724
2019-01-04 02:47:47,236 - INFO - learner - Active Delta: 0.1
2019-01-04 02:47:47,236 - INFO - learner - Total Certain Pos: 70 | Total Certain Neg: 3874
2019-01-04 03:19:09,400 - INFO - learner - svm_pred_4
             precision    recall  f1-score   support

         no       0.99      1.00      0.99      3967
        yes       0.92      0.73      0.82       131

avg / total       0.99      0.99      0.99      4098

F Score: 0.8170212765957446
2019-01-04 03:19:09,413 - INFO - learner - Active Delta: 0.1
2019-01-04 03:19:09,413 - INFO - learner - Total Certain Pos: 70 | Total Certain Neg: 3875
2019-01-04 03:49:47,473 - INFO - learner - svm_pred_5
             precision    recall  f1-score   support

         no       0.99      1.00      1.00      3967
        yes       0.94      0.75      0.83       131

avg / total       0.99      0.99      0.99      4098

F Score: 0.8340425531914895
2019-01-04 03:49:47,494 - INFO - learner - Active Delta: 0.1
2019-01-04 03:49:47,494 - INFO - learner - Total Certain Pos: 72 | Total Certain Neg: 3874
2019-01-04 04:20:09,824 - INFO - learner - | NO IMPROVEMENT | F Score: 0.8340425531914895 | eval: 6
2019-01-04 04:20:09,940 - INFO - rig - apache-ant-1.7.0 | END PROJECT=====
