2019-01-04 00:02:46,204 - INFO - config - DATASET: hibernate-distribution-3.3.2.GA | MAX_FEATURE: 0.2 | STOP_WORDS: None | POOL_SIZE: 10000 | INIT_POOL: 10 | BUDGET: 10
STRATIFIED_TEST_SIZE_RATIO: 0.2 | TUNE SVM: True | ACTIVE PREDICTION DELTA: 0.1 | ACTIVE PREDICTION TARGET: 1
2019-01-04 00:02:46,204 - INFO - rig - TRAINING DATA: TRUE: 3599 | FALSE: 55708
2019-01-04 00:02:46,204 - INFO - rig - TEST DATA: TRUE: 472 | FALSE: 2496
2019-01-04 00:02:46,303 - INFO - learner - hibernate-distribution-3.3.2.GA | TUNING STARTS...
2019-01-04 00:30:19,872 - INFO - optimizer - hibernate-distribution-3.3.2.GA | F Score of init pool: [0.6457023060796646, 0.8645908761766835, 0.8559015206372194, 0.7907647907647908, 0.6629757785467127, 0.6965699208443271, 0.8662790697674418, 0.7448177269478199, 0.7489239598278337, 0.8707085463842219]
2019-01-04 01:07:47,147 - INFO - optimizer - hibernate-distribution-3.3.2.GA | Eval: 10
2019-01-04 01:07:47,149 - INFO - learner - hibernate-distribution-3.3.2.GA | TUNING ENDS
2019-01-04 01:33:36,754 - INFO - learner - svm_pred_0
             precision    recall  f1-score   support

         no       0.95      0.99      0.97      2496
        yes       0.95      0.74      0.83       472

avg / total       0.95      0.95      0.95      2968

F Score: 0.8329355608591885
2019-01-04 01:33:36,764 - INFO - learner - Active Delta: 0.1
2019-01-04 01:33:36,764 - INFO - learner - Total Certain Pos: 281 | Total Certain Neg: 2464
2019-01-04 02:03:17,468 - INFO - learner - svm_pred_1
             precision    recall  f1-score   support

         no       0.97      1.00      0.99      2496
        yes       0.98      0.86      0.92       472

avg / total       0.98      0.98      0.98      2968

F Score: 0.918918918918919
2019-01-04 02:03:17,478 - INFO - learner - Active Delta: 0.1
2019-01-04 02:03:17,478 - INFO - learner - Total Certain Pos: 344 | Total Certain Neg: 2437
2019-01-04 02:35:45,402 - INFO - learner - svm_pred_2
             precision    recall  f1-score   support

         no       0.98      1.00      0.99      2496
        yes       0.98      0.88      0.92       472

avg / total       0.98      0.98      0.98      2968

F Score: 0.9249720044792834
2019-01-04 02:35:45,413 - INFO - learner - Active Delta: 0.1
2019-01-04 02:35:45,413 - INFO - learner - Total Certain Pos: 347 | Total Certain Neg: 2440
2019-01-04 03:10:12,697 - INFO - learner - svm_pred_3
             precision    recall  f1-score   support

         no       0.98      1.00      0.99      2496
        yes       0.98      0.88      0.93       472

avg / total       0.98      0.98      0.98      2968

F Score: 0.9285714285714285
2019-01-04 03:10:12,708 - INFO - learner - Active Delta: 0.1
2019-01-04 03:10:12,708 - INFO - learner - Total Certain Pos: 353 | Total Certain Neg: 2439
2019-01-04 03:43:12,009 - INFO - learner - | NO IMPROVEMENT | F Score: 0.9285714285714285 | eval: 4
2019-01-04 03:43:12,095 - INFO - rig - hibernate-distribution-3.3.2.GA | END PROJECT=====
