2019-01-04 00:02:46,212 - INFO - config - DATASET: jfreechart-1.0.19 | MAX_FEATURE: 0.2 | STOP_WORDS: None | POOL_SIZE: 10000 | INIT_POOL: 10 | BUDGET: 10
STRATIFIED_TEST_SIZE_RATIO: 0.2 | TUNE SVM: True | ACTIVE PREDICTION DELTA: 0.1 | ACTIVE PREDICTION TARGET: 1
2019-01-04 00:02:46,212 - INFO - rig - TRAINING DATA: TRUE: 3862 | FALSE: 54005
2019-01-04 00:02:46,212 - INFO - rig - TEST DATA: TRUE: 209 | FALSE: 4199
2019-01-04 00:02:46,320 - INFO - learner - jfreechart-1.0.19 | TUNING STARTS...
2019-01-04 00:33:56,904 - INFO - optimizer - jfreechart-1.0.19 | F Score of init pool: [0.6110032362459547, 0.8757555406312961, 0.871553463349025, 0.7871321013004793, 0.6618985695708713, 0.7008130081300813, 0.8741633199464525, 0.7397444519166106, 0.740094022834117, 0.8813559322033897]
2019-01-04 00:42:20,529 - INFO - optimizer - jfreechart-1.0.19 | new F: 0.8828706838185512 budget 8
2019-01-04 01:06:59,495 - INFO - optimizer - jfreechart-1.0.19 | Eval: 11
2019-01-04 01:06:59,497 - INFO - learner - jfreechart-1.0.19 | TUNING ENDS
2019-01-04 01:34:56,361 - INFO - learner - svm_pred_0
             precision    recall  f1-score   support

         no       0.97      0.99      0.98      4199
        yes       0.71      0.49      0.58       209

avg / total       0.96      0.97      0.96      4408

F Score: 0.5795454545454545
2019-01-04 01:34:56,380 - INFO - learner - Active Delta: 0.1
2019-01-04 01:34:56,380 - INFO - learner - Total Certain Pos: 88 | Total Certain Neg: 4210
2019-01-04 02:05:33,087 - INFO - learner - svm_pred_1
             precision    recall  f1-score   support

         no       0.99      1.00      1.00      4199
        yes       1.00      0.88      0.94       209

avg / total       0.99      0.99      0.99      4408

F Score: 0.9363867684478371
2019-01-04 02:05:33,099 - INFO - learner - Active Delta: 0.1
2019-01-04 02:05:33,099 - INFO - learner - Total Certain Pos: 167 | Total Certain Neg: 4152
2019-01-04 02:38:52,995 - INFO - learner - svm_pred_2
             precision    recall  f1-score   support

         no       0.99      1.00      1.00      4199
        yes       1.00      0.89      0.94       209

avg / total       0.99      0.99      0.99      4408

F Score: 0.9417721518987342
2019-01-04 02:38:53,015 - INFO - learner - Active Delta: 0.1
2019-01-04 02:38:53,015 - INFO - learner - Total Certain Pos: 167 | Total Certain Neg: 4161
2019-01-04 03:14:33,247 - INFO - learner - | NO IMPROVEMENT | F Score: 0.9417721518987342 | eval: 3
2019-01-04 03:14:33,351 - INFO - rig - jfreechart-1.0.19 | END PROJECT=====
