2019-01-04 00:02:46,490 - INFO - config - DATASET: jruby-1.4.0 | MAX_FEATURE: 0.2 | STOP_WORDS: None | POOL_SIZE: 10000 | INIT_POOL: 10 | BUDGET: 10
STRATIFIED_TEST_SIZE_RATIO: 0.2 | TUNE SVM: True | ACTIVE PREDICTION DELTA: 0.1 | ACTIVE PREDICTION TARGET: 1
2019-01-04 00:02:46,490 - INFO - rig - TRAINING DATA: TRUE: 3449 | FALSE: 53929
2019-01-04 00:02:46,490 - INFO - rig - TEST DATA: TRUE: 622 | FALSE: 4275
2019-01-04 00:02:46,618 - INFO - learner - jruby-1.4.0 | TUNING STARTS...
2019-01-04 00:29:33,495 - INFO - optimizer - jruby-1.4.0 | F Score of init pool: [0.582078853046595, 0.851031321619557, 0.8445121951219513, 0.761544284632854, 0.6220302375809936, 0.6980108499095841, 0.850609756097561, 0.7052709725315516, 0.7087667161961367, 0.8558282208588956]
2019-01-04 01:03:38,479 - INFO - optimizer - jruby-1.4.0 | new F: 0.8564850345356869 budget 2
2019-01-04 01:06:56,601 - INFO - optimizer - jruby-1.4.0 | Eval: 11
2019-01-04 01:06:56,604 - INFO - learner - jruby-1.4.0 | TUNING ENDS
2019-01-04 01:31:59,931 - INFO - learner - svm_pred_0
             precision    recall  f1-score   support

         no       0.98      0.99      0.99      4275
        yes       0.94      0.86      0.90       622

avg / total       0.98      0.98      0.98      4897

F Score: 0.8999158957106812
2019-01-04 01:31:59,942 - INFO - learner - Active Delta: 0.1
2019-01-04 01:31:59,942 - INFO - learner - Total Certain Pos: 387 | Total Certain Neg: 4177
2019-01-04 02:01:30,477 - INFO - learner - svm_pred_1
             precision    recall  f1-score   support

         no       0.99      1.00      0.99      4275
        yes       0.97      0.92      0.94       622

avg / total       0.99      0.99      0.99      4897

F Score: 0.9430222956234516
2019-01-04 02:01:30,488 - INFO - learner - Active Delta: 0.1
2019-01-04 02:01:30,488 - INFO - learner - Total Certain Pos: 447 | Total Certain Neg: 4176
2019-01-04 02:34:17,965 - INFO - learner - svm_pred_2
             precision    recall  f1-score   support

         no       0.99      1.00      0.99      4275
        yes       0.98      0.92      0.95       622

avg / total       0.99      0.99      0.99      4897

F Score: 0.9511993382961125
2019-01-04 02:34:17,976 - INFO - learner - Active Delta: 0.1
2019-01-04 02:34:17,976 - INFO - learner - Total Certain Pos: 460 | Total Certain Neg: 4183
2019-01-04 03:09:48,864 - INFO - learner - svm_pred_3
             precision    recall  f1-score   support

         no       0.99      1.00      0.99      4275
        yes       0.98      0.92      0.95       622

avg / total       0.99      0.99      0.99      4897

F Score: 0.9527754763877382
2019-01-04 03:09:48,875 - INFO - learner - Active Delta: 0.1
2019-01-04 03:09:48,875 - INFO - learner - Total Certain Pos: 465 | Total Certain Neg: 4192
2019-01-04 03:45:26,419 - INFO - learner - svm_pred_4
             precision    recall  f1-score   support

         no       0.99      1.00      0.99      4275
        yes       0.98      0.93      0.95       622

avg / total       0.99      0.99      0.99      4897

F Score: 0.9545078577336642
2019-01-04 03:45:26,430 - INFO - learner - Active Delta: 0.1
2019-01-04 03:45:26,430 - INFO - learner - Total Certain Pos: 465 | Total Certain Neg: 4196
2019-01-04 04:22:14,097 - INFO - learner - svm_pred_5
             precision    recall  f1-score   support

         no       0.99      1.00      0.99      4275
        yes       0.98      0.93      0.96       622

avg / total       0.99      0.99      0.99      4897

F Score: 0.9561621174524402
2019-01-04 04:22:14,109 - INFO - learner - Active Delta: 0.1
2019-01-04 04:22:14,109 - INFO - learner - Total Certain Pos: 473 | Total Certain Neg: 4196
2019-01-04 04:57:12,404 - INFO - learner - svm_pred_6
             precision    recall  f1-score   support

         no       0.99      1.00      0.99      4275
        yes       0.98      0.94      0.96       622

avg / total       0.99      0.99      0.99      4897

F Score: 0.9622331691297209
2019-01-04 04:57:12,417 - INFO - learner - Active Delta: 0.1
2019-01-04 04:57:12,417 - INFO - learner - Total Certain Pos: 474 | Total Certain Neg: 4195
2019-01-04 05:36:17,122 - INFO - learner - | NO IMPROVEMENT | F Score: 0.9622331691297209 | eval: 7
2019-01-04 05:36:17,263 - INFO - rig - jruby-1.4.0 | END PROJECT=====
