2019-01-04 00:02:46,514 - INFO - config - DATASET: sql12 | MAX_FEATURE: 0.2 | STOP_WORDS: None | POOL_SIZE: 10000 | INIT_POOL: 10 | BUDGET: 10
STRATIFIED_TEST_SIZE_RATIO: 0.2 | TUNE SVM: True | ACTIVE PREDICTION DELTA: 0.1 | ACTIVE PREDICTION TARGET: 1
2019-01-04 00:02:46,514 - INFO - rig - TRAINING DATA: TRUE: 3785 | FALSE: 51275
2019-01-04 00:02:46,514 - INFO - rig - TEST DATA: TRUE: 286 | FALSE: 6929
2019-01-04 00:02:46,625 - INFO - learner - sql12 | TUNING STARTS...
2019-01-04 00:27:10,132 - INFO - optimizer - sql12 | F Score of init pool: [0.6509803921568628, 0.8734353268428373, 0.8686030428769018, 0.8049792531120332, 0.6889185580774365, 0.7374392220421394, 0.8756906077348067, 0.7527027027027027, 0.7567934782608695, 0.8693221523410203]
2019-01-04 00:46:59,265 - INFO - optimizer - sql12 | new F: 0.8762957843814789 budget 4
2019-01-04 00:55:23,033 - INFO - optimizer - sql12 | Eval: 11
2019-01-04 00:55:23,036 - INFO - learner - sql12 | TUNING ENDS
2019-01-04 01:12:32,993 - INFO - learner - svm_pred_0
             precision    recall  f1-score   support

         no       0.98      1.00      0.99      6929
        yes       0.87      0.54      0.67       286

avg / total       0.98      0.98      0.98      7215

F Score: 0.6681034482758622
2019-01-04 01:12:33,004 - INFO - learner - Active Delta: 0.1
2019-01-04 01:12:33,004 - INFO - learner - Total Certain Pos: 115 | Total Certain Neg: 6798
2019-01-04 01:34:49,052 - INFO - learner - svm_pred_1
             precision    recall  f1-score   support

         no       0.99      1.00      0.99      6929
        yes       0.90      0.80      0.85       286

avg / total       0.99      0.99      0.99      7215

F Score: 0.8460111317254174
2019-01-04 01:34:49,063 - INFO - learner - Active Delta: 0.1
2019-01-04 01:34:49,063 - INFO - learner - Total Certain Pos: 194 | Total Certain Neg: 6796
2019-01-04 02:01:51,534 - INFO - learner - svm_pred_2
             precision    recall  f1-score   support

         no       0.99      1.00      0.99      6929
        yes       0.92      0.83      0.87       286

avg / total       0.99      0.99      0.99      7215

F Score: 0.8713235294117646
2019-01-04 02:01:51,546 - INFO - learner - Active Delta: 0.1
2019-01-04 02:01:51,546 - INFO - learner - Total Certain Pos: 201 | Total Certain Neg: 6815
2019-01-04 02:34:03,039 - INFO - learner - svm_pred_3
             precision    recall  f1-score   support

         no       0.99      1.00      1.00      6929
        yes       0.92      0.83      0.88       286

avg / total       0.99      0.99      0.99      7215

F Score: 0.875
2019-01-04 02:34:03,052 - INFO - learner - Active Delta: 0.1
2019-01-04 02:34:03,052 - INFO - learner - Total Certain Pos: 209 | Total Certain Neg: 6836
2019-01-04 03:11:18,551 - INFO - learner - svm_pred_4
             precision    recall  f1-score   support

         no       0.99      1.00      1.00      6929
        yes       0.92      0.83      0.87       286

avg / total       0.99      0.99      0.99      7215

F Score: 0.873394495412844
2019-01-04 03:11:18,563 - INFO - learner - Active Delta: 0.1
2019-01-04 03:11:18,564 - INFO - learner - Total Certain Pos: 211 | Total Certain Neg: 6838
2019-01-04 03:50:36,291 - INFO - learner - svm_pred_5
             precision    recall  f1-score   support

         no       0.99      1.00      1.00      6929
        yes       0.93      0.86      0.89       286

avg / total       0.99      0.99      0.99      7215

F Score: 0.8929219600725952
2019-01-04 03:50:36,303 - INFO - learner - Active Delta: 0.1
2019-01-04 03:50:36,303 - INFO - learner - Total Certain Pos: 210 | Total Certain Neg: 6842
2019-01-04 04:35:43,999 - INFO - learner - svm_pred_6
             precision    recall  f1-score   support

         no       0.99      1.00      1.00      6929
        yes       0.93      0.86      0.89       286

avg / total       0.99      0.99      0.99      7215

F Score: 0.8949275362318841
2019-01-04 04:35:44,016 - INFO - learner - Active Delta: 0.1
2019-01-04 04:35:44,016 - INFO - learner - Total Certain Pos: 211 | Total Certain Neg: 6845
2019-01-04 05:23:40,645 - INFO - learner - svm_pred_7
             precision    recall  f1-score   support

         no       0.99      1.00      1.00      6929
        yes       0.93      0.87      0.90       286

avg / total       0.99      0.99      0.99      7215

F Score: 0.8969258589511754
2019-01-04 05:23:40,660 - INFO - learner - Active Delta: 0.1
2019-01-04 05:23:40,660 - INFO - learner - Total Certain Pos: 212 | Total Certain Neg: 6846
2019-01-04 06:14:18,811 - INFO - learner - | NO IMPROVEMENT | F Score: 0.8969258589511754 | eval: 8
2019-01-04 06:14:19,027 - INFO - rig - sql12 | END PROJECT=====
