2019-01-05 13:45:53,677 - INFO - config - DATASET: apache-jmeter-2.10 | MAX_FEATURE: 0.2 | STOP_WORDS: english | POOL_SIZE: 10000 | INIT_POOL: 10 | BUDGET: 10
STRATIFIED_TEST_SIZE_RATIO: 0.2 | TUNE SVM: True | ACTIVE PREDICTION DELTA: 0.1 | ACTIVE PREDICTION TARGET: 1
2019-01-05 13:45:53,677 - INFO - rig - TRAINING DATA: TRUE: 3697 | FALSE: 50521
2019-01-05 13:45:53,677 - INFO - rig - TEST DATA: TRUE: 374 | FALSE: 7683
2019-01-05 13:45:53,823 - INFO - learner - apache-jmeter-2.10 | TUNING STARTS...
2019-01-05 14:05:23,350 - INFO - optimizer - apache-jmeter-2.10 | F Score of init pool: [0.6032417195207892, 0.8513708513708513, 0.8497854077253219, 0.7845382963493199, 0.6333095067905647, 0.6233303650934996, 0.8511560693641619, 0.7403778866340099, 0.7524613220815752, 0.849673202614379]
2019-01-05 14:23:12,294 - INFO - optimizer - apache-jmeter-2.10 | new F: 0.8528138528138528 budget 4
2019-01-05 14:30:50,176 - INFO - optimizer - apache-jmeter-2.10 | Eval: 11
2019-01-05 14:30:50,179 - INFO - learner - apache-jmeter-2.10 | TUNING ENDS
2019-01-05 14:45:52,445 - INFO - learner - svm_pred_0
             precision    recall  f1-score   support

         no       0.99      0.99      0.99      7683
        yes       0.84      0.70      0.76       374

avg / total       0.98      0.98      0.98      8057

F Score: 0.7649635036496351
2019-01-05 14:45:52,454 - INFO - learner - Active Delta: 0.1
2019-01-05 14:45:52,455 - INFO - learner - Total Certain Pos: 220 | Total Certain Neg: 7592
2019-01-05 15:04:34,692 - INFO - learner - svm_pred_1
             precision    recall  f1-score   support

         no       0.99      0.99      0.99      7683
        yes       0.88      0.84      0.86       374

avg / total       0.99      0.99      0.99      8057

F Score: 0.8583106267029974
2019-01-05 15:04:34,702 - INFO - learner - Active Delta: 0.1
2019-01-05 15:04:34,702 - INFO - learner - Total Certain Pos: 251 | Total Certain Neg: 7564
2019-01-05 15:26:10,550 - INFO - learner - svm_pred_2
             precision    recall  f1-score   support

         no       0.99      0.99      0.99      7683
        yes       0.88      0.85      0.87       374

avg / total       0.99      0.99      0.99      8057

F Score: 0.8656716417910447
2019-01-05 15:26:10,561 - INFO - learner - Active Delta: 0.1
2019-01-05 15:26:10,561 - INFO - learner - Total Certain Pos: 251 | Total Certain Neg: 7574
2019-01-05 15:50:50,734 - INFO - learner - svm_pred_3
             precision    recall  f1-score   support

         no       0.99      0.99      0.99      7683
        yes       0.88      0.85      0.87       374

avg / total       0.99      0.99      0.99      8057

F Score: 0.8668478260869565
2019-01-05 15:50:50,746 - INFO - learner - Active Delta: 0.1
2019-01-05 15:50:50,746 - INFO - learner - Total Certain Pos: 251 | Total Certain Neg: 7575
2019-01-05 16:19:02,763 - INFO - learner - | NO IMPROVEMENT | F Score: 0.8668478260869565 | eval: 4
2019-01-05 16:19:02,931 - INFO - rig - apache-jmeter-2.10 | END PROJECT=====
