2019-01-05 13:45:53,842 - INFO - config - DATASET: apache-ant-1.7.0 | MAX_FEATURE: 0.2 | STOP_WORDS: english | POOL_SIZE: 10000 | INIT_POOL: 10 | BUDGET: 10
STRATIFIED_TEST_SIZE_RATIO: 0.2 | TUNE SVM: True | ACTIVE PREDICTION DELTA: 0.1 | ACTIVE PREDICTION TARGET: 1
2019-01-05 13:45:53,842 - INFO - rig - TRAINING DATA: TRUE: 3940 | FALSE: 54237
2019-01-05 13:45:53,842 - INFO - rig - TEST DATA: TRUE: 131 | FALSE: 3967
2019-01-05 13:45:53,945 - INFO - learner - apache-ant-1.7.0 | TUNING STARTS...
2019-01-05 14:07:53,793 - INFO - optimizer - apache-ant-1.7.0 | F Score of init pool: [0.6, 0.8360433604336044, 0.8371467025572005, 0.7729138166894665, 0.6386333771353482, 0.6430338004946413, 0.8371467025572005, 0.7445945945945945, 0.746775288526816, 0.8402447314751869]
2019-01-05 14:35:56,777 - INFO - optimizer - apache-ant-1.7.0 | new F: 0.8425357873210635 budget 2
2019-01-05 14:38:38,417 - INFO - optimizer - apache-ant-1.7.0 | Eval: 11
2019-01-05 14:38:38,419 - INFO - learner - apache-ant-1.7.0 | TUNING ENDS
2019-01-05 14:59:10,161 - INFO - learner - svm_pred_0
             precision    recall  f1-score   support

         no       0.98      1.00      0.99      3967
        yes       0.74      0.31      0.43       131

avg / total       0.97      0.97      0.97      4098

F Score: 0.4324324324324324
2019-01-05 14:59:10,170 - INFO - learner - Active Delta: 0.1
2019-01-05 14:59:10,171 - INFO - learner - Total Certain Pos: 28 | Total Certain Neg: 3894
2019-01-05 15:22:51,679 - INFO - learner - svm_pred_1
             precision    recall  f1-score   support

         no       0.99      1.00      0.99      3967
        yes       0.93      0.65      0.77       131

avg / total       0.99      0.99      0.99      4098

F Score: 0.7657657657657658
2019-01-05 15:22:51,688 - INFO - learner - Active Delta: 0.1
2019-01-05 15:22:51,689 - INFO - learner - Total Certain Pos: 62 | Total Certain Neg: 3900
2019-01-05 15:47:51,900 - INFO - learner - svm_pred_2
             precision    recall  f1-score   support

         no       0.99      1.00      0.99      3967
        yes       0.94      0.68      0.79       131

avg / total       0.99      0.99      0.99      4098

F Score: 0.7876106194690267
2019-01-05 15:47:51,911 - INFO - learner - Active Delta: 0.1
2019-01-05 15:47:51,911 - INFO - learner - Total Certain Pos: 66 | Total Certain Neg: 3901
2019-01-05 16:15:21,864 - INFO - learner - svm_pred_3
             precision    recall  f1-score   support

         no       0.99      1.00      0.99      3967
        yes       0.94      0.71      0.81       131

avg / total       0.99      0.99      0.99      4098

F Score: 0.808695652173913
2019-01-05 16:15:21,882 - INFO - learner - Active Delta: 0.1
2019-01-05 16:15:21,882 - INFO - learner - Total Certain Pos: 66 | Total Certain Neg: 3903
2019-01-05 16:41:20,615 - INFO - learner - svm_pred_4
             precision    recall  f1-score   support

         no       0.99      1.00      0.99      3967
        yes       0.94      0.72      0.81       131

avg / total       0.99      0.99      0.99      4098

F Score: 0.8138528138528137
2019-01-05 16:41:20,624 - INFO - learner - Active Delta: 0.1
2019-01-05 16:41:20,624 - INFO - learner - Total Certain Pos: 68 | Total Certain Neg: 3904
2019-01-05 17:04:44,608 - INFO - learner - svm_pred_5
             precision    recall  f1-score   support

         no       0.99      1.00      0.99      3967
        yes       0.94      0.70      0.80       131

avg / total       0.99      0.99      0.99      4098

F Score: 0.8034934497816593
2019-01-05 17:04:44,617 - INFO - learner - Active Delta: 0.1
2019-01-05 17:04:44,617 - INFO - learner - Total Certain Pos: 68 | Total Certain Neg: 3904
2019-01-05 17:27:01,588 - INFO - learner - | NO IMPROVEMENT | F Score: 0.8034934497816593 | eval: 6
2019-01-05 17:27:01,729 - INFO - rig - apache-ant-1.7.0 | END PROJECT=====
