2019-01-05 13:45:53,669 - INFO - config - DATASET: argouml | MAX_FEATURE: 0.2 | STOP_WORDS: english | POOL_SIZE: 10000 | INIT_POOL: 10 | BUDGET: 10
STRATIFIED_TEST_SIZE_RATIO: 0.2 | TUNE SVM: True | ACTIVE PREDICTION DELTA: 0.1 | ACTIVE PREDICTION TARGET: 1
2019-01-05 13:45:53,669 - INFO - rig - TRAINING DATA: TRUE: 2658 | FALSE: 50165
2019-01-05 13:45:53,669 - INFO - rig - TEST DATA: TRUE: 1413 | FALSE: 8039
2019-01-05 13:45:53,763 - INFO - learner - argouml | TUNING STARTS...
2019-01-05 13:59:40,712 - INFO - optimizer - argouml | F Score of init pool: [0.6410496719775071, 0.8368794326241134, 0.8301507537688442, 0.7867867867867868, 0.7070506454816285, 0.6126582278481013, 0.8367346938775511, 0.7288296860133205, 0.7304015296367113, 0.8412371134020618]
2019-01-05 14:10:13,641 - INFO - optimizer - argouml | new F: 0.8427543679342241 budget 6
2019-01-05 14:19:47,969 - INFO - optimizer - argouml | Eval: 11
2019-01-05 14:19:47,972 - INFO - learner - argouml | TUNING ENDS
2019-01-05 14:35:06,454 - INFO - learner - svm_pred_0
             precision    recall  f1-score   support

         no       0.96      0.98      0.97      8039
        yes       0.86      0.79      0.83      1413

avg / total       0.95      0.95      0.95      9452

F Score: 0.8251386321626618
2019-01-05 14:35:06,472 - INFO - learner - Active Delta: 0.1
2019-01-05 14:35:06,472 - INFO - learner - Total Certain Pos: 1049 | Total Certain Neg: 7861
2019-01-05 14:57:04,320 - INFO - learner - svm_pred_1
             precision    recall  f1-score   support

         no       0.98      1.00      0.99      8039
        yes       0.98      0.87      0.92      1413

avg / total       0.98      0.98      0.98      9452

F Score: 0.922500935979034
2019-01-05 14:57:04,331 - INFO - learner - Active Delta: 0.1
2019-01-05 14:57:04,331 - INFO - learner - Total Certain Pos: 1048 | Total Certain Neg: 7951
2019-01-05 15:24:49,479 - INFO - learner - svm_pred_2
             precision    recall  f1-score   support

         no       0.98      1.00      0.99      8039
        yes       0.98      0.89      0.93      1413

avg / total       0.98      0.98      0.98      9452

F Score: 0.9348148148148149
2019-01-05 15:24:49,498 - INFO - learner - Active Delta: 0.1
2019-01-05 15:24:49,498 - INFO - learner - Total Certain Pos: 1086 | Total Certain Neg: 7945
2019-01-05 15:57:13,388 - INFO - learner - svm_pred_3
             precision    recall  f1-score   support

         no       0.98      1.00      0.99      8039
        yes       0.98      0.90      0.94      1413

avg / total       0.98      0.98      0.98      9452

F Score: 0.9387001477104875
2019-01-05 15:57:13,401 - INFO - learner - Active Delta: 0.1
2019-01-05 15:57:13,401 - INFO - learner - Total Certain Pos: 1098 | Total Certain Neg: 7943
2019-01-05 16:35:48,873 - INFO - learner - svm_pred_4
             precision    recall  f1-score   support

         no       0.98      1.00      0.99      8039
        yes       0.98      0.90      0.94      1413

avg / total       0.98      0.98      0.98      9452

F Score: 0.9383080901366826
2019-01-05 16:35:48,884 - INFO - learner - Active Delta: 0.1
2019-01-05 16:35:48,884 - INFO - learner - Total Certain Pos: 1103 | Total Certain Neg: 7942
2019-01-05 17:11:57,858 - INFO - learner - | NO IMPROVEMENT | F Score: 0.9383080901366826 | eval: 5
2019-01-05 17:11:58,069 - INFO - rig - argouml | END PROJECT=====
