2019-01-05 13:45:53,862 - INFO - config - DATASET: hibernate-distribution-3.3.2.GA | MAX_FEATURE: 0.2 | STOP_WORDS: english | POOL_SIZE: 10000 | INIT_POOL: 10 | BUDGET: 10
STRATIFIED_TEST_SIZE_RATIO: 0.2 | TUNE SVM: True | ACTIVE PREDICTION DELTA: 0.1 | ACTIVE PREDICTION TARGET: 1
2019-01-05 13:45:53,862 - INFO - rig - TRAINING DATA: TRUE: 3599 | FALSE: 55708
2019-01-05 13:45:53,862 - INFO - rig - TEST DATA: TRUE: 472 | FALSE: 2496
2019-01-05 13:45:53,957 - INFO - learner - hibernate-distribution-3.3.2.GA | TUNING STARTS...
2019-01-05 14:07:26,072 - INFO - optimizer - hibernate-distribution-3.3.2.GA | F Score of init pool: [0.6209335219236211, 0.8382352941176471, 0.8355359765051394, 0.7682215743440234, 0.6547020818377602, 0.6192236598890943, 0.8440502586844051, 0.7202846975088967, 0.7228571428571429, 0.8484398216939079]
2019-01-05 14:10:01,380 - INFO - optimizer - hibernate-distribution-3.3.2.GA | new F: 0.8495181616011862 budget 11
2019-01-05 14:25:53,480 - INFO - optimizer - hibernate-distribution-3.3.2.GA | new F: 0.8501483679525221 budget 6
2019-01-05 14:39:23,539 - INFO - optimizer - hibernate-distribution-3.3.2.GA | Eval: 12
2019-01-05 14:39:23,542 - INFO - learner - hibernate-distribution-3.3.2.GA | TUNING ENDS
2019-01-05 15:00:13,763 - INFO - learner - svm_pred_0
             precision    recall  f1-score   support

         no       0.95      0.99      0.97      2496
        yes       0.96      0.69      0.81       472

avg / total       0.95      0.95      0.94      2968

F Score: 0.8058968058968058
2019-01-05 15:00:13,772 - INFO - learner - Active Delta: 0.1
2019-01-05 15:00:13,772 - INFO - learner - Total Certain Pos: 265 | Total Certain Neg: 2519
2019-01-05 15:24:06,589 - INFO - learner - svm_pred_1
             precision    recall  f1-score   support

         no       0.98      0.99      0.99      2496
        yes       0.97      0.87      0.92       472

avg / total       0.97      0.98      0.97      2968

F Score: 0.9174107142857143
2019-01-05 15:24:06,599 - INFO - learner - Active Delta: 0.1
2019-01-05 15:24:06,599 - INFO - learner - Total Certain Pos: 346 | Total Certain Neg: 2458
2019-01-05 15:49:08,503 - INFO - learner - svm_pred_2
             precision    recall  f1-score   support

         no       0.98      1.00      0.99      2496
        yes       0.97      0.88      0.92       472

avg / total       0.98      0.98      0.98      2968

F Score: 0.9208472686733558
2019-01-05 15:49:08,512 - INFO - learner - Active Delta: 0.1
2019-01-05 15:49:08,512 - INFO - learner - Total Certain Pos: 347 | Total Certain Neg: 2462
2019-01-05 16:16:16,271 - INFO - learner - | NO IMPROVEMENT | F Score: 0.9208472686733558 | eval: 3
2019-01-05 16:16:16,352 - INFO - rig - hibernate-distribution-3.3.2.GA | END PROJECT=====
