2019-01-05 13:45:53,901 - INFO - config - DATASET: jEdit-4.2 | MAX_FEATURE: 0.2 | STOP_WORDS: english | POOL_SIZE: 10000 | INIT_POOL: 10 | BUDGET: 10
STRATIFIED_TEST_SIZE_RATIO: 0.2 | TUNE SVM: True | ACTIVE PREDICTION DELTA: 0.1 | ACTIVE PREDICTION TARGET: 1
2019-01-05 13:45:53,901 - INFO - rig - TRAINING DATA: TRUE: 3815 | FALSE: 48138
2019-01-05 13:45:53,901 - INFO - rig - TEST DATA: TRUE: 256 | FALSE: 10066
2019-01-05 13:45:54,009 - INFO - learner - jEdit-4.2 | TUNING STARTS...
2019-01-05 14:04:40,064 - INFO - optimizer - jEdit-4.2 | F Score of init pool: [0.6310873915943962, 0.8518005540166205, 0.8458333333333332, 0.79002079002079, 0.6662116040955631, 0.6524338172502135, 0.8531663187195546, 0.7438692098092643, 0.7482993197278911, 0.8527564549895326]
2019-01-05 14:06:58,481 - INFO - optimizer - jEdit-4.2 | new F: 0.8543554006968641 budget 11
2019-01-05 14:10:29,092 - INFO - optimizer - jEdit-4.2 | new F: 0.8563497571131158 budget 10
2019-01-05 14:12:18,004 - INFO - optimizer - jEdit-4.2 | new F: 0.8565459610027856 budget 10
2019-01-05 14:30:50,977 - INFO - optimizer - jEdit-4.2 | new F: 0.8569444444444444 budget 2
2019-01-05 14:33:01,074 - INFO - optimizer - jEdit-4.2 | new F: 0.8573416840640223 budget 2
2019-01-05 14:35:11,004 - INFO - optimizer - jEdit-4.2 | Eval: 15
2019-01-05 14:35:11,006 - INFO - learner - jEdit-4.2 | TUNING ENDS
2019-01-05 14:51:41,157 - INFO - learner - svm_pred_0
             precision    recall  f1-score   support

         no       0.98      1.00      0.99     10066
        yes       0.80      0.25      0.38       256

avg / total       0.98      0.98      0.97     10322

F Score: 0.38095238095238093
2019-01-05 14:51:41,167 - INFO - learner - Active Delta: 0.1
2019-01-05 14:51:41,167 - INFO - learner - Total Certain Pos: 42 | Total Certain Neg: 10148
2019-01-05 15:14:55,229 - INFO - learner - svm_pred_1
             precision    recall  f1-score   support

         no       0.99      1.00      1.00     10066
        yes       0.97      0.73      0.84       256

avg / total       0.99      0.99      0.99     10322

F Score: 0.8374164810690423
2019-01-05 15:14:55,239 - INFO - learner - Active Delta: 0.1
2019-01-05 15:14:55,239 - INFO - learner - Total Certain Pos: 153 | Total Certain Neg: 10051
2019-01-05 15:43:48,905 - INFO - learner - svm_pred_2
             precision    recall  f1-score   support

         no       0.99      1.00      1.00     10066
        yes       0.97      0.75      0.85       256

avg / total       0.99      0.99      0.99     10322

F Score: 0.8502202643171806
2019-01-05 15:43:48,916 - INFO - learner - Active Delta: 0.1
2019-01-05 15:43:48,916 - INFO - learner - Total Certain Pos: 158 | Total Certain Neg: 10050
2019-01-05 16:19:49,023 - INFO - learner - svm_pred_3
             precision    recall  f1-score   support

         no       0.99      1.00      1.00     10066
        yes       0.98      0.77      0.86       256

avg / total       0.99      0.99      0.99     10322

F Score: 0.8577680525164114
2019-01-05 16:19:49,037 - INFO - learner - Active Delta: 0.1
2019-01-05 16:19:49,037 - INFO - learner - Total Certain Pos: 161 | Total Certain Neg: 10048
2019-01-05 16:56:51,646 - INFO - learner - | NO IMPROVEMENT | F Score: 0.8577680525164114 | eval: 4
2019-01-05 16:56:51,841 - INFO - rig - jEdit-4.2 | END PROJECT=====
