2019-01-05 13:45:54,102 - INFO - config - DATASET: jruby-1.4.0 | MAX_FEATURE: 0.2 | STOP_WORDS: english | POOL_SIZE: 10000 | INIT_POOL: 10 | BUDGET: 10
STRATIFIED_TEST_SIZE_RATIO: 0.2 | TUNE SVM: True | ACTIVE PREDICTION DELTA: 0.1 | ACTIVE PREDICTION TARGET: 1
2019-01-05 13:45:54,102 - INFO - rig - TRAINING DATA: TRUE: 3449 | FALSE: 53929
2019-01-05 13:45:54,102 - INFO - rig - TEST DATA: TRUE: 622 | FALSE: 4275
2019-01-05 13:45:54,217 - INFO - learner - jruby-1.4.0 | TUNING STARTS...
2019-01-05 14:06:53,455 - INFO - optimizer - jruby-1.4.0 | F Score of init pool: [0.5786802030456853, 0.8221709006928407, 0.8134044173648133, 0.7494287890327495, 0.6135517498138496, 0.605009633911368, 0.8200000000000001, 0.699404761904762, 0.7078986587183309, 0.8254460822342902]
2019-01-05 14:09:14,121 - INFO - optimizer - jruby-1.4.0 | new F: 0.8256172839506172 budget 11
2019-01-05 14:11:56,459 - INFO - optimizer - jruby-1.4.0 | new F: 0.8276397515527951 budget 11
2019-01-05 14:36:33,261 - INFO - optimizer - jruby-1.4.0 | Eval: 12
2019-01-05 14:36:33,263 - INFO - learner - jruby-1.4.0 | TUNING ENDS
2019-01-05 14:55:45,163 - INFO - learner - svm_pred_0
             precision    recall  f1-score   support

         no       0.97      0.99      0.98      4275
        yes       0.93      0.81      0.87       622

avg / total       0.97      0.97      0.97      4897

F Score: 0.8655172413793103
2019-01-05 14:55:45,172 - INFO - learner - Active Delta: 0.1
2019-01-05 14:55:45,173 - INFO - learner - Total Certain Pos: 339 | Total Certain Neg: 4208
2019-01-05 15:18:04,575 - INFO - learner - svm_pred_1
             precision    recall  f1-score   support

         no       0.98      0.99      0.99      4275
        yes       0.96      0.89      0.92       622

avg / total       0.98      0.98      0.98      4897

F Score: 0.9234608985024957
2019-01-05 15:18:04,585 - INFO - learner - Active Delta: 0.1
2019-01-05 15:18:04,585 - INFO - learner - Total Certain Pos: 425 | Total Certain Neg: 4202
2019-01-05 15:42:35,755 - INFO - learner - svm_pred_2
             precision    recall  f1-score   support

         no       0.99      1.00      0.99      4275
        yes       0.97      0.90      0.93       622

avg / total       0.98      0.98      0.98      4897

F Score: 0.9335548172757474
2019-01-05 15:42:35,765 - INFO - learner - Active Delta: 0.1
2019-01-05 15:42:35,765 - INFO - learner - Total Certain Pos: 439 | Total Certain Neg: 4209
2019-01-05 16:09:31,066 - INFO - learner - svm_pred_3
             precision    recall  f1-score   support

         no       0.99      1.00      0.99      4275
        yes       0.97      0.91      0.94       622

avg / total       0.98      0.98      0.98      4897

F Score: 0.9359933499584372
2019-01-05 16:09:31,087 - INFO - learner - Active Delta: 0.1
2019-01-05 16:09:31,087 - INFO - learner - Total Certain Pos: 439 | Total Certain Neg: 4219
2019-01-05 16:36:33,458 - INFO - learner - svm_pred_4
             precision    recall  f1-score   support

         no       0.99      1.00      0.99      4275
        yes       0.97      0.91      0.94       622

avg / total       0.98      0.98      0.98      4897

F Score: 0.9367720465890182
2019-01-05 16:36:33,476 - INFO - learner - Active Delta: 0.1
2019-01-05 16:36:33,477 - INFO - learner - Total Certain Pos: 449 | Total Certain Neg: 4220
2019-01-05 17:01:08,145 - INFO - learner - svm_pred_5
             precision    recall  f1-score   support

         no       0.99      1.00      0.99      4275
        yes       0.97      0.91      0.94       622

avg / total       0.99      0.99      0.99      4897

F Score: 0.9402985074626866
2019-01-05 17:01:08,156 - INFO - learner - Active Delta: 0.1
2019-01-05 17:01:08,156 - INFO - learner - Total Certain Pos: 449 | Total Certain Neg: 4225
2019-01-05 17:25:01,289 - INFO - learner - | NO IMPROVEMENT | F Score: 0.9402985074626866 | eval: 6
2019-01-05 17:25:01,413 - INFO - rig - jruby-1.4.0 | END PROJECT=====
