2019-01-24 14:48:48,667 - INFO - rig - argouml
2019-01-24 14:48:48,942 - INFO - rig - ++++NEW CLF++++ FASTREAD
2019-01-24 14:48:48,942 - INFO - fastread - Total Yes: 706 | Total No: 4020
2019-01-24 14:48:49,296 - INFO - fastread - 0, 0
2019-01-24 14:48:50,344 - INFO - fastread - 0, 10
2019-01-24 14:48:51,414 - INFO - fastread - 3, 20
2019-01-24 14:48:52,618 - INFO - fastread - 5, 30
2019-01-24 14:48:54,054 - INFO - fastread - 12, 40
2019-01-24 14:48:55,478 - INFO - fastread - 22, 50
2019-01-24 14:48:56,838 - INFO - fastread - 27, 60
2019-01-24 14:48:58,163 - INFO - fastread - 37, 70
2019-01-24 14:48:59,405 - INFO - fastread - 43, 80
2019-01-24 14:49:00,645 - INFO - fastread - 45, 90
2019-01-24 14:49:01,902 - INFO - fastread - 52, 100
2019-01-24 14:49:03,204 - INFO - fastread - 61, 110
2019-01-24 14:49:04,559 - INFO - fastread - 69, 120
2019-01-24 14:49:05,934 - INFO - fastread - 75, 130
2019-01-24 14:49:07,265 - INFO - fastread - 84, 140
2019-01-24 14:49:08,609 - INFO - fastread - 92, 150
2019-01-24 14:49:10,011 - INFO - fastread - 100, 160
2019-01-24 14:49:11,374 - INFO - fastread - 106, 170
2019-01-24 14:49:12,892 - INFO - fastread - 112, 180
2019-01-24 14:49:14,445 - INFO - fastread - 121, 190
2019-01-24 14:49:15,901 - INFO - fastread - 130, 200
2019-01-24 14:49:17,377 - INFO - fastread - 138, 210
2019-01-24 14:49:18,952 - INFO - fastread - 148, 220
2019-01-24 14:49:20,661 - INFO - fastread - 157, 230
2019-01-24 14:49:22,358 - INFO - fastread - 162, 240
2019-01-24 14:49:24,024 - INFO - fastread - 170, 250
2019-01-24 14:49:25,742 - INFO - fastread - 178, 260
2019-01-24 14:49:27,519 - INFO - fastread - 187, 270
2019-01-24 14:49:29,259 - INFO - fastread - 194, 280
2019-01-24 14:49:31,225 - INFO - fastread - 204, 290
2019-01-24 14:49:33,124 - INFO - fastread - 212, 300
2019-01-24 14:49:35,026 - INFO - fastread - 217, 310
2019-01-24 14:49:36,954 - INFO - fastread - 221, 320
2019-01-24 14:49:38,911 - INFO - fastread - 227, 330
2019-01-24 14:49:40,922 - INFO - fastread - 231, 340
2019-01-24 14:49:42,830 - INFO - fastread - 240, 350
2019-01-24 14:49:44,838 - INFO - fastread - 248, 360
2019-01-24 14:49:46,932 - INFO - fastread - 257, 370
2019-01-24 14:49:48,932 - INFO - fastread - 265, 380
2019-01-24 14:49:50,861 - INFO - fastread - 271, 390
2019-01-24 14:49:52,742 - INFO - fastread - 280, 400
2019-01-24 14:49:54,619 - INFO - fastread - 289, 410
2019-01-24 14:49:56,642 - INFO - fastread - 297, 420
2019-01-24 14:49:58,755 - INFO - fastread - 300, 430
2019-01-24 14:50:00,913 - INFO - fastread - 306, 440
2019-01-24 14:50:02,836 - INFO - fastread - 315, 450
2019-01-24 14:50:04,969 - INFO - fastread - 322, 460
2019-01-24 14:50:06,939 - INFO - fastread - 328, 470
2019-01-24 14:50:09,065 - INFO - fastread - 332, 480
2019-01-24 14:50:10,903 - INFO - fastread - 338, 490
2019-01-24 14:50:12,897 - INFO - fastread - 344, 500
2019-01-24 14:50:14,889 - INFO - fastread - 352, 510
2019-01-24 14:50:16,717 - INFO - fastread - 359, 520
2019-01-24 14:50:18,548 - INFO - fastread - 369, 530
2019-01-24 14:50:20,452 - INFO - fastread - 377, 540
2019-01-24 14:50:22,280 - INFO - fastread - 387, 550
2019-01-24 14:50:24,245 - INFO - fastread - 395, 560
2019-01-24 14:50:26,147 - INFO - fastread - 402, 570
2019-01-24 14:50:28,068 - INFO - fastread - 404, 580
2019-01-24 14:50:29,999 - INFO - fastread - 411, 590
2019-01-24 14:50:32,122 - INFO - fastread - 417, 600
2019-01-24 14:50:34,235 - INFO - fastread - 420, 610
2019-01-24 14:50:36,338 - INFO - fastread - 429, 620
2019-01-24 14:50:38,499 - INFO - fastread - 436, 630
2019-01-24 14:50:40,292 - INFO - fastread - 445, 640
2019-01-24 14:50:42,227 - INFO - fastread - 453, 650
2019-01-24 14:50:44,237 - INFO - fastread - 459, 660
2019-01-24 14:50:46,185 - INFO - fastread - 465, 670
2019-01-24 14:50:48,196 - INFO - fastread - 470, 680
2019-01-24 14:50:50,085 - INFO - fastread - 475, 690
2019-01-24 14:50:52,042 - INFO - fastread - 481, 700
2019-01-24 14:50:54,064 - INFO - fastread - 489, 710
2019-01-24 14:50:56,001 - INFO - fastread - 498, 720
2019-01-24 14:50:57,970 - INFO - fastread - 505, 730
2019-01-24 14:50:59,920 - INFO - fastread - 508, 740
2019-01-24 14:51:01,980 - INFO - fastread - 513, 750
2019-01-24 14:51:04,039 - INFO - fastread - 519, 760
2019-01-24 14:51:06,101 - INFO - fastread - 527, 770
2019-01-24 14:51:08,158 - INFO - fastread - 534, 780
2019-01-24 14:51:10,241 - INFO - fastread - 539, 790
2019-01-24 14:51:12,340 - INFO - fastread - 544, 800
2019-01-24 14:51:14,509 - INFO - fastread - 551, 810
2019-01-24 14:51:16,762 - INFO - fastread - 554, 820
2019-01-24 14:51:18,952 - INFO - fastread - 561, 830
2019-01-24 14:51:21,137 - INFO - fastread - 563, 840
2019-01-24 14:51:23,318 - INFO - fastread - 567, 850
2019-01-24 14:51:25,530 - INFO - fastread - 573, 860
2019-01-24 14:51:27,783 - INFO - fastread - 577, 870
2019-01-24 14:51:30,087 - INFO - fastread - 584, 880
2019-01-24 14:51:32,420 - INFO - fastread - 589, 890
2019-01-24 14:51:34,813 - INFO - fastread - 593, 900
2019-01-24 14:51:37,246 - INFO - fastread - 595, 910
2019-01-24 14:51:39,684 - INFO - fastread - 597, 920
2019-01-24 14:51:42,100 - INFO - fastread - 599, 930
2019-01-24 14:51:44,612 - INFO - fastread - 604, 940
2019-01-24 14:51:47,149 - INFO - fastread - 607, 950
2019-01-24 14:51:49,660 - INFO - fastread - 611, 960
2019-01-24 14:51:52,167 - INFO - fastread - 613, 970
2019-01-24 14:51:54,681 - INFO - fastread - 614, 980
2019-01-24 14:51:57,227 - INFO - fastread - 616, 990
2019-01-24 14:51:59,842 - INFO - fastread - 618, 1000
2019-01-24 14:52:02,499 - INFO - fastread - 623, 1010
2019-01-24 14:52:05,228 - INFO - fastread - 625, 1020
2019-01-24 14:52:07,925 - INFO - fastread - 626, 1030
2019-01-24 14:52:10,702 - INFO - fastread - 626, 1040
2019-01-24 14:52:13,480 - INFO - fastread - 632, 1050
2019-01-24 14:52:16,244 - INFO - fastread - 634, 1060
2019-01-24 14:52:19,012 - INFO - fastread - 635, 1070
2019-01-24 14:52:21,800 - INFO - fastread - 636, 1080
2019-01-24 14:52:24,637 - INFO - fastread - 637, 1090
2019-01-24 14:52:27,476 - INFO - fastread - 638, 1100
2019-01-24 14:52:30,364 - INFO - fastread - 638, 1110
2019-01-24 14:52:33,284 - INFO - fastread - 641, 1120
2019-01-24 14:52:36,273 - INFO - fastread - 641, 1130
2019-01-24 14:52:39,182 - INFO - fastread - 642, 1140
2019-01-24 14:52:42,141 - INFO - fastread - 643, 1150
2019-01-24 14:52:45,140 - INFO - fastread - 643, 1160
2019-01-24 14:52:48,160 - INFO - fastread - 643, 1170
2019-01-24 14:52:51,199 - INFO - fastread - 643, 1180
2019-01-24 14:52:54,308 - INFO - fastread - 643, 1190
2019-01-24 14:52:57,341 - INFO - fastread - 644, 1200
2019-01-24 14:53:00,371 - INFO - fastread - 647, 1210
2019-01-24 14:53:03,417 - INFO - fastread - 648, 1220
2019-01-24 14:53:06,599 - INFO - fastread - 650, 1230
2019-01-24 14:53:09,723 - INFO - fastread - 651, 1240
2019-01-24 14:53:12,831 - INFO - fastread - 654, 1250
2019-01-24 14:53:15,974 - INFO - fastread - 654, 1260
2019-01-24 14:53:18,995 - INFO - fastread - 655, 1270
2019-01-24 14:53:22,015 - INFO - fastread - 656, 1280
2019-01-24 14:53:25,035 - INFO - fastread - 656, 1290
2019-01-24 14:53:28,036 - INFO - fastread - 656, 1300
2019-01-24 14:53:31,097 - INFO - fastread - 657, 1310
2019-01-24 14:53:34,223 - INFO - fastread - 657, 1320
2019-01-24 14:53:37,253 - INFO - fastread - 660, 1330
2019-01-24 14:53:40,327 - INFO - fastread - 660, 1340
2019-01-24 14:53:43,355 - INFO - fastread - 661, 1350
2019-01-24 14:53:46,466 - INFO - fastread - 663, 1360
2019-01-24 14:53:49,497 - INFO - fastread - 663, 1370
2019-01-24 14:53:52,558 - INFO - fastread - 663, 1380
2019-01-24 14:53:55,558 - INFO - fastread - 663, 1390
2019-01-24 14:53:58,614 - INFO - fastread - 663, 1400
2019-01-24 14:54:01,685 - INFO - fastread - 663, 1410
2019-01-24 14:54:04,716 - INFO - fastread - 663, 1420
2019-01-24 14:54:07,756 - INFO - fastread - 663, 1430
2019-01-24 14:54:10,736 - INFO - fastread - 663, 1440
2019-01-24 14:54:13,742 - INFO - fastread - 663, 1450
2019-01-24 14:54:16,714 - INFO - fastread - 664, 1460
2019-01-24 14:54:19,734 - INFO - fastread - 664, 1470
2019-01-24 14:54:22,734 - INFO - fastread - 664, 1480
2019-01-24 14:54:25,782 - INFO - fastread - 664, 1490
2019-01-24 14:54:28,855 - INFO - fastread - 666, 1500
2019-01-24 14:54:32,005 - INFO - fastread - 666, 1510
2019-01-24 14:54:35,059 - INFO - fastread - 666, 1520
2019-01-24 14:54:38,108 - INFO - fastread - 666, 1530
2019-01-24 14:54:41,120 - INFO - fastread - 666, 1540
2019-01-24 14:54:44,236 - INFO - fastread - 666, 1550
2019-01-24 14:54:47,276 - INFO - fastread - 666, 1560
2019-01-24 14:54:50,368 - INFO - fastread - 666, 1570
2019-01-24 14:54:53,428 - INFO - fastread - 666, 1580
2019-01-24 14:54:56,549 - INFO - fastread - 666, 1590
2019-01-24 14:54:59,615 - INFO - fastread - 666, 1600
2019-01-24 14:55:02,705 - INFO - fastread - 666, 1610
2019-01-24 14:55:05,833 - INFO - fastread - 666, 1620
2019-01-24 14:55:08,884 - INFO - fastread - 666, 1630
2019-01-24 14:55:11,906 - INFO - fastread - 666, 1640
2019-01-24 14:55:14,937 - INFO - fastread - 666, 1650
2019-01-24 14:55:17,976 - INFO - fastread - 666, 1660
2019-01-24 14:55:20,975 - INFO - fastread - 666, 1670
2019-01-24 14:55:24,046 - INFO - fastread - 666, 1680
2019-01-24 14:55:27,105 - INFO - fastread - 666, 1690
2019-01-24 14:55:30,137 - INFO - fastread - 666, 1700
2019-01-24 14:55:33,158 - INFO - fastread - 666, 1710
2019-01-24 14:55:36,201 - INFO - fastread - 666, 1720
2019-01-24 14:55:39,261 - INFO - fastread - 666, 1730
2019-01-24 14:55:42,361 - INFO - fastread - 666, 1740
2019-01-24 14:55:45,487 - INFO - fastread - 666, 1750
2019-01-24 14:55:48,630 - INFO - fastread - 667, 1760
2019-01-24 14:55:51,802 - INFO - fastread - 667, 1770
2019-01-24 14:55:54,914 - INFO - fastread - 667, 1780
2019-01-24 14:55:57,994 - INFO - fastread - 667, 1790
2019-01-24 14:56:01,155 - INFO - fastread - 668, 1800
2019-01-24 14:56:04,412 - INFO - fastread - 669, 1810
2019-01-24 14:56:07,506 - INFO - fastread - 669, 1820
2019-01-24 14:56:10,648 - INFO - fastread - 669, 1830
2019-01-24 14:56:13,746 - INFO - fastread - 669, 1840
2019-01-24 14:56:16,856 - INFO - fastread - 669, 1850
2019-01-24 14:56:19,959 - INFO - fastread - 669, 1860
2019-01-24 14:56:23,055 - INFO - fastread - 669, 1870
2019-01-24 14:56:26,212 - INFO - fastread - 669, 1880
2019-01-24 14:56:29,366 - INFO - fastread - 669, 1890
2019-01-24 14:56:32,467 - INFO - fastread - 670, 1900
2019-01-24 14:56:34,991 - INFO - rig - ++++NEW CLF++++ NBM
2019-01-24 14:56:34,991 - INFO - fastread - Total Yes: 706 | Total No: 4020
2019-01-24 14:56:35,011 - INFO - fastread - 10, 10
2019-01-24 14:56:35,011 - INFO - fastread - 20, 20
2019-01-24 14:56:35,011 - INFO - fastread - 30, 30
2019-01-24 14:56:35,011 - INFO - fastread - 38, 40
2019-01-24 14:56:35,019 - INFO - fastread - 48, 50
2019-01-24 14:56:35,019 - INFO - fastread - 58, 60
2019-01-24 14:56:35,019 - INFO - fastread - 67, 70
2019-01-24 14:56:35,019 - INFO - fastread - 77, 80
2019-01-24 14:56:35,019 - INFO - fastread - 86, 90
2019-01-24 14:56:35,029 - INFO - fastread - 96, 100
2019-01-24 14:56:35,031 - INFO - fastread - 105, 110
2019-01-24 14:56:35,031 - INFO - fastread - 115, 120
2019-01-24 14:56:35,031 - INFO - fastread - 125, 130
2019-01-24 14:56:35,031 - INFO - fastread - 135, 140
2019-01-24 14:56:35,031 - INFO - fastread - 145, 150
2019-01-24 14:56:35,039 - INFO - fastread - 151, 160
2019-01-24 14:56:35,041 - INFO - fastread - 158, 170
2019-01-24 14:56:35,041 - INFO - fastread - 166, 180
2019-01-24 14:56:35,041 - INFO - fastread - 176, 190
2019-01-24 14:56:35,041 - INFO - fastread - 185, 200
2019-01-24 14:56:35,041 - INFO - fastread - 193, 210
2019-01-24 14:56:35,051 - INFO - fastread - 201, 220
2019-01-24 14:56:35,051 - INFO - fastread - 210, 230
2019-01-24 14:56:35,051 - INFO - fastread - 220, 240
2019-01-24 14:56:35,051 - INFO - fastread - 227, 250
2019-01-24 14:56:35,059 - INFO - fastread - 236, 260
2019-01-24 14:56:35,059 - INFO - fastread - 244, 270
2019-01-24 14:56:35,059 - INFO - fastread - 253, 280
2019-01-24 14:56:35,059 - INFO - fastread - 261, 290
2019-01-24 14:56:35,059 - INFO - fastread - 268, 300
2019-01-24 14:56:35,059 - INFO - fastread - 276, 310
2019-01-24 14:56:35,069 - INFO - fastread - 283, 320
2019-01-24 14:56:35,071 - INFO - fastread - 291, 330
2019-01-24 14:56:35,071 - INFO - fastread - 298, 340
2019-01-24 14:56:35,071 - INFO - fastread - 304, 350
2019-01-24 14:56:35,071 - INFO - fastread - 311, 360
2019-01-24 14:56:35,079 - INFO - fastread - 321, 370
2019-01-24 14:56:35,079 - INFO - fastread - 328, 380
2019-01-24 14:56:35,081 - INFO - fastread - 332, 390
2019-01-24 14:56:35,081 - INFO - fastread - 337, 400
2019-01-24 14:56:35,081 - INFO - fastread - 338, 410
2019-01-24 14:56:35,081 - INFO - fastread - 340, 420
2019-01-24 14:56:35,090 - INFO - fastread - 344, 430
2019-01-24 14:56:35,092 - INFO - fastread - 347, 440
2019-01-24 14:56:35,092 - INFO - fastread - 352, 450
2019-01-24 14:56:35,092 - INFO - fastread - 358, 460
2019-01-24 14:56:35,092 - INFO - fastread - 365, 470
2019-01-24 14:56:35,100 - INFO - fastread - 368, 480
2019-01-24 14:56:35,100 - INFO - fastread - 372, 490
2019-01-24 14:56:35,102 - INFO - fastread - 379, 500
2019-01-24 14:56:35,102 - INFO - fastread - 385, 510
2019-01-24 14:56:35,102 - INFO - fastread - 390, 520
2019-01-24 14:56:35,102 - INFO - fastread - 399, 530
2019-01-24 14:56:35,110 - INFO - fastread - 406, 540
2019-01-24 14:56:35,112 - INFO - fastread - 411, 550
2019-01-24 14:56:35,112 - INFO - fastread - 414, 560
2019-01-24 14:56:35,112 - INFO - fastread - 418, 570
2019-01-24 14:56:35,112 - INFO - fastread - 425, 580
2019-01-24 14:56:35,120 - INFO - fastread - 430, 590
2019-01-24 14:56:35,120 - INFO - fastread - 434, 600
2019-01-24 14:56:35,120 - INFO - fastread - 440, 610
2019-01-24 14:56:35,120 - INFO - fastread - 446, 620
2019-01-24 14:56:35,120 - INFO - fastread - 449, 630
2019-01-24 14:56:35,120 - INFO - fastread - 456, 640
2019-01-24 14:56:35,130 - INFO - fastread - 460, 650
2019-01-24 14:56:35,132 - INFO - fastread - 463, 660
2019-01-24 14:56:35,132 - INFO - fastread - 465, 670
2019-01-24 14:56:35,140 - INFO - fastread - 469, 680
2019-01-24 14:56:35,142 - INFO - fastread - 473, 690
2019-01-24 14:56:35,142 - INFO - fastread - 475, 700
2019-01-24 14:56:35,142 - INFO - fastread - 479, 710
2019-01-24 14:56:35,142 - INFO - fastread - 481, 720
2019-01-24 14:56:35,142 - INFO - fastread - 486, 730
2019-01-24 14:56:35,152 - INFO - fastread - 489, 740
2019-01-24 14:56:35,152 - INFO - fastread - 495, 750
2019-01-24 14:56:35,152 - INFO - fastread - 500, 760
2019-01-24 14:56:35,152 - INFO - fastread - 503, 770
2019-01-24 14:56:35,152 - INFO - fastread - 506, 780
2019-01-24 14:56:35,160 - INFO - fastread - 510, 790
2019-01-24 14:56:35,162 - INFO - fastread - 511, 800
2019-01-24 14:56:35,162 - INFO - fastread - 516, 810
2019-01-24 14:56:35,162 - INFO - fastread - 520, 820
2019-01-24 14:56:35,162 - INFO - fastread - 524, 830
2019-01-24 14:56:35,162 - INFO - fastread - 529, 840
2019-01-24 14:56:35,170 - INFO - fastread - 530, 850
2019-01-24 14:56:35,172 - INFO - fastread - 532, 860
2019-01-24 14:56:35,172 - INFO - fastread - 533, 870
2019-01-24 14:56:35,172 - INFO - fastread - 534, 880
2019-01-24 14:56:35,172 - INFO - fastread - 536, 890
2019-01-24 14:56:35,180 - INFO - fastread - 540, 900
2019-01-24 14:56:35,182 - INFO - fastread - 541, 910
2019-01-24 14:56:35,182 - INFO - fastread - 546, 920
2019-01-24 14:56:35,182 - INFO - fastread - 549, 930
2019-01-24 14:56:35,182 - INFO - fastread - 550, 940
2019-01-24 14:56:35,182 - INFO - fastread - 551, 950
2019-01-24 14:56:35,191 - INFO - fastread - 553, 960
2019-01-24 14:56:35,193 - INFO - fastread - 555, 970
2019-01-24 14:56:35,193 - INFO - fastread - 560, 980
2019-01-24 14:56:35,193 - INFO - fastread - 562, 990
2019-01-24 14:56:35,193 - INFO - fastread - 565, 1000
2019-01-24 14:56:35,201 - INFO - fastread - 565, 1010
2019-01-24 14:56:35,201 - INFO - fastread - 569, 1020
2019-01-24 14:56:35,203 - INFO - fastread - 572, 1030
2019-01-24 14:56:35,203 - INFO - fastread - 575, 1040
2019-01-24 14:56:35,203 - INFO - fastread - 580, 1050
2019-01-24 14:56:35,203 - INFO - fastread - 582, 1060
2019-01-24 14:56:35,211 - INFO - fastread - 583, 1070
2019-01-24 14:56:35,213 - INFO - fastread - 585, 1080
2019-01-24 14:56:35,213 - INFO - fastread - 587, 1090
2019-01-24 14:56:35,213 - INFO - fastread - 589, 1100
2019-01-24 14:56:35,213 - INFO - fastread - 592, 1110
2019-01-24 14:56:35,221 - INFO - fastread - 592, 1120
2019-01-24 14:56:35,223 - INFO - fastread - 593, 1130
2019-01-24 14:56:35,223 - INFO - fastread - 594, 1140
2019-01-24 14:56:35,223 - INFO - fastread - 595, 1150
2019-01-24 14:56:35,223 - INFO - fastread - 598, 1160
2019-01-24 14:56:35,231 - INFO - fastread - 599, 1170
2019-01-24 14:56:35,233 - INFO - fastread - 603, 1180
2019-01-24 14:56:35,233 - INFO - fastread - 604, 1190
2019-01-24 14:56:35,233 - INFO - fastread - 605, 1200
2019-01-24 14:56:35,233 - INFO - fastread - 606, 1210
2019-01-24 14:56:35,241 - INFO - fastread - 608, 1220
2019-01-24 14:56:35,243 - INFO - fastread - 609, 1230
2019-01-24 14:56:35,243 - INFO - fastread - 613, 1240
2019-01-24 14:56:35,243 - INFO - fastread - 615, 1250
2019-01-24 14:56:35,243 - INFO - fastread - 615, 1260
2019-01-24 14:56:35,251 - INFO - fastread - 617, 1270
2019-01-24 14:56:35,254 - INFO - fastread - 617, 1280
2019-01-24 14:56:35,254 - INFO - fastread - 617, 1290
2019-01-24 14:56:35,254 - INFO - fastread - 619, 1300
2019-01-24 14:56:35,254 - INFO - fastread - 622, 1310
2019-01-24 14:56:35,262 - INFO - fastread - 625, 1320
2019-01-24 14:56:35,264 - INFO - fastread - 628, 1330
2019-01-24 14:56:35,264 - INFO - fastread - 629, 1340
2019-01-24 14:56:35,264 - INFO - fastread - 630, 1350
2019-01-24 14:56:35,264 - INFO - fastread - 631, 1360
2019-01-24 14:56:35,272 - INFO - fastread - 632, 1370
2019-01-24 14:56:35,274 - INFO - fastread - 632, 1380
2019-01-24 14:56:35,274 - INFO - fastread - 634, 1390
2019-01-24 14:56:35,274 - INFO - fastread - 635, 1400
2019-01-24 14:56:35,274 - INFO - fastread - 636, 1410
2019-01-24 14:56:35,282 - INFO - fastread - 636, 1420
2019-01-24 14:56:35,284 - INFO - fastread - 638, 1430
2019-01-24 14:56:35,284 - INFO - fastread - 638, 1440
2019-01-24 14:56:35,284 - INFO - fastread - 638, 1450
2019-01-24 14:56:35,284 - INFO - fastread - 638, 1460
2019-01-24 14:56:35,292 - INFO - fastread - 638, 1470
2019-01-24 14:56:35,294 - INFO - fastread - 640, 1480
2019-01-24 14:56:35,294 - INFO - fastread - 642, 1490
2019-01-24 14:56:35,294 - INFO - fastread - 645, 1500
2019-01-24 14:56:35,294 - INFO - fastread - 646, 1510
2019-01-24 14:56:35,302 - INFO - fastread - 646, 1520
2019-01-24 14:56:35,304 - INFO - fastread - 646, 1530
2019-01-24 14:56:35,304 - INFO - fastread - 646, 1540
2019-01-24 14:56:35,304 - INFO - fastread - 646, 1550
2019-01-24 14:56:35,304 - INFO - fastread - 647, 1560
2019-01-24 14:56:35,312 - INFO - fastread - 651, 1570
2019-01-24 14:56:35,314 - INFO - fastread - 651, 1580
2019-01-24 14:56:35,314 - INFO - fastread - 652, 1590
2019-01-24 14:56:35,314 - INFO - fastread - 653, 1600
2019-01-24 14:56:35,314 - INFO - fastread - 654, 1610
2019-01-24 14:56:35,322 - INFO - fastread - 654, 1620
2019-01-24 14:56:35,324 - INFO - fastread - 654, 1630
2019-01-24 14:56:35,324 - INFO - fastread - 655, 1640
2019-01-24 14:56:35,324 - INFO - fastread - 655, 1650
2019-01-24 14:56:35,324 - INFO - fastread - 655, 1660
2019-01-24 14:56:35,332 - INFO - fastread - 656, 1670
2019-01-24 14:56:35,334 - INFO - fastread - 656, 1680
2019-01-24 14:56:35,334 - INFO - fastread - 656, 1690
2019-01-24 14:56:35,334 - INFO - fastread - 658, 1700
2019-01-24 14:56:35,334 - INFO - fastread - 660, 1710
2019-01-24 14:56:35,342 - INFO - fastread - 660, 1720
2019-01-24 14:56:35,344 - INFO - fastread - 660, 1730
2019-01-24 14:56:35,344 - INFO - fastread - 662, 1740
2019-01-24 14:56:35,344 - INFO - fastread - 662, 1750
2019-01-24 14:56:35,344 - INFO - fastread - 662, 1760
2019-01-24 14:56:35,352 - INFO - fastread - 662, 1770
2019-01-24 14:56:35,355 - INFO - fastread - 662, 1780
2019-01-24 14:56:35,355 - INFO - fastread - 662, 1790
2019-01-24 14:56:35,355 - INFO - fastread - 662, 1800
2019-01-24 14:56:35,355 - INFO - fastread - 662, 1810
2019-01-24 14:56:35,363 - INFO - fastread - 663, 1820
2019-01-24 14:56:35,365 - INFO - fastread - 666, 1830
2019-01-24 14:56:35,365 - INFO - fastread - 666, 1840
2019-01-24 14:56:35,365 - INFO - fastread - 666, 1850
2019-01-24 14:56:35,365 - INFO - fastread - 667, 1860
2019-01-24 14:56:35,373 - INFO - fastread - 667, 1870
2019-01-24 14:56:35,375 - INFO - fastread - 667, 1880
2019-01-24 14:56:35,375 - INFO - fastread - 668, 1890
2019-01-24 14:56:35,375 - INFO - fastread - 669, 1900
2019-01-24 14:56:35,375 - INFO - fastread - 669, 1910
2019-01-24 14:56:35,383 - INFO - fastread - 669, 1920
2019-01-24 14:56:35,385 - INFO - fastread - 669, 1930
2019-01-24 14:56:35,385 - INFO - fastread - 669, 1940
2019-01-24 14:56:35,385 - INFO - fastread - 669, 1950
2019-01-24 14:56:35,385 - INFO - fastread - 670, 1960
2019-01-24 14:56:35,393 - INFO - fastread - 670, 1970
2019-01-24 14:56:35,395 - INFO - fastread - 671, 1980
2019-01-24 14:56:35,395 - INFO - rig - ++++NEW CLF++++ NBM
2019-01-24 14:56:35,395 - INFO - fastread - Total Yes: 706 | Total No: 4020
2019-01-24 14:56:36,566 - INFO - fastread - 9, 10
2019-01-24 14:56:36,566 - INFO - fastread - 19, 20
2019-01-24 14:56:36,574 - INFO - fastread - 28, 30
2019-01-24 14:56:36,574 - INFO - fastread - 38, 40
2019-01-24 14:56:36,576 - INFO - fastread - 48, 50
2019-01-24 14:56:36,576 - INFO - fastread - 58, 60
2019-01-24 14:56:36,576 - INFO - fastread - 68, 70
2019-01-24 14:56:36,576 - INFO - fastread - 78, 80
2019-01-24 14:56:36,584 - INFO - fastread - 88, 90
2019-01-24 14:56:36,587 - INFO - fastread - 96, 100
2019-01-24 14:56:36,587 - INFO - fastread - 101, 110
2019-01-24 14:56:36,587 - INFO - fastread - 110, 120
2019-01-24 14:56:36,587 - INFO - fastread - 117, 130
2019-01-24 14:56:36,587 - INFO - fastread - 124, 140
2019-01-24 14:56:36,595 - INFO - fastread - 132, 150
2019-01-24 14:56:36,597 - INFO - fastread - 138, 160
2019-01-24 14:56:36,597 - INFO - fastread - 146, 170
2019-01-24 14:56:36,597 - INFO - fastread - 156, 180
2019-01-24 14:56:36,597 - INFO - fastread - 163, 190
2019-01-24 14:56:36,605 - INFO - fastread - 168, 200
2019-01-24 14:56:36,607 - INFO - fastread - 172, 210
2019-01-24 14:56:36,607 - INFO - fastread - 176, 220
2019-01-24 14:56:36,607 - INFO - fastread - 183, 230
2019-01-24 14:56:36,607 - INFO - fastread - 189, 240
2019-01-24 14:56:36,607 - INFO - fastread - 195, 250
2019-01-24 14:56:36,615 - INFO - fastread - 201, 260
2019-01-24 14:56:36,617 - INFO - fastread - 205, 270
2019-01-24 14:56:36,617 - INFO - fastread - 213, 280
2019-01-24 14:56:36,617 - INFO - fastread - 219, 290
2019-01-24 14:56:36,617 - INFO - fastread - 227, 300
2019-01-24 14:56:36,625 - INFO - fastread - 233, 310
2019-01-24 14:56:36,625 - INFO - fastread - 239, 320
2019-01-24 14:56:36,627 - INFO - fastread - 242, 330
2019-01-24 14:56:36,627 - INFO - fastread - 246, 340
2019-01-24 14:56:36,627 - INFO - fastread - 251, 350
2019-01-24 14:56:36,627 - INFO - fastread - 254, 360
2019-01-24 14:56:36,635 - INFO - fastread - 255, 370
2019-01-24 14:56:36,637 - INFO - fastread - 256, 380
2019-01-24 14:56:36,637 - INFO - fastread - 256, 390
2019-01-24 14:56:36,637 - INFO - fastread - 256, 400
2019-01-24 14:56:36,637 - INFO - fastread - 256, 410
2019-01-24 14:56:36,645 - INFO - fastread - 257, 420
2019-01-24 14:56:36,645 - INFO - fastread - 257, 430
2019-01-24 14:56:36,647 - INFO - fastread - 260, 440
2019-01-24 14:56:36,647 - INFO - fastread - 262, 450
2019-01-24 14:56:36,647 - INFO - fastread - 263, 460
2019-01-24 14:56:36,647 - INFO - fastread - 264, 470
2019-01-24 14:56:36,655 - INFO - fastread - 265, 480
2019-01-24 14:56:36,657 - INFO - fastread - 267, 490
2019-01-24 14:56:36,657 - INFO - fastread - 269, 500
2019-01-24 14:56:36,657 - INFO - fastread - 271, 510
2019-01-24 14:56:36,657 - INFO - fastread - 271, 520
2019-01-24 14:56:36,657 - INFO - fastread - 271, 530
2019-01-24 14:56:36,665 - INFO - fastread - 271, 540
2019-01-24 14:56:36,667 - INFO - fastread - 272, 550
2019-01-24 14:56:36,667 - INFO - fastread - 273, 560
2019-01-24 14:56:36,667 - INFO - fastread - 276, 570
2019-01-24 14:56:36,667 - INFO - fastread - 276, 580
2019-01-24 14:56:36,675 - INFO - fastread - 278, 590
2019-01-24 14:56:36,678 - INFO - fastread - 279, 600
2019-01-24 14:56:36,678 - INFO - fastread - 280, 610
2019-01-24 14:56:36,678 - INFO - fastread - 281, 620
2019-01-24 14:56:36,678 - INFO - fastread - 282, 630
2019-01-24 14:56:36,686 - INFO - fastread - 283, 640
2019-01-24 14:56:36,688 - INFO - fastread - 283, 650
2019-01-24 14:56:36,688 - INFO - fastread - 283, 660
2019-01-24 14:56:36,688 - INFO - fastread - 283, 670
2019-01-24 14:56:36,688 - INFO - fastread - 285, 680
2019-01-24 14:56:36,688 - INFO - fastread - 288, 690
2019-01-24 14:56:36,696 - INFO - fastread - 290, 700
2019-01-24 14:56:36,698 - INFO - fastread - 292, 710
2019-01-24 14:56:36,698 - INFO - fastread - 292, 720
2019-01-24 14:56:36,698 - INFO - fastread - 295, 730
2019-01-24 14:56:36,698 - INFO - fastread - 297, 740
2019-01-24 14:56:36,706 - INFO - fastread - 297, 750
2019-01-24 14:56:36,708 - INFO - fastread - 298, 760
2019-01-24 14:56:36,708 - INFO - fastread - 298, 770
2019-01-24 14:56:36,708 - INFO - fastread - 298, 780
2019-01-24 14:56:36,708 - INFO - fastread - 298, 790
2019-01-24 14:56:36,708 - INFO - fastread - 298, 800
2019-01-24 14:56:36,718 - INFO - fastread - 298, 810
2019-01-24 14:56:36,718 - INFO - fastread - 299, 820
2019-01-24 14:56:36,718 - INFO - fastread - 299, 830
2019-01-24 14:56:36,718 - INFO - fastread - 300, 840
2019-01-24 14:56:36,718 - INFO - fastread - 302, 850
2019-01-24 14:56:36,726 - INFO - fastread - 304, 860
2019-01-24 14:56:36,728 - INFO - fastread - 305, 870
2019-01-24 14:56:36,728 - INFO - fastread - 306, 880
2019-01-24 14:56:36,728 - INFO - fastread - 307, 890
2019-01-24 14:56:36,728 - INFO - fastread - 308, 900
2019-01-24 14:56:36,736 - INFO - fastread - 312, 910
2019-01-24 14:56:36,738 - INFO - fastread - 312, 920
2019-01-24 14:56:36,738 - INFO - fastread - 312, 930
2019-01-24 14:56:36,738 - INFO - fastread - 312, 940
2019-01-24 14:56:36,738 - INFO - fastread - 312, 950
2019-01-24 14:56:36,738 - INFO - fastread - 315, 960
2019-01-24 14:56:36,746 - INFO - fastread - 315, 970
2019-01-24 14:56:36,748 - INFO - fastread - 316, 980
2019-01-24 14:56:36,748 - INFO - fastread - 318, 990
2019-01-24 14:56:36,748 - INFO - fastread - 319, 1000
2019-01-24 14:56:36,748 - INFO - fastread - 319, 1010
2019-01-24 14:56:36,756 - INFO - fastread - 320, 1020
2019-01-24 14:56:36,758 - INFO - fastread - 322, 1030
2019-01-24 14:56:36,758 - INFO - fastread - 322, 1040
2019-01-24 14:56:36,758 - INFO - fastread - 322, 1050
2019-01-24 14:56:36,758 - INFO - fastread - 322, 1060
2019-01-24 14:56:36,766 - INFO - fastread - 323, 1070
2019-01-24 14:56:36,768 - INFO - fastread - 324, 1080
2019-01-24 14:56:36,768 - INFO - fastread - 325, 1090
2019-01-24 14:56:36,768 - INFO - fastread - 326, 1100
2019-01-24 14:56:36,768 - INFO - fastread - 327, 1110
2019-01-24 14:56:36,768 - INFO - fastread - 327, 1120
2019-01-24 14:56:36,778 - INFO - fastread - 329, 1130
2019-01-24 14:56:36,778 - INFO - fastread - 329, 1140
2019-01-24 14:56:36,778 - INFO - fastread - 331, 1150
2019-01-24 14:56:36,778 - INFO - fastread - 334, 1160
2019-01-24 14:56:36,786 - INFO - fastread - 335, 1170
2019-01-24 14:56:36,788 - INFO - fastread - 337, 1180
2019-01-24 14:56:36,788 - INFO - fastread - 340, 1190
2019-01-24 14:56:36,788 - INFO - fastread - 341, 1200
2019-01-24 14:56:36,788 - INFO - fastread - 342, 1210
2019-01-24 14:56:36,797 - INFO - fastread - 343, 1220
2019-01-24 14:56:36,799 - INFO - fastread - 343, 1230
2019-01-24 14:56:36,799 - INFO - fastread - 344, 1240
2019-01-24 14:56:36,799 - INFO - fastread - 345, 1250
2019-01-24 14:56:36,807 - INFO - fastread - 346, 1260
2019-01-24 14:56:36,809 - INFO - fastread - 346, 1270
2019-01-24 14:56:36,809 - INFO - fastread - 348, 1280
2019-01-24 14:56:36,809 - INFO - fastread - 349, 1290
2019-01-24 14:56:36,809 - INFO - fastread - 352, 1300
2019-01-24 14:56:36,809 - INFO - fastread - 354, 1310
2019-01-24 14:56:36,819 - INFO - fastread - 356, 1320
2019-01-24 14:56:36,819 - INFO - fastread - 357, 1330
2019-01-24 14:56:36,819 - INFO - fastread - 358, 1340
2019-01-24 14:56:36,819 - INFO - fastread - 358, 1350
2019-01-24 14:56:36,819 - INFO - fastread - 360, 1360
2019-01-24 14:56:36,827 - INFO - fastread - 360, 1370
2019-01-24 14:56:36,829 - INFO - fastread - 361, 1380
2019-01-24 14:56:36,829 - INFO - fastread - 361, 1390
2019-01-24 14:56:36,829 - INFO - fastread - 363, 1400
2019-01-24 14:56:36,829 - INFO - fastread - 364, 1410
2019-01-24 14:56:36,837 - INFO - fastread - 365, 1420
2019-01-24 14:56:36,839 - INFO - fastread - 365, 1430
2019-01-24 14:56:36,839 - INFO - fastread - 366, 1440
2019-01-24 14:56:36,839 - INFO - fastread - 368, 1450
2019-01-24 14:56:36,847 - INFO - fastread - 368, 1460
2019-01-24 14:56:36,849 - INFO - fastread - 368, 1470
2019-01-24 14:56:36,849 - INFO - fastread - 369, 1480
2019-01-24 14:56:36,849 - INFO - fastread - 370, 1490
2019-01-24 14:56:36,849 - INFO - fastread - 372, 1500
2019-01-24 14:56:36,849 - INFO - fastread - 374, 1510
2019-01-24 14:56:36,859 - INFO - fastread - 376, 1520
2019-01-24 14:56:36,859 - INFO - fastread - 377, 1530
2019-01-24 14:56:36,859 - INFO - fastread - 378, 1540
2019-01-24 14:56:36,859 - INFO - fastread - 379, 1550
2019-01-24 14:56:36,867 - INFO - fastread - 382, 1560
2019-01-24 14:56:36,869 - INFO - fastread - 385, 1570
2019-01-24 14:56:36,869 - INFO - fastread - 387, 1580
2019-01-24 14:56:36,869 - INFO - fastread - 387, 1590
2019-01-24 14:56:36,869 - INFO - fastread - 388, 1600
2019-01-24 14:56:36,869 - INFO - fastread - 388, 1610
2019-01-24 14:56:36,879 - INFO - fastread - 390, 1620
2019-01-24 14:56:36,879 - INFO - fastread - 391, 1630
2019-01-24 14:56:36,879 - INFO - fastread - 393, 1640
2019-01-24 14:56:36,879 - INFO - fastread - 394, 1650
2019-01-24 14:56:36,887 - INFO - fastread - 396, 1660
2019-01-24 14:56:36,889 - INFO - fastread - 396, 1670
2019-01-24 14:56:36,889 - INFO - fastread - 397, 1680
2019-01-24 14:56:36,889 - INFO - fastread - 398, 1690
2019-01-24 14:56:36,889 - INFO - fastread - 398, 1700
2019-01-24 14:56:36,897 - INFO - fastread - 400, 1710
2019-01-24 14:56:36,900 - INFO - fastread - 402, 1720
2019-01-24 14:56:36,900 - INFO - fastread - 403, 1730
2019-01-24 14:56:36,900 - INFO - fastread - 404, 1740
2019-01-24 14:56:36,900 - INFO - fastread - 406, 1750
2019-01-24 14:56:36,908 - INFO - fastread - 408, 1760
2019-01-24 14:56:36,910 - INFO - fastread - 409, 1770
2019-01-24 14:56:36,910 - INFO - fastread - 411, 1780
2019-01-24 14:56:36,910 - INFO - fastread - 413, 1790
2019-01-24 14:56:36,910 - INFO - fastread - 414, 1800
2019-01-24 14:56:36,910 - INFO - fastread - 415, 1810
2019-01-24 14:56:36,920 - INFO - fastread - 416, 1820
2019-01-24 14:56:36,920 - INFO - fastread - 416, 1830
2019-01-24 14:56:36,920 - INFO - fastread - 416, 1840
2019-01-24 14:56:36,920 - INFO - fastread - 416, 1850
2019-01-24 14:56:36,920 - INFO - fastread - 416, 1860
2019-01-24 14:56:36,928 - INFO - fastread - 416, 1870
2019-01-24 14:56:36,930 - INFO - fastread - 418, 1880
2019-01-24 14:56:36,930 - INFO - fastread - 419, 1890
2019-01-24 14:56:36,930 - INFO - fastread - 419, 1900
2019-01-24 14:56:36,930 - INFO - fastread - 419, 1910
2019-01-24 14:56:36,938 - INFO - fastread - 421, 1920
2019-01-24 14:56:36,940 - INFO - fastread - 422, 1930
2019-01-24 14:56:36,940 - INFO - fastread - 424, 1940
2019-01-24 14:56:36,940 - INFO - fastread - 425, 1950
2019-01-24 14:56:36,940 - INFO - fastread - 425, 1960
2019-01-24 14:56:36,948 - INFO - fastread - 427, 1970
2019-01-24 14:56:36,950 - INFO - fastread - 428, 1980
2019-01-24 14:56:36,950 - INFO - fastread - 429, 1990
2019-01-24 14:56:36,950 - INFO - fastread - 430, 2000
2019-01-24 14:56:36,950 - INFO - fastread - 431, 2010
2019-01-24 14:56:36,958 - INFO - fastread - 432, 2020
2019-01-24 14:56:36,960 - INFO - fastread - 432, 2030
2019-01-24 14:56:36,960 - INFO - fastread - 432, 2040
2019-01-24 14:56:36,960 - INFO - fastread - 433, 2050
2019-01-24 14:56:36,960 - INFO - fastread - 435, 2060
2019-01-24 14:56:36,968 - INFO - fastread - 437, 2070
2019-01-24 14:56:36,970 - INFO - fastread - 438, 2080
2019-01-24 14:56:36,970 - INFO - fastread - 440, 2090
2019-01-24 14:56:36,970 - INFO - fastread - 440, 2100
2019-01-24 14:56:36,970 - INFO - fastread - 440, 2110
2019-01-24 14:56:36,978 - INFO - fastread - 440, 2120
2019-01-24 14:56:36,980 - INFO - fastread - 440, 2130
2019-01-24 14:56:36,980 - INFO - fastread - 440, 2140
2019-01-24 14:56:36,980 - INFO - fastread - 441, 2150
2019-01-24 14:56:36,980 - INFO - fastread - 442, 2160
2019-01-24 14:56:36,988 - INFO - fastread - 442, 2170
2019-01-24 14:56:36,988 - INFO - fastread - 443, 2180
2019-01-24 14:56:36,988 - INFO - fastread - 447, 2190
2019-01-24 14:56:36,988 - INFO - fastread - 447, 2200
2019-01-24 14:56:36,988 - INFO - fastread - 447, 2210
2019-01-24 14:56:36,998 - INFO - fastread - 449, 2220
2019-01-24 14:56:37,000 - INFO - fastread - 449, 2230
2019-01-24 14:56:37,000 - INFO - fastread - 453, 2240
2019-01-24 14:56:37,000 - INFO - fastread - 455, 2250
2019-01-24 14:56:37,000 - INFO - fastread - 457, 2260
2019-01-24 14:56:37,008 - INFO - fastread - 461, 2270
2019-01-24 14:56:37,011 - INFO - fastread - 461, 2280
2019-01-24 14:56:37,011 - INFO - fastread - 462, 2290
2019-01-24 14:56:37,011 - INFO - fastread - 463, 2300
2019-01-24 14:56:37,011 - INFO - fastread - 464, 2310
2019-01-24 14:56:37,019 - INFO - fastread - 466, 2320
2019-01-24 14:56:37,021 - INFO - fastread - 467, 2330
2019-01-24 14:56:37,021 - INFO - fastread - 469, 2340
2019-01-24 14:56:37,021 - INFO - fastread - 470, 2350
2019-01-24 14:56:37,029 - INFO - fastread - 472, 2360
2019-01-24 14:56:37,031 - INFO - fastread - 473, 2370
2019-01-24 14:56:37,031 - INFO - fastread - 473, 2380
2019-01-24 14:56:37,031 - INFO - fastread - 475, 2390
2019-01-24 14:56:37,031 - INFO - fastread - 475, 2400
2019-01-24 14:56:37,041 - INFO - fastread - 475, 2410
2019-01-24 14:56:37,041 - INFO - fastread - 476, 2420
2019-01-24 14:56:37,041 - INFO - fastread - 476, 2430
2019-01-24 14:56:37,041 - INFO - fastread - 476, 2440
2019-01-24 14:56:37,049 - INFO - fastread - 477, 2450
2019-01-24 14:56:37,051 - INFO - fastread - 479, 2460
2019-01-24 14:56:37,051 - INFO - fastread - 479, 2470
2019-01-24 14:56:37,051 - INFO - fastread - 481, 2480
2019-01-24 14:56:37,051 - INFO - fastread - 481, 2490
2019-01-24 14:56:37,059 - INFO - fastread - 481, 2500
2019-01-24 14:56:37,061 - INFO - fastread - 484, 2510
2019-01-24 14:56:37,061 - INFO - fastread - 484, 2520
2019-01-24 14:56:37,061 - INFO - fastread - 485, 2530
2019-01-24 14:56:37,061 - INFO - fastread - 485, 2540
2019-01-24 14:56:37,069 - INFO - fastread - 486, 2550
2019-01-24 14:56:37,071 - INFO - fastread - 487, 2560
2019-01-24 14:56:37,071 - INFO - fastread - 488, 2570
2019-01-24 14:56:37,071 - INFO - fastread - 489, 2580
2019-01-24 14:56:37,071 - INFO - fastread - 491, 2590
2019-01-24 14:56:37,079 - INFO - fastread - 493, 2600
2019-01-24 14:56:37,081 - INFO - fastread - 493, 2610
2019-01-24 14:56:37,081 - INFO - fastread - 493, 2620
2019-01-24 14:56:37,081 - INFO - fastread - 493, 2630
2019-01-24 14:56:37,081 - INFO - fastread - 494, 2640
2019-01-24 14:56:37,089 - INFO - fastread - 494, 2650
2019-01-24 14:56:37,091 - INFO - fastread - 494, 2660
2019-01-24 14:56:37,091 - INFO - fastread - 495, 2670
2019-01-24 14:56:37,091 - INFO - fastread - 495, 2680
2019-01-24 14:56:37,091 - INFO - fastread - 496, 2690
2019-01-24 14:56:37,099 - INFO - fastread - 496, 2700
2019-01-24 14:56:37,101 - INFO - fastread - 498, 2710
2019-01-24 14:56:37,101 - INFO - fastread - 498, 2720
2019-01-24 14:56:37,101 - INFO - fastread - 498, 2730
2019-01-24 14:56:37,101 - INFO - fastread - 499, 2740
2019-01-24 14:56:37,109 - INFO - fastread - 500, 2750
2019-01-24 14:56:37,111 - INFO - fastread - 500, 2760
2019-01-24 14:56:37,111 - INFO - fastread - 501, 2770
2019-01-24 14:56:37,111 - INFO - fastread - 501, 2780
2019-01-24 14:56:37,111 - INFO - fastread - 503, 2790
2019-01-24 14:56:37,120 - INFO - fastread - 504, 2800
2019-01-24 14:56:37,122 - INFO - fastread - 504, 2810
2019-01-24 14:56:37,122 - INFO - fastread - 506, 2820
2019-01-24 14:56:37,130 - INFO - fastread - 507, 2830
2019-01-24 14:56:37,132 - INFO - fastread - 507, 2840
2019-01-24 14:56:37,132 - INFO - fastread - 508, 2850
2019-01-24 14:56:37,140 - INFO - fastread - 510, 2860
2019-01-24 14:56:37,142 - INFO - fastread - 510, 2870
2019-01-24 14:56:37,142 - INFO - fastread - 511, 2880
2019-01-24 14:56:37,150 - INFO - fastread - 512, 2890
2019-01-24 14:56:37,152 - INFO - fastread - 512, 2900
2019-01-24 14:56:37,152 - INFO - fastread - 513, 2910
2019-01-24 14:56:37,152 - INFO - fastread - 515, 2920
2019-01-24 14:56:37,162 - INFO - fastread - 515, 2930
2019-01-24 14:56:37,162 - INFO - fastread - 515, 2940
2019-01-24 14:56:37,162 - INFO - fastread - 515, 2950
2019-01-24 14:56:37,162 - INFO - fastread - 517, 2960
2019-01-24 14:56:37,162 - INFO - fastread - 520, 2970
2019-01-24 14:56:37,170 - INFO - fastread - 522, 2980
2019-01-24 14:56:37,172 - INFO - fastread - 524, 2990
2019-01-24 14:56:37,172 - INFO - fastread - 526, 3000
2019-01-24 14:56:37,172 - INFO - fastread - 526, 3010
2019-01-24 14:56:37,172 - INFO - fastread - 529, 3020
2019-01-24 14:56:37,182 - INFO - fastread - 530, 3030
2019-01-24 14:56:37,182 - INFO - fastread - 530, 3040
2019-01-24 14:56:37,182 - INFO - fastread - 531, 3050
2019-01-24 14:56:37,190 - INFO - fastread - 531, 3060
2019-01-24 14:56:37,192 - INFO - fastread - 533, 3070
2019-01-24 14:56:37,192 - INFO - fastread - 535, 3080
2019-01-24 14:56:37,192 - INFO - fastread - 536, 3090
2019-01-24 14:56:37,192 - INFO - fastread - 537, 3100
2019-01-24 14:56:37,200 - INFO - fastread - 538, 3110
2019-01-24 14:56:37,202 - INFO - fastread - 540, 3120
2019-01-24 14:56:37,202 - INFO - fastread - 541, 3130
2019-01-24 14:56:37,202 - INFO - fastread - 543, 3140
2019-01-24 14:56:37,210 - INFO - fastread - 546, 3150
2019-01-24 14:56:37,210 - INFO - fastread - 547, 3160
2019-01-24 14:56:37,213 - INFO - fastread - 549, 3170
2019-01-24 14:56:37,213 - INFO - fastread - 549, 3180
2019-01-24 14:56:37,213 - INFO - fastread - 549, 3190
2019-01-24 14:56:37,213 - INFO - fastread - 551, 3200
2019-01-24 14:56:37,223 - INFO - fastread - 551, 3210
2019-01-24 14:56:37,223 - INFO - fastread - 555, 3220
2019-01-24 14:56:37,223 - INFO - fastread - 557, 3230
2019-01-24 14:56:37,223 - INFO - fastread - 558, 3240
2019-01-24 14:56:37,233 - INFO - fastread - 560, 3250
2019-01-24 14:56:37,233 - INFO - fastread - 560, 3260
2019-01-24 14:56:37,233 - INFO - fastread - 561, 3270
2019-01-24 14:56:37,233 - INFO - fastread - 562, 3280
2019-01-24 14:56:37,241 - INFO - fastread - 564, 3290
2019-01-24 14:56:37,243 - INFO - fastread - 566, 3300
2019-01-24 14:56:37,243 - INFO - fastread - 567, 3310
2019-01-24 14:56:37,243 - INFO - fastread - 567, 3320
2019-01-24 14:56:37,251 - INFO - fastread - 567, 3330
2019-01-24 14:56:37,253 - INFO - fastread - 569, 3340
2019-01-24 14:56:37,253 - INFO - fastread - 569, 3350
2019-01-24 14:56:37,253 - INFO - fastread - 571, 3360
2019-01-24 14:56:37,253 - INFO - fastread - 571, 3370
2019-01-24 14:56:37,263 - INFO - fastread - 571, 3380
2019-01-24 14:56:37,263 - INFO - fastread - 573, 3390
2019-01-24 14:56:37,263 - INFO - fastread - 574, 3400
2019-01-24 14:56:37,271 - INFO - fastread - 577, 3410
2019-01-24 14:56:37,273 - INFO - fastread - 578, 3420
2019-01-24 14:56:37,273 - INFO - fastread - 579, 3430
2019-01-24 14:56:37,273 - INFO - fastread - 579, 3440
2019-01-24 14:56:37,273 - INFO - fastread - 580, 3450
2019-01-24 14:56:37,283 - INFO - fastread - 580, 3460
2019-01-24 14:56:37,283 - INFO - fastread - 580, 3470
2019-01-24 14:56:37,283 - INFO - fastread - 580, 3480
2019-01-24 14:56:37,283 - INFO - fastread - 581, 3490
2019-01-24 14:56:37,291 - INFO - fastread - 584, 3500
2019-01-24 14:56:37,293 - INFO - fastread - 584, 3510
2019-01-24 14:56:37,293 - INFO - fastread - 584, 3520
2019-01-24 14:56:37,293 - INFO - fastread - 584, 3530
2019-01-24 14:56:37,293 - INFO - fastread - 584, 3540
2019-01-24 14:56:37,303 - INFO - fastread - 587, 3550
2019-01-24 14:56:37,305 - INFO - fastread - 587, 3560
2019-01-24 14:56:37,305 - INFO - fastread - 587, 3570
2019-01-24 14:56:37,305 - INFO - fastread - 589, 3580
2019-01-24 14:56:37,312 - INFO - fastread - 590, 3590
2019-01-24 14:56:37,314 - INFO - fastread - 591, 3600
2019-01-24 14:56:37,314 - INFO - fastread - 592, 3610
2019-01-24 14:56:37,314 - INFO - fastread - 594, 3620
2019-01-24 14:56:37,314 - INFO - fastread - 596, 3630
2019-01-24 14:56:37,322 - INFO - fastread - 596, 3640
2019-01-24 14:56:37,324 - INFO - fastread - 599, 3650
2019-01-24 14:56:37,324 - INFO - fastread - 600, 3660
2019-01-24 14:56:37,324 - INFO - fastread - 600, 3670
2019-01-24 14:56:37,324 - INFO - fastread - 601, 3680
2019-01-24 14:56:37,332 - INFO - fastread - 601, 3690
2019-01-24 14:56:37,334 - INFO - fastread - 601, 3700
2019-01-24 14:56:37,334 - INFO - fastread - 601, 3710
2019-01-24 14:56:37,334 - INFO - fastread - 601, 3720
2019-01-24 14:56:37,342 - INFO - fastread - 603, 3730
2019-01-24 14:56:37,344 - INFO - fastread - 604, 3740
2019-01-24 14:56:37,344 - INFO - fastread - 606, 3750
2019-01-24 14:56:37,344 - INFO - fastread - 606, 3760
2019-01-24 14:56:37,344 - INFO - fastread - 609, 3770
2019-01-24 14:56:37,352 - INFO - fastread - 610, 3780
2019-01-24 14:56:37,354 - INFO - fastread - 611, 3790
2019-01-24 14:56:37,354 - INFO - fastread - 611, 3800
2019-01-24 14:56:37,354 - INFO - fastread - 613, 3810
2019-01-24 14:56:37,354 - INFO - fastread - 613, 3820
2019-01-24 14:56:37,362 - INFO - fastread - 614, 3830
2019-01-24 14:56:37,364 - INFO - fastread - 614, 3840
2019-01-24 14:56:37,364 - INFO - fastread - 614, 3850
2019-01-24 14:56:37,364 - INFO - fastread - 616, 3860
2019-01-24 14:56:37,372 - INFO - fastread - 616, 3870
2019-01-24 14:56:37,374 - INFO - fastread - 616, 3880
2019-01-24 14:56:37,374 - INFO - fastread - 617, 3890
2019-01-24 14:56:37,374 - INFO - fastread - 617, 3900
2019-01-24 14:56:37,374 - INFO - fastread - 618, 3910
2019-01-24 14:56:37,383 - INFO - fastread - 619, 3920
2019-01-24 14:56:37,385 - INFO - fastread - 619, 3930
2019-01-24 14:56:37,385 - INFO - fastread - 620, 3940
2019-01-24 14:56:37,385 - INFO - fastread - 623, 3950
2019-01-24 14:56:37,385 - INFO - fastread - 626, 3960
2019-01-24 14:56:37,393 - INFO - fastread - 627, 3970
2019-01-24 14:56:37,395 - INFO - fastread - 627, 3980
2019-01-24 14:56:37,395 - INFO - fastread - 629, 3990
2019-01-24 14:56:37,395 - INFO - fastread - 629, 4000
2019-01-24 14:56:37,403 - INFO - fastread - 633, 4010
2019-01-24 14:56:37,405 - INFO - fastread - 635, 4020
2019-01-24 14:56:37,405 - INFO - fastread - 637, 4030
2019-01-24 14:56:37,405 - INFO - fastread - 639, 4040
2019-01-24 14:56:37,405 - INFO - fastread - 640, 4050
2019-01-24 14:56:37,413 - INFO - fastread - 641, 4060
2019-01-24 14:56:37,415 - INFO - fastread - 641, 4070
2019-01-24 14:56:37,415 - INFO - fastread - 641, 4080
2019-01-24 14:56:37,415 - INFO - fastread - 643, 4090
2019-01-24 14:56:37,415 - INFO - fastread - 643, 4100
2019-01-24 14:56:37,423 - INFO - fastread - 645, 4110
2019-01-24 14:56:37,425 - INFO - fastread - 647, 4120
2019-01-24 14:56:37,425 - INFO - fastread - 647, 4130
2019-01-24 14:56:37,425 - INFO - fastread - 648, 4140
2019-01-24 14:56:37,433 - INFO - fastread - 648, 4150
2019-01-24 14:56:37,435 - INFO - fastread - 648, 4160
2019-01-24 14:56:37,435 - INFO - fastread - 651, 4170
2019-01-24 14:56:37,435 - INFO - fastread - 651, 4180
2019-01-24 14:56:37,443 - INFO - fastread - 651, 4190
2019-01-24 14:56:37,445 - INFO - fastread - 653, 4200
2019-01-24 14:56:37,445 - INFO - fastread - 653, 4210
2019-01-24 14:56:37,445 - INFO - fastread - 655, 4220
2019-01-24 14:56:37,453 - INFO - fastread - 656, 4230
2019-01-24 14:56:37,455 - INFO - fastread - 656, 4240
2019-01-24 14:56:37,455 - INFO - fastread - 657, 4250
2019-01-24 14:56:37,455 - INFO - fastread - 658, 4260
2019-01-24 14:56:37,463 - INFO - fastread - 659, 4270
2019-01-24 14:56:37,465 - INFO - fastread - 659, 4280
2019-01-24 14:56:37,465 - INFO - fastread - 659, 4290
2019-01-24 14:56:37,465 - INFO - fastread - 660, 4300
2019-01-24 14:56:37,473 - INFO - fastread - 660, 4310
2019-01-24 14:56:37,475 - INFO - fastread - 660, 4320
2019-01-24 14:56:37,475 - INFO - fastread - 662, 4330
2019-01-24 14:56:37,475 - INFO - fastread - 663, 4340
2019-01-24 14:56:37,475 - INFO - fastread - 664, 4350
2019-01-24 14:56:37,483 - INFO - fastread - 666, 4360
2019-01-24 14:56:37,485 - INFO - fastread - 667, 4370
2019-01-24 14:56:37,485 - INFO - fastread - 668, 4380
2019-01-24 14:56:37,485 - INFO - fastread - 668, 4390
2019-01-24 14:56:37,485 - INFO - fastread - 670, 4400
2019-01-24 14:56:37,495 - INFO - fastread - 673, 4410
2019-01-24 14:56:37,503 - INFO - rig - ++++NEW CLF++++ SVM
2019-01-24 14:56:37,503 - INFO - fastread - Total Yes: 706 | Total No: 4020
2019-01-24 14:56:42,302 - INFO - fastread - 5, 10
2019-01-24 14:56:42,310 - INFO - fastread - 14, 20
2019-01-24 14:56:42,312 - INFO - fastread - 24, 30
2019-01-24 14:56:42,312 - INFO - fastread - 31, 40
2019-01-24 14:56:42,312 - INFO - fastread - 35, 50
2019-01-24 14:56:42,312 - INFO - fastread - 40, 60
2019-01-24 14:56:42,320 - INFO - fastread - 50, 70
2019-01-24 14:56:42,320 - INFO - fastread - 60, 80
2019-01-24 14:56:42,320 - INFO - fastread - 70, 90
2019-01-24 14:56:42,320 - INFO - fastread - 76, 100
2019-01-24 14:56:42,320 - INFO - fastread - 82, 110
2019-01-24 14:56:42,320 - INFO - fastread - 89, 120
2019-01-24 14:56:42,330 - INFO - fastread - 98, 130
2019-01-24 14:56:42,332 - INFO - fastread - 104, 140
2019-01-24 14:56:42,332 - INFO - fastread - 112, 150
2019-01-24 14:56:42,332 - INFO - fastread - 119, 160
2019-01-24 14:56:42,332 - INFO - fastread - 127, 170
2019-01-24 14:56:42,341 - INFO - fastread - 136, 180
2019-01-24 14:56:42,343 - INFO - fastread - 144, 190
2019-01-24 14:56:42,343 - INFO - fastread - 154, 200
2019-01-24 14:56:42,343 - INFO - fastread - 159, 210
2019-01-24 14:56:42,343 - INFO - fastread - 166, 220
2019-01-24 14:56:42,343 - INFO - fastread - 172, 230
2019-01-24 14:56:42,351 - INFO - fastread - 180, 240
2019-01-24 14:56:42,353 - INFO - fastread - 189, 250
2019-01-24 14:56:42,353 - INFO - fastread - 197, 260
2019-01-24 14:56:42,353 - INFO - fastread - 204, 270
2019-01-24 14:56:42,353 - INFO - fastread - 211, 280
2019-01-24 14:56:42,361 - INFO - fastread - 219, 290
2019-01-24 14:56:42,363 - INFO - fastread - 229, 300
2019-01-24 14:56:42,363 - INFO - fastread - 239, 310
2019-01-24 14:56:42,363 - INFO - fastread - 247, 320
2019-01-24 14:56:42,363 - INFO - fastread - 256, 330
2019-01-24 14:56:42,371 - INFO - fastread - 266, 340
2019-01-24 14:56:42,373 - INFO - fastread - 276, 350
2019-01-24 14:56:42,373 - INFO - fastread - 285, 360
2019-01-24 14:56:42,373 - INFO - fastread - 294, 370
2019-01-24 14:56:42,373 - INFO - fastread - 304, 380
2019-01-24 14:56:42,381 - INFO - fastread - 312, 390
2019-01-24 14:56:42,381 - INFO - fastread - 319, 400
2019-01-24 14:56:42,383 - INFO - fastread - 327, 410
2019-01-24 14:56:42,383 - INFO - fastread - 335, 420
2019-01-24 14:56:42,383 - INFO - fastread - 342, 430
2019-01-24 14:56:42,383 - INFO - fastread - 352, 440
2019-01-24 14:56:42,391 - INFO - fastread - 360, 450
2019-01-24 14:56:42,393 - INFO - fastread - 369, 460
2019-01-24 14:56:42,393 - INFO - fastread - 379, 470
2019-01-24 14:56:42,393 - INFO - fastread - 388, 480
2019-01-24 14:56:42,393 - INFO - fastread - 398, 490
2019-01-24 14:56:42,401 - INFO - fastread - 407, 500
2019-01-24 14:56:42,403 - INFO - fastread - 414, 510
2019-01-24 14:56:42,403 - INFO - fastread - 423, 520
2019-01-24 14:56:42,403 - INFO - fastread - 431, 530
2019-01-24 14:56:42,403 - INFO - fastread - 437, 540
2019-01-24 14:56:42,403 - INFO - fastread - 444, 550
2019-01-24 14:56:42,413 - INFO - fastread - 451, 560
2019-01-24 14:56:42,413 - INFO - fastread - 460, 570
2019-01-24 14:56:42,413 - INFO - fastread - 468, 580
2019-01-24 14:56:42,413 - INFO - fastread - 478, 590
2019-01-24 14:56:42,421 - INFO - fastread - 487, 600
2019-01-24 14:56:42,423 - INFO - fastread - 496, 610
2019-01-24 14:56:42,423 - INFO - fastread - 506, 620
2019-01-24 14:56:42,423 - INFO - fastread - 513, 630
2019-01-24 14:56:42,423 - INFO - fastread - 522, 640
2019-01-24 14:56:42,431 - INFO - fastread - 532, 650
2019-01-24 14:56:42,433 - INFO - fastread - 540, 660
2019-01-24 14:56:42,433 - INFO - fastread - 547, 670
2019-01-24 14:56:42,433 - INFO - fastread - 555, 680
2019-01-24 14:56:42,433 - INFO - fastread - 563, 690
2019-01-24 14:56:42,441 - INFO - fastread - 573, 700
2019-01-24 14:56:42,443 - INFO - fastread - 579, 710
2019-01-24 14:56:42,443 - INFO - fastread - 585, 720
2019-01-24 14:56:42,443 - INFO - fastread - 593, 730
2019-01-24 14:56:42,443 - INFO - fastread - 602, 740
2019-01-24 14:56:42,452 - INFO - fastread - 611, 750
2019-01-24 14:56:42,454 - INFO - fastread - 619, 760
2019-01-24 14:56:42,454 - INFO - fastread - 624, 770
2019-01-24 14:56:42,454 - INFO - fastread - 630, 780
2019-01-24 14:56:42,454 - INFO - fastread - 637, 790
2019-01-24 14:56:42,462 - INFO - fastread - 640, 800
2019-01-24 14:56:42,464 - INFO - fastread - 646, 810
2019-01-24 14:56:42,464 - INFO - fastread - 650, 820
2019-01-24 14:56:42,464 - INFO - fastread - 652, 830
2019-01-24 14:56:42,464 - INFO - fastread - 656, 840
2019-01-24 14:56:42,472 - INFO - fastread - 660, 850
2019-01-24 14:56:42,474 - INFO - fastread - 663, 860
2019-01-24 14:56:42,474 - INFO - fastread - 666, 870
2019-01-24 14:56:42,474 - INFO - fastread - 668, 880
2019-01-24 14:56:42,474 - INFO - fastread - 668, 890
2019-01-24 14:56:42,482 - INFO - fastread - 668, 900
2019-01-24 14:56:42,484 - INFO - fastread - 670, 910
2019-01-24 14:56:42,484 - INFO - fastread - 671, 920
2019-01-24 14:56:42,492 - INFO - rig - ++++NEW CLF++++ DT
2019-01-24 14:56:42,492 - INFO - fastread - Total Yes: 706 | Total No: 4020
2019-01-24 14:56:42,635 - INFO - fastread - 9, 10
2019-01-24 14:56:42,635 - INFO - fastread - 18, 20
2019-01-24 14:56:42,643 - INFO - fastread - 27, 30
2019-01-24 14:56:42,646 - INFO - fastread - 35, 40
2019-01-24 14:56:42,646 - INFO - fastread - 45, 50
2019-01-24 14:56:42,646 - INFO - fastread - 51, 60
2019-01-24 14:56:42,646 - INFO - fastread - 59, 70
2019-01-24 14:56:42,646 - INFO - fastread - 68, 80
2019-01-24 14:56:42,656 - INFO - fastread - 77, 90
2019-01-24 14:56:42,658 - INFO - fastread - 86, 100
2019-01-24 14:56:42,660 - INFO - fastread - 94, 110
2019-01-24 14:56:42,662 - INFO - fastread - 102, 120
2019-01-24 14:56:42,664 - INFO - fastread - 110, 130
2019-01-24 14:56:42,666 - INFO - fastread - 118, 140
2019-01-24 14:56:42,666 - INFO - fastread - 128, 150
2019-01-24 14:56:42,666 - INFO - fastread - 138, 160
2019-01-24 14:56:42,666 - INFO - fastread - 148, 170
2019-01-24 14:56:42,674 - INFO - fastread - 156, 180
2019-01-24 14:56:42,674 - INFO - fastread - 164, 190
2019-01-24 14:56:42,674 - INFO - fastread - 173, 200
2019-01-24 14:56:42,674 - INFO - fastread - 180, 210
2019-01-24 14:56:42,674 - INFO - fastread - 189, 220
2019-01-24 14:56:42,684 - INFO - fastread - 197, 230
2019-01-24 14:56:42,686 - INFO - fastread - 205, 240
2019-01-24 14:56:42,686 - INFO - fastread - 213, 250
2019-01-24 14:56:42,686 - INFO - fastread - 221, 260
2019-01-24 14:56:42,686 - INFO - fastread - 231, 270
2019-01-24 14:56:42,694 - INFO - fastread - 237, 280
2019-01-24 14:56:42,696 - INFO - fastread - 245, 290
2019-01-24 14:56:42,696 - INFO - fastread - 253, 300
2019-01-24 14:56:42,696 - INFO - fastread - 263, 310
2019-01-24 14:56:42,696 - INFO - fastread - 273, 320
2019-01-24 14:56:42,704 - INFO - fastread - 280, 330
2019-01-24 14:56:42,706 - INFO - fastread - 288, 340
2019-01-24 14:56:42,706 - INFO - fastread - 297, 350
2019-01-24 14:56:42,706 - INFO - fastread - 307, 360
2019-01-24 14:56:42,706 - INFO - fastread - 316, 370
2019-01-24 14:56:42,714 - INFO - fastread - 326, 380
2019-01-24 14:56:42,716 - INFO - fastread - 336, 390
2019-01-24 14:56:42,716 - INFO - fastread - 345, 400
2019-01-24 14:56:42,716 - INFO - fastread - 352, 410
2019-01-24 14:56:42,716 - INFO - fastread - 362, 420
2019-01-24 14:56:42,724 - INFO - fastread - 370, 430
2019-01-24 14:56:42,726 - INFO - fastread - 378, 440
2019-01-24 14:56:42,726 - INFO - fastread - 385, 450
2019-01-24 14:56:42,726 - INFO - fastread - 393, 460
2019-01-24 14:56:42,726 - INFO - fastread - 401, 470
2019-01-24 14:56:42,735 - INFO - fastread - 407, 480
2019-01-24 14:56:42,737 - INFO - fastread - 416, 490
2019-01-24 14:56:42,737 - INFO - fastread - 426, 500
2019-01-24 14:56:42,737 - INFO - fastread - 435, 510
2019-01-24 14:56:42,737 - INFO - fastread - 443, 520
2019-01-24 14:56:42,737 - INFO - fastread - 452, 530
2019-01-24 14:56:42,745 - INFO - fastread - 459, 540
2019-01-24 14:56:42,747 - INFO - fastread - 469, 550
2019-01-24 14:56:42,747 - INFO - fastread - 477, 560
2019-01-24 14:56:42,747 - INFO - fastread - 485, 570
2019-01-24 14:56:42,747 - INFO - fastread - 495, 580
2019-01-24 14:56:42,755 - INFO - fastread - 504, 590
2019-01-24 14:56:42,757 - INFO - fastread - 512, 600
2019-01-24 14:56:42,757 - INFO - fastread - 519, 610
2019-01-24 14:56:42,757 - INFO - fastread - 529, 620
2019-01-24 14:56:42,757 - INFO - fastread - 538, 630
2019-01-24 14:56:42,765 - INFO - fastread - 547, 640
2019-01-24 14:56:42,767 - INFO - fastread - 556, 650
2019-01-24 14:56:42,767 - INFO - fastread - 566, 660
2019-01-24 14:56:42,767 - INFO - fastread - 575, 670
2019-01-24 14:56:42,767 - INFO - fastread - 583, 680
2019-01-24 14:56:42,775 - INFO - fastread - 592, 690
2019-01-24 14:56:42,777 - INFO - fastread - 601, 700
2019-01-24 14:56:42,777 - INFO - fastread - 608, 710
2019-01-24 14:56:42,777 - INFO - fastread - 616, 720
2019-01-24 14:56:42,777 - INFO - fastread - 624, 730
2019-01-24 14:56:42,785 - INFO - fastread - 626, 740
2019-01-24 14:56:42,788 - INFO - fastread - 626, 750
2019-01-24 14:56:42,788 - INFO - fastread - 626, 760
2019-01-24 14:56:42,788 - INFO - fastread - 626, 770
2019-01-24 14:56:42,788 - INFO - fastread - 627, 780
2019-01-24 14:56:42,796 - INFO - fastread - 627, 790
2019-01-24 14:56:42,798 - INFO - fastread - 627, 800
2019-01-24 14:56:42,798 - INFO - fastread - 627, 810
2019-01-24 14:56:42,798 - INFO - fastread - 627, 820
2019-01-24 14:56:42,798 - INFO - fastread - 628, 830
2019-01-24 14:56:42,806 - INFO - fastread - 628, 840
2019-01-24 14:56:42,808 - INFO - fastread - 628, 850
2019-01-24 14:56:42,808 - INFO - fastread - 628, 860
2019-01-24 14:56:42,808 - INFO - fastread - 628, 870
2019-01-24 14:56:42,808 - INFO - fastread - 628, 880
2019-01-24 14:56:42,816 - INFO - fastread - 628, 890
2019-01-24 14:56:42,818 - INFO - fastread - 628, 900
2019-01-24 14:56:42,818 - INFO - fastread - 628, 910
2019-01-24 14:56:42,818 - INFO - fastread - 629, 920
2019-01-24 14:56:42,818 - INFO - fastread - 630, 930
2019-01-24 14:56:42,826 - INFO - fastread - 630, 940
2019-01-24 14:56:42,828 - INFO - fastread - 630, 950
2019-01-24 14:56:42,828 - INFO - fastread - 630, 960
2019-01-24 14:56:42,828 - INFO - fastread - 631, 970
2019-01-24 14:56:42,828 - INFO - fastread - 631, 980
2019-01-24 14:56:42,836 - INFO - fastread - 632, 990
2019-01-24 14:56:42,838 - INFO - fastread - 632, 1000
2019-01-24 14:56:42,838 - INFO - fastread - 632, 1010
2019-01-24 14:56:42,838 - INFO - fastread - 632, 1020
2019-01-24 14:56:42,838 - INFO - fastread - 632, 1030
2019-01-24 14:56:42,846 - INFO - fastread - 632, 1040
2019-01-24 14:56:42,848 - INFO - fastread - 634, 1050
2019-01-24 14:56:42,848 - INFO - fastread - 634, 1060
2019-01-24 14:56:42,848 - INFO - fastread - 634, 1070
2019-01-24 14:56:42,848 - INFO - fastread - 634, 1080
2019-01-24 14:56:42,856 - INFO - fastread - 634, 1090
2019-01-24 14:56:42,858 - INFO - fastread - 634, 1100
2019-01-24 14:56:42,858 - INFO - fastread - 634, 1110
2019-01-24 14:56:42,858 - INFO - fastread - 634, 1120
2019-01-24 14:56:42,858 - INFO - fastread - 635, 1130
2019-01-24 14:56:42,866 - INFO - fastread - 635, 1140
2019-01-24 14:56:42,868 - INFO - fastread - 635, 1150
2019-01-24 14:56:42,868 - INFO - fastread - 635, 1160
2019-01-24 14:56:42,868 - INFO - fastread - 635, 1170
2019-01-24 14:56:42,868 - INFO - fastread - 635, 1180
2019-01-24 14:56:42,876 - INFO - fastread - 635, 1190
2019-01-24 14:56:42,878 - INFO - fastread - 635, 1200
2019-01-24 14:56:42,878 - INFO - fastread - 636, 1210
2019-01-24 14:56:42,878 - INFO - fastread - 636, 1220
2019-01-24 14:56:42,878 - INFO - fastread - 636, 1230
2019-01-24 14:56:42,886 - INFO - fastread - 636, 1240
2019-01-24 14:56:42,889 - INFO - fastread - 636, 1250
2019-01-24 14:56:42,889 - INFO - fastread - 636, 1260
2019-01-24 14:56:42,889 - INFO - fastread - 636, 1270
2019-01-24 14:56:42,889 - INFO - fastread - 636, 1280
2019-01-24 14:56:42,897 - INFO - fastread - 636, 1290
2019-01-24 14:56:42,899 - INFO - fastread - 636, 1300
2019-01-24 14:56:42,899 - INFO - fastread - 636, 1310
2019-01-24 14:56:42,899 - INFO - fastread - 636, 1320
2019-01-24 14:56:42,899 - INFO - fastread - 637, 1330
2019-01-24 14:56:42,907 - INFO - fastread - 637, 1340
2019-01-24 14:56:42,909 - INFO - fastread - 638, 1350
2019-01-24 14:56:42,909 - INFO - fastread - 638, 1360
2019-01-24 14:56:42,909 - INFO - fastread - 638, 1370
2019-01-24 14:56:42,917 - INFO - fastread - 639, 1380
2019-01-24 14:56:42,919 - INFO - fastread - 640, 1390
2019-01-24 14:56:42,919 - INFO - fastread - 641, 1400
2019-01-24 14:56:42,919 - INFO - fastread - 641, 1410
2019-01-24 14:56:42,927 - INFO - fastread - 643, 1420
2019-01-24 14:56:42,929 - INFO - fastread - 643, 1430
2019-01-24 14:56:42,929 - INFO - fastread - 643, 1440
2019-01-24 14:56:42,929 - INFO - fastread - 643, 1450
2019-01-24 14:56:42,929 - INFO - fastread - 643, 1460
2019-01-24 14:56:42,937 - INFO - fastread - 643, 1470
2019-01-24 14:56:42,939 - INFO - fastread - 643, 1480
2019-01-24 14:56:42,939 - INFO - fastread - 643, 1490
2019-01-24 14:56:42,939 - INFO - fastread - 644, 1500
2019-01-24 14:56:42,939 - INFO - fastread - 644, 1510
2019-01-24 14:56:42,947 - INFO - fastread - 644, 1520
2019-01-24 14:56:42,949 - INFO - fastread - 644, 1530
2019-01-24 14:56:42,949 - INFO - fastread - 644, 1540
2019-01-24 14:56:42,949 - INFO - fastread - 644, 1550
2019-01-24 14:56:42,949 - INFO - fastread - 644, 1560
2019-01-24 14:56:42,957 - INFO - fastread - 644, 1570
2019-01-24 14:56:42,959 - INFO - fastread - 644, 1580
2019-01-24 14:56:42,959 - INFO - fastread - 644, 1590
2019-01-24 14:56:42,959 - INFO - fastread - 644, 1600
2019-01-24 14:56:42,959 - INFO - fastread - 644, 1610
2019-01-24 14:56:42,967 - INFO - fastread - 644, 1620
2019-01-24 14:56:42,969 - INFO - fastread - 644, 1630
2019-01-24 14:56:42,969 - INFO - fastread - 645, 1640
2019-01-24 14:56:42,969 - INFO - fastread - 645, 1650
2019-01-24 14:56:42,969 - INFO - fastread - 645, 1660
2019-01-24 14:56:42,977 - INFO - fastread - 645, 1670
2019-01-24 14:56:42,977 - INFO - fastread - 645, 1680
2019-01-24 14:56:42,977 - INFO - fastread - 645, 1690
2019-01-24 14:56:42,977 - INFO - fastread - 645, 1700
2019-01-24 14:56:42,977 - INFO - fastread - 645, 1710
2019-01-24 14:56:42,987 - INFO - fastread - 645, 1720
2019-01-24 14:56:42,989 - INFO - fastread - 645, 1730
2019-01-24 14:56:42,989 - INFO - fastread - 645, 1740
2019-01-24 14:56:42,989 - INFO - fastread - 645, 1750
2019-01-24 14:56:42,989 - INFO - fastread - 646, 1760
2019-01-24 14:56:42,997 - INFO - fastread - 646, 1770
2019-01-24 14:56:42,999 - INFO - fastread - 646, 1780
2019-01-24 14:56:42,999 - INFO - fastread - 646, 1790
2019-01-24 14:56:42,999 - INFO - fastread - 646, 1800
2019-01-24 14:56:43,007 - INFO - fastread - 646, 1810
2019-01-24 14:56:43,009 - INFO - fastread - 646, 1820
2019-01-24 14:56:43,009 - INFO - fastread - 647, 1830
2019-01-24 14:56:43,009 - INFO - fastread - 647, 1840
2019-01-24 14:56:43,009 - INFO - fastread - 647, 1850
2019-01-24 14:56:43,017 - INFO - fastread - 648, 1860
2019-01-24 14:56:43,020 - INFO - fastread - 648, 1870
2019-01-24 14:56:43,020 - INFO - fastread - 648, 1880
2019-01-24 14:56:43,020 - INFO - fastread - 648, 1890
2019-01-24 14:56:43,020 - INFO - fastread - 648, 1900
2019-01-24 14:56:43,028 - INFO - fastread - 648, 1910
2019-01-24 14:56:43,030 - INFO - fastread - 650, 1920
2019-01-24 14:56:43,030 - INFO - fastread - 650, 1930
2019-01-24 14:56:43,030 - INFO - fastread - 650, 1940
2019-01-24 14:56:43,030 - INFO - fastread - 650, 1950
2019-01-24 14:56:43,038 - INFO - fastread - 650, 1960
2019-01-24 14:56:43,040 - INFO - fastread - 650, 1970
2019-01-24 14:56:43,040 - INFO - fastread - 651, 1980
2019-01-24 14:56:43,040 - INFO - fastread - 651, 1990
2019-01-24 14:56:43,048 - INFO - fastread - 651, 2000
2019-01-24 14:56:43,050 - INFO - fastread - 651, 2010
2019-01-24 14:56:43,050 - INFO - fastread - 651, 2020
2019-01-24 14:56:43,050 - INFO - fastread - 651, 2030
2019-01-24 14:56:43,050 - INFO - fastread - 652, 2040
2019-01-24 14:56:43,058 - INFO - fastread - 652, 2050
2019-01-24 14:56:43,060 - INFO - fastread - 652, 2060
2019-01-24 14:56:43,060 - INFO - fastread - 652, 2070
2019-01-24 14:56:43,060 - INFO - fastread - 652, 2080
2019-01-24 14:56:43,060 - INFO - fastread - 652, 2090
2019-01-24 14:56:43,068 - INFO - fastread - 652, 2100
2019-01-24 14:56:43,070 - INFO - fastread - 653, 2110
2019-01-24 14:56:43,070 - INFO - fastread - 653, 2120
2019-01-24 14:56:43,070 - INFO - fastread - 653, 2130
2019-01-24 14:56:43,078 - INFO - fastread - 653, 2140
2019-01-24 14:56:43,080 - INFO - fastread - 653, 2150
2019-01-24 14:56:43,080 - INFO - fastread - 653, 2160
2019-01-24 14:56:43,080 - INFO - fastread - 654, 2170
2019-01-24 14:56:43,080 - INFO - fastread - 655, 2180
2019-01-24 14:56:43,088 - INFO - fastread - 655, 2190
2019-01-24 14:56:43,090 - INFO - fastread - 655, 2200
2019-01-24 14:56:43,090 - INFO - fastread - 655, 2210
2019-01-24 14:56:43,090 - INFO - fastread - 655, 2220
2019-01-24 14:56:43,098 - INFO - fastread - 655, 2230
2019-01-24 14:56:43,100 - INFO - fastread - 655, 2240
2019-01-24 14:56:43,100 - INFO - fastread - 655, 2250
2019-01-24 14:56:43,100 - INFO - fastread - 655, 2260
2019-01-24 14:56:43,100 - INFO - fastread - 655, 2270
2019-01-24 14:56:43,108 - INFO - fastread - 656, 2280
2019-01-24 14:56:43,110 - INFO - fastread - 656, 2290
2019-01-24 14:56:43,110 - INFO - fastread - 656, 2300
2019-01-24 14:56:43,110 - INFO - fastread - 656, 2310
2019-01-24 14:56:43,118 - INFO - fastread - 656, 2320
2019-01-24 14:56:43,120 - INFO - fastread - 656, 2330
2019-01-24 14:56:43,120 - INFO - fastread - 656, 2340
2019-01-24 14:56:43,120 - INFO - fastread - 656, 2350
2019-01-24 14:56:43,120 - INFO - fastread - 656, 2360
2019-01-24 14:56:43,128 - INFO - fastread - 656, 2370
2019-01-24 14:56:43,130 - INFO - fastread - 657, 2380
2019-01-24 14:56:43,130 - INFO - fastread - 657, 2390
2019-01-24 14:56:43,130 - INFO - fastread - 657, 2400
2019-01-24 14:56:43,130 - INFO - fastread - 657, 2410
2019-01-24 14:56:43,139 - INFO - fastread - 658, 2420
2019-01-24 14:56:43,141 - INFO - fastread - 658, 2430
2019-01-24 14:56:43,141 - INFO - fastread - 658, 2440
2019-01-24 14:56:43,141 - INFO - fastread - 658, 2450
2019-01-24 14:56:43,141 - INFO - fastread - 658, 2460
2019-01-24 14:56:43,151 - INFO - fastread - 658, 2470
2019-01-24 14:56:43,151 - INFO - fastread - 658, 2480
2019-01-24 14:56:43,151 - INFO - fastread - 659, 2490
2019-01-24 14:56:43,151 - INFO - fastread - 659, 2500
2019-01-24 14:56:43,159 - INFO - fastread - 660, 2510
2019-01-24 14:56:43,161 - INFO - fastread - 661, 2520
2019-01-24 14:56:43,161 - INFO - fastread - 661, 2530
2019-01-24 14:56:43,161 - INFO - fastread - 661, 2540
2019-01-24 14:56:43,161 - INFO - fastread - 661, 2550
2019-01-24 14:56:43,169 - INFO - fastread - 661, 2560
2019-01-24 14:56:43,171 - INFO - fastread - 661, 2570
2019-01-24 14:56:43,171 - INFO - fastread - 661, 2580
2019-01-24 14:56:43,171 - INFO - fastread - 661, 2590
2019-01-24 14:56:43,179 - INFO - fastread - 662, 2600
2019-01-24 14:56:43,181 - INFO - fastread - 662, 2610
2019-01-24 14:56:43,181 - INFO - fastread - 662, 2620
2019-01-24 14:56:43,181 - INFO - fastread - 662, 2630
2019-01-24 14:56:43,181 - INFO - fastread - 662, 2640
2019-01-24 14:56:43,189 - INFO - fastread - 662, 2650
2019-01-24 14:56:43,191 - INFO - fastread - 662, 2660
2019-01-24 14:56:43,191 - INFO - fastread - 663, 2670
2019-01-24 14:56:43,191 - INFO - fastread - 663, 2680
2019-01-24 14:56:43,191 - INFO - fastread - 663, 2690
2019-01-24 14:56:43,199 - INFO - fastread - 663, 2700
2019-01-24 14:56:43,201 - INFO - fastread - 663, 2710
2019-01-24 14:56:43,201 - INFO - fastread - 663, 2720
2019-01-24 14:56:43,201 - INFO - fastread - 663, 2730
2019-01-24 14:56:43,201 - INFO - fastread - 663, 2740
2019-01-24 14:56:43,211 - INFO - fastread - 663, 2750
2019-01-24 14:56:43,211 - INFO - fastread - 663, 2760
2019-01-24 14:56:43,211 - INFO - fastread - 663, 2770
2019-01-24 14:56:43,211 - INFO - fastread - 664, 2780
2019-01-24 14:56:43,219 - INFO - fastread - 664, 2790
2019-01-24 14:56:43,221 - INFO - fastread - 664, 2800
2019-01-24 14:56:43,221 - INFO - fastread - 664, 2810
2019-01-24 14:56:43,221 - INFO - fastread - 664, 2820
2019-01-24 14:56:43,221 - INFO - fastread - 664, 2830
2019-01-24 14:56:43,229 - INFO - fastread - 664, 2840
2019-01-24 14:56:43,231 - INFO - fastread - 664, 2850
2019-01-24 14:56:43,231 - INFO - fastread - 664, 2860
2019-01-24 14:56:43,231 - INFO - fastread - 664, 2870
2019-01-24 14:56:43,239 - INFO - fastread - 664, 2880
2019-01-24 14:56:43,239 - INFO - fastread - 664, 2890
2019-01-24 14:56:43,239 - INFO - fastread - 665, 2900
2019-01-24 14:56:43,239 - INFO - fastread - 665, 2910
2019-01-24 14:56:43,239 - INFO - fastread - 665, 2920
2019-01-24 14:56:43,250 - INFO - fastread - 665, 2930
2019-01-24 14:56:43,252 - INFO - fastread - 666, 2940
2019-01-24 14:56:43,252 - INFO - fastread - 666, 2950
2019-01-24 14:56:43,252 - INFO - fastread - 666, 2960
2019-01-24 14:56:43,260 - INFO - fastread - 666, 2970
2019-01-24 14:56:43,262 - INFO - fastread - 667, 2980
2019-01-24 14:56:43,262 - INFO - fastread - 667, 2990
2019-01-24 14:56:43,262 - INFO - fastread - 669, 3000
2019-01-24 14:56:43,262 - INFO - fastread - 669, 3010
2019-01-24 14:56:43,270 - INFO - fastread - 669, 3020
2019-01-24 14:56:43,272 - INFO - fastread - 669, 3030
2019-01-24 14:56:43,272 - INFO - fastread - 669, 3040
2019-01-24 14:56:43,272 - INFO - fastread - 669, 3050
2019-01-24 14:56:43,272 - INFO - fastread - 670, 3060
2019-01-24 14:56:43,280 - INFO - fastread - 671, 3070
