2019-01-24 14:49:12,305 - INFO - rig - emf-2.4.1
2019-01-24 14:49:12,436 - INFO - rig - ++++NEW CLF++++ FASTREAD
2019-01-24 14:49:12,436 - INFO - fastread - Total Yes: 52 | Total No: 2142
2019-01-24 14:49:12,791 - INFO - fastread - 0, 0
2019-01-24 14:49:13,841 - INFO - fastread - 0, 10
2019-01-24 14:49:14,889 - INFO - fastread - 0, 20
2019-01-24 14:49:15,952 - INFO - fastread - 0, 30
2019-01-24 14:49:17,043 - INFO - fastread - 0, 40
2019-01-24 14:49:18,103 - INFO - fastread - 0, 50
2019-01-24 14:49:19,205 - INFO - fastread - 0, 59
2019-01-24 14:49:20,296 - INFO - fastread - 0, 69
2019-01-24 14:49:21,347 - INFO - fastread - 1, 79
2019-01-24 14:49:22,439 - INFO - fastread - 3, 88
2019-01-24 14:49:23,550 - INFO - fastread - 4, 98
2019-01-24 14:49:24,530 - INFO - fastread - 4, 107
2019-01-24 14:49:25,591 - INFO - fastread - 4, 117
2019-01-24 14:49:26,692 - INFO - fastread - 4, 127
2019-01-24 14:49:27,753 - INFO - fastread - 4, 137
2019-01-24 14:49:28,814 - INFO - fastread - 5, 147
2019-01-24 14:49:29,924 - INFO - fastread - 7, 157
2019-01-24 14:49:31,257 - INFO - fastread - 16, 167
2019-01-24 14:49:32,469 - INFO - fastread - 19, 177
2019-01-24 14:49:33,591 - INFO - fastread - 22, 187
2019-01-24 14:49:34,824 - INFO - fastread - 30, 197
2019-01-24 14:49:35,974 - INFO - fastread - 30, 207
2019-01-24 14:49:37,125 - INFO - fastread - 30, 217
2019-01-24 14:49:38,205 - INFO - fastread - 32, 227
2019-01-24 14:49:39,346 - INFO - fastread - 32, 237
2019-01-24 14:49:40,468 - INFO - fastread - 32, 247
2019-01-24 14:49:41,518 - INFO - fastread - 32, 257
2019-01-24 14:49:42,669 - INFO - fastread - 32, 267
2019-01-24 14:49:43,688 - INFO - fastread - 33, 277
2019-01-24 14:49:44,850 - INFO - fastread - 34, 287
2019-01-24 14:49:45,849 - INFO - fastread - 34, 297
2019-01-24 14:49:47,083 - INFO - fastread - 35, 307
2019-01-24 14:49:48,192 - INFO - fastread - 35, 317
2019-01-24 14:49:49,245 - INFO - fastread - 35, 327
2019-01-24 14:49:50,385 - INFO - fastread - 36, 337
2019-01-24 14:49:51,478 - INFO - fastread - 36, 347
2019-01-24 14:49:52,560 - INFO - fastread - 36, 357
2019-01-24 14:49:53,436 - INFO - fastread - 36, 367
2019-01-24 14:49:54,419 - INFO - fastread - 36, 377
2019-01-24 14:49:55,359 - INFO - fastread - 37, 387
2019-01-24 14:49:56,569 - INFO - fastread - 37, 397
2019-01-24 14:49:57,549 - INFO - fastread - 37, 407
2019-01-24 14:49:58,661 - INFO - fastread - 37, 417
2019-01-24 14:49:59,683 - INFO - fastread - 37, 427
2019-01-24 14:50:00,864 - INFO - fastread - 37, 437
2019-01-24 14:50:01,845 - INFO - fastread - 37, 447
2019-01-24 14:50:02,927 - INFO - fastread - 37, 457
2019-01-24 14:50:03,816 - INFO - fastread - 37, 467
2019-01-24 14:50:05,019 - INFO - fastread - 37, 477
2019-01-24 14:50:05,969 - INFO - fastread - 38, 487
2019-01-24 14:50:06,960 - INFO - fastread - 39, 497
2019-01-24 14:50:07,859 - INFO - fastread - 39, 507
2019-01-24 14:50:09,055 - INFO - fastread - 39, 517
2019-01-24 14:50:09,944 - INFO - fastread - 40, 527
2019-01-24 14:50:10,953 - INFO - fastread - 40, 537
2019-01-24 14:50:11,865 - INFO - fastread - 40, 547
2019-01-24 14:50:12,918 - INFO - fastread - 40, 557
2019-01-24 14:50:13,767 - INFO - fastread - 40, 567
2019-01-24 14:50:14,748 - INFO - fastread - 40, 577
2019-01-24 14:50:15,537 - INFO - fastread - 40, 587
2019-01-24 14:50:16,406 - INFO - fastread - 40, 597
2019-01-24 14:50:17,235 - INFO - fastread - 41, 607
2019-01-24 14:50:18,155 - INFO - fastread - 41, 617
2019-01-24 14:50:18,994 - INFO - fastread - 41, 627
2019-01-24 14:50:19,813 - INFO - fastread - 42, 637
2019-01-24 14:50:20,773 - INFO - fastread - 43, 647
2019-01-24 14:50:21,615 - INFO - fastread - 43, 657
2019-01-24 14:50:22,515 - INFO - fastread - 43, 667
2019-01-24 14:50:23,385 - INFO - fastread - 43, 677
2019-01-24 14:50:24,386 - INFO - fastread - 44, 687
2019-01-24 14:50:25,165 - INFO - fastread - 46, 697
2019-01-24 14:50:26,147 - INFO - fastread - 47, 707
2019-01-24 14:50:27,087 - INFO - fastread - 48, 717
2019-01-24 14:50:28,078 - INFO - fastread - 48, 727
2019-01-24 14:50:28,886 - INFO - fastread - 48, 737
2019-01-24 14:50:29,896 - INFO - fastread - 48, 747
2019-01-24 14:50:30,796 - INFO - fastread - 48, 757
2019-01-24 14:50:31,728 - INFO - fastread - 48, 767
2019-01-24 14:50:32,615 - INFO - fastread - 48, 777
2019-01-24 14:50:33,568 - INFO - fastread - 48, 787
2019-01-24 14:50:34,478 - INFO - fastread - 48, 797
2019-01-24 14:50:35,336 - INFO - fastread - 49, 807
2019-01-24 14:50:35,537 - INFO - rig - ++++NEW CLF++++ NBM
2019-01-24 14:50:35,537 - INFO - fastread - Total Yes: 52 | Total No: 2142
2019-01-24 14:50:35,550 - INFO - fastread - 7, 10
2019-01-24 14:50:35,550 - INFO - fastread - 11, 20
2019-01-24 14:50:35,550 - INFO - fastread - 13, 30
2019-01-24 14:50:35,558 - INFO - fastread - 14, 40
2019-01-24 14:50:35,560 - INFO - fastread - 15, 50
2019-01-24 14:50:35,560 - INFO - fastread - 15, 60
2019-01-24 14:50:35,560 - INFO - fastread - 17, 70
2019-01-24 14:50:35,560 - INFO - fastread - 17, 80
2019-01-24 14:50:35,568 - INFO - fastread - 17, 90
2019-01-24 14:50:35,570 - INFO - fastread - 17, 100
2019-01-24 14:50:35,570 - INFO - fastread - 17, 110
2019-01-24 14:50:35,570 - INFO - fastread - 18, 120
2019-01-24 14:50:35,570 - INFO - fastread - 18, 130
2019-01-24 14:50:35,578 - INFO - fastread - 18, 140
2019-01-24 14:50:35,580 - INFO - fastread - 18, 150
2019-01-24 14:50:35,580 - INFO - fastread - 18, 160
2019-01-24 14:50:35,580 - INFO - fastread - 18, 170
2019-01-24 14:50:35,580 - INFO - fastread - 18, 180
2019-01-24 14:50:35,588 - INFO - fastread - 18, 190
2019-01-24 14:50:35,590 - INFO - fastread - 18, 200
2019-01-24 14:50:35,590 - INFO - fastread - 18, 210
2019-01-24 14:50:35,590 - INFO - fastread - 18, 220
2019-01-24 14:50:35,590 - INFO - fastread - 18, 230
2019-01-24 14:50:35,598 - INFO - fastread - 18, 240
2019-01-24 14:50:35,600 - INFO - fastread - 18, 250
2019-01-24 14:50:35,600 - INFO - fastread - 18, 260
2019-01-24 14:50:35,600 - INFO - fastread - 18, 270
2019-01-24 14:50:35,600 - INFO - fastread - 18, 280
2019-01-24 14:50:35,608 - INFO - fastread - 18, 290
2019-01-24 14:50:35,610 - INFO - fastread - 18, 300
2019-01-24 14:50:35,610 - INFO - fastread - 18, 310
2019-01-24 14:50:35,610 - INFO - fastread - 18, 320
2019-01-24 14:50:35,620 - INFO - fastread - 19, 330
2019-01-24 14:50:35,620 - INFO - fastread - 19, 340
2019-01-24 14:50:35,620 - INFO - fastread - 19, 350
2019-01-24 14:50:35,628 - INFO - fastread - 19, 360
2019-01-24 14:50:35,631 - INFO - fastread - 20, 370
2019-01-24 14:50:35,631 - INFO - fastread - 20, 380
2019-01-24 14:50:35,639 - INFO - fastread - 21, 390
2019-01-24 14:50:35,641 - INFO - fastread - 21, 400
2019-01-24 14:50:35,641 - INFO - fastread - 23, 410
2019-01-24 14:50:35,649 - INFO - fastread - 24, 420
2019-01-24 14:50:35,651 - INFO - fastread - 25, 430
2019-01-24 14:50:35,651 - INFO - fastread - 25, 440
2019-01-24 14:50:35,651 - INFO - fastread - 27, 450
2019-01-24 14:50:35,651 - INFO - fastread - 27, 460
2019-01-24 14:50:35,659 - INFO - fastread - 27, 470
2019-01-24 14:50:35,661 - INFO - fastread - 27, 480
2019-01-24 14:50:35,661 - INFO - fastread - 27, 490
2019-01-24 14:50:35,661 - INFO - fastread - 27, 500
2019-01-24 14:50:35,661 - INFO - fastread - 27, 510
2019-01-24 14:50:35,661 - INFO - fastread - 27, 520
2019-01-24 14:50:35,671 - INFO - fastread - 28, 530
2019-01-24 14:50:35,671 - INFO - fastread - 28, 540
2019-01-24 14:50:35,671 - INFO - fastread - 28, 550
2019-01-24 14:50:35,679 - INFO - fastread - 28, 560
2019-01-24 14:50:35,681 - INFO - fastread - 28, 570
2019-01-24 14:50:35,681 - INFO - fastread - 29, 580
2019-01-24 14:50:35,689 - INFO - fastread - 32, 590
2019-01-24 14:50:35,691 - INFO - fastread - 32, 600
2019-01-24 14:50:35,691 - INFO - fastread - 32, 610
2019-01-24 14:50:35,691 - INFO - fastread - 32, 620
2019-01-24 14:50:35,691 - INFO - fastread - 32, 630
2019-01-24 14:50:35,699 - INFO - fastread - 32, 640
2019-01-24 14:50:35,701 - INFO - fastread - 32, 650
2019-01-24 14:50:35,701 - INFO - fastread - 32, 660
2019-01-24 14:50:35,701 - INFO - fastread - 33, 670
2019-01-24 14:50:35,701 - INFO - fastread - 33, 680
2019-01-24 14:50:35,701 - INFO - fastread - 33, 690
2019-01-24 14:50:35,709 - INFO - fastread - 34, 700
2019-01-24 14:50:35,711 - INFO - fastread - 34, 710
2019-01-24 14:50:35,711 - INFO - fastread - 34, 720
2019-01-24 14:50:35,711 - INFO - fastread - 35, 730
2019-01-24 14:50:35,711 - INFO - fastread - 36, 740
2019-01-24 14:50:35,719 - INFO - fastread - 36, 750
2019-01-24 14:50:35,722 - INFO - fastread - 38, 760
2019-01-24 14:50:35,722 - INFO - fastread - 38, 770
2019-01-24 14:50:35,722 - INFO - fastread - 38, 780
2019-01-24 14:50:35,730 - INFO - fastread - 38, 790
2019-01-24 14:50:35,732 - INFO - fastread - 38, 800
2019-01-24 14:50:35,732 - INFO - fastread - 38, 810
2019-01-24 14:50:35,732 - INFO - fastread - 38, 820
2019-01-24 14:50:35,740 - INFO - fastread - 38, 830
2019-01-24 14:50:35,742 - INFO - fastread - 38, 840
2019-01-24 14:50:35,742 - INFO - fastread - 38, 850
2019-01-24 14:50:35,742 - INFO - fastread - 38, 860
2019-01-24 14:50:35,752 - INFO - fastread - 38, 870
2019-01-24 14:50:35,752 - INFO - fastread - 38, 880
2019-01-24 14:50:35,752 - INFO - fastread - 38, 890
2019-01-24 14:50:35,762 - INFO - fastread - 38, 900
2019-01-24 14:50:35,762 - INFO - fastread - 38, 910
2019-01-24 14:50:35,762 - INFO - fastread - 38, 920
2019-01-24 14:50:35,770 - INFO - fastread - 38, 930
2019-01-24 14:50:35,772 - INFO - fastread - 39, 940
2019-01-24 14:50:35,772 - INFO - fastread - 39, 950
2019-01-24 14:50:35,772 - INFO - fastread - 39, 960
2019-01-24 14:50:35,780 - INFO - fastread - 39, 970
2019-01-24 14:50:35,782 - INFO - fastread - 41, 980
2019-01-24 14:50:35,782 - INFO - fastread - 42, 990
2019-01-24 14:50:35,782 - INFO - fastread - 43, 1000
2019-01-24 14:50:35,782 - INFO - fastread - 43, 1010
2019-01-24 14:50:35,782 - INFO - fastread - 43, 1020
2019-01-24 14:50:35,792 - INFO - fastread - 43, 1030
2019-01-24 14:50:35,792 - INFO - fastread - 43, 1040
2019-01-24 14:50:35,800 - INFO - fastread - 43, 1050
2019-01-24 14:50:35,802 - INFO - fastread - 43, 1060
2019-01-24 14:50:35,802 - INFO - fastread - 43, 1070
2019-01-24 14:50:35,802 - INFO - fastread - 43, 1080
2019-01-24 14:50:35,813 - INFO - fastread - 43, 1090
2019-01-24 14:50:35,813 - INFO - fastread - 43, 1100
2019-01-24 14:50:35,813 - INFO - fastread - 43, 1110
2019-01-24 14:50:35,821 - INFO - fastread - 43, 1120
2019-01-24 14:50:35,823 - INFO - fastread - 43, 1130
2019-01-24 14:50:35,823 - INFO - fastread - 43, 1140
2019-01-24 14:50:35,833 - INFO - fastread - 43, 1150
2019-01-24 14:50:35,833 - INFO - fastread - 43, 1160
2019-01-24 14:50:35,833 - INFO - fastread - 43, 1170
2019-01-24 14:50:35,843 - INFO - fastread - 43, 1180
2019-01-24 14:50:35,843 - INFO - fastread - 44, 1190
2019-01-24 14:50:35,843 - INFO - fastread - 44, 1200
2019-01-24 14:50:35,853 - INFO - fastread - 44, 1210
2019-01-24 14:50:35,853 - INFO - fastread - 44, 1220
2019-01-24 14:50:35,853 - INFO - fastread - 44, 1230
2019-01-24 14:50:35,863 - INFO - fastread - 44, 1240
2019-01-24 14:50:35,863 - INFO - fastread - 44, 1250
2019-01-24 14:50:35,863 - INFO - fastread - 44, 1260
2019-01-24 14:50:35,871 - INFO - fastread - 44, 1270
2019-01-24 14:50:35,873 - INFO - fastread - 44, 1280
2019-01-24 14:50:35,873 - INFO - fastread - 44, 1290
2019-01-24 14:50:35,873 - INFO - fastread - 44, 1300
2019-01-24 14:50:35,873 - INFO - fastread - 44, 1310
2019-01-24 14:50:35,881 - INFO - fastread - 44, 1320
2019-01-24 14:50:35,883 - INFO - fastread - 44, 1330
2019-01-24 14:50:35,883 - INFO - fastread - 44, 1340
2019-01-24 14:50:35,883 - INFO - fastread - 44, 1350
2019-01-24 14:50:35,883 - INFO - fastread - 45, 1360
2019-01-24 14:50:35,891 - INFO - fastread - 45, 1370
2019-01-24 14:50:35,894 - INFO - fastread - 45, 1380
2019-01-24 14:50:35,894 - INFO - fastread - 45, 1390
2019-01-24 14:50:35,894 - INFO - fastread - 45, 1400
2019-01-24 14:50:35,894 - INFO - fastread - 45, 1410
2019-01-24 14:50:35,902 - INFO - fastread - 45, 1420
2019-01-24 14:50:35,904 - INFO - fastread - 45, 1430
2019-01-24 14:50:35,904 - INFO - fastread - 46, 1440
2019-01-24 14:50:35,904 - INFO - fastread - 46, 1450
2019-01-24 14:50:35,904 - INFO - fastread - 46, 1460
2019-01-24 14:50:35,912 - INFO - fastread - 46, 1470
2019-01-24 14:50:35,914 - INFO - fastread - 46, 1480
2019-01-24 14:50:35,914 - INFO - fastread - 46, 1490
2019-01-24 14:50:35,914 - INFO - fastread - 46, 1500
2019-01-24 14:50:35,914 - INFO - fastread - 46, 1510
2019-01-24 14:50:35,922 - INFO - fastread - 46, 1520
2019-01-24 14:50:35,924 - INFO - fastread - 46, 1530
2019-01-24 14:50:35,924 - INFO - fastread - 46, 1540
2019-01-24 14:50:35,924 - INFO - fastread - 46, 1550
2019-01-24 14:50:35,924 - INFO - fastread - 46, 1560
2019-01-24 14:50:35,934 - INFO - fastread - 46, 1570
2019-01-24 14:50:35,934 - INFO - fastread - 46, 1580
2019-01-24 14:50:35,934 - INFO - fastread - 46, 1590
2019-01-24 14:50:35,934 - INFO - fastread - 46, 1600
2019-01-24 14:50:35,942 - INFO - fastread - 46, 1610
2019-01-24 14:50:35,944 - INFO - fastread - 46, 1620
2019-01-24 14:50:35,944 - INFO - fastread - 46, 1630
2019-01-24 14:50:35,944 - INFO - fastread - 46, 1640
2019-01-24 14:50:35,944 - INFO - fastread - 46, 1650
2019-01-24 14:50:35,952 - INFO - fastread - 46, 1660
2019-01-24 14:50:35,954 - INFO - fastread - 46, 1670
2019-01-24 14:50:35,954 - INFO - fastread - 46, 1680
2019-01-24 14:50:35,954 - INFO - fastread - 46, 1690
2019-01-24 14:50:35,954 - INFO - fastread - 47, 1700
2019-01-24 14:50:35,962 - INFO - fastread - 48, 1710
2019-01-24 14:50:35,964 - INFO - fastread - 48, 1720
2019-01-24 14:50:35,964 - INFO - fastread - 48, 1730
2019-01-24 14:50:35,964 - INFO - fastread - 48, 1740
2019-01-24 14:50:35,964 - INFO - fastread - 48, 1750
2019-01-24 14:50:35,972 - INFO - fastread - 48, 1760
2019-01-24 14:50:35,974 - INFO - fastread - 48, 1770
2019-01-24 14:50:35,974 - INFO - fastread - 48, 1780
2019-01-24 14:50:35,974 - INFO - fastread - 48, 1790
2019-01-24 14:50:35,974 - INFO - fastread - 48, 1800
2019-01-24 14:50:35,983 - INFO - fastread - 48, 1810
2019-01-24 14:50:35,985 - INFO - fastread - 48, 1820
2019-01-24 14:50:35,985 - INFO - fastread - 48, 1830
2019-01-24 14:50:35,985 - INFO - fastread - 48, 1840
2019-01-24 14:50:35,985 - INFO - fastread - 48, 1850
2019-01-24 14:50:35,993 - INFO - fastread - 49, 1860
2019-01-24 14:50:35,995 - INFO - fastread - 49, 1870
2019-01-24 14:50:35,995 - INFO - fastread - 49, 1880
2019-01-24 14:50:35,995 - INFO - fastread - 49, 1890
2019-01-24 14:50:35,995 - INFO - fastread - 49, 1900
2019-01-24 14:50:36,003 - INFO - fastread - 51, 1910
2019-01-24 14:50:36,005 - INFO - rig - ++++NEW CLF++++ NBM
2019-01-24 14:50:36,005 - INFO - fastread - Total Yes: 52 | Total No: 2142
2019-01-24 14:50:36,306 - INFO - fastread - 9, 10
2019-01-24 14:50:36,308 - INFO - fastread - 16, 20
2019-01-24 14:50:36,308 - INFO - fastread - 19, 30
2019-01-24 14:50:36,308 - INFO - fastread - 19, 40
2019-01-24 14:50:36,308 - INFO - fastread - 19, 50
2019-01-24 14:50:36,316 - INFO - fastread - 19, 60
2019-01-24 14:50:36,318 - INFO - fastread - 19, 70
2019-01-24 14:50:36,318 - INFO - fastread - 19, 80
2019-01-24 14:50:36,318 - INFO - fastread - 19, 90
2019-01-24 14:50:36,326 - INFO - fastread - 19, 100
2019-01-24 14:50:36,328 - INFO - fastread - 19, 110
2019-01-24 14:50:36,328 - INFO - fastread - 19, 120
2019-01-24 14:50:36,336 - INFO - fastread - 20, 130
2019-01-24 14:50:36,338 - INFO - fastread - 20, 140
2019-01-24 14:50:36,338 - INFO - fastread - 20, 150
2019-01-24 14:50:36,338 - INFO - fastread - 20, 160
2019-01-24 14:50:36,338 - INFO - fastread - 20, 170
2019-01-24 14:50:36,338 - INFO - fastread - 20, 180
2019-01-24 14:50:36,346 - INFO - fastread - 20, 190
2019-01-24 14:50:36,348 - INFO - fastread - 21, 200
2019-01-24 14:50:36,348 - INFO - fastread - 21, 210
2019-01-24 14:50:36,348 - INFO - fastread - 21, 220
2019-01-24 14:50:36,348 - INFO - fastread - 21, 230
2019-01-24 14:50:36,348 - INFO - fastread - 21, 240
2019-01-24 14:50:36,356 - INFO - fastread - 21, 250
2019-01-24 14:50:36,358 - INFO - fastread - 21, 260
2019-01-24 14:50:36,358 - INFO - fastread - 21, 270
2019-01-24 14:50:36,358 - INFO - fastread - 21, 280
2019-01-24 14:50:36,369 - INFO - fastread - 21, 290
2019-01-24 14:50:36,369 - INFO - fastread - 21, 300
2019-01-24 14:50:36,369 - INFO - fastread - 21, 310
2019-01-24 14:50:36,369 - INFO - fastread - 21, 320
2019-01-24 14:50:36,369 - INFO - fastread - 22, 330
2019-01-24 14:50:36,377 - INFO - fastread - 22, 340
2019-01-24 14:50:36,379 - INFO - fastread - 23, 350
2019-01-24 14:50:36,379 - INFO - fastread - 23, 360
2019-01-24 14:50:36,379 - INFO - fastread - 23, 370
2019-01-24 14:50:36,379 - INFO - fastread - 23, 380
2019-01-24 14:50:36,379 - INFO - fastread - 23, 390
2019-01-24 14:50:36,387 - INFO - fastread - 23, 400
2019-01-24 14:50:36,389 - INFO - fastread - 24, 410
2019-01-24 14:50:36,389 - INFO - fastread - 24, 420
2019-01-24 14:50:36,389 - INFO - fastread - 25, 430
2019-01-24 14:50:36,389 - INFO - fastread - 25, 440
2019-01-24 14:50:36,389 - INFO - fastread - 26, 450
2019-01-24 14:50:36,399 - INFO - fastread - 27, 460
2019-01-24 14:50:36,399 - INFO - fastread - 27, 470
2019-01-24 14:50:36,399 - INFO - fastread - 27, 480
2019-01-24 14:50:36,407 - INFO - fastread - 28, 490
2019-01-24 14:50:36,409 - INFO - fastread - 28, 500
2019-01-24 14:50:36,409 - INFO - fastread - 29, 510
2019-01-24 14:50:36,409 - INFO - fastread - 29, 520
2019-01-24 14:50:36,409 - INFO - fastread - 29, 530
2019-01-24 14:50:36,409 - INFO - fastread - 29, 540
2019-01-24 14:50:36,417 - INFO - fastread - 29, 550
2019-01-24 14:50:36,419 - INFO - fastread - 29, 560
2019-01-24 14:50:36,419 - INFO - fastread - 29, 570
2019-01-24 14:50:36,419 - INFO - fastread - 29, 580
2019-01-24 14:50:36,429 - INFO - fastread - 29, 590
2019-01-24 14:50:36,429 - INFO - fastread - 29, 600
2019-01-24 14:50:36,429 - INFO - fastread - 29, 610
2019-01-24 14:50:36,437 - INFO - fastread - 29, 620
2019-01-24 14:50:36,439 - INFO - fastread - 30, 630
2019-01-24 14:50:36,439 - INFO - fastread - 30, 640
2019-01-24 14:50:36,447 - INFO - fastread - 31, 650
2019-01-24 14:50:36,447 - INFO - fastread - 31, 660
2019-01-24 14:50:36,449 - INFO - fastread - 31, 670
2019-01-24 14:50:36,449 - INFO - fastread - 31, 680
2019-01-24 14:50:36,449 - INFO - fastread - 31, 690
2019-01-24 14:50:36,449 - INFO - fastread - 31, 700
2019-01-24 14:50:36,457 - INFO - fastread - 31, 710
2019-01-24 14:50:36,459 - INFO - fastread - 32, 720
2019-01-24 14:50:36,459 - INFO - fastread - 32, 730
2019-01-24 14:50:36,459 - INFO - fastread - 34, 740
2019-01-24 14:50:36,459 - INFO - fastread - 34, 750
2019-01-24 14:50:36,459 - INFO - fastread - 35, 760
2019-01-24 14:50:36,467 - INFO - fastread - 35, 770
2019-01-24 14:50:36,469 - INFO - fastread - 35, 780
2019-01-24 14:50:36,469 - INFO - fastread - 35, 790
2019-01-24 14:50:36,469 - INFO - fastread - 35, 800
2019-01-24 14:50:36,469 - INFO - fastread - 35, 810
2019-01-24 14:50:36,477 - INFO - fastread - 35, 820
2019-01-24 14:50:36,479 - INFO - fastread - 35, 830
2019-01-24 14:50:36,479 - INFO - fastread - 35, 840
2019-01-24 14:50:36,479 - INFO - fastread - 35, 850
2019-01-24 14:50:36,479 - INFO - fastread - 35, 860
2019-01-24 14:50:36,479 - INFO - fastread - 35, 870
2019-01-24 14:50:36,487 - INFO - fastread - 35, 880
2019-01-24 14:50:36,489 - INFO - fastread - 35, 890
2019-01-24 14:50:36,489 - INFO - fastread - 35, 900
2019-01-24 14:50:36,489 - INFO - fastread - 35, 910
2019-01-24 14:50:36,489 - INFO - fastread - 35, 920
2019-01-24 14:50:36,489 - INFO - fastread - 35, 930
2019-01-24 14:50:36,500 - INFO - fastread - 35, 940
2019-01-24 14:50:36,500 - INFO - fastread - 36, 950
2019-01-24 14:50:36,500 - INFO - fastread - 36, 960
2019-01-24 14:50:36,500 - INFO - fastread - 36, 970
2019-01-24 14:50:36,500 - INFO - fastread - 37, 980
2019-01-24 14:50:36,508 - INFO - fastread - 37, 990
2019-01-24 14:50:36,510 - INFO - fastread - 38, 1000
2019-01-24 14:50:36,510 - INFO - fastread - 38, 1010
2019-01-24 14:50:36,510 - INFO - fastread - 38, 1020
2019-01-24 14:50:36,510 - INFO - fastread - 38, 1030
2019-01-24 14:50:36,518 - INFO - fastread - 38, 1040
2019-01-24 14:50:36,520 - INFO - fastread - 38, 1050
2019-01-24 14:50:36,520 - INFO - fastread - 38, 1060
2019-01-24 14:50:36,520 - INFO - fastread - 38, 1070
2019-01-24 14:50:36,520 - INFO - fastread - 38, 1080
2019-01-24 14:50:36,528 - INFO - fastread - 38, 1090
2019-01-24 14:50:36,530 - INFO - fastread - 38, 1100
2019-01-24 14:50:36,530 - INFO - fastread - 38, 1110
2019-01-24 14:50:36,530 - INFO - fastread - 38, 1120
2019-01-24 14:50:36,530 - INFO - fastread - 38, 1130
2019-01-24 14:50:36,538 - INFO - fastread - 38, 1140
2019-01-24 14:50:36,540 - INFO - fastread - 38, 1150
2019-01-24 14:50:36,540 - INFO - fastread - 38, 1160
2019-01-24 14:50:36,540 - INFO - fastread - 38, 1170
2019-01-24 14:50:36,540 - INFO - fastread - 38, 1180
2019-01-24 14:50:36,548 - INFO - fastread - 38, 1190
2019-01-24 14:50:36,550 - INFO - fastread - 38, 1200
2019-01-24 14:50:36,550 - INFO - fastread - 38, 1210
2019-01-24 14:50:36,550 - INFO - fastread - 38, 1220
2019-01-24 14:50:36,550 - INFO - fastread - 38, 1230
2019-01-24 14:50:36,558 - INFO - fastread - 38, 1240
2019-01-24 14:50:36,560 - INFO - fastread - 38, 1250
2019-01-24 14:50:36,560 - INFO - fastread - 38, 1260
2019-01-24 14:50:36,560 - INFO - fastread - 38, 1270
2019-01-24 14:50:36,560 - INFO - fastread - 38, 1280
2019-01-24 14:50:36,568 - INFO - fastread - 38, 1290
2019-01-24 14:50:36,570 - INFO - fastread - 38, 1300
2019-01-24 14:50:36,570 - INFO - fastread - 38, 1310
2019-01-24 14:50:36,570 - INFO - fastread - 38, 1320
2019-01-24 14:50:36,570 - INFO - fastread - 38, 1330
2019-01-24 14:50:36,578 - INFO - fastread - 38, 1340
2019-01-24 14:50:36,580 - INFO - fastread - 38, 1350
2019-01-24 14:50:36,580 - INFO - fastread - 38, 1360
2019-01-24 14:50:36,580 - INFO - fastread - 38, 1370
2019-01-24 14:50:36,588 - INFO - fastread - 38, 1380
2019-01-24 14:50:36,590 - INFO - fastread - 38, 1390
2019-01-24 14:50:36,590 - INFO - fastread - 38, 1400
2019-01-24 14:50:36,590 - INFO - fastread - 38, 1410
2019-01-24 14:50:36,590 - INFO - fastread - 38, 1420
2019-01-24 14:50:36,598 - INFO - fastread - 38, 1430
2019-01-24 14:50:36,600 - INFO - fastread - 39, 1440
2019-01-24 14:50:36,600 - INFO - fastread - 39, 1450
2019-01-24 14:50:36,608 - INFO - fastread - 39, 1460
2019-01-24 14:50:36,611 - INFO - fastread - 39, 1470
2019-01-24 14:50:36,611 - INFO - fastread - 39, 1480
2019-01-24 14:50:36,611 - INFO - fastread - 39, 1490
2019-01-24 14:50:36,621 - INFO - fastread - 39, 1500
2019-01-24 14:50:36,621 - INFO - fastread - 39, 1510
2019-01-24 14:50:36,621 - INFO - fastread - 40, 1520
2019-01-24 14:50:36,621 - INFO - fastread - 41, 1530
2019-01-24 14:50:36,629 - INFO - fastread - 41, 1540
2019-01-24 14:50:36,631 - INFO - fastread - 41, 1550
2019-01-24 14:50:36,631 - INFO - fastread - 42, 1560
2019-01-24 14:50:36,631 - INFO - fastread - 42, 1570
2019-01-24 14:50:36,631 - INFO - fastread - 42, 1580
2019-01-24 14:50:36,639 - INFO - fastread - 43, 1590
2019-01-24 14:50:36,641 - INFO - fastread - 43, 1600
2019-01-24 14:50:36,641 - INFO - fastread - 43, 1610
2019-01-24 14:50:36,649 - INFO - fastread - 43, 1620
2019-01-24 14:50:36,651 - INFO - fastread - 43, 1630
2019-01-24 14:50:36,651 - INFO - fastread - 43, 1640
2019-01-24 14:50:36,651 - INFO - fastread - 43, 1650
2019-01-24 14:50:36,651 - INFO - fastread - 43, 1660
2019-01-24 14:50:36,659 - INFO - fastread - 43, 1670
2019-01-24 14:50:36,661 - INFO - fastread - 44, 1680
2019-01-24 14:50:36,661 - INFO - fastread - 44, 1690
2019-01-24 14:50:36,661 - INFO - fastread - 46, 1700
2019-01-24 14:50:36,661 - INFO - fastread - 47, 1710
2019-01-24 14:50:36,669 - INFO - fastread - 47, 1720
2019-01-24 14:50:36,671 - INFO - fastread - 47, 1730
2019-01-24 14:50:36,671 - INFO - fastread - 47, 1740
2019-01-24 14:50:36,671 - INFO - fastread - 47, 1750
2019-01-24 14:50:36,671 - INFO - fastread - 47, 1760
2019-01-24 14:50:36,679 - INFO - fastread - 47, 1770
2019-01-24 14:50:36,681 - INFO - fastread - 47, 1780
2019-01-24 14:50:36,681 - INFO - fastread - 47, 1790
2019-01-24 14:50:36,689 - INFO - fastread - 47, 1800
2019-01-24 14:50:36,691 - INFO - fastread - 47, 1810
2019-01-24 14:50:36,691 - INFO - fastread - 47, 1820
2019-01-24 14:50:36,691 - INFO - fastread - 47, 1830
2019-01-24 14:50:36,699 - INFO - fastread - 47, 1840
2019-01-24 14:50:36,701 - INFO - fastread - 47, 1850
2019-01-24 14:50:36,701 - INFO - fastread - 47, 1860
2019-01-24 14:50:36,701 - INFO - fastread - 47, 1870
2019-01-24 14:50:36,701 - INFO - fastread - 47, 1880
2019-01-24 14:50:36,709 - INFO - fastread - 47, 1890
2019-01-24 14:50:36,711 - INFO - fastread - 47, 1900
2019-01-24 14:50:36,711 - INFO - fastread - 47, 1910
2019-01-24 14:50:36,711 - INFO - fastread - 47, 1920
2019-01-24 14:50:36,711 - INFO - fastread - 47, 1930
2019-01-24 14:50:36,719 - INFO - fastread - 48, 1940
2019-01-24 14:50:36,721 - INFO - fastread - 48, 1950
2019-01-24 14:50:36,721 - INFO - fastread - 48, 1960
2019-01-24 14:50:36,721 - INFO - fastread - 48, 1970
2019-01-24 14:50:36,721 - INFO - fastread - 48, 1980
2019-01-24 14:50:36,729 - INFO - fastread - 48, 1990
2019-01-24 14:50:36,731 - INFO - fastread - 49, 2000
2019-01-24 14:50:36,731 - INFO - fastread - 50, 2010
2019-01-24 14:50:36,731 - INFO - rig - ++++NEW CLF++++ SVM
2019-01-24 14:50:36,739 - INFO - fastread - Total Yes: 52 | Total No: 2142
2019-01-24 14:50:36,903 - INFO - fastread - 9, 10
2019-01-24 14:50:36,903 - INFO - fastread - 18, 20
2019-01-24 14:50:36,903 - INFO - fastread - 25, 30
2019-01-24 14:50:36,913 - INFO - fastread - 30, 40
2019-01-24 14:50:36,913 - INFO - fastread - 31, 50
2019-01-24 14:50:36,913 - INFO - fastread - 34, 60
2019-01-24 14:50:36,921 - INFO - fastread - 34, 70
2019-01-24 14:50:36,923 - INFO - fastread - 34, 80
2019-01-24 14:50:36,923 - INFO - fastread - 34, 90
2019-01-24 14:50:36,923 - INFO - fastread - 34, 100
2019-01-24 14:50:36,934 - INFO - fastread - 35, 110
2019-01-24 14:50:36,934 - INFO - fastread - 35, 120
2019-01-24 14:50:36,934 - INFO - fastread - 35, 130
2019-01-24 14:50:36,942 - INFO - fastread - 35, 140
2019-01-24 14:50:36,944 - INFO - fastread - 37, 150
2019-01-24 14:50:36,944 - INFO - fastread - 37, 160
2019-01-24 14:50:36,952 - INFO - fastread - 37, 170
2019-01-24 14:50:36,954 - INFO - fastread - 38, 180
2019-01-24 14:50:36,954 - INFO - fastread - 38, 190
2019-01-24 14:50:36,954 - INFO - fastread - 38, 200
2019-01-24 14:50:36,962 - INFO - fastread - 39, 210
2019-01-24 14:50:36,964 - INFO - fastread - 39, 220
2019-01-24 14:50:36,964 - INFO - fastread - 40, 230
2019-01-24 14:50:36,964 - INFO - fastread - 40, 240
2019-01-24 14:50:36,964 - INFO - fastread - 42, 250
2019-01-24 14:50:36,972 - INFO - fastread - 43, 260
2019-01-24 14:50:36,974 - INFO - fastread - 43, 270
2019-01-24 14:50:36,974 - INFO - fastread - 44, 280
2019-01-24 14:50:36,974 - INFO - fastread - 45, 290
2019-01-24 14:50:36,974 - INFO - fastread - 45, 300
2019-01-24 14:50:36,982 - INFO - fastread - 45, 310
2019-01-24 14:50:36,984 - INFO - fastread - 45, 320
2019-01-24 14:50:36,984 - INFO - fastread - 45, 330
2019-01-24 14:50:36,984 - INFO - fastread - 45, 340
2019-01-24 14:50:36,994 - INFO - fastread - 46, 350
2019-01-24 14:50:36,994 - INFO - fastread - 46, 360
2019-01-24 14:50:36,994 - INFO - fastread - 48, 370
2019-01-24 14:50:37,002 - INFO - fastread - 48, 380
2019-01-24 14:50:37,004 - INFO - fastread - 48, 390
2019-01-24 14:50:37,004 - INFO - fastread - 48, 400
2019-01-24 14:50:37,004 - INFO - fastread - 48, 410
2019-01-24 14:50:37,004 - INFO - fastread - 48, 420
2019-01-24 14:50:37,012 - INFO - fastread - 48, 430
2019-01-24 14:50:37,014 - INFO - fastread - 48, 440
2019-01-24 14:50:37,014 - INFO - fastread - 48, 450
2019-01-24 14:50:37,014 - INFO - fastread - 48, 460
2019-01-24 14:50:37,014 - INFO - fastread - 48, 470
2019-01-24 14:50:37,022 - INFO - fastread - 48, 480
2019-01-24 14:50:37,024 - INFO - fastread - 49, 490
2019-01-24 14:50:37,024 - INFO - fastread - 49, 500
2019-01-24 14:50:37,024 - INFO - fastread - 49, 510
2019-01-24 14:50:37,032 - INFO - fastread - 49, 520
2019-01-24 14:50:37,034 - INFO - fastread - 49, 530
2019-01-24 14:50:37,034 - INFO - fastread - 49, 540
2019-01-24 14:50:37,034 - INFO - fastread - 49, 550
2019-01-24 14:50:37,034 - INFO - fastread - 49, 560
2019-01-24 14:50:37,043 - INFO - fastread - 49, 570
2019-01-24 14:50:37,045 - INFO - fastread - 49, 580
2019-01-24 14:50:37,045 - INFO - fastread - 49, 590
2019-01-24 14:50:37,045 - INFO - fastread - 49, 600
2019-01-24 14:50:37,053 - INFO - fastread - 49, 610
2019-01-24 14:50:37,055 - INFO - fastread - 49, 620
2019-01-24 14:50:37,055 - INFO - fastread - 49, 630
2019-01-24 14:50:37,055 - INFO - fastread - 49, 640
2019-01-24 14:50:37,055 - INFO - fastread - 49, 650
2019-01-24 14:50:37,055 - INFO - fastread - 49, 660
2019-01-24 14:50:37,063 - INFO - fastread - 49, 670
2019-01-24 14:50:37,065 - INFO - fastread - 49, 680
2019-01-24 14:50:37,065 - INFO - fastread - 49, 690
2019-01-24 14:50:37,065 - INFO - fastread - 49, 700
2019-01-24 14:50:37,065 - INFO - fastread - 49, 710
2019-01-24 14:50:37,073 - INFO - fastread - 49, 720
2019-01-24 14:50:37,075 - INFO - fastread - 49, 730
2019-01-24 14:50:37,075 - INFO - fastread - 49, 740
2019-01-24 14:50:37,075 - INFO - fastread - 49, 750
2019-01-24 14:50:37,075 - INFO - fastread - 49, 760
2019-01-24 14:50:37,083 - INFO - fastread - 49, 770
2019-01-24 14:50:37,085 - INFO - fastread - 49, 780
2019-01-24 14:50:37,085 - INFO - fastread - 49, 790
2019-01-24 14:50:37,085 - INFO - fastread - 49, 800
2019-01-24 14:50:37,085 - INFO - fastread - 49, 810
2019-01-24 14:50:37,093 - INFO - fastread - 49, 820
2019-01-24 14:50:37,093 - INFO - fastread - 49, 830
2019-01-24 14:50:37,095 - INFO - fastread - 49, 840
2019-01-24 14:50:37,095 - INFO - fastread - 49, 850
2019-01-24 14:50:37,095 - INFO - fastread - 49, 860
2019-01-24 14:50:37,095 - INFO - fastread - 49, 870
2019-01-24 14:50:37,103 - INFO - fastread - 49, 880
2019-01-24 14:50:37,105 - INFO - fastread - 49, 890
2019-01-24 14:50:37,105 - INFO - fastread - 49, 900
2019-01-24 14:50:37,113 - INFO - fastread - 49, 910
2019-01-24 14:50:37,115 - INFO - fastread - 49, 920
2019-01-24 14:50:37,115 - INFO - fastread - 49, 930
2019-01-24 14:50:37,115 - INFO - fastread - 49, 940
2019-01-24 14:50:37,115 - INFO - fastread - 49, 950
2019-01-24 14:50:37,115 - INFO - fastread - 49, 960
2019-01-24 14:50:37,123 - INFO - fastread - 49, 970
2019-01-24 14:50:37,125 - INFO - fastread - 49, 980
2019-01-24 14:50:37,125 - INFO - fastread - 49, 990
2019-01-24 14:50:37,125 - INFO - fastread - 49, 1000
2019-01-24 14:50:37,125 - INFO - fastread - 49, 1010
2019-01-24 14:50:37,134 - INFO - fastread - 49, 1020
2019-01-24 14:50:37,136 - INFO - fastread - 49, 1030
2019-01-24 14:50:37,136 - INFO - fastread - 49, 1040
2019-01-24 14:50:37,136 - INFO - fastread - 49, 1050
2019-01-24 14:50:37,136 - INFO - fastread - 49, 1060
2019-01-24 14:50:37,144 - INFO - fastread - 49, 1070
2019-01-24 14:50:37,146 - INFO - fastread - 49, 1080
2019-01-24 14:50:37,146 - INFO - fastread - 49, 1090
2019-01-24 14:50:37,146 - INFO - fastread - 49, 1100
2019-01-24 14:50:37,146 - INFO - fastread - 49, 1110
2019-01-24 14:50:37,154 - INFO - fastread - 49, 1120
2019-01-24 14:50:37,156 - INFO - fastread - 49, 1130
2019-01-24 14:50:37,156 - INFO - fastread - 49, 1140
2019-01-24 14:50:37,156 - INFO - fastread - 49, 1150
2019-01-24 14:50:37,156 - INFO - fastread - 49, 1160
2019-01-24 14:50:37,156 - INFO - fastread - 49, 1170
2019-01-24 14:50:37,164 - INFO - fastread - 49, 1180
2019-01-24 14:50:37,166 - INFO - fastread - 49, 1190
2019-01-24 14:50:37,166 - INFO - fastread - 49, 1200
2019-01-24 14:50:37,166 - INFO - fastread - 49, 1210
2019-01-24 14:50:37,174 - INFO - fastread - 49, 1220
2019-01-24 14:50:37,176 - INFO - fastread - 49, 1230
2019-01-24 14:50:37,176 - INFO - fastread - 49, 1240
2019-01-24 14:50:37,176 - INFO - fastread - 49, 1250
2019-01-24 14:50:37,176 - INFO - fastread - 49, 1260
2019-01-24 14:50:37,184 - INFO - fastread - 49, 1270
2019-01-24 14:50:37,186 - INFO - fastread - 49, 1280
2019-01-24 14:50:37,186 - INFO - fastread - 49, 1290
2019-01-24 14:50:37,186 - INFO - fastread - 49, 1300
2019-01-24 14:50:37,186 - INFO - fastread - 49, 1310
2019-01-24 14:50:37,194 - INFO - fastread - 49, 1320
2019-01-24 14:50:37,196 - INFO - fastread - 49, 1330
2019-01-24 14:50:37,196 - INFO - fastread - 49, 1340
2019-01-24 14:50:37,196 - INFO - fastread - 49, 1350
2019-01-24 14:50:37,196 - INFO - fastread - 49, 1360
2019-01-24 14:50:37,204 - INFO - fastread - 49, 1370
2019-01-24 14:50:37,206 - INFO - fastread - 50, 1380
2019-01-24 14:50:37,214 - INFO - rig - ++++NEW CLF++++ DT
2019-01-24 14:50:37,214 - INFO - fastread - Total Yes: 52 | Total No: 2142
2019-01-24 14:50:37,256 - INFO - fastread - 5, 10
2019-01-24 14:50:37,256 - INFO - fastread - 12, 20
2019-01-24 14:50:37,256 - INFO - fastread - 20, 30
2019-01-24 14:50:37,265 - INFO - fastread - 29, 40
2019-01-24 14:50:37,267 - INFO - fastread - 31, 50
2019-01-24 14:50:37,267 - INFO - fastread - 31, 60
2019-01-24 14:50:37,267 - INFO - fastread - 31, 70
2019-01-24 14:50:37,267 - INFO - fastread - 31, 80
2019-01-24 14:50:37,267 - INFO - fastread - 31, 90
2019-01-24 14:50:37,275 - INFO - fastread - 31, 100
2019-01-24 14:50:37,277 - INFO - fastread - 31, 110
2019-01-24 14:50:37,277 - INFO - fastread - 31, 120
2019-01-24 14:50:37,277 - INFO - fastread - 31, 130
2019-01-24 14:50:37,277 - INFO - fastread - 31, 140
2019-01-24 14:50:37,285 - INFO - fastread - 31, 150
2019-01-24 14:50:37,287 - INFO - fastread - 31, 160
2019-01-24 14:50:37,287 - INFO - fastread - 31, 170
2019-01-24 14:50:37,287 - INFO - fastread - 31, 180
2019-01-24 14:50:37,287 - INFO - fastread - 31, 190
2019-01-24 14:50:37,287 - INFO - fastread - 31, 200
2019-01-24 14:50:37,295 - INFO - fastread - 31, 210
2019-01-24 14:50:37,297 - INFO - fastread - 31, 220
2019-01-24 14:50:37,297 - INFO - fastread - 31, 230
2019-01-24 14:50:37,297 - INFO - fastread - 31, 240
2019-01-24 14:50:37,297 - INFO - fastread - 31, 250
2019-01-24 14:50:37,305 - INFO - fastread - 31, 260
2019-01-24 14:50:37,307 - INFO - fastread - 31, 270
2019-01-24 14:50:37,307 - INFO - fastread - 31, 280
2019-01-24 14:50:37,307 - INFO - fastread - 31, 290
2019-01-24 14:50:37,307 - INFO - fastread - 31, 300
2019-01-24 14:50:37,307 - INFO - fastread - 31, 310
2019-01-24 14:50:37,315 - INFO - fastread - 31, 320
2019-01-24 14:50:37,317 - INFO - fastread - 31, 330
2019-01-24 14:50:37,317 - INFO - fastread - 31, 340
2019-01-24 14:50:37,317 - INFO - fastread - 32, 350
2019-01-24 14:50:37,317 - INFO - fastread - 33, 360
2019-01-24 14:50:37,325 - INFO - fastread - 33, 370
2019-01-24 14:50:37,327 - INFO - fastread - 33, 380
2019-01-24 14:50:37,327 - INFO - fastread - 33, 390
2019-01-24 14:50:37,335 - INFO - fastread - 33, 400
2019-01-24 14:50:37,337 - INFO - fastread - 33, 410
2019-01-24 14:50:37,337 - INFO - fastread - 34, 420
2019-01-24 14:50:37,337 - INFO - fastread - 34, 430
2019-01-24 14:50:37,348 - INFO - fastread - 34, 440
2019-01-24 14:50:37,348 - INFO - fastread - 34, 450
2019-01-24 14:50:37,348 - INFO - fastread - 34, 460
2019-01-24 14:50:37,358 - INFO - fastread - 35, 470
2019-01-24 14:50:37,358 - INFO - fastread - 35, 480
2019-01-24 14:50:37,358 - INFO - fastread - 35, 490
2019-01-24 14:50:37,358 - INFO - fastread - 35, 500
2019-01-24 14:50:37,358 - INFO - fastread - 35, 510
2019-01-24 14:50:37,366 - INFO - fastread - 36, 520
2019-01-24 14:50:37,368 - INFO - fastread - 36, 530
2019-01-24 14:50:37,368 - INFO - fastread - 36, 540
2019-01-24 14:50:37,368 - INFO - fastread - 36, 550
2019-01-24 14:50:37,368 - INFO - fastread - 36, 560
2019-01-24 14:50:37,376 - INFO - fastread - 36, 570
2019-01-24 14:50:37,376 - INFO - fastread - 36, 580
2019-01-24 14:50:37,378 - INFO - fastread - 36, 590
2019-01-24 14:50:37,378 - INFO - fastread - 36, 600
2019-01-24 14:50:37,378 - INFO - fastread - 36, 610
2019-01-24 14:50:37,378 - INFO - fastread - 36, 620
2019-01-24 14:50:37,386 - INFO - fastread - 37, 630
2019-01-24 14:50:37,388 - INFO - fastread - 37, 640
2019-01-24 14:50:37,388 - INFO - fastread - 37, 650
2019-01-24 14:50:37,396 - INFO - fastread - 37, 660
2019-01-24 14:50:37,398 - INFO - fastread - 37, 670
2019-01-24 14:50:37,398 - INFO - fastread - 37, 680
2019-01-24 14:50:37,398 - INFO - fastread - 37, 690
2019-01-24 14:50:37,408 - INFO - fastread - 37, 700
2019-01-24 14:50:37,408 - INFO - fastread - 37, 710
2019-01-24 14:50:37,408 - INFO - fastread - 37, 720
2019-01-24 14:50:37,416 - INFO - fastread - 37, 730
2019-01-24 14:50:37,418 - INFO - fastread - 37, 740
2019-01-24 14:50:37,418 - INFO - fastread - 38, 750
2019-01-24 14:50:37,426 - INFO - fastread - 39, 760
2019-01-24 14:50:37,428 - INFO - fastread - 39, 770
2019-01-24 14:50:37,428 - INFO - fastread - 39, 780
2019-01-24 14:50:37,428 - INFO - fastread - 39, 790
2019-01-24 14:50:37,428 - INFO - fastread - 39, 800
2019-01-24 14:50:37,436 - INFO - fastread - 39, 810
2019-01-24 14:50:37,439 - INFO - fastread - 39, 820
2019-01-24 14:50:37,439 - INFO - fastread - 39, 830
2019-01-24 14:50:37,439 - INFO - fastread - 39, 840
2019-01-24 14:50:37,439 - INFO - fastread - 39, 850
2019-01-24 14:50:37,447 - INFO - fastread - 39, 860
2019-01-24 14:50:37,449 - INFO - fastread - 39, 870
2019-01-24 14:50:37,449 - INFO - fastread - 39, 880
2019-01-24 14:50:37,449 - INFO - fastread - 39, 890
2019-01-24 14:50:37,459 - INFO - fastread - 39, 900
2019-01-24 14:50:37,459 - INFO - fastread - 39, 910
2019-01-24 14:50:37,459 - INFO - fastread - 39, 920
2019-01-24 14:50:37,469 - INFO - fastread - 39, 930
2019-01-24 14:50:37,469 - INFO - fastread - 39, 940
2019-01-24 14:50:37,469 - INFO - fastread - 40, 950
2019-01-24 14:50:37,477 - INFO - fastread - 40, 960
2019-01-24 14:50:37,479 - INFO - fastread - 40, 970
2019-01-24 14:50:37,479 - INFO - fastread - 41, 980
2019-01-24 14:50:37,487 - INFO - fastread - 41, 990
2019-01-24 14:50:37,489 - INFO - fastread - 42, 1000
2019-01-24 14:50:37,489 - INFO - fastread - 42, 1010
2019-01-24 14:50:37,489 - INFO - fastread - 42, 1020
2019-01-24 14:50:37,489 - INFO - fastread - 42, 1030
2019-01-24 14:50:37,497 - INFO - fastread - 42, 1040
2019-01-24 14:50:37,499 - INFO - fastread - 42, 1050
2019-01-24 14:50:37,499 - INFO - fastread - 42, 1060
2019-01-24 14:50:37,499 - INFO - fastread - 42, 1070
2019-01-24 14:50:37,499 - INFO - fastread - 42, 1080
2019-01-24 14:50:37,507 - INFO - fastread - 42, 1090
2019-01-24 14:50:37,509 - INFO - fastread - 42, 1100
2019-01-24 14:50:37,509 - INFO - fastread - 42, 1110
2019-01-24 14:50:37,509 - INFO - fastread - 42, 1120
2019-01-24 14:50:37,509 - INFO - fastread - 42, 1130
2019-01-24 14:50:37,517 - INFO - fastread - 42, 1140
2019-01-24 14:50:37,519 - INFO - fastread - 42, 1150
2019-01-24 14:50:37,519 - INFO - fastread - 42, 1160
2019-01-24 14:50:37,519 - INFO - fastread - 42, 1170
2019-01-24 14:50:37,519 - INFO - fastread - 42, 1180
2019-01-24 14:50:37,527 - INFO - fastread - 42, 1190
2019-01-24 14:50:37,529 - INFO - fastread - 42, 1200
2019-01-24 14:50:37,529 - INFO - fastread - 42, 1210
2019-01-24 14:50:37,529 - INFO - fastread - 42, 1220
2019-01-24 14:50:37,529 - INFO - fastread - 42, 1230
2019-01-24 14:50:37,537 - INFO - fastread - 42, 1240
2019-01-24 14:50:37,539 - INFO - fastread - 42, 1250
2019-01-24 14:50:37,539 - INFO - fastread - 42, 1260
2019-01-24 14:50:37,539 - INFO - fastread - 42, 1270
2019-01-24 14:50:37,539 - INFO - fastread - 42, 1280
2019-01-24 14:50:37,539 - INFO - fastread - 42, 1290
2019-01-24 14:50:37,550 - INFO - fastread - 42, 1300
2019-01-24 14:50:37,550 - INFO - fastread - 42, 1310
2019-01-24 14:50:37,550 - INFO - fastread - 42, 1320
2019-01-24 14:50:37,550 - INFO - fastread - 42, 1330
2019-01-24 14:50:37,550 - INFO - fastread - 42, 1340
2019-01-24 14:50:37,558 - INFO - fastread - 42, 1350
2019-01-24 14:50:37,560 - INFO - fastread - 42, 1360
2019-01-24 14:50:37,560 - INFO - fastread - 42, 1370
2019-01-24 14:50:37,560 - INFO - fastread - 42, 1380
2019-01-24 14:50:37,560 - INFO - fastread - 42, 1390
2019-01-24 14:50:37,568 - INFO - fastread - 42, 1400
2019-01-24 14:50:37,570 - INFO - fastread - 42, 1410
2019-01-24 14:50:37,570 - INFO - fastread - 42, 1420
2019-01-24 14:50:37,570 - INFO - fastread - 42, 1430
2019-01-24 14:50:37,570 - INFO - fastread - 42, 1440
2019-01-24 14:50:37,578 - INFO - fastread - 42, 1450
2019-01-24 14:50:37,580 - INFO - fastread - 42, 1460
2019-01-24 14:50:37,580 - INFO - fastread - 42, 1470
2019-01-24 14:50:37,580 - INFO - fastread - 42, 1480
2019-01-24 14:50:37,580 - INFO - fastread - 42, 1490
2019-01-24 14:50:37,588 - INFO - fastread - 42, 1500
2019-01-24 14:50:37,590 - INFO - fastread - 42, 1510
2019-01-24 14:50:37,590 - INFO - fastread - 42, 1520
2019-01-24 14:50:37,590 - INFO - fastread - 44, 1530
2019-01-24 14:50:37,590 - INFO - fastread - 44, 1540
2019-01-24 14:50:37,590 - INFO - fastread - 44, 1550
2019-01-24 14:50:37,598 - INFO - fastread - 44, 1560
2019-01-24 14:50:37,600 - INFO - fastread - 44, 1570
2019-01-24 14:50:37,600 - INFO - fastread - 44, 1580
2019-01-24 14:50:37,600 - INFO - fastread - 44, 1590
2019-01-24 14:50:37,600 - INFO - fastread - 44, 1600
2019-01-24 14:50:37,608 - INFO - fastread - 44, 1610
2019-01-24 14:50:37,610 - INFO - fastread - 44, 1620
2019-01-24 14:50:37,610 - INFO - fastread - 45, 1630
2019-01-24 14:50:37,610 - INFO - fastread - 45, 1640
2019-01-24 14:50:37,610 - INFO - fastread - 45, 1650
2019-01-24 14:50:37,618 - INFO - fastread - 45, 1660
2019-01-24 14:50:37,620 - INFO - fastread - 45, 1670
2019-01-24 14:50:37,620 - INFO - fastread - 45, 1680
2019-01-24 14:50:37,620 - INFO - fastread - 45, 1690
2019-01-24 14:50:37,620 - INFO - fastread - 46, 1700
2019-01-24 14:50:37,620 - INFO - fastread - 47, 1710
2019-01-24 14:50:37,628 - INFO - fastread - 48, 1720
2019-01-24 14:50:37,630 - INFO - fastread - 48, 1730
2019-01-24 14:50:37,630 - INFO - fastread - 48, 1740
2019-01-24 14:50:37,630 - INFO - fastread - 48, 1750
2019-01-24 14:50:37,638 - INFO - fastread - 48, 1760
2019-01-24 14:50:37,640 - INFO - fastread - 48, 1770
2019-01-24 14:50:37,640 - INFO - fastread - 48, 1780
2019-01-24 14:50:37,640 - INFO - fastread - 48, 1790
2019-01-24 14:50:37,640 - INFO - fastread - 48, 1800
2019-01-24 14:50:37,648 - INFO - fastread - 48, 1810
2019-01-24 14:50:37,650 - INFO - fastread - 48, 1820
2019-01-24 14:50:37,650 - INFO - fastread - 48, 1830
2019-01-24 14:50:37,650 - INFO - fastread - 48, 1840
2019-01-24 14:50:37,660 - INFO - fastread - 48, 1850
2019-01-24 14:50:37,660 - INFO - fastread - 48, 1860
2019-01-24 14:50:37,660 - INFO - fastread - 48, 1870
2019-01-24 14:50:37,671 - INFO - fastread - 48, 1880
2019-01-24 14:50:37,671 - INFO - fastread - 48, 1890
2019-01-24 14:50:37,671 - INFO - fastread - 48, 1900
2019-01-24 14:50:37,679 - INFO - fastread - 48, 1910
2019-01-24 14:50:37,681 - INFO - fastread - 48, 1920
2019-01-24 14:50:37,681 - INFO - fastread - 48, 1930
2019-01-24 14:50:37,681 - INFO - fastread - 48, 1940
2019-01-24 14:50:37,681 - INFO - fastread - 48, 1950
2019-01-24 14:50:37,689 - INFO - fastread - 48, 1960
2019-01-24 14:50:37,691 - INFO - fastread - 48, 1970
2019-01-24 14:50:37,691 - INFO - fastread - 48, 1980
2019-01-24 14:50:37,691 - INFO - fastread - 48, 1990
2019-01-24 14:50:37,691 - INFO - fastread - 48, 2000
2019-01-24 14:50:37,699 - INFO - fastread - 49, 2010
2019-01-24 14:50:37,701 - INFO - fastread - 49, 2020
2019-01-24 14:50:37,701 - INFO - fastread - 49, 2030
2019-01-24 14:50:37,701 - INFO - fastread - 49, 2040
2019-01-24 14:50:37,701 - INFO - fastread - 49, 2050
2019-01-24 14:50:37,709 - INFO - fastread - 49, 2060
2019-01-24 14:50:37,711 - INFO - fastread - 49, 2070
2019-01-24 14:50:37,711 - INFO - fastread - 49, 2080
2019-01-24 14:50:37,711 - INFO - fastread - 49, 2090
2019-01-24 14:50:37,721 - INFO - fastread - 49, 2100
2019-01-24 14:50:37,721 - INFO - fastread - 49, 2110
2019-01-24 14:50:37,721 - INFO - fastread - 50, 2120
