2019-01-24 14:48:49,869 - INFO - rig - hibernate-distribution-3.3.2.GA
2019-01-24 14:48:49,970 - INFO - rig - ++++NEW CLF++++ FASTREAD
2019-01-24 14:48:49,970 - INFO - fastread - Total Yes: 236 | Total No: 1248
2019-01-24 14:48:50,344 - INFO - fastread - 0, 0
2019-01-24 14:48:51,406 - INFO - fastread - 4, 10
2019-01-24 14:48:52,629 - INFO - fastread - 5, 20
2019-01-24 14:48:53,940 - INFO - fastread - 11, 30
2019-01-24 14:48:55,165 - INFO - fastread - 21, 40
2019-01-24 14:48:56,476 - INFO - fastread - 31, 50
2019-01-24 14:48:57,658 - INFO - fastread - 41, 60
2019-01-24 14:48:58,839 - INFO - fastread - 51, 70
2019-01-24 14:49:00,011 - INFO - fastread - 61, 80
2019-01-24 14:49:01,194 - INFO - fastread - 71, 90
2019-01-24 14:49:02,346 - INFO - fastread - 78, 100
2019-01-24 14:49:03,495 - INFO - fastread - 88, 110
2019-01-24 14:49:04,731 - INFO - fastread - 97, 120
2019-01-24 14:49:05,994 - INFO - fastread - 107, 130
2019-01-24 14:49:07,204 - INFO - fastread - 117, 140
2019-01-24 14:49:08,316 - INFO - fastread - 127, 150
2019-01-24 14:49:09,528 - INFO - fastread - 136, 160
2019-01-24 14:49:10,617 - INFO - fastread - 140, 170
2019-01-24 14:49:11,759 - INFO - fastread - 150, 180
2019-01-24 14:49:13,074 - INFO - fastread - 158, 190
2019-01-24 14:49:14,367 - INFO - fastread - 163, 200
2019-01-24 14:49:15,667 - INFO - fastread - 167, 210
2019-01-24 14:49:16,912 - INFO - fastread - 174, 220
2019-01-24 14:49:18,215 - INFO - fastread - 176, 230
2019-01-24 14:49:19,468 - INFO - fastread - 177, 240
2019-01-24 14:49:20,822 - INFO - fastread - 180, 250
2019-01-24 14:49:22,175 - INFO - fastread - 182, 260
2019-01-24 14:49:23,479 - INFO - fastread - 182, 270
2019-01-24 14:49:24,803 - INFO - fastread - 182, 280
2019-01-24 14:49:26,126 - INFO - fastread - 186, 290
2019-01-24 14:49:27,531 - INFO - fastread - 186, 300
2019-01-24 14:49:28,855 - INFO - fastread - 187, 310
2019-01-24 14:49:30,087 - INFO - fastread - 189, 320
2019-01-24 14:49:31,540 - INFO - fastread - 190, 330
2019-01-24 14:49:33,043 - INFO - fastread - 190, 340
2019-01-24 14:49:34,539 - INFO - fastread - 191, 350
2019-01-24 14:49:35,924 - INFO - fastread - 191, 360
2019-01-24 14:49:37,357 - INFO - fastread - 193, 370
2019-01-24 14:49:38,780 - INFO - fastread - 195, 380
2019-01-24 14:49:40,062 - INFO - fastread - 196, 390
2019-01-24 14:49:41,458 - INFO - fastread - 199, 400
2019-01-24 14:49:42,921 - INFO - fastread - 200, 410
2019-01-24 14:49:44,336 - INFO - fastread - 202, 420
2019-01-24 14:49:45,657 - INFO - fastread - 205, 430
2019-01-24 14:49:47,144 - INFO - fastread - 206, 440
2019-01-24 14:49:48,649 - INFO - fastread - 207, 450
2019-01-24 14:49:50,093 - INFO - fastread - 210, 460
2019-01-24 14:49:51,417 - INFO - fastread - 211, 470
2019-01-24 14:49:52,823 - INFO - fastread - 213, 480
2019-01-24 14:49:54,074 - INFO - fastread - 216, 490
2019-01-24 14:49:55,248 - INFO - fastread - 217, 500
2019-01-24 14:49:56,753 - INFO - fastread - 219, 510
2019-01-24 14:49:58,066 - INFO - fastread - 220, 520
2019-01-24 14:49:59,411 - INFO - fastread - 221, 530
2019-01-24 14:50:00,883 - INFO - fastread - 222, 540
2019-01-24 14:50:02,098 - INFO - fastread - 222, 550
2019-01-24 14:50:03,441 - INFO - fastread - 222, 560
2019-01-24 14:50:04,977 - INFO - fastread - 222, 570
2019-01-24 14:50:06,272 - INFO - fastread - 222, 580
2019-01-24 14:50:07,576 - INFO - fastread - 222, 590
2019-01-24 14:50:09,055 - INFO - fastread - 222, 600
2019-01-24 14:50:10,298 - INFO - fastread - 223, 610
2019-01-24 14:50:11,549 - INFO - fastread - 224, 620
2019-01-24 14:50:12,006 - INFO - rig - ++++NEW CLF++++ NBM
2019-01-24 14:50:12,006 - INFO - fastread - Total Yes: 236 | Total No: 1248
2019-01-24 14:50:12,024 - INFO - fastread - 8, 10
2019-01-24 14:50:12,026 - INFO - fastread - 17, 20
2019-01-24 14:50:12,026 - INFO - fastread - 27, 30
2019-01-24 14:50:12,026 - INFO - fastread - 36, 40
2019-01-24 14:50:12,037 - INFO - fastread - 45, 50
2019-01-24 14:50:12,037 - INFO - fastread - 54, 60
2019-01-24 14:50:12,037 - INFO - fastread - 62, 70
2019-01-24 14:50:12,045 - INFO - fastread - 71, 80
2019-01-24 14:50:12,047 - INFO - fastread - 76, 90
2019-01-24 14:50:12,047 - INFO - fastread - 81, 100
2019-01-24 14:50:12,055 - INFO - fastread - 86, 110
2019-01-24 14:50:12,057 - INFO - fastread - 90, 120
2019-01-24 14:50:12,057 - INFO - fastread - 97, 130
2019-01-24 14:50:12,065 - INFO - fastread - 98, 140
2019-01-24 14:50:12,067 - INFO - fastread - 101, 150
2019-01-24 14:50:12,067 - INFO - fastread - 106, 160
2019-01-24 14:50:12,067 - INFO - fastread - 108, 170
2019-01-24 14:50:12,075 - INFO - fastread - 112, 180
2019-01-24 14:50:12,077 - INFO - fastread - 116, 190
2019-01-24 14:50:12,077 - INFO - fastread - 117, 200
2019-01-24 14:50:12,077 - INFO - fastread - 120, 210
2019-01-24 14:50:12,077 - INFO - fastread - 122, 220
2019-01-24 14:50:12,085 - INFO - fastread - 124, 230
2019-01-24 14:50:12,085 - INFO - fastread - 128, 240
2019-01-24 14:50:12,087 - INFO - fastread - 131, 250
2019-01-24 14:50:12,087 - INFO - fastread - 131, 260
2019-01-24 14:50:12,087 - INFO - fastread - 132, 270
2019-01-24 14:50:12,087 - INFO - fastread - 132, 280
2019-01-24 14:50:12,095 - INFO - fastread - 134, 290
2019-01-24 14:50:12,097 - INFO - fastread - 136, 300
2019-01-24 14:50:12,097 - INFO - fastread - 142, 310
2019-01-24 14:50:12,097 - INFO - fastread - 144, 320
2019-01-24 14:50:12,097 - INFO - fastread - 145, 330
2019-01-24 14:50:12,105 - INFO - fastread - 147, 340
2019-01-24 14:50:12,107 - INFO - fastread - 148, 350
2019-01-24 14:50:12,107 - INFO - fastread - 149, 360
2019-01-24 14:50:12,107 - INFO - fastread - 151, 370
2019-01-24 14:50:12,107 - INFO - fastread - 154, 380
2019-01-24 14:50:12,115 - INFO - fastread - 158, 390
2019-01-24 14:50:12,118 - INFO - fastread - 160, 400
2019-01-24 14:50:12,118 - INFO - fastread - 160, 410
2019-01-24 14:50:12,118 - INFO - fastread - 161, 420
2019-01-24 14:50:12,118 - INFO - fastread - 162, 430
2019-01-24 14:50:12,118 - INFO - fastread - 163, 440
2019-01-24 14:50:12,126 - INFO - fastread - 166, 450
2019-01-24 14:50:12,128 - INFO - fastread - 168, 460
2019-01-24 14:50:12,128 - INFO - fastread - 170, 470
2019-01-24 14:50:12,128 - INFO - fastread - 170, 480
2019-01-24 14:50:12,128 - INFO - fastread - 171, 490
2019-01-24 14:50:12,136 - INFO - fastread - 173, 500
2019-01-24 14:50:12,138 - INFO - fastread - 174, 510
2019-01-24 14:50:12,138 - INFO - fastread - 174, 520
2019-01-24 14:50:12,146 - INFO - fastread - 174, 530
2019-01-24 14:50:12,148 - INFO - fastread - 174, 540
2019-01-24 14:50:12,148 - INFO - fastread - 174, 550
2019-01-24 14:50:12,148 - INFO - fastread - 174, 560
2019-01-24 14:50:12,148 - INFO - fastread - 175, 570
2019-01-24 14:50:12,148 - INFO - fastread - 177, 580
2019-01-24 14:50:12,156 - INFO - fastread - 179, 590
2019-01-24 14:50:12,158 - INFO - fastread - 179, 600
2019-01-24 14:50:12,158 - INFO - fastread - 180, 610
2019-01-24 14:50:12,158 - INFO - fastread - 181, 620
2019-01-24 14:50:12,158 - INFO - fastread - 182, 630
2019-01-24 14:50:12,166 - INFO - fastread - 182, 640
2019-01-24 14:50:12,168 - INFO - fastread - 184, 650
2019-01-24 14:50:12,168 - INFO - fastread - 184, 660
2019-01-24 14:50:12,168 - INFO - fastread - 187, 670
2019-01-24 14:50:12,168 - INFO - fastread - 188, 680
2019-01-24 14:50:12,176 - INFO - fastread - 188, 690
2019-01-24 14:50:12,178 - INFO - fastread - 188, 700
2019-01-24 14:50:12,178 - INFO - fastread - 189, 710
2019-01-24 14:50:12,178 - INFO - fastread - 192, 720
2019-01-24 14:50:12,178 - INFO - fastread - 192, 730
2019-01-24 14:50:12,186 - INFO - fastread - 193, 740
2019-01-24 14:50:12,188 - INFO - fastread - 196, 750
2019-01-24 14:50:12,188 - INFO - fastread - 197, 760
2019-01-24 14:50:12,188 - INFO - fastread - 197, 770
2019-01-24 14:50:12,188 - INFO - fastread - 197, 780
2019-01-24 14:50:12,188 - INFO - fastread - 198, 790
2019-01-24 14:50:12,198 - INFO - fastread - 198, 800
2019-01-24 14:50:12,198 - INFO - fastread - 198, 810
2019-01-24 14:50:12,198 - INFO - fastread - 198, 820
2019-01-24 14:50:12,198 - INFO - fastread - 199, 830
2019-01-24 14:50:12,198 - INFO - fastread - 200, 840
2019-01-24 14:50:12,206 - INFO - fastread - 202, 850
2019-01-24 14:50:12,208 - INFO - fastread - 202, 860
2019-01-24 14:50:12,208 - INFO - fastread - 204, 870
2019-01-24 14:50:12,208 - INFO - fastread - 206, 880
2019-01-24 14:50:12,216 - INFO - fastread - 206, 890
2019-01-24 14:50:12,218 - INFO - fastread - 208, 900
2019-01-24 14:50:12,218 - INFO - fastread - 208, 910
2019-01-24 14:50:12,226 - INFO - fastread - 208, 920
2019-01-24 14:50:12,228 - INFO - fastread - 209, 930
2019-01-24 14:50:12,228 - INFO - fastread - 209, 940
2019-01-24 14:50:12,228 - INFO - fastread - 210, 950
2019-01-24 14:50:12,239 - INFO - fastread - 210, 960
2019-01-24 14:50:12,239 - INFO - fastread - 210, 970
2019-01-24 14:50:12,239 - INFO - fastread - 210, 980
2019-01-24 14:50:12,247 - INFO - fastread - 211, 990
2019-01-24 14:50:12,249 - INFO - fastread - 211, 1000
2019-01-24 14:50:12,249 - INFO - fastread - 211, 1010
2019-01-24 14:50:12,249 - INFO - fastread - 211, 1020
2019-01-24 14:50:12,249 - INFO - fastread - 213, 1030
2019-01-24 14:50:12,259 - INFO - fastread - 214, 1040
2019-01-24 14:50:12,259 - INFO - fastread - 216, 1050
2019-01-24 14:50:12,259 - INFO - fastread - 216, 1060
2019-01-24 14:50:12,269 - INFO - fastread - 218, 1070
2019-01-24 14:50:12,269 - INFO - fastread - 219, 1080
2019-01-24 14:50:12,269 - INFO - fastread - 220, 1090
2019-01-24 14:50:12,280 - INFO - fastread - 221, 1100
2019-01-24 14:50:12,280 - INFO - fastread - 222, 1110
2019-01-24 14:50:12,280 - INFO - fastread - 222, 1120
2019-01-24 14:50:12,280 - INFO - fastread - 223, 1130
2019-01-24 14:50:12,288 - INFO - fastread - 224, 1140
2019-01-24 14:50:12,290 - INFO - fastread - 225, 1150
2019-01-24 14:50:12,298 - INFO - rig - ++++NEW CLF++++ NBM
2019-01-24 14:50:12,298 - INFO - fastread - Total Yes: 236 | Total No: 1248
2019-01-24 14:50:12,470 - INFO - fastread - 9, 10
2019-01-24 14:50:12,472 - INFO - fastread - 18, 20
2019-01-24 14:50:12,472 - INFO - fastread - 25, 30
2019-01-24 14:50:12,472 - INFO - fastread - 32, 40
2019-01-24 14:50:12,472 - INFO - fastread - 40, 50
2019-01-24 14:50:12,480 - INFO - fastread - 49, 60
2019-01-24 14:50:12,482 - INFO - fastread - 55, 70
2019-01-24 14:50:12,482 - INFO - fastread - 62, 80
2019-01-24 14:50:12,482 - INFO - fastread - 63, 90
2019-01-24 14:50:12,482 - INFO - fastread - 64, 100
2019-01-24 14:50:12,490 - INFO - fastread - 65, 110
2019-01-24 14:50:12,492 - INFO - fastread - 65, 120
2019-01-24 14:50:12,492 - INFO - fastread - 66, 130
2019-01-24 14:50:12,492 - INFO - fastread - 68, 140
2019-01-24 14:50:12,492 - INFO - fastread - 72, 150
2019-01-24 14:50:12,492 - INFO - fastread - 75, 160
2019-01-24 14:50:12,500 - INFO - fastread - 75, 170
2019-01-24 14:50:12,503 - INFO - fastread - 76, 180
2019-01-24 14:50:12,503 - INFO - fastread - 77, 190
2019-01-24 14:50:12,503 - INFO - fastread - 77, 200
2019-01-24 14:50:12,503 - INFO - fastread - 77, 210
2019-01-24 14:50:12,511 - INFO - fastread - 78, 220
2019-01-24 14:50:12,513 - INFO - fastread - 80, 230
2019-01-24 14:50:12,513 - INFO - fastread - 82, 240
2019-01-24 14:50:12,513 - INFO - fastread - 84, 250
2019-01-24 14:50:12,513 - INFO - fastread - 86, 260
2019-01-24 14:50:12,521 - INFO - fastread - 88, 270
2019-01-24 14:50:12,523 - INFO - fastread - 88, 280
2019-01-24 14:50:12,523 - INFO - fastread - 90, 290
2019-01-24 14:50:12,531 - INFO - fastread - 91, 300
2019-01-24 14:50:12,533 - INFO - fastread - 93, 310
2019-01-24 14:50:12,533 - INFO - fastread - 94, 320
2019-01-24 14:50:12,533 - INFO - fastread - 98, 330
2019-01-24 14:50:12,533 - INFO - fastread - 98, 340
2019-01-24 14:50:12,541 - INFO - fastread - 99, 350
2019-01-24 14:50:12,543 - INFO - fastread - 99, 360
2019-01-24 14:50:12,543 - INFO - fastread - 101, 370
2019-01-24 14:50:12,543 - INFO - fastread - 101, 380
2019-01-24 14:50:12,543 - INFO - fastread - 102, 390
2019-01-24 14:50:12,551 - INFO - fastread - 102, 400
2019-01-24 14:50:12,553 - INFO - fastread - 106, 410
2019-01-24 14:50:12,553 - INFO - fastread - 106, 420
2019-01-24 14:50:12,553 - INFO - fastread - 106, 430
2019-01-24 14:50:12,553 - INFO - fastread - 108, 440
2019-01-24 14:50:12,553 - INFO - fastread - 111, 450
2019-01-24 14:50:12,563 - INFO - fastread - 112, 460
2019-01-24 14:50:12,563 - INFO - fastread - 113, 470
2019-01-24 14:50:12,571 - INFO - fastread - 114, 480
2019-01-24 14:50:12,573 - INFO - fastread - 117, 490
2019-01-24 14:50:12,573 - INFO - fastread - 117, 500
2019-01-24 14:50:12,573 - INFO - fastread - 117, 510
2019-01-24 14:50:12,583 - INFO - fastread - 117, 520
2019-01-24 14:50:12,583 - INFO - fastread - 117, 530
2019-01-24 14:50:12,583 - INFO - fastread - 117, 540
2019-01-24 14:50:12,583 - INFO - fastread - 118, 550
2019-01-24 14:50:12,592 - INFO - fastread - 118, 560
2019-01-24 14:50:12,594 - INFO - fastread - 120, 570
2019-01-24 14:50:12,594 - INFO - fastread - 121, 580
2019-01-24 14:50:12,594 - INFO - fastread - 125, 590
2019-01-24 14:50:12,594 - INFO - fastread - 127, 600
2019-01-24 14:50:12,604 - INFO - fastread - 130, 610
2019-01-24 14:50:12,604 - INFO - fastread - 132, 620
2019-01-24 14:50:12,612 - INFO - fastread - 134, 630
2019-01-24 14:50:12,614 - INFO - fastread - 135, 640
2019-01-24 14:50:12,614 - INFO - fastread - 136, 650
2019-01-24 14:50:12,624 - INFO - fastread - 138, 660
2019-01-24 14:50:12,624 - INFO - fastread - 139, 670
2019-01-24 14:50:12,624 - INFO - fastread - 139, 680
2019-01-24 14:50:12,634 - INFO - fastread - 139, 690
2019-01-24 14:50:12,634 - INFO - fastread - 140, 700
2019-01-24 14:50:12,634 - INFO - fastread - 143, 710
2019-01-24 14:50:12,642 - INFO - fastread - 144, 720
2019-01-24 14:50:12,644 - INFO - fastread - 146, 730
2019-01-24 14:50:12,644 - INFO - fastread - 147, 740
2019-01-24 14:50:12,644 - INFO - fastread - 147, 750
2019-01-24 14:50:12,652 - INFO - fastread - 149, 760
2019-01-24 14:50:12,654 - INFO - fastread - 150, 770
2019-01-24 14:50:12,654 - INFO - fastread - 152, 780
2019-01-24 14:50:12,654 - INFO - fastread - 152, 790
2019-01-24 14:50:12,654 - INFO - fastread - 153, 800
2019-01-24 14:50:12,662 - INFO - fastread - 153, 810
2019-01-24 14:50:12,664 - INFO - fastread - 153, 820
2019-01-24 14:50:12,664 - INFO - fastread - 153, 830
2019-01-24 14:50:12,672 - INFO - fastread - 156, 840
2019-01-24 14:50:12,674 - INFO - fastread - 156, 850
2019-01-24 14:50:12,674 - INFO - fastread - 156, 860
2019-01-24 14:50:12,682 - INFO - fastread - 160, 870
2019-01-24 14:50:12,684 - INFO - fastread - 160, 880
2019-01-24 14:50:12,684 - INFO - fastread - 161, 890
2019-01-24 14:50:12,693 - INFO - fastread - 166, 900
2019-01-24 14:50:12,695 - INFO - fastread - 168, 910
2019-01-24 14:50:12,695 - INFO - fastread - 169, 920
2019-01-24 14:50:12,703 - INFO - fastread - 170, 930
2019-01-24 14:50:12,705 - INFO - fastread - 171, 940
2019-01-24 14:50:12,705 - INFO - fastread - 171, 950
2019-01-24 14:50:12,705 - INFO - fastread - 172, 960
2019-01-24 14:50:12,713 - INFO - fastread - 174, 970
2019-01-24 14:50:12,715 - INFO - fastread - 175, 980
2019-01-24 14:50:12,715 - INFO - fastread - 175, 990
2019-01-24 14:50:12,715 - INFO - fastread - 175, 1000
2019-01-24 14:50:12,715 - INFO - fastread - 177, 1010
2019-01-24 14:50:12,725 - INFO - fastread - 179, 1020
2019-01-24 14:50:12,725 - INFO - fastread - 180, 1030
2019-01-24 14:50:12,725 - INFO - fastread - 180, 1040
2019-01-24 14:50:12,735 - INFO - fastread - 181, 1050
2019-01-24 14:50:12,735 - INFO - fastread - 183, 1060
2019-01-24 14:50:12,735 - INFO - fastread - 184, 1070
2019-01-24 14:50:12,745 - INFO - fastread - 184, 1080
2019-01-24 14:50:12,745 - INFO - fastread - 185, 1090
2019-01-24 14:50:12,753 - INFO - fastread - 189, 1100
2019-01-24 14:50:12,755 - INFO - fastread - 190, 1110
2019-01-24 14:50:12,755 - INFO - fastread - 194, 1120
2019-01-24 14:50:12,755 - INFO - fastread - 196, 1130
2019-01-24 14:50:12,763 - INFO - fastread - 197, 1140
2019-01-24 14:50:12,765 - INFO - fastread - 199, 1150
2019-01-24 14:50:12,765 - INFO - fastread - 200, 1160
2019-01-24 14:50:12,765 - INFO - fastread - 202, 1170
2019-01-24 14:50:12,765 - INFO - fastread - 202, 1180
2019-01-24 14:50:12,773 - INFO - fastread - 202, 1190
2019-01-24 14:50:12,775 - INFO - fastread - 203, 1200
2019-01-24 14:50:12,775 - INFO - fastread - 204, 1210
2019-01-24 14:50:12,775 - INFO - fastread - 206, 1220
2019-01-24 14:50:12,775 - INFO - fastread - 208, 1230
2019-01-24 14:50:12,786 - INFO - fastread - 208, 1240
2019-01-24 14:50:12,786 - INFO - fastread - 210, 1250
2019-01-24 14:50:12,786 - INFO - fastread - 211, 1260
2019-01-24 14:50:12,786 - INFO - fastread - 212, 1270
2019-01-24 14:50:12,794 - INFO - fastread - 213, 1280
2019-01-24 14:50:12,796 - INFO - fastread - 213, 1290
2019-01-24 14:50:12,796 - INFO - fastread - 215, 1300
2019-01-24 14:50:12,796 - INFO - fastread - 218, 1310
2019-01-24 14:50:12,804 - INFO - fastread - 219, 1320
2019-01-24 14:50:12,806 - INFO - fastread - 222, 1330
2019-01-24 14:50:12,806 - INFO - fastread - 223, 1340
2019-01-24 14:50:12,814 - INFO - fastread - 224, 1350
2019-01-24 14:50:12,817 - INFO - fastread - 225, 1360
2019-01-24 14:50:12,825 - INFO - rig - ++++NEW CLF++++ SVM
2019-01-24 14:50:12,827 - INFO - fastread - Total Yes: 236 | Total No: 1248
2019-01-24 14:50:13,454 - INFO - fastread - 8, 10
2019-01-24 14:50:13,454 - INFO - fastread - 18, 20
2019-01-24 14:50:13,462 - INFO - fastread - 28, 30
2019-01-24 14:50:13,464 - INFO - fastread - 37, 40
2019-01-24 14:50:13,464 - INFO - fastread - 46, 50
2019-01-24 14:50:13,464 - INFO - fastread - 56, 60
2019-01-24 14:50:13,472 - INFO - fastread - 65, 70
2019-01-24 14:50:13,474 - INFO - fastread - 75, 80
2019-01-24 14:50:13,474 - INFO - fastread - 85, 90
2019-01-24 14:50:13,474 - INFO - fastread - 95, 100
2019-01-24 14:50:13,474 - INFO - fastread - 104, 110
2019-01-24 14:50:13,482 - INFO - fastread - 114, 120
2019-01-24 14:50:13,482 - INFO - fastread - 124, 130
2019-01-24 14:50:13,484 - INFO - fastread - 134, 140
2019-01-24 14:50:13,484 - INFO - fastread - 144, 150
2019-01-24 14:50:13,484 - INFO - fastread - 153, 160
2019-01-24 14:50:13,484 - INFO - fastread - 162, 170
2019-01-24 14:50:13,492 - INFO - fastread - 170, 180
2019-01-24 14:50:13,494 - INFO - fastread - 178, 190
2019-01-24 14:50:13,494 - INFO - fastread - 184, 200
2019-01-24 14:50:13,494 - INFO - fastread - 189, 210
2019-01-24 14:50:13,494 - INFO - fastread - 192, 220
2019-01-24 14:50:13,502 - INFO - fastread - 194, 230
2019-01-24 14:50:13,504 - INFO - fastread - 198, 240
2019-01-24 14:50:13,504 - INFO - fastread - 199, 250
2019-01-24 14:50:13,504 - INFO - fastread - 200, 260
2019-01-24 14:50:13,504 - INFO - fastread - 202, 270
2019-01-24 14:50:13,504 - INFO - fastread - 204, 280
2019-01-24 14:50:13,512 - INFO - fastread - 207, 290
2019-01-24 14:50:13,514 - INFO - fastread - 208, 300
2019-01-24 14:50:13,514 - INFO - fastread - 209, 310
2019-01-24 14:50:13,514 - INFO - fastread - 210, 320
2019-01-24 14:50:13,514 - INFO - fastread - 212, 330
2019-01-24 14:50:13,523 - INFO - fastread - 213, 340
2019-01-24 14:50:13,525 - INFO - fastread - 214, 350
2019-01-24 14:50:13,525 - INFO - fastread - 214, 360
2019-01-24 14:50:13,525 - INFO - fastread - 214, 370
2019-01-24 14:50:13,525 - INFO - fastread - 214, 380
2019-01-24 14:50:13,533 - INFO - fastread - 215, 390
2019-01-24 14:50:13,535 - INFO - fastread - 215, 400
2019-01-24 14:50:13,535 - INFO - fastread - 216, 410
2019-01-24 14:50:13,535 - INFO - fastread - 216, 420
2019-01-24 14:50:13,545 - INFO - fastread - 216, 430
2019-01-24 14:50:13,545 - INFO - fastread - 217, 440
2019-01-24 14:50:13,545 - INFO - fastread - 218, 450
2019-01-24 14:50:13,553 - INFO - fastread - 218, 460
2019-01-24 14:50:13,555 - INFO - fastread - 220, 470
2019-01-24 14:50:13,555 - INFO - fastread - 220, 480
2019-01-24 14:50:13,555 - INFO - fastread - 221, 490
2019-01-24 14:50:13,555 - INFO - fastread - 221, 500
2019-01-24 14:50:13,563 - INFO - fastread - 221, 510
2019-01-24 14:50:13,565 - INFO - fastread - 221, 520
2019-01-24 14:50:13,565 - INFO - fastread - 221, 530
2019-01-24 14:50:13,565 - INFO - fastread - 222, 540
2019-01-24 14:50:13,565 - INFO - fastread - 222, 550
2019-01-24 14:50:13,565 - INFO - fastread - 222, 560
2019-01-24 14:50:13,575 - INFO - fastread - 222, 570
2019-01-24 14:50:13,575 - INFO - fastread - 222, 580
2019-01-24 14:50:13,575 - INFO - fastread - 222, 590
2019-01-24 14:50:13,575 - INFO - fastread - 222, 600
2019-01-24 14:50:13,575 - INFO - fastread - 222, 610
2019-01-24 14:50:13,583 - INFO - fastread - 223, 620
2019-01-24 14:50:13,585 - INFO - fastread - 223, 630
2019-01-24 14:50:13,585 - INFO - fastread - 223, 640
2019-01-24 14:50:13,585 - INFO - fastread - 223, 650
2019-01-24 14:50:13,585 - INFO - fastread - 223, 660
2019-01-24 14:50:13,593 - INFO - fastread - 223, 670
2019-01-24 14:50:13,595 - INFO - fastread - 223, 680
2019-01-24 14:50:13,595 - INFO - fastread - 223, 690
2019-01-24 14:50:13,595 - INFO - fastread - 223, 700
2019-01-24 14:50:13,595 - INFO - fastread - 223, 710
2019-01-24 14:50:13,603 - INFO - fastread - 223, 720
2019-01-24 14:50:13,603 - INFO - fastread - 223, 730
2019-01-24 14:50:13,605 - INFO - fastread - 223, 740
2019-01-24 14:50:13,605 - INFO - fastread - 223, 750
2019-01-24 14:50:13,605 - INFO - fastread - 224, 760
2019-01-24 14:50:13,605 - INFO - fastread - 224, 770
2019-01-24 14:50:13,613 - INFO - fastread - 224, 780
2019-01-24 14:50:13,615 - INFO - fastread - 224, 790
2019-01-24 14:50:13,615 - INFO - fastread - 225, 800
2019-01-24 14:50:13,625 - INFO - rig - ++++NEW CLF++++ DT
2019-01-24 14:50:13,625 - INFO - fastread - Total Yes: 236 | Total No: 1248
2019-01-24 14:50:13,696 - INFO - fastread - 7, 10
2019-01-24 14:50:13,706 - INFO - fastread - 16, 20
2019-01-24 14:50:13,706 - INFO - fastread - 24, 30
2019-01-24 14:50:13,706 - INFO - fastread - 33, 40
2019-01-24 14:50:13,714 - INFO - fastread - 43, 50
2019-01-24 14:50:13,716 - INFO - fastread - 51, 60
2019-01-24 14:50:13,716 - INFO - fastread - 57, 70
2019-01-24 14:50:13,716 - INFO - fastread - 67, 80
2019-01-24 14:50:13,726 - INFO - fastread - 76, 90
2019-01-24 14:50:13,726 - INFO - fastread - 85, 100
2019-01-24 14:50:13,726 - INFO - fastread - 92, 110
2019-01-24 14:50:13,734 - INFO - fastread - 98, 120
2019-01-24 14:50:13,737 - INFO - fastread - 106, 130
2019-01-24 14:50:13,737 - INFO - fastread - 114, 140
2019-01-24 14:50:13,745 - INFO - fastread - 122, 150
2019-01-24 14:50:13,747 - INFO - fastread - 130, 160
2019-01-24 14:50:13,747 - INFO - fastread - 139, 170
2019-01-24 14:50:13,747 - INFO - fastread - 147, 180
2019-01-24 14:50:13,747 - INFO - fastread - 155, 190
2019-01-24 14:50:13,755 - INFO - fastread - 162, 200
2019-01-24 14:50:13,757 - INFO - fastread - 172, 210
2019-01-24 14:50:13,757 - INFO - fastread - 179, 220
2019-01-24 14:50:13,765 - INFO - fastread - 186, 230
2019-01-24 14:50:13,767 - INFO - fastread - 194, 240
2019-01-24 14:50:13,767 - INFO - fastread - 195, 250
2019-01-24 14:50:13,775 - INFO - fastread - 196, 260
2019-01-24 14:50:13,777 - INFO - fastread - 196, 270
2019-01-24 14:50:13,777 - INFO - fastread - 197, 280
2019-01-24 14:50:13,777 - INFO - fastread - 197, 290
2019-01-24 14:50:13,777 - INFO - fastread - 197, 300
2019-01-24 14:50:13,785 - INFO - fastread - 197, 310
2019-01-24 14:50:13,787 - INFO - fastread - 197, 320
2019-01-24 14:50:13,787 - INFO - fastread - 197, 330
2019-01-24 14:50:13,787 - INFO - fastread - 198, 340
2019-01-24 14:50:13,787 - INFO - fastread - 198, 350
2019-01-24 14:50:13,795 - INFO - fastread - 199, 360
2019-01-24 14:50:13,797 - INFO - fastread - 199, 370
2019-01-24 14:50:13,797 - INFO - fastread - 199, 380
2019-01-24 14:50:13,797 - INFO - fastread - 199, 390
2019-01-24 14:50:13,797 - INFO - fastread - 199, 400
2019-01-24 14:50:13,805 - INFO - fastread - 199, 410
2019-01-24 14:50:13,805 - INFO - fastread - 200, 420
2019-01-24 14:50:13,807 - INFO - fastread - 200, 430
2019-01-24 14:50:13,807 - INFO - fastread - 200, 440
2019-01-24 14:50:13,807 - INFO - fastread - 200, 450
2019-01-24 14:50:13,807 - INFO - fastread - 200, 460
2019-01-24 14:50:13,815 - INFO - fastread - 200, 470
2019-01-24 14:50:13,817 - INFO - fastread - 200, 480
2019-01-24 14:50:13,817 - INFO - fastread - 200, 490
2019-01-24 14:50:13,817 - INFO - fastread - 201, 500
2019-01-24 14:50:13,817 - INFO - fastread - 201, 510
2019-01-24 14:50:13,825 - INFO - fastread - 202, 520
2019-01-24 14:50:13,827 - INFO - fastread - 202, 530
2019-01-24 14:50:13,827 - INFO - fastread - 202, 540
2019-01-24 14:50:13,827 - INFO - fastread - 202, 550
2019-01-24 14:50:13,827 - INFO - fastread - 203, 560
2019-01-24 14:50:13,835 - INFO - fastread - 204, 570
2019-01-24 14:50:13,837 - INFO - fastread - 206, 580
2019-01-24 14:50:13,837 - INFO - fastread - 206, 590
2019-01-24 14:50:13,845 - INFO - fastread - 206, 600
2019-01-24 14:50:13,847 - INFO - fastread - 207, 610
2019-01-24 14:50:13,847 - INFO - fastread - 208, 620
2019-01-24 14:50:13,847 - INFO - fastread - 208, 630
2019-01-24 14:50:13,856 - INFO - fastread - 208, 640
2019-01-24 14:50:13,858 - INFO - fastread - 209, 650
2019-01-24 14:50:13,858 - INFO - fastread - 209, 660
2019-01-24 14:50:13,858 - INFO - fastread - 210, 670
2019-01-24 14:50:13,858 - INFO - fastread - 210, 680
2019-01-24 14:50:13,868 - INFO - fastread - 210, 690
2019-01-24 14:50:13,868 - INFO - fastread - 210, 700
2019-01-24 14:50:13,868 - INFO - fastread - 211, 710
2019-01-24 14:50:13,868 - INFO - fastread - 211, 720
2019-01-24 14:50:13,876 - INFO - fastread - 211, 730
2019-01-24 14:50:13,878 - INFO - fastread - 211, 740
2019-01-24 14:50:13,878 - INFO - fastread - 211, 750
2019-01-24 14:50:13,878 - INFO - fastread - 211, 760
2019-01-24 14:50:13,878 - INFO - fastread - 212, 770
2019-01-24 14:50:13,878 - INFO - fastread - 212, 780
2019-01-24 14:50:13,886 - INFO - fastread - 212, 790
2019-01-24 14:50:13,888 - INFO - fastread - 213, 800
2019-01-24 14:50:13,888 - INFO - fastread - 213, 810
2019-01-24 14:50:13,888 - INFO - fastread - 213, 820
2019-01-24 14:50:13,888 - INFO - fastread - 213, 830
2019-01-24 14:50:13,896 - INFO - fastread - 213, 840
2019-01-24 14:50:13,898 - INFO - fastread - 213, 850
2019-01-24 14:50:13,898 - INFO - fastread - 213, 860
2019-01-24 14:50:13,898 - INFO - fastread - 214, 870
2019-01-24 14:50:13,898 - INFO - fastread - 214, 880
2019-01-24 14:50:13,906 - INFO - fastread - 214, 890
2019-01-24 14:50:13,908 - INFO - fastread - 215, 900
2019-01-24 14:50:13,908 - INFO - fastread - 215, 910
2019-01-24 14:50:13,908 - INFO - fastread - 215, 920
2019-01-24 14:50:13,908 - INFO - fastread - 215, 930
2019-01-24 14:50:13,908 - INFO - fastread - 215, 940
2019-01-24 14:50:13,919 - INFO - fastread - 216, 950
2019-01-24 14:50:13,919 - INFO - fastread - 218, 960
2019-01-24 14:50:13,919 - INFO - fastread - 218, 970
2019-01-24 14:50:13,919 - INFO - fastread - 218, 980
2019-01-24 14:50:13,927 - INFO - fastread - 218, 990
2019-01-24 14:50:13,929 - INFO - fastread - 218, 1000
2019-01-24 14:50:13,929 - INFO - fastread - 218, 1010
2019-01-24 14:50:13,929 - INFO - fastread - 220, 1020
2019-01-24 14:50:13,929 - INFO - fastread - 220, 1030
2019-01-24 14:50:13,937 - INFO - fastread - 220, 1040
2019-01-24 14:50:13,939 - INFO - fastread - 220, 1050
2019-01-24 14:50:13,939 - INFO - fastread - 220, 1060
2019-01-24 14:50:13,939 - INFO - fastread - 220, 1070
2019-01-24 14:50:13,947 - INFO - fastread - 220, 1080
2019-01-24 14:50:13,949 - INFO - fastread - 220, 1090
2019-01-24 14:50:13,949 - INFO - fastread - 220, 1100
2019-01-24 14:50:13,949 - INFO - fastread - 220, 1110
2019-01-24 14:50:13,957 - INFO - fastread - 221, 1120
2019-01-24 14:50:13,959 - INFO - fastread - 222, 1130
2019-01-24 14:50:13,959 - INFO - fastread - 222, 1140
2019-01-24 14:50:13,967 - INFO - fastread - 222, 1150
2019-01-24 14:50:13,969 - INFO - fastread - 222, 1160
2019-01-24 14:50:13,969 - INFO - fastread - 222, 1170
2019-01-24 14:50:13,977 - INFO - fastread - 222, 1180
2019-01-24 14:50:13,979 - INFO - fastread - 224, 1190
2019-01-24 14:50:13,979 - INFO - fastread - 224, 1200
2019-01-24 14:50:13,979 - INFO - fastread - 226, 1210
