2019-01-24 14:46:06,288 - INFO - rig - jEdit-4.2
2019-01-24 14:46:06,435 - INFO - rig - ++++NEW CLF++++ FASTREAD
2019-01-24 14:46:06,435 - INFO - fastread - Total Yes: 128 | Total No: 5033
2019-01-24 14:46:06,801 - INFO - fastread - 0, 0
2019-01-24 14:46:08,136 - INFO - fastread - 0, 10
2019-01-24 14:46:09,371 - INFO - fastread - 2, 20
2019-01-24 14:46:10,605 - INFO - fastread - 3, 30
2019-01-24 14:46:11,860 - INFO - fastread - 3, 40
2019-01-24 14:46:13,096 - INFO - fastread - 3, 50
2019-01-24 14:46:14,313 - INFO - fastread - 3, 60
2019-01-24 14:46:15,507 - INFO - fastread - 3, 70
2019-01-24 14:46:16,732 - INFO - fastread - 3, 80
2019-01-24 14:46:17,924 - INFO - fastread - 3, 89
2019-01-24 14:46:19,188 - INFO - fastread - 3, 98
2019-01-24 14:46:20,441 - INFO - fastread - 4, 108
2019-01-24 14:46:21,715 - INFO - fastread - 4, 117
2019-01-24 14:46:22,957 - INFO - fastread - 4, 127
2019-01-24 14:46:24,163 - INFO - fastread - 4, 137
2019-01-24 14:46:25,322 - INFO - fastread - 4, 147
2019-01-24 14:46:26,535 - INFO - fastread - 5, 157
2019-01-24 14:46:27,779 - INFO - fastread - 9, 167
2019-01-24 14:46:29,033 - INFO - fastread - 13, 177
2019-01-24 14:46:30,276 - INFO - fastread - 16, 187
2019-01-24 14:46:31,540 - INFO - fastread - 23, 197
2019-01-24 14:46:32,822 - INFO - fastread - 29, 207
2019-01-24 14:46:34,086 - INFO - fastread - 34, 217
2019-01-24 14:46:35,288 - INFO - fastread - 39, 227
2019-01-24 14:46:36,512 - INFO - fastread - 40, 237
2019-01-24 14:46:37,756 - INFO - fastread - 43, 247
2019-01-24 14:46:38,999 - INFO - fastread - 45, 257
2019-01-24 14:46:40,260 - INFO - fastread - 46, 267
2019-01-24 14:46:41,525 - INFO - fastread - 49, 277
2019-01-24 14:46:42,800 - INFO - fastread - 54, 287
2019-01-24 14:46:44,153 - INFO - fastread - 61, 297
2019-01-24 14:46:45,467 - INFO - fastread - 65, 307
2019-01-24 14:46:46,782 - INFO - fastread - 68, 317
2019-01-24 14:46:48,045 - INFO - fastread - 72, 327
2019-01-24 14:46:49,309 - INFO - fastread - 75, 337
2019-01-24 14:46:50,632 - INFO - fastread - 77, 347
2019-01-24 14:46:51,976 - INFO - fastread - 77, 357
2019-01-24 14:46:53,250 - INFO - fastread - 81, 367
2019-01-24 14:46:54,555 - INFO - fastread - 83, 377
2019-01-24 14:46:55,910 - INFO - fastread - 84, 387
2019-01-24 14:46:57,220 - INFO - fastread - 84, 397
2019-01-24 14:46:58,536 - INFO - fastread - 84, 407
2019-01-24 14:46:59,972 - INFO - fastread - 84, 417
2019-01-24 14:47:01,274 - INFO - fastread - 85, 427
2019-01-24 14:47:02,637 - INFO - fastread - 87, 437
2019-01-24 14:47:03,983 - INFO - fastread - 87, 447
2019-01-24 14:47:05,317 - INFO - fastread - 88, 457
2019-01-24 14:47:06,611 - INFO - fastread - 88, 467
2019-01-24 14:47:08,035 - INFO - fastread - 88, 477
2019-01-24 14:47:09,398 - INFO - fastread - 88, 487
2019-01-24 14:47:10,711 - INFO - fastread - 89, 497
2019-01-24 14:47:12,122 - INFO - fastread - 91, 507
2019-01-24 14:47:13,529 - INFO - fastread - 93, 517
2019-01-24 14:47:14,953 - INFO - fastread - 93, 527
2019-01-24 14:47:16,427 - INFO - fastread - 93, 537
2019-01-24 14:47:17,770 - INFO - fastread - 94, 547
2019-01-24 14:47:19,114 - INFO - fastread - 94, 557
2019-01-24 14:47:20,510 - INFO - fastread - 94, 567
2019-01-24 14:47:21,870 - INFO - fastread - 95, 577
2019-01-24 14:47:23,196 - INFO - fastread - 95, 587
2019-01-24 14:47:24,561 - INFO - fastread - 95, 597
2019-01-24 14:47:25,993 - INFO - fastread - 96, 607
2019-01-24 14:47:27,357 - INFO - fastread - 98, 617
2019-01-24 14:47:28,720 - INFO - fastread - 99, 627
2019-01-24 14:47:30,144 - INFO - fastread - 99, 637
2019-01-24 14:47:31,567 - INFO - fastread - 100, 647
2019-01-24 14:47:32,940 - INFO - fastread - 100, 657
2019-01-24 14:47:34,312 - INFO - fastread - 100, 667
2019-01-24 14:47:35,637 - INFO - fastread - 100, 677
2019-01-24 14:47:36,980 - INFO - fastread - 100, 687
2019-01-24 14:47:38,393 - INFO - fastread - 100, 697
2019-01-24 14:47:39,767 - INFO - fastread - 100, 707
2019-01-24 14:47:41,249 - INFO - fastread - 100, 717
2019-01-24 14:47:42,605 - INFO - fastread - 101, 727
2019-01-24 14:47:43,981 - INFO - fastread - 102, 737
2019-01-24 14:47:45,477 - INFO - fastread - 103, 747
2019-01-24 14:47:46,950 - INFO - fastread - 103, 757
2019-01-24 14:47:48,345 - INFO - fastread - 103, 767
2019-01-24 14:47:49,787 - INFO - fastread - 103, 777
2019-01-24 14:47:51,099 - INFO - fastread - 105, 787
2019-01-24 14:47:52,545 - INFO - fastread - 106, 797
2019-01-24 14:47:54,020 - INFO - fastread - 109, 807
2019-01-24 14:47:55,574 - INFO - fastread - 109, 817
2019-01-24 14:47:56,947 - INFO - fastread - 109, 827
2019-01-24 14:47:58,410 - INFO - fastread - 109, 837
2019-01-24 14:47:59,983 - INFO - fastread - 109, 847
2019-01-24 14:48:01,638 - INFO - fastread - 109, 857
2019-01-24 14:48:03,214 - INFO - fastread - 110, 867
2019-01-24 14:48:04,723 - INFO - fastread - 110, 877
2019-01-24 14:48:06,137 - INFO - fastread - 110, 887
2019-01-24 14:48:07,562 - INFO - fastread - 110, 897
2019-01-24 14:48:09,148 - INFO - fastread - 110, 907
2019-01-24 14:48:10,773 - INFO - fastread - 110, 917
2019-01-24 14:48:12,261 - INFO - fastread - 110, 927
2019-01-24 14:48:13,667 - INFO - fastread - 111, 937
2019-01-24 14:48:15,102 - INFO - fastread - 111, 947
2019-01-24 14:48:16,544 - INFO - fastread - 111, 957
2019-01-24 14:48:18,060 - INFO - fastread - 111, 967
2019-01-24 14:48:19,544 - INFO - fastread - 113, 977
2019-01-24 14:48:21,181 - INFO - fastread - 114, 987
2019-01-24 14:48:22,666 - INFO - fastread - 116, 997
2019-01-24 14:48:24,241 - INFO - fastread - 116, 1007
2019-01-24 14:48:25,827 - INFO - fastread - 116, 1017
2019-01-24 14:48:27,342 - INFO - fastread - 117, 1027
2019-01-24 14:48:28,877 - INFO - fastread - 118, 1037
2019-01-24 14:48:30,441 - INFO - fastread - 118, 1047
2019-01-24 14:48:32,129 - INFO - fastread - 118, 1057
2019-01-24 14:48:33,804 - INFO - fastread - 119, 1067
2019-01-24 14:48:35,482 - INFO - fastread - 120, 1077
2019-01-24 14:48:37,078 - INFO - fastread - 120, 1087
2019-01-24 14:48:38,524 - INFO - fastread - 122, 1097
2019-01-24 14:48:39,018 - INFO - rig - ++++NEW CLF++++ NBM
2019-01-24 14:48:39,018 - INFO - fastread - Total Yes: 128 | Total No: 5033
2019-01-24 14:48:39,056 - INFO - fastread - 10, 10
2019-01-24 14:48:39,058 - INFO - fastread - 18, 20
2019-01-24 14:48:39,066 - INFO - fastread - 22, 30
2019-01-24 14:48:39,068 - INFO - fastread - 27, 40
2019-01-24 14:48:39,076 - INFO - fastread - 31, 50
2019-01-24 14:48:39,078 - INFO - fastread - 32, 60
2019-01-24 14:48:39,078 - INFO - fastread - 34, 70
2019-01-24 14:48:39,086 - INFO - fastread - 34, 80
2019-01-24 14:48:39,089 - INFO - fastread - 34, 90
2019-01-24 14:48:39,089 - INFO - fastread - 35, 100
2019-01-24 14:48:39,089 - INFO - fastread - 36, 110
2019-01-24 14:48:39,097 - INFO - fastread - 39, 120
2019-01-24 14:48:39,099 - INFO - fastread - 41, 130
2019-01-24 14:48:39,099 - INFO - fastread - 42, 140
2019-01-24 14:48:39,099 - INFO - fastread - 42, 150
2019-01-24 14:48:39,109 - INFO - fastread - 44, 160
2019-01-24 14:48:39,109 - INFO - fastread - 46, 170
2019-01-24 14:48:39,109 - INFO - fastread - 46, 180
2019-01-24 14:48:39,119 - INFO - fastread - 47, 190
2019-01-24 14:48:39,119 - INFO - fastread - 47, 200
2019-01-24 14:48:39,127 - INFO - fastread - 48, 210
2019-01-24 14:48:39,129 - INFO - fastread - 49, 220
2019-01-24 14:48:39,129 - INFO - fastread - 51, 230
2019-01-24 14:48:39,139 - INFO - fastread - 53, 240
2019-01-24 14:48:39,139 - INFO - fastread - 56, 250
2019-01-24 14:48:39,139 - INFO - fastread - 57, 260
2019-01-24 14:48:39,147 - INFO - fastread - 58, 270
2019-01-24 14:48:39,149 - INFO - fastread - 58, 280
2019-01-24 14:48:39,149 - INFO - fastread - 58, 290
2019-01-24 14:48:39,149 - INFO - fastread - 58, 300
2019-01-24 14:48:39,159 - INFO - fastread - 58, 310
2019-01-24 14:48:39,159 - INFO - fastread - 58, 320
2019-01-24 14:48:39,169 - INFO - fastread - 58, 330
2019-01-24 14:48:39,169 - INFO - fastread - 58, 340
2019-01-24 14:48:39,177 - INFO - fastread - 58, 350
2019-01-24 14:48:39,179 - INFO - fastread - 58, 360
2019-01-24 14:48:39,187 - INFO - fastread - 58, 370
2019-01-24 14:48:39,189 - INFO - fastread - 58, 380
2019-01-24 14:48:39,197 - INFO - fastread - 58, 390
2019-01-24 14:48:39,200 - INFO - fastread - 58, 400
2019-01-24 14:48:39,208 - INFO - fastread - 58, 410
2019-01-24 14:48:39,210 - INFO - fastread - 58, 420
2019-01-24 14:48:39,210 - INFO - fastread - 58, 430
2019-01-24 14:48:39,220 - INFO - fastread - 58, 440
2019-01-24 14:48:39,220 - INFO - fastread - 58, 450
2019-01-24 14:48:39,230 - INFO - fastread - 58, 460
2019-01-24 14:48:39,230 - INFO - fastread - 58, 470
2019-01-24 14:48:39,238 - INFO - fastread - 58, 480
2019-01-24 14:48:39,240 - INFO - fastread - 58, 490
2019-01-24 14:48:39,248 - INFO - fastread - 58, 500
2019-01-24 14:48:39,250 - INFO - fastread - 58, 510
2019-01-24 14:48:39,258 - INFO - fastread - 58, 520
2019-01-24 14:48:39,260 - INFO - fastread - 58, 530
2019-01-24 14:48:39,268 - INFO - fastread - 58, 540
2019-01-24 14:48:39,270 - INFO - fastread - 58, 550
2019-01-24 14:48:39,278 - INFO - fastread - 58, 560
2019-01-24 14:48:39,280 - INFO - fastread - 58, 570
2019-01-24 14:48:39,290 - INFO - fastread - 58, 580
2019-01-24 14:48:39,290 - INFO - fastread - 58, 590
2019-01-24 14:48:39,302 - INFO - fastread - 58, 600
2019-01-24 14:48:39,308 - INFO - fastread - 58, 610
2019-01-24 14:48:39,313 - INFO - fastread - 58, 620
2019-01-24 14:48:39,319 - INFO - fastread - 58, 630
2019-01-24 14:48:39,321 - INFO - fastread - 58, 640
2019-01-24 14:48:39,331 - INFO - fastread - 58, 650
2019-01-24 14:48:39,341 - INFO - fastread - 58, 660
2019-01-24 14:48:39,341 - INFO - fastread - 58, 670
2019-01-24 14:48:39,351 - INFO - fastread - 58, 680
2019-01-24 14:48:39,351 - INFO - fastread - 58, 690
2019-01-24 14:48:39,361 - INFO - fastread - 58, 700
2019-01-24 14:48:39,361 - INFO - fastread - 58, 710
2019-01-24 14:48:39,371 - INFO - fastread - 58, 720
2019-01-24 14:48:39,371 - INFO - fastread - 58, 730
2019-01-24 14:48:39,371 - INFO - fastread - 58, 740
2019-01-24 14:48:39,379 - INFO - fastread - 58, 750
2019-01-24 14:48:39,381 - INFO - fastread - 58, 760
2019-01-24 14:48:39,389 - INFO - fastread - 58, 770
2019-01-24 14:48:39,395 - INFO - fastread - 58, 780
2019-01-24 14:48:39,400 - INFO - fastread - 58, 790
2019-01-24 14:48:39,402 - INFO - fastread - 58, 800
2019-01-24 14:48:39,412 - INFO - fastread - 58, 810
2019-01-24 14:48:39,412 - INFO - fastread - 58, 820
2019-01-24 14:48:39,422 - INFO - fastread - 58, 830
2019-01-24 14:48:39,422 - INFO - fastread - 58, 840
2019-01-24 14:48:39,432 - INFO - fastread - 58, 850
2019-01-24 14:48:39,440 - INFO - fastread - 58, 860
2019-01-24 14:48:39,442 - INFO - fastread - 58, 870
2019-01-24 14:48:39,452 - INFO - fastread - 58, 880
2019-01-24 14:48:39,452 - INFO - fastread - 58, 890
2019-01-24 14:48:39,463 - INFO - fastread - 58, 900
2019-01-24 14:48:39,463 - INFO - fastread - 59, 910
2019-01-24 14:48:39,473 - INFO - fastread - 59, 920
2019-01-24 14:48:39,481 - INFO - fastread - 59, 930
2019-01-24 14:48:39,483 - INFO - fastread - 59, 940
2019-01-24 14:48:39,493 - INFO - fastread - 59, 950
2019-01-24 14:48:39,493 - INFO - fastread - 59, 960
2019-01-24 14:48:39,504 - INFO - fastread - 59, 970
2019-01-24 14:48:39,510 - INFO - fastread - 59, 980
2019-01-24 14:48:39,513 - INFO - fastread - 59, 990
2019-01-24 14:48:39,521 - INFO - fastread - 59, 1000
2019-01-24 14:48:39,523 - INFO - fastread - 59, 1010
2019-01-24 14:48:39,533 - INFO - fastread - 59, 1020
2019-01-24 14:48:39,533 - INFO - fastread - 59, 1030
2019-01-24 14:48:39,543 - INFO - fastread - 59, 1040
2019-01-24 14:48:39,543 - INFO - fastread - 59, 1050
2019-01-24 14:48:39,554 - INFO - fastread - 59, 1060
2019-01-24 14:48:39,562 - INFO - fastread - 59, 1070
2019-01-24 14:48:39,564 - INFO - fastread - 59, 1080
2019-01-24 14:48:39,574 - INFO - fastread - 59, 1090
2019-01-24 14:48:39,574 - INFO - fastread - 59, 1100
2019-01-24 14:48:39,584 - INFO - fastread - 59, 1110
2019-01-24 14:48:39,594 - INFO - fastread - 59, 1120
2019-01-24 14:48:39,594 - INFO - fastread - 59, 1130
2019-01-24 14:48:39,604 - INFO - fastread - 59, 1140
2019-01-24 14:48:39,604 - INFO - fastread - 59, 1150
2019-01-24 14:48:39,604 - INFO - fastread - 59, 1160
2019-01-24 14:48:39,614 - INFO - fastread - 59, 1170
2019-01-24 14:48:39,614 - INFO - fastread - 59, 1180
2019-01-24 14:48:39,624 - INFO - fastread - 59, 1190
2019-01-24 14:48:39,624 - INFO - fastread - 59, 1200
2019-01-24 14:48:39,634 - INFO - fastread - 59, 1210
2019-01-24 14:48:39,644 - INFO - fastread - 59, 1220
2019-01-24 14:48:39,644 - INFO - fastread - 59, 1230
2019-01-24 14:48:39,654 - INFO - fastread - 59, 1240
2019-01-24 14:48:39,662 - INFO - fastread - 59, 1250
2019-01-24 14:48:39,664 - INFO - fastread - 59, 1260
2019-01-24 14:48:39,675 - INFO - fastread - 59, 1270
2019-01-24 14:48:39,683 - INFO - fastread - 59, 1280
2019-01-24 14:48:39,685 - INFO - fastread - 59, 1290
2019-01-24 14:48:39,695 - INFO - fastread - 59, 1300
2019-01-24 14:48:39,695 - INFO - fastread - 59, 1310
2019-01-24 14:48:39,705 - INFO - fastread - 59, 1320
2019-01-24 14:48:39,705 - INFO - fastread - 59, 1330
2019-01-24 14:48:39,715 - INFO - fastread - 59, 1340
2019-01-24 14:48:39,725 - INFO - fastread - 59, 1350
2019-01-24 14:48:39,725 - INFO - fastread - 59, 1360
2019-01-24 14:48:39,735 - INFO - fastread - 59, 1370
2019-01-24 14:48:39,735 - INFO - fastread - 59, 1380
2019-01-24 14:48:39,743 - INFO - fastread - 59, 1390
2019-01-24 14:48:39,745 - INFO - fastread - 59, 1400
2019-01-24 14:48:39,745 - INFO - fastread - 59, 1410
2019-01-24 14:48:39,753 - INFO - fastread - 59, 1420
2019-01-24 14:48:39,755 - INFO - fastread - 59, 1430
2019-01-24 14:48:39,765 - INFO - fastread - 59, 1440
2019-01-24 14:48:39,765 - INFO - fastread - 59, 1450
2019-01-24 14:48:39,775 - INFO - fastread - 59, 1460
2019-01-24 14:48:39,775 - INFO - fastread - 59, 1470
2019-01-24 14:48:39,783 - INFO - fastread - 59, 1480
2019-01-24 14:48:39,785 - INFO - fastread - 59, 1490
2019-01-24 14:48:39,785 - INFO - fastread - 59, 1500
2019-01-24 14:48:39,796 - INFO - fastread - 59, 1510
2019-01-24 14:48:39,796 - INFO - fastread - 59, 1520
2019-01-24 14:48:39,806 - INFO - fastread - 59, 1530
2019-01-24 14:48:39,806 - INFO - fastread - 59, 1540
2019-01-24 14:48:39,816 - INFO - fastread - 59, 1550
2019-01-24 14:48:39,824 - INFO - fastread - 59, 1560
2019-01-24 14:48:39,826 - INFO - fastread - 59, 1570
2019-01-24 14:48:39,836 - INFO - fastread - 59, 1580
2019-01-24 14:48:39,836 - INFO - fastread - 59, 1590
2019-01-24 14:48:39,846 - INFO - fastread - 59, 1600
2019-01-24 14:48:39,846 - INFO - fastread - 59, 1610
2019-01-24 14:48:39,856 - INFO - fastread - 59, 1620
2019-01-24 14:48:39,856 - INFO - fastread - 59, 1630
2019-01-24 14:48:39,856 - INFO - fastread - 59, 1640
2019-01-24 14:48:39,866 - INFO - fastread - 59, 1650
2019-01-24 14:48:39,866 - INFO - fastread - 59, 1660
2019-01-24 14:48:39,876 - INFO - fastread - 59, 1670
2019-01-24 14:48:39,876 - INFO - fastread - 59, 1680
2019-01-24 14:48:39,886 - INFO - fastread - 59, 1690
2019-01-24 14:48:39,886 - INFO - fastread - 59, 1700
2019-01-24 14:48:39,886 - INFO - fastread - 59, 1710
2019-01-24 14:48:39,896 - INFO - fastread - 59, 1720
2019-01-24 14:48:39,896 - INFO - fastread - 59, 1730
2019-01-24 14:48:39,904 - INFO - fastread - 59, 1740
2019-01-24 14:48:39,907 - INFO - fastread - 59, 1750
2019-01-24 14:48:39,907 - INFO - fastread - 59, 1760
2019-01-24 14:48:39,915 - INFO - fastread - 59, 1770
2019-01-24 14:48:39,917 - INFO - fastread - 59, 1780
2019-01-24 14:48:39,925 - INFO - fastread - 59, 1790
2019-01-24 14:48:39,927 - INFO - fastread - 59, 1800
2019-01-24 14:48:39,935 - INFO - fastread - 59, 1810
2019-01-24 14:48:39,937 - INFO - fastread - 59, 1820
2019-01-24 14:48:39,947 - INFO - fastread - 59, 1830
2019-01-24 14:48:39,947 - INFO - fastread - 59, 1840
2019-01-24 14:48:39,957 - INFO - fastread - 59, 1850
2019-01-24 14:48:39,957 - INFO - fastread - 59, 1860
2019-01-24 14:48:39,967 - INFO - fastread - 59, 1870
2019-01-24 14:48:39,967 - INFO - fastread - 59, 1880
2019-01-24 14:48:39,977 - INFO - fastread - 59, 1890
2019-01-24 14:48:39,977 - INFO - fastread - 59, 1900
2019-01-24 14:48:39,977 - INFO - fastread - 59, 1910
2019-01-24 14:48:39,987 - INFO - fastread - 59, 1920
2019-01-24 14:48:39,987 - INFO - fastread - 59, 1930
2019-01-24 14:48:39,987 - INFO - fastread - 59, 1940
2019-01-24 14:48:39,998 - INFO - fastread - 59, 1950
2019-01-24 14:48:40,006 - INFO - fastread - 59, 1960
2019-01-24 14:48:40,008 - INFO - fastread - 59, 1970
2019-01-24 14:48:40,008 - INFO - fastread - 59, 1980
2019-01-24 14:48:40,008 - INFO - fastread - 59, 1990
2019-01-24 14:48:40,018 - INFO - fastread - 59, 2000
2019-01-24 14:48:40,018 - INFO - fastread - 59, 2010
2019-01-24 14:48:40,026 - INFO - fastread - 59, 2020
2019-01-24 14:48:40,028 - INFO - fastread - 59, 2030
2019-01-24 14:48:40,028 - INFO - fastread - 59, 2040
2019-01-24 14:48:40,038 - INFO - fastread - 59, 2050
2019-01-24 14:48:40,038 - INFO - fastread - 59, 2060
2019-01-24 14:48:40,048 - INFO - fastread - 59, 2070
2019-01-24 14:48:40,056 - INFO - fastread - 59, 2080
2019-01-24 14:48:40,058 - INFO - fastread - 59, 2090
2019-01-24 14:48:40,058 - INFO - fastread - 59, 2100
2019-01-24 14:48:40,066 - INFO - fastread - 59, 2110
2019-01-24 14:48:40,068 - INFO - fastread - 59, 2120
2019-01-24 14:48:40,068 - INFO - fastread - 59, 2130
2019-01-24 14:48:40,076 - INFO - fastread - 59, 2140
2019-01-24 14:48:40,078 - INFO - fastread - 60, 2150
2019-01-24 14:48:40,078 - INFO - fastread - 60, 2160
2019-01-24 14:48:40,086 - INFO - fastread - 62, 2170
2019-01-24 14:48:40,088 - INFO - fastread - 64, 2180
2019-01-24 14:48:40,088 - INFO - fastread - 65, 2190
2019-01-24 14:48:40,096 - INFO - fastread - 66, 2200
2019-01-24 14:48:40,098 - INFO - fastread - 69, 2210
2019-01-24 14:48:40,108 - INFO - fastread - 71, 2220
2019-01-24 14:48:40,108 - INFO - fastread - 71, 2230
2019-01-24 14:48:40,119 - INFO - fastread - 73, 2240
2019-01-24 14:48:40,119 - INFO - fastread - 75, 2250
2019-01-24 14:48:40,129 - INFO - fastread - 77, 2260
2019-01-24 14:48:40,129 - INFO - fastread - 77, 2270
2019-01-24 14:48:40,139 - INFO - fastread - 78, 2280
2019-01-24 14:48:40,147 - INFO - fastread - 79, 2290
2019-01-24 14:48:40,149 - INFO - fastread - 79, 2300
2019-01-24 14:48:40,157 - INFO - fastread - 79, 2310
2019-01-24 14:48:40,159 - INFO - fastread - 79, 2320
2019-01-24 14:48:40,159 - INFO - fastread - 81, 2330
2019-01-24 14:48:40,169 - INFO - fastread - 81, 2340
2019-01-24 14:48:40,169 - INFO - fastread - 83, 2350
2019-01-24 14:48:40,169 - INFO - fastread - 83, 2360
2019-01-24 14:48:40,179 - INFO - fastread - 84, 2370
2019-01-24 14:48:40,179 - INFO - fastread - 84, 2380
2019-01-24 14:48:40,189 - INFO - fastread - 85, 2390
2019-01-24 14:48:40,189 - INFO - fastread - 85, 2400
2019-01-24 14:48:40,199 - INFO - fastread - 85, 2410
2019-01-24 14:48:40,199 - INFO - fastread - 86, 2420
2019-01-24 14:48:40,207 - INFO - fastread - 86, 2430
2019-01-24 14:48:40,209 - INFO - fastread - 86, 2440
2019-01-24 14:48:40,209 - INFO - fastread - 86, 2450
2019-01-24 14:48:40,217 - INFO - fastread - 87, 2460
2019-01-24 14:48:40,219 - INFO - fastread - 87, 2470
2019-01-24 14:48:40,229 - INFO - fastread - 87, 2480
2019-01-24 14:48:40,229 - INFO - fastread - 87, 2490
2019-01-24 14:48:40,240 - INFO - fastread - 87, 2500
2019-01-24 14:48:40,240 - INFO - fastread - 87, 2510
2019-01-24 14:48:40,240 - INFO - fastread - 88, 2520
2019-01-24 14:48:40,250 - INFO - fastread - 88, 2530
2019-01-24 14:48:40,250 - INFO - fastread - 89, 2540
2019-01-24 14:48:40,260 - INFO - fastread - 89, 2550
2019-01-24 14:48:40,260 - INFO - fastread - 89, 2560
2019-01-24 14:48:40,270 - INFO - fastread - 92, 2570
2019-01-24 14:48:40,270 - INFO - fastread - 93, 2580
2019-01-24 14:48:40,280 - INFO - fastread - 93, 2590
2019-01-24 14:48:40,280 - INFO - fastread - 93, 2600
2019-01-24 14:48:40,290 - INFO - fastread - 93, 2610
2019-01-24 14:48:40,290 - INFO - fastread - 95, 2620
2019-01-24 14:48:40,301 - INFO - fastread - 95, 2630
2019-01-24 14:48:40,304 - INFO - fastread - 95, 2640
2019-01-24 14:48:40,307 - INFO - fastread - 95, 2650
2019-01-24 14:48:40,311 - INFO - fastread - 96, 2660
2019-01-24 14:48:40,314 - INFO - fastread - 96, 2670
2019-01-24 14:48:40,318 - INFO - fastread - 96, 2680
2019-01-24 14:48:40,321 - INFO - fastread - 97, 2690
2019-01-24 14:48:40,324 - INFO - fastread - 98, 2700
2019-01-24 14:48:40,326 - INFO - fastread - 98, 2710
2019-01-24 14:48:40,330 - INFO - fastread - 99, 2720
2019-01-24 14:48:40,330 - INFO - fastread - 99, 2730
2019-01-24 14:48:40,330 - INFO - fastread - 99, 2740
2019-01-24 14:48:40,340 - INFO - fastread - 99, 2750
2019-01-24 14:48:40,340 - INFO - fastread - 99, 2760
2019-01-24 14:48:40,340 - INFO - fastread - 99, 2770
2019-01-24 14:48:40,350 - INFO - fastread - 99, 2780
2019-01-24 14:48:40,350 - INFO - fastread - 99, 2790
2019-01-24 14:48:40,361 - INFO - fastread - 99, 2800
2019-01-24 14:48:40,369 - INFO - fastread - 99, 2810
2019-01-24 14:48:40,371 - INFO - fastread - 99, 2820
2019-01-24 14:48:40,371 - INFO - fastread - 99, 2830
2019-01-24 14:48:40,379 - INFO - fastread - 99, 2840
2019-01-24 14:48:40,381 - INFO - fastread - 99, 2850
2019-01-24 14:48:40,381 - INFO - fastread - 99, 2860
2019-01-24 14:48:40,389 - INFO - fastread - 99, 2870
2019-01-24 14:48:40,391 - INFO - fastread - 99, 2880
2019-01-24 14:48:40,391 - INFO - fastread - 99, 2890
2019-01-24 14:48:40,401 - INFO - fastread - 99, 2900
2019-01-24 14:48:40,401 - INFO - fastread - 99, 2910
2019-01-24 14:48:40,409 - INFO - fastread - 101, 2920
2019-01-24 14:48:40,411 - INFO - fastread - 101, 2930
2019-01-24 14:48:40,421 - INFO - fastread - 101, 2940
2019-01-24 14:48:40,421 - INFO - fastread - 101, 2950
2019-01-24 14:48:40,431 - INFO - fastread - 102, 2960
2019-01-24 14:48:40,431 - INFO - fastread - 104, 2970
2019-01-24 14:48:40,431 - INFO - fastread - 105, 2980
2019-01-24 14:48:40,441 - INFO - fastread - 105, 2990
2019-01-24 14:48:40,441 - INFO - fastread - 106, 3000
2019-01-24 14:48:40,451 - INFO - fastread - 106, 3010
2019-01-24 14:48:40,451 - INFO - fastread - 107, 3020
2019-01-24 14:48:40,461 - INFO - fastread - 107, 3030
2019-01-24 14:48:40,461 - INFO - fastread - 107, 3040
2019-01-24 14:48:40,461 - INFO - fastread - 107, 3050
2019-01-24 14:48:40,471 - INFO - fastread - 107, 3060
2019-01-24 14:48:40,471 - INFO - fastread - 107, 3070
2019-01-24 14:48:40,482 - INFO - fastread - 107, 3080
2019-01-24 14:48:40,482 - INFO - fastread - 107, 3090
2019-01-24 14:48:40,490 - INFO - fastread - 107, 3100
2019-01-24 14:48:40,492 - INFO - fastread - 109, 3110
2019-01-24 14:48:40,492 - INFO - fastread - 109, 3120
2019-01-24 14:48:40,500 - INFO - fastread - 109, 3130
2019-01-24 14:48:40,502 - INFO - fastread - 109, 3140
2019-01-24 14:48:40,502 - INFO - fastread - 109, 3150
2019-01-24 14:48:40,510 - INFO - fastread - 109, 3160
2019-01-24 14:48:40,512 - INFO - fastread - 109, 3170
2019-01-24 14:48:40,522 - INFO - fastread - 110, 3180
2019-01-24 14:48:40,522 - INFO - fastread - 110, 3190
2019-01-24 14:48:40,532 - INFO - fastread - 110, 3200
2019-01-24 14:48:40,540 - INFO - fastread - 110, 3210
2019-01-24 14:48:40,542 - INFO - fastread - 111, 3220
2019-01-24 14:48:40,552 - INFO - fastread - 111, 3230
2019-01-24 14:48:40,552 - INFO - fastread - 111, 3240
2019-01-24 14:48:40,562 - INFO - fastread - 112, 3250
2019-01-24 14:48:40,570 - INFO - fastread - 112, 3260
2019-01-24 14:48:40,573 - INFO - fastread - 112, 3270
2019-01-24 14:48:40,573 - INFO - fastread - 112, 3280
2019-01-24 14:48:40,583 - INFO - fastread - 112, 3290
2019-01-24 14:48:40,583 - INFO - fastread - 112, 3300
2019-01-24 14:48:40,583 - INFO - fastread - 112, 3310
2019-01-24 14:48:40,593 - INFO - fastread - 112, 3320
2019-01-24 14:48:40,593 - INFO - fastread - 112, 3330
2019-01-24 14:48:40,603 - INFO - fastread - 112, 3340
2019-01-24 14:48:40,613 - INFO - fastread - 112, 3350
2019-01-24 14:48:40,613 - INFO - fastread - 112, 3360
2019-01-24 14:48:40,623 - INFO - fastread - 112, 3370
2019-01-24 14:48:40,633 - INFO - fastread - 113, 3380
2019-01-24 14:48:40,633 - INFO - fastread - 113, 3390
2019-01-24 14:48:40,641 - INFO - fastread - 115, 3400
2019-01-24 14:48:40,643 - INFO - fastread - 116, 3410
2019-01-24 14:48:40,643 - INFO - fastread - 116, 3420
2019-01-24 14:48:40,653 - INFO - fastread - 117, 3430
2019-01-24 14:48:40,653 - INFO - fastread - 118, 3440
2019-01-24 14:48:40,663 - INFO - fastread - 118, 3450
2019-01-24 14:48:40,663 - INFO - fastread - 118, 3460
2019-01-24 14:48:40,674 - INFO - fastread - 118, 3470
2019-01-24 14:48:40,674 - INFO - fastread - 118, 3480
2019-01-24 14:48:40,682 - INFO - fastread - 120, 3490
2019-01-24 14:48:40,684 - INFO - fastread - 121, 3500
2019-01-24 14:48:40,684 - INFO - fastread - 121, 3510
2019-01-24 14:48:40,694 - INFO - fastread - 121, 3520
2019-01-24 14:48:40,694 - INFO - fastread - 121, 3530
2019-01-24 14:48:40,694 - INFO - fastread - 121, 3540
2019-01-24 14:48:40,704 - INFO - fastread - 121, 3550
2019-01-24 14:48:40,704 - INFO - fastread - 121, 3560
2019-01-24 14:48:40,704 - INFO - fastread - 121, 3570
2019-01-24 14:48:40,712 - INFO - fastread - 121, 3580
2019-01-24 14:48:40,714 - INFO - fastread - 121, 3590
2019-01-24 14:48:40,714 - INFO - fastread - 123, 3600
2019-01-24 14:48:40,724 - INFO - rig - ++++NEW CLF++++ NBM
2019-01-24 14:48:40,724 - INFO - fastread - Total Yes: 128 | Total No: 5033
2019-01-24 14:48:42,501 - INFO - fastread - 4, 10
2019-01-24 14:48:42,501 - INFO - fastread - 9, 20
2019-01-24 14:48:42,509 - INFO - fastread - 13, 30
2019-01-24 14:48:42,511 - INFO - fastread - 16, 40
2019-01-24 14:48:42,520 - INFO - fastread - 19, 50
2019-01-24 14:48:42,522 - INFO - fastread - 19, 60
2019-01-24 14:48:42,530 - INFO - fastread - 19, 70
2019-01-24 14:48:42,532 - INFO - fastread - 19, 80
2019-01-24 14:48:42,540 - INFO - fastread - 20, 90
2019-01-24 14:48:42,542 - INFO - fastread - 20, 100
2019-01-24 14:48:42,550 - INFO - fastread - 20, 110
2019-01-24 14:48:42,552 - INFO - fastread - 20, 120
2019-01-24 14:48:42,560 - INFO - fastread - 20, 130
2019-01-24 14:48:42,562 - INFO - fastread - 20, 140
2019-01-24 14:48:42,570 - INFO - fastread - 20, 150
2019-01-24 14:48:42,572 - INFO - fastread - 20, 160
2019-01-24 14:48:42,580 - INFO - fastread - 20, 170
2019-01-24 14:48:42,582 - INFO - fastread - 20, 180
2019-01-24 14:48:42,590 - INFO - fastread - 21, 190
2019-01-24 14:48:42,592 - INFO - fastread - 21, 200
2019-01-24 14:48:42,592 - INFO - fastread - 21, 210
2019-01-24 14:48:42,602 - INFO - fastread - 21, 220
2019-01-24 14:48:42,602 - INFO - fastread - 21, 230
2019-01-24 14:48:42,612 - INFO - fastread - 21, 240
2019-01-24 14:48:42,612 - INFO - fastread - 21, 250
2019-01-24 14:48:42,622 - INFO - fastread - 21, 260
2019-01-24 14:48:42,622 - INFO - fastread - 22, 270
2019-01-24 14:48:42,630 - INFO - fastread - 22, 280
2019-01-24 14:48:42,632 - INFO - fastread - 22, 290
2019-01-24 14:48:42,641 - INFO - fastread - 22, 300
2019-01-24 14:48:42,643 - INFO - fastread - 22, 310
2019-01-24 14:48:42,643 - INFO - fastread - 22, 320
2019-01-24 14:48:42,653 - INFO - fastread - 22, 330
2019-01-24 14:48:42,653 - INFO - fastread - 22, 340
2019-01-24 14:48:42,663 - INFO - fastread - 22, 350
2019-01-24 14:48:42,663 - INFO - fastread - 22, 360
2019-01-24 14:48:42,673 - INFO - fastread - 22, 370
2019-01-24 14:48:42,673 - INFO - fastread - 23, 380
2019-01-24 14:48:42,683 - INFO - fastread - 23, 390
2019-01-24 14:48:42,683 - INFO - fastread - 23, 400
2019-01-24 14:48:42,691 - INFO - fastread - 23, 410
2019-01-24 14:48:42,693 - INFO - fastread - 23, 420
2019-01-24 14:48:42,701 - INFO - fastread - 23, 430
2019-01-24 14:48:42,703 - INFO - fastread - 23, 440
2019-01-24 14:48:42,711 - INFO - fastread - 23, 450
2019-01-24 14:48:42,713 - INFO - fastread - 23, 460
2019-01-24 14:48:42,713 - INFO - fastread - 23, 470
2019-01-24 14:48:42,723 - INFO - fastread - 23, 480
2019-01-24 14:48:42,723 - INFO - fastread - 25, 490
2019-01-24 14:48:42,733 - INFO - fastread - 25, 500
2019-01-24 14:48:42,733 - INFO - fastread - 25, 510
2019-01-24 14:48:42,743 - INFO - fastread - 25, 520
2019-01-24 14:48:42,743 - INFO - fastread - 25, 530
2019-01-24 14:48:42,743 - INFO - fastread - 25, 540
2019-01-24 14:48:42,753 - INFO - fastread - 25, 550
2019-01-24 14:48:42,753 - INFO - fastread - 25, 560
2019-01-24 14:48:42,753 - INFO - fastread - 27, 570
2019-01-24 14:48:42,762 - INFO - fastread - 27, 580
2019-01-24 14:48:42,764 - INFO - fastread - 28, 590
2019-01-24 14:48:42,772 - INFO - fastread - 28, 600
2019-01-24 14:48:42,774 - INFO - fastread - 28, 610
2019-01-24 14:48:42,774 - INFO - fastread - 28, 620
2019-01-24 14:48:42,784 - INFO - fastread - 28, 630
2019-01-24 14:48:42,784 - INFO - fastread - 28, 640
2019-01-24 14:48:42,794 - INFO - fastread - 29, 650
2019-01-24 14:48:42,794 - INFO - fastread - 30, 660
2019-01-24 14:48:42,805 - INFO - fastread - 31, 670
2019-01-24 14:48:42,805 - INFO - fastread - 32, 680
2019-01-24 14:48:42,814 - INFO - fastread - 33, 690
2019-01-24 14:48:42,814 - INFO - fastread - 33, 700
2019-01-24 14:48:42,824 - INFO - fastread - 33, 710
2019-01-24 14:48:42,824 - INFO - fastread - 33, 720
2019-01-24 14:48:42,824 - INFO - fastread - 33, 730
2019-01-24 14:48:42,834 - INFO - fastread - 33, 740
2019-01-24 14:48:42,834 - INFO - fastread - 33, 750
2019-01-24 14:48:42,844 - INFO - fastread - 33, 760
2019-01-24 14:48:42,844 - INFO - fastread - 33, 770
2019-01-24 14:48:42,854 - INFO - fastread - 33, 780
2019-01-24 14:48:42,854 - INFO - fastread - 33, 790
2019-01-24 14:48:42,865 - INFO - fastread - 34, 800
2019-01-24 14:48:42,865 - INFO - fastread - 36, 810
2019-01-24 14:48:42,875 - INFO - fastread - 36, 820
2019-01-24 14:48:42,875 - INFO - fastread - 36, 830
2019-01-24 14:48:42,885 - INFO - fastread - 36, 840
2019-01-24 14:48:42,885 - INFO - fastread - 36, 850
2019-01-24 14:48:42,885 - INFO - fastread - 37, 860
2019-01-24 14:48:42,895 - INFO - fastread - 37, 870
2019-01-24 14:48:42,895 - INFO - fastread - 37, 880
2019-01-24 14:48:42,895 - INFO - fastread - 37, 890
2019-01-24 14:48:42,903 - INFO - fastread - 38, 900
2019-01-24 14:48:42,905 - INFO - fastread - 38, 910
2019-01-24 14:48:42,905 - INFO - fastread - 38, 920
2019-01-24 14:48:42,905 - INFO - fastread - 38, 930
2019-01-24 14:48:42,915 - INFO - fastread - 38, 940
2019-01-24 14:48:42,915 - INFO - fastread - 38, 950
2019-01-24 14:48:42,915 - INFO - fastread - 39, 960
2019-01-24 14:48:42,925 - INFO - fastread - 39, 970
2019-01-24 14:48:42,925 - INFO - fastread - 40, 980
2019-01-24 14:48:42,935 - INFO - fastread - 41, 990
2019-01-24 14:48:42,935 - INFO - fastread - 41, 1000
2019-01-24 14:48:42,945 - INFO - fastread - 42, 1010
2019-01-24 14:48:42,945 - INFO - fastread - 42, 1020
2019-01-24 14:48:42,955 - INFO - fastread - 42, 1030
2019-01-24 14:48:42,955 - INFO - fastread - 42, 1040
2019-01-24 14:48:42,964 - INFO - fastread - 43, 1050
2019-01-24 14:48:42,966 - INFO - fastread - 43, 1060
2019-01-24 14:48:42,974 - INFO - fastread - 43, 1070
2019-01-24 14:48:42,976 - INFO - fastread - 43, 1080
2019-01-24 14:48:42,984 - INFO - fastread - 43, 1090
2019-01-24 14:48:42,986 - INFO - fastread - 43, 1100
2019-01-24 14:48:42,986 - INFO - fastread - 44, 1110
2019-01-24 14:48:42,996 - INFO - fastread - 44, 1120
2019-01-24 14:48:42,996 - INFO - fastread - 44, 1130
2019-01-24 14:48:43,006 - INFO - fastread - 44, 1140
2019-01-24 14:48:43,006 - INFO - fastread - 44, 1150
2019-01-24 14:48:43,014 - INFO - fastread - 44, 1160
2019-01-24 14:48:43,016 - INFO - fastread - 44, 1170
2019-01-24 14:48:43,024 - INFO - fastread - 44, 1180
2019-01-24 14:48:43,026 - INFO - fastread - 44, 1190
2019-01-24 14:48:43,026 - INFO - fastread - 44, 1200
2019-01-24 14:48:43,026 - INFO - fastread - 44, 1210
2019-01-24 14:48:43,036 - INFO - fastread - 44, 1220
2019-01-24 14:48:43,036 - INFO - fastread - 44, 1230
2019-01-24 14:48:43,036 - INFO - fastread - 44, 1240
2019-01-24 14:48:43,046 - INFO - fastread - 44, 1250
2019-01-24 14:48:43,046 - INFO - fastread - 44, 1260
2019-01-24 14:48:43,046 - INFO - fastread - 44, 1270
2019-01-24 14:48:43,056 - INFO - fastread - 44, 1280
2019-01-24 14:48:43,056 - INFO - fastread - 44, 1290
2019-01-24 14:48:43,056 - INFO - fastread - 44, 1300
2019-01-24 14:48:43,064 - INFO - fastread - 44, 1310
2019-01-24 14:48:43,066 - INFO - fastread - 45, 1320
2019-01-24 14:48:43,076 - INFO - fastread - 46, 1330
2019-01-24 14:48:43,076 - INFO - fastread - 46, 1340
2019-01-24 14:48:43,087 - INFO - fastread - 46, 1350
2019-01-24 14:48:43,087 - INFO - fastread - 46, 1360
2019-01-24 14:48:43,087 - INFO - fastread - 46, 1370
2019-01-24 14:48:43,095 - INFO - fastread - 47, 1380
2019-01-24 14:48:43,097 - INFO - fastread - 47, 1390
2019-01-24 14:48:43,097 - INFO - fastread - 47, 1400
2019-01-24 14:48:43,105 - INFO - fastread - 47, 1410
2019-01-24 14:48:43,107 - INFO - fastread - 48, 1420
2019-01-24 14:48:43,107 - INFO - fastread - 48, 1430
2019-01-24 14:48:43,107 - INFO - fastread - 48, 1440
2019-01-24 14:48:43,117 - INFO - fastread - 48, 1450
2019-01-24 14:48:43,117 - INFO - fastread - 48, 1460
2019-01-24 14:48:43,117 - INFO - fastread - 48, 1470
2019-01-24 14:48:43,125 - INFO - fastread - 48, 1480
2019-01-24 14:48:43,127 - INFO - fastread - 48, 1490
2019-01-24 14:48:43,135 - INFO - fastread - 48, 1500
2019-01-24 14:48:43,137 - INFO - fastread - 49, 1510
2019-01-24 14:48:43,145 - INFO - fastread - 50, 1520
2019-01-24 14:48:43,147 - INFO - fastread - 51, 1530
2019-01-24 14:48:43,155 - INFO - fastread - 51, 1540
2019-01-24 14:48:43,157 - INFO - fastread - 51, 1550
2019-01-24 14:48:43,165 - INFO - fastread - 51, 1560
2019-01-24 14:48:43,167 - INFO - fastread - 51, 1570
2019-01-24 14:48:43,175 - INFO - fastread - 51, 1580
2019-01-24 14:48:43,177 - INFO - fastread - 51, 1590
2019-01-24 14:48:43,185 - INFO - fastread - 51, 1600
2019-01-24 14:48:43,188 - INFO - fastread - 51, 1610
2019-01-24 14:48:43,196 - INFO - fastread - 51, 1620
2019-01-24 14:48:43,198 - INFO - fastread - 51, 1630
2019-01-24 14:48:43,208 - INFO - fastread - 51, 1640
2019-01-24 14:48:43,208 - INFO - fastread - 51, 1650
2019-01-24 14:48:43,218 - INFO - fastread - 51, 1660
2019-01-24 14:48:43,218 - INFO - fastread - 51, 1670
2019-01-24 14:48:43,228 - INFO - fastread - 53, 1680
2019-01-24 14:48:43,228 - INFO - fastread - 54, 1690
2019-01-24 14:48:43,228 - INFO - fastread - 54, 1700
2019-01-24 14:48:43,238 - INFO - fastread - 55, 1710
2019-01-24 14:48:43,238 - INFO - fastread - 55, 1720
2019-01-24 14:48:43,246 - INFO - fastread - 55, 1730
2019-01-24 14:48:43,248 - INFO - fastread - 55, 1740
2019-01-24 14:48:43,248 - INFO - fastread - 55, 1750
2019-01-24 14:48:43,256 - INFO - fastread - 55, 1760
2019-01-24 14:48:43,258 - INFO - fastread - 55, 1770
2019-01-24 14:48:43,258 - INFO - fastread - 55, 1780
2019-01-24 14:48:43,268 - INFO - fastread - 55, 1790
2019-01-24 14:48:43,268 - INFO - fastread - 55, 1800
2019-01-24 14:48:43,278 - INFO - fastread - 55, 1810
2019-01-24 14:48:43,278 - INFO - fastread - 56, 1820
2019-01-24 14:48:43,278 - INFO - fastread - 56, 1830
2019-01-24 14:48:43,290 - INFO - fastread - 58, 1840
2019-01-24 14:48:43,296 - INFO - fastread - 58, 1850
2019-01-24 14:48:43,302 - INFO - fastread - 59, 1860
2019-01-24 14:48:43,304 - INFO - fastread - 59, 1870
2019-01-24 14:48:43,309 - INFO - fastread - 60, 1880
2019-01-24 14:48:43,309 - INFO - fastread - 60, 1890
2019-01-24 14:48:43,309 - INFO - fastread - 60, 1900
2019-01-24 14:48:43,319 - INFO - fastread - 60, 1910
2019-01-24 14:48:43,319 - INFO - fastread - 61, 1920
2019-01-24 14:48:43,329 - INFO - fastread - 61, 1930
2019-01-24 14:48:43,337 - INFO - fastread - 61, 1940
2019-01-24 14:48:43,339 - INFO - fastread - 61, 1950
2019-01-24 14:48:43,349 - INFO - fastread - 62, 1960
2019-01-24 14:48:43,358 - INFO - fastread - 62, 1970
2019-01-24 14:48:43,360 - INFO - fastread - 62, 1980
2019-01-24 14:48:43,368 - INFO - fastread - 62, 1990
2019-01-24 14:48:43,370 - INFO - fastread - 62, 2000
2019-01-24 14:48:43,378 - INFO - fastread - 62, 2010
2019-01-24 14:48:43,380 - INFO - fastread - 62, 2020
2019-01-24 14:48:43,388 - INFO - fastread - 62, 2030
2019-01-24 14:48:43,390 - INFO - fastread - 62, 2040
2019-01-24 14:48:43,390 - INFO - fastread - 62, 2050
2019-01-24 14:48:43,400 - INFO - fastread - 62, 2060
2019-01-24 14:48:43,400 - INFO - fastread - 62, 2070
2019-01-24 14:48:43,408 - INFO - fastread - 62, 2080
2019-01-24 14:48:43,410 - INFO - fastread - 62, 2090
2019-01-24 14:48:43,418 - INFO - fastread - 62, 2100
2019-01-24 14:48:43,420 - INFO - fastread - 62, 2110
2019-01-24 14:48:43,430 - INFO - fastread - 63, 2120
2019-01-24 14:48:43,438 - INFO - fastread - 63, 2130
2019-01-24 14:48:43,440 - INFO - fastread - 63, 2140
2019-01-24 14:48:43,449 - INFO - fastread - 63, 2150
2019-01-24 14:48:43,451 - INFO - fastread - 64, 2160
2019-01-24 14:48:43,459 - INFO - fastread - 64, 2170
2019-01-24 14:48:43,461 - INFO - fastread - 64, 2180
2019-01-24 14:48:43,469 - INFO - fastread - 64, 2190
2019-01-24 14:48:43,471 - INFO - fastread - 64, 2200
2019-01-24 14:48:43,479 - INFO - fastread - 65, 2210
2019-01-24 14:48:43,481 - INFO - fastread - 65, 2220
2019-01-24 14:48:43,489 - INFO - fastread - 65, 2230
2019-01-24 14:48:43,491 - INFO - fastread - 65, 2240
2019-01-24 14:48:43,499 - INFO - fastread - 65, 2250
2019-01-24 14:48:43,501 - INFO - fastread - 65, 2260
2019-01-24 14:48:43,511 - INFO - fastread - 65, 2270
2019-01-24 14:48:43,511 - INFO - fastread - 65, 2280
2019-01-24 14:48:43,521 - INFO - fastread - 65, 2290
2019-01-24 14:48:43,529 - INFO - fastread - 65, 2300
2019-01-24 14:48:43,531 - INFO - fastread - 65, 2310
2019-01-24 14:48:43,540 - INFO - fastread - 65, 2320
2019-01-24 14:48:43,542 - INFO - fastread - 65, 2330
2019-01-24 14:48:43,542 - INFO - fastread - 65, 2340
2019-01-24 14:48:43,550 - INFO - fastread - 66, 2350
2019-01-24 14:48:43,552 - INFO - fastread - 66, 2360
2019-01-24 14:48:43,552 - INFO - fastread - 66, 2370
2019-01-24 14:48:43,562 - INFO - fastread - 66, 2380
2019-01-24 14:48:43,562 - INFO - fastread - 66, 2390
2019-01-24 14:48:43,570 - INFO - fastread - 66, 2400
2019-01-24 14:48:43,572 - INFO - fastread - 66, 2410
2019-01-24 14:48:43,580 - INFO - fastread - 66, 2420
2019-01-24 14:48:43,582 - INFO - fastread - 67, 2430
2019-01-24 14:48:43,582 - INFO - fastread - 67, 2440
2019-01-24 14:48:43,590 - INFO - fastread - 67, 2450
2019-01-24 14:48:43,592 - INFO - fastread - 67, 2460
2019-01-24 14:48:43,592 - INFO - fastread - 67, 2470
2019-01-24 14:48:43,600 - INFO - fastread - 67, 2480
2019-01-24 14:48:43,602 - INFO - fastread - 67, 2490
2019-01-24 14:48:43,612 - INFO - fastread - 67, 2500
2019-01-24 14:48:43,612 - INFO - fastread - 67, 2510
2019-01-24 14:48:43,622 - INFO - fastread - 68, 2520
2019-01-24 14:48:43,622 - INFO - fastread - 68, 2530
2019-01-24 14:48:43,632 - INFO - fastread - 68, 2540
2019-01-24 14:48:43,641 - INFO - fastread - 68, 2550
2019-01-24 14:48:43,643 - INFO - fastread - 68, 2560
2019-01-24 14:48:43,653 - INFO - fastread - 68, 2570
2019-01-24 14:48:43,653 - INFO - fastread - 68, 2580
2019-01-24 14:48:43,653 - INFO - fastread - 68, 2590
2019-01-24 14:48:43,663 - INFO - fastread - 69, 2600
2019-01-24 14:48:43,673 - INFO - fastread - 69, 2610
2019-01-24 14:48:43,673 - INFO - fastread - 69, 2620
2019-01-24 14:48:43,683 - INFO - fastread - 69, 2630
2019-01-24 14:48:43,683 - INFO - fastread - 70, 2640
2019-01-24 14:48:43,693 - INFO - fastread - 70, 2650
2019-01-24 14:48:43,693 - INFO - fastread - 70, 2660
2019-01-24 14:48:43,703 - INFO - fastread - 70, 2670
2019-01-24 14:48:43,711 - INFO - fastread - 70, 2680
2019-01-24 14:48:43,713 - INFO - fastread - 70, 2690
2019-01-24 14:48:43,721 - INFO - fastread - 70, 2700
2019-01-24 14:48:43,723 - INFO - fastread - 70, 2710
2019-01-24 14:48:43,731 - INFO - fastread - 70, 2720
2019-01-24 14:48:43,733 - INFO - fastread - 70, 2730
2019-01-24 14:48:43,743 - INFO - fastread - 70, 2740
2019-01-24 14:48:43,743 - INFO - fastread - 70, 2750
2019-01-24 14:48:43,754 - INFO - fastread - 70, 2760
2019-01-24 14:48:43,754 - INFO - fastread - 70, 2770
2019-01-24 14:48:43,764 - INFO - fastread - 70, 2780
2019-01-24 14:48:43,772 - INFO - fastread - 70, 2790
2019-01-24 14:48:43,774 - INFO - fastread - 70, 2800
2019-01-24 14:48:43,782 - INFO - fastread - 70, 2810
2019-01-24 14:48:43,784 - INFO - fastread - 70, 2820
2019-01-24 14:48:43,784 - INFO - fastread - 70, 2830
2019-01-24 14:48:43,792 - INFO - fastread - 70, 2840
2019-01-24 14:48:43,794 - INFO - fastread - 70, 2850
2019-01-24 14:48:43,794 - INFO - fastread - 70, 2860
2019-01-24 14:48:43,794 - INFO - fastread - 70, 2870
2019-01-24 14:48:43,804 - INFO - fastread - 70, 2880
2019-01-24 14:48:43,812 - INFO - fastread - 70, 2890
2019-01-24 14:48:43,814 - INFO - fastread - 70, 2900
2019-01-24 14:48:43,822 - INFO - fastread - 70, 2910
2019-01-24 14:48:43,824 - INFO - fastread - 71, 2920
2019-01-24 14:48:43,824 - INFO - fastread - 71, 2930
2019-01-24 14:48:43,832 - INFO - fastread - 71, 2940
2019-01-24 14:48:43,834 - INFO - fastread - 72, 2950
2019-01-24 14:48:43,834 - INFO - fastread - 72, 2960
2019-01-24 14:48:43,842 - INFO - fastread - 73, 2970
2019-01-24 14:48:43,844 - INFO - fastread - 73, 2980
2019-01-24 14:48:43,855 - INFO - fastread - 74, 2990
2019-01-24 14:48:43,855 - INFO - fastread - 74, 3000
2019-01-24 14:48:43,865 - INFO - fastread - 74, 3010
2019-01-24 14:48:43,873 - INFO - fastread - 75, 3020
2019-01-24 14:48:43,875 - INFO - fastread - 75, 3030
2019-01-24 14:48:43,883 - INFO - fastread - 76, 3040
2019-01-24 14:48:43,885 - INFO - fastread - 76, 3050
2019-01-24 14:48:43,885 - INFO - fastread - 76, 3060
2019-01-24 14:48:43,895 - INFO - fastread - 76, 3070
2019-01-24 14:48:43,895 - INFO - fastread - 76, 3080
2019-01-24 14:48:43,905 - INFO - fastread - 76, 3090
2019-01-24 14:48:43,915 - INFO - fastread - 76, 3100
2019-01-24 14:48:43,923 - INFO - fastread - 76, 3110
2019-01-24 14:48:43,925 - INFO - fastread - 76, 3120
2019-01-24 14:48:43,935 - INFO - fastread - 77, 3130
2019-01-24 14:48:43,945 - INFO - fastread - 77, 3140
2019-01-24 14:48:43,953 - INFO - fastread - 77, 3150
2019-01-24 14:48:43,955 - INFO - fastread - 78, 3160
2019-01-24 14:48:43,965 - INFO - fastread - 78, 3170
2019-01-24 14:48:43,974 - INFO - fastread - 78, 3180
2019-01-24 14:48:43,976 - INFO - fastread - 78, 3190
2019-01-24 14:48:43,984 - INFO - fastread - 78, 3200
2019-01-24 14:48:43,986 - INFO - fastread - 78, 3210
2019-01-24 14:48:43,986 - INFO - fastread - 78, 3220
2019-01-24 14:48:43,994 - INFO - fastread - 78, 3230
2019-01-24 14:48:43,996 - INFO - fastread - 78, 3240
2019-01-24 14:48:43,996 - INFO - fastread - 79, 3250
2019-01-24 14:48:44,006 - INFO - fastread - 79, 3260
2019-01-24 14:48:44,006 - INFO - fastread - 79, 3270
2019-01-24 14:48:44,016 - INFO - fastread - 79, 3280
2019-01-24 14:48:44,016 - INFO - fastread - 79, 3290
2019-01-24 14:48:44,026 - INFO - fastread - 79, 3300
2019-01-24 14:48:44,034 - INFO - fastread - 79, 3310
2019-01-24 14:48:44,036 - INFO - fastread - 79, 3320
2019-01-24 14:48:44,046 - INFO - fastread - 81, 3330
2019-01-24 14:48:44,046 - INFO - fastread - 81, 3340
2019-01-24 14:48:44,056 - INFO - fastread - 81, 3350
2019-01-24 14:48:44,064 - INFO - fastread - 81, 3360
2019-01-24 14:48:44,066 - INFO - fastread - 81, 3370
2019-01-24 14:48:44,076 - INFO - fastread - 81, 3380
2019-01-24 14:48:44,076 - INFO - fastread - 82, 3390
2019-01-24 14:48:44,086 - INFO - fastread - 82, 3400
2019-01-24 14:48:44,086 - INFO - fastread - 82, 3410
2019-01-24 14:48:44,086 - INFO - fastread - 82, 3420
2019-01-24 14:48:44,096 - INFO - fastread - 82, 3430
2019-01-24 14:48:44,096 - INFO - fastread - 82, 3440
2019-01-24 14:48:44,096 - INFO - fastread - 82, 3450
2019-01-24 14:48:44,107 - INFO - fastread - 82, 3460
2019-01-24 14:48:44,107 - INFO - fastread - 82, 3470
2019-01-24 14:48:44,107 - INFO - fastread - 82, 3480
2019-01-24 14:48:44,117 - INFO - fastread - 82, 3490
2019-01-24 14:48:44,117 - INFO - fastread - 82, 3500
2019-01-24 14:48:44,117 - INFO - fastread - 82, 3510
2019-01-24 14:48:44,127 - INFO - fastread - 82, 3520
2019-01-24 14:48:44,127 - INFO - fastread - 82, 3530
2019-01-24 14:48:44,135 - INFO - fastread - 82, 3540
2019-01-24 14:48:44,137 - INFO - fastread - 82, 3550
2019-01-24 14:48:44,137 - INFO - fastread - 82, 3560
2019-01-24 14:48:44,137 - INFO - fastread - 82, 3570
2019-01-24 14:48:44,147 - INFO - fastread - 82, 3580
2019-01-24 14:48:44,147 - INFO - fastread - 82, 3590
2019-01-24 14:48:44,157 - INFO - fastread - 83, 3600
2019-01-24 14:48:44,157 - INFO - fastread - 83, 3610
2019-01-24 14:48:44,167 - INFO - fastread - 83, 3620
2019-01-24 14:48:44,175 - INFO - fastread - 83, 3630
2019-01-24 14:48:44,177 - INFO - fastread - 83, 3640
2019-01-24 14:48:44,177 - INFO - fastread - 83, 3650
2019-01-24 14:48:44,187 - INFO - fastread - 83, 3660
2019-01-24 14:48:44,187 - INFO - fastread - 83, 3670
2019-01-24 14:48:44,197 - INFO - fastread - 84, 3680
2019-01-24 14:48:44,197 - INFO - fastread - 85, 3690
2019-01-24 14:48:44,207 - INFO - fastread - 85, 3700
2019-01-24 14:48:44,207 - INFO - fastread - 85, 3710
2019-01-24 14:48:44,215 - INFO - fastread - 85, 3720
2019-01-24 14:48:44,217 - INFO - fastread - 85, 3730
2019-01-24 14:48:44,217 - INFO - fastread - 86, 3740
2019-01-24 14:48:44,227 - INFO - fastread - 86, 3750
2019-01-24 14:48:44,227 - INFO - fastread - 88, 3760
2019-01-24 14:48:44,237 - INFO - fastread - 89, 3770
2019-01-24 14:48:44,246 - INFO - fastread - 89, 3780
2019-01-24 14:48:44,248 - INFO - fastread - 89, 3790
2019-01-24 14:48:44,258 - INFO - fastread - 90, 3800
2019-01-24 14:48:44,258 - INFO - fastread - 91, 3810
2019-01-24 14:48:44,268 - INFO - fastread - 91, 3820
2019-01-24 14:48:44,268 - INFO - fastread - 92, 3830
2019-01-24 14:48:44,276 - INFO - fastread - 93, 3840
2019-01-24 14:48:44,278 - INFO - fastread - 93, 3850
2019-01-24 14:48:44,278 - INFO - fastread - 93, 3860
2019-01-24 14:48:44,290 - INFO - fastread - 93, 3870
2019-01-24 14:48:44,294 - INFO - fastread - 93, 3880
2019-01-24 14:48:44,300 - INFO - fastread - 93, 3890
2019-01-24 14:48:44,301 - INFO - fastread - 94, 3900
2019-01-24 14:48:44,309 - INFO - fastread - 94, 3910
2019-01-24 14:48:44,319 - INFO - fastread - 94, 3920
2019-01-24 14:48:44,319 - INFO - fastread - 94, 3930
2019-01-24 14:48:44,319 - INFO - fastread - 95, 3940
2019-01-24 14:48:44,329 - INFO - fastread - 95, 3950
2019-01-24 14:48:44,329 - INFO - fastread - 95, 3960
2019-01-24 14:48:44,339 - INFO - fastread - 95, 3970
2019-01-24 14:48:44,339 - INFO - fastread - 95, 3980
2019-01-24 14:48:44,347 - INFO - fastread - 96, 3990
2019-01-24 14:48:44,349 - INFO - fastread - 96, 4000
2019-01-24 14:48:44,349 - INFO - fastread - 96, 4010
2019-01-24 14:48:44,359 - INFO - fastread - 96, 4020
2019-01-24 14:48:44,359 - INFO - fastread - 96, 4030
2019-01-24 14:48:44,367 - INFO - fastread - 96, 4040
2019-01-24 14:48:44,369 - INFO - fastread - 97, 4050
2019-01-24 14:48:44,369 - INFO - fastread - 99, 4060
2019-01-24 14:48:44,377 - INFO - fastread - 101, 4070
2019-01-24 14:48:44,379 - INFO - fastread - 102, 4080
2019-01-24 14:48:44,389 - INFO - fastread - 102, 4090
2019-01-24 14:48:44,389 - INFO - fastread - 102, 4100
2019-01-24 14:48:44,399 - INFO - fastread - 102, 4110
2019-01-24 14:48:44,399 - INFO - fastread - 102, 4120
2019-01-24 14:48:44,407 - INFO - fastread - 103, 4130
2019-01-24 14:48:44,409 - INFO - fastread - 103, 4140
2019-01-24 14:48:44,409 - INFO - fastread - 103, 4150
2019-01-24 14:48:44,419 - INFO - fastread - 104, 4160
2019-01-24 14:48:44,419 - INFO - fastread - 104, 4170
2019-01-24 14:48:44,430 - INFO - fastread - 104, 4180
2019-01-24 14:48:44,430 - INFO - fastread - 104, 4190
2019-01-24 14:48:44,440 - INFO - fastread - 104, 4200
2019-01-24 14:48:44,440 - INFO - fastread - 104, 4210
2019-01-24 14:48:44,450 - INFO - fastread - 105, 4220
2019-01-24 14:48:44,450 - INFO - fastread - 106, 4230
2019-01-24 14:48:44,460 - INFO - fastread - 106, 4240
2019-01-24 14:48:44,468 - INFO - fastread - 106, 4250
2019-01-24 14:48:44,470 - INFO - fastread - 107, 4260
2019-01-24 14:48:44,480 - INFO - fastread - 107, 4270
2019-01-24 14:48:44,488 - INFO - fastread - 107, 4280
2019-01-24 14:48:44,490 - INFO - fastread - 107, 4290
2019-01-24 14:48:44,500 - INFO - fastread - 107, 4300
2019-01-24 14:48:44,500 - INFO - fastread - 107, 4310
2019-01-24 14:48:44,510 - INFO - fastread - 107, 4320
2019-01-24 14:48:44,520 - INFO - fastread - 108, 4330
2019-01-24 14:48:44,520 - INFO - fastread - 108, 4340
2019-01-24 14:48:44,530 - INFO - fastread - 109, 4350
2019-01-24 14:48:44,541 - INFO - fastread - 109, 4360
2019-01-24 14:48:44,541 - INFO - fastread - 110, 4370
2019-01-24 14:48:44,551 - INFO - fastread - 111, 4380
2019-01-24 14:48:44,559 - INFO - fastread - 111, 4390
2019-01-24 14:48:44,561 - INFO - fastread - 111, 4400
2019-01-24 14:48:44,571 - INFO - fastread - 111, 4410
2019-01-24 14:48:44,581 - INFO - fastread - 111, 4420
2019-01-24 14:48:44,581 - INFO - fastread - 111, 4430
2019-01-24 14:48:44,589 - INFO - fastread - 111, 4440
2019-01-24 14:48:44,591 - INFO - fastread - 111, 4450
2019-01-24 14:48:44,591 - INFO - fastread - 111, 4460
2019-01-24 14:48:44,601 - INFO - fastread - 112, 4470
2019-01-24 14:48:44,611 - INFO - fastread - 112, 4480
2019-01-24 14:48:44,619 - INFO - fastread - 112, 4490
2019-01-24 14:48:44,621 - INFO - fastread - 112, 4500
2019-01-24 14:48:44,629 - INFO - fastread - 112, 4510
2019-01-24 14:48:44,631 - INFO - fastread - 112, 4520
2019-01-24 14:48:44,641 - INFO - fastread - 113, 4530
2019-01-24 14:48:44,651 - INFO - fastread - 113, 4540
2019-01-24 14:48:44,651 - INFO - fastread - 114, 4550
2019-01-24 14:48:44,662 - INFO - fastread - 114, 4560
2019-01-24 14:48:44,670 - INFO - fastread - 115, 4570
2019-01-24 14:48:44,672 - INFO - fastread - 116, 4580
2019-01-24 14:48:44,672 - INFO - fastread - 116, 4590
2019-01-24 14:48:44,682 - INFO - fastread - 116, 4600
2019-01-24 14:48:44,692 - INFO - fastread - 116, 4610
2019-01-24 14:48:44,692 - INFO - fastread - 116, 4620
2019-01-24 14:48:44,702 - INFO - fastread - 117, 4630
2019-01-24 14:48:44,702 - INFO - fastread - 117, 4640
2019-01-24 14:48:44,712 - INFO - fastread - 117, 4650
2019-01-24 14:48:44,712 - INFO - fastread - 117, 4660
2019-01-24 14:48:44,722 - INFO - fastread - 117, 4670
2019-01-24 14:48:44,722 - INFO - fastread - 117, 4680
2019-01-24 14:48:44,732 - INFO - fastread - 117, 4690
2019-01-24 14:48:44,742 - INFO - fastread - 117, 4700
2019-01-24 14:48:44,742 - INFO - fastread - 118, 4710
2019-01-24 14:48:44,752 - INFO - fastread - 118, 4720
2019-01-24 14:48:44,752 - INFO - fastread - 118, 4730
2019-01-24 14:48:44,762 - INFO - fastread - 118, 4740
2019-01-24 14:48:44,773 - INFO - fastread - 118, 4750
2019-01-24 14:48:44,773 - INFO - fastread - 118, 4760
2019-01-24 14:48:44,783 - INFO - fastread - 118, 4770
2019-01-24 14:48:44,783 - INFO - fastread - 118, 4780
2019-01-24 14:48:44,791 - INFO - fastread - 118, 4790
2019-01-24 14:48:44,793 - INFO - fastread - 120, 4800
2019-01-24 14:48:44,801 - INFO - fastread - 120, 4810
2019-01-24 14:48:44,803 - INFO - fastread - 120, 4820
2019-01-24 14:48:44,813 - INFO - fastread - 120, 4830
2019-01-24 14:48:44,821 - INFO - fastread - 121, 4840
2019-01-24 14:48:44,823 - INFO - fastread - 121, 4850
2019-01-24 14:48:44,833 - INFO - fastread - 121, 4860
2019-01-24 14:48:44,843 - INFO - fastread - 121, 4870
2019-01-24 14:48:44,851 - INFO - fastread - 121, 4880
2019-01-24 14:48:44,853 - INFO - fastread - 121, 4890
2019-01-24 14:48:44,861 - INFO - fastread - 121, 4900
2019-01-24 14:48:44,863 - INFO - fastread - 122, 4910
2019-01-24 14:48:44,883 - INFO - rig - ++++NEW CLF++++ SVM
2019-01-24 14:48:44,883 - INFO - fastread - Total Yes: 128 | Total No: 5033
2019-01-24 14:48:45,681 - INFO - fastread - 9, 10
2019-01-24 14:48:45,691 - INFO - fastread - 19, 20
2019-01-24 14:48:45,691 - INFO - fastread - 27, 30
2019-01-24 14:48:45,700 - INFO - fastread - 35, 40
2019-01-24 14:48:45,702 - INFO - fastread - 43, 50
2019-01-24 14:48:45,702 - INFO - fastread - 50, 60
2019-01-24 14:48:45,702 - INFO - fastread - 56, 70
2019-01-24 14:48:45,712 - INFO - fastread - 61, 80
2019-01-24 14:48:45,712 - INFO - fastread - 63, 90
2019-01-24 14:48:45,722 - INFO - fastread - 67, 100
2019-01-24 14:48:45,722 - INFO - fastread - 70, 110
2019-01-24 14:48:45,722 - INFO - fastread - 72, 120
2019-01-24 14:48:45,730 - INFO - fastread - 75, 130
2019-01-24 14:48:45,732 - INFO - fastread - 75, 140
2019-01-24 14:48:45,732 - INFO - fastread - 77, 150
2019-01-24 14:48:45,740 - INFO - fastread - 82, 160
2019-01-24 14:48:45,742 - INFO - fastread - 83, 170
2019-01-24 14:48:45,750 - INFO - fastread - 84, 180
2019-01-24 14:48:45,752 - INFO - fastread - 84, 190
2019-01-24 14:48:45,760 - INFO - fastread - 88, 200
2019-01-24 14:48:45,762 - INFO - fastread - 90, 210
2019-01-24 14:48:45,762 - INFO - fastread - 90, 220
2019-01-24 14:48:45,770 - INFO - fastread - 90, 230
2019-01-24 14:48:45,772 - INFO - fastread - 92, 240
2019-01-24 14:48:45,772 - INFO - fastread - 92, 250
2019-01-24 14:48:45,772 - INFO - fastread - 92, 260
2019-01-24 14:48:45,782 - INFO - fastread - 92, 270
2019-01-24 14:48:45,782 - INFO - fastread - 93, 280
2019-01-24 14:48:45,782 - INFO - fastread - 94, 290
2019-01-24 14:48:45,790 - INFO - fastread - 95, 300
2019-01-24 14:48:45,792 - INFO - fastread - 97, 310
2019-01-24 14:48:45,792 - INFO - fastread - 98, 320
2019-01-24 14:48:45,792 - INFO - fastread - 98, 330
2019-01-24 14:48:45,802 - INFO - fastread - 99, 340
2019-01-24 14:48:45,802 - INFO - fastread - 101, 350
2019-01-24 14:48:45,802 - INFO - fastread - 101, 360
2019-01-24 14:48:45,812 - INFO - fastread - 103, 370
2019-01-24 14:48:45,812 - INFO - fastread - 104, 380
2019-01-24 14:48:45,823 - INFO - fastread - 104, 390
2019-01-24 14:48:45,823 - INFO - fastread - 104, 400
2019-01-24 14:48:45,831 - INFO - fastread - 104, 410
2019-01-24 14:48:45,833 - INFO - fastread - 104, 420
2019-01-24 14:48:45,841 - INFO - fastread - 104, 430
2019-01-24 14:48:45,843 - INFO - fastread - 104, 440
2019-01-24 14:48:45,853 - INFO - fastread - 104, 450
2019-01-24 14:48:45,853 - INFO - fastread - 104, 460
2019-01-24 14:48:45,863 - INFO - fastread - 105, 470
2019-01-24 14:48:45,871 - INFO - fastread - 105, 480
2019-01-24 14:48:45,873 - INFO - fastread - 105, 490
2019-01-24 14:48:45,883 - INFO - fastread - 105, 500
2019-01-24 14:48:45,883 - INFO - fastread - 105, 510
2019-01-24 14:48:45,893 - INFO - fastread - 106, 520
2019-01-24 14:48:45,901 - INFO - fastread - 107, 530
2019-01-24 14:48:45,903 - INFO - fastread - 107, 540
2019-01-24 14:48:45,903 - INFO - fastread - 107, 550
2019-01-24 14:48:45,913 - INFO - fastread - 107, 560
2019-01-24 14:48:45,913 - INFO - fastread - 108, 570
2019-01-24 14:48:45,921 - INFO - fastread - 109, 580
2019-01-24 14:48:45,924 - INFO - fastread - 109, 590
2019-01-24 14:48:45,924 - INFO - fastread - 110, 600
2019-01-24 14:48:45,932 - INFO - fastread - 110, 610
2019-01-24 14:48:45,934 - INFO - fastread - 110, 620
2019-01-24 14:48:45,942 - INFO - fastread - 110, 630
2019-01-24 14:48:45,944 - INFO - fastread - 110, 640
2019-01-24 14:48:45,954 - INFO - fastread - 110, 650
2019-01-24 14:48:45,954 - INFO - fastread - 110, 660
2019-01-24 14:48:45,964 - INFO - fastread - 110, 670
2019-01-24 14:48:45,964 - INFO - fastread - 110, 680
2019-01-24 14:48:45,972 - INFO - fastread - 110, 690
2019-01-24 14:48:45,974 - INFO - fastread - 111, 700
2019-01-24 14:48:45,974 - INFO - fastread - 112, 710
2019-01-24 14:48:45,974 - INFO - fastread - 112, 720
2019-01-24 14:48:45,984 - INFO - fastread - 112, 730
2019-01-24 14:48:45,984 - INFO - fastread - 112, 740
2019-01-24 14:48:45,992 - INFO - fastread - 112, 750
2019-01-24 14:48:45,994 - INFO - fastread - 113, 760
2019-01-24 14:48:45,994 - INFO - fastread - 113, 770
2019-01-24 14:48:46,002 - INFO - fastread - 113, 780
2019-01-24 14:48:46,004 - INFO - fastread - 113, 790
2019-01-24 14:48:46,004 - INFO - fastread - 113, 800
2019-01-24 14:48:46,012 - INFO - fastread - 113, 810
2019-01-24 14:48:46,014 - INFO - fastread - 113, 820
2019-01-24 14:48:46,014 - INFO - fastread - 113, 830
2019-01-24 14:48:46,024 - INFO - fastread - 113, 840
2019-01-24 14:48:46,024 - INFO - fastread - 113, 850
2019-01-24 14:48:46,034 - INFO - fastread - 113, 860
2019-01-24 14:48:46,034 - INFO - fastread - 114, 870
2019-01-24 14:48:46,044 - INFO - fastread - 114, 880
2019-01-24 14:48:46,044 - INFO - fastread - 114, 890
2019-01-24 14:48:46,055 - INFO - fastread - 114, 900
2019-01-24 14:48:46,055 - INFO - fastread - 114, 910
2019-01-24 14:48:46,065 - INFO - fastread - 115, 920
2019-01-24 14:48:46,073 - INFO - fastread - 115, 930
2019-01-24 14:48:46,075 - INFO - fastread - 115, 940
2019-01-24 14:48:46,083 - INFO - fastread - 115, 950
2019-01-24 14:48:46,085 - INFO - fastread - 115, 960
2019-01-24 14:48:46,093 - INFO - fastread - 115, 970
2019-01-24 14:48:46,095 - INFO - fastread - 115, 980
2019-01-24 14:48:46,103 - INFO - fastread - 115, 990
2019-01-24 14:48:46,105 - INFO - fastread - 115, 1000
2019-01-24 14:48:46,113 - INFO - fastread - 115, 1010
2019-01-24 14:48:46,115 - INFO - fastread - 116, 1020
2019-01-24 14:48:46,123 - INFO - fastread - 116, 1030
2019-01-24 14:48:46,125 - INFO - fastread - 116, 1040
2019-01-24 14:48:46,133 - INFO - fastread - 116, 1050
2019-01-24 14:48:46,135 - INFO - fastread - 116, 1060
2019-01-24 14:48:46,143 - INFO - fastread - 116, 1070
2019-01-24 14:48:46,145 - INFO - fastread - 116, 1080
2019-01-24 14:48:46,153 - INFO - fastread - 116, 1090
2019-01-24 14:48:46,155 - INFO - fastread - 116, 1100
2019-01-24 14:48:46,163 - INFO - fastread - 116, 1110
2019-01-24 14:48:46,165 - INFO - fastread - 116, 1120
2019-01-24 14:48:46,165 - INFO - fastread - 116, 1130
2019-01-24 14:48:46,173 - INFO - fastread - 116, 1140
2019-01-24 14:48:46,176 - INFO - fastread - 116, 1150
2019-01-24 14:48:46,176 - INFO - fastread - 116, 1160
2019-01-24 14:48:46,184 - INFO - fastread - 116, 1170
2019-01-24 14:48:46,186 - INFO - fastread - 116, 1180
2019-01-24 14:48:46,186 - INFO - fastread - 116, 1190
2019-01-24 14:48:46,186 - INFO - fastread - 116, 1200
2019-01-24 14:48:46,196 - INFO - fastread - 116, 1210
2019-01-24 14:48:46,196 - INFO - fastread - 116, 1220
2019-01-24 14:48:46,204 - INFO - fastread - 116, 1230
2019-01-24 14:48:46,206 - INFO - fastread - 116, 1240
2019-01-24 14:48:46,216 - INFO - fastread - 116, 1250
2019-01-24 14:48:46,216 - INFO - fastread - 116, 1260
2019-01-24 14:48:46,226 - INFO - fastread - 116, 1270
2019-01-24 14:48:46,226 - INFO - fastread - 116, 1280
2019-01-24 14:48:46,236 - INFO - fastread - 116, 1290
2019-01-24 14:48:46,236 - INFO - fastread - 116, 1300
2019-01-24 14:48:46,246 - INFO - fastread - 116, 1310
2019-01-24 14:48:46,246 - INFO - fastread - 116, 1320
2019-01-24 14:48:46,257 - INFO - fastread - 116, 1330
2019-01-24 14:48:46,265 - INFO - fastread - 116, 1340
2019-01-24 14:48:46,267 - INFO - fastread - 116, 1350
2019-01-24 14:48:46,275 - INFO - fastread - 116, 1360
2019-01-24 14:48:46,277 - INFO - fastread - 116, 1370
2019-01-24 14:48:46,277 - INFO - fastread - 116, 1380
2019-01-24 14:48:46,288 - INFO - fastread - 116, 1390
2019-01-24 14:48:46,289 - INFO - fastread - 116, 1400
2019-01-24 14:48:46,297 - INFO - fastread - 116, 1410
2019-01-24 14:48:46,297 - INFO - fastread - 116, 1420
2019-01-24 14:48:46,307 - INFO - fastread - 116, 1430
2019-01-24 14:48:46,307 - INFO - fastread - 116, 1440
2019-01-24 14:48:46,317 - INFO - fastread - 116, 1450
2019-01-24 14:48:46,317 - INFO - fastread - 116, 1460
2019-01-24 14:48:46,327 - INFO - fastread - 116, 1470
2019-01-24 14:48:46,327 - INFO - fastread - 116, 1480
2019-01-24 14:48:46,327 - INFO - fastread - 116, 1490
2019-01-24 14:48:46,335 - INFO - fastread - 116, 1500
2019-01-24 14:48:46,337 - INFO - fastread - 116, 1510
2019-01-24 14:48:46,337 - INFO - fastread - 116, 1520
2019-01-24 14:48:46,347 - INFO - fastread - 116, 1530
2019-01-24 14:48:46,347 - INFO - fastread - 116, 1540
2019-01-24 14:48:46,347 - INFO - fastread - 116, 1550
2019-01-24 14:48:46,358 - INFO - fastread - 116, 1560
2019-01-24 14:48:46,358 - INFO - fastread - 116, 1570
2019-01-24 14:48:46,358 - INFO - fastread - 116, 1580
2019-01-24 14:48:46,368 - INFO - fastread - 116, 1590
2019-01-24 14:48:46,368 - INFO - fastread - 116, 1600
2019-01-24 14:48:46,368 - INFO - fastread - 116, 1610
2019-01-24 14:48:46,376 - INFO - fastread - 116, 1620
2019-01-24 14:48:46,378 - INFO - fastread - 116, 1630
2019-01-24 14:48:46,378 - INFO - fastread - 116, 1640
2019-01-24 14:48:46,386 - INFO - fastread - 116, 1650
2019-01-24 14:48:46,388 - INFO - fastread - 116, 1660
2019-01-24 14:48:46,388 - INFO - fastread - 116, 1670
2019-01-24 14:48:46,398 - INFO - fastread - 116, 1680
2019-01-24 14:48:46,398 - INFO - fastread - 116, 1690
2019-01-24 14:48:46,406 - INFO - fastread - 116, 1700
2019-01-24 14:48:46,408 - INFO - fastread - 116, 1710
2019-01-24 14:48:46,408 - INFO - fastread - 116, 1720
2019-01-24 14:48:46,416 - INFO - fastread - 116, 1730
2019-01-24 14:48:46,418 - INFO - fastread - 116, 1740
2019-01-24 14:48:46,418 - INFO - fastread - 116, 1750
2019-01-24 14:48:46,428 - INFO - fastread - 116, 1760
2019-01-24 14:48:46,428 - INFO - fastread - 116, 1770
2019-01-24 14:48:46,436 - INFO - fastread - 116, 1780
2019-01-24 14:48:46,438 - INFO - fastread - 116, 1790
2019-01-24 14:48:46,438 - INFO - fastread - 116, 1800
2019-01-24 14:48:46,448 - INFO - fastread - 116, 1810
2019-01-24 14:48:46,448 - INFO - fastread - 116, 1820
2019-01-24 14:48:46,458 - INFO - fastread - 116, 1830
2019-01-24 14:48:46,458 - INFO - fastread - 116, 1840
2019-01-24 14:48:46,468 - INFO - fastread - 116, 1850
2019-01-24 14:48:46,476 - INFO - fastread - 116, 1860
2019-01-24 14:48:46,478 - INFO - fastread - 116, 1870
2019-01-24 14:48:46,486 - INFO - fastread - 116, 1880
2019-01-24 14:48:46,488 - INFO - fastread - 117, 1890
2019-01-24 14:48:46,499 - INFO - fastread - 117, 1900
2019-01-24 14:48:46,499 - INFO - fastread - 117, 1910
2019-01-24 14:48:46,509 - INFO - fastread - 117, 1920
2019-01-24 14:48:46,509 - INFO - fastread - 117, 1930
2019-01-24 14:48:46,519 - INFO - fastread - 117, 1940
2019-01-24 14:48:46,527 - INFO - fastread - 117, 1950
2019-01-24 14:48:46,529 - INFO - fastread - 117, 1960
2019-01-24 14:48:46,529 - INFO - fastread - 117, 1970
2019-01-24 14:48:46,537 - INFO - fastread - 117, 1980
2019-01-24 14:48:46,539 - INFO - fastread - 117, 1990
2019-01-24 14:48:46,539 - INFO - fastread - 117, 2000
2019-01-24 14:48:46,547 - INFO - fastread - 117, 2010
2019-01-24 14:48:46,549 - INFO - fastread - 117, 2020
2019-01-24 14:48:46,557 - INFO - fastread - 117, 2030
2019-01-24 14:48:46,559 - INFO - fastread - 117, 2040
2019-01-24 14:48:46,567 - INFO - fastread - 117, 2050
2019-01-24 14:48:46,569 - INFO - fastread - 117, 2060
2019-01-24 14:48:46,569 - INFO - fastread - 117, 2070
2019-01-24 14:48:46,579 - INFO - fastread - 117, 2080
2019-01-24 14:48:46,579 - INFO - fastread - 117, 2090
2019-01-24 14:48:46,579 - INFO - fastread - 117, 2100
2019-01-24 14:48:46,589 - INFO - fastread - 117, 2110
2019-01-24 14:48:46,589 - INFO - fastread - 117, 2120
2019-01-24 14:48:46,589 - INFO - fastread - 117, 2130
2019-01-24 14:48:46,599 - INFO - fastread - 117, 2140
2019-01-24 14:48:46,599 - INFO - fastread - 117, 2150
2019-01-24 14:48:46,599 - INFO - fastread - 117, 2160
2019-01-24 14:48:46,610 - INFO - fastread - 117, 2170
2019-01-24 14:48:46,610 - INFO - fastread - 117, 2180
2019-01-24 14:48:46,620 - INFO - fastread - 117, 2190
2019-01-24 14:48:46,620 - INFO - fastread - 117, 2200
2019-01-24 14:48:46,630 - INFO - fastread - 117, 2210
2019-01-24 14:48:46,630 - INFO - fastread - 118, 2220
2019-01-24 14:48:46,640 - INFO - fastread - 118, 2230
2019-01-24 14:48:46,640 - INFO - fastread - 118, 2240
2019-01-24 14:48:46,640 - INFO - fastread - 118, 2250
2019-01-24 14:48:46,650 - INFO - fastread - 118, 2260
2019-01-24 14:48:46,658 - INFO - fastread - 118, 2270
2019-01-24 14:48:46,660 - INFO - fastread - 118, 2280
2019-01-24 14:48:46,670 - INFO - fastread - 118, 2290
2019-01-24 14:48:46,670 - INFO - fastread - 118, 2300
2019-01-24 14:48:46,680 - INFO - fastread - 118, 2310
2019-01-24 14:48:46,680 - INFO - fastread - 118, 2320
2019-01-24 14:48:46,688 - INFO - fastread - 118, 2330
2019-01-24 14:48:46,690 - INFO - fastread - 118, 2340
2019-01-24 14:48:46,690 - INFO - fastread - 118, 2350
2019-01-24 14:48:46,690 - INFO - fastread - 118, 2360
2019-01-24 14:48:46,700 - INFO - fastread - 118, 2370
2019-01-24 14:48:46,700 - INFO - fastread - 118, 2380
2019-01-24 14:48:46,700 - INFO - fastread - 118, 2390
2019-01-24 14:48:46,708 - INFO - fastread - 118, 2400
2019-01-24 14:48:46,710 - INFO - fastread - 118, 2410
2019-01-24 14:48:46,718 - INFO - fastread - 118, 2420
2019-01-24 14:48:46,720 - INFO - fastread - 118, 2430
2019-01-24 14:48:46,728 - INFO - fastread - 118, 2440
2019-01-24 14:48:46,730 - INFO - fastread - 118, 2450
2019-01-24 14:48:46,738 - INFO - fastread - 118, 2460
2019-01-24 14:48:46,741 - INFO - fastread - 118, 2470
2019-01-24 14:48:46,749 - INFO - fastread - 118, 2480
2019-01-24 14:48:46,751 - INFO - fastread - 118, 2490
2019-01-24 14:48:46,759 - INFO - fastread - 118, 2500
2019-01-24 14:48:46,761 - INFO - fastread - 118, 2510
2019-01-24 14:48:46,769 - INFO - fastread - 118, 2520
2019-01-24 14:48:46,771 - INFO - fastread - 118, 2530
2019-01-24 14:48:46,781 - INFO - fastread - 118, 2540
2019-01-24 14:48:46,781 - INFO - fastread - 118, 2550
2019-01-24 14:48:46,791 - INFO - fastread - 118, 2560
2019-01-24 14:48:46,791 - INFO - fastread - 118, 2570
2019-01-24 14:48:46,801 - INFO - fastread - 118, 2580
2019-01-24 14:48:46,809 - INFO - fastread - 118, 2590
2019-01-24 14:48:46,811 - INFO - fastread - 118, 2600
2019-01-24 14:48:46,811 - INFO - fastread - 118, 2610
2019-01-24 14:48:46,821 - INFO - fastread - 118, 2620
2019-01-24 14:48:46,821 - INFO - fastread - 118, 2630
2019-01-24 14:48:46,831 - INFO - fastread - 118, 2640
2019-01-24 14:48:46,831 - INFO - fastread - 118, 2650
2019-01-24 14:48:46,841 - INFO - fastread - 118, 2660
2019-01-24 14:48:46,841 - INFO - fastread - 118, 2670
2019-01-24 14:48:46,851 - INFO - fastread - 118, 2680
2019-01-24 14:48:46,859 - INFO - fastread - 118, 2690
2019-01-24 14:48:46,861 - INFO - fastread - 118, 2700
2019-01-24 14:48:46,861 - INFO - fastread - 118, 2710
2019-01-24 14:48:46,872 - INFO - fastread - 118, 2720
2019-01-24 14:48:46,872 - INFO - fastread - 118, 2730
2019-01-24 14:48:46,872 - INFO - fastread - 118, 2740
2019-01-24 14:48:46,882 - INFO - fastread - 118, 2750
2019-01-24 14:48:46,882 - INFO - fastread - 118, 2760
2019-01-24 14:48:46,882 - INFO - fastread - 118, 2770
2019-01-24 14:48:46,892 - INFO - fastread - 118, 2780
2019-01-24 14:48:46,892 - INFO - fastread - 118, 2790
2019-01-24 14:48:46,892 - INFO - fastread - 118, 2800
2019-01-24 14:48:46,902 - INFO - fastread - 118, 2810
2019-01-24 14:48:46,902 - INFO - fastread - 118, 2820
2019-01-24 14:48:46,902 - INFO - fastread - 118, 2830
2019-01-24 14:48:46,910 - INFO - fastread - 118, 2840
2019-01-24 14:48:46,912 - INFO - fastread - 118, 2850
2019-01-24 14:48:46,922 - INFO - fastread - 118, 2860
2019-01-24 14:48:46,922 - INFO - fastread - 118, 2870
2019-01-24 14:48:46,932 - INFO - fastread - 118, 2880
2019-01-24 14:48:46,932 - INFO - fastread - 118, 2890
2019-01-24 14:48:46,942 - INFO - fastread - 118, 2900
2019-01-24 14:48:46,950 - INFO - fastread - 118, 2910
2019-01-24 14:48:46,952 - INFO - fastread - 118, 2920
2019-01-24 14:48:46,960 - INFO - fastread - 118, 2930
2019-01-24 14:48:46,962 - INFO - fastread - 118, 2940
2019-01-24 14:48:46,962 - INFO - fastread - 118, 2950
2019-01-24 14:48:46,973 - INFO - fastread - 118, 2960
2019-01-24 14:48:46,973 - INFO - fastread - 118, 2970
2019-01-24 14:48:46,973 - INFO - fastread - 118, 2980
2019-01-24 14:48:46,983 - INFO - fastread - 118, 2990
2019-01-24 14:48:46,983 - INFO - fastread - 118, 3000
2019-01-24 14:48:46,983 - INFO - fastread - 118, 3010
2019-01-24 14:48:46,993 - INFO - fastread - 118, 3020
2019-01-24 14:48:47,003 - INFO - fastread - 118, 3030
2019-01-24 14:48:47,003 - INFO - fastread - 118, 3040
2019-01-24 14:48:47,013 - INFO - fastread - 118, 3050
2019-01-24 14:48:47,013 - INFO - fastread - 118, 3060
2019-01-24 14:48:47,021 - INFO - fastread - 118, 3070
2019-01-24 14:48:47,023 - INFO - fastread - 118, 3080
2019-01-24 14:48:47,023 - INFO - fastread - 118, 3090
2019-01-24 14:48:47,033 - INFO - fastread - 118, 3100
2019-01-24 14:48:47,041 - INFO - fastread - 118, 3110
2019-01-24 14:48:47,043 - INFO - fastread - 118, 3120
2019-01-24 14:48:47,054 - INFO - fastread - 118, 3130
2019-01-24 14:48:47,054 - INFO - fastread - 118, 3140
2019-01-24 14:48:47,062 - INFO - fastread - 119, 3150
2019-01-24 14:48:47,064 - INFO - fastread - 119, 3160
2019-01-24 14:48:47,072 - INFO - fastread - 120, 3170
2019-01-24 14:48:47,074 - INFO - fastread - 120, 3180
2019-01-24 14:48:47,084 - INFO - fastread - 120, 3190
2019-01-24 14:48:47,092 - INFO - fastread - 120, 3200
2019-01-24 14:48:47,094 - INFO - fastread - 120, 3210
2019-01-24 14:48:47,094 - INFO - fastread - 120, 3220
2019-01-24 14:48:47,104 - INFO - fastread - 120, 3230
2019-01-24 14:48:47,112 - INFO - fastread - 120, 3240
2019-01-24 14:48:47,114 - INFO - fastread - 120, 3250
2019-01-24 14:48:47,124 - INFO - fastread - 121, 3260
2019-01-24 14:48:47,134 - INFO - fastread - 121, 3270
2019-01-24 14:48:47,134 - INFO - fastread - 121, 3280
2019-01-24 14:48:47,144 - INFO - fastread - 121, 3290
2019-01-24 14:48:47,144 - INFO - fastread - 121, 3300
2019-01-24 14:48:47,154 - INFO - fastread - 121, 3310
2019-01-24 14:48:47,163 - INFO - fastread - 121, 3320
2019-01-24 14:48:47,165 - INFO - fastread - 121, 3330
2019-01-24 14:48:47,175 - INFO - fastread - 121, 3340
2019-01-24 14:48:47,175 - INFO - fastread - 121, 3350
2019-01-24 14:48:47,185 - INFO - fastread - 121, 3360
2019-01-24 14:48:47,185 - INFO - fastread - 121, 3370
2019-01-24 14:48:47,195 - INFO - fastread - 121, 3380
2019-01-24 14:48:47,195 - INFO - fastread - 121, 3390
2019-01-24 14:48:47,205 - INFO - fastread - 121, 3400
2019-01-24 14:48:47,213 - INFO - fastread - 121, 3410
2019-01-24 14:48:47,215 - INFO - fastread - 121, 3420
2019-01-24 14:48:47,225 - INFO - fastread - 121, 3430
2019-01-24 14:48:47,225 - INFO - fastread - 121, 3440
2019-01-24 14:48:47,235 - INFO - fastread - 121, 3450
2019-01-24 14:48:47,245 - INFO - fastread - 121, 3460
2019-01-24 14:48:47,245 - INFO - fastread - 121, 3470
2019-01-24 14:48:47,255 - INFO - fastread - 121, 3480
2019-01-24 14:48:47,255 - INFO - fastread - 122, 3490
2019-01-24 14:48:47,275 - INFO - rig - ++++NEW CLF++++ DT
2019-01-24 14:48:47,275 - INFO - fastread - Total Yes: 128 | Total No: 5033
2019-01-24 14:48:47,407 - INFO - fastread - 6, 10
2019-01-24 14:48:47,407 - INFO - fastread - 11, 20
2019-01-24 14:48:47,415 - INFO - fastread - 16, 30
2019-01-24 14:48:47,417 - INFO - fastread - 20, 40
2019-01-24 14:48:47,417 - INFO - fastread - 26, 50
2019-01-24 14:48:47,417 - INFO - fastread - 32, 60
2019-01-24 14:48:47,427 - INFO - fastread - 39, 70
2019-01-24 14:48:47,427 - INFO - fastread - 42, 80
2019-01-24 14:48:47,437 - INFO - fastread - 48, 90
2019-01-24 14:48:47,437 - INFO - fastread - 54, 100
2019-01-24 14:48:47,447 - INFO - fastread - 61, 110
2019-01-24 14:48:47,455 - INFO - fastread - 63, 120
2019-01-24 14:48:47,457 - INFO - fastread - 63, 130
2019-01-24 14:48:47,457 - INFO - fastread - 63, 140
2019-01-24 14:48:47,467 - INFO - fastread - 63, 150
2019-01-24 14:48:47,467 - INFO - fastread - 63, 160
2019-01-24 14:48:47,477 - INFO - fastread - 63, 170
2019-01-24 14:48:47,485 - INFO - fastread - 63, 180
2019-01-24 14:48:47,487 - INFO - fastread - 63, 190
2019-01-24 14:48:47,495 - INFO - fastread - 63, 200
2019-01-24 14:48:47,497 - INFO - fastread - 63, 210
2019-01-24 14:48:47,505 - INFO - fastread - 63, 220
2019-01-24 14:48:47,507 - INFO - fastread - 63, 230
2019-01-24 14:48:47,507 - INFO - fastread - 63, 240
2019-01-24 14:48:47,515 - INFO - fastread - 63, 250
2019-01-24 14:48:47,517 - INFO - fastread - 63, 260
2019-01-24 14:48:47,517 - INFO - fastread - 63, 270
2019-01-24 14:48:47,525 - INFO - fastread - 63, 280
2019-01-24 14:48:47,527 - INFO - fastread - 63, 290
2019-01-24 14:48:47,535 - INFO - fastread - 64, 300
2019-01-24 14:48:47,537 - INFO - fastread - 64, 310
2019-01-24 14:48:47,537 - INFO - fastread - 64, 320
2019-01-24 14:48:47,546 - INFO - fastread - 64, 330
2019-01-24 14:48:47,548 - INFO - fastread - 64, 340
2019-01-24 14:48:47,548 - INFO - fastread - 64, 350
2019-01-24 14:48:47,558 - INFO - fastread - 64, 360
2019-01-24 14:48:47,558 - INFO - fastread - 64, 370
2019-01-24 14:48:47,566 - INFO - fastread - 64, 380
2019-01-24 14:48:47,568 - INFO - fastread - 64, 390
2019-01-24 14:48:47,568 - INFO - fastread - 64, 400
2019-01-24 14:48:47,578 - INFO - fastread - 64, 410
2019-01-24 14:48:47,578 - INFO - fastread - 64, 420
2019-01-24 14:48:47,588 - INFO - fastread - 64, 430
2019-01-24 14:48:47,588 - INFO - fastread - 64, 440
2019-01-24 14:48:47,599 - INFO - fastread - 64, 450
2019-01-24 14:48:47,599 - INFO - fastread - 64, 460
2019-01-24 14:48:47,609 - INFO - fastread - 64, 470
2019-01-24 14:48:47,609 - INFO - fastread - 64, 480
2019-01-24 14:48:47,609 - INFO - fastread - 64, 490
2019-01-24 14:48:47,619 - INFO - fastread - 64, 500
2019-01-24 14:48:47,619 - INFO - fastread - 64, 510
2019-01-24 14:48:47,627 - INFO - fastread - 64, 520
2019-01-24 14:48:47,629 - INFO - fastread - 66, 530
2019-01-24 14:48:47,629 - INFO - fastread - 66, 540
2019-01-24 14:48:47,639 - INFO - fastread - 66, 550
2019-01-24 14:48:47,639 - INFO - fastread - 66, 560
2019-01-24 14:48:47,639 - INFO - fastread - 66, 570
2019-01-24 14:48:47,649 - INFO - fastread - 66, 580
2019-01-24 14:48:47,657 - INFO - fastread - 66, 590
2019-01-24 14:48:47,659 - INFO - fastread - 66, 600
2019-01-24 14:48:47,667 - INFO - fastread - 66, 610
2019-01-24 14:48:47,669 - INFO - fastread - 67, 620
2019-01-24 14:48:47,677 - INFO - fastread - 68, 630
2019-01-24 14:48:47,679 - INFO - fastread - 68, 640
2019-01-24 14:48:47,687 - INFO - fastread - 68, 650
2019-01-24 14:48:47,689 - INFO - fastread - 68, 660
2019-01-24 14:48:47,689 - INFO - fastread - 68, 670
2019-01-24 14:48:47,689 - INFO - fastread - 68, 680
2019-01-24 14:48:47,699 - INFO - fastread - 69, 690
2019-01-24 14:48:47,699 - INFO - fastread - 69, 700
2019-01-24 14:48:47,699 - INFO - fastread - 69, 710
2019-01-24 14:48:47,710 - INFO - fastread - 69, 720
2019-01-24 14:48:47,710 - INFO - fastread - 69, 730
2019-01-24 14:48:47,710 - INFO - fastread - 70, 740
2019-01-24 14:48:47,720 - INFO - fastread - 70, 750
2019-01-24 14:48:47,720 - INFO - fastread - 71, 760
2019-01-24 14:48:47,720 - INFO - fastread - 72, 770
2019-01-24 14:48:47,728 - INFO - fastread - 72, 780
2019-01-24 14:48:47,730 - INFO - fastread - 72, 790
2019-01-24 14:48:47,738 - INFO - fastread - 72, 800
2019-01-24 14:48:47,740 - INFO - fastread - 72, 810
2019-01-24 14:48:47,740 - INFO - fastread - 72, 820
2019-01-24 14:48:47,740 - INFO - fastread - 72, 830
2019-01-24 14:48:47,750 - INFO - fastread - 72, 840
2019-01-24 14:48:47,758 - INFO - fastread - 72, 850
2019-01-24 14:48:47,760 - INFO - fastread - 72, 860
2019-01-24 14:48:47,768 - INFO - fastread - 73, 870
2019-01-24 14:48:47,770 - INFO - fastread - 73, 880
2019-01-24 14:48:47,778 - INFO - fastread - 73, 890
2019-01-24 14:48:47,780 - INFO - fastread - 73, 900
2019-01-24 14:48:47,788 - INFO - fastread - 73, 910
2019-01-24 14:48:47,790 - INFO - fastread - 73, 920
2019-01-24 14:48:47,798 - INFO - fastread - 73, 930
2019-01-24 14:48:47,800 - INFO - fastread - 73, 940
2019-01-24 14:48:47,809 - INFO - fastread - 73, 950
2019-01-24 14:48:47,811 - INFO - fastread - 73, 960
2019-01-24 14:48:47,819 - INFO - fastread - 73, 970
2019-01-24 14:48:47,821 - INFO - fastread - 73, 980
2019-01-24 14:48:47,829 - INFO - fastread - 74, 990
2019-01-24 14:48:47,831 - INFO - fastread - 74, 1000
2019-01-24 14:48:47,839 - INFO - fastread - 74, 1010
2019-01-24 14:48:47,841 - INFO - fastread - 74, 1020
2019-01-24 14:48:47,849 - INFO - fastread - 75, 1030
2019-01-24 14:48:47,851 - INFO - fastread - 75, 1040
2019-01-24 14:48:47,859 - INFO - fastread - 75, 1050
2019-01-24 14:48:47,861 - INFO - fastread - 75, 1060
2019-01-24 14:48:47,869 - INFO - fastread - 75, 1070
2019-01-24 14:48:47,871 - INFO - fastread - 75, 1080
2019-01-24 14:48:47,879 - INFO - fastread - 75, 1090
2019-01-24 14:48:47,881 - INFO - fastread - 75, 1100
2019-01-24 14:48:47,889 - INFO - fastread - 75, 1110
2019-01-24 14:48:47,891 - INFO - fastread - 76, 1120
2019-01-24 14:48:47,899 - INFO - fastread - 76, 1130
2019-01-24 14:48:47,902 - INFO - fastread - 76, 1140
2019-01-24 14:48:47,910 - INFO - fastread - 76, 1150
2019-01-24 14:48:47,912 - INFO - fastread - 76, 1160
2019-01-24 14:48:47,922 - INFO - fastread - 76, 1170
2019-01-24 14:48:47,922 - INFO - fastread - 76, 1180
2019-01-24 14:48:47,932 - INFO - fastread - 76, 1190
2019-01-24 14:48:47,932 - INFO - fastread - 76, 1200
2019-01-24 14:48:47,942 - INFO - fastread - 76, 1210
2019-01-24 14:48:47,942 - INFO - fastread - 76, 1220
2019-01-24 14:48:47,952 - INFO - fastread - 76, 1230
2019-01-24 14:48:47,952 - INFO - fastread - 76, 1240
2019-01-24 14:48:47,962 - INFO - fastread - 76, 1250
2019-01-24 14:48:47,962 - INFO - fastread - 76, 1260
2019-01-24 14:48:47,972 - INFO - fastread - 76, 1270
2019-01-24 14:48:47,972 - INFO - fastread - 77, 1280
2019-01-24 14:48:47,982 - INFO - fastread - 77, 1290
2019-01-24 14:48:47,982 - INFO - fastread - 77, 1300
2019-01-24 14:48:47,993 - INFO - fastread - 77, 1310
2019-01-24 14:48:47,993 - INFO - fastread - 77, 1320
2019-01-24 14:48:48,003 - INFO - fastread - 77, 1330
2019-01-24 14:48:48,003 - INFO - fastread - 78, 1340
2019-01-24 14:48:48,013 - INFO - fastread - 78, 1350
2019-01-24 14:48:48,013 - INFO - fastread - 78, 1360
2019-01-24 14:48:48,023 - INFO - fastread - 79, 1370
2019-01-24 14:48:48,023 - INFO - fastread - 79, 1380
2019-01-24 14:48:48,031 - INFO - fastread - 79, 1390
2019-01-24 14:48:48,033 - INFO - fastread - 79, 1400
2019-01-24 14:48:48,041 - INFO - fastread - 79, 1410
2019-01-24 14:48:48,043 - INFO - fastread - 79, 1420
2019-01-24 14:48:48,051 - INFO - fastread - 79, 1430
2019-01-24 14:48:48,053 - INFO - fastread - 79, 1440
2019-01-24 14:48:48,061 - INFO - fastread - 79, 1450
2019-01-24 14:48:48,063 - INFO - fastread - 79, 1460
2019-01-24 14:48:48,063 - INFO - fastread - 79, 1470
2019-01-24 14:48:48,073 - INFO - fastread - 79, 1480
2019-01-24 14:48:48,073 - INFO - fastread - 79, 1490
2019-01-24 14:48:48,083 - INFO - fastread - 79, 1500
2019-01-24 14:48:48,083 - INFO - fastread - 79, 1510
2019-01-24 14:48:48,093 - INFO - fastread - 79, 1520
2019-01-24 14:48:48,093 - INFO - fastread - 80, 1530
2019-01-24 14:48:48,093 - INFO - fastread - 80, 1540
2019-01-24 14:48:48,101 - INFO - fastread - 80, 1550
2019-01-24 14:48:48,103 - INFO - fastread - 81, 1560
2019-01-24 14:48:48,103 - INFO - fastread - 81, 1570
2019-01-24 14:48:48,111 - INFO - fastread - 81, 1580
2019-01-24 14:48:48,113 - INFO - fastread - 81, 1590
2019-01-24 14:48:48,113 - INFO - fastread - 81, 1600
2019-01-24 14:48:48,121 - INFO - fastread - 81, 1610
2019-01-24 14:48:48,123 - INFO - fastread - 81, 1620
2019-01-24 14:48:48,123 - INFO - fastread - 81, 1630
2019-01-24 14:48:48,123 - INFO - fastread - 81, 1640
2019-01-24 14:48:48,132 - INFO - fastread - 81, 1650
2019-01-24 14:48:48,134 - INFO - fastread - 81, 1660
2019-01-24 14:48:48,134 - INFO - fastread - 81, 1670
2019-01-24 14:48:48,134 - INFO - fastread - 81, 1680
2019-01-24 14:48:48,144 - INFO - fastread - 81, 1690
2019-01-24 14:48:48,144 - INFO - fastread - 82, 1700
2019-01-24 14:48:48,144 - INFO - fastread - 83, 1710
2019-01-24 14:48:48,152 - INFO - fastread - 83, 1720
2019-01-24 14:48:48,154 - INFO - fastread - 83, 1730
2019-01-24 14:48:48,162 - INFO - fastread - 84, 1740
2019-01-24 14:48:48,164 - INFO - fastread - 84, 1750
2019-01-24 14:48:48,164 - INFO - fastread - 84, 1760
2019-01-24 14:48:48,164 - INFO - fastread - 84, 1770
2019-01-24 14:48:48,174 - INFO - fastread - 84, 1780
2019-01-24 14:48:48,174 - INFO - fastread - 84, 1790
2019-01-24 14:48:48,182 - INFO - fastread - 84, 1800
2019-01-24 14:48:48,184 - INFO - fastread - 84, 1810
2019-01-24 14:48:48,192 - INFO - fastread - 84, 1820
2019-01-24 14:48:48,194 - INFO - fastread - 84, 1830
2019-01-24 14:48:48,202 - INFO - fastread - 84, 1840
2019-01-24 14:48:48,204 - INFO - fastread - 84, 1850
2019-01-24 14:48:48,212 - INFO - fastread - 85, 1860
2019-01-24 14:48:48,214 - INFO - fastread - 85, 1870
2019-01-24 14:48:48,222 - INFO - fastread - 85, 1880
2019-01-24 14:48:48,224 - INFO - fastread - 85, 1890
2019-01-24 14:48:48,234 - INFO - fastread - 87, 1900
2019-01-24 14:48:48,234 - INFO - fastread - 87, 1910
2019-01-24 14:48:48,244 - INFO - fastread - 87, 1920
2019-01-24 14:48:48,244 - INFO - fastread - 87, 1930
2019-01-24 14:48:48,255 - INFO - fastread - 87, 1940
2019-01-24 14:48:48,263 - INFO - fastread - 87, 1950
2019-01-24 14:48:48,265 - INFO - fastread - 87, 1960
2019-01-24 14:48:48,273 - INFO - fastread - 87, 1970
2019-01-24 14:48:48,275 - INFO - fastread - 87, 1980
2019-01-24 14:48:48,285 - INFO - fastread - 87, 1990
2019-01-24 14:48:48,285 - INFO - fastread - 87, 2000
2019-01-24 14:48:48,295 - INFO - fastread - 87, 2010
2019-01-24 14:48:48,296 - INFO - fastread - 87, 2020
2019-01-24 14:48:48,296 - INFO - fastread - 87, 2030
2019-01-24 14:48:48,304 - INFO - fastread - 87, 2040
2019-01-24 14:48:48,306 - INFO - fastread - 87, 2050
2019-01-24 14:48:48,306 - INFO - fastread - 87, 2060
2019-01-24 14:48:48,314 - INFO - fastread - 87, 2070
2019-01-24 14:48:48,316 - INFO - fastread - 87, 2080
2019-01-24 14:48:48,326 - INFO - fastread - 87, 2090
2019-01-24 14:48:48,326 - INFO - fastread - 87, 2100
2019-01-24 14:48:48,326 - INFO - fastread - 87, 2110
2019-01-24 14:48:48,336 - INFO - fastread - 87, 2120
2019-01-24 14:48:48,336 - INFO - fastread - 87, 2130
2019-01-24 14:48:48,344 - INFO - fastread - 87, 2140
2019-01-24 14:48:48,346 - INFO - fastread - 87, 2150
2019-01-24 14:48:48,346 - INFO - fastread - 87, 2160
2019-01-24 14:48:48,356 - INFO - fastread - 87, 2170
2019-01-24 14:48:48,356 - INFO - fastread - 87, 2180
2019-01-24 14:48:48,366 - INFO - fastread - 87, 2190
2019-01-24 14:48:48,374 - INFO - fastread - 87, 2200
2019-01-24 14:48:48,376 - INFO - fastread - 88, 2210
2019-01-24 14:48:48,384 - INFO - fastread - 89, 2220
2019-01-24 14:48:48,386 - INFO - fastread - 89, 2230
2019-01-24 14:48:48,396 - INFO - fastread - 89, 2240
2019-01-24 14:48:48,396 - INFO - fastread - 89, 2250
2019-01-24 14:48:48,407 - INFO - fastread - 89, 2260
2019-01-24 14:48:48,415 - INFO - fastread - 89, 2270
2019-01-24 14:48:48,417 - INFO - fastread - 89, 2280
2019-01-24 14:48:48,427 - INFO - fastread - 89, 2290
2019-01-24 14:48:48,427 - INFO - fastread - 89, 2300
2019-01-24 14:48:48,437 - INFO - fastread - 89, 2310
2019-01-24 14:48:48,447 - INFO - fastread - 89, 2320
2019-01-24 14:48:48,447 - INFO - fastread - 89, 2330
2019-01-24 14:48:48,457 - INFO - fastread - 89, 2340
2019-01-24 14:48:48,467 - INFO - fastread - 89, 2350
2019-01-24 14:48:48,467 - INFO - fastread - 90, 2360
2019-01-24 14:48:48,477 - INFO - fastread - 90, 2370
2019-01-24 14:48:48,477 - INFO - fastread - 90, 2380
2019-01-24 14:48:48,487 - INFO - fastread - 90, 2390
2019-01-24 14:48:48,495 - INFO - fastread - 90, 2400
2019-01-24 14:48:48,497 - INFO - fastread - 90, 2410
2019-01-24 14:48:48,505 - INFO - fastread - 90, 2420
2019-01-24 14:48:48,507 - INFO - fastread - 90, 2430
2019-01-24 14:48:48,507 - INFO - fastread - 90, 2440
2019-01-24 14:48:48,517 - INFO - fastread - 90, 2450
2019-01-24 14:48:48,517 - INFO - fastread - 90, 2460
2019-01-24 14:48:48,527 - INFO - fastread - 90, 2470
2019-01-24 14:48:48,527 - INFO - fastread - 90, 2480
2019-01-24 14:48:48,538 - INFO - fastread - 90, 2490
2019-01-24 14:48:48,538 - INFO - fastread - 90, 2500
2019-01-24 14:48:48,546 - INFO - fastread - 90, 2510
2019-01-24 14:48:48,548 - INFO - fastread - 90, 2520
2019-01-24 14:48:48,548 - INFO - fastread - 90, 2530
2019-01-24 14:48:48,558 - INFO - fastread - 90, 2540
2019-01-24 14:48:48,558 - INFO - fastread - 90, 2550
2019-01-24 14:48:48,568 - INFO - fastread - 90, 2560
2019-01-24 14:48:48,576 - INFO - fastread - 90, 2570
2019-01-24 14:48:48,578 - INFO - fastread - 91, 2580
2019-01-24 14:48:48,588 - INFO - fastread - 91, 2590
2019-01-24 14:48:48,588 - INFO - fastread - 91, 2600
2019-01-24 14:48:48,598 - INFO - fastread - 91, 2610
2019-01-24 14:48:48,608 - INFO - fastread - 91, 2620
2019-01-24 14:48:48,608 - INFO - fastread - 92, 2630
2019-01-24 14:48:48,619 - INFO - fastread - 92, 2640
2019-01-24 14:48:48,629 - INFO - fastread - 92, 2650
2019-01-24 14:48:48,629 - INFO - fastread - 92, 2660
2019-01-24 14:48:48,639 - INFO - fastread - 92, 2670
2019-01-24 14:48:48,649 - INFO - fastread - 92, 2680
2019-01-24 14:48:48,657 - INFO - fastread - 92, 2690
2019-01-24 14:48:48,659 - INFO - fastread - 92, 2700
2019-01-24 14:48:48,669 - INFO - fastread - 92, 2710
2019-01-24 14:48:48,678 - INFO - fastread - 92, 2720
2019-01-24 14:48:48,680 - INFO - fastread - 92, 2730
2019-01-24 14:48:48,690 - INFO - fastread - 92, 2740
2019-01-24 14:48:48,698 - INFO - fastread - 92, 2750
2019-01-24 14:48:48,700 - INFO - fastread - 92, 2760
2019-01-24 14:48:48,710 - INFO - fastread - 92, 2770
2019-01-24 14:48:48,710 - INFO - fastread - 92, 2780
2019-01-24 14:48:48,720 - INFO - fastread - 92, 2790
2019-01-24 14:48:48,720 - INFO - fastread - 92, 2800
2019-01-24 14:48:48,730 - INFO - fastread - 92, 2810
2019-01-24 14:48:48,740 - INFO - fastread - 92, 2820
2019-01-24 14:48:48,740 - INFO - fastread - 92, 2830
2019-01-24 14:48:48,750 - INFO - fastread - 92, 2840
2019-01-24 14:48:48,760 - INFO - fastread - 92, 2850
2019-01-24 14:48:48,760 - INFO - fastread - 92, 2860
2019-01-24 14:48:48,770 - INFO - fastread - 92, 2870
2019-01-24 14:48:48,770 - INFO - fastread - 92, 2880
2019-01-24 14:48:48,778 - INFO - fastread - 92, 2890
2019-01-24 14:48:48,780 - INFO - fastread - 92, 2900
2019-01-24 14:48:48,791 - INFO - fastread - 92, 2910
2019-01-24 14:48:48,799 - INFO - fastread - 92, 2920
2019-01-24 14:48:48,801 - INFO - fastread - 92, 2930
2019-01-24 14:48:48,809 - INFO - fastread - 93, 2940
2019-01-24 14:48:48,811 - INFO - fastread - 93, 2950
2019-01-24 14:48:48,811 - INFO - fastread - 93, 2960
2019-01-24 14:48:48,821 - INFO - fastread - 93, 2970
2019-01-24 14:48:48,821 - INFO - fastread - 93, 2980
2019-01-24 14:48:48,821 - INFO - fastread - 93, 2990
2019-01-24 14:48:48,831 - INFO - fastread - 93, 3000
2019-01-24 14:48:48,831 - INFO - fastread - 93, 3010
2019-01-24 14:48:48,841 - INFO - fastread - 94, 3020
2019-01-24 14:48:48,841 - INFO - fastread - 94, 3030
2019-01-24 14:48:48,849 - INFO - fastread - 94, 3040
2019-01-24 14:48:48,851 - INFO - fastread - 95, 3050
2019-01-24 14:48:48,851 - INFO - fastread - 95, 3060
2019-01-24 14:48:48,861 - INFO - fastread - 95, 3070
2019-01-24 14:48:48,861 - INFO - fastread - 95, 3080
2019-01-24 14:48:48,871 - INFO - fastread - 95, 3090
2019-01-24 14:48:48,871 - INFO - fastread - 95, 3100
2019-01-24 14:48:48,871 - INFO - fastread - 95, 3110
2019-01-24 14:48:48,881 - INFO - fastread - 95, 3120
2019-01-24 14:48:48,889 - INFO - fastread - 95, 3130
2019-01-24 14:48:48,891 - INFO - fastread - 95, 3140
2019-01-24 14:48:48,899 - INFO - fastread - 96, 3150
2019-01-24 14:48:48,902 - INFO - fastread - 96, 3160
2019-01-24 14:48:48,902 - INFO - fastread - 96, 3170
2019-01-24 14:48:48,912 - INFO - fastread - 97, 3180
2019-01-24 14:48:48,912 - INFO - fastread - 97, 3190
2019-01-24 14:48:48,912 - INFO - fastread - 97, 3200
2019-01-24 14:48:48,922 - INFO - fastread - 97, 3210
2019-01-24 14:48:48,930 - INFO - fastread - 97, 3220
2019-01-24 14:48:48,932 - INFO - fastread - 97, 3230
2019-01-24 14:48:48,942 - INFO - fastread - 97, 3240
2019-01-24 14:48:48,942 - INFO - fastread - 97, 3250
2019-01-24 14:48:48,950 - INFO - fastread - 97, 3260
2019-01-24 14:48:48,952 - INFO - fastread - 98, 3270
2019-01-24 14:48:48,952 - INFO - fastread - 98, 3280
2019-01-24 14:48:48,962 - INFO - fastread - 98, 3290
2019-01-24 14:48:48,962 - INFO - fastread - 98, 3300
2019-01-24 14:48:48,972 - INFO - fastread - 98, 3310
2019-01-24 14:48:48,980 - INFO - fastread - 98, 3320
2019-01-24 14:48:48,982 - INFO - fastread - 98, 3330
2019-01-24 14:48:48,992 - INFO - fastread - 98, 3340
2019-01-24 14:48:49,002 - INFO - fastread - 99, 3350
2019-01-24 14:48:49,013 - INFO - fastread - 99, 3360
2019-01-24 14:48:49,013 - INFO - fastread - 99, 3370
2019-01-24 14:48:49,023 - INFO - fastread - 99, 3380
2019-01-24 14:48:49,031 - INFO - fastread - 99, 3390
2019-01-24 14:48:49,041 - INFO - fastread - 99, 3400
2019-01-24 14:48:49,043 - INFO - fastread - 100, 3410
2019-01-24 14:48:49,053 - INFO - fastread - 100, 3420
2019-01-24 14:48:49,063 - INFO - fastread - 100, 3430
2019-01-24 14:48:49,071 - INFO - fastread - 100, 3440
2019-01-24 14:48:49,073 - INFO - fastread - 100, 3450
2019-01-24 14:48:49,083 - INFO - fastread - 100, 3460
2019-01-24 14:48:49,091 - INFO - fastread - 100, 3470
2019-01-24 14:48:49,093 - INFO - fastread - 100, 3480
2019-01-24 14:48:49,093 - INFO - fastread - 100, 3490
2019-01-24 14:48:49,103 - INFO - fastread - 100, 3500
2019-01-24 14:48:49,113 - INFO - fastread - 100, 3510
2019-01-24 14:48:49,122 - INFO - fastread - 100, 3520
2019-01-24 14:48:49,124 - INFO - fastread - 100, 3530
2019-01-24 14:48:49,134 - INFO - fastread - 100, 3540
2019-01-24 14:48:49,142 - INFO - fastread - 100, 3550
2019-01-24 14:48:49,144 - INFO - fastread - 100, 3560
2019-01-24 14:48:49,154 - INFO - fastread - 100, 3570
2019-01-24 14:48:49,164 - INFO - fastread - 100, 3580
2019-01-24 14:48:49,164 - INFO - fastread - 100, 3590
2019-01-24 14:48:49,174 - INFO - fastread - 101, 3600
2019-01-24 14:48:49,174 - INFO - fastread - 101, 3610
2019-01-24 14:48:49,184 - INFO - fastread - 101, 3620
2019-01-24 14:48:49,184 - INFO - fastread - 101, 3630
2019-01-24 14:48:49,194 - INFO - fastread - 101, 3640
2019-01-24 14:48:49,202 - INFO - fastread - 101, 3650
2019-01-24 14:48:49,204 - INFO - fastread - 101, 3660
2019-01-24 14:48:49,204 - INFO - fastread - 101, 3670
2019-01-24 14:48:49,214 - INFO - fastread - 101, 3680
2019-01-24 14:48:49,214 - INFO - fastread - 101, 3690
2019-01-24 14:48:49,225 - INFO - fastread - 101, 3700
2019-01-24 14:48:49,225 - INFO - fastread - 103, 3710
2019-01-24 14:48:49,235 - INFO - fastread - 103, 3720
2019-01-24 14:48:49,235 - INFO - fastread - 103, 3730
2019-01-24 14:48:49,245 - INFO - fastread - 103, 3740
2019-01-24 14:48:49,255 - INFO - fastread - 104, 3750
2019-01-24 14:48:49,263 - INFO - fastread - 104, 3760
2019-01-24 14:48:49,265 - INFO - fastread - 104, 3770
2019-01-24 14:48:49,275 - INFO - fastread - 105, 3780
2019-01-24 14:48:49,275 - INFO - fastread - 105, 3790
2019-01-24 14:48:49,286 - INFO - fastread - 105, 3800
2019-01-24 14:48:49,294 - INFO - fastread - 105, 3810
2019-01-24 14:48:49,296 - INFO - fastread - 106, 3820
2019-01-24 14:48:49,306 - INFO - fastread - 106, 3830
2019-01-24 14:48:49,316 - INFO - fastread - 106, 3840
2019-01-24 14:48:49,316 - INFO - fastread - 107, 3850
2019-01-24 14:48:49,326 - INFO - fastread - 107, 3860
2019-01-24 14:48:49,334 - INFO - fastread - 107, 3870
2019-01-24 14:48:49,336 - INFO - fastread - 107, 3880
2019-01-24 14:48:49,336 - INFO - fastread - 107, 3890
2019-01-24 14:48:49,346 - INFO - fastread - 107, 3900
2019-01-24 14:48:49,356 - INFO - fastread - 107, 3910
2019-01-24 14:48:49,356 - INFO - fastread - 107, 3920
2019-01-24 14:48:49,366 - INFO - fastread - 107, 3930
2019-01-24 14:48:49,366 - INFO - fastread - 107, 3940
2019-01-24 14:48:49,374 - INFO - fastread - 107, 3950
2019-01-24 14:48:49,376 - INFO - fastread - 107, 3960
2019-01-24 14:48:49,376 - INFO - fastread - 107, 3970
2019-01-24 14:48:49,387 - INFO - fastread - 108, 3980
2019-01-24 14:48:49,387 - INFO - fastread - 108, 3990
2019-01-24 14:48:49,395 - INFO - fastread - 108, 4000
2019-01-24 14:48:49,397 - INFO - fastread - 108, 4010
2019-01-24 14:48:49,397 - INFO - fastread - 108, 4020
2019-01-24 14:48:49,407 - INFO - fastread - 108, 4030
2019-01-24 14:48:49,407 - INFO - fastread - 108, 4040
2019-01-24 14:48:49,415 - INFO - fastread - 108, 4050
2019-01-24 14:48:49,417 - INFO - fastread - 109, 4060
2019-01-24 14:48:49,425 - INFO - fastread - 109, 4070
2019-01-24 14:48:49,427 - INFO - fastread - 109, 4080
2019-01-24 14:48:49,437 - INFO - fastread - 109, 4090
2019-01-24 14:48:49,437 - INFO - fastread - 109, 4100
2019-01-24 14:48:49,447 - INFO - fastread - 109, 4110
2019-01-24 14:48:49,455 - INFO - fastread - 112, 4120
2019-01-24 14:48:49,457 - INFO - fastread - 112, 4130
2019-01-24 14:48:49,467 - INFO - fastread - 112, 4140
2019-01-24 14:48:49,467 - INFO - fastread - 113, 4150
2019-01-24 14:48:49,477 - INFO - fastread - 113, 4160
2019-01-24 14:48:49,477 - INFO - fastread - 113, 4170
2019-01-24 14:48:49,477 - INFO - fastread - 113, 4180
2019-01-24 14:48:49,487 - INFO - fastread - 113, 4190
2019-01-24 14:48:49,487 - INFO - fastread - 113, 4200
2019-01-24 14:48:49,495 - INFO - fastread - 113, 4210
2019-01-24 14:48:49,497 - INFO - fastread - 114, 4220
2019-01-24 14:48:49,497 - INFO - fastread - 114, 4230
2019-01-24 14:48:49,497 - INFO - fastread - 114, 4240
2019-01-24 14:48:49,507 - INFO - fastread - 115, 4250
2019-01-24 14:48:49,507 - INFO - fastread - 115, 4260
2019-01-24 14:48:49,517 - INFO - fastread - 115, 4270
2019-01-24 14:48:49,526 - INFO - fastread - 116, 4280
2019-01-24 14:48:49,528 - INFO - fastread - 116, 4290
2019-01-24 14:48:49,536 - INFO - fastread - 116, 4300
2019-01-24 14:48:49,538 - INFO - fastread - 116, 4310
2019-01-24 14:48:49,546 - INFO - fastread - 116, 4320
2019-01-24 14:48:49,548 - INFO - fastread - 116, 4330
2019-01-24 14:48:49,548 - INFO - fastread - 117, 4340
2019-01-24 14:48:49,556 - INFO - fastread - 117, 4350
2019-01-24 14:48:49,558 - INFO - fastread - 117, 4360
2019-01-24 14:48:49,558 - INFO - fastread - 117, 4370
2019-01-24 14:48:49,566 - INFO - fastread - 117, 4380
2019-01-24 14:48:49,568 - INFO - fastread - 117, 4390
2019-01-24 14:48:49,568 - INFO - fastread - 117, 4400
2019-01-24 14:48:49,578 - INFO - fastread - 117, 4410
2019-01-24 14:48:49,586 - INFO - fastread - 117, 4420
2019-01-24 14:48:49,588 - INFO - fastread - 117, 4430
2019-01-24 14:48:49,596 - INFO - fastread - 117, 4440
2019-01-24 14:48:49,598 - INFO - fastread - 117, 4450
2019-01-24 14:48:49,606 - INFO - fastread - 118, 4460
2019-01-24 14:48:49,608 - INFO - fastread - 118, 4470
2019-01-24 14:48:49,608 - INFO - fastread - 118, 4480
2019-01-24 14:48:49,608 - INFO - fastread - 118, 4490
2019-01-24 14:48:49,618 - INFO - fastread - 118, 4500
2019-01-24 14:48:49,618 - INFO - fastread - 118, 4510
2019-01-24 14:48:49,618 - INFO - fastread - 118, 4520
2019-01-24 14:48:49,629 - INFO - fastread - 119, 4530
2019-01-24 14:48:49,629 - INFO - fastread - 120, 4540
2019-01-24 14:48:49,629 - INFO - fastread - 120, 4550
2019-01-24 14:48:49,639 - INFO - fastread - 120, 4560
2019-01-24 14:48:49,639 - INFO - fastread - 120, 4570
2019-01-24 14:48:49,639 - INFO - fastread - 120, 4580
2019-01-24 14:48:49,649 - INFO - fastread - 120, 4590
2019-01-24 14:48:49,657 - INFO - fastread - 120, 4600
2019-01-24 14:48:49,659 - INFO - fastread - 120, 4610
2019-01-24 14:48:49,669 - INFO - fastread - 120, 4620
2019-01-24 14:48:49,669 - INFO - fastread - 120, 4630
2019-01-24 14:48:49,669 - INFO - fastread - 120, 4640
2019-01-24 14:48:49,679 - INFO - fastread - 120, 4650
2019-01-24 14:48:49,679 - INFO - fastread - 120, 4660
2019-01-24 14:48:49,679 - INFO - fastread - 120, 4670
2019-01-24 14:48:49,689 - INFO - fastread - 120, 4680
2019-01-24 14:48:49,689 - INFO - fastread - 120, 4690
2019-01-24 14:48:49,689 - INFO - fastread - 120, 4700
2019-01-24 14:48:49,697 - INFO - fastread - 120, 4710
2019-01-24 14:48:49,699 - INFO - fastread - 120, 4720
2019-01-24 14:48:49,699 - INFO - fastread - 122, 4730
