2019-01-24 14:47:52,047 - INFO - rig - jruby-1.4.0
2019-01-24 14:47:52,160 - INFO - rig - ++++NEW CLF++++ FASTREAD
2019-01-24 14:47:52,160 - INFO - fastread - Total Yes: 311 | Total No: 2137
2019-01-24 14:47:52,545 - INFO - fastread - 0, 0
2019-01-24 14:47:53,596 - INFO - fastread - 3, 10
2019-01-24 14:47:54,837 - INFO - fastread - 6, 20
2019-01-24 14:47:55,927 - INFO - fastread - 8, 30
2019-01-24 14:47:57,058 - INFO - fastread - 11, 40
2019-01-24 14:47:58,288 - INFO - fastread - 20, 50
2019-01-24 14:47:59,490 - INFO - fastread - 30, 60
2019-01-24 14:48:00,681 - INFO - fastread - 40, 70
2019-01-24 14:48:02,053 - INFO - fastread - 50, 80
2019-01-24 14:48:03,328 - INFO - fastread - 60, 90
2019-01-24 14:48:04,521 - INFO - fastread - 70, 100
2019-01-24 14:48:05,649 - INFO - fastread - 80, 110
2019-01-24 14:48:06,933 - INFO - fastread - 89, 120
2019-01-24 14:48:08,077 - INFO - fastread - 99, 130
2019-01-24 14:48:09,380 - INFO - fastread - 107, 140
2019-01-24 14:48:10,773 - INFO - fastread - 117, 150
2019-01-24 14:48:11,968 - INFO - fastread - 126, 160
2019-01-24 14:48:13,138 - INFO - fastread - 135, 170
2019-01-24 14:48:14,307 - INFO - fastread - 141, 180
2019-01-24 14:48:15,554 - INFO - fastread - 148, 190
2019-01-24 14:48:16,806 - INFO - fastread - 151, 200
2019-01-24 14:48:18,048 - INFO - fastread - 159, 210
2019-01-24 14:48:19,374 - INFO - fastread - 166, 220
2019-01-24 14:48:20,909 - INFO - fastread - 175, 230
2019-01-24 14:48:22,171 - INFO - fastread - 184, 240
2019-01-24 14:48:23,443 - INFO - fastread - 192, 250
2019-01-24 14:48:24,827 - INFO - fastread - 202, 260
2019-01-24 14:48:26,280 - INFO - fastread - 212, 270
2019-01-24 14:48:27,595 - INFO - fastread - 219, 280
2019-01-24 14:48:28,968 - INFO - fastread - 229, 290
2019-01-24 14:48:30,392 - INFO - fastread - 238, 300
2019-01-24 14:48:31,927 - INFO - fastread - 248, 310
2019-01-24 14:48:33,461 - INFO - fastread - 257, 320
2019-01-24 14:48:34,926 - INFO - fastread - 262, 330
2019-01-24 14:48:36,390 - INFO - fastread - 267, 340
2019-01-24 14:48:37,776 - INFO - fastread - 272, 350
2019-01-24 14:48:39,189 - INFO - fastread - 273, 360
2019-01-24 14:48:40,643 - INFO - fastread - 273, 370
2019-01-24 14:48:42,004 - INFO - fastread - 276, 380
2019-01-24 14:48:43,440 - INFO - fastread - 278, 390
2019-01-24 14:48:44,843 - INFO - fastread - 279, 400
2019-01-24 14:48:46,236 - INFO - fastread - 280, 410
2019-01-24 14:48:47,730 - INFO - fastread - 282, 420
2019-01-24 14:48:49,336 - INFO - fastread - 283, 430
2019-01-24 14:48:51,081 - INFO - fastread - 285, 440
2019-01-24 14:48:52,649 - INFO - fastread - 289, 450
2019-01-24 14:48:54,326 - INFO - fastread - 289, 460
2019-01-24 14:48:56,183 - INFO - fastread - 291, 470
2019-01-24 14:48:57,891 - INFO - fastread - 292, 480
2019-01-24 14:48:59,536 - INFO - fastread - 293, 490
2019-01-24 14:49:01,174 - INFO - fastread - 293, 500
2019-01-24 14:49:02,861 - INFO - fastread - 294, 510
2019-01-24 14:49:04,519 - INFO - fastread - 294, 520
2019-01-24 14:49:06,135 - INFO - fastread - 294, 530
2019-01-24 14:49:07,739 - INFO - fastread - 295, 540
2019-01-24 14:49:08,254 - INFO - rig - ++++NEW CLF++++ NBM
2019-01-24 14:49:08,256 - INFO - fastread - Total Yes: 311 | Total No: 2137
2019-01-24 14:49:08,276 - INFO - fastread - 10, 10
2019-01-24 14:49:08,276 - INFO - fastread - 20, 20
2019-01-24 14:49:08,286 - INFO - fastread - 30, 30
2019-01-24 14:49:08,286 - INFO - fastread - 40, 40
2019-01-24 14:49:08,294 - INFO - fastread - 49, 50
2019-01-24 14:49:08,296 - INFO - fastread - 57, 60
2019-01-24 14:49:08,296 - INFO - fastread - 66, 70
2019-01-24 14:49:08,296 - INFO - fastread - 70, 80
2019-01-24 14:49:08,304 - INFO - fastread - 77, 90
2019-01-24 14:49:08,306 - INFO - fastread - 85, 100
2019-01-24 14:49:08,306 - INFO - fastread - 95, 110
2019-01-24 14:49:08,306 - INFO - fastread - 102, 120
2019-01-24 14:49:08,316 - INFO - fastread - 110, 130
2019-01-24 14:49:08,316 - INFO - fastread - 118, 140
2019-01-24 14:49:08,316 - INFO - fastread - 126, 150
2019-01-24 14:49:08,324 - INFO - fastread - 134, 160
2019-01-24 14:49:08,326 - INFO - fastread - 139, 170
2019-01-24 14:49:08,326 - INFO - fastread - 144, 180
2019-01-24 14:49:08,326 - INFO - fastread - 148, 190
2019-01-24 14:49:08,326 - INFO - fastread - 152, 200
2019-01-24 14:49:08,337 - INFO - fastread - 160, 210
2019-01-24 14:49:08,337 - INFO - fastread - 167, 220
2019-01-24 14:49:08,337 - INFO - fastread - 171, 230
2019-01-24 14:49:08,337 - INFO - fastread - 173, 240
2019-01-24 14:49:08,345 - INFO - fastread - 178, 250
2019-01-24 14:49:08,347 - INFO - fastread - 182, 260
2019-01-24 14:49:08,347 - INFO - fastread - 187, 270
2019-01-24 14:49:08,347 - INFO - fastread - 192, 280
2019-01-24 14:49:08,355 - INFO - fastread - 193, 290
2019-01-24 14:49:08,357 - INFO - fastread - 197, 300
2019-01-24 14:49:08,357 - INFO - fastread - 199, 310
2019-01-24 14:49:08,365 - INFO - fastread - 202, 320
2019-01-24 14:49:08,367 - INFO - fastread - 203, 330
2019-01-24 14:49:08,367 - INFO - fastread - 204, 340
2019-01-24 14:49:08,375 - INFO - fastread - 205, 350
2019-01-24 14:49:08,377 - INFO - fastread - 205, 360
2019-01-24 14:49:08,377 - INFO - fastread - 205, 370
2019-01-24 14:49:08,387 - INFO - fastread - 205, 380
2019-01-24 14:49:08,387 - INFO - fastread - 205, 390
2019-01-24 14:49:08,387 - INFO - fastread - 205, 400
2019-01-24 14:49:08,397 - INFO - fastread - 205, 410
2019-01-24 14:49:08,397 - INFO - fastread - 205, 420
2019-01-24 14:49:08,405 - INFO - fastread - 206, 430
2019-01-24 14:49:08,407 - INFO - fastread - 210, 440
2019-01-24 14:49:08,407 - INFO - fastread - 212, 450
2019-01-24 14:49:08,407 - INFO - fastread - 212, 460
2019-01-24 14:49:08,407 - INFO - fastread - 214, 470
2019-01-24 14:49:08,417 - INFO - fastread - 217, 480
2019-01-24 14:49:08,417 - INFO - fastread - 220, 490
2019-01-24 14:49:08,417 - INFO - fastread - 224, 500
2019-01-24 14:49:08,417 - INFO - fastread - 227, 510
2019-01-24 14:49:08,425 - INFO - fastread - 228, 520
2019-01-24 14:49:08,427 - INFO - fastread - 230, 530
2019-01-24 14:49:08,427 - INFO - fastread - 231, 540
2019-01-24 14:49:08,427 - INFO - fastread - 233, 550
2019-01-24 14:49:08,437 - INFO - fastread - 234, 560
2019-01-24 14:49:08,437 - INFO - fastread - 238, 570
2019-01-24 14:49:08,437 - INFO - fastread - 240, 580
2019-01-24 14:49:08,448 - INFO - fastread - 241, 590
2019-01-24 14:49:08,448 - INFO - fastread - 244, 600
2019-01-24 14:49:08,456 - INFO - fastread - 245, 610
2019-01-24 14:49:08,458 - INFO - fastread - 245, 620
2019-01-24 14:49:08,458 - INFO - fastread - 247, 630
2019-01-24 14:49:08,466 - INFO - fastread - 247, 640
2019-01-24 14:49:08,468 - INFO - fastread - 247, 650
2019-01-24 14:49:08,468 - INFO - fastread - 251, 660
2019-01-24 14:49:08,468 - INFO - fastread - 253, 670
2019-01-24 14:49:08,478 - INFO - fastread - 254, 680
2019-01-24 14:49:08,478 - INFO - fastread - 254, 690
2019-01-24 14:49:08,488 - INFO - fastread - 254, 700
2019-01-24 14:49:08,488 - INFO - fastread - 254, 710
2019-01-24 14:49:08,488 - INFO - fastread - 258, 720
2019-01-24 14:49:08,498 - INFO - fastread - 259, 730
2019-01-24 14:49:08,498 - INFO - fastread - 260, 740
2019-01-24 14:49:08,506 - INFO - fastread - 263, 750
2019-01-24 14:49:08,508 - INFO - fastread - 263, 760
2019-01-24 14:49:08,508 - INFO - fastread - 265, 770
2019-01-24 14:49:08,508 - INFO - fastread - 266, 780
2019-01-24 14:49:08,516 - INFO - fastread - 268, 790
2019-01-24 14:49:08,518 - INFO - fastread - 269, 800
2019-01-24 14:49:08,518 - INFO - fastread - 270, 810
2019-01-24 14:49:08,528 - INFO - fastread - 270, 820
2019-01-24 14:49:08,528 - INFO - fastread - 271, 830
2019-01-24 14:49:08,528 - INFO - fastread - 271, 840
2019-01-24 14:49:08,536 - INFO - fastread - 271, 850
2019-01-24 14:49:08,538 - INFO - fastread - 272, 860
2019-01-24 14:49:08,538 - INFO - fastread - 272, 870
2019-01-24 14:49:08,549 - INFO - fastread - 272, 880
2019-01-24 14:49:08,549 - INFO - fastread - 275, 890
2019-01-24 14:49:08,559 - INFO - fastread - 275, 900
2019-01-24 14:49:08,559 - INFO - fastread - 276, 910
2019-01-24 14:49:08,567 - INFO - fastread - 277, 920
2019-01-24 14:49:08,569 - INFO - fastread - 278, 930
2019-01-24 14:49:08,569 - INFO - fastread - 278, 940
2019-01-24 14:49:08,579 - INFO - fastread - 278, 950
2019-01-24 14:49:08,579 - INFO - fastread - 278, 960
2019-01-24 14:49:08,579 - INFO - fastread - 278, 970
2019-01-24 14:49:08,587 - INFO - fastread - 278, 980
2019-01-24 14:49:08,589 - INFO - fastread - 279, 990
2019-01-24 14:49:08,589 - INFO - fastread - 280, 1000
2019-01-24 14:49:08,589 - INFO - fastread - 280, 1010
2019-01-24 14:49:08,599 - INFO - fastread - 281, 1020
2019-01-24 14:49:08,599 - INFO - fastread - 283, 1030
2019-01-24 14:49:08,599 - INFO - fastread - 284, 1040
2019-01-24 14:49:08,607 - INFO - fastread - 285, 1050
2019-01-24 14:49:08,609 - INFO - fastread - 285, 1060
2019-01-24 14:49:08,609 - INFO - fastread - 285, 1070
2019-01-24 14:49:08,609 - INFO - fastread - 285, 1080
2019-01-24 14:49:08,617 - INFO - fastread - 285, 1090
2019-01-24 14:49:08,619 - INFO - fastread - 285, 1100
2019-01-24 14:49:08,627 - INFO - fastread - 288, 1110
2019-01-24 14:49:08,629 - INFO - fastread - 288, 1120
2019-01-24 14:49:08,629 - INFO - fastread - 289, 1130
2019-01-24 14:49:08,637 - INFO - fastread - 289, 1140
2019-01-24 14:49:08,639 - INFO - fastread - 289, 1150
2019-01-24 14:49:08,639 - INFO - fastread - 291, 1160
2019-01-24 14:49:08,639 - INFO - fastread - 292, 1170
2019-01-24 14:49:08,647 - INFO - fastread - 292, 1180
2019-01-24 14:49:08,649 - INFO - fastread - 293, 1190
2019-01-24 14:49:08,649 - INFO - fastread - 293, 1200
2019-01-24 14:49:08,649 - INFO - fastread - 294, 1210
2019-01-24 14:49:08,660 - INFO - fastread - 294, 1220
2019-01-24 14:49:08,660 - INFO - fastread - 294, 1230
2019-01-24 14:49:08,660 - INFO - fastread - 294, 1240
2019-01-24 14:49:08,668 - INFO - fastread - 294, 1250
2019-01-24 14:49:08,670 - INFO - fastread - 294, 1260
2019-01-24 14:49:08,670 - INFO - fastread - 295, 1270
2019-01-24 14:49:08,670 - INFO - fastread - 295, 1280
2019-01-24 14:49:08,678 - INFO - fastread - 295, 1290
2019-01-24 14:49:08,680 - INFO - fastread - 297, 1300
2019-01-24 14:49:08,690 - INFO - rig - ++++NEW CLF++++ NBM
2019-01-24 14:49:08,690 - INFO - fastread - Total Yes: 311 | Total No: 2137
2019-01-24 14:49:09,144 - INFO - fastread - 10, 10
2019-01-24 14:49:09,144 - INFO - fastread - 20, 20
2019-01-24 14:49:09,154 - INFO - fastread - 30, 30
2019-01-24 14:49:09,154 - INFO - fastread - 40, 40
2019-01-24 14:49:09,154 - INFO - fastread - 47, 50
2019-01-24 14:49:09,164 - INFO - fastread - 54, 60
2019-01-24 14:49:09,164 - INFO - fastread - 62, 70
2019-01-24 14:49:09,164 - INFO - fastread - 70, 80
2019-01-24 14:49:09,164 - INFO - fastread - 78, 90
2019-01-24 14:49:09,172 - INFO - fastread - 86, 100
2019-01-24 14:49:09,174 - INFO - fastread - 91, 110
2019-01-24 14:49:09,174 - INFO - fastread - 98, 120
2019-01-24 14:49:09,174 - INFO - fastread - 104, 130
2019-01-24 14:49:09,184 - INFO - fastread - 106, 140
2019-01-24 14:49:09,184 - INFO - fastread - 106, 150
2019-01-24 14:49:09,192 - INFO - fastread - 107, 160
2019-01-24 14:49:09,194 - INFO - fastread - 107, 170
2019-01-24 14:49:09,194 - INFO - fastread - 108, 180
2019-01-24 14:49:09,202 - INFO - fastread - 108, 190
2019-01-24 14:49:09,204 - INFO - fastread - 109, 200
2019-01-24 14:49:09,204 - INFO - fastread - 109, 210
2019-01-24 14:49:09,214 - INFO - fastread - 109, 220
2019-01-24 14:49:09,214 - INFO - fastread - 109, 230
2019-01-24 14:49:09,222 - INFO - fastread - 110, 240
2019-01-24 14:49:09,225 - INFO - fastread - 110, 250
2019-01-24 14:49:09,225 - INFO - fastread - 110, 260
2019-01-24 14:49:09,225 - INFO - fastread - 110, 270
2019-01-24 14:49:09,233 - INFO - fastread - 110, 280
2019-01-24 14:49:09,235 - INFO - fastread - 111, 290
2019-01-24 14:49:09,235 - INFO - fastread - 111, 300
2019-01-24 14:49:09,235 - INFO - fastread - 111, 310
2019-01-24 14:49:09,245 - INFO - fastread - 113, 320
2019-01-24 14:49:09,245 - INFO - fastread - 113, 330
2019-01-24 14:49:09,253 - INFO - fastread - 114, 340
2019-01-24 14:49:09,255 - INFO - fastread - 114, 350
2019-01-24 14:49:09,263 - INFO - fastread - 114, 360
2019-01-24 14:49:09,265 - INFO - fastread - 116, 370
2019-01-24 14:49:09,265 - INFO - fastread - 116, 380
2019-01-24 14:49:09,273 - INFO - fastread - 117, 390
2019-01-24 14:49:09,275 - INFO - fastread - 118, 400
2019-01-24 14:49:09,275 - INFO - fastread - 120, 410
2019-01-24 14:49:09,275 - INFO - fastread - 121, 420
2019-01-24 14:49:09,283 - INFO - fastread - 122, 430
2019-01-24 14:49:09,285 - INFO - fastread - 122, 440
2019-01-24 14:49:09,285 - INFO - fastread - 122, 450
2019-01-24 14:49:09,293 - INFO - fastread - 124, 460
2019-01-24 14:49:09,295 - INFO - fastread - 125, 470
2019-01-24 14:49:09,295 - INFO - fastread - 126, 480
2019-01-24 14:49:09,295 - INFO - fastread - 127, 490
2019-01-24 14:49:09,305 - INFO - fastread - 127, 500
2019-01-24 14:49:09,305 - INFO - fastread - 127, 510
2019-01-24 14:49:09,316 - INFO - fastread - 127, 520
2019-01-24 14:49:09,316 - INFO - fastread - 128, 530
2019-01-24 14:49:09,324 - INFO - fastread - 129, 540
2019-01-24 14:49:09,326 - INFO - fastread - 130, 550
2019-01-24 14:49:09,326 - INFO - fastread - 131, 560
2019-01-24 14:49:09,336 - INFO - fastread - 131, 570
2019-01-24 14:49:09,336 - INFO - fastread - 131, 580
2019-01-24 14:49:09,344 - INFO - fastread - 133, 590
2019-01-24 14:49:09,346 - INFO - fastread - 134, 600
2019-01-24 14:49:09,354 - INFO - fastread - 135, 610
2019-01-24 14:49:09,356 - INFO - fastread - 136, 620
2019-01-24 14:49:09,356 - INFO - fastread - 136, 630
2019-01-24 14:49:09,366 - INFO - fastread - 138, 640
2019-01-24 14:49:09,366 - INFO - fastread - 139, 650
2019-01-24 14:49:09,366 - INFO - fastread - 142, 660
2019-01-24 14:49:09,374 - INFO - fastread - 143, 670
2019-01-24 14:49:09,376 - INFO - fastread - 144, 680
2019-01-24 14:49:09,376 - INFO - fastread - 145, 690
2019-01-24 14:49:09,376 - INFO - fastread - 147, 700
2019-01-24 14:49:09,386 - INFO - fastread - 148, 710
2019-01-24 14:49:09,386 - INFO - fastread - 148, 720
2019-01-24 14:49:09,386 - INFO - fastread - 148, 730
2019-01-24 14:49:09,394 - INFO - fastread - 148, 740
2019-01-24 14:49:09,396 - INFO - fastread - 151, 750
2019-01-24 14:49:09,396 - INFO - fastread - 151, 760
2019-01-24 14:49:09,396 - INFO - fastread - 152, 770
2019-01-24 14:49:09,407 - INFO - fastread - 153, 780
2019-01-24 14:49:09,407 - INFO - fastread - 155, 790
2019-01-24 14:49:09,407 - INFO - fastread - 157, 800
2019-01-24 14:49:09,415 - INFO - fastread - 158, 810
2019-01-24 14:49:09,417 - INFO - fastread - 159, 820
2019-01-24 14:49:09,417 - INFO - fastread - 161, 830
2019-01-24 14:49:09,427 - INFO - fastread - 163, 840
2019-01-24 14:49:09,427 - INFO - fastread - 163, 850
2019-01-24 14:49:09,427 - INFO - fastread - 164, 860
2019-01-24 14:49:09,435 - INFO - fastread - 165, 870
2019-01-24 14:49:09,437 - INFO - fastread - 166, 880
2019-01-24 14:49:09,437 - INFO - fastread - 167, 890
2019-01-24 14:49:09,445 - INFO - fastread - 168, 900
2019-01-24 14:49:09,447 - INFO - fastread - 168, 910
2019-01-24 14:49:09,455 - INFO - fastread - 170, 920
2019-01-24 14:49:09,457 - INFO - fastread - 171, 930
2019-01-24 14:49:09,465 - INFO - fastread - 173, 940
2019-01-24 14:49:09,467 - INFO - fastread - 173, 950
2019-01-24 14:49:09,467 - INFO - fastread - 175, 960
2019-01-24 14:49:09,467 - INFO - fastread - 177, 970
2019-01-24 14:49:09,475 - INFO - fastread - 179, 980
2019-01-24 14:49:09,477 - INFO - fastread - 181, 990
2019-01-24 14:49:09,477 - INFO - fastread - 182, 1000
2019-01-24 14:49:09,477 - INFO - fastread - 182, 1010
2019-01-24 14:49:09,487 - INFO - fastread - 182, 1020
2019-01-24 14:49:09,487 - INFO - fastread - 183, 1030
2019-01-24 14:49:09,497 - INFO - fastread - 184, 1040
2019-01-24 14:49:09,497 - INFO - fastread - 184, 1050
2019-01-24 14:49:09,505 - INFO - fastread - 187, 1060
2019-01-24 14:49:09,508 - INFO - fastread - 187, 1070
2019-01-24 14:49:09,516 - INFO - fastread - 187, 1080
2019-01-24 14:49:09,518 - INFO - fastread - 189, 1090
2019-01-24 14:49:09,518 - INFO - fastread - 189, 1100
2019-01-24 14:49:09,528 - INFO - fastread - 192, 1110
2019-01-24 14:49:09,528 - INFO - fastread - 194, 1120
2019-01-24 14:49:09,528 - INFO - fastread - 194, 1130
2019-01-24 14:49:09,536 - INFO - fastread - 194, 1140
2019-01-24 14:49:09,538 - INFO - fastread - 197, 1150
2019-01-24 14:49:09,538 - INFO - fastread - 199, 1160
2019-01-24 14:49:09,546 - INFO - fastread - 200, 1170
2019-01-24 14:49:09,548 - INFO - fastread - 201, 1180
2019-01-24 14:49:09,556 - INFO - fastread - 202, 1190
2019-01-24 14:49:09,558 - INFO - fastread - 202, 1200
2019-01-24 14:49:09,558 - INFO - fastread - 202, 1210
2019-01-24 14:49:09,568 - INFO - fastread - 203, 1220
2019-01-24 14:49:09,568 - INFO - fastread - 203, 1230
2019-01-24 14:49:09,576 - INFO - fastread - 203, 1240
2019-01-24 14:49:09,578 - INFO - fastread - 204, 1250
2019-01-24 14:49:09,578 - INFO - fastread - 206, 1260
2019-01-24 14:49:09,588 - INFO - fastread - 206, 1270
2019-01-24 14:49:09,588 - INFO - fastread - 206, 1280
2019-01-24 14:49:09,588 - INFO - fastread - 207, 1290
2019-01-24 14:49:09,596 - INFO - fastread - 207, 1300
2019-01-24 14:49:09,598 - INFO - fastread - 207, 1310
2019-01-24 14:49:09,598 - INFO - fastread - 208, 1320
2019-01-24 14:49:09,598 - INFO - fastread - 209, 1330
2019-01-24 14:49:09,606 - INFO - fastread - 210, 1340
2019-01-24 14:49:09,608 - INFO - fastread - 211, 1350
2019-01-24 14:49:09,608 - INFO - fastread - 211, 1360
2019-01-24 14:49:09,608 - INFO - fastread - 214, 1370
2019-01-24 14:49:09,616 - INFO - fastread - 215, 1380
2019-01-24 14:49:09,619 - INFO - fastread - 215, 1390
2019-01-24 14:49:09,619 - INFO - fastread - 217, 1400
2019-01-24 14:49:09,619 - INFO - fastread - 218, 1410
2019-01-24 14:49:09,629 - INFO - fastread - 218, 1420
2019-01-24 14:49:09,629 - INFO - fastread - 218, 1430
2019-01-24 14:49:09,637 - INFO - fastread - 221, 1440
2019-01-24 14:49:09,639 - INFO - fastread - 224, 1450
2019-01-24 14:49:09,639 - INFO - fastread - 224, 1460
2019-01-24 14:49:09,649 - INFO - fastread - 224, 1470
2019-01-24 14:49:09,649 - INFO - fastread - 225, 1480
2019-01-24 14:49:09,657 - INFO - fastread - 227, 1490
2019-01-24 14:49:09,659 - INFO - fastread - 228, 1500
2019-01-24 14:49:09,659 - INFO - fastread - 228, 1510
2019-01-24 14:49:09,669 - INFO - fastread - 229, 1520
2019-01-24 14:49:09,669 - INFO - fastread - 230, 1530
2019-01-24 14:49:09,669 - INFO - fastread - 230, 1540
2019-01-24 14:49:09,677 - INFO - fastread - 231, 1550
2019-01-24 14:49:09,679 - INFO - fastread - 232, 1560
2019-01-24 14:49:09,679 - INFO - fastread - 232, 1570
2019-01-24 14:49:09,687 - INFO - fastread - 232, 1580
2019-01-24 14:49:09,689 - INFO - fastread - 232, 1590
2019-01-24 14:49:09,697 - INFO - fastread - 233, 1600
2019-01-24 14:49:09,699 - INFO - fastread - 233, 1610
2019-01-24 14:49:09,699 - INFO - fastread - 234, 1620
2019-01-24 14:49:09,709 - INFO - fastread - 236, 1630
2019-01-24 14:49:09,709 - INFO - fastread - 238, 1640
2019-01-24 14:49:09,709 - INFO - fastread - 240, 1650
2019-01-24 14:49:09,717 - INFO - fastread - 241, 1660
2019-01-24 14:49:09,719 - INFO - fastread - 241, 1670
2019-01-24 14:49:09,719 - INFO - fastread - 241, 1680
2019-01-24 14:49:09,719 - INFO - fastread - 241, 1690
2019-01-24 14:49:09,730 - INFO - fastread - 242, 1700
2019-01-24 14:49:09,730 - INFO - fastread - 245, 1710
2019-01-24 14:49:09,740 - INFO - fastread - 245, 1720
2019-01-24 14:49:09,740 - INFO - fastread - 245, 1730
2019-01-24 14:49:09,750 - INFO - fastread - 245, 1740
2019-01-24 14:49:09,750 - INFO - fastread - 246, 1750
2019-01-24 14:49:09,760 - INFO - fastread - 246, 1760
2019-01-24 14:49:09,760 - INFO - fastread - 248, 1770
2019-01-24 14:49:09,768 - INFO - fastread - 249, 1780
2019-01-24 14:49:09,770 - INFO - fastread - 250, 1790
2019-01-24 14:49:09,770 - INFO - fastread - 252, 1800
2019-01-24 14:49:09,778 - INFO - fastread - 253, 1810
2019-01-24 14:49:09,780 - INFO - fastread - 253, 1820
2019-01-24 14:49:09,780 - INFO - fastread - 255, 1830
2019-01-24 14:49:09,790 - INFO - fastread - 256, 1840
2019-01-24 14:49:09,790 - INFO - fastread - 258, 1850
2019-01-24 14:49:09,800 - INFO - fastread - 260, 1860
2019-01-24 14:49:09,800 - INFO - fastread - 262, 1870
2019-01-24 14:49:09,808 - INFO - fastread - 262, 1880
2019-01-24 14:49:09,810 - INFO - fastread - 262, 1890
2019-01-24 14:49:09,810 - INFO - fastread - 264, 1900
2019-01-24 14:49:09,820 - INFO - fastread - 266, 1910
2019-01-24 14:49:09,820 - INFO - fastread - 266, 1920
2019-01-24 14:49:09,830 - INFO - fastread - 266, 1930
2019-01-24 14:49:09,830 - INFO - fastread - 267, 1940
2019-01-24 14:49:09,841 - INFO - fastread - 267, 1950
2019-01-24 14:49:09,841 - INFO - fastread - 268, 1960
2019-01-24 14:49:09,851 - INFO - fastread - 271, 1970
2019-01-24 14:49:09,859 - INFO - fastread - 271, 1980
2019-01-24 14:49:09,861 - INFO - fastread - 272, 1990
2019-01-24 14:49:09,869 - INFO - fastread - 274, 2000
2019-01-24 14:49:09,871 - INFO - fastread - 277, 2010
2019-01-24 14:49:09,871 - INFO - fastread - 278, 2020
2019-01-24 14:49:09,879 - INFO - fastread - 280, 2030
2019-01-24 14:49:09,881 - INFO - fastread - 280, 2040
2019-01-24 14:49:09,881 - INFO - fastread - 281, 2050
2019-01-24 14:49:09,889 - INFO - fastread - 281, 2060
2019-01-24 14:49:09,891 - INFO - fastread - 281, 2070
2019-01-24 14:49:09,899 - INFO - fastread - 281, 2080
2019-01-24 14:49:09,901 - INFO - fastread - 281, 2090
2019-01-24 14:49:09,909 - INFO - fastread - 282, 2100
2019-01-24 14:49:09,911 - INFO - fastread - 283, 2110
2019-01-24 14:49:09,919 - INFO - fastread - 283, 2120
2019-01-24 14:49:09,921 - INFO - fastread - 285, 2130
2019-01-24 14:49:09,930 - INFO - fastread - 285, 2140
2019-01-24 14:49:09,932 - INFO - fastread - 286, 2150
2019-01-24 14:49:09,932 - INFO - fastread - 289, 2160
2019-01-24 14:49:09,942 - INFO - fastread - 289, 2170
2019-01-24 14:49:09,950 - INFO - fastread - 289, 2180
2019-01-24 14:49:09,952 - INFO - fastread - 289, 2190
2019-01-24 14:49:09,952 - INFO - fastread - 291, 2200
2019-01-24 14:49:09,960 - INFO - fastread - 291, 2210
2019-01-24 14:49:09,962 - INFO - fastread - 292, 2220
2019-01-24 14:49:09,962 - INFO - fastread - 292, 2230
2019-01-24 14:49:09,970 - INFO - fastread - 292, 2240
2019-01-24 14:49:09,972 - INFO - fastread - 294, 2250
2019-01-24 14:49:09,972 - INFO - fastread - 295, 2260
2019-01-24 14:49:09,982 - INFO - fastread - 296, 2270
2019-01-24 14:49:09,992 - INFO - rig - ++++NEW CLF++++ SVM
2019-01-24 14:49:09,992 - INFO - fastread - Total Yes: 311 | Total No: 2137
2019-01-24 14:49:11,336 - INFO - fastread - 10, 10
2019-01-24 14:49:11,346 - INFO - fastread - 20, 20
2019-01-24 14:49:11,346 - INFO - fastread - 29, 30
2019-01-24 14:49:11,354 - INFO - fastread - 39, 40
2019-01-24 14:49:11,356 - INFO - fastread - 45, 50
2019-01-24 14:49:11,356 - INFO - fastread - 53, 60
2019-01-24 14:49:11,366 - INFO - fastread - 63, 70
2019-01-24 14:49:11,366 - INFO - fastread - 72, 80
2019-01-24 14:49:11,374 - INFO - fastread - 82, 90
2019-01-24 14:49:11,376 - INFO - fastread - 91, 100
2019-01-24 14:49:11,376 - INFO - fastread - 99, 110
2019-01-24 14:49:11,384 - INFO - fastread - 106, 120
2019-01-24 14:49:11,386 - INFO - fastread - 113, 130
2019-01-24 14:49:11,386 - INFO - fastread - 123, 140
2019-01-24 14:49:11,397 - INFO - fastread - 132, 150
2019-01-24 14:49:11,397 - INFO - fastread - 142, 160
2019-01-24 14:49:11,397 - INFO - fastread - 150, 170
2019-01-24 14:49:11,407 - INFO - fastread - 160, 180
2019-01-24 14:49:11,407 - INFO - fastread - 167, 190
2019-01-24 14:49:11,407 - INFO - fastread - 174, 200
2019-01-24 14:49:11,407 - INFO - fastread - 181, 210
2019-01-24 14:49:11,415 - INFO - fastread - 190, 220
2019-01-24 14:49:11,417 - INFO - fastread - 199, 230
2019-01-24 14:49:11,417 - INFO - fastread - 206, 240
2019-01-24 14:49:11,427 - INFO - fastread - 216, 250
2019-01-24 14:49:11,427 - INFO - fastread - 223, 260
2019-01-24 14:49:11,427 - INFO - fastread - 230, 270
2019-01-24 14:49:11,437 - INFO - fastread - 239, 280
2019-01-24 14:49:11,437 - INFO - fastread - 246, 290
2019-01-24 14:49:11,445 - INFO - fastread - 252, 300
2019-01-24 14:49:11,447 - INFO - fastread - 262, 310
2019-01-24 14:49:11,447 - INFO - fastread - 267, 320
2019-01-24 14:49:11,457 - INFO - fastread - 272, 330
2019-01-24 14:49:11,457 - INFO - fastread - 277, 340
2019-01-24 14:49:11,465 - INFO - fastread - 280, 350
2019-01-24 14:49:11,467 - INFO - fastread - 282, 360
2019-01-24 14:49:11,467 - INFO - fastread - 285, 370
2019-01-24 14:49:11,477 - INFO - fastread - 288, 380
2019-01-24 14:49:11,477 - INFO - fastread - 289, 390
2019-01-24 14:49:11,485 - INFO - fastread - 291, 400
2019-01-24 14:49:11,487 - INFO - fastread - 291, 410
2019-01-24 14:49:11,487 - INFO - fastread - 293, 420
2019-01-24 14:49:11,487 - INFO - fastread - 294, 430
2019-01-24 14:49:11,495 - INFO - fastread - 294, 440
2019-01-24 14:49:11,497 - INFO - fastread - 295, 450
2019-01-24 14:49:11,497 - INFO - fastread - 295, 460
2019-01-24 14:49:11,497 - INFO - fastread - 295, 470
2019-01-24 14:49:11,505 - INFO - fastread - 295, 480
2019-01-24 14:49:11,507 - INFO - fastread - 295, 490
2019-01-24 14:49:11,507 - INFO - fastread - 296, 500
2019-01-24 14:49:11,517 - INFO - rig - ++++NEW CLF++++ DT
2019-01-24 14:49:11,517 - INFO - fastread - Total Yes: 311 | Total No: 2137
2019-01-24 14:49:11,608 - INFO - fastread - 7, 10
2019-01-24 14:49:11,608 - INFO - fastread - 15, 20
2019-01-24 14:49:11,617 - INFO - fastread - 24, 30
2019-01-24 14:49:11,619 - INFO - fastread - 33, 40
2019-01-24 14:49:11,619 - INFO - fastread - 43, 50
2019-01-24 14:49:11,619 - INFO - fastread - 52, 60
2019-01-24 14:49:11,627 - INFO - fastread - 62, 70
2019-01-24 14:49:11,629 - INFO - fastread - 72, 80
2019-01-24 14:49:11,629 - INFO - fastread - 81, 90
2019-01-24 14:49:11,637 - INFO - fastread - 91, 100
2019-01-24 14:49:11,639 - INFO - fastread - 101, 110
2019-01-24 14:49:11,639 - INFO - fastread - 111, 120
2019-01-24 14:49:11,639 - INFO - fastread - 120, 130
2019-01-24 14:49:11,639 - INFO - fastread - 130, 140
2019-01-24 14:49:11,649 - INFO - fastread - 140, 150
2019-01-24 14:49:11,649 - INFO - fastread - 149, 160
2019-01-24 14:49:11,659 - INFO - fastread - 156, 170
2019-01-24 14:49:11,659 - INFO - fastread - 166, 180
2019-01-24 14:49:11,667 - INFO - fastread - 174, 190
2019-01-24 14:49:11,669 - INFO - fastread - 184, 200
2019-01-24 14:49:11,669 - INFO - fastread - 194, 210
2019-01-24 14:49:11,669 - INFO - fastread - 203, 220
2019-01-24 14:49:11,677 - INFO - fastread - 213, 230
2019-01-24 14:49:11,679 - INFO - fastread - 223, 240
2019-01-24 14:49:11,679 - INFO - fastread - 233, 250
2019-01-24 14:49:11,679 - INFO - fastread - 243, 260
2019-01-24 14:49:11,687 - INFO - fastread - 253, 270
2019-01-24 14:49:11,689 - INFO - fastread - 263, 280
2019-01-24 14:49:11,689 - INFO - fastread - 271, 290
2019-01-24 14:49:11,689 - INFO - fastread - 278, 300
2019-01-24 14:49:11,689 - INFO - fastread - 278, 310
2019-01-24 14:49:11,699 - INFO - fastread - 278, 320
2019-01-24 14:49:11,699 - INFO - fastread - 278, 330
2019-01-24 14:49:11,699 - INFO - fastread - 278, 340
2019-01-24 14:49:11,699 - INFO - fastread - 278, 350
2019-01-24 14:49:11,709 - INFO - fastread - 278, 360
2019-01-24 14:49:11,709 - INFO - fastread - 278, 370
2019-01-24 14:49:11,709 - INFO - fastread - 278, 380
2019-01-24 14:49:11,709 - INFO - fastread - 278, 390
2019-01-24 14:49:11,719 - INFO - fastread - 278, 400
2019-01-24 14:49:11,719 - INFO - fastread - 278, 410
2019-01-24 14:49:11,719 - INFO - fastread - 278, 420
2019-01-24 14:49:11,719 - INFO - fastread - 278, 430
2019-01-24 14:49:11,729 - INFO - fastread - 278, 440
2019-01-24 14:49:11,729 - INFO - fastread - 278, 450
2019-01-24 14:49:11,737 - INFO - fastread - 278, 460
2019-01-24 14:49:11,739 - INFO - fastread - 278, 470
2019-01-24 14:49:11,739 - INFO - fastread - 278, 480
2019-01-24 14:49:11,749 - INFO - fastread - 278, 490
2019-01-24 14:49:11,749 - INFO - fastread - 278, 500
2019-01-24 14:49:11,757 - INFO - fastread - 279, 510
2019-01-24 14:49:11,759 - INFO - fastread - 280, 520
2019-01-24 14:49:11,759 - INFO - fastread - 280, 530
2019-01-24 14:49:11,770 - INFO - fastread - 280, 540
2019-01-24 14:49:11,770 - INFO - fastread - 280, 550
2019-01-24 14:49:11,778 - INFO - fastread - 280, 560
2019-01-24 14:49:11,780 - INFO - fastread - 280, 570
2019-01-24 14:49:11,780 - INFO - fastread - 280, 580
2019-01-24 14:49:11,790 - INFO - fastread - 280, 590
2019-01-24 14:49:11,790 - INFO - fastread - 280, 600
2019-01-24 14:49:11,798 - INFO - fastread - 280, 610
2019-01-24 14:49:11,800 - INFO - fastread - 280, 620
2019-01-24 14:49:11,800 - INFO - fastread - 280, 630
2019-01-24 14:49:11,810 - INFO - fastread - 280, 640
2019-01-24 14:49:11,810 - INFO - fastread - 280, 650
2019-01-24 14:49:11,820 - INFO - fastread - 280, 660
2019-01-24 14:49:11,820 - INFO - fastread - 280, 670
2019-01-24 14:49:11,828 - INFO - fastread - 280, 680
2019-01-24 14:49:11,830 - INFO - fastread - 280, 690
2019-01-24 14:49:11,830 - INFO - fastread - 281, 700
2019-01-24 14:49:11,840 - INFO - fastread - 281, 710
2019-01-24 14:49:11,840 - INFO - fastread - 281, 720
2019-01-24 14:49:11,848 - INFO - fastread - 281, 730
2019-01-24 14:49:11,850 - INFO - fastread - 281, 740
2019-01-24 14:49:11,858 - INFO - fastread - 281, 750
2019-01-24 14:49:11,860 - INFO - fastread - 281, 760
2019-01-24 14:49:11,860 - INFO - fastread - 281, 770
2019-01-24 14:49:11,871 - INFO - fastread - 281, 780
2019-01-24 14:49:11,871 - INFO - fastread - 281, 790
2019-01-24 14:49:11,881 - INFO - fastread - 281, 800
2019-01-24 14:49:11,881 - INFO - fastread - 281, 810
2019-01-24 14:49:11,891 - INFO - fastread - 281, 820
2019-01-24 14:49:11,891 - INFO - fastread - 281, 830
2019-01-24 14:49:11,899 - INFO - fastread - 282, 840
2019-01-24 14:49:11,901 - INFO - fastread - 282, 850
2019-01-24 14:49:11,901 - INFO - fastread - 283, 860
2019-01-24 14:49:11,911 - INFO - fastread - 284, 870
2019-01-24 14:49:11,911 - INFO - fastread - 284, 880
2019-01-24 14:49:11,921 - INFO - fastread - 284, 890
2019-01-24 14:49:11,921 - INFO - fastread - 284, 900
2019-01-24 14:49:11,929 - INFO - fastread - 284, 910
2019-01-24 14:49:11,931 - INFO - fastread - 284, 920
2019-01-24 14:49:11,939 - INFO - fastread - 285, 930
2019-01-24 14:49:11,941 - INFO - fastread - 285, 940
2019-01-24 14:49:11,941 - INFO - fastread - 285, 950
2019-01-24 14:49:11,951 - INFO - fastread - 285, 960
2019-01-24 14:49:11,951 - INFO - fastread - 285, 970
2019-01-24 14:49:11,960 - INFO - fastread - 286, 980
2019-01-24 14:49:11,962 - INFO - fastread - 286, 990
2019-01-24 14:49:11,962 - INFO - fastread - 286, 1000
2019-01-24 14:49:11,972 - INFO - fastread - 286, 1010
2019-01-24 14:49:11,972 - INFO - fastread - 286, 1020
2019-01-24 14:49:11,980 - INFO - fastread - 286, 1030
2019-01-24 14:49:11,982 - INFO - fastread - 286, 1040
2019-01-24 14:49:11,982 - INFO - fastread - 287, 1050
2019-01-24 14:49:11,992 - INFO - fastread - 289, 1060
2019-01-24 14:49:11,992 - INFO - fastread - 289, 1070
2019-01-24 14:49:12,002 - INFO - fastread - 289, 1080
2019-01-24 14:49:12,002 - INFO - fastread - 289, 1090
2019-01-24 14:49:12,012 - INFO - fastread - 290, 1100
2019-01-24 14:49:12,012 - INFO - fastread - 290, 1110
2019-01-24 14:49:12,012 - INFO - fastread - 290, 1120
2019-01-24 14:49:12,012 - INFO - fastread - 290, 1130
2019-01-24 14:49:12,022 - INFO - fastread - 290, 1140
2019-01-24 14:49:12,022 - INFO - fastread - 290, 1150
2019-01-24 14:49:12,022 - INFO - fastread - 290, 1160
2019-01-24 14:49:12,030 - INFO - fastread - 290, 1170
2019-01-24 14:49:12,032 - INFO - fastread - 291, 1180
2019-01-24 14:49:12,040 - INFO - fastread - 291, 1190
2019-01-24 14:49:12,042 - INFO - fastread - 291, 1200
2019-01-24 14:49:12,050 - INFO - fastread - 291, 1210
2019-01-24 14:49:12,052 - INFO - fastread - 291, 1220
2019-01-24 14:49:12,052 - INFO - fastread - 291, 1230
2019-01-24 14:49:12,052 - INFO - fastread - 292, 1240
2019-01-24 14:49:12,062 - INFO - fastread - 292, 1250
2019-01-24 14:49:12,062 - INFO - fastread - 292, 1260
2019-01-24 14:49:12,062 - INFO - fastread - 292, 1270
2019-01-24 14:49:12,070 - INFO - fastread - 292, 1280
2019-01-24 14:49:12,072 - INFO - fastread - 292, 1290
2019-01-24 14:49:12,072 - INFO - fastread - 292, 1300
2019-01-24 14:49:12,083 - INFO - fastread - 292, 1310
2019-01-24 14:49:12,083 - INFO - fastread - 292, 1320
2019-01-24 14:49:12,083 - INFO - fastread - 292, 1330
2019-01-24 14:49:12,093 - INFO - fastread - 292, 1340
2019-01-24 14:49:12,093 - INFO - fastread - 292, 1350
2019-01-24 14:49:12,103 - INFO - fastread - 292, 1360
2019-01-24 14:49:12,103 - INFO - fastread - 292, 1370
2019-01-24 14:49:12,103 - INFO - fastread - 292, 1380
2019-01-24 14:49:12,113 - INFO - fastread - 293, 1390
2019-01-24 14:49:12,113 - INFO - fastread - 293, 1400
2019-01-24 14:49:12,121 - INFO - fastread - 293, 1410
2019-01-24 14:49:12,123 - INFO - fastread - 293, 1420
2019-01-24 14:49:12,123 - INFO - fastread - 293, 1430
2019-01-24 14:49:12,133 - INFO - fastread - 293, 1440
2019-01-24 14:49:12,133 - INFO - fastread - 293, 1450
2019-01-24 14:49:12,143 - INFO - fastread - 293, 1460
2019-01-24 14:49:12,143 - INFO - fastread - 293, 1470
2019-01-24 14:49:12,151 - INFO - fastread - 293, 1480
2019-01-24 14:49:12,153 - INFO - fastread - 293, 1490
2019-01-24 14:49:12,161 - INFO - fastread - 293, 1500
2019-01-24 14:49:12,163 - INFO - fastread - 293, 1510
2019-01-24 14:49:12,163 - INFO - fastread - 293, 1520
2019-01-24 14:49:12,174 - INFO - fastread - 294, 1530
2019-01-24 14:49:12,174 - INFO - fastread - 294, 1540
2019-01-24 14:49:12,184 - INFO - fastread - 295, 1550
2019-01-24 14:49:12,184 - INFO - fastread - 295, 1560
2019-01-24 14:49:12,194 - INFO - fastread - 296, 1570
