2019-02-04 18:01:40,229 - INFO - rig - apache-ant-1.7.0
2019-02-04 18:01:48,556 - INFO - rig - ++++NEW CLF++++ FASTREAD
2019-02-04 18:01:48,557 - INFO - fastread - Total Yes: 131 | Total No: 3967
2019-02-04 18:01:49,169 - INFO - fastread - 0, 0  400
2019-02-04 18:01:54,628 - INFO - fastread - 26, 29  400
2019-02-04 18:01:58,807 - INFO - fastread - 32, 49  46
2019-02-04 18:02:03,041 - INFO - fastread - 38, 69  56
2019-02-04 18:02:07,342 - INFO - fastread - 48, 89  59
2019-02-04 18:02:11,499 - INFO - fastread - 58, 109  63
2019-02-04 18:02:15,723 - INFO - fastread - 65, 129  71
2019-02-04 18:02:20,027 - INFO - fastread - 72, 149  78
2019-02-04 18:02:24,333 - INFO - fastread - 72, 169  81
2019-02-04 18:02:28,629 - INFO - fastread - 76, 189  83
2019-02-04 18:02:33,061 - INFO - fastread - 77, 209  89
2019-02-04 18:02:37,450 - INFO - fastread - 77, 229  89
2019-02-04 18:02:41,830 - INFO - fastread - 81, 249  84
2019-02-04 18:02:46,204 - INFO - fastread - 83, 269  87
2019-02-04 18:02:50,651 - INFO - fastread - 84, 289  90
2019-02-04 18:02:55,061 - INFO - fastread - 84, 309  92
2019-02-04 18:02:59,471 - INFO - fastread - 86, 329  91
2019-02-04 18:03:03,854 - INFO - fastread - 87, 349  88
2019-02-04 18:03:08,255 - INFO - fastread - 87, 369  92
2019-02-04 18:03:12,605 - INFO - fastread - 88, 389  96
2019-02-04 18:03:17,024 - INFO - fastread - 89, 409  92
2019-02-04 18:03:21,440 - INFO - fastread - 89, 429  89
2019-02-04 18:03:25,767 - INFO - fastread - 89, 449  92
2019-02-04 18:03:26,499 - INFO - rig - ++++NEW CLF++++ ENSEMBLE_DT
2019-02-04 18:03:26,517 - INFO - ensemble - 9, 10
2019-02-04 18:03:26,522 - INFO - ensemble - 18, 20
2019-02-04 18:03:26,527 - INFO - ensemble - 27, 30
2019-02-04 18:03:26,532 - INFO - ensemble - 35, 40
2019-02-04 18:03:26,537 - INFO - ensemble - 43, 50
2019-02-04 18:03:26,542 - INFO - ensemble - 50, 60
2019-02-04 18:03:26,547 - INFO - ensemble - 56, 70
2019-02-04 18:03:26,552 - INFO - ensemble - 62, 80
2019-02-04 18:03:26,557 - INFO - ensemble - 67, 90
2019-02-04 18:03:26,562 - INFO - ensemble - 69, 100
2019-02-04 18:03:26,567 - INFO - ensemble - 71, 110
2019-02-04 18:03:26,572 - INFO - ensemble - 74, 120
2019-02-04 18:03:26,577 - INFO - ensemble - 77, 130
2019-02-04 18:03:26,582 - INFO - ensemble - 77, 140
2019-02-04 18:03:26,587 - INFO - ensemble - 79, 150
2019-02-04 18:03:26,593 - INFO - ensemble - 81, 160
2019-02-04 18:03:26,598 - INFO - ensemble - 83, 170
2019-02-04 18:03:26,603 - INFO - ensemble - 86, 180
2019-02-04 18:03:26,608 - INFO - ensemble - 87, 190
2019-02-04 18:03:26,613 - INFO - ensemble - 87, 200
2019-02-04 18:03:26,618 - INFO - ensemble - 87, 210
2019-02-04 18:03:26,624 - INFO - ensemble - 87, 220
2019-02-04 18:03:26,629 - INFO - ensemble - 87, 230
2019-02-04 18:03:26,634 - INFO - ensemble - 87, 240
2019-02-04 18:03:26,639 - INFO - ensemble - 87, 250
2019-02-04 18:03:26,644 - INFO - ensemble - 87, 260
2019-02-04 18:03:26,650 - INFO - ensemble - 87, 270
2019-02-04 18:03:26,655 - INFO - ensemble - 87, 280
2019-02-04 18:03:26,660 - INFO - ensemble - 87, 290
2019-02-04 18:03:26,665 - INFO - ensemble - 87, 300
2019-02-04 18:03:26,671 - INFO - ensemble - 87, 310
2019-02-04 18:03:26,676 - INFO - ensemble - 87, 320
2019-02-04 18:03:26,681 - INFO - ensemble - 87, 330
2019-02-04 18:03:26,687 - INFO - ensemble - 89, 340
2019-02-04 18:03:26,692 - INFO - ensemble - 90, 350
2019-02-04 18:03:33,552 - INFO - rig - ++++NEW CLF++++ ENSEMBLE_NBM
2019-02-04 18:03:33,573 - INFO - ensemble - 9, 10
2019-02-04 18:03:33,578 - INFO - ensemble - 18, 20
2019-02-04 18:03:33,583 - INFO - ensemble - 26, 30
2019-02-04 18:03:33,588 - INFO - ensemble - 33, 40
2019-02-04 18:03:33,593 - INFO - ensemble - 42, 50
2019-02-04 18:03:33,598 - INFO - ensemble - 47, 60
2019-02-04 18:03:33,603 - INFO - ensemble - 55, 70
2019-02-04 18:03:33,608 - INFO - ensemble - 59, 80
2019-02-04 18:03:33,613 - INFO - ensemble - 62, 90
2019-02-04 18:03:33,618 - INFO - ensemble - 66, 100
2019-02-04 18:03:33,623 - INFO - ensemble - 67, 110
2019-02-04 18:03:33,628 - INFO - ensemble - 71, 120
2019-02-04 18:03:33,633 - INFO - ensemble - 71, 130
2019-02-04 18:03:33,638 - INFO - ensemble - 73, 140
2019-02-04 18:03:33,643 - INFO - ensemble - 74, 150
2019-02-04 18:03:33,648 - INFO - ensemble - 76, 160
2019-02-04 18:03:33,653 - INFO - ensemble - 79, 170
2019-02-04 18:03:33,659 - INFO - ensemble - 80, 180
2019-02-04 18:03:33,664 - INFO - ensemble - 83, 190
2019-02-04 18:03:33,669 - INFO - ensemble - 83, 200
2019-02-04 18:03:33,674 - INFO - ensemble - 83, 210
2019-02-04 18:03:33,679 - INFO - ensemble - 83, 220
2019-02-04 18:03:33,684 - INFO - ensemble - 83, 230
2019-02-04 18:03:33,689 - INFO - ensemble - 84, 240
2019-02-04 18:03:33,695 - INFO - ensemble - 85, 250
2019-02-04 18:03:33,700 - INFO - ensemble - 85, 260
2019-02-04 18:03:33,705 - INFO - ensemble - 85, 270
2019-02-04 18:03:33,710 - INFO - ensemble - 85, 280
2019-02-04 18:03:33,716 - INFO - ensemble - 87, 290
2019-02-04 18:03:33,721 - INFO - ensemble - 87, 300
2019-02-04 18:03:33,726 - INFO - ensemble - 88, 310
2019-02-04 18:03:33,731 - INFO - ensemble - 89, 320
2019-02-04 18:03:33,736 - INFO - ensemble - 90, 330
2019-02-04 18:03:33,738 - INFO - rig - ++++NEW CLF++++ RANDOM
2019-02-04 18:03:33,738 - INFO - fastread - Total Yes: 131 | Total No: 3967
2019-02-04 18:03:33,954 - INFO - fastread - 0, 0
2019-02-04 18:03:34,067 - INFO - fastread - 1, 10
2019-02-04 18:03:34,179 - INFO - fastread - 1, 20
2019-02-04 18:03:34,291 - INFO - fastread - 1, 30
2019-02-04 18:03:34,403 - INFO - fastread - 1, 40
2019-02-04 18:03:34,517 - INFO - fastread - 1, 50
2019-02-04 18:03:34,633 - INFO - fastread - 1, 60
2019-02-04 18:03:34,748 - INFO - fastread - 1, 70
2019-02-04 18:03:34,863 - INFO - fastread - 1, 80
2019-02-04 18:03:34,978 - INFO - fastread - 1, 90
2019-02-04 18:03:35,093 - INFO - fastread - 1, 100
2019-02-04 18:03:35,207 - INFO - fastread - 1, 110
2019-02-04 18:03:35,323 - INFO - fastread - 1, 120
2019-02-04 18:03:35,438 - INFO - fastread - 2, 130
2019-02-04 18:03:35,551 - INFO - fastread - 2, 140
2019-02-04 18:03:35,657 - INFO - fastread - 2, 150
2019-02-04 18:03:35,762 - INFO - fastread - 2, 160
2019-02-04 18:03:35,859 - INFO - fastread - 2, 170
2019-02-04 18:03:35,956 - INFO - fastread - 3, 180
2019-02-04 18:03:36,053 - INFO - fastread - 5, 190
2019-02-04 18:03:36,150 - INFO - fastread - 6, 200
2019-02-04 18:03:36,248 - INFO - fastread - 6, 210
2019-02-04 18:03:36,345 - INFO - fastread - 7, 220
2019-02-04 18:03:36,442 - INFO - fastread - 7, 230
2019-02-04 18:03:36,539 - INFO - fastread - 7, 240
2019-02-04 18:03:36,637 - INFO - fastread - 7, 250
2019-02-04 18:03:36,735 - INFO - fastread - 7, 260
2019-02-04 18:03:36,835 - INFO - fastread - 8, 270
2019-02-04 18:03:36,941 - INFO - fastread - 9, 280
2019-02-04 18:03:37,046 - INFO - fastread - 9, 290
2019-02-04 18:03:37,155 - INFO - fastread - 9, 300
2019-02-04 18:03:37,261 - INFO - fastread - 10, 310
2019-02-04 18:03:37,366 - INFO - fastread - 10, 320
2019-02-04 18:03:37,472 - INFO - fastread - 12, 330
2019-02-04 18:03:37,577 - INFO - fastread - 13, 340
2019-02-04 18:03:37,683 - INFO - fastread - 13, 350
2019-02-04 18:03:37,788 - INFO - fastread - 13, 360
2019-02-04 18:03:37,894 - INFO - fastread - 13, 370
2019-02-04 18:03:38,000 - INFO - fastread - 13, 380
2019-02-04 18:03:38,105 - INFO - fastread - 14, 390
2019-02-04 18:03:38,211 - INFO - fastread - 14, 400
2019-02-04 18:03:38,317 - INFO - fastread - 15, 410
2019-02-04 18:03:38,423 - INFO - fastread - 15, 420
2019-02-04 18:03:38,528 - INFO - fastread - 15, 430
2019-02-04 18:03:38,634 - INFO - fastread - 15, 440
2019-02-04 18:03:38,740 - INFO - fastread - 15, 450
2019-02-04 18:03:38,846 - INFO - fastread - 16, 460
2019-02-04 18:03:38,951 - INFO - fastread - 16, 470
2019-02-04 18:03:39,057 - INFO - fastread - 16, 480
2019-02-04 18:03:39,163 - INFO - fastread - 16, 490
2019-02-04 18:03:39,269 - INFO - fastread - 16, 500
2019-02-04 18:03:39,374 - INFO - fastread - 16, 510
2019-02-04 18:03:39,480 - INFO - fastread - 16, 520
2019-02-04 18:03:39,583 - INFO - fastread - 16, 530
2019-02-04 18:03:39,680 - INFO - fastread - 17, 540
2019-02-04 18:03:39,778 - INFO - fastread - 18, 550
2019-02-04 18:03:39,876 - INFO - fastread - 19, 560
2019-02-04 18:03:39,974 - INFO - fastread - 20, 570
2019-02-04 18:03:40,072 - INFO - fastread - 20, 580
2019-02-04 18:03:40,169 - INFO - fastread - 20, 590
2019-02-04 18:03:40,267 - INFO - fastread - 20, 600
2019-02-04 18:03:40,365 - INFO - fastread - 20, 610
2019-02-04 18:03:40,462 - INFO - fastread - 21, 620
2019-02-04 18:03:40,560 - INFO - fastread - 21, 630
2019-02-04 18:03:40,657 - INFO - fastread - 21, 640
2019-02-04 18:03:40,756 - INFO - fastread - 21, 650
2019-02-04 18:03:40,854 - INFO - fastread - 21, 660
2019-02-04 18:03:40,960 - INFO - fastread - 21, 670
2019-02-04 18:03:41,065 - INFO - fastread - 21, 680
2019-02-04 18:03:41,171 - INFO - fastread - 21, 690
2019-02-04 18:03:41,277 - INFO - fastread - 21, 700
2019-02-04 18:03:41,383 - INFO - fastread - 23, 710
2019-02-04 18:03:41,487 - INFO - fastread - 23, 720
2019-02-04 18:03:41,591 - INFO - fastread - 23, 730
2019-02-04 18:03:41,694 - INFO - fastread - 24, 740
2019-02-04 18:03:41,797 - INFO - fastread - 24, 750
2019-02-04 18:03:41,900 - INFO - fastread - 24, 760
2019-02-04 18:03:42,004 - INFO - fastread - 24, 770
2019-02-04 18:03:42,107 - INFO - fastread - 25, 780
2019-02-04 18:03:42,209 - INFO - fastread - 26, 790
2019-02-04 18:03:42,313 - INFO - fastread - 26, 800
2019-02-04 18:03:42,416 - INFO - fastread - 26, 810
2019-02-04 18:03:42,519 - INFO - fastread - 28, 820
2019-02-04 18:03:42,622 - INFO - fastread - 28, 830
2019-02-04 18:03:42,726 - INFO - fastread - 28, 840
2019-02-04 18:03:42,830 - INFO - fastread - 28, 850
2019-02-04 18:03:42,933 - INFO - fastread - 29, 860
2019-02-04 18:03:43,037 - INFO - fastread - 29, 870
2019-02-04 18:03:43,142 - INFO - fastread - 29, 880
2019-02-04 18:03:43,247 - INFO - fastread - 31, 890
2019-02-04 18:03:43,352 - INFO - fastread - 31, 900
2019-02-04 18:03:43,457 - INFO - fastread - 31, 910
2019-02-04 18:03:43,560 - INFO - fastread - 32, 920
2019-02-04 18:03:43,659 - INFO - fastread - 32, 930
2019-02-04 18:03:43,756 - INFO - fastread - 32, 940
2019-02-04 18:03:43,854 - INFO - fastread - 32, 950
2019-02-04 18:03:43,951 - INFO - fastread - 33, 960
2019-02-04 18:03:44,048 - INFO - fastread - 33, 970
2019-02-04 18:03:44,145 - INFO - fastread - 33, 980
2019-02-04 18:03:44,242 - INFO - fastread - 33, 990
2019-02-04 18:03:44,338 - INFO - fastread - 33, 1000
2019-02-04 18:03:44,435 - INFO - fastread - 33, 1010
2019-02-04 18:03:44,532 - INFO - fastread - 33, 1020
2019-02-04 18:03:44,629 - INFO - fastread - 33, 1030
2019-02-04 18:03:44,726 - INFO - fastread - 34, 1040
2019-02-04 18:03:44,824 - INFO - fastread - 34, 1050
2019-02-04 18:03:44,928 - INFO - fastread - 34, 1060
2019-02-04 18:03:45,033 - INFO - fastread - 34, 1070
2019-02-04 18:03:45,138 - INFO - fastread - 34, 1080
2019-02-04 18:03:45,243 - INFO - fastread - 34, 1090
2019-02-04 18:03:45,348 - INFO - fastread - 34, 1100
2019-02-04 18:03:45,453 - INFO - fastread - 34, 1110
2019-02-04 18:03:45,558 - INFO - fastread - 35, 1120
2019-02-04 18:03:45,664 - INFO - fastread - 35, 1130
2019-02-04 18:03:45,769 - INFO - fastread - 35, 1140
2019-02-04 18:03:45,875 - INFO - fastread - 36, 1150
2019-02-04 18:03:45,980 - INFO - fastread - 36, 1160
2019-02-04 18:03:46,085 - INFO - fastread - 36, 1170
2019-02-04 18:03:46,191 - INFO - fastread - 38, 1180
2019-02-04 18:03:46,296 - INFO - fastread - 38, 1190
2019-02-04 18:03:46,401 - INFO - fastread - 39, 1200
2019-02-04 18:03:46,506 - INFO - fastread - 41, 1210
2019-02-04 18:03:46,611 - INFO - fastread - 41, 1220
2019-02-04 18:03:46,717 - INFO - fastread - 41, 1230
2019-02-04 18:03:46,822 - INFO - fastread - 41, 1240
2019-02-04 18:03:46,927 - INFO - fastread - 41, 1250
2019-02-04 18:03:47,032 - INFO - fastread - 42, 1260
2019-02-04 18:03:47,138 - INFO - fastread - 42, 1270
2019-02-04 18:03:47,243 - INFO - fastread - 42, 1280
2019-02-04 18:03:47,348 - INFO - fastread - 42, 1290
2019-02-04 18:03:47,453 - INFO - fastread - 42, 1300
2019-02-04 18:03:47,558 - INFO - fastread - 42, 1310
2019-02-04 18:03:47,655 - INFO - fastread - 42, 1320
2019-02-04 18:03:47,752 - INFO - fastread - 42, 1330
2019-02-04 18:03:47,850 - INFO - fastread - 43, 1340
2019-02-04 18:03:47,947 - INFO - fastread - 43, 1350
2019-02-04 18:03:48,044 - INFO - fastread - 43, 1360
2019-02-04 18:03:48,142 - INFO - fastread - 43, 1370
2019-02-04 18:03:48,239 - INFO - fastread - 43, 1380
2019-02-04 18:03:48,336 - INFO - fastread - 43, 1390
2019-02-04 18:03:48,433 - INFO - fastread - 43, 1400
2019-02-04 18:03:48,530 - INFO - fastread - 43, 1410
2019-02-04 18:03:48,626 - INFO - fastread - 43, 1420
2019-02-04 18:03:48,724 - INFO - fastread - 43, 1430
2019-02-04 18:03:48,822 - INFO - fastread - 43, 1440
2019-02-04 18:03:48,920 - INFO - fastread - 44, 1450
2019-02-04 18:03:49,018 - INFO - fastread - 44, 1460
2019-02-04 18:03:49,116 - INFO - fastread - 44, 1470
2019-02-04 18:03:49,217 - INFO - fastread - 44, 1480
2019-02-04 18:03:49,316 - INFO - fastread - 45, 1490
2019-02-04 18:03:49,414 - INFO - fastread - 45, 1500
2019-02-04 18:03:49,511 - INFO - fastread - 45, 1510
2019-02-04 18:03:49,608 - INFO - fastread - 45, 1520
2019-02-04 18:03:49,707 - INFO - fastread - 45, 1530
2019-02-04 18:03:49,805 - INFO - fastread - 47, 1540
2019-02-04 18:03:49,902 - INFO - fastread - 47, 1550
2019-02-04 18:03:50,000 - INFO - fastread - 47, 1560
2019-02-04 18:03:50,099 - INFO - fastread - 48, 1570
2019-02-04 18:03:50,197 - INFO - fastread - 48, 1580
2019-02-04 18:03:50,295 - INFO - fastread - 49, 1590
2019-02-04 18:03:50,392 - INFO - fastread - 49, 1600
2019-02-04 18:03:50,488 - INFO - fastread - 49, 1610
2019-02-04 18:03:50,582 - INFO - fastread - 49, 1620
2019-02-04 18:03:50,679 - INFO - fastread - 49, 1630
2019-02-04 18:03:50,776 - INFO - fastread - 49, 1640
2019-02-04 18:03:50,871 - INFO - fastread - 52, 1650
2019-02-04 18:03:50,966 - INFO - fastread - 52, 1660
2019-02-04 18:03:51,061 - INFO - fastread - 52, 1670
2019-02-04 18:03:51,156 - INFO - fastread - 53, 1680
2019-02-04 18:03:51,253 - INFO - fastread - 53, 1690
2019-02-04 18:03:51,349 - INFO - fastread - 53, 1700
2019-02-04 18:03:51,445 - INFO - fastread - 53, 1710
2019-02-04 18:03:51,541 - INFO - fastread - 53, 1720
2019-02-04 18:03:51,636 - INFO - fastread - 53, 1730
2019-02-04 18:03:51,731 - INFO - fastread - 54, 1740
2019-02-04 18:03:51,826 - INFO - fastread - 55, 1750
2019-02-04 18:03:51,921 - INFO - fastread - 56, 1760
2019-02-04 18:03:52,016 - INFO - fastread - 57, 1770
2019-02-04 18:03:52,111 - INFO - fastread - 57, 1780
2019-02-04 18:03:52,208 - INFO - fastread - 58, 1790
2019-02-04 18:03:52,306 - INFO - fastread - 58, 1800
2019-02-04 18:03:52,404 - INFO - fastread - 58, 1810
2019-02-04 18:03:52,502 - INFO - fastread - 58, 1820
2019-02-04 18:03:52,600 - INFO - fastread - 59, 1830
2019-02-04 18:03:52,696 - INFO - fastread - 59, 1840
2019-02-04 18:03:52,793 - INFO - fastread - 59, 1850
2019-02-04 18:03:52,891 - INFO - fastread - 59, 1860
2019-02-04 18:03:52,989 - INFO - fastread - 59, 1870
2019-02-04 18:03:53,088 - INFO - fastread - 59, 1880
2019-02-04 18:03:53,186 - INFO - fastread - 59, 1890
2019-02-04 18:03:53,283 - INFO - fastread - 59, 1900
2019-02-04 18:03:53,380 - INFO - fastread - 59, 1910
2019-02-04 18:03:53,477 - INFO - fastread - 59, 1920
2019-02-04 18:03:53,573 - INFO - fastread - 59, 1930
2019-02-04 18:03:53,671 - INFO - fastread - 59, 1940
2019-02-04 18:03:53,770 - INFO - fastread - 59, 1950
2019-02-04 18:03:53,868 - INFO - fastread - 59, 1960
2019-02-04 18:03:53,967 - INFO - fastread - 59, 1970
2019-02-04 18:03:54,066 - INFO - fastread - 59, 1980
2019-02-04 18:03:54,163 - INFO - fastread - 59, 1990
2019-02-04 18:03:54,260 - INFO - fastread - 59, 2000
2019-02-04 18:03:54,357 - INFO - fastread - 59, 2010
2019-02-04 18:03:54,454 - INFO - fastread - 59, 2020
2019-02-04 18:03:54,551 - INFO - fastread - 59, 2030
2019-02-04 18:03:54,648 - INFO - fastread - 60, 2040
2019-02-04 18:03:54,745 - INFO - fastread - 61, 2050
2019-02-04 18:03:54,843 - INFO - fastread - 61, 2060
2019-02-04 18:03:54,940 - INFO - fastread - 61, 2070
2019-02-04 18:03:55,037 - INFO - fastread - 61, 2080
2019-02-04 18:03:55,134 - INFO - fastread - 61, 2090
2019-02-04 18:03:55,231 - INFO - fastread - 62, 2100
2019-02-04 18:03:55,332 - INFO - fastread - 63, 2110
2019-02-04 18:03:55,429 - INFO - fastread - 63, 2120
2019-02-04 18:03:55,528 - INFO - fastread - 63, 2130
2019-02-04 18:03:55,624 - INFO - fastread - 63, 2140
2019-02-04 18:03:55,721 - INFO - fastread - 63, 2150
2019-02-04 18:03:55,824 - INFO - fastread - 63, 2160
2019-02-04 18:03:55,929 - INFO - fastread - 64, 2170
2019-02-04 18:03:56,030 - INFO - fastread - 64, 2180
2019-02-04 18:03:56,137 - INFO - fastread - 64, 2190
2019-02-04 18:03:56,236 - INFO - fastread - 65, 2200
2019-02-04 18:03:56,339 - INFO - fastread - 65, 2210
2019-02-04 18:03:56,444 - INFO - fastread - 65, 2220
2019-02-04 18:03:56,550 - INFO - fastread - 65, 2230
2019-02-04 18:03:56,656 - INFO - fastread - 66, 2240
2019-02-04 18:03:56,762 - INFO - fastread - 68, 2250
2019-02-04 18:03:56,868 - INFO - fastread - 69, 2260
2019-02-04 18:03:56,974 - INFO - fastread - 69, 2270
2019-02-04 18:03:57,080 - INFO - fastread - 70, 2280
2019-02-04 18:03:57,186 - INFO - fastread - 70, 2290
2019-02-04 18:03:57,292 - INFO - fastread - 70, 2300
2019-02-04 18:03:57,398 - INFO - fastread - 70, 2310
2019-02-04 18:03:57,504 - INFO - fastread - 70, 2320
2019-02-04 18:03:57,610 - INFO - fastread - 71, 2330
2019-02-04 18:03:57,716 - INFO - fastread - 71, 2340
2019-02-04 18:03:57,822 - INFO - fastread - 71, 2350
2019-02-04 18:03:57,928 - INFO - fastread - 71, 2360
2019-02-04 18:03:58,034 - INFO - fastread - 71, 2370
2019-02-04 18:03:58,139 - INFO - fastread - 71, 2380
2019-02-04 18:03:58,243 - INFO - fastread - 71, 2390
2019-02-04 18:03:58,347 - INFO - fastread - 71, 2400
2019-02-04 18:03:58,450 - INFO - fastread - 72, 2410
2019-02-04 18:03:58,554 - INFO - fastread - 72, 2420
2019-02-04 18:03:58,658 - INFO - fastread - 72, 2430
2019-02-04 18:03:58,762 - INFO - fastread - 72, 2440
2019-02-04 18:03:58,865 - INFO - fastread - 72, 2450
2019-02-04 18:03:58,969 - INFO - fastread - 72, 2460
2019-02-04 18:03:59,073 - INFO - fastread - 74, 2470
2019-02-04 18:03:59,177 - INFO - fastread - 75, 2480
2019-02-04 18:03:59,281 - INFO - fastread - 76, 2490
2019-02-04 18:03:59,385 - INFO - fastread - 76, 2500
2019-02-04 18:03:59,488 - INFO - fastread - 77, 2510
2019-02-04 18:03:59,592 - INFO - fastread - 77, 2520
2019-02-04 18:03:59,695 - INFO - fastread - 78, 2530
2019-02-04 18:03:59,798 - INFO - fastread - 79, 2540
2019-02-04 18:03:59,901 - INFO - fastread - 79, 2550
2019-02-04 18:04:00,004 - INFO - fastread - 79, 2560
2019-02-04 18:04:00,107 - INFO - fastread - 79, 2570
2019-02-04 18:04:00,210 - INFO - fastread - 79, 2580
2019-02-04 18:04:00,313 - INFO - fastread - 81, 2590
2019-02-04 18:04:00,416 - INFO - fastread - 81, 2600
2019-02-04 18:04:00,519 - INFO - fastread - 82, 2610
2019-02-04 18:04:00,622 - INFO - fastread - 82, 2620
2019-02-04 18:04:00,725 - INFO - fastread - 83, 2630
2019-02-04 18:04:00,829 - INFO - fastread - 83, 2640
2019-02-04 18:04:00,932 - INFO - fastread - 84, 2650
2019-02-04 18:04:01,036 - INFO - fastread - 84, 2660
2019-02-04 18:04:01,140 - INFO - fastread - 84, 2670
2019-02-04 18:04:01,247 - INFO - fastread - 84, 2680
2019-02-04 18:04:01,353 - INFO - fastread - 85, 2690
2019-02-04 18:04:01,459 - INFO - fastread - 85, 2700
2019-02-04 18:04:01,565 - INFO - fastread - 86, 2710
2019-02-04 18:04:01,671 - INFO - fastread - 87, 2720
2019-02-04 18:04:01,777 - INFO - fastread - 87, 2730
2019-02-04 18:04:01,883 - INFO - fastread - 87, 2740
2019-02-04 18:04:01,909 - INFO - rig - ++++NEW CLF++++ NBM
2019-02-04 18:04:01,909 - INFO - fastread - Total Yes: 131 | Total No: 3967
2019-02-04 18:04:02,021 - INFO - fastread - 1, 10
2019-02-04 18:04:02,025 - INFO - fastread - 4, 20
2019-02-04 18:04:02,030 - INFO - fastread - 6, 30
2019-02-04 18:04:02,035 - INFO - fastread - 12, 40
2019-02-04 18:04:02,039 - INFO - fastread - 16, 50
2019-02-04 18:04:02,044 - INFO - fastread - 17, 60
2019-02-04 18:04:02,049 - INFO - fastread - 19, 70
2019-02-04 18:04:02,054 - INFO - fastread - 21, 80
2019-02-04 18:04:02,058 - INFO - fastread - 23, 90
2019-02-04 18:04:02,063 - INFO - fastread - 23, 100
2019-02-04 18:04:02,068 - INFO - fastread - 23, 110
2019-02-04 18:04:02,072 - INFO - fastread - 23, 120
2019-02-04 18:04:02,077 - INFO - fastread - 23, 130
2019-02-04 18:04:02,082 - INFO - fastread - 23, 140
2019-02-04 18:04:02,087 - INFO - fastread - 23, 150
2019-02-04 18:04:02,091 - INFO - fastread - 23, 160
2019-02-04 18:04:02,096 - INFO - fastread - 23, 170
2019-02-04 18:04:02,101 - INFO - fastread - 23, 180
2019-02-04 18:04:02,106 - INFO - fastread - 23, 190
2019-02-04 18:04:02,111 - INFO - fastread - 23, 200
2019-02-04 18:04:02,116 - INFO - fastread - 25, 210
2019-02-04 18:04:02,120 - INFO - fastread - 28, 220
2019-02-04 18:04:02,125 - INFO - fastread - 28, 230
2019-02-04 18:04:02,130 - INFO - fastread - 29, 240
2019-02-04 18:04:02,135 - INFO - fastread - 29, 250
2019-02-04 18:04:02,140 - INFO - fastread - 30, 260
2019-02-04 18:04:02,145 - INFO - fastread - 30, 270
2019-02-04 18:04:02,149 - INFO - fastread - 32, 280
2019-02-04 18:04:02,154 - INFO - fastread - 32, 290
2019-02-04 18:04:02,159 - INFO - fastread - 32, 300
2019-02-04 18:04:02,164 - INFO - fastread - 33, 310
2019-02-04 18:04:02,168 - INFO - fastread - 33, 320
2019-02-04 18:04:02,173 - INFO - fastread - 33, 330
2019-02-04 18:04:02,178 - INFO - fastread - 33, 340
2019-02-04 18:04:02,183 - INFO - fastread - 37, 350
2019-02-04 18:04:02,188 - INFO - fastread - 37, 360
2019-02-04 18:04:02,193 - INFO - fastread - 38, 370
2019-02-04 18:04:02,198 - INFO - fastread - 38, 380
2019-02-04 18:04:02,202 - INFO - fastread - 39, 390
2019-02-04 18:04:02,207 - INFO - fastread - 39, 400
2019-02-04 18:04:02,212 - INFO - fastread - 39, 410
2019-02-04 18:04:02,217 - INFO - fastread - 39, 420
2019-02-04 18:04:02,222 - INFO - fastread - 40, 430
2019-02-04 18:04:02,227 - INFO - fastread - 41, 440
2019-02-04 18:04:02,232 - INFO - fastread - 42, 450
2019-02-04 18:04:02,237 - INFO - fastread - 45, 460
2019-02-04 18:04:02,242 - INFO - fastread - 47, 470
2019-02-04 18:04:02,247 - INFO - fastread - 47, 480
2019-02-04 18:04:02,251 - INFO - fastread - 49, 490
2019-02-04 18:04:02,256 - INFO - fastread - 52, 500
2019-02-04 18:04:02,261 - INFO - fastread - 53, 510
2019-02-04 18:04:02,266 - INFO - fastread - 53, 520
2019-02-04 18:04:02,271 - INFO - fastread - 54, 530
2019-02-04 18:04:02,276 - INFO - fastread - 54, 540
2019-02-04 18:04:02,281 - INFO - fastread - 54, 550
2019-02-04 18:04:02,286 - INFO - fastread - 54, 560
2019-02-04 18:04:02,291 - INFO - fastread - 54, 570
2019-02-04 18:04:02,296 - INFO - fastread - 54, 580
2019-02-04 18:04:02,301 - INFO - fastread - 54, 590
2019-02-04 18:04:02,306 - INFO - fastread - 54, 600
2019-02-04 18:04:02,311 - INFO - fastread - 54, 610
2019-02-04 18:04:02,316 - INFO - fastread - 54, 620
2019-02-04 18:04:02,321 - INFO - fastread - 54, 630
2019-02-04 18:04:02,326 - INFO - fastread - 54, 640
2019-02-04 18:04:02,331 - INFO - fastread - 54, 650
2019-02-04 18:04:02,336 - INFO - fastread - 54, 660
2019-02-04 18:04:02,341 - INFO - fastread - 54, 670
2019-02-04 18:04:02,346 - INFO - fastread - 56, 680
2019-02-04 18:04:02,351 - INFO - fastread - 56, 690
2019-02-04 18:04:02,355 - INFO - fastread - 57, 700
2019-02-04 18:04:02,360 - INFO - fastread - 57, 710
2019-02-04 18:04:02,365 - INFO - fastread - 57, 720
2019-02-04 18:04:02,370 - INFO - fastread - 57, 730
2019-02-04 18:04:02,375 - INFO - fastread - 57, 740
2019-02-04 18:04:02,380 - INFO - fastread - 57, 750
2019-02-04 18:04:02,385 - INFO - fastread - 57, 760
2019-02-04 18:04:02,390 - INFO - fastread - 57, 770
2019-02-04 18:04:02,395 - INFO - fastread - 57, 780
2019-02-04 18:04:02,400 - INFO - fastread - 57, 790
2019-02-04 18:04:02,406 - INFO - fastread - 57, 800
2019-02-04 18:04:02,411 - INFO - fastread - 57, 810
2019-02-04 18:04:02,416 - INFO - fastread - 57, 820
2019-02-04 18:04:02,421 - INFO - fastread - 57, 830
2019-02-04 18:04:02,426 - INFO - fastread - 57, 840
2019-02-04 18:04:02,431 - INFO - fastread - 57, 850
2019-02-04 18:04:02,436 - INFO - fastread - 57, 860
2019-02-04 18:04:02,441 - INFO - fastread - 57, 870
2019-02-04 18:04:02,446 - INFO - fastread - 60, 880
2019-02-04 18:04:02,451 - INFO - fastread - 61, 890
2019-02-04 18:04:02,456 - INFO - fastread - 63, 900
2019-02-04 18:04:02,461 - INFO - fastread - 64, 910
2019-02-04 18:04:02,466 - INFO - fastread - 66, 920
2019-02-04 18:04:02,471 - INFO - fastread - 66, 930
2019-02-04 18:04:02,476 - INFO - fastread - 67, 940
2019-02-04 18:04:02,482 - INFO - fastread - 67, 950
2019-02-04 18:04:02,487 - INFO - fastread - 69, 960
2019-02-04 18:04:02,492 - INFO - fastread - 70, 970
2019-02-04 18:04:02,497 - INFO - fastread - 70, 980
2019-02-04 18:04:02,502 - INFO - fastread - 70, 990
2019-02-04 18:04:02,507 - INFO - fastread - 70, 1000
2019-02-04 18:04:02,512 - INFO - fastread - 70, 1010
2019-02-04 18:04:02,517 - INFO - fastread - 70, 1020
2019-02-04 18:04:02,522 - INFO - fastread - 71, 1030
2019-02-04 18:04:02,528 - INFO - fastread - 71, 1040
2019-02-04 18:04:02,533 - INFO - fastread - 71, 1050
2019-02-04 18:04:02,538 - INFO - fastread - 71, 1060
2019-02-04 18:04:02,543 - INFO - fastread - 71, 1070
2019-02-04 18:04:02,548 - INFO - fastread - 72, 1080
2019-02-04 18:04:02,553 - INFO - fastread - 72, 1090
2019-02-04 18:04:02,558 - INFO - fastread - 72, 1100
2019-02-04 18:04:02,563 - INFO - fastread - 72, 1110
2019-02-04 18:04:02,568 - INFO - fastread - 73, 1120
2019-02-04 18:04:02,574 - INFO - fastread - 73, 1130
2019-02-04 18:04:02,579 - INFO - fastread - 73, 1140
2019-02-04 18:04:02,584 - INFO - fastread - 74, 1150
2019-02-04 18:04:02,589 - INFO - fastread - 74, 1160
2019-02-04 18:04:02,594 - INFO - fastread - 74, 1170
2019-02-04 18:04:02,600 - INFO - fastread - 74, 1180
2019-02-04 18:04:02,605 - INFO - fastread - 74, 1190
2019-02-04 18:04:02,610 - INFO - fastread - 75, 1200
2019-02-04 18:04:02,615 - INFO - fastread - 75, 1210
2019-02-04 18:04:02,620 - INFO - fastread - 75, 1220
2019-02-04 18:04:02,626 - INFO - fastread - 75, 1230
2019-02-04 18:04:02,631 - INFO - fastread - 75, 1240
2019-02-04 18:04:02,636 - INFO - fastread - 77, 1250
2019-02-04 18:04:02,641 - INFO - fastread - 77, 1260
2019-02-04 18:04:02,646 - INFO - fastread - 78, 1270
2019-02-04 18:04:02,651 - INFO - fastread - 78, 1280
2019-02-04 18:04:02,657 - INFO - fastread - 79, 1290
2019-02-04 18:04:02,662 - INFO - fastread - 79, 1300
2019-02-04 18:04:02,667 - INFO - fastread - 79, 1310
2019-02-04 18:04:02,672 - INFO - fastread - 80, 1320
2019-02-04 18:04:02,678 - INFO - fastread - 80, 1330
2019-02-04 18:04:02,683 - INFO - fastread - 80, 1340
2019-02-04 18:04:02,688 - INFO - fastread - 80, 1350
2019-02-04 18:04:02,693 - INFO - fastread - 82, 1360
2019-02-04 18:04:02,699 - INFO - fastread - 83, 1370
2019-02-04 18:04:02,704 - INFO - fastread - 83, 1380
2019-02-04 18:04:02,709 - INFO - fastread - 83, 1390
2019-02-04 18:04:02,714 - INFO - fastread - 83, 1400
2019-02-04 18:04:02,720 - INFO - fastread - 84, 1410
2019-02-04 18:04:02,725 - INFO - fastread - 85, 1420
2019-02-04 18:04:02,730 - INFO - fastread - 85, 1430
2019-02-04 18:04:02,736 - INFO - fastread - 85, 1440
2019-02-04 18:04:02,741 - INFO - fastread - 86, 1450
2019-02-04 18:04:02,746 - INFO - fastread - 86, 1460
2019-02-04 18:04:02,751 - INFO - fastread - 87, 1470
2019-02-04 18:04:02,756 - INFO - fastread - 87, 1480
2019-02-04 18:04:02,762 - INFO - fastread - 87, 1490
2019-02-04 18:04:02,767 - INFO - fastread - 87, 1500
2019-02-04 18:04:02,772 - INFO - fastread - 89, 1510
2019-02-04 18:04:02,778 - INFO - fastread - 89, 1520
2019-02-04 18:04:02,783 - INFO - fastread - 89, 1530
2019-02-04 18:04:02,788 - INFO - fastread - 90, 1540
2019-02-04 18:04:02,794 - INFO - fastread - 91, 1550
2019-02-04 18:04:02,799 - INFO - fastread - 92, 1560
2019-02-04 18:04:02,804 - INFO - fastread - 93, 1570
2019-02-04 18:04:02,810 - INFO - fastread - 93, 1580
2019-02-04 18:04:02,815 - INFO - fastread - 93, 1590
2019-02-04 18:04:02,820 - INFO - fastread - 94, 1600
2019-02-04 18:04:02,826 - INFO - fastread - 94, 1610
2019-02-04 18:04:02,831 - INFO - fastread - 94, 1620
2019-02-04 18:04:02,836 - INFO - fastread - 94, 1630
2019-02-04 18:04:02,842 - INFO - fastread - 95, 1640
2019-02-04 18:04:02,847 - INFO - fastread - 95, 1650
2019-02-04 18:04:02,852 - INFO - fastread - 96, 1660
2019-02-04 18:04:02,858 - INFO - fastread - 98, 1670
2019-02-04 18:04:02,863 - INFO - fastread - 98, 1680
2019-02-04 18:04:02,868 - INFO - fastread - 99, 1690
2019-02-04 18:04:02,874 - INFO - fastread - 100, 1700
2019-02-04 18:04:02,879 - INFO - fastread - 101, 1710
2019-02-04 18:04:02,884 - INFO - fastread - 101, 1720
2019-02-04 18:04:02,890 - INFO - fastread - 102, 1730
2019-02-04 18:04:02,895 - INFO - fastread - 102, 1740
2019-02-04 18:04:02,901 - INFO - fastread - 102, 1750
2019-02-04 18:04:02,906 - INFO - fastread - 102, 1760
2019-02-04 18:04:02,911 - INFO - fastread - 102, 1770
2019-02-04 18:04:02,917 - INFO - fastread - 102, 1780
2019-02-04 18:04:02,922 - INFO - fastread - 102, 1790
2019-02-04 18:04:02,928 - INFO - fastread - 103, 1800
2019-02-04 18:04:02,933 - INFO - fastread - 103, 1810
2019-02-04 18:04:02,938 - INFO - fastread - 103, 1820
2019-02-04 18:04:02,944 - INFO - fastread - 104, 1830
2019-02-04 18:04:02,949 - INFO - fastread - 104, 1840
2019-02-04 18:04:02,954 - INFO - fastread - 104, 1850
2019-02-04 18:04:02,960 - INFO - fastread - 104, 1860
2019-02-04 18:04:02,965 - INFO - fastread - 104, 1870
2019-02-04 18:04:02,971 - INFO - fastread - 105, 1880
2019-02-04 18:04:02,976 - INFO - fastread - 105, 1890
2019-02-04 18:04:02,982 - INFO - fastread - 105, 1900
2019-02-04 18:04:02,987 - INFO - fastread - 105, 1910
2019-02-04 18:04:02,993 - INFO - fastread - 105, 1920
2019-02-04 18:04:02,998 - INFO - fastread - 105, 1930
2019-02-04 18:04:03,004 - INFO - fastread - 105, 1940
2019-02-04 18:04:03,009 - INFO - fastread - 105, 1950
2019-02-04 18:04:03,015 - INFO - fastread - 108, 1960
2019-02-04 18:04:03,020 - INFO - fastread - 108, 1970
2019-02-04 18:04:03,025 - INFO - fastread - 108, 1980
2019-02-04 18:04:03,031 - INFO - fastread - 108, 1990
2019-02-04 18:04:03,036 - INFO - fastread - 108, 2000
2019-02-04 18:04:03,041 - INFO - fastread - 108, 2010
2019-02-04 18:04:03,047 - INFO - fastread - 109, 2020
2019-02-04 18:04:03,053 - INFO - fastread - 110, 2030
2019-02-04 18:04:03,058 - INFO - fastread - 110, 2040
2019-02-04 18:04:03,063 - INFO - fastread - 110, 2050
2019-02-04 18:04:03,069 - INFO - fastread - 110, 2060
2019-02-04 18:04:03,074 - INFO - fastread - 111, 2070
2019-02-04 18:04:03,080 - INFO - fastread - 111, 2080
2019-02-04 18:04:03,086 - INFO - fastread - 111, 2090
2019-02-04 18:04:03,091 - INFO - fastread - 111, 2100
2019-02-04 18:04:03,097 - INFO - fastread - 111, 2110
2019-02-04 18:04:03,102 - INFO - fastread - 111, 2120
2019-02-04 18:04:03,108 - INFO - fastread - 111, 2130
2019-02-04 18:04:03,113 - INFO - fastread - 111, 2140
2019-02-04 18:04:03,119 - INFO - fastread - 111, 2150
2019-02-04 18:04:03,124 - INFO - fastread - 112, 2160
2019-02-04 18:04:03,130 - INFO - fastread - 113, 2170
2019-02-04 18:04:03,135 - INFO - fastread - 113, 2180
2019-02-04 18:04:03,141 - INFO - fastread - 113, 2190
2019-02-04 18:04:03,146 - INFO - fastread - 113, 2200
2019-02-04 18:04:03,152 - INFO - fastread - 113, 2210
2019-02-04 18:04:03,157 - INFO - fastread - 113, 2220
2019-02-04 18:04:03,163 - INFO - fastread - 113, 2230
2019-02-04 18:04:03,169 - INFO - fastread - 114, 2240
2019-02-04 18:04:03,174 - INFO - fastread - 114, 2250
2019-02-04 18:04:03,180 - INFO - fastread - 114, 2260
2019-02-04 18:04:03,185 - INFO - fastread - 115, 2270
2019-02-04 18:04:03,191 - INFO - fastread - 115, 2280
2019-02-04 18:04:03,197 - INFO - fastread - 115, 2290
2019-02-04 18:04:03,202 - INFO - fastread - 115, 2300
2019-02-04 18:04:03,208 - INFO - fastread - 117, 2310
2019-02-04 18:04:03,214 - INFO - fastread - 117, 2320
2019-02-04 18:04:03,219 - INFO - fastread - 117, 2330
2019-02-04 18:04:03,225 - INFO - fastread - 117, 2340
2019-02-04 18:04:03,230 - INFO - fastread - 117, 2350
2019-02-04 18:04:03,236 - INFO - fastread - 117, 2360
2019-02-04 18:04:03,241 - INFO - fastread - 117, 2370
2019-02-04 18:04:03,247 - INFO - fastread - 117, 2380
2019-02-04 18:04:03,253 - INFO - fastread - 117, 2390
2019-02-04 18:04:03,258 - INFO - fastread - 117, 2400
2019-02-04 18:04:03,264 - INFO - fastread - 117, 2410
2019-02-04 18:04:03,270 - INFO - fastread - 117, 2420
2019-02-04 18:04:03,275 - INFO - fastread - 117, 2430
2019-02-04 18:04:03,281 - INFO - fastread - 117, 2440
2019-02-04 18:04:03,287 - INFO - fastread - 117, 2450
2019-02-04 18:04:03,292 - INFO - fastread - 117, 2460
2019-02-04 18:04:03,298 - INFO - fastread - 117, 2470
2019-02-04 18:04:03,304 - INFO - fastread - 117, 2480
2019-02-04 18:04:03,309 - INFO - fastread - 118, 2490
2019-02-04 18:04:03,315 - INFO - fastread - 119, 2500
2019-02-04 18:04:03,321 - INFO - fastread - 119, 2510
2019-02-04 18:04:03,326 - INFO - fastread - 119, 2520
2019-02-04 18:04:03,332 - INFO - fastread - 119, 2530
2019-02-04 18:04:03,337 - INFO - fastread - 119, 2540
2019-02-04 18:04:03,343 - INFO - fastread - 119, 2550
2019-02-04 18:04:03,349 - INFO - fastread - 119, 2560
2019-02-04 18:04:03,354 - INFO - fastread - 120, 2570
2019-02-04 18:04:03,360 - INFO - fastread - 120, 2580
2019-02-04 18:04:03,366 - INFO - fastread - 120, 2590
2019-02-04 18:04:03,371 - INFO - fastread - 120, 2600
2019-02-04 18:04:03,377 - INFO - fastread - 120, 2610
2019-02-04 18:04:03,383 - INFO - fastread - 120, 2620
2019-02-04 18:04:03,389 - INFO - fastread - 120, 2630
2019-02-04 18:04:03,394 - INFO - fastread - 120, 2640
2019-02-04 18:04:03,400 - INFO - fastread - 120, 2650
2019-02-04 18:04:03,406 - INFO - fastread - 120, 2660
2019-02-04 18:04:03,411 - INFO - fastread - 120, 2670
2019-02-04 18:04:03,417 - INFO - fastread - 120, 2680
2019-02-04 18:04:03,423 - INFO - fastread - 120, 2690
2019-02-04 18:04:03,428 - INFO - fastread - 120, 2700
2019-02-04 18:04:03,434 - INFO - fastread - 120, 2710
2019-02-04 18:04:03,440 - INFO - fastread - 120, 2720
2019-02-04 18:04:03,445 - INFO - fastread - 120, 2730
2019-02-04 18:04:03,451 - INFO - fastread - 120, 2740
2019-02-04 18:04:03,457 - INFO - fastread - 120, 2750
2019-02-04 18:04:03,463 - INFO - fastread - 120, 2760
2019-02-04 18:04:03,469 - INFO - fastread - 120, 2770
2019-02-04 18:04:03,474 - INFO - fastread - 120, 2780
2019-02-04 18:04:03,480 - INFO - fastread - 120, 2790
2019-02-04 18:04:03,486 - INFO - fastread - 120, 2800
2019-02-04 18:04:03,492 - INFO - fastread - 121, 2810
2019-02-04 18:04:03,498 - INFO - fastread - 121, 2820
2019-02-04 18:04:03,503 - INFO - fastread - 121, 2830
2019-02-04 18:04:03,509 - INFO - fastread - 121, 2840
2019-02-04 18:04:03,515 - INFO - fastread - 121, 2850
2019-02-04 18:04:03,521 - INFO - fastread - 121, 2860
2019-02-04 18:04:03,526 - INFO - fastread - 121, 2870
2019-02-04 18:04:03,532 - INFO - fastread - 121, 2880
2019-02-04 18:04:03,538 - INFO - fastread - 121, 2890
2019-02-04 18:04:03,543 - INFO - fastread - 121, 2900
2019-02-04 18:04:03,549 - INFO - fastread - 121, 2910
2019-02-04 18:04:03,555 - INFO - fastread - 121, 2920
2019-02-04 18:04:03,561 - INFO - fastread - 121, 2930
2019-02-04 18:04:03,567 - INFO - fastread - 122, 2940
2019-02-04 18:04:03,573 - INFO - fastread - 122, 2950
2019-02-04 18:04:03,578 - INFO - fastread - 123, 2960
2019-02-04 18:04:03,584 - INFO - fastread - 123, 2970
2019-02-04 18:04:03,590 - INFO - fastread - 124, 2980
2019-02-04 18:04:03,596 - INFO - fastread - 124, 2990
2019-02-04 18:04:03,602 - INFO - fastread - 124, 3000
2019-02-04 18:04:03,608 - INFO - fastread - 124, 3010
2019-02-04 18:04:03,613 - INFO - fastread - 124, 3020
2019-02-04 18:04:03,619 - INFO - fastread - 124, 3030
2019-02-04 18:04:03,625 - INFO - fastread - 124, 3040
2019-02-04 18:04:03,630 - INFO - fastread - 124, 3050
2019-02-04 18:04:03,636 - INFO - fastread - 124, 3060
2019-02-04 18:04:03,642 - INFO - fastread - 124, 3070
2019-02-04 18:04:03,648 - INFO - fastread - 124, 3080
2019-02-04 18:04:03,654 - INFO - fastread - 124, 3090
2019-02-04 18:04:03,660 - INFO - fastread - 124, 3100
2019-02-04 18:04:03,666 - INFO - fastread - 124, 3110
2019-02-04 18:04:03,672 - INFO - fastread - 125, 3120
2019-02-04 18:04:03,678 - INFO - fastread - 125, 3130
2019-02-04 18:04:03,684 - INFO - fastread - 125, 3140
2019-02-04 18:04:03,690 - INFO - fastread - 125, 3150
2019-02-04 18:04:03,695 - INFO - fastread - 125, 3160
2019-02-04 18:04:03,701 - INFO - fastread - 125, 3170
2019-02-04 18:04:03,707 - INFO - fastread - 125, 3180
2019-02-04 18:04:03,713 - INFO - fastread - 125, 3190
2019-02-04 18:04:03,719 - INFO - fastread - 125, 3200
2019-02-04 18:04:03,725 - INFO - fastread - 125, 3210
2019-02-04 18:04:03,730 - INFO - fastread - 125, 3220
2019-02-04 18:04:03,736 - INFO - fastread - 125, 3230
2019-02-04 18:04:03,743 - INFO - fastread - 125, 3240
2019-02-04 18:04:03,748 - INFO - fastread - 125, 3250
2019-02-04 18:04:03,754 - INFO - fastread - 125, 3260
2019-02-04 18:04:03,760 - INFO - fastread - 125, 3270
2019-02-04 18:04:03,766 - INFO - fastread - 125, 3280
2019-02-04 18:04:03,772 - INFO - fastread - 125, 3290
2019-02-04 18:04:03,778 - INFO - fastread - 125, 3300
2019-02-04 18:04:03,784 - INFO - fastread - 125, 3310
2019-02-04 18:04:03,790 - INFO - fastread - 125, 3320
2019-02-04 18:04:03,796 - INFO - fastread - 125, 3330
2019-02-04 18:04:03,802 - INFO - fastread - 125, 3340
2019-02-04 18:04:03,808 - INFO - fastread - 125, 3350
2019-02-04 18:04:03,814 - INFO - fastread - 125, 3360
2019-02-04 18:04:03,820 - INFO - fastread - 125, 3370
2019-02-04 18:04:03,825 - INFO - fastread - 125, 3380
2019-02-04 18:04:03,831 - INFO - fastread - 126, 3390
2019-02-04 18:04:03,837 - INFO - fastread - 126, 3400
2019-02-04 18:04:03,843 - INFO - fastread - 127, 3410
2019-02-04 18:04:03,849 - INFO - fastread - 127, 3420
2019-02-04 18:04:03,856 - INFO - fastread - 127, 3430
2019-02-04 18:04:03,862 - INFO - fastread - 127, 3440
2019-02-04 18:04:03,868 - INFO - fastread - 127, 3450
2019-02-04 18:04:03,874 - INFO - fastread - 127, 3460
2019-02-04 18:04:03,880 - INFO - fastread - 127, 3470
2019-02-04 18:04:03,886 - INFO - fastread - 127, 3480
2019-02-04 18:04:03,892 - INFO - fastread - 127, 3490
2019-02-04 18:04:03,898 - INFO - fastread - 127, 3500
2019-02-04 18:04:03,904 - INFO - fastread - 127, 3510
2019-02-04 18:04:03,910 - INFO - fastread - 127, 3520
2019-02-04 18:04:03,916 - INFO - fastread - 127, 3530
2019-02-04 18:04:03,921 - INFO - fastread - 127, 3540
2019-02-04 18:04:03,927 - INFO - fastread - 127, 3550
2019-02-04 18:04:03,933 - INFO - fastread - 127, 3560
2019-02-04 18:04:03,939 - INFO - fastread - 127, 3570
2019-02-04 18:04:03,945 - INFO - fastread - 127, 3580
2019-02-04 18:04:03,951 - INFO - fastread - 127, 3590
2019-02-04 18:04:03,958 - INFO - fastread - 128, 3600
2019-02-04 18:04:03,964 - INFO - fastread - 128, 3610
2019-02-04 18:04:03,970 - INFO - fastread - 128, 3620
2019-02-04 18:04:03,976 - INFO - fastread - 128, 3630
2019-02-04 18:04:03,982 - INFO - fastread - 128, 3640
2019-02-04 18:04:03,988 - INFO - fastread - 128, 3650
2019-02-04 18:04:03,994 - INFO - fastread - 128, 3660
2019-02-04 18:04:04,000 - INFO - fastread - 128, 3670
2019-02-04 18:04:04,006 - INFO - fastread - 128, 3680
2019-02-04 18:04:04,012 - INFO - fastread - 128, 3690
2019-02-04 18:04:04,018 - INFO - fastread - 128, 3700
2019-02-04 18:04:04,024 - INFO - fastread - 128, 3710
2019-02-04 18:04:04,030 - INFO - fastread - 128, 3720
2019-02-04 18:04:04,036 - INFO - fastread - 128, 3730
2019-02-04 18:04:04,042 - INFO - fastread - 128, 3740
2019-02-04 18:04:04,049 - INFO - fastread - 128, 3750
2019-02-04 18:04:04,055 - INFO - fastread - 128, 3760
2019-02-04 18:04:04,061 - INFO - fastread - 128, 3770
2019-02-04 18:04:04,067 - INFO - fastread - 129, 3780
2019-02-04 18:04:04,073 - INFO - fastread - 129, 3790
2019-02-04 18:04:04,079 - INFO - fastread - 131, 3800
2019-02-04 18:04:04,085 - INFO - fastread - 131, 3810
2019-02-04 18:04:04,091 - INFO - fastread - 131, 3820
2019-02-04 18:04:04,098 - INFO - fastread - 131, 3830
2019-02-04 18:04:04,104 - INFO - fastread - 131, 3840
2019-02-04 18:04:04,110 - INFO - fastread - 131, 3850
2019-02-04 18:04:04,116 - INFO - fastread - 131, 3860
2019-02-04 18:04:04,122 - INFO - fastread - 131, 3870
2019-02-04 18:04:04,128 - INFO - fastread - 131, 3880
2019-02-04 18:04:04,134 - INFO - fastread - 131, 3890
2019-02-04 18:04:04,140 - INFO - fastread - 131, 3900
2019-02-04 18:04:04,146 - INFO - fastread - 131, 3910
2019-02-04 18:04:04,153 - INFO - fastread - 131, 3920
2019-02-04 18:04:04,159 - INFO - fastread - 131, 3930
2019-02-04 18:04:04,165 - INFO - fastread - 131, 3940
2019-02-04 18:04:04,171 - INFO - fastread - 131, 3950
2019-02-04 18:04:04,177 - INFO - fastread - 131, 3960
2019-02-04 18:04:04,184 - INFO - fastread - 131, 3970
2019-02-04 18:04:04,190 - INFO - fastread - 131, 3980
2019-02-04 18:04:04,196 - INFO - fastread - 131, 3990
2019-02-04 18:04:04,202 - INFO - fastread - 131, 4000
2019-02-04 18:04:04,208 - INFO - fastread - 131, 4010
2019-02-04 18:04:04,214 - INFO - fastread - 131, 4020
2019-02-04 18:04:04,220 - INFO - fastread - 131, 4030
2019-02-04 18:04:04,227 - INFO - fastread - 131, 4040
2019-02-04 18:04:04,233 - INFO - fastread - 131, 4050
2019-02-04 18:04:04,239 - INFO - fastread - 131, 4060
2019-02-04 18:04:04,245 - INFO - fastread - 131, 4070
2019-02-04 18:04:04,251 - INFO - fastread - 131, 4080
2019-02-04 18:04:04,258 - INFO - fastread - 131, 4090
2019-02-04 18:04:04,284 - INFO - rig - ++++NEW CLF++++ KNN
2019-02-04 18:04:04,284 - INFO - fastread - Total Yes: 131 | Total No: 3967
2019-02-04 18:04:24,864 - INFO - fastread - 0, 10
2019-02-04 18:04:24,869 - INFO - fastread - 2, 20
2019-02-04 18:04:24,873 - INFO - fastread - 2, 30
2019-02-04 18:04:24,878 - INFO - fastread - 3, 40
2019-02-04 18:04:24,882 - INFO - fastread - 4, 50
2019-02-04 18:04:24,887 - INFO - fastread - 4, 60
2019-02-04 18:04:24,892 - INFO - fastread - 5, 70
2019-02-04 18:04:24,896 - INFO - fastread - 6, 80
2019-02-04 18:04:24,901 - INFO - fastread - 6, 90
2019-02-04 18:04:24,905 - INFO - fastread - 7, 100
2019-02-04 18:04:24,910 - INFO - fastread - 9, 110
2019-02-04 18:04:24,914 - INFO - fastread - 10, 120
2019-02-04 18:04:24,919 - INFO - fastread - 11, 130
2019-02-04 18:04:24,924 - INFO - fastread - 11, 140
2019-02-04 18:04:24,928 - INFO - fastread - 11, 150
2019-02-04 18:04:24,933 - INFO - fastread - 11, 160
2019-02-04 18:04:24,937 - INFO - fastread - 11, 170
2019-02-04 18:04:24,942 - INFO - fastread - 12, 180
2019-02-04 18:04:24,947 - INFO - fastread - 12, 190
2019-02-04 18:04:24,951 - INFO - fastread - 12, 200
2019-02-04 18:04:24,956 - INFO - fastread - 12, 210
2019-02-04 18:04:24,960 - INFO - fastread - 12, 220
2019-02-04 18:04:24,965 - INFO - fastread - 12, 230
2019-02-04 18:04:24,970 - INFO - fastread - 12, 240
2019-02-04 18:04:24,974 - INFO - fastread - 13, 250
2019-02-04 18:04:24,979 - INFO - fastread - 13, 260
2019-02-04 18:04:24,984 - INFO - fastread - 13, 270
2019-02-04 18:04:24,988 - INFO - fastread - 13, 280
2019-02-04 18:04:24,993 - INFO - fastread - 13, 290
2019-02-04 18:04:24,997 - INFO - fastread - 13, 300
2019-02-04 18:04:25,002 - INFO - fastread - 13, 310
2019-02-04 18:04:25,007 - INFO - fastread - 13, 320
2019-02-04 18:04:25,011 - INFO - fastread - 13, 330
2019-02-04 18:04:25,016 - INFO - fastread - 13, 340
2019-02-04 18:04:25,021 - INFO - fastread - 14, 350
2019-02-04 18:04:25,025 - INFO - fastread - 14, 360
2019-02-04 18:04:25,030 - INFO - fastread - 14, 370
2019-02-04 18:04:25,035 - INFO - fastread - 14, 380
2019-02-04 18:04:25,039 - INFO - fastread - 14, 390
2019-02-04 18:04:25,044 - INFO - fastread - 14, 400
2019-02-04 18:04:25,049 - INFO - fastread - 14, 410
2019-02-04 18:04:25,053 - INFO - fastread - 15, 420
2019-02-04 18:04:25,058 - INFO - fastread - 16, 430
2019-02-04 18:04:25,063 - INFO - fastread - 16, 440
2019-02-04 18:04:25,067 - INFO - fastread - 16, 450
2019-02-04 18:04:25,072 - INFO - fastread - 16, 460
2019-02-04 18:04:25,077 - INFO - fastread - 16, 470
2019-02-04 18:04:25,081 - INFO - fastread - 16, 480
2019-02-04 18:04:25,086 - INFO - fastread - 16, 490
2019-02-04 18:04:25,091 - INFO - fastread - 16, 500
2019-02-04 18:04:25,095 - INFO - fastread - 16, 510
2019-02-04 18:04:25,100 - INFO - fastread - 16, 520
2019-02-04 18:04:25,105 - INFO - fastread - 16, 530
2019-02-04 18:04:25,110 - INFO - fastread - 16, 540
2019-02-04 18:04:25,114 - INFO - fastread - 16, 550
2019-02-04 18:04:25,119 - INFO - fastread - 16, 560
2019-02-04 18:04:25,124 - INFO - fastread - 16, 570
2019-02-04 18:04:25,128 - INFO - fastread - 16, 580
2019-02-04 18:04:25,133 - INFO - fastread - 16, 590
2019-02-04 18:04:25,138 - INFO - fastread - 16, 600
2019-02-04 18:04:25,143 - INFO - fastread - 16, 610
2019-02-04 18:04:25,147 - INFO - fastread - 17, 620
2019-02-04 18:04:25,152 - INFO - fastread - 17, 630
2019-02-04 18:04:25,157 - INFO - fastread - 17, 640
2019-02-04 18:04:25,162 - INFO - fastread - 17, 650
2019-02-04 18:04:25,166 - INFO - fastread - 17, 660
2019-02-04 18:04:25,171 - INFO - fastread - 17, 670
2019-02-04 18:04:25,176 - INFO - fastread - 17, 680
2019-02-04 18:04:25,181 - INFO - fastread - 17, 690
2019-02-04 18:04:25,185 - INFO - fastread - 17, 700
2019-02-04 18:04:25,190 - INFO - fastread - 17, 710
2019-02-04 18:04:25,195 - INFO - fastread - 17, 720
2019-02-04 18:04:25,200 - INFO - fastread - 17, 730
2019-02-04 18:04:25,204 - INFO - fastread - 17, 740
2019-02-04 18:04:25,209 - INFO - fastread - 17, 750
2019-02-04 18:04:25,214 - INFO - fastread - 17, 760
2019-02-04 18:04:25,219 - INFO - fastread - 18, 770
2019-02-04 18:04:25,223 - INFO - fastread - 18, 780
2019-02-04 18:04:25,228 - INFO - fastread - 18, 790
2019-02-04 18:04:25,233 - INFO - fastread - 19, 800
2019-02-04 18:04:25,238 - INFO - fastread - 19, 810
2019-02-04 18:04:25,243 - INFO - fastread - 19, 820
2019-02-04 18:04:25,247 - INFO - fastread - 19, 830
2019-02-04 18:04:25,252 - INFO - fastread - 20, 840
2019-02-04 18:04:25,257 - INFO - fastread - 20, 850
2019-02-04 18:04:25,262 - INFO - fastread - 20, 860
2019-02-04 18:04:25,267 - INFO - fastread - 20, 870
2019-02-04 18:04:25,271 - INFO - fastread - 20, 880
2019-02-04 18:04:25,276 - INFO - fastread - 20, 890
2019-02-04 18:04:25,281 - INFO - fastread - 20, 900
2019-02-04 18:04:25,286 - INFO - fastread - 21, 910
2019-02-04 18:04:25,291 - INFO - fastread - 21, 920
2019-02-04 18:04:25,295 - INFO - fastread - 22, 930
2019-02-04 18:04:25,300 - INFO - fastread - 22, 940
2019-02-04 18:04:25,305 - INFO - fastread - 22, 950
2019-02-04 18:04:25,310 - INFO - fastread - 22, 960
2019-02-04 18:04:25,315 - INFO - fastread - 22, 970
2019-02-04 18:04:25,319 - INFO - fastread - 23, 980
2019-02-04 18:04:25,324 - INFO - fastread - 24, 990
2019-02-04 18:04:25,329 - INFO - fastread - 24, 1000
2019-02-04 18:04:25,334 - INFO - fastread - 24, 1010
2019-02-04 18:04:25,339 - INFO - fastread - 24, 1020
2019-02-04 18:04:25,344 - INFO - fastread - 24, 1030
2019-02-04 18:04:25,348 - INFO - fastread - 25, 1040
2019-02-04 18:04:25,353 - INFO - fastread - 26, 1050
2019-02-04 18:04:25,358 - INFO - fastread - 27, 1060
2019-02-04 18:04:25,363 - INFO - fastread - 27, 1070
2019-02-04 18:04:25,368 - INFO - fastread - 27, 1080
2019-02-04 18:04:25,373 - INFO - fastread - 29, 1090
2019-02-04 18:04:25,378 - INFO - fastread - 30, 1100
2019-02-04 18:04:25,383 - INFO - fastread - 31, 1110
2019-02-04 18:04:25,388 - INFO - fastread - 32, 1120
2019-02-04 18:04:25,392 - INFO - fastread - 32, 1130
2019-02-04 18:04:25,397 - INFO - fastread - 32, 1140
2019-02-04 18:04:25,402 - INFO - fastread - 33, 1150
2019-02-04 18:04:25,407 - INFO - fastread - 33, 1160
2019-02-04 18:04:25,412 - INFO - fastread - 33, 1170
2019-02-04 18:04:25,417 - INFO - fastread - 34, 1180
2019-02-04 18:04:25,422 - INFO - fastread - 34, 1190
2019-02-04 18:04:25,427 - INFO - fastread - 34, 1200
2019-02-04 18:04:25,431 - INFO - fastread - 34, 1210
2019-02-04 18:04:25,436 - INFO - fastread - 36, 1220
2019-02-04 18:04:25,441 - INFO - fastread - 36, 1230
2019-02-04 18:04:25,446 - INFO - fastread - 36, 1240
2019-02-04 18:04:25,451 - INFO - fastread - 36, 1250
2019-02-04 18:04:25,456 - INFO - fastread - 36, 1260
2019-02-04 18:04:25,461 - INFO - fastread - 36, 1270
2019-02-04 18:04:25,466 - INFO - fastread - 36, 1280
2019-02-04 18:04:25,471 - INFO - fastread - 37, 1290
2019-02-04 18:04:25,476 - INFO - fastread - 37, 1300
2019-02-04 18:04:25,481 - INFO - fastread - 37, 1310
2019-02-04 18:04:25,485 - INFO - fastread - 37, 1320
2019-02-04 18:04:25,490 - INFO - fastread - 37, 1330
2019-02-04 18:04:25,495 - INFO - fastread - 37, 1340
2019-02-04 18:04:25,500 - INFO - fastread - 39, 1350
2019-02-04 18:04:25,505 - INFO - fastread - 39, 1360
2019-02-04 18:04:25,510 - INFO - fastread - 39, 1370
2019-02-04 18:04:25,515 - INFO - fastread - 39, 1380
2019-02-04 18:04:25,520 - INFO - fastread - 39, 1390
2019-02-04 18:04:25,525 - INFO - fastread - 40, 1400
2019-02-04 18:04:25,530 - INFO - fastread - 41, 1410
2019-02-04 18:04:25,535 - INFO - fastread - 42, 1420
2019-02-04 18:04:25,540 - INFO - fastread - 42, 1430
2019-02-04 18:04:25,545 - INFO - fastread - 43, 1440
2019-02-04 18:04:25,550 - INFO - fastread - 43, 1450
2019-02-04 18:04:25,555 - INFO - fastread - 43, 1460
2019-02-04 18:04:25,560 - INFO - fastread - 45, 1470
2019-02-04 18:04:25,565 - INFO - fastread - 47, 1480
2019-02-04 18:04:25,570 - INFO - fastread - 47, 1490
2019-02-04 18:04:25,574 - INFO - fastread - 47, 1500
2019-02-04 18:04:25,579 - INFO - fastread - 48, 1510
2019-02-04 18:04:25,584 - INFO - fastread - 48, 1520
2019-02-04 18:04:25,589 - INFO - fastread - 48, 1530
2019-02-04 18:04:25,594 - INFO - fastread - 48, 1540
2019-02-04 18:04:25,599 - INFO - fastread - 49, 1550
2019-02-04 18:04:25,604 - INFO - fastread - 49, 1560
2019-02-04 18:04:25,609 - INFO - fastread - 49, 1570
2019-02-04 18:04:25,614 - INFO - fastread - 50, 1580
2019-02-04 18:04:25,619 - INFO - fastread - 50, 1590
2019-02-04 18:04:25,624 - INFO - fastread - 51, 1600
2019-02-04 18:04:25,629 - INFO - fastread - 51, 1610
2019-02-04 18:04:25,634 - INFO - fastread - 51, 1620
2019-02-04 18:04:25,639 - INFO - fastread - 51, 1630
2019-02-04 18:04:25,644 - INFO - fastread - 51, 1640
2019-02-04 18:04:25,649 - INFO - fastread - 52, 1650
2019-02-04 18:04:25,654 - INFO - fastread - 52, 1660
2019-02-04 18:04:25,659 - INFO - fastread - 53, 1670
2019-02-04 18:04:25,665 - INFO - fastread - 54, 1680
2019-02-04 18:04:25,670 - INFO - fastread - 54, 1690
2019-02-04 18:04:25,675 - INFO - fastread - 54, 1700
2019-02-04 18:04:25,680 - INFO - fastread - 54, 1710
2019-02-04 18:04:25,685 - INFO - fastread - 54, 1720
2019-02-04 18:04:25,690 - INFO - fastread - 54, 1730
2019-02-04 18:04:25,696 - INFO - fastread - 54, 1740
2019-02-04 18:04:25,702 - INFO - fastread - 54, 1750
2019-02-04 18:04:25,707 - INFO - fastread - 54, 1760
2019-02-04 18:04:25,713 - INFO - fastread - 54, 1770
2019-02-04 18:04:25,718 - INFO - fastread - 54, 1780
2019-02-04 18:04:25,723 - INFO - fastread - 54, 1790
2019-02-04 18:04:25,728 - INFO - fastread - 55, 1800
2019-02-04 18:04:25,733 - INFO - fastread - 55, 1810
2019-02-04 18:04:25,738 - INFO - fastread - 57, 1820
2019-02-04 18:04:25,743 - INFO - fastread - 57, 1830
2019-02-04 18:04:25,748 - INFO - fastread - 59, 1840
2019-02-04 18:04:25,753 - INFO - fastread - 59, 1850
2019-02-04 18:04:25,758 - INFO - fastread - 60, 1860
2019-02-04 18:04:25,763 - INFO - fastread - 63, 1870
2019-02-04 18:04:25,768 - INFO - fastread - 63, 1880
2019-02-04 18:04:25,773 - INFO - fastread - 63, 1890
2019-02-04 18:04:25,778 - INFO - fastread - 63, 1900
2019-02-04 18:04:25,783 - INFO - fastread - 64, 1910
2019-02-04 18:04:25,788 - INFO - fastread - 64, 1920
2019-02-04 18:04:25,793 - INFO - fastread - 64, 1930
2019-02-04 18:04:25,798 - INFO - fastread - 64, 1940
2019-02-04 18:04:25,803 - INFO - fastread - 64, 1950
2019-02-04 18:04:25,808 - INFO - fastread - 64, 1960
2019-02-04 18:04:25,813 - INFO - fastread - 64, 1970
2019-02-04 18:04:25,818 - INFO - fastread - 66, 1980
2019-02-04 18:04:25,824 - INFO - fastread - 66, 1990
2019-02-04 18:04:25,829 - INFO - fastread - 67, 2000
2019-02-04 18:04:25,834 - INFO - fastread - 67, 2010
2019-02-04 18:04:25,839 - INFO - fastread - 69, 2020
2019-02-04 18:04:25,844 - INFO - fastread - 70, 2030
2019-02-04 18:04:25,849 - INFO - fastread - 71, 2040
2019-02-04 18:04:25,854 - INFO - fastread - 71, 2050
2019-02-04 18:04:25,859 - INFO - fastread - 71, 2060
2019-02-04 18:04:25,864 - INFO - fastread - 71, 2070
2019-02-04 18:04:25,869 - INFO - fastread - 71, 2080
2019-02-04 18:04:25,874 - INFO - fastread - 71, 2090
2019-02-04 18:04:25,879 - INFO - fastread - 71, 2100
2019-02-04 18:04:25,884 - INFO - fastread - 71, 2110
2019-02-04 18:04:25,890 - INFO - fastread - 71, 2120
2019-02-04 18:04:25,895 - INFO - fastread - 71, 2130
2019-02-04 18:04:25,900 - INFO - fastread - 72, 2140
2019-02-04 18:04:25,905 - INFO - fastread - 72, 2150
2019-02-04 18:04:25,910 - INFO - fastread - 72, 2160
2019-02-04 18:04:25,915 - INFO - fastread - 72, 2170
2019-02-04 18:04:25,920 - INFO - fastread - 72, 2180
2019-02-04 18:04:25,925 - INFO - fastread - 72, 2190
2019-02-04 18:04:25,930 - INFO - fastread - 72, 2200
2019-02-04 18:04:25,935 - INFO - fastread - 72, 2210
2019-02-04 18:04:25,941 - INFO - fastread - 72, 2220
2019-02-04 18:04:25,946 - INFO - fastread - 74, 2230
2019-02-04 18:04:25,951 - INFO - fastread - 74, 2240
2019-02-04 18:04:25,956 - INFO - fastread - 74, 2250
2019-02-04 18:04:25,961 - INFO - fastread - 74, 2260
2019-02-04 18:04:25,966 - INFO - fastread - 74, 2270
2019-02-04 18:04:25,971 - INFO - fastread - 74, 2280
2019-02-04 18:04:25,976 - INFO - fastread - 74, 2290
2019-02-04 18:04:25,982 - INFO - fastread - 74, 2300
2019-02-04 18:04:25,987 - INFO - fastread - 76, 2310
2019-02-04 18:04:25,992 - INFO - fastread - 76, 2320
2019-02-04 18:04:25,997 - INFO - fastread - 76, 2330
2019-02-04 18:04:26,002 - INFO - fastread - 76, 2340
2019-02-04 18:04:26,007 - INFO - fastread - 76, 2350
2019-02-04 18:04:26,012 - INFO - fastread - 76, 2360
2019-02-04 18:04:26,018 - INFO - fastread - 76, 2370
2019-02-04 18:04:26,023 - INFO - fastread - 76, 2380
2019-02-04 18:04:26,028 - INFO - fastread - 76, 2390
2019-02-04 18:04:26,033 - INFO - fastread - 76, 2400
2019-02-04 18:04:26,038 - INFO - fastread - 76, 2410
2019-02-04 18:04:26,043 - INFO - fastread - 76, 2420
2019-02-04 18:04:26,049 - INFO - fastread - 76, 2430
2019-02-04 18:04:26,054 - INFO - fastread - 76, 2440
2019-02-04 18:04:26,059 - INFO - fastread - 76, 2450
2019-02-04 18:04:26,065 - INFO - fastread - 76, 2460
2019-02-04 18:04:26,071 - INFO - fastread - 76, 2470
2019-02-04 18:04:26,076 - INFO - fastread - 76, 2480
2019-02-04 18:04:26,082 - INFO - fastread - 76, 2490
2019-02-04 18:04:26,087 - INFO - fastread - 78, 2500
2019-02-04 18:04:26,093 - INFO - fastread - 78, 2510
2019-02-04 18:04:26,099 - INFO - fastread - 78, 2520
2019-02-04 18:04:26,104 - INFO - fastread - 78, 2530
2019-02-04 18:04:26,110 - INFO - fastread - 78, 2540
2019-02-04 18:04:26,115 - INFO - fastread - 79, 2550
2019-02-04 18:04:26,121 - INFO - fastread - 79, 2560
2019-02-04 18:04:26,127 - INFO - fastread - 79, 2570
2019-02-04 18:04:26,132 - INFO - fastread - 79, 2580
2019-02-04 18:04:26,138 - INFO - fastread - 81, 2590
2019-02-04 18:04:26,143 - INFO - fastread - 81, 2600
2019-02-04 18:04:26,149 - INFO - fastread - 81, 2610
2019-02-04 18:04:26,154 - INFO - fastread - 81, 2620
2019-02-04 18:04:26,160 - INFO - fastread - 81, 2630
2019-02-04 18:04:26,166 - INFO - fastread - 81, 2640
2019-02-04 18:04:26,171 - INFO - fastread - 81, 2650
2019-02-04 18:04:26,177 - INFO - fastread - 82, 2660
2019-02-04 18:04:26,182 - INFO - fastread - 82, 2670
2019-02-04 18:04:26,188 - INFO - fastread - 82, 2680
2019-02-04 18:04:26,194 - INFO - fastread - 82, 2690
2019-02-04 18:04:26,199 - INFO - fastread - 82, 2700
2019-02-04 18:04:26,205 - INFO - fastread - 84, 2710
2019-02-04 18:04:26,211 - INFO - fastread - 85, 2720
2019-02-04 18:04:26,216 - INFO - fastread - 85, 2730
2019-02-04 18:04:26,222 - INFO - fastread - 87, 2740
2019-02-04 18:04:26,227 - INFO - fastread - 87, 2750
2019-02-04 18:04:26,233 - INFO - fastread - 88, 2760
2019-02-04 18:04:26,239 - INFO - fastread - 88, 2770
2019-02-04 18:04:26,244 - INFO - fastread - 88, 2780
2019-02-04 18:04:26,250 - INFO - fastread - 88, 2790
2019-02-04 18:04:26,256 - INFO - fastread - 89, 2800
2019-02-04 18:04:26,262 - INFO - fastread - 89, 2810
2019-02-04 18:04:26,267 - INFO - fastread - 89, 2820
2019-02-04 18:04:26,273 - INFO - fastread - 90, 2830
2019-02-04 18:04:26,278 - INFO - fastread - 90, 2840
2019-02-04 18:04:26,284 - INFO - fastread - 90, 2850
2019-02-04 18:04:26,290 - INFO - fastread - 91, 2860
2019-02-04 18:04:26,296 - INFO - fastread - 92, 2870
2019-02-04 18:04:26,301 - INFO - fastread - 92, 2880
2019-02-04 18:04:26,307 - INFO - fastread - 93, 2890
2019-02-04 18:04:26,313 - INFO - fastread - 93, 2900
2019-02-04 18:04:26,318 - INFO - fastread - 94, 2910
2019-02-04 18:04:26,324 - INFO - fastread - 94, 2920
2019-02-04 18:04:26,330 - INFO - fastread - 95, 2930
2019-02-04 18:04:26,335 - INFO - fastread - 96, 2940
2019-02-04 18:04:26,341 - INFO - fastread - 96, 2950
2019-02-04 18:04:26,347 - INFO - fastread - 96, 2960
2019-02-04 18:04:26,353 - INFO - fastread - 97, 2970
2019-02-04 18:04:26,358 - INFO - fastread - 98, 2980
2019-02-04 18:04:26,364 - INFO - fastread - 98, 2990
2019-02-04 18:04:26,370 - INFO - fastread - 98, 3000
2019-02-04 18:04:26,375 - INFO - fastread - 98, 3010
2019-02-04 18:04:26,381 - INFO - fastread - 98, 3020
2019-02-04 18:04:26,387 - INFO - fastread - 98, 3030
2019-02-04 18:04:26,393 - INFO - fastread - 98, 3040
2019-02-04 18:04:26,398 - INFO - fastread - 98, 3050
2019-02-04 18:04:26,404 - INFO - fastread - 98, 3060
2019-02-04 18:04:26,410 - INFO - fastread - 98, 3070
2019-02-04 18:04:26,416 - INFO - fastread - 98, 3080
2019-02-04 18:04:26,421 - INFO - fastread - 99, 3090
2019-02-04 18:04:26,427 - INFO - fastread - 99, 3100
2019-02-04 18:04:26,433 - INFO - fastread - 99, 3110
2019-02-04 18:04:26,439 - INFO - fastread - 99, 3120
2019-02-04 18:04:26,444 - INFO - fastread - 100, 3130
2019-02-04 18:04:26,450 - INFO - fastread - 100, 3140
2019-02-04 18:04:26,456 - INFO - fastread - 100, 3150
2019-02-04 18:04:26,462 - INFO - fastread - 100, 3160
2019-02-04 18:04:26,468 - INFO - fastread - 100, 3170
2019-02-04 18:04:26,473 - INFO - fastread - 100, 3180
2019-02-04 18:04:26,479 - INFO - fastread - 102, 3190
2019-02-04 18:04:26,485 - INFO - fastread - 103, 3200
2019-02-04 18:04:26,491 - INFO - fastread - 103, 3210
2019-02-04 18:04:26,497 - INFO - fastread - 104, 3220
2019-02-04 18:04:26,502 - INFO - fastread - 104, 3230
2019-02-04 18:04:26,508 - INFO - fastread - 105, 3240
2019-02-04 18:04:26,514 - INFO - fastread - 105, 3250
2019-02-04 18:04:26,520 - INFO - fastread - 106, 3260
2019-02-04 18:04:26,526 - INFO - fastread - 107, 3270
2019-02-04 18:04:26,531 - INFO - fastread - 107, 3280
2019-02-04 18:04:26,537 - INFO - fastread - 108, 3290
2019-02-04 18:04:26,543 - INFO - fastread - 108, 3300
2019-02-04 18:04:26,549 - INFO - fastread - 109, 3310
2019-02-04 18:04:26,555 - INFO - fastread - 110, 3320
2019-02-04 18:04:26,561 - INFO - fastread - 110, 3330
2019-02-04 18:04:26,566 - INFO - fastread - 110, 3340
2019-02-04 18:04:26,572 - INFO - fastread - 110, 3350
2019-02-04 18:04:26,578 - INFO - fastread - 110, 3360
2019-02-04 18:04:26,584 - INFO - fastread - 111, 3370
2019-02-04 18:04:26,590 - INFO - fastread - 113, 3380
2019-02-04 18:04:26,596 - INFO - fastread - 113, 3390
2019-02-04 18:04:26,601 - INFO - fastread - 113, 3400
2019-02-04 18:04:26,607 - INFO - fastread - 113, 3410
2019-02-04 18:04:26,613 - INFO - fastread - 113, 3420
2019-02-04 18:04:26,619 - INFO - fastread - 114, 3430
2019-02-04 18:04:26,625 - INFO - fastread - 114, 3440
2019-02-04 18:04:26,631 - INFO - fastread - 114, 3450
2019-02-04 18:04:26,637 - INFO - fastread - 115, 3460
2019-02-04 18:04:26,643 - INFO - fastread - 115, 3470
2019-02-04 18:04:26,648 - INFO - fastread - 115, 3480
2019-02-04 18:04:26,654 - INFO - fastread - 115, 3490
2019-02-04 18:04:26,660 - INFO - fastread - 116, 3500
2019-02-04 18:04:26,666 - INFO - fastread - 116, 3510
2019-02-04 18:04:26,672 - INFO - fastread - 116, 3520
2019-02-04 18:04:26,678 - INFO - fastread - 116, 3530
2019-02-04 18:04:26,684 - INFO - fastread - 116, 3540
2019-02-04 18:04:26,690 - INFO - fastread - 116, 3550
2019-02-04 18:04:26,696 - INFO - fastread - 116, 3560
2019-02-04 18:04:26,702 - INFO - fastread - 116, 3570
2019-02-04 18:04:26,707 - INFO - fastread - 117, 3580
2019-02-04 18:04:26,713 - INFO - fastread - 117, 3590
2019-02-04 18:04:26,719 - INFO - fastread - 117, 3600
2019-02-04 18:04:26,725 - INFO - fastread - 117, 3610
2019-02-04 18:04:26,731 - INFO - fastread - 117, 3620
2019-02-04 18:04:26,737 - INFO - fastread - 117, 3630
2019-02-04 18:04:26,743 - INFO - fastread - 117, 3640
2019-02-04 18:04:26,749 - INFO - fastread - 118, 3650
2019-02-04 18:04:26,755 - INFO - fastread - 118, 3660
2019-02-04 18:04:26,761 - INFO - fastread - 118, 3670
2019-02-04 18:04:26,767 - INFO - fastread - 119, 3680
2019-02-04 18:04:26,773 - INFO - fastread - 120, 3690
2019-02-04 18:04:26,779 - INFO - fastread - 122, 3700
2019-02-04 18:04:26,785 - INFO - fastread - 123, 3710
2019-02-04 18:04:26,791 - INFO - fastread - 123, 3720
2019-02-04 18:04:26,797 - INFO - fastread - 123, 3730
2019-02-04 18:04:26,803 - INFO - fastread - 123, 3740
2019-02-04 18:04:26,809 - INFO - fastread - 123, 3750
2019-02-04 18:04:26,815 - INFO - fastread - 123, 3760
2019-02-04 18:04:26,821 - INFO - fastread - 123, 3770
2019-02-04 18:04:26,827 - INFO - fastread - 123, 3780
2019-02-04 18:04:26,832 - INFO - fastread - 123, 3790
2019-02-04 18:04:26,838 - INFO - fastread - 124, 3800
2019-02-04 18:04:26,845 - INFO - fastread - 126, 3810
2019-02-04 18:04:26,850 - INFO - fastread - 126, 3820
2019-02-04 18:04:26,856 - INFO - fastread - 126, 3830
2019-02-04 18:04:26,862 - INFO - fastread - 127, 3840
2019-02-04 18:04:26,869 - INFO - fastread - 127, 3850
2019-02-04 18:04:26,875 - INFO - fastread - 127, 3860
2019-02-04 18:04:26,880 - INFO - fastread - 127, 3870
2019-02-04 18:04:26,887 - INFO - fastread - 127, 3880
2019-02-04 18:04:26,893 - INFO - fastread - 127, 3890
2019-02-04 18:04:26,899 - INFO - fastread - 127, 3900
2019-02-04 18:04:26,905 - INFO - fastread - 127, 3910
2019-02-04 18:04:26,911 - INFO - fastread - 127, 3920
2019-02-04 18:04:26,917 - INFO - fastread - 127, 3930
2019-02-04 18:04:26,923 - INFO - fastread - 128, 3940
2019-02-04 18:04:26,929 - INFO - fastread - 128, 3950
2019-02-04 18:04:26,935 - INFO - fastread - 128, 3960
2019-02-04 18:04:26,941 - INFO - fastread - 128, 3970
2019-02-04 18:04:26,947 - INFO - fastread - 128, 3980
2019-02-04 18:04:26,953 - INFO - fastread - 128, 3990
2019-02-04 18:04:26,959 - INFO - fastread - 128, 4000
2019-02-04 18:04:26,966 - INFO - fastread - 129, 4010
2019-02-04 18:04:26,972 - INFO - fastread - 129, 4020
2019-02-04 18:04:26,978 - INFO - fastread - 129, 4030
2019-02-04 18:04:26,984 - INFO - fastread - 129, 4040
2019-02-04 18:04:26,990 - INFO - fastread - 130, 4050
2019-02-04 18:04:26,996 - INFO - fastread - 130, 4060
2019-02-04 18:04:27,002 - INFO - fastread - 131, 4070
2019-02-04 18:04:27,008 - INFO - fastread - 131, 4080
2019-02-04 18:04:27,014 - INFO - fastread - 131, 4090
2019-02-04 18:04:27,040 - INFO - rig - ++++NEW CLF++++ DT
2019-02-04 18:04:27,040 - INFO - fastread - Total Yes: 131 | Total No: 3967
2019-02-04 18:04:48,931 - INFO - fastread - 2, 10
2019-02-04 18:04:48,936 - INFO - fastread - 6, 20
2019-02-04 18:04:48,940 - INFO - fastread - 11, 30
2019-02-04 18:04:48,945 - INFO - fastread - 17, 40
2019-02-04 18:04:48,949 - INFO - fastread - 21, 50
2019-02-04 18:04:48,954 - INFO - fastread - 29, 60
2019-02-04 18:04:48,958 - INFO - fastread - 34, 70
2019-02-04 18:04:48,963 - INFO - fastread - 39, 80
2019-02-04 18:04:48,967 - INFO - fastread - 45, 90
2019-02-04 18:04:48,972 - INFO - fastread - 50, 100
2019-02-04 18:04:48,977 - INFO - fastread - 56, 110
2019-02-04 18:04:48,981 - INFO - fastread - 60, 120
2019-02-04 18:04:48,986 - INFO - fastread - 63, 130
2019-02-04 18:04:48,990 - INFO - fastread - 64, 140
2019-02-04 18:04:48,995 - INFO - fastread - 65, 150
2019-02-04 18:04:49,000 - INFO - fastread - 65, 160
2019-02-04 18:04:49,004 - INFO - fastread - 65, 170
2019-02-04 18:04:49,009 - INFO - fastread - 65, 180
2019-02-04 18:04:49,014 - INFO - fastread - 65, 190
2019-02-04 18:04:49,018 - INFO - fastread - 65, 200
2019-02-04 18:04:49,023 - INFO - fastread - 65, 210
2019-02-04 18:04:49,027 - INFO - fastread - 65, 220
2019-02-04 18:04:49,032 - INFO - fastread - 65, 230
2019-02-04 18:04:49,037 - INFO - fastread - 65, 240
2019-02-04 18:04:49,041 - INFO - fastread - 65, 250
2019-02-04 18:04:49,046 - INFO - fastread - 65, 260
2019-02-04 18:04:49,051 - INFO - fastread - 65, 270
2019-02-04 18:04:49,055 - INFO - fastread - 65, 280
2019-02-04 18:04:49,060 - INFO - fastread - 65, 290
2019-02-04 18:04:49,065 - INFO - fastread - 65, 300
2019-02-04 18:04:49,069 - INFO - fastread - 65, 310
2019-02-04 18:04:49,074 - INFO - fastread - 65, 320
2019-02-04 18:04:49,079 - INFO - fastread - 65, 330
2019-02-04 18:04:49,083 - INFO - fastread - 65, 340
2019-02-04 18:04:49,088 - INFO - fastread - 65, 350
2019-02-04 18:04:49,093 - INFO - fastread - 65, 360
2019-02-04 18:04:49,097 - INFO - fastread - 65, 370
2019-02-04 18:04:49,102 - INFO - fastread - 65, 380
2019-02-04 18:04:49,107 - INFO - fastread - 65, 390
2019-02-04 18:04:49,111 - INFO - fastread - 65, 400
2019-02-04 18:04:49,116 - INFO - fastread - 66, 410
2019-02-04 18:04:49,121 - INFO - fastread - 66, 420
2019-02-04 18:04:49,125 - INFO - fastread - 67, 430
2019-02-04 18:04:49,130 - INFO - fastread - 67, 440
2019-02-04 18:04:49,135 - INFO - fastread - 68, 450
2019-02-04 18:04:49,139 - INFO - fastread - 68, 460
2019-02-04 18:04:49,144 - INFO - fastread - 68, 470
2019-02-04 18:04:49,149 - INFO - fastread - 68, 480
2019-02-04 18:04:49,154 - INFO - fastread - 68, 490
2019-02-04 18:04:49,158 - INFO - fastread - 68, 500
2019-02-04 18:04:49,163 - INFO - fastread - 69, 510
2019-02-04 18:04:49,168 - INFO - fastread - 69, 520
2019-02-04 18:04:49,172 - INFO - fastread - 69, 530
2019-02-04 18:04:49,177 - INFO - fastread - 69, 540
2019-02-04 18:04:49,182 - INFO - fastread - 69, 550
2019-02-04 18:04:49,187 - INFO - fastread - 69, 560
2019-02-04 18:04:49,191 - INFO - fastread - 69, 570
2019-02-04 18:04:49,196 - INFO - fastread - 69, 580
2019-02-04 18:04:49,201 - INFO - fastread - 69, 590
2019-02-04 18:04:49,205 - INFO - fastread - 69, 600
2019-02-04 18:04:49,210 - INFO - fastread - 69, 610
2019-02-04 18:04:49,215 - INFO - fastread - 69, 620
2019-02-04 18:04:49,220 - INFO - fastread - 69, 630
2019-02-04 18:04:49,224 - INFO - fastread - 69, 640
2019-02-04 18:04:49,229 - INFO - fastread - 69, 650
2019-02-04 18:04:49,234 - INFO - fastread - 69, 660
2019-02-04 18:04:49,239 - INFO - fastread - 69, 670
2019-02-04 18:04:49,243 - INFO - fastread - 69, 680
2019-02-04 18:04:49,248 - INFO - fastread - 69, 690
2019-02-04 18:04:49,253 - INFO - fastread - 69, 700
2019-02-04 18:04:49,258 - INFO - fastread - 69, 710
2019-02-04 18:04:49,263 - INFO - fastread - 69, 720
2019-02-04 18:04:49,267 - INFO - fastread - 69, 730
2019-02-04 18:04:49,272 - INFO - fastread - 69, 740
2019-02-04 18:04:49,277 - INFO - fastread - 69, 750
2019-02-04 18:04:49,282 - INFO - fastread - 69, 760
2019-02-04 18:04:49,286 - INFO - fastread - 69, 770
2019-02-04 18:04:49,291 - INFO - fastread - 69, 780
2019-02-04 18:04:49,296 - INFO - fastread - 69, 790
2019-02-04 18:04:49,301 - INFO - fastread - 69, 800
2019-02-04 18:04:49,306 - INFO - fastread - 69, 810
2019-02-04 18:04:49,311 - INFO - fastread - 69, 820
2019-02-04 18:04:49,315 - INFO - fastread - 69, 830
2019-02-04 18:04:49,320 - INFO - fastread - 69, 840
2019-02-04 18:04:49,325 - INFO - fastread - 69, 850
2019-02-04 18:04:49,330 - INFO - fastread - 69, 860
2019-02-04 18:04:49,335 - INFO - fastread - 69, 870
2019-02-04 18:04:49,339 - INFO - fastread - 69, 880
2019-02-04 18:04:49,344 - INFO - fastread - 69, 890
2019-02-04 18:04:49,349 - INFO - fastread - 69, 900
2019-02-04 18:04:49,354 - INFO - fastread - 69, 910
2019-02-04 18:04:49,359 - INFO - fastread - 69, 920
2019-02-04 18:04:49,363 - INFO - fastread - 69, 930
2019-02-04 18:04:49,368 - INFO - fastread - 69, 940
2019-02-04 18:04:49,373 - INFO - fastread - 69, 950
2019-02-04 18:04:49,378 - INFO - fastread - 69, 960
2019-02-04 18:04:49,383 - INFO - fastread - 69, 970
2019-02-04 18:04:49,388 - INFO - fastread - 69, 980
2019-02-04 18:04:49,392 - INFO - fastread - 69, 990
2019-02-04 18:04:49,397 - INFO - fastread - 70, 1000
2019-02-04 18:04:49,402 - INFO - fastread - 70, 1010
2019-02-04 18:04:49,407 - INFO - fastread - 70, 1020
2019-02-04 18:04:49,412 - INFO - fastread - 70, 1030
2019-02-04 18:04:49,417 - INFO - fastread - 71, 1040
2019-02-04 18:04:49,422 - INFO - fastread - 71, 1050
2019-02-04 18:04:49,426 - INFO - fastread - 72, 1060
2019-02-04 18:04:49,431 - INFO - fastread - 72, 1070
2019-02-04 18:04:49,436 - INFO - fastread - 72, 1080
2019-02-04 18:04:49,441 - INFO - fastread - 73, 1090
2019-02-04 18:04:49,446 - INFO - fastread - 74, 1100
2019-02-04 18:04:49,451 - INFO - fastread - 74, 1110
2019-02-04 18:04:49,456 - INFO - fastread - 74, 1120
2019-02-04 18:04:49,460 - INFO - fastread - 75, 1130
2019-02-04 18:04:49,465 - INFO - fastread - 75, 1140
2019-02-04 18:04:49,470 - INFO - fastread - 76, 1150
2019-02-04 18:04:49,475 - INFO - fastread - 76, 1160
2019-02-04 18:04:49,480 - INFO - fastread - 76, 1170
2019-02-04 18:04:49,485 - INFO - fastread - 76, 1180
2019-02-04 18:04:49,490 - INFO - fastread - 76, 1190
2019-02-04 18:04:49,495 - INFO - fastread - 76, 1200
2019-02-04 18:04:49,500 - INFO - fastread - 76, 1210
2019-02-04 18:04:49,505 - INFO - fastread - 76, 1220
2019-02-04 18:04:49,509 - INFO - fastread - 77, 1230
2019-02-04 18:04:49,514 - INFO - fastread - 77, 1240
2019-02-04 18:04:49,519 - INFO - fastread - 77, 1250
2019-02-04 18:04:49,524 - INFO - fastread - 77, 1260
2019-02-04 18:04:49,529 - INFO - fastread - 77, 1270
2019-02-04 18:04:49,534 - INFO - fastread - 77, 1280
2019-02-04 18:04:49,539 - INFO - fastread - 77, 1290
2019-02-04 18:04:49,544 - INFO - fastread - 77, 1300
2019-02-04 18:04:49,549 - INFO - fastread - 77, 1310
2019-02-04 18:04:49,554 - INFO - fastread - 77, 1320
2019-02-04 18:04:49,559 - INFO - fastread - 77, 1330
2019-02-04 18:04:49,564 - INFO - fastread - 77, 1340
2019-02-04 18:04:49,568 - INFO - fastread - 78, 1350
2019-02-04 18:04:49,573 - INFO - fastread - 78, 1360
2019-02-04 18:04:49,578 - INFO - fastread - 78, 1370
2019-02-04 18:04:49,583 - INFO - fastread - 78, 1380
2019-02-04 18:04:49,588 - INFO - fastread - 78, 1390
2019-02-04 18:04:49,593 - INFO - fastread - 79, 1400
2019-02-04 18:04:49,598 - INFO - fastread - 80, 1410
2019-02-04 18:04:49,603 - INFO - fastread - 80, 1420
2019-02-04 18:04:49,608 - INFO - fastread - 80, 1430
2019-02-04 18:04:49,613 - INFO - fastread - 80, 1440
2019-02-04 18:04:49,618 - INFO - fastread - 80, 1450
2019-02-04 18:04:49,623 - INFO - fastread - 80, 1460
2019-02-04 18:04:49,628 - INFO - fastread - 80, 1470
2019-02-04 18:04:49,633 - INFO - fastread - 81, 1480
2019-02-04 18:04:49,638 - INFO - fastread - 81, 1490
2019-02-04 18:04:49,643 - INFO - fastread - 81, 1500
2019-02-04 18:04:49,648 - INFO - fastread - 82, 1510
2019-02-04 18:04:49,653 - INFO - fastread - 82, 1520
2019-02-04 18:04:49,658 - INFO - fastread - 82, 1530
2019-02-04 18:04:49,663 - INFO - fastread - 82, 1540
2019-02-04 18:04:49,668 - INFO - fastread - 82, 1550
2019-02-04 18:04:49,673 - INFO - fastread - 82, 1560
2019-02-04 18:04:49,678 - INFO - fastread - 82, 1570
2019-02-04 18:04:49,683 - INFO - fastread - 83, 1580
2019-02-04 18:04:49,688 - INFO - fastread - 83, 1590
2019-02-04 18:04:49,693 - INFO - fastread - 84, 1600
2019-02-04 18:04:49,698 - INFO - fastread - 84, 1610
2019-02-04 18:04:49,703 - INFO - fastread - 86, 1620
2019-02-04 18:04:49,708 - INFO - fastread - 86, 1630
2019-02-04 18:04:49,713 - INFO - fastread - 86, 1640
2019-02-04 18:04:49,718 - INFO - fastread - 86, 1650
2019-02-04 18:04:49,723 - INFO - fastread - 86, 1660
2019-02-04 18:04:49,728 - INFO - fastread - 86, 1670
2019-02-04 18:04:49,733 - INFO - fastread - 86, 1680
2019-02-04 18:04:49,738 - INFO - fastread - 86, 1690
2019-02-04 18:04:49,743 - INFO - fastread - 87, 1700
2019-02-04 18:04:49,748 - INFO - fastread - 87, 1710
2019-02-04 18:04:49,753 - INFO - fastread - 87, 1720
2019-02-04 18:04:49,758 - INFO - fastread - 87, 1730
2019-02-04 18:04:49,763 - INFO - fastread - 87, 1740
2019-02-04 18:04:49,768 - INFO - fastread - 87, 1750
2019-02-04 18:04:49,773 - INFO - fastread - 87, 1760
2019-02-04 18:04:49,778 - INFO - fastread - 87, 1770
2019-02-04 18:04:49,783 - INFO - fastread - 87, 1780
2019-02-04 18:04:49,789 - INFO - fastread - 87, 1790
2019-02-04 18:04:49,794 - INFO - fastread - 88, 1800
2019-02-04 18:04:49,799 - INFO - fastread - 88, 1810
2019-02-04 18:04:49,804 - INFO - fastread - 88, 1820
2019-02-04 18:04:49,809 - INFO - fastread - 88, 1830
2019-02-04 18:04:49,814 - INFO - fastread - 89, 1840
2019-02-04 18:04:49,819 - INFO - fastread - 89, 1850
2019-02-04 18:04:49,824 - INFO - fastread - 89, 1860
2019-02-04 18:04:49,829 - INFO - fastread - 89, 1870
2019-02-04 18:04:49,834 - INFO - fastread - 90, 1880
2019-02-04 18:04:49,839 - INFO - fastread - 90, 1890
2019-02-04 18:04:49,844 - INFO - fastread - 90, 1900
2019-02-04 18:04:49,849 - INFO - fastread - 90, 1910
2019-02-04 18:04:49,855 - INFO - fastread - 90, 1920
2019-02-04 18:04:49,860 - INFO - fastread - 90, 1930
2019-02-04 18:04:49,865 - INFO - fastread - 90, 1940
2019-02-04 18:04:49,870 - INFO - fastread - 90, 1950
2019-02-04 18:04:49,875 - INFO - fastread - 90, 1960
2019-02-04 18:04:49,880 - INFO - fastread - 90, 1970
2019-02-04 18:04:49,885 - INFO - fastread - 90, 1980
2019-02-04 18:04:49,890 - INFO - fastread - 91, 1990
2019-02-04 18:04:49,895 - INFO - fastread - 91, 2000
2019-02-04 18:04:49,901 - INFO - fastread - 92, 2010
2019-02-04 18:04:49,906 - INFO - fastread - 92, 2020
2019-02-04 18:04:49,911 - INFO - fastread - 92, 2030
2019-02-04 18:04:49,916 - INFO - fastread - 93, 2040
2019-02-04 18:04:49,921 - INFO - fastread - 93, 2050
2019-02-04 18:04:49,926 - INFO - fastread - 93, 2060
2019-02-04 18:04:49,931 - INFO - fastread - 93, 2070
2019-02-04 18:04:49,936 - INFO - fastread - 93, 2080
2019-02-04 18:04:49,941 - INFO - fastread - 93, 2090
2019-02-04 18:04:49,947 - INFO - fastread - 93, 2100
2019-02-04 18:04:49,952 - INFO - fastread - 93, 2110
2019-02-04 18:04:49,957 - INFO - fastread - 93, 2120
2019-02-04 18:04:49,962 - INFO - fastread - 93, 2130
2019-02-04 18:04:49,967 - INFO - fastread - 94, 2140
2019-02-04 18:04:49,972 - INFO - fastread - 94, 2150
2019-02-04 18:04:49,977 - INFO - fastread - 94, 2160
2019-02-04 18:04:49,982 - INFO - fastread - 94, 2170
2019-02-04 18:04:49,988 - INFO - fastread - 94, 2180
2019-02-04 18:04:49,993 - INFO - fastread - 94, 2190
2019-02-04 18:04:49,998 - INFO - fastread - 94, 2200
2019-02-04 18:04:50,003 - INFO - fastread - 94, 2210
2019-02-04 18:04:50,008 - INFO - fastread - 94, 2220
2019-02-04 18:04:50,013 - INFO - fastread - 95, 2230
2019-02-04 18:04:50,019 - INFO - fastread - 95, 2240
2019-02-04 18:04:50,024 - INFO - fastread - 96, 2250
2019-02-04 18:04:50,029 - INFO - fastread - 96, 2260
2019-02-04 18:04:50,034 - INFO - fastread - 96, 2270
2019-02-04 18:04:50,039 - INFO - fastread - 97, 2280
2019-02-04 18:04:50,044 - INFO - fastread - 98, 2290
2019-02-04 18:04:50,050 - INFO - fastread - 98, 2300
2019-02-04 18:04:50,055 - INFO - fastread - 98, 2310
2019-02-04 18:04:50,060 - INFO - fastread - 98, 2320
2019-02-04 18:04:50,065 - INFO - fastread - 98, 2330
2019-02-04 18:04:50,070 - INFO - fastread - 98, 2340
2019-02-04 18:04:50,076 - INFO - fastread - 98, 2350
2019-02-04 18:04:50,081 - INFO - fastread - 98, 2360
2019-02-04 18:04:50,086 - INFO - fastread - 98, 2370
2019-02-04 18:04:50,091 - INFO - fastread - 98, 2380
2019-02-04 18:04:50,096 - INFO - fastread - 98, 2390
2019-02-04 18:04:50,102 - INFO - fastread - 98, 2400
2019-02-04 18:04:50,107 - INFO - fastread - 98, 2410
2019-02-04 18:04:50,112 - INFO - fastread - 98, 2420
2019-02-04 18:04:50,117 - INFO - fastread - 99, 2430
2019-02-04 18:04:50,123 - INFO - fastread - 99, 2440
2019-02-04 18:04:50,128 - INFO - fastread - 99, 2450
2019-02-04 18:04:50,133 - INFO - fastread - 99, 2460
2019-02-04 18:04:50,138 - INFO - fastread - 99, 2470
2019-02-04 18:04:50,143 - INFO - fastread - 99, 2480
2019-02-04 18:04:50,149 - INFO - fastread - 99, 2490
2019-02-04 18:04:50,154 - INFO - fastread - 99, 2500
2019-02-04 18:04:50,159 - INFO - fastread - 100, 2510
2019-02-04 18:04:50,164 - INFO - fastread - 100, 2520
2019-02-04 18:04:50,170 - INFO - fastread - 100, 2530
2019-02-04 18:04:50,175 - INFO - fastread - 100, 2540
2019-02-04 18:04:50,180 - INFO - fastread - 100, 2550
2019-02-04 18:04:50,185 - INFO - fastread - 102, 2560
2019-02-04 18:04:50,191 - INFO - fastread - 102, 2570
2019-02-04 18:04:50,196 - INFO - fastread - 102, 2580
2019-02-04 18:04:50,201 - INFO - fastread - 102, 2590
2019-02-04 18:04:50,207 - INFO - fastread - 102, 2600
2019-02-04 18:04:50,212 - INFO - fastread - 102, 2610
2019-02-04 18:04:50,217 - INFO - fastread - 102, 2620
2019-02-04 18:04:50,222 - INFO - fastread - 102, 2630
2019-02-04 18:04:50,228 - INFO - fastread - 102, 2640
2019-02-04 18:04:50,233 - INFO - fastread - 102, 2650
2019-02-04 18:04:50,238 - INFO - fastread - 102, 2660
2019-02-04 18:04:50,243 - INFO - fastread - 102, 2670
2019-02-04 18:04:50,249 - INFO - fastread - 102, 2680
2019-02-04 18:04:50,254 - INFO - fastread - 104, 2690
2019-02-04 18:04:50,259 - INFO - fastread - 104, 2700
2019-02-04 18:04:50,264 - INFO - fastread - 104, 2710
2019-02-04 18:04:50,270 - INFO - fastread - 104, 2720
2019-02-04 18:04:50,275 - INFO - fastread - 104, 2730
2019-02-04 18:04:50,280 - INFO - fastread - 106, 2740
2019-02-04 18:04:50,286 - INFO - fastread - 107, 2750
2019-02-04 18:04:50,291 - INFO - fastread - 107, 2760
2019-02-04 18:04:50,296 - INFO - fastread - 107, 2770
2019-02-04 18:04:50,302 - INFO - fastread - 107, 2780
2019-02-04 18:04:50,307 - INFO - fastread - 107, 2790
2019-02-04 18:04:50,312 - INFO - fastread - 108, 2800
2019-02-04 18:04:50,318 - INFO - fastread - 108, 2810
2019-02-04 18:04:50,323 - INFO - fastread - 108, 2820
2019-02-04 18:04:50,328 - INFO - fastread - 109, 2830
2019-02-04 18:04:50,333 - INFO - fastread - 109, 2840
2019-02-04 18:04:50,339 - INFO - fastread - 109, 2850
2019-02-04 18:04:50,344 - INFO - fastread - 110, 2860
2019-02-04 18:04:50,349 - INFO - fastread - 111, 2870
2019-02-04 18:04:50,355 - INFO - fastread - 111, 2880
2019-02-04 18:04:50,360 - INFO - fastread - 111, 2890
2019-02-04 18:04:50,366 - INFO - fastread - 111, 2900
2019-02-04 18:04:50,371 - INFO - fastread - 112, 2910
2019-02-04 18:04:50,376 - INFO - fastread - 112, 2920
2019-02-04 18:04:50,381 - INFO - fastread - 112, 2930
2019-02-04 18:04:50,387 - INFO - fastread - 113, 2940
2019-02-04 18:04:50,392 - INFO - fastread - 113, 2950
2019-02-04 18:04:50,398 - INFO - fastread - 113, 2960
2019-02-04 18:04:50,403 - INFO - fastread - 113, 2970
2019-02-04 18:04:50,408 - INFO - fastread - 114, 2980
2019-02-04 18:04:50,414 - INFO - fastread - 114, 2990
2019-02-04 18:04:50,419 - INFO - fastread - 114, 3000
2019-02-04 18:04:50,424 - INFO - fastread - 114, 3010
2019-02-04 18:04:50,430 - INFO - fastread - 114, 3020
2019-02-04 18:04:50,435 - INFO - fastread - 114, 3030
2019-02-04 18:04:50,440 - INFO - fastread - 114, 3040
2019-02-04 18:04:50,446 - INFO - fastread - 114, 3050
2019-02-04 18:04:50,451 - INFO - fastread - 115, 3060
2019-02-04 18:04:50,457 - INFO - fastread - 115, 3070
2019-02-04 18:04:50,462 - INFO - fastread - 115, 3080
2019-02-04 18:04:50,467 - INFO - fastread - 115, 3090
2019-02-04 18:04:50,473 - INFO - fastread - 115, 3100
2019-02-04 18:04:50,478 - INFO - fastread - 115, 3110
2019-02-04 18:04:50,484 - INFO - fastread - 115, 3120
2019-02-04 18:04:50,489 - INFO - fastread - 116, 3130
2019-02-04 18:04:50,494 - INFO - fastread - 116, 3140
2019-02-04 18:04:50,500 - INFO - fastread - 116, 3150
2019-02-04 18:04:50,505 - INFO - fastread - 116, 3160
2019-02-04 18:04:50,511 - INFO - fastread - 116, 3170
2019-02-04 18:04:50,516 - INFO - fastread - 116, 3180
2019-02-04 18:04:50,521 - INFO - fastread - 116, 3190
2019-02-04 18:04:50,527 - INFO - fastread - 116, 3200
2019-02-04 18:04:50,532 - INFO - fastread - 117, 3210
2019-02-04 18:04:50,538 - INFO - fastread - 117, 3220
2019-02-04 18:04:50,543 - INFO - fastread - 117, 3230
2019-02-04 18:04:50,548 - INFO - fastread - 117, 3240
2019-02-04 18:04:50,554 - INFO - fastread - 118, 3250
2019-02-04 18:04:50,559 - INFO - fastread - 119, 3260
2019-02-04 18:04:50,565 - INFO - fastread - 119, 3270
2019-02-04 18:04:50,570 - INFO - fastread - 120, 3280
2019-02-04 18:04:50,576 - INFO - fastread - 120, 3290
2019-02-04 18:04:50,581 - INFO - fastread - 121, 3300
2019-02-04 18:04:50,586 - INFO - fastread - 121, 3310
2019-02-04 18:04:50,592 - INFO - fastread - 121, 3320
2019-02-04 18:04:50,597 - INFO - fastread - 121, 3330
2019-02-04 18:04:50,603 - INFO - fastread - 121, 3340
2019-02-04 18:04:50,608 - INFO - fastread - 122, 3350
2019-02-04 18:04:50,614 - INFO - fastread - 122, 3360
2019-02-04 18:04:50,619 - INFO - fastread - 122, 3370
2019-02-04 18:04:50,625 - INFO - fastread - 122, 3380
2019-02-04 18:04:50,630 - INFO - fastread - 123, 3390
2019-02-04 18:04:50,636 - INFO - fastread - 123, 3400
2019-02-04 18:04:50,641 - INFO - fastread - 123, 3410
2019-02-04 18:04:50,647 - INFO - fastread - 123, 3420
2019-02-04 18:04:50,652 - INFO - fastread - 124, 3430
2019-02-04 18:04:50,658 - INFO - fastread - 124, 3440
2019-02-04 18:04:50,663 - INFO - fastread - 124, 3450
2019-02-04 18:04:50,669 - INFO - fastread - 124, 3460
2019-02-04 18:04:50,674 - INFO - fastread - 124, 3470
2019-02-04 18:04:50,680 - INFO - fastread - 124, 3480
2019-02-04 18:04:50,685 - INFO - fastread - 124, 3490
2019-02-04 18:04:50,691 - INFO - fastread - 124, 3500
2019-02-04 18:04:50,696 - INFO - fastread - 125, 3510
2019-02-04 18:04:50,702 - INFO - fastread - 125, 3520
2019-02-04 18:04:50,707 - INFO - fastread - 125, 3530
2019-02-04 18:04:50,713 - INFO - fastread - 125, 3540
2019-02-04 18:04:50,718 - INFO - fastread - 125, 3550
2019-02-04 18:04:50,724 - INFO - fastread - 125, 3560
2019-02-04 18:04:50,729 - INFO - fastread - 126, 3570
2019-02-04 18:04:50,735 - INFO - fastread - 126, 3580
2019-02-04 18:04:50,740 - INFO - fastread - 126, 3590
2019-02-04 18:04:50,746 - INFO - fastread - 126, 3600
2019-02-04 18:04:50,751 - INFO - fastread - 126, 3610
2019-02-04 18:04:50,757 - INFO - fastread - 126, 3620
2019-02-04 18:04:50,762 - INFO - fastread - 127, 3630
2019-02-04 18:04:50,768 - INFO - fastread - 127, 3640
2019-02-04 18:04:50,773 - INFO - fastread - 127, 3650
2019-02-04 18:04:50,779 - INFO - fastread - 127, 3660
2019-02-04 18:04:50,784 - INFO - fastread - 127, 3670
2019-02-04 18:04:50,790 - INFO - fastread - 127, 3680
2019-02-04 18:04:50,795 - INFO - fastread - 127, 3690
2019-02-04 18:04:50,801 - INFO - fastread - 127, 3700
2019-02-04 18:04:50,807 - INFO - fastread - 127, 3710
2019-02-04 18:04:50,812 - INFO - fastread - 128, 3720
2019-02-04 18:04:50,818 - INFO - fastread - 128, 3730
2019-02-04 18:04:50,823 - INFO - fastread - 128, 3740
2019-02-04 18:04:50,829 - INFO - fastread - 128, 3750
2019-02-04 18:04:50,835 - INFO - fastread - 128, 3760
2019-02-04 18:04:50,840 - INFO - fastread - 128, 3770
2019-02-04 18:04:50,846 - INFO - fastread - 128, 3780
2019-02-04 18:04:50,851 - INFO - fastread - 128, 3790
2019-02-04 18:04:50,857 - INFO - fastread - 128, 3800
2019-02-04 18:04:50,863 - INFO - fastread - 129, 3810
2019-02-04 18:04:50,868 - INFO - fastread - 130, 3820
2019-02-04 18:04:50,874 - INFO - fastread - 130, 3830
2019-02-04 18:04:50,879 - INFO - fastread - 130, 3840
2019-02-04 18:04:50,885 - INFO - fastread - 130, 3850
2019-02-04 18:04:50,891 - INFO - fastread - 130, 3860
2019-02-04 18:04:50,896 - INFO - fastread - 130, 3870
2019-02-04 18:04:50,902 - INFO - fastread - 130, 3880
2019-02-04 18:04:50,907 - INFO - fastread - 130, 3890
2019-02-04 18:04:50,913 - INFO - fastread - 130, 3900
2019-02-04 18:04:50,919 - INFO - fastread - 130, 3910
2019-02-04 18:04:50,924 - INFO - fastread - 130, 3920
2019-02-04 18:04:50,930 - INFO - fastread - 130, 3930
2019-02-04 18:04:50,936 - INFO - fastread - 131, 3940
2019-02-04 18:04:50,941 - INFO - fastread - 131, 3950
2019-02-04 18:04:50,947 - INFO - fastread - 131, 3960
2019-02-04 18:04:50,952 - INFO - fastread - 131, 3970
2019-02-04 18:04:50,958 - INFO - fastread - 131, 3980
2019-02-04 18:04:50,964 - INFO - fastread - 131, 3990
2019-02-04 18:04:50,969 - INFO - fastread - 131, 4000
2019-02-04 18:04:50,975 - INFO - fastread - 131, 4010
2019-02-04 18:04:50,981 - INFO - fastread - 131, 4020
2019-02-04 18:04:50,986 - INFO - fastread - 131, 4030
2019-02-04 18:04:50,992 - INFO - fastread - 131, 4040
2019-02-04 18:04:50,997 - INFO - fastread - 131, 4050
2019-02-04 18:04:51,003 - INFO - fastread - 131, 4060
2019-02-04 18:04:51,009 - INFO - fastread - 131, 4070
2019-02-04 18:04:51,015 - INFO - fastread - 131, 4080
2019-02-04 18:04:51,020 - INFO - fastread - 131, 4090
2019-02-04 18:04:51,045 - INFO - rig - ++++NEW CLF++++ SVM
2019-02-04 18:04:51,045 - INFO - fastread - Total Yes: 131 | Total No: 3967
2019-02-04 18:15:27,802 - INFO - fastread - 7, 10
2019-02-04 18:15:27,807 - INFO - fastread - 15, 20
2019-02-04 18:15:27,812 - INFO - fastread - 22, 30
2019-02-04 18:15:27,816 - INFO - fastread - 26, 40
2019-02-04 18:15:27,821 - INFO - fastread - 32, 50
2019-02-04 18:15:27,825 - INFO - fastread - 39, 60
2019-02-04 18:15:27,830 - INFO - fastread - 45, 70
2019-02-04 18:15:27,835 - INFO - fastread - 49, 80
2019-02-04 18:15:27,839 - INFO - fastread - 52, 90
2019-02-04 18:15:27,844 - INFO - fastread - 53, 100
2019-02-04 18:15:27,848 - INFO - fastread - 57, 110
2019-02-04 18:15:27,853 - INFO - fastread - 61, 120
2019-02-04 18:15:27,857 - INFO - fastread - 64, 130
2019-02-04 18:15:27,862 - INFO - fastread - 65, 140
2019-02-04 18:15:27,866 - INFO - fastread - 65, 150
2019-02-04 18:15:27,871 - INFO - fastread - 67, 160
2019-02-04 18:15:27,875 - INFO - fastread - 69, 170
2019-02-04 18:15:27,880 - INFO - fastread - 72, 180
2019-02-04 18:15:27,884 - INFO - fastread - 74, 190
2019-02-04 18:15:27,889 - INFO - fastread - 76, 200
2019-02-04 18:15:27,893 - INFO - fastread - 76, 210
2019-02-04 18:15:27,898 - INFO - fastread - 77, 220
2019-02-04 18:15:27,902 - INFO - fastread - 80, 230
2019-02-04 18:15:27,907 - INFO - fastread - 83, 240
2019-02-04 18:15:27,912 - INFO - fastread - 84, 250
2019-02-04 18:15:27,916 - INFO - fastread - 84, 260
2019-02-04 18:15:27,921 - INFO - fastread - 86, 270
2019-02-04 18:15:27,925 - INFO - fastread - 86, 280
2019-02-04 18:15:27,930 - INFO - fastread - 87, 290
2019-02-04 18:15:27,935 - INFO - fastread - 88, 300
2019-02-04 18:15:27,939 - INFO - fastread - 89, 310
2019-02-04 18:15:27,944 - INFO - fastread - 91, 320
2019-02-04 18:15:27,952 - INFO - rig - ++++NEW CLF++++ SVM_LINER
2019-02-04 18:15:27,952 - INFO - fastread - Total Yes: 131 | Total No: 3967
2019-02-04 18:27:20,133 - INFO - fastread - 7, 10
2019-02-04 18:27:20,137 - INFO - fastread - 14, 20
2019-02-04 18:27:20,142 - INFO - fastread - 23, 30
2019-02-04 18:27:20,146 - INFO - fastread - 29, 40
2019-02-04 18:27:20,150 - INFO - fastread - 35, 50
2019-02-04 18:27:20,155 - INFO - fastread - 43, 60
2019-02-04 18:27:20,159 - INFO - fastread - 47, 70
2019-02-04 18:27:20,163 - INFO - fastread - 51, 80
2019-02-04 18:27:20,168 - INFO - fastread - 56, 90
2019-02-04 18:27:20,172 - INFO - fastread - 60, 100
2019-02-04 18:27:20,176 - INFO - fastread - 65, 110
2019-02-04 18:27:20,181 - INFO - fastread - 65, 120
2019-02-04 18:27:20,185 - INFO - fastread - 68, 130
2019-02-04 18:27:20,189 - INFO - fastread - 69, 140
2019-02-04 18:27:20,194 - INFO - fastread - 72, 150
2019-02-04 18:27:20,198 - INFO - fastread - 72, 160
2019-02-04 18:27:20,202 - INFO - fastread - 73, 170
2019-02-04 18:27:20,207 - INFO - fastread - 76, 180
2019-02-04 18:27:20,211 - INFO - fastread - 77, 190
2019-02-04 18:27:20,216 - INFO - fastread - 79, 200
2019-02-04 18:27:20,220 - INFO - fastread - 80, 210
2019-02-04 18:27:20,224 - INFO - fastread - 81, 220
2019-02-04 18:27:20,229 - INFO - fastread - 83, 230
2019-02-04 18:27:20,233 - INFO - fastread - 86, 240
2019-02-04 18:27:20,237 - INFO - fastread - 86, 250
2019-02-04 18:27:20,242 - INFO - fastread - 87, 260
2019-02-04 18:27:20,246 - INFO - fastread - 87, 270
2019-02-04 18:27:20,251 - INFO - fastread - 87, 280
2019-02-04 18:27:20,255 - INFO - fastread - 87, 290
2019-02-04 18:27:20,259 - INFO - fastread - 88, 300
2019-02-04 18:27:20,264 - INFO - fastread - 88, 310
2019-02-04 18:27:20,268 - INFO - fastread - 90, 320
