2019-02-04 18:01:41,192 - INFO - rig - hibernate-distribution-3.3.2.GA
2019-02-04 18:01:49,664 - INFO - rig - ++++NEW CLF++++ FASTREAD
2019-02-04 18:01:49,665 - INFO - fastread - Total Yes: 472 | Total No: 2496
2019-02-04 18:01:50,260 - INFO - fastread - 0, 0  400
2019-02-04 18:02:54,933 - INFO - fastread - 334, 347  400
2019-02-04 18:02:58,452 - INFO - fastread - 338, 361  446
2019-02-04 18:03:01,849 - INFO - fastread - 342, 375  683
2019-02-04 18:03:05,417 - INFO - fastread - 344, 389  687
2019-02-04 18:03:09,057 - INFO - fastread - 345, 403  609
2019-02-04 18:03:12,770 - INFO - fastread - 349, 417  477
2019-02-04 18:03:16,513 - INFO - fastread - 356, 431  443
2019-02-04 18:03:20,300 - INFO - fastread - 361, 445  417
2019-02-04 18:03:24,026 - INFO - fastread - 370, 459  408
2019-02-04 18:03:27,752 - INFO - fastread - 373, 473  406
2019-02-04 18:03:31,403 - INFO - fastread - 375, 487  397
2019-02-04 18:03:35,532 - INFO - fastread - 377, 501  389
2019-02-04 18:03:39,548 - INFO - fastread - 380, 515  384
2019-02-04 18:03:43,550 - INFO - fastread - 380, 529  388
2019-02-04 18:03:47,562 - INFO - fastread - 381, 543  381
2019-02-04 18:03:48,912 - INFO - rig - ++++NEW CLF++++ ENSEMBLE_DT
2019-02-04 18:03:48,927 - INFO - ensemble - 10, 10
2019-02-04 18:03:48,932 - INFO - ensemble - 20, 20
2019-02-04 18:03:48,936 - INFO - ensemble - 30, 30
2019-02-04 18:03:48,941 - INFO - ensemble - 40, 40
2019-02-04 18:03:48,946 - INFO - ensemble - 50, 50
2019-02-04 18:03:48,950 - INFO - ensemble - 57, 60
2019-02-04 18:03:48,955 - INFO - ensemble - 66, 70
2019-02-04 18:03:48,960 - INFO - ensemble - 76, 80
2019-02-04 18:03:48,965 - INFO - ensemble - 85, 90
2019-02-04 18:03:48,969 - INFO - ensemble - 95, 100
2019-02-04 18:03:48,974 - INFO - ensemble - 104, 110
2019-02-04 18:03:48,979 - INFO - ensemble - 114, 120
2019-02-04 18:03:48,984 - INFO - ensemble - 124, 130
2019-02-04 18:03:48,988 - INFO - ensemble - 134, 140
2019-02-04 18:03:48,993 - INFO - ensemble - 143, 150
2019-02-04 18:03:48,998 - INFO - ensemble - 153, 160
2019-02-04 18:03:49,003 - INFO - ensemble - 162, 170
2019-02-04 18:03:49,008 - INFO - ensemble - 172, 180
2019-02-04 18:03:49,012 - INFO - ensemble - 182, 190
2019-02-04 18:03:49,017 - INFO - ensemble - 192, 200
2019-02-04 18:03:49,022 - INFO - ensemble - 201, 210
2019-02-04 18:03:49,026 - INFO - ensemble - 211, 220
2019-02-04 18:03:49,031 - INFO - ensemble - 221, 230
2019-02-04 18:03:49,036 - INFO - ensemble - 231, 240
2019-02-04 18:03:49,041 - INFO - ensemble - 241, 250
2019-02-04 18:03:49,046 - INFO - ensemble - 250, 260
2019-02-04 18:03:49,051 - INFO - ensemble - 260, 270
2019-02-04 18:03:49,055 - INFO - ensemble - 270, 280
2019-02-04 18:03:49,060 - INFO - ensemble - 280, 290
2019-02-04 18:03:49,065 - INFO - ensemble - 290, 300
2019-02-04 18:03:49,070 - INFO - ensemble - 300, 310
2019-02-04 18:03:49,075 - INFO - ensemble - 309, 320
2019-02-04 18:03:49,080 - INFO - ensemble - 318, 330
2019-02-04 18:03:49,085 - INFO - ensemble - 328, 340
2019-02-04 18:03:49,090 - INFO - ensemble - 337, 350
2019-02-04 18:03:49,095 - INFO - ensemble - 347, 360
2019-02-04 18:03:49,100 - INFO - ensemble - 351, 370
2019-02-04 18:03:49,105 - INFO - ensemble - 354, 380
2019-02-04 18:03:49,110 - INFO - ensemble - 360, 390
2019-02-04 18:03:49,115 - INFO - ensemble - 361, 400
2019-02-04 18:03:49,119 - INFO - ensemble - 366, 410
2019-02-04 18:03:49,124 - INFO - ensemble - 368, 420
2019-02-04 18:03:49,129 - INFO - ensemble - 369, 430
2019-02-04 18:03:49,134 - INFO - ensemble - 373, 440
2019-02-04 18:03:49,139 - INFO - ensemble - 374, 450
2019-02-04 18:03:49,144 - INFO - ensemble - 377, 460
2019-02-04 18:03:49,149 - INFO - ensemble - 378, 470
2019-02-04 18:03:49,154 - INFO - ensemble - 379, 480
2019-02-04 18:03:49,159 - INFO - ensemble - 379, 490
2019-02-04 18:03:49,164 - INFO - ensemble - 380, 500
2019-02-04 18:03:49,169 - INFO - ensemble - 380, 510
2019-02-04 18:03:49,174 - INFO - ensemble - 381, 520
2019-02-04 18:03:49,179 - INFO - ensemble - 383, 530
2019-02-04 18:03:56,039 - INFO - rig - ++++NEW CLF++++ ENSEMBLE_NBM
2019-02-04 18:03:56,057 - INFO - ensemble - 10, 10
2019-02-04 18:03:56,061 - INFO - ensemble - 19, 20
2019-02-04 18:03:56,066 - INFO - ensemble - 29, 30
2019-02-04 18:03:56,070 - INFO - ensemble - 39, 40
2019-02-04 18:03:56,075 - INFO - ensemble - 48, 50
2019-02-04 18:03:56,079 - INFO - ensemble - 58, 60
2019-02-04 18:03:56,084 - INFO - ensemble - 68, 70
2019-02-04 18:03:56,088 - INFO - ensemble - 78, 80
2019-02-04 18:03:56,093 - INFO - ensemble - 88, 90
2019-02-04 18:03:56,097 - INFO - ensemble - 97, 100
2019-02-04 18:03:56,102 - INFO - ensemble - 106, 110
2019-02-04 18:03:56,106 - INFO - ensemble - 115, 120
2019-02-04 18:03:56,111 - INFO - ensemble - 124, 130
2019-02-04 18:03:56,115 - INFO - ensemble - 134, 140
2019-02-04 18:03:56,120 - INFO - ensemble - 144, 150
2019-02-04 18:03:56,124 - INFO - ensemble - 153, 160
2019-02-04 18:03:56,129 - INFO - ensemble - 163, 170
2019-02-04 18:03:56,133 - INFO - ensemble - 173, 180
2019-02-04 18:03:56,138 - INFO - ensemble - 183, 190
2019-02-04 18:03:56,142 - INFO - ensemble - 193, 200
2019-02-04 18:03:56,147 - INFO - ensemble - 202, 210
2019-02-04 18:03:56,151 - INFO - ensemble - 212, 220
2019-02-04 18:03:56,156 - INFO - ensemble - 222, 230
2019-02-04 18:03:56,161 - INFO - ensemble - 231, 240
2019-02-04 18:03:56,165 - INFO - ensemble - 241, 250
2019-02-04 18:03:56,170 - INFO - ensemble - 251, 260
2019-02-04 18:03:56,174 - INFO - ensemble - 261, 270
2019-02-04 18:03:56,179 - INFO - ensemble - 270, 280
2019-02-04 18:03:56,184 - INFO - ensemble - 280, 290
2019-02-04 18:03:56,188 - INFO - ensemble - 290, 300
2019-02-04 18:03:56,193 - INFO - ensemble - 300, 310
2019-02-04 18:03:56,198 - INFO - ensemble - 310, 320
2019-02-04 18:03:56,202 - INFO - ensemble - 319, 330
2019-02-04 18:03:56,207 - INFO - ensemble - 329, 340
2019-02-04 18:03:56,212 - INFO - ensemble - 337, 350
2019-02-04 18:03:56,216 - INFO - ensemble - 347, 360
2019-02-04 18:03:56,221 - INFO - ensemble - 350, 370
2019-02-04 18:03:56,226 - INFO - ensemble - 354, 380
2019-02-04 18:03:56,230 - INFO - ensemble - 359, 390
2019-02-04 18:03:56,235 - INFO - ensemble - 362, 400
2019-02-04 18:03:56,240 - INFO - ensemble - 364, 410
2019-02-04 18:03:56,244 - INFO - ensemble - 369, 420
2019-02-04 18:03:56,249 - INFO - ensemble - 373, 430
2019-02-04 18:03:56,254 - INFO - ensemble - 373, 440
2019-02-04 18:03:56,258 - INFO - ensemble - 375, 450
2019-02-04 18:03:56,263 - INFO - ensemble - 376, 460
2019-02-04 18:03:56,268 - INFO - ensemble - 377, 470
2019-02-04 18:03:56,273 - INFO - ensemble - 379, 480
2019-02-04 18:03:56,277 - INFO - ensemble - 379, 490
2019-02-04 18:03:56,282 - INFO - ensemble - 380, 500
2019-02-04 18:03:56,287 - INFO - ensemble - 382, 510
2019-02-04 18:03:56,291 - INFO - ensemble - 383, 520
2019-02-04 18:03:56,292 - INFO - rig - ++++NEW CLF++++ RANDOM
2019-02-04 18:03:56,292 - INFO - fastread - Total Yes: 472 | Total No: 2496
2019-02-04 18:03:56,494 - INFO - fastread - 0, 0
2019-02-04 18:03:56,598 - INFO - fastread - 1, 10
2019-02-04 18:03:56,703 - INFO - fastread - 4, 20
2019-02-04 18:03:56,807 - INFO - fastread - 5, 30
2019-02-04 18:03:56,911 - INFO - fastread - 7, 40
2019-02-04 18:03:57,015 - INFO - fastread - 9, 50
2019-02-04 18:03:57,119 - INFO - fastread - 10, 60
2019-02-04 18:03:57,223 - INFO - fastread - 13, 70
2019-02-04 18:03:57,327 - INFO - fastread - 16, 80
2019-02-04 18:03:57,431 - INFO - fastread - 17, 90
2019-02-04 18:03:57,535 - INFO - fastread - 17, 100
2019-02-04 18:03:57,640 - INFO - fastread - 19, 110
2019-02-04 18:03:57,744 - INFO - fastread - 21, 120
2019-02-04 18:03:57,848 - INFO - fastread - 21, 130
2019-02-04 18:03:57,952 - INFO - fastread - 23, 140
2019-02-04 18:03:58,056 - INFO - fastread - 29, 150
2019-02-04 18:03:58,159 - INFO - fastread - 30, 160
2019-02-04 18:03:58,261 - INFO - fastread - 33, 170
2019-02-04 18:03:58,363 - INFO - fastread - 33, 180
2019-02-04 18:03:58,464 - INFO - fastread - 37, 190
2019-02-04 18:03:58,566 - INFO - fastread - 38, 200
2019-02-04 18:03:58,667 - INFO - fastread - 40, 210
2019-02-04 18:03:58,768 - INFO - fastread - 41, 220
2019-02-04 18:03:58,870 - INFO - fastread - 42, 230
2019-02-04 18:03:58,974 - INFO - fastread - 44, 240
2019-02-04 18:03:59,077 - INFO - fastread - 45, 250
2019-02-04 18:03:59,179 - INFO - fastread - 46, 260
2019-02-04 18:03:59,281 - INFO - fastread - 47, 270
2019-02-04 18:03:59,383 - INFO - fastread - 47, 280
2019-02-04 18:03:59,486 - INFO - fastread - 48, 290
2019-02-04 18:03:59,588 - INFO - fastread - 51, 300
2019-02-04 18:03:59,690 - INFO - fastread - 56, 310
2019-02-04 18:03:59,792 - INFO - fastread - 56, 320
2019-02-04 18:03:59,894 - INFO - fastread - 57, 330
2019-02-04 18:03:59,997 - INFO - fastread - 60, 340
2019-02-04 18:04:00,098 - INFO - fastread - 62, 350
2019-02-04 18:04:00,201 - INFO - fastread - 63, 360
2019-02-04 18:04:00,303 - INFO - fastread - 65, 370
2019-02-04 18:04:00,405 - INFO - fastread - 66, 380
2019-02-04 18:04:00,507 - INFO - fastread - 67, 390
2019-02-04 18:04:00,609 - INFO - fastread - 70, 400
2019-02-04 18:04:00,712 - INFO - fastread - 70, 410
2019-02-04 18:04:00,814 - INFO - fastread - 73, 420
2019-02-04 18:04:00,916 - INFO - fastread - 73, 430
2019-02-04 18:04:01,019 - INFO - fastread - 75, 440
2019-02-04 18:04:01,121 - INFO - fastread - 78, 450
2019-02-04 18:04:01,225 - INFO - fastread - 78, 460
2019-02-04 18:04:01,330 - INFO - fastread - 82, 470
2019-02-04 18:04:01,434 - INFO - fastread - 85, 480
2019-02-04 18:04:01,539 - INFO - fastread - 87, 490
2019-02-04 18:04:01,643 - INFO - fastread - 87, 500
2019-02-04 18:04:01,748 - INFO - fastread - 88, 510
2019-02-04 18:04:01,852 - INFO - fastread - 89, 520
2019-02-04 18:04:01,954 - INFO - fastread - 92, 530
2019-02-04 18:04:02,054 - INFO - fastread - 92, 540
2019-02-04 18:04:02,151 - INFO - fastread - 95, 550
2019-02-04 18:04:02,248 - INFO - fastread - 97, 560
2019-02-04 18:04:02,345 - INFO - fastread - 99, 570
2019-02-04 18:04:02,443 - INFO - fastread - 101, 580
2019-02-04 18:04:02,540 - INFO - fastread - 104, 590
2019-02-04 18:04:02,638 - INFO - fastread - 104, 600
2019-02-04 18:04:02,735 - INFO - fastread - 105, 610
2019-02-04 18:04:02,833 - INFO - fastread - 105, 620
2019-02-04 18:04:02,931 - INFO - fastread - 109, 630
2019-02-04 18:04:03,029 - INFO - fastread - 109, 640
2019-02-04 18:04:03,127 - INFO - fastread - 110, 650
2019-02-04 18:04:03,225 - INFO - fastread - 112, 660
2019-02-04 18:04:03,323 - INFO - fastread - 112, 670
2019-02-04 18:04:03,422 - INFO - fastread - 113, 680
2019-02-04 18:04:03,520 - INFO - fastread - 116, 690
2019-02-04 18:04:03,618 - INFO - fastread - 120, 700
2019-02-04 18:04:03,717 - INFO - fastread - 124, 710
2019-02-04 18:04:03,815 - INFO - fastread - 126, 720
2019-02-04 18:04:03,914 - INFO - fastread - 127, 730
2019-02-04 18:04:04,013 - INFO - fastread - 129, 740
2019-02-04 18:04:04,111 - INFO - fastread - 132, 750
2019-02-04 18:04:04,210 - INFO - fastread - 134, 760
2019-02-04 18:04:04,311 - INFO - fastread - 136, 770
2019-02-04 18:04:04,412 - INFO - fastread - 137, 780
2019-02-04 18:04:04,509 - INFO - fastread - 139, 790
2019-02-04 18:04:04,606 - INFO - fastread - 141, 800
2019-02-04 18:04:04,703 - INFO - fastread - 143, 810
2019-02-04 18:04:04,806 - INFO - fastread - 143, 820
2019-02-04 18:04:04,913 - INFO - fastread - 145, 830
2019-02-04 18:04:05,020 - INFO - fastread - 146, 840
2019-02-04 18:04:05,127 - INFO - fastread - 147, 850
2019-02-04 18:04:05,233 - INFO - fastread - 148, 860
2019-02-04 18:04:05,340 - INFO - fastread - 150, 870
2019-02-04 18:04:05,448 - INFO - fastread - 154, 880
2019-02-04 18:04:05,555 - INFO - fastread - 157, 890
2019-02-04 18:04:05,662 - INFO - fastread - 159, 900
2019-02-04 18:04:05,769 - INFO - fastread - 161, 910
2019-02-04 18:04:05,876 - INFO - fastread - 162, 920
2019-02-04 18:04:05,983 - INFO - fastread - 163, 930
2019-02-04 18:04:06,090 - INFO - fastread - 164, 940
2019-02-04 18:04:06,198 - INFO - fastread - 164, 950
2019-02-04 18:04:06,328 - INFO - fastread - 166, 960
2019-02-04 18:04:06,462 - INFO - fastread - 166, 970
2019-02-04 18:04:06,595 - INFO - fastread - 167, 980
2019-02-04 18:04:06,729 - INFO - fastread - 167, 990
2019-02-04 18:04:06,860 - INFO - fastread - 170, 1000
2019-02-04 18:04:06,992 - INFO - fastread - 171, 1010
2019-02-04 18:04:07,134 - INFO - fastread - 172, 1020
2019-02-04 18:04:07,280 - INFO - fastread - 172, 1030
2019-02-04 18:04:07,426 - INFO - fastread - 174, 1040
2019-02-04 18:04:07,571 - INFO - fastread - 175, 1050
2019-02-04 18:04:07,717 - INFO - fastread - 177, 1060
2019-02-04 18:04:07,857 - INFO - fastread - 179, 1070
2019-02-04 18:04:07,996 - INFO - fastread - 182, 1080
2019-02-04 18:04:08,135 - INFO - fastread - 185, 1090
2019-02-04 18:04:08,282 - INFO - fastread - 188, 1100
2019-02-04 18:04:08,442 - INFO - fastread - 189, 1110
2019-02-04 18:04:08,604 - INFO - fastread - 192, 1120
2019-02-04 18:04:08,770 - INFO - fastread - 195, 1130
2019-02-04 18:04:08,934 - INFO - fastread - 197, 1140
2019-02-04 18:04:09,097 - INFO - fastread - 200, 1150
2019-02-04 18:04:09,260 - INFO - fastread - 202, 1160
2019-02-04 18:04:09,415 - INFO - fastread - 203, 1170
2019-02-04 18:04:09,556 - INFO - fastread - 203, 1180
2019-02-04 18:04:09,695 - INFO - fastread - 206, 1190
2019-02-04 18:04:09,834 - INFO - fastread - 207, 1200
2019-02-04 18:04:09,973 - INFO - fastread - 210, 1210
2019-02-04 18:04:10,118 - INFO - fastread - 210, 1220
2019-02-04 18:04:10,261 - INFO - fastread - 212, 1230
2019-02-04 18:04:10,403 - INFO - fastread - 213, 1240
2019-02-04 18:04:10,536 - INFO - fastread - 216, 1250
2019-02-04 18:04:10,665 - INFO - fastread - 218, 1260
2019-02-04 18:04:10,793 - INFO - fastread - 218, 1270
2019-02-04 18:04:10,922 - INFO - fastread - 219, 1280
2019-02-04 18:04:11,051 - INFO - fastread - 220, 1290
2019-02-04 18:04:11,179 - INFO - fastread - 221, 1300
2019-02-04 18:04:11,308 - INFO - fastread - 221, 1310
2019-02-04 18:04:11,437 - INFO - fastread - 223, 1320
2019-02-04 18:04:11,566 - INFO - fastread - 224, 1330
2019-02-04 18:04:11,694 - INFO - fastread - 225, 1340
2019-02-04 18:04:11,823 - INFO - fastread - 228, 1350
2019-02-04 18:04:11,952 - INFO - fastread - 229, 1360
2019-02-04 18:04:12,080 - INFO - fastread - 229, 1370
2019-02-04 18:04:12,209 - INFO - fastread - 231, 1380
2019-02-04 18:04:12,338 - INFO - fastread - 233, 1390
2019-02-04 18:04:12,467 - INFO - fastread - 237, 1400
2019-02-04 18:04:12,596 - INFO - fastread - 240, 1410
2019-02-04 18:04:12,725 - INFO - fastread - 241, 1420
2019-02-04 18:04:12,853 - INFO - fastread - 243, 1430
2019-02-04 18:04:12,982 - INFO - fastread - 246, 1440
2019-02-04 18:04:13,109 - INFO - fastread - 246, 1450
2019-02-04 18:04:13,235 - INFO - fastread - 246, 1460
2019-02-04 18:04:13,360 - INFO - fastread - 248, 1470
2019-02-04 18:04:13,486 - INFO - fastread - 249, 1480
2019-02-04 18:04:13,612 - INFO - fastread - 249, 1490
2019-02-04 18:04:13,738 - INFO - fastread - 250, 1500
2019-02-04 18:04:13,864 - INFO - fastread - 251, 1510
2019-02-04 18:04:13,991 - INFO - fastread - 253, 1520
2019-02-04 18:04:14,118 - INFO - fastread - 255, 1530
2019-02-04 18:04:14,245 - INFO - fastread - 256, 1540
2019-02-04 18:04:14,370 - INFO - fastread - 257, 1550
2019-02-04 18:04:14,492 - INFO - fastread - 260, 1560
2019-02-04 18:04:14,600 - INFO - fastread - 263, 1570
2019-02-04 18:04:14,708 - INFO - fastread - 266, 1580
2019-02-04 18:04:14,816 - INFO - fastread - 267, 1590
2019-02-04 18:04:14,924 - INFO - fastread - 268, 1600
2019-02-04 18:04:15,036 - INFO - fastread - 268, 1610
2019-02-04 18:04:15,136 - INFO - fastread - 270, 1620
2019-02-04 18:04:15,237 - INFO - fastread - 271, 1630
2019-02-04 18:04:15,337 - INFO - fastread - 272, 1640
2019-02-04 18:04:15,440 - INFO - fastread - 274, 1650
2019-02-04 18:04:15,551 - INFO - fastread - 275, 1660
2019-02-04 18:04:15,662 - INFO - fastread - 278, 1670
2019-02-04 18:04:15,773 - INFO - fastread - 280, 1680
2019-02-04 18:04:15,883 - INFO - fastread - 282, 1690
2019-02-04 18:04:15,994 - INFO - fastread - 283, 1700
2019-02-04 18:04:16,105 - INFO - fastread - 285, 1710
2019-02-04 18:04:16,213 - INFO - fastread - 287, 1720
2019-02-04 18:04:16,320 - INFO - fastread - 287, 1730
2019-02-04 18:04:16,427 - INFO - fastread - 287, 1740
2019-02-04 18:04:16,535 - INFO - fastread - 289, 1750
2019-02-04 18:04:16,643 - INFO - fastread - 291, 1760
2019-02-04 18:04:16,751 - INFO - fastread - 293, 1770
2019-02-04 18:04:16,862 - INFO - fastread - 295, 1780
2019-02-04 18:04:16,993 - INFO - fastread - 297, 1790
2019-02-04 18:04:17,126 - INFO - fastread - 301, 1800
2019-02-04 18:04:17,259 - INFO - fastread - 304, 1810
2019-02-04 18:04:17,392 - INFO - fastread - 305, 1820
2019-02-04 18:04:17,524 - INFO - fastread - 305, 1830
2019-02-04 18:04:17,655 - INFO - fastread - 306, 1840
2019-02-04 18:04:17,785 - INFO - fastread - 307, 1850
2019-02-04 18:04:17,923 - INFO - fastread - 308, 1860
2019-02-04 18:04:18,060 - INFO - fastread - 310, 1870
2019-02-04 18:04:18,197 - INFO - fastread - 311, 1880
2019-02-04 18:04:18,336 - INFO - fastread - 313, 1890
2019-02-04 18:04:18,469 - INFO - fastread - 315, 1900
2019-02-04 18:04:18,601 - INFO - fastread - 316, 1910
2019-02-04 18:04:18,734 - INFO - fastread - 317, 1920
2019-02-04 18:04:18,867 - INFO - fastread - 319, 1930
2019-02-04 18:04:19,001 - INFO - fastread - 322, 1940
2019-02-04 18:04:19,138 - INFO - fastread - 325, 1950
2019-02-04 18:04:19,274 - INFO - fastread - 327, 1960
2019-02-04 18:04:19,411 - INFO - fastread - 328, 1970
2019-02-04 18:04:19,548 - INFO - fastread - 330, 1980
2019-02-04 18:04:19,685 - INFO - fastread - 332, 1990
2019-02-04 18:04:19,818 - INFO - fastread - 334, 2000
2019-02-04 18:04:19,944 - INFO - fastread - 335, 2010
2019-02-04 18:04:20,069 - INFO - fastread - 336, 2020
2019-02-04 18:04:20,195 - INFO - fastread - 337, 2030
2019-02-04 18:04:20,320 - INFO - fastread - 338, 2040
2019-02-04 18:04:20,446 - INFO - fastread - 339, 2050
2019-02-04 18:04:20,571 - INFO - fastread - 340, 2060
2019-02-04 18:04:20,688 - INFO - fastread - 340, 2070
2019-02-04 18:04:20,798 - INFO - fastread - 342, 2080
2019-02-04 18:04:20,908 - INFO - fastread - 342, 2090
2019-02-04 18:04:21,017 - INFO - fastread - 343, 2100
2019-02-04 18:04:21,127 - INFO - fastread - 344, 2110
2019-02-04 18:04:21,237 - INFO - fastread - 345, 2120
2019-02-04 18:04:21,346 - INFO - fastread - 348, 2130
2019-02-04 18:04:21,456 - INFO - fastread - 350, 2140
2019-02-04 18:04:21,566 - INFO - fastread - 351, 2150
2019-02-04 18:04:21,676 - INFO - fastread - 354, 2160
2019-02-04 18:04:21,785 - INFO - fastread - 356, 2170
2019-02-04 18:04:21,894 - INFO - fastread - 356, 2180
2019-02-04 18:04:22,003 - INFO - fastread - 356, 2190
2019-02-04 18:04:22,113 - INFO - fastread - 358, 2200
2019-02-04 18:04:22,223 - INFO - fastread - 359, 2210
2019-02-04 18:04:22,332 - INFO - fastread - 360, 2220
2019-02-04 18:04:22,442 - INFO - fastread - 360, 2230
2019-02-04 18:04:22,551 - INFO - fastread - 361, 2240
2019-02-04 18:04:22,661 - INFO - fastread - 363, 2250
2019-02-04 18:04:22,770 - INFO - fastread - 364, 2260
2019-02-04 18:04:22,879 - INFO - fastread - 365, 2270
2019-02-04 18:04:22,989 - INFO - fastread - 366, 2280
2019-02-04 18:04:23,099 - INFO - fastread - 368, 2290
2019-02-04 18:04:23,209 - INFO - fastread - 370, 2300
2019-02-04 18:04:23,318 - INFO - fastread - 372, 2310
2019-02-04 18:04:23,428 - INFO - fastread - 373, 2320
2019-02-04 18:04:23,537 - INFO - fastread - 374, 2330
2019-02-04 18:04:23,646 - INFO - fastread - 375, 2340
2019-02-04 18:04:23,756 - INFO - fastread - 376, 2350
2019-02-04 18:04:23,865 - INFO - fastread - 377, 2360
2019-02-04 18:04:23,971 - INFO - fastread - 379, 2370
2019-02-04 18:04:24,078 - INFO - fastread - 381, 2380
2019-02-04 18:04:24,101 - INFO - rig - ++++NEW CLF++++ NBM
2019-02-04 18:04:24,101 - INFO - fastread - Total Yes: 472 | Total No: 2496
2019-02-04 18:04:24,211 - INFO - fastread - 10, 10
2019-02-04 18:04:24,215 - INFO - fastread - 12, 20
2019-02-04 18:04:24,220 - INFO - fastread - 21, 30
2019-02-04 18:04:24,224 - INFO - fastread - 31, 40
2019-02-04 18:04:24,228 - INFO - fastread - 40, 50
2019-02-04 18:04:24,233 - INFO - fastread - 48, 60
2019-02-04 18:04:24,237 - INFO - fastread - 56, 70
2019-02-04 18:04:24,241 - INFO - fastread - 64, 80
2019-02-04 18:04:24,246 - INFO - fastread - 72, 90
2019-02-04 18:04:24,250 - INFO - fastread - 77, 100
2019-02-04 18:04:24,255 - INFO - fastread - 78, 110
2019-02-04 18:04:24,259 - INFO - fastread - 84, 120
2019-02-04 18:04:24,263 - INFO - fastread - 90, 130
2019-02-04 18:04:24,268 - INFO - fastread - 95, 140
2019-02-04 18:04:24,272 - INFO - fastread - 101, 150
2019-02-04 18:04:24,277 - INFO - fastread - 106, 160
2019-02-04 18:04:24,281 - INFO - fastread - 110, 170
2019-02-04 18:04:24,285 - INFO - fastread - 117, 180
2019-02-04 18:04:24,290 - INFO - fastread - 124, 190
2019-02-04 18:04:24,294 - INFO - fastread - 132, 200
2019-02-04 18:04:24,299 - INFO - fastread - 135, 210
2019-02-04 18:04:24,303 - INFO - fastread - 142, 220
2019-02-04 18:04:24,308 - INFO - fastread - 143, 230
2019-02-04 18:04:24,312 - INFO - fastread - 145, 240
2019-02-04 18:04:24,317 - INFO - fastread - 151, 250
2019-02-04 18:04:24,321 - INFO - fastread - 158, 260
2019-02-04 18:04:24,326 - INFO - fastread - 159, 270
2019-02-04 18:04:24,330 - INFO - fastread - 159, 280
2019-02-04 18:04:24,335 - INFO - fastread - 159, 290
2019-02-04 18:04:24,339 - INFO - fastread - 164, 300
2019-02-04 18:04:24,343 - INFO - fastread - 168, 310
2019-02-04 18:04:24,348 - INFO - fastread - 170, 320
2019-02-04 18:04:24,353 - INFO - fastread - 177, 330
2019-02-04 18:04:24,357 - INFO - fastread - 182, 340
2019-02-04 18:04:24,362 - INFO - fastread - 186, 350
2019-02-04 18:04:24,366 - INFO - fastread - 190, 360
2019-02-04 18:04:24,371 - INFO - fastread - 191, 370
2019-02-04 18:04:24,375 - INFO - fastread - 194, 380
2019-02-04 18:04:24,380 - INFO - fastread - 198, 390
2019-02-04 18:04:24,384 - INFO - fastread - 202, 400
2019-02-04 18:04:24,389 - INFO - fastread - 203, 410
2019-02-04 18:04:24,393 - INFO - fastread - 209, 420
2019-02-04 18:04:24,398 - INFO - fastread - 210, 430
2019-02-04 18:04:24,402 - INFO - fastread - 212, 440
2019-02-04 18:04:24,407 - INFO - fastread - 213, 450
2019-02-04 18:04:24,411 - INFO - fastread - 214, 460
2019-02-04 18:04:24,416 - INFO - fastread - 217, 470
2019-02-04 18:04:24,421 - INFO - fastread - 219, 480
2019-02-04 18:04:24,425 - INFO - fastread - 222, 490
2019-02-04 18:04:24,430 - INFO - fastread - 223, 500
2019-02-04 18:04:24,434 - INFO - fastread - 223, 510
2019-02-04 18:04:24,439 - INFO - fastread - 226, 520
2019-02-04 18:04:24,443 - INFO - fastread - 228, 530
2019-02-04 18:04:24,448 - INFO - fastread - 231, 540
2019-02-04 18:04:24,453 - INFO - fastread - 233, 550
2019-02-04 18:04:24,457 - INFO - fastread - 236, 560
2019-02-04 18:04:24,462 - INFO - fastread - 237, 570
2019-02-04 18:04:24,467 - INFO - fastread - 240, 580
2019-02-04 18:04:24,471 - INFO - fastread - 241, 590
2019-02-04 18:04:24,476 - INFO - fastread - 242, 600
2019-02-04 18:04:24,481 - INFO - fastread - 242, 610
2019-02-04 18:04:24,485 - INFO - fastread - 242, 620
2019-02-04 18:04:24,490 - INFO - fastread - 242, 630
2019-02-04 18:04:24,495 - INFO - fastread - 243, 640
2019-02-04 18:04:24,499 - INFO - fastread - 245, 650
2019-02-04 18:04:24,504 - INFO - fastread - 246, 660
2019-02-04 18:04:24,509 - INFO - fastread - 248, 670
2019-02-04 18:04:24,513 - INFO - fastread - 249, 680
2019-02-04 18:04:24,518 - INFO - fastread - 251, 690
2019-02-04 18:04:24,523 - INFO - fastread - 253, 700
2019-02-04 18:04:24,528 - INFO - fastread - 253, 710
2019-02-04 18:04:24,532 - INFO - fastread - 256, 720
2019-02-04 18:04:24,537 - INFO - fastread - 257, 730
2019-02-04 18:04:24,542 - INFO - fastread - 259, 740
2019-02-04 18:04:24,547 - INFO - fastread - 261, 750
2019-02-04 18:04:24,551 - INFO - fastread - 263, 760
2019-02-04 18:04:24,556 - INFO - fastread - 268, 770
2019-02-04 18:04:24,561 - INFO - fastread - 269, 780
2019-02-04 18:04:24,566 - INFO - fastread - 270, 790
2019-02-04 18:04:24,570 - INFO - fastread - 270, 800
2019-02-04 18:04:24,575 - INFO - fastread - 272, 810
2019-02-04 18:04:24,580 - INFO - fastread - 272, 820
2019-02-04 18:04:24,585 - INFO - fastread - 272, 830
2019-02-04 18:04:24,589 - INFO - fastread - 275, 840
2019-02-04 18:04:24,594 - INFO - fastread - 277, 850
2019-02-04 18:04:24,599 - INFO - fastread - 280, 860
2019-02-04 18:04:24,604 - INFO - fastread - 282, 870
2019-02-04 18:04:24,609 - INFO - fastread - 287, 880
2019-02-04 18:04:24,613 - INFO - fastread - 289, 890
2019-02-04 18:04:24,618 - INFO - fastread - 290, 900
2019-02-04 18:04:24,623 - INFO - fastread - 291, 910
2019-02-04 18:04:24,628 - INFO - fastread - 292, 920
2019-02-04 18:04:24,633 - INFO - fastread - 293, 930
2019-02-04 18:04:24,638 - INFO - fastread - 294, 940
2019-02-04 18:04:24,643 - INFO - fastread - 294, 950
2019-02-04 18:04:24,647 - INFO - fastread - 297, 960
2019-02-04 18:04:24,652 - INFO - fastread - 297, 970
2019-02-04 18:04:24,657 - INFO - fastread - 300, 980
2019-02-04 18:04:24,662 - INFO - fastread - 300, 990
2019-02-04 18:04:24,667 - INFO - fastread - 301, 1000
2019-02-04 18:04:24,672 - INFO - fastread - 304, 1010
2019-02-04 18:04:24,676 - INFO - fastread - 307, 1020
2019-02-04 18:04:24,681 - INFO - fastread - 308, 1030
2019-02-04 18:04:24,686 - INFO - fastread - 309, 1040
2019-02-04 18:04:24,691 - INFO - fastread - 310, 1050
2019-02-04 18:04:24,696 - INFO - fastread - 313, 1060
2019-02-04 18:04:24,701 - INFO - fastread - 313, 1070
2019-02-04 18:04:24,706 - INFO - fastread - 315, 1080
2019-02-04 18:04:24,710 - INFO - fastread - 315, 1090
2019-02-04 18:04:24,715 - INFO - fastread - 319, 1100
2019-02-04 18:04:24,720 - INFO - fastread - 320, 1110
2019-02-04 18:04:24,725 - INFO - fastread - 320, 1120
2019-02-04 18:04:24,730 - INFO - fastread - 323, 1130
2019-02-04 18:04:24,735 - INFO - fastread - 324, 1140
2019-02-04 18:04:24,740 - INFO - fastread - 325, 1150
2019-02-04 18:04:24,745 - INFO - fastread - 327, 1160
2019-02-04 18:04:24,750 - INFO - fastread - 329, 1170
2019-02-04 18:04:24,754 - INFO - fastread - 332, 1180
2019-02-04 18:04:24,759 - INFO - fastread - 335, 1190
2019-02-04 18:04:24,764 - INFO - fastread - 343, 1200
2019-02-04 18:04:24,769 - INFO - fastread - 343, 1210
2019-02-04 18:04:24,774 - INFO - fastread - 345, 1220
2019-02-04 18:04:24,779 - INFO - fastread - 349, 1230
2019-02-04 18:04:24,784 - INFO - fastread - 349, 1240
2019-02-04 18:04:24,789 - INFO - fastread - 349, 1250
2019-02-04 18:04:24,794 - INFO - fastread - 349, 1260
2019-02-04 18:04:24,799 - INFO - fastread - 349, 1270
2019-02-04 18:04:24,804 - INFO - fastread - 349, 1280
2019-02-04 18:04:24,809 - INFO - fastread - 352, 1290
2019-02-04 18:04:24,814 - INFO - fastread - 352, 1300
2019-02-04 18:04:24,819 - INFO - fastread - 353, 1310
2019-02-04 18:04:24,824 - INFO - fastread - 355, 1320
2019-02-04 18:04:24,829 - INFO - fastread - 357, 1330
2019-02-04 18:04:24,834 - INFO - fastread - 361, 1340
2019-02-04 18:04:24,839 - INFO - fastread - 361, 1350
2019-02-04 18:04:24,844 - INFO - fastread - 361, 1360
2019-02-04 18:04:24,849 - INFO - fastread - 361, 1370
2019-02-04 18:04:24,854 - INFO - fastread - 362, 1380
2019-02-04 18:04:24,859 - INFO - fastread - 362, 1390
2019-02-04 18:04:24,864 - INFO - fastread - 362, 1400
2019-02-04 18:04:24,868 - INFO - fastread - 362, 1410
2019-02-04 18:04:24,873 - INFO - fastread - 364, 1420
2019-02-04 18:04:24,878 - INFO - fastread - 364, 1430
2019-02-04 18:04:24,883 - INFO - fastread - 366, 1440
2019-02-04 18:04:24,887 - INFO - fastread - 366, 1450
2019-02-04 18:04:24,892 - INFO - fastread - 368, 1460
2019-02-04 18:04:24,897 - INFO - fastread - 371, 1470
2019-02-04 18:04:24,901 - INFO - fastread - 375, 1480
2019-02-04 18:04:24,906 - INFO - fastread - 377, 1490
2019-02-04 18:04:24,911 - INFO - fastread - 377, 1500
2019-02-04 18:04:24,916 - INFO - fastread - 379, 1510
2019-02-04 18:04:24,920 - INFO - fastread - 379, 1520
2019-02-04 18:04:24,925 - INFO - fastread - 380, 1530
2019-02-04 18:04:24,930 - INFO - fastread - 382, 1540
2019-02-04 18:04:24,935 - INFO - fastread - 382, 1550
2019-02-04 18:04:24,939 - INFO - fastread - 383, 1560
2019-02-04 18:04:24,944 - INFO - fastread - 385, 1570
2019-02-04 18:04:24,949 - INFO - fastread - 385, 1580
2019-02-04 18:04:24,954 - INFO - fastread - 386, 1590
2019-02-04 18:04:24,958 - INFO - fastread - 388, 1600
2019-02-04 18:04:24,963 - INFO - fastread - 389, 1610
2019-02-04 18:04:24,968 - INFO - fastread - 390, 1620
2019-02-04 18:04:24,973 - INFO - fastread - 392, 1630
2019-02-04 18:04:24,978 - INFO - fastread - 393, 1640
2019-02-04 18:04:24,982 - INFO - fastread - 393, 1650
2019-02-04 18:04:24,987 - INFO - fastread - 393, 1660
2019-02-04 18:04:24,992 - INFO - fastread - 395, 1670
2019-02-04 18:04:24,997 - INFO - fastread - 397, 1680
2019-02-04 18:04:25,001 - INFO - fastread - 399, 1690
2019-02-04 18:04:25,006 - INFO - fastread - 402, 1700
2019-02-04 18:04:25,011 - INFO - fastread - 404, 1710
2019-02-04 18:04:25,016 - INFO - fastread - 406, 1720
2019-02-04 18:04:25,021 - INFO - fastread - 406, 1730
2019-02-04 18:04:25,025 - INFO - fastread - 406, 1740
2019-02-04 18:04:25,030 - INFO - fastread - 406, 1750
2019-02-04 18:04:25,035 - INFO - fastread - 407, 1760
2019-02-04 18:04:25,040 - INFO - fastread - 408, 1770
2019-02-04 18:04:25,045 - INFO - fastread - 408, 1780
2019-02-04 18:04:25,049 - INFO - fastread - 409, 1790
2019-02-04 18:04:25,054 - INFO - fastread - 412, 1800
2019-02-04 18:04:25,059 - INFO - fastread - 412, 1810
2019-02-04 18:04:25,064 - INFO - fastread - 412, 1820
2019-02-04 18:04:25,069 - INFO - fastread - 412, 1830
2019-02-04 18:04:25,074 - INFO - fastread - 412, 1840
2019-02-04 18:04:25,078 - INFO - fastread - 413, 1850
2019-02-04 18:04:25,083 - INFO - fastread - 413, 1860
2019-02-04 18:04:25,088 - INFO - fastread - 414, 1870
2019-02-04 18:04:25,093 - INFO - fastread - 416, 1880
2019-02-04 18:04:25,098 - INFO - fastread - 416, 1890
2019-02-04 18:04:25,103 - INFO - fastread - 418, 1900
2019-02-04 18:04:25,108 - INFO - fastread - 419, 1910
2019-02-04 18:04:25,112 - INFO - fastread - 419, 1920
2019-02-04 18:04:25,117 - INFO - fastread - 419, 1930
2019-02-04 18:04:25,122 - INFO - fastread - 419, 1940
2019-02-04 18:04:25,127 - INFO - fastread - 422, 1950
2019-02-04 18:04:25,132 - INFO - fastread - 422, 1960
2019-02-04 18:04:25,137 - INFO - fastread - 423, 1970
2019-02-04 18:04:25,142 - INFO - fastread - 427, 1980
2019-02-04 18:04:25,147 - INFO - fastread - 428, 1990
2019-02-04 18:04:25,151 - INFO - fastread - 428, 2000
2019-02-04 18:04:25,156 - INFO - fastread - 428, 2010
2019-02-04 18:04:25,161 - INFO - fastread - 428, 2020
2019-02-04 18:04:25,166 - INFO - fastread - 429, 2030
2019-02-04 18:04:25,171 - INFO - fastread - 430, 2040
2019-02-04 18:04:25,176 - INFO - fastread - 430, 2050
2019-02-04 18:04:25,181 - INFO - fastread - 430, 2060
2019-02-04 18:04:25,186 - INFO - fastread - 430, 2070
2019-02-04 18:04:25,191 - INFO - fastread - 430, 2080
2019-02-04 18:04:25,196 - INFO - fastread - 431, 2090
2019-02-04 18:04:25,200 - INFO - fastread - 431, 2100
2019-02-04 18:04:25,205 - INFO - fastread - 431, 2110
2019-02-04 18:04:25,210 - INFO - fastread - 434, 2120
2019-02-04 18:04:25,215 - INFO - fastread - 435, 2130
2019-02-04 18:04:25,220 - INFO - fastread - 435, 2140
2019-02-04 18:04:25,225 - INFO - fastread - 437, 2150
2019-02-04 18:04:25,230 - INFO - fastread - 437, 2160
2019-02-04 18:04:25,235 - INFO - fastread - 437, 2170
2019-02-04 18:04:25,240 - INFO - fastread - 438, 2180
2019-02-04 18:04:25,245 - INFO - fastread - 438, 2190
2019-02-04 18:04:25,250 - INFO - fastread - 438, 2200
2019-02-04 18:04:25,255 - INFO - fastread - 438, 2210
2019-02-04 18:04:25,260 - INFO - fastread - 439, 2220
2019-02-04 18:04:25,265 - INFO - fastread - 441, 2230
2019-02-04 18:04:25,270 - INFO - fastread - 442, 2240
2019-02-04 18:04:25,275 - INFO - fastread - 443, 2250
2019-02-04 18:04:25,280 - INFO - fastread - 444, 2260
2019-02-04 18:04:25,285 - INFO - fastread - 445, 2270
2019-02-04 18:04:25,289 - INFO - fastread - 445, 2280
2019-02-04 18:04:25,294 - INFO - fastread - 445, 2290
2019-02-04 18:04:25,299 - INFO - fastread - 446, 2300
2019-02-04 18:04:25,304 - INFO - fastread - 448, 2310
2019-02-04 18:04:25,309 - INFO - fastread - 449, 2320
2019-02-04 18:04:25,314 - INFO - fastread - 449, 2330
2019-02-04 18:04:25,319 - INFO - fastread - 449, 2340
2019-02-04 18:04:25,324 - INFO - fastread - 450, 2350
2019-02-04 18:04:25,329 - INFO - fastread - 451, 2360
2019-02-04 18:04:25,334 - INFO - fastread - 452, 2370
2019-02-04 18:04:25,339 - INFO - fastread - 452, 2380
2019-02-04 18:04:25,344 - INFO - fastread - 452, 2390
2019-02-04 18:04:25,349 - INFO - fastread - 452, 2400
2019-02-04 18:04:25,354 - INFO - fastread - 452, 2410
2019-02-04 18:04:25,360 - INFO - fastread - 452, 2420
2019-02-04 18:04:25,365 - INFO - fastread - 452, 2430
2019-02-04 18:04:25,370 - INFO - fastread - 452, 2440
2019-02-04 18:04:25,375 - INFO - fastread - 452, 2450
2019-02-04 18:04:25,380 - INFO - fastread - 452, 2460
2019-02-04 18:04:25,385 - INFO - fastread - 455, 2470
2019-02-04 18:04:25,390 - INFO - fastread - 455, 2480
2019-02-04 18:04:25,395 - INFO - fastread - 455, 2490
2019-02-04 18:04:25,400 - INFO - fastread - 455, 2500
2019-02-04 18:04:25,405 - INFO - fastread - 456, 2510
2019-02-04 18:04:25,410 - INFO - fastread - 456, 2520
2019-02-04 18:04:25,415 - INFO - fastread - 458, 2530
2019-02-04 18:04:25,420 - INFO - fastread - 458, 2540
2019-02-04 18:04:25,425 - INFO - fastread - 458, 2550
2019-02-04 18:04:25,430 - INFO - fastread - 458, 2560
2019-02-04 18:04:25,435 - INFO - fastread - 458, 2570
2019-02-04 18:04:25,440 - INFO - fastread - 458, 2580
2019-02-04 18:04:25,445 - INFO - fastread - 459, 2590
2019-02-04 18:04:25,450 - INFO - fastread - 459, 2600
2019-02-04 18:04:25,455 - INFO - fastread - 459, 2610
2019-02-04 18:04:25,461 - INFO - fastread - 459, 2620
2019-02-04 18:04:25,466 - INFO - fastread - 459, 2630
2019-02-04 18:04:25,471 - INFO - fastread - 459, 2640
2019-02-04 18:04:25,476 - INFO - fastread - 459, 2650
2019-02-04 18:04:25,481 - INFO - fastread - 460, 2660
2019-02-04 18:04:25,486 - INFO - fastread - 460, 2670
2019-02-04 18:04:25,491 - INFO - fastread - 460, 2680
2019-02-04 18:04:25,496 - INFO - fastread - 460, 2690
2019-02-04 18:04:25,501 - INFO - fastread - 461, 2700
2019-02-04 18:04:25,506 - INFO - fastread - 462, 2710
2019-02-04 18:04:25,511 - INFO - fastread - 462, 2720
2019-02-04 18:04:25,516 - INFO - fastread - 462, 2730
2019-02-04 18:04:25,522 - INFO - fastread - 462, 2740
2019-02-04 18:04:25,527 - INFO - fastread - 462, 2750
2019-02-04 18:04:25,532 - INFO - fastread - 462, 2760
2019-02-04 18:04:25,537 - INFO - fastread - 462, 2770
2019-02-04 18:04:25,542 - INFO - fastread - 462, 2780
2019-02-04 18:04:25,547 - INFO - fastread - 462, 2790
2019-02-04 18:04:25,552 - INFO - fastread - 462, 2800
2019-02-04 18:04:25,557 - INFO - fastread - 462, 2810
2019-02-04 18:04:25,562 - INFO - fastread - 462, 2820
2019-02-04 18:04:25,568 - INFO - fastread - 464, 2830
2019-02-04 18:04:25,573 - INFO - fastread - 465, 2840
2019-02-04 18:04:25,578 - INFO - fastread - 465, 2850
2019-02-04 18:04:25,583 - INFO - fastread - 466, 2860
2019-02-04 18:04:25,588 - INFO - fastread - 466, 2870
2019-02-04 18:04:25,593 - INFO - fastread - 466, 2880
2019-02-04 18:04:25,598 - INFO - fastread - 466, 2890
2019-02-04 18:04:25,604 - INFO - fastread - 466, 2900
2019-02-04 18:04:25,609 - INFO - fastread - 466, 2910
2019-02-04 18:04:25,614 - INFO - fastread - 466, 2920
2019-02-04 18:04:25,619 - INFO - fastread - 467, 2930
2019-02-04 18:04:25,624 - INFO - fastread - 470, 2940
2019-02-04 18:04:25,629 - INFO - fastread - 472, 2950
2019-02-04 18:04:25,634 - INFO - fastread - 472, 2960
2019-02-04 18:04:25,654 - INFO - rig - ++++NEW CLF++++ KNN
2019-02-04 18:04:25,654 - INFO - fastread - Total Yes: 472 | Total No: 2496
2019-02-04 18:04:39,867 - INFO - fastread - 8, 10
2019-02-04 18:04:39,871 - INFO - fastread - 15, 20
2019-02-04 18:04:39,875 - INFO - fastread - 22, 30
2019-02-04 18:04:39,879 - INFO - fastread - 30, 40
2019-02-04 18:04:39,883 - INFO - fastread - 39, 50
2019-02-04 18:04:39,888 - INFO - fastread - 45, 60
2019-02-04 18:04:39,892 - INFO - fastread - 47, 70
2019-02-04 18:04:39,896 - INFO - fastread - 52, 80
2019-02-04 18:04:39,900 - INFO - fastread - 56, 90
2019-02-04 18:04:39,904 - INFO - fastread - 58, 100
2019-02-04 18:04:39,909 - INFO - fastread - 63, 110
2019-02-04 18:04:39,913 - INFO - fastread - 67, 120
2019-02-04 18:04:39,917 - INFO - fastread - 69, 130
2019-02-04 18:04:39,921 - INFO - fastread - 72, 140
2019-02-04 18:04:39,926 - INFO - fastread - 74, 150
2019-02-04 18:04:39,930 - INFO - fastread - 76, 160
2019-02-04 18:04:39,934 - INFO - fastread - 77, 170
2019-02-04 18:04:39,939 - INFO - fastread - 77, 180
2019-02-04 18:04:39,943 - INFO - fastread - 78, 190
2019-02-04 18:04:39,947 - INFO - fastread - 78, 200
2019-02-04 18:04:39,951 - INFO - fastread - 80, 210
2019-02-04 18:04:39,956 - INFO - fastread - 81, 220
2019-02-04 18:04:39,960 - INFO - fastread - 82, 230
2019-02-04 18:04:39,964 - INFO - fastread - 87, 240
2019-02-04 18:04:39,969 - INFO - fastread - 87, 250
2019-02-04 18:04:39,973 - INFO - fastread - 88, 260
2019-02-04 18:04:39,977 - INFO - fastread - 93, 270
2019-02-04 18:04:39,981 - INFO - fastread - 93, 280
2019-02-04 18:04:39,986 - INFO - fastread - 98, 290
2019-02-04 18:04:39,990 - INFO - fastread - 101, 300
2019-02-04 18:04:39,994 - INFO - fastread - 102, 310
2019-02-04 18:04:39,999 - INFO - fastread - 102, 320
2019-02-04 18:04:40,003 - INFO - fastread - 102, 330
2019-02-04 18:04:40,007 - INFO - fastread - 103, 340
2019-02-04 18:04:40,011 - INFO - fastread - 103, 350
2019-02-04 18:04:40,016 - INFO - fastread - 104, 360
2019-02-04 18:04:40,020 - INFO - fastread - 105, 370
2019-02-04 18:04:40,024 - INFO - fastread - 105, 380
2019-02-04 18:04:40,029 - INFO - fastread - 106, 390
2019-02-04 18:04:40,033 - INFO - fastread - 109, 400
2019-02-04 18:04:40,037 - INFO - fastread - 110, 410
2019-02-04 18:04:40,042 - INFO - fastread - 111, 420
2019-02-04 18:04:40,046 - INFO - fastread - 113, 430
2019-02-04 18:04:40,050 - INFO - fastread - 113, 440
2019-02-04 18:04:40,055 - INFO - fastread - 113, 450
2019-02-04 18:04:40,059 - INFO - fastread - 113, 460
2019-02-04 18:04:40,063 - INFO - fastread - 116, 470
2019-02-04 18:04:40,068 - INFO - fastread - 116, 480
2019-02-04 18:04:40,072 - INFO - fastread - 120, 490
2019-02-04 18:04:40,076 - INFO - fastread - 122, 500
2019-02-04 18:04:40,081 - INFO - fastread - 122, 510
2019-02-04 18:04:40,085 - INFO - fastread - 122, 520
2019-02-04 18:04:40,089 - INFO - fastread - 125, 530
2019-02-04 18:04:40,094 - INFO - fastread - 127, 540
2019-02-04 18:04:40,098 - INFO - fastread - 130, 550
2019-02-04 18:04:40,102 - INFO - fastread - 132, 560
2019-02-04 18:04:40,107 - INFO - fastread - 135, 570
2019-02-04 18:04:40,111 - INFO - fastread - 137, 580
2019-02-04 18:04:40,115 - INFO - fastread - 137, 590
2019-02-04 18:04:40,120 - INFO - fastread - 139, 600
2019-02-04 18:04:40,124 - INFO - fastread - 141, 610
2019-02-04 18:04:40,129 - INFO - fastread - 142, 620
2019-02-04 18:04:40,133 - INFO - fastread - 143, 630
2019-02-04 18:04:40,137 - INFO - fastread - 143, 640
2019-02-04 18:04:40,142 - INFO - fastread - 144, 650
2019-02-04 18:04:40,146 - INFO - fastread - 148, 660
2019-02-04 18:04:40,151 - INFO - fastread - 150, 670
2019-02-04 18:04:40,155 - INFO - fastread - 151, 680
2019-02-04 18:04:40,159 - INFO - fastread - 153, 690
2019-02-04 18:04:40,164 - INFO - fastread - 155, 700
2019-02-04 18:04:40,168 - INFO - fastread - 157, 710
2019-02-04 18:04:40,173 - INFO - fastread - 157, 720
2019-02-04 18:04:40,177 - INFO - fastread - 159, 730
2019-02-04 18:04:40,181 - INFO - fastread - 161, 740
2019-02-04 18:04:40,186 - INFO - fastread - 163, 750
2019-02-04 18:04:40,190 - INFO - fastread - 164, 760
2019-02-04 18:04:40,195 - INFO - fastread - 165, 770
2019-02-04 18:04:40,199 - INFO - fastread - 166, 780
2019-02-04 18:04:40,204 - INFO - fastread - 167, 790
2019-02-04 18:04:40,208 - INFO - fastread - 167, 800
2019-02-04 18:04:40,212 - INFO - fastread - 169, 810
2019-02-04 18:04:40,217 - INFO - fastread - 172, 820
2019-02-04 18:04:40,221 - INFO - fastread - 172, 830
2019-02-04 18:04:40,226 - INFO - fastread - 175, 840
2019-02-04 18:04:40,230 - INFO - fastread - 176, 850
2019-02-04 18:04:40,235 - INFO - fastread - 177, 860
2019-02-04 18:04:40,239 - INFO - fastread - 177, 870
2019-02-04 18:04:40,243 - INFO - fastread - 180, 880
2019-02-04 18:04:40,248 - INFO - fastread - 180, 890
2019-02-04 18:04:40,252 - INFO - fastread - 181, 900
2019-02-04 18:04:40,257 - INFO - fastread - 182, 910
2019-02-04 18:04:40,261 - INFO - fastread - 182, 920
2019-02-04 18:04:40,266 - INFO - fastread - 182, 930
2019-02-04 18:04:40,270 - INFO - fastread - 183, 940
2019-02-04 18:04:40,275 - INFO - fastread - 184, 950
2019-02-04 18:04:40,279 - INFO - fastread - 187, 960
2019-02-04 18:04:40,284 - INFO - fastread - 187, 970
2019-02-04 18:04:40,288 - INFO - fastread - 188, 980
2019-02-04 18:04:40,293 - INFO - fastread - 189, 990
2019-02-04 18:04:40,297 - INFO - fastread - 190, 1000
2019-02-04 18:04:40,302 - INFO - fastread - 190, 1010
2019-02-04 18:04:40,306 - INFO - fastread - 192, 1020
2019-02-04 18:04:40,311 - INFO - fastread - 195, 1030
2019-02-04 18:04:40,315 - INFO - fastread - 195, 1040
2019-02-04 18:04:40,320 - INFO - fastread - 197, 1050
2019-02-04 18:04:40,324 - INFO - fastread - 200, 1060
2019-02-04 18:04:40,329 - INFO - fastread - 202, 1070
2019-02-04 18:04:40,333 - INFO - fastread - 203, 1080
2019-02-04 18:04:40,338 - INFO - fastread - 205, 1090
2019-02-04 18:04:40,342 - INFO - fastread - 205, 1100
2019-02-04 18:04:40,347 - INFO - fastread - 207, 1110
2019-02-04 18:04:40,351 - INFO - fastread - 207, 1120
2019-02-04 18:04:40,356 - INFO - fastread - 207, 1130
2019-02-04 18:04:40,360 - INFO - fastread - 209, 1140
2019-02-04 18:04:40,365 - INFO - fastread - 212, 1150
2019-02-04 18:04:40,369 - INFO - fastread - 213, 1160
2019-02-04 18:04:40,374 - INFO - fastread - 215, 1170
2019-02-04 18:04:40,378 - INFO - fastread - 216, 1180
2019-02-04 18:04:40,383 - INFO - fastread - 217, 1190
2019-02-04 18:04:40,387 - INFO - fastread - 221, 1200
2019-02-04 18:04:40,392 - INFO - fastread - 222, 1210
2019-02-04 18:04:40,396 - INFO - fastread - 225, 1220
2019-02-04 18:04:40,401 - INFO - fastread - 228, 1230
2019-02-04 18:04:40,405 - INFO - fastread - 229, 1240
2019-02-04 18:04:40,410 - INFO - fastread - 230, 1250
2019-02-04 18:04:40,415 - INFO - fastread - 231, 1260
2019-02-04 18:04:40,419 - INFO - fastread - 233, 1270
2019-02-04 18:04:40,424 - INFO - fastread - 236, 1280
2019-02-04 18:04:40,428 - INFO - fastread - 238, 1290
2019-02-04 18:04:40,433 - INFO - fastread - 241, 1300
2019-02-04 18:04:40,437 - INFO - fastread - 243, 1310
2019-02-04 18:04:40,442 - INFO - fastread - 245, 1320
2019-02-04 18:04:40,447 - INFO - fastread - 245, 1330
2019-02-04 18:04:40,451 - INFO - fastread - 245, 1340
2019-02-04 18:04:40,456 - INFO - fastread - 246, 1350
2019-02-04 18:04:40,460 - INFO - fastread - 248, 1360
2019-02-04 18:04:40,465 - INFO - fastread - 250, 1370
2019-02-04 18:04:40,469 - INFO - fastread - 251, 1380
2019-02-04 18:04:40,474 - INFO - fastread - 252, 1390
2019-02-04 18:04:40,479 - INFO - fastread - 252, 1400
2019-02-04 18:04:40,483 - INFO - fastread - 252, 1410
2019-02-04 18:04:40,488 - INFO - fastread - 256, 1420
2019-02-04 18:04:40,492 - INFO - fastread - 260, 1430
2019-02-04 18:04:40,497 - INFO - fastread - 263, 1440
2019-02-04 18:04:40,502 - INFO - fastread - 265, 1450
2019-02-04 18:04:40,506 - INFO - fastread - 265, 1460
2019-02-04 18:04:40,511 - INFO - fastread - 267, 1470
2019-02-04 18:04:40,515 - INFO - fastread - 269, 1480
2019-02-04 18:04:40,520 - INFO - fastread - 270, 1490
2019-02-04 18:04:40,525 - INFO - fastread - 274, 1500
2019-02-04 18:04:40,529 - INFO - fastread - 274, 1510
2019-02-04 18:04:40,534 - INFO - fastread - 276, 1520
2019-02-04 18:04:40,539 - INFO - fastread - 276, 1530
2019-02-04 18:04:40,543 - INFO - fastread - 278, 1540
2019-02-04 18:04:40,548 - INFO - fastread - 282, 1550
2019-02-04 18:04:40,552 - INFO - fastread - 284, 1560
2019-02-04 18:04:40,557 - INFO - fastread - 286, 1570
2019-02-04 18:04:40,562 - INFO - fastread - 286, 1580
2019-02-04 18:04:40,566 - INFO - fastread - 286, 1590
2019-02-04 18:04:40,571 - INFO - fastread - 286, 1600
2019-02-04 18:04:40,576 - INFO - fastread - 288, 1610
2019-02-04 18:04:40,580 - INFO - fastread - 288, 1620
2019-02-04 18:04:40,585 - INFO - fastread - 289, 1630
2019-02-04 18:04:40,590 - INFO - fastread - 290, 1640
2019-02-04 18:04:40,594 - INFO - fastread - 290, 1650
2019-02-04 18:04:40,599 - INFO - fastread - 291, 1660
2019-02-04 18:04:40,604 - INFO - fastread - 291, 1670
2019-02-04 18:04:40,608 - INFO - fastread - 292, 1680
2019-02-04 18:04:40,613 - INFO - fastread - 294, 1690
2019-02-04 18:04:40,618 - INFO - fastread - 294, 1700
2019-02-04 18:04:40,622 - INFO - fastread - 295, 1710
2019-02-04 18:04:40,627 - INFO - fastread - 296, 1720
2019-02-04 18:04:40,632 - INFO - fastread - 298, 1730
2019-02-04 18:04:40,636 - INFO - fastread - 300, 1740
2019-02-04 18:04:40,641 - INFO - fastread - 300, 1750
2019-02-04 18:04:40,646 - INFO - fastread - 302, 1760
2019-02-04 18:04:40,650 - INFO - fastread - 302, 1770
2019-02-04 18:04:40,655 - INFO - fastread - 303, 1780
2019-02-04 18:04:40,660 - INFO - fastread - 303, 1790
2019-02-04 18:04:40,664 - INFO - fastread - 305, 1800
2019-02-04 18:04:40,669 - INFO - fastread - 306, 1810
2019-02-04 18:04:40,674 - INFO - fastread - 308, 1820
2019-02-04 18:04:40,679 - INFO - fastread - 310, 1830
2019-02-04 18:04:40,683 - INFO - fastread - 314, 1840
2019-02-04 18:04:40,688 - INFO - fastread - 316, 1850
2019-02-04 18:04:40,693 - INFO - fastread - 319, 1860
2019-02-04 18:04:40,697 - INFO - fastread - 321, 1870
2019-02-04 18:04:40,702 - INFO - fastread - 322, 1880
2019-02-04 18:04:40,707 - INFO - fastread - 323, 1890
2019-02-04 18:04:40,712 - INFO - fastread - 323, 1900
2019-02-04 18:04:40,716 - INFO - fastread - 325, 1910
2019-02-04 18:04:40,721 - INFO - fastread - 329, 1920
2019-02-04 18:04:40,726 - INFO - fastread - 330, 1930
2019-02-04 18:04:40,731 - INFO - fastread - 332, 1940
2019-02-04 18:04:40,735 - INFO - fastread - 332, 1950
2019-02-04 18:04:40,740 - INFO - fastread - 334, 1960
2019-02-04 18:04:40,745 - INFO - fastread - 336, 1970
2019-02-04 18:04:40,750 - INFO - fastread - 336, 1980
2019-02-04 18:04:40,754 - INFO - fastread - 337, 1990
2019-02-04 18:04:40,759 - INFO - fastread - 337, 2000
2019-02-04 18:04:40,764 - INFO - fastread - 339, 2010
2019-02-04 18:04:40,769 - INFO - fastread - 341, 2020
2019-02-04 18:04:40,773 - INFO - fastread - 343, 2030
2019-02-04 18:04:40,778 - INFO - fastread - 347, 2040
2019-02-04 18:04:40,783 - INFO - fastread - 347, 2050
2019-02-04 18:04:40,788 - INFO - fastread - 350, 2060
2019-02-04 18:04:40,792 - INFO - fastread - 353, 2070
2019-02-04 18:04:40,797 - INFO - fastread - 356, 2080
2019-02-04 18:04:40,802 - INFO - fastread - 357, 2090
2019-02-04 18:04:40,807 - INFO - fastread - 357, 2100
2019-02-04 18:04:40,812 - INFO - fastread - 358, 2110
2019-02-04 18:04:40,816 - INFO - fastread - 359, 2120
2019-02-04 18:04:40,821 - INFO - fastread - 362, 2130
2019-02-04 18:04:40,826 - INFO - fastread - 364, 2140
2019-02-04 18:04:40,831 - INFO - fastread - 365, 2150
2019-02-04 18:04:40,835 - INFO - fastread - 365, 2160
2019-02-04 18:04:40,840 - INFO - fastread - 367, 2170
2019-02-04 18:04:40,845 - INFO - fastread - 368, 2180
2019-02-04 18:04:40,850 - INFO - fastread - 369, 2190
2019-02-04 18:04:40,855 - INFO - fastread - 372, 2200
2019-02-04 18:04:40,860 - INFO - fastread - 372, 2210
2019-02-04 18:04:40,864 - INFO - fastread - 375, 2220
2019-02-04 18:04:40,869 - INFO - fastread - 377, 2230
2019-02-04 18:04:40,874 - INFO - fastread - 380, 2240
2019-02-04 18:04:40,879 - INFO - fastread - 380, 2250
2019-02-04 18:04:40,884 - INFO - fastread - 381, 2260
2019-02-04 18:04:40,888 - INFO - fastread - 383, 2270
2019-02-04 18:04:40,893 - INFO - fastread - 385, 2280
2019-02-04 18:04:40,898 - INFO - fastread - 387, 2290
2019-02-04 18:04:40,903 - INFO - fastread - 388, 2300
2019-02-04 18:04:40,908 - INFO - fastread - 388, 2310
2019-02-04 18:04:40,913 - INFO - fastread - 390, 2320
2019-02-04 18:04:40,917 - INFO - fastread - 391, 2330
2019-02-04 18:04:40,922 - INFO - fastread - 392, 2340
2019-02-04 18:04:40,927 - INFO - fastread - 395, 2350
2019-02-04 18:04:40,932 - INFO - fastread - 396, 2360
2019-02-04 18:04:40,937 - INFO - fastread - 397, 2370
2019-02-04 18:04:40,942 - INFO - fastread - 398, 2380
2019-02-04 18:04:40,947 - INFO - fastread - 399, 2390
2019-02-04 18:04:40,951 - INFO - fastread - 399, 2400
2019-02-04 18:04:40,956 - INFO - fastread - 401, 2410
2019-02-04 18:04:40,961 - INFO - fastread - 403, 2420
2019-02-04 18:04:40,966 - INFO - fastread - 404, 2430
2019-02-04 18:04:40,971 - INFO - fastread - 408, 2440
2019-02-04 18:04:40,976 - INFO - fastread - 408, 2450
2019-02-04 18:04:40,981 - INFO - fastread - 410, 2460
2019-02-04 18:04:40,986 - INFO - fastread - 410, 2470
2019-02-04 18:04:40,991 - INFO - fastread - 410, 2480
2019-02-04 18:04:40,995 - INFO - fastread - 412, 2490
2019-02-04 18:04:41,000 - INFO - fastread - 413, 2500
2019-02-04 18:04:41,005 - INFO - fastread - 414, 2510
2019-02-04 18:04:41,010 - INFO - fastread - 417, 2520
2019-02-04 18:04:41,015 - INFO - fastread - 419, 2530
2019-02-04 18:04:41,020 - INFO - fastread - 419, 2540
2019-02-04 18:04:41,025 - INFO - fastread - 419, 2550
2019-02-04 18:04:41,030 - INFO - fastread - 419, 2560
2019-02-04 18:04:41,035 - INFO - fastread - 421, 2570
2019-02-04 18:04:41,040 - INFO - fastread - 422, 2580
2019-02-04 18:04:41,044 - INFO - fastread - 424, 2590
2019-02-04 18:04:41,049 - INFO - fastread - 425, 2600
2019-02-04 18:04:41,054 - INFO - fastread - 427, 2610
2019-02-04 18:04:41,059 - INFO - fastread - 428, 2620
2019-02-04 18:04:41,064 - INFO - fastread - 428, 2630
2019-02-04 18:04:41,069 - INFO - fastread - 429, 2640
2019-02-04 18:04:41,074 - INFO - fastread - 430, 2650
2019-02-04 18:04:41,079 - INFO - fastread - 430, 2660
2019-02-04 18:04:41,084 - INFO - fastread - 430, 2670
2019-02-04 18:04:41,089 - INFO - fastread - 430, 2680
2019-02-04 18:04:41,094 - INFO - fastread - 432, 2690
2019-02-04 18:04:41,099 - INFO - fastread - 435, 2700
2019-02-04 18:04:41,104 - INFO - fastread - 437, 2710
2019-02-04 18:04:41,109 - INFO - fastread - 439, 2720
2019-02-04 18:04:41,113 - INFO - fastread - 440, 2730
2019-02-04 18:04:41,118 - INFO - fastread - 441, 2740
2019-02-04 18:04:41,123 - INFO - fastread - 443, 2750
2019-02-04 18:04:41,128 - INFO - fastread - 447, 2760
2019-02-04 18:04:41,133 - INFO - fastread - 449, 2770
2019-02-04 18:04:41,138 - INFO - fastread - 450, 2780
2019-02-04 18:04:41,143 - INFO - fastread - 451, 2790
2019-02-04 18:04:41,148 - INFO - fastread - 451, 2800
2019-02-04 18:04:41,153 - INFO - fastread - 453, 2810
2019-02-04 18:04:41,158 - INFO - fastread - 456, 2820
2019-02-04 18:04:41,163 - INFO - fastread - 457, 2830
2019-02-04 18:04:41,168 - INFO - fastread - 458, 2840
2019-02-04 18:04:41,173 - INFO - fastread - 460, 2850
2019-02-04 18:04:41,178 - INFO - fastread - 461, 2860
2019-02-04 18:04:41,183 - INFO - fastread - 462, 2870
2019-02-04 18:04:41,188 - INFO - fastread - 462, 2880
2019-02-04 18:04:41,193 - INFO - fastread - 462, 2890
2019-02-04 18:04:41,198 - INFO - fastread - 465, 2900
2019-02-04 18:04:41,203 - INFO - fastread - 466, 2910
2019-02-04 18:04:41,208 - INFO - fastread - 467, 2920
2019-02-04 18:04:41,213 - INFO - fastread - 468, 2930
2019-02-04 18:04:41,218 - INFO - fastread - 471, 2940
2019-02-04 18:04:41,223 - INFO - fastread - 472, 2950
2019-02-04 18:04:41,228 - INFO - fastread - 472, 2960
2019-02-04 18:04:41,247 - INFO - rig - ++++NEW CLF++++ DT
2019-02-04 18:04:41,247 - INFO - fastread - Total Yes: 472 | Total No: 2496
2019-02-04 18:05:01,780 - INFO - fastread - 8, 10
2019-02-04 18:05:01,784 - INFO - fastread - 16, 20
2019-02-04 18:05:01,789 - INFO - fastread - 23, 30
2019-02-04 18:05:01,793 - INFO - fastread - 33, 40
2019-02-04 18:05:01,797 - INFO - fastread - 43, 50
2019-02-04 18:05:01,802 - INFO - fastread - 51, 60
2019-02-04 18:05:01,806 - INFO - fastread - 58, 70
2019-02-04 18:05:01,810 - INFO - fastread - 66, 80
2019-02-04 18:05:01,815 - INFO - fastread - 75, 90
2019-02-04 18:05:01,819 - INFO - fastread - 84, 100
2019-02-04 18:05:01,823 - INFO - fastread - 90, 110
2019-02-04 18:05:01,828 - INFO - fastread - 98, 120
2019-02-04 18:05:01,832 - INFO - fastread - 107, 130
2019-02-04 18:05:01,836 - INFO - fastread - 116, 140
2019-02-04 18:05:01,841 - INFO - fastread - 125, 150
2019-02-04 18:05:01,845 - INFO - fastread - 133, 160
2019-02-04 18:05:01,849 - INFO - fastread - 142, 170
2019-02-04 18:05:01,854 - INFO - fastread - 147, 180
2019-02-04 18:05:01,858 - INFO - fastread - 157, 190
2019-02-04 18:05:01,863 - INFO - fastread - 166, 200
2019-02-04 18:05:01,867 - INFO - fastread - 175, 210
2019-02-04 18:05:01,872 - INFO - fastread - 185, 220
2019-02-04 18:05:01,876 - INFO - fastread - 195, 230
2019-02-04 18:05:01,880 - INFO - fastread - 205, 240
2019-02-04 18:05:01,885 - INFO - fastread - 214, 250
2019-02-04 18:05:01,889 - INFO - fastread - 220, 260
2019-02-04 18:05:01,894 - INFO - fastread - 228, 270
2019-02-04 18:05:01,898 - INFO - fastread - 237, 280
2019-02-04 18:05:01,903 - INFO - fastread - 246, 290
2019-02-04 18:05:01,907 - INFO - fastread - 256, 300
2019-02-04 18:05:01,912 - INFO - fastread - 262, 310
2019-02-04 18:05:01,916 - INFO - fastread - 270, 320
2019-02-04 18:05:01,921 - INFO - fastread - 279, 330
2019-02-04 18:05:01,925 - INFO - fastread - 289, 340
2019-02-04 18:05:01,929 - INFO - fastread - 298, 350
2019-02-04 18:05:01,934 - INFO - fastread - 307, 360
2019-02-04 18:05:01,938 - INFO - fastread - 315, 370
2019-02-04 18:05:01,943 - INFO - fastread - 325, 380
2019-02-04 18:05:01,947 - INFO - fastread - 335, 390
2019-02-04 18:05:01,952 - INFO - fastread - 342, 400
2019-02-04 18:05:01,956 - INFO - fastread - 347, 410
2019-02-04 18:05:01,961 - INFO - fastread - 348, 420
2019-02-04 18:05:01,965 - INFO - fastread - 350, 430
2019-02-04 18:05:01,970 - INFO - fastread - 351, 440
2019-02-04 18:05:01,974 - INFO - fastread - 351, 450
2019-02-04 18:05:01,979 - INFO - fastread - 351, 460
2019-02-04 18:05:01,983 - INFO - fastread - 351, 470
2019-02-04 18:05:01,988 - INFO - fastread - 351, 480
2019-02-04 18:05:01,992 - INFO - fastread - 351, 490
2019-02-04 18:05:01,997 - INFO - fastread - 352, 500
2019-02-04 18:05:02,001 - INFO - fastread - 352, 510
2019-02-04 18:05:02,006 - INFO - fastread - 352, 520
2019-02-04 18:05:02,010 - INFO - fastread - 352, 530
2019-02-04 18:05:02,015 - INFO - fastread - 353, 540
2019-02-04 18:05:02,019 - INFO - fastread - 355, 550
2019-02-04 18:05:02,024 - INFO - fastread - 355, 560
2019-02-04 18:05:02,029 - INFO - fastread - 355, 570
2019-02-04 18:05:02,033 - INFO - fastread - 355, 580
2019-02-04 18:05:02,038 - INFO - fastread - 355, 590
2019-02-04 18:05:02,042 - INFO - fastread - 356, 600
2019-02-04 18:05:02,047 - INFO - fastread - 356, 610
2019-02-04 18:05:02,051 - INFO - fastread - 356, 620
2019-02-04 18:05:02,056 - INFO - fastread - 356, 630
2019-02-04 18:05:02,060 - INFO - fastread - 357, 640
2019-02-04 18:05:02,065 - INFO - fastread - 357, 650
2019-02-04 18:05:02,069 - INFO - fastread - 358, 660
2019-02-04 18:05:02,074 - INFO - fastread - 360, 670
2019-02-04 18:05:02,079 - INFO - fastread - 361, 680
2019-02-04 18:05:02,083 - INFO - fastread - 361, 690
2019-02-04 18:05:02,088 - INFO - fastread - 362, 700
2019-02-04 18:05:02,092 - INFO - fastread - 362, 710
2019-02-04 18:05:02,097 - INFO - fastread - 362, 720
2019-02-04 18:05:02,101 - INFO - fastread - 362, 730
2019-02-04 18:05:02,106 - INFO - fastread - 364, 740
2019-02-04 18:05:02,111 - INFO - fastread - 366, 750
2019-02-04 18:05:02,115 - INFO - fastread - 366, 760
2019-02-04 18:05:02,120 - INFO - fastread - 367, 770
2019-02-04 18:05:02,124 - INFO - fastread - 369, 780
2019-02-04 18:05:02,129 - INFO - fastread - 369, 790
2019-02-04 18:05:02,134 - INFO - fastread - 370, 800
2019-02-04 18:05:02,138 - INFO - fastread - 371, 810
2019-02-04 18:05:02,143 - INFO - fastread - 371, 820
2019-02-04 18:05:02,148 - INFO - fastread - 371, 830
2019-02-04 18:05:02,152 - INFO - fastread - 371, 840
2019-02-04 18:05:02,157 - INFO - fastread - 371, 850
2019-02-04 18:05:02,161 - INFO - fastread - 371, 860
2019-02-04 18:05:02,166 - INFO - fastread - 372, 870
2019-02-04 18:05:02,171 - INFO - fastread - 374, 880
2019-02-04 18:05:02,175 - INFO - fastread - 375, 890
2019-02-04 18:05:02,180 - INFO - fastread - 376, 900
2019-02-04 18:05:02,185 - INFO - fastread - 376, 910
2019-02-04 18:05:02,189 - INFO - fastread - 376, 920
2019-02-04 18:05:02,194 - INFO - fastread - 377, 930
2019-02-04 18:05:02,199 - INFO - fastread - 378, 940
2019-02-04 18:05:02,204 - INFO - fastread - 378, 950
2019-02-04 18:05:02,208 - INFO - fastread - 378, 960
2019-02-04 18:05:02,213 - INFO - fastread - 378, 970
2019-02-04 18:05:02,218 - INFO - fastread - 378, 980
2019-02-04 18:05:02,222 - INFO - fastread - 379, 990
2019-02-04 18:05:02,227 - INFO - fastread - 379, 1000
2019-02-04 18:05:02,232 - INFO - fastread - 379, 1010
2019-02-04 18:05:02,236 - INFO - fastread - 379, 1020
2019-02-04 18:05:02,241 - INFO - fastread - 379, 1030
2019-02-04 18:05:02,246 - INFO - fastread - 379, 1040
2019-02-04 18:05:02,250 - INFO - fastread - 379, 1050
2019-02-04 18:05:02,255 - INFO - fastread - 380, 1060
2019-02-04 18:05:02,260 - INFO - fastread - 381, 1070
2019-02-04 18:05:02,264 - INFO - fastread - 382, 1080
2019-02-04 18:05:02,269 - INFO - fastread - 382, 1090
2019-02-04 18:05:02,274 - INFO - fastread - 382, 1100
2019-02-04 18:05:02,279 - INFO - fastread - 382, 1110
2019-02-04 18:05:02,283 - INFO - fastread - 383, 1120
2019-02-04 18:05:02,288 - INFO - fastread - 383, 1130
2019-02-04 18:05:02,293 - INFO - fastread - 384, 1140
2019-02-04 18:05:02,298 - INFO - fastread - 384, 1150
2019-02-04 18:05:02,302 - INFO - fastread - 386, 1160
2019-02-04 18:05:02,307 - INFO - fastread - 386, 1170
2019-02-04 18:05:02,312 - INFO - fastread - 388, 1180
2019-02-04 18:05:02,316 - INFO - fastread - 388, 1190
2019-02-04 18:05:02,321 - INFO - fastread - 388, 1200
2019-02-04 18:05:02,326 - INFO - fastread - 388, 1210
2019-02-04 18:05:02,331 - INFO - fastread - 389, 1220
2019-02-04 18:05:02,335 - INFO - fastread - 389, 1230
2019-02-04 18:05:02,340 - INFO - fastread - 389, 1240
2019-02-04 18:05:02,345 - INFO - fastread - 389, 1250
2019-02-04 18:05:02,350 - INFO - fastread - 389, 1260
2019-02-04 18:05:02,354 - INFO - fastread - 389, 1270
2019-02-04 18:05:02,359 - INFO - fastread - 390, 1280
2019-02-04 18:05:02,364 - INFO - fastread - 391, 1290
2019-02-04 18:05:02,369 - INFO - fastread - 391, 1300
2019-02-04 18:05:02,373 - INFO - fastread - 393, 1310
2019-02-04 18:05:02,378 - INFO - fastread - 393, 1320
2019-02-04 18:05:02,383 - INFO - fastread - 393, 1330
2019-02-04 18:05:02,388 - INFO - fastread - 394, 1340
2019-02-04 18:05:02,393 - INFO - fastread - 396, 1350
2019-02-04 18:05:02,397 - INFO - fastread - 397, 1360
2019-02-04 18:05:02,402 - INFO - fastread - 397, 1370
2019-02-04 18:05:02,407 - INFO - fastread - 397, 1380
2019-02-04 18:05:02,412 - INFO - fastread - 398, 1390
2019-02-04 18:05:02,416 - INFO - fastread - 398, 1400
2019-02-04 18:05:02,421 - INFO - fastread - 398, 1410
2019-02-04 18:05:02,426 - INFO - fastread - 398, 1420
2019-02-04 18:05:02,431 - INFO - fastread - 398, 1430
2019-02-04 18:05:02,436 - INFO - fastread - 398, 1440
2019-02-04 18:05:02,440 - INFO - fastread - 398, 1450
2019-02-04 18:05:02,445 - INFO - fastread - 398, 1460
2019-02-04 18:05:02,450 - INFO - fastread - 398, 1470
2019-02-04 18:05:02,455 - INFO - fastread - 400, 1480
2019-02-04 18:05:02,460 - INFO - fastread - 400, 1490
2019-02-04 18:05:02,465 - INFO - fastread - 400, 1500
2019-02-04 18:05:02,470 - INFO - fastread - 402, 1510
2019-02-04 18:05:02,474 - INFO - fastread - 402, 1520
2019-02-04 18:05:02,479 - INFO - fastread - 404, 1530
2019-02-04 18:05:02,484 - INFO - fastread - 405, 1540
2019-02-04 18:05:02,489 - INFO - fastread - 407, 1550
2019-02-04 18:05:02,494 - INFO - fastread - 408, 1560
2019-02-04 18:05:02,498 - INFO - fastread - 410, 1570
2019-02-04 18:05:02,503 - INFO - fastread - 411, 1580
2019-02-04 18:05:02,508 - INFO - fastread - 412, 1590
2019-02-04 18:05:02,513 - INFO - fastread - 413, 1600
2019-02-04 18:05:02,518 - INFO - fastread - 413, 1610
2019-02-04 18:05:02,523 - INFO - fastread - 413, 1620
2019-02-04 18:05:02,528 - INFO - fastread - 414, 1630
2019-02-04 18:05:02,533 - INFO - fastread - 414, 1640
2019-02-04 18:05:02,537 - INFO - fastread - 415, 1650
2019-02-04 18:05:02,542 - INFO - fastread - 415, 1660
2019-02-04 18:05:02,547 - INFO - fastread - 415, 1670
2019-02-04 18:05:02,552 - INFO - fastread - 415, 1680
2019-02-04 18:05:02,557 - INFO - fastread - 415, 1690
2019-02-04 18:05:02,562 - INFO - fastread - 416, 1700
2019-02-04 18:05:02,567 - INFO - fastread - 416, 1710
2019-02-04 18:05:02,572 - INFO - fastread - 416, 1720
2019-02-04 18:05:02,576 - INFO - fastread - 417, 1730
2019-02-04 18:05:02,581 - INFO - fastread - 418, 1740
2019-02-04 18:05:02,586 - INFO - fastread - 418, 1750
2019-02-04 18:05:02,591 - INFO - fastread - 419, 1760
2019-02-04 18:05:02,596 - INFO - fastread - 419, 1770
2019-02-04 18:05:02,601 - INFO - fastread - 419, 1780
2019-02-04 18:05:02,606 - INFO - fastread - 420, 1790
2019-02-04 18:05:02,611 - INFO - fastread - 420, 1800
2019-02-04 18:05:02,616 - INFO - fastread - 421, 1810
2019-02-04 18:05:02,621 - INFO - fastread - 423, 1820
2019-02-04 18:05:02,626 - INFO - fastread - 424, 1830
2019-02-04 18:05:02,631 - INFO - fastread - 424, 1840
2019-02-04 18:05:02,636 - INFO - fastread - 424, 1850
2019-02-04 18:05:02,641 - INFO - fastread - 425, 1860
2019-02-04 18:05:02,646 - INFO - fastread - 425, 1870
2019-02-04 18:05:02,651 - INFO - fastread - 426, 1880
2019-02-04 18:05:02,656 - INFO - fastread - 427, 1890
2019-02-04 18:05:02,661 - INFO - fastread - 427, 1900
2019-02-04 18:05:02,666 - INFO - fastread - 427, 1910
2019-02-04 18:05:02,671 - INFO - fastread - 427, 1920
2019-02-04 18:05:02,676 - INFO - fastread - 428, 1930
2019-02-04 18:05:02,681 - INFO - fastread - 429, 1940
2019-02-04 18:05:02,686 - INFO - fastread - 429, 1950
2019-02-04 18:05:02,690 - INFO - fastread - 429, 1960
2019-02-04 18:05:02,696 - INFO - fastread - 429, 1970
2019-02-04 18:05:02,701 - INFO - fastread - 429, 1980
2019-02-04 18:05:02,706 - INFO - fastread - 429, 1990
2019-02-04 18:05:02,711 - INFO - fastread - 430, 2000
2019-02-04 18:05:02,716 - INFO - fastread - 433, 2010
2019-02-04 18:05:02,721 - INFO - fastread - 433, 2020
2019-02-04 18:05:02,726 - INFO - fastread - 433, 2030
2019-02-04 18:05:02,731 - INFO - fastread - 434, 2040
2019-02-04 18:05:02,736 - INFO - fastread - 434, 2050
2019-02-04 18:05:02,741 - INFO - fastread - 435, 2060
2019-02-04 18:05:02,746 - INFO - fastread - 435, 2070
2019-02-04 18:05:02,751 - INFO - fastread - 435, 2080
2019-02-04 18:05:02,756 - INFO - fastread - 436, 2090
2019-02-04 18:05:02,761 - INFO - fastread - 436, 2100
2019-02-04 18:05:02,766 - INFO - fastread - 436, 2110
2019-02-04 18:05:02,771 - INFO - fastread - 436, 2120
2019-02-04 18:05:02,776 - INFO - fastread - 437, 2130
2019-02-04 18:05:02,781 - INFO - fastread - 439, 2140
2019-02-04 18:05:02,786 - INFO - fastread - 439, 2150
2019-02-04 18:05:02,791 - INFO - fastread - 440, 2160
2019-02-04 18:05:02,796 - INFO - fastread - 440, 2170
2019-02-04 18:05:02,802 - INFO - fastread - 441, 2180
2019-02-04 18:05:02,807 - INFO - fastread - 441, 2190
2019-02-04 18:05:02,812 - INFO - fastread - 443, 2200
2019-02-04 18:05:02,817 - INFO - fastread - 443, 2210
2019-02-04 18:05:02,822 - INFO - fastread - 444, 2220
2019-02-04 18:05:02,827 - INFO - fastread - 444, 2230
2019-02-04 18:05:02,832 - INFO - fastread - 444, 2240
2019-02-04 18:05:02,837 - INFO - fastread - 444, 2250
2019-02-04 18:05:02,842 - INFO - fastread - 444, 2260
2019-02-04 18:05:02,847 - INFO - fastread - 445, 2270
2019-02-04 18:05:02,852 - INFO - fastread - 445, 2280
2019-02-04 18:05:02,857 - INFO - fastread - 446, 2290
2019-02-04 18:05:02,862 - INFO - fastread - 446, 2300
2019-02-04 18:05:02,867 - INFO - fastread - 447, 2310
2019-02-04 18:05:02,873 - INFO - fastread - 448, 2320
2019-02-04 18:05:02,878 - INFO - fastread - 448, 2330
2019-02-04 18:05:02,883 - INFO - fastread - 448, 2340
2019-02-04 18:05:02,888 - INFO - fastread - 449, 2350
2019-02-04 18:05:02,893 - INFO - fastread - 449, 2360
2019-02-04 18:05:02,899 - INFO - fastread - 449, 2370
2019-02-04 18:05:02,904 - INFO - fastread - 449, 2380
2019-02-04 18:05:02,909 - INFO - fastread - 449, 2390
2019-02-04 18:05:02,914 - INFO - fastread - 449, 2400
2019-02-04 18:05:02,919 - INFO - fastread - 450, 2410
2019-02-04 18:05:02,924 - INFO - fastread - 450, 2420
2019-02-04 18:05:02,930 - INFO - fastread - 451, 2430
2019-02-04 18:05:02,935 - INFO - fastread - 451, 2440
2019-02-04 18:05:02,940 - INFO - fastread - 452, 2450
2019-02-04 18:05:02,945 - INFO - fastread - 452, 2460
2019-02-04 18:05:02,950 - INFO - fastread - 453, 2470
2019-02-04 18:05:02,955 - INFO - fastread - 453, 2480
2019-02-04 18:05:02,961 - INFO - fastread - 453, 2490
2019-02-04 18:05:02,966 - INFO - fastread - 453, 2500
2019-02-04 18:05:02,971 - INFO - fastread - 453, 2510
2019-02-04 18:05:02,976 - INFO - fastread - 453, 2520
2019-02-04 18:05:02,981 - INFO - fastread - 453, 2530
2019-02-04 18:05:02,986 - INFO - fastread - 457, 2540
2019-02-04 18:05:02,992 - INFO - fastread - 457, 2550
2019-02-04 18:05:02,997 - INFO - fastread - 458, 2560
2019-02-04 18:05:03,002 - INFO - fastread - 459, 2570
2019-02-04 18:05:03,007 - INFO - fastread - 459, 2580
2019-02-04 18:05:03,012 - INFO - fastread - 459, 2590
2019-02-04 18:05:03,017 - INFO - fastread - 459, 2600
2019-02-04 18:05:03,022 - INFO - fastread - 459, 2610
2019-02-04 18:05:03,028 - INFO - fastread - 459, 2620
2019-02-04 18:05:03,033 - INFO - fastread - 459, 2630
2019-02-04 18:05:03,038 - INFO - fastread - 459, 2640
2019-02-04 18:05:03,043 - INFO - fastread - 459, 2650
2019-02-04 18:05:03,048 - INFO - fastread - 459, 2660
2019-02-04 18:05:03,054 - INFO - fastread - 460, 2670
2019-02-04 18:05:03,059 - INFO - fastread - 461, 2680
2019-02-04 18:05:03,064 - INFO - fastread - 462, 2690
2019-02-04 18:05:03,069 - INFO - fastread - 462, 2700
2019-02-04 18:05:03,074 - INFO - fastread - 462, 2710
2019-02-04 18:05:03,080 - INFO - fastread - 462, 2720
2019-02-04 18:05:03,085 - INFO - fastread - 464, 2730
2019-02-04 18:05:03,090 - INFO - fastread - 464, 2740
2019-02-04 18:05:03,096 - INFO - fastread - 464, 2750
2019-02-04 18:05:03,101 - INFO - fastread - 464, 2760
2019-02-04 18:05:03,106 - INFO - fastread - 464, 2770
2019-02-04 18:05:03,111 - INFO - fastread - 464, 2780
2019-02-04 18:05:03,117 - INFO - fastread - 465, 2790
2019-02-04 18:05:03,122 - INFO - fastread - 465, 2800
2019-02-04 18:05:03,128 - INFO - fastread - 468, 2810
2019-02-04 18:05:03,133 - INFO - fastread - 468, 2820
2019-02-04 18:05:03,138 - INFO - fastread - 469, 2830
2019-02-04 18:05:03,144 - INFO - fastread - 469, 2840
2019-02-04 18:05:03,149 - INFO - fastread - 470, 2850
2019-02-04 18:05:03,154 - INFO - fastread - 470, 2860
2019-02-04 18:05:03,159 - INFO - fastread - 470, 2870
2019-02-04 18:05:03,165 - INFO - fastread - 470, 2880
2019-02-04 18:05:03,170 - INFO - fastread - 470, 2890
2019-02-04 18:05:03,175 - INFO - fastread - 470, 2900
2019-02-04 18:05:03,181 - INFO - fastread - 470, 2910
2019-02-04 18:05:03,186 - INFO - fastread - 470, 2920
2019-02-04 18:05:03,191 - INFO - fastread - 470, 2930
2019-02-04 18:05:03,197 - INFO - fastread - 470, 2940
2019-02-04 18:05:03,202 - INFO - fastread - 471, 2950
2019-02-04 18:05:03,207 - INFO - fastread - 471, 2960
2019-02-04 18:05:03,226 - INFO - rig - ++++NEW CLF++++ SVM
2019-02-04 18:05:03,227 - INFO - fastread - Total Yes: 472 | Total No: 2496
2019-02-04 18:15:20,943 - INFO - fastread - 5, 10
2019-02-04 18:15:20,947 - INFO - fastread - 10, 20
2019-02-04 18:15:20,951 - INFO - fastread - 19, 30
2019-02-04 18:15:20,956 - INFO - fastread - 28, 40
2019-02-04 18:15:20,960 - INFO - fastread - 38, 50
2019-02-04 18:15:20,964 - INFO - fastread - 48, 60
2019-02-04 18:15:20,969 - INFO - fastread - 58, 70
2019-02-04 18:15:20,973 - INFO - fastread - 68, 80
2019-02-04 18:15:20,977 - INFO - fastread - 76, 90
2019-02-04 18:15:20,981 - INFO - fastread - 86, 100
2019-02-04 18:15:20,986 - INFO - fastread - 96, 110
2019-02-04 18:15:20,990 - INFO - fastread - 106, 120
2019-02-04 18:15:20,994 - INFO - fastread - 116, 130
2019-02-04 18:15:20,999 - INFO - fastread - 126, 140
2019-02-04 18:15:21,003 - INFO - fastread - 136, 150
2019-02-04 18:15:21,007 - INFO - fastread - 145, 160
2019-02-04 18:15:21,012 - INFO - fastread - 154, 170
2019-02-04 18:15:21,016 - INFO - fastread - 164, 180
2019-02-04 18:15:21,020 - INFO - fastread - 174, 190
2019-02-04 18:15:21,025 - INFO - fastread - 184, 200
2019-02-04 18:15:21,029 - INFO - fastread - 194, 210
2019-02-04 18:15:21,033 - INFO - fastread - 204, 220
2019-02-04 18:15:21,038 - INFO - fastread - 214, 230
2019-02-04 18:15:21,042 - INFO - fastread - 224, 240
2019-02-04 18:15:21,046 - INFO - fastread - 234, 250
2019-02-04 18:15:21,051 - INFO - fastread - 244, 260
2019-02-04 18:15:21,055 - INFO - fastread - 253, 270
2019-02-04 18:15:21,060 - INFO - fastread - 260, 280
2019-02-04 18:15:21,064 - INFO - fastread - 270, 290
2019-02-04 18:15:21,068 - INFO - fastread - 280, 300
2019-02-04 18:15:21,073 - INFO - fastread - 290, 310
2019-02-04 18:15:21,077 - INFO - fastread - 299, 320
2019-02-04 18:15:21,082 - INFO - fastread - 309, 330
2019-02-04 18:15:21,086 - INFO - fastread - 319, 340
2019-02-04 18:15:21,090 - INFO - fastread - 329, 350
2019-02-04 18:15:21,095 - INFO - fastread - 339, 360
2019-02-04 18:15:21,099 - INFO - fastread - 344, 370
2019-02-04 18:15:21,104 - INFO - fastread - 352, 380
2019-02-04 18:15:21,108 - INFO - fastread - 355, 390
2019-02-04 18:15:21,113 - INFO - fastread - 359, 400
2019-02-04 18:15:21,117 - INFO - fastread - 365, 410
2019-02-04 18:15:21,121 - INFO - fastread - 367, 420
2019-02-04 18:15:21,126 - INFO - fastread - 370, 430
2019-02-04 18:15:21,130 - INFO - fastread - 375, 440
2019-02-04 18:15:21,135 - INFO - fastread - 375, 450
2019-02-04 18:15:21,139 - INFO - fastread - 377, 460
2019-02-04 18:15:21,143 - INFO - fastread - 378, 470
2019-02-04 18:15:21,148 - INFO - fastread - 380, 480
2019-02-04 18:15:21,152 - INFO - fastread - 382, 490
2019-02-04 18:15:21,157 - INFO - fastread - 386, 500
2019-02-04 18:15:21,165 - INFO - rig - ++++NEW CLF++++ SVM_LINER
2019-02-04 18:15:21,165 - INFO - fastread - Total Yes: 472 | Total No: 2496
2019-02-04 18:27:13,256 - INFO - fastread - 2, 10
2019-02-04 18:27:13,261 - INFO - fastread - 12, 20
2019-02-04 18:27:13,265 - INFO - fastread - 21, 30
2019-02-04 18:27:13,269 - INFO - fastread - 31, 40
2019-02-04 18:27:13,273 - INFO - fastread - 39, 50
2019-02-04 18:27:13,277 - INFO - fastread - 49, 60
2019-02-04 18:27:13,281 - INFO - fastread - 59, 70
2019-02-04 18:27:13,285 - INFO - fastread - 68, 80
2019-02-04 18:27:13,289 - INFO - fastread - 78, 90
2019-02-04 18:27:13,293 - INFO - fastread - 88, 100
2019-02-04 18:27:13,298 - INFO - fastread - 96, 110
2019-02-04 18:27:13,302 - INFO - fastread - 106, 120
2019-02-04 18:27:13,306 - INFO - fastread - 116, 130
2019-02-04 18:27:13,310 - INFO - fastread - 126, 140
2019-02-04 18:27:13,314 - INFO - fastread - 136, 150
2019-02-04 18:27:13,318 - INFO - fastread - 146, 160
2019-02-04 18:27:13,322 - INFO - fastread - 156, 170
2019-02-04 18:27:13,326 - INFO - fastread - 166, 180
2019-02-04 18:27:13,330 - INFO - fastread - 176, 190
2019-02-04 18:27:13,334 - INFO - fastread - 186, 200
2019-02-04 18:27:13,338 - INFO - fastread - 196, 210
2019-02-04 18:27:13,343 - INFO - fastread - 206, 220
2019-02-04 18:27:13,347 - INFO - fastread - 216, 230
2019-02-04 18:27:13,351 - INFO - fastread - 226, 240
2019-02-04 18:27:13,355 - INFO - fastread - 236, 250
2019-02-04 18:27:13,360 - INFO - fastread - 246, 260
2019-02-04 18:27:13,364 - INFO - fastread - 256, 270
2019-02-04 18:27:13,368 - INFO - fastread - 265, 280
2019-02-04 18:27:13,372 - INFO - fastread - 275, 290
2019-02-04 18:27:13,376 - INFO - fastread - 284, 300
2019-02-04 18:27:13,380 - INFO - fastread - 293, 310
2019-02-04 18:27:13,385 - INFO - fastread - 300, 320
2019-02-04 18:27:13,389 - INFO - fastread - 307, 330
2019-02-04 18:27:13,393 - INFO - fastread - 315, 340
2019-02-04 18:27:13,397 - INFO - fastread - 324, 350
2019-02-04 18:27:13,401 - INFO - fastread - 333, 360
2019-02-04 18:27:13,406 - INFO - fastread - 341, 370
2019-02-04 18:27:13,410 - INFO - fastread - 347, 380
2019-02-04 18:27:13,414 - INFO - fastread - 352, 390
2019-02-04 18:27:13,418 - INFO - fastread - 357, 400
2019-02-04 18:27:13,422 - INFO - fastread - 362, 410
2019-02-04 18:27:13,427 - INFO - fastread - 367, 420
2019-02-04 18:27:13,431 - INFO - fastread - 371, 430
2019-02-04 18:27:13,435 - INFO - fastread - 377, 440
2019-02-04 18:27:13,439 - INFO - fastread - 380, 450
2019-02-04 18:27:13,444 - INFO - fastread - 383, 460
