2019-02-04 18:01:40,237 - INFO - rig - jfreechart-1.0.19
2019-02-04 18:01:48,620 - INFO - rig - ++++NEW CLF++++ FASTREAD
2019-02-04 18:01:48,620 - INFO - fastread - Total Yes: 209 | Total No: 4199
2019-02-04 18:01:49,158 - INFO - fastread - 0, 0  400
2019-02-04 18:02:03,197 - INFO - fastread - 71, 75  400
2019-02-04 18:02:07,769 - INFO - fastread - 80, 97  78
2019-02-04 18:02:12,422 - INFO - fastread - 85, 119  88
2019-02-04 18:02:17,048 - INFO - fastread - 86, 141  88
2019-02-04 18:02:21,698 - INFO - fastread - 90, 163  100
2019-02-04 18:02:26,363 - INFO - fastread - 98, 185  101
2019-02-04 18:02:31,043 - INFO - fastread - 99, 207  105
2019-02-04 18:02:35,778 - INFO - fastread - 102, 229  109
2019-02-04 18:02:40,490 - INFO - fastread - 103, 251  108
2019-02-04 18:02:45,235 - INFO - fastread - 105, 273  111
2019-02-04 18:02:49,982 - INFO - fastread - 107, 295  109
2019-02-04 18:02:54,698 - INFO - fastread - 107, 317  111
2019-02-04 18:02:59,431 - INFO - fastread - 107, 339  114
2019-02-04 18:03:04,179 - INFO - fastread - 108, 361  112
2019-02-04 18:03:08,956 - INFO - fastread - 108, 383  112
2019-02-04 18:03:13,704 - INFO - fastread - 108, 405  112
2019-02-04 18:03:18,459 - INFO - fastread - 108, 427  112
2019-02-04 18:03:23,176 - INFO - fastread - 110, 449  109
2019-02-04 18:03:27,891 - INFO - fastread - 114, 471  112
2019-02-04 18:03:28,519 - INFO - rig - ++++NEW CLF++++ ENSEMBLE_DT
2019-02-04 18:03:28,538 - INFO - ensemble - 8, 10
2019-02-04 18:03:28,543 - INFO - ensemble - 18, 20
2019-02-04 18:03:28,548 - INFO - ensemble - 27, 30
2019-02-04 18:03:28,553 - INFO - ensemble - 37, 40
2019-02-04 18:03:28,558 - INFO - ensemble - 47, 50
2019-02-04 18:03:28,563 - INFO - ensemble - 56, 60
2019-02-04 18:03:28,568 - INFO - ensemble - 66, 70
2019-02-04 18:03:28,573 - INFO - ensemble - 74, 80
2019-02-04 18:03:28,578 - INFO - ensemble - 78, 90
2019-02-04 18:03:28,583 - INFO - ensemble - 82, 100
2019-02-04 18:03:28,588 - INFO - ensemble - 85, 110
2019-02-04 18:03:28,593 - INFO - ensemble - 92, 120
2019-02-04 18:03:28,598 - INFO - ensemble - 96, 130
2019-02-04 18:03:28,603 - INFO - ensemble - 99, 140
2019-02-04 18:03:28,608 - INFO - ensemble - 102, 150
2019-02-04 18:03:28,614 - INFO - ensemble - 104, 160
2019-02-04 18:03:28,619 - INFO - ensemble - 107, 170
2019-02-04 18:03:28,624 - INFO - ensemble - 108, 180
2019-02-04 18:03:28,629 - INFO - ensemble - 112, 190
2019-02-04 18:03:28,634 - INFO - ensemble - 115, 200
2019-02-04 18:03:35,663 - INFO - rig - ++++NEW CLF++++ ENSEMBLE_NBM
2019-02-04 18:03:35,693 - INFO - ensemble - 8, 10
2019-02-04 18:03:35,698 - INFO - ensemble - 17, 20
2019-02-04 18:03:35,703 - INFO - ensemble - 27, 30
2019-02-04 18:03:35,709 - INFO - ensemble - 37, 40
2019-02-04 18:03:35,714 - INFO - ensemble - 47, 50
2019-02-04 18:03:35,719 - INFO - ensemble - 57, 60
2019-02-04 18:03:35,724 - INFO - ensemble - 66, 70
2019-02-04 18:03:35,730 - INFO - ensemble - 71, 80
2019-02-04 18:03:35,735 - INFO - ensemble - 77, 90
2019-02-04 18:03:35,740 - INFO - ensemble - 81, 100
2019-02-04 18:03:35,745 - INFO - ensemble - 86, 110
2019-02-04 18:03:35,751 - INFO - ensemble - 90, 120
2019-02-04 18:03:35,755 - INFO - ensemble - 95, 130
2019-02-04 18:03:35,760 - INFO - ensemble - 99, 140
2019-02-04 18:03:35,765 - INFO - ensemble - 102, 150
2019-02-04 18:03:35,770 - INFO - ensemble - 104, 160
2019-02-04 18:03:35,775 - INFO - ensemble - 105, 170
2019-02-04 18:03:35,780 - INFO - ensemble - 109, 180
2019-02-04 18:03:35,785 - INFO - ensemble - 110, 190
2019-02-04 18:03:35,790 - INFO - ensemble - 111, 200
2019-02-04 18:03:35,795 - INFO - ensemble - 113, 210
2019-02-04 18:03:35,801 - INFO - ensemble - 114, 220
2019-02-04 18:03:35,806 - INFO - ensemble - 116, 230
2019-02-04 18:03:35,807 - INFO - rig - ++++NEW CLF++++ RANDOM
2019-02-04 18:03:35,807 - INFO - fastread - Total Yes: 209 | Total No: 4199
2019-02-04 18:03:36,128 - INFO - fastread - 0, 0
2019-02-04 18:03:36,292 - INFO - fastread - 1, 10
2019-02-04 18:03:36,456 - INFO - fastread - 1, 20
2019-02-04 18:03:36,620 - INFO - fastread - 2, 30
2019-02-04 18:03:36,785 - INFO - fastread - 2, 40
2019-02-04 18:03:36,951 - INFO - fastread - 2, 50
2019-02-04 18:03:37,117 - INFO - fastread - 3, 60
2019-02-04 18:03:37,283 - INFO - fastread - 4, 70
2019-02-04 18:03:37,450 - INFO - fastread - 5, 80
2019-02-04 18:03:37,616 - INFO - fastread - 5, 90
2019-02-04 18:03:37,782 - INFO - fastread - 6, 100
2019-02-04 18:03:37,949 - INFO - fastread - 6, 110
2019-02-04 18:03:38,115 - INFO - fastread - 6, 120
2019-02-04 18:03:38,282 - INFO - fastread - 7, 130
2019-02-04 18:03:38,448 - INFO - fastread - 7, 140
2019-02-04 18:03:38,614 - INFO - fastread - 8, 150
2019-02-04 18:03:38,781 - INFO - fastread - 9, 160
2019-02-04 18:03:38,948 - INFO - fastread - 9, 170
2019-02-04 18:03:39,114 - INFO - fastread - 9, 180
2019-02-04 18:03:39,281 - INFO - fastread - 10, 190
2019-02-04 18:03:39,447 - INFO - fastread - 10, 200
2019-02-04 18:03:39,613 - INFO - fastread - 11, 210
2019-02-04 18:03:39,778 - INFO - fastread - 11, 220
2019-02-04 18:03:39,943 - INFO - fastread - 12, 230
2019-02-04 18:03:40,107 - INFO - fastread - 13, 240
2019-02-04 18:03:40,272 - INFO - fastread - 15, 250
2019-02-04 18:03:40,436 - INFO - fastread - 15, 260
2019-02-04 18:03:40,600 - INFO - fastread - 15, 270
2019-02-04 18:03:40,765 - INFO - fastread - 16, 280
2019-02-04 18:03:40,931 - INFO - fastread - 17, 290
2019-02-04 18:03:41,097 - INFO - fastread - 17, 300
2019-02-04 18:03:41,264 - INFO - fastread - 17, 310
2019-02-04 18:03:41,427 - INFO - fastread - 17, 320
2019-02-04 18:03:41,533 - INFO - fastread - 18, 330
2019-02-04 18:03:41,640 - INFO - fastread - 19, 340
2019-02-04 18:03:41,746 - INFO - fastread - 20, 350
2019-02-04 18:03:41,852 - INFO - fastread - 20, 360
2019-02-04 18:03:41,958 - INFO - fastread - 20, 370
2019-02-04 18:03:42,064 - INFO - fastread - 20, 380
2019-02-04 18:03:42,170 - INFO - fastread - 20, 390
2019-02-04 18:03:42,276 - INFO - fastread - 20, 400
2019-02-04 18:03:42,382 - INFO - fastread - 20, 410
2019-02-04 18:03:42,488 - INFO - fastread - 20, 420
2019-02-04 18:03:42,594 - INFO - fastread - 20, 430
2019-02-04 18:03:42,700 - INFO - fastread - 20, 440
2019-02-04 18:03:42,806 - INFO - fastread - 21, 450
2019-02-04 18:03:42,913 - INFO - fastread - 21, 460
2019-02-04 18:03:43,019 - INFO - fastread - 22, 470
2019-02-04 18:03:43,125 - INFO - fastread - 22, 480
2019-02-04 18:03:43,231 - INFO - fastread - 22, 490
2019-02-04 18:03:43,337 - INFO - fastread - 23, 500
2019-02-04 18:03:43,443 - INFO - fastread - 23, 510
2019-02-04 18:03:43,549 - INFO - fastread - 23, 520
2019-02-04 18:03:43,657 - INFO - fastread - 23, 530
2019-02-04 18:03:43,763 - INFO - fastread - 23, 540
2019-02-04 18:03:43,870 - INFO - fastread - 23, 550
2019-02-04 18:03:43,976 - INFO - fastread - 24, 560
2019-02-04 18:03:44,082 - INFO - fastread - 26, 570
2019-02-04 18:03:44,188 - INFO - fastread - 26, 580
2019-02-04 18:03:44,293 - INFO - fastread - 26, 590
2019-02-04 18:03:44,400 - INFO - fastread - 26, 600
2019-02-04 18:03:44,506 - INFO - fastread - 26, 610
2019-02-04 18:03:44,612 - INFO - fastread - 26, 620
2019-02-04 18:03:44,718 - INFO - fastread - 27, 630
2019-02-04 18:03:44,824 - INFO - fastread - 27, 640
2019-02-04 18:03:44,931 - INFO - fastread - 27, 650
2019-02-04 18:03:45,037 - INFO - fastread - 27, 660
2019-02-04 18:03:45,143 - INFO - fastread - 29, 670
2019-02-04 18:03:45,249 - INFO - fastread - 31, 680
2019-02-04 18:03:45,355 - INFO - fastread - 32, 690
2019-02-04 18:03:45,461 - INFO - fastread - 32, 700
2019-02-04 18:03:45,567 - INFO - fastread - 33, 710
2019-02-04 18:03:45,674 - INFO - fastread - 34, 720
2019-02-04 18:03:45,780 - INFO - fastread - 35, 730
2019-02-04 18:03:45,886 - INFO - fastread - 36, 740
2019-02-04 18:03:45,993 - INFO - fastread - 37, 750
2019-02-04 18:03:46,099 - INFO - fastread - 38, 760
2019-02-04 18:03:46,206 - INFO - fastread - 38, 770
2019-02-04 18:03:46,312 - INFO - fastread - 40, 780
2019-02-04 18:03:46,418 - INFO - fastread - 42, 790
2019-02-04 18:03:46,524 - INFO - fastread - 44, 800
2019-02-04 18:03:46,630 - INFO - fastread - 45, 810
2019-02-04 18:03:46,737 - INFO - fastread - 45, 820
2019-02-04 18:03:46,843 - INFO - fastread - 45, 830
2019-02-04 18:03:46,950 - INFO - fastread - 45, 840
2019-02-04 18:03:47,056 - INFO - fastread - 45, 850
2019-02-04 18:03:47,162 - INFO - fastread - 45, 860
2019-02-04 18:03:47,269 - INFO - fastread - 45, 870
2019-02-04 18:03:47,375 - INFO - fastread - 48, 880
2019-02-04 18:03:47,481 - INFO - fastread - 49, 890
2019-02-04 18:03:47,587 - INFO - fastread - 50, 900
2019-02-04 18:03:47,693 - INFO - fastread - 51, 910
2019-02-04 18:03:47,800 - INFO - fastread - 52, 920
2019-02-04 18:03:47,907 - INFO - fastread - 52, 930
2019-02-04 18:03:48,013 - INFO - fastread - 54, 940
2019-02-04 18:03:48,119 - INFO - fastread - 54, 950
2019-02-04 18:03:48,226 - INFO - fastread - 55, 960
2019-02-04 18:03:48,332 - INFO - fastread - 55, 970
2019-02-04 18:03:48,438 - INFO - fastread - 55, 980
2019-02-04 18:03:48,544 - INFO - fastread - 56, 990
2019-02-04 18:03:48,651 - INFO - fastread - 56, 1000
2019-02-04 18:03:48,757 - INFO - fastread - 57, 1010
2019-02-04 18:03:48,863 - INFO - fastread - 57, 1020
2019-02-04 18:03:48,970 - INFO - fastread - 59, 1030
2019-02-04 18:03:49,076 - INFO - fastread - 59, 1040
2019-02-04 18:03:49,183 - INFO - fastread - 60, 1050
2019-02-04 18:03:49,289 - INFO - fastread - 60, 1060
2019-02-04 18:03:49,396 - INFO - fastread - 60, 1070
2019-02-04 18:03:49,502 - INFO - fastread - 61, 1080
2019-02-04 18:03:49,608 - INFO - fastread - 61, 1090
2019-02-04 18:03:49,715 - INFO - fastread - 62, 1100
2019-02-04 18:03:49,821 - INFO - fastread - 62, 1110
2019-02-04 18:03:49,927 - INFO - fastread - 63, 1120
2019-02-04 18:03:50,034 - INFO - fastread - 63, 1130
2019-02-04 18:03:50,140 - INFO - fastread - 65, 1140
2019-02-04 18:03:50,247 - INFO - fastread - 65, 1150
2019-02-04 18:03:50,353 - INFO - fastread - 66, 1160
2019-02-04 18:03:50,460 - INFO - fastread - 67, 1170
2019-02-04 18:03:50,567 - INFO - fastread - 67, 1180
2019-02-04 18:03:50,673 - INFO - fastread - 68, 1190
2019-02-04 18:03:50,779 - INFO - fastread - 68, 1200
2019-02-04 18:03:50,886 - INFO - fastread - 68, 1210
2019-02-04 18:03:50,992 - INFO - fastread - 68, 1220
2019-02-04 18:03:51,099 - INFO - fastread - 69, 1230
2019-02-04 18:03:51,205 - INFO - fastread - 70, 1240
2019-02-04 18:03:51,312 - INFO - fastread - 70, 1250
2019-02-04 18:03:51,419 - INFO - fastread - 70, 1260
2019-02-04 18:03:51,525 - INFO - fastread - 70, 1270
2019-02-04 18:03:51,632 - INFO - fastread - 70, 1280
2019-02-04 18:03:51,739 - INFO - fastread - 72, 1290
2019-02-04 18:03:51,845 - INFO - fastread - 72, 1300
2019-02-04 18:03:51,952 - INFO - fastread - 73, 1310
2019-02-04 18:03:52,058 - INFO - fastread - 73, 1320
2019-02-04 18:03:52,164 - INFO - fastread - 75, 1330
2019-02-04 18:03:52,271 - INFO - fastread - 75, 1340
2019-02-04 18:03:52,378 - INFO - fastread - 75, 1350
2019-02-04 18:03:52,484 - INFO - fastread - 76, 1360
2019-02-04 18:03:52,591 - INFO - fastread - 76, 1370
2019-02-04 18:03:52,697 - INFO - fastread - 78, 1380
2019-02-04 18:03:52,804 - INFO - fastread - 78, 1390
2019-02-04 18:03:52,910 - INFO - fastread - 78, 1400
2019-02-04 18:03:53,017 - INFO - fastread - 78, 1410
2019-02-04 18:03:53,123 - INFO - fastread - 78, 1420
2019-02-04 18:03:53,229 - INFO - fastread - 78, 1430
2019-02-04 18:03:53,335 - INFO - fastread - 78, 1440
2019-02-04 18:03:53,441 - INFO - fastread - 79, 1450
2019-02-04 18:03:53,547 - INFO - fastread - 79, 1460
2019-02-04 18:03:53,653 - INFO - fastread - 79, 1470
2019-02-04 18:03:53,759 - INFO - fastread - 79, 1480
2019-02-04 18:03:53,865 - INFO - fastread - 79, 1490
2019-02-04 18:03:53,971 - INFO - fastread - 79, 1500
2019-02-04 18:03:54,077 - INFO - fastread - 79, 1510
2019-02-04 18:03:54,182 - INFO - fastread - 79, 1520
2019-02-04 18:03:54,288 - INFO - fastread - 79, 1530
2019-02-04 18:03:54,394 - INFO - fastread - 79, 1540
2019-02-04 18:03:54,500 - INFO - fastread - 82, 1550
2019-02-04 18:03:54,606 - INFO - fastread - 82, 1560
2019-02-04 18:03:54,712 - INFO - fastread - 82, 1570
2019-02-04 18:03:54,818 - INFO - fastread - 82, 1580
2019-02-04 18:03:54,924 - INFO - fastread - 83, 1590
2019-02-04 18:03:55,030 - INFO - fastread - 84, 1600
2019-02-04 18:03:55,135 - INFO - fastread - 84, 1610
2019-02-04 18:03:55,241 - INFO - fastread - 84, 1620
2019-02-04 18:03:55,346 - INFO - fastread - 84, 1630
2019-02-04 18:03:55,450 - INFO - fastread - 85, 1640
2019-02-04 18:03:55,554 - INFO - fastread - 85, 1650
2019-02-04 18:03:55,658 - INFO - fastread - 85, 1660
2019-02-04 18:03:55,762 - INFO - fastread - 86, 1670
2019-02-04 18:03:55,867 - INFO - fastread - 86, 1680
2019-02-04 18:03:55,973 - INFO - fastread - 87, 1690
2019-02-04 18:03:56,079 - INFO - fastread - 87, 1700
2019-02-04 18:03:56,185 - INFO - fastread - 87, 1710
2019-02-04 18:03:56,291 - INFO - fastread - 89, 1720
2019-02-04 18:03:56,396 - INFO - fastread - 89, 1730
2019-02-04 18:03:56,503 - INFO - fastread - 89, 1740
2019-02-04 18:03:56,609 - INFO - fastread - 90, 1750
2019-02-04 18:03:56,715 - INFO - fastread - 91, 1760
2019-02-04 18:03:56,821 - INFO - fastread - 92, 1770
2019-02-04 18:03:56,927 - INFO - fastread - 92, 1780
2019-02-04 18:03:57,033 - INFO - fastread - 92, 1790
2019-02-04 18:03:57,140 - INFO - fastread - 92, 1800
2019-02-04 18:03:57,246 - INFO - fastread - 92, 1810
2019-02-04 18:03:57,352 - INFO - fastread - 92, 1820
2019-02-04 18:03:57,458 - INFO - fastread - 92, 1830
2019-02-04 18:03:57,564 - INFO - fastread - 92, 1840
2019-02-04 18:03:57,670 - INFO - fastread - 93, 1850
2019-02-04 18:03:57,776 - INFO - fastread - 93, 1860
2019-02-04 18:03:57,883 - INFO - fastread - 94, 1870
2019-02-04 18:03:57,989 - INFO - fastread - 94, 1880
2019-02-04 18:03:58,095 - INFO - fastread - 95, 1890
2019-02-04 18:03:58,201 - INFO - fastread - 95, 1900
2019-02-04 18:03:58,308 - INFO - fastread - 96, 1910
2019-02-04 18:03:58,414 - INFO - fastread - 96, 1920
2019-02-04 18:03:58,519 - INFO - fastread - 97, 1930
2019-02-04 18:03:58,626 - INFO - fastread - 97, 1940
2019-02-04 18:03:58,732 - INFO - fastread - 97, 1950
2019-02-04 18:03:58,838 - INFO - fastread - 97, 1960
2019-02-04 18:03:58,944 - INFO - fastread - 97, 1970
2019-02-04 18:03:59,050 - INFO - fastread - 97, 1980
2019-02-04 18:03:59,156 - INFO - fastread - 97, 1990
2019-02-04 18:03:59,262 - INFO - fastread - 97, 2000
2019-02-04 18:03:59,368 - INFO - fastread - 97, 2010
2019-02-04 18:03:59,474 - INFO - fastread - 98, 2020
2019-02-04 18:03:59,580 - INFO - fastread - 98, 2030
2019-02-04 18:03:59,686 - INFO - fastread - 99, 2040
2019-02-04 18:03:59,792 - INFO - fastread - 99, 2050
2019-02-04 18:03:59,898 - INFO - fastread - 99, 2060
2019-02-04 18:04:00,005 - INFO - fastread - 99, 2070
2019-02-04 18:04:00,111 - INFO - fastread - 99, 2080
2019-02-04 18:04:00,217 - INFO - fastread - 99, 2090
2019-02-04 18:04:00,323 - INFO - fastread - 99, 2100
2019-02-04 18:04:00,429 - INFO - fastread - 99, 2110
2019-02-04 18:04:00,535 - INFO - fastread - 99, 2120
2019-02-04 18:04:00,641 - INFO - fastread - 99, 2130
2019-02-04 18:04:00,747 - INFO - fastread - 99, 2140
2019-02-04 18:04:00,854 - INFO - fastread - 100, 2150
2019-02-04 18:04:00,960 - INFO - fastread - 101, 2160
2019-02-04 18:04:01,066 - INFO - fastread - 101, 2170
2019-02-04 18:04:01,173 - INFO - fastread - 102, 2180
2019-02-04 18:04:01,279 - INFO - fastread - 102, 2190
2019-02-04 18:04:01,386 - INFO - fastread - 102, 2200
2019-02-04 18:04:01,492 - INFO - fastread - 102, 2210
2019-02-04 18:04:01,599 - INFO - fastread - 102, 2220
2019-02-04 18:04:01,705 - INFO - fastread - 103, 2230
2019-02-04 18:04:01,811 - INFO - fastread - 103, 2240
2019-02-04 18:04:01,918 - INFO - fastread - 103, 2250
2019-02-04 18:04:02,024 - INFO - fastread - 104, 2260
2019-02-04 18:04:02,129 - INFO - fastread - 104, 2270
2019-02-04 18:04:02,233 - INFO - fastread - 104, 2280
2019-02-04 18:04:02,338 - INFO - fastread - 105, 2290
2019-02-04 18:04:02,442 - INFO - fastread - 105, 2300
2019-02-04 18:04:02,546 - INFO - fastread - 105, 2310
2019-02-04 18:04:02,651 - INFO - fastread - 105, 2320
2019-02-04 18:04:02,756 - INFO - fastread - 105, 2330
2019-02-04 18:04:02,863 - INFO - fastread - 105, 2340
2019-02-04 18:04:02,969 - INFO - fastread - 106, 2350
2019-02-04 18:04:03,075 - INFO - fastread - 108, 2360
2019-02-04 18:04:03,181 - INFO - fastread - 110, 2370
2019-02-04 18:04:03,287 - INFO - fastread - 110, 2380
2019-02-04 18:04:03,394 - INFO - fastread - 110, 2390
2019-02-04 18:04:03,500 - INFO - fastread - 111, 2400
2019-02-04 18:04:03,606 - INFO - fastread - 111, 2410
2019-02-04 18:04:03,712 - INFO - fastread - 112, 2420
2019-02-04 18:04:03,818 - INFO - fastread - 112, 2430
2019-02-04 18:04:03,843 - INFO - rig - ++++NEW CLF++++ NBM
2019-02-04 18:04:03,844 - INFO - fastread - Total Yes: 209 | Total No: 4199
2019-02-04 18:04:03,959 - INFO - fastread - 6, 10
2019-02-04 18:04:03,964 - INFO - fastread - 15, 20
2019-02-04 18:04:03,969 - INFO - fastread - 21, 30
2019-02-04 18:04:03,974 - INFO - fastread - 27, 40
2019-02-04 18:04:03,978 - INFO - fastread - 33, 50
2019-02-04 18:04:03,983 - INFO - fastread - 40, 60
2019-02-04 18:04:03,988 - INFO - fastread - 40, 70
2019-02-04 18:04:03,993 - INFO - fastread - 41, 80
2019-02-04 18:04:03,998 - INFO - fastread - 42, 90
2019-02-04 18:04:04,003 - INFO - fastread - 42, 100
2019-02-04 18:04:04,008 - INFO - fastread - 42, 110
2019-02-04 18:04:04,013 - INFO - fastread - 42, 120
2019-02-04 18:04:04,018 - INFO - fastread - 42, 130
2019-02-04 18:04:04,023 - INFO - fastread - 43, 140
2019-02-04 18:04:04,028 - INFO - fastread - 45, 150
2019-02-04 18:04:04,033 - INFO - fastread - 47, 160
2019-02-04 18:04:04,038 - INFO - fastread - 47, 170
2019-02-04 18:04:04,043 - INFO - fastread - 48, 180
2019-02-04 18:04:04,048 - INFO - fastread - 52, 190
2019-02-04 18:04:04,053 - INFO - fastread - 53, 200
2019-02-04 18:04:04,058 - INFO - fastread - 53, 210
2019-02-04 18:04:04,063 - INFO - fastread - 53, 220
2019-02-04 18:04:04,068 - INFO - fastread - 54, 230
2019-02-04 18:04:04,073 - INFO - fastread - 54, 240
2019-02-04 18:04:04,078 - INFO - fastread - 57, 250
2019-02-04 18:04:04,083 - INFO - fastread - 58, 260
2019-02-04 18:04:04,088 - INFO - fastread - 58, 270
2019-02-04 18:04:04,093 - INFO - fastread - 59, 280
2019-02-04 18:04:04,098 - INFO - fastread - 59, 290
2019-02-04 18:04:04,103 - INFO - fastread - 59, 300
2019-02-04 18:04:04,108 - INFO - fastread - 59, 310
2019-02-04 18:04:04,113 - INFO - fastread - 59, 320
2019-02-04 18:04:04,118 - INFO - fastread - 61, 330
2019-02-04 18:04:04,123 - INFO - fastread - 63, 340
2019-02-04 18:04:04,128 - INFO - fastread - 63, 350
2019-02-04 18:04:04,133 - INFO - fastread - 66, 360
2019-02-04 18:04:04,138 - INFO - fastread - 67, 370
2019-02-04 18:04:04,143 - INFO - fastread - 70, 380
2019-02-04 18:04:04,149 - INFO - fastread - 70, 390
2019-02-04 18:04:04,154 - INFO - fastread - 70, 400
2019-02-04 18:04:04,159 - INFO - fastread - 71, 410
2019-02-04 18:04:04,164 - INFO - fastread - 71, 420
2019-02-04 18:04:04,169 - INFO - fastread - 71, 430
2019-02-04 18:04:04,174 - INFO - fastread - 71, 440
2019-02-04 18:04:04,179 - INFO - fastread - 71, 450
2019-02-04 18:04:04,184 - INFO - fastread - 71, 460
2019-02-04 18:04:04,189 - INFO - fastread - 71, 470
2019-02-04 18:04:04,194 - INFO - fastread - 72, 480
2019-02-04 18:04:04,200 - INFO - fastread - 73, 490
2019-02-04 18:04:04,205 - INFO - fastread - 73, 500
2019-02-04 18:04:04,210 - INFO - fastread - 73, 510
2019-02-04 18:04:04,215 - INFO - fastread - 76, 520
2019-02-04 18:04:04,220 - INFO - fastread - 77, 530
2019-02-04 18:04:04,225 - INFO - fastread - 77, 540
2019-02-04 18:04:04,230 - INFO - fastread - 77, 550
2019-02-04 18:04:04,236 - INFO - fastread - 77, 560
2019-02-04 18:04:04,241 - INFO - fastread - 77, 570
2019-02-04 18:04:04,246 - INFO - fastread - 77, 580
2019-02-04 18:04:04,251 - INFO - fastread - 77, 590
2019-02-04 18:04:04,256 - INFO - fastread - 79, 600
2019-02-04 18:04:04,262 - INFO - fastread - 80, 610
2019-02-04 18:04:04,267 - INFO - fastread - 80, 620
2019-02-04 18:04:04,272 - INFO - fastread - 80, 630
2019-02-04 18:04:04,277 - INFO - fastread - 80, 640
2019-02-04 18:04:04,282 - INFO - fastread - 83, 650
2019-02-04 18:04:04,287 - INFO - fastread - 83, 660
2019-02-04 18:04:04,293 - INFO - fastread - 83, 670
2019-02-04 18:04:04,298 - INFO - fastread - 83, 680
2019-02-04 18:04:04,303 - INFO - fastread - 83, 690
2019-02-04 18:04:04,308 - INFO - fastread - 93, 700
2019-02-04 18:04:04,313 - INFO - fastread - 103, 710
2019-02-04 18:04:04,319 - INFO - fastread - 113, 720
2019-02-04 18:04:04,324 - INFO - fastread - 123, 730
2019-02-04 18:04:04,329 - INFO - fastread - 133, 740
2019-02-04 18:04:04,334 - INFO - fastread - 143, 750
2019-02-04 18:04:04,340 - INFO - fastread - 144, 760
2019-02-04 18:04:04,345 - INFO - fastread - 144, 770
2019-02-04 18:04:04,350 - INFO - fastread - 144, 780
2019-02-04 18:04:04,355 - INFO - fastread - 144, 790
2019-02-04 18:04:04,361 - INFO - fastread - 144, 800
2019-02-04 18:04:04,366 - INFO - fastread - 144, 810
2019-02-04 18:04:04,371 - INFO - fastread - 144, 820
2019-02-04 18:04:04,377 - INFO - fastread - 144, 830
2019-02-04 18:04:04,382 - INFO - fastread - 144, 840
2019-02-04 18:04:04,387 - INFO - fastread - 144, 850
2019-02-04 18:04:04,393 - INFO - fastread - 144, 860
2019-02-04 18:04:04,398 - INFO - fastread - 144, 870
2019-02-04 18:04:04,403 - INFO - fastread - 144, 880
2019-02-04 18:04:04,408 - INFO - fastread - 144, 890
2019-02-04 18:04:04,414 - INFO - fastread - 144, 900
2019-02-04 18:04:04,419 - INFO - fastread - 144, 910
2019-02-04 18:04:04,424 - INFO - fastread - 144, 920
2019-02-04 18:04:04,430 - INFO - fastread - 144, 930
2019-02-04 18:04:04,435 - INFO - fastread - 144, 940
2019-02-04 18:04:04,440 - INFO - fastread - 144, 950
2019-02-04 18:04:04,446 - INFO - fastread - 144, 960
2019-02-04 18:04:04,451 - INFO - fastread - 144, 970
2019-02-04 18:04:04,456 - INFO - fastread - 144, 980
2019-02-04 18:04:04,461 - INFO - fastread - 144, 990
2019-02-04 18:04:04,467 - INFO - fastread - 144, 1000
2019-02-04 18:04:04,472 - INFO - fastread - 144, 1010
2019-02-04 18:04:04,478 - INFO - fastread - 144, 1020
2019-02-04 18:04:04,483 - INFO - fastread - 144, 1030
2019-02-04 18:04:04,488 - INFO - fastread - 144, 1040
2019-02-04 18:04:04,494 - INFO - fastread - 144, 1050
2019-02-04 18:04:04,499 - INFO - fastread - 144, 1060
2019-02-04 18:04:04,504 - INFO - fastread - 144, 1070
2019-02-04 18:04:04,510 - INFO - fastread - 144, 1080
2019-02-04 18:04:04,515 - INFO - fastread - 144, 1090
2019-02-04 18:04:04,521 - INFO - fastread - 144, 1100
2019-02-04 18:04:04,526 - INFO - fastread - 144, 1110
2019-02-04 18:04:04,531 - INFO - fastread - 144, 1120
2019-02-04 18:04:04,537 - INFO - fastread - 144, 1130
2019-02-04 18:04:04,542 - INFO - fastread - 144, 1140
2019-02-04 18:04:04,547 - INFO - fastread - 144, 1150
2019-02-04 18:04:04,553 - INFO - fastread - 144, 1160
2019-02-04 18:04:04,558 - INFO - fastread - 144, 1170
2019-02-04 18:04:04,564 - INFO - fastread - 144, 1180
2019-02-04 18:04:04,569 - INFO - fastread - 144, 1190
2019-02-04 18:04:04,575 - INFO - fastread - 144, 1200
2019-02-04 18:04:04,580 - INFO - fastread - 144, 1210
2019-02-04 18:04:04,585 - INFO - fastread - 144, 1220
2019-02-04 18:04:04,591 - INFO - fastread - 144, 1230
2019-02-04 18:04:04,596 - INFO - fastread - 144, 1240
2019-02-04 18:04:04,602 - INFO - fastread - 144, 1250
2019-02-04 18:04:04,607 - INFO - fastread - 144, 1260
2019-02-04 18:04:04,612 - INFO - fastread - 144, 1270
2019-02-04 18:04:04,618 - INFO - fastread - 144, 1280
2019-02-04 18:04:04,623 - INFO - fastread - 145, 1290
2019-02-04 18:04:04,629 - INFO - fastread - 145, 1300
2019-02-04 18:04:04,634 - INFO - fastread - 145, 1310
2019-02-04 18:04:04,640 - INFO - fastread - 146, 1320
2019-02-04 18:04:04,645 - INFO - fastread - 146, 1330
2019-02-04 18:04:04,650 - INFO - fastread - 146, 1340
2019-02-04 18:04:04,656 - INFO - fastread - 146, 1350
2019-02-04 18:04:04,661 - INFO - fastread - 148, 1360
2019-02-04 18:04:04,667 - INFO - fastread - 148, 1370
2019-02-04 18:04:04,673 - INFO - fastread - 148, 1380
2019-02-04 18:04:04,678 - INFO - fastread - 148, 1390
2019-02-04 18:04:04,684 - INFO - fastread - 148, 1400
2019-02-04 18:04:04,689 - INFO - fastread - 148, 1410
2019-02-04 18:04:04,695 - INFO - fastread - 148, 1420
2019-02-04 18:04:04,700 - INFO - fastread - 148, 1430
2019-02-04 18:04:04,706 - INFO - fastread - 148, 1440
2019-02-04 18:04:04,711 - INFO - fastread - 148, 1450
2019-02-04 18:04:04,717 - INFO - fastread - 148, 1460
2019-02-04 18:04:04,722 - INFO - fastread - 148, 1470
2019-02-04 18:04:04,728 - INFO - fastread - 148, 1480
2019-02-04 18:04:04,733 - INFO - fastread - 149, 1490
2019-02-04 18:04:04,739 - INFO - fastread - 150, 1500
2019-02-04 18:04:04,744 - INFO - fastread - 150, 1510
2019-02-04 18:04:04,750 - INFO - fastread - 151, 1520
2019-02-04 18:04:04,755 - INFO - fastread - 153, 1530
2019-02-04 18:04:04,761 - INFO - fastread - 153, 1540
2019-02-04 18:04:04,766 - INFO - fastread - 153, 1550
2019-02-04 18:04:04,772 - INFO - fastread - 153, 1560
2019-02-04 18:04:04,777 - INFO - fastread - 153, 1570
2019-02-04 18:04:04,783 - INFO - fastread - 153, 1580
2019-02-04 18:04:04,789 - INFO - fastread - 154, 1590
2019-02-04 18:04:04,794 - INFO - fastread - 154, 1600
2019-02-04 18:04:04,800 - INFO - fastread - 157, 1610
2019-02-04 18:04:04,805 - INFO - fastread - 157, 1620
2019-02-04 18:04:04,811 - INFO - fastread - 157, 1630
2019-02-04 18:04:04,816 - INFO - fastread - 158, 1640
2019-02-04 18:04:04,822 - INFO - fastread - 158, 1650
2019-02-04 18:04:04,828 - INFO - fastread - 158, 1660
2019-02-04 18:04:04,833 - INFO - fastread - 160, 1670
2019-02-04 18:04:04,839 - INFO - fastread - 164, 1680
2019-02-04 18:04:04,845 - INFO - fastread - 164, 1690
2019-02-04 18:04:04,850 - INFO - fastread - 166, 1700
2019-02-04 18:04:04,856 - INFO - fastread - 167, 1710
2019-02-04 18:04:04,862 - INFO - fastread - 169, 1720
2019-02-04 18:04:04,867 - INFO - fastread - 169, 1730
2019-02-04 18:04:04,873 - INFO - fastread - 171, 1740
2019-02-04 18:04:04,879 - INFO - fastread - 171, 1750
2019-02-04 18:04:04,884 - INFO - fastread - 174, 1760
2019-02-04 18:04:04,890 - INFO - fastread - 174, 1770
2019-02-04 18:04:04,895 - INFO - fastread - 174, 1780
2019-02-04 18:04:04,901 - INFO - fastread - 174, 1790
2019-02-04 18:04:04,907 - INFO - fastread - 175, 1800
2019-02-04 18:04:04,912 - INFO - fastread - 175, 1810
2019-02-04 18:04:04,918 - INFO - fastread - 175, 1820
2019-02-04 18:04:04,924 - INFO - fastread - 176, 1830
2019-02-04 18:04:04,929 - INFO - fastread - 176, 1840
2019-02-04 18:04:04,935 - INFO - fastread - 176, 1850
2019-02-04 18:04:04,941 - INFO - fastread - 176, 1860
2019-02-04 18:04:04,946 - INFO - fastread - 176, 1870
2019-02-04 18:04:04,952 - INFO - fastread - 177, 1880
2019-02-04 18:04:04,958 - INFO - fastread - 177, 1890
2019-02-04 18:04:04,964 - INFO - fastread - 177, 1900
2019-02-04 18:04:04,969 - INFO - fastread - 177, 1910
2019-02-04 18:04:04,975 - INFO - fastread - 177, 1920
2019-02-04 18:04:04,981 - INFO - fastread - 177, 1930
2019-02-04 18:04:04,986 - INFO - fastread - 177, 1940
2019-02-04 18:04:04,992 - INFO - fastread - 178, 1950
2019-02-04 18:04:04,998 - INFO - fastread - 178, 1960
2019-02-04 18:04:05,003 - INFO - fastread - 178, 1970
2019-02-04 18:04:05,009 - INFO - fastread - 178, 1980
2019-02-04 18:04:05,015 - INFO - fastread - 178, 1990
2019-02-04 18:04:05,021 - INFO - fastread - 178, 2000
2019-02-04 18:04:05,026 - INFO - fastread - 179, 2010
2019-02-04 18:04:05,032 - INFO - fastread - 179, 2020
2019-02-04 18:04:05,038 - INFO - fastread - 180, 2030
2019-02-04 18:04:05,043 - INFO - fastread - 180, 2040
2019-02-04 18:04:05,049 - INFO - fastread - 180, 2050
2019-02-04 18:04:05,055 - INFO - fastread - 180, 2060
2019-02-04 18:04:05,060 - INFO - fastread - 180, 2070
2019-02-04 18:04:05,066 - INFO - fastread - 180, 2080
2019-02-04 18:04:05,072 - INFO - fastread - 183, 2090
2019-02-04 18:04:05,078 - INFO - fastread - 183, 2100
2019-02-04 18:04:05,083 - INFO - fastread - 184, 2110
2019-02-04 18:04:05,089 - INFO - fastread - 184, 2120
2019-02-04 18:04:05,095 - INFO - fastread - 184, 2130
2019-02-04 18:04:05,101 - INFO - fastread - 185, 2140
2019-02-04 18:04:05,107 - INFO - fastread - 185, 2150
2019-02-04 18:04:05,112 - INFO - fastread - 185, 2160
2019-02-04 18:04:05,118 - INFO - fastread - 185, 2170
2019-02-04 18:04:05,124 - INFO - fastread - 185, 2180
2019-02-04 18:04:05,130 - INFO - fastread - 185, 2190
2019-02-04 18:04:05,136 - INFO - fastread - 185, 2200
2019-02-04 18:04:05,141 - INFO - fastread - 185, 2210
2019-02-04 18:04:05,147 - INFO - fastread - 185, 2220
2019-02-04 18:04:05,153 - INFO - fastread - 185, 2230
2019-02-04 18:04:05,159 - INFO - fastread - 185, 2240
2019-02-04 18:04:05,165 - INFO - fastread - 185, 2250
2019-02-04 18:04:05,170 - INFO - fastread - 185, 2260
2019-02-04 18:04:05,176 - INFO - fastread - 185, 2270
2019-02-04 18:04:05,182 - INFO - fastread - 185, 2280
2019-02-04 18:04:05,188 - INFO - fastread - 185, 2290
2019-02-04 18:04:05,194 - INFO - fastread - 185, 2300
2019-02-04 18:04:05,199 - INFO - fastread - 187, 2310
2019-02-04 18:04:05,205 - INFO - fastread - 187, 2320
2019-02-04 18:04:05,211 - INFO - fastread - 187, 2330
2019-02-04 18:04:05,217 - INFO - fastread - 187, 2340
2019-02-04 18:04:05,223 - INFO - fastread - 187, 2350
2019-02-04 18:04:05,229 - INFO - fastread - 189, 2360
2019-02-04 18:04:05,234 - INFO - fastread - 189, 2370
2019-02-04 18:04:05,240 - INFO - fastread - 189, 2380
2019-02-04 18:04:05,246 - INFO - fastread - 190, 2390
2019-02-04 18:04:05,252 - INFO - fastread - 190, 2400
2019-02-04 18:04:05,258 - INFO - fastread - 190, 2410
2019-02-04 18:04:05,264 - INFO - fastread - 190, 2420
2019-02-04 18:04:05,270 - INFO - fastread - 190, 2430
2019-02-04 18:04:05,276 - INFO - fastread - 190, 2440
2019-02-04 18:04:05,282 - INFO - fastread - 190, 2450
2019-02-04 18:04:05,288 - INFO - fastread - 191, 2460
2019-02-04 18:04:05,294 - INFO - fastread - 191, 2470
2019-02-04 18:04:05,300 - INFO - fastread - 191, 2480
2019-02-04 18:04:05,305 - INFO - fastread - 191, 2490
2019-02-04 18:04:05,311 - INFO - fastread - 191, 2500
2019-02-04 18:04:05,317 - INFO - fastread - 191, 2510
2019-02-04 18:04:05,323 - INFO - fastread - 191, 2520
2019-02-04 18:04:05,329 - INFO - fastread - 191, 2530
2019-02-04 18:04:05,335 - INFO - fastread - 191, 2540
2019-02-04 18:04:05,341 - INFO - fastread - 191, 2550
2019-02-04 18:04:05,347 - INFO - fastread - 191, 2560
2019-02-04 18:04:05,352 - INFO - fastread - 191, 2570
2019-02-04 18:04:05,358 - INFO - fastread - 191, 2580
2019-02-04 18:04:05,364 - INFO - fastread - 191, 2590
2019-02-04 18:04:05,370 - INFO - fastread - 191, 2600
2019-02-04 18:04:05,376 - INFO - fastread - 191, 2610
2019-02-04 18:04:05,382 - INFO - fastread - 191, 2620
2019-02-04 18:04:05,388 - INFO - fastread - 191, 2630
2019-02-04 18:04:05,394 - INFO - fastread - 191, 2640
2019-02-04 18:04:05,400 - INFO - fastread - 191, 2650
2019-02-04 18:04:05,406 - INFO - fastread - 191, 2660
2019-02-04 18:04:05,412 - INFO - fastread - 191, 2670
2019-02-04 18:04:05,418 - INFO - fastread - 191, 2680
2019-02-04 18:04:05,424 - INFO - fastread - 191, 2690
2019-02-04 18:04:05,430 - INFO - fastread - 191, 2700
2019-02-04 18:04:05,436 - INFO - fastread - 191, 2710
2019-02-04 18:04:05,442 - INFO - fastread - 191, 2720
2019-02-04 18:04:05,448 - INFO - fastread - 191, 2730
2019-02-04 18:04:05,454 - INFO - fastread - 191, 2740
2019-02-04 18:04:05,460 - INFO - fastread - 191, 2750
2019-02-04 18:04:05,466 - INFO - fastread - 191, 2760
2019-02-04 18:04:05,472 - INFO - fastread - 191, 2770
2019-02-04 18:04:05,478 - INFO - fastread - 191, 2780
2019-02-04 18:04:05,484 - INFO - fastread - 191, 2790
2019-02-04 18:04:05,490 - INFO - fastread - 191, 2800
2019-02-04 18:04:05,496 - INFO - fastread - 191, 2810
2019-02-04 18:04:05,502 - INFO - fastread - 191, 2820
2019-02-04 18:04:05,508 - INFO - fastread - 191, 2830
2019-02-04 18:04:05,514 - INFO - fastread - 191, 2840
2019-02-04 18:04:05,520 - INFO - fastread - 191, 2850
2019-02-04 18:04:05,526 - INFO - fastread - 191, 2860
2019-02-04 18:04:05,532 - INFO - fastread - 191, 2870
2019-02-04 18:04:05,538 - INFO - fastread - 191, 2880
2019-02-04 18:04:05,544 - INFO - fastread - 191, 2890
2019-02-04 18:04:05,550 - INFO - fastread - 191, 2900
2019-02-04 18:04:05,556 - INFO - fastread - 191, 2910
2019-02-04 18:04:05,562 - INFO - fastread - 191, 2920
2019-02-04 18:04:05,569 - INFO - fastread - 191, 2930
2019-02-04 18:04:05,575 - INFO - fastread - 191, 2940
2019-02-04 18:04:05,581 - INFO - fastread - 191, 2950
2019-02-04 18:04:05,587 - INFO - fastread - 191, 2960
2019-02-04 18:04:05,593 - INFO - fastread - 191, 2970
2019-02-04 18:04:05,599 - INFO - fastread - 192, 2980
2019-02-04 18:04:05,605 - INFO - fastread - 192, 2990
2019-02-04 18:04:05,611 - INFO - fastread - 192, 3000
2019-02-04 18:04:05,617 - INFO - fastread - 197, 3010
2019-02-04 18:04:05,623 - INFO - fastread - 202, 3020
2019-02-04 18:04:05,630 - INFO - fastread - 202, 3030
2019-02-04 18:04:05,636 - INFO - fastread - 202, 3040
2019-02-04 18:04:05,642 - INFO - fastread - 202, 3050
2019-02-04 18:04:05,648 - INFO - fastread - 202, 3060
2019-02-04 18:04:05,654 - INFO - fastread - 202, 3070
2019-02-04 18:04:05,660 - INFO - fastread - 202, 3080
2019-02-04 18:04:05,666 - INFO - fastread - 202, 3090
2019-02-04 18:04:05,672 - INFO - fastread - 202, 3100
2019-02-04 18:04:05,678 - INFO - fastread - 202, 3110
2019-02-04 18:04:05,684 - INFO - fastread - 202, 3120
2019-02-04 18:04:05,690 - INFO - fastread - 202, 3130
2019-02-04 18:04:05,697 - INFO - fastread - 202, 3140
2019-02-04 18:04:05,703 - INFO - fastread - 202, 3150
2019-02-04 18:04:05,709 - INFO - fastread - 202, 3160
2019-02-04 18:04:05,715 - INFO - fastread - 202, 3170
2019-02-04 18:04:05,721 - INFO - fastread - 206, 3180
2019-02-04 18:04:05,727 - INFO - fastread - 206, 3190
2019-02-04 18:04:05,733 - INFO - fastread - 206, 3200
2019-02-04 18:04:05,740 - INFO - fastread - 206, 3210
2019-02-04 18:04:05,746 - INFO - fastread - 206, 3220
2019-02-04 18:04:05,752 - INFO - fastread - 206, 3230
2019-02-04 18:04:05,758 - INFO - fastread - 206, 3240
2019-02-04 18:04:05,764 - INFO - fastread - 206, 3250
2019-02-04 18:04:05,770 - INFO - fastread - 206, 3260
2019-02-04 18:04:05,777 - INFO - fastread - 206, 3270
2019-02-04 18:04:05,783 - INFO - fastread - 206, 3280
2019-02-04 18:04:05,789 - INFO - fastread - 206, 3290
2019-02-04 18:04:05,795 - INFO - fastread - 206, 3300
2019-02-04 18:04:05,801 - INFO - fastread - 206, 3310
2019-02-04 18:04:05,807 - INFO - fastread - 206, 3320
2019-02-04 18:04:05,813 - INFO - fastread - 206, 3330
2019-02-04 18:04:05,820 - INFO - fastread - 206, 3340
2019-02-04 18:04:05,826 - INFO - fastread - 206, 3350
2019-02-04 18:04:05,832 - INFO - fastread - 206, 3360
2019-02-04 18:04:05,839 - INFO - fastread - 206, 3370
2019-02-04 18:04:05,845 - INFO - fastread - 206, 3380
2019-02-04 18:04:05,851 - INFO - fastread - 206, 3390
2019-02-04 18:04:05,857 - INFO - fastread - 206, 3400
2019-02-04 18:04:05,864 - INFO - fastread - 207, 3410
2019-02-04 18:04:05,870 - INFO - fastread - 207, 3420
2019-02-04 18:04:05,876 - INFO - fastread - 207, 3430
2019-02-04 18:04:05,882 - INFO - fastread - 207, 3440
2019-02-04 18:04:05,889 - INFO - fastread - 207, 3450
2019-02-04 18:04:05,895 - INFO - fastread - 207, 3460
2019-02-04 18:04:05,901 - INFO - fastread - 207, 3470
2019-02-04 18:04:05,907 - INFO - fastread - 207, 3480
2019-02-04 18:04:05,913 - INFO - fastread - 207, 3490
2019-02-04 18:04:05,920 - INFO - fastread - 207, 3500
2019-02-04 18:04:05,926 - INFO - fastread - 207, 3510
2019-02-04 18:04:05,932 - INFO - fastread - 207, 3520
2019-02-04 18:04:05,938 - INFO - fastread - 207, 3530
2019-02-04 18:04:05,945 - INFO - fastread - 207, 3540
2019-02-04 18:04:05,951 - INFO - fastread - 207, 3550
2019-02-04 18:04:05,957 - INFO - fastread - 207, 3560
2019-02-04 18:04:05,963 - INFO - fastread - 207, 3570
2019-02-04 18:04:05,970 - INFO - fastread - 207, 3580
2019-02-04 18:04:05,976 - INFO - fastread - 207, 3590
2019-02-04 18:04:05,982 - INFO - fastread - 207, 3600
2019-02-04 18:04:05,989 - INFO - fastread - 207, 3610
2019-02-04 18:04:05,995 - INFO - fastread - 207, 3620
2019-02-04 18:04:06,001 - INFO - fastread - 207, 3630
2019-02-04 18:04:06,008 - INFO - fastread - 207, 3640
2019-02-04 18:04:06,014 - INFO - fastread - 207, 3650
2019-02-04 18:04:06,020 - INFO - fastread - 207, 3660
2019-02-04 18:04:06,027 - INFO - fastread - 208, 3670
2019-02-04 18:04:06,033 - INFO - fastread - 208, 3680
2019-02-04 18:04:06,039 - INFO - fastread - 208, 3690
2019-02-04 18:04:06,046 - INFO - fastread - 208, 3700
2019-02-04 18:04:06,052 - INFO - fastread - 208, 3710
2019-02-04 18:04:06,058 - INFO - fastread - 208, 3720
2019-02-04 18:04:06,065 - INFO - fastread - 208, 3730
2019-02-04 18:04:06,071 - INFO - fastread - 208, 3740
2019-02-04 18:04:06,077 - INFO - fastread - 208, 3750
2019-02-04 18:04:06,084 - INFO - fastread - 208, 3760
2019-02-04 18:04:06,090 - INFO - fastread - 208, 3770
2019-02-04 18:04:06,096 - INFO - fastread - 208, 3780
2019-02-04 18:04:06,102 - INFO - fastread - 208, 3790
2019-02-04 18:04:06,109 - INFO - fastread - 208, 3800
2019-02-04 18:04:06,115 - INFO - fastread - 208, 3810
2019-02-04 18:04:06,122 - INFO - fastread - 208, 3820
2019-02-04 18:04:06,128 - INFO - fastread - 208, 3830
2019-02-04 18:04:06,134 - INFO - fastread - 208, 3840
2019-02-04 18:04:06,141 - INFO - fastread - 208, 3850
2019-02-04 18:04:06,147 - INFO - fastread - 208, 3860
2019-02-04 18:04:06,154 - INFO - fastread - 208, 3870
2019-02-04 18:04:06,160 - INFO - fastread - 208, 3880
2019-02-04 18:04:06,166 - INFO - fastread - 208, 3890
2019-02-04 18:04:06,173 - INFO - fastread - 208, 3900
2019-02-04 18:04:06,179 - INFO - fastread - 208, 3910
2019-02-04 18:04:06,186 - INFO - fastread - 208, 3920
2019-02-04 18:04:06,192 - INFO - fastread - 208, 3930
2019-02-04 18:04:06,199 - INFO - fastread - 208, 3940
2019-02-04 18:04:06,205 - INFO - fastread - 208, 3950
2019-02-04 18:04:06,212 - INFO - fastread - 208, 3960
2019-02-04 18:04:06,218 - INFO - fastread - 208, 3970
2019-02-04 18:04:06,225 - INFO - fastread - 208, 3980
2019-02-04 18:04:06,231 - INFO - fastread - 208, 3990
2019-02-04 18:04:06,238 - INFO - fastread - 208, 4000
2019-02-04 18:04:06,244 - INFO - fastread - 208, 4010
2019-02-04 18:04:06,250 - INFO - fastread - 208, 4020
2019-02-04 18:04:06,257 - INFO - fastread - 208, 4030
2019-02-04 18:04:06,263 - INFO - fastread - 208, 4040
2019-02-04 18:04:06,270 - INFO - fastread - 208, 4050
2019-02-04 18:04:06,276 - INFO - fastread - 208, 4060
2019-02-04 18:04:06,283 - INFO - fastread - 208, 4070
2019-02-04 18:04:06,289 - INFO - fastread - 208, 4080
2019-02-04 18:04:06,304 - INFO - fastread - 208, 4090
2019-02-04 18:04:06,313 - INFO - fastread - 208, 4100
2019-02-04 18:04:06,321 - INFO - fastread - 208, 4110
2019-02-04 18:04:06,330 - INFO - fastread - 208, 4120
2019-02-04 18:04:06,338 - INFO - fastread - 209, 4130
2019-02-04 18:04:06,346 - INFO - fastread - 209, 4140
2019-02-04 18:04:06,354 - INFO - fastread - 209, 4150
2019-02-04 18:04:06,363 - INFO - fastread - 209, 4160
2019-02-04 18:04:06,371 - INFO - fastread - 209, 4170
2019-02-04 18:04:06,380 - INFO - fastread - 209, 4180
2019-02-04 18:04:06,388 - INFO - fastread - 209, 4190
2019-02-04 18:04:06,397 - INFO - fastread - 209, 4200
2019-02-04 18:04:06,405 - INFO - fastread - 209, 4210
2019-02-04 18:04:06,414 - INFO - fastread - 209, 4220
2019-02-04 18:04:06,422 - INFO - fastread - 209, 4230
2019-02-04 18:04:06,431 - INFO - fastread - 209, 4240
2019-02-04 18:04:06,439 - INFO - fastread - 209, 4250
2019-02-04 18:04:06,448 - INFO - fastread - 209, 4260
2019-02-04 18:04:06,456 - INFO - fastread - 209, 4270
2019-02-04 18:04:06,465 - INFO - fastread - 209, 4280
2019-02-04 18:04:06,473 - INFO - fastread - 209, 4290
2019-02-04 18:04:06,482 - INFO - fastread - 209, 4300
2019-02-04 18:04:06,491 - INFO - fastread - 209, 4310
2019-02-04 18:04:06,499 - INFO - fastread - 209, 4320
2019-02-04 18:04:06,508 - INFO - fastread - 209, 4330
2019-02-04 18:04:06,516 - INFO - fastread - 209, 4340
2019-02-04 18:04:06,525 - INFO - fastread - 209, 4350
2019-02-04 18:04:06,533 - INFO - fastread - 209, 4360
2019-02-04 18:04:06,542 - INFO - fastread - 209, 4370
2019-02-04 18:04:06,551 - INFO - fastread - 209, 4380
2019-02-04 18:04:06,559 - INFO - fastread - 209, 4390
2019-02-04 18:04:06,568 - INFO - fastread - 209, 4400
2019-02-04 18:04:06,599 - INFO - rig - ++++NEW CLF++++ KNN
2019-02-04 18:04:06,599 - INFO - fastread - Total Yes: 209 | Total No: 4199
2019-02-04 18:04:29,407 - INFO - fastread - 10, 10
2019-02-04 18:04:29,412 - INFO - fastread - 19, 20
2019-02-04 18:04:29,417 - INFO - fastread - 22, 30
2019-02-04 18:04:29,422 - INFO - fastread - 26, 40
2019-02-04 18:04:29,427 - INFO - fastread - 27, 50
2019-02-04 18:04:29,432 - INFO - fastread - 28, 60
2019-02-04 18:04:29,436 - INFO - fastread - 28, 70
2019-02-04 18:04:29,441 - INFO - fastread - 29, 80
2019-02-04 18:04:29,446 - INFO - fastread - 30, 90
2019-02-04 18:04:29,451 - INFO - fastread - 32, 100
2019-02-04 18:04:29,456 - INFO - fastread - 34, 110
2019-02-04 18:04:29,460 - INFO - fastread - 36, 120
2019-02-04 18:04:29,465 - INFO - fastread - 38, 130
2019-02-04 18:04:29,470 - INFO - fastread - 38, 140
2019-02-04 18:04:29,475 - INFO - fastread - 40, 150
2019-02-04 18:04:29,480 - INFO - fastread - 40, 160
2019-02-04 18:04:29,484 - INFO - fastread - 40, 170
2019-02-04 18:04:29,489 - INFO - fastread - 43, 180
2019-02-04 18:04:29,494 - INFO - fastread - 43, 190
2019-02-04 18:04:29,499 - INFO - fastread - 44, 200
2019-02-04 18:04:29,504 - INFO - fastread - 44, 210
2019-02-04 18:04:29,509 - INFO - fastread - 45, 220
2019-02-04 18:04:29,514 - INFO - fastread - 45, 230
2019-02-04 18:04:29,519 - INFO - fastread - 45, 240
2019-02-04 18:04:29,524 - INFO - fastread - 45, 250
2019-02-04 18:04:29,529 - INFO - fastread - 45, 260
2019-02-04 18:04:29,534 - INFO - fastread - 45, 270
2019-02-04 18:04:29,539 - INFO - fastread - 45, 280
2019-02-04 18:04:29,544 - INFO - fastread - 45, 290
2019-02-04 18:04:29,549 - INFO - fastread - 45, 300
2019-02-04 18:04:29,554 - INFO - fastread - 45, 310
2019-02-04 18:04:29,559 - INFO - fastread - 46, 320
2019-02-04 18:04:29,564 - INFO - fastread - 46, 330
2019-02-04 18:04:29,570 - INFO - fastread - 46, 340
2019-02-04 18:04:29,575 - INFO - fastread - 48, 350
2019-02-04 18:04:29,580 - INFO - fastread - 48, 360
2019-02-04 18:04:29,585 - INFO - fastread - 48, 370
2019-02-04 18:04:29,590 - INFO - fastread - 48, 380
2019-02-04 18:04:29,595 - INFO - fastread - 48, 390
2019-02-04 18:04:29,600 - INFO - fastread - 48, 400
2019-02-04 18:04:29,606 - INFO - fastread - 48, 410
2019-02-04 18:04:29,611 - INFO - fastread - 48, 420
2019-02-04 18:04:29,616 - INFO - fastread - 48, 430
2019-02-04 18:04:29,621 - INFO - fastread - 48, 440
2019-02-04 18:04:29,626 - INFO - fastread - 49, 450
2019-02-04 18:04:29,631 - INFO - fastread - 49, 460
2019-02-04 18:04:29,636 - INFO - fastread - 49, 470
2019-02-04 18:04:29,642 - INFO - fastread - 49, 480
2019-02-04 18:04:29,647 - INFO - fastread - 50, 490
2019-02-04 18:04:29,652 - INFO - fastread - 50, 500
2019-02-04 18:04:29,657 - INFO - fastread - 50, 510
2019-02-04 18:04:29,662 - INFO - fastread - 51, 520
2019-02-04 18:04:29,668 - INFO - fastread - 52, 530
2019-02-04 18:04:29,673 - INFO - fastread - 53, 540
2019-02-04 18:04:29,678 - INFO - fastread - 53, 550
2019-02-04 18:04:29,684 - INFO - fastread - 53, 560
2019-02-04 18:04:29,689 - INFO - fastread - 53, 570
2019-02-04 18:04:29,694 - INFO - fastread - 53, 580
2019-02-04 18:04:29,699 - INFO - fastread - 53, 590
2019-02-04 18:04:29,705 - INFO - fastread - 53, 600
2019-02-04 18:04:29,710 - INFO - fastread - 53, 610
2019-02-04 18:04:29,715 - INFO - fastread - 53, 620
2019-02-04 18:04:29,720 - INFO - fastread - 53, 630
2019-02-04 18:04:29,726 - INFO - fastread - 53, 640
2019-02-04 18:04:29,731 - INFO - fastread - 54, 650
2019-02-04 18:04:29,736 - INFO - fastread - 54, 660
2019-02-04 18:04:29,742 - INFO - fastread - 54, 670
2019-02-04 18:04:29,747 - INFO - fastread - 54, 680
2019-02-04 18:04:29,752 - INFO - fastread - 55, 690
2019-02-04 18:04:29,758 - INFO - fastread - 55, 700
2019-02-04 18:04:29,763 - INFO - fastread - 57, 710
2019-02-04 18:04:29,768 - INFO - fastread - 57, 720
2019-02-04 18:04:29,774 - INFO - fastread - 57, 730
2019-02-04 18:04:29,779 - INFO - fastread - 58, 740
2019-02-04 18:04:29,784 - INFO - fastread - 58, 750
2019-02-04 18:04:29,790 - INFO - fastread - 58, 760
2019-02-04 18:04:29,795 - INFO - fastread - 59, 770
2019-02-04 18:04:29,800 - INFO - fastread - 60, 780
2019-02-04 18:04:29,806 - INFO - fastread - 60, 790
2019-02-04 18:04:29,811 - INFO - fastread - 61, 800
2019-02-04 18:04:29,816 - INFO - fastread - 62, 810
2019-02-04 18:04:29,822 - INFO - fastread - 62, 820
2019-02-04 18:04:29,827 - INFO - fastread - 62, 830
2019-02-04 18:04:29,832 - INFO - fastread - 62, 840
2019-02-04 18:04:29,837 - INFO - fastread - 62, 850
2019-02-04 18:04:29,843 - INFO - fastread - 63, 860
2019-02-04 18:04:29,848 - INFO - fastread - 64, 870
2019-02-04 18:04:29,854 - INFO - fastread - 64, 880
2019-02-04 18:04:29,859 - INFO - fastread - 64, 890
2019-02-04 18:04:29,865 - INFO - fastread - 64, 900
2019-02-04 18:04:29,870 - INFO - fastread - 64, 910
2019-02-04 18:04:29,875 - INFO - fastread - 64, 920
2019-02-04 18:04:29,881 - INFO - fastread - 64, 930
2019-02-04 18:04:29,886 - INFO - fastread - 64, 940
2019-02-04 18:04:29,891 - INFO - fastread - 65, 950
2019-02-04 18:04:29,897 - INFO - fastread - 67, 960
2019-02-04 18:04:29,902 - INFO - fastread - 67, 970
2019-02-04 18:04:29,908 - INFO - fastread - 68, 980
2019-02-04 18:04:29,913 - INFO - fastread - 68, 990
2019-02-04 18:04:29,919 - INFO - fastread - 69, 1000
2019-02-04 18:04:29,924 - INFO - fastread - 69, 1010
2019-02-04 18:04:29,929 - INFO - fastread - 69, 1020
2019-02-04 18:04:29,935 - INFO - fastread - 69, 1030
2019-02-04 18:04:29,940 - INFO - fastread - 69, 1040
2019-02-04 18:04:29,946 - INFO - fastread - 69, 1050
2019-02-04 18:04:29,951 - INFO - fastread - 69, 1060
2019-02-04 18:04:29,957 - INFO - fastread - 69, 1070
2019-02-04 18:04:29,962 - INFO - fastread - 69, 1080
2019-02-04 18:04:29,968 - INFO - fastread - 70, 1090
2019-02-04 18:04:29,973 - INFO - fastread - 70, 1100
2019-02-04 18:04:29,978 - INFO - fastread - 70, 1110
2019-02-04 18:04:29,984 - INFO - fastread - 70, 1120
2019-02-04 18:04:29,989 - INFO - fastread - 70, 1130
2019-02-04 18:04:29,995 - INFO - fastread - 71, 1140
2019-02-04 18:04:30,000 - INFO - fastread - 71, 1150
2019-02-04 18:04:30,005 - INFO - fastread - 73, 1160
2019-02-04 18:04:30,011 - INFO - fastread - 74, 1170
2019-02-04 18:04:30,016 - INFO - fastread - 74, 1180
2019-02-04 18:04:30,022 - INFO - fastread - 74, 1190
2019-02-04 18:04:30,027 - INFO - fastread - 74, 1200
2019-02-04 18:04:30,033 - INFO - fastread - 74, 1210
2019-02-04 18:04:30,038 - INFO - fastread - 75, 1220
2019-02-04 18:04:30,044 - INFO - fastread - 75, 1230
2019-02-04 18:04:30,049 - INFO - fastread - 76, 1240
2019-02-04 18:04:30,055 - INFO - fastread - 77, 1250
2019-02-04 18:04:30,061 - INFO - fastread - 78, 1260
2019-02-04 18:04:30,066 - INFO - fastread - 78, 1270
2019-02-04 18:04:30,072 - INFO - fastread - 78, 1280
2019-02-04 18:04:30,077 - INFO - fastread - 78, 1290
2019-02-04 18:04:30,083 - INFO - fastread - 78, 1300
2019-02-04 18:04:30,088 - INFO - fastread - 78, 1310
2019-02-04 18:04:30,094 - INFO - fastread - 78, 1320
2019-02-04 18:04:30,100 - INFO - fastread - 78, 1330
2019-02-04 18:04:30,105 - INFO - fastread - 79, 1340
2019-02-04 18:04:30,111 - INFO - fastread - 79, 1350
2019-02-04 18:04:30,116 - INFO - fastread - 79, 1360
2019-02-04 18:04:30,122 - INFO - fastread - 79, 1370
2019-02-04 18:04:30,127 - INFO - fastread - 79, 1380
2019-02-04 18:04:30,133 - INFO - fastread - 79, 1390
2019-02-04 18:04:30,139 - INFO - fastread - 79, 1400
2019-02-04 18:04:30,144 - INFO - fastread - 79, 1410
2019-02-04 18:04:30,150 - INFO - fastread - 79, 1420
2019-02-04 18:04:30,155 - INFO - fastread - 79, 1430
2019-02-04 18:04:30,161 - INFO - fastread - 79, 1440
2019-02-04 18:04:30,167 - INFO - fastread - 79, 1450
2019-02-04 18:04:30,172 - INFO - fastread - 80, 1460
2019-02-04 18:04:30,178 - INFO - fastread - 80, 1470
2019-02-04 18:04:30,183 - INFO - fastread - 81, 1480
2019-02-04 18:04:30,189 - INFO - fastread - 81, 1490
2019-02-04 18:04:30,195 - INFO - fastread - 81, 1500
2019-02-04 18:04:30,200 - INFO - fastread - 81, 1510
2019-02-04 18:04:30,206 - INFO - fastread - 82, 1520
2019-02-04 18:04:30,212 - INFO - fastread - 84, 1530
2019-02-04 18:04:30,217 - INFO - fastread - 84, 1540
2019-02-04 18:04:30,223 - INFO - fastread - 86, 1550
2019-02-04 18:04:30,229 - INFO - fastread - 89, 1560
2019-02-04 18:04:30,235 - INFO - fastread - 89, 1570
2019-02-04 18:04:30,240 - INFO - fastread - 89, 1580
2019-02-04 18:04:30,246 - INFO - fastread - 90, 1590
2019-02-04 18:04:30,252 - INFO - fastread - 90, 1600
2019-02-04 18:04:30,258 - INFO - fastread - 90, 1610
2019-02-04 18:04:30,263 - INFO - fastread - 90, 1620
2019-02-04 18:04:30,269 - INFO - fastread - 92, 1630
2019-02-04 18:04:30,275 - INFO - fastread - 92, 1640
2019-02-04 18:04:30,280 - INFO - fastread - 92, 1650
2019-02-04 18:04:30,286 - INFO - fastread - 93, 1660
2019-02-04 18:04:30,292 - INFO - fastread - 93, 1670
2019-02-04 18:04:30,297 - INFO - fastread - 94, 1680
2019-02-04 18:04:30,303 - INFO - fastread - 95, 1690
2019-02-04 18:04:30,309 - INFO - fastread - 96, 1700
2019-02-04 18:04:30,315 - INFO - fastread - 96, 1710
2019-02-04 18:04:30,321 - INFO - fastread - 96, 1720
2019-02-04 18:04:30,327 - INFO - fastread - 97, 1730
2019-02-04 18:04:30,332 - INFO - fastread - 97, 1740
2019-02-04 18:04:30,338 - INFO - fastread - 97, 1750
2019-02-04 18:04:30,344 - INFO - fastread - 98, 1760
2019-02-04 18:04:30,350 - INFO - fastread - 98, 1770
2019-02-04 18:04:30,355 - INFO - fastread - 99, 1780
2019-02-04 18:04:30,361 - INFO - fastread - 99, 1790
2019-02-04 18:04:30,367 - INFO - fastread - 99, 1800
2019-02-04 18:04:30,372 - INFO - fastread - 99, 1810
2019-02-04 18:04:30,378 - INFO - fastread - 99, 1820
2019-02-04 18:04:30,384 - INFO - fastread - 99, 1830
2019-02-04 18:04:30,389 - INFO - fastread - 100, 1840
2019-02-04 18:04:30,395 - INFO - fastread - 102, 1850
2019-02-04 18:04:30,401 - INFO - fastread - 102, 1860
2019-02-04 18:04:30,406 - INFO - fastread - 103, 1870
2019-02-04 18:04:30,412 - INFO - fastread - 103, 1880
2019-02-04 18:04:30,418 - INFO - fastread - 103, 1890
2019-02-04 18:04:30,424 - INFO - fastread - 103, 1900
2019-02-04 18:04:30,430 - INFO - fastread - 103, 1910
2019-02-04 18:04:30,436 - INFO - fastread - 103, 1920
2019-02-04 18:04:30,442 - INFO - fastread - 103, 1930
2019-02-04 18:04:30,447 - INFO - fastread - 103, 1940
2019-02-04 18:04:30,453 - INFO - fastread - 103, 1950
2019-02-04 18:04:30,459 - INFO - fastread - 103, 1960
2019-02-04 18:04:30,465 - INFO - fastread - 103, 1970
2019-02-04 18:04:30,471 - INFO - fastread - 103, 1980
2019-02-04 18:04:30,477 - INFO - fastread - 103, 1990
2019-02-04 18:04:30,483 - INFO - fastread - 104, 2000
2019-02-04 18:04:30,488 - INFO - fastread - 104, 2010
2019-02-04 18:04:30,494 - INFO - fastread - 104, 2020
2019-02-04 18:04:30,500 - INFO - fastread - 105, 2030
2019-02-04 18:04:30,506 - INFO - fastread - 107, 2040
2019-02-04 18:04:30,511 - INFO - fastread - 108, 2050
2019-02-04 18:04:30,518 - INFO - fastread - 108, 2060
2019-02-04 18:04:30,523 - INFO - fastread - 108, 2070
2019-02-04 18:04:30,529 - INFO - fastread - 108, 2080
2019-02-04 18:04:30,535 - INFO - fastread - 109, 2090
2019-02-04 18:04:30,541 - INFO - fastread - 109, 2100
2019-02-04 18:04:30,547 - INFO - fastread - 110, 2110
2019-02-04 18:04:30,553 - INFO - fastread - 110, 2120
2019-02-04 18:04:30,559 - INFO - fastread - 112, 2130
2019-02-04 18:04:30,565 - INFO - fastread - 112, 2140
2019-02-04 18:04:30,571 - INFO - fastread - 115, 2150
2019-02-04 18:04:30,577 - INFO - fastread - 115, 2160
2019-02-04 18:04:30,582 - INFO - fastread - 116, 2170
2019-02-04 18:04:30,588 - INFO - fastread - 116, 2180
2019-02-04 18:04:30,594 - INFO - fastread - 116, 2190
2019-02-04 18:04:30,600 - INFO - fastread - 116, 2200
2019-02-04 18:04:30,606 - INFO - fastread - 116, 2210
2019-02-04 18:04:30,612 - INFO - fastread - 116, 2220
2019-02-04 18:04:30,618 - INFO - fastread - 116, 2230
2019-02-04 18:04:30,624 - INFO - fastread - 117, 2240
2019-02-04 18:04:30,630 - INFO - fastread - 118, 2250
2019-02-04 18:04:30,636 - INFO - fastread - 118, 2260
2019-02-04 18:04:30,642 - INFO - fastread - 118, 2270
2019-02-04 18:04:30,648 - INFO - fastread - 119, 2280
2019-02-04 18:04:30,654 - INFO - fastread - 119, 2290
2019-02-04 18:04:30,660 - INFO - fastread - 119, 2300
2019-02-04 18:04:30,666 - INFO - fastread - 119, 2310
2019-02-04 18:04:30,672 - INFO - fastread - 119, 2320
2019-02-04 18:04:30,678 - INFO - fastread - 119, 2330
2019-02-04 18:04:30,683 - INFO - fastread - 121, 2340
2019-02-04 18:04:30,689 - INFO - fastread - 121, 2350
2019-02-04 18:04:30,695 - INFO - fastread - 122, 2360
2019-02-04 18:04:30,701 - INFO - fastread - 122, 2370
2019-02-04 18:04:30,708 - INFO - fastread - 122, 2380
2019-02-04 18:04:30,714 - INFO - fastread - 122, 2390
2019-02-04 18:04:30,720 - INFO - fastread - 122, 2400
2019-02-04 18:04:30,726 - INFO - fastread - 122, 2410
2019-02-04 18:04:30,732 - INFO - fastread - 122, 2420
2019-02-04 18:04:30,738 - INFO - fastread - 123, 2430
2019-02-04 18:04:30,744 - INFO - fastread - 123, 2440
2019-02-04 18:04:30,750 - INFO - fastread - 123, 2450
2019-02-04 18:04:30,757 - INFO - fastread - 124, 2460
2019-02-04 18:04:30,763 - INFO - fastread - 124, 2470
2019-02-04 18:04:30,769 - INFO - fastread - 124, 2480
2019-02-04 18:04:30,775 - INFO - fastread - 124, 2490
2019-02-04 18:04:30,780 - INFO - fastread - 124, 2500
2019-02-04 18:04:30,786 - INFO - fastread - 126, 2510
2019-02-04 18:04:30,792 - INFO - fastread - 127, 2520
2019-02-04 18:04:30,799 - INFO - fastread - 127, 2530
2019-02-04 18:04:30,805 - INFO - fastread - 127, 2540
2019-02-04 18:04:30,811 - INFO - fastread - 127, 2550
2019-02-04 18:04:30,817 - INFO - fastread - 128, 2560
2019-02-04 18:04:30,823 - INFO - fastread - 128, 2570
2019-02-04 18:04:30,829 - INFO - fastread - 128, 2580
2019-02-04 18:04:30,835 - INFO - fastread - 128, 2590
2019-02-04 18:04:30,842 - INFO - fastread - 129, 2600
2019-02-04 18:04:30,848 - INFO - fastread - 130, 2610
2019-02-04 18:04:30,854 - INFO - fastread - 130, 2620
2019-02-04 18:04:30,868 - INFO - fastread - 130, 2630
2019-02-04 18:04:30,875 - INFO - fastread - 131, 2640
2019-02-04 18:04:30,882 - INFO - fastread - 131, 2650
2019-02-04 18:04:30,888 - INFO - fastread - 132, 2660
2019-02-04 18:04:30,894 - INFO - fastread - 133, 2670
2019-02-04 18:04:30,901 - INFO - fastread - 133, 2680
2019-02-04 18:04:30,907 - INFO - fastread - 134, 2690
2019-02-04 18:04:30,913 - INFO - fastread - 134, 2700
2019-02-04 18:04:30,919 - INFO - fastread - 135, 2710
2019-02-04 18:04:30,926 - INFO - fastread - 135, 2720
2019-02-04 18:04:30,932 - INFO - fastread - 137, 2730
2019-02-04 18:04:30,938 - INFO - fastread - 137, 2740
2019-02-04 18:04:30,944 - INFO - fastread - 137, 2750
2019-02-04 18:04:30,950 - INFO - fastread - 137, 2760
2019-02-04 18:04:30,957 - INFO - fastread - 137, 2770
2019-02-04 18:04:30,963 - INFO - fastread - 137, 2780
2019-02-04 18:04:30,969 - INFO - fastread - 139, 2790
2019-02-04 18:04:30,975 - INFO - fastread - 139, 2800
2019-02-04 18:04:30,981 - INFO - fastread - 139, 2810
2019-02-04 18:04:30,987 - INFO - fastread - 140, 2820
2019-02-04 18:04:30,993 - INFO - fastread - 140, 2830
2019-02-04 18:04:31,000 - INFO - fastread - 140, 2840
2019-02-04 18:04:31,006 - INFO - fastread - 141, 2850
2019-02-04 18:04:31,012 - INFO - fastread - 141, 2860
2019-02-04 18:04:31,019 - INFO - fastread - 141, 2870
2019-02-04 18:04:31,025 - INFO - fastread - 141, 2880
2019-02-04 18:04:31,031 - INFO - fastread - 141, 2890
2019-02-04 18:04:31,037 - INFO - fastread - 141, 2900
2019-02-04 18:04:31,043 - INFO - fastread - 141, 2910
2019-02-04 18:04:31,050 - INFO - fastread - 142, 2920
2019-02-04 18:04:31,056 - INFO - fastread - 143, 2930
2019-02-04 18:04:31,062 - INFO - fastread - 143, 2940
2019-02-04 18:04:31,068 - INFO - fastread - 143, 2950
2019-02-04 18:04:31,074 - INFO - fastread - 144, 2960
2019-02-04 18:04:31,080 - INFO - fastread - 146, 2970
2019-02-04 18:04:31,087 - INFO - fastread - 146, 2980
2019-02-04 18:04:31,093 - INFO - fastread - 147, 2990
2019-02-04 18:04:31,099 - INFO - fastread - 148, 3000
2019-02-04 18:04:31,106 - INFO - fastread - 148, 3010
2019-02-04 18:04:31,112 - INFO - fastread - 148, 3020
2019-02-04 18:04:31,119 - INFO - fastread - 148, 3030
2019-02-04 18:04:31,126 - INFO - fastread - 148, 3040
2019-02-04 18:04:31,132 - INFO - fastread - 149, 3050
2019-02-04 18:04:31,139 - INFO - fastread - 151, 3060
2019-02-04 18:04:31,145 - INFO - fastread - 152, 3070
2019-02-04 18:04:31,152 - INFO - fastread - 153, 3080
2019-02-04 18:04:31,158 - INFO - fastread - 154, 3090
2019-02-04 18:04:31,164 - INFO - fastread - 154, 3100
2019-02-04 18:04:31,171 - INFO - fastread - 154, 3110
2019-02-04 18:04:31,177 - INFO - fastread - 154, 3120
2019-02-04 18:04:31,184 - INFO - fastread - 154, 3130
2019-02-04 18:04:31,190 - INFO - fastread - 154, 3140
2019-02-04 18:04:31,197 - INFO - fastread - 154, 3150
2019-02-04 18:04:31,203 - INFO - fastread - 154, 3160
2019-02-04 18:04:31,209 - INFO - fastread - 155, 3170
2019-02-04 18:04:31,216 - INFO - fastread - 155, 3180
2019-02-04 18:04:31,222 - INFO - fastread - 155, 3190
2019-02-04 18:04:31,229 - INFO - fastread - 156, 3200
2019-02-04 18:04:31,235 - INFO - fastread - 156, 3210
2019-02-04 18:04:31,242 - INFO - fastread - 156, 3220
2019-02-04 18:04:31,248 - INFO - fastread - 156, 3230
2019-02-04 18:04:31,254 - INFO - fastread - 157, 3240
2019-02-04 18:04:31,260 - INFO - fastread - 157, 3250
2019-02-04 18:04:31,267 - INFO - fastread - 157, 3260
2019-02-04 18:04:31,273 - INFO - fastread - 157, 3270
2019-02-04 18:04:31,280 - INFO - fastread - 159, 3280
2019-02-04 18:04:31,286 - INFO - fastread - 160, 3290
2019-02-04 18:04:31,292 - INFO - fastread - 161, 3300
2019-02-04 18:04:31,299 - INFO - fastread - 161, 3310
2019-02-04 18:04:31,305 - INFO - fastread - 161, 3320
2019-02-04 18:04:31,312 - INFO - fastread - 161, 3330
2019-02-04 18:04:31,319 - INFO - fastread - 161, 3340
2019-02-04 18:04:31,325 - INFO - fastread - 161, 3350
2019-02-04 18:04:31,332 - INFO - fastread - 161, 3360
2019-02-04 18:04:31,338 - INFO - fastread - 162, 3370
2019-02-04 18:04:31,345 - INFO - fastread - 163, 3380
2019-02-04 18:04:31,352 - INFO - fastread - 164, 3390
2019-02-04 18:04:31,358 - INFO - fastread - 164, 3400
2019-02-04 18:04:31,364 - INFO - fastread - 164, 3410
2019-02-04 18:04:31,371 - INFO - fastread - 165, 3420
2019-02-04 18:04:31,378 - INFO - fastread - 166, 3430
2019-02-04 18:04:31,384 - INFO - fastread - 166, 3440
2019-02-04 18:04:31,391 - INFO - fastread - 167, 3450
2019-02-04 18:04:31,397 - INFO - fastread - 167, 3460
2019-02-04 18:04:31,404 - INFO - fastread - 168, 3470
2019-02-04 18:04:31,411 - INFO - fastread - 168, 3480
2019-02-04 18:04:31,417 - INFO - fastread - 170, 3490
2019-02-04 18:04:31,424 - INFO - fastread - 170, 3500
2019-02-04 18:04:31,430 - INFO - fastread - 171, 3510
2019-02-04 18:04:31,437 - INFO - fastread - 171, 3520
2019-02-04 18:04:31,444 - INFO - fastread - 171, 3530
2019-02-04 18:04:31,450 - INFO - fastread - 172, 3540
2019-02-04 18:04:31,456 - INFO - fastread - 172, 3550
2019-02-04 18:04:31,463 - INFO - fastread - 172, 3560
2019-02-04 18:04:31,470 - INFO - fastread - 173, 3570
2019-02-04 18:04:31,476 - INFO - fastread - 173, 3580
2019-02-04 18:04:31,483 - INFO - fastread - 173, 3590
2019-02-04 18:04:31,490 - INFO - fastread - 173, 3600
2019-02-04 18:04:31,496 - INFO - fastread - 174, 3610
2019-02-04 18:04:31,503 - INFO - fastread - 176, 3620
2019-02-04 18:04:31,510 - INFO - fastread - 176, 3630
2019-02-04 18:04:31,516 - INFO - fastread - 177, 3640
2019-02-04 18:04:31,523 - INFO - fastread - 177, 3650
2019-02-04 18:04:31,530 - INFO - fastread - 177, 3660
2019-02-04 18:04:31,536 - INFO - fastread - 177, 3670
2019-02-04 18:04:31,543 - INFO - fastread - 178, 3680
2019-02-04 18:04:31,549 - INFO - fastread - 178, 3690
2019-02-04 18:04:31,556 - INFO - fastread - 178, 3700
2019-02-04 18:04:31,563 - INFO - fastread - 178, 3710
2019-02-04 18:04:31,569 - INFO - fastread - 178, 3720
2019-02-04 18:04:31,576 - INFO - fastread - 178, 3730
2019-02-04 18:04:31,583 - INFO - fastread - 178, 3740
2019-02-04 18:04:31,590 - INFO - fastread - 178, 3750
2019-02-04 18:04:31,597 - INFO - fastread - 178, 3760
2019-02-04 18:04:31,604 - INFO - fastread - 178, 3770
2019-02-04 18:04:31,611 - INFO - fastread - 178, 3780
2019-02-04 18:04:31,618 - INFO - fastread - 178, 3790
2019-02-04 18:04:31,625 - INFO - fastread - 178, 3800
2019-02-04 18:04:31,632 - INFO - fastread - 178, 3810
2019-02-04 18:04:31,638 - INFO - fastread - 179, 3820
2019-02-04 18:04:31,645 - INFO - fastread - 179, 3830
2019-02-04 18:04:31,652 - INFO - fastread - 180, 3840
2019-02-04 18:04:31,659 - INFO - fastread - 180, 3850
2019-02-04 18:04:31,666 - INFO - fastread - 182, 3860
2019-02-04 18:04:31,673 - INFO - fastread - 182, 3870
2019-02-04 18:04:31,680 - INFO - fastread - 182, 3880
2019-02-04 18:04:31,687 - INFO - fastread - 182, 3890
2019-02-04 18:04:31,694 - INFO - fastread - 183, 3900
2019-02-04 18:04:31,701 - INFO - fastread - 183, 3910
2019-02-04 18:04:31,708 - INFO - fastread - 183, 3920
2019-02-04 18:04:31,715 - INFO - fastread - 183, 3930
2019-02-04 18:04:31,721 - INFO - fastread - 184, 3940
2019-02-04 18:04:31,728 - INFO - fastread - 185, 3950
2019-02-04 18:04:31,735 - INFO - fastread - 186, 3960
2019-02-04 18:04:31,742 - INFO - fastread - 186, 3970
2019-02-04 18:04:31,748 - INFO - fastread - 187, 3980
2019-02-04 18:04:31,755 - INFO - fastread - 189, 3990
2019-02-04 18:04:31,762 - INFO - fastread - 189, 4000
2019-02-04 18:04:31,769 - INFO - fastread - 189, 4010
2019-02-04 18:04:31,776 - INFO - fastread - 191, 4020
2019-02-04 18:04:31,783 - INFO - fastread - 191, 4030
2019-02-04 18:04:31,790 - INFO - fastread - 192, 4040
2019-02-04 18:04:31,797 - INFO - fastread - 192, 4050
2019-02-04 18:04:31,804 - INFO - fastread - 192, 4060
2019-02-04 18:04:31,811 - INFO - fastread - 192, 4070
2019-02-04 18:04:31,817 - INFO - fastread - 194, 4080
2019-02-04 18:04:31,824 - INFO - fastread - 194, 4090
2019-02-04 18:04:31,831 - INFO - fastread - 194, 4100
2019-02-04 18:04:31,838 - INFO - fastread - 194, 4110
2019-02-04 18:04:31,845 - INFO - fastread - 195, 4120
2019-02-04 18:04:31,852 - INFO - fastread - 195, 4130
2019-02-04 18:04:31,859 - INFO - fastread - 195, 4140
2019-02-04 18:04:31,866 - INFO - fastread - 195, 4150
2019-02-04 18:04:31,873 - INFO - fastread - 195, 4160
2019-02-04 18:04:31,880 - INFO - fastread - 196, 4170
2019-02-04 18:04:31,887 - INFO - fastread - 197, 4180
2019-02-04 18:04:31,894 - INFO - fastread - 199, 4190
2019-02-04 18:04:31,901 - INFO - fastread - 200, 4200
2019-02-04 18:04:31,907 - INFO - fastread - 200, 4210
2019-02-04 18:04:31,914 - INFO - fastread - 200, 4220
2019-02-04 18:04:31,921 - INFO - fastread - 200, 4230
2019-02-04 18:04:31,928 - INFO - fastread - 201, 4240
2019-02-04 18:04:31,935 - INFO - fastread - 201, 4250
2019-02-04 18:04:31,942 - INFO - fastread - 201, 4260
2019-02-04 18:04:31,949 - INFO - fastread - 202, 4270
2019-02-04 18:04:31,956 - INFO - fastread - 202, 4280
2019-02-04 18:04:31,964 - INFO - fastread - 203, 4290
2019-02-04 18:04:31,971 - INFO - fastread - 203, 4300
2019-02-04 18:04:31,978 - INFO - fastread - 203, 4310
2019-02-04 18:04:31,985 - INFO - fastread - 204, 4320
2019-02-04 18:04:31,992 - INFO - fastread - 204, 4330
2019-02-04 18:04:31,999 - INFO - fastread - 205, 4340
2019-02-04 18:04:32,006 - INFO - fastread - 206, 4350
2019-02-04 18:04:32,013 - INFO - fastread - 206, 4360
2019-02-04 18:04:32,020 - INFO - fastread - 207, 4370
2019-02-04 18:04:32,027 - INFO - fastread - 208, 4380
2019-02-04 18:04:32,035 - INFO - fastread - 209, 4390
2019-02-04 18:04:32,042 - INFO - fastread - 209, 4400
2019-02-04 18:04:32,069 - INFO - rig - ++++NEW CLF++++ DT
2019-02-04 18:04:32,069 - INFO - fastread - Total Yes: 209 | Total No: 4199
2019-02-04 18:04:54,802 - INFO - fastread - 2, 10
2019-02-04 18:04:54,807 - INFO - fastread - 9, 20
2019-02-04 18:04:54,812 - INFO - fastread - 16, 30
2019-02-04 18:04:54,817 - INFO - fastread - 21, 40
2019-02-04 18:04:54,821 - INFO - fastread - 29, 50
2019-02-04 18:04:54,826 - INFO - fastread - 36, 60
2019-02-04 18:04:54,831 - INFO - fastread - 41, 70
2019-02-04 18:04:54,835 - INFO - fastread - 49, 80
2019-02-04 18:04:54,840 - INFO - fastread - 56, 90
2019-02-04 18:04:54,845 - INFO - fastread - 63, 100
2019-02-04 18:04:54,849 - INFO - fastread - 71, 110
2019-02-04 18:04:54,854 - INFO - fastread - 78, 120
2019-02-04 18:04:54,859 - INFO - fastread - 86, 130
2019-02-04 18:04:54,864 - INFO - fastread - 94, 140
2019-02-04 18:04:54,868 - INFO - fastread - 99, 150
2019-02-04 18:04:54,873 - INFO - fastread - 100, 160
2019-02-04 18:04:54,878 - INFO - fastread - 100, 170
2019-02-04 18:04:54,882 - INFO - fastread - 100, 180
2019-02-04 18:04:54,887 - INFO - fastread - 100, 190
2019-02-04 18:04:54,892 - INFO - fastread - 100, 200
2019-02-04 18:04:54,896 - INFO - fastread - 100, 210
2019-02-04 18:04:54,901 - INFO - fastread - 100, 220
2019-02-04 18:04:54,906 - INFO - fastread - 100, 230
2019-02-04 18:04:54,911 - INFO - fastread - 100, 240
2019-02-04 18:04:54,915 - INFO - fastread - 100, 250
2019-02-04 18:04:54,920 - INFO - fastread - 101, 260
2019-02-04 18:04:54,925 - INFO - fastread - 101, 270
2019-02-04 18:04:54,930 - INFO - fastread - 101, 280
2019-02-04 18:04:54,934 - INFO - fastread - 101, 290
2019-02-04 18:04:54,939 - INFO - fastread - 101, 300
2019-02-04 18:04:54,944 - INFO - fastread - 101, 310
2019-02-04 18:04:54,949 - INFO - fastread - 101, 320
2019-02-04 18:04:54,953 - INFO - fastread - 102, 330
2019-02-04 18:04:54,958 - INFO - fastread - 102, 340
2019-02-04 18:04:54,963 - INFO - fastread - 104, 350
2019-02-04 18:04:54,968 - INFO - fastread - 104, 360
2019-02-04 18:04:54,972 - INFO - fastread - 104, 370
2019-02-04 18:04:54,977 - INFO - fastread - 104, 380
2019-02-04 18:04:54,982 - INFO - fastread - 104, 390
2019-02-04 18:04:54,987 - INFO - fastread - 104, 400
2019-02-04 18:04:54,991 - INFO - fastread - 104, 410
2019-02-04 18:04:54,996 - INFO - fastread - 104, 420
2019-02-04 18:04:55,001 - INFO - fastread - 104, 430
2019-02-04 18:04:55,006 - INFO - fastread - 104, 440
2019-02-04 18:04:55,010 - INFO - fastread - 105, 450
2019-02-04 18:04:55,015 - INFO - fastread - 105, 460
2019-02-04 18:04:55,020 - INFO - fastread - 105, 470
2019-02-04 18:04:55,025 - INFO - fastread - 106, 480
2019-02-04 18:04:55,030 - INFO - fastread - 106, 490
2019-02-04 18:04:55,034 - INFO - fastread - 106, 500
2019-02-04 18:04:55,039 - INFO - fastread - 106, 510
2019-02-04 18:04:55,044 - INFO - fastread - 106, 520
2019-02-04 18:04:55,049 - INFO - fastread - 107, 530
2019-02-04 18:04:55,053 - INFO - fastread - 107, 540
2019-02-04 18:04:55,058 - INFO - fastread - 107, 550
2019-02-04 18:04:55,063 - INFO - fastread - 107, 560
2019-02-04 18:04:55,068 - INFO - fastread - 107, 570
2019-02-04 18:04:55,073 - INFO - fastread - 107, 580
2019-02-04 18:04:55,078 - INFO - fastread - 107, 590
2019-02-04 18:04:55,082 - INFO - fastread - 107, 600
2019-02-04 18:04:55,087 - INFO - fastread - 107, 610
2019-02-04 18:04:55,092 - INFO - fastread - 107, 620
2019-02-04 18:04:55,097 - INFO - fastread - 107, 630
2019-02-04 18:04:55,102 - INFO - fastread - 107, 640
2019-02-04 18:04:55,106 - INFO - fastread - 107, 650
2019-02-04 18:04:55,111 - INFO - fastread - 108, 660
2019-02-04 18:04:55,116 - INFO - fastread - 108, 670
2019-02-04 18:04:55,121 - INFO - fastread - 108, 680
2019-02-04 18:04:55,126 - INFO - fastread - 108, 690
2019-02-04 18:04:55,131 - INFO - fastread - 108, 700
2019-02-04 18:04:55,136 - INFO - fastread - 108, 710
2019-02-04 18:04:55,140 - INFO - fastread - 108, 720
2019-02-04 18:04:55,145 - INFO - fastread - 108, 730
2019-02-04 18:04:55,150 - INFO - fastread - 108, 740
2019-02-04 18:04:55,155 - INFO - fastread - 108, 750
2019-02-04 18:04:55,160 - INFO - fastread - 109, 760
2019-02-04 18:04:55,165 - INFO - fastread - 109, 770
2019-02-04 18:04:55,170 - INFO - fastread - 110, 780
2019-02-04 18:04:55,174 - INFO - fastread - 110, 790
2019-02-04 18:04:55,179 - INFO - fastread - 111, 800
2019-02-04 18:04:55,184 - INFO - fastread - 111, 810
2019-02-04 18:04:55,189 - INFO - fastread - 111, 820
2019-02-04 18:04:55,194 - INFO - fastread - 111, 830
2019-02-04 18:04:55,199 - INFO - fastread - 111, 840
2019-02-04 18:04:55,204 - INFO - fastread - 111, 850
2019-02-04 18:04:55,209 - INFO - fastread - 111, 860
2019-02-04 18:04:55,213 - INFO - fastread - 111, 870
2019-02-04 18:04:55,218 - INFO - fastread - 111, 880
2019-02-04 18:04:55,223 - INFO - fastread - 112, 890
2019-02-04 18:04:55,228 - INFO - fastread - 112, 900
2019-02-04 18:04:55,233 - INFO - fastread - 113, 910
2019-02-04 18:04:55,238 - INFO - fastread - 113, 920
2019-02-04 18:04:55,243 - INFO - fastread - 113, 930
2019-02-04 18:04:55,248 - INFO - fastread - 114, 940
2019-02-04 18:04:55,253 - INFO - fastread - 116, 950
2019-02-04 18:04:55,257 - INFO - fastread - 116, 960
2019-02-04 18:04:55,262 - INFO - fastread - 116, 970
2019-02-04 18:04:55,267 - INFO - fastread - 116, 980
2019-02-04 18:04:55,272 - INFO - fastread - 117, 990
2019-02-04 18:04:55,277 - INFO - fastread - 117, 1000
2019-02-04 18:04:55,282 - INFO - fastread - 117, 1010
2019-02-04 18:04:55,287 - INFO - fastread - 117, 1020
2019-02-04 18:04:55,292 - INFO - fastread - 117, 1030
2019-02-04 18:04:55,297 - INFO - fastread - 117, 1040
2019-02-04 18:04:55,302 - INFO - fastread - 117, 1050
2019-02-04 18:04:55,307 - INFO - fastread - 117, 1060
2019-02-04 18:04:55,312 - INFO - fastread - 117, 1070
2019-02-04 18:04:55,317 - INFO - fastread - 117, 1080
2019-02-04 18:04:55,322 - INFO - fastread - 117, 1090
2019-02-04 18:04:55,326 - INFO - fastread - 117, 1100
2019-02-04 18:04:55,331 - INFO - fastread - 117, 1110
2019-02-04 18:04:55,336 - INFO - fastread - 117, 1120
2019-02-04 18:04:55,341 - INFO - fastread - 117, 1130
2019-02-04 18:04:55,346 - INFO - fastread - 117, 1140
2019-02-04 18:04:55,351 - INFO - fastread - 119, 1150
2019-02-04 18:04:55,356 - INFO - fastread - 120, 1160
2019-02-04 18:04:55,361 - INFO - fastread - 120, 1170
2019-02-04 18:04:55,366 - INFO - fastread - 120, 1180
2019-02-04 18:04:55,371 - INFO - fastread - 120, 1190
2019-02-04 18:04:55,376 - INFO - fastread - 120, 1200
2019-02-04 18:04:55,381 - INFO - fastread - 120, 1210
2019-02-04 18:04:55,386 - INFO - fastread - 120, 1220
2019-02-04 18:04:55,391 - INFO - fastread - 121, 1230
2019-02-04 18:04:55,396 - INFO - fastread - 121, 1240
2019-02-04 18:04:55,401 - INFO - fastread - 121, 1250
2019-02-04 18:04:55,406 - INFO - fastread - 121, 1260
2019-02-04 18:04:55,411 - INFO - fastread - 122, 1270
2019-02-04 18:04:55,416 - INFO - fastread - 122, 1280
2019-02-04 18:04:55,421 - INFO - fastread - 122, 1290
2019-02-04 18:04:55,426 - INFO - fastread - 122, 1300
2019-02-04 18:04:55,431 - INFO - fastread - 122, 1310
2019-02-04 18:04:55,436 - INFO - fastread - 122, 1320
2019-02-04 18:04:55,441 - INFO - fastread - 123, 1330
2019-02-04 18:04:55,446 - INFO - fastread - 123, 1340
2019-02-04 18:04:55,451 - INFO - fastread - 123, 1350
2019-02-04 18:04:55,456 - INFO - fastread - 123, 1360
2019-02-04 18:04:55,461 - INFO - fastread - 123, 1370
2019-02-04 18:04:55,466 - INFO - fastread - 123, 1380
2019-02-04 18:04:55,471 - INFO - fastread - 123, 1390
2019-02-04 18:04:55,476 - INFO - fastread - 123, 1400
2019-02-04 18:04:55,481 - INFO - fastread - 123, 1410
2019-02-04 18:04:55,486 - INFO - fastread - 123, 1420
2019-02-04 18:04:55,491 - INFO - fastread - 123, 1430
2019-02-04 18:04:55,496 - INFO - fastread - 123, 1440
2019-02-04 18:04:55,501 - INFO - fastread - 124, 1450
2019-02-04 18:04:55,506 - INFO - fastread - 124, 1460
2019-02-04 18:04:55,512 - INFO - fastread - 124, 1470
2019-02-04 18:04:55,517 - INFO - fastread - 125, 1480
2019-02-04 18:04:55,522 - INFO - fastread - 125, 1490
2019-02-04 18:04:55,527 - INFO - fastread - 126, 1500
2019-02-04 18:04:55,532 - INFO - fastread - 126, 1510
2019-02-04 18:04:55,537 - INFO - fastread - 127, 1520
2019-02-04 18:04:55,542 - INFO - fastread - 128, 1530
2019-02-04 18:04:55,547 - INFO - fastread - 128, 1540
2019-02-04 18:04:55,552 - INFO - fastread - 130, 1550
2019-02-04 18:04:55,557 - INFO - fastread - 130, 1560
2019-02-04 18:04:55,562 - INFO - fastread - 130, 1570
2019-02-04 18:04:55,567 - INFO - fastread - 130, 1580
2019-02-04 18:04:55,572 - INFO - fastread - 130, 1590
2019-02-04 18:04:55,577 - INFO - fastread - 130, 1600
2019-02-04 18:04:55,582 - INFO - fastread - 130, 1610
2019-02-04 18:04:55,587 - INFO - fastread - 131, 1620
2019-02-04 18:04:55,593 - INFO - fastread - 131, 1630
2019-02-04 18:04:55,598 - INFO - fastread - 132, 1640
2019-02-04 18:04:55,603 - INFO - fastread - 132, 1650
2019-02-04 18:04:55,608 - INFO - fastread - 133, 1660
2019-02-04 18:04:55,613 - INFO - fastread - 134, 1670
2019-02-04 18:04:55,618 - INFO - fastread - 134, 1680
2019-02-04 18:04:55,623 - INFO - fastread - 134, 1690
2019-02-04 18:04:55,628 - INFO - fastread - 134, 1700
2019-02-04 18:04:55,633 - INFO - fastread - 135, 1710
2019-02-04 18:04:55,638 - INFO - fastread - 135, 1720
2019-02-04 18:04:55,644 - INFO - fastread - 136, 1730
2019-02-04 18:04:55,649 - INFO - fastread - 137, 1740
2019-02-04 18:04:55,654 - INFO - fastread - 138, 1750
2019-02-04 18:04:55,659 - INFO - fastread - 138, 1760
2019-02-04 18:04:55,664 - INFO - fastread - 138, 1770
2019-02-04 18:04:55,669 - INFO - fastread - 138, 1780
2019-02-04 18:04:55,674 - INFO - fastread - 138, 1790
2019-02-04 18:04:55,680 - INFO - fastread - 138, 1800
2019-02-04 18:04:55,685 - INFO - fastread - 138, 1810
2019-02-04 18:04:55,690 - INFO - fastread - 138, 1820
2019-02-04 18:04:55,695 - INFO - fastread - 139, 1830
2019-02-04 18:04:55,700 - INFO - fastread - 139, 1840
2019-02-04 18:04:55,705 - INFO - fastread - 139, 1850
2019-02-04 18:04:55,710 - INFO - fastread - 139, 1860
2019-02-04 18:04:55,716 - INFO - fastread - 139, 1870
2019-02-04 18:04:55,721 - INFO - fastread - 139, 1880
2019-02-04 18:04:55,726 - INFO - fastread - 139, 1890
2019-02-04 18:04:55,731 - INFO - fastread - 139, 1900
2019-02-04 18:04:55,736 - INFO - fastread - 139, 1910
2019-02-04 18:04:55,741 - INFO - fastread - 139, 1920
2019-02-04 18:04:55,747 - INFO - fastread - 139, 1930
2019-02-04 18:04:55,752 - INFO - fastread - 139, 1940
2019-02-04 18:04:55,757 - INFO - fastread - 139, 1950
2019-02-04 18:04:55,762 - INFO - fastread - 139, 1960
2019-02-04 18:04:55,767 - INFO - fastread - 139, 1970
2019-02-04 18:04:55,773 - INFO - fastread - 139, 1980
2019-02-04 18:04:55,778 - INFO - fastread - 139, 1990
2019-02-04 18:04:55,783 - INFO - fastread - 140, 2000
2019-02-04 18:04:55,788 - INFO - fastread - 140, 2010
2019-02-04 18:04:55,793 - INFO - fastread - 141, 2020
2019-02-04 18:04:55,799 - INFO - fastread - 142, 2030
2019-02-04 18:04:55,804 - INFO - fastread - 142, 2040
2019-02-04 18:04:55,809 - INFO - fastread - 142, 2050
2019-02-04 18:04:55,814 - INFO - fastread - 142, 2060
2019-02-04 18:04:55,819 - INFO - fastread - 142, 2070
2019-02-04 18:04:55,825 - INFO - fastread - 143, 2080
2019-02-04 18:04:55,830 - INFO - fastread - 143, 2090
2019-02-04 18:04:55,835 - INFO - fastread - 143, 2100
2019-02-04 18:04:55,840 - INFO - fastread - 144, 2110
2019-02-04 18:04:55,846 - INFO - fastread - 146, 2120
2019-02-04 18:04:55,851 - INFO - fastread - 146, 2130
2019-02-04 18:04:55,856 - INFO - fastread - 147, 2140
2019-02-04 18:04:55,861 - INFO - fastread - 147, 2150
2019-02-04 18:04:55,866 - INFO - fastread - 147, 2160
2019-02-04 18:04:55,872 - INFO - fastread - 147, 2170
2019-02-04 18:04:55,877 - INFO - fastread - 147, 2180
2019-02-04 18:04:55,882 - INFO - fastread - 147, 2190
2019-02-04 18:04:55,887 - INFO - fastread - 147, 2200
2019-02-04 18:04:55,893 - INFO - fastread - 148, 2210
2019-02-04 18:04:55,898 - INFO - fastread - 148, 2220
2019-02-04 18:04:55,903 - INFO - fastread - 148, 2230
2019-02-04 18:04:55,908 - INFO - fastread - 148, 2240
2019-02-04 18:04:55,914 - INFO - fastread - 148, 2250
2019-02-04 18:04:55,919 - INFO - fastread - 148, 2260
2019-02-04 18:04:55,924 - INFO - fastread - 148, 2270
2019-02-04 18:04:55,929 - INFO - fastread - 148, 2280
2019-02-04 18:04:55,935 - INFO - fastread - 148, 2290
2019-02-04 18:04:55,940 - INFO - fastread - 148, 2300
2019-02-04 18:04:55,945 - INFO - fastread - 148, 2310
2019-02-04 18:04:55,950 - INFO - fastread - 148, 2320
2019-02-04 18:04:55,956 - INFO - fastread - 148, 2330
2019-02-04 18:04:55,961 - INFO - fastread - 148, 2340
2019-02-04 18:04:55,966 - INFO - fastread - 149, 2350
2019-02-04 18:04:55,972 - INFO - fastread - 150, 2360
2019-02-04 18:04:55,977 - INFO - fastread - 150, 2370
2019-02-04 18:04:55,982 - INFO - fastread - 150, 2380
2019-02-04 18:04:55,987 - INFO - fastread - 150, 2390
2019-02-04 18:04:55,993 - INFO - fastread - 150, 2400
2019-02-04 18:04:55,998 - INFO - fastread - 151, 2410
2019-02-04 18:04:56,003 - INFO - fastread - 152, 2420
2019-02-04 18:04:56,009 - INFO - fastread - 152, 2430
2019-02-04 18:04:56,014 - INFO - fastread - 152, 2440
2019-02-04 18:04:56,019 - INFO - fastread - 153, 2450
2019-02-04 18:04:56,025 - INFO - fastread - 153, 2460
2019-02-04 18:04:56,030 - INFO - fastread - 154, 2470
2019-02-04 18:04:56,035 - INFO - fastread - 154, 2480
2019-02-04 18:04:56,041 - INFO - fastread - 154, 2490
2019-02-04 18:04:56,046 - INFO - fastread - 154, 2500
2019-02-04 18:04:56,051 - INFO - fastread - 155, 2510
2019-02-04 18:04:56,057 - INFO - fastread - 156, 2520
2019-02-04 18:04:56,062 - INFO - fastread - 156, 2530
2019-02-04 18:04:56,067 - INFO - fastread - 156, 2540
2019-02-04 18:04:56,072 - INFO - fastread - 156, 2550
2019-02-04 18:04:56,078 - INFO - fastread - 157, 2560
2019-02-04 18:04:56,083 - INFO - fastread - 157, 2570
2019-02-04 18:04:56,089 - INFO - fastread - 157, 2580
2019-02-04 18:04:56,094 - INFO - fastread - 158, 2590
2019-02-04 18:04:56,099 - INFO - fastread - 158, 2600
2019-02-04 18:04:56,104 - INFO - fastread - 158, 2610
2019-02-04 18:04:56,110 - INFO - fastread - 158, 2620
2019-02-04 18:04:56,115 - INFO - fastread - 158, 2630
2019-02-04 18:04:56,121 - INFO - fastread - 159, 2640
2019-02-04 18:04:56,126 - INFO - fastread - 159, 2650
2019-02-04 18:04:56,131 - INFO - fastread - 159, 2660
2019-02-04 18:04:56,137 - INFO - fastread - 159, 2670
2019-02-04 18:04:56,142 - INFO - fastread - 159, 2680
2019-02-04 18:04:56,147 - INFO - fastread - 159, 2690
2019-02-04 18:04:56,153 - INFO - fastread - 160, 2700
2019-02-04 18:04:56,158 - INFO - fastread - 160, 2710
2019-02-04 18:04:56,163 - INFO - fastread - 161, 2720
2019-02-04 18:04:56,169 - INFO - fastread - 161, 2730
2019-02-04 18:04:56,174 - INFO - fastread - 161, 2740
2019-02-04 18:04:56,180 - INFO - fastread - 161, 2750
2019-02-04 18:04:56,185 - INFO - fastread - 161, 2760
2019-02-04 18:04:56,190 - INFO - fastread - 162, 2770
2019-02-04 18:04:56,196 - INFO - fastread - 162, 2780
2019-02-04 18:04:56,201 - INFO - fastread - 162, 2790
2019-02-04 18:04:56,207 - INFO - fastread - 162, 2800
2019-02-04 18:04:56,212 - INFO - fastread - 163, 2810
2019-02-04 18:04:56,218 - INFO - fastread - 163, 2820
2019-02-04 18:04:56,223 - INFO - fastread - 163, 2830
2019-02-04 18:04:56,228 - INFO - fastread - 163, 2840
2019-02-04 18:04:56,234 - INFO - fastread - 163, 2850
2019-02-04 18:04:56,239 - INFO - fastread - 163, 2860
2019-02-04 18:04:56,244 - INFO - fastread - 163, 2870
2019-02-04 18:04:56,250 - INFO - fastread - 163, 2880
2019-02-04 18:04:56,255 - INFO - fastread - 163, 2890
2019-02-04 18:04:56,261 - INFO - fastread - 163, 2900
2019-02-04 18:04:56,266 - INFO - fastread - 163, 2910
2019-02-04 18:04:56,271 - INFO - fastread - 163, 2920
2019-02-04 18:04:56,277 - INFO - fastread - 164, 2930
2019-02-04 18:04:56,282 - INFO - fastread - 164, 2940
2019-02-04 18:04:56,288 - INFO - fastread - 164, 2950
2019-02-04 18:04:56,293 - INFO - fastread - 165, 2960
2019-02-04 18:04:56,299 - INFO - fastread - 165, 2970
2019-02-04 18:04:56,304 - INFO - fastread - 166, 2980
2019-02-04 18:04:56,310 - INFO - fastread - 167, 2990
2019-02-04 18:04:56,315 - INFO - fastread - 168, 3000
2019-02-04 18:04:56,320 - INFO - fastread - 168, 3010
2019-02-04 18:04:56,326 - INFO - fastread - 168, 3020
2019-02-04 18:04:56,331 - INFO - fastread - 168, 3030
2019-02-04 18:04:56,337 - INFO - fastread - 168, 3040
2019-02-04 18:04:56,342 - INFO - fastread - 169, 3050
2019-02-04 18:04:56,348 - INFO - fastread - 170, 3060
2019-02-04 18:04:56,353 - INFO - fastread - 171, 3070
2019-02-04 18:04:56,359 - INFO - fastread - 172, 3080
2019-02-04 18:04:56,364 - INFO - fastread - 173, 3090
2019-02-04 18:04:56,370 - INFO - fastread - 173, 3100
2019-02-04 18:04:56,375 - INFO - fastread - 173, 3110
2019-02-04 18:04:56,381 - INFO - fastread - 173, 3120
2019-02-04 18:04:56,386 - INFO - fastread - 173, 3130
2019-02-04 18:04:56,392 - INFO - fastread - 173, 3140
2019-02-04 18:04:56,397 - INFO - fastread - 173, 3150
2019-02-04 18:04:56,403 - INFO - fastread - 173, 3160
2019-02-04 18:04:56,408 - INFO - fastread - 174, 3170
2019-02-04 18:04:56,414 - INFO - fastread - 174, 3180
2019-02-04 18:04:56,419 - INFO - fastread - 175, 3190
2019-02-04 18:04:56,424 - INFO - fastread - 176, 3200
2019-02-04 18:04:56,430 - INFO - fastread - 176, 3210
2019-02-04 18:04:56,436 - INFO - fastread - 176, 3220
2019-02-04 18:04:56,441 - INFO - fastread - 177, 3230
2019-02-04 18:04:56,446 - INFO - fastread - 178, 3240
2019-02-04 18:04:56,452 - INFO - fastread - 178, 3250
2019-02-04 18:04:56,457 - INFO - fastread - 178, 3260
2019-02-04 18:04:56,463 - INFO - fastread - 178, 3270
2019-02-04 18:04:56,469 - INFO - fastread - 179, 3280
2019-02-04 18:04:56,474 - INFO - fastread - 179, 3290
2019-02-04 18:04:56,480 - INFO - fastread - 179, 3300
2019-02-04 18:04:56,485 - INFO - fastread - 179, 3310
2019-02-04 18:04:56,491 - INFO - fastread - 179, 3320
2019-02-04 18:04:56,496 - INFO - fastread - 181, 3330
2019-02-04 18:04:56,502 - INFO - fastread - 181, 3340
2019-02-04 18:04:56,507 - INFO - fastread - 181, 3350
2019-02-04 18:04:56,513 - INFO - fastread - 181, 3360
2019-02-04 18:04:56,518 - INFO - fastread - 181, 3370
2019-02-04 18:04:56,524 - INFO - fastread - 181, 3380
2019-02-04 18:04:56,529 - INFO - fastread - 182, 3390
2019-02-04 18:04:56,535 - INFO - fastread - 183, 3400
2019-02-04 18:04:56,541 - INFO - fastread - 183, 3410
2019-02-04 18:04:56,546 - INFO - fastread - 183, 3420
2019-02-04 18:04:56,552 - INFO - fastread - 184, 3430
2019-02-04 18:04:56,557 - INFO - fastread - 185, 3440
2019-02-04 18:04:56,563 - INFO - fastread - 186, 3450
2019-02-04 18:04:56,568 - INFO - fastread - 186, 3460
2019-02-04 18:04:56,574 - INFO - fastread - 186, 3470
2019-02-04 18:04:56,580 - INFO - fastread - 186, 3480
2019-02-04 18:04:56,585 - INFO - fastread - 188, 3490
2019-02-04 18:04:56,591 - INFO - fastread - 189, 3500
2019-02-04 18:04:56,596 - INFO - fastread - 189, 3510
2019-02-04 18:04:56,602 - INFO - fastread - 189, 3520
2019-02-04 18:04:56,608 - INFO - fastread - 189, 3530
2019-02-04 18:04:56,613 - INFO - fastread - 190, 3540
2019-02-04 18:04:56,619 - INFO - fastread - 190, 3550
2019-02-04 18:04:56,624 - INFO - fastread - 190, 3560
2019-02-04 18:04:56,630 - INFO - fastread - 190, 3570
2019-02-04 18:04:56,635 - INFO - fastread - 190, 3580
2019-02-04 18:04:56,641 - INFO - fastread - 190, 3590
2019-02-04 18:04:56,647 - INFO - fastread - 190, 3600
2019-02-04 18:04:56,652 - INFO - fastread - 190, 3610
2019-02-04 18:04:56,658 - INFO - fastread - 190, 3620
2019-02-04 18:04:56,664 - INFO - fastread - 191, 3630
2019-02-04 18:04:56,669 - INFO - fastread - 191, 3640
2019-02-04 18:04:56,675 - INFO - fastread - 191, 3650
2019-02-04 18:04:56,680 - INFO - fastread - 191, 3660
2019-02-04 18:04:56,686 - INFO - fastread - 191, 3670
2019-02-04 18:04:56,692 - INFO - fastread - 191, 3680
2019-02-04 18:04:56,697 - INFO - fastread - 191, 3690
2019-02-04 18:04:56,703 - INFO - fastread - 191, 3700
2019-02-04 18:04:56,709 - INFO - fastread - 191, 3710
2019-02-04 18:04:56,714 - INFO - fastread - 191, 3720
2019-02-04 18:04:56,720 - INFO - fastread - 191, 3730
2019-02-04 18:04:56,726 - INFO - fastread - 191, 3740
2019-02-04 18:04:56,731 - INFO - fastread - 191, 3750
2019-02-04 18:04:56,737 - INFO - fastread - 191, 3760
2019-02-04 18:04:56,743 - INFO - fastread - 191, 3770
2019-02-04 18:04:56,748 - INFO - fastread - 191, 3780
2019-02-04 18:04:56,754 - INFO - fastread - 191, 3790
2019-02-04 18:04:56,760 - INFO - fastread - 191, 3800
2019-02-04 18:04:56,765 - INFO - fastread - 191, 3810
2019-02-04 18:04:56,771 - INFO - fastread - 191, 3820
2019-02-04 18:04:56,776 - INFO - fastread - 191, 3830
2019-02-04 18:04:56,782 - INFO - fastread - 191, 3840
2019-02-04 18:04:56,788 - INFO - fastread - 191, 3850
2019-02-04 18:04:56,794 - INFO - fastread - 191, 3860
2019-02-04 18:04:56,799 - INFO - fastread - 192, 3870
2019-02-04 18:04:56,805 - INFO - fastread - 192, 3880
2019-02-04 18:04:56,810 - INFO - fastread - 192, 3890
2019-02-04 18:04:56,816 - INFO - fastread - 192, 3900
2019-02-04 18:04:56,822 - INFO - fastread - 192, 3910
2019-02-04 18:04:56,828 - INFO - fastread - 192, 3920
2019-02-04 18:04:56,833 - INFO - fastread - 192, 3930
2019-02-04 18:04:56,839 - INFO - fastread - 192, 3940
2019-02-04 18:04:56,845 - INFO - fastread - 193, 3950
2019-02-04 18:04:56,850 - INFO - fastread - 194, 3960
2019-02-04 18:04:56,856 - INFO - fastread - 194, 3970
2019-02-04 18:04:56,862 - INFO - fastread - 194, 3980
2019-02-04 18:04:56,867 - INFO - fastread - 195, 3990
2019-02-04 18:04:56,873 - INFO - fastread - 197, 4000
2019-02-04 18:04:56,879 - INFO - fastread - 197, 4010
2019-02-04 18:04:56,884 - INFO - fastread - 197, 4020
2019-02-04 18:04:56,890 - INFO - fastread - 198, 4030
2019-02-04 18:04:56,896 - INFO - fastread - 198, 4040
2019-02-04 18:04:56,902 - INFO - fastread - 198, 4050
2019-02-04 18:04:56,907 - INFO - fastread - 198, 4060
2019-02-04 18:04:56,913 - INFO - fastread - 198, 4070
2019-02-04 18:04:56,919 - INFO - fastread - 198, 4080
2019-02-04 18:04:56,925 - INFO - fastread - 198, 4090
2019-02-04 18:04:56,930 - INFO - fastread - 199, 4100
2019-02-04 18:04:56,936 - INFO - fastread - 199, 4110
2019-02-04 18:04:56,942 - INFO - fastread - 200, 4120
2019-02-04 18:04:56,948 - INFO - fastread - 201, 4130
2019-02-04 18:04:56,953 - INFO - fastread - 201, 4140
2019-02-04 18:04:56,959 - INFO - fastread - 201, 4150
2019-02-04 18:04:56,965 - INFO - fastread - 201, 4160
2019-02-04 18:04:56,971 - INFO - fastread - 201, 4170
2019-02-04 18:04:56,976 - INFO - fastread - 201, 4180
2019-02-04 18:04:56,982 - INFO - fastread - 202, 4190
2019-02-04 18:04:56,988 - INFO - fastread - 203, 4200
2019-02-04 18:04:56,994 - INFO - fastread - 204, 4210
2019-02-04 18:04:56,999 - INFO - fastread - 204, 4220
2019-02-04 18:04:57,005 - INFO - fastread - 204, 4230
2019-02-04 18:04:57,011 - INFO - fastread - 204, 4240
2019-02-04 18:04:57,017 - INFO - fastread - 205, 4250
2019-02-04 18:04:57,022 - INFO - fastread - 205, 4260
2019-02-04 18:04:57,028 - INFO - fastread - 205, 4270
2019-02-04 18:04:57,034 - INFO - fastread - 206, 4280
2019-02-04 18:04:57,040 - INFO - fastread - 206, 4290
2019-02-04 18:04:57,046 - INFO - fastread - 207, 4300
2019-02-04 18:04:57,051 - INFO - fastread - 207, 4310
2019-02-04 18:04:57,057 - INFO - fastread - 207, 4320
2019-02-04 18:04:57,063 - INFO - fastread - 207, 4330
2019-02-04 18:04:57,069 - INFO - fastread - 208, 4340
2019-02-04 18:04:57,075 - INFO - fastread - 208, 4350
2019-02-04 18:04:57,080 - INFO - fastread - 208, 4360
2019-02-04 18:04:57,086 - INFO - fastread - 208, 4370
2019-02-04 18:04:57,092 - INFO - fastread - 208, 4380
2019-02-04 18:04:57,098 - INFO - fastread - 209, 4390
2019-02-04 18:04:57,104 - INFO - fastread - 209, 4400
2019-02-04 18:04:57,129 - INFO - rig - ++++NEW CLF++++ SVM
2019-02-04 18:04:57,129 - INFO - fastread - Total Yes: 209 | Total No: 4199
2019-02-04 18:15:23,924 - INFO - fastread - 10, 10
2019-02-04 18:15:23,929 - INFO - fastread - 19, 20
2019-02-04 18:15:23,934 - INFO - fastread - 27, 30
2019-02-04 18:15:23,938 - INFO - fastread - 37, 40
2019-02-04 18:15:23,943 - INFO - fastread - 46, 50
2019-02-04 18:15:23,947 - INFO - fastread - 54, 60
2019-02-04 18:15:23,952 - INFO - fastread - 61, 70
2019-02-04 18:15:23,956 - INFO - fastread - 66, 80
2019-02-04 18:15:23,961 - INFO - fastread - 72, 90
2019-02-04 18:15:23,965 - INFO - fastread - 77, 100
2019-02-04 18:15:23,970 - INFO - fastread - 79, 110
2019-02-04 18:15:23,974 - INFO - fastread - 84, 120
2019-02-04 18:15:23,979 - INFO - fastread - 92, 130
2019-02-04 18:15:23,984 - INFO - fastread - 100, 140
2019-02-04 18:15:23,988 - INFO - fastread - 102, 150
2019-02-04 18:15:23,993 - INFO - fastread - 103, 160
2019-02-04 18:15:23,997 - INFO - fastread - 106, 170
2019-02-04 18:15:24,002 - INFO - fastread - 109, 180
2019-02-04 18:15:24,006 - INFO - fastread - 114, 190
2019-02-04 18:15:24,011 - INFO - fastread - 118, 200
2019-02-04 18:15:24,018 - INFO - rig - ++++NEW CLF++++ SVM_LINER
2019-02-04 18:15:24,018 - INFO - fastread - Total Yes: 209 | Total No: 4199
2019-02-04 18:28:00,805 - INFO - fastread - 8, 10
2019-02-04 18:28:00,815 - INFO - fastread - 14, 20
2019-02-04 18:28:00,822 - INFO - fastread - 24, 30
2019-02-04 18:28:00,827 - INFO - fastread - 33, 40
2019-02-04 18:28:00,831 - INFO - fastread - 39, 50
2019-02-04 18:28:00,836 - INFO - fastread - 48, 60
2019-02-04 18:28:00,841 - INFO - fastread - 54, 70
2019-02-04 18:28:00,845 - INFO - fastread - 55, 80
2019-02-04 18:28:00,850 - INFO - fastread - 57, 90
2019-02-04 18:28:00,854 - INFO - fastread - 65, 100
2019-02-04 18:28:00,859 - INFO - fastread - 71, 110
2019-02-04 18:28:00,863 - INFO - fastread - 78, 120
2019-02-04 18:28:00,868 - INFO - fastread - 88, 130
2019-02-04 18:28:00,873 - INFO - fastread - 97, 140
2019-02-04 18:28:00,877 - INFO - fastread - 103, 150
2019-02-04 18:28:00,882 - INFO - fastread - 105, 160
2019-02-04 18:28:00,887 - INFO - fastread - 107, 170
2019-02-04 18:28:00,891 - INFO - fastread - 109, 180
2019-02-04 18:28:00,896 - INFO - fastread - 109, 190
2019-02-04 18:28:00,901 - INFO - fastread - 115, 200
