2019-02-04 15:53:50,543 - INFO - rig - apache-ant-1.7.0
2019-02-04 15:53:56,111 - INFO - rig - ++++NEW CLF++++ FASTREAD
2019-02-04 15:53:56,111 - INFO - fastread - Total Yes: 131 | Total No: 3967
2019-02-04 15:53:56,501 - INFO - fastread - 0, 0  5999
2019-02-04 15:54:01,367 - INFO - fastread - 30, 35  5999
2019-02-04 15:54:01,627 - INFO - rig - ++++NEW CLF++++ ENSEMBLE_DT
2019-02-04 15:54:01,639 - INFO - ensemble - 10, 10
2019-02-04 15:54:01,644 - INFO - ensemble - 19, 20
2019-02-04 15:54:01,648 - INFO - ensemble - 25, 30
2019-02-04 15:54:01,652 - INFO - ensemble - 33, 40
2019-02-04 15:54:06,070 - INFO - rig - ++++NEW CLF++++ ENSEMBLE_NBM
2019-02-04 15:54:06,075 - INFO - ensemble - 10, 10
2019-02-04 15:54:06,079 - INFO - ensemble - 17, 20
2019-02-04 15:54:06,081 - INFO - ensemble - 26, 30
2019-02-04 15:54:06,083 - INFO - ensemble - 35, 40
2019-02-04 15:54:06,084 - INFO - rig - ++++NEW CLF++++ RANDOM
2019-02-04 15:54:06,084 - INFO - fastread - Total Yes: 131 | Total No: 3967
2019-02-04 15:54:06,199 - INFO - fastread - 0, 0
2019-02-04 15:54:06,265 - INFO - fastread - 1, 10
2019-02-04 15:54:06,330 - INFO - fastread - 1, 20
2019-02-04 15:54:06,388 - INFO - fastread - 1, 30
2019-02-04 15:54:06,447 - INFO - fastread - 1, 40
2019-02-04 15:54:06,510 - INFO - fastread - 1, 50
2019-02-04 15:54:06,564 - INFO - fastread - 1, 60
2019-02-04 15:54:06,630 - INFO - fastread - 1, 70
2019-02-04 15:54:06,687 - INFO - fastread - 1, 80
2019-02-04 15:54:06,747 - INFO - fastread - 1, 90
2019-02-04 15:54:06,806 - INFO - fastread - 1, 100
2019-02-04 15:54:06,866 - INFO - fastread - 1, 110
2019-02-04 15:54:06,931 - INFO - fastread - 1, 120
2019-02-04 15:54:06,999 - INFO - fastread - 2, 130
2019-02-04 15:54:07,054 - INFO - fastread - 2, 140
2019-02-04 15:54:07,110 - INFO - fastread - 2, 150
2019-02-04 15:54:07,172 - INFO - fastread - 2, 160
2019-02-04 15:54:07,236 - INFO - fastread - 2, 170
2019-02-04 15:54:07,292 - INFO - fastread - 3, 180
2019-02-04 15:54:07,355 - INFO - fastread - 5, 190
2019-02-04 15:54:07,415 - INFO - fastread - 6, 200
2019-02-04 15:54:07,466 - INFO - fastread - 6, 210
2019-02-04 15:54:07,523 - INFO - fastread - 7, 220
2019-02-04 15:54:07,584 - INFO - fastread - 7, 230
2019-02-04 15:54:07,646 - INFO - fastread - 7, 240
2019-02-04 15:54:07,699 - INFO - fastread - 7, 250
2019-02-04 15:54:07,759 - INFO - fastread - 7, 260
2019-02-04 15:54:07,826 - INFO - fastread - 8, 270
2019-02-04 15:54:07,878 - INFO - fastread - 9, 280
2019-02-04 15:54:07,943 - INFO - fastread - 9, 290
2019-02-04 15:54:08,003 - INFO - fastread - 9, 300
2019-02-04 15:54:08,064 - INFO - fastread - 10, 310
2019-02-04 15:54:08,127 - INFO - fastread - 10, 320
2019-02-04 15:54:08,188 - INFO - fastread - 12, 330
2019-02-04 15:54:08,257 - INFO - fastread - 13, 340
2019-02-04 15:54:08,325 - INFO - fastread - 13, 350
2019-02-04 15:54:08,386 - INFO - fastread - 13, 360
2019-02-04 15:54:08,454 - INFO - fastread - 13, 370
2019-02-04 15:54:08,518 - INFO - fastread - 13, 380
2019-02-04 15:54:08,592 - INFO - fastread - 14, 390
2019-02-04 15:54:08,662 - INFO - fastread - 14, 400
2019-02-04 15:54:08,728 - INFO - fastread - 15, 410
2019-02-04 15:54:08,791 - INFO - fastread - 15, 420
2019-02-04 15:54:08,855 - INFO - fastread - 15, 430
2019-02-04 15:54:08,926 - INFO - fastread - 15, 440
2019-02-04 15:54:08,996 - INFO - fastread - 15, 450
2019-02-04 15:54:09,076 - INFO - fastread - 16, 460
2019-02-04 15:54:09,165 - INFO - fastread - 16, 470
2019-02-04 15:54:09,247 - INFO - fastread - 16, 480
2019-02-04 15:54:09,327 - INFO - fastread - 16, 490
2019-02-04 15:54:09,411 - INFO - fastread - 16, 500
2019-02-04 15:54:09,488 - INFO - fastread - 16, 510
2019-02-04 15:54:09,557 - INFO - fastread - 16, 520
2019-02-04 15:54:09,644 - INFO - fastread - 16, 530
2019-02-04 15:54:09,727 - INFO - fastread - 17, 540
2019-02-04 15:54:09,808 - INFO - fastread - 18, 550
2019-02-04 15:54:09,888 - INFO - fastread - 19, 560
2019-02-04 15:54:09,957 - INFO - fastread - 20, 570
2019-02-04 15:54:10,030 - INFO - fastread - 20, 580
2019-02-04 15:54:10,099 - INFO - fastread - 20, 590
2019-02-04 15:54:10,167 - INFO - fastread - 20, 600
2019-02-04 15:54:10,247 - INFO - fastread - 20, 610
2019-02-04 15:54:10,319 - INFO - fastread - 21, 620
2019-02-04 15:54:10,394 - INFO - fastread - 21, 630
2019-02-04 15:54:10,465 - INFO - fastread - 21, 640
2019-02-04 15:54:10,526 - INFO - fastread - 21, 650
2019-02-04 15:54:10,600 - INFO - fastread - 21, 660
2019-02-04 15:54:10,677 - INFO - fastread - 21, 670
2019-02-04 15:54:10,746 - INFO - fastread - 21, 680
2019-02-04 15:54:10,812 - INFO - fastread - 21, 690
2019-02-04 15:54:10,873 - INFO - fastread - 21, 700
2019-02-04 15:54:10,939 - INFO - fastread - 23, 710
2019-02-04 15:54:11,001 - INFO - fastread - 23, 720
2019-02-04 15:54:11,070 - INFO - fastread - 23, 730
2019-02-04 15:54:11,144 - INFO - fastread - 24, 740
2019-02-04 15:54:11,217 - INFO - fastread - 24, 750
2019-02-04 15:54:11,287 - INFO - fastread - 24, 760
2019-02-04 15:54:11,357 - INFO - fastread - 24, 770
2019-02-04 15:54:11,436 - INFO - fastread - 25, 780
2019-02-04 15:54:11,504 - INFO - fastread - 26, 790
2019-02-04 15:54:11,575 - INFO - fastread - 26, 800
2019-02-04 15:54:11,646 - INFO - fastread - 26, 810
2019-02-04 15:54:11,714 - INFO - fastread - 28, 820
2019-02-04 15:54:11,781 - INFO - fastread - 28, 830
2019-02-04 15:54:11,845 - INFO - fastread - 28, 840
2019-02-04 15:54:11,914 - INFO - fastread - 28, 850
2019-02-04 15:54:11,990 - INFO - fastread - 29, 860
2019-02-04 15:54:12,053 - INFO - fastread - 29, 870
2019-02-04 15:54:12,127 - INFO - fastread - 29, 880
2019-02-04 15:54:12,139 - INFO - rig - ++++NEW CLF++++ NBM
2019-02-04 15:54:12,139 - INFO - fastread - Total Yes: 131 | Total No: 3967
2019-02-04 15:54:12,206 - INFO - fastread - 1, 10
2019-02-04 15:54:12,209 - INFO - fastread - 4, 20
2019-02-04 15:54:12,212 - INFO - fastread - 6, 30
2019-02-04 15:54:12,214 - INFO - fastread - 12, 40
2019-02-04 15:54:12,217 - INFO - fastread - 16, 50
2019-02-04 15:54:12,220 - INFO - fastread - 17, 60
2019-02-04 15:54:12,222 - INFO - fastread - 19, 70
2019-02-04 15:54:12,225 - INFO - fastread - 21, 80
2019-02-04 15:54:12,228 - INFO - fastread - 23, 90
2019-02-04 15:54:12,230 - INFO - fastread - 23, 100
2019-02-04 15:54:12,233 - INFO - fastread - 23, 110
2019-02-04 15:54:12,237 - INFO - fastread - 23, 120
2019-02-04 15:54:12,241 - INFO - fastread - 23, 130
2019-02-04 15:54:12,246 - INFO - fastread - 23, 140
2019-02-04 15:54:12,250 - INFO - fastread - 23, 150
2019-02-04 15:54:12,254 - INFO - fastread - 23, 160
2019-02-04 15:54:12,259 - INFO - fastread - 23, 170
2019-02-04 15:54:12,262 - INFO - fastread - 23, 180
2019-02-04 15:54:12,265 - INFO - fastread - 23, 190
2019-02-04 15:54:12,269 - INFO - fastread - 23, 200
2019-02-04 15:54:12,272 - INFO - fastread - 25, 210
2019-02-04 15:54:12,277 - INFO - fastread - 28, 220
2019-02-04 15:54:12,283 - INFO - fastread - 28, 230
2019-02-04 15:54:12,290 - INFO - fastread - 29, 240
2019-02-04 15:54:12,295 - INFO - fastread - 29, 250
2019-02-04 15:54:12,299 - INFO - fastread - 30, 260
2019-02-04 15:54:12,307 - INFO - fastread - 30, 270
2019-02-04 15:54:12,312 - INFO - fastread - 32, 280
2019-02-04 15:54:12,316 - INFO - fastread - 32, 290
2019-02-04 15:54:12,322 - INFO - fastread - 32, 300
2019-02-04 15:54:12,327 - INFO - fastread - 33, 310
2019-02-04 15:54:12,331 - INFO - fastread - 33, 320
2019-02-04 15:54:12,338 - INFO - fastread - 33, 330
2019-02-04 15:54:12,344 - INFO - fastread - 33, 340
2019-02-04 15:54:12,350 - INFO - fastread - 37, 350
2019-02-04 15:54:12,355 - INFO - fastread - 37, 360
2019-02-04 15:54:12,362 - INFO - fastread - 38, 370
2019-02-04 15:54:12,367 - INFO - fastread - 38, 380
2019-02-04 15:54:12,376 - INFO - fastread - 39, 390
2019-02-04 15:54:12,383 - INFO - fastread - 39, 400
2019-02-04 15:54:12,393 - INFO - fastread - 39, 410
2019-02-04 15:54:12,399 - INFO - fastread - 39, 420
2019-02-04 15:54:12,407 - INFO - fastread - 40, 430
2019-02-04 15:54:12,411 - INFO - fastread - 41, 440
2019-02-04 15:54:12,414 - INFO - fastread - 42, 450
2019-02-04 15:54:12,419 - INFO - fastread - 44, 460
2019-02-04 15:54:12,425 - INFO - fastread - 47, 470
2019-02-04 15:54:12,430 - INFO - fastread - 47, 480
2019-02-04 15:54:12,436 - INFO - fastread - 49, 490
2019-02-04 15:54:12,441 - INFO - fastread - 52, 500
2019-02-04 15:54:12,445 - INFO - fastread - 53, 510
2019-02-04 15:54:12,448 - INFO - fastread - 53, 520
2019-02-04 15:54:12,454 - INFO - fastread - 54, 530
2019-02-04 15:54:12,461 - INFO - fastread - 54, 540
2019-02-04 15:54:12,465 - INFO - fastread - 54, 550
2019-02-04 15:54:12,471 - INFO - fastread - 54, 560
2019-02-04 15:54:12,478 - INFO - fastread - 54, 570
2019-02-04 15:54:12,482 - INFO - fastread - 54, 580
2019-02-04 15:54:12,489 - INFO - fastread - 54, 590
2019-02-04 15:54:12,496 - INFO - fastread - 54, 600
2019-02-04 15:54:12,502 - INFO - fastread - 54, 610
2019-02-04 15:54:12,507 - INFO - fastread - 54, 620
2019-02-04 15:54:12,512 - INFO - fastread - 54, 630
2019-02-04 15:54:12,518 - INFO - fastread - 54, 640
2019-02-04 15:54:12,522 - INFO - fastread - 54, 650
2019-02-04 15:54:12,526 - INFO - fastread - 54, 660
2019-02-04 15:54:12,529 - INFO - fastread - 54, 670
2019-02-04 15:54:12,533 - INFO - fastread - 56, 680
2019-02-04 15:54:12,540 - INFO - fastread - 56, 690
2019-02-04 15:54:12,544 - INFO - fastread - 57, 700
2019-02-04 15:54:12,548 - INFO - fastread - 57, 710
2019-02-04 15:54:12,553 - INFO - fastread - 57, 720
2019-02-04 15:54:12,557 - INFO - fastread - 57, 730
2019-02-04 15:54:12,560 - INFO - fastread - 57, 740
2019-02-04 15:54:12,564 - INFO - fastread - 57, 750
2019-02-04 15:54:12,568 - INFO - fastread - 57, 760
2019-02-04 15:54:12,573 - INFO - fastread - 57, 770
2019-02-04 15:54:12,577 - INFO - fastread - 57, 780
2019-02-04 15:54:12,580 - INFO - fastread - 57, 790
2019-02-04 15:54:12,585 - INFO - fastread - 57, 800
2019-02-04 15:54:12,590 - INFO - fastread - 57, 810
2019-02-04 15:54:12,595 - INFO - fastread - 57, 820
2019-02-04 15:54:12,600 - INFO - fastread - 57, 830
2019-02-04 15:54:12,606 - INFO - fastread - 57, 840
2019-02-04 15:54:12,611 - INFO - fastread - 57, 850
2019-02-04 15:54:12,616 - INFO - fastread - 57, 860
2019-02-04 15:54:12,621 - INFO - fastread - 57, 870
2019-02-04 15:54:12,626 - INFO - fastread - 60, 880
2019-02-04 15:54:12,629 - INFO - fastread - 61, 890
2019-02-04 15:54:12,634 - INFO - fastread - 63, 900
2019-02-04 15:54:12,640 - INFO - fastread - 64, 910
2019-02-04 15:54:12,644 - INFO - fastread - 66, 920
2019-02-04 15:54:12,649 - INFO - fastread - 66, 930
2019-02-04 15:54:12,655 - INFO - fastread - 67, 940
2019-02-04 15:54:12,660 - INFO - fastread - 67, 950
2019-02-04 15:54:12,665 - INFO - fastread - 69, 960
2019-02-04 15:54:12,671 - INFO - fastread - 70, 970
2019-02-04 15:54:12,675 - INFO - fastread - 70, 980
2019-02-04 15:54:12,679 - INFO - fastread - 70, 990
2019-02-04 15:54:12,683 - INFO - fastread - 70, 1000
2019-02-04 15:54:12,690 - INFO - fastread - 70, 1010
2019-02-04 15:54:12,694 - INFO - fastread - 70, 1020
2019-02-04 15:54:12,699 - INFO - fastread - 71, 1030
2019-02-04 15:54:12,704 - INFO - fastread - 71, 1040
2019-02-04 15:54:12,709 - INFO - fastread - 71, 1050
2019-02-04 15:54:12,714 - INFO - fastread - 71, 1060
2019-02-04 15:54:12,719 - INFO - fastread - 71, 1070
2019-02-04 15:54:12,723 - INFO - fastread - 72, 1080
2019-02-04 15:54:12,726 - INFO - fastread - 72, 1090
2019-02-04 15:54:12,730 - INFO - fastread - 72, 1100
2019-02-04 15:54:12,733 - INFO - fastread - 72, 1110
2019-02-04 15:54:12,739 - INFO - fastread - 73, 1120
2019-02-04 15:54:12,742 - INFO - fastread - 73, 1130
2019-02-04 15:54:12,747 - INFO - fastread - 73, 1140
2019-02-04 15:54:12,753 - INFO - fastread - 74, 1150
2019-02-04 15:54:12,758 - INFO - fastread - 74, 1160
2019-02-04 15:54:12,763 - INFO - fastread - 74, 1170
2019-02-04 15:54:12,768 - INFO - fastread - 74, 1180
2019-02-04 15:54:12,774 - INFO - fastread - 74, 1190
2019-02-04 15:54:12,779 - INFO - fastread - 75, 1200
2019-02-04 15:54:12,784 - INFO - fastread - 75, 1210
2019-02-04 15:54:12,790 - INFO - fastread - 75, 1220
2019-02-04 15:54:12,795 - INFO - fastread - 75, 1230
2019-02-04 15:54:12,800 - INFO - fastread - 75, 1240
2019-02-04 15:54:12,805 - INFO - fastread - 77, 1250
2019-02-04 15:54:12,810 - INFO - fastread - 77, 1260
2019-02-04 15:54:12,815 - INFO - fastread - 78, 1270
2019-02-04 15:54:12,820 - INFO - fastread - 78, 1280
2019-02-04 15:54:12,824 - INFO - fastread - 79, 1290
2019-02-04 15:54:12,829 - INFO - fastread - 79, 1300
2019-02-04 15:54:12,834 - INFO - fastread - 79, 1310
2019-02-04 15:54:12,839 - INFO - fastread - 80, 1320
2019-02-04 15:54:12,843 - INFO - fastread - 80, 1330
2019-02-04 15:54:12,846 - INFO - fastread - 80, 1340
2019-02-04 15:54:12,850 - INFO - fastread - 80, 1350
2019-02-04 15:54:12,854 - INFO - fastread - 82, 1360
2019-02-04 15:54:12,857 - INFO - fastread - 83, 1370
2019-02-04 15:54:12,861 - INFO - fastread - 83, 1380
2019-02-04 15:54:12,865 - INFO - fastread - 83, 1390
2019-02-04 15:54:12,868 - INFO - fastread - 83, 1400
2019-02-04 15:54:12,871 - INFO - fastread - 84, 1410
2019-02-04 15:54:12,874 - INFO - fastread - 85, 1420
2019-02-04 15:54:12,877 - INFO - fastread - 85, 1430
2019-02-04 15:54:12,879 - INFO - fastread - 85, 1440
2019-02-04 15:54:12,882 - INFO - fastread - 86, 1450
2019-02-04 15:54:12,885 - INFO - fastread - 86, 1460
2019-02-04 15:54:12,890 - INFO - fastread - 87, 1470
2019-02-04 15:54:12,895 - INFO - fastread - 87, 1480
2019-02-04 15:54:12,901 - INFO - fastread - 87, 1490
2019-02-04 15:54:12,905 - INFO - fastread - 87, 1500
2019-02-04 15:54:12,909 - INFO - fastread - 89, 1510
2019-02-04 15:54:12,913 - INFO - fastread - 89, 1520
2019-02-04 15:54:12,918 - INFO - fastread - 89, 1530
2019-02-04 15:54:12,923 - INFO - fastread - 90, 1540
2019-02-04 15:54:12,927 - INFO - fastread - 91, 1550
2019-02-04 15:54:12,931 - INFO - fastread - 92, 1560
2019-02-04 15:54:12,934 - INFO - fastread - 93, 1570
2019-02-04 15:54:12,937 - INFO - fastread - 93, 1580
2019-02-04 15:54:12,940 - INFO - fastread - 93, 1590
2019-02-04 15:54:12,944 - INFO - fastread - 94, 1600
2019-02-04 15:54:12,947 - INFO - fastread - 94, 1610
2019-02-04 15:54:12,951 - INFO - fastread - 94, 1620
2019-02-04 15:54:12,954 - INFO - fastread - 94, 1630
2019-02-04 15:54:12,958 - INFO - fastread - 95, 1640
2019-02-04 15:54:12,961 - INFO - fastread - 95, 1650
2019-02-04 15:54:12,964 - INFO - fastread - 96, 1660
2019-02-04 15:54:12,968 - INFO - fastread - 98, 1670
2019-02-04 15:54:12,971 - INFO - fastread - 98, 1680
2019-02-04 15:54:12,974 - INFO - fastread - 99, 1690
2019-02-04 15:54:12,977 - INFO - fastread - 100, 1700
2019-02-04 15:54:12,980 - INFO - fastread - 101, 1710
2019-02-04 15:54:12,983 - INFO - fastread - 101, 1720
2019-02-04 15:54:12,986 - INFO - fastread - 102, 1730
2019-02-04 15:54:12,989 - INFO - fastread - 102, 1740
2019-02-04 15:54:12,992 - INFO - fastread - 102, 1750
2019-02-04 15:54:12,995 - INFO - fastread - 102, 1760
2019-02-04 15:54:12,998 - INFO - fastread - 102, 1770
2019-02-04 15:54:13,001 - INFO - fastread - 102, 1780
2019-02-04 15:54:13,006 - INFO - fastread - 103, 1790
2019-02-04 15:54:13,012 - INFO - fastread - 103, 1800
2019-02-04 15:54:13,016 - INFO - fastread - 103, 1810
2019-02-04 15:54:13,020 - INFO - fastread - 103, 1820
2019-02-04 15:54:13,026 - INFO - fastread - 104, 1830
2019-02-04 15:54:13,032 - INFO - fastread - 104, 1840
2019-02-04 15:54:13,037 - INFO - fastread - 104, 1850
2019-02-04 15:54:13,041 - INFO - fastread - 104, 1860
2019-02-04 15:54:13,043 - INFO - fastread - 104, 1870
2019-02-04 15:54:13,046 - INFO - fastread - 105, 1880
2019-02-04 15:54:13,049 - INFO - fastread - 105, 1890
2019-02-04 15:54:13,053 - INFO - fastread - 105, 1900
2019-02-04 15:54:13,059 - INFO - fastread - 105, 1910
2019-02-04 15:54:13,064 - INFO - fastread - 105, 1920
2019-02-04 15:54:13,070 - INFO - fastread - 105, 1930
2019-02-04 15:54:13,076 - INFO - fastread - 105, 1940
2019-02-04 15:54:13,082 - INFO - fastread - 105, 1950
2019-02-04 15:54:13,087 - INFO - fastread - 108, 1960
2019-02-04 15:54:13,093 - INFO - fastread - 108, 1970
2019-02-04 15:54:13,097 - INFO - fastread - 108, 1980
2019-02-04 15:54:13,101 - INFO - fastread - 108, 1990
2019-02-04 15:54:13,104 - INFO - fastread - 108, 2000
2019-02-04 15:54:13,107 - INFO - fastread - 108, 2010
2019-02-04 15:54:13,111 - INFO - fastread - 109, 2020
2019-02-04 15:54:13,117 - INFO - fastread - 110, 2030
2019-02-04 15:54:13,124 - INFO - fastread - 110, 2040
2019-02-04 15:54:13,130 - INFO - fastread - 110, 2050
2019-02-04 15:54:13,136 - INFO - fastread - 110, 2060
2019-02-04 15:54:13,141 - INFO - fastread - 111, 2070
2019-02-04 15:54:13,147 - INFO - fastread - 111, 2080
2019-02-04 15:54:13,152 - INFO - fastread - 111, 2090
2019-02-04 15:54:13,158 - INFO - fastread - 111, 2100
2019-02-04 15:54:13,165 - INFO - fastread - 111, 2110
2019-02-04 15:54:13,170 - INFO - fastread - 111, 2120
2019-02-04 15:54:13,176 - INFO - fastread - 111, 2130
2019-02-04 15:54:13,181 - INFO - fastread - 111, 2140
2019-02-04 15:54:13,186 - INFO - fastread - 111, 2150
2019-02-04 15:54:13,191 - INFO - fastread - 112, 2160
2019-02-04 15:54:13,196 - INFO - fastread - 113, 2170
2019-02-04 15:54:13,200 - INFO - fastread - 113, 2180
2019-02-04 15:54:13,205 - INFO - fastread - 113, 2190
2019-02-04 15:54:13,210 - INFO - fastread - 113, 2200
2019-02-04 15:54:13,214 - INFO - fastread - 113, 2210
2019-02-04 15:54:13,217 - INFO - fastread - 113, 2220
2019-02-04 15:54:13,220 - INFO - fastread - 113, 2230
2019-02-04 15:54:13,223 - INFO - fastread - 114, 2240
2019-02-04 15:54:13,225 - INFO - fastread - 114, 2250
2019-02-04 15:54:13,228 - INFO - fastread - 114, 2260
2019-02-04 15:54:13,231 - INFO - fastread - 115, 2270
2019-02-04 15:54:13,233 - INFO - fastread - 115, 2280
2019-02-04 15:54:13,235 - INFO - fastread - 115, 2290
2019-02-04 15:54:13,238 - INFO - fastread - 115, 2300
2019-02-04 15:54:13,240 - INFO - fastread - 117, 2310
2019-02-04 15:54:13,242 - INFO - fastread - 117, 2320
2019-02-04 15:54:13,244 - INFO - fastread - 117, 2330
2019-02-04 15:54:13,246 - INFO - fastread - 117, 2340
2019-02-04 15:54:13,249 - INFO - fastread - 117, 2350
2019-02-04 15:54:13,251 - INFO - fastread - 117, 2360
2019-02-04 15:54:13,255 - INFO - fastread - 117, 2370
2019-02-04 15:54:13,260 - INFO - fastread - 117, 2380
2019-02-04 15:54:13,264 - INFO - fastread - 117, 2390
2019-02-04 15:54:13,269 - INFO - fastread - 117, 2400
2019-02-04 15:54:13,273 - INFO - fastread - 117, 2410
2019-02-04 15:54:13,275 - INFO - fastread - 117, 2420
2019-02-04 15:54:13,278 - INFO - fastread - 117, 2430
2019-02-04 15:54:13,280 - INFO - fastread - 117, 2440
2019-02-04 15:54:13,282 - INFO - fastread - 117, 2450
2019-02-04 15:54:13,285 - INFO - fastread - 117, 2460
2019-02-04 15:54:13,287 - INFO - fastread - 117, 2470
2019-02-04 15:54:13,291 - INFO - fastread - 117, 2480
2019-02-04 15:54:13,296 - INFO - fastread - 118, 2490
2019-02-04 15:54:13,301 - INFO - fastread - 119, 2500
2019-02-04 15:54:13,304 - INFO - fastread - 119, 2510
2019-02-04 15:54:13,307 - INFO - fastread - 119, 2520
2019-02-04 15:54:13,310 - INFO - fastread - 119, 2530
2019-02-04 15:54:13,312 - INFO - fastread - 119, 2540
2019-02-04 15:54:13,315 - INFO - fastread - 119, 2550
2019-02-04 15:54:13,317 - INFO - fastread - 119, 2560
2019-02-04 15:54:13,320 - INFO - fastread - 120, 2570
2019-02-04 15:54:13,322 - INFO - fastread - 120, 2580
2019-02-04 15:54:13,324 - INFO - fastread - 120, 2590
2019-02-04 15:54:13,327 - INFO - fastread - 120, 2600
2019-02-04 15:54:13,329 - INFO - fastread - 120, 2610
2019-02-04 15:54:13,332 - INFO - fastread - 120, 2620
2019-02-04 15:54:13,335 - INFO - fastread - 120, 2630
2019-02-04 15:54:13,338 - INFO - fastread - 120, 2640
2019-02-04 15:54:13,341 - INFO - fastread - 120, 2650
2019-02-04 15:54:13,344 - INFO - fastread - 120, 2660
2019-02-04 15:54:13,347 - INFO - fastread - 120, 2670
2019-02-04 15:54:13,350 - INFO - fastread - 120, 2680
2019-02-04 15:54:13,353 - INFO - fastread - 120, 2690
2019-02-04 15:54:13,355 - INFO - fastread - 120, 2700
2019-02-04 15:54:13,358 - INFO - fastread - 120, 2710
2019-02-04 15:54:13,361 - INFO - fastread - 120, 2720
2019-02-04 15:54:13,363 - INFO - fastread - 120, 2730
2019-02-04 15:54:13,366 - INFO - fastread - 120, 2740
2019-02-04 15:54:13,368 - INFO - fastread - 120, 2750
2019-02-04 15:54:13,370 - INFO - fastread - 120, 2760
2019-02-04 15:54:13,373 - INFO - fastread - 120, 2770
2019-02-04 15:54:13,376 - INFO - fastread - 120, 2780
2019-02-04 15:54:13,379 - INFO - fastread - 120, 2790
2019-02-04 15:54:13,385 - INFO - fastread - 120, 2800
2019-02-04 15:54:13,391 - INFO - fastread - 121, 2810
2019-02-04 15:54:13,397 - INFO - fastread - 121, 2820
2019-02-04 15:54:13,402 - INFO - fastread - 121, 2830
2019-02-04 15:54:13,407 - INFO - fastread - 121, 2840
2019-02-04 15:54:13,411 - INFO - fastread - 121, 2850
2019-02-04 15:54:13,414 - INFO - fastread - 121, 2860
2019-02-04 15:54:13,416 - INFO - fastread - 121, 2870
2019-02-04 15:54:13,418 - INFO - fastread - 121, 2880
2019-02-04 15:54:13,421 - INFO - fastread - 121, 2890
2019-02-04 15:54:13,423 - INFO - fastread - 121, 2900
2019-02-04 15:54:13,426 - INFO - fastread - 121, 2910
2019-02-04 15:54:13,430 - INFO - fastread - 121, 2920
2019-02-04 15:54:13,435 - INFO - fastread - 121, 2930
2019-02-04 15:54:13,438 - INFO - fastread - 122, 2940
2019-02-04 15:54:13,443 - INFO - fastread - 122, 2950
2019-02-04 15:54:13,447 - INFO - fastread - 123, 2960
2019-02-04 15:54:13,450 - INFO - fastread - 123, 2970
2019-02-04 15:54:13,454 - INFO - fastread - 124, 2980
2019-02-04 15:54:13,457 - INFO - fastread - 124, 2990
2019-02-04 15:54:13,462 - INFO - fastread - 124, 3000
2019-02-04 15:54:13,466 - INFO - fastread - 124, 3010
2019-02-04 15:54:13,468 - INFO - fastread - 124, 3020
2019-02-04 15:54:13,471 - INFO - fastread - 124, 3030
2019-02-04 15:54:13,474 - INFO - fastread - 124, 3040
2019-02-04 15:54:13,477 - INFO - fastread - 124, 3050
2019-02-04 15:54:13,480 - INFO - fastread - 124, 3060
2019-02-04 15:54:13,483 - INFO - fastread - 124, 3070
2019-02-04 15:54:13,486 - INFO - fastread - 124, 3080
2019-02-04 15:54:13,490 - INFO - fastread - 124, 3090
2019-02-04 15:54:13,493 - INFO - fastread - 124, 3100
2019-02-04 15:54:13,496 - INFO - fastread - 124, 3110
2019-02-04 15:54:13,498 - INFO - fastread - 125, 3120
2019-02-04 15:54:13,500 - INFO - fastread - 125, 3130
2019-02-04 15:54:13,504 - INFO - fastread - 125, 3140
2019-02-04 15:54:13,508 - INFO - fastread - 125, 3150
2019-02-04 15:54:13,510 - INFO - fastread - 125, 3160
2019-02-04 15:54:13,513 - INFO - fastread - 125, 3170
2019-02-04 15:54:13,516 - INFO - fastread - 125, 3180
2019-02-04 15:54:13,520 - INFO - fastread - 125, 3190
2019-02-04 15:54:13,525 - INFO - fastread - 125, 3200
2019-02-04 15:54:13,530 - INFO - fastread - 125, 3210
2019-02-04 15:54:13,535 - INFO - fastread - 125, 3220
2019-02-04 15:54:13,540 - INFO - fastread - 125, 3230
2019-02-04 15:54:13,544 - INFO - fastread - 125, 3240
2019-02-04 15:54:13,549 - INFO - fastread - 125, 3250
2019-02-04 15:54:13,553 - INFO - fastread - 125, 3260
2019-02-04 15:54:13,556 - INFO - fastread - 125, 3270
2019-02-04 15:54:13,559 - INFO - fastread - 125, 3280
2019-02-04 15:54:13,564 - INFO - fastread - 125, 3290
2019-02-04 15:54:13,569 - INFO - fastread - 125, 3300
2019-02-04 15:54:13,574 - INFO - fastread - 125, 3310
2019-02-04 15:54:13,580 - INFO - fastread - 125, 3320
2019-02-04 15:54:13,584 - INFO - fastread - 125, 3330
2019-02-04 15:54:13,588 - INFO - fastread - 125, 3340
2019-02-04 15:54:13,592 - INFO - fastread - 125, 3350
2019-02-04 15:54:13,597 - INFO - fastread - 125, 3360
2019-02-04 15:54:13,602 - INFO - fastread - 125, 3370
2019-02-04 15:54:13,606 - INFO - fastread - 125, 3380
2019-02-04 15:54:13,612 - INFO - fastread - 126, 3390
2019-02-04 15:54:13,615 - INFO - fastread - 126, 3400
2019-02-04 15:54:13,618 - INFO - fastread - 127, 3410
2019-02-04 15:54:13,621 - INFO - fastread - 127, 3420
2019-02-04 15:54:13,623 - INFO - fastread - 127, 3430
2019-02-04 15:54:13,627 - INFO - fastread - 127, 3440
2019-02-04 15:54:13,631 - INFO - fastread - 127, 3450
2019-02-04 15:54:13,635 - INFO - fastread - 127, 3460
2019-02-04 15:54:13,638 - INFO - fastread - 127, 3470
2019-02-04 15:54:13,641 - INFO - fastread - 127, 3480
2019-02-04 15:54:13,644 - INFO - fastread - 127, 3490
2019-02-04 15:54:13,646 - INFO - fastread - 127, 3500
2019-02-04 15:54:13,649 - INFO - fastread - 127, 3510
2019-02-04 15:54:13,651 - INFO - fastread - 127, 3520
2019-02-04 15:54:13,654 - INFO - fastread - 127, 3530
2019-02-04 15:54:13,658 - INFO - fastread - 127, 3540
2019-02-04 15:54:13,663 - INFO - fastread - 127, 3550
2019-02-04 15:54:13,668 - INFO - fastread - 127, 3560
2019-02-04 15:54:13,672 - INFO - fastread - 127, 3570
2019-02-04 15:54:13,676 - INFO - fastread - 127, 3580
2019-02-04 15:54:13,679 - INFO - fastread - 127, 3590
2019-02-04 15:54:13,681 - INFO - fastread - 128, 3600
2019-02-04 15:54:13,683 - INFO - fastread - 128, 3610
2019-02-04 15:54:13,686 - INFO - fastread - 128, 3620
2019-02-04 15:54:13,692 - INFO - fastread - 128, 3630
2019-02-04 15:54:13,697 - INFO - fastread - 128, 3640
2019-02-04 15:54:13,702 - INFO - fastread - 128, 3650
2019-02-04 15:54:13,706 - INFO - fastread - 128, 3660
2019-02-04 15:54:13,709 - INFO - fastread - 128, 3670
2019-02-04 15:54:13,712 - INFO - fastread - 128, 3680
2019-02-04 15:54:13,716 - INFO - fastread - 128, 3690
2019-02-04 15:54:13,722 - INFO - fastread - 128, 3700
2019-02-04 15:54:13,728 - INFO - fastread - 128, 3710
2019-02-04 15:54:13,733 - INFO - fastread - 128, 3720
2019-02-04 15:54:13,738 - INFO - fastread - 128, 3730
2019-02-04 15:54:13,744 - INFO - fastread - 128, 3740
2019-02-04 15:54:13,748 - INFO - fastread - 128, 3750
2019-02-04 15:54:13,754 - INFO - fastread - 128, 3760
2019-02-04 15:54:13,760 - INFO - fastread - 128, 3770
2019-02-04 15:54:13,766 - INFO - fastread - 129, 3780
2019-02-04 15:54:13,772 - INFO - fastread - 129, 3790
2019-02-04 15:54:13,778 - INFO - fastread - 131, 3800
2019-02-04 15:54:13,784 - INFO - fastread - 131, 3810
2019-02-04 15:54:13,789 - INFO - fastread - 131, 3820
2019-02-04 15:54:13,794 - INFO - fastread - 131, 3830
2019-02-04 15:54:13,800 - INFO - fastread - 131, 3840
2019-02-04 15:54:13,805 - INFO - fastread - 131, 3850
2019-02-04 15:54:13,811 - INFO - fastread - 131, 3860
2019-02-04 15:54:13,816 - INFO - fastread - 131, 3870
2019-02-04 15:54:13,819 - INFO - fastread - 131, 3880
2019-02-04 15:54:13,824 - INFO - fastread - 131, 3890
2019-02-04 15:54:13,829 - INFO - fastread - 131, 3900
2019-02-04 15:54:13,834 - INFO - fastread - 131, 3910
2019-02-04 15:54:13,840 - INFO - fastread - 131, 3920
2019-02-04 15:54:13,845 - INFO - fastread - 131, 3930
2019-02-04 15:54:13,849 - INFO - fastread - 131, 3940
2019-02-04 15:54:13,857 - INFO - fastread - 131, 3950
2019-02-04 15:54:13,861 - INFO - fastread - 131, 3960
2019-02-04 15:54:13,865 - INFO - fastread - 131, 3970
2019-02-04 15:54:13,868 - INFO - fastread - 131, 3980
2019-02-04 15:54:13,877 - INFO - fastread - 131, 3990
2019-02-04 15:54:13,881 - INFO - fastread - 131, 4000
2019-02-04 15:54:13,885 - INFO - fastread - 131, 4010
2019-02-04 15:54:13,894 - INFO - fastread - 131, 4020
2019-02-04 15:54:13,899 - INFO - fastread - 131, 4030
2019-02-04 15:54:13,905 - INFO - fastread - 131, 4040
2019-02-04 15:54:13,913 - INFO - fastread - 131, 4050
2019-02-04 15:54:13,919 - INFO - fastread - 131, 4060
2019-02-04 15:54:13,927 - INFO - fastread - 131, 4070
2019-02-04 15:54:13,933 - INFO - fastread - 131, 4080
2019-02-04 15:54:13,938 - INFO - fastread - 131, 4090
2019-02-04 15:54:13,955 - INFO - rig - ++++NEW CLF++++ KNN
2019-02-04 15:54:13,956 - INFO - fastread - Total Yes: 131 | Total No: 3967
2019-02-04 15:55:53,711 - INFO - fastread - 0, 10
2019-02-04 15:55:53,734 - INFO - fastread - 2, 20
2019-02-04 15:55:53,739 - INFO - fastread - 2, 30
2019-02-04 15:55:53,746 - INFO - fastread - 3, 40
2019-02-04 15:55:53,753 - INFO - fastread - 4, 50
2019-02-04 15:55:53,759 - INFO - fastread - 4, 60
2019-02-04 15:55:53,764 - INFO - fastread - 5, 70
2019-02-04 15:55:53,768 - INFO - fastread - 6, 80
2019-02-04 15:55:53,773 - INFO - fastread - 6, 90
2019-02-04 15:55:53,778 - INFO - fastread - 7, 100
2019-02-04 15:55:53,783 - INFO - fastread - 9, 110
2019-02-04 15:55:53,787 - INFO - fastread - 10, 120
2019-02-04 15:55:53,794 - INFO - fastread - 11, 130
2019-02-04 15:55:53,799 - INFO - fastread - 11, 140
2019-02-04 15:55:53,806 - INFO - fastread - 11, 150
2019-02-04 15:55:53,812 - INFO - fastread - 11, 160
2019-02-04 15:55:53,818 - INFO - fastread - 11, 170
2019-02-04 15:55:53,824 - INFO - fastread - 12, 180
2019-02-04 15:55:53,838 - INFO - fastread - 12, 190
2019-02-04 15:55:53,845 - INFO - fastread - 12, 200
2019-02-04 15:55:53,852 - INFO - fastread - 12, 210
2019-02-04 15:55:53,859 - INFO - fastread - 12, 220
2019-02-04 15:55:53,866 - INFO - fastread - 12, 230
2019-02-04 15:55:53,873 - INFO - fastread - 12, 240
2019-02-04 15:55:53,879 - INFO - fastread - 13, 250
2019-02-04 15:55:53,884 - INFO - fastread - 13, 260
2019-02-04 15:55:53,890 - INFO - fastread - 13, 270
2019-02-04 15:55:53,896 - INFO - fastread - 13, 280
2019-02-04 15:55:53,901 - INFO - fastread - 13, 290
2019-02-04 15:55:53,908 - INFO - fastread - 13, 300
2019-02-04 15:55:53,914 - INFO - fastread - 13, 310
2019-02-04 15:55:53,921 - INFO - fastread - 13, 320
2019-02-04 15:55:53,930 - INFO - fastread - 13, 330
2019-02-04 15:55:53,934 - INFO - fastread - 13, 340
2019-02-04 15:55:53,941 - INFO - fastread - 14, 350
2019-02-04 15:55:53,947 - INFO - fastread - 14, 360
2019-02-04 15:55:53,954 - INFO - fastread - 14, 370
2019-02-04 15:55:53,961 - INFO - fastread - 14, 380
2019-02-04 15:55:53,967 - INFO - fastread - 14, 390
2019-02-04 15:55:53,974 - INFO - fastread - 14, 400
2019-02-04 15:55:53,981 - INFO - fastread - 14, 410
2019-02-04 15:55:53,987 - INFO - fastread - 15, 420
2019-02-04 15:55:53,993 - INFO - fastread - 16, 430
2019-02-04 15:55:53,998 - INFO - fastread - 16, 440
2019-02-04 15:55:54,004 - INFO - fastread - 16, 450
2019-02-04 15:55:54,009 - INFO - fastread - 16, 460
2019-02-04 15:55:54,013 - INFO - fastread - 16, 470
2019-02-04 15:55:54,020 - INFO - fastread - 16, 480
2019-02-04 15:55:54,026 - INFO - fastread - 16, 490
2019-02-04 15:55:54,031 - INFO - fastread - 16, 500
2019-02-04 15:55:54,037 - INFO - fastread - 16, 510
2019-02-04 15:55:54,044 - INFO - fastread - 16, 520
2019-02-04 15:55:54,051 - INFO - fastread - 16, 530
2019-02-04 15:55:54,059 - INFO - fastread - 16, 540
2019-02-04 15:55:54,066 - INFO - fastread - 16, 550
2019-02-04 15:55:54,071 - INFO - fastread - 16, 560
2019-02-04 15:55:54,077 - INFO - fastread - 16, 570
2019-02-04 15:55:54,083 - INFO - fastread - 16, 580
2019-02-04 15:55:54,089 - INFO - fastread - 16, 590
2019-02-04 15:55:54,097 - INFO - fastread - 16, 600
2019-02-04 15:55:54,103 - INFO - fastread - 16, 610
2019-02-04 15:55:54,111 - INFO - fastread - 17, 620
2019-02-04 15:55:54,115 - INFO - fastread - 17, 630
2019-02-04 15:55:54,120 - INFO - fastread - 17, 640
2019-02-04 15:55:54,124 - INFO - fastread - 17, 650
2019-02-04 15:55:54,130 - INFO - fastread - 17, 660
2019-02-04 15:55:54,137 - INFO - fastread - 17, 670
2019-02-04 15:55:54,142 - INFO - fastread - 17, 680
2019-02-04 15:55:54,147 - INFO - fastread - 17, 690
2019-02-04 15:55:54,153 - INFO - fastread - 17, 700
2019-02-04 15:55:54,158 - INFO - fastread - 17, 710
2019-02-04 15:55:54,165 - INFO - fastread - 17, 720
2019-02-04 15:55:54,170 - INFO - fastread - 17, 730
2019-02-04 15:55:54,176 - INFO - fastread - 17, 740
2019-02-04 15:55:54,181 - INFO - fastread - 17, 750
2019-02-04 15:55:54,187 - INFO - fastread - 17, 760
2019-02-04 15:55:54,193 - INFO - fastread - 18, 770
2019-02-04 15:55:54,198 - INFO - fastread - 18, 780
2019-02-04 15:55:54,204 - INFO - fastread - 18, 790
2019-02-04 15:55:54,210 - INFO - fastread - 19, 800
2019-02-04 15:55:54,216 - INFO - fastread - 19, 810
2019-02-04 15:55:54,223 - INFO - fastread - 19, 820
2019-02-04 15:55:54,229 - INFO - fastread - 19, 830
2019-02-04 15:55:54,238 - INFO - fastread - 20, 840
2019-02-04 15:55:54,244 - INFO - fastread - 20, 850
2019-02-04 15:55:54,252 - INFO - fastread - 20, 860
2019-02-04 15:55:54,258 - INFO - fastread - 20, 870
2019-02-04 15:55:54,264 - INFO - fastread - 20, 880
2019-02-04 15:55:54,271 - INFO - fastread - 20, 890
2019-02-04 15:55:54,277 - INFO - fastread - 20, 900
2019-02-04 15:55:54,283 - INFO - fastread - 21, 910
2019-02-04 15:55:54,290 - INFO - fastread - 21, 920
2019-02-04 15:55:54,298 - INFO - fastread - 22, 930
2019-02-04 15:55:54,304 - INFO - fastread - 22, 940
2019-02-04 15:55:54,310 - INFO - fastread - 22, 950
2019-02-04 15:55:54,316 - INFO - fastread - 22, 960
2019-02-04 15:55:54,323 - INFO - fastread - 22, 970
2019-02-04 15:55:54,329 - INFO - fastread - 23, 980
2019-02-04 15:55:54,334 - INFO - fastread - 24, 990
2019-02-04 15:55:54,339 - INFO - fastread - 24, 1000
2019-02-04 15:55:54,346 - INFO - fastread - 24, 1010
2019-02-04 15:55:54,355 - INFO - fastread - 24, 1020
2019-02-04 15:55:54,363 - INFO - fastread - 24, 1030
2019-02-04 15:55:54,368 - INFO - fastread - 25, 1040
2019-02-04 15:55:54,375 - INFO - fastread - 26, 1050
2019-02-04 15:55:54,380 - INFO - fastread - 27, 1060
2019-02-04 15:55:54,386 - INFO - fastread - 27, 1070
2019-02-04 15:55:54,391 - INFO - fastread - 27, 1080
2019-02-04 15:55:54,397 - INFO - fastread - 29, 1090
2019-02-04 15:55:54,401 - INFO - fastread - 30, 1100
2019-02-04 15:55:54,406 - INFO - fastread - 31, 1110
2019-02-04 15:55:54,413 - INFO - fastread - 32, 1120
2019-02-04 15:55:54,418 - INFO - fastread - 32, 1130
2019-02-04 15:55:54,423 - INFO - fastread - 32, 1140
2019-02-04 15:55:54,428 - INFO - fastread - 33, 1150
2019-02-04 15:55:54,432 - INFO - fastread - 33, 1160
2019-02-04 15:55:54,437 - INFO - fastread - 33, 1170
2019-02-04 15:55:54,441 - INFO - fastread - 34, 1180
2019-02-04 15:55:54,448 - INFO - fastread - 34, 1190
2019-02-04 15:55:54,454 - INFO - fastread - 34, 1200
2019-02-04 15:55:54,460 - INFO - fastread - 34, 1210
2019-02-04 15:55:54,466 - INFO - fastread - 36, 1220
2019-02-04 15:55:54,472 - INFO - fastread - 36, 1230
2019-02-04 15:55:54,478 - INFO - fastread - 36, 1240
2019-02-04 15:55:54,483 - INFO - fastread - 36, 1250
2019-02-04 15:55:54,489 - INFO - fastread - 36, 1260
2019-02-04 15:55:54,495 - INFO - fastread - 36, 1270
2019-02-04 15:55:54,501 - INFO - fastread - 36, 1280
2019-02-04 15:55:54,506 - INFO - fastread - 37, 1290
2019-02-04 15:55:54,513 - INFO - fastread - 37, 1300
2019-02-04 15:55:54,519 - INFO - fastread - 37, 1310
2019-02-04 15:55:54,524 - INFO - fastread - 37, 1320
2019-02-04 15:55:54,530 - INFO - fastread - 37, 1330
2019-02-04 15:55:54,535 - INFO - fastread - 37, 1340
2019-02-04 15:55:54,540 - INFO - fastread - 39, 1350
2019-02-04 15:55:54,545 - INFO - fastread - 39, 1360
2019-02-04 15:55:54,550 - INFO - fastread - 39, 1370
2019-02-04 15:55:54,555 - INFO - fastread - 39, 1380
2019-02-04 15:55:54,560 - INFO - fastread - 39, 1390
2019-02-04 15:55:54,565 - INFO - fastread - 40, 1400
2019-02-04 15:55:54,569 - INFO - fastread - 41, 1410
2019-02-04 15:55:54,574 - INFO - fastread - 42, 1420
2019-02-04 15:55:54,579 - INFO - fastread - 42, 1430
2019-02-04 15:55:54,584 - INFO - fastread - 43, 1440
2019-02-04 15:55:54,590 - INFO - fastread - 43, 1450
2019-02-04 15:55:54,594 - INFO - fastread - 43, 1460
2019-02-04 15:55:54,599 - INFO - fastread - 45, 1470
2019-02-04 15:55:54,604 - INFO - fastread - 47, 1480
2019-02-04 15:55:54,609 - INFO - fastread - 47, 1490
2019-02-04 15:55:54,615 - INFO - fastread - 47, 1500
2019-02-04 15:55:54,622 - INFO - fastread - 48, 1510
2019-02-04 15:55:54,631 - INFO - fastread - 48, 1520
2019-02-04 15:55:54,637 - INFO - fastread - 48, 1530
2019-02-04 15:55:54,644 - INFO - fastread - 48, 1540
2019-02-04 15:55:54,649 - INFO - fastread - 49, 1550
2019-02-04 15:55:54,654 - INFO - fastread - 49, 1560
2019-02-04 15:55:54,659 - INFO - fastread - 49, 1570
2019-02-04 15:55:54,671 - INFO - fastread - 50, 1580
2019-02-04 15:55:54,679 - INFO - fastread - 50, 1590
2019-02-04 15:55:54,684 - INFO - fastread - 51, 1600
2019-02-04 15:55:54,687 - INFO - fastread - 51, 1610
2019-02-04 15:55:54,690 - INFO - fastread - 51, 1620
2019-02-04 15:55:54,695 - INFO - fastread - 51, 1630
2019-02-04 15:55:54,698 - INFO - fastread - 51, 1640
2019-02-04 15:55:54,701 - INFO - fastread - 52, 1650
2019-02-04 15:55:54,704 - INFO - fastread - 52, 1660
2019-02-04 15:55:54,708 - INFO - fastread - 53, 1670
2019-02-04 15:55:54,715 - INFO - fastread - 54, 1680
2019-02-04 15:55:54,721 - INFO - fastread - 54, 1690
2019-02-04 15:55:54,727 - INFO - fastread - 54, 1700
2019-02-04 15:55:54,733 - INFO - fastread - 54, 1710
2019-02-04 15:55:54,739 - INFO - fastread - 54, 1720
2019-02-04 15:55:54,745 - INFO - fastread - 54, 1730
2019-02-04 15:55:54,750 - INFO - fastread - 54, 1740
2019-02-04 15:55:54,755 - INFO - fastread - 54, 1750
2019-02-04 15:55:54,761 - INFO - fastread - 54, 1760
2019-02-04 15:55:54,767 - INFO - fastread - 54, 1770
2019-02-04 15:55:54,774 - INFO - fastread - 54, 1780
2019-02-04 15:55:54,780 - INFO - fastread - 54, 1790
2019-02-04 15:55:54,786 - INFO - fastread - 55, 1800
2019-02-04 15:55:54,791 - INFO - fastread - 55, 1810
2019-02-04 15:55:54,797 - INFO - fastread - 57, 1820
2019-02-04 15:55:54,802 - INFO - fastread - 57, 1830
2019-02-04 15:55:54,809 - INFO - fastread - 59, 1840
2019-02-04 15:55:54,814 - INFO - fastread - 59, 1850
2019-02-04 15:55:54,819 - INFO - fastread - 60, 1860
2019-02-04 15:55:54,824 - INFO - fastread - 63, 1870
2019-02-04 15:55:54,829 - INFO - fastread - 63, 1880
2019-02-04 15:55:54,832 - INFO - fastread - 63, 1890
2019-02-04 15:55:54,836 - INFO - fastread - 63, 1900
2019-02-04 15:55:54,840 - INFO - fastread - 64, 1910
2019-02-04 15:55:54,843 - INFO - fastread - 64, 1920
2019-02-04 15:55:54,847 - INFO - fastread - 64, 1930
2019-02-04 15:55:54,851 - INFO - fastread - 64, 1940
2019-02-04 15:55:54,855 - INFO - fastread - 64, 1950
2019-02-04 15:55:54,859 - INFO - fastread - 64, 1960
2019-02-04 15:55:54,863 - INFO - fastread - 64, 1970
2019-02-04 15:55:54,867 - INFO - fastread - 66, 1980
2019-02-04 15:55:54,872 - INFO - fastread - 66, 1990
2019-02-04 15:55:54,877 - INFO - fastread - 67, 2000
2019-02-04 15:55:54,883 - INFO - fastread - 67, 2010
2019-02-04 15:55:54,888 - INFO - fastread - 69, 2020
2019-02-04 15:55:54,895 - INFO - fastread - 70, 2030
2019-02-04 15:55:54,900 - INFO - fastread - 71, 2040
2019-02-04 15:55:54,907 - INFO - fastread - 71, 2050
2019-02-04 15:55:54,911 - INFO - fastread - 71, 2060
2019-02-04 15:55:54,914 - INFO - fastread - 71, 2070
2019-02-04 15:55:54,918 - INFO - fastread - 71, 2080
2019-02-04 15:55:54,923 - INFO - fastread - 71, 2090
2019-02-04 15:55:54,927 - INFO - fastread - 71, 2100
2019-02-04 15:55:54,930 - INFO - fastread - 71, 2110
2019-02-04 15:55:54,934 - INFO - fastread - 71, 2120
2019-02-04 15:55:54,939 - INFO - fastread - 71, 2130
2019-02-04 15:55:54,944 - INFO - fastread - 72, 2140
2019-02-04 15:55:54,948 - INFO - fastread - 72, 2150
2019-02-04 15:55:54,952 - INFO - fastread - 72, 2160
2019-02-04 15:55:54,958 - INFO - fastread - 72, 2170
2019-02-04 15:55:54,962 - INFO - fastread - 72, 2180
2019-02-04 15:55:54,969 - INFO - fastread - 72, 2190
2019-02-04 15:55:54,973 - INFO - fastread - 72, 2200
2019-02-04 15:55:54,977 - INFO - fastread - 72, 2210
2019-02-04 15:55:54,982 - INFO - fastread - 72, 2220
2019-02-04 15:55:54,986 - INFO - fastread - 74, 2230
2019-02-04 15:55:54,991 - INFO - fastread - 74, 2240
2019-02-04 15:55:54,995 - INFO - fastread - 74, 2250
2019-02-04 15:55:54,999 - INFO - fastread - 74, 2260
2019-02-04 15:55:55,003 - INFO - fastread - 74, 2270
2019-02-04 15:55:55,007 - INFO - fastread - 74, 2280
2019-02-04 15:55:55,010 - INFO - fastread - 74, 2290
2019-02-04 15:55:55,014 - INFO - fastread - 74, 2300
2019-02-04 15:55:55,018 - INFO - fastread - 76, 2310
2019-02-04 15:55:55,023 - INFO - fastread - 76, 2320
2019-02-04 15:55:55,027 - INFO - fastread - 76, 2330
2019-02-04 15:55:55,031 - INFO - fastread - 76, 2340
2019-02-04 15:55:55,035 - INFO - fastread - 76, 2350
2019-02-04 15:55:55,038 - INFO - fastread - 76, 2360
2019-02-04 15:55:55,043 - INFO - fastread - 76, 2370
2019-02-04 15:55:55,048 - INFO - fastread - 76, 2380
2019-02-04 15:55:55,051 - INFO - fastread - 76, 2390
2019-02-04 15:55:55,057 - INFO - fastread - 76, 2400
2019-02-04 15:55:55,062 - INFO - fastread - 76, 2410
2019-02-04 15:55:55,065 - INFO - fastread - 76, 2420
2019-02-04 15:55:55,070 - INFO - fastread - 76, 2430
2019-02-04 15:55:55,074 - INFO - fastread - 76, 2440
2019-02-04 15:55:55,078 - INFO - fastread - 76, 2450
2019-02-04 15:55:55,081 - INFO - fastread - 76, 2460
2019-02-04 15:55:55,085 - INFO - fastread - 76, 2470
2019-02-04 15:55:55,089 - INFO - fastread - 76, 2480
2019-02-04 15:55:55,093 - INFO - fastread - 76, 2490
2019-02-04 15:55:55,097 - INFO - fastread - 78, 2500
2019-02-04 15:55:55,101 - INFO - fastread - 78, 2510
2019-02-04 15:55:55,105 - INFO - fastread - 78, 2520
2019-02-04 15:55:55,111 - INFO - fastread - 78, 2530
2019-02-04 15:55:55,115 - INFO - fastread - 78, 2540
2019-02-04 15:55:55,119 - INFO - fastread - 79, 2550
2019-02-04 15:55:55,124 - INFO - fastread - 79, 2560
2019-02-04 15:55:55,128 - INFO - fastread - 79, 2570
2019-02-04 15:55:55,132 - INFO - fastread - 79, 2580
2019-02-04 15:55:55,138 - INFO - fastread - 81, 2590
2019-02-04 15:55:55,142 - INFO - fastread - 81, 2600
2019-02-04 15:55:55,146 - INFO - fastread - 81, 2610
2019-02-04 15:55:55,150 - INFO - fastread - 81, 2620
2019-02-04 15:55:55,154 - INFO - fastread - 81, 2630
2019-02-04 15:55:55,162 - INFO - fastread - 81, 2640
2019-02-04 15:55:55,167 - INFO - fastread - 81, 2650
2019-02-04 15:55:55,174 - INFO - fastread - 82, 2660
2019-02-04 15:55:55,179 - INFO - fastread - 82, 2670
2019-02-04 15:55:55,184 - INFO - fastread - 82, 2680
2019-02-04 15:55:55,188 - INFO - fastread - 82, 2690
2019-02-04 15:55:55,192 - INFO - fastread - 82, 2700
2019-02-04 15:55:55,196 - INFO - fastread - 84, 2710
2019-02-04 15:55:55,200 - INFO - fastread - 85, 2720
2019-02-04 15:55:55,204 - INFO - fastread - 85, 2730
2019-02-04 15:55:55,208 - INFO - fastread - 87, 2740
2019-02-04 15:55:55,214 - INFO - fastread - 87, 2750
2019-02-04 15:55:55,219 - INFO - fastread - 88, 2760
2019-02-04 15:55:55,222 - INFO - fastread - 88, 2770
2019-02-04 15:55:55,225 - INFO - fastread - 88, 2780
2019-02-04 15:55:55,228 - INFO - fastread - 88, 2790
2019-02-04 15:55:55,234 - INFO - fastread - 89, 2800
2019-02-04 15:55:55,238 - INFO - fastread - 89, 2810
2019-02-04 15:55:55,244 - INFO - fastread - 89, 2820
2019-02-04 15:55:55,251 - INFO - fastread - 90, 2830
2019-02-04 15:55:55,256 - INFO - fastread - 90, 2840
2019-02-04 15:55:55,261 - INFO - fastread - 90, 2850
2019-02-04 15:55:55,265 - INFO - fastread - 91, 2860
2019-02-04 15:55:55,270 - INFO - fastread - 92, 2870
2019-02-04 15:55:55,274 - INFO - fastread - 92, 2880
2019-02-04 15:55:55,279 - INFO - fastread - 93, 2890
2019-02-04 15:55:55,284 - INFO - fastread - 93, 2900
2019-02-04 15:55:55,289 - INFO - fastread - 94, 2910
2019-02-04 15:55:55,294 - INFO - fastread - 94, 2920
2019-02-04 15:55:55,299 - INFO - fastread - 95, 2930
2019-02-04 15:55:55,306 - INFO - fastread - 96, 2940
2019-02-04 15:55:55,311 - INFO - fastread - 96, 2950
2019-02-04 15:55:55,315 - INFO - fastread - 96, 2960
2019-02-04 15:55:55,319 - INFO - fastread - 97, 2970
2019-02-04 15:55:55,323 - INFO - fastread - 98, 2980
2019-02-04 15:55:55,328 - INFO - fastread - 98, 2990
2019-02-04 15:55:55,334 - INFO - fastread - 98, 3000
2019-02-04 15:55:55,339 - INFO - fastread - 98, 3010
2019-02-04 15:55:55,344 - INFO - fastread - 98, 3020
2019-02-04 15:55:55,349 - INFO - fastread - 98, 3030
2019-02-04 15:55:55,356 - INFO - fastread - 98, 3040
2019-02-04 15:55:55,362 - INFO - fastread - 98, 3050
2019-02-04 15:55:55,373 - INFO - fastread - 98, 3060
2019-02-04 15:55:55,380 - INFO - fastread - 98, 3070
2019-02-04 15:55:55,388 - INFO - fastread - 98, 3080
2019-02-04 15:55:55,394 - INFO - fastread - 99, 3090
2019-02-04 15:55:55,399 - INFO - fastread - 99, 3100
2019-02-04 15:55:55,405 - INFO - fastread - 99, 3110
2019-02-04 15:55:55,410 - INFO - fastread - 99, 3120
2019-02-04 15:55:55,416 - INFO - fastread - 100, 3130
2019-02-04 15:55:55,421 - INFO - fastread - 100, 3140
2019-02-04 15:55:55,427 - INFO - fastread - 100, 3150
2019-02-04 15:55:55,435 - INFO - fastread - 100, 3160
2019-02-04 15:55:55,441 - INFO - fastread - 100, 3170
2019-02-04 15:55:55,448 - INFO - fastread - 100, 3180
2019-02-04 15:55:55,455 - INFO - fastread - 102, 3190
2019-02-04 15:55:55,462 - INFO - fastread - 103, 3200
2019-02-04 15:55:55,469 - INFO - fastread - 103, 3210
2019-02-04 15:55:55,474 - INFO - fastread - 104, 3220
2019-02-04 15:55:55,482 - INFO - fastread - 104, 3230
2019-02-04 15:55:55,489 - INFO - fastread - 105, 3240
2019-02-04 15:55:55,495 - INFO - fastread - 105, 3250
2019-02-04 15:55:55,500 - INFO - fastread - 106, 3260
2019-02-04 15:55:55,504 - INFO - fastread - 107, 3270
2019-02-04 15:55:55,508 - INFO - fastread - 107, 3280
2019-02-04 15:55:55,513 - INFO - fastread - 108, 3290
2019-02-04 15:55:55,518 - INFO - fastread - 108, 3300
2019-02-04 15:55:55,523 - INFO - fastread - 109, 3310
2019-02-04 15:55:55,529 - INFO - fastread - 110, 3320
2019-02-04 15:55:55,534 - INFO - fastread - 110, 3330
2019-02-04 15:55:55,539 - INFO - fastread - 110, 3340
2019-02-04 15:55:55,545 - INFO - fastread - 110, 3350
2019-02-04 15:55:55,549 - INFO - fastread - 110, 3360
2019-02-04 15:55:55,553 - INFO - fastread - 111, 3370
2019-02-04 15:55:55,558 - INFO - fastread - 113, 3380
2019-02-04 15:55:55,564 - INFO - fastread - 113, 3390
2019-02-04 15:55:55,569 - INFO - fastread - 113, 3400
2019-02-04 15:55:55,574 - INFO - fastread - 113, 3410
2019-02-04 15:55:55,581 - INFO - fastread - 113, 3420
2019-02-04 15:55:55,587 - INFO - fastread - 114, 3430
2019-02-04 15:55:55,593 - INFO - fastread - 114, 3440
2019-02-04 15:55:55,600 - INFO - fastread - 114, 3450
2019-02-04 15:55:55,606 - INFO - fastread - 115, 3460
2019-02-04 15:55:55,611 - INFO - fastread - 115, 3470
2019-02-04 15:55:55,618 - INFO - fastread - 115, 3480
2019-02-04 15:55:55,624 - INFO - fastread - 115, 3490
2019-02-04 15:55:55,630 - INFO - fastread - 116, 3500
2019-02-04 15:55:55,637 - INFO - fastread - 116, 3510
2019-02-04 15:55:55,641 - INFO - fastread - 116, 3520
2019-02-04 15:55:55,645 - INFO - fastread - 116, 3530
2019-02-04 15:55:55,649 - INFO - fastread - 116, 3540
2019-02-04 15:55:55,654 - INFO - fastread - 116, 3550
2019-02-04 15:55:55,659 - INFO - fastread - 116, 3560
2019-02-04 15:55:55,664 - INFO - fastread - 116, 3570
2019-02-04 15:55:55,668 - INFO - fastread - 117, 3580
2019-02-04 15:55:55,673 - INFO - fastread - 117, 3590
2019-02-04 15:55:55,680 - INFO - fastread - 117, 3600
2019-02-04 15:55:55,684 - INFO - fastread - 117, 3610
2019-02-04 15:55:55,689 - INFO - fastread - 117, 3620
2019-02-04 15:55:55,693 - INFO - fastread - 117, 3630
2019-02-04 15:55:55,699 - INFO - fastread - 117, 3640
2019-02-04 15:55:55,703 - INFO - fastread - 118, 3650
2019-02-04 15:55:55,708 - INFO - fastread - 118, 3660
2019-02-04 15:55:55,712 - INFO - fastread - 118, 3670
2019-02-04 15:55:55,717 - INFO - fastread - 119, 3680
2019-02-04 15:55:55,721 - INFO - fastread - 120, 3690
2019-02-04 15:55:55,726 - INFO - fastread - 122, 3700
2019-02-04 15:55:55,729 - INFO - fastread - 123, 3710
2019-02-04 15:55:55,732 - INFO - fastread - 123, 3720
2019-02-04 15:55:55,736 - INFO - fastread - 123, 3730
2019-02-04 15:55:55,741 - INFO - fastread - 123, 3740
2019-02-04 15:55:55,744 - INFO - fastread - 123, 3750
2019-02-04 15:55:55,748 - INFO - fastread - 123, 3760
2019-02-04 15:55:55,780 - INFO - fastread - 123, 3770
2019-02-04 15:55:55,784 - INFO - fastread - 123, 3780
2019-02-04 15:55:55,788 - INFO - fastread - 123, 3790
2019-02-04 15:55:55,792 - INFO - fastread - 124, 3800
2019-02-04 15:55:55,795 - INFO - fastread - 126, 3810
2019-02-04 15:55:55,800 - INFO - fastread - 126, 3820
2019-02-04 15:55:55,805 - INFO - fastread - 126, 3830
2019-02-04 15:55:55,808 - INFO - fastread - 127, 3840
2019-02-04 15:55:55,814 - INFO - fastread - 127, 3850
2019-02-04 15:55:55,818 - INFO - fastread - 127, 3860
2019-02-04 15:55:55,826 - INFO - fastread - 127, 3870
2019-02-04 15:55:55,832 - INFO - fastread - 127, 3880
2019-02-04 15:55:55,837 - INFO - fastread - 127, 3890
2019-02-04 15:55:55,840 - INFO - fastread - 127, 3900
2019-02-04 15:55:55,845 - INFO - fastread - 127, 3910
2019-02-04 15:55:55,848 - INFO - fastread - 127, 3920
2019-02-04 15:55:55,853 - INFO - fastread - 127, 3930
2019-02-04 15:55:55,859 - INFO - fastread - 128, 3940
2019-02-04 15:55:55,865 - INFO - fastread - 128, 3950
2019-02-04 15:55:55,869 - INFO - fastread - 128, 3960
2019-02-04 15:55:55,873 - INFO - fastread - 128, 3970
2019-02-04 15:55:55,878 - INFO - fastread - 128, 3980
2019-02-04 15:55:55,884 - INFO - fastread - 128, 3990
2019-02-04 15:55:55,890 - INFO - fastread - 128, 4000
2019-02-04 15:55:55,894 - INFO - fastread - 129, 4010
2019-02-04 15:55:55,898 - INFO - fastread - 129, 4020
2019-02-04 15:55:55,903 - INFO - fastread - 129, 4030
2019-02-04 15:55:55,908 - INFO - fastread - 129, 4040
2019-02-04 15:55:55,912 - INFO - fastread - 130, 4050
2019-02-04 15:55:55,916 - INFO - fastread - 130, 4060
2019-02-04 15:55:55,920 - INFO - fastread - 131, 4070
2019-02-04 15:55:55,924 - INFO - fastread - 131, 4080
2019-02-04 15:55:55,928 - INFO - fastread - 131, 4090
2019-02-04 15:55:56,686 - INFO - rig - ++++NEW CLF++++ DT
2019-02-04 15:55:56,710 - INFO - fastread - Total Yes: 131 | Total No: 3967
2019-02-04 15:56:11,764 - INFO - fastread - 8, 10
2019-02-04 15:56:11,790 - INFO - fastread - 12, 20
2019-02-04 15:56:11,808 - INFO - fastread - 17, 30
2019-02-04 15:56:11,814 - INFO - fastread - 24, 40
2019-02-04 15:56:11,819 - INFO - fastread - 28, 50
2019-02-04 15:56:11,825 - INFO - fastread - 33, 60
2019-02-04 15:56:11,833 - INFO - fastread - 38, 70
2019-02-04 15:56:11,838 - INFO - fastread - 42, 80
2019-02-04 15:56:11,843 - INFO - fastread - 49, 90
2019-02-04 15:56:11,849 - INFO - fastread - 52, 100
2019-02-04 15:56:11,853 - INFO - fastread - 58, 110
2019-02-04 15:56:11,857 - INFO - fastread - 63, 120
2019-02-04 15:56:11,862 - INFO - fastread - 68, 130
2019-02-04 15:56:11,868 - INFO - fastread - 68, 140
2019-02-04 15:56:11,872 - INFO - fastread - 68, 150
2019-02-04 15:56:11,878 - INFO - fastread - 68, 160
2019-02-04 15:56:11,883 - INFO - fastread - 68, 170
2019-02-04 15:56:11,888 - INFO - fastread - 68, 180
2019-02-04 15:56:11,894 - INFO - fastread - 68, 190
2019-02-04 15:56:11,899 - INFO - fastread - 68, 200
2019-02-04 15:56:11,905 - INFO - fastread - 68, 210
2019-02-04 15:56:11,909 - INFO - fastread - 68, 220
2019-02-04 15:56:11,913 - INFO - fastread - 68, 230
2019-02-04 15:56:11,925 - INFO - fastread - 68, 240
2019-02-04 15:56:11,929 - INFO - fastread - 68, 250
2019-02-04 15:56:11,934 - INFO - fastread - 69, 260
2019-02-04 15:56:11,938 - INFO - fastread - 69, 270
2019-02-04 15:56:11,943 - INFO - fastread - 69, 280
2019-02-04 15:56:11,950 - INFO - fastread - 69, 290
2019-02-04 15:56:11,954 - INFO - fastread - 69, 300
2019-02-04 15:56:11,959 - INFO - fastread - 69, 310
2019-02-04 15:56:11,963 - INFO - fastread - 69, 320
2019-02-04 15:56:11,968 - INFO - fastread - 69, 330
2019-02-04 15:56:11,971 - INFO - fastread - 69, 340
2019-02-04 15:56:11,976 - INFO - fastread - 69, 350
2019-02-04 15:56:11,982 - INFO - fastread - 69, 360
2019-02-04 15:56:11,988 - INFO - fastread - 69, 370
2019-02-04 15:56:11,993 - INFO - fastread - 69, 380
2019-02-04 15:56:11,998 - INFO - fastread - 69, 390
2019-02-04 15:56:12,001 - INFO - fastread - 69, 400
2019-02-04 15:56:12,004 - INFO - fastread - 70, 410
2019-02-04 15:56:12,008 - INFO - fastread - 70, 420
2019-02-04 15:56:12,012 - INFO - fastread - 71, 430
2019-02-04 15:56:12,018 - INFO - fastread - 71, 440
2019-02-04 15:56:12,023 - INFO - fastread - 72, 450
2019-02-04 15:56:12,030 - INFO - fastread - 72, 460
2019-02-04 15:56:12,036 - INFO - fastread - 72, 470
2019-02-04 15:56:12,046 - INFO - fastread - 72, 480
2019-02-04 15:56:12,050 - INFO - fastread - 72, 490
2019-02-04 15:56:12,054 - INFO - fastread - 72, 500
2019-02-04 15:56:12,058 - INFO - fastread - 72, 510
2019-02-04 15:56:12,062 - INFO - fastread - 72, 520
2019-02-04 15:56:12,066 - INFO - fastread - 72, 530
2019-02-04 15:56:12,072 - INFO - fastread - 72, 540
2019-02-04 15:56:12,077 - INFO - fastread - 72, 550
2019-02-04 15:56:12,081 - INFO - fastread - 72, 560
2019-02-04 15:56:12,084 - INFO - fastread - 72, 570
2019-02-04 15:56:12,089 - INFO - fastread - 73, 580
2019-02-04 15:56:12,094 - INFO - fastread - 73, 590
2019-02-04 15:56:12,101 - INFO - fastread - 73, 600
2019-02-04 15:56:12,106 - INFO - fastread - 73, 610
2019-02-04 15:56:12,113 - INFO - fastread - 73, 620
2019-02-04 15:56:12,122 - INFO - fastread - 73, 630
2019-02-04 15:56:12,127 - INFO - fastread - 73, 640
2019-02-04 15:56:12,135 - INFO - fastread - 73, 650
2019-02-04 15:56:12,139 - INFO - fastread - 73, 660
2019-02-04 15:56:12,144 - INFO - fastread - 73, 670
2019-02-04 15:56:12,148 - INFO - fastread - 73, 680
2019-02-04 15:56:12,152 - INFO - fastread - 73, 690
2019-02-04 15:56:12,156 - INFO - fastread - 73, 700
2019-02-04 15:56:12,161 - INFO - fastread - 73, 710
2019-02-04 15:56:12,165 - INFO - fastread - 73, 720
2019-02-04 15:56:12,170 - INFO - fastread - 73, 730
2019-02-04 15:56:12,175 - INFO - fastread - 73, 740
2019-02-04 15:56:12,180 - INFO - fastread - 73, 750
2019-02-04 15:56:12,186 - INFO - fastread - 73, 760
2019-02-04 15:56:12,191 - INFO - fastread - 73, 770
2019-02-04 15:56:12,197 - INFO - fastread - 73, 780
2019-02-04 15:56:12,202 - INFO - fastread - 73, 790
2019-02-04 15:56:12,207 - INFO - fastread - 73, 800
2019-02-04 15:56:12,213 - INFO - fastread - 73, 810
2019-02-04 15:56:12,220 - INFO - fastread - 73, 820
2019-02-04 15:56:12,224 - INFO - fastread - 73, 830
2019-02-04 15:56:12,233 - INFO - fastread - 73, 840
2019-02-04 15:56:12,237 - INFO - fastread - 73, 850
2019-02-04 15:56:12,242 - INFO - fastread - 73, 860
2019-02-04 15:56:12,246 - INFO - fastread - 73, 870
2019-02-04 15:56:12,251 - INFO - fastread - 73, 880
2019-02-04 15:56:12,260 - INFO - fastread - 73, 890
2019-02-04 15:56:12,267 - INFO - fastread - 73, 900
2019-02-04 15:56:12,272 - INFO - fastread - 73, 910
2019-02-04 15:56:12,279 - INFO - fastread - 73, 920
2019-02-04 15:56:12,283 - INFO - fastread - 73, 930
2019-02-04 15:56:12,289 - INFO - fastread - 73, 940
2019-02-04 15:56:12,302 - INFO - fastread - 73, 950
2019-02-04 15:56:12,306 - INFO - fastread - 73, 960
2019-02-04 15:56:12,314 - INFO - fastread - 73, 970
2019-02-04 15:56:12,324 - INFO - fastread - 73, 980
2019-02-04 15:56:12,334 - INFO - fastread - 73, 990
2019-02-04 15:56:12,347 - INFO - fastread - 74, 1000
2019-02-04 15:56:12,354 - INFO - fastread - 74, 1010
2019-02-04 15:56:12,359 - INFO - fastread - 74, 1020
2019-02-04 15:56:12,365 - INFO - fastread - 74, 1030
2019-02-04 15:56:12,373 - INFO - fastread - 75, 1040
2019-02-04 15:56:12,384 - INFO - fastread - 75, 1050
2019-02-04 15:56:12,389 - INFO - fastread - 75, 1060
2019-02-04 15:56:12,395 - INFO - fastread - 76, 1070
2019-02-04 15:56:12,400 - INFO - fastread - 76, 1080
2019-02-04 15:56:12,404 - INFO - fastread - 76, 1090
2019-02-04 15:56:12,409 - INFO - fastread - 77, 1100
2019-02-04 15:56:12,416 - INFO - fastread - 78, 1110
2019-02-04 15:56:12,426 - INFO - fastread - 78, 1120
2019-02-04 15:56:12,431 - INFO - fastread - 79, 1130
2019-02-04 15:56:12,437 - INFO - fastread - 79, 1140
2019-02-04 15:56:12,444 - INFO - fastread - 80, 1150
2019-02-04 15:56:12,449 - INFO - fastread - 80, 1160
2019-02-04 15:56:12,463 - INFO - fastread - 80, 1170
2019-02-04 15:56:12,469 - INFO - fastread - 80, 1180
2019-02-04 15:56:12,475 - INFO - fastread - 80, 1190
2019-02-04 15:56:12,484 - INFO - fastread - 80, 1200
2019-02-04 15:56:12,504 - INFO - fastread - 80, 1210
2019-02-04 15:56:12,509 - INFO - fastread - 81, 1220
2019-02-04 15:56:12,512 - INFO - fastread - 81, 1230
2019-02-04 15:56:12,515 - INFO - fastread - 81, 1240
2019-02-04 15:56:12,518 - INFO - fastread - 81, 1250
2019-02-04 15:56:12,535 - INFO - fastread - 81, 1260
2019-02-04 15:56:12,538 - INFO - fastread - 81, 1270
2019-02-04 15:56:12,541 - INFO - fastread - 81, 1280
2019-02-04 15:56:12,544 - INFO - fastread - 81, 1290
2019-02-04 15:56:12,547 - INFO - fastread - 81, 1300
2019-02-04 15:56:12,549 - INFO - fastread - 81, 1310
2019-02-04 15:56:12,553 - INFO - fastread - 81, 1320
2019-02-04 15:56:12,556 - INFO - fastread - 81, 1330
2019-02-04 15:56:12,559 - INFO - fastread - 81, 1340
2019-02-04 15:56:12,561 - INFO - fastread - 82, 1350
2019-02-04 15:56:12,565 - INFO - fastread - 82, 1360
2019-02-04 15:56:12,568 - INFO - fastread - 82, 1370
2019-02-04 15:56:12,570 - INFO - fastread - 82, 1380
2019-02-04 15:56:12,573 - INFO - fastread - 82, 1390
2019-02-04 15:56:12,576 - INFO - fastread - 83, 1400
2019-02-04 15:56:12,579 - INFO - fastread - 84, 1410
2019-02-04 15:56:12,582 - INFO - fastread - 84, 1420
2019-02-04 15:56:12,585 - INFO - fastread - 84, 1430
2019-02-04 15:56:12,587 - INFO - fastread - 84, 1440
2019-02-04 15:56:12,591 - INFO - fastread - 84, 1450
2019-02-04 15:56:12,594 - INFO - fastread - 84, 1460
2019-02-04 15:56:12,596 - INFO - fastread - 85, 1470
2019-02-04 15:56:12,599 - INFO - fastread - 85, 1480
2019-02-04 15:56:12,602 - INFO - fastread - 85, 1490
2019-02-04 15:56:12,605 - INFO - fastread - 85, 1500
2019-02-04 15:56:12,609 - INFO - fastread - 86, 1510
2019-02-04 15:56:12,612 - INFO - fastread - 86, 1520
2019-02-04 15:56:12,614 - INFO - fastread - 86, 1530
2019-02-04 15:56:12,617 - INFO - fastread - 86, 1540
2019-02-04 15:56:12,620 - INFO - fastread - 86, 1550
2019-02-04 15:56:12,623 - INFO - fastread - 86, 1560
2019-02-04 15:56:12,626 - INFO - fastread - 87, 1570
2019-02-04 15:56:12,629 - INFO - fastread - 87, 1580
2019-02-04 15:56:12,631 - INFO - fastread - 87, 1590
2019-02-04 15:56:12,634 - INFO - fastread - 87, 1600
2019-02-04 15:56:12,637 - INFO - fastread - 87, 1610
2019-02-04 15:56:12,641 - INFO - fastread - 89, 1620
2019-02-04 15:56:12,644 - INFO - fastread - 89, 1630
2019-02-04 15:56:12,647 - INFO - fastread - 90, 1640
2019-02-04 15:56:12,650 - INFO - fastread - 90, 1650
2019-02-04 15:56:12,652 - INFO - fastread - 90, 1660
2019-02-04 15:56:12,655 - INFO - fastread - 90, 1670
2019-02-04 15:56:12,658 - INFO - fastread - 90, 1680
2019-02-04 15:56:12,662 - INFO - fastread - 90, 1690
2019-02-04 15:56:12,666 - INFO - fastread - 91, 1700
2019-02-04 15:56:12,669 - INFO - fastread - 91, 1710
2019-02-04 15:56:12,672 - INFO - fastread - 91, 1720
2019-02-04 15:56:12,674 - INFO - fastread - 91, 1730
2019-02-04 15:56:12,676 - INFO - fastread - 91, 1740
2019-02-04 15:56:12,679 - INFO - fastread - 91, 1750
2019-02-04 15:56:12,682 - INFO - fastread - 91, 1760
2019-02-04 15:56:12,684 - INFO - fastread - 91, 1770
2019-02-04 15:56:12,688 - INFO - fastread - 91, 1780
2019-02-04 15:56:12,690 - INFO - fastread - 91, 1790
2019-02-04 15:56:12,717 - INFO - fastread - 91, 1800
2019-02-04 15:56:12,721 - INFO - fastread - 91, 1810
2019-02-04 15:56:12,725 - INFO - fastread - 91, 1820
2019-02-04 15:56:12,728 - INFO - fastread - 91, 1830
2019-02-04 15:56:12,733 - INFO - fastread - 91, 1840
2019-02-04 15:56:12,738 - INFO - fastread - 91, 1850
2019-02-04 15:56:12,741 - INFO - fastread - 91, 1860
2019-02-04 15:56:12,744 - INFO - fastread - 91, 1870
2019-02-04 15:56:12,747 - INFO - fastread - 92, 1880
2019-02-04 15:56:12,750 - INFO - fastread - 92, 1890
2019-02-04 15:56:12,753 - INFO - fastread - 92, 1900
2019-02-04 15:56:12,770 - INFO - fastread - 92, 1910
2019-02-04 15:56:12,773 - INFO - fastread - 92, 1920
2019-02-04 15:56:12,777 - INFO - fastread - 92, 1930
2019-02-04 15:56:12,779 - INFO - fastread - 92, 1940
2019-02-04 15:56:12,783 - INFO - fastread - 92, 1950
2019-02-04 15:56:12,786 - INFO - fastread - 92, 1960
2019-02-04 15:56:12,788 - INFO - fastread - 92, 1970
2019-02-04 15:56:12,791 - INFO - fastread - 93, 1980
2019-02-04 15:56:12,794 - INFO - fastread - 93, 1990
2019-02-04 15:56:12,797 - INFO - fastread - 93, 2000
2019-02-04 15:56:12,799 - INFO - fastread - 94, 2010
2019-02-04 15:56:12,802 - INFO - fastread - 94, 2020
2019-02-04 15:56:12,804 - INFO - fastread - 94, 2030
2019-02-04 15:56:12,807 - INFO - fastread - 95, 2040
2019-02-04 15:56:12,820 - INFO - fastread - 95, 2050
2019-02-04 15:56:12,822 - INFO - fastread - 95, 2060
2019-02-04 15:56:12,825 - INFO - fastread - 95, 2070
2019-02-04 15:56:12,828 - INFO - fastread - 95, 2080
2019-02-04 15:56:12,830 - INFO - fastread - 95, 2090
2019-02-04 15:56:12,833 - INFO - fastread - 95, 2100
2019-02-04 15:56:12,836 - INFO - fastread - 95, 2110
2019-02-04 15:56:12,839 - INFO - fastread - 95, 2120
2019-02-04 15:56:12,841 - INFO - fastread - 95, 2130
2019-02-04 15:56:12,843 - INFO - fastread - 96, 2140
2019-02-04 15:56:12,847 - INFO - fastread - 96, 2150
2019-02-04 15:56:12,849 - INFO - fastread - 96, 2160
2019-02-04 15:56:12,851 - INFO - fastread - 96, 2170
2019-02-04 15:56:12,856 - INFO - fastread - 96, 2180
2019-02-04 15:56:12,859 - INFO - fastread - 96, 2190
2019-02-04 15:56:12,861 - INFO - fastread - 96, 2200
2019-02-04 15:56:12,864 - INFO - fastread - 96, 2210
2019-02-04 15:56:12,866 - INFO - fastread - 96, 2220
2019-02-04 15:56:12,868 - INFO - fastread - 97, 2230
2019-02-04 15:56:12,871 - INFO - fastread - 97, 2240
2019-02-04 15:56:12,874 - INFO - fastread - 98, 2250
2019-02-04 15:56:12,877 - INFO - fastread - 98, 2260
2019-02-04 15:56:12,879 - INFO - fastread - 98, 2270
2019-02-04 15:56:12,882 - INFO - fastread - 99, 2280
2019-02-04 15:56:12,884 - INFO - fastread - 100, 2290
2019-02-04 15:56:12,888 - INFO - fastread - 100, 2300
2019-02-04 15:56:12,892 - INFO - fastread - 100, 2310
2019-02-04 15:56:12,896 - INFO - fastread - 100, 2320
2019-02-04 15:56:12,899 - INFO - fastread - 100, 2330
2019-02-04 15:56:12,902 - INFO - fastread - 100, 2340
2019-02-04 15:56:12,905 - INFO - fastread - 100, 2350
2019-02-04 15:56:12,908 - INFO - fastread - 100, 2360
2019-02-04 15:56:12,910 - INFO - fastread - 100, 2370
2019-02-04 15:56:12,913 - INFO - fastread - 100, 2380
2019-02-04 15:56:12,916 - INFO - fastread - 100, 2390
2019-02-04 15:56:12,918 - INFO - fastread - 100, 2400
2019-02-04 15:56:12,921 - INFO - fastread - 100, 2410
2019-02-04 15:56:12,924 - INFO - fastread - 100, 2420
2019-02-04 15:56:12,926 - INFO - fastread - 101, 2430
2019-02-04 15:56:12,930 - INFO - fastread - 101, 2440
2019-02-04 15:56:12,933 - INFO - fastread - 101, 2450
2019-02-04 15:56:12,935 - INFO - fastread - 101, 2460
2019-02-04 15:56:12,939 - INFO - fastread - 101, 2470
2019-02-04 15:56:12,941 - INFO - fastread - 101, 2480
2019-02-04 15:56:12,945 - INFO - fastread - 101, 2490
2019-02-04 15:56:12,948 - INFO - fastread - 101, 2500
2019-02-04 15:56:12,952 - INFO - fastread - 102, 2510
2019-02-04 15:56:12,954 - INFO - fastread - 102, 2520
2019-02-04 15:56:12,957 - INFO - fastread - 102, 2530
2019-02-04 15:56:12,960 - INFO - fastread - 102, 2540
2019-02-04 15:56:12,962 - INFO - fastread - 102, 2550
2019-02-04 15:56:12,965 - INFO - fastread - 104, 2560
2019-02-04 15:56:12,967 - INFO - fastread - 104, 2570
2019-02-04 15:56:12,971 - INFO - fastread - 104, 2580
2019-02-04 15:56:12,974 - INFO - fastread - 104, 2590
2019-02-04 15:56:12,977 - INFO - fastread - 104, 2600
2019-02-04 15:56:12,979 - INFO - fastread - 104, 2610
2019-02-04 15:56:12,982 - INFO - fastread - 104, 2620
2019-02-04 15:56:12,985 - INFO - fastread - 104, 2630
2019-02-04 15:56:12,987 - INFO - fastread - 104, 2640
2019-02-04 15:56:12,990 - INFO - fastread - 104, 2650
2019-02-04 15:56:12,993 - INFO - fastread - 104, 2660
2019-02-04 15:56:12,995 - INFO - fastread - 104, 2670
2019-02-04 15:56:12,998 - INFO - fastread - 105, 2680
2019-02-04 15:56:13,002 - INFO - fastread - 106, 2690
2019-02-04 15:56:13,005 - INFO - fastread - 106, 2700
2019-02-04 15:56:13,008 - INFO - fastread - 106, 2710
2019-02-04 15:56:13,010 - INFO - fastread - 106, 2720
2019-02-04 15:56:13,013 - INFO - fastread - 107, 2730
2019-02-04 15:56:13,015 - INFO - fastread - 108, 2740
2019-02-04 15:56:13,018 - INFO - fastread - 109, 2750
2019-02-04 15:56:13,022 - INFO - fastread - 109, 2760
2019-02-04 15:56:13,024 - INFO - fastread - 109, 2770
2019-02-04 15:56:13,027 - INFO - fastread - 109, 2780
2019-02-04 15:56:13,029 - INFO - fastread - 109, 2790
2019-02-04 15:56:13,032 - INFO - fastread - 110, 2800
2019-02-04 15:56:13,035 - INFO - fastread - 110, 2810
2019-02-04 15:56:13,038 - INFO - fastread - 110, 2820
2019-02-04 15:56:13,045 - INFO - fastread - 111, 2830
2019-02-04 15:56:13,048 - INFO - fastread - 111, 2840
2019-02-04 15:56:13,051 - INFO - fastread - 111, 2850
2019-02-04 15:56:13,054 - INFO - fastread - 112, 2860
2019-02-04 15:56:13,057 - INFO - fastread - 112, 2870
2019-02-04 15:56:13,060 - INFO - fastread - 112, 2880
2019-02-04 15:56:13,062 - INFO - fastread - 112, 2890
2019-02-04 15:56:13,065 - INFO - fastread - 112, 2900
2019-02-04 15:56:13,067 - INFO - fastread - 113, 2910
2019-02-04 15:56:13,070 - INFO - fastread - 113, 2920
2019-02-04 15:56:13,073 - INFO - fastread - 113, 2930
2019-02-04 15:56:13,077 - INFO - fastread - 114, 2940
2019-02-04 15:56:13,079 - INFO - fastread - 114, 2950
2019-02-04 15:56:13,082 - INFO - fastread - 114, 2960
2019-02-04 15:56:13,086 - INFO - fastread - 114, 2970
2019-02-04 15:56:13,088 - INFO - fastread - 114, 2980
2019-02-04 15:56:13,090 - INFO - fastread - 114, 2990
2019-02-04 15:56:13,093 - INFO - fastread - 114, 3000
2019-02-04 15:56:13,096 - INFO - fastread - 114, 3010
2019-02-04 15:56:13,099 - INFO - fastread - 114, 3020
2019-02-04 15:56:13,102 - INFO - fastread - 114, 3030
2019-02-04 15:56:13,105 - INFO - fastread - 114, 3040
2019-02-04 15:56:13,108 - INFO - fastread - 114, 3050
2019-02-04 15:56:13,112 - INFO - fastread - 115, 3060
2019-02-04 15:56:13,115 - INFO - fastread - 115, 3070
2019-02-04 15:56:13,118 - INFO - fastread - 115, 3080
2019-02-04 15:56:13,121 - INFO - fastread - 115, 3090
2019-02-04 15:56:13,124 - INFO - fastread - 115, 3100
2019-02-04 15:56:13,128 - INFO - fastread - 115, 3110
2019-02-04 15:56:13,131 - INFO - fastread - 115, 3120
2019-02-04 15:56:13,133 - INFO - fastread - 116, 3130
2019-02-04 15:56:13,137 - INFO - fastread - 116, 3140
2019-02-04 15:56:13,140 - INFO - fastread - 116, 3150
2019-02-04 15:56:13,143 - INFO - fastread - 116, 3160
2019-02-04 15:56:13,146 - INFO - fastread - 116, 3170
2019-02-04 15:56:13,149 - INFO - fastread - 116, 3180
2019-02-04 15:56:13,151 - INFO - fastread - 116, 3190
2019-02-04 15:56:13,154 - INFO - fastread - 116, 3200
2019-02-04 15:56:13,157 - INFO - fastread - 117, 3210
2019-02-04 15:56:13,159 - INFO - fastread - 117, 3220
2019-02-04 15:56:13,162 - INFO - fastread - 117, 3230
2019-02-04 15:56:13,166 - INFO - fastread - 117, 3240
2019-02-04 15:56:13,168 - INFO - fastread - 118, 3250
2019-02-04 15:56:13,171 - INFO - fastread - 119, 3260
2019-02-04 15:56:13,175 - INFO - fastread - 119, 3270
2019-02-04 15:56:13,177 - INFO - fastread - 120, 3280
2019-02-04 15:56:13,180 - INFO - fastread - 120, 3290
2019-02-04 15:56:13,186 - INFO - fastread - 121, 3300
2019-02-04 15:56:13,189 - INFO - fastread - 121, 3310
2019-02-04 15:56:13,192 - INFO - fastread - 121, 3320
2019-02-04 15:56:13,196 - INFO - fastread - 121, 3330
2019-02-04 15:56:13,198 - INFO - fastread - 121, 3340
2019-02-04 15:56:13,201 - INFO - fastread - 122, 3350
2019-02-04 15:56:13,204 - INFO - fastread - 122, 3360
2019-02-04 15:56:13,206 - INFO - fastread - 122, 3370
2019-02-04 15:56:13,209 - INFO - fastread - 122, 3380
2019-02-04 15:56:13,213 - INFO - fastread - 123, 3390
2019-02-04 15:56:13,215 - INFO - fastread - 123, 3400
2019-02-04 15:56:13,218 - INFO - fastread - 123, 3410
2019-02-04 15:56:13,221 - INFO - fastread - 123, 3420
2019-02-04 15:56:13,225 - INFO - fastread - 123, 3430
2019-02-04 15:56:13,228 - INFO - fastread - 124, 3440
2019-02-04 15:56:13,232 - INFO - fastread - 124, 3450
2019-02-04 15:56:13,236 - INFO - fastread - 124, 3460
2019-02-04 15:56:13,238 - INFO - fastread - 124, 3470
2019-02-04 15:56:13,242 - INFO - fastread - 124, 3480
2019-02-04 15:56:13,246 - INFO - fastread - 124, 3490
2019-02-04 15:56:13,249 - INFO - fastread - 124, 3500
2019-02-04 15:56:13,252 - INFO - fastread - 125, 3510
2019-02-04 15:56:13,255 - INFO - fastread - 125, 3520
2019-02-04 15:56:13,259 - INFO - fastread - 125, 3530
2019-02-04 15:56:13,263 - INFO - fastread - 125, 3540
2019-02-04 15:56:13,267 - INFO - fastread - 125, 3550
2019-02-04 15:56:13,271 - INFO - fastread - 125, 3560
2019-02-04 15:56:13,273 - INFO - fastread - 126, 3570
2019-02-04 15:56:13,278 - INFO - fastread - 126, 3580
2019-02-04 15:56:13,280 - INFO - fastread - 126, 3590
2019-02-04 15:56:13,283 - INFO - fastread - 126, 3600
2019-02-04 15:56:13,285 - INFO - fastread - 126, 3610
2019-02-04 15:56:13,289 - INFO - fastread - 127, 3620
2019-02-04 15:56:13,293 - INFO - fastread - 127, 3630
2019-02-04 15:56:13,297 - INFO - fastread - 127, 3640
2019-02-04 15:56:13,300 - INFO - fastread - 127, 3650
2019-02-04 15:56:13,304 - INFO - fastread - 127, 3660
2019-02-04 15:56:13,306 - INFO - fastread - 127, 3670
2019-02-04 15:56:13,309 - INFO - fastread - 127, 3680
2019-02-04 15:56:13,312 - INFO - fastread - 127, 3690
2019-02-04 15:56:13,315 - INFO - fastread - 127, 3700
2019-02-04 15:56:13,318 - INFO - fastread - 127, 3710
2019-02-04 15:56:13,322 - INFO - fastread - 128, 3720
2019-02-04 15:56:13,325 - INFO - fastread - 128, 3730
2019-02-04 15:56:13,329 - INFO - fastread - 128, 3740
2019-02-04 15:56:13,332 - INFO - fastread - 128, 3750
2019-02-04 15:56:13,335 - INFO - fastread - 128, 3760
2019-02-04 15:56:13,337 - INFO - fastread - 128, 3770
2019-02-04 15:56:13,340 - INFO - fastread - 128, 3780
2019-02-04 15:56:13,343 - INFO - fastread - 128, 3790
2019-02-04 15:56:13,345 - INFO - fastread - 128, 3800
2019-02-04 15:56:13,348 - INFO - fastread - 129, 3810
2019-02-04 15:56:13,352 - INFO - fastread - 130, 3820
2019-02-04 15:56:13,355 - INFO - fastread - 130, 3830
2019-02-04 15:56:13,358 - INFO - fastread - 130, 3840
2019-02-04 15:56:13,360 - INFO - fastread - 130, 3850
2019-02-04 15:56:13,363 - INFO - fastread - 130, 3860
2019-02-04 15:56:13,366 - INFO - fastread - 130, 3870
2019-02-04 15:56:13,369 - INFO - fastread - 130, 3880
2019-02-04 15:56:13,372 - INFO - fastread - 130, 3890
2019-02-04 15:56:13,375 - INFO - fastread - 130, 3900
2019-02-04 15:56:13,378 - INFO - fastread - 130, 3910
2019-02-04 15:56:13,381 - INFO - fastread - 130, 3920
2019-02-04 15:56:13,384 - INFO - fastread - 130, 3930
2019-02-04 15:56:13,388 - INFO - fastread - 131, 3940
2019-02-04 15:56:13,391 - INFO - fastread - 131, 3950
2019-02-04 15:56:13,394 - INFO - fastread - 131, 3960
2019-02-04 15:56:13,398 - INFO - fastread - 131, 3970
2019-02-04 15:56:13,400 - INFO - fastread - 131, 3980
2019-02-04 15:56:13,404 - INFO - fastread - 131, 3990
2019-02-04 15:56:13,408 - INFO - fastread - 131, 4000
2019-02-04 15:56:13,411 - INFO - fastread - 131, 4010
2019-02-04 15:56:13,414 - INFO - fastread - 131, 4020
2019-02-04 15:56:13,418 - INFO - fastread - 131, 4030
2019-02-04 15:56:13,421 - INFO - fastread - 131, 4040
2019-02-04 15:56:13,425 - INFO - fastread - 131, 4050
2019-02-04 15:56:13,428 - INFO - fastread - 131, 4060
2019-02-04 15:56:13,431 - INFO - fastread - 131, 4070
2019-02-04 15:56:13,434 - INFO - fastread - 131, 4080
2019-02-04 15:56:13,438 - INFO - fastread - 131, 4090
2019-02-04 15:56:13,658 - INFO - rig - ++++NEW CLF++++ SVM
2019-02-04 15:56:13,661 - INFO - fastread - Total Yes: 131 | Total No: 3967
2019-02-04 16:06:49,509 - INFO - fastread - 7, 10
2019-02-04 16:06:49,516 - INFO - fastread - 15, 20
2019-02-04 16:06:49,520 - INFO - fastread - 23, 30
2019-02-04 16:06:49,524 - INFO - fastread - 26, 40
2019-02-04 16:06:49,529 - INFO - fastread - 33, 50
2019-02-04 16:06:49,540 - INFO - rig - ++++NEW CLF++++ SVM_LINER
2019-02-04 16:06:49,540 - INFO - fastread - Total Yes: 131 | Total No: 3967
2019-02-04 16:16:37,250 - INFO - fastread - 7, 10
2019-02-04 16:16:37,253 - INFO - fastread - 14, 20
2019-02-04 16:16:37,255 - INFO - fastread - 23, 30
2019-02-04 16:16:37,258 - INFO - fastread - 29, 40
2019-02-04 16:16:37,262 - INFO - fastread - 35, 50
