2019-02-04 16:24:07,514 - INFO - rig - emf-2.4.1
2019-02-04 16:24:14,705 - INFO - rig - ++++NEW CLF++++ FASTREAD
2019-02-04 16:24:14,706 - INFO - fastread - Total Yes: 104 | Total No: 4285
2019-02-04 16:24:15,013 - INFO - fastread - 0, 0  5999
2019-02-04 16:24:21,753 - INFO - fastread - 33, 46  5999
2019-02-04 16:24:22,012 - INFO - rig - ++++NEW CLF++++ ENSEMBLE_DT
2019-02-04 16:24:22,025 - INFO - ensemble - 4, 10
2019-02-04 16:24:22,030 - INFO - ensemble - 8, 20
2019-02-04 16:24:22,035 - INFO - ensemble - 17, 30
2019-02-04 16:24:22,040 - INFO - ensemble - 27, 40
2019-02-04 16:24:22,045 - INFO - ensemble - 35, 50
2019-02-04 16:24:26,862 - INFO - rig - ++++NEW CLF++++ ENSEMBLE_NBM
2019-02-04 16:24:26,876 - INFO - ensemble - 6, 10
2019-02-04 16:24:26,881 - INFO - ensemble - 9, 20
2019-02-04 16:24:26,887 - INFO - ensemble - 17, 30
2019-02-04 16:24:26,892 - INFO - ensemble - 27, 40
2019-02-04 16:24:26,897 - INFO - ensemble - 34, 50
2019-02-04 16:24:26,900 - INFO - rig - ++++NEW CLF++++ RANDOM
2019-02-04 16:24:26,901 - INFO - fastread - Total Yes: 104 | Total No: 4285
2019-02-04 16:24:27,036 - INFO - fastread - 0, 0
2019-02-04 16:24:27,105 - INFO - fastread - 0, 10
2019-02-04 16:24:27,159 - INFO - fastread - 0, 20
2019-02-04 16:24:27,214 - INFO - fastread - 0, 30
2019-02-04 16:24:27,270 - INFO - fastread - 1, 40
2019-02-04 16:24:27,334 - INFO - fastread - 1, 50
2019-02-04 16:24:27,390 - INFO - fastread - 1, 60
2019-02-04 16:24:27,451 - INFO - fastread - 1, 70
2019-02-04 16:24:27,514 - INFO - fastread - 1, 80
2019-02-04 16:24:27,570 - INFO - fastread - 1, 90
2019-02-04 16:24:27,624 - INFO - fastread - 1, 100
2019-02-04 16:24:27,685 - INFO - fastread - 1, 110
2019-02-04 16:24:27,751 - INFO - fastread - 3, 120
2019-02-04 16:24:27,813 - INFO - fastread - 3, 130
2019-02-04 16:24:27,878 - INFO - fastread - 3, 140
2019-02-04 16:24:27,942 - INFO - fastread - 3, 150
2019-02-04 16:24:28,003 - INFO - fastread - 3, 160
2019-02-04 16:24:28,058 - INFO - fastread - 4, 170
2019-02-04 16:24:28,123 - INFO - fastread - 4, 180
2019-02-04 16:24:28,181 - INFO - fastread - 4, 190
2019-02-04 16:24:28,241 - INFO - fastread - 4, 200
2019-02-04 16:24:28,302 - INFO - fastread - 4, 210
2019-02-04 16:24:28,362 - INFO - fastread - 4, 220
2019-02-04 16:24:28,422 - INFO - fastread - 4, 230
2019-02-04 16:24:28,486 - INFO - fastread - 4, 240
2019-02-04 16:24:28,547 - INFO - fastread - 4, 250
2019-02-04 16:24:28,609 - INFO - fastread - 4, 260
2019-02-04 16:24:28,675 - INFO - fastread - 4, 270
2019-02-04 16:24:28,738 - INFO - fastread - 5, 280
2019-02-04 16:24:28,801 - INFO - fastread - 5, 290
2019-02-04 16:24:28,863 - INFO - fastread - 5, 300
2019-02-04 16:24:28,931 - INFO - fastread - 6, 310
2019-02-04 16:24:29,000 - INFO - fastread - 6, 320
2019-02-04 16:24:29,062 - INFO - fastread - 6, 330
2019-02-04 16:24:29,128 - INFO - fastread - 6, 340
2019-02-04 16:24:29,184 - INFO - fastread - 7, 350
2019-02-04 16:24:29,249 - INFO - fastread - 7, 360
2019-02-04 16:24:29,308 - INFO - fastread - 7, 370
2019-02-04 16:24:29,370 - INFO - fastread - 8, 380
2019-02-04 16:24:29,429 - INFO - fastread - 8, 390
2019-02-04 16:24:29,494 - INFO - fastread - 8, 400
2019-02-04 16:24:29,561 - INFO - fastread - 8, 410
2019-02-04 16:24:29,621 - INFO - fastread - 8, 420
2019-02-04 16:24:29,685 - INFO - fastread - 9, 430
2019-02-04 16:24:29,744 - INFO - fastread - 10, 440
2019-02-04 16:24:29,798 - INFO - fastread - 10, 450
2019-02-04 16:24:29,853 - INFO - fastread - 10, 460
2019-02-04 16:24:29,919 - INFO - fastread - 10, 470
2019-02-04 16:24:29,980 - INFO - fastread - 10, 480
2019-02-04 16:24:30,037 - INFO - fastread - 10, 490
2019-02-04 16:24:30,102 - INFO - fastread - 10, 500
2019-02-04 16:24:30,158 - INFO - fastread - 10, 510
2019-02-04 16:24:30,220 - INFO - fastread - 10, 520
2019-02-04 16:24:30,280 - INFO - fastread - 11, 530
2019-02-04 16:24:30,337 - INFO - fastread - 11, 540
2019-02-04 16:24:30,399 - INFO - fastread - 11, 550
2019-02-04 16:24:30,453 - INFO - fastread - 11, 560
2019-02-04 16:24:30,524 - INFO - fastread - 12, 570
2019-02-04 16:24:30,602 - INFO - fastread - 12, 580
2019-02-04 16:24:30,668 - INFO - fastread - 12, 590
2019-02-04 16:24:30,738 - INFO - fastread - 12, 600
2019-02-04 16:24:30,803 - INFO - fastread - 12, 610
2019-02-04 16:24:30,872 - INFO - fastread - 12, 620
2019-02-04 16:24:30,946 - INFO - fastread - 12, 630
2019-02-04 16:24:31,014 - INFO - fastread - 12, 640
2019-02-04 16:24:31,082 - INFO - fastread - 13, 650
2019-02-04 16:24:31,155 - INFO - fastread - 13, 660
2019-02-04 16:24:31,211 - INFO - fastread - 14, 670
2019-02-04 16:24:31,275 - INFO - fastread - 14, 680
2019-02-04 16:24:31,348 - INFO - fastread - 14, 690
2019-02-04 16:24:31,411 - INFO - fastread - 14, 700
2019-02-04 16:24:31,475 - INFO - fastread - 14, 710
2019-02-04 16:24:31,536 - INFO - fastread - 14, 720
2019-02-04 16:24:31,595 - INFO - fastread - 15, 730
2019-02-04 16:24:31,656 - INFO - fastread - 15, 740
2019-02-04 16:24:31,720 - INFO - fastread - 15, 750
2019-02-04 16:24:31,780 - INFO - fastread - 15, 760
2019-02-04 16:24:31,840 - INFO - fastread - 15, 770
2019-02-04 16:24:31,905 - INFO - fastread - 15, 780
2019-02-04 16:24:31,967 - INFO - fastread - 15, 790
2019-02-04 16:24:32,029 - INFO - fastread - 15, 800
2019-02-04 16:24:32,092 - INFO - fastread - 15, 810
2019-02-04 16:24:32,150 - INFO - fastread - 15, 820
2019-02-04 16:24:32,204 - INFO - fastread - 15, 830
2019-02-04 16:24:32,260 - INFO - fastread - 15, 840
2019-02-04 16:24:32,324 - INFO - fastread - 15, 850
2019-02-04 16:24:32,381 - INFO - fastread - 16, 860
2019-02-04 16:24:32,443 - INFO - fastread - 16, 870
2019-02-04 16:24:32,529 - INFO - fastread - 16, 880
2019-02-04 16:24:32,604 - INFO - fastread - 16, 890
2019-02-04 16:24:32,668 - INFO - fastread - 16, 900
2019-02-04 16:24:32,732 - INFO - fastread - 17, 910
2019-02-04 16:24:32,805 - INFO - fastread - 17, 920
2019-02-04 16:24:32,870 - INFO - fastread - 17, 930
2019-02-04 16:24:32,932 - INFO - fastread - 17, 940
2019-02-04 16:24:33,016 - INFO - fastread - 17, 950
2019-02-04 16:24:33,082 - INFO - fastread - 18, 960
2019-02-04 16:24:33,152 - INFO - fastread - 20, 970
2019-02-04 16:24:33,215 - INFO - fastread - 20, 980
2019-02-04 16:24:33,278 - INFO - fastread - 20, 990
2019-02-04 16:24:33,336 - INFO - fastread - 20, 1000
2019-02-04 16:24:33,403 - INFO - fastread - 20, 1010
2019-02-04 16:24:33,507 - INFO - fastread - 20, 1020
2019-02-04 16:24:33,610 - INFO - fastread - 20, 1030
2019-02-04 16:24:33,697 - INFO - fastread - 20, 1040
2019-02-04 16:24:33,773 - INFO - fastread - 20, 1050
2019-02-04 16:24:33,855 - INFO - fastread - 20, 1060
2019-02-04 16:24:33,954 - INFO - fastread - 20, 1070
2019-02-04 16:24:34,014 - INFO - fastread - 21, 1080
2019-02-04 16:24:34,079 - INFO - fastread - 21, 1090
2019-02-04 16:24:34,145 - INFO - fastread - 21, 1100
2019-02-04 16:24:34,202 - INFO - fastread - 21, 1110
2019-02-04 16:24:34,259 - INFO - fastread - 21, 1120
2019-02-04 16:24:34,323 - INFO - fastread - 22, 1130
2019-02-04 16:24:34,381 - INFO - fastread - 23, 1140
2019-02-04 16:24:34,453 - INFO - fastread - 23, 1150
2019-02-04 16:24:34,523 - INFO - fastread - 23, 1160
2019-02-04 16:24:34,585 - INFO - fastread - 23, 1170
2019-02-04 16:24:34,644 - INFO - fastread - 23, 1180
2019-02-04 16:24:34,708 - INFO - fastread - 23, 1190
2019-02-04 16:24:34,766 - INFO - fastread - 23, 1200
2019-02-04 16:24:34,825 - INFO - fastread - 24, 1210
2019-02-04 16:24:34,887 - INFO - fastread - 24, 1220
2019-02-04 16:24:34,948 - INFO - fastread - 24, 1230
2019-02-04 16:24:35,004 - INFO - fastread - 24, 1240
2019-02-04 16:24:35,056 - INFO - fastread - 24, 1250
2019-02-04 16:24:35,130 - INFO - fastread - 24, 1260
2019-02-04 16:24:35,184 - INFO - fastread - 24, 1270
2019-02-04 16:24:35,238 - INFO - fastread - 24, 1280
2019-02-04 16:24:35,303 - INFO - fastread - 24, 1290
2019-02-04 16:24:35,364 - INFO - fastread - 24, 1300
2019-02-04 16:24:35,428 - INFO - fastread - 24, 1310
2019-02-04 16:24:35,483 - INFO - fastread - 24, 1320
2019-02-04 16:24:35,552 - INFO - fastread - 24, 1330
2019-02-04 16:24:35,617 - INFO - fastread - 24, 1340
2019-02-04 16:24:35,678 - INFO - fastread - 24, 1350
2019-02-04 16:24:35,743 - INFO - fastread - 24, 1360
2019-02-04 16:24:35,808 - INFO - fastread - 24, 1370
2019-02-04 16:24:35,874 - INFO - fastread - 24, 1380
2019-02-04 16:24:35,935 - INFO - fastread - 24, 1390
2019-02-04 16:24:35,999 - INFO - fastread - 24, 1400
2019-02-04 16:24:36,056 - INFO - fastread - 24, 1410
2019-02-04 16:24:36,119 - INFO - fastread - 24, 1420
2019-02-04 16:24:36,172 - INFO - fastread - 24, 1430
2019-02-04 16:24:36,233 - INFO - fastread - 25, 1440
2019-02-04 16:24:36,291 - INFO - fastread - 25, 1450
2019-02-04 16:24:36,342 - INFO - fastread - 26, 1460
2019-02-04 16:24:36,393 - INFO - fastread - 26, 1470
2019-02-04 16:24:36,454 - INFO - fastread - 26, 1480
2019-02-04 16:24:36,511 - INFO - fastread - 26, 1490
2019-02-04 16:24:36,570 - INFO - fastread - 26, 1500
2019-02-04 16:24:36,628 - INFO - fastread - 26, 1510
2019-02-04 16:24:36,676 - INFO - fastread - 27, 1520
2019-02-04 16:24:36,738 - INFO - fastread - 27, 1530
2019-02-04 16:24:36,792 - INFO - fastread - 28, 1540
2019-02-04 16:24:36,841 - INFO - fastread - 28, 1550
2019-02-04 16:24:36,896 - INFO - fastread - 30, 1560
2019-02-04 16:24:36,954 - INFO - fastread - 30, 1570
2019-02-04 16:24:37,006 - INFO - fastread - 30, 1580
2019-02-04 16:24:37,064 - INFO - fastread - 30, 1590
2019-02-04 16:24:37,124 - INFO - fastread - 30, 1600
2019-02-04 16:24:37,178 - INFO - fastread - 30, 1610
2019-02-04 16:24:37,237 - INFO - fastread - 31, 1620
2019-02-04 16:24:37,289 - INFO - fastread - 31, 1630
2019-02-04 16:24:37,348 - INFO - fastread - 32, 1640
2019-02-04 16:24:37,395 - INFO - fastread - 32, 1650
2019-02-04 16:24:37,448 - INFO - fastread - 32, 1660
2019-02-04 16:24:37,511 - INFO - fastread - 32, 1670
2019-02-04 16:24:37,568 - INFO - fastread - 32, 1680
2019-02-04 16:24:37,627 - INFO - fastread - 32, 1690
2019-02-04 16:24:37,690 - INFO - fastread - 32, 1700
2019-02-04 16:24:37,744 - INFO - fastread - 33, 1710
2019-02-04 16:24:37,789 - INFO - fastread - 33, 1720
2019-02-04 16:24:37,806 - INFO - rig - ++++NEW CLF++++ NBM
2019-02-04 16:24:37,806 - INFO - fastread - Total Yes: 104 | Total No: 4285
2019-02-04 16:24:37,872 - INFO - fastread - 5, 10
2019-02-04 16:24:37,875 - INFO - fastread - 9, 20
2019-02-04 16:24:37,878 - INFO - fastread - 11, 30
2019-02-04 16:24:37,881 - INFO - fastread - 17, 40
2019-02-04 16:24:37,884 - INFO - fastread - 24, 50
2019-02-04 16:24:37,889 - INFO - fastread - 27, 60
2019-02-04 16:24:37,893 - INFO - fastread - 28, 70
2019-02-04 16:24:37,900 - INFO - fastread - 31, 80
2019-02-04 16:24:37,905 - INFO - fastread - 32, 90
2019-02-04 16:24:37,909 - INFO - fastread - 34, 100
2019-02-04 16:24:37,914 - INFO - fastread - 34, 110
2019-02-04 16:24:37,919 - INFO - fastread - 35, 120
2019-02-04 16:24:37,923 - INFO - fastread - 36, 130
2019-02-04 16:24:37,929 - INFO - fastread - 37, 140
2019-02-04 16:24:37,933 - INFO - fastread - 38, 150
2019-02-04 16:24:37,938 - INFO - fastread - 41, 160
2019-02-04 16:24:37,940 - INFO - fastread - 42, 170
2019-02-04 16:24:37,943 - INFO - fastread - 43, 180
2019-02-04 16:24:37,946 - INFO - fastread - 44, 190
2019-02-04 16:24:37,949 - INFO - fastread - 44, 200
2019-02-04 16:24:37,952 - INFO - fastread - 49, 210
2019-02-04 16:24:37,957 - INFO - fastread - 49, 220
2019-02-04 16:24:37,961 - INFO - fastread - 49, 230
2019-02-04 16:24:37,965 - INFO - fastread - 50, 240
2019-02-04 16:24:37,968 - INFO - fastread - 50, 250
2019-02-04 16:24:37,971 - INFO - fastread - 51, 260
2019-02-04 16:24:37,973 - INFO - fastread - 51, 270
2019-02-04 16:24:37,976 - INFO - fastread - 51, 280
2019-02-04 16:24:37,979 - INFO - fastread - 52, 290
2019-02-04 16:24:37,982 - INFO - fastread - 54, 300
2019-02-04 16:24:37,985 - INFO - fastread - 55, 310
2019-02-04 16:24:37,990 - INFO - fastread - 55, 320
2019-02-04 16:24:37,994 - INFO - fastread - 55, 330
2019-02-04 16:24:37,998 - INFO - fastread - 55, 340
2019-02-04 16:24:38,003 - INFO - fastread - 55, 350
2019-02-04 16:24:38,008 - INFO - fastread - 55, 360
2019-02-04 16:24:38,013 - INFO - fastread - 55, 370
2019-02-04 16:24:38,018 - INFO - fastread - 55, 380
2019-02-04 16:24:38,023 - INFO - fastread - 55, 390
2019-02-04 16:24:38,029 - INFO - fastread - 55, 400
2019-02-04 16:24:38,034 - INFO - fastread - 55, 410
2019-02-04 16:24:38,038 - INFO - fastread - 55, 420
2019-02-04 16:24:38,043 - INFO - fastread - 55, 430
2019-02-04 16:24:38,048 - INFO - fastread - 55, 440
2019-02-04 16:24:38,052 - INFO - fastread - 55, 450
2019-02-04 16:24:38,057 - INFO - fastread - 55, 460
2019-02-04 16:24:38,062 - INFO - fastread - 55, 470
2019-02-04 16:24:38,067 - INFO - fastread - 55, 480
2019-02-04 16:24:38,071 - INFO - fastread - 55, 490
2019-02-04 16:24:38,074 - INFO - fastread - 55, 500
2019-02-04 16:24:38,076 - INFO - fastread - 55, 510
2019-02-04 16:24:38,079 - INFO - fastread - 55, 520
2019-02-04 16:24:38,082 - INFO - fastread - 55, 530
2019-02-04 16:24:38,084 - INFO - fastread - 55, 540
2019-02-04 16:24:38,089 - INFO - fastread - 55, 550
2019-02-04 16:24:38,094 - INFO - fastread - 55, 560
2019-02-04 16:24:38,099 - INFO - fastread - 55, 570
2019-02-04 16:24:38,103 - INFO - fastread - 55, 580
2019-02-04 16:24:38,108 - INFO - fastread - 55, 590
2019-02-04 16:24:38,112 - INFO - fastread - 55, 600
2019-02-04 16:24:38,115 - INFO - fastread - 55, 610
2019-02-04 16:24:38,120 - INFO - fastread - 55, 620
2019-02-04 16:24:38,124 - INFO - fastread - 55, 630
2019-02-04 16:24:38,128 - INFO - fastread - 55, 640
2019-02-04 16:24:38,131 - INFO - fastread - 55, 650
2019-02-04 16:24:38,135 - INFO - fastread - 55, 660
2019-02-04 16:24:38,139 - INFO - fastread - 55, 670
2019-02-04 16:24:38,142 - INFO - fastread - 55, 680
2019-02-04 16:24:38,145 - INFO - fastread - 55, 690
2019-02-04 16:24:38,147 - INFO - fastread - 55, 700
2019-02-04 16:24:38,150 - INFO - fastread - 56, 710
2019-02-04 16:24:38,154 - INFO - fastread - 56, 720
2019-02-04 16:24:38,158 - INFO - fastread - 56, 730
2019-02-04 16:24:38,163 - INFO - fastread - 60, 740
2019-02-04 16:24:38,168 - INFO - fastread - 60, 750
2019-02-04 16:24:38,172 - INFO - fastread - 60, 760
2019-02-04 16:24:38,175 - INFO - fastread - 60, 770
2019-02-04 16:24:38,178 - INFO - fastread - 61, 780
2019-02-04 16:24:38,181 - INFO - fastread - 63, 790
2019-02-04 16:24:38,183 - INFO - fastread - 63, 800
2019-02-04 16:24:38,187 - INFO - fastread - 63, 810
2019-02-04 16:24:38,191 - INFO - fastread - 63, 820
2019-02-04 16:24:38,196 - INFO - fastread - 64, 830
2019-02-04 16:24:38,199 - INFO - fastread - 64, 840
2019-02-04 16:24:38,202 - INFO - fastread - 66, 850
2019-02-04 16:24:38,205 - INFO - fastread - 66, 860
2019-02-04 16:24:38,209 - INFO - fastread - 66, 870
2019-02-04 16:24:38,212 - INFO - fastread - 66, 880
2019-02-04 16:24:38,215 - INFO - fastread - 66, 890
2019-02-04 16:24:38,218 - INFO - fastread - 66, 900
2019-02-04 16:24:38,221 - INFO - fastread - 66, 910
2019-02-04 16:24:38,224 - INFO - fastread - 66, 920
2019-02-04 16:24:38,227 - INFO - fastread - 66, 930
2019-02-04 16:24:38,230 - INFO - fastread - 66, 940
2019-02-04 16:24:38,233 - INFO - fastread - 66, 950
2019-02-04 16:24:38,238 - INFO - fastread - 69, 960
2019-02-04 16:24:38,243 - INFO - fastread - 69, 970
2019-02-04 16:24:38,249 - INFO - fastread - 69, 980
2019-02-04 16:24:38,255 - INFO - fastread - 69, 990
2019-02-04 16:24:38,258 - INFO - fastread - 69, 1000
2019-02-04 16:24:38,262 - INFO - fastread - 69, 1010
2019-02-04 16:24:38,266 - INFO - fastread - 70, 1020
2019-02-04 16:24:38,271 - INFO - fastread - 70, 1030
2019-02-04 16:24:38,274 - INFO - fastread - 70, 1040
2019-02-04 16:24:38,277 - INFO - fastread - 70, 1050
2019-02-04 16:24:38,280 - INFO - fastread - 70, 1060
2019-02-04 16:24:38,283 - INFO - fastread - 71, 1070
2019-02-04 16:24:38,286 - INFO - fastread - 71, 1080
2019-02-04 16:24:38,291 - INFO - fastread - 71, 1090
2019-02-04 16:24:38,296 - INFO - fastread - 72, 1100
2019-02-04 16:24:38,301 - INFO - fastread - 72, 1110
2019-02-04 16:24:38,307 - INFO - fastread - 73, 1120
2019-02-04 16:24:38,311 - INFO - fastread - 73, 1130
2019-02-04 16:24:38,315 - INFO - fastread - 73, 1140
2019-02-04 16:24:38,320 - INFO - fastread - 73, 1150
2019-02-04 16:24:38,324 - INFO - fastread - 75, 1160
2019-02-04 16:24:38,329 - INFO - fastread - 75, 1170
2019-02-04 16:24:38,333 - INFO - fastread - 75, 1180
2019-02-04 16:24:38,338 - INFO - fastread - 75, 1190
2019-02-04 16:24:38,345 - INFO - fastread - 75, 1200
2019-02-04 16:24:38,350 - INFO - fastread - 75, 1210
2019-02-04 16:24:38,356 - INFO - fastread - 75, 1220
2019-02-04 16:24:38,361 - INFO - fastread - 77, 1230
2019-02-04 16:24:38,366 - INFO - fastread - 77, 1240
2019-02-04 16:24:38,371 - INFO - fastread - 78, 1250
2019-02-04 16:24:38,376 - INFO - fastread - 78, 1260
2019-02-04 16:24:38,380 - INFO - fastread - 79, 1270
2019-02-04 16:24:38,385 - INFO - fastread - 81, 1280
2019-02-04 16:24:38,389 - INFO - fastread - 81, 1290
2019-02-04 16:24:38,394 - INFO - fastread - 82, 1300
2019-02-04 16:24:38,399 - INFO - fastread - 83, 1310
2019-02-04 16:24:38,403 - INFO - fastread - 83, 1320
2019-02-04 16:24:38,406 - INFO - fastread - 83, 1330
2019-02-04 16:24:38,410 - INFO - fastread - 83, 1340
2019-02-04 16:24:38,413 - INFO - fastread - 84, 1350
2019-02-04 16:24:38,415 - INFO - fastread - 84, 1360
2019-02-04 16:24:38,419 - INFO - fastread - 84, 1370
2019-02-04 16:24:38,422 - INFO - fastread - 85, 1380
2019-02-04 16:24:38,424 - INFO - fastread - 85, 1390
2019-02-04 16:24:38,427 - INFO - fastread - 85, 1400
2019-02-04 16:24:38,430 - INFO - fastread - 85, 1410
2019-02-04 16:24:38,434 - INFO - fastread - 88, 1420
2019-02-04 16:24:38,437 - INFO - fastread - 88, 1430
2019-02-04 16:24:38,441 - INFO - fastread - 88, 1440
2019-02-04 16:24:38,446 - INFO - fastread - 88, 1450
2019-02-04 16:24:38,451 - INFO - fastread - 88, 1460
2019-02-04 16:24:38,457 - INFO - fastread - 88, 1470
2019-02-04 16:24:38,462 - INFO - fastread - 88, 1480
2019-02-04 16:24:38,467 - INFO - fastread - 88, 1490
2019-02-04 16:24:38,473 - INFO - fastread - 88, 1500
2019-02-04 16:24:38,478 - INFO - fastread - 88, 1510
2019-02-04 16:24:38,483 - INFO - fastread - 88, 1520
2019-02-04 16:24:38,487 - INFO - fastread - 88, 1530
2019-02-04 16:24:38,491 - INFO - fastread - 88, 1540
2019-02-04 16:24:38,494 - INFO - fastread - 88, 1550
2019-02-04 16:24:38,497 - INFO - fastread - 88, 1560
2019-02-04 16:24:38,500 - INFO - fastread - 88, 1570
2019-02-04 16:24:38,504 - INFO - fastread - 88, 1580
2019-02-04 16:24:38,507 - INFO - fastread - 88, 1590
2019-02-04 16:24:38,510 - INFO - fastread - 88, 1600
2019-02-04 16:24:38,512 - INFO - fastread - 88, 1610
2019-02-04 16:24:38,515 - INFO - fastread - 88, 1620
2019-02-04 16:24:38,518 - INFO - fastread - 88, 1630
2019-02-04 16:24:38,521 - INFO - fastread - 88, 1640
2019-02-04 16:24:38,527 - INFO - fastread - 88, 1650
2019-02-04 16:24:38,530 - INFO - fastread - 88, 1660
2019-02-04 16:24:38,536 - INFO - fastread - 88, 1670
2019-02-04 16:24:38,541 - INFO - fastread - 88, 1680
2019-02-04 16:24:38,544 - INFO - fastread - 89, 1690
2019-02-04 16:24:38,547 - INFO - fastread - 89, 1700
2019-02-04 16:24:38,552 - INFO - fastread - 90, 1710
2019-02-04 16:24:38,557 - INFO - fastread - 91, 1720
2019-02-04 16:24:38,561 - INFO - fastread - 91, 1730
2019-02-04 16:24:38,564 - INFO - fastread - 91, 1740
2019-02-04 16:24:38,567 - INFO - fastread - 91, 1750
2019-02-04 16:24:38,570 - INFO - fastread - 91, 1760
2019-02-04 16:24:38,573 - INFO - fastread - 91, 1770
2019-02-04 16:24:38,575 - INFO - fastread - 91, 1780
2019-02-04 16:24:38,578 - INFO - fastread - 91, 1790
2019-02-04 16:24:38,581 - INFO - fastread - 91, 1800
2019-02-04 16:24:38,585 - INFO - fastread - 91, 1810
2019-02-04 16:24:38,588 - INFO - fastread - 91, 1820
2019-02-04 16:24:38,591 - INFO - fastread - 91, 1830
2019-02-04 16:24:38,594 - INFO - fastread - 91, 1840
2019-02-04 16:24:38,597 - INFO - fastread - 91, 1850
2019-02-04 16:24:38,600 - INFO - fastread - 91, 1860
2019-02-04 16:24:38,605 - INFO - fastread - 91, 1870
2019-02-04 16:24:38,610 - INFO - fastread - 92, 1880
2019-02-04 16:24:38,615 - INFO - fastread - 92, 1890
2019-02-04 16:24:38,620 - INFO - fastread - 92, 1900
2019-02-04 16:24:38,625 - INFO - fastread - 92, 1910
2019-02-04 16:24:38,630 - INFO - fastread - 92, 1920
2019-02-04 16:24:38,635 - INFO - fastread - 92, 1930
2019-02-04 16:24:38,640 - INFO - fastread - 92, 1940
2019-02-04 16:24:38,645 - INFO - fastread - 92, 1950
2019-02-04 16:24:38,650 - INFO - fastread - 92, 1960
2019-02-04 16:24:38,656 - INFO - fastread - 92, 1970
2019-02-04 16:24:38,659 - INFO - fastread - 92, 1980
2019-02-04 16:24:38,662 - INFO - fastread - 92, 1990
2019-02-04 16:24:38,665 - INFO - fastread - 92, 2000
2019-02-04 16:24:38,668 - INFO - fastread - 92, 2010
2019-02-04 16:24:38,673 - INFO - fastread - 92, 2020
2019-02-04 16:24:38,676 - INFO - fastread - 92, 2030
2019-02-04 16:24:38,680 - INFO - fastread - 92, 2040
2019-02-04 16:24:38,683 - INFO - fastread - 92, 2050
2019-02-04 16:24:38,686 - INFO - fastread - 92, 2060
2019-02-04 16:24:38,691 - INFO - fastread - 92, 2070
2019-02-04 16:24:38,696 - INFO - fastread - 93, 2080
2019-02-04 16:24:38,701 - INFO - fastread - 93, 2090
2019-02-04 16:24:38,706 - INFO - fastread - 93, 2100
2019-02-04 16:24:38,709 - INFO - fastread - 93, 2110
2019-02-04 16:24:38,712 - INFO - fastread - 93, 2120
2019-02-04 16:24:38,715 - INFO - fastread - 93, 2130
2019-02-04 16:24:38,718 - INFO - fastread - 93, 2140
2019-02-04 16:24:38,723 - INFO - fastread - 93, 2150
2019-02-04 16:24:38,729 - INFO - fastread - 93, 2160
2019-02-04 16:24:38,735 - INFO - fastread - 93, 2170
2019-02-04 16:24:38,741 - INFO - fastread - 93, 2180
2019-02-04 16:24:38,746 - INFO - fastread - 93, 2190
2019-02-04 16:24:38,749 - INFO - fastread - 93, 2200
2019-02-04 16:24:38,752 - INFO - fastread - 93, 2210
2019-02-04 16:24:38,756 - INFO - fastread - 93, 2220
2019-02-04 16:24:38,761 - INFO - fastread - 93, 2230
2019-02-04 16:24:38,767 - INFO - fastread - 93, 2240
2019-02-04 16:24:38,771 - INFO - fastread - 93, 2250
2019-02-04 16:24:38,777 - INFO - fastread - 93, 2260
2019-02-04 16:24:38,781 - INFO - fastread - 93, 2270
2019-02-04 16:24:38,785 - INFO - fastread - 93, 2280
2019-02-04 16:24:38,789 - INFO - fastread - 93, 2290
2019-02-04 16:24:38,793 - INFO - fastread - 93, 2300
2019-02-04 16:24:38,796 - INFO - fastread - 93, 2310
2019-02-04 16:24:38,800 - INFO - fastread - 93, 2320
2019-02-04 16:24:38,805 - INFO - fastread - 93, 2330
2019-02-04 16:24:38,809 - INFO - fastread - 93, 2340
2019-02-04 16:24:38,815 - INFO - fastread - 93, 2350
2019-02-04 16:24:38,820 - INFO - fastread - 93, 2360
2019-02-04 16:24:38,825 - INFO - fastread - 93, 2370
2019-02-04 16:24:38,830 - INFO - fastread - 93, 2380
2019-02-04 16:24:38,835 - INFO - fastread - 93, 2390
2019-02-04 16:24:38,839 - INFO - fastread - 93, 2400
2019-02-04 16:24:38,843 - INFO - fastread - 93, 2410
2019-02-04 16:24:38,846 - INFO - fastread - 93, 2420
2019-02-04 16:24:38,849 - INFO - fastread - 93, 2430
2019-02-04 16:24:38,852 - INFO - fastread - 93, 2440
2019-02-04 16:24:38,857 - INFO - fastread - 93, 2450
2019-02-04 16:24:38,864 - INFO - fastread - 95, 2460
2019-02-04 16:24:38,870 - INFO - fastread - 95, 2470
2019-02-04 16:24:38,876 - INFO - fastread - 95, 2480
2019-02-04 16:24:38,881 - INFO - fastread - 95, 2490
2019-02-04 16:24:38,887 - INFO - fastread - 95, 2500
2019-02-04 16:24:38,891 - INFO - fastread - 95, 2510
2019-02-04 16:24:38,894 - INFO - fastread - 95, 2520
2019-02-04 16:24:38,898 - INFO - fastread - 95, 2530
2019-02-04 16:24:38,902 - INFO - fastread - 96, 2540
2019-02-04 16:24:38,906 - INFO - fastread - 96, 2550
2019-02-04 16:24:38,909 - INFO - fastread - 96, 2560
2019-02-04 16:24:38,912 - INFO - fastread - 96, 2570
2019-02-04 16:24:38,915 - INFO - fastread - 96, 2580
2019-02-04 16:24:38,919 - INFO - fastread - 96, 2590
2019-02-04 16:24:38,925 - INFO - fastread - 96, 2600
2019-02-04 16:24:38,930 - INFO - fastread - 96, 2610
2019-02-04 16:24:38,933 - INFO - fastread - 96, 2620
2019-02-04 16:24:38,937 - INFO - fastread - 96, 2630
2019-02-04 16:24:38,940 - INFO - fastread - 96, 2640
2019-02-04 16:24:38,945 - INFO - fastread - 96, 2650
2019-02-04 16:24:38,950 - INFO - fastread - 96, 2660
2019-02-04 16:24:38,956 - INFO - fastread - 96, 2670
2019-02-04 16:24:38,961 - INFO - fastread - 97, 2680
2019-02-04 16:24:38,967 - INFO - fastread - 97, 2690
2019-02-04 16:24:38,972 - INFO - fastread - 97, 2700
2019-02-04 16:24:38,975 - INFO - fastread - 98, 2710
2019-02-04 16:24:38,979 - INFO - fastread - 98, 2720
2019-02-04 16:24:38,982 - INFO - fastread - 98, 2730
2019-02-04 16:24:38,985 - INFO - fastread - 98, 2740
2019-02-04 16:24:38,989 - INFO - fastread - 98, 2750
2019-02-04 16:24:38,992 - INFO - fastread - 98, 2760
2019-02-04 16:24:38,995 - INFO - fastread - 98, 2770
2019-02-04 16:24:38,998 - INFO - fastread - 98, 2780
2019-02-04 16:24:39,002 - INFO - fastread - 98, 2790
2019-02-04 16:24:39,005 - INFO - fastread - 98, 2800
2019-02-04 16:24:39,008 - INFO - fastread - 98, 2810
2019-02-04 16:24:39,013 - INFO - fastread - 98, 2820
2019-02-04 16:24:39,017 - INFO - fastread - 98, 2830
2019-02-04 16:24:39,021 - INFO - fastread - 98, 2840
2019-02-04 16:24:39,025 - INFO - fastread - 98, 2850
2019-02-04 16:24:39,028 - INFO - fastread - 98, 2860
2019-02-04 16:24:39,034 - INFO - fastread - 98, 2870
2019-02-04 16:24:39,041 - INFO - fastread - 98, 2880
2019-02-04 16:24:39,047 - INFO - fastread - 98, 2890
2019-02-04 16:24:39,054 - INFO - fastread - 98, 2900
2019-02-04 16:24:39,060 - INFO - fastread - 98, 2910
2019-02-04 16:24:39,066 - INFO - fastread - 98, 2920
2019-02-04 16:24:39,071 - INFO - fastread - 98, 2930
2019-02-04 16:24:39,075 - INFO - fastread - 98, 2940
2019-02-04 16:24:39,081 - INFO - fastread - 98, 2950
2019-02-04 16:24:39,087 - INFO - fastread - 98, 2960
2019-02-04 16:24:39,094 - INFO - fastread - 98, 2970
2019-02-04 16:24:39,100 - INFO - fastread - 98, 2980
2019-02-04 16:24:39,106 - INFO - fastread - 98, 2990
2019-02-04 16:24:39,112 - INFO - fastread - 98, 3000
2019-02-04 16:24:39,117 - INFO - fastread - 98, 3010
2019-02-04 16:24:39,122 - INFO - fastread - 98, 3020
2019-02-04 16:24:39,127 - INFO - fastread - 98, 3030
2019-02-04 16:24:39,131 - INFO - fastread - 98, 3040
2019-02-04 16:24:39,136 - INFO - fastread - 98, 3050
2019-02-04 16:24:39,142 - INFO - fastread - 98, 3060
2019-02-04 16:24:39,146 - INFO - fastread - 98, 3070
2019-02-04 16:24:39,149 - INFO - fastread - 98, 3080
2019-02-04 16:24:39,155 - INFO - fastread - 98, 3090
2019-02-04 16:24:39,161 - INFO - fastread - 98, 3100
2019-02-04 16:24:39,166 - INFO - fastread - 98, 3110
2019-02-04 16:24:39,170 - INFO - fastread - 98, 3120
2019-02-04 16:24:39,176 - INFO - fastread - 98, 3130
2019-02-04 16:24:39,182 - INFO - fastread - 98, 3140
2019-02-04 16:24:39,188 - INFO - fastread - 98, 3150
2019-02-04 16:24:39,193 - INFO - fastread - 98, 3160
2019-02-04 16:24:39,199 - INFO - fastread - 98, 3170
2019-02-04 16:24:39,205 - INFO - fastread - 98, 3180
2019-02-04 16:24:39,209 - INFO - fastread - 98, 3190
2019-02-04 16:24:39,213 - INFO - fastread - 98, 3200
2019-02-04 16:24:39,216 - INFO - fastread - 98, 3210
2019-02-04 16:24:39,221 - INFO - fastread - 98, 3220
2019-02-04 16:24:39,227 - INFO - fastread - 98, 3230
2019-02-04 16:24:39,231 - INFO - fastread - 98, 3240
2019-02-04 16:24:39,235 - INFO - fastread - 98, 3250
2019-02-04 16:24:39,241 - INFO - fastread - 98, 3260
2019-02-04 16:24:39,245 - INFO - fastread - 98, 3270
2019-02-04 16:24:39,250 - INFO - fastread - 98, 3280
2019-02-04 16:24:39,256 - INFO - fastread - 99, 3290
2019-02-04 16:24:39,264 - INFO - fastread - 99, 3300
2019-02-04 16:24:39,268 - INFO - fastread - 102, 3310
2019-02-04 16:24:39,274 - INFO - fastread - 102, 3320
2019-02-04 16:24:39,280 - INFO - fastread - 102, 3330
2019-02-04 16:24:39,286 - INFO - fastread - 102, 3340
2019-02-04 16:24:39,292 - INFO - fastread - 102, 3350
2019-02-04 16:24:39,298 - INFO - fastread - 102, 3360
2019-02-04 16:24:39,304 - INFO - fastread - 102, 3370
2019-02-04 16:24:39,310 - INFO - fastread - 102, 3380
2019-02-04 16:24:39,316 - INFO - fastread - 102, 3390
2019-02-04 16:24:39,321 - INFO - fastread - 102, 3400
2019-02-04 16:24:39,327 - INFO - fastread - 102, 3410
2019-02-04 16:24:39,333 - INFO - fastread - 102, 3420
2019-02-04 16:24:39,337 - INFO - fastread - 102, 3430
2019-02-04 16:24:39,340 - INFO - fastread - 102, 3440
2019-02-04 16:24:39,344 - INFO - fastread - 102, 3450
2019-02-04 16:24:39,347 - INFO - fastread - 102, 3460
2019-02-04 16:24:39,351 - INFO - fastread - 102, 3470
2019-02-04 16:24:39,357 - INFO - fastread - 102, 3480
2019-02-04 16:24:39,360 - INFO - fastread - 103, 3490
2019-02-04 16:24:39,364 - INFO - fastread - 103, 3500
2019-02-04 16:24:39,368 - INFO - fastread - 103, 3510
2019-02-04 16:24:39,371 - INFO - fastread - 103, 3520
2019-02-04 16:24:39,374 - INFO - fastread - 103, 3530
2019-02-04 16:24:39,378 - INFO - fastread - 103, 3540
2019-02-04 16:24:39,381 - INFO - fastread - 103, 3550
2019-02-04 16:24:39,385 - INFO - fastread - 103, 3560
2019-02-04 16:24:39,388 - INFO - fastread - 103, 3570
2019-02-04 16:24:39,391 - INFO - fastread - 103, 3580
2019-02-04 16:24:39,394 - INFO - fastread - 103, 3590
2019-02-04 16:24:39,399 - INFO - fastread - 103, 3600
2019-02-04 16:24:39,403 - INFO - fastread - 103, 3610
2019-02-04 16:24:39,410 - INFO - fastread - 103, 3620
2019-02-04 16:24:39,416 - INFO - fastread - 103, 3630
2019-02-04 16:24:39,424 - INFO - fastread - 103, 3640
2019-02-04 16:24:39,431 - INFO - fastread - 103, 3650
2019-02-04 16:24:39,438 - INFO - fastread - 103, 3660
2019-02-04 16:24:39,444 - INFO - fastread - 103, 3670
2019-02-04 16:24:39,450 - INFO - fastread - 103, 3680
2019-02-04 16:24:39,455 - INFO - fastread - 103, 3690
2019-02-04 16:24:39,459 - INFO - fastread - 103, 3700
2019-02-04 16:24:39,465 - INFO - fastread - 103, 3710
2019-02-04 16:24:39,472 - INFO - fastread - 103, 3720
2019-02-04 16:24:39,478 - INFO - fastread - 103, 3730
2019-02-04 16:24:39,484 - INFO - fastread - 103, 3740
2019-02-04 16:24:39,493 - INFO - fastread - 103, 3750
2019-02-04 16:24:39,500 - INFO - fastread - 103, 3760
2019-02-04 16:24:39,506 - INFO - fastread - 103, 3770
2019-02-04 16:24:39,513 - INFO - fastread - 103, 3780
2019-02-04 16:24:39,520 - INFO - fastread - 103, 3790
2019-02-04 16:24:39,528 - INFO - fastread - 103, 3800
2019-02-04 16:24:39,533 - INFO - fastread - 103, 3810
2019-02-04 16:24:39,539 - INFO - fastread - 103, 3820
2019-02-04 16:24:39,546 - INFO - fastread - 103, 3830
2019-02-04 16:24:39,554 - INFO - fastread - 103, 3840
2019-02-04 16:24:39,561 - INFO - fastread - 103, 3850
2019-02-04 16:24:39,566 - INFO - fastread - 103, 3860
2019-02-04 16:24:39,572 - INFO - fastread - 103, 3870
2019-02-04 16:24:39,578 - INFO - fastread - 103, 3880
2019-02-04 16:24:39,584 - INFO - fastread - 103, 3890
2019-02-04 16:24:39,591 - INFO - fastread - 103, 3900
2019-02-04 16:24:39,598 - INFO - fastread - 103, 3910
2019-02-04 16:24:39,604 - INFO - fastread - 103, 3920
2019-02-04 16:24:39,611 - INFO - fastread - 103, 3930
2019-02-04 16:24:39,617 - INFO - fastread - 103, 3940
2019-02-04 16:24:39,624 - INFO - fastread - 103, 3950
2019-02-04 16:24:39,629 - INFO - fastread - 103, 3960
2019-02-04 16:24:39,636 - INFO - fastread - 103, 3970
2019-02-04 16:24:39,643 - INFO - fastread - 103, 3980
2019-02-04 16:24:39,650 - INFO - fastread - 103, 3990
2019-02-04 16:24:39,655 - INFO - fastread - 103, 4000
2019-02-04 16:24:39,659 - INFO - fastread - 103, 4010
2019-02-04 16:24:39,667 - INFO - fastread - 103, 4020
2019-02-04 16:24:39,675 - INFO - fastread - 103, 4030
2019-02-04 16:24:39,683 - INFO - fastread - 103, 4040
2019-02-04 16:24:39,692 - INFO - fastread - 103, 4050
2019-02-04 16:24:39,699 - INFO - fastread - 103, 4060
2019-02-04 16:24:39,705 - INFO - fastread - 103, 4070
2019-02-04 16:24:39,716 - INFO - fastread - 103, 4080
2019-02-04 16:24:39,724 - INFO - fastread - 103, 4090
2019-02-04 16:24:39,731 - INFO - fastread - 103, 4100
2019-02-04 16:24:39,738 - INFO - fastread - 103, 4110
2019-02-04 16:24:39,743 - INFO - fastread - 103, 4120
2019-02-04 16:24:39,748 - INFO - fastread - 103, 4130
2019-02-04 16:24:39,754 - INFO - fastread - 103, 4140
2019-02-04 16:24:39,760 - INFO - fastread - 103, 4150
2019-02-04 16:24:39,764 - INFO - fastread - 103, 4160
2019-02-04 16:24:39,768 - INFO - fastread - 103, 4170
2019-02-04 16:24:39,772 - INFO - fastread - 103, 4180
2019-02-04 16:24:39,777 - INFO - fastread - 103, 4190
2019-02-04 16:24:39,781 - INFO - fastread - 103, 4200
2019-02-04 16:24:39,784 - INFO - fastread - 103, 4210
2019-02-04 16:24:39,789 - INFO - fastread - 103, 4220
2019-02-04 16:24:39,794 - INFO - fastread - 103, 4230
2019-02-04 16:24:39,801 - INFO - fastread - 103, 4240
2019-02-04 16:24:39,806 - INFO - fastread - 103, 4250
2019-02-04 16:24:39,810 - INFO - fastread - 103, 4260
2019-02-04 16:24:39,813 - INFO - fastread - 103, 4270
2019-02-04 16:24:39,817 - INFO - fastread - 104, 4280
2019-02-04 16:24:39,825 - INFO - fastread - 104, 4290
2019-02-04 16:24:39,831 - INFO - fastread - 104, 4300
2019-02-04 16:24:39,836 - INFO - fastread - 104, 4310
2019-02-04 16:24:39,839 - INFO - fastread - 104, 4320
2019-02-04 16:24:39,845 - INFO - fastread - 104, 4330
2019-02-04 16:24:39,851 - INFO - fastread - 104, 4340
2019-02-04 16:24:39,857 - INFO - fastread - 104, 4350
2019-02-04 16:24:39,865 - INFO - fastread - 104, 4360
2019-02-04 16:24:39,871 - INFO - fastread - 104, 4370
2019-02-04 16:24:39,877 - INFO - fastread - 104, 4380
2019-02-04 16:24:39,897 - INFO - rig - ++++NEW CLF++++ KNN
2019-02-04 16:24:39,897 - INFO - fastread - Total Yes: 104 | Total No: 4285
2019-02-04 16:25:02,877 - INFO - fastread - 4, 10
2019-02-04 16:25:02,889 - INFO - fastread - 8, 20
2019-02-04 16:25:02,895 - INFO - fastread - 10, 30
2019-02-04 16:25:02,901 - INFO - fastread - 10, 40
2019-02-04 16:25:02,907 - INFO - fastread - 11, 50
2019-02-04 16:25:02,912 - INFO - fastread - 12, 60
2019-02-04 16:25:02,918 - INFO - fastread - 12, 70
2019-02-04 16:25:02,927 - INFO - fastread - 12, 80
2019-02-04 16:25:02,934 - INFO - fastread - 14, 90
2019-02-04 16:25:02,938 - INFO - fastread - 14, 100
2019-02-04 16:25:02,943 - INFO - fastread - 14, 110
2019-02-04 16:25:02,949 - INFO - fastread - 14, 120
2019-02-04 16:25:02,955 - INFO - fastread - 14, 130
2019-02-04 16:25:02,962 - INFO - fastread - 15, 140
2019-02-04 16:25:02,968 - INFO - fastread - 15, 150
2019-02-04 16:25:02,973 - INFO - fastread - 16, 160
2019-02-04 16:25:02,982 - INFO - fastread - 16, 170
2019-02-04 16:25:02,987 - INFO - fastread - 16, 180
2019-02-04 16:25:02,994 - INFO - fastread - 17, 190
2019-02-04 16:25:03,000 - INFO - fastread - 18, 200
2019-02-04 16:25:03,005 - INFO - fastread - 19, 210
2019-02-04 16:25:03,010 - INFO - fastread - 19, 220
2019-02-04 16:25:03,017 - INFO - fastread - 19, 230
2019-02-04 16:25:03,023 - INFO - fastread - 19, 240
2019-02-04 16:25:03,026 - INFO - fastread - 20, 250
2019-02-04 16:25:03,030 - INFO - fastread - 20, 260
2019-02-04 16:25:03,035 - INFO - fastread - 20, 270
2019-02-04 16:25:03,040 - INFO - fastread - 20, 280
2019-02-04 16:25:03,045 - INFO - fastread - 20, 290
2019-02-04 16:25:03,049 - INFO - fastread - 22, 300
2019-02-04 16:25:03,055 - INFO - fastread - 22, 310
2019-02-04 16:25:03,060 - INFO - fastread - 22, 320
2019-02-04 16:25:03,066 - INFO - fastread - 22, 330
2019-02-04 16:25:03,072 - INFO - fastread - 23, 340
2019-02-04 16:25:03,077 - INFO - fastread - 24, 350
2019-02-04 16:25:03,085 - INFO - fastread - 24, 360
2019-02-04 16:25:03,091 - INFO - fastread - 24, 370
2019-02-04 16:25:03,096 - INFO - fastread - 24, 380
2019-02-04 16:25:03,102 - INFO - fastread - 24, 390
2019-02-04 16:25:03,108 - INFO - fastread - 24, 400
2019-02-04 16:25:03,114 - INFO - fastread - 24, 410
2019-02-04 16:25:03,120 - INFO - fastread - 24, 420
2019-02-04 16:25:03,125 - INFO - fastread - 24, 430
2019-02-04 16:25:03,130 - INFO - fastread - 24, 440
2019-02-04 16:25:03,135 - INFO - fastread - 24, 450
2019-02-04 16:25:03,141 - INFO - fastread - 24, 460
2019-02-04 16:25:03,145 - INFO - fastread - 24, 470
2019-02-04 16:25:03,149 - INFO - fastread - 24, 480
2019-02-04 16:25:03,152 - INFO - fastread - 24, 490
2019-02-04 16:25:03,156 - INFO - fastread - 24, 500
2019-02-04 16:25:03,160 - INFO - fastread - 24, 510
2019-02-04 16:25:03,165 - INFO - fastread - 24, 520
2019-02-04 16:25:03,170 - INFO - fastread - 24, 530
2019-02-04 16:25:03,176 - INFO - fastread - 24, 540
2019-02-04 16:25:03,182 - INFO - fastread - 24, 550
2019-02-04 16:25:03,186 - INFO - fastread - 24, 560
2019-02-04 16:25:03,191 - INFO - fastread - 24, 570
2019-02-04 16:25:03,194 - INFO - fastread - 24, 580
2019-02-04 16:25:03,198 - INFO - fastread - 24, 590
2019-02-04 16:25:03,201 - INFO - fastread - 24, 600
2019-02-04 16:25:03,205 - INFO - fastread - 24, 610
2019-02-04 16:25:03,210 - INFO - fastread - 24, 620
2019-02-04 16:25:03,214 - INFO - fastread - 24, 630
2019-02-04 16:25:03,217 - INFO - fastread - 25, 640
2019-02-04 16:25:03,222 - INFO - fastread - 25, 650
2019-02-04 16:25:03,225 - INFO - fastread - 25, 660
2019-02-04 16:25:03,228 - INFO - fastread - 25, 670
2019-02-04 16:25:03,232 - INFO - fastread - 25, 680
2019-02-04 16:25:03,235 - INFO - fastread - 25, 690
2019-02-04 16:25:03,239 - INFO - fastread - 25, 700
2019-02-04 16:25:03,242 - INFO - fastread - 25, 710
2019-02-04 16:25:03,246 - INFO - fastread - 25, 720
2019-02-04 16:25:03,250 - INFO - fastread - 25, 730
2019-02-04 16:25:03,255 - INFO - fastread - 25, 740
2019-02-04 16:25:03,259 - INFO - fastread - 25, 750
2019-02-04 16:25:03,264 - INFO - fastread - 25, 760
2019-02-04 16:25:03,270 - INFO - fastread - 25, 770
2019-02-04 16:25:03,273 - INFO - fastread - 25, 780
2019-02-04 16:25:03,277 - INFO - fastread - 25, 790
2019-02-04 16:25:03,280 - INFO - fastread - 25, 800
2019-02-04 16:25:03,284 - INFO - fastread - 25, 810
2019-02-04 16:25:03,290 - INFO - fastread - 26, 820
2019-02-04 16:25:03,295 - INFO - fastread - 27, 830
2019-02-04 16:25:03,300 - INFO - fastread - 27, 840
2019-02-04 16:25:03,306 - INFO - fastread - 28, 850
2019-02-04 16:25:03,311 - INFO - fastread - 28, 860
2019-02-04 16:25:03,316 - INFO - fastread - 28, 870
2019-02-04 16:25:03,321 - INFO - fastread - 29, 880
2019-02-04 16:25:03,324 - INFO - fastread - 29, 890
2019-02-04 16:25:03,328 - INFO - fastread - 29, 900
2019-02-04 16:25:03,333 - INFO - fastread - 30, 910
2019-02-04 16:25:03,338 - INFO - fastread - 30, 920
2019-02-04 16:25:03,343 - INFO - fastread - 30, 930
2019-02-04 16:25:03,349 - INFO - fastread - 30, 940
2019-02-04 16:25:03,354 - INFO - fastread - 30, 950
2019-02-04 16:25:03,358 - INFO - fastread - 30, 960
2019-02-04 16:25:03,362 - INFO - fastread - 30, 970
2019-02-04 16:25:03,365 - INFO - fastread - 30, 980
2019-02-04 16:25:03,369 - INFO - fastread - 31, 990
2019-02-04 16:25:03,372 - INFO - fastread - 31, 1000
2019-02-04 16:25:03,375 - INFO - fastread - 31, 1010
2019-02-04 16:25:03,378 - INFO - fastread - 31, 1020
2019-02-04 16:25:03,382 - INFO - fastread - 31, 1030
2019-02-04 16:25:03,385 - INFO - fastread - 31, 1040
2019-02-04 16:25:03,388 - INFO - fastread - 31, 1050
2019-02-04 16:25:03,392 - INFO - fastread - 31, 1060
2019-02-04 16:25:03,395 - INFO - fastread - 31, 1070
2019-02-04 16:25:03,399 - INFO - fastread - 31, 1080
2019-02-04 16:25:03,402 - INFO - fastread - 32, 1090
2019-02-04 16:25:03,406 - INFO - fastread - 33, 1100
2019-02-04 16:25:03,410 - INFO - fastread - 33, 1110
2019-02-04 16:25:03,413 - INFO - fastread - 33, 1120
2019-02-04 16:25:03,416 - INFO - fastread - 33, 1130
2019-02-04 16:25:03,419 - INFO - fastread - 34, 1140
2019-02-04 16:25:03,423 - INFO - fastread - 34, 1150
2019-02-04 16:25:03,426 - INFO - fastread - 35, 1160
2019-02-04 16:25:03,429 - INFO - fastread - 35, 1170
2019-02-04 16:25:03,432 - INFO - fastread - 35, 1180
2019-02-04 16:25:03,436 - INFO - fastread - 35, 1190
2019-02-04 16:25:03,441 - INFO - fastread - 35, 1200
2019-02-04 16:25:03,446 - INFO - fastread - 36, 1210
2019-02-04 16:25:03,451 - INFO - fastread - 37, 1220
2019-02-04 16:25:03,455 - INFO - fastread - 37, 1230
2019-02-04 16:25:03,458 - INFO - fastread - 37, 1240
2019-02-04 16:25:03,461 - INFO - fastread - 37, 1250
2019-02-04 16:25:03,466 - INFO - fastread - 37, 1260
2019-02-04 16:25:03,471 - INFO - fastread - 37, 1270
2019-02-04 16:25:03,477 - INFO - fastread - 37, 1280
2019-02-04 16:25:03,482 - INFO - fastread - 37, 1290
2019-02-04 16:25:03,487 - INFO - fastread - 37, 1300
2019-02-04 16:25:03,492 - INFO - fastread - 37, 1310
2019-02-04 16:25:03,497 - INFO - fastread - 37, 1320
2019-02-04 16:25:03,502 - INFO - fastread - 37, 1330
2019-02-04 16:25:03,507 - INFO - fastread - 37, 1340
2019-02-04 16:25:03,512 - INFO - fastread - 37, 1350
2019-02-04 16:25:03,516 - INFO - fastread - 37, 1360
2019-02-04 16:25:03,519 - INFO - fastread - 37, 1370
2019-02-04 16:25:03,522 - INFO - fastread - 37, 1380
2019-02-04 16:25:03,525 - INFO - fastread - 37, 1390
2019-02-04 16:25:03,530 - INFO - fastread - 37, 1400
2019-02-04 16:25:03,533 - INFO - fastread - 38, 1410
2019-02-04 16:25:03,536 - INFO - fastread - 38, 1420
2019-02-04 16:25:03,540 - INFO - fastread - 38, 1430
2019-02-04 16:25:03,544 - INFO - fastread - 38, 1440
2019-02-04 16:25:03,549 - INFO - fastread - 39, 1450
2019-02-04 16:25:03,554 - INFO - fastread - 39, 1460
2019-02-04 16:25:03,558 - INFO - fastread - 39, 1470
2019-02-04 16:25:03,563 - INFO - fastread - 39, 1480
2019-02-04 16:25:03,568 - INFO - fastread - 39, 1490
2019-02-04 16:25:03,574 - INFO - fastread - 39, 1500
2019-02-04 16:25:03,579 - INFO - fastread - 39, 1510
2019-02-04 16:25:03,585 - INFO - fastread - 39, 1520
2019-02-04 16:25:03,590 - INFO - fastread - 39, 1530
2019-02-04 16:25:03,595 - INFO - fastread - 39, 1540
2019-02-04 16:25:03,600 - INFO - fastread - 39, 1550
2019-02-04 16:25:03,603 - INFO - fastread - 40, 1560
2019-02-04 16:25:03,607 - INFO - fastread - 40, 1570
2019-02-04 16:25:03,612 - INFO - fastread - 40, 1580
2019-02-04 16:25:03,616 - INFO - fastread - 40, 1590
2019-02-04 16:25:03,619 - INFO - fastread - 40, 1600
2019-02-04 16:25:03,623 - INFO - fastread - 40, 1610
2019-02-04 16:25:03,628 - INFO - fastread - 40, 1620
2019-02-04 16:25:03,633 - INFO - fastread - 40, 1630
2019-02-04 16:25:03,638 - INFO - fastread - 40, 1640
2019-02-04 16:25:03,641 - INFO - fastread - 41, 1650
2019-02-04 16:25:03,644 - INFO - fastread - 41, 1660
2019-02-04 16:25:03,647 - INFO - fastread - 41, 1670
2019-02-04 16:25:03,650 - INFO - fastread - 41, 1680
2019-02-04 16:25:03,654 - INFO - fastread - 41, 1690
2019-02-04 16:25:03,659 - INFO - fastread - 41, 1700
2019-02-04 16:25:03,663 - INFO - fastread - 41, 1710
2019-02-04 16:25:03,666 - INFO - fastread - 41, 1720
2019-02-04 16:25:03,671 - INFO - fastread - 41, 1730
2019-02-04 16:25:03,676 - INFO - fastread - 41, 1740
2019-02-04 16:25:03,680 - INFO - fastread - 41, 1750
2019-02-04 16:25:03,685 - INFO - fastread - 41, 1760
2019-02-04 16:25:03,690 - INFO - fastread - 43, 1770
2019-02-04 16:25:03,695 - INFO - fastread - 43, 1780
2019-02-04 16:25:03,701 - INFO - fastread - 43, 1790
2019-02-04 16:25:03,707 - INFO - fastread - 44, 1800
2019-02-04 16:25:03,712 - INFO - fastread - 44, 1810
2019-02-04 16:25:03,716 - INFO - fastread - 44, 1820
2019-02-04 16:25:03,720 - INFO - fastread - 44, 1830
2019-02-04 16:25:03,723 - INFO - fastread - 44, 1840
2019-02-04 16:25:03,726 - INFO - fastread - 44, 1850
2019-02-04 16:25:03,730 - INFO - fastread - 44, 1860
2019-02-04 16:25:03,735 - INFO - fastread - 44, 1870
2019-02-04 16:25:03,740 - INFO - fastread - 44, 1880
2019-02-04 16:25:03,745 - INFO - fastread - 45, 1890
2019-02-04 16:25:03,749 - INFO - fastread - 46, 1900
2019-02-04 16:25:03,752 - INFO - fastread - 47, 1910
2019-02-04 16:25:03,755 - INFO - fastread - 47, 1920
2019-02-04 16:25:03,758 - INFO - fastread - 48, 1930
2019-02-04 16:25:03,762 - INFO - fastread - 49, 1940
2019-02-04 16:25:03,765 - INFO - fastread - 49, 1950
2019-02-04 16:25:03,768 - INFO - fastread - 49, 1960
2019-02-04 16:25:03,771 - INFO - fastread - 49, 1970
2019-02-04 16:25:03,775 - INFO - fastread - 49, 1980
2019-02-04 16:25:03,781 - INFO - fastread - 49, 1990
2019-02-04 16:25:03,786 - INFO - fastread - 49, 2000
2019-02-04 16:25:03,791 - INFO - fastread - 49, 2010
2019-02-04 16:25:03,797 - INFO - fastread - 49, 2020
2019-02-04 16:25:03,802 - INFO - fastread - 49, 2030
2019-02-04 16:25:03,807 - INFO - fastread - 49, 2040
2019-02-04 16:25:03,813 - INFO - fastread - 49, 2050
2019-02-04 16:25:03,818 - INFO - fastread - 49, 2060
2019-02-04 16:25:03,822 - INFO - fastread - 49, 2070
2019-02-04 16:25:03,825 - INFO - fastread - 49, 2080
2019-02-04 16:25:03,829 - INFO - fastread - 49, 2090
2019-02-04 16:25:03,833 - INFO - fastread - 49, 2100
2019-02-04 16:25:03,836 - INFO - fastread - 49, 2110
2019-02-04 16:25:03,842 - INFO - fastread - 49, 2120
2019-02-04 16:25:03,847 - INFO - fastread - 49, 2130
2019-02-04 16:25:03,852 - INFO - fastread - 49, 2140
2019-02-04 16:25:03,856 - INFO - fastread - 49, 2150
2019-02-04 16:25:03,862 - INFO - fastread - 50, 2160
2019-02-04 16:25:03,867 - INFO - fastread - 50, 2170
2019-02-04 16:25:03,872 - INFO - fastread - 50, 2180
2019-02-04 16:25:03,877 - INFO - fastread - 50, 2190
2019-02-04 16:25:03,882 - INFO - fastread - 51, 2200
2019-02-04 16:25:03,891 - INFO - fastread - 51, 2210
2019-02-04 16:25:03,898 - INFO - fastread - 51, 2220
2019-02-04 16:25:03,904 - INFO - fastread - 51, 2230
2019-02-04 16:25:03,910 - INFO - fastread - 51, 2240
2019-02-04 16:25:03,915 - INFO - fastread - 51, 2250
2019-02-04 16:25:03,919 - INFO - fastread - 52, 2260
2019-02-04 16:25:03,922 - INFO - fastread - 52, 2270
2019-02-04 16:25:03,926 - INFO - fastread - 52, 2280
2019-02-04 16:25:03,929 - INFO - fastread - 52, 2290
2019-02-04 16:25:03,935 - INFO - fastread - 53, 2300
2019-02-04 16:25:03,941 - INFO - fastread - 53, 2310
2019-02-04 16:25:03,946 - INFO - fastread - 53, 2320
2019-02-04 16:25:03,952 - INFO - fastread - 53, 2330
2019-02-04 16:25:03,956 - INFO - fastread - 53, 2340
2019-02-04 16:25:03,960 - INFO - fastread - 53, 2350
2019-02-04 16:25:03,966 - INFO - fastread - 53, 2360
2019-02-04 16:25:03,971 - INFO - fastread - 53, 2370
2019-02-04 16:25:03,976 - INFO - fastread - 54, 2380
2019-02-04 16:25:03,981 - INFO - fastread - 56, 2390
2019-02-04 16:25:03,987 - INFO - fastread - 56, 2400
2019-02-04 16:25:03,991 - INFO - fastread - 57, 2410
2019-02-04 16:25:03,997 - INFO - fastread - 57, 2420
2019-02-04 16:25:04,002 - INFO - fastread - 57, 2430
2019-02-04 16:25:04,005 - INFO - fastread - 58, 2440
2019-02-04 16:25:04,011 - INFO - fastread - 59, 2450
2019-02-04 16:25:04,016 - INFO - fastread - 60, 2460
2019-02-04 16:25:04,021 - INFO - fastread - 61, 2470
2019-02-04 16:25:04,026 - INFO - fastread - 61, 2480
2019-02-04 16:25:04,031 - INFO - fastread - 61, 2490
2019-02-04 16:25:04,036 - INFO - fastread - 61, 2500
2019-02-04 16:25:04,042 - INFO - fastread - 61, 2510
2019-02-04 16:25:04,047 - INFO - fastread - 61, 2520
2019-02-04 16:25:04,051 - INFO - fastread - 61, 2530
2019-02-04 16:25:04,055 - INFO - fastread - 61, 2540
2019-02-04 16:25:04,060 - INFO - fastread - 61, 2550
2019-02-04 16:25:04,066 - INFO - fastread - 62, 2560
2019-02-04 16:25:04,071 - INFO - fastread - 63, 2570
2019-02-04 16:25:04,075 - INFO - fastread - 63, 2580
2019-02-04 16:25:04,081 - INFO - fastread - 63, 2590
2019-02-04 16:25:04,086 - INFO - fastread - 65, 2600
2019-02-04 16:25:04,092 - INFO - fastread - 65, 2610
2019-02-04 16:25:04,098 - INFO - fastread - 65, 2620
2019-02-04 16:25:04,105 - INFO - fastread - 65, 2630
2019-02-04 16:25:04,112 - INFO - fastread - 65, 2640
2019-02-04 16:25:04,118 - INFO - fastread - 65, 2650
2019-02-04 16:25:04,124 - INFO - fastread - 65, 2660
2019-02-04 16:25:04,128 - INFO - fastread - 65, 2670
2019-02-04 16:25:04,134 - INFO - fastread - 65, 2680
2019-02-04 16:25:04,140 - INFO - fastread - 65, 2690
2019-02-04 16:25:04,146 - INFO - fastread - 65, 2700
2019-02-04 16:25:04,151 - INFO - fastread - 65, 2710
2019-02-04 16:25:04,158 - INFO - fastread - 65, 2720
2019-02-04 16:25:04,164 - INFO - fastread - 65, 2730
2019-02-04 16:25:04,171 - INFO - fastread - 65, 2740
2019-02-04 16:25:04,177 - INFO - fastread - 66, 2750
2019-02-04 16:25:04,182 - INFO - fastread - 67, 2760
2019-02-04 16:25:04,187 - INFO - fastread - 67, 2770
2019-02-04 16:25:04,190 - INFO - fastread - 67, 2780
2019-02-04 16:25:04,195 - INFO - fastread - 69, 2790
2019-02-04 16:25:04,201 - INFO - fastread - 69, 2800
2019-02-04 16:25:04,207 - INFO - fastread - 69, 2810
2019-02-04 16:25:04,212 - INFO - fastread - 69, 2820
2019-02-04 16:25:04,216 - INFO - fastread - 70, 2830
2019-02-04 16:25:04,222 - INFO - fastread - 70, 2840
2019-02-04 16:25:04,228 - INFO - fastread - 71, 2850
2019-02-04 16:25:04,233 - INFO - fastread - 71, 2860
2019-02-04 16:25:04,240 - INFO - fastread - 71, 2870
2019-02-04 16:25:04,245 - INFO - fastread - 71, 2880
2019-02-04 16:25:04,251 - INFO - fastread - 71, 2890
2019-02-04 16:25:04,255 - INFO - fastread - 72, 2900
2019-02-04 16:25:04,258 - INFO - fastread - 72, 2910
2019-02-04 16:25:04,263 - INFO - fastread - 72, 2920
2019-02-04 16:25:04,266 - INFO - fastread - 72, 2930
2019-02-04 16:25:04,272 - INFO - fastread - 72, 2940
2019-02-04 16:25:04,277 - INFO - fastread - 73, 2950
2019-02-04 16:25:04,283 - INFO - fastread - 73, 2960
2019-02-04 16:25:04,290 - INFO - fastread - 74, 2970
2019-02-04 16:25:04,296 - INFO - fastread - 74, 2980
2019-02-04 16:25:04,302 - INFO - fastread - 74, 2990
2019-02-04 16:25:04,305 - INFO - fastread - 74, 3000
2019-02-04 16:25:04,311 - INFO - fastread - 74, 3010
2019-02-04 16:25:04,317 - INFO - fastread - 74, 3020
2019-02-04 16:25:04,322 - INFO - fastread - 74, 3030
2019-02-04 16:25:04,326 - INFO - fastread - 74, 3040
2019-02-04 16:25:04,332 - INFO - fastread - 75, 3050
2019-02-04 16:25:04,338 - INFO - fastread - 75, 3060
2019-02-04 16:25:04,345 - INFO - fastread - 75, 3070
2019-02-04 16:25:04,352 - INFO - fastread - 75, 3080
2019-02-04 16:25:04,358 - INFO - fastread - 75, 3090
2019-02-04 16:25:04,364 - INFO - fastread - 76, 3100
2019-02-04 16:25:04,370 - INFO - fastread - 76, 3110
2019-02-04 16:25:04,376 - INFO - fastread - 77, 3120
2019-02-04 16:25:04,383 - INFO - fastread - 77, 3130
2019-02-04 16:25:04,388 - INFO - fastread - 77, 3140
2019-02-04 16:25:04,394 - INFO - fastread - 77, 3150
2019-02-04 16:25:04,400 - INFO - fastread - 77, 3160
2019-02-04 16:25:04,406 - INFO - fastread - 77, 3170
2019-02-04 16:25:04,412 - INFO - fastread - 77, 3180
2019-02-04 16:25:04,418 - INFO - fastread - 77, 3190
2019-02-04 16:25:04,423 - INFO - fastread - 77, 3200
2019-02-04 16:25:04,429 - INFO - fastread - 77, 3210
2019-02-04 16:25:04,434 - INFO - fastread - 78, 3220
2019-02-04 16:25:04,441 - INFO - fastread - 79, 3230
2019-02-04 16:25:04,450 - INFO - fastread - 79, 3240
2019-02-04 16:25:04,457 - INFO - fastread - 79, 3250
2019-02-04 16:25:04,465 - INFO - fastread - 79, 3260
2019-02-04 16:25:04,476 - INFO - fastread - 79, 3270
2019-02-04 16:25:04,482 - INFO - fastread - 79, 3280
2019-02-04 16:25:04,488 - INFO - fastread - 79, 3290
2019-02-04 16:25:04,495 - INFO - fastread - 80, 3300
2019-02-04 16:25:04,502 - INFO - fastread - 80, 3310
2019-02-04 16:25:04,518 - INFO - fastread - 82, 3320
2019-02-04 16:25:04,524 - INFO - fastread - 82, 3330
2019-02-04 16:25:04,531 - INFO - fastread - 82, 3340
2019-02-04 16:25:04,537 - INFO - fastread - 82, 3350
2019-02-04 16:25:04,543 - INFO - fastread - 82, 3360
2019-02-04 16:25:04,549 - INFO - fastread - 82, 3370
2019-02-04 16:25:04,555 - INFO - fastread - 82, 3380
2019-02-04 16:25:04,561 - INFO - fastread - 82, 3390
2019-02-04 16:25:04,567 - INFO - fastread - 82, 3400
2019-02-04 16:25:04,573 - INFO - fastread - 82, 3410
2019-02-04 16:25:04,581 - INFO - fastread - 82, 3420
2019-02-04 16:25:04,587 - INFO - fastread - 82, 3430
2019-02-04 16:25:04,594 - INFO - fastread - 82, 3440
2019-02-04 16:25:04,600 - INFO - fastread - 82, 3450
2019-02-04 16:25:04,607 - INFO - fastread - 82, 3460
2019-02-04 16:25:04,614 - INFO - fastread - 83, 3470
2019-02-04 16:25:04,620 - INFO - fastread - 83, 3480
2019-02-04 16:25:04,627 - INFO - fastread - 84, 3490
2019-02-04 16:25:04,631 - INFO - fastread - 84, 3500
2019-02-04 16:25:04,637 - INFO - fastread - 84, 3510
2019-02-04 16:25:04,643 - INFO - fastread - 84, 3520
2019-02-04 16:25:04,649 - INFO - fastread - 84, 3530
2019-02-04 16:25:04,656 - INFO - fastread - 84, 3540
2019-02-04 16:25:04,663 - INFO - fastread - 84, 3550
2019-02-04 16:25:04,670 - INFO - fastread - 84, 3560
2019-02-04 16:25:04,676 - INFO - fastread - 84, 3570
2019-02-04 16:25:04,685 - INFO - fastread - 84, 3580
2019-02-04 16:25:04,693 - INFO - fastread - 84, 3590
2019-02-04 16:25:04,704 - INFO - fastread - 84, 3600
2019-02-04 16:25:04,710 - INFO - fastread - 84, 3610
2019-02-04 16:25:04,716 - INFO - fastread - 84, 3620
2019-02-04 16:25:04,722 - INFO - fastread - 84, 3630
2019-02-04 16:25:04,728 - INFO - fastread - 85, 3640
2019-02-04 16:25:04,734 - INFO - fastread - 85, 3650
2019-02-04 16:25:04,738 - INFO - fastread - 85, 3660
2019-02-04 16:25:04,742 - INFO - fastread - 85, 3670
2019-02-04 16:25:04,750 - INFO - fastread - 85, 3680
2019-02-04 16:25:04,756 - INFO - fastread - 85, 3690
2019-02-04 16:25:04,762 - INFO - fastread - 85, 3700
2019-02-04 16:25:04,769 - INFO - fastread - 86, 3710
2019-02-04 16:25:04,775 - INFO - fastread - 86, 3720
2019-02-04 16:25:04,782 - INFO - fastread - 86, 3730
2019-02-04 16:25:04,788 - INFO - fastread - 87, 3740
2019-02-04 16:25:04,795 - INFO - fastread - 88, 3750
2019-02-04 16:25:04,801 - INFO - fastread - 88, 3760
2019-02-04 16:25:04,808 - INFO - fastread - 88, 3770
2019-02-04 16:25:04,814 - INFO - fastread - 88, 3780
2019-02-04 16:25:04,819 - INFO - fastread - 88, 3790
2019-02-04 16:25:04,825 - INFO - fastread - 88, 3800
2019-02-04 16:25:04,831 - INFO - fastread - 88, 3810
2019-02-04 16:25:04,837 - INFO - fastread - 88, 3820
2019-02-04 16:25:04,841 - INFO - fastread - 88, 3830
2019-02-04 16:25:04,846 - INFO - fastread - 89, 3840
2019-02-04 16:25:04,850 - INFO - fastread - 90, 3850
2019-02-04 16:25:04,856 - INFO - fastread - 90, 3860
2019-02-04 16:25:04,861 - INFO - fastread - 90, 3870
2019-02-04 16:25:04,868 - INFO - fastread - 90, 3880
2019-02-04 16:25:04,874 - INFO - fastread - 90, 3890
2019-02-04 16:25:04,880 - INFO - fastread - 90, 3900
2019-02-04 16:25:04,888 - INFO - fastread - 90, 3910
2019-02-04 16:25:04,895 - INFO - fastread - 90, 3920
2019-02-04 16:25:04,903 - INFO - fastread - 90, 3930
2019-02-04 16:25:04,911 - INFO - fastread - 91, 3940
2019-02-04 16:25:04,916 - INFO - fastread - 92, 3950
2019-02-04 16:25:04,919 - INFO - fastread - 92, 3960
2019-02-04 16:25:04,923 - INFO - fastread - 92, 3970
2019-02-04 16:25:04,927 - INFO - fastread - 92, 3980
2019-02-04 16:25:04,934 - INFO - fastread - 92, 3990
2019-02-04 16:25:04,940 - INFO - fastread - 92, 4000
2019-02-04 16:25:04,957 - INFO - fastread - 93, 4010
2019-02-04 16:25:04,973 - INFO - fastread - 94, 4020
2019-02-04 16:25:04,981 - INFO - fastread - 94, 4030
2019-02-04 16:25:04,989 - INFO - fastread - 94, 4040
2019-02-04 16:25:04,996 - INFO - fastread - 94, 4050
2019-02-04 16:25:05,003 - INFO - fastread - 94, 4060
2019-02-04 16:25:05,012 - INFO - fastread - 97, 4070
2019-02-04 16:25:05,036 - INFO - fastread - 97, 4080
2019-02-04 16:25:05,045 - INFO - fastread - 97, 4090
2019-02-04 16:25:05,054 - INFO - fastread - 97, 4100
2019-02-04 16:25:05,062 - INFO - fastread - 98, 4110
2019-02-04 16:25:05,070 - INFO - fastread - 98, 4120
2019-02-04 16:25:05,078 - INFO - fastread - 99, 4130
2019-02-04 16:25:05,087 - INFO - fastread - 99, 4140
2019-02-04 16:25:05,094 - INFO - fastread - 99, 4150
2019-02-04 16:25:05,103 - INFO - fastread - 99, 4160
2019-02-04 16:25:05,109 - INFO - fastread - 100, 4170
2019-02-04 16:25:05,118 - INFO - fastread - 100, 4180
2019-02-04 16:25:05,126 - INFO - fastread - 100, 4190
2019-02-04 16:25:05,135 - INFO - fastread - 100, 4200
2019-02-04 16:25:05,146 - INFO - fastread - 100, 4210
2019-02-04 16:25:05,154 - INFO - fastread - 101, 4220
2019-02-04 16:25:05,162 - INFO - fastread - 101, 4230
2019-02-04 16:25:05,171 - INFO - fastread - 101, 4240
2019-02-04 16:25:05,178 - INFO - fastread - 101, 4250
2019-02-04 16:25:05,185 - INFO - fastread - 102, 4260
2019-02-04 16:25:05,192 - INFO - fastread - 102, 4270
2019-02-04 16:25:05,198 - INFO - fastread - 103, 4280
2019-02-04 16:25:05,205 - INFO - fastread - 103, 4290
2019-02-04 16:25:05,213 - INFO - fastread - 103, 4300
2019-02-04 16:25:05,223 - INFO - fastread - 103, 4310
2019-02-04 16:25:05,228 - INFO - fastread - 103, 4320
2019-02-04 16:25:05,233 - INFO - fastread - 103, 4330
2019-02-04 16:25:05,238 - INFO - fastread - 103, 4340
2019-02-04 16:25:05,242 - INFO - fastread - 103, 4350
2019-02-04 16:25:05,246 - INFO - fastread - 103, 4360
2019-02-04 16:25:05,250 - INFO - fastread - 103, 4370
2019-02-04 16:25:05,257 - INFO - fastread - 103, 4380
2019-02-04 16:25:05,296 - INFO - rig - ++++NEW CLF++++ DT
2019-02-04 16:25:05,297 - INFO - fastread - Total Yes: 104 | Total No: 4285
2019-02-04 16:25:20,167 - INFO - fastread - 4, 10
2019-02-04 16:25:20,171 - INFO - fastread - 9, 20
2019-02-04 16:25:20,175 - INFO - fastread - 15, 30
2019-02-04 16:25:20,180 - INFO - fastread - 19, 40
2019-02-04 16:25:20,185 - INFO - fastread - 26, 50
2019-02-04 16:25:20,189 - INFO - fastread - 27, 60
2019-02-04 16:25:20,193 - INFO - fastread - 30, 70
2019-02-04 16:25:20,198 - INFO - fastread - 35, 80
2019-02-04 16:25:20,202 - INFO - fastread - 42, 90
2019-02-04 16:25:20,206 - INFO - fastread - 47, 100
2019-02-04 16:25:20,211 - INFO - fastread - 51, 110
2019-02-04 16:25:20,216 - INFO - fastread - 51, 120
2019-02-04 16:25:20,220 - INFO - fastread - 51, 130
2019-02-04 16:25:20,223 - INFO - fastread - 51, 140
2019-02-04 16:25:20,226 - INFO - fastread - 51, 150
2019-02-04 16:25:20,229 - INFO - fastread - 52, 160
2019-02-04 16:25:20,233 - INFO - fastread - 52, 170
2019-02-04 16:25:20,238 - INFO - fastread - 53, 180
2019-02-04 16:25:20,243 - INFO - fastread - 53, 190
2019-02-04 16:25:20,247 - INFO - fastread - 53, 200
2019-02-04 16:25:20,249 - INFO - fastread - 53, 210
2019-02-04 16:25:20,252 - INFO - fastread - 53, 220
2019-02-04 16:25:20,255 - INFO - fastread - 53, 230
2019-02-04 16:25:20,257 - INFO - fastread - 53, 240
2019-02-04 16:25:20,261 - INFO - fastread - 53, 250
2019-02-04 16:25:20,265 - INFO - fastread - 54, 260
2019-02-04 16:25:20,270 - INFO - fastread - 54, 270
2019-02-04 16:25:20,275 - INFO - fastread - 54, 280
2019-02-04 16:25:20,280 - INFO - fastread - 54, 290
2019-02-04 16:25:20,284 - INFO - fastread - 54, 300
2019-02-04 16:25:20,289 - INFO - fastread - 54, 310
2019-02-04 16:25:20,294 - INFO - fastread - 55, 320
2019-02-04 16:25:20,299 - INFO - fastread - 55, 330
2019-02-04 16:25:20,304 - INFO - fastread - 55, 340
2019-02-04 16:25:20,308 - INFO - fastread - 55, 350
2019-02-04 16:25:20,310 - INFO - fastread - 55, 360
2019-02-04 16:25:20,313 - INFO - fastread - 55, 370
2019-02-04 16:25:20,316 - INFO - fastread - 55, 380
2019-02-04 16:25:20,319 - INFO - fastread - 55, 390
2019-02-04 16:25:20,323 - INFO - fastread - 55, 400
2019-02-04 16:25:20,328 - INFO - fastread - 55, 410
2019-02-04 16:25:20,332 - INFO - fastread - 55, 420
2019-02-04 16:25:20,337 - INFO - fastread - 55, 430
2019-02-04 16:25:20,341 - INFO - fastread - 55, 440
2019-02-04 16:25:20,346 - INFO - fastread - 55, 450
2019-02-04 16:25:20,349 - INFO - fastread - 55, 460
2019-02-04 16:25:20,353 - INFO - fastread - 55, 470
2019-02-04 16:25:20,356 - INFO - fastread - 55, 480
2019-02-04 16:25:20,359 - INFO - fastread - 55, 490
2019-02-04 16:25:20,362 - INFO - fastread - 55, 500
2019-02-04 16:25:20,365 - INFO - fastread - 55, 510
2019-02-04 16:25:20,368 - INFO - fastread - 55, 520
2019-02-04 16:25:20,372 - INFO - fastread - 55, 530
2019-02-04 16:25:20,375 - INFO - fastread - 55, 540
2019-02-04 16:25:20,378 - INFO - fastread - 55, 550
2019-02-04 16:25:20,381 - INFO - fastread - 55, 560
2019-02-04 16:25:20,385 - INFO - fastread - 55, 570
2019-02-04 16:25:20,388 - INFO - fastread - 55, 580
2019-02-04 16:25:20,391 - INFO - fastread - 55, 590
2019-02-04 16:25:20,395 - INFO - fastread - 55, 600
2019-02-04 16:25:20,398 - INFO - fastread - 55, 610
2019-02-04 16:25:20,401 - INFO - fastread - 55, 620
2019-02-04 16:25:20,404 - INFO - fastread - 55, 630
2019-02-04 16:25:20,407 - INFO - fastread - 56, 640
2019-02-04 16:25:20,410 - INFO - fastread - 56, 650
2019-02-04 16:25:20,414 - INFO - fastread - 56, 660
2019-02-04 16:25:20,419 - INFO - fastread - 56, 670
2019-02-04 16:25:20,423 - INFO - fastread - 56, 680
2019-02-04 16:25:20,428 - INFO - fastread - 56, 690
2019-02-04 16:25:20,433 - INFO - fastread - 56, 700
2019-02-04 16:25:20,437 - INFO - fastread - 56, 710
2019-02-04 16:25:20,442 - INFO - fastread - 56, 720
2019-02-04 16:25:20,447 - INFO - fastread - 57, 730
2019-02-04 16:25:20,451 - INFO - fastread - 57, 740
2019-02-04 16:25:20,456 - INFO - fastread - 57, 750
2019-02-04 16:25:20,461 - INFO - fastread - 57, 760
2019-02-04 16:25:20,464 - INFO - fastread - 57, 770
2019-02-04 16:25:20,467 - INFO - fastread - 57, 780
2019-02-04 16:25:20,470 - INFO - fastread - 57, 790
2019-02-04 16:25:20,473 - INFO - fastread - 57, 800
2019-02-04 16:25:20,477 - INFO - fastread - 57, 810
2019-02-04 16:25:20,481 - INFO - fastread - 57, 820
2019-02-04 16:25:20,486 - INFO - fastread - 58, 830
2019-02-04 16:25:20,492 - INFO - fastread - 58, 840
2019-02-04 16:25:20,496 - INFO - fastread - 58, 850
2019-02-04 16:25:20,499 - INFO - fastread - 59, 860
2019-02-04 16:25:20,502 - INFO - fastread - 59, 870
2019-02-04 16:25:20,505 - INFO - fastread - 59, 880
2019-02-04 16:25:20,509 - INFO - fastread - 59, 890
2019-02-04 16:25:20,514 - INFO - fastread - 59, 900
2019-02-04 16:25:20,518 - INFO - fastread - 60, 910
2019-02-04 16:25:20,523 - INFO - fastread - 60, 920
2019-02-04 16:25:20,527 - INFO - fastread - 60, 930
2019-02-04 16:25:20,532 - INFO - fastread - 60, 940
2019-02-04 16:25:20,537 - INFO - fastread - 60, 950
2019-02-04 16:25:20,542 - INFO - fastread - 60, 960
2019-02-04 16:25:20,546 - INFO - fastread - 60, 970
2019-02-04 16:25:20,551 - INFO - fastread - 60, 980
2019-02-04 16:25:20,556 - INFO - fastread - 61, 990
2019-02-04 16:25:20,561 - INFO - fastread - 61, 1000
2019-02-04 16:25:20,566 - INFO - fastread - 61, 1010
2019-02-04 16:25:20,571 - INFO - fastread - 61, 1020
2019-02-04 16:25:20,576 - INFO - fastread - 61, 1030
2019-02-04 16:25:20,581 - INFO - fastread - 61, 1040
2019-02-04 16:25:20,586 - INFO - fastread - 61, 1050
2019-02-04 16:25:20,591 - INFO - fastread - 61, 1060
2019-02-04 16:25:20,595 - INFO - fastread - 61, 1070
2019-02-04 16:25:20,600 - INFO - fastread - 61, 1080
2019-02-04 16:25:20,605 - INFO - fastread - 62, 1090
2019-02-04 16:25:20,610 - INFO - fastread - 62, 1100
2019-02-04 16:25:20,615 - INFO - fastread - 63, 1110
2019-02-04 16:25:20,620 - INFO - fastread - 63, 1120
2019-02-04 16:25:20,625 - INFO - fastread - 63, 1130
2019-02-04 16:25:20,630 - INFO - fastread - 63, 1140
2019-02-04 16:25:20,635 - INFO - fastread - 64, 1150
2019-02-04 16:25:20,639 - INFO - fastread - 64, 1160
2019-02-04 16:25:20,644 - INFO - fastread - 64, 1170
2019-02-04 16:25:20,649 - INFO - fastread - 64, 1180
2019-02-04 16:25:20,654 - INFO - fastread - 65, 1190
2019-02-04 16:25:20,659 - INFO - fastread - 65, 1200
2019-02-04 16:25:20,664 - INFO - fastread - 65, 1210
2019-02-04 16:25:20,668 - INFO - fastread - 66, 1220
2019-02-04 16:25:20,674 - INFO - fastread - 66, 1230
2019-02-04 16:25:20,679 - INFO - fastread - 67, 1240
2019-02-04 16:25:20,684 - INFO - fastread - 67, 1250
2019-02-04 16:25:20,689 - INFO - fastread - 67, 1260
2019-02-04 16:25:20,695 - INFO - fastread - 67, 1270
2019-02-04 16:25:20,700 - INFO - fastread - 67, 1280
2019-02-04 16:25:20,706 - INFO - fastread - 67, 1290
2019-02-04 16:25:20,711 - INFO - fastread - 67, 1300
2019-02-04 16:25:20,717 - INFO - fastread - 67, 1310
2019-02-04 16:25:20,722 - INFO - fastread - 67, 1320
2019-02-04 16:25:20,728 - INFO - fastread - 67, 1330
2019-02-04 16:25:20,732 - INFO - fastread - 67, 1340
2019-02-04 16:25:20,737 - INFO - fastread - 67, 1350
2019-02-04 16:25:20,742 - INFO - fastread - 67, 1360
2019-02-04 16:25:20,748 - INFO - fastread - 67, 1370
2019-02-04 16:25:20,751 - INFO - fastread - 67, 1380
2019-02-04 16:25:20,756 - INFO - fastread - 67, 1390
2019-02-04 16:25:20,761 - INFO - fastread - 67, 1400
2019-02-04 16:25:20,766 - INFO - fastread - 67, 1410
2019-02-04 16:25:20,770 - INFO - fastread - 67, 1420
2019-02-04 16:25:20,773 - INFO - fastread - 67, 1430
2019-02-04 16:25:20,777 - INFO - fastread - 67, 1440
2019-02-04 16:25:20,781 - INFO - fastread - 67, 1450
2019-02-04 16:25:20,786 - INFO - fastread - 68, 1460
2019-02-04 16:25:20,791 - INFO - fastread - 68, 1470
2019-02-04 16:25:20,798 - INFO - fastread - 68, 1480
2019-02-04 16:25:20,804 - INFO - fastread - 68, 1490
2019-02-04 16:25:20,810 - INFO - fastread - 68, 1500
2019-02-04 16:25:20,816 - INFO - fastread - 68, 1510
2019-02-04 16:25:20,822 - INFO - fastread - 68, 1520
2019-02-04 16:25:20,828 - INFO - fastread - 68, 1530
2019-02-04 16:25:20,834 - INFO - fastread - 68, 1540
2019-02-04 16:25:20,837 - INFO - fastread - 68, 1550
2019-02-04 16:25:20,842 - INFO - fastread - 68, 1560
2019-02-04 16:25:20,848 - INFO - fastread - 68, 1570
2019-02-04 16:25:20,853 - INFO - fastread - 68, 1580
2019-02-04 16:25:20,859 - INFO - fastread - 68, 1590
2019-02-04 16:25:20,864 - INFO - fastread - 68, 1600
2019-02-04 16:25:20,870 - INFO - fastread - 68, 1610
2019-02-04 16:25:20,876 - INFO - fastread - 68, 1620
2019-02-04 16:25:20,882 - INFO - fastread - 68, 1630
2019-02-04 16:25:20,888 - INFO - fastread - 68, 1640
2019-02-04 16:25:20,893 - INFO - fastread - 69, 1650
2019-02-04 16:25:20,898 - INFO - fastread - 69, 1660
2019-02-04 16:25:20,901 - INFO - fastread - 69, 1670
2019-02-04 16:25:20,907 - INFO - fastread - 69, 1680
2019-02-04 16:25:20,913 - INFO - fastread - 69, 1690
2019-02-04 16:25:20,917 - INFO - fastread - 69, 1700
2019-02-04 16:25:20,923 - INFO - fastread - 69, 1710
2019-02-04 16:25:20,929 - INFO - fastread - 69, 1720
2019-02-04 16:25:20,935 - INFO - fastread - 69, 1730
2019-02-04 16:25:20,941 - INFO - fastread - 69, 1740
2019-02-04 16:25:20,946 - INFO - fastread - 69, 1750
2019-02-04 16:25:20,951 - INFO - fastread - 69, 1760
2019-02-04 16:25:20,956 - INFO - fastread - 70, 1770
2019-02-04 16:25:20,961 - INFO - fastread - 71, 1780
2019-02-04 16:25:20,967 - INFO - fastread - 71, 1790
2019-02-04 16:25:20,972 - INFO - fastread - 71, 1800
2019-02-04 16:25:20,976 - INFO - fastread - 71, 1810
2019-02-04 16:25:20,981 - INFO - fastread - 71, 1820
2019-02-04 16:25:20,987 - INFO - fastread - 71, 1830
2019-02-04 16:25:20,992 - INFO - fastread - 71, 1840
2019-02-04 16:25:20,997 - INFO - fastread - 71, 1850
2019-02-04 16:25:21,003 - INFO - fastread - 71, 1860
2019-02-04 16:25:21,008 - INFO - fastread - 71, 1870
2019-02-04 16:25:21,015 - INFO - fastread - 71, 1880
2019-02-04 16:25:21,018 - INFO - fastread - 71, 1890
2019-02-04 16:25:21,021 - INFO - fastread - 71, 1900
2019-02-04 16:25:21,024 - INFO - fastread - 71, 1910
2019-02-04 16:25:21,030 - INFO - fastread - 73, 1920
2019-02-04 16:25:21,035 - INFO - fastread - 73, 1930
2019-02-04 16:25:21,040 - INFO - fastread - 73, 1940
2019-02-04 16:25:21,046 - INFO - fastread - 73, 1950
2019-02-04 16:25:21,051 - INFO - fastread - 73, 1960
2019-02-04 16:25:21,056 - INFO - fastread - 73, 1970
2019-02-04 16:25:21,062 - INFO - fastread - 73, 1980
2019-02-04 16:25:21,068 - INFO - fastread - 73, 1990
2019-02-04 16:25:21,073 - INFO - fastread - 73, 2000
2019-02-04 16:25:21,078 - INFO - fastread - 73, 2010
2019-02-04 16:25:21,083 - INFO - fastread - 73, 2020
2019-02-04 16:25:21,088 - INFO - fastread - 73, 2030
2019-02-04 16:25:21,093 - INFO - fastread - 73, 2040
2019-02-04 16:25:21,098 - INFO - fastread - 73, 2050
2019-02-04 16:25:21,104 - INFO - fastread - 73, 2060
2019-02-04 16:25:21,116 - INFO - fastread - 73, 2070
2019-02-04 16:25:21,125 - INFO - fastread - 73, 2080
2019-02-04 16:25:21,131 - INFO - fastread - 73, 2090
2019-02-04 16:25:21,138 - INFO - fastread - 73, 2100
2019-02-04 16:25:21,144 - INFO - fastread - 73, 2110
2019-02-04 16:25:21,148 - INFO - fastread - 73, 2120
2019-02-04 16:25:21,154 - INFO - fastread - 73, 2130
2019-02-04 16:25:21,160 - INFO - fastread - 73, 2140
2019-02-04 16:25:21,166 - INFO - fastread - 73, 2150
2019-02-04 16:25:21,190 - INFO - fastread - 73, 2160
2019-02-04 16:25:21,198 - INFO - fastread - 74, 2170
2019-02-04 16:25:21,204 - INFO - fastread - 74, 2180
2019-02-04 16:25:21,210 - INFO - fastread - 74, 2190
2019-02-04 16:25:21,217 - INFO - fastread - 75, 2200
2019-02-04 16:25:21,230 - INFO - fastread - 75, 2210
2019-02-04 16:25:21,237 - INFO - fastread - 75, 2220
2019-02-04 16:25:21,243 - INFO - fastread - 75, 2230
2019-02-04 16:25:21,249 - INFO - fastread - 75, 2240
2019-02-04 16:25:21,256 - INFO - fastread - 75, 2250
2019-02-04 16:25:21,262 - INFO - fastread - 75, 2260
2019-02-04 16:25:21,268 - INFO - fastread - 75, 2270
2019-02-04 16:25:21,274 - INFO - fastread - 75, 2280
2019-02-04 16:25:21,280 - INFO - fastread - 75, 2290
2019-02-04 16:25:21,286 - INFO - fastread - 76, 2300
2019-02-04 16:25:21,291 - INFO - fastread - 76, 2310
2019-02-04 16:25:21,297 - INFO - fastread - 76, 2320
2019-02-04 16:25:21,303 - INFO - fastread - 76, 2330
2019-02-04 16:25:21,309 - INFO - fastread - 76, 2340
2019-02-04 16:25:21,316 - INFO - fastread - 76, 2350
2019-02-04 16:25:21,322 - INFO - fastread - 76, 2360
2019-02-04 16:25:21,327 - INFO - fastread - 76, 2370
2019-02-04 16:25:21,330 - INFO - fastread - 76, 2380
2019-02-04 16:25:21,335 - INFO - fastread - 77, 2390
2019-02-04 16:25:21,341 - INFO - fastread - 77, 2400
2019-02-04 16:25:21,347 - INFO - fastread - 77, 2410
2019-02-04 16:25:21,351 - INFO - fastread - 77, 2420
2019-02-04 16:25:21,355 - INFO - fastread - 77, 2430
2019-02-04 16:25:21,358 - INFO - fastread - 77, 2440
2019-02-04 16:25:21,362 - INFO - fastread - 79, 2450
2019-02-04 16:25:21,368 - INFO - fastread - 79, 2460
2019-02-04 16:25:21,373 - INFO - fastread - 79, 2470
2019-02-04 16:25:21,379 - INFO - fastread - 80, 2480
2019-02-04 16:25:21,384 - INFO - fastread - 80, 2490
2019-02-04 16:25:21,389 - INFO - fastread - 80, 2500
2019-02-04 16:25:21,392 - INFO - fastread - 80, 2510
2019-02-04 16:25:21,397 - INFO - fastread - 80, 2520
2019-02-04 16:25:21,403 - INFO - fastread - 80, 2530
2019-02-04 16:25:21,408 - INFO - fastread - 80, 2540
2019-02-04 16:25:21,414 - INFO - fastread - 80, 2550
2019-02-04 16:25:21,419 - INFO - fastread - 80, 2560
2019-02-04 16:25:21,424 - INFO - fastread - 81, 2570
2019-02-04 16:25:21,429 - INFO - fastread - 82, 2580
2019-02-04 16:25:21,434 - INFO - fastread - 82, 2590
2019-02-04 16:25:21,437 - INFO - fastread - 82, 2600
2019-02-04 16:25:21,443 - INFO - fastread - 82, 2610
2019-02-04 16:25:21,448 - INFO - fastread - 82, 2620
2019-02-04 16:25:21,453 - INFO - fastread - 82, 2630
2019-02-04 16:25:21,459 - INFO - fastread - 82, 2640
2019-02-04 16:25:21,464 - INFO - fastread - 82, 2650
2019-02-04 16:25:21,471 - INFO - fastread - 82, 2660
2019-02-04 16:25:21,478 - INFO - fastread - 82, 2670
2019-02-04 16:25:21,484 - INFO - fastread - 82, 2680
2019-02-04 16:25:21,490 - INFO - fastread - 82, 2690
2019-02-04 16:25:21,496 - INFO - fastread - 83, 2700
2019-02-04 16:25:21,503 - INFO - fastread - 83, 2710
2019-02-04 16:25:21,508 - INFO - fastread - 83, 2720
2019-02-04 16:25:21,514 - INFO - fastread - 83, 2730
2019-02-04 16:25:21,521 - INFO - fastread - 83, 2740
2019-02-04 16:25:21,525 - INFO - fastread - 84, 2750
2019-02-04 16:25:21,529 - INFO - fastread - 84, 2760
2019-02-04 16:25:21,532 - INFO - fastread - 84, 2770
2019-02-04 16:25:21,538 - INFO - fastread - 84, 2780
2019-02-04 16:25:21,544 - INFO - fastread - 84, 2790
2019-02-04 16:25:21,550 - INFO - fastread - 84, 2800
2019-02-04 16:25:21,556 - INFO - fastread - 85, 2810
2019-02-04 16:25:21,563 - INFO - fastread - 85, 2820
2019-02-04 16:25:21,568 - INFO - fastread - 85, 2830
2019-02-04 16:25:21,571 - INFO - fastread - 85, 2840
2019-02-04 16:25:21,575 - INFO - fastread - 86, 2850
2019-02-04 16:25:21,579 - INFO - fastread - 86, 2860
2019-02-04 16:25:21,583 - INFO - fastread - 86, 2870
2019-02-04 16:25:21,587 - INFO - fastread - 86, 2880
2019-02-04 16:25:21,591 - INFO - fastread - 86, 2890
2019-02-04 16:25:21,595 - INFO - fastread - 86, 2900
2019-02-04 16:25:21,599 - INFO - fastread - 86, 2910
2019-02-04 16:25:21,603 - INFO - fastread - 86, 2920
2019-02-04 16:25:21,607 - INFO - fastread - 86, 2930
2019-02-04 16:25:21,612 - INFO - fastread - 86, 2940
2019-02-04 16:25:21,618 - INFO - fastread - 87, 2950
2019-02-04 16:25:21,624 - INFO - fastread - 87, 2960
2019-02-04 16:25:21,631 - INFO - fastread - 88, 2970
2019-02-04 16:25:21,638 - INFO - fastread - 88, 2980
2019-02-04 16:25:21,642 - INFO - fastread - 88, 2990
2019-02-04 16:25:21,649 - INFO - fastread - 88, 3000
2019-02-04 16:25:21,656 - INFO - fastread - 88, 3010
2019-02-04 16:25:21,663 - INFO - fastread - 88, 3020
2019-02-04 16:25:21,670 - INFO - fastread - 88, 3030
2019-02-04 16:25:21,678 - INFO - fastread - 88, 3040
2019-02-04 16:25:21,682 - INFO - fastread - 88, 3050
2019-02-04 16:25:21,687 - INFO - fastread - 88, 3060
2019-02-04 16:25:21,690 - INFO - fastread - 88, 3070
2019-02-04 16:25:21,697 - INFO - fastread - 88, 3080
2019-02-04 16:25:21,703 - INFO - fastread - 88, 3090
2019-02-04 16:25:21,707 - INFO - fastread - 88, 3100
2019-02-04 16:25:21,713 - INFO - fastread - 88, 3110
2019-02-04 16:25:21,720 - INFO - fastread - 89, 3120
2019-02-04 16:25:21,726 - INFO - fastread - 89, 3130
2019-02-04 16:25:21,732 - INFO - fastread - 89, 3140
2019-02-04 16:25:21,738 - INFO - fastread - 89, 3150
2019-02-04 16:25:21,744 - INFO - fastread - 89, 3160
2019-02-04 16:25:21,750 - INFO - fastread - 89, 3170
2019-02-04 16:25:21,756 - INFO - fastread - 89, 3180
2019-02-04 16:25:21,761 - INFO - fastread - 89, 3190
2019-02-04 16:25:21,766 - INFO - fastread - 89, 3200
2019-02-04 16:25:21,772 - INFO - fastread - 90, 3210
2019-02-04 16:25:21,777 - INFO - fastread - 90, 3220
2019-02-04 16:25:21,782 - INFO - fastread - 91, 3230
2019-02-04 16:25:21,788 - INFO - fastread - 91, 3240
2019-02-04 16:25:21,794 - INFO - fastread - 91, 3250
2019-02-04 16:25:21,800 - INFO - fastread - 91, 3260
2019-02-04 16:25:21,806 - INFO - fastread - 91, 3270
2019-02-04 16:25:21,810 - INFO - fastread - 91, 3280
2019-02-04 16:25:21,814 - INFO - fastread - 91, 3290
2019-02-04 16:25:21,820 - INFO - fastread - 91, 3300
2019-02-04 16:25:21,825 - INFO - fastread - 92, 3310
2019-02-04 16:25:21,830 - INFO - fastread - 92, 3320
2019-02-04 16:25:21,834 - INFO - fastread - 92, 3330
2019-02-04 16:25:21,838 - INFO - fastread - 92, 3340
2019-02-04 16:25:21,841 - INFO - fastread - 92, 3350
2019-02-04 16:25:21,845 - INFO - fastread - 92, 3360
2019-02-04 16:25:21,848 - INFO - fastread - 92, 3370
2019-02-04 16:25:21,852 - INFO - fastread - 92, 3380
2019-02-04 16:25:21,855 - INFO - fastread - 92, 3390
2019-02-04 16:25:21,859 - INFO - fastread - 92, 3400
2019-02-04 16:25:21,862 - INFO - fastread - 92, 3410
2019-02-04 16:25:21,866 - INFO - fastread - 92, 3420
2019-02-04 16:25:21,870 - INFO - fastread - 92, 3430
2019-02-04 16:25:21,874 - INFO - fastread - 92, 3440
2019-02-04 16:25:21,880 - INFO - fastread - 92, 3450
2019-02-04 16:25:21,885 - INFO - fastread - 93, 3460
2019-02-04 16:25:21,891 - INFO - fastread - 93, 3470
2019-02-04 16:25:21,897 - INFO - fastread - 93, 3480
2019-02-04 16:25:21,903 - INFO - fastread - 93, 3490
2019-02-04 16:25:21,908 - INFO - fastread - 93, 3500
2019-02-04 16:25:21,914 - INFO - fastread - 93, 3510
2019-02-04 16:25:21,918 - INFO - fastread - 93, 3520
2019-02-04 16:25:21,922 - INFO - fastread - 93, 3530
2019-02-04 16:25:21,928 - INFO - fastread - 94, 3540
2019-02-04 16:25:21,934 - INFO - fastread - 94, 3550
2019-02-04 16:25:21,939 - INFO - fastread - 94, 3560
2019-02-04 16:25:21,944 - INFO - fastread - 94, 3570
2019-02-04 16:25:21,949 - INFO - fastread - 94, 3580
2019-02-04 16:25:21,954 - INFO - fastread - 94, 3590
2019-02-04 16:25:21,958 - INFO - fastread - 94, 3600
2019-02-04 16:25:21,962 - INFO - fastread - 94, 3610
2019-02-04 16:25:21,965 - INFO - fastread - 95, 3620
2019-02-04 16:25:21,969 - INFO - fastread - 95, 3630
2019-02-04 16:25:21,975 - INFO - fastread - 95, 3640
2019-02-04 16:25:21,980 - INFO - fastread - 95, 3650
2019-02-04 16:25:21,986 - INFO - fastread - 95, 3660
2019-02-04 16:25:21,991 - INFO - fastread - 95, 3670
2019-02-04 16:25:21,994 - INFO - fastread - 95, 3680
2019-02-04 16:25:21,998 - INFO - fastread - 96, 3690
2019-02-04 16:25:22,002 - INFO - fastread - 96, 3700
2019-02-04 16:25:22,005 - INFO - fastread - 97, 3710
2019-02-04 16:25:22,009 - INFO - fastread - 97, 3720
2019-02-04 16:25:22,014 - INFO - fastread - 98, 3730
2019-02-04 16:25:22,019 - INFO - fastread - 98, 3740
2019-02-04 16:25:22,025 - INFO - fastread - 98, 3750
2019-02-04 16:25:22,030 - INFO - fastread - 98, 3760
2019-02-04 16:25:22,035 - INFO - fastread - 98, 3770
2019-02-04 16:25:22,041 - INFO - fastread - 98, 3780
2019-02-04 16:25:22,047 - INFO - fastread - 98, 3790
2019-02-04 16:25:22,053 - INFO - fastread - 98, 3800
2019-02-04 16:25:22,059 - INFO - fastread - 98, 3810
2019-02-04 16:25:22,065 - INFO - fastread - 98, 3820
2019-02-04 16:25:22,071 - INFO - fastread - 98, 3830
2019-02-04 16:25:22,077 - INFO - fastread - 98, 3840
2019-02-04 16:25:22,083 - INFO - fastread - 98, 3850
2019-02-04 16:25:22,086 - INFO - fastread - 98, 3860
2019-02-04 16:25:22,090 - INFO - fastread - 98, 3870
2019-02-04 16:25:22,096 - INFO - fastread - 98, 3880
2019-02-04 16:25:22,102 - INFO - fastread - 98, 3890
2019-02-04 16:25:22,108 - INFO - fastread - 98, 3900
2019-02-04 16:25:22,112 - INFO - fastread - 98, 3910
2019-02-04 16:25:22,117 - INFO - fastread - 98, 3920
2019-02-04 16:25:22,121 - INFO - fastread - 98, 3930
2019-02-04 16:25:22,127 - INFO - fastread - 99, 3940
2019-02-04 16:25:22,132 - INFO - fastread - 100, 3950
2019-02-04 16:25:22,138 - INFO - fastread - 100, 3960
2019-02-04 16:25:22,145 - INFO - fastread - 100, 3970
2019-02-04 16:25:22,150 - INFO - fastread - 100, 3980
2019-02-04 16:25:22,156 - INFO - fastread - 100, 3990
2019-02-04 16:25:22,160 - INFO - fastread - 100, 4000
2019-02-04 16:25:22,164 - INFO - fastread - 100, 4010
2019-02-04 16:25:22,168 - INFO - fastread - 100, 4020
2019-02-04 16:25:22,173 - INFO - fastread - 100, 4030
2019-02-04 16:25:22,178 - INFO - fastread - 101, 4040
2019-02-04 16:25:22,184 - INFO - fastread - 101, 4050
2019-02-04 16:25:22,189 - INFO - fastread - 101, 4060
2019-02-04 16:25:22,194 - INFO - fastread - 102, 4070
2019-02-04 16:25:22,199 - INFO - fastread - 102, 4080
2019-02-04 16:25:22,204 - INFO - fastread - 102, 4090
2019-02-04 16:25:22,207 - INFO - fastread - 102, 4100
2019-02-04 16:25:22,211 - INFO - fastread - 103, 4110
2019-02-04 16:25:22,215 - INFO - fastread - 103, 4120
2019-02-04 16:25:22,219 - INFO - fastread - 103, 4130
2019-02-04 16:25:22,224 - INFO - fastread - 103, 4140
2019-02-04 16:25:22,228 - INFO - fastread - 103, 4150
2019-02-04 16:25:22,233 - INFO - fastread - 103, 4160
2019-02-04 16:25:22,237 - INFO - fastread - 103, 4170
2019-02-04 16:25:22,241 - INFO - fastread - 103, 4180
2019-02-04 16:25:22,245 - INFO - fastread - 104, 4190
2019-02-04 16:25:22,248 - INFO - fastread - 104, 4200
2019-02-04 16:25:22,252 - INFO - fastread - 104, 4210
2019-02-04 16:25:22,255 - INFO - fastread - 104, 4220
2019-02-04 16:25:22,259 - INFO - fastread - 104, 4230
2019-02-04 16:25:22,266 - INFO - fastread - 104, 4240
2019-02-04 16:25:22,272 - INFO - fastread - 104, 4250
2019-02-04 16:25:22,277 - INFO - fastread - 104, 4260
2019-02-04 16:25:22,283 - INFO - fastread - 104, 4270
2019-02-04 16:25:22,289 - INFO - fastread - 104, 4280
2019-02-04 16:25:22,295 - INFO - fastread - 104, 4290
2019-02-04 16:25:22,301 - INFO - fastread - 104, 4300
2019-02-04 16:25:22,306 - INFO - fastread - 104, 4310
2019-02-04 16:25:22,310 - INFO - fastread - 104, 4320
2019-02-04 16:25:22,314 - INFO - fastread - 104, 4330
2019-02-04 16:25:22,319 - INFO - fastread - 104, 4340
2019-02-04 16:25:22,323 - INFO - fastread - 104, 4350
2019-02-04 16:25:22,329 - INFO - fastread - 104, 4360
2019-02-04 16:25:22,333 - INFO - fastread - 104, 4370
2019-02-04 16:25:22,337 - INFO - fastread - 104, 4380
2019-02-04 16:25:22,356 - INFO - rig - ++++NEW CLF++++ SVM
2019-02-04 16:25:22,356 - INFO - fastread - Total Yes: 104 | Total No: 4285
2019-02-04 16:34:00,457 - INFO - fastread - 0, 10
2019-02-04 16:34:00,466 - INFO - fastread - 5, 20
2019-02-04 16:34:00,470 - INFO - fastread - 15, 30
2019-02-04 16:34:00,474 - INFO - fastread - 25, 40
2019-02-04 16:34:00,479 - INFO - fastread - 31, 50
2019-02-04 16:34:00,482 - INFO - fastread - 39, 60
2019-02-04 16:34:00,497 - INFO - rig - ++++NEW CLF++++ SVM_LINER
2019-02-04 16:34:00,498 - INFO - fastread - Total Yes: 104 | Total No: 4285
2019-02-04 16:43:25,360 - INFO - fastread - 2, 10
2019-02-04 16:43:25,363 - INFO - fastread - 10, 20
2019-02-04 16:43:25,364 - INFO - fastread - 15, 30
2019-02-04 16:43:25,366 - INFO - fastread - 24, 40
2019-02-04 16:43:25,368 - INFO - fastread - 33, 50
2019-02-04 16:43:25,370 - INFO - fastread - 43, 60
