2019-02-04 16:20:57,851 - INFO - rig - hibernate-distribution-3.3.2.GA
2019-02-04 16:21:03,325 - INFO - rig - ++++NEW CLF++++ FASTREAD
2019-02-04 16:21:03,325 - INFO - fastread - Total Yes: 472 | Total No: 2496
2019-02-04 16:21:03,647 - INFO - fastread - 0, 0  5999
2019-02-04 16:22:48,606 - INFO - fastread - 345, 358  5999
2019-02-04 16:22:49,215 - INFO - rig - ++++NEW CLF++++ ENSEMBLE_DT
2019-02-04 16:22:49,232 - INFO - ensemble - 9, 10
2019-02-04 16:22:49,235 - INFO - ensemble - 19, 20
2019-02-04 16:22:49,239 - INFO - ensemble - 29, 30
2019-02-04 16:22:49,241 - INFO - ensemble - 38, 40
2019-02-04 16:22:49,244 - INFO - ensemble - 47, 50
2019-02-04 16:22:49,246 - INFO - ensemble - 56, 60
2019-02-04 16:22:49,249 - INFO - ensemble - 66, 70
2019-02-04 16:22:49,252 - INFO - ensemble - 76, 80
2019-02-04 16:22:49,254 - INFO - ensemble - 86, 90
2019-02-04 16:22:49,257 - INFO - ensemble - 96, 100
2019-02-04 16:22:49,260 - INFO - ensemble - 104, 110
2019-02-04 16:22:49,263 - INFO - ensemble - 114, 120
2019-02-04 16:22:49,265 - INFO - ensemble - 124, 130
2019-02-04 16:22:49,269 - INFO - ensemble - 133, 140
2019-02-04 16:22:49,274 - INFO - ensemble - 143, 150
2019-02-04 16:22:49,278 - INFO - ensemble - 153, 160
2019-02-04 16:22:49,283 - INFO - ensemble - 163, 170
2019-02-04 16:22:49,287 - INFO - ensemble - 172, 180
2019-02-04 16:22:49,293 - INFO - ensemble - 182, 190
2019-02-04 16:22:49,297 - INFO - ensemble - 192, 200
2019-02-04 16:22:49,302 - INFO - ensemble - 202, 210
2019-02-04 16:22:49,308 - INFO - ensemble - 212, 220
2019-02-04 16:22:49,312 - INFO - ensemble - 221, 230
2019-02-04 16:22:49,316 - INFO - ensemble - 231, 240
2019-02-04 16:22:49,320 - INFO - ensemble - 240, 250
2019-02-04 16:22:49,323 - INFO - ensemble - 250, 260
2019-02-04 16:22:49,325 - INFO - ensemble - 260, 270
2019-02-04 16:22:49,328 - INFO - ensemble - 270, 280
2019-02-04 16:22:49,331 - INFO - ensemble - 279, 290
2019-02-04 16:22:49,333 - INFO - ensemble - 289, 300
2019-02-04 16:22:49,344 - INFO - ensemble - 298, 310
2019-02-04 16:22:49,348 - INFO - ensemble - 308, 320
2019-02-04 16:22:49,352 - INFO - ensemble - 318, 330
2019-02-04 16:22:49,355 - INFO - ensemble - 328, 340
2019-02-04 16:22:49,359 - INFO - ensemble - 338, 350
2019-02-04 16:22:49,363 - INFO - ensemble - 347, 360
2019-02-04 16:22:54,615 - INFO - rig - ++++NEW CLF++++ ENSEMBLE_NBM
2019-02-04 16:22:54,626 - INFO - ensemble - 10, 10
2019-02-04 16:22:54,630 - INFO - ensemble - 20, 20
2019-02-04 16:22:54,634 - INFO - ensemble - 30, 30
2019-02-04 16:22:54,638 - INFO - ensemble - 39, 40
2019-02-04 16:22:54,641 - INFO - ensemble - 49, 50
2019-02-04 16:22:54,643 - INFO - ensemble - 58, 60
2019-02-04 16:22:54,646 - INFO - ensemble - 68, 70
2019-02-04 16:22:54,649 - INFO - ensemble - 78, 80
2019-02-04 16:22:54,653 - INFO - ensemble - 87, 90
2019-02-04 16:22:54,657 - INFO - ensemble - 97, 100
2019-02-04 16:22:54,660 - INFO - ensemble - 107, 110
2019-02-04 16:22:54,664 - INFO - ensemble - 116, 120
2019-02-04 16:22:54,668 - INFO - ensemble - 125, 130
2019-02-04 16:22:54,672 - INFO - ensemble - 135, 140
2019-02-04 16:22:54,676 - INFO - ensemble - 145, 150
2019-02-04 16:22:54,680 - INFO - ensemble - 155, 160
2019-02-04 16:22:54,685 - INFO - ensemble - 165, 170
2019-02-04 16:22:54,689 - INFO - ensemble - 175, 180
2019-02-04 16:22:54,693 - INFO - ensemble - 185, 190
2019-02-04 16:22:54,698 - INFO - ensemble - 192, 200
2019-02-04 16:22:54,702 - INFO - ensemble - 202, 210
2019-02-04 16:22:54,706 - INFO - ensemble - 212, 220
2019-02-04 16:22:54,710 - INFO - ensemble - 221, 230
2019-02-04 16:22:54,713 - INFO - ensemble - 231, 240
2019-02-04 16:22:54,716 - INFO - ensemble - 241, 250
2019-02-04 16:22:54,718 - INFO - ensemble - 251, 260
2019-02-04 16:22:54,721 - INFO - ensemble - 260, 270
2019-02-04 16:22:54,723 - INFO - ensemble - 270, 280
2019-02-04 16:22:54,726 - INFO - ensemble - 279, 290
2019-02-04 16:22:54,730 - INFO - ensemble - 288, 300
2019-02-04 16:22:54,734 - INFO - ensemble - 298, 310
2019-02-04 16:22:54,738 - INFO - ensemble - 308, 320
2019-02-04 16:22:54,742 - INFO - ensemble - 318, 330
2019-02-04 16:22:54,746 - INFO - ensemble - 328, 340
2019-02-04 16:22:54,750 - INFO - ensemble - 337, 350
2019-02-04 16:22:54,753 - INFO - ensemble - 347, 360
2019-02-04 16:22:54,754 - INFO - rig - ++++NEW CLF++++ RANDOM
2019-02-04 16:22:54,754 - INFO - fastread - Total Yes: 472 | Total No: 2496
2019-02-04 16:22:54,895 - INFO - fastread - 0, 0
2019-02-04 16:22:54,956 - INFO - fastread - 1, 10
2019-02-04 16:22:55,015 - INFO - fastread - 4, 20
2019-02-04 16:22:55,072 - INFO - fastread - 5, 30
2019-02-04 16:22:55,136 - INFO - fastread - 7, 40
2019-02-04 16:22:55,184 - INFO - fastread - 9, 50
2019-02-04 16:22:55,238 - INFO - fastread - 10, 60
2019-02-04 16:22:55,299 - INFO - fastread - 13, 70
2019-02-04 16:22:55,356 - INFO - fastread - 16, 80
2019-02-04 16:22:55,419 - INFO - fastread - 17, 90
2019-02-04 16:22:55,485 - INFO - fastread - 17, 100
2019-02-04 16:22:55,549 - INFO - fastread - 19, 110
2019-02-04 16:22:55,611 - INFO - fastread - 21, 120
2019-02-04 16:22:55,674 - INFO - fastread - 21, 130
2019-02-04 16:22:55,740 - INFO - fastread - 23, 140
2019-02-04 16:22:55,791 - INFO - fastread - 29, 150
2019-02-04 16:22:55,852 - INFO - fastread - 30, 160
2019-02-04 16:22:55,918 - INFO - fastread - 33, 170
2019-02-04 16:22:55,971 - INFO - fastread - 33, 180
2019-02-04 16:22:56,022 - INFO - fastread - 37, 190
2019-02-04 16:22:56,088 - INFO - fastread - 38, 200
2019-02-04 16:22:56,148 - INFO - fastread - 40, 210
2019-02-04 16:22:56,211 - INFO - fastread - 41, 220
2019-02-04 16:22:56,277 - INFO - fastread - 42, 230
2019-02-04 16:22:56,339 - INFO - fastread - 44, 240
2019-02-04 16:22:56,394 - INFO - fastread - 45, 250
2019-02-04 16:22:56,460 - INFO - fastread - 46, 260
2019-02-04 16:22:56,528 - INFO - fastread - 47, 270
2019-02-04 16:22:56,585 - INFO - fastread - 47, 280
2019-02-04 16:22:56,644 - INFO - fastread - 48, 290
2019-02-04 16:22:56,702 - INFO - fastread - 51, 300
2019-02-04 16:22:56,759 - INFO - fastread - 56, 310
2019-02-04 16:22:56,822 - INFO - fastread - 56, 320
2019-02-04 16:22:56,881 - INFO - fastread - 57, 330
2019-02-04 16:22:56,942 - INFO - fastread - 60, 340
2019-02-04 16:22:56,994 - INFO - fastread - 62, 350
2019-02-04 16:22:57,049 - INFO - fastread - 63, 360
2019-02-04 16:22:57,115 - INFO - fastread - 65, 370
2019-02-04 16:22:57,179 - INFO - fastread - 66, 380
2019-02-04 16:22:57,238 - INFO - fastread - 67, 390
2019-02-04 16:22:57,306 - INFO - fastread - 70, 400
2019-02-04 16:22:57,369 - INFO - fastread - 70, 410
2019-02-04 16:22:57,434 - INFO - fastread - 73, 420
2019-02-04 16:22:57,494 - INFO - fastread - 73, 430
2019-02-04 16:22:57,554 - INFO - fastread - 75, 440
2019-02-04 16:22:57,617 - INFO - fastread - 78, 450
2019-02-04 16:22:57,676 - INFO - fastread - 78, 460
2019-02-04 16:22:57,739 - INFO - fastread - 82, 470
2019-02-04 16:22:57,799 - INFO - fastread - 85, 480
2019-02-04 16:22:57,866 - INFO - fastread - 87, 490
2019-02-04 16:22:57,938 - INFO - fastread - 87, 500
2019-02-04 16:22:58,004 - INFO - fastread - 88, 510
2019-02-04 16:22:58,068 - INFO - fastread - 89, 520
2019-02-04 16:22:58,139 - INFO - fastread - 92, 530
2019-02-04 16:22:58,203 - INFO - fastread - 92, 540
2019-02-04 16:22:58,267 - INFO - fastread - 95, 550
2019-02-04 16:22:58,338 - INFO - fastread - 97, 560
2019-02-04 16:22:58,402 - INFO - fastread - 99, 570
2019-02-04 16:22:58,458 - INFO - fastread - 101, 580
2019-02-04 16:22:58,525 - INFO - fastread - 104, 590
2019-02-04 16:22:58,588 - INFO - fastread - 104, 600
2019-02-04 16:22:58,650 - INFO - fastread - 105, 610
2019-02-04 16:22:58,720 - INFO - fastread - 105, 620
2019-02-04 16:22:58,778 - INFO - fastread - 109, 630
2019-02-04 16:22:58,843 - INFO - fastread - 109, 640
2019-02-04 16:22:58,904 - INFO - fastread - 110, 650
2019-02-04 16:22:58,967 - INFO - fastread - 112, 660
2019-02-04 16:22:59,023 - INFO - fastread - 112, 670
2019-02-04 16:22:59,090 - INFO - fastread - 113, 680
2019-02-04 16:22:59,154 - INFO - fastread - 116, 690
2019-02-04 16:22:59,218 - INFO - fastread - 120, 700
2019-02-04 16:22:59,295 - INFO - fastread - 124, 710
2019-02-04 16:22:59,359 - INFO - fastread - 126, 720
2019-02-04 16:22:59,423 - INFO - fastread - 127, 730
2019-02-04 16:22:59,485 - INFO - fastread - 129, 740
2019-02-04 16:22:59,548 - INFO - fastread - 132, 750
2019-02-04 16:22:59,615 - INFO - fastread - 134, 760
2019-02-04 16:22:59,679 - INFO - fastread - 136, 770
2019-02-04 16:22:59,748 - INFO - fastread - 137, 780
2019-02-04 16:22:59,813 - INFO - fastread - 139, 790
2019-02-04 16:22:59,876 - INFO - fastread - 141, 800
2019-02-04 16:22:59,931 - INFO - fastread - 143, 810
2019-02-04 16:22:59,993 - INFO - fastread - 143, 820
2019-02-04 16:23:00,062 - INFO - fastread - 145, 830
2019-02-04 16:23:00,122 - INFO - fastread - 146, 840
2019-02-04 16:23:00,187 - INFO - fastread - 147, 850
2019-02-04 16:23:00,264 - INFO - fastread - 148, 860
2019-02-04 16:23:00,334 - INFO - fastread - 150, 870
2019-02-04 16:23:00,398 - INFO - fastread - 154, 880
2019-02-04 16:23:00,461 - INFO - fastread - 157, 890
2019-02-04 16:23:00,536 - INFO - fastread - 159, 900
2019-02-04 16:23:00,598 - INFO - fastread - 161, 910
2019-02-04 16:23:00,655 - INFO - fastread - 162, 920
2019-02-04 16:23:00,819 - INFO - fastread - 163, 930
2019-02-04 16:23:00,884 - INFO - fastread - 164, 940
2019-02-04 16:23:00,953 - INFO - fastread - 164, 950
2019-02-04 16:23:01,022 - INFO - fastread - 166, 960
2019-02-04 16:23:01,095 - INFO - fastread - 166, 970
2019-02-04 16:23:01,163 - INFO - fastread - 167, 980
2019-02-04 16:23:01,296 - INFO - fastread - 167, 990
2019-02-04 16:23:01,410 - INFO - fastread - 170, 1000
2019-02-04 16:23:01,487 - INFO - fastread - 171, 1010
2019-02-04 16:23:01,580 - INFO - fastread - 172, 1020
2019-02-04 16:23:01,657 - INFO - fastread - 172, 1030
2019-02-04 16:23:01,736 - INFO - fastread - 174, 1040
2019-02-04 16:23:01,807 - INFO - fastread - 175, 1050
2019-02-04 16:23:01,907 - INFO - fastread - 177, 1060
2019-02-04 16:23:01,974 - INFO - fastread - 179, 1070
2019-02-04 16:23:02,058 - INFO - fastread - 182, 1080
2019-02-04 16:23:02,128 - INFO - fastread - 185, 1090
2019-02-04 16:23:02,198 - INFO - fastread - 188, 1100
2019-02-04 16:23:02,266 - INFO - fastread - 189, 1110
2019-02-04 16:23:02,331 - INFO - fastread - 192, 1120
2019-02-04 16:23:02,391 - INFO - fastread - 195, 1130
2019-02-04 16:23:02,454 - INFO - fastread - 197, 1140
2019-02-04 16:23:02,517 - INFO - fastread - 200, 1150
2019-02-04 16:23:02,585 - INFO - fastread - 202, 1160
2019-02-04 16:23:02,643 - INFO - fastread - 203, 1170
2019-02-04 16:23:02,721 - INFO - fastread - 203, 1180
2019-02-04 16:23:02,794 - INFO - fastread - 206, 1190
2019-02-04 16:23:02,858 - INFO - fastread - 207, 1200
2019-02-04 16:23:02,934 - INFO - fastread - 210, 1210
2019-02-04 16:23:03,016 - INFO - fastread - 210, 1220
2019-02-04 16:23:03,083 - INFO - fastread - 212, 1230
2019-02-04 16:23:03,159 - INFO - fastread - 213, 1240
2019-02-04 16:23:03,232 - INFO - fastread - 216, 1250
2019-02-04 16:23:03,297 - INFO - fastread - 218, 1260
2019-02-04 16:23:03,362 - INFO - fastread - 218, 1270
2019-02-04 16:23:03,425 - INFO - fastread - 219, 1280
2019-02-04 16:23:03,492 - INFO - fastread - 220, 1290
2019-02-04 16:23:03,562 - INFO - fastread - 221, 1300
2019-02-04 16:23:03,625 - INFO - fastread - 221, 1310
2019-02-04 16:23:03,689 - INFO - fastread - 223, 1320
2019-02-04 16:23:03,753 - INFO - fastread - 224, 1330
2019-02-04 16:23:03,818 - INFO - fastread - 225, 1340
2019-02-04 16:23:03,906 - INFO - fastread - 228, 1350
2019-02-04 16:23:03,971 - INFO - fastread - 229, 1360
2019-02-04 16:23:04,036 - INFO - fastread - 229, 1370
2019-02-04 16:23:04,098 - INFO - fastread - 231, 1380
2019-02-04 16:23:04,164 - INFO - fastread - 233, 1390
2019-02-04 16:23:04,230 - INFO - fastread - 237, 1400
2019-02-04 16:23:04,294 - INFO - fastread - 240, 1410
2019-02-04 16:23:04,366 - INFO - fastread - 241, 1420
2019-02-04 16:23:04,432 - INFO - fastread - 243, 1430
2019-02-04 16:23:04,496 - INFO - fastread - 246, 1440
2019-02-04 16:23:04,557 - INFO - fastread - 246, 1450
2019-02-04 16:23:04,618 - INFO - fastread - 246, 1460
2019-02-04 16:23:04,700 - INFO - fastread - 248, 1470
2019-02-04 16:23:04,774 - INFO - fastread - 249, 1480
2019-02-04 16:23:04,840 - INFO - fastread - 249, 1490
2019-02-04 16:23:04,911 - INFO - fastread - 250, 1500
2019-02-04 16:23:04,989 - INFO - fastread - 251, 1510
2019-02-04 16:23:05,067 - INFO - fastread - 253, 1520
2019-02-04 16:23:05,129 - INFO - fastread - 255, 1530
2019-02-04 16:23:05,190 - INFO - fastread - 256, 1540
2019-02-04 16:23:05,247 - INFO - fastread - 257, 1550
2019-02-04 16:23:05,302 - INFO - fastread - 260, 1560
2019-02-04 16:23:05,359 - INFO - fastread - 263, 1570
2019-02-04 16:23:05,414 - INFO - fastread - 266, 1580
2019-02-04 16:23:05,474 - INFO - fastread - 267, 1590
2019-02-04 16:23:05,538 - INFO - fastread - 268, 1600
2019-02-04 16:23:05,597 - INFO - fastread - 268, 1610
2019-02-04 16:23:05,652 - INFO - fastread - 270, 1620
2019-02-04 16:23:05,714 - INFO - fastread - 271, 1630
2019-02-04 16:23:05,769 - INFO - fastread - 272, 1640
2019-02-04 16:23:05,832 - INFO - fastread - 274, 1650
2019-02-04 16:23:05,883 - INFO - fastread - 275, 1660
2019-02-04 16:23:05,942 - INFO - fastread - 278, 1670
2019-02-04 16:23:06,002 - INFO - fastread - 280, 1680
2019-02-04 16:23:06,057 - INFO - fastread - 282, 1690
2019-02-04 16:23:06,117 - INFO - fastread - 283, 1700
2019-02-04 16:23:06,174 - INFO - fastread - 285, 1710
2019-02-04 16:23:06,232 - INFO - fastread - 287, 1720
2019-02-04 16:23:06,296 - INFO - fastread - 287, 1730
2019-02-04 16:23:06,350 - INFO - fastread - 287, 1740
2019-02-04 16:23:06,406 - INFO - fastread - 289, 1750
2019-02-04 16:23:06,461 - INFO - fastread - 291, 1760
2019-02-04 16:23:06,516 - INFO - fastread - 293, 1770
2019-02-04 16:23:06,599 - INFO - fastread - 295, 1780
2019-02-04 16:23:06,663 - INFO - fastread - 297, 1790
2019-02-04 16:23:06,725 - INFO - fastread - 301, 1800
2019-02-04 16:23:06,784 - INFO - fastread - 304, 1810
2019-02-04 16:23:06,849 - INFO - fastread - 305, 1820
2019-02-04 16:23:06,917 - INFO - fastread - 305, 1830
2019-02-04 16:23:06,979 - INFO - fastread - 306, 1840
2019-02-04 16:23:07,042 - INFO - fastread - 307, 1850
2019-02-04 16:23:07,108 - INFO - fastread - 308, 1860
2019-02-04 16:23:07,176 - INFO - fastread - 310, 1870
2019-02-04 16:23:07,233 - INFO - fastread - 311, 1880
2019-02-04 16:23:07,295 - INFO - fastread - 313, 1890
2019-02-04 16:23:07,344 - INFO - fastread - 315, 1900
2019-02-04 16:23:07,404 - INFO - fastread - 316, 1910
2019-02-04 16:23:07,452 - INFO - fastread - 317, 1920
2019-02-04 16:23:07,510 - INFO - fastread - 319, 1930
2019-02-04 16:23:07,564 - INFO - fastread - 322, 1940
2019-02-04 16:23:07,618 - INFO - fastread - 325, 1950
2019-02-04 16:23:07,669 - INFO - fastread - 327, 1960
2019-02-04 16:23:07,735 - INFO - fastread - 328, 1970
2019-02-04 16:23:07,784 - INFO - fastread - 330, 1980
2019-02-04 16:23:07,839 - INFO - fastread - 332, 1990
2019-02-04 16:23:07,895 - INFO - fastread - 334, 2000
2019-02-04 16:23:07,950 - INFO - fastread - 335, 2010
2019-02-04 16:23:08,001 - INFO - fastread - 336, 2020
2019-02-04 16:23:08,053 - INFO - fastread - 337, 2030
2019-02-04 16:23:08,109 - INFO - fastread - 338, 2040
2019-02-04 16:23:08,166 - INFO - fastread - 339, 2050
2019-02-04 16:23:08,221 - INFO - fastread - 340, 2060
2019-02-04 16:23:08,281 - INFO - fastread - 340, 2070
2019-02-04 16:23:08,345 - INFO - fastread - 342, 2080
2019-02-04 16:23:08,411 - INFO - fastread - 342, 2090
2019-02-04 16:23:08,467 - INFO - fastread - 343, 2100
2019-02-04 16:23:08,525 - INFO - fastread - 344, 2110
2019-02-04 16:23:08,542 - INFO - rig - ++++NEW CLF++++ NBM
2019-02-04 16:23:08,543 - INFO - fastread - Total Yes: 472 | Total No: 2496
2019-02-04 16:23:09,072 - INFO - fastread - 10, 10
2019-02-04 16:23:09,081 - INFO - fastread - 12, 20
2019-02-04 16:23:09,088 - INFO - fastread - 21, 30
2019-02-04 16:23:09,094 - INFO - fastread - 31, 40
2019-02-04 16:23:09,098 - INFO - fastread - 40, 50
2019-02-04 16:23:09,114 - INFO - fastread - 48, 60
2019-02-04 16:23:09,120 - INFO - fastread - 56, 70
2019-02-04 16:23:09,130 - INFO - fastread - 64, 80
2019-02-04 16:23:09,138 - INFO - fastread - 72, 90
2019-02-04 16:23:09,144 - INFO - fastread - 77, 100
2019-02-04 16:23:09,148 - INFO - fastread - 78, 110
2019-02-04 16:23:09,153 - INFO - fastread - 84, 120
2019-02-04 16:23:09,158 - INFO - fastread - 90, 130
2019-02-04 16:23:09,162 - INFO - fastread - 95, 140
2019-02-04 16:23:09,167 - INFO - fastread - 101, 150
2019-02-04 16:23:09,174 - INFO - fastread - 106, 160
2019-02-04 16:23:09,179 - INFO - fastread - 110, 170
2019-02-04 16:23:09,184 - INFO - fastread - 117, 180
2019-02-04 16:23:09,188 - INFO - fastread - 124, 190
2019-02-04 16:23:09,192 - INFO - fastread - 132, 200
2019-02-04 16:23:09,197 - INFO - fastread - 135, 210
2019-02-04 16:23:09,202 - INFO - fastread - 142, 220
2019-02-04 16:23:09,206 - INFO - fastread - 143, 230
2019-02-04 16:23:09,210 - INFO - fastread - 145, 240
2019-02-04 16:23:09,214 - INFO - fastread - 151, 250
2019-02-04 16:23:09,221 - INFO - fastread - 158, 260
2019-02-04 16:23:09,225 - INFO - fastread - 159, 270
2019-02-04 16:23:09,229 - INFO - fastread - 159, 280
2019-02-04 16:23:09,233 - INFO - fastread - 159, 290
2019-02-04 16:23:09,237 - INFO - fastread - 164, 300
2019-02-04 16:23:09,241 - INFO - fastread - 168, 310
2019-02-04 16:23:09,245 - INFO - fastread - 170, 320
2019-02-04 16:23:09,249 - INFO - fastread - 177, 330
2019-02-04 16:23:09,254 - INFO - fastread - 182, 340
2019-02-04 16:23:09,258 - INFO - fastread - 186, 350
2019-02-04 16:23:09,263 - INFO - fastread - 190, 360
2019-02-04 16:23:09,267 - INFO - fastread - 191, 370
2019-02-04 16:23:09,274 - INFO - fastread - 194, 380
2019-02-04 16:23:09,288 - INFO - fastread - 197, 390
2019-02-04 16:23:09,294 - INFO - fastread - 202, 400
2019-02-04 16:23:09,297 - INFO - fastread - 203, 410
2019-02-04 16:23:09,301 - INFO - fastread - 209, 420
2019-02-04 16:23:09,305 - INFO - fastread - 210, 430
2019-02-04 16:23:09,309 - INFO - fastread - 212, 440
2019-02-04 16:23:09,314 - INFO - fastread - 213, 450
2019-02-04 16:23:09,318 - INFO - fastread - 214, 460
2019-02-04 16:23:09,323 - INFO - fastread - 217, 470
2019-02-04 16:23:09,327 - INFO - fastread - 219, 480
2019-02-04 16:23:09,331 - INFO - fastread - 222, 490
2019-02-04 16:23:09,336 - INFO - fastread - 223, 500
2019-02-04 16:23:09,341 - INFO - fastread - 223, 510
2019-02-04 16:23:09,345 - INFO - fastread - 226, 520
2019-02-04 16:23:09,350 - INFO - fastread - 228, 530
2019-02-04 16:23:09,355 - INFO - fastread - 231, 540
2019-02-04 16:23:09,359 - INFO - fastread - 233, 550
2019-02-04 16:23:09,363 - INFO - fastread - 236, 560
2019-02-04 16:23:09,367 - INFO - fastread - 237, 570
2019-02-04 16:23:09,371 - INFO - fastread - 240, 580
2019-02-04 16:23:09,375 - INFO - fastread - 241, 590
2019-02-04 16:23:09,379 - INFO - fastread - 242, 600
2019-02-04 16:23:09,383 - INFO - fastread - 242, 610
2019-02-04 16:23:09,387 - INFO - fastread - 242, 620
2019-02-04 16:23:09,391 - INFO - fastread - 242, 630
2019-02-04 16:23:09,395 - INFO - fastread - 243, 640
2019-02-04 16:23:09,399 - INFO - fastread - 245, 650
2019-02-04 16:23:09,404 - INFO - fastread - 246, 660
2019-02-04 16:23:09,408 - INFO - fastread - 248, 670
2019-02-04 16:23:09,413 - INFO - fastread - 249, 680
2019-02-04 16:23:09,417 - INFO - fastread - 251, 690
2019-02-04 16:23:09,421 - INFO - fastread - 253, 700
2019-02-04 16:23:09,429 - INFO - fastread - 253, 710
2019-02-04 16:23:09,434 - INFO - fastread - 256, 720
2019-02-04 16:23:09,438 - INFO - fastread - 257, 730
2019-02-04 16:23:09,442 - INFO - fastread - 259, 740
2019-02-04 16:23:09,446 - INFO - fastread - 261, 750
2019-02-04 16:23:09,458 - INFO - fastread - 263, 760
2019-02-04 16:23:09,465 - INFO - fastread - 268, 770
2019-02-04 16:23:09,479 - INFO - fastread - 269, 780
2019-02-04 16:23:09,483 - INFO - fastread - 270, 790
2019-02-04 16:23:09,487 - INFO - fastread - 270, 800
2019-02-04 16:23:09,493 - INFO - fastread - 272, 810
2019-02-04 16:23:09,498 - INFO - fastread - 272, 820
2019-02-04 16:23:09,502 - INFO - fastread - 272, 830
2019-02-04 16:23:09,507 - INFO - fastread - 275, 840
2019-02-04 16:23:09,518 - INFO - fastread - 277, 850
2019-02-04 16:23:09,526 - INFO - fastread - 280, 860
2019-02-04 16:23:09,531 - INFO - fastread - 282, 870
2019-02-04 16:23:09,536 - INFO - fastread - 287, 880
2019-02-04 16:23:09,542 - INFO - fastread - 289, 890
2019-02-04 16:23:09,548 - INFO - fastread - 290, 900
2019-02-04 16:23:09,553 - INFO - fastread - 291, 910
2019-02-04 16:23:09,557 - INFO - fastread - 292, 920
2019-02-04 16:23:09,561 - INFO - fastread - 293, 930
2019-02-04 16:23:09,566 - INFO - fastread - 294, 940
2019-02-04 16:23:09,570 - INFO - fastread - 294, 950
2019-02-04 16:23:09,575 - INFO - fastread - 297, 960
2019-02-04 16:23:09,579 - INFO - fastread - 297, 970
2019-02-04 16:23:09,583 - INFO - fastread - 300, 980
2019-02-04 16:23:09,588 - INFO - fastread - 300, 990
2019-02-04 16:23:09,593 - INFO - fastread - 301, 1000
2019-02-04 16:23:09,597 - INFO - fastread - 304, 1010
2019-02-04 16:23:09,604 - INFO - fastread - 307, 1020
2019-02-04 16:23:09,609 - INFO - fastread - 308, 1030
2019-02-04 16:23:09,614 - INFO - fastread - 309, 1040
2019-02-04 16:23:09,626 - INFO - fastread - 309, 1050
2019-02-04 16:23:09,631 - INFO - fastread - 313, 1060
2019-02-04 16:23:09,636 - INFO - fastread - 313, 1070
2019-02-04 16:23:09,641 - INFO - fastread - 315, 1080
2019-02-04 16:23:09,645 - INFO - fastread - 315, 1090
2019-02-04 16:23:09,650 - INFO - fastread - 319, 1100
2019-02-04 16:23:09,654 - INFO - fastread - 320, 1110
2019-02-04 16:23:09,659 - INFO - fastread - 320, 1120
2019-02-04 16:23:09,664 - INFO - fastread - 323, 1130
2019-02-04 16:23:09,667 - INFO - fastread - 324, 1140
2019-02-04 16:23:09,673 - INFO - fastread - 325, 1150
2019-02-04 16:23:09,680 - INFO - fastread - 327, 1160
2019-02-04 16:23:09,686 - INFO - fastread - 329, 1170
2019-02-04 16:23:09,692 - INFO - fastread - 332, 1180
2019-02-04 16:23:09,697 - INFO - fastread - 335, 1190
2019-02-04 16:23:09,702 - INFO - fastread - 343, 1200
2019-02-04 16:23:09,705 - INFO - fastread - 343, 1210
2019-02-04 16:23:09,710 - INFO - fastread - 345, 1220
2019-02-04 16:23:09,716 - INFO - fastread - 349, 1230
2019-02-04 16:23:09,721 - INFO - fastread - 349, 1240
2019-02-04 16:23:09,726 - INFO - fastread - 349, 1250
2019-02-04 16:23:09,731 - INFO - fastread - 349, 1260
2019-02-04 16:23:09,736 - INFO - fastread - 349, 1270
2019-02-04 16:23:09,743 - INFO - fastread - 349, 1280
2019-02-04 16:23:09,748 - INFO - fastread - 352, 1290
2019-02-04 16:23:09,753 - INFO - fastread - 352, 1300
2019-02-04 16:23:09,758 - INFO - fastread - 353, 1310
2019-02-04 16:23:09,763 - INFO - fastread - 355, 1320
2019-02-04 16:23:09,767 - INFO - fastread - 357, 1330
2019-02-04 16:23:09,772 - INFO - fastread - 361, 1340
2019-02-04 16:23:09,777 - INFO - fastread - 361, 1350
2019-02-04 16:23:09,781 - INFO - fastread - 361, 1360
2019-02-04 16:23:09,788 - INFO - fastread - 361, 1370
2019-02-04 16:23:09,797 - INFO - fastread - 362, 1380
2019-02-04 16:23:09,802 - INFO - fastread - 362, 1390
2019-02-04 16:23:09,806 - INFO - fastread - 362, 1400
2019-02-04 16:23:09,811 - INFO - fastread - 362, 1410
2019-02-04 16:23:09,815 - INFO - fastread - 364, 1420
2019-02-04 16:23:09,820 - INFO - fastread - 364, 1430
2019-02-04 16:23:09,827 - INFO - fastread - 366, 1440
2019-02-04 16:23:09,832 - INFO - fastread - 366, 1450
2019-02-04 16:23:09,838 - INFO - fastread - 368, 1460
2019-02-04 16:23:09,843 - INFO - fastread - 371, 1470
2019-02-04 16:23:09,848 - INFO - fastread - 375, 1480
2019-02-04 16:23:09,855 - INFO - fastread - 377, 1490
2019-02-04 16:23:09,860 - INFO - fastread - 377, 1500
2019-02-04 16:23:09,867 - INFO - fastread - 379, 1510
2019-02-04 16:23:09,872 - INFO - fastread - 379, 1520
2019-02-04 16:23:09,876 - INFO - fastread - 380, 1530
2019-02-04 16:23:09,881 - INFO - fastread - 382, 1540
2019-02-04 16:23:09,886 - INFO - fastread - 382, 1550
2019-02-04 16:23:09,890 - INFO - fastread - 383, 1560
2019-02-04 16:23:09,896 - INFO - fastread - 385, 1570
2019-02-04 16:23:09,901 - INFO - fastread - 385, 1580
2019-02-04 16:23:09,906 - INFO - fastread - 386, 1590
2019-02-04 16:23:09,911 - INFO - fastread - 388, 1600
2019-02-04 16:23:09,915 - INFO - fastread - 388, 1610
2019-02-04 16:23:09,920 - INFO - fastread - 390, 1620
2019-02-04 16:23:09,924 - INFO - fastread - 392, 1630
2019-02-04 16:23:09,930 - INFO - fastread - 393, 1640
2019-02-04 16:23:09,935 - INFO - fastread - 393, 1650
2019-02-04 16:23:09,940 - INFO - fastread - 393, 1660
2019-02-04 16:23:09,945 - INFO - fastread - 395, 1670
2019-02-04 16:23:09,951 - INFO - fastread - 397, 1680
2019-02-04 16:23:09,956 - INFO - fastread - 399, 1690
2019-02-04 16:23:09,961 - INFO - fastread - 402, 1700
2019-02-04 16:23:09,966 - INFO - fastread - 404, 1710
2019-02-04 16:23:09,971 - INFO - fastread - 406, 1720
2019-02-04 16:23:09,976 - INFO - fastread - 406, 1730
2019-02-04 16:23:09,981 - INFO - fastread - 406, 1740
2019-02-04 16:23:09,986 - INFO - fastread - 406, 1750
2019-02-04 16:23:09,991 - INFO - fastread - 407, 1760
2019-02-04 16:23:09,995 - INFO - fastread - 408, 1770
2019-02-04 16:23:10,001 - INFO - fastread - 408, 1780
2019-02-04 16:23:10,008 - INFO - fastread - 409, 1790
2019-02-04 16:23:10,014 - INFO - fastread - 412, 1800
2019-02-04 16:23:10,020 - INFO - fastread - 412, 1810
2019-02-04 16:23:10,026 - INFO - fastread - 412, 1820
2019-02-04 16:23:10,032 - INFO - fastread - 412, 1830
2019-02-04 16:23:10,037 - INFO - fastread - 412, 1840
2019-02-04 16:23:10,041 - INFO - fastread - 413, 1850
2019-02-04 16:23:10,046 - INFO - fastread - 413, 1860
2019-02-04 16:23:10,051 - INFO - fastread - 414, 1870
2019-02-04 16:23:10,061 - INFO - fastread - 416, 1880
2019-02-04 16:23:10,069 - INFO - fastread - 416, 1890
2019-02-04 16:23:10,079 - INFO - fastread - 418, 1900
2019-02-04 16:23:10,084 - INFO - fastread - 419, 1910
2019-02-04 16:23:10,089 - INFO - fastread - 419, 1920
2019-02-04 16:23:10,100 - INFO - fastread - 419, 1930
2019-02-04 16:23:10,105 - INFO - fastread - 419, 1940
2019-02-04 16:23:10,110 - INFO - fastread - 422, 1950
2019-02-04 16:23:10,114 - INFO - fastread - 422, 1960
2019-02-04 16:23:10,119 - INFO - fastread - 423, 1970
2019-02-04 16:23:10,125 - INFO - fastread - 427, 1980
2019-02-04 16:23:10,131 - INFO - fastread - 428, 1990
2019-02-04 16:23:10,142 - INFO - fastread - 428, 2000
2019-02-04 16:23:10,147 - INFO - fastread - 428, 2010
2019-02-04 16:23:10,154 - INFO - fastread - 429, 2020
2019-02-04 16:23:10,161 - INFO - fastread - 429, 2030
2019-02-04 16:23:10,166 - INFO - fastread - 430, 2040
2019-02-04 16:23:10,172 - INFO - fastread - 430, 2050
2019-02-04 16:23:10,178 - INFO - fastread - 430, 2060
2019-02-04 16:23:10,183 - INFO - fastread - 430, 2070
2019-02-04 16:23:10,189 - INFO - fastread - 430, 2080
2019-02-04 16:23:10,195 - INFO - fastread - 431, 2090
2019-02-04 16:23:10,201 - INFO - fastread - 431, 2100
2019-02-04 16:23:10,208 - INFO - fastread - 431, 2110
2019-02-04 16:23:10,215 - INFO - fastread - 434, 2120
2019-02-04 16:23:10,220 - INFO - fastread - 435, 2130
2019-02-04 16:23:10,224 - INFO - fastread - 435, 2140
2019-02-04 16:23:10,229 - INFO - fastread - 437, 2150
2019-02-04 16:23:10,235 - INFO - fastread - 437, 2160
2019-02-04 16:23:10,240 - INFO - fastread - 437, 2170
2019-02-04 16:23:10,245 - INFO - fastread - 438, 2180
2019-02-04 16:23:10,250 - INFO - fastread - 438, 2190
2019-02-04 16:23:10,257 - INFO - fastread - 438, 2200
2019-02-04 16:23:10,263 - INFO - fastread - 438, 2210
2019-02-04 16:23:10,268 - INFO - fastread - 439, 2220
2019-02-04 16:23:10,273 - INFO - fastread - 441, 2230
2019-02-04 16:23:10,278 - INFO - fastread - 442, 2240
2019-02-04 16:23:10,288 - INFO - fastread - 443, 2250
2019-02-04 16:23:10,294 - INFO - fastread - 444, 2260
2019-02-04 16:23:10,302 - INFO - fastread - 445, 2270
2019-02-04 16:23:10,307 - INFO - fastread - 445, 2280
2019-02-04 16:23:10,312 - INFO - fastread - 445, 2290
2019-02-04 16:23:10,317 - INFO - fastread - 446, 2300
2019-02-04 16:23:10,322 - INFO - fastread - 448, 2310
2019-02-04 16:23:10,328 - INFO - fastread - 449, 2320
2019-02-04 16:23:10,336 - INFO - fastread - 449, 2330
2019-02-04 16:23:10,341 - INFO - fastread - 449, 2340
2019-02-04 16:23:10,347 - INFO - fastread - 450, 2350
2019-02-04 16:23:10,352 - INFO - fastread - 451, 2360
2019-02-04 16:23:10,358 - INFO - fastread - 452, 2370
2019-02-04 16:23:10,365 - INFO - fastread - 452, 2380
2019-02-04 16:23:10,371 - INFO - fastread - 452, 2390
2019-02-04 16:23:10,377 - INFO - fastread - 452, 2400
2019-02-04 16:23:10,383 - INFO - fastread - 452, 2410
2019-02-04 16:23:10,389 - INFO - fastread - 452, 2420
2019-02-04 16:23:10,401 - INFO - fastread - 452, 2430
2019-02-04 16:23:10,407 - INFO - fastread - 452, 2440
2019-02-04 16:23:10,413 - INFO - fastread - 452, 2450
2019-02-04 16:23:10,419 - INFO - fastread - 452, 2460
2019-02-04 16:23:10,424 - INFO - fastread - 455, 2470
2019-02-04 16:23:10,430 - INFO - fastread - 455, 2480
2019-02-04 16:23:10,435 - INFO - fastread - 455, 2490
2019-02-04 16:23:10,440 - INFO - fastread - 455, 2500
2019-02-04 16:23:10,445 - INFO - fastread - 456, 2510
2019-02-04 16:23:10,450 - INFO - fastread - 456, 2520
2019-02-04 16:23:10,453 - INFO - fastread - 458, 2530
2019-02-04 16:23:10,459 - INFO - fastread - 458, 2540
2019-02-04 16:23:10,468 - INFO - fastread - 458, 2550
2019-02-04 16:23:10,476 - INFO - fastread - 458, 2560
2019-02-04 16:23:10,481 - INFO - fastread - 458, 2570
2019-02-04 16:23:10,491 - INFO - fastread - 458, 2580
2019-02-04 16:23:10,497 - INFO - fastread - 459, 2590
2019-02-04 16:23:10,504 - INFO - fastread - 459, 2600
2019-02-04 16:23:10,513 - INFO - fastread - 459, 2610
2019-02-04 16:23:10,519 - INFO - fastread - 459, 2620
2019-02-04 16:23:10,525 - INFO - fastread - 459, 2630
2019-02-04 16:23:10,532 - INFO - fastread - 459, 2640
2019-02-04 16:23:10,537 - INFO - fastread - 459, 2650
2019-02-04 16:23:10,545 - INFO - fastread - 460, 2660
2019-02-04 16:23:10,550 - INFO - fastread - 460, 2670
2019-02-04 16:23:10,558 - INFO - fastread - 460, 2680
2019-02-04 16:23:10,563 - INFO - fastread - 460, 2690
2019-02-04 16:23:10,567 - INFO - fastread - 461, 2700
2019-02-04 16:23:10,575 - INFO - fastread - 462, 2710
2019-02-04 16:23:10,582 - INFO - fastread - 462, 2720
2019-02-04 16:23:10,590 - INFO - fastread - 462, 2730
2019-02-04 16:23:10,596 - INFO - fastread - 462, 2740
2019-02-04 16:23:10,603 - INFO - fastread - 462, 2750
2019-02-04 16:23:10,609 - INFO - fastread - 462, 2760
2019-02-04 16:23:10,617 - INFO - fastread - 462, 2770
2019-02-04 16:23:10,623 - INFO - fastread - 462, 2780
2019-02-04 16:23:10,630 - INFO - fastread - 462, 2790
2019-02-04 16:23:10,638 - INFO - fastread - 462, 2800
2019-02-04 16:23:10,644 - INFO - fastread - 462, 2810
2019-02-04 16:23:10,652 - INFO - fastread - 462, 2820
2019-02-04 16:23:10,659 - INFO - fastread - 464, 2830
2019-02-04 16:23:10,668 - INFO - fastread - 465, 2840
2019-02-04 16:23:10,673 - INFO - fastread - 465, 2850
2019-02-04 16:23:10,681 - INFO - fastread - 466, 2860
2019-02-04 16:23:10,695 - INFO - fastread - 466, 2870
2019-02-04 16:23:10,701 - INFO - fastread - 466, 2880
2019-02-04 16:23:10,710 - INFO - fastread - 466, 2890
2019-02-04 16:23:10,718 - INFO - fastread - 466, 2900
2019-02-04 16:23:10,723 - INFO - fastread - 466, 2910
2019-02-04 16:23:10,732 - INFO - fastread - 466, 2920
2019-02-04 16:23:10,743 - INFO - fastread - 467, 2930
2019-02-04 16:23:10,748 - INFO - fastread - 470, 2940
2019-02-04 16:23:10,754 - INFO - fastread - 472, 2950
2019-02-04 16:23:10,759 - INFO - fastread - 472, 2960
2019-02-04 16:23:10,787 - INFO - rig - ++++NEW CLF++++ KNN
2019-02-04 16:23:10,789 - INFO - fastread - Total Yes: 472 | Total No: 2496
2019-02-04 16:24:20,913 - INFO - fastread - 8, 10
2019-02-04 16:24:20,922 - INFO - fastread - 15, 20
2019-02-04 16:24:20,926 - INFO - fastread - 22, 30
2019-02-04 16:24:20,930 - INFO - fastread - 30, 40
2019-02-04 16:24:20,934 - INFO - fastread - 39, 50
2019-02-04 16:24:20,939 - INFO - fastread - 45, 60
2019-02-04 16:24:20,943 - INFO - fastread - 47, 70
2019-02-04 16:24:20,947 - INFO - fastread - 52, 80
2019-02-04 16:24:20,952 - INFO - fastread - 56, 90
2019-02-04 16:24:20,956 - INFO - fastread - 58, 100
2019-02-04 16:24:20,961 - INFO - fastread - 63, 110
2019-02-04 16:24:20,966 - INFO - fastread - 67, 120
2019-02-04 16:24:20,971 - INFO - fastread - 69, 130
2019-02-04 16:24:20,975 - INFO - fastread - 72, 140
2019-02-04 16:24:20,985 - INFO - fastread - 74, 150
2019-02-04 16:24:20,994 - INFO - fastread - 76, 160
2019-02-04 16:24:21,000 - INFO - fastread - 77, 170
2019-02-04 16:24:21,004 - INFO - fastread - 77, 180
2019-02-04 16:24:21,009 - INFO - fastread - 78, 190
2019-02-04 16:24:21,014 - INFO - fastread - 78, 200
2019-02-04 16:24:21,019 - INFO - fastread - 80, 210
2019-02-04 16:24:21,028 - INFO - fastread - 81, 220
2019-02-04 16:24:21,036 - INFO - fastread - 82, 230
2019-02-04 16:24:21,041 - INFO - fastread - 87, 240
2019-02-04 16:24:21,045 - INFO - fastread - 87, 250
2019-02-04 16:24:21,049 - INFO - fastread - 88, 260
2019-02-04 16:24:21,061 - INFO - fastread - 93, 270
2019-02-04 16:24:21,077 - INFO - fastread - 93, 280
2019-02-04 16:24:21,122 - INFO - fastread - 98, 290
2019-02-04 16:24:21,133 - INFO - fastread - 101, 300
2019-02-04 16:24:21,144 - INFO - fastread - 102, 310
2019-02-04 16:24:21,153 - INFO - fastread - 102, 320
2019-02-04 16:24:21,159 - INFO - fastread - 102, 330
2019-02-04 16:24:21,167 - INFO - fastread - 103, 340
2019-02-04 16:24:21,172 - INFO - fastread - 103, 350
2019-02-04 16:24:21,178 - INFO - fastread - 104, 360
2019-02-04 16:24:21,189 - INFO - fastread - 105, 370
2019-02-04 16:24:21,201 - INFO - fastread - 105, 380
2019-02-04 16:24:21,206 - INFO - fastread - 106, 390
2019-02-04 16:24:21,211 - INFO - fastread - 109, 400
2019-02-04 16:24:21,223 - INFO - fastread - 110, 410
2019-02-04 16:24:21,239 - INFO - fastread - 111, 420
2019-02-04 16:24:21,245 - INFO - fastread - 113, 430
2019-02-04 16:24:21,250 - INFO - fastread - 113, 440
2019-02-04 16:24:21,255 - INFO - fastread - 113, 450
2019-02-04 16:24:21,259 - INFO - fastread - 113, 460
2019-02-04 16:24:21,289 - INFO - fastread - 116, 470
2019-02-04 16:24:21,295 - INFO - fastread - 116, 480
2019-02-04 16:24:21,319 - INFO - fastread - 120, 490
2019-02-04 16:24:21,330 - INFO - fastread - 122, 500
2019-02-04 16:24:21,337 - INFO - fastread - 122, 510
2019-02-04 16:24:21,341 - INFO - fastread - 122, 520
2019-02-04 16:24:21,348 - INFO - fastread - 125, 530
2019-02-04 16:24:21,369 - INFO - fastread - 127, 540
2019-02-04 16:24:21,380 - INFO - fastread - 130, 550
2019-02-04 16:24:21,385 - INFO - fastread - 132, 560
2019-02-04 16:24:21,390 - INFO - fastread - 135, 570
2019-02-04 16:24:21,395 - INFO - fastread - 137, 580
2019-02-04 16:24:21,400 - INFO - fastread - 137, 590
2019-02-04 16:24:21,423 - INFO - fastread - 139, 600
2019-02-04 16:24:21,426 - INFO - fastread - 141, 610
2019-02-04 16:24:21,432 - INFO - fastread - 142, 620
2019-02-04 16:24:21,436 - INFO - fastread - 143, 630
2019-02-04 16:24:21,440 - INFO - fastread - 143, 640
2019-02-04 16:24:21,444 - INFO - fastread - 144, 650
2019-02-04 16:24:21,450 - INFO - fastread - 148, 660
2019-02-04 16:24:21,454 - INFO - fastread - 150, 670
2019-02-04 16:24:21,471 - INFO - fastread - 151, 680
2019-02-04 16:24:21,475 - INFO - fastread - 153, 690
2019-02-04 16:24:21,484 - INFO - fastread - 155, 700
2019-02-04 16:24:21,490 - INFO - fastread - 157, 710
2019-02-04 16:24:21,522 - INFO - fastread - 157, 720
2019-02-04 16:24:21,526 - INFO - fastread - 159, 730
2019-02-04 16:24:21,531 - INFO - fastread - 161, 740
2019-02-04 16:24:21,543 - INFO - fastread - 163, 750
2019-02-04 16:24:21,547 - INFO - fastread - 164, 760
2019-02-04 16:24:21,552 - INFO - fastread - 165, 770
2019-02-04 16:24:21,557 - INFO - fastread - 166, 780
2019-02-04 16:24:21,565 - INFO - fastread - 167, 790
2019-02-04 16:24:21,569 - INFO - fastread - 167, 800
2019-02-04 16:24:21,581 - INFO - fastread - 169, 810
2019-02-04 16:24:21,586 - INFO - fastread - 172, 820
2019-02-04 16:24:21,591 - INFO - fastread - 172, 830
2019-02-04 16:24:21,596 - INFO - fastread - 175, 840
2019-02-04 16:24:21,601 - INFO - fastread - 176, 850
2019-02-04 16:24:21,606 - INFO - fastread - 177, 860
2019-02-04 16:24:21,616 - INFO - fastread - 177, 870
2019-02-04 16:24:21,620 - INFO - fastread - 180, 880
2019-02-04 16:24:21,625 - INFO - fastread - 180, 890
2019-02-04 16:24:21,633 - INFO - fastread - 181, 900
2019-02-04 16:24:21,646 - INFO - fastread - 182, 910
2019-02-04 16:24:21,651 - INFO - fastread - 182, 920
2019-02-04 16:24:21,656 - INFO - fastread - 182, 930
2019-02-04 16:24:21,665 - INFO - fastread - 183, 940
2019-02-04 16:24:21,670 - INFO - fastread - 184, 950
2019-02-04 16:24:21,683 - INFO - fastread - 187, 960
2019-02-04 16:24:21,688 - INFO - fastread - 187, 970
2019-02-04 16:24:21,694 - INFO - fastread - 188, 980
2019-02-04 16:24:21,700 - INFO - fastread - 189, 990
2019-02-04 16:24:21,708 - INFO - fastread - 190, 1000
2019-02-04 16:24:21,714 - INFO - fastread - 190, 1010
2019-02-04 16:24:21,719 - INFO - fastread - 192, 1020
2019-02-04 16:24:21,724 - INFO - fastread - 195, 1030
2019-02-04 16:24:21,728 - INFO - fastread - 195, 1040
2019-02-04 16:24:21,733 - INFO - fastread - 197, 1050
2019-02-04 16:24:21,738 - INFO - fastread - 200, 1060
2019-02-04 16:24:21,744 - INFO - fastread - 202, 1070
2019-02-04 16:24:21,750 - INFO - fastread - 203, 1080
2019-02-04 16:24:21,755 - INFO - fastread - 205, 1090
2019-02-04 16:24:21,763 - INFO - fastread - 205, 1100
2019-02-04 16:24:21,768 - INFO - fastread - 207, 1110
2019-02-04 16:24:21,774 - INFO - fastread - 207, 1120
2019-02-04 16:24:21,780 - INFO - fastread - 207, 1130
2019-02-04 16:24:21,785 - INFO - fastread - 209, 1140
2019-02-04 16:24:21,789 - INFO - fastread - 212, 1150
2019-02-04 16:24:21,795 - INFO - fastread - 213, 1160
2019-02-04 16:24:21,800 - INFO - fastread - 215, 1170
2019-02-04 16:24:21,804 - INFO - fastread - 216, 1180
2019-02-04 16:24:21,808 - INFO - fastread - 217, 1190
2019-02-04 16:24:21,813 - INFO - fastread - 221, 1200
2019-02-04 16:24:21,817 - INFO - fastread - 222, 1210
2019-02-04 16:24:21,823 - INFO - fastread - 225, 1220
2019-02-04 16:24:21,828 - INFO - fastread - 228, 1230
2019-02-04 16:24:21,832 - INFO - fastread - 229, 1240
2019-02-04 16:24:21,836 - INFO - fastread - 230, 1250
2019-02-04 16:24:21,840 - INFO - fastread - 231, 1260
2019-02-04 16:24:21,844 - INFO - fastread - 233, 1270
2019-02-04 16:24:21,848 - INFO - fastread - 236, 1280
2019-02-04 16:24:21,851 - INFO - fastread - 238, 1290
2019-02-04 16:24:21,855 - INFO - fastread - 241, 1300
2019-02-04 16:24:21,859 - INFO - fastread - 243, 1310
2019-02-04 16:24:21,863 - INFO - fastread - 245, 1320
2019-02-04 16:24:21,868 - INFO - fastread - 245, 1330
2019-02-04 16:24:21,872 - INFO - fastread - 245, 1340
2019-02-04 16:24:21,877 - INFO - fastread - 246, 1350
2019-02-04 16:24:21,881 - INFO - fastread - 248, 1360
2019-02-04 16:24:21,886 - INFO - fastread - 250, 1370
2019-02-04 16:24:21,891 - INFO - fastread - 251, 1380
2019-02-04 16:24:21,895 - INFO - fastread - 252, 1390
2019-02-04 16:24:21,898 - INFO - fastread - 252, 1400
2019-02-04 16:24:21,902 - INFO - fastread - 252, 1410
2019-02-04 16:24:21,906 - INFO - fastread - 256, 1420
2019-02-04 16:24:21,910 - INFO - fastread - 260, 1430
2019-02-04 16:24:21,913 - INFO - fastread - 263, 1440
2019-02-04 16:24:21,916 - INFO - fastread - 265, 1450
2019-02-04 16:24:21,919 - INFO - fastread - 265, 1460
2019-02-04 16:24:21,922 - INFO - fastread - 267, 1470
2019-02-04 16:24:21,927 - INFO - fastread - 269, 1480
2019-02-04 16:24:21,931 - INFO - fastread - 270, 1490
2019-02-04 16:24:21,935 - INFO - fastread - 274, 1500
2019-02-04 16:24:21,939 - INFO - fastread - 274, 1510
2019-02-04 16:24:21,944 - INFO - fastread - 276, 1520
2019-02-04 16:24:21,948 - INFO - fastread - 276, 1530
2019-02-04 16:24:21,952 - INFO - fastread - 278, 1540
2019-02-04 16:24:21,956 - INFO - fastread - 282, 1550
2019-02-04 16:24:21,958 - INFO - fastread - 284, 1560
2019-02-04 16:24:21,961 - INFO - fastread - 286, 1570
2019-02-04 16:24:21,966 - INFO - fastread - 286, 1580
2019-02-04 16:24:21,969 - INFO - fastread - 286, 1590
2019-02-04 16:24:21,972 - INFO - fastread - 286, 1600
2019-02-04 16:24:21,976 - INFO - fastread - 288, 1610
2019-02-04 16:24:21,981 - INFO - fastread - 288, 1620
2019-02-04 16:24:21,985 - INFO - fastread - 289, 1630
2019-02-04 16:24:21,990 - INFO - fastread - 290, 1640
2019-02-04 16:24:21,994 - INFO - fastread - 290, 1650
2019-02-04 16:24:21,999 - INFO - fastread - 291, 1660
2019-02-04 16:24:22,003 - INFO - fastread - 291, 1670
2019-02-04 16:24:22,008 - INFO - fastread - 292, 1680
2019-02-04 16:24:22,012 - INFO - fastread - 294, 1690
2019-02-04 16:24:22,017 - INFO - fastread - 294, 1700
2019-02-04 16:24:22,022 - INFO - fastread - 295, 1710
2019-02-04 16:24:22,026 - INFO - fastread - 296, 1720
2019-02-04 16:24:22,031 - INFO - fastread - 298, 1730
2019-02-04 16:24:22,033 - INFO - fastread - 300, 1740
2019-02-04 16:24:22,036 - INFO - fastread - 300, 1750
2019-02-04 16:24:22,039 - INFO - fastread - 302, 1760
2019-02-04 16:24:22,043 - INFO - fastread - 302, 1770
2019-02-04 16:24:22,048 - INFO - fastread - 303, 1780
2019-02-04 16:24:22,053 - INFO - fastread - 303, 1790
2019-02-04 16:24:22,057 - INFO - fastread - 305, 1800
2019-02-04 16:24:22,062 - INFO - fastread - 306, 1810
2019-02-04 16:24:22,066 - INFO - fastread - 308, 1820
2019-02-04 16:24:22,072 - INFO - fastread - 310, 1830
2019-02-04 16:24:22,078 - INFO - fastread - 314, 1840
2019-02-04 16:24:22,081 - INFO - fastread - 316, 1850
2019-02-04 16:24:22,086 - INFO - fastread - 319, 1860
2019-02-04 16:24:22,089 - INFO - fastread - 321, 1870
2019-02-04 16:24:22,092 - INFO - fastread - 322, 1880
2019-02-04 16:24:22,097 - INFO - fastread - 323, 1890
2019-02-04 16:24:22,099 - INFO - fastread - 323, 1900
2019-02-04 16:24:22,104 - INFO - fastread - 325, 1910
2019-02-04 16:24:22,108 - INFO - fastread - 329, 1920
2019-02-04 16:24:22,112 - INFO - fastread - 330, 1930
2019-02-04 16:24:22,115 - INFO - fastread - 332, 1940
2019-02-04 16:24:22,120 - INFO - fastread - 332, 1950
2019-02-04 16:24:22,124 - INFO - fastread - 334, 1960
2019-02-04 16:24:22,128 - INFO - fastread - 336, 1970
2019-02-04 16:24:22,132 - INFO - fastread - 336, 1980
2019-02-04 16:24:22,137 - INFO - fastread - 337, 1990
2019-02-04 16:24:22,141 - INFO - fastread - 337, 2000
2019-02-04 16:24:22,146 - INFO - fastread - 339, 2010
2019-02-04 16:24:22,150 - INFO - fastread - 341, 2020
2019-02-04 16:24:22,154 - INFO - fastread - 343, 2030
2019-02-04 16:24:22,158 - INFO - fastread - 347, 2040
2019-02-04 16:24:22,163 - INFO - fastread - 347, 2050
2019-02-04 16:24:22,167 - INFO - fastread - 350, 2060
2019-02-04 16:24:22,172 - INFO - fastread - 353, 2070
2019-02-04 16:24:22,177 - INFO - fastread - 356, 2080
2019-02-04 16:24:22,179 - INFO - fastread - 357, 2090
2019-02-04 16:24:22,183 - INFO - fastread - 357, 2100
2019-02-04 16:24:22,187 - INFO - fastread - 358, 2110
2019-02-04 16:24:22,191 - INFO - fastread - 359, 2120
2019-02-04 16:24:22,195 - INFO - fastread - 362, 2130
2019-02-04 16:24:22,199 - INFO - fastread - 364, 2140
2019-02-04 16:24:22,202 - INFO - fastread - 365, 2150
2019-02-04 16:24:22,206 - INFO - fastread - 365, 2160
2019-02-04 16:24:22,210 - INFO - fastread - 367, 2170
2019-02-04 16:24:22,216 - INFO - fastread - 368, 2180
2019-02-04 16:24:22,220 - INFO - fastread - 369, 2190
2019-02-04 16:24:22,224 - INFO - fastread - 372, 2200
2019-02-04 16:24:22,227 - INFO - fastread - 372, 2210
2019-02-04 16:24:22,232 - INFO - fastread - 375, 2220
2019-02-04 16:24:22,236 - INFO - fastread - 377, 2230
2019-02-04 16:24:22,240 - INFO - fastread - 380, 2240
2019-02-04 16:24:22,244 - INFO - fastread - 380, 2250
2019-02-04 16:24:22,248 - INFO - fastread - 381, 2260
2019-02-04 16:24:22,251 - INFO - fastread - 383, 2270
2019-02-04 16:24:22,255 - INFO - fastread - 385, 2280
2019-02-04 16:24:22,260 - INFO - fastread - 387, 2290
2019-02-04 16:24:22,265 - INFO - fastread - 388, 2300
2019-02-04 16:24:22,270 - INFO - fastread - 388, 2310
2019-02-04 16:24:22,275 - INFO - fastread - 390, 2320
2019-02-04 16:24:22,280 - INFO - fastread - 391, 2330
2019-02-04 16:24:22,286 - INFO - fastread - 392, 2340
2019-02-04 16:24:22,290 - INFO - fastread - 395, 2350
2019-02-04 16:24:22,295 - INFO - fastread - 396, 2360
2019-02-04 16:24:22,299 - INFO - fastread - 397, 2370
2019-02-04 16:24:22,304 - INFO - fastread - 398, 2380
2019-02-04 16:24:22,309 - INFO - fastread - 399, 2390
2019-02-04 16:24:22,314 - INFO - fastread - 399, 2400
2019-02-04 16:24:22,319 - INFO - fastread - 401, 2410
2019-02-04 16:24:22,323 - INFO - fastread - 403, 2420
2019-02-04 16:24:22,328 - INFO - fastread - 404, 2430
2019-02-04 16:24:22,331 - INFO - fastread - 408, 2440
2019-02-04 16:24:22,336 - INFO - fastread - 408, 2450
2019-02-04 16:24:22,340 - INFO - fastread - 410, 2460
2019-02-04 16:24:22,344 - INFO - fastread - 410, 2470
2019-02-04 16:24:22,348 - INFO - fastread - 410, 2480
2019-02-04 16:24:22,353 - INFO - fastread - 412, 2490
2019-02-04 16:24:22,358 - INFO - fastread - 413, 2500
2019-02-04 16:24:22,362 - INFO - fastread - 414, 2510
2019-02-04 16:24:22,366 - INFO - fastread - 417, 2520
2019-02-04 16:24:22,371 - INFO - fastread - 419, 2530
2019-02-04 16:24:22,374 - INFO - fastread - 419, 2540
2019-02-04 16:24:22,378 - INFO - fastread - 419, 2550
2019-02-04 16:24:22,382 - INFO - fastread - 419, 2560
2019-02-04 16:24:22,387 - INFO - fastread - 421, 2570
2019-02-04 16:24:22,391 - INFO - fastread - 422, 2580
2019-02-04 16:24:22,396 - INFO - fastread - 424, 2590
2019-02-04 16:24:22,400 - INFO - fastread - 425, 2600
2019-02-04 16:24:22,402 - INFO - fastread - 427, 2610
2019-02-04 16:24:22,407 - INFO - fastread - 428, 2620
2019-02-04 16:24:22,411 - INFO - fastread - 428, 2630
2019-02-04 16:24:22,416 - INFO - fastread - 429, 2640
2019-02-04 16:24:22,420 - INFO - fastread - 430, 2650
2019-02-04 16:24:22,423 - INFO - fastread - 430, 2660
2019-02-04 16:24:22,426 - INFO - fastread - 430, 2670
2019-02-04 16:24:22,429 - INFO - fastread - 430, 2680
2019-02-04 16:24:22,433 - INFO - fastread - 432, 2690
2019-02-04 16:24:22,436 - INFO - fastread - 435, 2700
2019-02-04 16:24:22,441 - INFO - fastread - 437, 2710
2019-02-04 16:24:22,446 - INFO - fastread - 439, 2720
2019-02-04 16:24:22,450 - INFO - fastread - 440, 2730
2019-02-04 16:24:22,454 - INFO - fastread - 441, 2740
2019-02-04 16:24:22,458 - INFO - fastread - 443, 2750
2019-02-04 16:24:22,462 - INFO - fastread - 447, 2760
2019-02-04 16:24:22,467 - INFO - fastread - 449, 2770
2019-02-04 16:24:22,472 - INFO - fastread - 450, 2780
2019-02-04 16:24:22,476 - INFO - fastread - 451, 2790
2019-02-04 16:24:22,481 - INFO - fastread - 451, 2800
2019-02-04 16:24:22,486 - INFO - fastread - 453, 2810
2019-02-04 16:24:22,491 - INFO - fastread - 456, 2820
2019-02-04 16:24:22,497 - INFO - fastread - 457, 2830
2019-02-04 16:24:22,502 - INFO - fastread - 458, 2840
2019-02-04 16:24:22,506 - INFO - fastread - 460, 2850
2019-02-04 16:24:22,511 - INFO - fastread - 461, 2860
2019-02-04 16:24:22,515 - INFO - fastread - 462, 2870
2019-02-04 16:24:22,519 - INFO - fastread - 462, 2880
2019-02-04 16:24:22,523 - INFO - fastread - 462, 2890
2019-02-04 16:24:22,526 - INFO - fastread - 465, 2900
2019-02-04 16:24:22,529 - INFO - fastread - 466, 2910
2019-02-04 16:24:22,532 - INFO - fastread - 467, 2920
2019-02-04 16:24:22,536 - INFO - fastread - 468, 2930
2019-02-04 16:24:22,538 - INFO - fastread - 471, 2940
2019-02-04 16:24:22,541 - INFO - fastread - 472, 2950
2019-02-04 16:24:22,544 - INFO - fastread - 472, 2960
2019-02-04 16:24:22,562 - INFO - rig - ++++NEW CLF++++ DT
2019-02-04 16:24:22,563 - INFO - fastread - Total Yes: 472 | Total No: 2496
2019-02-04 16:24:37,745 - INFO - fastread - 10, 10
2019-02-04 16:24:37,749 - INFO - fastread - 20, 20
2019-02-04 16:24:37,753 - INFO - fastread - 30, 30
2019-02-04 16:24:37,757 - INFO - fastread - 38, 40
2019-02-04 16:24:37,761 - INFO - fastread - 45, 50
2019-02-04 16:24:37,764 - INFO - fastread - 54, 60
2019-02-04 16:24:37,767 - INFO - fastread - 62, 70
2019-02-04 16:24:37,771 - INFO - fastread - 70, 80
2019-02-04 16:24:37,776 - INFO - fastread - 76, 90
2019-02-04 16:24:37,781 - INFO - fastread - 85, 100
2019-02-04 16:24:37,785 - INFO - fastread - 93, 110
2019-02-04 16:24:37,790 - INFO - fastread - 101, 120
2019-02-04 16:24:37,794 - INFO - fastread - 111, 130
2019-02-04 16:24:37,799 - INFO - fastread - 120, 140
2019-02-04 16:24:37,803 - INFO - fastread - 129, 150
2019-02-04 16:24:37,808 - INFO - fastread - 139, 160
2019-02-04 16:24:37,813 - INFO - fastread - 149, 170
2019-02-04 16:24:37,817 - INFO - fastread - 159, 180
2019-02-04 16:24:37,821 - INFO - fastread - 165, 190
2019-02-04 16:24:37,825 - INFO - fastread - 174, 200
2019-02-04 16:24:37,828 - INFO - fastread - 183, 210
2019-02-04 16:24:37,832 - INFO - fastread - 192, 220
2019-02-04 16:24:37,836 - INFO - fastread - 202, 230
2019-02-04 16:24:37,840 - INFO - fastread - 212, 240
2019-02-04 16:24:37,844 - INFO - fastread - 219, 250
2019-02-04 16:24:37,848 - INFO - fastread - 228, 260
2019-02-04 16:24:37,852 - INFO - fastread - 237, 270
2019-02-04 16:24:37,856 - INFO - fastread - 247, 280
2019-02-04 16:24:37,860 - INFO - fastread - 257, 290
2019-02-04 16:24:37,864 - INFO - fastread - 267, 300
2019-02-04 16:24:37,868 - INFO - fastread - 276, 310
2019-02-04 16:24:37,872 - INFO - fastread - 285, 320
2019-02-04 16:24:37,876 - INFO - fastread - 292, 330
2019-02-04 16:24:37,880 - INFO - fastread - 301, 340
2019-02-04 16:24:37,885 - INFO - fastread - 311, 350
2019-02-04 16:24:37,889 - INFO - fastread - 319, 360
2019-02-04 16:24:37,892 - INFO - fastread - 329, 370
2019-02-04 16:24:37,897 - INFO - fastread - 338, 380
2019-02-04 16:24:37,901 - INFO - fastread - 347, 390
2019-02-04 16:24:37,907 - INFO - fastread - 351, 400
2019-02-04 16:24:37,912 - INFO - fastread - 351, 410
2019-02-04 16:24:37,917 - INFO - fastread - 351, 420
2019-02-04 16:24:37,919 - INFO - fastread - 352, 430
2019-02-04 16:24:37,922 - INFO - fastread - 352, 440
2019-02-04 16:24:37,926 - INFO - fastread - 352, 450
2019-02-04 16:24:37,931 - INFO - fastread - 352, 460
2019-02-04 16:24:37,937 - INFO - fastread - 353, 470
2019-02-04 16:24:37,941 - INFO - fastread - 353, 480
2019-02-04 16:24:37,945 - INFO - fastread - 354, 490
2019-02-04 16:24:37,948 - INFO - fastread - 356, 500
2019-02-04 16:24:37,950 - INFO - fastread - 356, 510
2019-02-04 16:24:37,953 - INFO - fastread - 357, 520
2019-02-04 16:24:37,956 - INFO - fastread - 357, 530
2019-02-04 16:24:37,959 - INFO - fastread - 358, 540
2019-02-04 16:24:37,962 - INFO - fastread - 360, 550
2019-02-04 16:24:37,965 - INFO - fastread - 361, 560
2019-02-04 16:24:37,969 - INFO - fastread - 362, 570
2019-02-04 16:24:37,973 - INFO - fastread - 363, 580
2019-02-04 16:24:37,977 - INFO - fastread - 365, 590
2019-02-04 16:24:37,981 - INFO - fastread - 366, 600
2019-02-04 16:24:37,985 - INFO - fastread - 367, 610
2019-02-04 16:24:37,989 - INFO - fastread - 369, 620
2019-02-04 16:24:37,993 - INFO - fastread - 369, 630
2019-02-04 16:24:37,997 - INFO - fastread - 369, 640
2019-02-04 16:24:38,001 - INFO - fastread - 369, 650
2019-02-04 16:24:38,006 - INFO - fastread - 370, 660
2019-02-04 16:24:38,011 - INFO - fastread - 370, 670
2019-02-04 16:24:38,016 - INFO - fastread - 371, 680
2019-02-04 16:24:38,021 - INFO - fastread - 371, 690
2019-02-04 16:24:38,025 - INFO - fastread - 371, 700
2019-02-04 16:24:38,031 - INFO - fastread - 371, 710
2019-02-04 16:24:38,037 - INFO - fastread - 371, 720
2019-02-04 16:24:38,043 - INFO - fastread - 371, 730
2019-02-04 16:24:38,047 - INFO - fastread - 371, 740
2019-02-04 16:24:38,051 - INFO - fastread - 371, 750
2019-02-04 16:24:38,056 - INFO - fastread - 372, 760
2019-02-04 16:24:38,060 - INFO - fastread - 372, 770
2019-02-04 16:24:38,065 - INFO - fastread - 373, 780
2019-02-04 16:24:38,069 - INFO - fastread - 373, 790
2019-02-04 16:24:38,072 - INFO - fastread - 374, 800
2019-02-04 16:24:38,075 - INFO - fastread - 374, 810
2019-02-04 16:24:38,078 - INFO - fastread - 374, 820
2019-02-04 16:24:38,080 - INFO - fastread - 374, 830
2019-02-04 16:24:38,083 - INFO - fastread - 374, 840
2019-02-04 16:24:38,086 - INFO - fastread - 375, 850
2019-02-04 16:24:38,091 - INFO - fastread - 375, 860
2019-02-04 16:24:38,095 - INFO - fastread - 375, 870
2019-02-04 16:24:38,100 - INFO - fastread - 376, 880
2019-02-04 16:24:38,104 - INFO - fastread - 377, 890
2019-02-04 16:24:38,107 - INFO - fastread - 379, 900
2019-02-04 16:24:38,109 - INFO - fastread - 380, 910
2019-02-04 16:24:38,112 - INFO - fastread - 380, 920
2019-02-04 16:24:38,115 - INFO - fastread - 380, 930
2019-02-04 16:24:38,119 - INFO - fastread - 380, 940
2019-02-04 16:24:38,123 - INFO - fastread - 380, 950
2019-02-04 16:24:38,128 - INFO - fastread - 380, 960
2019-02-04 16:24:38,132 - INFO - fastread - 380, 970
2019-02-04 16:24:38,135 - INFO - fastread - 381, 980
2019-02-04 16:24:38,138 - INFO - fastread - 381, 990
2019-02-04 16:24:38,141 - INFO - fastread - 381, 1000
2019-02-04 16:24:38,144 - INFO - fastread - 381, 1010
2019-02-04 16:24:38,146 - INFO - fastread - 381, 1020
2019-02-04 16:24:38,149 - INFO - fastread - 381, 1030
2019-02-04 16:24:38,152 - INFO - fastread - 381, 1040
2019-02-04 16:24:38,156 - INFO - fastread - 381, 1050
2019-02-04 16:24:38,158 - INFO - fastread - 382, 1060
2019-02-04 16:24:38,161 - INFO - fastread - 383, 1070
2019-02-04 16:24:38,164 - INFO - fastread - 383, 1080
2019-02-04 16:24:38,166 - INFO - fastread - 384, 1090
2019-02-04 16:24:38,169 - INFO - fastread - 384, 1100
2019-02-04 16:24:38,172 - INFO - fastread - 385, 1110
2019-02-04 16:24:38,174 - INFO - fastread - 385, 1120
2019-02-04 16:24:38,177 - INFO - fastread - 385, 1130
2019-02-04 16:24:38,180 - INFO - fastread - 385, 1140
2019-02-04 16:24:38,182 - INFO - fastread - 386, 1150
2019-02-04 16:24:38,185 - INFO - fastread - 388, 1160
2019-02-04 16:24:38,188 - INFO - fastread - 388, 1170
2019-02-04 16:24:38,190 - INFO - fastread - 388, 1180
2019-02-04 16:24:38,193 - INFO - fastread - 388, 1190
2019-02-04 16:24:38,195 - INFO - fastread - 388, 1200
2019-02-04 16:24:38,198 - INFO - fastread - 388, 1210
2019-02-04 16:24:38,201 - INFO - fastread - 389, 1220
2019-02-04 16:24:38,206 - INFO - fastread - 389, 1230
2019-02-04 16:24:38,209 - INFO - fastread - 389, 1240
2019-02-04 16:24:38,213 - INFO - fastread - 389, 1250
2019-02-04 16:24:38,217 - INFO - fastread - 389, 1260
2019-02-04 16:24:38,221 - INFO - fastread - 390, 1270
2019-02-04 16:24:38,226 - INFO - fastread - 391, 1280
2019-02-04 16:24:38,230 - INFO - fastread - 392, 1290
2019-02-04 16:24:38,234 - INFO - fastread - 394, 1300
2019-02-04 16:24:38,238 - INFO - fastread - 394, 1310
2019-02-04 16:24:38,241 - INFO - fastread - 394, 1320
2019-02-04 16:24:38,244 - INFO - fastread - 394, 1330
2019-02-04 16:24:38,249 - INFO - fastread - 396, 1340
2019-02-04 16:24:38,252 - INFO - fastread - 398, 1350
2019-02-04 16:24:38,257 - INFO - fastread - 398, 1360
2019-02-04 16:24:38,262 - INFO - fastread - 398, 1370
2019-02-04 16:24:38,264 - INFO - fastread - 398, 1380
2019-02-04 16:24:38,268 - INFO - fastread - 399, 1390
2019-02-04 16:24:38,271 - INFO - fastread - 399, 1400
2019-02-04 16:24:38,275 - INFO - fastread - 399, 1410
2019-02-04 16:24:38,279 - INFO - fastread - 399, 1420
2019-02-04 16:24:38,283 - INFO - fastread - 399, 1430
2019-02-04 16:24:38,288 - INFO - fastread - 399, 1440
2019-02-04 16:24:38,291 - INFO - fastread - 399, 1450
2019-02-04 16:24:38,294 - INFO - fastread - 399, 1460
2019-02-04 16:24:38,298 - INFO - fastread - 399, 1470
2019-02-04 16:24:38,303 - INFO - fastread - 400, 1480
2019-02-04 16:24:38,307 - INFO - fastread - 400, 1490
2019-02-04 16:24:38,312 - INFO - fastread - 401, 1500
2019-02-04 16:24:38,316 - INFO - fastread - 402, 1510
2019-02-04 16:24:38,321 - INFO - fastread - 402, 1520
2019-02-04 16:24:38,325 - INFO - fastread - 404, 1530
2019-02-04 16:24:38,329 - INFO - fastread - 406, 1540
2019-02-04 16:24:38,332 - INFO - fastread - 408, 1550
2019-02-04 16:24:38,337 - INFO - fastread - 409, 1560
2019-02-04 16:24:38,343 - INFO - fastread - 411, 1570
2019-02-04 16:24:38,348 - INFO - fastread - 412, 1580
2019-02-04 16:24:38,352 - INFO - fastread - 414, 1590
2019-02-04 16:24:38,358 - INFO - fastread - 414, 1600
2019-02-04 16:24:38,362 - INFO - fastread - 414, 1610
2019-02-04 16:24:38,366 - INFO - fastread - 415, 1620
2019-02-04 16:24:38,369 - INFO - fastread - 415, 1630
2019-02-04 16:24:38,373 - INFO - fastread - 415, 1640
2019-02-04 16:24:38,378 - INFO - fastread - 416, 1650
2019-02-04 16:24:38,382 - INFO - fastread - 416, 1660
2019-02-04 16:24:38,385 - INFO - fastread - 416, 1670
2019-02-04 16:24:38,389 - INFO - fastread - 416, 1680
2019-02-04 16:24:38,393 - INFO - fastread - 417, 1690
2019-02-04 16:24:38,398 - INFO - fastread - 417, 1700
2019-02-04 16:24:38,402 - INFO - fastread - 417, 1710
2019-02-04 16:24:38,407 - INFO - fastread - 417, 1720
2019-02-04 16:24:38,411 - INFO - fastread - 418, 1730
2019-02-04 16:24:38,415 - INFO - fastread - 420, 1740
2019-02-04 16:24:38,420 - INFO - fastread - 421, 1750
2019-02-04 16:24:38,424 - INFO - fastread - 421, 1760
2019-02-04 16:24:38,428 - INFO - fastread - 421, 1770
2019-02-04 16:24:38,433 - INFO - fastread - 421, 1780
2019-02-04 16:24:38,436 - INFO - fastread - 421, 1790
2019-02-04 16:24:38,440 - INFO - fastread - 421, 1800
2019-02-04 16:24:38,444 - INFO - fastread - 422, 1810
2019-02-04 16:24:38,449 - INFO - fastread - 423, 1820
2019-02-04 16:24:38,452 - INFO - fastread - 423, 1830
2019-02-04 16:24:38,456 - INFO - fastread - 425, 1840
2019-02-04 16:24:38,459 - INFO - fastread - 426, 1850
2019-02-04 16:24:38,462 - INFO - fastread - 426, 1860
2019-02-04 16:24:38,465 - INFO - fastread - 427, 1870
2019-02-04 16:24:38,468 - INFO - fastread - 427, 1880
2019-02-04 16:24:38,472 - INFO - fastread - 428, 1890
2019-02-04 16:24:38,476 - INFO - fastread - 428, 1900
2019-02-04 16:24:38,480 - INFO - fastread - 428, 1910
2019-02-04 16:24:38,484 - INFO - fastread - 429, 1920
2019-02-04 16:24:38,489 - INFO - fastread - 430, 1930
2019-02-04 16:24:38,493 - INFO - fastread - 430, 1940
2019-02-04 16:24:38,498 - INFO - fastread - 431, 1950
2019-02-04 16:24:38,502 - INFO - fastread - 431, 1960
2019-02-04 16:24:38,507 - INFO - fastread - 431, 1970
2019-02-04 16:24:38,510 - INFO - fastread - 431, 1980
2019-02-04 16:24:38,514 - INFO - fastread - 431, 1990
2019-02-04 16:24:38,518 - INFO - fastread - 433, 2000
2019-02-04 16:24:38,520 - INFO - fastread - 435, 2010
2019-02-04 16:24:38,524 - INFO - fastread - 435, 2020
2019-02-04 16:24:38,529 - INFO - fastread - 435, 2030
2019-02-04 16:24:38,534 - INFO - fastread - 436, 2040
2019-02-04 16:24:38,539 - INFO - fastread - 436, 2050
2019-02-04 16:24:38,544 - INFO - fastread - 436, 2060
2019-02-04 16:24:38,548 - INFO - fastread - 436, 2070
2019-02-04 16:24:38,552 - INFO - fastread - 437, 2080
2019-02-04 16:24:38,556 - INFO - fastread - 437, 2090
2019-02-04 16:24:38,559 - INFO - fastread - 437, 2100
2019-02-04 16:24:38,561 - INFO - fastread - 437, 2110
2019-02-04 16:24:38,564 - INFO - fastread - 437, 2120
2019-02-04 16:24:38,567 - INFO - fastread - 438, 2130
2019-02-04 16:24:38,570 - INFO - fastread - 440, 2140
2019-02-04 16:24:38,572 - INFO - fastread - 441, 2150
2019-02-04 16:24:38,574 - INFO - fastread - 441, 2160
2019-02-04 16:24:38,577 - INFO - fastread - 441, 2170
2019-02-04 16:24:38,580 - INFO - fastread - 443, 2180
2019-02-04 16:24:38,583 - INFO - fastread - 443, 2190
2019-02-04 16:24:38,587 - INFO - fastread - 444, 2200
2019-02-04 16:24:38,591 - INFO - fastread - 444, 2210
2019-02-04 16:24:38,596 - INFO - fastread - 445, 2220
2019-02-04 16:24:38,600 - INFO - fastread - 445, 2230
2019-02-04 16:24:38,605 - INFO - fastread - 445, 2240
2019-02-04 16:24:38,610 - INFO - fastread - 446, 2250
2019-02-04 16:24:38,614 - INFO - fastread - 446, 2260
2019-02-04 16:24:38,617 - INFO - fastread - 448, 2270
2019-02-04 16:24:38,620 - INFO - fastread - 448, 2280
2019-02-04 16:24:38,623 - INFO - fastread - 448, 2290
2019-02-04 16:24:38,626 - INFO - fastread - 448, 2300
2019-02-04 16:24:38,628 - INFO - fastread - 449, 2310
2019-02-04 16:24:38,631 - INFO - fastread - 450, 2320
2019-02-04 16:24:38,634 - INFO - fastread - 450, 2330
2019-02-04 16:24:38,637 - INFO - fastread - 450, 2340
2019-02-04 16:24:38,640 - INFO - fastread - 451, 2350
2019-02-04 16:24:38,644 - INFO - fastread - 451, 2360
2019-02-04 16:24:38,649 - INFO - fastread - 451, 2370
2019-02-04 16:24:38,655 - INFO - fastread - 451, 2380
2019-02-04 16:24:38,658 - INFO - fastread - 451, 2390
2019-02-04 16:24:38,661 - INFO - fastread - 451, 2400
2019-02-04 16:24:38,664 - INFO - fastread - 452, 2410
2019-02-04 16:24:38,667 - INFO - fastread - 453, 2420
2019-02-04 16:24:38,671 - INFO - fastread - 453, 2430
2019-02-04 16:24:38,676 - INFO - fastread - 453, 2440
2019-02-04 16:24:38,681 - INFO - fastread - 454, 2450
2019-02-04 16:24:38,686 - INFO - fastread - 455, 2460
2019-02-04 16:24:38,691 - INFO - fastread - 455, 2470
2019-02-04 16:24:38,696 - INFO - fastread - 455, 2480
2019-02-04 16:24:38,701 - INFO - fastread - 455, 2490
2019-02-04 16:24:38,705 - INFO - fastread - 456, 2500
2019-02-04 16:24:38,710 - INFO - fastread - 456, 2510
2019-02-04 16:24:38,714 - INFO - fastread - 458, 2520
2019-02-04 16:24:38,719 - INFO - fastread - 458, 2530
2019-02-04 16:24:38,724 - INFO - fastread - 460, 2540
2019-02-04 16:24:38,728 - INFO - fastread - 460, 2550
2019-02-04 16:24:38,733 - INFO - fastread - 460, 2560
2019-02-04 16:24:38,738 - INFO - fastread - 461, 2570
2019-02-04 16:24:38,742 - INFO - fastread - 461, 2580
2019-02-04 16:24:38,746 - INFO - fastread - 461, 2590
2019-02-04 16:24:38,749 - INFO - fastread - 461, 2600
2019-02-04 16:24:38,752 - INFO - fastread - 461, 2610
2019-02-04 16:24:38,755 - INFO - fastread - 461, 2620
2019-02-04 16:24:38,759 - INFO - fastread - 461, 2630
2019-02-04 16:24:38,765 - INFO - fastread - 461, 2640
2019-02-04 16:24:38,771 - INFO - fastread - 461, 2650
2019-02-04 16:24:38,777 - INFO - fastread - 461, 2660
2019-02-04 16:24:38,782 - INFO - fastread - 462, 2670
2019-02-04 16:24:38,787 - INFO - fastread - 462, 2680
2019-02-04 16:24:38,792 - INFO - fastread - 462, 2690
2019-02-04 16:24:38,797 - INFO - fastread - 462, 2700
2019-02-04 16:24:38,802 - INFO - fastread - 462, 2710
2019-02-04 16:24:38,806 - INFO - fastread - 462, 2720
2019-02-04 16:24:38,810 - INFO - fastread - 463, 2730
2019-02-04 16:24:38,813 - INFO - fastread - 463, 2740
2019-02-04 16:24:38,817 - INFO - fastread - 463, 2750
2019-02-04 16:24:38,820 - INFO - fastread - 464, 2760
2019-02-04 16:24:38,824 - INFO - fastread - 464, 2770
2019-02-04 16:24:38,829 - INFO - fastread - 464, 2780
2019-02-04 16:24:38,834 - INFO - fastread - 465, 2790
2019-02-04 16:24:38,838 - INFO - fastread - 466, 2800
2019-02-04 16:24:38,844 - INFO - fastread - 468, 2810
2019-02-04 16:24:38,848 - INFO - fastread - 468, 2820
2019-02-04 16:24:38,854 - INFO - fastread - 469, 2830
2019-02-04 16:24:38,858 - INFO - fastread - 469, 2840
2019-02-04 16:24:38,864 - INFO - fastread - 470, 2850
2019-02-04 16:24:38,870 - INFO - fastread - 470, 2860
2019-02-04 16:24:38,875 - INFO - fastread - 470, 2870
2019-02-04 16:24:38,880 - INFO - fastread - 470, 2880
2019-02-04 16:24:38,885 - INFO - fastread - 471, 2890
2019-02-04 16:24:38,890 - INFO - fastread - 471, 2900
2019-02-04 16:24:38,895 - INFO - fastread - 471, 2910
2019-02-04 16:24:38,900 - INFO - fastread - 471, 2920
2019-02-04 16:24:38,905 - INFO - fastread - 471, 2930
2019-02-04 16:24:38,908 - INFO - fastread - 471, 2940
2019-02-04 16:24:38,911 - INFO - fastread - 471, 2950
2019-02-04 16:24:38,914 - INFO - fastread - 471, 2960
2019-02-04 16:24:38,929 - INFO - rig - ++++NEW CLF++++ SVM
2019-02-04 16:24:38,929 - INFO - fastread - Total Yes: 472 | Total No: 2496
2019-02-04 16:32:41,882 - INFO - fastread - 3, 10
2019-02-04 16:32:41,890 - INFO - fastread - 10, 20
2019-02-04 16:32:41,893 - INFO - fastread - 19, 30
2019-02-04 16:32:41,896 - INFO - fastread - 28, 40
2019-02-04 16:32:41,899 - INFO - fastread - 38, 50
2019-02-04 16:32:41,901 - INFO - fastread - 48, 60
2019-02-04 16:32:41,904 - INFO - fastread - 58, 70
2019-02-04 16:32:41,907 - INFO - fastread - 68, 80
2019-02-04 16:32:41,911 - INFO - fastread - 76, 90
2019-02-04 16:32:41,915 - INFO - fastread - 86, 100
2019-02-04 16:32:41,919 - INFO - fastread - 96, 110
2019-02-04 16:32:41,923 - INFO - fastread - 106, 120
2019-02-04 16:32:41,928 - INFO - fastread - 116, 130
2019-02-04 16:32:41,932 - INFO - fastread - 126, 140
2019-02-04 16:32:41,937 - INFO - fastread - 136, 150
2019-02-04 16:32:41,941 - INFO - fastread - 145, 160
2019-02-04 16:32:41,945 - INFO - fastread - 154, 170
2019-02-04 16:32:41,949 - INFO - fastread - 164, 180
2019-02-04 16:32:41,954 - INFO - fastread - 174, 190
2019-02-04 16:32:41,958 - INFO - fastread - 184, 200
2019-02-04 16:32:41,962 - INFO - fastread - 194, 210
2019-02-04 16:32:41,965 - INFO - fastread - 204, 220
2019-02-04 16:32:41,968 - INFO - fastread - 214, 230
2019-02-04 16:32:41,970 - INFO - fastread - 224, 240
2019-02-04 16:32:41,973 - INFO - fastread - 234, 250
2019-02-04 16:32:41,975 - INFO - fastread - 244, 260
2019-02-04 16:32:41,977 - INFO - fastread - 253, 270
2019-02-04 16:32:41,981 - INFO - fastread - 260, 280
2019-02-04 16:32:41,985 - INFO - fastread - 270, 290
2019-02-04 16:32:41,989 - INFO - fastread - 280, 300
2019-02-04 16:32:41,993 - INFO - fastread - 290, 310
2019-02-04 16:32:41,997 - INFO - fastread - 299, 320
2019-02-04 16:32:42,001 - INFO - fastread - 309, 330
2019-02-04 16:32:42,005 - INFO - fastread - 319, 340
2019-02-04 16:32:42,009 - INFO - fastread - 329, 350
2019-02-04 16:32:42,014 - INFO - fastread - 338, 360
2019-02-04 16:32:42,018 - INFO - fastread - 344, 370
2019-02-04 16:32:42,020 - INFO - fastread - 352, 380
2019-02-04 16:32:42,035 - INFO - rig - ++++NEW CLF++++ SVM_LINER
2019-02-04 16:32:42,036 - INFO - fastread - Total Yes: 472 | Total No: 2496
2019-02-04 16:42:18,623 - INFO - fastread - 2, 10
2019-02-04 16:42:18,626 - INFO - fastread - 12, 20
2019-02-04 16:42:18,628 - INFO - fastread - 21, 30
2019-02-04 16:42:18,630 - INFO - fastread - 31, 40
2019-02-04 16:42:18,633 - INFO - fastread - 39, 50
2019-02-04 16:42:18,636 - INFO - fastread - 49, 60
2019-02-04 16:42:18,639 - INFO - fastread - 59, 70
2019-02-04 16:42:18,642 - INFO - fastread - 68, 80
2019-02-04 16:42:18,644 - INFO - fastread - 78, 90
2019-02-04 16:42:18,647 - INFO - fastread - 88, 100
2019-02-04 16:42:18,650 - INFO - fastread - 96, 110
2019-02-04 16:42:18,652 - INFO - fastread - 106, 120
2019-02-04 16:42:18,654 - INFO - fastread - 116, 130
2019-02-04 16:42:18,657 - INFO - fastread - 126, 140
2019-02-04 16:42:18,659 - INFO - fastread - 136, 150
2019-02-04 16:42:18,661 - INFO - fastread - 146, 160
2019-02-04 16:42:18,663 - INFO - fastread - 156, 170
2019-02-04 16:42:18,665 - INFO - fastread - 166, 180
2019-02-04 16:42:18,668 - INFO - fastread - 176, 190
2019-02-04 16:42:18,670 - INFO - fastread - 186, 200
2019-02-04 16:42:18,673 - INFO - fastread - 196, 210
2019-02-04 16:42:18,675 - INFO - fastread - 206, 220
2019-02-04 16:42:18,678 - INFO - fastread - 216, 230
2019-02-04 16:42:18,680 - INFO - fastread - 226, 240
2019-02-04 16:42:18,682 - INFO - fastread - 236, 250
2019-02-04 16:42:18,685 - INFO - fastread - 246, 260
2019-02-04 16:42:18,687 - INFO - fastread - 256, 270
2019-02-04 16:42:18,690 - INFO - fastread - 265, 280
2019-02-04 16:42:18,693 - INFO - fastread - 275, 290
2019-02-04 16:42:18,695 - INFO - fastread - 284, 300
2019-02-04 16:42:18,698 - INFO - fastread - 293, 310
2019-02-04 16:42:18,700 - INFO - fastread - 300, 320
2019-02-04 16:42:18,702 - INFO - fastread - 307, 330
2019-02-04 16:42:18,705 - INFO - fastread - 315, 340
2019-02-04 16:42:18,707 - INFO - fastread - 324, 350
2019-02-04 16:42:18,710 - INFO - fastread - 333, 360
2019-02-04 16:42:18,712 - INFO - fastread - 341, 370
2019-02-04 16:42:18,714 - INFO - fastread - 347, 380
