2019-02-04 15:53:50,547 - INFO - rig - jfreechart-1.0.19
2019-02-04 15:53:56,177 - INFO - rig - ++++NEW CLF++++ FASTREAD
2019-02-04 15:53:56,177 - INFO - fastread - Total Yes: 209 | Total No: 4199
2019-02-04 15:53:56,586 - INFO - fastread - 0, 0  5999
2019-02-04 15:54:13,164 - INFO - fastread - 97, 135  5999
2019-02-04 15:54:13,403 - INFO - rig - ++++NEW CLF++++ ENSEMBLE_DT
2019-02-04 15:54:13,413 - INFO - ensemble - 9, 10
2019-02-04 15:54:13,416 - INFO - ensemble - 18, 20
2019-02-04 15:54:13,420 - INFO - ensemble - 28, 30
2019-02-04 15:54:13,424 - INFO - ensemble - 37, 40
2019-02-04 15:54:13,427 - INFO - ensemble - 47, 50
2019-02-04 15:54:13,429 - INFO - ensemble - 56, 60
2019-02-04 15:54:13,432 - INFO - ensemble - 65, 70
2019-02-04 15:54:13,434 - INFO - ensemble - 69, 80
2019-02-04 15:54:13,436 - INFO - ensemble - 74, 90
2019-02-04 15:54:13,438 - INFO - ensemble - 79, 100
2019-02-04 15:54:13,441 - INFO - ensemble - 84, 110
2019-02-04 15:54:13,443 - INFO - ensemble - 88, 120
2019-02-04 15:54:13,446 - INFO - ensemble - 94, 130
2019-02-04 15:54:13,448 - INFO - ensemble - 101, 140
2019-02-04 15:54:18,087 - INFO - rig - ++++NEW CLF++++ ENSEMBLE_NBM
2019-02-04 15:54:18,104 - INFO - ensemble - 9, 10
2019-02-04 15:54:18,109 - INFO - ensemble - 18, 20
2019-02-04 15:54:18,118 - INFO - ensemble - 28, 30
2019-02-04 15:54:18,122 - INFO - ensemble - 38, 40
2019-02-04 15:54:18,127 - INFO - ensemble - 47, 50
2019-02-04 15:54:18,138 - INFO - ensemble - 56, 60
2019-02-04 15:54:18,148 - INFO - ensemble - 66, 70
2019-02-04 15:54:18,155 - INFO - ensemble - 72, 80
2019-02-04 15:54:18,161 - INFO - ensemble - 78, 90
2019-02-04 15:54:18,172 - INFO - ensemble - 83, 100
2019-02-04 15:54:18,177 - INFO - ensemble - 87, 110
2019-02-04 15:54:18,187 - INFO - ensemble - 92, 120
2019-02-04 15:54:18,192 - INFO - ensemble - 95, 130
2019-02-04 15:54:18,200 - INFO - ensemble - 99, 140
2019-02-04 15:54:18,203 - INFO - rig - ++++NEW CLF++++ RANDOM
2019-02-04 15:54:18,204 - INFO - fastread - Total Yes: 209 | Total No: 4199
2019-02-04 15:54:18,393 - INFO - fastread - 0, 0
2019-02-04 15:54:18,456 - INFO - fastread - 1, 10
2019-02-04 15:54:18,522 - INFO - fastread - 1, 20
2019-02-04 15:54:18,601 - INFO - fastread - 2, 30
2019-02-04 15:54:18,721 - INFO - fastread - 2, 40
2019-02-04 15:54:18,863 - INFO - fastread - 2, 50
2019-02-04 15:54:18,962 - INFO - fastread - 3, 60
2019-02-04 15:54:19,019 - INFO - fastread - 4, 70
2019-02-04 15:54:19,078 - INFO - fastread - 5, 80
2019-02-04 15:54:19,140 - INFO - fastread - 5, 90
2019-02-04 15:54:19,210 - INFO - fastread - 6, 100
2019-02-04 15:54:19,298 - INFO - fastread - 6, 110
2019-02-04 15:54:19,371 - INFO - fastread - 6, 120
2019-02-04 15:54:19,449 - INFO - fastread - 7, 130
2019-02-04 15:54:19,507 - INFO - fastread - 7, 140
2019-02-04 15:54:19,557 - INFO - fastread - 8, 150
2019-02-04 15:54:19,611 - INFO - fastread - 9, 160
2019-02-04 15:54:19,656 - INFO - fastread - 9, 170
2019-02-04 15:54:19,709 - INFO - fastread - 9, 180
2019-02-04 15:54:19,788 - INFO - fastread - 10, 190
2019-02-04 15:54:19,866 - INFO - fastread - 10, 200
2019-02-04 15:54:19,940 - INFO - fastread - 11, 210
2019-02-04 15:54:20,010 - INFO - fastread - 11, 220
2019-02-04 15:54:20,061 - INFO - fastread - 12, 230
2019-02-04 15:54:20,109 - INFO - fastread - 13, 240
2019-02-04 15:54:20,162 - INFO - fastread - 15, 250
2019-02-04 15:54:20,218 - INFO - fastread - 15, 260
2019-02-04 15:54:20,273 - INFO - fastread - 15, 270
2019-02-04 15:54:20,326 - INFO - fastread - 16, 280
2019-02-04 15:54:20,382 - INFO - fastread - 17, 290
2019-02-04 15:54:20,438 - INFO - fastread - 17, 300
2019-02-04 15:54:20,494 - INFO - fastread - 17, 310
2019-02-04 15:54:20,553 - INFO - fastread - 17, 320
2019-02-04 15:54:20,620 - INFO - fastread - 18, 330
2019-02-04 15:54:20,677 - INFO - fastread - 19, 340
2019-02-04 15:54:20,733 - INFO - fastread - 20, 350
2019-02-04 15:54:20,802 - INFO - fastread - 20, 360
2019-02-04 15:54:20,878 - INFO - fastread - 20, 370
2019-02-04 15:54:20,941 - INFO - fastread - 20, 380
2019-02-04 15:54:21,041 - INFO - fastread - 20, 390
2019-02-04 15:54:21,136 - INFO - fastread - 20, 400
2019-02-04 15:54:21,207 - INFO - fastread - 20, 410
2019-02-04 15:54:21,264 - INFO - fastread - 20, 420
2019-02-04 15:54:21,324 - INFO - fastread - 20, 430
2019-02-04 15:54:21,378 - INFO - fastread - 20, 440
2019-02-04 15:54:21,439 - INFO - fastread - 21, 450
2019-02-04 15:54:21,494 - INFO - fastread - 21, 460
2019-02-04 15:54:21,550 - INFO - fastread - 22, 470
2019-02-04 15:54:21,621 - INFO - fastread - 22, 480
2019-02-04 15:54:21,680 - INFO - fastread - 22, 490
2019-02-04 15:54:21,746 - INFO - fastread - 23, 500
2019-02-04 15:54:21,866 - INFO - fastread - 23, 510
2019-02-04 15:54:21,934 - INFO - fastread - 23, 520
2019-02-04 15:54:21,988 - INFO - fastread - 23, 530
2019-02-04 15:54:22,033 - INFO - fastread - 23, 540
2019-02-04 15:54:22,081 - INFO - fastread - 23, 550
2019-02-04 15:54:22,137 - INFO - fastread - 24, 560
2019-02-04 15:54:22,185 - INFO - fastread - 26, 570
2019-02-04 15:54:22,236 - INFO - fastread - 26, 580
2019-02-04 15:54:22,289 - INFO - fastread - 26, 590
2019-02-04 15:54:22,342 - INFO - fastread - 26, 600
2019-02-04 15:54:22,394 - INFO - fastread - 26, 610
2019-02-04 15:54:22,452 - INFO - fastread - 26, 620
2019-02-04 15:54:22,505 - INFO - fastread - 27, 630
2019-02-04 15:54:22,558 - INFO - fastread - 27, 640
2019-02-04 15:54:22,615 - INFO - fastread - 27, 650
2019-02-04 15:54:22,675 - INFO - fastread - 27, 660
2019-02-04 15:54:22,733 - INFO - fastread - 29, 670
2019-02-04 15:54:22,801 - INFO - fastread - 31, 680
2019-02-04 15:54:22,890 - INFO - fastread - 32, 690
2019-02-04 15:54:22,972 - INFO - fastread - 32, 700
2019-02-04 15:54:23,036 - INFO - fastread - 33, 710
2019-02-04 15:54:23,086 - INFO - fastread - 34, 720
2019-02-04 15:54:23,141 - INFO - fastread - 35, 730
2019-02-04 15:54:23,217 - INFO - fastread - 36, 740
2019-02-04 15:54:23,315 - INFO - fastread - 37, 750
2019-02-04 15:54:23,401 - INFO - fastread - 38, 760
2019-02-04 15:54:23,464 - INFO - fastread - 38, 770
2019-02-04 15:54:23,522 - INFO - fastread - 40, 780
2019-02-04 15:54:23,600 - INFO - fastread - 42, 790
2019-02-04 15:54:23,698 - INFO - fastread - 44, 800
2019-02-04 15:54:23,809 - INFO - fastread - 45, 810
2019-02-04 15:54:23,872 - INFO - fastread - 45, 820
2019-02-04 15:54:23,940 - INFO - fastread - 45, 830
2019-02-04 15:54:24,003 - INFO - fastread - 45, 840
2019-02-04 15:54:24,063 - INFO - fastread - 45, 850
2019-02-04 15:54:24,124 - INFO - fastread - 45, 860
2019-02-04 15:54:24,185 - INFO - fastread - 45, 870
2019-02-04 15:54:24,247 - INFO - fastread - 48, 880
2019-02-04 15:54:24,326 - INFO - fastread - 49, 890
2019-02-04 15:54:24,417 - INFO - fastread - 50, 900
2019-02-04 15:54:24,497 - INFO - fastread - 51, 910
2019-02-04 15:54:24,562 - INFO - fastread - 52, 920
2019-02-04 15:54:24,626 - INFO - fastread - 52, 930
2019-02-04 15:54:24,688 - INFO - fastread - 54, 940
2019-02-04 15:54:24,756 - INFO - fastread - 54, 950
2019-02-04 15:54:24,831 - INFO - fastread - 55, 960
2019-02-04 15:54:24,910 - INFO - fastread - 55, 970
2019-02-04 15:54:25,015 - INFO - fastread - 55, 980
2019-02-04 15:54:25,090 - INFO - fastread - 56, 990
2019-02-04 15:54:25,158 - INFO - fastread - 56, 1000
2019-02-04 15:54:25,229 - INFO - fastread - 57, 1010
2019-02-04 15:54:25,298 - INFO - fastread - 57, 1020
2019-02-04 15:54:25,359 - INFO - fastread - 59, 1030
2019-02-04 15:54:25,425 - INFO - fastread - 59, 1040
2019-02-04 15:54:25,494 - INFO - fastread - 60, 1050
2019-02-04 15:54:25,560 - INFO - fastread - 60, 1060
2019-02-04 15:54:25,637 - INFO - fastread - 60, 1070
2019-02-04 15:54:25,702 - INFO - fastread - 61, 1080
2019-02-04 15:54:25,757 - INFO - fastread - 61, 1090
2019-02-04 15:54:25,825 - INFO - fastread - 62, 1100
2019-02-04 15:54:25,883 - INFO - fastread - 62, 1110
2019-02-04 15:54:25,948 - INFO - fastread - 63, 1120
2019-02-04 15:54:26,019 - INFO - fastread - 63, 1130
2019-02-04 15:54:26,081 - INFO - fastread - 65, 1140
2019-02-04 15:54:26,144 - INFO - fastread - 65, 1150
2019-02-04 15:54:26,233 - INFO - fastread - 66, 1160
2019-02-04 15:54:26,310 - INFO - fastread - 67, 1170
2019-02-04 15:54:26,406 - INFO - fastread - 67, 1180
2019-02-04 15:54:26,496 - INFO - fastread - 68, 1190
2019-02-04 15:54:26,572 - INFO - fastread - 68, 1200
2019-02-04 15:54:26,660 - INFO - fastread - 68, 1210
2019-02-04 15:54:26,739 - INFO - fastread - 68, 1220
2019-02-04 15:54:26,849 - INFO - fastread - 69, 1230
2019-02-04 15:54:26,954 - INFO - fastread - 70, 1240
2019-02-04 15:54:27,071 - INFO - fastread - 70, 1250
2019-02-04 15:54:27,146 - INFO - fastread - 70, 1260
2019-02-04 15:54:27,224 - INFO - fastread - 70, 1270
2019-02-04 15:54:27,285 - INFO - fastread - 70, 1280
2019-02-04 15:54:27,351 - INFO - fastread - 72, 1290
2019-02-04 15:54:27,421 - INFO - fastread - 72, 1300
2019-02-04 15:54:27,474 - INFO - fastread - 73, 1310
2019-02-04 15:54:27,536 - INFO - fastread - 73, 1320
2019-02-04 15:54:27,596 - INFO - fastread - 75, 1330
2019-02-04 15:54:27,661 - INFO - fastread - 75, 1340
2019-02-04 15:54:27,715 - INFO - fastread - 75, 1350
2019-02-04 15:54:27,770 - INFO - fastread - 76, 1360
2019-02-04 15:54:27,837 - INFO - fastread - 76, 1370
2019-02-04 15:54:27,902 - INFO - fastread - 78, 1380
2019-02-04 15:54:27,969 - INFO - fastread - 78, 1390
2019-02-04 15:54:28,039 - INFO - fastread - 78, 1400
2019-02-04 15:54:28,116 - INFO - fastread - 78, 1410
2019-02-04 15:54:28,200 - INFO - fastread - 78, 1420
2019-02-04 15:54:28,294 - INFO - fastread - 78, 1430
2019-02-04 15:54:28,381 - INFO - fastread - 78, 1440
2019-02-04 15:54:28,490 - INFO - fastread - 79, 1450
2019-02-04 15:54:28,592 - INFO - fastread - 79, 1460
2019-02-04 15:54:28,677 - INFO - fastread - 79, 1470
2019-02-04 15:54:28,746 - INFO - fastread - 79, 1480
2019-02-04 15:54:28,816 - INFO - fastread - 79, 1490
2019-02-04 15:54:28,893 - INFO - fastread - 79, 1500
2019-02-04 15:54:28,964 - INFO - fastread - 79, 1510
2019-02-04 15:54:29,037 - INFO - fastread - 79, 1520
2019-02-04 15:54:29,105 - INFO - fastread - 79, 1530
2019-02-04 15:54:29,176 - INFO - fastread - 79, 1540
2019-02-04 15:54:29,248 - INFO - fastread - 82, 1550
2019-02-04 15:54:29,319 - INFO - fastread - 82, 1560
2019-02-04 15:54:29,390 - INFO - fastread - 82, 1570
2019-02-04 15:54:29,462 - INFO - fastread - 82, 1580
2019-02-04 15:54:29,528 - INFO - fastread - 83, 1590
2019-02-04 15:54:29,601 - INFO - fastread - 84, 1600
2019-02-04 15:54:29,674 - INFO - fastread - 84, 1610
2019-02-04 15:54:29,732 - INFO - fastread - 84, 1620
2019-02-04 15:54:29,796 - INFO - fastread - 84, 1630
2019-02-04 15:54:29,872 - INFO - fastread - 85, 1640
2019-02-04 15:54:29,949 - INFO - fastread - 85, 1650
2019-02-04 15:54:30,040 - INFO - fastread - 85, 1660
2019-02-04 15:54:30,120 - INFO - fastread - 86, 1670
2019-02-04 15:54:30,202 - INFO - fastread - 86, 1680
2019-02-04 15:54:30,286 - INFO - fastread - 87, 1690
2019-02-04 15:54:30,381 - INFO - fastread - 87, 1700
2019-02-04 15:54:30,541 - INFO - fastread - 87, 1710
2019-02-04 15:54:30,742 - INFO - fastread - 89, 1720
2019-02-04 15:54:30,925 - INFO - fastread - 89, 1730
2019-02-04 15:54:31,100 - INFO - fastread - 89, 1740
2019-02-04 15:54:31,216 - INFO - fastread - 90, 1750
2019-02-04 15:54:31,349 - INFO - fastread - 91, 1760
2019-02-04 15:54:31,445 - INFO - fastread - 92, 1770
2019-02-04 15:54:31,519 - INFO - fastread - 92, 1780
2019-02-04 15:54:31,611 - INFO - fastread - 92, 1790
2019-02-04 15:54:31,696 - INFO - fastread - 92, 1800
2019-02-04 15:54:31,783 - INFO - fastread - 92, 1810
2019-02-04 15:54:31,875 - INFO - fastread - 92, 1820
2019-02-04 15:54:31,974 - INFO - fastread - 92, 1830
2019-02-04 15:54:32,079 - INFO - fastread - 92, 1840
2019-02-04 15:54:32,142 - INFO - fastread - 93, 1850
2019-02-04 15:54:32,255 - INFO - fastread - 93, 1860
2019-02-04 15:54:32,421 - INFO - fastread - 94, 1870
2019-02-04 15:54:32,503 - INFO - fastread - 94, 1880
2019-02-04 15:54:32,581 - INFO - fastread - 95, 1890
2019-02-04 15:54:32,667 - INFO - fastread - 95, 1900
2019-02-04 15:54:32,740 - INFO - fastread - 96, 1910
2019-02-04 15:54:32,817 - INFO - fastread - 96, 1920
2019-02-04 15:54:32,843 - INFO - rig - ++++NEW CLF++++ NBM
2019-02-04 15:54:32,844 - INFO - fastread - Total Yes: 209 | Total No: 4199
2019-02-04 15:54:32,932 - INFO - fastread - 6, 10
2019-02-04 15:54:32,938 - INFO - fastread - 15, 20
2019-02-04 15:54:32,945 - INFO - fastread - 21, 30
2019-02-04 15:54:32,951 - INFO - fastread - 27, 40
2019-02-04 15:54:32,967 - INFO - fastread - 33, 50
2019-02-04 15:54:32,972 - INFO - fastread - 40, 60
2019-02-04 15:54:32,977 - INFO - fastread - 40, 70
2019-02-04 15:54:32,983 - INFO - fastread - 41, 80
2019-02-04 15:54:32,992 - INFO - fastread - 42, 90
2019-02-04 15:54:32,997 - INFO - fastread - 42, 100
2019-02-04 15:54:33,006 - INFO - fastread - 42, 110
2019-02-04 15:54:33,011 - INFO - fastread - 42, 120
2019-02-04 15:54:33,016 - INFO - fastread - 42, 130
2019-02-04 15:54:33,021 - INFO - fastread - 43, 140
2019-02-04 15:54:33,025 - INFO - fastread - 45, 150
2019-02-04 15:54:33,031 - INFO - fastread - 47, 160
2019-02-04 15:54:33,037 - INFO - fastread - 47, 170
2019-02-04 15:54:33,050 - INFO - fastread - 48, 180
2019-02-04 15:54:33,056 - INFO - fastread - 52, 190
2019-02-04 15:54:33,063 - INFO - fastread - 53, 200
2019-02-04 15:54:33,067 - INFO - fastread - 53, 210
2019-02-04 15:54:33,084 - INFO - fastread - 53, 220
2019-02-04 15:54:33,088 - INFO - fastread - 54, 230
2019-02-04 15:54:33,094 - INFO - fastread - 54, 240
2019-02-04 15:54:33,110 - INFO - fastread - 57, 250
2019-02-04 15:54:33,122 - INFO - fastread - 58, 260
2019-02-04 15:54:33,130 - INFO - fastread - 58, 270
2019-02-04 15:54:33,134 - INFO - fastread - 59, 280
2019-02-04 15:54:33,153 - INFO - fastread - 59, 290
2019-02-04 15:54:33,168 - INFO - fastread - 59, 300
2019-02-04 15:54:33,177 - INFO - fastread - 59, 310
2019-02-04 15:54:33,191 - INFO - fastread - 59, 320
2019-02-04 15:54:33,197 - INFO - fastread - 61, 330
2019-02-04 15:54:33,201 - INFO - fastread - 63, 340
2019-02-04 15:54:33,206 - INFO - fastread - 63, 350
2019-02-04 15:54:33,211 - INFO - fastread - 66, 360
2019-02-04 15:54:33,218 - INFO - fastread - 67, 370
2019-02-04 15:54:33,225 - INFO - fastread - 70, 380
2019-02-04 15:54:33,231 - INFO - fastread - 70, 390
2019-02-04 15:54:33,236 - INFO - fastread - 70, 400
2019-02-04 15:54:33,241 - INFO - fastread - 71, 410
2019-02-04 15:54:33,249 - INFO - fastread - 71, 420
2019-02-04 15:54:33,258 - INFO - fastread - 71, 430
2019-02-04 15:54:33,266 - INFO - fastread - 71, 440
2019-02-04 15:54:33,273 - INFO - fastread - 71, 450
2019-02-04 15:54:33,278 - INFO - fastread - 71, 460
2019-02-04 15:54:33,283 - INFO - fastread - 71, 470
2019-02-04 15:54:33,288 - INFO - fastread - 72, 480
2019-02-04 15:54:33,293 - INFO - fastread - 73, 490
2019-02-04 15:54:33,298 - INFO - fastread - 73, 500
2019-02-04 15:54:33,303 - INFO - fastread - 73, 510
2019-02-04 15:54:33,308 - INFO - fastread - 76, 520
2019-02-04 15:54:33,316 - INFO - fastread - 77, 530
2019-02-04 15:54:33,324 - INFO - fastread - 77, 540
2019-02-04 15:54:33,332 - INFO - fastread - 77, 550
2019-02-04 15:54:33,336 - INFO - fastread - 77, 560
2019-02-04 15:54:33,344 - INFO - fastread - 77, 570
2019-02-04 15:54:33,349 - INFO - fastread - 77, 580
2019-02-04 15:54:33,353 - INFO - fastread - 77, 590
2019-02-04 15:54:33,357 - INFO - fastread - 79, 600
2019-02-04 15:54:33,367 - INFO - fastread - 80, 610
2019-02-04 15:54:33,372 - INFO - fastread - 80, 620
2019-02-04 15:54:33,383 - INFO - fastread - 80, 630
2019-02-04 15:54:33,391 - INFO - fastread - 80, 640
2019-02-04 15:54:33,395 - INFO - fastread - 83, 650
2019-02-04 15:54:33,399 - INFO - fastread - 83, 660
2019-02-04 15:54:33,405 - INFO - fastread - 83, 670
2019-02-04 15:54:33,410 - INFO - fastread - 83, 680
2019-02-04 15:54:33,415 - INFO - fastread - 83, 690
2019-02-04 15:54:33,420 - INFO - fastread - 93, 700
2019-02-04 15:54:33,429 - INFO - fastread - 103, 710
2019-02-04 15:54:33,434 - INFO - fastread - 113, 720
2019-02-04 15:54:33,441 - INFO - fastread - 123, 730
2019-02-04 15:54:33,446 - INFO - fastread - 133, 740
2019-02-04 15:54:33,451 - INFO - fastread - 143, 750
2019-02-04 15:54:33,456 - INFO - fastread - 144, 760
2019-02-04 15:54:33,460 - INFO - fastread - 144, 770
2019-02-04 15:54:33,465 - INFO - fastread - 144, 780
2019-02-04 15:54:33,469 - INFO - fastread - 144, 790
2019-02-04 15:54:33,475 - INFO - fastread - 144, 800
2019-02-04 15:54:33,484 - INFO - fastread - 144, 810
2019-02-04 15:54:33,496 - INFO - fastread - 144, 820
2019-02-04 15:54:33,502 - INFO - fastread - 144, 830
2019-02-04 15:54:33,515 - INFO - fastread - 144, 840
2019-02-04 15:54:33,523 - INFO - fastread - 144, 850
2019-02-04 15:54:33,539 - INFO - fastread - 144, 860
2019-02-04 15:54:33,548 - INFO - fastread - 144, 870
2019-02-04 15:54:33,556 - INFO - fastread - 144, 880
2019-02-04 15:54:33,563 - INFO - fastread - 144, 890
2019-02-04 15:54:33,580 - INFO - fastread - 144, 900
2019-02-04 15:54:33,600 - INFO - fastread - 144, 910
2019-02-04 15:54:33,613 - INFO - fastread - 144, 920
2019-02-04 15:54:33,618 - INFO - fastread - 144, 930
2019-02-04 15:54:33,634 - INFO - fastread - 144, 940
2019-02-04 15:54:33,642 - INFO - fastread - 144, 950
2019-02-04 15:54:33,650 - INFO - fastread - 144, 960
2019-02-04 15:54:33,659 - INFO - fastread - 144, 970
2019-02-04 15:54:33,673 - INFO - fastread - 144, 980
2019-02-04 15:54:33,679 - INFO - fastread - 144, 990
2019-02-04 15:54:33,685 - INFO - fastread - 144, 1000
2019-02-04 15:54:33,699 - INFO - fastread - 144, 1010
2019-02-04 15:54:33,706 - INFO - fastread - 144, 1020
2019-02-04 15:54:33,710 - INFO - fastread - 144, 1030
2019-02-04 15:54:33,729 - INFO - fastread - 144, 1040
2019-02-04 15:54:33,734 - INFO - fastread - 144, 1050
2019-02-04 15:54:33,750 - INFO - fastread - 144, 1060
2019-02-04 15:54:33,757 - INFO - fastread - 144, 1070
2019-02-04 15:54:33,764 - INFO - fastread - 144, 1080
2019-02-04 15:54:33,769 - INFO - fastread - 144, 1090
2019-02-04 15:54:33,788 - INFO - fastread - 144, 1100
2019-02-04 15:54:33,793 - INFO - fastread - 144, 1110
2019-02-04 15:54:33,802 - INFO - fastread - 144, 1120
2019-02-04 15:54:33,808 - INFO - fastread - 144, 1130
2019-02-04 15:54:33,814 - INFO - fastread - 144, 1140
2019-02-04 15:54:33,819 - INFO - fastread - 144, 1150
2019-02-04 15:54:33,831 - INFO - fastread - 144, 1160
2019-02-04 15:54:33,840 - INFO - fastread - 144, 1170
2019-02-04 15:54:33,845 - INFO - fastread - 144, 1180
2019-02-04 15:54:33,851 - INFO - fastread - 144, 1190
2019-02-04 15:54:33,859 - INFO - fastread - 144, 1200
2019-02-04 15:54:33,865 - INFO - fastread - 144, 1210
2019-02-04 15:54:33,871 - INFO - fastread - 144, 1220
2019-02-04 15:54:33,876 - INFO - fastread - 144, 1230
2019-02-04 15:54:33,881 - INFO - fastread - 144, 1240
2019-02-04 15:54:33,887 - INFO - fastread - 144, 1250
2019-02-04 15:54:33,896 - INFO - fastread - 144, 1260
2019-02-04 15:54:33,900 - INFO - fastread - 144, 1270
2019-02-04 15:54:33,908 - INFO - fastread - 144, 1280
2019-02-04 15:54:33,912 - INFO - fastread - 145, 1290
2019-02-04 15:54:33,922 - INFO - fastread - 145, 1300
2019-02-04 15:54:33,927 - INFO - fastread - 145, 1310
2019-02-04 15:54:33,931 - INFO - fastread - 146, 1320
2019-02-04 15:54:33,946 - INFO - fastread - 146, 1330
2019-02-04 15:54:33,955 - INFO - fastread - 146, 1340
2019-02-04 15:54:33,960 - INFO - fastread - 146, 1350
2019-02-04 15:54:33,966 - INFO - fastread - 148, 1360
2019-02-04 15:54:33,972 - INFO - fastread - 148, 1370
2019-02-04 15:54:33,978 - INFO - fastread - 148, 1380
2019-02-04 15:54:33,989 - INFO - fastread - 148, 1390
2019-02-04 15:54:33,996 - INFO - fastread - 148, 1400
2019-02-04 15:54:34,002 - INFO - fastread - 148, 1410
2019-02-04 15:54:34,007 - INFO - fastread - 148, 1420
2019-02-04 15:54:34,013 - INFO - fastread - 148, 1430
2019-02-04 15:54:34,017 - INFO - fastread - 148, 1440
2019-02-04 15:54:34,021 - INFO - fastread - 148, 1450
2019-02-04 15:54:34,027 - INFO - fastread - 148, 1460
2019-02-04 15:54:34,033 - INFO - fastread - 148, 1470
2019-02-04 15:54:34,037 - INFO - fastread - 148, 1480
2019-02-04 15:54:34,051 - INFO - fastread - 149, 1490
2019-02-04 15:54:34,057 - INFO - fastread - 150, 1500
2019-02-04 15:54:34,062 - INFO - fastread - 150, 1510
2019-02-04 15:54:34,067 - INFO - fastread - 151, 1520
2019-02-04 15:54:34,074 - INFO - fastread - 153, 1530
2019-02-04 15:54:34,079 - INFO - fastread - 153, 1540
2019-02-04 15:54:34,085 - INFO - fastread - 153, 1550
2019-02-04 15:54:34,091 - INFO - fastread - 153, 1560
2019-02-04 15:54:34,095 - INFO - fastread - 153, 1570
2019-02-04 15:54:34,100 - INFO - fastread - 153, 1580
2019-02-04 15:54:34,105 - INFO - fastread - 154, 1590
2019-02-04 15:54:34,113 - INFO - fastread - 154, 1600
2019-02-04 15:54:34,118 - INFO - fastread - 157, 1610
2019-02-04 15:54:34,129 - INFO - fastread - 157, 1620
2019-02-04 15:54:34,137 - INFO - fastread - 157, 1630
2019-02-04 15:54:34,144 - INFO - fastread - 158, 1640
2019-02-04 15:54:34,150 - INFO - fastread - 158, 1650
2019-02-04 15:54:34,156 - INFO - fastread - 158, 1660
2019-02-04 15:54:34,164 - INFO - fastread - 160, 1670
2019-02-04 15:54:34,170 - INFO - fastread - 164, 1680
2019-02-04 15:54:34,174 - INFO - fastread - 164, 1690
2019-02-04 15:54:34,179 - INFO - fastread - 166, 1700
2019-02-04 15:54:34,195 - INFO - fastread - 167, 1710
2019-02-04 15:54:34,203 - INFO - fastread - 169, 1720
2019-02-04 15:54:34,209 - INFO - fastread - 169, 1730
2019-02-04 15:54:34,216 - INFO - fastread - 171, 1740
2019-02-04 15:54:34,224 - INFO - fastread - 171, 1750
2019-02-04 15:54:34,230 - INFO - fastread - 174, 1760
2019-02-04 15:54:34,241 - INFO - fastread - 174, 1770
2019-02-04 15:54:34,249 - INFO - fastread - 174, 1780
2019-02-04 15:54:34,258 - INFO - fastread - 174, 1790
2019-02-04 15:54:34,263 - INFO - fastread - 175, 1800
2019-02-04 15:54:34,267 - INFO - fastread - 175, 1810
2019-02-04 15:54:34,272 - INFO - fastread - 175, 1820
2019-02-04 15:54:34,278 - INFO - fastread - 176, 1830
2019-02-04 15:54:34,283 - INFO - fastread - 176, 1840
2019-02-04 15:54:34,289 - INFO - fastread - 176, 1850
2019-02-04 15:54:34,294 - INFO - fastread - 176, 1860
2019-02-04 15:54:34,298 - INFO - fastread - 176, 1870
2019-02-04 15:54:34,306 - INFO - fastread - 177, 1880
2019-02-04 15:54:34,312 - INFO - fastread - 177, 1890
2019-02-04 15:54:34,317 - INFO - fastread - 177, 1900
2019-02-04 15:54:34,321 - INFO - fastread - 177, 1910
2019-02-04 15:54:34,328 - INFO - fastread - 177, 1920
2019-02-04 15:54:34,335 - INFO - fastread - 177, 1930
2019-02-04 15:54:34,341 - INFO - fastread - 177, 1940
2019-02-04 15:54:34,347 - INFO - fastread - 178, 1950
2019-02-04 15:54:34,355 - INFO - fastread - 178, 1960
2019-02-04 15:54:34,361 - INFO - fastread - 178, 1970
2019-02-04 15:54:34,366 - INFO - fastread - 178, 1980
2019-02-04 15:54:34,372 - INFO - fastread - 178, 1990
2019-02-04 15:54:34,393 - INFO - fastread - 178, 2000
2019-02-04 15:54:34,399 - INFO - fastread - 179, 2010
2019-02-04 15:54:34,404 - INFO - fastread - 179, 2020
2019-02-04 15:54:34,409 - INFO - fastread - 180, 2030
2019-02-04 15:54:34,414 - INFO - fastread - 180, 2040
2019-02-04 15:54:34,422 - INFO - fastread - 180, 2050
2019-02-04 15:54:34,432 - INFO - fastread - 180, 2060
2019-02-04 15:54:34,439 - INFO - fastread - 180, 2070
2019-02-04 15:54:34,445 - INFO - fastread - 180, 2080
2019-02-04 15:54:34,450 - INFO - fastread - 183, 2090
2019-02-04 15:54:34,455 - INFO - fastread - 183, 2100
2019-02-04 15:54:34,461 - INFO - fastread - 184, 2110
2019-02-04 15:54:34,473 - INFO - fastread - 184, 2120
2019-02-04 15:54:34,478 - INFO - fastread - 184, 2130
2019-02-04 15:54:34,489 - INFO - fastread - 185, 2140
2019-02-04 15:54:34,495 - INFO - fastread - 185, 2150
2019-02-04 15:54:34,502 - INFO - fastread - 185, 2160
2019-02-04 15:54:34,508 - INFO - fastread - 185, 2170
2019-02-04 15:54:34,513 - INFO - fastread - 185, 2180
2019-02-04 15:54:34,519 - INFO - fastread - 185, 2190
2019-02-04 15:54:34,525 - INFO - fastread - 185, 2200
2019-02-04 15:54:34,530 - INFO - fastread - 185, 2210
2019-02-04 15:54:34,535 - INFO - fastread - 185, 2220
2019-02-04 15:54:34,540 - INFO - fastread - 185, 2230
2019-02-04 15:54:34,544 - INFO - fastread - 185, 2240
2019-02-04 15:54:34,550 - INFO - fastread - 185, 2250
2019-02-04 15:54:34,555 - INFO - fastread - 185, 2260
2019-02-04 15:54:34,560 - INFO - fastread - 185, 2270
2019-02-04 15:54:34,565 - INFO - fastread - 185, 2280
2019-02-04 15:54:34,570 - INFO - fastread - 185, 2290
2019-02-04 15:54:34,575 - INFO - fastread - 185, 2300
2019-02-04 15:54:34,580 - INFO - fastread - 187, 2310
2019-02-04 15:54:34,587 - INFO - fastread - 187, 2320
2019-02-04 15:54:34,597 - INFO - fastread - 187, 2330
2019-02-04 15:54:34,607 - INFO - fastread - 187, 2340
2019-02-04 15:54:34,619 - INFO - fastread - 187, 2350
2019-02-04 15:54:34,630 - INFO - fastread - 189, 2360
2019-02-04 15:54:34,636 - INFO - fastread - 189, 2370
2019-02-04 15:54:34,647 - INFO - fastread - 189, 2380
2019-02-04 15:54:34,652 - INFO - fastread - 190, 2390
2019-02-04 15:54:34,657 - INFO - fastread - 190, 2400
2019-02-04 15:54:34,663 - INFO - fastread - 190, 2410
2019-02-04 15:54:34,673 - INFO - fastread - 190, 2420
2019-02-04 15:54:34,681 - INFO - fastread - 190, 2430
2019-02-04 15:54:34,687 - INFO - fastread - 190, 2440
2019-02-04 15:54:34,695 - INFO - fastread - 190, 2450
2019-02-04 15:54:34,700 - INFO - fastread - 191, 2460
2019-02-04 15:54:34,705 - INFO - fastread - 191, 2470
2019-02-04 15:54:34,712 - INFO - fastread - 191, 2480
2019-02-04 15:54:34,717 - INFO - fastread - 191, 2490
2019-02-04 15:54:34,723 - INFO - fastread - 191, 2500
2019-02-04 15:54:34,728 - INFO - fastread - 191, 2510
2019-02-04 15:54:34,734 - INFO - fastread - 191, 2520
2019-02-04 15:54:34,742 - INFO - fastread - 191, 2530
2019-02-04 15:54:34,748 - INFO - fastread - 191, 2540
2019-02-04 15:54:34,753 - INFO - fastread - 191, 2550
2019-02-04 15:54:34,758 - INFO - fastread - 191, 2560
2019-02-04 15:54:34,763 - INFO - fastread - 191, 2570
2019-02-04 15:54:34,769 - INFO - fastread - 191, 2580
2019-02-04 15:54:34,777 - INFO - fastread - 191, 2590
2019-02-04 15:54:34,783 - INFO - fastread - 191, 2600
2019-02-04 15:54:34,790 - INFO - fastread - 191, 2610
2019-02-04 15:54:34,795 - INFO - fastread - 191, 2620
2019-02-04 15:54:34,800 - INFO - fastread - 191, 2630
2019-02-04 15:54:34,806 - INFO - fastread - 191, 2640
2019-02-04 15:54:34,817 - INFO - fastread - 191, 2650
2019-02-04 15:54:34,823 - INFO - fastread - 191, 2660
2019-02-04 15:54:34,828 - INFO - fastread - 191, 2670
2019-02-04 15:54:34,834 - INFO - fastread - 191, 2680
2019-02-04 15:54:34,839 - INFO - fastread - 191, 2690
2019-02-04 15:54:34,845 - INFO - fastread - 191, 2700
2019-02-04 15:54:34,856 - INFO - fastread - 191, 2710
2019-02-04 15:54:34,862 - INFO - fastread - 191, 2720
2019-02-04 15:54:34,867 - INFO - fastread - 191, 2730
2019-02-04 15:54:34,873 - INFO - fastread - 191, 2740
2019-02-04 15:54:34,880 - INFO - fastread - 191, 2750
2019-02-04 15:54:34,888 - INFO - fastread - 191, 2760
2019-02-04 15:54:34,894 - INFO - fastread - 191, 2770
2019-02-04 15:54:34,900 - INFO - fastread - 191, 2780
2019-02-04 15:54:34,910 - INFO - fastread - 191, 2790
2019-02-04 15:54:34,918 - INFO - fastread - 191, 2800
2019-02-04 15:54:34,926 - INFO - fastread - 191, 2810
2019-02-04 15:54:34,932 - INFO - fastread - 191, 2820
2019-02-04 15:54:34,938 - INFO - fastread - 191, 2830
2019-02-04 15:54:34,944 - INFO - fastread - 191, 2840
2019-02-04 15:54:34,949 - INFO - fastread - 191, 2850
2019-02-04 15:54:34,955 - INFO - fastread - 191, 2860
2019-02-04 15:54:34,961 - INFO - fastread - 191, 2870
2019-02-04 15:54:34,966 - INFO - fastread - 191, 2880
2019-02-04 15:54:34,974 - INFO - fastread - 191, 2890
2019-02-04 15:54:34,982 - INFO - fastread - 191, 2900
2019-02-04 15:54:34,990 - INFO - fastread - 191, 2910
2019-02-04 15:54:34,998 - INFO - fastread - 191, 2920
2019-02-04 15:54:35,005 - INFO - fastread - 191, 2930
2019-02-04 15:54:35,010 - INFO - fastread - 191, 2940
2019-02-04 15:54:35,017 - INFO - fastread - 191, 2950
2019-02-04 15:54:35,023 - INFO - fastread - 191, 2960
2019-02-04 15:54:35,029 - INFO - fastread - 191, 2970
2019-02-04 15:54:35,035 - INFO - fastread - 192, 2980
2019-02-04 15:54:35,041 - INFO - fastread - 192, 2990
2019-02-04 15:54:35,047 - INFO - fastread - 192, 3000
2019-02-04 15:54:35,054 - INFO - fastread - 197, 3010
2019-02-04 15:54:35,058 - INFO - fastread - 202, 3020
2019-02-04 15:54:35,063 - INFO - fastread - 202, 3030
2019-02-04 15:54:35,070 - INFO - fastread - 202, 3040
2019-02-04 15:54:35,077 - INFO - fastread - 202, 3050
2019-02-04 15:54:35,084 - INFO - fastread - 202, 3060
2019-02-04 15:54:35,090 - INFO - fastread - 202, 3070
2019-02-04 15:54:35,097 - INFO - fastread - 202, 3080
2019-02-04 15:54:35,104 - INFO - fastread - 202, 3090
2019-02-04 15:54:35,111 - INFO - fastread - 202, 3100
2019-02-04 15:54:35,118 - INFO - fastread - 202, 3110
2019-02-04 15:54:35,125 - INFO - fastread - 202, 3120
2019-02-04 15:54:35,132 - INFO - fastread - 202, 3130
2019-02-04 15:54:35,136 - INFO - fastread - 202, 3140
2019-02-04 15:54:35,141 - INFO - fastread - 202, 3150
2019-02-04 15:54:35,147 - INFO - fastread - 202, 3160
2019-02-04 15:54:35,150 - INFO - fastread - 202, 3170
2019-02-04 15:54:35,155 - INFO - fastread - 206, 3180
2019-02-04 15:54:35,161 - INFO - fastread - 206, 3190
2019-02-04 15:54:35,166 - INFO - fastread - 206, 3200
2019-02-04 15:54:35,173 - INFO - fastread - 206, 3210
2019-02-04 15:54:35,178 - INFO - fastread - 206, 3220
2019-02-04 15:54:35,184 - INFO - fastread - 206, 3230
2019-02-04 15:54:35,190 - INFO - fastread - 206, 3240
2019-02-04 15:54:35,196 - INFO - fastread - 206, 3250
2019-02-04 15:54:35,201 - INFO - fastread - 206, 3260
2019-02-04 15:54:35,206 - INFO - fastread - 206, 3270
2019-02-04 15:54:35,210 - INFO - fastread - 206, 3280
2019-02-04 15:54:35,214 - INFO - fastread - 206, 3290
2019-02-04 15:54:35,219 - INFO - fastread - 206, 3300
2019-02-04 15:54:35,222 - INFO - fastread - 206, 3310
2019-02-04 15:54:35,226 - INFO - fastread - 206, 3320
2019-02-04 15:54:35,229 - INFO - fastread - 206, 3330
2019-02-04 15:54:35,233 - INFO - fastread - 206, 3340
2019-02-04 15:54:35,236 - INFO - fastread - 206, 3350
2019-02-04 15:54:35,239 - INFO - fastread - 206, 3360
2019-02-04 15:54:35,243 - INFO - fastread - 206, 3370
2019-02-04 15:54:35,246 - INFO - fastread - 206, 3380
2019-02-04 15:54:35,252 - INFO - fastread - 206, 3390
2019-02-04 15:54:35,257 - INFO - fastread - 206, 3400
2019-02-04 15:54:35,263 - INFO - fastread - 207, 3410
2019-02-04 15:54:35,270 - INFO - fastread - 207, 3420
2019-02-04 15:54:35,276 - INFO - fastread - 207, 3430
2019-02-04 15:54:35,280 - INFO - fastread - 207, 3440
2019-02-04 15:54:35,287 - INFO - fastread - 207, 3450
2019-02-04 15:54:35,294 - INFO - fastread - 207, 3460
2019-02-04 15:54:35,301 - INFO - fastread - 207, 3470
2019-02-04 15:54:35,307 - INFO - fastread - 207, 3480
2019-02-04 15:54:35,316 - INFO - fastread - 207, 3490
2019-02-04 15:54:35,323 - INFO - fastread - 207, 3500
2019-02-04 15:54:35,327 - INFO - fastread - 207, 3510
2019-02-04 15:54:35,333 - INFO - fastread - 207, 3520
2019-02-04 15:54:35,340 - INFO - fastread - 207, 3530
2019-02-04 15:54:35,348 - INFO - fastread - 207, 3540
2019-02-04 15:54:35,355 - INFO - fastread - 207, 3550
2019-02-04 15:54:35,361 - INFO - fastread - 207, 3560
2019-02-04 15:54:35,371 - INFO - fastread - 207, 3570
2019-02-04 15:54:35,380 - INFO - fastread - 207, 3580
2019-02-04 15:54:35,387 - INFO - fastread - 207, 3590
2019-02-04 15:54:35,394 - INFO - fastread - 207, 3600
2019-02-04 15:54:35,399 - INFO - fastread - 207, 3610
2019-02-04 15:54:35,406 - INFO - fastread - 207, 3620
2019-02-04 15:54:35,412 - INFO - fastread - 207, 3630
2019-02-04 15:54:35,420 - INFO - fastread - 207, 3640
2019-02-04 15:54:35,424 - INFO - fastread - 207, 3650
2019-02-04 15:54:35,427 - INFO - fastread - 207, 3660
2019-02-04 15:54:35,432 - INFO - fastread - 208, 3670
2019-02-04 15:54:35,437 - INFO - fastread - 208, 3680
2019-02-04 15:54:35,442 - INFO - fastread - 208, 3690
2019-02-04 15:54:35,446 - INFO - fastread - 208, 3700
2019-02-04 15:54:35,450 - INFO - fastread - 208, 3710
2019-02-04 15:54:35,454 - INFO - fastread - 208, 3720
2019-02-04 15:54:35,458 - INFO - fastread - 208, 3730
2019-02-04 15:54:35,462 - INFO - fastread - 208, 3740
2019-02-04 15:54:35,468 - INFO - fastread - 208, 3750
2019-02-04 15:54:35,475 - INFO - fastread - 208, 3760
2019-02-04 15:54:35,481 - INFO - fastread - 208, 3770
2019-02-04 15:54:35,486 - INFO - fastread - 208, 3780
2019-02-04 15:54:35,491 - INFO - fastread - 208, 3790
2019-02-04 15:54:35,498 - INFO - fastread - 208, 3800
2019-02-04 15:54:35,503 - INFO - fastread - 208, 3810
2019-02-04 15:54:35,509 - INFO - fastread - 208, 3820
2019-02-04 15:54:35,515 - INFO - fastread - 208, 3830
2019-02-04 15:54:35,522 - INFO - fastread - 208, 3840
2019-02-04 15:54:35,528 - INFO - fastread - 208, 3850
2019-02-04 15:54:35,534 - INFO - fastread - 208, 3860
2019-02-04 15:54:35,541 - INFO - fastread - 208, 3870
2019-02-04 15:54:35,549 - INFO - fastread - 208, 3880
2019-02-04 15:54:35,555 - INFO - fastread - 208, 3890
2019-02-04 15:54:35,562 - INFO - fastread - 208, 3900
2019-02-04 15:54:35,566 - INFO - fastread - 208, 3910
2019-02-04 15:54:35,573 - INFO - fastread - 208, 3920
2019-02-04 15:54:35,579 - INFO - fastread - 208, 3930
2019-02-04 15:54:35,585 - INFO - fastread - 208, 3940
2019-02-04 15:54:35,592 - INFO - fastread - 208, 3950
2019-02-04 15:54:35,599 - INFO - fastread - 208, 3960
2019-02-04 15:54:35,607 - INFO - fastread - 208, 3970
2019-02-04 15:54:35,613 - INFO - fastread - 208, 3980
2019-02-04 15:54:35,619 - INFO - fastread - 208, 3990
2019-02-04 15:54:35,627 - INFO - fastread - 208, 4000
2019-02-04 15:54:35,635 - INFO - fastread - 208, 4010
2019-02-04 15:54:35,642 - INFO - fastread - 208, 4020
2019-02-04 15:54:35,648 - INFO - fastread - 208, 4030
2019-02-04 15:54:35,654 - INFO - fastread - 208, 4040
2019-02-04 15:54:35,660 - INFO - fastread - 208, 4050
2019-02-04 15:54:35,666 - INFO - fastread - 208, 4060
2019-02-04 15:54:35,671 - INFO - fastread - 208, 4070
2019-02-04 15:54:35,678 - INFO - fastread - 208, 4080
2019-02-04 15:54:35,684 - INFO - fastread - 208, 4090
2019-02-04 15:54:35,691 - INFO - fastread - 208, 4100
2019-02-04 15:54:35,697 - INFO - fastread - 208, 4110
2019-02-04 15:54:35,702 - INFO - fastread - 208, 4120
2019-02-04 15:54:35,708 - INFO - fastread - 209, 4130
2019-02-04 15:54:35,712 - INFO - fastread - 209, 4140
2019-02-04 15:54:35,718 - INFO - fastread - 209, 4150
2019-02-04 15:54:35,723 - INFO - fastread - 209, 4160
2019-02-04 15:54:35,730 - INFO - fastread - 209, 4170
2019-02-04 15:54:35,734 - INFO - fastread - 209, 4180
2019-02-04 15:54:35,738 - INFO - fastread - 209, 4190
2019-02-04 15:54:35,743 - INFO - fastread - 209, 4200
2019-02-04 15:54:35,747 - INFO - fastread - 209, 4210
2019-02-04 15:54:35,753 - INFO - fastread - 209, 4220
2019-02-04 15:54:35,759 - INFO - fastread - 209, 4230
2019-02-04 15:54:35,764 - INFO - fastread - 209, 4240
2019-02-04 15:54:35,768 - INFO - fastread - 209, 4250
2019-02-04 15:54:35,773 - INFO - fastread - 209, 4260
2019-02-04 15:54:35,779 - INFO - fastread - 209, 4270
2019-02-04 15:54:35,785 - INFO - fastread - 209, 4280
2019-02-04 15:54:35,792 - INFO - fastread - 209, 4290
2019-02-04 15:54:35,798 - INFO - fastread - 209, 4300
2019-02-04 15:54:35,804 - INFO - fastread - 209, 4310
2019-02-04 15:54:35,811 - INFO - fastread - 209, 4320
2019-02-04 15:54:35,815 - INFO - fastread - 209, 4330
2019-02-04 15:54:35,819 - INFO - fastread - 209, 4340
2019-02-04 15:54:35,823 - INFO - fastread - 209, 4350
2019-02-04 15:54:35,827 - INFO - fastread - 209, 4360
2019-02-04 15:54:35,832 - INFO - fastread - 209, 4370
2019-02-04 15:54:35,837 - INFO - fastread - 209, 4380
2019-02-04 15:54:35,844 - INFO - fastread - 209, 4390
2019-02-04 15:54:35,850 - INFO - fastread - 209, 4400
2019-02-04 15:54:35,872 - INFO - rig - ++++NEW CLF++++ KNN
2019-02-04 15:54:35,872 - INFO - fastread - Total Yes: 209 | Total No: 4199
2019-02-04 15:58:57,817 - INFO - fastread - 10, 10
2019-02-04 15:58:57,836 - INFO - fastread - 20, 20
2019-02-04 15:58:57,841 - INFO - fastread - 23, 30
2019-02-04 15:58:57,847 - INFO - fastread - 26, 40
2019-02-04 15:58:57,854 - INFO - fastread - 27, 50
2019-02-04 15:58:57,860 - INFO - fastread - 28, 60
2019-02-04 15:58:57,866 - INFO - fastread - 28, 70
2019-02-04 15:58:57,872 - INFO - fastread - 29, 80
2019-02-04 15:58:57,877 - INFO - fastread - 30, 90
2019-02-04 15:58:57,882 - INFO - fastread - 32, 100
2019-02-04 15:58:57,887 - INFO - fastread - 34, 110
2019-02-04 15:58:57,895 - INFO - fastread - 36, 120
2019-02-04 15:58:57,902 - INFO - fastread - 38, 130
2019-02-04 15:58:57,909 - INFO - fastread - 38, 140
2019-02-04 15:58:57,917 - INFO - fastread - 40, 150
2019-02-04 15:58:57,922 - INFO - fastread - 40, 160
2019-02-04 15:58:57,929 - INFO - fastread - 40, 170
2019-02-04 15:58:57,936 - INFO - fastread - 43, 180
2019-02-04 15:58:57,944 - INFO - fastread - 43, 190
2019-02-04 15:58:57,955 - INFO - fastread - 44, 200
2019-02-04 15:58:57,962 - INFO - fastread - 44, 210
2019-02-04 15:58:57,969 - INFO - fastread - 45, 220
2019-02-04 15:58:57,979 - INFO - fastread - 45, 230
2019-02-04 15:58:57,990 - INFO - fastread - 45, 240
2019-02-04 15:58:58,000 - INFO - fastread - 45, 250
2019-02-04 15:58:58,012 - INFO - fastread - 45, 260
2019-02-04 15:58:58,020 - INFO - fastread - 45, 270
2019-02-04 15:58:58,027 - INFO - fastread - 45, 280
2019-02-04 15:58:58,036 - INFO - fastread - 45, 290
2019-02-04 15:58:58,045 - INFO - fastread - 45, 300
2019-02-04 15:58:58,052 - INFO - fastread - 45, 310
2019-02-04 15:58:58,059 - INFO - fastread - 46, 320
2019-02-04 15:58:58,067 - INFO - fastread - 46, 330
2019-02-04 15:58:58,073 - INFO - fastread - 46, 340
2019-02-04 15:58:58,082 - INFO - fastread - 48, 350
2019-02-04 15:58:58,087 - INFO - fastread - 48, 360
2019-02-04 15:58:58,094 - INFO - fastread - 48, 370
2019-02-04 15:58:58,100 - INFO - fastread - 48, 380
2019-02-04 15:58:58,106 - INFO - fastread - 48, 390
2019-02-04 15:58:58,113 - INFO - fastread - 48, 400
2019-02-04 15:58:58,119 - INFO - fastread - 48, 410
2019-02-04 15:58:58,127 - INFO - fastread - 48, 420
2019-02-04 15:58:58,134 - INFO - fastread - 48, 430
2019-02-04 15:58:58,139 - INFO - fastread - 48, 440
2019-02-04 15:58:58,144 - INFO - fastread - 49, 450
2019-02-04 15:58:58,150 - INFO - fastread - 49, 460
2019-02-04 15:58:58,156 - INFO - fastread - 49, 470
2019-02-04 15:58:58,161 - INFO - fastread - 49, 480
2019-02-04 15:58:58,166 - INFO - fastread - 50, 490
2019-02-04 15:58:58,170 - INFO - fastread - 50, 500
2019-02-04 15:58:58,175 - INFO - fastread - 50, 510
2019-02-04 15:58:58,179 - INFO - fastread - 51, 520
2019-02-04 15:58:58,185 - INFO - fastread - 52, 530
2019-02-04 15:58:58,190 - INFO - fastread - 53, 540
2019-02-04 15:58:58,196 - INFO - fastread - 53, 550
2019-02-04 15:58:58,202 - INFO - fastread - 53, 560
2019-02-04 15:58:58,208 - INFO - fastread - 53, 570
2019-02-04 15:58:58,213 - INFO - fastread - 53, 580
2019-02-04 15:58:58,219 - INFO - fastread - 53, 590
2019-02-04 15:58:58,224 - INFO - fastread - 53, 600
2019-02-04 15:58:58,230 - INFO - fastread - 53, 610
2019-02-04 15:58:58,234 - INFO - fastread - 53, 620
2019-02-04 15:58:58,239 - INFO - fastread - 53, 630
2019-02-04 15:58:58,246 - INFO - fastread - 53, 640
2019-02-04 15:58:58,252 - INFO - fastread - 54, 650
2019-02-04 15:58:58,258 - INFO - fastread - 54, 660
2019-02-04 15:58:58,264 - INFO - fastread - 54, 670
2019-02-04 15:58:58,269 - INFO - fastread - 54, 680
2019-02-04 15:58:58,276 - INFO - fastread - 55, 690
2019-02-04 15:58:58,282 - INFO - fastread - 55, 700
2019-02-04 15:58:58,288 - INFO - fastread - 57, 710
2019-02-04 15:58:58,294 - INFO - fastread - 57, 720
2019-02-04 15:58:58,300 - INFO - fastread - 57, 730
2019-02-04 15:58:58,306 - INFO - fastread - 58, 740
2019-02-04 15:58:58,312 - INFO - fastread - 58, 750
2019-02-04 15:58:58,318 - INFO - fastread - 58, 760
2019-02-04 15:58:58,324 - INFO - fastread - 59, 770
2019-02-04 15:58:58,330 - INFO - fastread - 60, 780
2019-02-04 15:58:58,335 - INFO - fastread - 60, 790
2019-02-04 15:58:58,341 - INFO - fastread - 61, 800
2019-02-04 15:58:58,347 - INFO - fastread - 62, 810
2019-02-04 15:58:58,353 - INFO - fastread - 62, 820
2019-02-04 15:58:58,359 - INFO - fastread - 62, 830
2019-02-04 15:58:58,365 - INFO - fastread - 62, 840
2019-02-04 15:58:58,370 - INFO - fastread - 62, 850
2019-02-04 15:58:58,375 - INFO - fastread - 63, 860
2019-02-04 15:58:58,380 - INFO - fastread - 64, 870
2019-02-04 15:58:58,385 - INFO - fastread - 64, 880
2019-02-04 15:58:58,390 - INFO - fastread - 64, 890
2019-02-04 15:58:58,394 - INFO - fastread - 64, 900
2019-02-04 15:58:58,399 - INFO - fastread - 64, 910
2019-02-04 15:58:58,404 - INFO - fastread - 64, 920
2019-02-04 15:58:58,410 - INFO - fastread - 64, 930
2019-02-04 15:58:58,415 - INFO - fastread - 64, 940
2019-02-04 15:58:58,420 - INFO - fastread - 65, 950
2019-02-04 15:58:58,426 - INFO - fastread - 67, 960
2019-02-04 15:58:58,430 - INFO - fastread - 67, 970
2019-02-04 15:58:58,435 - INFO - fastread - 68, 980
2019-02-04 15:58:58,441 - INFO - fastread - 68, 990
2019-02-04 15:58:58,445 - INFO - fastread - 69, 1000
2019-02-04 15:58:58,450 - INFO - fastread - 69, 1010
2019-02-04 15:58:58,456 - INFO - fastread - 69, 1020
2019-02-04 15:58:58,461 - INFO - fastread - 69, 1030
2019-02-04 15:58:58,466 - INFO - fastread - 69, 1040
2019-02-04 15:58:58,472 - INFO - fastread - 69, 1050
2019-02-04 15:58:58,476 - INFO - fastread - 69, 1060
2019-02-04 15:58:58,481 - INFO - fastread - 69, 1070
2019-02-04 15:58:58,487 - INFO - fastread - 69, 1080
2019-02-04 15:58:58,492 - INFO - fastread - 70, 1090
2019-02-04 15:58:58,499 - INFO - fastread - 70, 1100
2019-02-04 15:58:58,504 - INFO - fastread - 70, 1110
2019-02-04 15:58:58,509 - INFO - fastread - 70, 1120
2019-02-04 15:58:58,517 - INFO - fastread - 70, 1130
2019-02-04 15:58:58,524 - INFO - fastread - 71, 1140
2019-02-04 15:58:58,530 - INFO - fastread - 71, 1150
2019-02-04 15:58:58,535 - INFO - fastread - 73, 1160
2019-02-04 15:58:58,541 - INFO - fastread - 74, 1170
2019-02-04 15:58:58,547 - INFO - fastread - 74, 1180
2019-02-04 15:58:58,553 - INFO - fastread - 74, 1190
2019-02-04 15:58:58,559 - INFO - fastread - 74, 1200
2019-02-04 15:58:58,564 - INFO - fastread - 74, 1210
2019-02-04 15:58:58,570 - INFO - fastread - 75, 1220
2019-02-04 15:58:58,575 - INFO - fastread - 75, 1230
2019-02-04 15:58:58,580 - INFO - fastread - 76, 1240
2019-02-04 15:58:58,585 - INFO - fastread - 77, 1250
2019-02-04 15:58:58,589 - INFO - fastread - 78, 1260
2019-02-04 15:58:58,595 - INFO - fastread - 78, 1270
2019-02-04 15:58:58,600 - INFO - fastread - 78, 1280
2019-02-04 15:58:58,605 - INFO - fastread - 78, 1290
2019-02-04 15:58:58,610 - INFO - fastread - 78, 1300
2019-02-04 15:58:58,616 - INFO - fastread - 78, 1310
2019-02-04 15:58:58,622 - INFO - fastread - 78, 1320
2019-02-04 15:58:58,628 - INFO - fastread - 78, 1330
2019-02-04 15:58:58,634 - INFO - fastread - 79, 1340
2019-02-04 15:58:58,641 - INFO - fastread - 79, 1350
2019-02-04 15:58:58,647 - INFO - fastread - 79, 1360
2019-02-04 15:58:58,652 - INFO - fastread - 79, 1370
2019-02-04 15:58:58,658 - INFO - fastread - 79, 1380
2019-02-04 15:58:58,663 - INFO - fastread - 79, 1390
2019-02-04 15:58:58,668 - INFO - fastread - 79, 1400
2019-02-04 15:58:58,673 - INFO - fastread - 79, 1410
2019-02-04 15:58:58,677 - INFO - fastread - 79, 1420
2019-02-04 15:58:58,682 - INFO - fastread - 79, 1430
2019-02-04 15:58:58,688 - INFO - fastread - 79, 1440
2019-02-04 15:58:58,692 - INFO - fastread - 79, 1450
2019-02-04 15:58:58,698 - INFO - fastread - 80, 1460
2019-02-04 15:58:58,704 - INFO - fastread - 80, 1470
2019-02-04 15:58:58,709 - INFO - fastread - 81, 1480
2019-02-04 15:58:58,715 - INFO - fastread - 81, 1490
2019-02-04 15:58:58,720 - INFO - fastread - 81, 1500
2019-02-04 15:58:58,725 - INFO - fastread - 81, 1510
2019-02-04 15:58:58,731 - INFO - fastread - 82, 1520
2019-02-04 15:58:58,737 - INFO - fastread - 84, 1530
2019-02-04 15:58:58,744 - INFO - fastread - 84, 1540
2019-02-04 15:58:58,749 - INFO - fastread - 86, 1550
2019-02-04 15:58:58,754 - INFO - fastread - 89, 1560
2019-02-04 15:58:58,761 - INFO - fastread - 89, 1570
2019-02-04 15:58:58,765 - INFO - fastread - 89, 1580
2019-02-04 15:58:58,769 - INFO - fastread - 90, 1590
2019-02-04 15:58:58,773 - INFO - fastread - 90, 1600
2019-02-04 15:58:58,778 - INFO - fastread - 90, 1610
2019-02-04 15:58:58,782 - INFO - fastread - 90, 1620
2019-02-04 15:58:58,786 - INFO - fastread - 92, 1630
2019-02-04 15:58:58,790 - INFO - fastread - 92, 1640
2019-02-04 15:58:58,795 - INFO - fastread - 92, 1650
2019-02-04 15:58:58,800 - INFO - fastread - 93, 1660
2019-02-04 15:58:58,805 - INFO - fastread - 93, 1670
2019-02-04 15:58:58,810 - INFO - fastread - 94, 1680
2019-02-04 15:58:58,815 - INFO - fastread - 95, 1690
2019-02-04 15:58:58,821 - INFO - fastread - 96, 1700
2019-02-04 15:58:58,826 - INFO - fastread - 96, 1710
2019-02-04 15:58:58,830 - INFO - fastread - 96, 1720
2019-02-04 15:58:58,835 - INFO - fastread - 97, 1730
2019-02-04 15:58:58,841 - INFO - fastread - 97, 1740
2019-02-04 15:58:58,847 - INFO - fastread - 97, 1750
2019-02-04 15:58:58,851 - INFO - fastread - 98, 1760
2019-02-04 15:58:58,856 - INFO - fastread - 98, 1770
2019-02-04 15:58:58,861 - INFO - fastread - 99, 1780
2019-02-04 15:58:58,867 - INFO - fastread - 99, 1790
2019-02-04 15:58:58,873 - INFO - fastread - 99, 1800
2019-02-04 15:58:58,878 - INFO - fastread - 99, 1810
2019-02-04 15:58:58,884 - INFO - fastread - 99, 1820
2019-02-04 15:58:58,889 - INFO - fastread - 99, 1830
2019-02-04 15:58:58,895 - INFO - fastread - 100, 1840
2019-02-04 15:58:58,901 - INFO - fastread - 102, 1850
2019-02-04 15:58:58,908 - INFO - fastread - 102, 1860
2019-02-04 15:58:58,915 - INFO - fastread - 103, 1870
2019-02-04 15:58:58,924 - INFO - fastread - 103, 1880
2019-02-04 15:58:58,931 - INFO - fastread - 103, 1890
2019-02-04 15:58:58,936 - INFO - fastread - 103, 1900
2019-02-04 15:58:58,943 - INFO - fastread - 103, 1910
2019-02-04 15:58:58,949 - INFO - fastread - 103, 1920
2019-02-04 15:58:58,955 - INFO - fastread - 103, 1930
2019-02-04 15:58:58,961 - INFO - fastread - 103, 1940
2019-02-04 15:58:58,966 - INFO - fastread - 103, 1950
2019-02-04 15:58:58,971 - INFO - fastread - 103, 1960
2019-02-04 15:58:58,975 - INFO - fastread - 103, 1970
2019-02-04 15:58:58,980 - INFO - fastread - 103, 1980
2019-02-04 15:58:58,985 - INFO - fastread - 103, 1990
2019-02-04 15:58:58,991 - INFO - fastread - 104, 2000
2019-02-04 15:58:58,996 - INFO - fastread - 104, 2010
2019-02-04 15:58:59,001 - INFO - fastread - 104, 2020
2019-02-04 15:58:59,009 - INFO - fastread - 105, 2030
2019-02-04 15:58:59,015 - INFO - fastread - 107, 2040
2019-02-04 15:58:59,022 - INFO - fastread - 108, 2050
2019-02-04 15:58:59,029 - INFO - fastread - 108, 2060
2019-02-04 15:58:59,034 - INFO - fastread - 108, 2070
2019-02-04 15:58:59,041 - INFO - fastread - 108, 2080
2019-02-04 15:58:59,048 - INFO - fastread - 109, 2090
2019-02-04 15:58:59,056 - INFO - fastread - 109, 2100
2019-02-04 15:58:59,062 - INFO - fastread - 110, 2110
2019-02-04 15:58:59,068 - INFO - fastread - 110, 2120
2019-02-04 15:58:59,074 - INFO - fastread - 112, 2130
2019-02-04 15:58:59,080 - INFO - fastread - 112, 2140
2019-02-04 15:58:59,087 - INFO - fastread - 115, 2150
2019-02-04 15:58:59,093 - INFO - fastread - 115, 2160
2019-02-04 15:58:59,101 - INFO - fastread - 116, 2170
2019-02-04 15:58:59,110 - INFO - fastread - 116, 2180
2019-02-04 15:58:59,120 - INFO - fastread - 116, 2190
2019-02-04 15:58:59,127 - INFO - fastread - 116, 2200
2019-02-04 15:58:59,134 - INFO - fastread - 116, 2210
2019-02-04 15:58:59,139 - INFO - fastread - 116, 2220
2019-02-04 15:58:59,145 - INFO - fastread - 116, 2230
2019-02-04 15:58:59,152 - INFO - fastread - 117, 2240
2019-02-04 15:58:59,156 - INFO - fastread - 118, 2250
2019-02-04 15:58:59,161 - INFO - fastread - 118, 2260
2019-02-04 15:58:59,166 - INFO - fastread - 118, 2270
2019-02-04 15:58:59,171 - INFO - fastread - 119, 2280
2019-02-04 15:58:59,178 - INFO - fastread - 119, 2290
2019-02-04 15:58:59,182 - INFO - fastread - 119, 2300
2019-02-04 15:58:59,187 - INFO - fastread - 119, 2310
2019-02-04 15:58:59,192 - INFO - fastread - 119, 2320
2019-02-04 15:58:59,197 - INFO - fastread - 119, 2330
2019-02-04 15:58:59,203 - INFO - fastread - 121, 2340
2019-02-04 15:58:59,208 - INFO - fastread - 121, 2350
2019-02-04 15:58:59,214 - INFO - fastread - 122, 2360
2019-02-04 15:58:59,218 - INFO - fastread - 122, 2370
2019-02-04 15:58:59,224 - INFO - fastread - 122, 2380
2019-02-04 15:58:59,231 - INFO - fastread - 122, 2390
2019-02-04 15:58:59,234 - INFO - fastread - 122, 2400
2019-02-04 15:58:59,241 - INFO - fastread - 122, 2410
2019-02-04 15:58:59,246 - INFO - fastread - 122, 2420
2019-02-04 15:58:59,250 - INFO - fastread - 123, 2430
2019-02-04 15:58:59,256 - INFO - fastread - 123, 2440
2019-02-04 15:58:59,262 - INFO - fastread - 123, 2450
2019-02-04 15:58:59,267 - INFO - fastread - 124, 2460
2019-02-04 15:58:59,273 - INFO - fastread - 124, 2470
2019-02-04 15:58:59,278 - INFO - fastread - 124, 2480
2019-02-04 15:58:59,284 - INFO - fastread - 124, 2490
2019-02-04 15:58:59,289 - INFO - fastread - 124, 2500
2019-02-04 15:58:59,294 - INFO - fastread - 126, 2510
2019-02-04 15:58:59,300 - INFO - fastread - 127, 2520
2019-02-04 15:58:59,305 - INFO - fastread - 127, 2530
2019-02-04 15:58:59,311 - INFO - fastread - 127, 2540
2019-02-04 15:58:59,318 - INFO - fastread - 127, 2550
2019-02-04 15:58:59,324 - INFO - fastread - 128, 2560
2019-02-04 15:58:59,331 - INFO - fastread - 128, 2570
2019-02-04 15:58:59,338 - INFO - fastread - 128, 2580
2019-02-04 15:58:59,344 - INFO - fastread - 128, 2590
2019-02-04 15:58:59,348 - INFO - fastread - 129, 2600
2019-02-04 15:58:59,353 - INFO - fastread - 130, 2610
2019-02-04 15:58:59,358 - INFO - fastread - 130, 2620
2019-02-04 15:58:59,363 - INFO - fastread - 130, 2630
2019-02-04 15:58:59,367 - INFO - fastread - 131, 2640
2019-02-04 15:58:59,373 - INFO - fastread - 131, 2650
2019-02-04 15:58:59,378 - INFO - fastread - 132, 2660
2019-02-04 15:58:59,383 - INFO - fastread - 133, 2670
2019-02-04 15:58:59,387 - INFO - fastread - 133, 2680
2019-02-04 15:58:59,392 - INFO - fastread - 134, 2690
2019-02-04 15:58:59,396 - INFO - fastread - 134, 2700
2019-02-04 15:58:59,402 - INFO - fastread - 135, 2710
2019-02-04 15:58:59,408 - INFO - fastread - 135, 2720
2019-02-04 15:58:59,413 - INFO - fastread - 137, 2730
2019-02-04 15:58:59,418 - INFO - fastread - 137, 2740
2019-02-04 15:58:59,424 - INFO - fastread - 137, 2750
2019-02-04 15:58:59,429 - INFO - fastread - 137, 2760
2019-02-04 15:58:59,436 - INFO - fastread - 137, 2770
2019-02-04 15:58:59,440 - INFO - fastread - 137, 2780
2019-02-04 15:58:59,444 - INFO - fastread - 139, 2790
2019-02-04 15:58:59,451 - INFO - fastread - 139, 2800
2019-02-04 15:58:59,457 - INFO - fastread - 139, 2810
2019-02-04 15:58:59,465 - INFO - fastread - 140, 2820
2019-02-04 15:58:59,474 - INFO - fastread - 140, 2830
2019-02-04 15:58:59,483 - INFO - fastread - 140, 2840
2019-02-04 15:58:59,493 - INFO - fastread - 141, 2850
2019-02-04 15:58:59,508 - INFO - fastread - 141, 2860
2019-02-04 15:58:59,533 - INFO - fastread - 141, 2870
2019-02-04 15:58:59,553 - INFO - fastread - 141, 2880
2019-02-04 15:58:59,566 - INFO - fastread - 141, 2890
2019-02-04 15:58:59,579 - INFO - fastread - 141, 2900
2019-02-04 15:58:59,585 - INFO - fastread - 141, 2910
2019-02-04 15:58:59,593 - INFO - fastread - 142, 2920
2019-02-04 15:58:59,598 - INFO - fastread - 143, 2930
2019-02-04 15:58:59,603 - INFO - fastread - 143, 2940
2019-02-04 15:58:59,607 - INFO - fastread - 143, 2950
2019-02-04 15:58:59,613 - INFO - fastread - 144, 2960
2019-02-04 15:58:59,620 - INFO - fastread - 146, 2970
2019-02-04 15:58:59,627 - INFO - fastread - 146, 2980
2019-02-04 15:58:59,633 - INFO - fastread - 147, 2990
2019-02-04 15:58:59,642 - INFO - fastread - 148, 3000
2019-02-04 15:58:59,653 - INFO - fastread - 148, 3010
2019-02-04 15:58:59,660 - INFO - fastread - 148, 3020
2019-02-04 15:58:59,667 - INFO - fastread - 148, 3030
2019-02-04 15:58:59,673 - INFO - fastread - 148, 3040
2019-02-04 15:58:59,680 - INFO - fastread - 149, 3050
2019-02-04 15:58:59,686 - INFO - fastread - 151, 3060
2019-02-04 15:58:59,694 - INFO - fastread - 152, 3070
2019-02-04 15:58:59,708 - INFO - fastread - 153, 3080
2019-02-04 15:58:59,722 - INFO - fastread - 154, 3090
2019-02-04 15:58:59,735 - INFO - fastread - 154, 3100
2019-02-04 15:58:59,747 - INFO - fastread - 154, 3110
2019-02-04 15:58:59,755 - INFO - fastread - 154, 3120
2019-02-04 15:58:59,765 - INFO - fastread - 154, 3130
2019-02-04 15:58:59,776 - INFO - fastread - 154, 3140
2019-02-04 15:58:59,791 - INFO - fastread - 154, 3150
2019-02-04 15:58:59,799 - INFO - fastread - 154, 3160
2019-02-04 15:58:59,815 - INFO - fastread - 155, 3170
2019-02-04 15:58:59,823 - INFO - fastread - 155, 3180
2019-02-04 15:58:59,830 - INFO - fastread - 155, 3190
2019-02-04 15:58:59,837 - INFO - fastread - 156, 3200
2019-02-04 15:58:59,848 - INFO - fastread - 156, 3210
2019-02-04 15:58:59,856 - INFO - fastread - 156, 3220
2019-02-04 15:58:59,862 - INFO - fastread - 156, 3230
2019-02-04 15:58:59,870 - INFO - fastread - 157, 3240
2019-02-04 15:58:59,879 - INFO - fastread - 157, 3250
2019-02-04 15:58:59,886 - INFO - fastread - 157, 3260
2019-02-04 15:58:59,894 - INFO - fastread - 157, 3270
2019-02-04 15:58:59,899 - INFO - fastread - 159, 3280
2019-02-04 15:58:59,905 - INFO - fastread - 160, 3290
2019-02-04 15:58:59,912 - INFO - fastread - 161, 3300
2019-02-04 15:58:59,919 - INFO - fastread - 161, 3310
2019-02-04 15:58:59,931 - INFO - fastread - 161, 3320
2019-02-04 15:58:59,958 - INFO - fastread - 161, 3330
2019-02-04 15:58:59,970 - INFO - fastread - 161, 3340
2019-02-04 15:58:59,977 - INFO - fastread - 161, 3350
2019-02-04 15:58:59,991 - INFO - fastread - 161, 3360
2019-02-04 15:58:59,999 - INFO - fastread - 162, 3370
2019-02-04 15:59:00,004 - INFO - fastread - 163, 3380
2019-02-04 15:59:00,009 - INFO - fastread - 164, 3390
2019-02-04 15:59:00,013 - INFO - fastread - 164, 3400
2019-02-04 15:59:00,018 - INFO - fastread - 164, 3410
2019-02-04 15:59:00,022 - INFO - fastread - 165, 3420
2019-02-04 15:59:00,029 - INFO - fastread - 166, 3430
2019-02-04 15:59:00,032 - INFO - fastread - 166, 3440
2019-02-04 15:59:00,037 - INFO - fastread - 167, 3450
2019-02-04 15:59:00,044 - INFO - fastread - 167, 3460
2019-02-04 15:59:00,048 - INFO - fastread - 168, 3470
2019-02-04 15:59:00,052 - INFO - fastread - 168, 3480
2019-02-04 15:59:00,058 - INFO - fastread - 170, 3490
2019-02-04 15:59:00,063 - INFO - fastread - 170, 3500
2019-02-04 15:59:00,073 - INFO - fastread - 171, 3510
2019-02-04 15:59:00,077 - INFO - fastread - 171, 3520
2019-02-04 15:59:00,081 - INFO - fastread - 171, 3530
2019-02-04 15:59:00,085 - INFO - fastread - 172, 3540
2019-02-04 15:59:00,090 - INFO - fastread - 172, 3550
2019-02-04 15:59:00,095 - INFO - fastread - 172, 3560
2019-02-04 15:59:00,100 - INFO - fastread - 173, 3570
2019-02-04 15:59:00,109 - INFO - fastread - 173, 3580
2019-02-04 15:59:00,117 - INFO - fastread - 173, 3590
2019-02-04 15:59:00,123 - INFO - fastread - 173, 3600
2019-02-04 15:59:00,128 - INFO - fastread - 174, 3610
2019-02-04 15:59:00,133 - INFO - fastread - 176, 3620
2019-02-04 15:59:00,138 - INFO - fastread - 176, 3630
2019-02-04 15:59:00,143 - INFO - fastread - 177, 3640
2019-02-04 15:59:00,150 - INFO - fastread - 177, 3650
2019-02-04 15:59:00,154 - INFO - fastread - 177, 3660
2019-02-04 15:59:00,168 - INFO - fastread - 177, 3670
2019-02-04 15:59:00,172 - INFO - fastread - 178, 3680
2019-02-04 15:59:00,175 - INFO - fastread - 178, 3690
2019-02-04 15:59:00,219 - INFO - fastread - 178, 3700
2019-02-04 15:59:00,235 - INFO - fastread - 178, 3710
2019-02-04 15:59:00,242 - INFO - fastread - 178, 3720
2019-02-04 15:59:00,254 - INFO - fastread - 178, 3730
2019-02-04 15:59:00,265 - INFO - fastread - 178, 3740
2019-02-04 15:59:00,289 - INFO - fastread - 178, 3750
2019-02-04 15:59:00,302 - INFO - fastread - 178, 3760
2019-02-04 15:59:00,311 - INFO - fastread - 178, 3770
2019-02-04 15:59:00,317 - INFO - fastread - 178, 3780
2019-02-04 15:59:00,324 - INFO - fastread - 178, 3790
2019-02-04 15:59:00,343 - INFO - fastread - 178, 3800
2019-02-04 15:59:00,358 - INFO - fastread - 178, 3810
2019-02-04 15:59:00,373 - INFO - fastread - 179, 3820
2019-02-04 15:59:00,393 - INFO - fastread - 179, 3830
2019-02-04 15:59:00,399 - INFO - fastread - 180, 3840
2019-02-04 15:59:00,402 - INFO - fastread - 180, 3850
2019-02-04 15:59:00,407 - INFO - fastread - 182, 3860
2019-02-04 15:59:00,415 - INFO - fastread - 182, 3870
2019-02-04 15:59:00,426 - INFO - fastread - 182, 3880
2019-02-04 15:59:00,469 - INFO - fastread - 182, 3890
2019-02-04 15:59:00,591 - INFO - fastread - 183, 3900
2019-02-04 15:59:00,596 - INFO - fastread - 183, 3910
2019-02-04 15:59:00,600 - INFO - fastread - 183, 3920
2019-02-04 15:59:00,608 - INFO - fastread - 183, 3930
2019-02-04 15:59:00,614 - INFO - fastread - 184, 3940
2019-02-04 15:59:00,621 - INFO - fastread - 185, 3950
2019-02-04 15:59:00,626 - INFO - fastread - 186, 3960
2019-02-04 15:59:00,631 - INFO - fastread - 186, 3970
2019-02-04 15:59:00,636 - INFO - fastread - 187, 3980
2019-02-04 15:59:00,641 - INFO - fastread - 189, 3990
2019-02-04 15:59:00,647 - INFO - fastread - 189, 4000
2019-02-04 15:59:00,653 - INFO - fastread - 189, 4010
2019-02-04 15:59:00,657 - INFO - fastread - 191, 4020
2019-02-04 15:59:00,661 - INFO - fastread - 191, 4030
2019-02-04 15:59:00,664 - INFO - fastread - 192, 4040
2019-02-04 15:59:00,669 - INFO - fastread - 192, 4050
2019-02-04 15:59:00,673 - INFO - fastread - 192, 4060
2019-02-04 15:59:00,678 - INFO - fastread - 192, 4070
2019-02-04 15:59:00,682 - INFO - fastread - 194, 4080
2019-02-04 15:59:00,687 - INFO - fastread - 194, 4090
2019-02-04 15:59:00,691 - INFO - fastread - 194, 4100
2019-02-04 15:59:00,695 - INFO - fastread - 194, 4110
2019-02-04 15:59:00,699 - INFO - fastread - 195, 4120
2019-02-04 15:59:00,704 - INFO - fastread - 195, 4130
2019-02-04 15:59:00,708 - INFO - fastread - 195, 4140
2019-02-04 15:59:00,773 - INFO - fastread - 195, 4150
2019-02-04 15:59:00,781 - INFO - fastread - 195, 4160
2019-02-04 15:59:00,797 - INFO - fastread - 196, 4170
2019-02-04 15:59:00,831 - INFO - fastread - 197, 4180
2019-02-04 15:59:00,839 - INFO - fastread - 199, 4190
2019-02-04 15:59:00,852 - INFO - fastread - 200, 4200
2019-02-04 15:59:00,888 - INFO - fastread - 200, 4210
2019-02-04 15:59:00,941 - INFO - fastread - 200, 4220
2019-02-04 15:59:00,959 - INFO - fastread - 200, 4230
2019-02-04 15:59:01,004 - INFO - fastread - 201, 4240
2019-02-04 15:59:01,054 - INFO - fastread - 201, 4250
2019-02-04 15:59:01,120 - INFO - fastread - 201, 4260
2019-02-04 15:59:01,263 - INFO - fastread - 202, 4270
2019-02-04 15:59:01,271 - INFO - fastread - 202, 4280
2019-02-04 15:59:01,289 - INFO - fastread - 203, 4290
2019-02-04 15:59:01,329 - INFO - fastread - 203, 4300
2019-02-04 15:59:01,376 - INFO - fastread - 203, 4310
2019-02-04 15:59:01,384 - INFO - fastread - 204, 4320
2019-02-04 15:59:01,395 - INFO - fastread - 204, 4330
2019-02-04 15:59:01,409 - INFO - fastread - 205, 4340
2019-02-04 15:59:01,421 - INFO - fastread - 206, 4350
2019-02-04 15:59:01,447 - INFO - fastread - 206, 4360
2019-02-04 15:59:01,453 - INFO - fastread - 207, 4370
2019-02-04 15:59:01,461 - INFO - fastread - 208, 4380
2019-02-04 15:59:01,470 - INFO - fastread - 209, 4390
2019-02-04 15:59:01,487 - INFO - fastread - 209, 4400
2019-02-04 15:59:01,642 - INFO - rig - ++++NEW CLF++++ DT
2019-02-04 15:59:01,653 - INFO - fastread - Total Yes: 209 | Total No: 4199
2019-02-04 15:59:20,033 - INFO - fastread - 6, 10
2019-02-04 15:59:20,038 - INFO - fastread - 15, 20
2019-02-04 15:59:20,048 - INFO - fastread - 22, 30
2019-02-04 15:59:20,053 - INFO - fastread - 27, 40
2019-02-04 15:59:20,056 - INFO - fastread - 33, 50
2019-02-04 15:59:20,062 - INFO - fastread - 37, 60
2019-02-04 15:59:20,069 - INFO - fastread - 44, 70
2019-02-04 15:59:20,073 - INFO - fastread - 51, 80
2019-02-04 15:59:20,077 - INFO - fastread - 57, 90
2019-02-04 15:59:20,083 - INFO - fastread - 63, 100
2019-02-04 15:59:20,088 - INFO - fastread - 72, 110
2019-02-04 15:59:20,092 - INFO - fastread - 80, 120
2019-02-04 15:59:20,097 - INFO - fastread - 87, 130
2019-02-04 15:59:20,101 - INFO - fastread - 93, 140
2019-02-04 15:59:20,106 - INFO - fastread - 99, 150
2019-02-04 15:59:20,111 - INFO - fastread - 99, 160
2019-02-04 15:59:20,121 - INFO - fastread - 99, 170
2019-02-04 15:59:20,126 - INFO - fastread - 100, 180
2019-02-04 15:59:20,133 - INFO - fastread - 101, 190
2019-02-04 15:59:20,138 - INFO - fastread - 101, 200
2019-02-04 15:59:20,143 - INFO - fastread - 101, 210
2019-02-04 15:59:20,148 - INFO - fastread - 101, 220
2019-02-04 15:59:20,153 - INFO - fastread - 102, 230
2019-02-04 15:59:20,158 - INFO - fastread - 104, 240
2019-02-04 15:59:20,163 - INFO - fastread - 104, 250
2019-02-04 15:59:20,168 - INFO - fastread - 104, 260
2019-02-04 15:59:20,176 - INFO - fastread - 104, 270
2019-02-04 15:59:20,187 - INFO - fastread - 104, 280
2019-02-04 15:59:20,198 - INFO - fastread - 104, 290
2019-02-04 15:59:20,205 - INFO - fastread - 104, 300
2019-02-04 15:59:20,213 - INFO - fastread - 104, 310
2019-02-04 15:59:20,222 - INFO - fastread - 104, 320
2019-02-04 15:59:20,228 - INFO - fastread - 104, 330
2019-02-04 15:59:20,234 - INFO - fastread - 104, 340
2019-02-04 15:59:20,237 - INFO - fastread - 104, 350
2019-02-04 15:59:20,243 - INFO - fastread - 104, 360
2019-02-04 15:59:20,248 - INFO - fastread - 104, 370
2019-02-04 15:59:20,253 - INFO - fastread - 104, 380
2019-02-04 15:59:20,260 - INFO - fastread - 104, 390
2019-02-04 15:59:20,263 - INFO - fastread - 104, 400
2019-02-04 15:59:20,267 - INFO - fastread - 104, 410
2019-02-04 15:59:20,270 - INFO - fastread - 104, 420
2019-02-04 15:59:20,272 - INFO - fastread - 104, 430
2019-02-04 15:59:20,275 - INFO - fastread - 104, 440
2019-02-04 15:59:20,280 - INFO - fastread - 105, 450
2019-02-04 15:59:20,286 - INFO - fastread - 105, 460
2019-02-04 15:59:20,289 - INFO - fastread - 105, 470
2019-02-04 15:59:20,294 - INFO - fastread - 106, 480
2019-02-04 15:59:20,298 - INFO - fastread - 106, 490
2019-02-04 15:59:20,302 - INFO - fastread - 106, 500
2019-02-04 15:59:20,308 - INFO - fastread - 106, 510
2019-02-04 15:59:20,328 - INFO - fastread - 106, 520
2019-02-04 15:59:20,333 - INFO - fastread - 107, 530
2019-02-04 15:59:20,338 - INFO - fastread - 107, 540
2019-02-04 15:59:20,343 - INFO - fastread - 107, 550
2019-02-04 15:59:20,348 - INFO - fastread - 107, 560
2019-02-04 15:59:20,353 - INFO - fastread - 107, 570
2019-02-04 15:59:20,359 - INFO - fastread - 107, 580
2019-02-04 15:59:20,363 - INFO - fastread - 107, 590
2019-02-04 15:59:20,368 - INFO - fastread - 107, 600
2019-02-04 15:59:20,374 - INFO - fastread - 107, 610
2019-02-04 15:59:20,379 - INFO - fastread - 107, 620
2019-02-04 15:59:20,383 - INFO - fastread - 107, 630
2019-02-04 15:59:20,390 - INFO - fastread - 107, 640
2019-02-04 15:59:20,393 - INFO - fastread - 107, 650
2019-02-04 15:59:20,397 - INFO - fastread - 108, 660
2019-02-04 15:59:20,402 - INFO - fastread - 108, 670
2019-02-04 15:59:20,406 - INFO - fastread - 108, 680
2019-02-04 15:59:20,413 - INFO - fastread - 109, 690
2019-02-04 15:59:20,417 - INFO - fastread - 109, 700
2019-02-04 15:59:20,421 - INFO - fastread - 109, 710
2019-02-04 15:59:20,428 - INFO - fastread - 109, 720
2019-02-04 15:59:20,431 - INFO - fastread - 109, 730
2019-02-04 15:59:20,435 - INFO - fastread - 109, 740
2019-02-04 15:59:20,438 - INFO - fastread - 109, 750
2019-02-04 15:59:20,441 - INFO - fastread - 109, 760
2019-02-04 15:59:20,452 - INFO - fastread - 109, 770
2019-02-04 15:59:20,457 - INFO - fastread - 110, 780
2019-02-04 15:59:20,460 - INFO - fastread - 110, 790
2019-02-04 15:59:20,464 - INFO - fastread - 110, 800
2019-02-04 15:59:20,469 - INFO - fastread - 111, 810
2019-02-04 15:59:20,471 - INFO - fastread - 111, 820
2019-02-04 15:59:20,477 - INFO - fastread - 111, 830
2019-02-04 15:59:20,485 - INFO - fastread - 111, 840
2019-02-04 15:59:20,488 - INFO - fastread - 111, 850
2019-02-04 15:59:20,491 - INFO - fastread - 111, 860
2019-02-04 15:59:20,495 - INFO - fastread - 111, 870
2019-02-04 15:59:20,507 - INFO - fastread - 111, 880
2019-02-04 15:59:20,510 - INFO - fastread - 112, 890
2019-02-04 15:59:20,520 - INFO - fastread - 112, 900
2019-02-04 15:59:20,524 - INFO - fastread - 113, 910
2019-02-04 15:59:20,528 - INFO - fastread - 113, 920
2019-02-04 15:59:20,533 - INFO - fastread - 113, 930
2019-02-04 15:59:20,537 - INFO - fastread - 114, 940
2019-02-04 15:59:20,540 - INFO - fastread - 116, 950
2019-02-04 15:59:20,544 - INFO - fastread - 116, 960
2019-02-04 15:59:20,549 - INFO - fastread - 116, 970
2019-02-04 15:59:20,553 - INFO - fastread - 116, 980
2019-02-04 15:59:20,560 - INFO - fastread - 117, 990
2019-02-04 15:59:20,565 - INFO - fastread - 117, 1000
2019-02-04 15:59:20,568 - INFO - fastread - 117, 1010
2019-02-04 15:59:20,575 - INFO - fastread - 117, 1020
2019-02-04 15:59:20,580 - INFO - fastread - 117, 1030
2019-02-04 15:59:20,586 - INFO - fastread - 117, 1040
2019-02-04 15:59:20,600 - INFO - fastread - 117, 1050
2019-02-04 15:59:20,606 - INFO - fastread - 117, 1060
2019-02-04 15:59:20,613 - INFO - fastread - 117, 1070
2019-02-04 15:59:20,621 - INFO - fastread - 117, 1080
2019-02-04 15:59:20,629 - INFO - fastread - 117, 1090
2019-02-04 15:59:20,632 - INFO - fastread - 117, 1100
2019-02-04 15:59:20,636 - INFO - fastread - 117, 1110
2019-02-04 15:59:20,639 - INFO - fastread - 117, 1120
2019-02-04 15:59:20,641 - INFO - fastread - 117, 1130
2019-02-04 15:59:20,644 - INFO - fastread - 117, 1140
2019-02-04 15:59:20,647 - INFO - fastread - 119, 1150
2019-02-04 15:59:20,652 - INFO - fastread - 120, 1160
2019-02-04 15:59:20,655 - INFO - fastread - 120, 1170
2019-02-04 15:59:20,658 - INFO - fastread - 120, 1180
2019-02-04 15:59:20,662 - INFO - fastread - 120, 1190
2019-02-04 15:59:20,664 - INFO - fastread - 120, 1200
2019-02-04 15:59:20,667 - INFO - fastread - 120, 1210
2019-02-04 15:59:20,670 - INFO - fastread - 120, 1220
2019-02-04 15:59:20,672 - INFO - fastread - 121, 1230
2019-02-04 15:59:20,675 - INFO - fastread - 121, 1240
2019-02-04 15:59:20,678 - INFO - fastread - 121, 1250
2019-02-04 15:59:20,682 - INFO - fastread - 121, 1260
2019-02-04 15:59:20,686 - INFO - fastread - 122, 1270
2019-02-04 15:59:20,690 - INFO - fastread - 122, 1280
2019-02-04 15:59:20,693 - INFO - fastread - 122, 1290
2019-02-04 15:59:20,696 - INFO - fastread - 122, 1300
2019-02-04 15:59:20,700 - INFO - fastread - 122, 1310
2019-02-04 15:59:20,704 - INFO - fastread - 122, 1320
2019-02-04 15:59:20,708 - INFO - fastread - 123, 1330
2019-02-04 15:59:20,712 - INFO - fastread - 123, 1340
2019-02-04 15:59:20,716 - INFO - fastread - 123, 1350
2019-02-04 15:59:20,720 - INFO - fastread - 123, 1360
2019-02-04 15:59:20,723 - INFO - fastread - 123, 1370
2019-02-04 15:59:20,726 - INFO - fastread - 123, 1380
2019-02-04 15:59:20,732 - INFO - fastread - 123, 1390
2019-02-04 15:59:20,735 - INFO - fastread - 123, 1400
2019-02-04 15:59:20,737 - INFO - fastread - 123, 1410
2019-02-04 15:59:20,742 - INFO - fastread - 123, 1420
2019-02-04 15:59:20,746 - INFO - fastread - 123, 1430
2019-02-04 15:59:20,750 - INFO - fastread - 123, 1440
2019-02-04 15:59:20,753 - INFO - fastread - 124, 1450
2019-02-04 15:59:20,756 - INFO - fastread - 124, 1460
2019-02-04 15:59:20,760 - INFO - fastread - 124, 1470
2019-02-04 15:59:20,784 - INFO - fastread - 125, 1480
2019-02-04 15:59:20,789 - INFO - fastread - 125, 1490
2019-02-04 15:59:20,794 - INFO - fastread - 126, 1500
2019-02-04 15:59:20,798 - INFO - fastread - 126, 1510
2019-02-04 15:59:20,803 - INFO - fastread - 127, 1520
2019-02-04 15:59:20,807 - INFO - fastread - 127, 1530
2019-02-04 15:59:20,810 - INFO - fastread - 128, 1540
2019-02-04 15:59:20,813 - INFO - fastread - 130, 1550
2019-02-04 15:59:20,815 - INFO - fastread - 130, 1560
2019-02-04 15:59:20,818 - INFO - fastread - 130, 1570
2019-02-04 15:59:20,821 - INFO - fastread - 130, 1580
2019-02-04 15:59:20,824 - INFO - fastread - 130, 1590
2019-02-04 15:59:20,827 - INFO - fastread - 130, 1600
2019-02-04 15:59:20,831 - INFO - fastread - 130, 1610
2019-02-04 15:59:20,834 - INFO - fastread - 131, 1620
2019-02-04 15:59:20,837 - INFO - fastread - 131, 1630
2019-02-04 15:59:20,841 - INFO - fastread - 132, 1640
2019-02-04 15:59:20,844 - INFO - fastread - 132, 1650
2019-02-04 15:59:20,847 - INFO - fastread - 133, 1660
2019-02-04 15:59:20,850 - INFO - fastread - 134, 1670
2019-02-04 15:59:20,855 - INFO - fastread - 134, 1680
2019-02-04 15:59:20,859 - INFO - fastread - 134, 1690
2019-02-04 15:59:20,863 - INFO - fastread - 134, 1700
2019-02-04 15:59:20,867 - INFO - fastread - 135, 1710
2019-02-04 15:59:20,872 - INFO - fastread - 135, 1720
2019-02-04 15:59:20,876 - INFO - fastread - 136, 1730
2019-02-04 15:59:20,880 - INFO - fastread - 137, 1740
2019-02-04 15:59:20,883 - INFO - fastread - 137, 1750
2019-02-04 15:59:20,886 - INFO - fastread - 138, 1760
2019-02-04 15:59:20,889 - INFO - fastread - 138, 1770
2019-02-04 15:59:20,891 - INFO - fastread - 138, 1780
2019-02-04 15:59:20,894 - INFO - fastread - 138, 1790
2019-02-04 15:59:20,897 - INFO - fastread - 138, 1800
2019-02-04 15:59:20,901 - INFO - fastread - 138, 1810
2019-02-04 15:59:20,905 - INFO - fastread - 138, 1820
2019-02-04 15:59:20,908 - INFO - fastread - 139, 1830
2019-02-04 15:59:20,912 - INFO - fastread - 139, 1840
2019-02-04 15:59:20,915 - INFO - fastread - 139, 1850
2019-02-04 15:59:20,919 - INFO - fastread - 139, 1860
2019-02-04 15:59:20,922 - INFO - fastread - 139, 1870
2019-02-04 15:59:20,925 - INFO - fastread - 139, 1880
2019-02-04 15:59:20,928 - INFO - fastread - 139, 1890
2019-02-04 15:59:20,933 - INFO - fastread - 139, 1900
2019-02-04 15:59:20,936 - INFO - fastread - 139, 1910
2019-02-04 15:59:20,940 - INFO - fastread - 139, 1920
2019-02-04 15:59:20,943 - INFO - fastread - 139, 1930
2019-02-04 15:59:20,950 - INFO - fastread - 139, 1940
2019-02-04 15:59:20,953 - INFO - fastread - 139, 1950
2019-02-04 15:59:20,956 - INFO - fastread - 139, 1960
2019-02-04 15:59:20,959 - INFO - fastread - 139, 1970
2019-02-04 15:59:20,963 - INFO - fastread - 139, 1980
2019-02-04 15:59:20,966 - INFO - fastread - 139, 1990
2019-02-04 15:59:20,969 - INFO - fastread - 140, 2000
2019-02-04 15:59:20,972 - INFO - fastread - 140, 2010
2019-02-04 15:59:20,976 - INFO - fastread - 140, 2020
2019-02-04 15:59:20,979 - INFO - fastread - 142, 2030
2019-02-04 15:59:20,983 - INFO - fastread - 142, 2040
2019-02-04 15:59:20,985 - INFO - fastread - 142, 2050
2019-02-04 15:59:20,988 - INFO - fastread - 142, 2060
2019-02-04 15:59:20,990 - INFO - fastread - 142, 2070
2019-02-04 15:59:20,993 - INFO - fastread - 143, 2080
2019-02-04 15:59:20,996 - INFO - fastread - 143, 2090
2019-02-04 15:59:20,998 - INFO - fastread - 143, 2100
2019-02-04 15:59:21,001 - INFO - fastread - 144, 2110
2019-02-04 15:59:21,003 - INFO - fastread - 146, 2120
2019-02-04 15:59:21,006 - INFO - fastread - 147, 2130
2019-02-04 15:59:21,009 - INFO - fastread - 147, 2140
2019-02-04 15:59:21,012 - INFO - fastread - 147, 2150
2019-02-04 15:59:21,017 - INFO - fastread - 147, 2160
2019-02-04 15:59:21,020 - INFO - fastread - 147, 2170
2019-02-04 15:59:21,024 - INFO - fastread - 148, 2180
2019-02-04 15:59:21,030 - INFO - fastread - 148, 2190
2019-02-04 15:59:21,033 - INFO - fastread - 148, 2200
2019-02-04 15:59:21,036 - INFO - fastread - 149, 2210
2019-02-04 15:59:21,039 - INFO - fastread - 149, 2220
2019-02-04 15:59:21,042 - INFO - fastread - 149, 2230
2019-02-04 15:59:21,045 - INFO - fastread - 149, 2240
2019-02-04 15:59:21,048 - INFO - fastread - 149, 2250
2019-02-04 15:59:21,055 - INFO - fastread - 149, 2260
2019-02-04 15:59:21,057 - INFO - fastread - 149, 2270
2019-02-04 15:59:21,060 - INFO - fastread - 149, 2280
2019-02-04 15:59:21,063 - INFO - fastread - 149, 2290
2019-02-04 15:59:21,066 - INFO - fastread - 149, 2300
2019-02-04 15:59:21,069 - INFO - fastread - 149, 2310
2019-02-04 15:59:21,072 - INFO - fastread - 149, 2320
2019-02-04 15:59:21,076 - INFO - fastread - 149, 2330
2019-02-04 15:59:21,079 - INFO - fastread - 149, 2340
2019-02-04 15:59:21,082 - INFO - fastread - 150, 2350
2019-02-04 15:59:21,086 - INFO - fastread - 151, 2360
2019-02-04 15:59:21,089 - INFO - fastread - 151, 2370
2019-02-04 15:59:21,091 - INFO - fastread - 151, 2380
2019-02-04 15:59:21,097 - INFO - fastread - 151, 2390
2019-02-04 15:59:21,100 - INFO - fastread - 151, 2400
2019-02-04 15:59:21,103 - INFO - fastread - 152, 2410
2019-02-04 15:59:21,105 - INFO - fastread - 153, 2420
2019-02-04 15:59:21,108 - INFO - fastread - 153, 2430
2019-02-04 15:59:21,111 - INFO - fastread - 153, 2440
2019-02-04 15:59:21,114 - INFO - fastread - 154, 2450
2019-02-04 15:59:21,117 - INFO - fastread - 154, 2460
2019-02-04 15:59:21,119 - INFO - fastread - 154, 2470
2019-02-04 15:59:21,122 - INFO - fastread - 155, 2480
2019-02-04 15:59:21,127 - INFO - fastread - 155, 2490
2019-02-04 15:59:21,131 - INFO - fastread - 155, 2500
2019-02-04 15:59:21,134 - INFO - fastread - 155, 2510
2019-02-04 15:59:21,137 - INFO - fastread - 156, 2520
2019-02-04 15:59:21,140 - INFO - fastread - 156, 2530
2019-02-04 15:59:21,142 - INFO - fastread - 156, 2540
2019-02-04 15:59:21,145 - INFO - fastread - 156, 2550
2019-02-04 15:59:21,148 - INFO - fastread - 157, 2560
2019-02-04 15:59:21,150 - INFO - fastread - 157, 2570
2019-02-04 15:59:21,154 - INFO - fastread - 157, 2580
2019-02-04 15:59:21,157 - INFO - fastread - 157, 2590
2019-02-04 15:59:21,161 - INFO - fastread - 158, 2600
2019-02-04 15:59:21,164 - INFO - fastread - 158, 2610
2019-02-04 15:59:21,168 - INFO - fastread - 159, 2620
2019-02-04 15:59:21,170 - INFO - fastread - 159, 2630
2019-02-04 15:59:21,173 - INFO - fastread - 160, 2640
2019-02-04 15:59:21,178 - INFO - fastread - 160, 2650
2019-02-04 15:59:21,181 - INFO - fastread - 160, 2660
2019-02-04 15:59:21,183 - INFO - fastread - 160, 2670
2019-02-04 15:59:21,188 - INFO - fastread - 160, 2680
2019-02-04 15:59:21,191 - INFO - fastread - 160, 2690
2019-02-04 15:59:21,194 - INFO - fastread - 161, 2700
2019-02-04 15:59:21,197 - INFO - fastread - 161, 2710
2019-02-04 15:59:21,201 - INFO - fastread - 162, 2720
2019-02-04 15:59:21,204 - INFO - fastread - 162, 2730
2019-02-04 15:59:21,209 - INFO - fastread - 162, 2740
2019-02-04 15:59:21,212 - INFO - fastread - 162, 2750
2019-02-04 15:59:21,214 - INFO - fastread - 162, 2760
2019-02-04 15:59:21,217 - INFO - fastread - 163, 2770
2019-02-04 15:59:21,219 - INFO - fastread - 163, 2780
2019-02-04 15:59:21,222 - INFO - fastread - 163, 2790
2019-02-04 15:59:21,225 - INFO - fastread - 163, 2800
2019-02-04 15:59:21,228 - INFO - fastread - 164, 2810
2019-02-04 15:59:21,230 - INFO - fastread - 164, 2820
2019-02-04 15:59:21,233 - INFO - fastread - 164, 2830
2019-02-04 15:59:21,235 - INFO - fastread - 164, 2840
2019-02-04 15:59:21,244 - INFO - fastread - 164, 2850
2019-02-04 15:59:21,249 - INFO - fastread - 164, 2860
2019-02-04 15:59:21,252 - INFO - fastread - 164, 2870
2019-02-04 15:59:21,254 - INFO - fastread - 164, 2880
2019-02-04 15:59:21,257 - INFO - fastread - 164, 2890
2019-02-04 15:59:21,260 - INFO - fastread - 164, 2900
2019-02-04 15:59:21,263 - INFO - fastread - 164, 2910
2019-02-04 15:59:21,266 - INFO - fastread - 164, 2920
2019-02-04 15:59:21,269 - INFO - fastread - 165, 2930
2019-02-04 15:59:21,275 - INFO - fastread - 165, 2940
2019-02-04 15:59:21,279 - INFO - fastread - 165, 2950
2019-02-04 15:59:21,282 - INFO - fastread - 167, 2960
2019-02-04 15:59:21,285 - INFO - fastread - 167, 2970
2019-02-04 15:59:21,288 - INFO - fastread - 168, 2980
2019-02-04 15:59:21,292 - INFO - fastread - 168, 2990
2019-02-04 15:59:21,296 - INFO - fastread - 169, 3000
2019-02-04 15:59:21,301 - INFO - fastread - 169, 3010
2019-02-04 15:59:21,306 - INFO - fastread - 169, 3020
2019-02-04 15:59:21,311 - INFO - fastread - 169, 3030
2019-02-04 15:59:21,316 - INFO - fastread - 169, 3040
2019-02-04 15:59:21,322 - INFO - fastread - 170, 3050
2019-02-04 15:59:21,326 - INFO - fastread - 171, 3060
2019-02-04 15:59:21,329 - INFO - fastread - 172, 3070
2019-02-04 15:59:21,332 - INFO - fastread - 173, 3080
2019-02-04 15:59:21,337 - INFO - fastread - 174, 3090
2019-02-04 15:59:21,341 - INFO - fastread - 174, 3100
2019-02-04 15:59:21,345 - INFO - fastread - 174, 3110
2019-02-04 15:59:21,347 - INFO - fastread - 174, 3120
2019-02-04 15:59:21,351 - INFO - fastread - 175, 3130
2019-02-04 15:59:21,355 - INFO - fastread - 175, 3140
2019-02-04 15:59:21,358 - INFO - fastread - 175, 3150
2019-02-04 15:59:21,360 - INFO - fastread - 175, 3160
2019-02-04 15:59:21,363 - INFO - fastread - 176, 3170
2019-02-04 15:59:21,366 - INFO - fastread - 176, 3180
2019-02-04 15:59:21,368 - INFO - fastread - 176, 3190
2019-02-04 15:59:21,371 - INFO - fastread - 177, 3200
2019-02-04 15:59:21,374 - INFO - fastread - 177, 3210
2019-02-04 15:59:21,377 - INFO - fastread - 177, 3220
2019-02-04 15:59:21,381 - INFO - fastread - 178, 3230
2019-02-04 15:59:21,385 - INFO - fastread - 179, 3240
2019-02-04 15:59:21,387 - INFO - fastread - 179, 3250
2019-02-04 15:59:21,390 - INFO - fastread - 180, 3260
2019-02-04 15:59:21,393 - INFO - fastread - 180, 3270
2019-02-04 15:59:21,396 - INFO - fastread - 180, 3280
2019-02-04 15:59:21,398 - INFO - fastread - 180, 3290
2019-02-04 15:59:21,401 - INFO - fastread - 180, 3300
2019-02-04 15:59:21,404 - INFO - fastread - 180, 3310
2019-02-04 15:59:21,408 - INFO - fastread - 180, 3320
2019-02-04 15:59:21,411 - INFO - fastread - 180, 3330
2019-02-04 15:59:21,414 - INFO - fastread - 181, 3340
2019-02-04 15:59:21,416 - INFO - fastread - 181, 3350
2019-02-04 15:59:21,419 - INFO - fastread - 181, 3360
2019-02-04 15:59:21,422 - INFO - fastread - 181, 3370
2019-02-04 15:59:21,424 - INFO - fastread - 181, 3380
2019-02-04 15:59:21,427 - INFO - fastread - 182, 3390
2019-02-04 15:59:21,430 - INFO - fastread - 183, 3400
2019-02-04 15:59:21,432 - INFO - fastread - 183, 3410
2019-02-04 15:59:21,435 - INFO - fastread - 183, 3420
2019-02-04 15:59:21,439 - INFO - fastread - 184, 3430
2019-02-04 15:59:21,442 - INFO - fastread - 185, 3440
2019-02-04 15:59:21,445 - INFO - fastread - 186, 3450
2019-02-04 15:59:21,448 - INFO - fastread - 186, 3460
2019-02-04 15:59:21,451 - INFO - fastread - 186, 3470
2019-02-04 15:59:21,454 - INFO - fastread - 186, 3480
2019-02-04 15:59:21,458 - INFO - fastread - 188, 3490
2019-02-04 15:59:21,461 - INFO - fastread - 189, 3500
2019-02-04 15:59:21,463 - INFO - fastread - 189, 3510
2019-02-04 15:59:21,468 - INFO - fastread - 189, 3520
2019-02-04 15:59:21,472 - INFO - fastread - 189, 3530
2019-02-04 15:59:21,475 - INFO - fastread - 190, 3540
2019-02-04 15:59:21,478 - INFO - fastread - 190, 3550
2019-02-04 15:59:21,480 - INFO - fastread - 190, 3560
2019-02-04 15:59:21,482 - INFO - fastread - 190, 3570
2019-02-04 15:59:21,487 - INFO - fastread - 190, 3580
2019-02-04 15:59:21,492 - INFO - fastread - 190, 3590
2019-02-04 15:59:21,496 - INFO - fastread - 190, 3600
2019-02-04 15:59:21,501 - INFO - fastread - 190, 3610
2019-02-04 15:59:21,505 - INFO - fastread - 190, 3620
2019-02-04 15:59:21,509 - INFO - fastread - 191, 3630
2019-02-04 15:59:21,513 - INFO - fastread - 191, 3640
2019-02-04 15:59:21,516 - INFO - fastread - 191, 3650
2019-02-04 15:59:21,520 - INFO - fastread - 191, 3660
2019-02-04 15:59:21,524 - INFO - fastread - 191, 3670
2019-02-04 15:59:21,530 - INFO - fastread - 191, 3680
2019-02-04 15:59:21,534 - INFO - fastread - 191, 3690
2019-02-04 15:59:21,537 - INFO - fastread - 191, 3700
2019-02-04 15:59:21,540 - INFO - fastread - 191, 3710
2019-02-04 15:59:21,543 - INFO - fastread - 191, 3720
2019-02-04 15:59:21,546 - INFO - fastread - 191, 3730
2019-02-04 15:59:21,549 - INFO - fastread - 191, 3740
2019-02-04 15:59:21,554 - INFO - fastread - 191, 3750
2019-02-04 15:59:21,558 - INFO - fastread - 191, 3760
2019-02-04 15:59:21,561 - INFO - fastread - 191, 3770
2019-02-04 15:59:21,564 - INFO - fastread - 191, 3780
2019-02-04 15:59:21,567 - INFO - fastread - 191, 3790
2019-02-04 15:59:21,570 - INFO - fastread - 191, 3800
2019-02-04 15:59:21,573 - INFO - fastread - 191, 3810
2019-02-04 15:59:21,578 - INFO - fastread - 191, 3820
2019-02-04 15:59:21,585 - INFO - fastread - 191, 3830
2019-02-04 15:59:21,589 - INFO - fastread - 191, 3840
2019-02-04 15:59:21,593 - INFO - fastread - 191, 3850
2019-02-04 15:59:21,596 - INFO - fastread - 191, 3860
2019-02-04 15:59:21,599 - INFO - fastread - 192, 3870
2019-02-04 15:59:21,602 - INFO - fastread - 192, 3880
2019-02-04 15:59:21,604 - INFO - fastread - 192, 3890
2019-02-04 15:59:21,607 - INFO - fastread - 192, 3900
2019-02-04 15:59:21,610 - INFO - fastread - 192, 3910
2019-02-04 15:59:21,613 - INFO - fastread - 192, 3920
2019-02-04 15:59:21,616 - INFO - fastread - 192, 3930
2019-02-04 15:59:21,619 - INFO - fastread - 192, 3940
2019-02-04 15:59:21,622 - INFO - fastread - 193, 3950
2019-02-04 15:59:21,671 - INFO - fastread - 194, 3960
2019-02-04 15:59:21,674 - INFO - fastread - 194, 3970
2019-02-04 15:59:21,677 - INFO - fastread - 195, 3980
2019-02-04 15:59:21,681 - INFO - fastread - 195, 3990
2019-02-04 15:59:21,684 - INFO - fastread - 197, 4000
2019-02-04 15:59:21,689 - INFO - fastread - 197, 4010
2019-02-04 15:59:21,694 - INFO - fastread - 197, 4020
2019-02-04 15:59:21,699 - INFO - fastread - 198, 4030
2019-02-04 15:59:21,706 - INFO - fastread - 198, 4040
2019-02-04 15:59:21,711 - INFO - fastread - 198, 4050
2019-02-04 15:59:21,715 - INFO - fastread - 198, 4060
2019-02-04 15:59:21,718 - INFO - fastread - 198, 4070
2019-02-04 15:59:21,722 - INFO - fastread - 198, 4080
2019-02-04 15:59:21,725 - INFO - fastread - 198, 4090
2019-02-04 15:59:21,728 - INFO - fastread - 199, 4100
2019-02-04 15:59:21,731 - INFO - fastread - 199, 4110
2019-02-04 15:59:21,735 - INFO - fastread - 201, 4120
2019-02-04 15:59:21,740 - INFO - fastread - 201, 4130
2019-02-04 15:59:21,745 - INFO - fastread - 201, 4140
2019-02-04 15:59:21,750 - INFO - fastread - 201, 4150
2019-02-04 15:59:21,756 - INFO - fastread - 201, 4160
2019-02-04 15:59:21,759 - INFO - fastread - 201, 4170
2019-02-04 15:59:21,762 - INFO - fastread - 201, 4180
2019-02-04 15:59:21,766 - INFO - fastread - 202, 4190
2019-02-04 15:59:21,770 - INFO - fastread - 204, 4200
2019-02-04 15:59:21,774 - INFO - fastread - 205, 4210
2019-02-04 15:59:21,778 - INFO - fastread - 205, 4220
2019-02-04 15:59:21,782 - INFO - fastread - 205, 4230
2019-02-04 15:59:21,785 - INFO - fastread - 205, 4240
2019-02-04 15:59:21,790 - INFO - fastread - 205, 4250
2019-02-04 15:59:21,794 - INFO - fastread - 205, 4260
2019-02-04 15:59:21,797 - INFO - fastread - 205, 4270
2019-02-04 15:59:21,799 - INFO - fastread - 205, 4280
2019-02-04 15:59:21,802 - INFO - fastread - 205, 4290
2019-02-04 15:59:21,805 - INFO - fastread - 206, 4300
2019-02-04 15:59:21,808 - INFO - fastread - 207, 4310
2019-02-04 15:59:21,811 - INFO - fastread - 207, 4320
2019-02-04 15:59:21,814 - INFO - fastread - 208, 4330
2019-02-04 15:59:21,818 - INFO - fastread - 208, 4340
2019-02-04 15:59:21,823 - INFO - fastread - 208, 4350
2019-02-04 15:59:21,828 - INFO - fastread - 208, 4360
2019-02-04 15:59:21,833 - INFO - fastread - 208, 4370
2019-02-04 15:59:21,838 - INFO - fastread - 208, 4380
2019-02-04 15:59:21,843 - INFO - fastread - 209, 4390
2019-02-04 15:59:21,848 - INFO - fastread - 209, 4400
2019-02-04 15:59:21,907 - INFO - rig - ++++NEW CLF++++ SVM
2019-02-04 15:59:21,908 - INFO - fastread - Total Yes: 209 | Total No: 4199
2019-02-04 16:09:08,262 - INFO - fastread - 10, 10
2019-02-04 16:09:08,273 - INFO - fastread - 19, 20
2019-02-04 16:09:08,276 - INFO - fastread - 27, 30
2019-02-04 16:09:08,280 - INFO - fastread - 37, 40
2019-02-04 16:09:08,284 - INFO - fastread - 46, 50
2019-02-04 16:09:08,289 - INFO - fastread - 54, 60
2019-02-04 16:09:08,293 - INFO - fastread - 61, 70
2019-02-04 16:09:08,298 - INFO - fastread - 66, 80
2019-02-04 16:09:08,301 - INFO - fastread - 72, 90
2019-02-04 16:09:08,304 - INFO - fastread - 77, 100
2019-02-04 16:09:08,308 - INFO - fastread - 78, 110
2019-02-04 16:09:08,310 - INFO - fastread - 84, 120
2019-02-04 16:09:08,314 - INFO - fastread - 92, 130
2019-02-04 16:09:08,317 - INFO - fastread - 98, 140
2019-02-04 16:09:08,330 - INFO - rig - ++++NEW CLF++++ SVM_LINER
2019-02-04 16:09:08,333 - INFO - fastread - Total Yes: 209 | Total No: 4199
2019-02-04 16:20:06,705 - INFO - fastread - 8, 10
2019-02-04 16:20:06,717 - INFO - fastread - 14, 20
2019-02-04 16:20:06,721 - INFO - fastread - 24, 30
2019-02-04 16:20:06,726 - INFO - fastread - 33, 40
2019-02-04 16:20:06,731 - INFO - fastread - 39, 50
2019-02-04 16:20:06,735 - INFO - fastread - 48, 60
2019-02-04 16:20:06,740 - INFO - fastread - 54, 70
2019-02-04 16:20:06,744 - INFO - fastread - 55, 80
2019-02-04 16:20:06,748 - INFO - fastread - 57, 90
2019-02-04 16:20:06,752 - INFO - fastread - 65, 100
2019-02-04 16:20:06,756 - INFO - fastread - 71, 110
2019-02-04 16:20:06,760 - INFO - fastread - 78, 120
2019-02-04 16:20:06,765 - INFO - fastread - 88, 130
2019-02-04 16:20:06,768 - INFO - fastread - 97, 140
