2019-01-05 03:17:48,293 - INFO - config - DATASET: apache-jmeter-2.10 | MAX_FEATURE: 1 | STOP_WORDS: None | POOL_SIZE: 10000 | INIT_POOL: 10 | BUDGET: 10
STRATIFIED_TEST_SIZE_RATIO: 0.2 | TUNE SVM: True | ACTIVE PREDICTION DELTA: 0.1 | ACTIVE PREDICTION TARGET: 1
2019-01-05 03:17:48,293 - INFO - rig - TRAINING DATA: TRUE: 3697 | FALSE: 50521
2019-01-05 03:17:48,293 - INFO - rig - TEST DATA: TRUE: 374 | FALSE: 7683
2019-01-05 03:17:48,427 - INFO - learner - apache-jmeter-2.10 | TUNING STARTS...
2019-01-05 03:46:05,106 - INFO - optimizer - apache-jmeter-2.10 | F Score of init pool: [0.628368794326241, 0.8575560375994215, 0.8492753623188406, 0.7870503597122303, 0.6803977272727272, 0.6507092198581559, 0.8573497465604634, 0.7107438016528925, 0.7220973782771536, 0.8554744525547445]
2019-01-05 03:53:21,859 - INFO - optimizer - apache-jmeter-2.10 | new F: 0.8579710144927537 budget 9
2019-01-05 04:12:46,599 - INFO - optimizer - apache-jmeter-2.10 | new F: 0.8581818181818182 budget 4
2019-01-05 04:15:32,631 - INFO - optimizer - apache-jmeter-2.10 | new F: 0.8585858585858586 budget 4
2019-01-05 04:25:11,505 - INFO - optimizer - apache-jmeter-2.10 | Eval: 13
2019-01-05 04:25:11,507 - INFO - learner - apache-jmeter-2.10 | TUNING ENDS
2019-01-05 04:45:50,262 - INFO - learner - svm_pred_0
             precision    recall  f1-score   support

         no       0.99      1.00      0.99      7683
        yes       0.88      0.74      0.81       374

avg / total       0.98      0.98      0.98      8057

F Score: 0.8064046579330422
2019-01-05 04:45:50,281 - INFO - learner - Active Delta: 0.1
2019-01-05 04:45:50,281 - INFO - learner - Total Certain Pos: 230 | Total Certain Neg: 7493
2019-01-05 05:12:49,346 - INFO - learner - svm_pred_1
             precision    recall  f1-score   support

         no       0.99      1.00      1.00      7683
        yes       0.93      0.89      0.91       374

avg / total       0.99      0.99      0.99      8057

F Score: 0.908843537414966
2019-01-05 05:12:49,358 - INFO - learner - Active Delta: 0.1
2019-01-05 05:12:49,359 - INFO - learner - Total Certain Pos: 277 | Total Certain Neg: 7492
2019-01-05 05:45:08,541 - INFO - learner - svm_pred_2
             precision    recall  f1-score   support

         no       1.00      1.00      1.00      7683
        yes       0.92      0.92      0.92       374

avg / total       0.99      0.99      0.99      8057

F Score: 0.9222520107238605
2019-01-05 05:45:08,562 - INFO - learner - Active Delta: 0.1
2019-01-05 05:45:08,562 - INFO - learner - Total Certain Pos: 279 | Total Certain Neg: 7513
2019-01-05 06:19:42,151 - INFO - learner - svm_pred_3
             precision    recall  f1-score   support

         no       1.00      1.00      1.00      7683
        yes       0.93      0.92      0.92       374

avg / total       0.99      0.99      0.99      8057

F Score: 0.924731182795699
2019-01-05 06:19:42,165 - INFO - learner - Active Delta: 0.1
2019-01-05 06:19:42,165 - INFO - learner - Total Certain Pos: 278 | Total Certain Neg: 7518
2019-01-05 06:56:42,674 - INFO - learner - svm_pred_4
             precision    recall  f1-score   support

         no       1.00      1.00      1.00      7683
        yes       0.94      0.92      0.93       374

avg / total       0.99      0.99      0.99      8057

F Score: 0.9284750337381916
2019-01-05 06:56:42,686 - INFO - learner - Active Delta: 0.1
2019-01-05 06:56:42,686 - INFO - learner - Total Certain Pos: 282 | Total Certain Neg: 7520
2019-01-05 07:35:29,669 - INFO - learner - svm_pred_5
             precision    recall  f1-score   support

         no       1.00      1.00      1.00      7683
        yes       0.94      0.92      0.93       374

avg / total       0.99      0.99      0.99      8057

F Score: 0.9324324324324325
2019-01-05 07:35:29,682 - INFO - learner - Active Delta: 0.1
2019-01-05 07:35:29,682 - INFO - learner - Total Certain Pos: 280 | Total Certain Neg: 7530
2019-01-05 08:17:50,117 - INFO - learner - | NO IMPROVEMENT | F Score: 0.9324324324324325 | eval: 6
2019-01-05 08:17:50,309 - INFO - rig - apache-jmeter-2.10 | END PROJECT=====
