2019-01-05 03:17:48,270 - INFO - config - DATASET: argouml | MAX_FEATURE: 1 | STOP_WORDS: None | POOL_SIZE: 10000 | INIT_POOL: 10 | BUDGET: 10
STRATIFIED_TEST_SIZE_RATIO: 0.2 | TUNE SVM: True | ACTIVE PREDICTION DELTA: 0.1 | ACTIVE PREDICTION TARGET: 1
2019-01-05 03:17:48,270 - INFO - rig - TRAINING DATA: TRUE: 2658 | FALSE: 50165
2019-01-05 03:17:48,270 - INFO - rig - TEST DATA: TRUE: 1413 | FALSE: 8039
2019-01-05 03:17:48,350 - INFO - learner - argouml | TUNING STARTS...
2019-01-05 03:41:05,445 - INFO - optimizer - argouml | F Score of init pool: [0.6421152030217187, 0.8471794871794871, 0.8429584599797366, 0.7692307692307693, 0.7070124879923151, 0.6036269430051814, 0.8483606557377049, 0.701171875, 0.7115009746588694, 0.8425443169968718]
2019-01-05 04:04:07,032 - INFO - optimizer - argouml | Eval: 10
2019-01-05 04:04:07,034 - INFO - learner - argouml | TUNING ENDS
2019-01-05 04:19:10,022 - INFO - learner - svm_pred_0
             precision    recall  f1-score   support

         no       0.98      0.97      0.98      8039
        yes       0.85      0.89      0.87      1413

avg / total       0.96      0.96      0.96      9452

F Score: 0.867287142364702
2019-01-05 04:19:10,042 - INFO - learner - Active Delta: 0.1
2019-01-05 04:19:10,042 - INFO - learner - Total Certain Pos: 1280 | Total Certain Neg: 7652
2019-01-05 04:40:36,623 - INFO - learner - svm_pred_1
             precision    recall  f1-score   support

         no       0.98      1.00      0.99      8039
        yes       0.97      0.91      0.94      1413

avg / total       0.98      0.98      0.98      9452

F Score: 0.9411334552102376
2019-01-05 04:40:36,635 - INFO - learner - Active Delta: 0.1
2019-01-05 04:40:36,635 - INFO - learner - Total Certain Pos: 1158 | Total Certain Neg: 7879
2019-01-05 05:06:52,885 - INFO - learner - svm_pred_2
             precision    recall  f1-score   support

         no       0.99      1.00      0.99      8039
        yes       0.98      0.92      0.95      1413

avg / total       0.98      0.98      0.98      9452

F Score: 0.9455608330288637
2019-01-05 05:06:52,897 - INFO - learner - Active Delta: 0.1
2019-01-05 05:06:52,898 - INFO - learner - Total Certain Pos: 1184 | Total Certain Neg: 7901
2019-01-05 05:38:49,378 - INFO - learner - svm_pred_3
             precision    recall  f1-score   support

         no       0.99      1.00      0.99      8039
        yes       0.97      0.92      0.95      1413

avg / total       0.99      0.99      0.99      9452

F Score: 0.9491648511256355
2019-01-05 05:38:49,394 - INFO - learner - Active Delta: 0.1
2019-01-05 05:38:49,394 - INFO - learner - Total Certain Pos: 1211 | Total Certain Neg: 7902
2019-01-05 06:16:12,797 - INFO - learner - svm_pred_4
             precision    recall  f1-score   support

         no       0.99      1.00      0.99      8039
        yes       0.98      0.93      0.95      1413

avg / total       0.99      0.99      0.99      9452

F Score: 0.9519650655021834
2019-01-05 06:16:12,811 - INFO - learner - Active Delta: 0.1
2019-01-05 06:16:12,811 - INFO - learner - Total Certain Pos: 1219 | Total Certain Neg: 7906
2019-01-05 06:56:19,114 - INFO - learner - svm_pred_5
             precision    recall  f1-score   support

         no       0.99      1.00      0.99      8039
        yes       0.98      0.93      0.95      1413

avg / total       0.99      0.99      0.99      9452

F Score: 0.952
2019-01-05 06:56:19,128 - INFO - learner - Active Delta: 0.1
2019-01-05 06:56:19,128 - INFO - learner - Total Certain Pos: 1221 | Total Certain Neg: 7909
2019-01-05 07:42:25,027 - INFO - learner - svm_pred_6
             precision    recall  f1-score   support

         no       0.99      1.00      0.99      8039
        yes       0.98      0.93      0.95      1413

avg / total       0.99      0.99      0.99      9452

F Score: 0.952415546676353
2019-01-05 07:42:25,044 - INFO - learner - Active Delta: 0.1
2019-01-05 07:42:25,044 - INFO - learner - Total Certain Pos: 1226 | Total Certain Neg: 7910
2019-01-05 08:30:34,525 - INFO - learner - svm_pred_7
             precision    recall  f1-score   support

         no       0.99      1.00      0.99      8039
        yes       0.98      0.93      0.95      1413

avg / total       0.99      0.99      0.99      9452

F Score: 0.9531760435571688
2019-01-05 08:30:34,541 - INFO - learner - Active Delta: 0.1
2019-01-05 08:30:34,541 - INFO - learner - Total Certain Pos: 1227 | Total Certain Neg: 7912
2019-01-05 09:19:24,250 - INFO - learner - svm_pred_8
             precision    recall  f1-score   support

         no       0.99      1.00      0.99      8039
        yes       0.98      0.93      0.95      1413

avg / total       0.99      0.99      0.99      9452

F Score: 0.953522149600581
2019-01-05 09:19:24,270 - INFO - learner - Active Delta: 0.1
2019-01-05 09:19:24,270 - INFO - learner - Total Certain Pos: 1237 | Total Certain Neg: 7912
2019-01-05 10:14:40,223 - INFO - learner - svm_pred_9
             precision    recall  f1-score   support

         no       0.99      1.00      0.99      8039
        yes       0.98      0.93      0.95      1413

avg / total       0.99      0.99      0.99      9452

F Score: 0.9535895576504714
2019-01-05 10:14:40,243 - INFO - learner - Active Delta: 0.1
2019-01-05 10:14:40,243 - INFO - learner - Total Certain Pos: 1238 | Total Certain Neg: 7917
2019-01-05 11:13:07,722 - INFO - learner - svm_pred_10
             precision    recall  f1-score   support

         no       0.99      1.00      0.99      8039
        yes       0.98      0.93      0.95      1413

avg / total       0.99      0.99      0.99      9452

F Score: 0.9539688292859733
2019-01-05 11:13:07,743 - INFO - learner - Active Delta: 0.1
2019-01-05 11:13:07,743 - INFO - learner - Total Certain Pos: 1241 | Total Certain Neg: 7917
2019-01-05 12:23:29,228 - INFO - learner - | NO IMPROVEMENT | F Score: 0.9539688292859733 | eval: 11
2019-01-05 12:23:29,546 - INFO - rig - argouml | END PROJECT=====
