2019-01-05 03:17:48,361 - INFO - config - DATASET: columba-1.4-src | MAX_FEATURE: 1 | STOP_WORDS: None | POOL_SIZE: 10000 | INIT_POOL: 10 | BUDGET: 10
STRATIFIED_TEST_SIZE_RATIO: 0.2 | TUNE SVM: True | ACTIVE PREDICTION DELTA: 0.1 | ACTIVE PREDICTION TARGET: 1
2019-01-05 03:17:48,361 - INFO - rig - TRAINING DATA: TRUE: 3867 | FALSE: 51940
2019-01-05 03:17:48,361 - INFO - rig - TEST DATA: TRUE: 204 | FALSE: 6264
2019-01-05 03:17:48,451 - INFO - learner - columba-1.4-src | TUNING STARTS...
2019-01-05 03:50:04,036 - INFO - optimizer - columba-1.4-src | F Score of init pool: [0.6384615384615385, 0.8567511994516792, 0.8479890933878663, 0.7777777777777778, 0.6705805609915199, 0.6672254819782062, 0.8602739726027397, 0.705171255876427, 0.7102425876010782, 0.8585164835164835]
2019-01-05 04:02:38,091 - INFO - optimizer - columba-1.4-src | new F: 0.8639781271360218 budget 8
2019-01-05 04:27:57,709 - INFO - optimizer - columba-1.4-src | Eval: 11
2019-01-05 04:27:57,712 - INFO - learner - columba-1.4-src | TUNING ENDS
2019-01-05 04:50:45,397 - INFO - learner - svm_pred_0
             precision    recall  f1-score   support

         no       1.00      0.99      0.99      6264
        yes       0.75      0.87      0.81       204

avg / total       0.99      0.99      0.99      6468

F Score: 0.8072562358276644
2019-01-05 04:50:45,408 - INFO - learner - Active Delta: 0.1
2019-01-05 04:50:45,408 - INFO - learner - Total Certain Pos: 156 | Total Certain Neg: 6144
2019-01-05 05:16:36,575 - INFO - learner - svm_pred_1
             precision    recall  f1-score   support

         no       1.00      0.99      0.99      6264
        yes       0.76      0.87      0.81       204

avg / total       0.99      0.99      0.99      6468

F Score: 0.8127853881278538
2019-01-05 05:16:36,586 - INFO - learner - Active Delta: 0.1
2019-01-05 05:16:36,586 - INFO - learner - Total Certain Pos: 160 | Total Certain Neg: 6160
2019-01-05 05:45:33,780 - INFO - learner - svm_pred_2
             precision    recall  f1-score   support

         no       1.00      0.99      0.99      6264
        yes       0.76      0.88      0.82       204

avg / total       0.99      0.99      0.99      6468

F Score: 0.8154897494305239
2019-01-05 05:45:33,799 - INFO - learner - Active Delta: 0.1
2019-01-05 05:45:33,799 - INFO - learner - Total Certain Pos: 160 | Total Certain Neg: 6160
2019-01-05 06:16:36,917 - INFO - learner - | NO IMPROVEMENT | F Score: 0.8154897494305239 | eval: 3
2019-01-05 06:16:37,044 - INFO - rig - columba-1.4-src | END PROJECT=====
