2019-01-05 03:17:48,455 - INFO - config - DATASET: emf-2.4.1 | MAX_FEATURE: 1 | STOP_WORDS: None | POOL_SIZE: 10000 | INIT_POOL: 10 | BUDGET: 10
STRATIFIED_TEST_SIZE_RATIO: 0.2 | TUNE SVM: True | ACTIVE PREDICTION DELTA: 0.1 | ACTIVE PREDICTION TARGET: 1
2019-01-05 03:17:48,455 - INFO - rig - TRAINING DATA: TRUE: 3967 | FALSE: 53918
2019-01-05 03:17:48,455 - INFO - rig - TEST DATA: TRUE: 104 | FALSE: 4286
2019-01-05 03:17:48,609 - INFO - learner - emf-2.4.1 | TUNING STARTS...
2019-01-05 03:50:45,605 - INFO - optimizer - emf-2.4.1 | F Score of init pool: [0.6348808030112923, 0.87740225314778, 0.8708388814913449, 0.8005301524188204, 0.6740116655865198, 0.6448911222780569, 0.879734219269103, 0.7256874580818243, 0.7297116029510397, 0.8775919732441472]
2019-01-05 04:19:09,997 - INFO - optimizer - emf-2.4.1 | new F: 0.8803191489361704 budget 4
2019-01-05 04:28:08,424 - INFO - optimizer - emf-2.4.1 | Eval: 11
2019-01-05 04:28:08,429 - INFO - learner - emf-2.4.1 | TUNING ENDS
2019-01-05 04:49:39,195 - INFO - learner - svm_pred_0
             precision    recall  f1-score   support

         no       0.98      1.00      0.99      4286
        yes       0.65      0.35      0.45       104

avg / total       0.98      0.98      0.98      4390

F Score: 0.45283018867924535
2019-01-05 04:49:39,206 - INFO - learner - Active Delta: 0.1
2019-01-05 04:49:39,206 - INFO - learner - Total Certain Pos: 36 | Total Certain Neg: 4192
2019-01-05 05:14:03,634 - INFO - learner - svm_pred_1
             precision    recall  f1-score   support

         no       0.99      1.00      1.00      4286
        yes       0.95      0.69      0.80       104

avg / total       0.99      0.99      0.99      4390

F Score: 0.7999999999999999
2019-01-05 05:14:03,645 - INFO - learner - Active Delta: 0.1
2019-01-05 05:14:03,645 - INFO - learner - Total Certain Pos: 63 | Total Certain Neg: 4204
2019-01-05 05:40:49,238 - INFO - learner - svm_pred_2
             precision    recall  f1-score   support

         no       0.99      1.00      1.00      4286
        yes       0.96      0.73      0.83       104

avg / total       0.99      0.99      0.99      4390

F Score: 0.8306010928961749
2019-01-05 05:40:49,250 - INFO - learner - Active Delta: 0.1
2019-01-05 05:40:49,250 - INFO - learner - Total Certain Pos: 67 | Total Certain Neg: 4210
2019-01-05 06:09:57,626 - INFO - learner - | NO IMPROVEMENT | F Score: 0.8306010928961749 | eval: 3
2019-01-05 06:09:57,724 - INFO - rig - emf-2.4.1 | END PROJECT=====
