2019-01-05 03:17:48,674 - INFO - config - DATASET: jEdit-4.2 | MAX_FEATURE: 1 | STOP_WORDS: None | POOL_SIZE: 10000 | INIT_POOL: 10 | BUDGET: 10
STRATIFIED_TEST_SIZE_RATIO: 0.2 | TUNE SVM: True | ACTIVE PREDICTION DELTA: 0.1 | ACTIVE PREDICTION TARGET: 1
2019-01-05 03:17:48,674 - INFO - rig - TRAINING DATA: TRUE: 3815 | FALSE: 48138
2019-01-05 03:17:48,674 - INFO - rig - TEST DATA: TRUE: 256 | FALSE: 10066
2019-01-05 03:17:48,781 - INFO - learner - jEdit-4.2 | TUNING STARTS...
2019-01-05 03:48:15,064 - INFO - optimizer - jEdit-4.2 | F Score of init pool: [0.6390374331550801, 0.8563419761737913, 0.8551434569629112, 0.7874564459930314, 0.6879240162822252, 0.6632478632478633, 0.8662952646239555, 0.7189728958630529, 0.7302491103202847, 0.8627450980392157]
2019-01-05 03:58:19,830 - INFO - optimizer - jEdit-4.2 | new F: 0.8668989547038327 budget 8
2019-01-05 04:03:15,082 - INFO - optimizer - jEdit-4.2 | new F: 0.8684759916492693 budget 7
2019-01-05 04:24:44,690 - INFO - optimizer - jEdit-4.2 | Eval: 12
2019-01-05 04:24:44,693 - INFO - learner - jEdit-4.2 | TUNING ENDS
2019-01-05 04:45:07,865 - INFO - learner - svm_pred_0
             precision    recall  f1-score   support

         no       0.98      1.00      0.99     10066
        yes       0.86      0.25      0.39       256

avg / total       0.98      0.98      0.98     10322

F Score: 0.3878787878787879
2019-01-05 04:45:07,885 - INFO - learner - Active Delta: 0.1
2019-01-05 04:45:07,885 - INFO - learner - Total Certain Pos: 38 | Total Certain Neg: 10071
2019-01-05 05:14:46,812 - INFO - learner - svm_pred_1
             precision    recall  f1-score   support

         no       0.99      1.00      1.00     10066
        yes       0.93      0.70      0.80       256

avg / total       0.99      0.99      0.99     10322

F Score: 0.8
2019-01-05 05:14:46,824 - INFO - learner - Active Delta: 0.1
2019-01-05 05:14:46,824 - INFO - learner - Total Certain Pos: 149 | Total Certain Neg: 10016
2019-01-05 05:55:28,470 - INFO - learner - svm_pred_2
             precision    recall  f1-score   support

         no       0.99      1.00      1.00     10066
        yes       0.94      0.73      0.82       256

avg / total       0.99      0.99      0.99     10322

F Score: 0.8227571115973742
2019-01-05 05:55:28,482 - INFO - learner - Active Delta: 0.1
2019-01-05 05:55:28,482 - INFO - learner - Total Certain Pos: 156 | Total Certain Neg: 10024
2019-01-05 06:36:18,662 - INFO - learner - svm_pred_3
             precision    recall  f1-score   support

         no       0.99      1.00      1.00     10066
        yes       0.94      0.76      0.84       256

avg / total       0.99      0.99      0.99     10322

F Score: 0.8405172413793104
2019-01-05 06:36:18,674 - INFO - learner - Active Delta: 0.1
2019-01-05 06:36:18,674 - INFO - learner - Total Certain Pos: 163 | Total Certain Neg: 10020
2019-01-05 07:21:19,596 - INFO - learner - svm_pred_4
             precision    recall  f1-score   support

         no       0.99      1.00      1.00     10066
        yes       0.94      0.76      0.84       256

avg / total       0.99      0.99      0.99     10322

F Score: 0.8380129589632829
2019-01-05 07:21:19,608 - INFO - learner - Active Delta: 0.1
2019-01-05 07:21:19,608 - INFO - learner - Total Certain Pos: 163 | Total Certain Neg: 10022
2019-01-05 08:10:34,537 - INFO - learner - | NO IMPROVEMENT | F Score: 0.8380129589632829 | eval: 5
2019-01-05 08:10:34,756 - INFO - rig - jEdit-4.2 | END PROJECT=====
