2019-01-05 03:17:48,788 - INFO - config - DATASET: jfreechart-1.0.19 | MAX_FEATURE: 1 | STOP_WORDS: None | POOL_SIZE: 10000 | INIT_POOL: 10 | BUDGET: 10
STRATIFIED_TEST_SIZE_RATIO: 0.2 | TUNE SVM: True | ACTIVE PREDICTION DELTA: 0.1 | ACTIVE PREDICTION TARGET: 1
2019-01-05 03:17:48,788 - INFO - rig - TRAINING DATA: TRUE: 3862 | FALSE: 54005
2019-01-05 03:17:48,788 - INFO - rig - TEST DATA: TRUE: 209 | FALSE: 4199
2019-01-05 03:17:48,902 - INFO - learner - jfreechart-1.0.19 | TUNING STARTS...
2019-01-05 03:54:26,754 - INFO - optimizer - jfreechart-1.0.19 | F Score of init pool: [0.6236979166666666, 0.8755074424898511, 0.8652674339878131, 0.7738831615120275, 0.6622340425531914, 0.6426116838487973, 0.8749154834347532, 0.7064606741573034, 0.7094972067039106, 0.8744884038199181]
2019-01-05 04:16:27,654 - INFO - optimizer - jfreechart-1.0.19 | new F: 0.876100203114421 budget 6
2019-01-05 04:30:28,179 - INFO - optimizer - jfreechart-1.0.19 | Eval: 11
2019-01-05 04:30:28,184 - INFO - learner - jfreechart-1.0.19 | TUNING ENDS
2019-01-05 04:57:01,808 - INFO - learner - svm_pred_0
             precision    recall  f1-score   support

         no       0.98      0.99      0.98      4199
        yes       0.71      0.52      0.60       209

avg / total       0.96      0.97      0.96      4408

F Score: 0.6022099447513812
2019-01-05 04:57:01,819 - INFO - learner - Active Delta: 0.1
2019-01-05 04:57:01,819 - INFO - learner - Total Certain Pos: 122 | Total Certain Neg: 4165
2019-01-05 05:26:50,976 - INFO - learner - svm_pred_1
             precision    recall  f1-score   support

         no       1.00      1.00      1.00      4199
        yes       0.98      0.94      0.96       209

avg / total       1.00      1.00      1.00      4408

F Score: 0.9607843137254902
2019-01-05 05:26:50,987 - INFO - learner - Active Delta: 0.1
2019-01-05 05:26:50,987 - INFO - learner - Total Certain Pos: 171 | Total Certain Neg: 4154
2019-01-05 05:58:48,850 - INFO - learner - svm_pred_2
             precision    recall  f1-score   support

         no       1.00      1.00      1.00      4199
        yes       0.99      0.94      0.97       209

avg / total       1.00      1.00      1.00      4408

F Score: 0.9680589680589681
2019-01-05 05:58:48,861 - INFO - learner - Active Delta: 0.1
2019-01-05 05:58:48,861 - INFO - learner - Total Certain Pos: 170 | Total Certain Neg: 4157
2019-01-05 06:31:51,167 - INFO - learner - svm_pred_3
             precision    recall  f1-score   support

         no       1.00      1.00      1.00      4199
        yes       0.99      0.94      0.97       209

avg / total       1.00      1.00      1.00      4408

F Score: 0.9655172413793104
2019-01-05 06:31:51,179 - INFO - learner - Active Delta: 0.1
2019-01-05 06:31:51,179 - INFO - learner - Total Certain Pos: 170 | Total Certain Neg: 4157
2019-01-05 07:06:03,260 - INFO - learner - | NO IMPROVEMENT | F Score: 0.9655172413793104 | eval: 4
2019-01-05 07:06:03,364 - INFO - rig - jfreechart-1.0.19 | END PROJECT=====
