2019-01-05 03:17:48,890 - INFO - config - DATASET: sql12 | MAX_FEATURE: 1 | STOP_WORDS: None | POOL_SIZE: 10000 | INIT_POOL: 10 | BUDGET: 10
STRATIFIED_TEST_SIZE_RATIO: 0.2 | TUNE SVM: True | ACTIVE PREDICTION DELTA: 0.1 | ACTIVE PREDICTION TARGET: 1
2019-01-05 03:17:48,890 - INFO - rig - TRAINING DATA: TRUE: 3785 | FALSE: 51275
2019-01-05 03:17:48,890 - INFO - rig - TEST DATA: TRUE: 286 | FALSE: 6929
2019-01-05 03:17:49,011 - INFO - learner - sql12 | TUNING STARTS...
2019-01-05 03:46:56,561 - INFO - optimizer - sql12 | F Score of init pool: [0.6679841897233201, 0.8692041522491349, 0.8705234159779615, 0.8085399449035814, 0.698201199200533, 0.6881903143585387, 0.8719723183391003, 0.7330063069376314, 0.7400696864111499, 0.8701117318435755]
2019-01-05 04:10:22,118 - INFO - optimizer - sql12 | Eval: 10
2019-01-05 04:10:22,121 - INFO - learner - sql12 | TUNING ENDS
2019-01-05 04:29:19,868 - INFO - learner - svm_pred_0
             precision    recall  f1-score   support

         no       0.98      1.00      0.99      6929
        yes       0.87      0.58      0.69       286

avg / total       0.98      0.98      0.98      7215

F Score: 0.6947368421052632
2019-01-05 04:29:19,879 - INFO - learner - Active Delta: 0.1
2019-01-05 04:29:19,879 - INFO - learner - Total Certain Pos: 119 | Total Certain Neg: 6761
2019-01-05 04:55:54,668 - INFO - learner - svm_pred_1
             precision    recall  f1-score   support

         no       0.99      1.00      1.00      6929
        yes       0.93      0.85      0.89       286

avg / total       0.99      0.99      0.99      7215

F Score: 0.8868613138686131
2019-01-05 04:55:54,679 - INFO - learner - Active Delta: 0.1
2019-01-05 04:55:54,679 - INFO - learner - Total Certain Pos: 197 | Total Certain Neg: 6750
2019-01-05 05:28:24,151 - INFO - learner - svm_pred_2
             precision    recall  f1-score   support

         no       0.99      1.00      1.00      6929
        yes       0.94      0.85      0.89       286

avg / total       0.99      0.99      0.99      7215

F Score: 0.8937728937728937
2019-01-05 05:28:24,171 - INFO - learner - Active Delta: 0.1
2019-01-05 05:28:24,171 - INFO - learner - Total Certain Pos: 203 | Total Certain Neg: 6779
2019-01-05 06:09:21,702 - INFO - learner - svm_pred_3
             precision    recall  f1-score   support

         no       0.99      1.00      1.00      6929
        yes       0.95      0.85      0.90       286

avg / total       0.99      0.99      0.99      7215

F Score: 0.8950276243093922
2019-01-05 06:09:21,716 - INFO - learner - Active Delta: 0.1
2019-01-05 06:09:21,716 - INFO - learner - Total Certain Pos: 203 | Total Certain Neg: 6809
2019-01-05 06:52:47,822 - INFO - learner - svm_pred_4
             precision    recall  f1-score   support

         no       0.99      1.00      1.00      6929
        yes       0.95      0.86      0.90       286

avg / total       0.99      0.99      0.99      7215

F Score: 0.8990825688073394
2019-01-05 06:52:47,836 - INFO - learner - Active Delta: 0.1
2019-01-05 06:52:47,836 - INFO - learner - Total Certain Pos: 205 | Total Certain Neg: 6822
2019-01-05 07:41:55,264 - INFO - learner - svm_pred_5
             precision    recall  f1-score   support

         no       0.99      1.00      1.00      6929
        yes       0.95      0.86      0.90       286

avg / total       0.99      0.99      0.99      7215

F Score: 0.901098901098901
2019-01-05 07:41:55,278 - INFO - learner - Active Delta: 0.1
2019-01-05 07:41:55,278 - INFO - learner - Total Certain Pos: 209 | Total Certain Neg: 6821
2019-01-05 08:32:43,726 - INFO - learner - | NO IMPROVEMENT | F Score: 0.901098901098901 | eval: 6
2019-01-05 08:32:43,906 - INFO - rig - sql12 | END PROJECT=====
