2019-02-05 13:15:59,385 - INFO - rig - apache-jmeter-2.10
2019-02-05 13:16:08,115 - INFO - rig - ++++NEW CLF++++ FASTREAD
2019-02-05 13:16:08,115 - INFO - fastread - Total Yes: 374 | Total No: 7683
2019-02-05 13:16:09,060 - INFO - fastread - 0, 0  475
2019-02-05 13:16:18,839 - INFO - fastread - 2, 40  475
2019-02-05 13:16:26,317 - INFO - fastread - 5, 80  475
2019-02-05 13:16:34,183 - INFO - fastread - 26, 120  78
2019-02-05 13:16:42,723 - INFO - fastread - 47, 160  90
2019-02-05 13:16:51,579 - INFO - fastread - 63, 200  144
2019-02-05 13:17:00,374 - INFO - fastread - 101, 240  133
2019-02-05 13:17:09,336 - INFO - fastread - 140, 280  171
2019-02-05 13:17:18,027 - INFO - fastread - 172, 320  201
2019-02-05 13:17:27,038 - INFO - fastread - 211, 360  239
2019-02-05 13:17:36,468 - INFO - fastread - 243, 400  287
2019-02-05 13:17:46,107 - INFO - fastread - 254, 440  325
2019-02-05 13:17:55,887 - INFO - fastread - 268, 480  352
2019-02-05 13:18:05,663 - INFO - fastread - 272, 520  353
2019-02-05 13:18:15,445 - INFO - fastread - 276, 560  358
2019-02-05 13:18:25,285 - INFO - fastread - 284, 600  364
2019-02-05 13:18:35,268 - INFO - fastread - 297, 640  375
2019-02-05 13:18:45,160 - INFO - fastread - 302, 680  372
2019-02-05 13:18:55,067 - INFO - fastread - 304, 720  373
2019-02-05 13:19:05,168 - INFO - fastread - 309, 760  527
2019-02-05 13:19:15,310 - INFO - fastread - 315, 800  437
2019-02-05 13:19:25,357 - INFO - fastread - 317, 840  435
2019-02-05 13:19:35,317 - INFO - fastread - 317, 880  431
2019-02-05 13:19:45,186 - INFO - fastread - 318, 920  404
2019-02-05 13:19:55,228 - INFO - fastread - 318, 960  404
2019-02-05 13:20:05,183 - INFO - fastread - 318, 1000  380
2019-02-05 13:20:15,236 - INFO - fastread - 319, 1040  403
2019-02-05 13:20:25,368 - INFO - fastread - 320, 1080  396
2019-02-05 13:20:35,297 - INFO - fastread - 320, 1120  361
2019-02-05 13:20:45,344 - INFO - fastread - 321, 1160  361
2019-02-05 13:20:55,474 - INFO - fastread - 321, 1200  372
2019-02-05 13:21:05,629 - INFO - fastread - 322, 1240  365
2019-02-05 13:21:15,695 - INFO - fastread - 323, 1280  371
2019-02-05 13:21:25,826 - INFO - fastread - 324, 1320  364
2019-02-05 13:21:35,948 - INFO - fastread - 324, 1360  366
2019-02-05 13:21:46,061 - INFO - fastread - 325, 1400  360
2019-02-05 13:21:56,229 - INFO - fastread - 325, 1440  365
2019-02-05 13:22:06,439 - INFO - fastread - 325, 1480  360
2019-02-05 13:22:16,403 - INFO - fastread - 326, 1520  353
2019-02-05 13:22:25,939 - INFO - fastread - 326, 1560  357
2019-02-05 13:22:35,448 - INFO - fastread - 330, 1600  351
2019-02-05 13:22:45,061 - INFO - fastread - 336, 1640  352
2019-02-05 13:22:54,704 - INFO - fastread - 342, 1680  360
2019-02-05 13:23:04,280 - INFO - fastread - 342, 1720  363
2019-02-05 13:23:13,834 - INFO - fastread - 343, 1760  361
2019-02-05 13:23:23,472 - INFO - fastread - 343, 1800  358
2019-02-05 13:23:33,114 - INFO - fastread - 343, 1840  356
2019-02-05 13:23:42,752 - INFO - fastread - 343, 1880  355
2019-02-05 13:23:52,475 - INFO - fastread - 345, 1920  355
2019-02-05 13:24:02,159 - INFO - fastread - 354, 1960  348
2019-02-05 13:24:12,051 - INFO - fastread - 356, 2000  358
2019-02-05 13:24:21,939 - INFO - fastread - 356, 2040  358
2019-02-05 13:24:32,060 - INFO - fastread - 357, 2080  358
2019-02-05 13:24:42,065 - INFO - fastread - 358, 2120  358
2019-02-05 13:24:52,068 - INFO - fastread - 358, 2160  359
2019-02-05 13:25:02,089 - INFO - fastread - 358, 2200  358
2019-02-05 13:25:05,567 - INFO - fastread - IGNORE apache-jmeter-2.10 | Total: 8057 | Percent Checked: 0.27 | Total Yes Data: 374 | Percent Yes Checked: 0.96
2019-02-05 13:54:43,648 - INFO - rig - apache-jmeter-2.10
2019-02-05 13:54:50,834 - INFO - rig - ++++NEW CLF++++ FASTREAD
2019-02-05 13:54:50,834 - INFO - rig - ++++NEW CLF++++ SGD
2019-02-05 13:54:50,834 - INFO - fastread - Total Yes: 374 | Total No: 7683
2019-02-05 13:54:51,025 - INFO - fastread - 8, 10
2019-02-05 13:54:51,025 - INFO - fastread - 18, 20
2019-02-05 13:54:51,036 - INFO - fastread - 28, 30
2019-02-05 13:54:51,044 - INFO - fastread - 36, 40
2019-02-05 13:54:51,046 - INFO - fastread - 46, 50
2019-02-05 13:54:51,056 - INFO - fastread - 56, 60
2019-02-05 13:54:51,056 - INFO - fastread - 65, 70
2019-02-05 13:54:51,076 - INFO - fastread - 75, 80
2019-02-05 13:54:51,076 - INFO - fastread - 77, 90
2019-02-05 13:54:51,086 - INFO - fastread - 77, 100
2019-02-05 13:54:51,086 - INFO - fastread - 82, 110
2019-02-05 13:54:51,096 - INFO - fastread - 92, 120
2019-02-05 13:54:51,096 - INFO - fastread - 102, 130
2019-02-05 13:54:51,106 - INFO - fastread - 111, 140
2019-02-05 13:54:51,116 - INFO - fastread - 121, 150
2019-02-05 13:54:51,116 - INFO - fastread - 129, 160
2019-02-05 13:54:51,126 - INFO - fastread - 136, 170
2019-02-05 13:54:51,126 - INFO - fastread - 146, 180
2019-02-05 13:54:51,136 - INFO - fastread - 150, 190
2019-02-05 13:54:51,136 - INFO - fastread - 150, 200
2019-02-05 13:54:51,146 - INFO - fastread - 151, 210
2019-02-05 13:54:51,146 - INFO - fastread - 161, 220
2019-02-05 13:54:51,156 - INFO - fastread - 171, 230
2019-02-05 13:54:51,156 - INFO - fastread - 178, 240
2019-02-05 13:54:51,167 - INFO - fastread - 187, 250
2019-02-05 13:54:51,167 - INFO - fastread - 193, 260
2019-02-05 13:54:51,177 - INFO - fastread - 200, 270
2019-02-05 13:54:51,177 - INFO - fastread - 207, 280
2019-02-05 13:54:51,187 - INFO - fastread - 215, 290
2019-02-05 13:54:51,187 - INFO - fastread - 221, 300
2019-02-05 13:54:51,197 - INFO - fastread - 228, 310
2019-02-05 13:54:51,205 - INFO - fastread - 232, 320
2019-02-05 13:54:51,207 - INFO - fastread - 236, 330
2019-02-05 13:54:51,217 - INFO - fastread - 239, 340
2019-02-05 13:54:51,217 - INFO - fastread - 246, 350
2019-02-05 13:54:51,227 - INFO - fastread - 252, 360
2019-02-05 13:54:51,227 - INFO - fastread - 257, 370
2019-02-05 13:54:51,235 - INFO - fastread - 262, 380
2019-02-05 13:54:51,237 - INFO - fastread - 263, 390
2019-02-05 13:54:51,245 - INFO - fastread - 264, 400
2019-02-05 13:54:51,247 - INFO - fastread - 267, 410
2019-02-05 13:54:51,257 - INFO - fastread - 270, 420
2019-02-05 13:54:51,277 - INFO - fastread - 272, 430
2019-02-05 13:54:51,277 - INFO - fastread - 275, 440
2019-02-05 13:54:51,298 - INFO - fastread - 275, 450
2019-02-05 13:54:51,298 - INFO - fastread - 277, 460
2019-02-05 13:54:51,308 - INFO - fastread - 277, 470
2019-02-05 13:54:51,316 - INFO - fastread - 280, 480
2019-02-05 13:54:51,318 - INFO - fastread - 281, 490
2019-02-05 13:54:51,326 - INFO - fastread - 281, 500
2019-02-05 13:54:51,328 - INFO - fastread - 283, 510
2019-02-05 13:54:51,338 - INFO - fastread - 284, 520
2019-02-05 13:54:51,348 - INFO - fastread - 287, 530
2019-02-05 13:54:51,348 - INFO - fastread - 288, 540
2019-02-05 13:54:51,358 - INFO - fastread - 289, 550
2019-02-05 13:54:51,358 - INFO - fastread - 291, 560
2019-02-05 13:54:51,368 - INFO - fastread - 293, 570
2019-02-05 13:54:51,378 - INFO - fastread - 294, 580
2019-02-05 13:54:51,388 - INFO - fastread - 297, 590
2019-02-05 13:54:51,388 - INFO - fastread - 298, 600
2019-02-05 13:54:51,398 - INFO - fastread - 305, 610
2019-02-05 13:54:51,398 - INFO - fastread - 308, 620
2019-02-05 13:54:51,408 - INFO - fastread - 309, 630
2019-02-05 13:54:51,408 - INFO - fastread - 309, 640
2019-02-05 13:54:51,419 - INFO - fastread - 310, 650
2019-02-05 13:54:51,427 - INFO - fastread - 310, 660
2019-02-05 13:54:51,429 - INFO - fastread - 311, 670
2019-02-05 13:54:51,437 - INFO - fastread - 311, 680
2019-02-05 13:54:51,439 - INFO - fastread - 313, 690
2019-02-05 13:54:51,447 - INFO - fastread - 313, 700
2019-02-05 13:54:51,449 - INFO - fastread - 313, 710
2019-02-05 13:54:51,457 - INFO - fastread - 314, 720
2019-02-05 13:54:51,469 - INFO - fastread - 315, 730
2019-02-05 13:54:51,477 - INFO - fastread - 316, 740
2019-02-05 13:54:51,479 - INFO - fastread - 317, 750
2019-02-05 13:54:51,489 - INFO - fastread - 317, 760
2019-02-05 13:54:51,497 - INFO - fastread - 322, 770
2019-02-05 13:54:51,499 - INFO - fastread - 322, 780
2019-02-05 13:54:51,507 - INFO - fastread - 322, 790
2019-02-05 13:54:51,509 - INFO - fastread - 323, 800
2019-02-05 13:54:51,519 - INFO - fastread - 323, 810
2019-02-05 13:54:51,519 - INFO - fastread - 324, 820
2019-02-05 13:54:51,529 - INFO - fastread - 324, 830
2019-02-05 13:54:51,529 - INFO - fastread - 324, 840
2019-02-05 13:54:51,538 - INFO - fastread - 329, 850
2019-02-05 13:54:51,540 - INFO - fastread - 329, 860
2019-02-05 13:54:51,548 - INFO - fastread - 329, 870
2019-02-05 13:54:51,550 - INFO - fastread - 329, 880
2019-02-05 13:54:51,558 - INFO - fastread - 330, 890
2019-02-05 13:54:51,560 - INFO - fastread - 331, 900
2019-02-05 13:54:51,570 - INFO - fastread - 331, 910
2019-02-05 13:54:51,570 - INFO - fastread - 332, 920
2019-02-05 13:54:51,580 - INFO - fastread - 332, 930
2019-02-05 13:54:51,580 - INFO - fastread - 332, 940
2019-02-05 13:54:51,590 - INFO - fastread - 335, 950
2019-02-05 13:54:51,590 - INFO - fastread - 336, 960
2019-02-05 13:54:51,600 - INFO - fastread - 336, 970
2019-02-05 13:54:51,608 - INFO - fastread - 337, 980
2019-02-05 13:54:51,610 - INFO - fastread - 337, 990
2019-02-05 13:54:51,618 - INFO - fastread - 337, 1000
2019-02-05 13:54:51,620 - INFO - fastread - 337, 1010
2019-02-05 13:54:51,630 - INFO - fastread - 337, 1020
2019-02-05 13:54:51,630 - INFO - fastread - 337, 1030
2019-02-05 13:54:51,640 - INFO - fastread - 337, 1040
2019-02-05 13:54:51,651 - INFO - fastread - 337, 1050
2019-02-05 13:54:51,651 - INFO - fastread - 338, 1060
2019-02-05 13:54:51,661 - INFO - fastread - 338, 1070
2019-02-05 13:54:51,661 - INFO - fastread - 338, 1080
2019-02-05 13:54:51,671 - INFO - fastread - 338, 1090
2019-02-05 13:54:51,679 - INFO - fastread - 338, 1100
2019-02-05 13:54:51,701 - INFO - fastread - 341, 1110
2019-02-05 13:54:51,701 - INFO - fastread - 342, 1120
2019-02-05 13:54:51,711 - INFO - fastread - 345, 1130
2019-02-05 13:54:51,711 - INFO - fastread - 345, 1140
2019-02-05 13:54:51,721 - INFO - fastread - 345, 1150
2019-02-05 13:54:51,729 - INFO - fastread - 345, 1160
2019-02-05 13:54:51,731 - INFO - fastread - 345, 1170
2019-02-05 13:54:51,739 - INFO - fastread - 346, 1180
2019-02-05 13:54:51,741 - INFO - fastread - 346, 1190
2019-02-05 13:54:51,749 - INFO - fastread - 346, 1200
2019-02-05 13:54:51,751 - INFO - fastread - 346, 1210
2019-02-05 13:54:51,759 - INFO - fastread - 346, 1220
2019-02-05 13:54:51,761 - INFO - fastread - 346, 1230
2019-02-05 13:54:51,772 - INFO - fastread - 346, 1240
2019-02-05 13:54:51,772 - INFO - fastread - 346, 1250
2019-02-05 13:54:51,782 - INFO - fastread - 347, 1260
2019-02-05 13:54:51,782 - INFO - fastread - 347, 1270
2019-02-05 13:54:51,792 - INFO - fastread - 348, 1280
2019-02-05 13:54:51,792 - INFO - fastread - 348, 1290
2019-02-05 13:54:51,802 - INFO - fastread - 348, 1300
2019-02-05 13:54:51,802 - INFO - fastread - 348, 1310
2019-02-05 13:54:51,812 - INFO - fastread - 349, 1320
2019-02-05 13:54:51,820 - INFO - fastread - 350, 1330
2019-02-05 13:54:51,822 - INFO - fastread - 350, 1340
2019-02-05 13:54:51,830 - INFO - fastread - 350, 1350
2019-02-05 13:54:51,832 - INFO - fastread - 350, 1360
2019-02-05 13:54:51,842 - INFO - fastread - 350, 1370
2019-02-05 13:54:51,850 - INFO - fastread - 350, 1380
2019-02-05 13:54:51,852 - INFO - fastread - 350, 1390
2019-02-05 13:54:51,862 - INFO - fastread - 352, 1400
2019-02-05 13:54:51,873 - INFO - fastread - 352, 1410
2019-02-05 13:54:51,873 - INFO - fastread - 352, 1420
2019-02-05 13:54:51,883 - INFO - fastread - 352, 1430
2019-02-05 13:54:51,891 - INFO - fastread - 352, 1440
2019-02-05 13:54:51,893 - INFO - fastread - 352, 1450
2019-02-05 13:54:51,903 - INFO - fastread - 352, 1460
2019-02-05 13:54:51,903 - INFO - fastread - 352, 1470
2019-02-05 13:54:51,913 - INFO - fastread - 352, 1480
2019-02-05 13:54:51,923 - INFO - fastread - 352, 1490
2019-02-05 13:54:51,923 - INFO - fastread - 352, 1500
2019-02-05 13:54:51,933 - INFO - fastread - 352, 1510
2019-02-05 13:54:51,941 - INFO - fastread - 352, 1520
2019-02-05 13:54:51,943 - INFO - fastread - 352, 1530
2019-02-05 13:54:51,951 - INFO - fastread - 353, 1540
2019-02-05 13:54:51,953 - INFO - fastread - 353, 1550
2019-02-05 13:54:51,963 - INFO - fastread - 353, 1560
2019-02-05 13:54:51,963 - INFO - fastread - 353, 1570
2019-02-05 13:54:51,974 - INFO - fastread - 353, 1580
2019-02-05 13:54:51,982 - INFO - fastread - 353, 1590
2019-02-05 13:54:51,984 - INFO - fastread - 353, 1600
2019-02-05 13:54:51,992 - INFO - fastread - 353, 1610
2019-02-05 13:54:51,994 - INFO - fastread - 353, 1620
2019-02-05 13:54:52,004 - INFO - fastread - 353, 1630
2019-02-05 13:54:52,004 - INFO - fastread - 353, 1640
2019-02-05 13:54:52,014 - INFO - fastread - 353, 1650
2019-02-05 13:54:52,014 - INFO - fastread - 353, 1660
2019-02-05 13:54:52,024 - INFO - fastread - 353, 1670
2019-02-05 13:54:52,024 - INFO - fastread - 353, 1680
2019-02-05 13:54:52,034 - INFO - fastread - 353, 1690
2019-02-05 13:54:52,042 - INFO - fastread - 353, 1700
2019-02-05 13:54:52,054 - INFO - fastread - 353, 1710
2019-02-05 13:54:52,054 - INFO - fastread - 353, 1720
2019-02-05 13:54:52,064 - INFO - fastread - 353, 1730
2019-02-05 13:54:52,072 - INFO - fastread - 353, 1740
2019-02-05 13:54:52,074 - INFO - fastread - 353, 1750
2019-02-05 13:54:52,092 - INFO - fastread - 353, 1760
2019-02-05 13:54:52,095 - INFO - fastread - 353, 1770
2019-02-05 13:54:52,105 - INFO - fastread - 353, 1780
2019-02-05 13:54:52,105 - INFO - fastread - 353, 1790
2019-02-05 13:54:52,115 - INFO - fastread - 353, 1800
2019-02-05 13:54:52,115 - INFO - fastread - 353, 1810
2019-02-05 13:54:52,125 - INFO - fastread - 353, 1820
2019-02-05 13:54:52,125 - INFO - fastread - 353, 1830
2019-02-05 13:54:52,135 - INFO - fastread - 353, 1840
2019-02-05 13:54:52,143 - INFO - fastread - 353, 1850
2019-02-05 13:54:52,145 - INFO - fastread - 354, 1860
2019-02-05 13:54:52,153 - INFO - fastread - 354, 1870
2019-02-05 13:54:52,155 - INFO - fastread - 354, 1880
2019-02-05 13:54:52,165 - INFO - fastread - 354, 1890
2019-02-05 13:54:52,165 - INFO - fastread - 354, 1900
2019-02-05 13:54:52,175 - INFO - fastread - 354, 1910
2019-02-05 13:54:52,175 - INFO - fastread - 354, 1920
2019-02-05 13:54:52,185 - INFO - fastread - 354, 1930
2019-02-05 13:54:52,193 - INFO - fastread - 354, 1940
2019-02-05 13:54:52,195 - INFO - fastread - 354, 1950
2019-02-05 13:54:52,203 - INFO - fastread - 354, 1960
2019-02-05 13:54:52,205 - INFO - fastread - 354, 1970
2019-02-05 13:54:52,215 - INFO - fastread - 354, 1980
2019-02-05 13:54:52,215 - INFO - fastread - 354, 1990
2019-02-05 13:54:52,226 - INFO - fastread - 354, 2000
2019-02-05 13:54:52,234 - INFO - fastread - 354, 2010
2019-02-05 13:54:52,236 - INFO - fastread - 354, 2020
2019-02-05 13:54:52,244 - INFO - fastread - 354, 2030
2019-02-05 13:54:52,246 - INFO - fastread - 354, 2040
2019-02-05 13:54:52,256 - INFO - fastread - 354, 2050
2019-02-05 13:54:52,256 - INFO - fastread - 354, 2060
2019-02-05 13:54:52,266 - INFO - fastread - 354, 2070
2019-02-05 13:54:52,274 - INFO - fastread - 355, 2080
2019-02-05 13:54:52,276 - INFO - fastread - 355, 2090
2019-02-05 13:54:52,286 - INFO - fastread - 356, 2100
2019-02-05 13:54:52,296 - INFO - fastread - IGNORE apache-jmeter-2.10 | Total: 8057 | Percent Checked: 0.26 | Total Yes Data: 374 | Percent Yes Checked: 0.95
2019-02-05 13:54:52,296 - INFO - rig - ++++NEW CLF++++ SVM
2019-02-05 13:54:52,296 - INFO - fastread - Total Yes: 374 | Total No: 7683
2019-02-05 14:13:14,838 - INFO - rig - apache-jmeter-2.10
2019-02-05 14:13:17,912 - INFO - rig - ++++NEW CLF++++ FASTREAD
2019-02-05 14:13:17,912 - INFO - fastread - Total Yes: 374 | Total No: 7683
2019-02-05 14:13:18,107 - INFO - fastread - 0, 0  475
2019-02-05 14:13:37,302 - INFO - fastread - 275, 315  475
2019-02-05 14:13:40,010 - INFO - fastread - 279, 355  402
2019-02-05 14:13:42,744 - INFO - fastread - 285, 395  367
2019-02-05 14:13:45,501 - INFO - fastread - 286, 435  361
2019-02-05 14:13:48,389 - INFO - fastread - 292, 475  364
2019-02-05 14:13:51,155 - INFO - fastread - 298, 515  349
2019-02-05 14:13:53,960 - INFO - fastread - 301, 555  344
2019-02-05 14:13:56,656 - INFO - fastread - 302, 595  341
2019-02-05 14:13:59,361 - INFO - fastread - 308, 635  335
2019-02-05 14:14:02,097 - INFO - fastread - 311, 675  337
2019-02-05 14:14:04,761 - INFO - fastread - 313, 715  329
2019-02-05 14:14:07,384 - INFO - fastread - 315, 755  324
2019-02-05 14:14:10,009 - INFO - fastread - 317, 795  323
2019-02-05 14:14:12,644 - INFO - fastread - 320, 835  324
2019-02-05 14:14:15,266 - INFO - fastread - 321, 875  323
2019-02-05 14:14:17,901 - INFO - fastread - 329, 915  323
2019-02-05 14:14:20,594 - INFO - fastread - 331, 955  329
2019-02-05 14:14:23,241 - INFO - fastread - 331, 995  331
2019-02-05 14:14:23,352 - INFO - fastread - IGNORE apache-jmeter-2.10 | Total: 8057 | Percent Checked: 0.12 | Total Yes Data: 374 | Percent Yes Checked: 0.89
2019-02-05 14:14:23,352 - INFO - rig - ++++NEW CLF++++ SGD
2019-02-05 14:14:23,352 - INFO - fastread - Total Yes: 374 | Total No: 7683
2019-02-05 14:14:23,445 - INFO - fastread - 8, 10
2019-02-05 14:14:23,455 - INFO - fastread - 18, 20
2019-02-05 14:14:23,455 - INFO - fastread - 28, 30
2019-02-05 14:14:23,455 - INFO - fastread - 36, 40
2019-02-05 14:14:23,465 - INFO - fastread - 46, 50
2019-02-05 14:14:23,465 - INFO - fastread - 56, 60
2019-02-05 14:14:23,473 - INFO - fastread - 65, 70
2019-02-05 14:14:23,475 - INFO - fastread - 75, 80
2019-02-05 14:14:23,475 - INFO - fastread - 77, 90
2019-02-05 14:14:23,483 - INFO - fastread - 77, 100
2019-02-05 14:14:23,485 - INFO - fastread - 82, 110
2019-02-05 14:14:23,485 - INFO - fastread - 92, 120
2019-02-05 14:14:23,495 - INFO - fastread - 102, 130
2019-02-05 14:14:23,495 - INFO - fastread - 111, 140
2019-02-05 14:14:23,495 - INFO - fastread - 121, 150
2019-02-05 14:14:23,505 - INFO - fastread - 129, 160
2019-02-05 14:14:23,505 - INFO - fastread - 136, 170
2019-02-05 14:14:23,513 - INFO - fastread - 146, 180
2019-02-05 14:14:23,515 - INFO - fastread - 150, 190
2019-02-05 14:14:23,515 - INFO - fastread - 150, 200
2019-02-05 14:14:23,523 - INFO - fastread - 151, 210
2019-02-05 14:14:23,525 - INFO - fastread - 161, 220
2019-02-05 14:14:23,525 - INFO - fastread - 171, 230
2019-02-05 14:14:23,535 - INFO - fastread - 178, 240
2019-02-05 14:14:23,535 - INFO - fastread - 187, 250
2019-02-05 14:14:23,535 - INFO - fastread - 193, 260
2019-02-05 14:14:23,543 - INFO - fastread - 200, 270
2019-02-05 14:14:23,545 - INFO - fastread - 207, 280
2019-02-05 14:14:23,545 - INFO - fastread - 215, 290
2019-02-05 14:14:23,545 - INFO - fastread - 221, 300
2019-02-05 14:14:23,554 - INFO - fastread - 228, 310
2019-02-05 14:14:23,556 - INFO - fastread - 232, 320
2019-02-05 14:14:23,556 - INFO - fastread - 236, 330
2019-02-05 14:14:23,556 - INFO - fastread - 239, 340
2019-02-05 14:14:23,556 - INFO - fastread - 246, 350
2019-02-05 14:14:23,566 - INFO - fastread - 252, 360
2019-02-05 14:14:23,566 - INFO - fastread - 257, 370
2019-02-05 14:14:23,574 - INFO - fastread - 262, 380
2019-02-05 14:14:23,576 - INFO - fastread - 263, 390
2019-02-05 14:14:23,576 - INFO - fastread - 264, 400
2019-02-05 14:14:23,584 - INFO - fastread - 267, 410
2019-02-05 14:14:23,586 - INFO - fastread - 270, 420
2019-02-05 14:14:23,586 - INFO - fastread - 272, 430
2019-02-05 14:14:23,594 - INFO - fastread - 275, 440
2019-02-05 14:14:23,596 - INFO - fastread - 275, 450
2019-02-05 14:14:23,596 - INFO - fastread - 277, 460
2019-02-05 14:14:23,596 - INFO - fastread - 277, 470
2019-02-05 14:14:23,604 - INFO - fastread - 280, 480
2019-02-05 14:14:23,606 - INFO - fastread - 281, 490
2019-02-05 14:14:23,606 - INFO - fastread - 281, 500
2019-02-05 14:14:23,606 - INFO - fastread - 283, 510
2019-02-05 14:14:23,614 - INFO - fastread - 284, 520
2019-02-05 14:14:23,616 - INFO - fastread - 287, 530
2019-02-05 14:14:23,616 - INFO - fastread - 288, 540
2019-02-05 14:14:23,616 - INFO - fastread - 289, 550
2019-02-05 14:14:23,616 - INFO - fastread - 291, 560
2019-02-05 14:14:23,626 - INFO - fastread - 293, 570
2019-02-05 14:14:23,626 - INFO - fastread - 294, 580
2019-02-05 14:14:23,634 - INFO - fastread - 297, 590
2019-02-05 14:14:23,636 - INFO - fastread - 298, 600
2019-02-05 14:14:23,636 - INFO - fastread - 305, 610
2019-02-05 14:14:23,636 - INFO - fastread - 308, 620
2019-02-05 14:14:23,636 - INFO - fastread - 309, 630
2019-02-05 14:14:23,646 - INFO - fastread - 309, 640
2019-02-05 14:14:23,646 - INFO - fastread - 310, 650
2019-02-05 14:14:23,646 - INFO - fastread - 310, 660
2019-02-05 14:14:23,646 - INFO - fastread - 311, 670
2019-02-05 14:14:23,654 - INFO - fastread - 311, 680
2019-02-05 14:14:23,656 - INFO - fastread - 313, 690
2019-02-05 14:14:23,656 - INFO - fastread - 313, 700
2019-02-05 14:14:23,656 - INFO - fastread - 313, 710
2019-02-05 14:14:23,664 - INFO - fastread - 314, 720
2019-02-05 14:14:23,666 - INFO - fastread - 315, 730
2019-02-05 14:14:23,666 - INFO - fastread - 316, 740
2019-02-05 14:14:23,666 - INFO - fastread - 317, 750
2019-02-05 14:14:23,674 - INFO - fastread - 317, 760
2019-02-05 14:14:23,676 - INFO - fastread - 322, 770
2019-02-05 14:14:23,676 - INFO - fastread - 322, 780
2019-02-05 14:14:23,676 - INFO - fastread - 322, 790
2019-02-05 14:14:23,676 - INFO - fastread - 323, 800
2019-02-05 14:14:23,685 - INFO - fastread - 323, 810
2019-02-05 14:14:23,687 - INFO - fastread - 324, 820
2019-02-05 14:14:23,687 - INFO - fastread - 324, 830
2019-02-05 14:14:23,687 - INFO - fastread - 324, 840
2019-02-05 14:14:23,695 - INFO - fastread - 329, 850
2019-02-05 14:14:23,697 - INFO - fastread - 329, 860
2019-02-05 14:14:23,697 - INFO - fastread - 329, 870
2019-02-05 14:14:23,697 - INFO - fastread - 329, 880
2019-02-05 14:14:23,705 - INFO - fastread - 330, 890
2019-02-05 14:14:23,707 - INFO - fastread - 331, 900
2019-02-05 14:14:23,707 - INFO - fastread - 331, 910
2019-02-05 14:14:23,707 - INFO - fastread - 332, 920
2019-02-05 14:14:23,707 - INFO - fastread - 332, 930
2019-02-05 14:14:23,715 - INFO - fastread - 332, 940
2019-02-05 14:14:23,717 - INFO - fastread - 335, 950
2019-02-05 14:14:23,717 - INFO - fastread - 336, 960
2019-02-05 14:14:23,717 - INFO - fastread - 336, 970
2019-02-05 14:14:23,717 - INFO - fastread - 337, 980
2019-02-05 14:14:23,727 - INFO - fastread - 337, 990
2019-02-05 14:14:23,727 - INFO - fastread - 337, 1000
2019-02-05 14:14:23,727 - INFO - fastread - 337, 1010
2019-02-05 14:14:23,735 - INFO - fastread - 337, 1020
2019-02-05 14:14:23,735 - INFO - fastread - 337, 1030
2019-02-05 14:14:23,735 - INFO - fastread - 337, 1040
2019-02-05 14:14:23,735 - INFO - fastread - 337, 1050
2019-02-05 14:14:23,745 - INFO - fastread - 338, 1060
2019-02-05 14:14:23,747 - INFO - fastread - 338, 1070
2019-02-05 14:14:23,747 - INFO - fastread - 338, 1080
2019-02-05 14:14:23,747 - INFO - fastread - 338, 1090
2019-02-05 14:14:23,747 - INFO - fastread - 338, 1100
2019-02-05 14:14:23,755 - INFO - fastread - 341, 1110
2019-02-05 14:14:23,757 - INFO - fastread - 342, 1120
2019-02-05 14:14:23,757 - INFO - fastread - 345, 1130
2019-02-05 14:14:23,757 - INFO - fastread - 345, 1140
2019-02-05 14:14:23,765 - INFO - fastread - 345, 1150
2019-02-05 14:14:23,767 - INFO - fastread - 345, 1160
2019-02-05 14:14:23,767 - INFO - fastread - 345, 1170
2019-02-05 14:14:23,767 - INFO - fastread - 346, 1180
2019-02-05 14:14:23,767 - INFO - fastread - 346, 1190
2019-02-05 14:14:23,775 - INFO - fastread - 346, 1200
2019-02-05 14:14:23,777 - INFO - fastread - 346, 1210
2019-02-05 14:14:23,777 - INFO - fastread - 346, 1220
2019-02-05 14:14:23,777 - INFO - fastread - 346, 1230
2019-02-05 14:14:23,786 - INFO - fastread - 346, 1240
2019-02-05 14:14:23,788 - INFO - fastread - 346, 1250
2019-02-05 14:14:23,788 - INFO - fastread - 347, 1260
2019-02-05 14:14:23,788 - INFO - fastread - 347, 1270
2019-02-05 14:14:23,788 - INFO - fastread - 348, 1280
2019-02-05 14:14:23,796 - INFO - fastread - 348, 1290
2019-02-05 14:14:23,798 - INFO - fastread - 348, 1300
2019-02-05 14:14:23,798 - INFO - fastread - 348, 1310
2019-02-05 14:14:23,798 - INFO - fastread - 349, 1320
2019-02-05 14:14:23,798 - INFO - fastread - 350, 1330
2019-02-05 14:14:23,808 - INFO - fastread - 350, 1340
2019-02-05 14:14:23,808 - INFO - fastread - 350, 1350
2019-02-05 14:14:23,808 - INFO - fastread - 350, 1360
2019-02-05 14:14:23,808 - INFO - fastread - 350, 1370
2019-02-05 14:14:23,816 - INFO - fastread - 350, 1380
2019-02-05 14:14:23,818 - INFO - fastread - 350, 1390
2019-02-05 14:14:23,818 - INFO - fastread - 352, 1400
2019-02-05 14:14:23,818 - INFO - fastread - 352, 1410
2019-02-05 14:14:23,818 - INFO - fastread - 352, 1420
2019-02-05 14:14:23,828 - INFO - fastread - 352, 1430
2019-02-05 14:14:23,828 - INFO - fastread - 352, 1440
2019-02-05 14:14:23,828 - INFO - fastread - 352, 1450
2019-02-05 14:14:23,828 - INFO - fastread - 352, 1460
2019-02-05 14:14:23,836 - INFO - fastread - 352, 1470
2019-02-05 14:14:23,839 - INFO - fastread - 352, 1480
2019-02-05 14:14:23,839 - INFO - fastread - 352, 1490
2019-02-05 14:14:23,839 - INFO - fastread - 352, 1500
2019-02-05 14:14:23,847 - INFO - fastread - 352, 1510
2019-02-05 14:14:23,849 - INFO - fastread - 352, 1520
2019-02-05 14:14:23,849 - INFO - fastread - 352, 1530
2019-02-05 14:14:23,849 - INFO - fastread - 353, 1540
2019-02-05 14:14:23,849 - INFO - fastread - 353, 1550
2019-02-05 14:14:23,857 - INFO - fastread - 353, 1560
2019-02-05 14:14:23,859 - INFO - fastread - 353, 1570
2019-02-05 14:14:23,859 - INFO - fastread - 353, 1580
2019-02-05 14:14:23,859 - INFO - fastread - 353, 1590
2019-02-05 14:14:23,867 - INFO - fastread - 353, 1600
2019-02-05 14:14:23,869 - INFO - fastread - 353, 1610
2019-02-05 14:14:23,869 - INFO - fastread - 353, 1620
2019-02-05 14:14:23,869 - INFO - fastread - 353, 1630
2019-02-05 14:14:23,869 - INFO - fastread - 353, 1640
2019-02-05 14:14:23,877 - INFO - fastread - 353, 1650
2019-02-05 14:14:23,879 - INFO - fastread - 353, 1660
2019-02-05 14:14:23,879 - INFO - fastread - 353, 1670
2019-02-05 14:14:23,879 - INFO - fastread - 353, 1680
2019-02-05 14:14:23,879 - INFO - fastread - 353, 1690
2019-02-05 14:14:23,889 - INFO - fastread - 353, 1700
2019-02-05 14:14:23,889 - INFO - fastread - 353, 1710
2019-02-05 14:14:23,889 - INFO - fastread - 353, 1720
2019-02-05 14:14:23,889 - INFO - fastread - 353, 1730
2019-02-05 14:14:23,898 - INFO - fastread - 353, 1740
2019-02-05 14:14:23,900 - INFO - fastread - 353, 1750
2019-02-05 14:14:23,900 - INFO - fastread - 353, 1760
2019-02-05 14:14:23,900 - INFO - fastread - 353, 1770
2019-02-05 14:14:23,908 - INFO - fastread - 353, 1780
2019-02-05 14:14:23,910 - INFO - fastread - 353, 1790
2019-02-05 14:14:23,910 - INFO - fastread - 353, 1800
2019-02-05 14:14:23,910 - INFO - fastread - 353, 1810
2019-02-05 14:14:23,910 - INFO - fastread - 353, 1820
2019-02-05 14:14:23,918 - INFO - fastread - 353, 1830
2019-02-05 14:14:23,920 - INFO - fastread - 353, 1840
2019-02-05 14:14:23,920 - INFO - fastread - 353, 1850
2019-02-05 14:14:23,920 - INFO - fastread - 354, 1860
2019-02-05 14:14:23,920 - INFO - fastread - 354, 1870
2019-02-05 14:14:23,930 - INFO - fastread - 354, 1880
2019-02-05 14:14:23,930 - INFO - fastread - 354, 1890
2019-02-05 14:14:23,930 - INFO - fastread - 354, 1900
2019-02-05 14:14:23,930 - INFO - fastread - 354, 1910
2019-02-05 14:14:23,938 - INFO - fastread - 354, 1920
2019-02-05 14:14:23,940 - INFO - fastread - 354, 1930
2019-02-05 14:14:23,940 - INFO - fastread - 354, 1940
2019-02-05 14:14:23,940 - INFO - fastread - 354, 1950
2019-02-05 14:14:23,948 - INFO - fastread - 354, 1960
2019-02-05 14:14:23,951 - INFO - fastread - 354, 1970
2019-02-05 14:14:23,951 - INFO - fastread - 354, 1980
2019-02-05 14:14:23,951 - INFO - fastread - 354, 1990
2019-02-05 14:14:23,951 - INFO - fastread - 354, 2000
2019-02-05 14:14:23,959 - INFO - fastread - 354, 2010
2019-02-05 14:14:23,961 - INFO - fastread - 354, 2020
2019-02-05 14:14:23,961 - INFO - fastread - 354, 2030
2019-02-05 14:14:23,961 - INFO - fastread - 354, 2040
2019-02-05 14:14:23,969 - INFO - fastread - 354, 2050
2019-02-05 14:14:23,971 - INFO - fastread - 354, 2060
2019-02-05 14:14:23,971 - INFO - fastread - 354, 2070
2019-02-05 14:14:23,971 - INFO - fastread - 355, 2080
2019-02-05 14:14:23,971 - INFO - fastread - 355, 2090
2019-02-05 14:14:23,979 - INFO - fastread - 356, 2100
2019-02-05 14:14:23,981 - INFO - fastread - IGNORE apache-jmeter-2.10 | Total: 8057 | Percent Checked: 0.26 | Total Yes Data: 374 | Percent Yes Checked: 0.95
2019-02-05 14:23:36,554 - INFO - rig - apache-jmeter-2.10
2019-02-05 14:23:41,037 - INFO - rig - ++++NEW CLF++++ FASTREAD
2019-02-05 14:23:41,139 - INFO - fastread - Total Yes: 374 | Total No: 7683
2019-02-05 14:23:41,400 - INFO - fastread - 0, 0  475
2019-02-05 14:24:00,795 - INFO - fastread - 278, 318  475
2019-02-05 14:24:03,657 - INFO - fastread - 278, 358  535
2019-02-05 14:24:06,487 - INFO - fastread - 280, 398  463
2019-02-05 14:24:09,238 - INFO - fastread - 287, 438  388
2019-02-05 14:24:11,918 - INFO - fastread - 295, 478  364
2019-02-05 14:24:14,646 - INFO - fastread - 296, 518  360
2019-02-05 14:24:17,292 - INFO - fastread - 299, 558  340
2019-02-05 14:24:19,961 - INFO - fastread - 299, 598  334
2019-02-05 14:24:22,606 - INFO - fastread - 301, 638  324
2019-02-05 14:24:25,222 - INFO - fastread - 302, 678  323
2019-02-05 14:24:27,851 - INFO - fastread - 306, 718  320
2019-02-05 14:24:30,458 - INFO - fastread - 308, 758  325
2019-02-05 14:24:33,173 - INFO - fastread - 309, 798  326
2019-02-05 14:24:35,739 - INFO - fastread - 311, 838  324
2019-02-05 14:24:38,343 - INFO - fastread - 313, 878  327
2019-02-05 14:24:40,921 - INFO - fastread - 313, 918  329
2019-02-05 14:24:43,449 - INFO - fastread - 314, 958  326
2019-02-05 14:24:45,997 - INFO - fastread - 317, 998  327
2019-02-05 14:24:48,557 - INFO - fastread - 320, 1038  332
2019-02-05 14:24:51,093 - INFO - fastread - 322, 1078  336
2019-02-05 14:24:53,610 - INFO - fastread - 325, 1118  338
2019-02-05 14:24:56,159 - INFO - fastread - 328, 1158  342
2019-02-05 14:24:58,706 - INFO - fastread - 331, 1198  344
2019-02-05 14:25:01,276 - INFO - fastread - 338, 1238  348
2019-02-05 14:25:03,823 - INFO - fastread - 341, 1278  359
2019-02-05 14:25:06,381 - INFO - fastread - 344, 1318  358
2019-02-05 14:25:08,890 - INFO - fastread - 345, 1358  358
2019-02-05 14:25:11,406 - INFO - fastread - 345, 1398  355
2019-02-05 14:25:13,945 - INFO - fastread - 345, 1438  352
2019-02-05 14:25:16,463 - INFO - fastread - 345, 1478  349
2019-02-05 14:25:23,728 - INFO - fastread - 346, 1591  346
2019-02-05 14:25:26,218 - INFO - fastread - 349, 1631  346
2019-02-05 14:25:28,697 - INFO - fastread - 349, 1671  350
2019-02-05 14:25:28,818 - INFO - fastread - IGNORE apache-jmeter-2.10 | Total: 8057 | Percent Checked: 0.21 | Total Yes Data: 374 | Percent Yes Checked: 0.93
2019-02-05 14:25:28,818 - INFO - rig - ++++NEW CLF++++ SGD
2019-02-05 14:25:28,818 - INFO - fastread - Total Yes: 374 | Total No: 7683
2019-02-05 14:25:28,929 - INFO - fastread - 8, 10
2019-02-05 14:25:28,929 - INFO - fastread - 18, 20
2019-02-05 14:25:28,937 - INFO - fastread - 28, 30
2019-02-05 14:25:28,939 - INFO - fastread - 36, 40
2019-02-05 14:25:28,939 - INFO - fastread - 46, 50
2019-02-05 14:25:28,939 - INFO - fastread - 56, 60
2019-02-05 14:25:28,939 - INFO - fastread - 65, 70
2019-02-05 14:25:28,949 - INFO - fastread - 75, 80
2019-02-05 14:25:28,949 - INFO - fastread - 77, 90
2019-02-05 14:25:28,949 - INFO - fastread - 77, 100
2019-02-05 14:25:28,949 - INFO - fastread - 82, 110
2019-02-05 14:25:28,957 - INFO - fastread - 92, 120
2019-02-05 14:25:28,959 - INFO - fastread - 102, 130
2019-02-05 14:25:28,959 - INFO - fastread - 111, 140
2019-02-05 14:25:28,959 - INFO - fastread - 121, 150
2019-02-05 14:25:28,967 - INFO - fastread - 129, 160
2019-02-05 14:25:28,969 - INFO - fastread - 136, 170
2019-02-05 14:25:28,969 - INFO - fastread - 146, 180
2019-02-05 14:25:28,969 - INFO - fastread - 150, 190
2019-02-05 14:25:28,969 - INFO - fastread - 150, 200
2019-02-05 14:25:28,977 - INFO - fastread - 151, 210
2019-02-05 14:25:28,979 - INFO - fastread - 161, 220
2019-02-05 14:25:28,979 - INFO - fastread - 171, 230
2019-02-05 14:25:28,979 - INFO - fastread - 178, 240
2019-02-05 14:25:28,987 - INFO - fastread - 187, 250
2019-02-05 14:25:28,989 - INFO - fastread - 193, 260
2019-02-05 14:25:28,989 - INFO - fastread - 200, 270
2019-02-05 14:25:28,989 - INFO - fastread - 207, 280
2019-02-05 14:25:28,989 - INFO - fastread - 215, 290
2019-02-05 14:25:28,999 - INFO - fastread - 221, 300
2019-02-05 14:25:28,999 - INFO - fastread - 228, 310
2019-02-05 14:25:28,999 - INFO - fastread - 232, 320
2019-02-05 14:25:28,999 - INFO - fastread - 236, 330
2019-02-05 14:25:29,007 - INFO - fastread - 239, 340
2019-02-05 14:25:29,010 - INFO - fastread - 246, 350
2019-02-05 14:25:29,010 - INFO - fastread - 252, 360
2019-02-05 14:25:29,010 - INFO - fastread - 257, 370
2019-02-05 14:25:29,018 - INFO - fastread - 262, 380
2019-02-05 14:25:29,020 - INFO - fastread - 263, 390
2019-02-05 14:25:29,020 - INFO - fastread - 264, 400
2019-02-05 14:25:29,020 - INFO - fastread - 267, 410
2019-02-05 14:25:29,020 - INFO - fastread - 270, 420
2019-02-05 14:25:29,028 - INFO - fastread - 272, 430
2019-02-05 14:25:29,030 - INFO - fastread - 275, 440
2019-02-05 14:25:29,030 - INFO - fastread - 275, 450
2019-02-05 14:25:29,030 - INFO - fastread - 277, 460
2019-02-05 14:25:29,038 - INFO - fastread - 277, 470
2019-02-05 14:25:29,040 - INFO - fastread - 280, 480
2019-02-05 14:25:29,040 - INFO - fastread - 281, 490
2019-02-05 14:25:29,040 - INFO - fastread - 281, 500
2019-02-05 14:25:29,048 - INFO - fastread - 283, 510
2019-02-05 14:25:29,050 - INFO - fastread - 284, 520
2019-02-05 14:25:29,050 - INFO - fastread - 287, 530
2019-02-05 14:25:29,050 - INFO - fastread - 288, 540
2019-02-05 14:25:29,050 - INFO - fastread - 289, 550
2019-02-05 14:25:29,058 - INFO - fastread - 291, 560
2019-02-05 14:25:29,060 - INFO - fastread - 293, 570
2019-02-05 14:25:29,060 - INFO - fastread - 294, 580
2019-02-05 14:25:29,060 - INFO - fastread - 297, 590
2019-02-05 14:25:29,068 - INFO - fastread - 298, 600
2019-02-05 14:25:29,070 - INFO - fastread - 305, 610
2019-02-05 14:25:29,070 - INFO - fastread - 308, 620
2019-02-05 14:25:29,070 - INFO - fastread - 309, 630
2019-02-05 14:25:29,078 - INFO - fastread - 309, 640
2019-02-05 14:25:29,080 - INFO - fastread - 310, 650
2019-02-05 14:25:29,080 - INFO - fastread - 310, 660
2019-02-05 14:25:29,088 - INFO - fastread - 311, 670
2019-02-05 14:25:29,090 - INFO - fastread - 311, 680
2019-02-05 14:25:29,090 - INFO - fastread - 313, 690
2019-02-05 14:25:29,100 - INFO - fastread - 313, 700
2019-02-05 14:25:29,100 - INFO - fastread - 313, 710
2019-02-05 14:25:29,100 - INFO - fastread - 314, 720
2019-02-05 14:25:29,100 - INFO - fastread - 315, 730
2019-02-05 14:25:29,108 - INFO - fastread - 316, 740
2019-02-05 14:25:29,110 - INFO - fastread - 317, 750
2019-02-05 14:25:29,110 - INFO - fastread - 317, 760
2019-02-05 14:25:29,110 - INFO - fastread - 322, 770
2019-02-05 14:25:29,118 - INFO - fastread - 322, 780
2019-02-05 14:25:29,120 - INFO - fastread - 322, 790
2019-02-05 14:25:29,120 - INFO - fastread - 323, 800
2019-02-05 14:25:29,120 - INFO - fastread - 323, 810
2019-02-05 14:25:29,120 - INFO - fastread - 324, 820
2019-02-05 14:25:29,128 - INFO - fastread - 324, 830
2019-02-05 14:25:29,130 - INFO - fastread - 324, 840
2019-02-05 14:25:29,130 - INFO - fastread - 329, 850
2019-02-05 14:25:29,130 - INFO - fastread - 329, 860
2019-02-05 14:25:29,138 - INFO - fastread - 329, 870
2019-02-05 14:25:29,141 - INFO - fastread - 329, 880
2019-02-05 14:25:29,145 - INFO - fastread - 330, 890
2019-02-05 14:25:29,145 - INFO - fastread - 331, 900
2019-02-05 14:25:29,149 - INFO - fastread - 331, 910
2019-02-05 14:25:29,151 - INFO - fastread - 332, 920
2019-02-05 14:25:29,151 - INFO - fastread - 332, 930
2019-02-05 14:25:29,151 - INFO - fastread - 332, 940
2019-02-05 14:25:29,151 - INFO - fastread - 335, 950
2019-02-05 14:25:29,159 - INFO - fastread - 336, 960
2019-02-05 14:25:29,161 - INFO - fastread - 336, 970
2019-02-05 14:25:29,161 - INFO - fastread - 337, 980
2019-02-05 14:25:29,161 - INFO - fastread - 337, 990
2019-02-05 14:25:29,161 - INFO - fastread - 337, 1000
2019-02-05 14:25:29,169 - INFO - fastread - 337, 1010
2019-02-05 14:25:29,171 - INFO - fastread - 337, 1020
2019-02-05 14:25:29,171 - INFO - fastread - 337, 1030
2019-02-05 14:25:29,171 - INFO - fastread - 337, 1040
2019-02-05 14:25:29,179 - INFO - fastread - 337, 1050
2019-02-05 14:25:29,181 - INFO - fastread - 338, 1060
2019-02-05 14:25:29,181 - INFO - fastread - 338, 1070
2019-02-05 14:25:29,181 - INFO - fastread - 338, 1080
2019-02-05 14:25:29,181 - INFO - fastread - 338, 1090
2019-02-05 14:25:29,190 - INFO - fastread - 338, 1100
2019-02-05 14:25:29,192 - INFO - fastread - 341, 1110
2019-02-05 14:25:29,192 - INFO - fastread - 342, 1120
2019-02-05 14:25:29,192 - INFO - fastread - 345, 1130
2019-02-05 14:25:29,200 - INFO - fastread - 345, 1140
2019-02-05 14:25:29,202 - INFO - fastread - 345, 1150
2019-02-05 14:25:29,202 - INFO - fastread - 345, 1160
2019-02-05 14:25:29,202 - INFO - fastread - 345, 1170
2019-02-05 14:25:29,202 - INFO - fastread - 346, 1180
2019-02-05 14:25:29,210 - INFO - fastread - 346, 1190
2019-02-05 14:25:29,212 - INFO - fastread - 346, 1200
2019-02-05 14:25:29,212 - INFO - fastread - 346, 1210
2019-02-05 14:25:29,212 - INFO - fastread - 346, 1220
2019-02-05 14:25:29,220 - INFO - fastread - 346, 1230
2019-02-05 14:25:29,222 - INFO - fastread - 346, 1240
2019-02-05 14:25:29,222 - INFO - fastread - 346, 1250
2019-02-05 14:25:29,222 - INFO - fastread - 347, 1260
2019-02-05 14:25:29,222 - INFO - fastread - 347, 1270
2019-02-05 14:25:29,230 - INFO - fastread - 348, 1280
2019-02-05 14:25:29,232 - INFO - fastread - 348, 1290
2019-02-05 14:25:29,232 - INFO - fastread - 348, 1300
2019-02-05 14:25:29,232 - INFO - fastread - 348, 1310
2019-02-05 14:25:29,240 - INFO - fastread - 349, 1320
2019-02-05 14:25:29,242 - INFO - fastread - 350, 1330
2019-02-05 14:25:29,242 - INFO - fastread - 350, 1340
2019-02-05 14:25:29,242 - INFO - fastread - 350, 1350
2019-02-05 14:25:29,242 - INFO - fastread - 350, 1360
2019-02-05 14:25:29,253 - INFO - fastread - 350, 1370
2019-02-05 14:25:29,253 - INFO - fastread - 350, 1380
2019-02-05 14:25:29,253 - INFO - fastread - 350, 1390
2019-02-05 14:25:29,253 - INFO - fastread - 352, 1400
2019-02-05 14:25:29,261 - INFO - fastread - 352, 1410
2019-02-05 14:25:29,263 - INFO - fastread - 352, 1420
2019-02-05 14:25:29,263 - INFO - fastread - 352, 1430
2019-02-05 14:25:29,263 - INFO - fastread - 352, 1440
2019-02-05 14:25:29,271 - INFO - fastread - 352, 1450
2019-02-05 14:25:29,273 - INFO - fastread - 352, 1460
2019-02-05 14:25:29,273 - INFO - fastread - 352, 1470
2019-02-05 14:25:29,273 - INFO - fastread - 352, 1480
2019-02-05 14:25:29,273 - INFO - fastread - 352, 1490
2019-02-05 14:25:29,281 - INFO - fastread - 352, 1500
2019-02-05 14:25:29,283 - INFO - fastread - 352, 1510
2019-02-05 14:25:29,283 - INFO - fastread - 352, 1520
2019-02-05 14:25:29,283 - INFO - fastread - 352, 1530
2019-02-05 14:25:29,291 - INFO - fastread - 353, 1540
2019-02-05 14:25:29,294 - INFO - fastread - 353, 1550
2019-02-05 14:25:29,294 - INFO - fastread - 353, 1560
2019-02-05 14:25:29,294 - INFO - fastread - 353, 1570
2019-02-05 14:25:29,294 - INFO - fastread - 353, 1580
2019-02-05 14:25:29,302 - INFO - fastread - 353, 1590
2019-02-05 14:25:29,304 - INFO - fastread - 353, 1600
2019-02-05 14:25:29,304 - INFO - fastread - 353, 1610
2019-02-05 14:25:29,304 - INFO - fastread - 353, 1620
2019-02-05 14:25:29,304 - INFO - fastread - 353, 1630
2019-02-05 14:25:29,312 - INFO - fastread - 353, 1640
2019-02-05 14:25:29,314 - INFO - fastread - 353, 1650
2019-02-05 14:25:29,314 - INFO - fastread - 353, 1660
2019-02-05 14:25:29,314 - INFO - fastread - 353, 1670
2019-02-05 14:25:29,322 - INFO - fastread - 353, 1680
2019-02-05 14:25:29,324 - INFO - fastread - 353, 1690
2019-02-05 14:25:29,324 - INFO - fastread - 353, 1700
2019-02-05 14:25:29,324 - INFO - fastread - 353, 1710
2019-02-05 14:25:29,324 - INFO - fastread - 353, 1720
2019-02-05 14:25:29,332 - INFO - fastread - 353, 1730
2019-02-05 14:25:29,334 - INFO - fastread - 353, 1740
2019-02-05 14:25:29,334 - INFO - fastread - 353, 1750
2019-02-05 14:25:29,334 - INFO - fastread - 353, 1760
2019-02-05 14:25:29,342 - INFO - fastread - 353, 1770
2019-02-05 14:25:29,344 - INFO - fastread - 353, 1780
2019-02-05 14:25:29,344 - INFO - fastread - 353, 1790
2019-02-05 14:25:29,344 - INFO - fastread - 353, 1800
2019-02-05 14:25:29,344 - INFO - fastread - 353, 1810
2019-02-05 14:25:29,353 - INFO - fastread - 353, 1820
2019-02-05 14:25:29,355 - INFO - fastread - 353, 1830
2019-02-05 14:25:29,355 - INFO - fastread - 353, 1840
2019-02-05 14:25:29,355 - INFO - fastread - 353, 1850
2019-02-05 14:25:29,363 - INFO - fastread - 354, 1860
2019-02-05 14:25:29,365 - INFO - fastread - 354, 1870
2019-02-05 14:25:29,365 - INFO - fastread - 354, 1880
2019-02-05 14:25:29,365 - INFO - fastread - 354, 1890
2019-02-05 14:25:29,365 - INFO - fastread - 354, 1900
2019-02-05 14:25:29,373 - INFO - fastread - 354, 1910
2019-02-05 14:25:29,375 - INFO - fastread - 354, 1920
2019-02-05 14:25:29,375 - INFO - fastread - 354, 1930
2019-02-05 14:25:29,375 - INFO - fastread - 354, 1940
2019-02-05 14:25:29,375 - INFO - fastread - 354, 1950
2019-02-05 14:25:29,385 - INFO - fastread - 354, 1960
2019-02-05 14:25:29,385 - INFO - fastread - 354, 1970
2019-02-05 14:25:29,385 - INFO - fastread - 354, 1980
2019-02-05 14:25:29,385 - INFO - fastread - 354, 1990
2019-02-05 14:25:29,393 - INFO - fastread - 354, 2000
2019-02-05 14:25:29,395 - INFO - fastread - 354, 2010
2019-02-05 14:25:29,395 - INFO - fastread - 354, 2020
2019-02-05 14:25:29,395 - INFO - fastread - 354, 2030
2019-02-05 14:25:29,404 - INFO - fastread - 354, 2040
2019-02-05 14:25:29,406 - INFO - fastread - 354, 2050
2019-02-05 14:25:29,406 - INFO - fastread - 354, 2060
2019-02-05 14:25:29,406 - INFO - fastread - 354, 2070
2019-02-05 14:25:29,406 - INFO - fastread - 355, 2080
2019-02-05 14:25:29,414 - INFO - fastread - 355, 2090
2019-02-05 14:25:29,416 - INFO - fastread - 356, 2100
2019-02-05 14:25:29,416 - INFO - fastread - IGNORE apache-jmeter-2.10 | Total: 8057 | Percent Checked: 0.26 | Total Yes Data: 374 | Percent Yes Checked: 0.95
2019-02-07 12:11:18,816 - INFO - rig - apache-jmeter-2.10
2019-02-07 12:11:21,870 - INFO - rig - ++++NEW CLF++++ FASTREAD
2019-02-07 12:11:21,870 - INFO - rig - ++++NEW CLF++++ SGD
2019-02-07 12:11:21,870 - INFO - fastread - Total Yes: 374 | Total No: 7683
2019-02-07 12:11:21,961 - INFO - fastread - 8, 10
2019-02-07 12:11:21,969 - INFO - fastread - 18, 20
2019-02-07 12:11:21,971 - INFO - fastread - 28, 30
2019-02-07 12:11:21,971 - INFO - fastread - 36, 40
2019-02-07 12:11:21,971 - INFO - fastread - 46, 50
2019-02-07 12:11:21,971 - INFO - fastread - 56, 60
2019-02-07 12:11:21,979 - INFO - fastread - 65, 70
2019-02-07 12:11:21,981 - INFO - fastread - 75, 80
2019-02-07 12:11:21,981 - INFO - fastread - 77, 90
2019-02-07 12:11:21,981 - INFO - fastread - 77, 100
2019-02-07 12:11:21,989 - INFO - fastread - 82, 110
2019-02-07 12:11:21,991 - INFO - fastread - 92, 120
2019-02-07 12:11:21,991 - INFO - fastread - 102, 130
2019-02-07 12:11:21,999 - INFO - fastread - 111, 140
2019-02-07 12:11:22,001 - INFO - fastread - 121, 150
2019-02-07 12:11:22,001 - INFO - fastread - 129, 160
2019-02-07 12:11:22,009 - INFO - fastread - 136, 170
2019-02-07 12:11:22,011 - INFO - fastread - 146, 180
2019-02-07 12:11:22,011 - INFO - fastread - 150, 190
2019-02-07 12:11:22,011 - INFO - fastread - 150, 200
2019-02-07 12:11:22,019 - INFO - fastread - 151, 210
2019-02-07 12:11:22,021 - INFO - fastread - 161, 220
2019-02-07 12:11:22,021 - INFO - fastread - 171, 230
2019-02-07 12:11:22,021 - INFO - fastread - 178, 240
2019-02-07 12:11:22,029 - INFO - fastread - 187, 250
2019-02-07 12:11:22,032 - INFO - fastread - 193, 260
2019-02-07 12:11:22,032 - INFO - fastread - 200, 270
2019-02-07 12:11:22,032 - INFO - fastread - 207, 280
2019-02-07 12:11:22,032 - INFO - fastread - 215, 290
2019-02-07 12:11:22,042 - INFO - fastread - 221, 300
2019-02-07 12:11:22,042 - INFO - fastread - 228, 310
2019-02-07 12:11:22,042 - INFO - fastread - 232, 320
2019-02-07 12:11:22,042 - INFO - fastread - 236, 330
2019-02-07 12:11:22,050 - INFO - fastread - 239, 340
2019-02-07 12:11:22,052 - INFO - fastread - 246, 350
2019-02-07 12:11:22,052 - INFO - fastread - 252, 360
2019-02-07 12:11:22,052 - INFO - fastread - 257, 370
2019-02-07 12:11:22,060 - INFO - fastread - 262, 380
2019-02-07 12:11:22,062 - INFO - fastread - 263, 390
2019-02-07 12:11:22,062 - INFO - fastread - 264, 400
2019-02-07 12:11:22,062 - INFO - fastread - 267, 410
2019-02-07 12:11:22,070 - INFO - fastread - 270, 420
2019-02-07 12:11:22,072 - INFO - fastread - 272, 430
2019-02-07 12:11:22,072 - INFO - fastread - 275, 440
2019-02-07 12:11:22,080 - INFO - fastread - 275, 450
2019-02-07 12:11:22,082 - INFO - fastread - 277, 460
2019-02-07 12:11:22,082 - INFO - fastread - 277, 470
2019-02-07 12:11:22,092 - INFO - fastread - 280, 480
2019-02-07 12:11:22,092 - INFO - fastread - 281, 490
2019-02-07 12:11:22,100 - INFO - fastread - 281, 500
2019-02-07 12:11:22,102 - INFO - fastread - 283, 510
2019-02-07 12:11:22,102 - INFO - fastread - 284, 520
2019-02-07 12:11:22,110 - INFO - fastread - 287, 530
2019-02-07 12:11:22,112 - INFO - fastread - 288, 540
2019-02-07 12:11:22,112 - INFO - fastread - 289, 550
2019-02-07 12:11:22,122 - INFO - fastread - 291, 560
2019-02-07 12:11:22,122 - INFO - fastread - 293, 570
2019-02-07 12:11:22,130 - INFO - fastread - 294, 580
2019-02-07 12:11:22,133 - INFO - fastread - 297, 590
2019-02-07 12:11:22,133 - INFO - fastread - 298, 600
2019-02-07 12:11:22,143 - INFO - fastread - 305, 610
2019-02-07 12:11:22,143 - INFO - fastread - 308, 620
2019-02-07 12:11:22,143 - INFO - fastread - 309, 630
2019-02-07 12:11:22,153 - INFO - fastread - 309, 640
2019-02-07 12:11:22,153 - INFO - fastread - 310, 650
2019-02-07 12:11:22,153 - INFO - fastread - 310, 660
2019-02-07 12:11:22,153 - INFO - fastread - 311, 670
2019-02-07 12:11:22,161 - INFO - fastread - 311, 680
2019-02-07 12:11:22,163 - INFO - fastread - 313, 690
2019-02-07 12:11:22,163 - INFO - fastread - 313, 700
2019-02-07 12:11:22,163 - INFO - fastread - 313, 710
2019-02-07 12:11:22,171 - INFO - fastread - 314, 720
2019-02-07 12:11:22,173 - INFO - fastread - 315, 730
2019-02-07 12:11:22,173 - INFO - fastread - 316, 740
2019-02-07 12:11:22,173 - INFO - fastread - 317, 750
2019-02-07 12:11:22,173 - INFO - fastread - 317, 760
2019-02-07 12:11:22,183 - INFO - fastread - 322, 770
2019-02-07 12:11:22,183 - INFO - fastread - 322, 780
2019-02-07 12:11:22,183 - INFO - fastread - 322, 790
2019-02-07 12:11:22,183 - INFO - fastread - 323, 800
2019-02-07 12:11:22,192 - INFO - fastread - 323, 810
2019-02-07 12:11:22,194 - INFO - fastread - 324, 820
2019-02-07 12:11:22,194 - INFO - fastread - 324, 830
2019-02-07 12:11:22,194 - INFO - fastread - 324, 840
2019-02-07 12:11:22,202 - INFO - fastread - 329, 850
2019-02-07 12:11:22,204 - INFO - fastread - 329, 860
2019-02-07 12:11:22,204 - INFO - fastread - 329, 870
2019-02-07 12:11:22,204 - INFO - fastread - 329, 880
2019-02-07 12:11:22,212 - INFO - fastread - 330, 890
2019-02-07 12:11:22,214 - INFO - fastread - 331, 900
2019-02-07 12:11:22,214 - INFO - fastread - 331, 910
2019-02-07 12:11:22,214 - INFO - fastread - 332, 920
2019-02-07 12:11:22,214 - INFO - fastread - 332, 930
2019-02-07 12:11:22,222 - INFO - fastread - 332, 940
2019-02-07 12:11:22,224 - INFO - fastread - 335, 950
2019-02-07 12:11:22,224 - INFO - fastread - 336, 960
2019-02-07 12:11:22,224 - INFO - fastread - 336, 970
2019-02-07 12:11:22,232 - INFO - fastread - 337, 980
2019-02-07 12:11:22,234 - INFO - fastread - 337, 990
2019-02-07 12:11:22,234 - INFO - fastread - 337, 1000
2019-02-07 12:11:22,234 - INFO - fastread - 337, 1010
2019-02-07 12:11:22,243 - INFO - fastread - 337, 1020
2019-02-07 12:11:22,245 - INFO - fastread - 337, 1030
2019-02-07 12:11:22,245 - INFO - fastread - 337, 1040
2019-02-07 12:11:22,245 - INFO - fastread - 337, 1050
2019-02-07 12:11:22,245 - INFO - fastread - 338, 1060
2019-02-07 12:11:22,253 - INFO - fastread - 338, 1070
2019-02-07 12:11:22,256 - INFO - fastread - 338, 1080
2019-02-07 12:11:22,258 - INFO - fastread - 338, 1090
2019-02-07 12:11:22,260 - INFO - fastread - 338, 1100
2019-02-07 12:11:22,263 - INFO - fastread - 341, 1110
2019-02-07 12:11:22,266 - INFO - fastread - 342, 1120
2019-02-07 12:11:22,268 - INFO - fastread - 345, 1130
2019-02-07 12:11:22,270 - INFO - fastread - 345, 1140
2019-02-07 12:11:22,273 - INFO - fastread - 345, 1150
2019-02-07 12:11:22,275 - INFO - fastread - 345, 1160
2019-02-07 12:11:22,277 - INFO - fastread - 345, 1170
2019-02-07 12:11:22,278 - INFO - fastread - 346, 1180
2019-02-07 12:11:22,278 - INFO - fastread - 346, 1190
2019-02-07 12:11:22,283 - INFO - fastread - 346, 1200
2019-02-07 12:11:22,285 - INFO - fastread - 346, 1210
2019-02-07 12:11:22,285 - INFO - fastread - 346, 1220
2019-02-07 12:11:22,285 - INFO - fastread - 346, 1230
2019-02-07 12:11:22,293 - INFO - fastread - 346, 1240
2019-02-07 12:11:22,296 - INFO - fastread - 346, 1250
2019-02-07 12:11:22,296 - INFO - fastread - 347, 1260
2019-02-07 12:11:22,296 - INFO - fastread - 347, 1270
2019-02-07 12:11:22,304 - INFO - fastread - 348, 1280
2019-02-07 12:11:22,306 - INFO - fastread - 348, 1290
2019-02-07 12:11:22,306 - INFO - fastread - 348, 1300
2019-02-07 12:11:22,306 - INFO - fastread - 348, 1310
2019-02-07 12:11:22,314 - INFO - fastread - 349, 1320
2019-02-07 12:11:22,316 - INFO - fastread - 350, 1330
2019-02-07 12:11:22,316 - INFO - fastread - 350, 1340
2019-02-07 12:11:22,316 - INFO - fastread - 350, 1350
2019-02-07 12:11:22,324 - INFO - fastread - 350, 1360
2019-02-07 12:11:22,326 - INFO - fastread - 350, 1370
2019-02-07 12:11:22,326 - INFO - fastread - 350, 1380
2019-02-07 12:11:22,326 - INFO - fastread - 350, 1390
2019-02-07 12:11:22,336 - INFO - fastread - 352, 1400
2019-02-07 12:11:22,336 - INFO - fastread - 352, 1410
2019-02-07 12:11:22,344 - INFO - fastread - 352, 1420
2019-02-07 12:11:22,346 - INFO - fastread - 352, 1430
2019-02-07 12:11:22,346 - INFO - fastread - 352, 1440
2019-02-07 12:11:22,354 - INFO - fastread - 352, 1450
2019-02-07 12:11:22,356 - INFO - fastread - 352, 1460
2019-02-07 12:11:22,356 - INFO - fastread - 352, 1470
2019-02-07 12:11:22,356 - INFO - fastread - 352, 1480
2019-02-07 12:11:22,364 - INFO - fastread - 352, 1490
2019-02-07 12:11:22,366 - INFO - fastread - 352, 1500
2019-02-07 12:11:22,366 - INFO - fastread - 352, 1510
2019-02-07 12:11:22,366 - INFO - fastread - 352, 1520
2019-02-07 12:11:22,374 - INFO - fastread - 352, 1530
2019-02-07 12:11:22,377 - INFO - fastread - 353, 1540
2019-02-07 12:11:22,377 - INFO - fastread - 353, 1550
2019-02-07 12:11:22,377 - INFO - fastread - 353, 1560
2019-02-07 12:11:22,385 - INFO - fastread - 353, 1570
2019-02-07 12:11:22,387 - INFO - fastread - 353, 1580
2019-02-07 12:11:22,387 - INFO - fastread - 353, 1590
2019-02-07 12:11:22,387 - INFO - fastread - 353, 1600
2019-02-07 12:11:22,387 - INFO - fastread - 353, 1610
2019-02-07 12:11:22,397 - INFO - fastread - 353, 1620
2019-02-07 12:11:22,397 - INFO - fastread - 353, 1630
2019-02-07 12:11:22,397 - INFO - fastread - 353, 1640
2019-02-07 12:11:22,397 - INFO - fastread - 353, 1650
2019-02-07 12:11:22,405 - INFO - fastread - 353, 1660
2019-02-07 12:11:22,407 - INFO - fastread - 353, 1670
2019-02-07 12:11:22,407 - INFO - fastread - 353, 1680
2019-02-07 12:11:22,407 - INFO - fastread - 353, 1690
2019-02-07 12:11:22,415 - INFO - fastread - 353, 1700
2019-02-07 12:11:22,417 - INFO - fastread - 353, 1710
2019-02-07 12:11:22,417 - INFO - fastread - 353, 1720
2019-02-07 12:11:22,417 - INFO - fastread - 353, 1730
2019-02-07 12:11:22,425 - INFO - fastread - 353, 1740
2019-02-07 12:11:22,428 - INFO - fastread - 353, 1750
2019-02-07 12:11:22,428 - INFO - fastread - 353, 1760
2019-02-07 12:11:22,428 - INFO - fastread - 353, 1770
2019-02-07 12:11:22,436 - INFO - fastread - 353, 1780
2019-02-07 12:11:22,438 - INFO - fastread - 353, 1790
2019-02-07 12:11:22,438 - INFO - fastread - 353, 1800
2019-02-07 12:11:22,438 - INFO - fastread - 353, 1810
2019-02-07 12:11:22,438 - INFO - fastread - 353, 1820
2019-02-07 12:11:22,446 - INFO - fastread - 353, 1830
2019-02-07 12:11:22,448 - INFO - fastread - 353, 1840
2019-02-07 12:11:22,448 - INFO - fastread - 353, 1850
2019-02-07 12:11:22,448 - INFO - fastread - 354, 1860
2019-02-07 12:11:22,456 - INFO - fastread - 354, 1870
2019-02-07 12:11:22,458 - INFO - fastread - 354, 1880
2019-02-07 12:11:22,458 - INFO - fastread - 354, 1890
2019-02-07 12:11:22,458 - INFO - fastread - 354, 1900
2019-02-07 12:11:22,466 - INFO - fastread - 354, 1910
2019-02-07 12:11:22,468 - INFO - fastread - 354, 1920
2019-02-07 12:11:22,468 - INFO - fastread - 354, 1930
2019-02-07 12:11:22,468 - INFO - fastread - 354, 1940
2019-02-07 12:11:22,476 - INFO - fastread - 354, 1950
2019-02-07 12:11:22,478 - INFO - fastread - 354, 1960
2019-02-07 12:11:22,478 - INFO - fastread - 354, 1970
2019-02-07 12:11:22,478 - INFO - fastread - 354, 1980
2019-02-07 12:11:22,486 - INFO - fastread - 354, 1990
2019-02-07 12:11:22,488 - INFO - fastread - 354, 2000
2019-02-07 12:11:22,488 - INFO - fastread - 354, 2010
2019-02-07 12:11:22,488 - INFO - fastread - 354, 2020
2019-02-07 12:11:22,488 - INFO - fastread - 354, 2030
2019-02-07 12:11:22,498 - INFO - fastread - 354, 2040
2019-02-07 12:11:22,498 - INFO - fastread - 354, 2050
2019-02-07 12:11:22,507 - INFO - fastread - 354, 2060
2019-02-07 12:11:22,509 - INFO - fastread - 354, 2070
2019-02-07 12:11:22,509 - INFO - fastread - 355, 2080
2019-02-07 12:11:22,509 - INFO - fastread - 355, 2090
2019-02-07 12:11:22,519 - INFO - fastread - 356, 2100
2019-02-07 12:11:22,529 - INFO - fastread - IGNORE apache-jmeter-2.10 | Total: 8057 | Percent Checked: 0.26 | Total Yes Data: 374 | Percent Yes Checked: 0.95
