2019-02-05 13:15:59,607 - INFO - rig - argouml
2019-02-05 13:16:08,763 - INFO - rig - ++++NEW CLF++++ FASTREAD
2019-02-05 13:16:08,764 - INFO - fastread - Total Yes: 1413 | Total No: 8039
2019-02-05 13:16:09,419 - INFO - fastread - 0, 0  475
2019-02-05 13:16:18,951 - INFO - fastread - 3, 47  475
2019-02-05 13:16:28,621 - INFO - fastread - 10, 94  475
2019-02-05 13:16:39,309 - INFO - fastread - 47, 141  104
2019-02-05 13:16:51,127 - INFO - fastread - 78, 188  238
2019-02-05 13:17:03,240 - INFO - fastread - 101, 235  382
2019-02-05 13:17:15,372 - INFO - fastread - 128, 282  486
2019-02-05 13:17:27,744 - INFO - fastread - 147, 329  622
2019-02-05 13:17:40,488 - INFO - fastread - 183, 376  733
2019-02-05 13:17:53,461 - INFO - fastread - 226, 423  527
2019-02-05 13:18:06,054 - INFO - fastread - 270, 470  509
2019-02-05 13:18:20,529 - INFO - fastread - 315, 517  530
2019-02-05 13:18:33,730 - INFO - fastread - 360, 564  573
2019-02-05 13:18:46,977 - INFO - fastread - 402, 611  618
2019-02-05 13:19:00,392 - INFO - fastread - 429, 658  657
2019-02-05 13:19:13,920 - INFO - fastread - 465, 705  678
2019-02-05 13:19:27,798 - INFO - fastread - 509, 752  708
2019-02-05 13:19:42,670 - INFO - fastread - 551, 799  746
2019-02-05 13:19:56,849 - INFO - fastread - 593, 846  776
2019-02-05 13:20:16,682 - INFO - fastread - 631, 893  801
2019-02-05 13:20:31,021 - INFO - fastread - 672, 940  834
2019-02-05 13:20:45,321 - INFO - fastread - 714, 987  858
2019-02-05 13:21:00,141 - INFO - fastread - 747, 1034  889
2019-02-05 13:21:15,295 - INFO - fastread - 783, 1081  907
2019-02-05 13:21:30,618 - INFO - fastread - 820, 1128  941
2019-02-05 13:21:46,177 - INFO - fastread - 857, 1175  978
2019-02-05 13:22:02,050 - INFO - fastread - 881, 1222  1009
2019-02-05 13:22:18,289 - INFO - fastread - 910, 1269  1040
2019-02-05 13:22:34,781 - INFO - fastread - 945, 1316  1049
2019-02-05 13:22:51,809 - INFO - fastread - 982, 1363  1072
2019-02-05 13:23:09,234 - INFO - fastread - 1011, 1410  1105
2019-02-05 13:23:26,714 - INFO - fastread - 1043, 1457  1132
2019-02-05 13:23:44,755 - INFO - fastread - 1077, 1504  1168
2019-02-05 13:24:03,411 - INFO - fastread - 1103, 1551  1192
2019-02-05 13:24:25,176 - INFO - fastread - 1126, 1598  1219
2019-02-05 13:24:43,687 - INFO - fastread - 1150, 1645  1225
2019-02-05 13:25:02,849 - INFO - fastread - 1171, 1692  1232
2019-02-05 13:25:26,501 - INFO - fastread - 1190, 1739  1247
2019-02-05 13:25:45,469 - INFO - fastread - 1209, 1786  1267
2019-02-05 13:26:04,649 - INFO - fastread - 1227, 1833  1287
2019-02-05 13:26:24,351 - INFO - fastread - 1245, 1880  1287
2019-02-05 13:26:44,488 - INFO - fastread - 1257, 1927  1297
2019-02-05 13:27:05,168 - INFO - fastread - 1266, 1974  1309
2019-02-05 13:27:28,225 - INFO - fastread - 1272, 2021  1317
2019-02-05 13:27:49,664 - INFO - fastread - 1277, 2068  1314
2019-02-05 13:28:11,603 - INFO - fastread - 1281, 2115  1313
2019-02-05 13:28:33,822 - INFO - fastread - 1287, 2162  1311
2019-02-05 13:28:56,525 - INFO - fastread - 1289, 2209  1314
2019-02-05 13:29:19,377 - INFO - fastread - 1294, 2256  1311
2019-02-05 13:29:42,569 - INFO - fastread - 1297, 2303  1316
2019-02-05 13:30:06,086 - INFO - fastread - 1301, 2350  1315
2019-02-05 13:30:35,037 - INFO - fastread - 1302, 2397  1316
2019-02-05 13:30:58,845 - INFO - fastread - 1306, 2444  1310
2019-02-05 13:31:22,941 - INFO - fastread - 1314, 2491  1307
2019-02-05 13:31:39,444 - INFO - fastread - IGNORE argouml | Total: 9452 | Percent Checked: 0.26 | Total Yes Data: 1413 | Percent Yes Checked: 0.93
2019-02-05 13:54:44,041 - INFO - rig - argouml
2019-02-05 13:54:51,580 - INFO - rig - ++++NEW CLF++++ FASTREAD
2019-02-05 13:54:51,580 - INFO - rig - ++++NEW CLF++++ SGD
2019-02-05 13:54:51,580 - INFO - fastread - Total Yes: 1413 | Total No: 8039
2019-02-05 13:54:51,782 - INFO - fastread - 2, 10
2019-02-05 13:54:51,782 - INFO - fastread - 9, 20
2019-02-05 13:54:51,792 - INFO - fastread - 19, 30
2019-02-05 13:54:51,792 - INFO - fastread - 27, 40
2019-02-05 13:54:51,802 - INFO - fastread - 35, 50
2019-02-05 13:54:51,802 - INFO - fastread - 35, 60
2019-02-05 13:54:51,812 - INFO - fastread - 38, 70
2019-02-05 13:54:51,820 - INFO - fastread - 45, 80
2019-02-05 13:54:51,822 - INFO - fastread - 54, 90
2019-02-05 13:54:51,830 - INFO - fastread - 64, 100
2019-02-05 13:54:51,832 - INFO - fastread - 72, 110
2019-02-05 13:54:51,842 - INFO - fastread - 81, 120
2019-02-05 13:54:51,852 - INFO - fastread - 91, 130
2019-02-05 13:54:51,852 - INFO - fastread - 100, 140
2019-02-05 13:54:51,862 - INFO - fastread - 108, 150
2019-02-05 13:54:51,862 - INFO - fastread - 115, 160
2019-02-05 13:54:51,873 - INFO - fastread - 125, 170
2019-02-05 13:54:51,881 - INFO - fastread - 135, 180
2019-02-05 13:54:51,903 - INFO - fastread - 144, 190
2019-02-05 13:54:51,903 - INFO - fastread - 154, 200
2019-02-05 13:54:51,913 - INFO - fastread - 163, 210
2019-02-05 13:54:51,921 - INFO - fastread - 170, 220
2019-02-05 13:54:51,923 - INFO - fastread - 176, 230
2019-02-05 13:54:51,933 - INFO - fastread - 184, 240
2019-02-05 13:54:51,933 - INFO - fastread - 192, 250
2019-02-05 13:54:51,943 - INFO - fastread - 200, 260
2019-02-05 13:54:51,943 - INFO - fastread - 209, 270
2019-02-05 13:54:51,951 - INFO - fastread - 216, 280
2019-02-05 13:54:51,953 - INFO - fastread - 225, 290
2019-02-05 13:54:51,963 - INFO - fastread - 235, 300
2019-02-05 13:54:51,963 - INFO - fastread - 243, 310
2019-02-05 13:54:51,974 - INFO - fastread - 253, 320
2019-02-05 13:54:51,974 - INFO - fastread - 263, 330
2019-02-05 13:54:51,984 - INFO - fastread - 272, 340
2019-02-05 13:54:51,992 - INFO - fastread - 278, 350
2019-02-05 13:54:51,994 - INFO - fastread - 286, 360
2019-02-05 13:54:51,994 - INFO - fastread - 295, 370
2019-02-05 13:54:52,004 - INFO - fastread - 304, 380
2019-02-05 13:54:52,012 - INFO - fastread - 314, 390
2019-02-05 13:54:52,014 - INFO - fastread - 322, 400
2019-02-05 13:54:52,022 - INFO - fastread - 332, 410
2019-02-05 13:54:52,024 - INFO - fastread - 338, 420
2019-02-05 13:54:52,032 - INFO - fastread - 344, 430
2019-02-05 13:54:52,034 - INFO - fastread - 351, 440
2019-02-05 13:54:52,044 - INFO - fastread - 361, 450
2019-02-05 13:54:52,044 - INFO - fastread - 371, 460
2019-02-05 13:54:52,054 - INFO - fastread - 380, 470
2019-02-05 13:54:52,054 - INFO - fastread - 387, 480
2019-02-05 13:54:52,064 - INFO - fastread - 395, 490
2019-02-05 13:54:52,064 - INFO - fastread - 401, 500
2019-02-05 13:54:52,084 - INFO - fastread - 409, 510
2019-02-05 13:54:52,084 - INFO - fastread - 418, 520
2019-02-05 13:54:52,095 - INFO - fastread - 428, 530
2019-02-05 13:54:52,095 - INFO - fastread - 438, 540
2019-02-05 13:54:52,105 - INFO - fastread - 446, 550
2019-02-05 13:54:52,113 - INFO - fastread - 454, 560
2019-02-05 13:54:52,115 - INFO - fastread - 462, 570
2019-02-05 13:54:52,125 - INFO - fastread - 471, 580
2019-02-05 13:54:52,125 - INFO - fastread - 481, 590
2019-02-05 13:54:52,135 - INFO - fastread - 488, 600
2019-02-05 13:54:52,135 - INFO - fastread - 496, 610
2019-02-05 13:54:52,145 - INFO - fastread - 506, 620
2019-02-05 13:54:52,155 - INFO - fastread - 514, 630
2019-02-05 13:54:52,155 - INFO - fastread - 524, 640
2019-02-05 13:54:52,165 - INFO - fastread - 533, 650
2019-02-05 13:54:52,173 - INFO - fastread - 543, 660
2019-02-05 13:54:52,175 - INFO - fastread - 553, 670
2019-02-05 13:54:52,183 - INFO - fastread - 563, 680
2019-02-05 13:54:52,185 - INFO - fastread - 572, 690
2019-02-05 13:54:52,195 - INFO - fastread - 580, 700
2019-02-05 13:54:52,205 - INFO - fastread - 589, 710
2019-02-05 13:54:52,205 - INFO - fastread - 595, 720
2019-02-05 13:54:52,215 - INFO - fastread - 605, 730
2019-02-05 13:54:52,224 - INFO - fastread - 614, 740
2019-02-05 13:54:52,226 - INFO - fastread - 621, 750
2019-02-05 13:54:52,236 - INFO - fastread - 631, 760
2019-02-05 13:54:52,236 - INFO - fastread - 641, 770
2019-02-05 13:54:52,256 - INFO - fastread - 651, 780
2019-02-05 13:54:52,256 - INFO - fastread - 660, 790
2019-02-05 13:54:52,266 - INFO - fastread - 668, 800
2019-02-05 13:54:52,274 - INFO - fastread - 674, 810
2019-02-05 13:54:52,286 - INFO - fastread - 680, 820
2019-02-05 13:54:52,294 - INFO - fastread - 690, 830
2019-02-05 13:54:52,296 - INFO - fastread - 698, 840
2019-02-05 13:54:52,306 - INFO - fastread - 707, 850
2019-02-05 13:54:52,306 - INFO - fastread - 716, 860
2019-02-05 13:54:52,316 - INFO - fastread - 726, 870
2019-02-05 13:54:52,326 - INFO - fastread - 733, 880
2019-02-05 13:54:52,326 - INFO - fastread - 742, 890
2019-02-05 13:54:52,336 - INFO - fastread - 747, 900
2019-02-05 13:54:52,336 - INFO - fastread - 756, 910
2019-02-05 13:54:52,346 - INFO - fastread - 764, 920
2019-02-05 13:54:52,355 - INFO - fastread - 772, 930
2019-02-05 13:54:52,357 - INFO - fastread - 780, 940
2019-02-05 13:54:52,367 - INFO - fastread - 787, 950
2019-02-05 13:54:52,367 - INFO - fastread - 796, 960
2019-02-05 13:54:52,377 - INFO - fastread - 802, 970
2019-02-05 13:54:52,385 - INFO - fastread - 810, 980
2019-02-05 13:54:52,387 - INFO - fastread - 818, 990
2019-02-05 13:54:52,397 - INFO - fastread - 824, 1000
2019-02-05 13:54:52,397 - INFO - fastread - 832, 1010
2019-02-05 13:54:52,407 - INFO - fastread - 841, 1020
2019-02-05 13:54:52,415 - INFO - fastread - 850, 1030
2019-02-05 13:54:52,417 - INFO - fastread - 860, 1040
2019-02-05 13:54:52,427 - INFO - fastread - 869, 1050
2019-02-05 13:54:52,427 - INFO - fastread - 875, 1060
2019-02-05 13:54:52,437 - INFO - fastread - 881, 1070
2019-02-05 13:54:52,445 - INFO - fastread - 891, 1080
2019-02-05 13:54:52,447 - INFO - fastread - 900, 1090
2019-02-05 13:54:52,457 - INFO - fastread - 907, 1100
2019-02-05 13:54:52,457 - INFO - fastread - 915, 1110
2019-02-05 13:54:52,478 - INFO - fastread - 923, 1120
2019-02-05 13:54:52,478 - INFO - fastread - 932, 1130
2019-02-05 13:54:52,488 - INFO - fastread - 938, 1140
2019-02-05 13:54:52,498 - INFO - fastread - 947, 1150
2019-02-05 13:54:52,498 - INFO - fastread - 957, 1160
2019-02-05 13:54:52,508 - INFO - fastread - 963, 1170
2019-02-05 13:54:52,508 - INFO - fastread - 971, 1180
2019-02-05 13:54:52,539 - INFO - fastread - 980, 1190
2019-02-05 13:54:52,549 - INFO - fastread - 985, 1200
2019-02-05 13:54:52,549 - INFO - fastread - 994, 1210
2019-02-05 13:54:52,559 - INFO - fastread - 1003, 1220
2019-02-05 13:54:52,569 - INFO - fastread - 1012, 1230
2019-02-05 13:54:52,589 - INFO - fastread - 1019, 1240
2019-02-05 13:54:52,599 - INFO - fastread - 1027, 1250
2019-02-05 13:54:52,609 - INFO - fastread - 1035, 1260
2019-02-05 13:54:52,609 - INFO - fastread - 1044, 1270
2019-02-05 13:54:52,619 - INFO - fastread - 1052, 1280
2019-02-05 13:54:52,627 - INFO - fastread - 1061, 1290
2019-02-05 13:54:52,658 - INFO - fastread - 1069, 1300
2019-02-05 13:54:52,660 - INFO - fastread - 1078, 1310
2019-02-05 13:54:52,680 - INFO - fastread - 1084, 1320
2019-02-05 13:54:52,680 - INFO - fastread - 1092, 1330
2019-02-05 13:54:52,690 - INFO - fastread - 1102, 1340
2019-02-05 13:54:52,690 - INFO - fastread - 1108, 1350
2019-02-05 13:54:52,710 - INFO - fastread - 1114, 1360
2019-02-05 13:54:52,710 - INFO - fastread - 1121, 1370
2019-02-05 13:54:52,720 - INFO - fastread - 1129, 1380
2019-02-05 13:54:52,720 - INFO - fastread - 1136, 1390
2019-02-05 13:54:52,730 - INFO - fastread - 1142, 1400
2019-02-05 13:54:52,748 - INFO - fastread - 1146, 1410
2019-02-05 13:54:52,750 - INFO - fastread - 1150, 1420
2019-02-05 13:54:52,758 - INFO - fastread - 1154, 1430
2019-02-05 13:54:52,760 - INFO - fastread - 1161, 1440
2019-02-05 13:54:52,771 - INFO - fastread - 1164, 1450
2019-02-05 13:54:52,771 - INFO - fastread - 1165, 1460
2019-02-05 13:54:52,801 - INFO - fastread - 1167, 1470
2019-02-05 13:54:52,809 - INFO - fastread - 1172, 1480
2019-02-05 13:54:52,811 - INFO - fastread - 1179, 1490
2019-02-05 13:54:52,819 - INFO - fastread - 1183, 1500
2019-02-05 13:54:52,821 - INFO - fastread - 1188, 1510
2019-02-05 13:54:52,831 - INFO - fastread - 1193, 1520
2019-02-05 13:54:52,831 - INFO - fastread - 1198, 1530
2019-02-05 13:54:52,841 - INFO - fastread - 1198, 1540
2019-02-05 13:54:52,841 - INFO - fastread - 1207, 1550
2019-02-05 13:54:52,851 - INFO - fastread - 1215, 1560
2019-02-05 13:54:52,859 - INFO - fastread - 1216, 1570
2019-02-05 13:54:52,861 - INFO - fastread - 1220, 1580
2019-02-05 13:54:52,879 - INFO - fastread - 1225, 1590
2019-02-05 13:54:52,881 - INFO - fastread - 1231, 1600
2019-02-05 13:54:52,892 - INFO - fastread - 1235, 1610
2019-02-05 13:54:52,900 - INFO - fastread - 1239, 1620
2019-02-05 13:54:52,902 - INFO - fastread - 1241, 1630
2019-02-05 13:54:52,912 - INFO - fastread - 1245, 1640
2019-02-05 13:54:52,912 - INFO - fastread - 1252, 1650
2019-02-05 13:54:52,922 - INFO - fastread - 1255, 1660
2019-02-05 13:54:52,930 - INFO - fastread - 1255, 1670
2019-02-05 13:54:52,932 - INFO - fastread - 1258, 1680
2019-02-05 13:54:52,942 - INFO - fastread - 1261, 1690
2019-02-05 13:54:52,942 - INFO - fastread - 1264, 1700
2019-02-05 13:54:52,952 - INFO - fastread - 1266, 1710
2019-02-05 13:54:52,960 - INFO - fastread - 1271, 1720
2019-02-05 13:54:52,962 - INFO - fastread - 1274, 1730
2019-02-05 13:54:52,972 - INFO - fastread - 1275, 1740
2019-02-05 13:54:52,972 - INFO - fastread - 1276, 1750
2019-02-05 13:54:52,982 - INFO - fastread - 1277, 1760
2019-02-05 13:54:52,990 - INFO - fastread - 1279, 1770
2019-02-05 13:54:52,992 - INFO - fastread - 1282, 1780
2019-02-05 13:54:53,000 - INFO - fastread - 1283, 1790
2019-02-05 13:54:53,002 - INFO - fastread - 1286, 1800
2019-02-05 13:54:53,013 - INFO - fastread - 1288, 1810
2019-02-05 13:54:53,013 - INFO - fastread - 1288, 1820
2019-02-05 13:54:53,023 - INFO - fastread - 1290, 1830
2019-02-05 13:54:53,023 - INFO - fastread - 1293, 1840
2019-02-05 13:54:53,033 - INFO - fastread - 1293, 1850
2019-02-05 13:54:53,041 - INFO - fastread - 1295, 1860
2019-02-05 13:54:53,043 - INFO - fastread - 1297, 1870
2019-02-05 13:54:53,063 - INFO - fastread - 1299, 1880
2019-02-05 13:54:53,063 - INFO - fastread - 1307, 1890
2019-02-05 13:54:53,073 - INFO - fastread - 1317, 1900
2019-02-05 13:54:53,073 - INFO - fastread - 1327, 1910
2019-02-05 13:54:53,083 - INFO - fastread - 1337, 1920
2019-02-05 13:54:53,091 - INFO - fastread - 1347, 1930
2019-02-05 13:54:53,103 - INFO - fastread - IGNORE argouml | Total: 9452 | Percent Checked: 0.2 | Total Yes Data: 1413 | Percent Yes Checked: 0.95
2019-02-05 13:54:53,103 - INFO - rig - ++++NEW CLF++++ SVM
2019-02-05 13:54:53,103 - INFO - fastread - Total Yes: 1413 | Total No: 8039
2019-02-05 14:14:23,991 - INFO - rig - argouml
2019-02-05 14:14:27,054 - INFO - rig - ++++NEW CLF++++ FASTREAD
2019-02-05 14:14:27,054 - INFO - fastread - Total Yes: 1413 | Total No: 8039
2019-02-05 14:14:27,249 - INFO - fastread - 0, 0  475
2019-02-05 14:25:29,426 - INFO - rig - argouml
2019-02-05 14:25:32,424 - INFO - rig - ++++NEW CLF++++ FASTREAD
2019-02-05 14:25:32,495 - INFO - fastread - Total Yes: 1413 | Total No: 8039
2019-02-05 14:25:32,687 - INFO - fastread - 0, 0  475
2019-02-07 12:11:22,529 - INFO - rig - argouml
2019-02-07 12:11:27,097 - INFO - rig - ++++NEW CLF++++ FASTREAD
2019-02-07 12:11:27,097 - INFO - rig - ++++NEW CLF++++ SGD
2019-02-07 12:11:27,097 - INFO - fastread - Total Yes: 1413 | Total No: 8039
2019-02-07 12:11:27,266 - INFO - fastread - 2, 10
2019-02-07 12:11:27,272 - INFO - fastread - 9, 20
2019-02-07 12:11:27,277 - INFO - fastread - 19, 30
2019-02-07 12:11:27,283 - INFO - fastread - 27, 40
2019-02-07 12:11:27,288 - INFO - fastread - 35, 50
2019-02-07 12:11:27,293 - INFO - fastread - 35, 60
2019-02-07 12:11:27,299 - INFO - fastread - 38, 70
2019-02-07 12:11:27,305 - INFO - fastread - 45, 80
2019-02-07 12:11:27,311 - INFO - fastread - 54, 90
2019-02-07 12:11:27,320 - INFO - fastread - 64, 100
2019-02-07 12:11:27,326 - INFO - fastread - 72, 110
2019-02-07 12:11:27,334 - INFO - fastread - 81, 120
2019-02-07 12:11:27,340 - INFO - fastread - 91, 130
2019-02-07 12:11:27,348 - INFO - fastread - 100, 140
2019-02-07 12:11:27,357 - INFO - fastread - 108, 150
2019-02-07 12:11:27,365 - INFO - fastread - 115, 160
2019-02-07 12:11:27,374 - INFO - fastread - 125, 170
2019-02-07 12:11:27,380 - INFO - fastread - 135, 180
2019-02-07 12:11:27,390 - INFO - fastread - 144, 190
2019-02-07 12:11:27,403 - INFO - fastread - 154, 200
2019-02-07 12:11:27,411 - INFO - fastread - 163, 210
2019-02-07 12:11:27,420 - INFO - fastread - 170, 220
2019-02-07 12:11:27,427 - INFO - fastread - 176, 230
2019-02-07 12:11:27,436 - INFO - fastread - 184, 240
2019-02-07 12:11:27,444 - INFO - fastread - 192, 250
2019-02-07 12:11:27,454 - INFO - fastread - 200, 260
2019-02-07 12:11:27,459 - INFO - fastread - 209, 270
2019-02-07 12:11:27,469 - INFO - fastread - 216, 280
2019-02-07 12:11:27,475 - INFO - fastread - 225, 290
2019-02-07 12:11:27,483 - INFO - fastread - 235, 300
2019-02-07 12:11:27,490 - INFO - fastread - 243, 310
2019-02-07 12:11:27,494 - INFO - fastread - 253, 320
2019-02-07 12:11:27,502 - INFO - fastread - 263, 330
2019-02-07 12:11:27,510 - INFO - fastread - 272, 340
2019-02-07 12:11:27,519 - INFO - fastread - 278, 350
2019-02-07 12:11:27,525 - INFO - fastread - 286, 360
2019-02-07 12:11:27,535 - INFO - fastread - 295, 370
2019-02-07 12:11:27,542 - INFO - fastread - 304, 380
2019-02-07 12:11:27,549 - INFO - fastread - 314, 390
2019-02-07 12:11:27,557 - INFO - fastread - 322, 400
2019-02-07 12:11:27,566 - INFO - fastread - 332, 410
2019-02-07 12:11:27,572 - INFO - fastread - 338, 420
2019-02-07 12:11:27,578 - INFO - fastread - 344, 430
2019-02-07 12:11:27,587 - INFO - fastread - 351, 440
2019-02-07 12:11:27,593 - INFO - fastread - 361, 450
2019-02-07 12:11:27,600 - INFO - fastread - 371, 460
2019-02-07 12:11:27,608 - INFO - fastread - 380, 470
2019-02-07 12:11:27,618 - INFO - fastread - 387, 480
2019-02-07 12:11:27,625 - INFO - fastread - 395, 490
2019-02-07 12:11:27,629 - INFO - fastread - 401, 500
2019-02-07 12:11:27,638 - INFO - fastread - 409, 510
2019-02-07 12:11:27,644 - INFO - fastread - 418, 520
2019-02-07 12:11:27,651 - INFO - fastread - 428, 530
2019-02-07 12:11:27,660 - INFO - fastread - 438, 540
2019-02-07 12:11:27,670 - INFO - fastread - 446, 550
2019-02-07 12:11:27,677 - INFO - fastread - 454, 560
2019-02-07 12:11:27,684 - INFO - fastread - 462, 570
2019-02-07 12:11:27,689 - INFO - fastread - 471, 580
2019-02-07 12:11:27,694 - INFO - fastread - 481, 590
2019-02-07 12:11:27,701 - INFO - fastread - 488, 600
2019-02-07 12:11:27,706 - INFO - fastread - 496, 610
2019-02-07 12:11:27,712 - INFO - fastread - 506, 620
2019-02-07 12:11:27,720 - INFO - fastread - 514, 630
2019-02-07 12:11:27,728 - INFO - fastread - 524, 640
2019-02-07 12:11:27,736 - INFO - fastread - 533, 650
2019-02-07 12:11:27,745 - INFO - fastread - 543, 660
2019-02-07 12:11:27,754 - INFO - fastread - 553, 670
2019-02-07 12:11:27,762 - INFO - fastread - 563, 680
2019-02-07 12:11:27,771 - INFO - fastread - 572, 690
2019-02-07 12:11:27,783 - INFO - fastread - 580, 700
2019-02-07 12:11:27,790 - INFO - fastread - 589, 710
2019-02-07 12:11:27,800 - INFO - fastread - 595, 720
2019-02-07 12:11:27,813 - INFO - fastread - 605, 730
2019-02-07 12:11:27,823 - INFO - fastread - 614, 740
2019-02-07 12:11:27,828 - INFO - fastread - 621, 750
2019-02-07 12:11:27,833 - INFO - fastread - 631, 760
2019-02-07 12:11:27,839 - INFO - fastread - 641, 770
2019-02-07 12:11:27,846 - INFO - fastread - 651, 780
2019-02-07 12:11:27,853 - INFO - fastread - 660, 790
2019-02-07 12:11:27,859 - INFO - fastread - 668, 800
2019-02-07 12:11:27,866 - INFO - fastread - 674, 810
2019-02-07 12:11:27,873 - INFO - fastread - 680, 820
2019-02-07 12:11:27,877 - INFO - fastread - 690, 830
2019-02-07 12:11:27,882 - INFO - fastread - 698, 840
2019-02-07 12:11:27,888 - INFO - fastread - 707, 850
2019-02-07 12:11:27,894 - INFO - fastread - 716, 860
2019-02-07 12:11:27,900 - INFO - fastread - 726, 870
2019-02-07 12:11:27,904 - INFO - fastread - 733, 880
2019-02-07 12:11:27,908 - INFO - fastread - 742, 890
2019-02-07 12:11:27,912 - INFO - fastread - 747, 900
2019-02-07 12:11:27,918 - INFO - fastread - 756, 910
2019-02-07 12:11:27,924 - INFO - fastread - 764, 920
2019-02-07 12:11:27,931 - INFO - fastread - 772, 930
2019-02-07 12:11:27,936 - INFO - fastread - 780, 940
2019-02-07 12:11:27,941 - INFO - fastread - 787, 950
2019-02-07 12:11:27,947 - INFO - fastread - 796, 960
2019-02-07 12:11:27,954 - INFO - fastread - 802, 970
2019-02-07 12:11:27,960 - INFO - fastread - 810, 980
2019-02-07 12:11:27,967 - INFO - fastread - 818, 990
2019-02-07 12:11:27,972 - INFO - fastread - 824, 1000
2019-02-07 12:11:27,975 - INFO - fastread - 832, 1010
2019-02-07 12:11:27,978 - INFO - fastread - 841, 1020
2019-02-07 12:11:27,983 - INFO - fastread - 850, 1030
2019-02-07 12:11:27,987 - INFO - fastread - 860, 1040
2019-02-07 12:11:27,990 - INFO - fastread - 869, 1050
2019-02-07 12:11:27,993 - INFO - fastread - 875, 1060
2019-02-07 12:11:27,997 - INFO - fastread - 881, 1070
2019-02-07 12:11:28,001 - INFO - fastread - 891, 1080
2019-02-07 12:11:28,005 - INFO - fastread - 900, 1090
2019-02-07 12:11:28,011 - INFO - fastread - 907, 1100
2019-02-07 12:11:28,014 - INFO - fastread - 915, 1110
2019-02-07 12:11:28,019 - INFO - fastread - 923, 1120
2019-02-07 12:11:28,022 - INFO - fastread - 932, 1130
2019-02-07 12:11:28,031 - INFO - fastread - 938, 1140
2019-02-07 12:11:28,040 - INFO - fastread - 947, 1150
2019-02-07 12:11:28,049 - INFO - fastread - 957, 1160
2019-02-07 12:11:28,058 - INFO - fastread - 963, 1170
2019-02-07 12:11:28,069 - INFO - fastread - 971, 1180
2019-02-07 12:11:28,076 - INFO - fastread - 980, 1190
2019-02-07 12:11:28,085 - INFO - fastread - 985, 1200
2019-02-07 12:11:28,090 - INFO - fastread - 994, 1210
2019-02-07 12:11:28,097 - INFO - fastread - 1003, 1220
2019-02-07 12:11:28,107 - INFO - fastread - 1012, 1230
2019-02-07 12:11:28,113 - INFO - fastread - 1019, 1240
2019-02-07 12:11:28,122 - INFO - fastread - 1027, 1250
2019-02-07 12:11:28,127 - INFO - fastread - 1035, 1260
2019-02-07 12:11:28,134 - INFO - fastread - 1044, 1270
2019-02-07 12:11:28,140 - INFO - fastread - 1052, 1280
2019-02-07 12:11:28,147 - INFO - fastread - 1061, 1290
2019-02-07 12:11:28,152 - INFO - fastread - 1069, 1300
2019-02-07 12:11:28,158 - INFO - fastread - 1078, 1310
2019-02-07 12:11:28,165 - INFO - fastread - 1084, 1320
2019-02-07 12:11:28,170 - INFO - fastread - 1092, 1330
2019-02-07 12:11:28,173 - INFO - fastread - 1102, 1340
2019-02-07 12:11:28,177 - INFO - fastread - 1108, 1350
2019-02-07 12:11:28,181 - INFO - fastread - 1114, 1360
2019-02-07 12:11:28,187 - INFO - fastread - 1121, 1370
2019-02-07 12:11:28,191 - INFO - fastread - 1129, 1380
2019-02-07 12:11:28,194 - INFO - fastread - 1136, 1390
2019-02-07 12:11:28,200 - INFO - fastread - 1142, 1400
2019-02-07 12:11:28,204 - INFO - fastread - 1146, 1410
2019-02-07 12:11:28,210 - INFO - fastread - 1150, 1420
2019-02-07 12:11:28,217 - INFO - fastread - 1154, 1430
2019-02-07 12:11:28,221 - INFO - fastread - 1161, 1440
2019-02-07 12:11:28,227 - INFO - fastread - 1164, 1450
2019-02-07 12:11:28,234 - INFO - fastread - 1165, 1460
2019-02-07 12:11:28,241 - INFO - fastread - 1167, 1470
2019-02-07 12:11:28,246 - INFO - fastread - 1172, 1480
2019-02-07 12:11:28,252 - INFO - fastread - 1179, 1490
2019-02-07 12:11:28,256 - INFO - fastread - 1183, 1500
2019-02-07 12:11:28,259 - INFO - fastread - 1188, 1510
2019-02-07 12:11:28,263 - INFO - fastread - 1193, 1520
2019-02-07 12:11:28,268 - INFO - fastread - 1198, 1530
2019-02-07 12:11:28,273 - INFO - fastread - 1198, 1540
2019-02-07 12:11:28,276 - INFO - fastread - 1207, 1550
2019-02-07 12:11:28,281 - INFO - fastread - 1215, 1560
2019-02-07 12:11:28,286 - INFO - fastread - 1216, 1570
2019-02-07 12:11:28,290 - INFO - fastread - 1220, 1580
2019-02-07 12:11:28,296 - INFO - fastread - 1225, 1590
2019-02-07 12:11:28,297 - INFO - fastread - 1231, 1600
2019-02-07 12:11:28,305 - INFO - fastread - 1235, 1610
2019-02-07 12:11:28,312 - INFO - fastread - 1239, 1620
2019-02-07 12:11:28,318 - INFO - fastread - 1241, 1630
2019-02-07 12:11:28,322 - INFO - fastread - 1245, 1640
2019-02-07 12:11:28,328 - INFO - fastread - 1252, 1650
2019-02-07 12:11:28,332 - INFO - fastread - 1255, 1660
2019-02-07 12:11:28,339 - INFO - fastread - 1255, 1670
2019-02-07 12:11:28,347 - INFO - fastread - 1258, 1680
2019-02-07 12:11:28,355 - INFO - fastread - 1261, 1690
2019-02-07 12:11:28,361 - INFO - fastread - 1264, 1700
2019-02-07 12:11:28,368 - INFO - fastread - 1266, 1710
2019-02-07 12:11:28,371 - INFO - fastread - 1271, 1720
2019-02-07 12:11:28,374 - INFO - fastread - 1274, 1730
2019-02-07 12:11:28,377 - INFO - fastread - 1275, 1740
2019-02-07 12:11:28,380 - INFO - fastread - 1276, 1750
2019-02-07 12:11:28,384 - INFO - fastread - 1277, 1760
2019-02-07 12:11:28,387 - INFO - fastread - 1279, 1770
2019-02-07 12:11:28,390 - INFO - fastread - 1282, 1780
2019-02-07 12:11:28,393 - INFO - fastread - 1283, 1790
2019-02-07 12:11:28,397 - INFO - fastread - 1286, 1800
2019-02-07 12:11:28,400 - INFO - fastread - 1288, 1810
2019-02-07 12:11:28,404 - INFO - fastread - 1288, 1820
2019-02-07 12:11:28,404 - INFO - fastread - 1290, 1830
2019-02-07 12:11:28,404 - INFO - fastread - 1293, 1840
2019-02-07 12:11:28,411 - INFO - fastread - 1293, 1850
2019-02-07 12:11:28,411 - INFO - fastread - 1295, 1860
2019-02-07 12:11:28,411 - INFO - fastread - 1297, 1870
2019-02-07 12:11:28,422 - INFO - fastread - 1299, 1880
2019-02-07 12:11:28,422 - INFO - fastread - 1307, 1890
2019-02-07 12:11:28,422 - INFO - fastread - 1317, 1900
2019-02-07 12:11:28,432 - INFO - fastread - 1327, 1910
2019-02-07 12:11:28,436 - INFO - fastread - 1337, 1920
2019-02-07 12:11:28,439 - INFO - fastread - 1347, 1930
2019-02-07 12:11:28,446 - INFO - fastread - IGNORE argouml | Total: 9452 | Percent Checked: 0.2 | Total Yes Data: 1413 | Percent Yes Checked: 0.95
