2019-01-04 11:53:28,283 - INFO - config - DATASET: argouml | MAX_FEATURE: 1 | STOP_WORDS: english | POOL_SIZE: 10000 | INIT_POOL: 10 | BUDGET: 10
STRATIFIED_TEST_SIZE_RATIO: 0.2 | TUNE SVM: True | ACTIVE PREDICTION DELTA: 0.1 | ACTIVE PREDICTION TARGET: 1
2019-01-04 11:53:28,283 - INFO - rig - TRAINING DATA: TRUE: 2658 | FALSE: 50165
2019-01-04 11:53:28,283 - INFO - rig - TEST DATA: TRUE: 1413 | FALSE: 8039
2019-01-04 11:53:28,433 - INFO - learner - argouml | TUNING STARTS...
2019-01-04 12:12:46,983 - INFO - optimizer - argouml | F Score of init pool: [0.6403846153846154, 0.8397104446742503, 0.8289205702647658, 0.7798994974874373, 0.6791338582677166, 0.5491251682368775, 0.8321318228630278, 0.6907630522088353, 0.7074148296593187, 0.8370136698212408]
2019-01-04 12:24:12,519 - INFO - optimizer - argouml | new F: 0.840458811261731 budget 6
2019-01-04 12:35:07,418 - INFO - optimizer - argouml | Eval: 11
2019-01-04 12:35:07,421 - INFO - learner - argouml | TUNING ENDS
2019-01-04 12:49:14,311 - INFO - learner - svm_pred_0
             precision    recall  f1-score   support

         no       0.97      0.98      0.97      8039
        yes       0.85      0.80      0.83      1413

avg / total       0.95      0.95      0.95      9452

F Score: 0.8262295081967213
2019-01-04 12:49:14,330 - INFO - learner - Active Delta: 0.1
2019-01-04 12:49:14,330 - INFO - learner - Total Certain Pos: 1142 | Total Certain Neg: 7824
2019-01-04 13:07:58,301 - INFO - learner - svm_pred_1
             precision    recall  f1-score   support

         no       0.98      1.00      0.99      8039
        yes       0.98      0.88      0.93      1413

avg / total       0.98      0.98      0.98      9452

F Score: 0.9265917602996255
2019-01-04 13:07:58,312 - INFO - learner - Active Delta: 0.1
2019-01-04 13:07:58,312 - INFO - learner - Total Certain Pos: 1113 | Total Certain Neg: 7949
2019-01-04 13:30:33,947 - INFO - learner - svm_pred_2
             precision    recall  f1-score   support

         no       0.98      1.00      0.99      8039
        yes       0.98      0.89      0.93      1413

avg / total       0.98      0.98      0.98      9452

F Score: 0.9338289962825278
2019-01-04 13:30:33,958 - INFO - learner - Active Delta: 0.1
2019-01-04 13:30:33,958 - INFO - learner - Total Certain Pos: 1145 | Total Certain Neg: 7937
2019-01-04 13:57:50,701 - INFO - learner - svm_pred_3
             precision    recall  f1-score   support

         no       0.98      1.00      0.99      8039
        yes       0.99      0.90      0.94      1413

avg / total       0.98      0.98      0.98      9452

F Score: 0.9400444115470024
2019-01-04 13:57:50,712 - INFO - learner - Active Delta: 0.1
2019-01-04 13:57:50,712 - INFO - learner - Total Certain Pos: 1145 | Total Certain Neg: 7949
2019-01-04 14:29:16,958 - INFO - learner - svm_pred_4
             precision    recall  f1-score   support

         no       0.98      1.00      0.99      8039
        yes       0.99      0.90      0.94      1413

avg / total       0.98      0.98      0.98      9452

F Score: 0.9408284023668639
2019-01-04 14:29:16,971 - INFO - learner - Active Delta: 0.1
2019-01-04 14:29:16,971 - INFO - learner - Total Certain Pos: 1159 | Total Certain Neg: 7947
2019-01-04 15:05:19,373 - INFO - learner - svm_pred_5
             precision    recall  f1-score   support

         no       0.98      1.00      0.99      8039
        yes       0.99      0.90      0.94      1413

avg / total       0.98      0.98      0.98      9452

F Score: 0.9380793474230626
2019-01-04 15:05:19,387 - INFO - learner - Active Delta: 0.1
2019-01-04 15:05:19,387 - INFO - learner - Total Certain Pos: 1162 | Total Certain Neg: 7950
2019-01-04 15:41:04,182 - INFO - learner - | NO IMPROVEMENT | F Score: 0.9380793474230626 | eval: 6
2019-01-04 15:41:04,422 - INFO - rig - argouml | END PROJECT=====
