2019-01-04 11:53:28,521 - INFO - config - DATASET: columba-1.4-src | MAX_FEATURE: 1 | STOP_WORDS: english | POOL_SIZE: 10000 | INIT_POOL: 10 | BUDGET: 10
STRATIFIED_TEST_SIZE_RATIO: 0.2 | TUNE SVM: True | ACTIVE PREDICTION DELTA: 0.1 | ACTIVE PREDICTION TARGET: 1
2019-01-04 11:53:28,521 - INFO - rig - TRAINING DATA: TRUE: 3867 | FALSE: 51940
2019-01-04 11:53:28,521 - INFO - rig - TEST DATA: TRUE: 204 | FALSE: 6264
2019-01-04 11:53:28,682 - INFO - learner - columba-1.4-src | TUNING STARTS...
2019-01-04 12:19:03,610 - INFO - optimizer - columba-1.4-src | F Score of init pool: [0.608978529603123, 0.8472032742155525, 0.8334466349422163, 0.7691256830601093, 0.6537949400798935, 0.5806451612903226, 0.8448979591836735, 0.7034482758620689, 0.7090532135452661, 0.8516483516483516]
2019-01-04 12:31:45,547 - INFO - optimizer - columba-1.4-src | new F: 0.8536082474226804 budget 9
2019-01-04 12:48:35,049 - INFO - optimizer - columba-1.4-src | new F: 0.8541953232462174 budget 4
2019-01-04 12:57:40,156 - INFO - optimizer - columba-1.4-src | Eval: 12
2019-01-04 12:57:40,161 - INFO - learner - columba-1.4-src | TUNING ENDS
2019-01-04 13:27:35,224 - INFO - learner - svm_pred_0
             precision    recall  f1-score   support

         no       1.00      1.00      1.00      6264
        yes       0.86      0.88      0.87       204

avg / total       0.99      0.99      0.99      6468

F Score: 0.8668280871670703
2019-01-04 13:27:35,234 - INFO - learner - Active Delta: 0.1
2019-01-04 13:27:35,234 - INFO - learner - Total Certain Pos: 166 | Total Certain Neg: 6153
2019-01-04 14:01:25,587 - INFO - learner - svm_pred_1
             precision    recall  f1-score   support

         no       1.00      1.00      1.00      6264
        yes       0.89      0.91      0.90       204

avg / total       0.99      0.99      0.99      6468

F Score: 0.9002433090024331
2019-01-04 14:01:25,597 - INFO - learner - Active Delta: 0.1
2019-01-04 14:01:25,598 - INFO - learner - Total Certain Pos: 169 | Total Certain Neg: 6181
2019-01-04 14:39:41,998 - INFO - learner - svm_pred_2
             precision    recall  f1-score   support

         no       1.00      1.00      1.00      6264
        yes       0.90      0.93      0.91       204

avg / total       0.99      0.99      0.99      6468

F Score: 0.9134615384615385
2019-01-04 14:39:42,009 - INFO - learner - Active Delta: 0.1
2019-01-04 14:39:42,009 - INFO - learner - Total Certain Pos: 175 | Total Certain Neg: 6185
2019-01-04 15:19:40,557 - INFO - learner - | NO IMPROVEMENT | F Score: 0.9134615384615385 | eval: 3
2019-01-04 15:19:40,686 - INFO - rig - columba-1.4-src | END PROJECT=====
