2019-01-04 11:53:28,476 - INFO - config - DATASET: hibernate-distribution-3.3.2.GA | MAX_FEATURE: 1 | STOP_WORDS: english | POOL_SIZE: 10000 | INIT_POOL: 10 | BUDGET: 10
STRATIFIED_TEST_SIZE_RATIO: 0.2 | TUNE SVM: True | ACTIVE PREDICTION DELTA: 0.1 | ACTIVE PREDICTION TARGET: 1
2019-01-04 11:53:28,476 - INFO - rig - TRAINING DATA: TRUE: 3599 | FALSE: 55708
2019-01-04 11:53:28,476 - INFO - rig - TEST DATA: TRUE: 472 | FALSE: 2496
2019-01-04 11:53:28,577 - INFO - learner - hibernate-distribution-3.3.2.GA | TUNING STARTS...
2019-01-04 12:18:16,517 - INFO - optimizer - hibernate-distribution-3.3.2.GA | F Score of init pool: [0.6213872832369942, 0.8429629629629629, 0.8410938654841094, 0.7732732732732733, 0.6492753623188406, 0.5834932821497121, 0.8510324483775812, 0.7000759301442673, 0.7061503416856493, 0.8516032811334825]
2019-01-04 12:21:24,182 - INFO - optimizer - hibernate-distribution-3.3.2.GA | new F: 0.8524833209785027 budget 11
2019-01-04 12:30:51,867 - INFO - optimizer - hibernate-distribution-3.3.2.GA | new F: 0.8537490720118783 budget 9
2019-01-04 12:56:14,371 - INFO - optimizer - hibernate-distribution-3.3.2.GA | Eval: 12
2019-01-04 12:56:14,374 - INFO - learner - hibernate-distribution-3.3.2.GA | TUNING ENDS
2019-01-04 13:20:16,764 - INFO - learner - svm_pred_0
             precision    recall  f1-score   support

         no       0.95      0.99      0.97      2496
        yes       0.94      0.71      0.81       472

avg / total       0.95      0.95      0.94      2968

F Score: 0.8087167070217918
2019-01-04 13:20:16,773 - INFO - learner - Active Delta: 0.1
2019-01-04 13:20:16,773 - INFO - learner - Total Certain Pos: 275 | Total Certain Neg: 2482
2019-01-04 13:47:31,814 - INFO - learner - svm_pred_1
             precision    recall  f1-score   support

         no       0.98      0.99      0.99      2496
        yes       0.96      0.87      0.92       472

avg / total       0.97      0.97      0.97      2968

F Score: 0.9165739710789766
2019-01-04 13:47:31,824 - INFO - learner - Active Delta: 0.1
2019-01-04 13:47:31,824 - INFO - learner - Total Certain Pos: 353 | Total Certain Neg: 2435
2019-01-04 14:17:06,325 - INFO - learner - svm_pred_2
             precision    recall  f1-score   support

         no       0.98      0.99      0.99      2496
        yes       0.97      0.88      0.92       472

avg / total       0.98      0.98      0.98      2968

F Score: 0.9210233592880979
2019-01-04 14:17:06,335 - INFO - learner - Active Delta: 0.1
2019-01-04 14:17:06,335 - INFO - learner - Total Certain Pos: 354 | Total Certain Neg: 2439
2019-01-04 14:48:03,857 - INFO - learner - svm_pred_3
             precision    recall  f1-score   support

         no       0.98      0.99      0.99      2496
        yes       0.97      0.88      0.92       472

avg / total       0.98      0.98      0.98      2968

F Score: 0.9222222222222222
2019-01-04 14:48:03,867 - INFO - learner - Active Delta: 0.1
2019-01-04 14:48:03,867 - INFO - learner - Total Certain Pos: 355 | Total Certain Neg: 2439
2019-01-04 15:20:00,728 - INFO - learner - | NO IMPROVEMENT | F Score: 0.9222222222222222 | eval: 4
2019-01-04 15:20:00,804 - INFO - rig - hibernate-distribution-3.3.2.GA | END PROJECT=====
