2019-01-04 11:53:28,644 - INFO - config - DATASET: jEdit-4.2 | MAX_FEATURE: 1 | STOP_WORDS: english | POOL_SIZE: 10000 | INIT_POOL: 10 | BUDGET: 10
STRATIFIED_TEST_SIZE_RATIO: 0.2 | TUNE SVM: True | ACTIVE PREDICTION DELTA: 0.1 | ACTIVE PREDICTION TARGET: 1
2019-01-04 11:53:28,645 - INFO - rig - TRAINING DATA: TRUE: 3815 | FALSE: 48138
2019-01-04 11:53:28,645 - INFO - rig - TEST DATA: TRUE: 256 | FALSE: 10066
2019-01-04 11:53:28,796 - INFO - learner - jEdit-4.2 | TUNING STARTS...
2019-01-04 12:17:21,840 - INFO - optimizer - jEdit-4.2 | F Score of init pool: [0.6255088195386703, 0.8481894150417828, 0.8446601941747572, 0.7755102040816326, 0.6717032967032968, 0.5815217391304347, 0.8479776847977685, 0.6914119359534207, 0.6942628903413217, 0.8503162333099086]
2019-01-04 12:20:43,511 - INFO - optimizer - jEdit-4.2 | new F: 0.8509142053445852 budget 11
2019-01-04 12:49:55,975 - INFO - optimizer - jEdit-4.2 | Eval: 11
2019-01-04 12:49:55,977 - INFO - learner - jEdit-4.2 | TUNING ENDS
2019-01-04 13:15:28,573 - INFO - learner - svm_pred_0
             precision    recall  f1-score   support

         no       0.98      1.00      0.99     10066
        yes       0.74      0.22      0.34       256

avg / total       0.97      0.98      0.97     10322

F Score: 0.34234234234234234
2019-01-04 13:15:28,583 - INFO - learner - Active Delta: 0.1
2019-01-04 13:15:28,583 - INFO - learner - Total Certain Pos: 55 | Total Certain Neg: 10143
2019-01-04 13:49:29,059 - INFO - learner - svm_pred_1
             precision    recall  f1-score   support

         no       0.99      1.00      1.00     10066
        yes       0.97      0.77      0.86       256

avg / total       0.99      0.99      0.99     10322

F Score: 0.8565217391304347
2019-01-04 13:49:29,070 - INFO - learner - Active Delta: 0.1
2019-01-04 13:49:29,070 - INFO - learner - Total Certain Pos: 175 | Total Certain Neg: 10044
2019-01-04 14:30:09,596 - INFO - learner - svm_pred_2
             precision    recall  f1-score   support

         no       0.99      1.00      1.00     10066
        yes       0.97      0.78      0.87       256

avg / total       0.99      0.99      0.99     10322

F Score: 0.8658008658008659
2019-01-04 14:30:09,615 - INFO - learner - Active Delta: 0.1
2019-01-04 14:30:09,616 - INFO - learner - Total Certain Pos: 177 | Total Certain Neg: 10048
2019-01-04 15:18:02,746 - INFO - learner - svm_pred_3
             precision    recall  f1-score   support

         no       0.99      1.00      1.00     10066
        yes       0.97      0.79      0.87       256

avg / total       0.99      0.99      0.99     10322

F Score: 0.8731182795698924
2019-01-04 15:18:02,757 - INFO - learner - Active Delta: 0.1
2019-01-04 15:18:02,757 - INFO - learner - Total Certain Pos: 180 | Total Certain Neg: 10047
2019-01-04 15:59:05,979 - INFO - learner - svm_pred_4
             precision    recall  f1-score   support

         no       0.99      1.00      1.00     10066
        yes       0.97      0.80      0.88       256

avg / total       0.99      0.99      0.99     10322

F Score: 0.8755364806866952
2019-01-04 15:59:05,990 - INFO - learner - Active Delta: 0.1
2019-01-04 15:59:05,990 - INFO - learner - Total Certain Pos: 181 | Total Certain Neg: 10047
2019-01-04 16:39:56,153 - INFO - learner - svm_pred_5
             precision    recall  f1-score   support

         no       1.00      1.00      1.00     10066
        yes       0.97      0.80      0.88       256

avg / total       0.99      0.99      0.99     10322

F Score: 0.8803418803418803
2019-01-04 16:39:56,165 - INFO - learner - Active Delta: 0.1
2019-01-04 16:39:56,166 - INFO - learner - Total Certain Pos: 183 | Total Certain Neg: 10045
2019-01-04 17:24:30,752 - INFO - learner - | NO IMPROVEMENT | F Score: 0.8803418803418803 | eval: 6
2019-01-04 17:24:30,998 - INFO - rig - jEdit-4.2 | END PROJECT=====
