2019-01-04 11:53:28,808 - INFO - config - DATASET: jruby-1.4.0 | MAX_FEATURE: 1 | STOP_WORDS: english | POOL_SIZE: 10000 | INIT_POOL: 10 | BUDGET: 10
STRATIFIED_TEST_SIZE_RATIO: 0.2 | TUNE SVM: True | ACTIVE PREDICTION DELTA: 0.1 | ACTIVE PREDICTION TARGET: 1
2019-01-04 11:53:28,808 - INFO - rig - TRAINING DATA: TRUE: 3449 | FALSE: 53929
2019-01-04 11:53:28,808 - INFO - rig - TEST DATA: TRUE: 622 | FALSE: 4275
2019-01-04 11:53:28,920 - INFO - learner - jruby-1.4.0 | TUNING STARTS...
2019-01-04 12:20:15,145 - INFO - optimizer - jruby-1.4.0 | F Score of init pool: [0.5547337278106509, 0.8275328692962104, 0.8267898383371826, 0.7355958958168902, 0.6021180030257187, 0.5595959595959595, 0.829869130100077, 0.6682427107959024, 0.6750590086546027, 0.8286604361370717]
2019-01-04 12:47:46,382 - INFO - optimizer - jruby-1.4.0 | Eval: 10
2019-01-04 12:47:46,385 - INFO - learner - jruby-1.4.0 | TUNING ENDS
2019-01-04 13:07:28,394 - INFO - learner - svm_pred_0
             precision    recall  f1-score   support

         no       0.97      0.99      0.98      4275
        yes       0.92      0.79      0.85       622

avg / total       0.96      0.96      0.96      4897

F Score: 0.8506944444444444
2019-01-04 13:07:28,404 - INFO - learner - Active Delta: 0.1
2019-01-04 13:07:28,404 - INFO - learner - Total Certain Pos: 334 | Total Certain Neg: 4173
2019-01-04 13:29:19,135 - INFO - learner - svm_pred_1
             precision    recall  f1-score   support

         no       0.99      0.99      0.99      4275
        yes       0.95      0.90      0.93       622

avg / total       0.98      0.98      0.98      4897

F Score: 0.9263854425144747
2019-01-04 13:29:19,153 - INFO - learner - Active Delta: 0.1
2019-01-04 13:29:19,153 - INFO - learner - Total Certain Pos: 419 | Total Certain Neg: 4177
2019-01-04 13:53:16,281 - INFO - learner - svm_pred_2
             precision    recall  f1-score   support

         no       0.99      0.99      0.99      4275
        yes       0.96      0.91      0.93       622

avg / total       0.98      0.98      0.98      4897

F Score: 0.9332234130255564
2019-01-04 13:53:16,299 - INFO - learner - Active Delta: 0.1
2019-01-04 13:53:16,300 - INFO - learner - Total Certain Pos: 452 | Total Certain Neg: 4189
2019-01-04 14:19:37,289 - INFO - learner - svm_pred_3
             precision    recall  f1-score   support

         no       0.99      1.00      0.99      4275
        yes       0.97      0.92      0.94       622

avg / total       0.99      0.99      0.99      4897

F Score: 0.9414674361088211
2019-01-04 14:19:37,300 - INFO - learner - Active Delta: 0.1
2019-01-04 14:19:37,300 - INFO - learner - Total Certain Pos: 471 | Total Certain Neg: 4192
2019-01-04 14:47:56,389 - INFO - learner - svm_pred_4
             precision    recall  f1-score   support

         no       0.99      1.00      0.99      4275
        yes       0.97      0.92      0.94       622

avg / total       0.99      0.99      0.99      4897

F Score: 0.94467382328654
2019-01-04 14:47:56,400 - INFO - learner - Active Delta: 0.1
2019-01-04 14:47:56,400 - INFO - learner - Total Certain Pos: 484 | Total Certain Neg: 4195
2019-01-04 15:17:07,349 - INFO - learner - svm_pred_5
             precision    recall  f1-score   support

         no       0.99      1.00      0.99      4275
        yes       0.97      0.93      0.95       622

avg / total       0.99      0.99      0.99      4897

F Score: 0.9481481481481481
2019-01-04 15:17:07,360 - INFO - learner - Active Delta: 0.1
2019-01-04 15:17:07,360 - INFO - learner - Total Certain Pos: 486 | Total Certain Neg: 4197
2019-01-04 15:43:54,771 - INFO - learner - | NO IMPROVEMENT | F Score: 0.9481481481481481 | eval: 6
2019-01-04 15:43:54,936 - INFO - rig - jruby-1.4.0 | END PROJECT=====
