2019-01-04 11:53:28,771 - INFO - config - DATASET: sql12 | MAX_FEATURE: 1 | STOP_WORDS: english | POOL_SIZE: 10000 | INIT_POOL: 10 | BUDGET: 10
STRATIFIED_TEST_SIZE_RATIO: 0.2 | TUNE SVM: True | ACTIVE PREDICTION DELTA: 0.1 | ACTIVE PREDICTION TARGET: 1
2019-01-04 11:53:28,771 - INFO - rig - TRAINING DATA: TRUE: 3785 | FALSE: 51275
2019-01-04 11:53:28,771 - INFO - rig - TEST DATA: TRUE: 286 | FALSE: 6929
2019-01-04 11:53:28,866 - INFO - learner - sql12 | TUNING STARTS...
2019-01-04 12:16:13,485 - INFO - optimizer - sql12 | F Score of init pool: [0.6408163265306123, 0.8583391486392183, 0.8520055325034577, 0.7735982966643009, 0.68215994531784, 0.5844748858447488, 0.8605135322692575, 0.7064748201438851, 0.71356783919598, 0.8603508771929824]
2019-01-04 12:20:28,200 - INFO - optimizer - sql12 | new F: 0.862116991643454 budget 10
2019-01-04 12:39:41,633 - INFO - optimizer - sql12 | new F: 0.8630993745656707 budget 3
2019-01-04 12:43:10,424 - INFO - optimizer - sql12 | Eval: 12
2019-01-04 12:43:10,428 - INFO - learner - sql12 | TUNING ENDS
2019-01-04 12:59:46,661 - INFO - learner - svm_pred_0
             precision    recall  f1-score   support

         no       0.98      1.00      0.99      6929
        yes       0.86      0.52      0.65       286

avg / total       0.98      0.98      0.98      7215

F Score: 0.6521739130434783
2019-01-04 12:59:46,671 - INFO - learner - Active Delta: 0.1
2019-01-04 12:59:46,671 - INFO - learner - Total Certain Pos: 115 | Total Certain Neg: 6852
2019-01-04 13:20:54,887 - INFO - learner - svm_pred_1
             precision    recall  f1-score   support

         no       0.99      1.00      1.00      6929
        yes       0.93      0.85      0.88       286

avg / total       0.99      0.99      0.99      7215

F Score: 0.8848263254113347
2019-01-04 13:20:54,897 - INFO - learner - Active Delta: 0.1
2019-01-04 13:20:54,898 - INFO - learner - Total Certain Pos: 206 | Total Certain Neg: 6845
2019-01-04 13:47:30,298 - INFO - learner - svm_pred_2
             precision    recall  f1-score   support

         no       0.99      1.00      1.00      6929
        yes       0.94      0.86      0.90       286

avg / total       0.99      0.99      0.99      7215

F Score: 0.8974358974358975
2019-01-04 13:47:30,309 - INFO - learner - Active Delta: 0.1
2019-01-04 13:47:30,309 - INFO - learner - Total Certain Pos: 211 | Total Certain Neg: 6853
2019-01-04 14:20:03,286 - INFO - learner - svm_pred_3
             precision    recall  f1-score   support

         no       0.99      1.00      1.00      6929
        yes       0.95      0.86      0.90       286

avg / total       0.99      0.99      0.99      7215

F Score: 0.8990825688073394
2019-01-04 14:20:03,297 - INFO - learner - Active Delta: 0.1
2019-01-04 14:20:03,297 - INFO - learner - Total Certain Pos: 211 | Total Certain Neg: 6858
2019-01-04 15:01:50,532 - INFO - learner - svm_pred_4
             precision    recall  f1-score   support

         no       0.99      1.00      1.00      6929
        yes       0.95      0.86      0.90       286

avg / total       0.99      0.99      0.99      7215

F Score: 0.901098901098901
2019-01-04 15:01:50,544 - INFO - learner - Active Delta: 0.1
2019-01-04 15:01:50,544 - INFO - learner - Total Certain Pos: 212 | Total Certain Neg: 6863
2019-01-04 15:41:33,828 - INFO - learner - | NO IMPROVEMENT | F Score: 0.901098901098901 | eval: 5
2019-01-04 15:41:33,996 - INFO - rig - sql12 | END PROJECT=====
