2019-01-04 20:55:30,420 - INFO - config - DATASET: jfreechart-1.0.19 | MAX_FEATURE: 1 | STOP_WORDS: english | POOL_SIZE: 10000 | INIT_POOL: 10 | BUDGET: 10
STRATIFIED_TEST_SIZE_RATIO: 0.2 | TUNE SVM: True | ACTIVE PREDICTION DELTA: 0.1 | ACTIVE PREDICTION TARGET: 1
2019-01-04 20:55:30,420 - INFO - rig - TRAINING DATA: TRUE: 3862 | FALSE: 54005
2019-01-04 20:55:30,420 - INFO - rig - TEST DATA: TRUE: 209 | FALSE: 4199
2019-01-04 20:55:30,574 - INFO - learner - jfreechart-1.0.19 | TUNING STARTS...
2019-01-04 21:23:30,867 - INFO - optimizer - jfreechart-1.0.19 | F Score of init pool: [0.5974884335756775, 0.8498971898560658, 0.8454172366621067, 0.7601115760111576, 0.6464646464646465, 0.5597082953509572, 0.8504801097393689, 0.6723283793347488, 0.6789510985116939, 0.8535911602209945]
2019-01-04 22:01:20,208 - INFO - optimizer - jfreechart-1.0.19 | Eval: 10
2019-01-04 22:01:20,214 - INFO - learner - jfreechart-1.0.19 | TUNING ENDS
2019-01-04 22:22:36,234 - INFO - learner - svm_pred_0
             precision    recall  f1-score   support

         no       0.98      0.99      0.98      4199
        yes       0.68      0.52      0.59       209

avg / total       0.96      0.97      0.96      4408

F Score: 0.5853658536585367
2019-01-04 22:22:36,296 - INFO - rig - jfreechart-1.0.19 | END PROJECT=====
2019-01-04 22:42:55,131 - INFO - config - DATASET: jfreechart-1.0.19 | MAX_FEATURE: 1 | STOP_WORDS: english | POOL_SIZE: 10000 | INIT_POOL: 10 | BUDGET: 10
STRATIFIED_TEST_SIZE_RATIO: 0.2 | TUNE SVM: True | ACTIVE PREDICTION DELTA: 0.1 | ACTIVE PREDICTION TARGET: 1
2019-01-04 22:44:22,464 - INFO - config - DATASET: jfreechart-1.0.19 | MAX_FEATURE: 1 | STOP_WORDS: english | POOL_SIZE: 10000 | INIT_POOL: 10 | BUDGET: 10
STRATIFIED_TEST_SIZE_RATIO: 0.2 | TUNE SVM: True | ACTIVE PREDICTION DELTA: 0.1 | ACTIVE PREDICTION TARGET: 1
2019-01-04 22:44:33,587 - INFO - rig - TRAINING DATA: TRUE: 3862 | FALSE: 54005
2019-01-04 22:44:35,694 - INFO - rig - TEST DATA: TRUE: 209 | FALSE: 4199
2019-01-04 22:44:36,287 - INFO - learner - jfreechart-1.0.19 | TUNING STARTS...
