2019-02-07 19:33:33,528 - INFO - rig - argouml
2019-02-07 19:33:46,489 - INFO - rig - ++++NEW CLF++++ QUICKREAD
2019-02-07 19:33:46,490 - INFO - quickread - Total Yes: 1413 | Total No: 8039
2019-02-07 19:33:48,025 - INFO - quickread - 0, 0  475
2019-02-07 19:33:58,292 - INFO - quickread - 36, 47  475
2019-02-07 19:34:16,482 - INFO - quickread - 76, 94  583
2019-02-07 19:34:34,532 - INFO - quickread - 109, 141  779
2019-02-07 19:34:52,901 - INFO - quickread - 141, 188  739
2019-02-07 19:35:11,602 - INFO - quickread - 183, 235  667
2019-02-07 19:35:29,720 - INFO - quickread - 226, 282  618
2019-02-07 19:35:48,483 - INFO - quickread - 269, 329  610
2019-02-07 19:36:06,818 - INFO - quickread - 311, 376  598
2019-02-07 19:36:23,990 - INFO - quickread - 348, 423  622
2019-02-07 19:36:41,874 - INFO - quickread - 390, 470  627
2019-02-07 19:36:58,953 - INFO - quickread - 427, 517  656
2019-02-07 19:37:15,733 - INFO - quickread - 462, 564  683
2019-02-07 19:37:32,625 - INFO - quickread - 496, 611  701
2019-02-07 19:37:47,443 - INFO - quickread - 541, 658  742
2019-02-07 19:38:00,772 - INFO - quickread - 579, 705  782
2019-02-07 19:38:12,076 - INFO - quickread - 618, 752  811
2019-02-07 19:38:26,053 - INFO - quickread - 662, 799  849
2019-02-07 19:38:40,634 - INFO - quickread - 707, 846  910
2019-02-07 19:38:53,756 - INFO - quickread - 748, 893  967
2019-02-07 19:39:08,319 - INFO - quickread - 786, 940  1013
2019-02-07 19:39:21,650 - INFO - quickread - 819, 987  1034
2019-02-07 19:39:34,332 - INFO - quickread - 855, 1034  1054
2019-02-07 19:39:49,390 - INFO - quickread - 887, 1081  1096
2019-02-07 19:40:02,082 - INFO - quickread - 922, 1128  1125
2019-02-07 19:40:15,932 - INFO - quickread - 954, 1175  1167
2019-02-07 19:40:28,840 - INFO - quickread - 980, 1222  1194
2019-02-07 19:40:40,643 - INFO - quickread - 1007, 1269  1209
2019-02-07 19:40:53,495 - INFO - quickread - 1031, 1316  1228
2019-02-07 19:41:05,450 - INFO - quickread - 1059, 1363  1239
2019-02-07 19:41:18,436 - INFO - quickread - 1088, 1410  1257
2019-02-07 19:41:28,635 - INFO - quickread - 1115, 1457  1294
2019-02-07 19:41:38,458 - INFO - quickread - 1137, 1504  1317
2019-02-07 19:41:47,550 - INFO - quickread - 1164, 1551  1321
2019-02-07 19:41:59,378 - INFO - quickread - 1188, 1598  1364
2019-02-07 19:42:10,344 - INFO - quickread - 1211, 1645  1392
2019-02-07 19:42:20,444 - INFO - quickread - 1231, 1692  1420
2019-02-07 19:42:29,702 - INFO - quickread - 1242, 1739  1435
2019-02-07 19:42:40,313 - INFO - quickread - 1254, 1786  1415
2019-02-07 19:42:49,463 - INFO - quickread - 1266, 1833  1412
2019-02-07 19:42:58,776 - INFO - quickread - 1275, 1880  1415
2019-02-07 19:43:07,586 - INFO - quickread - 1284, 1927  1409
2019-02-07 19:43:16,906 - INFO - quickread - 1286, 1974  1406
2019-02-07 19:43:26,151 - INFO - quickread - 1290, 2021  1384
2019-02-07 19:43:34,579 - INFO - quickread - 1297, 2068  1371
2019-02-07 19:43:43,317 - INFO - quickread - 1303, 2115  1369
2019-02-07 19:43:52,460 - INFO - quickread - 1307, 2162  1369
2019-02-07 19:44:01,776 - INFO - quickread - 1308, 2209  1363
2019-02-07 19:44:10,530 - INFO - quickread - 1309, 2256  1351
2019-02-07 19:44:18,586 - INFO - quickread - 1313, 2303  1341
2019-02-07 19:44:26,518 - INFO - quickread - 1314, 2350  1340
2019-02-07 19:44:34,193 - INFO - quickread - 1316, 2397  1331
2019-02-07 19:44:42,248 - INFO - quickread - 1317, 2444  1328
2019-02-07 19:44:50,175 - INFO - quickread - 1317, 2491  1321
2019-02-07 19:44:57,918 - INFO - quickread - 1319, 2538  1314
2019-02-07 19:45:06,035 - INFO - quickread - 1321, 2585  1312
2019-02-07 19:45:13,977 - INFO - quickread - 1321, 2632  1311
2019-02-07 19:45:47,392 - INFO - quickread - 1322, 2741  1306
2019-02-07 19:46:26,971 - INFO - quickread - 1324, 2882  1303
2019-02-07 19:47:07,488 - INFO - quickread - 1328, 3039  1301
2019-02-07 19:47:47,553 - INFO - quickread - 1331, 3171  1303
2019-02-07 19:48:27,449 - INFO - quickread - 1331, 3314  1304
2019-02-07 19:49:06,491 - INFO - quickread - 1332, 3446  1299
2019-02-07 19:49:46,680 - INFO - quickread - 1335, 3579  1297
2019-02-07 19:50:25,274 - INFO - quickread - 1337, 3707  1299
2019-02-07 19:51:02,941 - INFO - quickread - 1339, 3830  1299
2019-02-07 19:51:39,911 - INFO - quickread - 1340, 3961  1299
2019-02-07 19:52:16,531 - INFO - quickread - 1388, 4083  1298
2019-02-07 19:52:54,112 - INFO - quickread - 1402, 4208  1350
2019-02-07 19:53:31,909 - INFO - quickread - 1402, 4330  1352
2019-02-07 19:53:31,909 - INFO - quickread - IGNORE argouml NO IMPROVEMENT after 3 random loops. EXITING. Current estimate: 1424
2019-02-07 19:53:32,001 - INFO - quickread - IGNORE argouml | Total: 9452 | Percent Checked: 0.46 | Total Yes Data: 1413 | Percent Yes Checked: 0.99
2019-02-07 19:53:32,001 - INFO - rig - ++++NEW CLF++++ SGD
2019-02-07 19:53:32,001 - INFO - quickread - Total Yes: 1413 | Total No: 8039
2019-02-07 19:53:35,786 - INFO - quickread - 28, 47  627
2019-02-07 19:53:37,599 - INFO - quickread - 62, 94  899
2019-02-07 19:53:38,980 - INFO - quickread - 102, 141  1070
2019-02-07 19:53:40,416 - INFO - quickread - 140, 188  1235
2019-02-07 19:53:41,471 - INFO - quickread - 180, 235  1419
2019-02-07 19:53:42,522 - INFO - quickread - 219, 282  1638
2019-02-07 19:53:43,434 - INFO - quickread - 263, 329  1691
2019-02-07 19:53:44,276 - INFO - quickread - 302, 376  1723
2019-02-07 19:53:45,082 - INFO - quickread - 343, 423  2014
2019-02-07 19:53:45,809 - INFO - quickread - 382, 470  2069
2019-02-07 19:53:46,575 - INFO - quickread - 420, 517  2096
2019-02-07 19:53:47,154 - INFO - quickread - 457, 564  2122
2019-02-07 19:53:47,665 - INFO - quickread - 498, 611  2162
2019-02-07 19:53:48,142 - INFO - quickread - 541, 658  2193
2019-02-07 19:53:48,789 - INFO - quickread - 579, 705  2626
2019-02-07 19:53:49,347 - INFO - quickread - 623, 752  2658
2019-02-07 19:53:49,791 - INFO - quickread - 665, 799  2686
2019-02-07 19:53:50,229 - INFO - quickread - 699, 846  2707
2019-02-07 19:53:50,667 - INFO - quickread - 742, 893  2736
2019-02-07 19:53:51,113 - INFO - quickread - 783, 940  2765
2019-02-07 19:53:51,564 - INFO - quickread - 820, 987  2789
2019-02-07 19:53:51,954 - INFO - quickread - 851, 1034  2807
2019-02-07 19:53:52,311 - INFO - quickread - 886, 1081  2829
2019-02-07 19:53:52,646 - INFO - quickread - 927, 1128  2857
2019-02-07 19:53:53,002 - INFO - quickread - 970, 1175  2887
2019-02-07 19:53:53,336 - INFO - quickread - 1010, 1222  2928
2019-02-07 19:53:53,896 - INFO - quickread - 1051, 1269  3589
2019-02-07 19:53:54,365 - INFO - quickread - 1084, 1316  3606
2019-02-07 19:53:54,821 - INFO - quickread - 1111, 1363  3616
2019-02-07 19:53:55,298 - INFO - quickread - 1140, 1410  3629
2019-02-07 19:53:55,815 - INFO - quickread - 1170, 1457  3643
2019-02-07 19:53:56,213 - INFO - quickread - 1193, 1504  3649
2019-02-07 19:53:56,600 - INFO - quickread - 1212, 1551  3652
2019-02-07 19:53:57,048 - INFO - quickread - 1229, 1598  3654
2019-02-07 19:53:57,393 - INFO - quickread - 1250, 1645  3659
2019-02-07 19:53:57,824 - INFO - quickread - 1261, 1692  3654
2019-02-07 19:53:58,272 - INFO - quickread - 1273, 1739  3651
2019-02-07 19:53:58,702 - INFO - quickread - 1281, 1786  3644
2019-02-07 19:53:59,168 - INFO - quickread - 1285, 1833  3632
2019-02-07 19:53:59,596 - INFO - quickread - 1294, 1880  3627
2019-02-07 19:54:00,111 - INFO - quickread - 1301, 1927  3618
2019-02-07 19:54:00,581 - INFO - quickread - 1306, 1974  3608
2019-02-07 19:54:00,990 - INFO - quickread - 1310, 2021  3597
2019-02-07 19:54:01,461 - INFO - quickread - 1314, 2068  3586
2019-02-07 19:54:01,921 - INFO - quickread - 1315, 2115  3572
2019-02-07 19:54:02,473 - INFO - quickread - 1323, 2162  3565
2019-02-07 19:54:02,887 - INFO - quickread - 1370, 2209  3594
2019-02-07 19:54:03,288 - INFO - quickread - 1387, 2256  3595
2019-02-07 19:54:03,709 - INFO - quickread - 1389, 2303  3583
2019-02-07 19:54:04,145 - INFO - quickread - 1391, 2350  3570
2019-02-07 19:54:04,530 - INFO - quickread - 1391, 2397  3554
2019-02-07 19:54:05,078 - INFO - quickread - 1393, 2444  3542
2019-02-07 19:54:05,534 - INFO - quickread - 1395, 2491  3529
2019-02-07 19:54:06,037 - INFO - quickread - 1395, 2538  3514
2019-02-07 19:54:06,539 - INFO - quickread - 1395, 2585  3499
