2019-02-07 19:33:31,720 - INFO - rig - columba-1.4-src
2019-02-07 19:33:41,497 - INFO - rig - ++++NEW CLF++++ QUICKREAD
2019-02-07 19:33:41,497 - INFO - quickread - Total Yes: 204 | Total No: 6264
2019-02-07 19:33:42,263 - INFO - quickread - 0, 0  475
2019-02-07 19:33:48,805 - INFO - quickread - 30, 32  475
2019-02-07 19:33:57,938 - INFO - quickread - 54, 64  318
2019-02-07 19:34:06,033 - INFO - quickread - 80, 96  402
2019-02-07 19:34:14,509 - INFO - quickread - 103, 128  391
2019-02-07 19:34:22,337 - INFO - quickread - 131, 160  359
2019-02-07 19:34:31,121 - INFO - quickread - 157, 192  368
2019-02-07 19:34:39,288 - INFO - quickread - 175, 224  399
2019-02-07 19:34:48,667 - INFO - quickread - 183, 256  434
2019-02-07 19:34:56,424 - INFO - quickread - 191, 288  411
2019-02-07 19:35:04,307 - INFO - quickread - 193, 320  406
2019-02-07 19:35:12,669 - INFO - quickread - 195, 352  371
2019-02-07 19:35:20,311 - INFO - quickread - 198, 384  345
2019-02-07 19:35:28,266 - INFO - quickread - 200, 416  333
2019-02-07 19:35:35,717 - INFO - quickread - 200, 448  319
2019-02-07 19:35:43,584 - INFO - quickread - 200, 480  298
2019-02-07 19:35:51,390 - INFO - quickread - 200, 512  283
2019-02-07 19:35:59,315 - INFO - quickread - 200, 544  269
2019-02-07 19:36:06,950 - INFO - quickread - 200, 576  261
2019-02-07 19:36:46,146 - INFO - quickread - 201, 695  253
2019-02-07 19:36:53,019 - INFO - quickread - 201, 727  247
2019-02-07 19:37:00,728 - INFO - quickread - 202, 759  242
2019-02-07 19:37:07,619 - INFO - quickread - 202, 791  241
2019-02-07 19:37:14,945 - INFO - quickread - 202, 823  238
2019-02-07 19:37:21,300 - INFO - quickread - 202, 855  235
2019-02-07 19:37:59,490 - INFO - quickread - 202, 966  232
2019-02-07 19:38:36,558 - INFO - quickread - 202, 1076  228
2019-02-07 19:39:10,788 - INFO - quickread - 203, 1186  225
2019-02-07 19:39:44,946 - INFO - quickread - 203, 1302  224
2019-02-07 19:40:18,320 - INFO - quickread - 203, 1412  222
2019-02-07 19:40:50,364 - INFO - quickread - 203, 1514  219
2019-02-07 19:41:22,229 - INFO - quickread - 203, 1617  217
2019-02-07 19:41:22,233 - INFO - quickread - IGNORE columba-1.4-src NO IMPROVEMENT after 3 random loops. EXITING. Current estimate: 229
2019-02-07 19:41:22,294 - INFO - quickread - IGNORE columba-1.4-src | Total: 6468 | Percent Checked: 0.25 | Total Yes Data: 204 | Percent Yes Checked: 1.0
2019-02-07 19:41:22,296 - INFO - rig - ++++NEW CLF++++ SGD
2019-02-07 19:41:22,297 - INFO - quickread - Total Yes: 204 | Total No: 6264
2019-02-07 19:41:24,790 - INFO - quickread - 25, 32  473
2019-02-07 19:41:25,960 - INFO - quickread - 57, 64  759
2019-02-07 19:41:26,991 - INFO - quickread - 77, 96  861
2019-02-07 19:41:27,824 - INFO - quickread - 108, 128  977
2019-02-07 19:41:28,726 - INFO - quickread - 132, 160  1129
2019-02-07 19:41:29,219 - INFO - quickread - 153, 192  1144
2019-02-07 19:41:29,638 - INFO - quickread - 169, 224  1158
2019-02-07 19:41:30,063 - INFO - quickread - 182, 256  1164
2019-02-07 19:41:30,520 - INFO - quickread - 190, 288  1167
2019-02-07 19:41:30,929 - INFO - quickread - 191, 320  1161
2019-02-07 19:41:31,379 - INFO - quickread - 194, 352  1159
2019-02-07 19:41:31,885 - INFO - quickread - 195, 384  1155
2019-02-07 19:41:32,353 - INFO - quickread - 196, 416  1150
2019-02-07 19:41:32,857 - INFO - quickread - 196, 448  1144
2019-02-07 19:41:33,510 - INFO - quickread - 196, 480  1138
2019-02-07 19:41:34,082 - INFO - quickread - 196, 512  1131
2019-02-07 19:41:34,721 - INFO - quickread - 197, 544  1127
2019-02-07 19:41:35,418 - INFO - quickread - 198, 576  1123
2019-02-07 19:41:36,089 - INFO - quickread - 198, 608  999
2019-02-07 19:41:36,506 - INFO - quickread - 198, 640  986
2019-02-07 19:41:36,906 - INFO - quickread - 199, 672  982
2019-02-07 19:41:37,295 - INFO - quickread - 201, 704  979
2019-02-07 19:41:37,687 - INFO - quickread - 201, 736  972
2019-02-07 19:41:38,118 - INFO - quickread - 201, 768  969
2019-02-07 19:41:38,526 - INFO - quickread - 202, 800  966
2019-02-07 19:41:38,932 - INFO - quickread - 202, 832  961
2019-02-07 19:41:39,382 - INFO - quickread - 202, 864  956
2019-02-07 19:41:39,921 - INFO - quickread - 202, 896  951
2019-02-07 19:41:40,409 - INFO - quickread - 202, 928  944
2019-02-07 19:41:41,014 - INFO - quickread - 202, 960  938
2019-02-07 19:41:41,482 - INFO - quickread - 202, 992  860
2019-02-07 19:41:41,941 - INFO - quickread - 202, 1024  853
2019-02-07 19:41:42,369 - INFO - quickread - 202, 1056  843
2019-02-07 19:41:42,872 - INFO - quickread - 202, 1088  836
2019-02-07 19:41:42,880 - INFO - quickread - 202, 1088  836
2019-02-07 19:41:42,880 - INFO - quickread - IGNORE columba-1.4-src NO IMPROVEMENT after 9 loops. EXITING. Current estimate: 836
2019-02-07 19:41:42,915 - INFO - quickread - IGNORE columba-1.4-src | Total: 6469 | Percent Checked: 0.17 | Total Yes Data: 204 | Percent Yes Checked: 0.99
2019-02-07 19:41:42,915 - INFO - rig - ++++NEW CLF++++ SVM
2019-02-07 19:41:42,915 - INFO - quickread - Total Yes: 204 | Total No: 6264
