2019-02-07 19:33:32,714 - INFO - rig - jruby-1.4.0
2019-02-07 19:33:42,005 - INFO - rig - ++++NEW CLF++++ QUICKREAD
2019-02-07 19:33:42,005 - INFO - quickread - Total Yes: 622 | Total No: 4275
2019-02-07 19:33:42,800 - INFO - quickread - 0, 0  475
2019-02-07 19:33:48,015 - INFO - quickread - 22, 24  475
2019-02-07 19:33:54,980 - INFO - quickread - 42, 48  325
2019-02-07 19:34:01,308 - INFO - quickread - 53, 72  422
2019-02-07 19:34:07,979 - INFO - quickread - 77, 96  449
2019-02-07 19:34:15,014 - INFO - quickread - 101, 120  454
2019-02-07 19:34:21,562 - INFO - quickread - 122, 144  468
2019-02-07 19:34:28,442 - INFO - quickread - 143, 168  460
2019-02-07 19:34:36,008 - INFO - quickread - 165, 192  468
2019-02-07 19:34:43,153 - INFO - quickread - 189, 216  476
2019-02-07 19:34:51,095 - INFO - quickread - 213, 240  498
2019-02-07 19:34:56,720 - INFO - quickread - 237, 264  496
2019-02-07 19:35:02,482 - INFO - quickread - 259, 288  479
2019-02-07 19:35:08,030 - INFO - quickread - 277, 312  513
2019-02-07 19:35:13,916 - INFO - quickread - 298, 336  528
2019-02-07 19:35:20,127 - INFO - quickread - 319, 360  546
2019-02-07 19:35:25,994 - INFO - quickread - 339, 384  570
2019-02-07 19:35:32,481 - INFO - quickread - 359, 408  590
2019-02-07 19:35:38,193 - INFO - quickread - 378, 432  614
2019-02-07 19:35:44,791 - INFO - quickread - 398, 456  629
2019-02-07 19:35:51,131 - INFO - quickread - 417, 480  637
2019-02-07 19:35:57,525 - INFO - quickread - 436, 504  654
2019-02-07 19:36:03,703 - INFO - quickread - 452, 528  668
2019-02-07 19:36:09,602 - INFO - quickread - 468, 552  679
2019-02-07 19:36:15,808 - INFO - quickread - 483, 576  693
2019-02-07 19:36:22,330 - INFO - quickread - 494, 600  709
2019-02-07 19:36:27,863 - INFO - quickread - 511, 624  711
2019-02-07 19:36:34,713 - INFO - quickread - 524, 648  738
2019-02-07 19:36:41,394 - INFO - quickread - 535, 672  743
2019-02-07 19:36:46,729 - INFO - quickread - 545, 696  746
2019-02-07 19:36:52,763 - INFO - quickread - 553, 720  746
2019-02-07 19:36:59,511 - INFO - quickread - 559, 744  746
2019-02-07 19:37:05,022 - INFO - quickread - 564, 768  739
2019-02-07 19:37:10,787 - INFO - quickread - 568, 792  725
2019-02-07 19:37:16,674 - INFO - quickread - 575, 816  711
2019-02-07 19:37:21,837 - INFO - quickread - 578, 840  717
2019-02-07 19:37:29,008 - INFO - quickread - 581, 864  705
2019-02-07 19:37:33,935 - INFO - quickread - 585, 888  697
2019-02-07 19:37:39,621 - INFO - quickread - 585, 912  694
2019-02-07 19:37:46,566 - INFO - quickread - 587, 936  677
2019-02-07 19:37:51,901 - INFO - quickread - 591, 960  673
2019-02-07 19:37:57,379 - INFO - quickread - 593, 984  675
2019-02-07 19:38:02,296 - INFO - quickread - 593, 1008  671
2019-02-07 19:38:07,380 - INFO - quickread - 595, 1032  660
2019-02-07 19:38:12,536 - INFO - quickread - 598, 1056  659
2019-02-07 19:38:17,309 - INFO - quickread - 598, 1080  658
2019-02-07 19:38:23,345 - INFO - quickread - 600, 1104  651
2019-02-07 19:38:28,578 - INFO - quickread - 602, 1128  649
2019-02-07 19:38:34,500 - INFO - quickread - 605, 1152  647
2019-02-07 19:38:39,536 - INFO - quickread - 605, 1176  650
2019-02-07 19:38:44,302 - INFO - quickread - 606, 1200  645
2019-02-07 19:38:49,114 - INFO - quickread - 606, 1224  642
2019-02-07 19:38:54,078 - INFO - quickread - 607, 1248  637
2019-02-07 19:38:59,206 - INFO - quickread - 608, 1272  635
2019-02-07 19:39:04,903 - INFO - quickread - 608, 1296  633
2019-02-07 19:39:09,493 - INFO - quickread - 611, 1320  630
2019-02-07 19:39:14,613 - INFO - quickread - 611, 1344  633
2019-02-07 19:39:19,679 - INFO - quickread - 611, 1368  629
2019-02-07 19:39:24,109 - INFO - quickread - 612, 1392  627
2019-02-07 19:39:28,884 - INFO - quickread - 612, 1416  626
2019-02-07 19:39:34,168 - INFO - quickread - 612, 1440  623
2019-02-07 19:39:39,084 - INFO - quickread - 612, 1464  620
2019-02-07 19:39:43,950 - INFO - quickread - 612, 1488  618
2019-02-07 19:39:49,010 - INFO - quickread - 613, 1512  616
2019-02-07 19:39:53,769 - INFO - quickread - 614, 1536  616
2019-02-07 19:39:58,016 - INFO - quickread - 615, 1560  616
2019-02-07 19:40:02,754 - INFO - quickread - 615, 1584  616
2019-02-07 19:40:07,486 - INFO - quickread - 615, 1608  614
2019-02-07 19:40:31,172 - INFO - quickread - 615, 1680  612
2019-02-07 19:40:54,166 - INFO - quickread - 616, 1752  610
2019-02-07 19:41:17,093 - INFO - quickread - 616, 1816  610
2019-02-07 19:41:17,093 - INFO - quickread - IGNORE jruby-1.4.0 NO IMPROVEMENT after 3 random loops. EXITING. Current estimate: 643
2019-02-07 19:41:17,138 - INFO - quickread - IGNORE jruby-1.4.0 | Total: 4897 | Percent Checked: 0.37 | Total Yes Data: 622 | Percent Yes Checked: 0.99
2019-02-07 19:41:17,142 - INFO - rig - ++++NEW CLF++++ SGD
2019-02-07 19:41:17,143 - INFO - quickread - Total Yes: 622 | Total No: 4275
2019-02-07 19:41:19,278 - INFO - quickread - 12, 24  255
2019-02-07 19:41:20,082 - INFO - quickread - 34, 48  477
2019-02-07 19:41:21,049 - INFO - quickread - 58, 72  665
2019-02-07 19:41:21,721 - INFO - quickread - 82, 96  758
2019-02-07 19:41:22,523 - INFO - quickread - 101, 120  874
2019-02-07 19:41:23,060 - INFO - quickread - 125, 144  908
2019-02-07 19:41:23,765 - INFO - quickread - 145, 168  1055
2019-02-07 19:41:24,187 - INFO - quickread - 166, 192  1071
2019-02-07 19:41:24,464 - INFO - quickread - 189, 216  1077
2019-02-07 19:41:24,679 - INFO - quickread - 213, 240  1086
2019-02-07 19:41:24,952 - INFO - quickread - 237, 264  1104
2019-02-07 19:41:25,173 - INFO - quickread - 260, 288  1121
2019-02-07 19:41:25,365 - INFO - quickread - 278, 312  1136
2019-02-07 19:41:25,682 - INFO - quickread - 301, 336  1368
2019-02-07 19:41:25,959 - INFO - quickread - 323, 360  1384
2019-02-07 19:41:26,191 - INFO - quickread - 337, 384  1391
2019-02-07 19:41:26,397 - INFO - quickread - 356, 408  1404
2019-02-07 19:41:26,639 - INFO - quickread - 379, 432  1420
2019-02-07 19:41:26,805 - INFO - quickread - 397, 456  1431
2019-02-07 19:41:27,000 - INFO - quickread - 415, 480  1443
2019-02-07 19:41:27,185 - INFO - quickread - 431, 504  1452
2019-02-07 19:41:27,519 - INFO - quickread - 447, 528  1462
2019-02-07 19:41:27,692 - INFO - quickread - 459, 552  1467
2019-02-07 19:41:27,855 - INFO - quickread - 473, 576  1475
2019-02-07 19:41:28,053 - INFO - quickread - 488, 600  1483
2019-02-07 19:41:28,246 - INFO - quickread - 500, 624  1489
2019-02-07 19:41:28,447 - INFO - quickread - 509, 648  1492
2019-02-07 19:41:28,642 - INFO - quickread - 515, 672  1492
2019-02-07 19:41:28,787 - INFO - quickread - 528, 696  1499
2019-02-07 19:41:28,911 - INFO - quickread - 535, 720  1500
2019-02-07 19:41:29,039 - INFO - quickread - 538, 744  1497
2019-02-07 19:41:29,184 - INFO - quickread - 544, 768  1497
2019-02-07 19:41:29,334 - INFO - quickread - 551, 792  1498
2019-02-07 19:41:29,473 - INFO - quickread - 556, 816  1497
2019-02-07 19:41:29,626 - INFO - quickread - 559, 840  1494
2019-02-07 19:41:29,780 - INFO - quickread - 566, 864  1495
2019-02-07 19:41:29,922 - INFO - quickread - 568, 888  1491
2019-02-07 19:41:30,077 - INFO - quickread - 573, 912  1490
2019-02-07 19:41:30,238 - INFO - quickread - 578, 936  1489
2019-02-07 19:41:30,406 - INFO - quickread - 584, 960  1489
2019-02-07 19:41:30,563 - INFO - quickread - 587, 984  1486
2019-02-07 19:41:30,705 - INFO - quickread - 587, 1008  1481
2019-02-07 19:41:30,848 - INFO - quickread - 593, 1032  1481
2019-02-07 19:41:31,096 - INFO - quickread - 595, 1056  1477
2019-02-07 19:41:31,248 - INFO - quickread - 596, 1080  1472
2019-02-07 19:41:31,421 - INFO - quickread - 598, 1104  1468
2019-02-07 19:41:31,581 - INFO - quickread - 598, 1128  1463
2019-02-07 19:41:31,742 - INFO - quickread - 598, 1152  1457
2019-02-07 19:41:31,905 - INFO - quickread - 600, 1176  1453
2019-02-07 19:41:32,059 - INFO - quickread - 601, 1200  1448
2019-02-07 19:41:32,221 - INFO - quickread - 601, 1224  1443
2019-02-07 19:41:32,382 - INFO - quickread - 602, 1248  1438
2019-02-07 19:41:32,556 - INFO - quickread - 603, 1272  1433
2019-02-07 19:41:32,747 - INFO - quickread - 603, 1296  1427
2019-02-07 19:41:32,939 - INFO - quickread - 603, 1320  1422
2019-02-07 19:41:33,114 - INFO - quickread - 603, 1344  1416
2019-02-07 19:41:33,295 - INFO - quickread - 603, 1368  1410
2019-02-07 19:41:33,480 - INFO - quickread - 603, 1392  1405
2019-02-07 19:41:33,663 - INFO - quickread - 604, 1416  1400
2019-02-07 19:41:33,835 - INFO - quickread - 606, 1440  1396
2019-02-07 19:41:34,037 - INFO - quickread - 606, 1464  1390
2019-02-07 19:41:34,219 - INFO - quickread - 608, 1488  1387
2019-02-07 19:41:34,410 - INFO - quickread - 609, 1512  1382
2019-02-07 19:41:34,598 - INFO - quickread - 610, 1536  1376
2019-02-07 19:41:34,776 - INFO - quickread - 612, 1560  1373
2019-02-07 19:41:35,052 - INFO - quickread - 615, 1584  1370
2019-02-07 19:41:35,228 - INFO - quickread - 615, 1608  1364
2019-02-07 19:41:35,429 - INFO - quickread - 615, 1632  1358
2019-02-07 19:41:35,686 - INFO - quickread - 615, 1656  1352
2019-02-07 19:41:35,922 - INFO - quickread - 615, 1680  1347
2019-02-07 19:41:36,213 - INFO - quickread - 618, 1704  1344
2019-02-07 19:41:36,429 - INFO - quickread - 618, 1728  1338
2019-02-07 19:41:36,628 - INFO - quickread - 618, 1752  1332
2019-02-07 19:41:36,866 - INFO - quickread - 618, 1776  1327
2019-02-07 19:41:37,074 - INFO - quickread - 618, 1800  1321
2019-02-07 19:41:37,304 - INFO - quickread - 619, 1824  1316
2019-02-07 19:41:37,541 - INFO - quickread - 619, 1848  1311
2019-02-07 19:41:37,766 - INFO - quickread - 619, 1872  1305
2019-02-07 19:41:38,011 - INFO - quickread - 619, 1896  1299
2019-02-07 19:41:38,253 - INFO - quickread - 619, 1920  1293
2019-02-07 19:41:38,476 - INFO - quickread - 619, 1944  1288
2019-02-07 19:41:38,663 - INFO - quickread - 619, 1968  1273
2019-02-07 19:41:38,858 - INFO - quickread - 619, 1992  1266
2019-02-07 19:41:39,062 - INFO - quickread - 621, 2016  1260
2019-02-07 19:41:39,295 - INFO - quickread - 621, 2040  1254
2019-02-07 19:41:39,429 - INFO - quickread - 621, 2064  1129
2019-02-07 19:41:39,591 - INFO - quickread - 621, 2088  1123
2019-02-07 19:41:39,813 - INFO - quickread - 621, 2112  1119
2019-02-07 19:41:39,949 - INFO - quickread - 621, 2136  1114
2019-02-07 19:41:40,075 - INFO - quickread - 621, 2160  1109
2019-02-07 19:41:40,221 - INFO - quickread - 621, 2184  1104
2019-02-07 19:41:40,346 - INFO - quickread - 621, 2208  1100
2019-02-07 19:41:40,469 - INFO - quickread - 621, 2232  1095
2019-02-07 19:41:40,470 - INFO - quickread - 621, 2232  1095
2019-02-07 19:41:40,470 - INFO - quickread - IGNORE jruby-1.4.0 NO IMPROVEMENT after 9 loops. EXITING. Current estimate: 1095
2019-02-07 19:41:40,494 - INFO - quickread - IGNORE jruby-1.4.0 | Total: 4898 | Percent Checked: 0.46 | Total Yes Data: 622 | Percent Yes Checked: 1.0
2019-02-07 19:41:40,496 - INFO - rig - ++++NEW CLF++++ SVM
2019-02-07 19:41:40,496 - INFO - quickread - Total Yes: 622 | Total No: 4275
