2019-02-05 09:47:48,503 - INFO - rig - hibernate-distribution-3.3.2.GA
2019-02-05 09:47:56,559 - INFO - rig - ++++NEW CLF++++ FASTREAD
2019-02-05 09:47:56,560 - INFO - fastread - Total Yes: 472 | Total No: 2496
2019-02-05 09:47:57,018 - INFO - fastread - 0, 0  475
2019-02-05 09:48:42,698 - INFO - fastread - 346, 359  475
2019-02-05 09:48:45,209 - INFO - fastread - 348, 373  639
2019-02-05 09:48:48,465 - INFO - fastread - 353, 387  1098
2019-02-05 09:48:50,812 - INFO - fastread - 358, 401  1052
2019-02-05 09:48:54,079 - INFO - fastread - 360, 415  968
2019-02-05 09:48:57,121 - INFO - fastread - 362, 429  720
2019-02-05 09:49:00,158 - INFO - fastread - 366, 443  652
2019-02-05 09:49:03,634 - INFO - fastread - 368, 457  591
2019-02-05 09:49:06,760 - INFO - fastread - 371, 471  579
2019-02-05 09:49:10,259 - INFO - fastread - 375, 485  572
2019-02-05 09:49:13,455 - INFO - fastread - 383, 499  584
2019-02-05 09:49:16,830 - INFO - fastread - 386, 513  582
2019-02-05 09:49:20,295 - INFO - fastread - 388, 527  580
2019-02-05 09:49:23,749 - INFO - fastread - 391, 541  563
2019-02-05 09:49:27,470 - INFO - fastread - 395, 555  572
2019-02-05 09:49:30,984 - INFO - fastread - 396, 569  568
2019-02-05 09:49:34,726 - INFO - fastread - 401, 583  566
2019-02-05 09:49:38,171 - INFO - fastread - 403, 597  568
2019-02-05 09:49:42,008 - INFO - fastread - 407, 611  566
2019-02-05 09:49:45,670 - INFO - fastread - 411, 625  563
2019-02-05 09:49:49,560 - INFO - fastread - 415, 639  565
2019-02-05 09:49:53,221 - INFO - fastread - 417, 653  567
2019-02-05 09:49:57,546 - INFO - fastread - 417, 667  560
2019-02-05 09:50:01,318 - INFO - fastread - 418, 681  555
2019-02-05 09:50:05,673 - INFO - fastread - 422, 695  550
2019-02-05 09:50:09,390 - INFO - fastread - 423, 709  548
2019-02-05 09:50:13,773 - INFO - fastread - 423, 723  545
2019-02-05 09:50:17,629 - INFO - fastread - 426, 737  540
2019-02-05 09:50:21,930 - INFO - fastread - 427, 751  538
2019-02-05 09:50:26,241 - INFO - fastread - 427, 765  532
2019-02-05 09:50:29,773 - INFO - fastread - 427, 779  528
2019-02-05 09:50:33,580 - INFO - fastread - 429, 793  520
2019-02-05 09:50:37,073 - INFO - fastread - 431, 807  519
2019-02-05 09:50:41,700 - INFO - fastread - 431, 821  515
2019-02-05 09:50:45,393 - INFO - fastread - 431, 835  511
2019-02-05 09:50:49,060 - INFO - fastread - 433, 849  505
2019-02-05 09:50:53,211 - INFO - fastread - 433, 863  520
2019-02-05 09:50:57,170 - INFO - fastread - 433, 877  538
2019-02-05 09:51:00,862 - INFO - fastread - 433, 891  520
2019-02-05 09:51:04,425 - INFO - fastread - 434, 905  513
2019-02-05 09:51:08,507 - INFO - fastread - 436, 919  512
2019-02-05 09:51:12,602 - INFO - fastread - 437, 933  508
2019-02-05 09:51:16,788 - INFO - fastread - 439, 947  504
2019-02-05 09:51:20,468 - INFO - fastread - 439, 961  502
2019-02-05 09:51:24,641 - INFO - fastread - 439, 975  496
2019-02-05 09:51:28,857 - INFO - fastread - 439, 989  494
2019-02-05 09:51:32,949 - INFO - fastread - 440, 1003  489
2019-02-05 09:51:36,837 - INFO - fastread - 440, 1017  488
2019-02-05 09:51:40,761 - INFO - fastread - 440, 1031  486
2019-02-05 09:51:45,182 - INFO - fastread - 440, 1045  481
2019-02-05 09:51:50,067 - INFO - fastread - 441, 1059  478
2019-02-05 09:51:54,278 - INFO - fastread - 441, 1073  477
2019-02-05 09:51:58,654 - INFO - fastread - 442, 1087  477
2019-02-05 09:52:02,638 - INFO - fastread - 443, 1101  473
2019-02-05 09:52:07,679 - INFO - fastread - 443, 1115  472
2019-02-05 09:52:11,607 - INFO - fastread - 443, 1129  473
2019-02-05 09:52:15,566 - INFO - fastread - 445, 1143  468
2019-02-05 09:52:19,526 - INFO - fastread - 446, 1157  469
2019-02-05 09:52:23,949 - INFO - fastread - 449, 1171  471
2019-02-05 09:52:28,611 - INFO - fastread - 449, 1185  468
2019-02-05 09:52:32,425 - INFO - fastread - 449, 1199  465
2019-02-05 09:52:36,685 - INFO - fastread - 450, 1213  465
2019-02-05 09:52:40,435 - INFO - fastread - 451, 1227  466
2019-02-05 09:52:44,720 - INFO - fastread - 451, 1241  465
2019-02-05 09:52:49,001 - INFO - fastread - 455, 1255  464
2019-02-05 09:52:52,710 - INFO - fastread - 456, 1269  468
2019-02-05 09:52:56,382 - INFO - fastread - 456, 1283  466
2019-02-05 09:53:01,156 - INFO - fastread - 456, 1297  465
2019-02-05 09:53:05,876 - INFO - fastread - 457, 1311  463
2019-02-05 09:53:10,831 - INFO - fastread - 457, 1325  464
2019-02-05 09:53:15,146 - INFO - fastread - 458, 1339  460
2019-02-05 09:53:19,620 - INFO - fastread - 458, 1353  461
2019-02-05 09:53:24,325 - INFO - fastread - 458, 1367  459
2019-02-05 09:53:29,405 - INFO - fastread - 458, 1381  459
2019-02-05 09:53:32,499 - INFO - rig - ++++NEW CLF++++ ENSEMBLE_DT
2019-02-05 09:53:32,501 - INFO - ensemble - 10, 10
2019-02-05 09:53:32,511 - INFO - ensemble - 19, 20
2019-02-05 09:53:32,511 - INFO - ensemble - 27, 30
2019-02-05 09:53:32,519 - INFO - ensemble - 37, 40
2019-02-05 09:53:32,522 - INFO - ensemble - 47, 50
2019-02-05 09:53:32,531 - INFO - ensemble - 57, 60
2019-02-05 09:53:32,531 - INFO - ensemble - 66, 70
2019-02-05 09:53:32,542 - INFO - ensemble - 75, 80
2019-02-05 09:53:32,549 - INFO - ensemble - 85, 90
2019-02-05 09:53:32,551 - INFO - ensemble - 94, 100
2019-02-05 09:53:32,561 - INFO - ensemble - 104, 110
2019-02-05 09:53:32,564 - INFO - ensemble - 114, 120
2019-02-05 09:53:32,572 - INFO - ensemble - 123, 130
2019-02-05 09:53:32,572 - INFO - ensemble - 133, 140
2019-02-05 09:53:32,582 - INFO - ensemble - 143, 150
2019-02-05 09:53:32,583 - INFO - ensemble - 153, 160
2019-02-05 09:53:32,583 - INFO - ensemble - 163, 170
2019-02-05 09:53:32,590 - INFO - ensemble - 173, 180
2019-02-05 09:53:32,592 - INFO - ensemble - 182, 190
2019-02-05 09:53:32,592 - INFO - ensemble - 192, 200
2019-02-05 09:53:32,601 - INFO - ensemble - 202, 210
2019-02-05 09:53:32,603 - INFO - ensemble - 212, 220
2019-02-05 09:53:32,603 - INFO - ensemble - 222, 230
2019-02-05 09:53:32,610 - INFO - ensemble - 231, 240
2019-02-05 09:53:32,612 - INFO - ensemble - 240, 250
2019-02-05 09:53:32,612 - INFO - ensemble - 250, 260
2019-02-05 09:53:32,612 - INFO - ensemble - 260, 270
2019-02-05 09:53:32,623 - INFO - ensemble - 269, 280
2019-02-05 09:53:32,623 - INFO - ensemble - 279, 290
2019-02-05 09:53:32,632 - INFO - ensemble - 289, 300
2019-02-05 09:53:32,632 - INFO - ensemble - 298, 310
2019-02-05 09:53:32,643 - INFO - ensemble - 307, 320
2019-02-05 09:53:32,643 - INFO - ensemble - 317, 330
2019-02-05 09:53:32,653 - INFO - ensemble - 327, 340
2019-02-05 09:53:32,653 - INFO - ensemble - 337, 350
2019-02-05 09:53:32,663 - INFO - ensemble - 347, 360
2019-02-05 09:53:32,663 - INFO - ensemble - 352, 370
2019-02-05 09:53:32,673 - INFO - ensemble - 354, 380
2019-02-05 09:53:32,673 - INFO - ensemble - 358, 390
2019-02-05 09:53:32,684 - INFO - ensemble - 362, 400
2019-02-05 09:53:32,684 - INFO - ensemble - 364, 410
2019-02-05 09:53:32,684 - INFO - ensemble - 364, 420
2019-02-05 09:53:32,691 - INFO - ensemble - 368, 430
2019-02-05 09:53:32,693 - INFO - ensemble - 372, 440
2019-02-05 09:53:32,693 - INFO - ensemble - 374, 450
2019-02-05 09:53:32,701 - INFO - ensemble - 376, 460
2019-02-05 09:53:32,706 - INFO - ensemble - 376, 470
2019-02-05 09:53:32,712 - INFO - ensemble - 377, 480
2019-02-05 09:53:32,714 - INFO - ensemble - 380, 490
2019-02-05 09:53:32,724 - INFO - ensemble - 381, 500
2019-02-05 09:53:32,725 - INFO - ensemble - 383, 510
2019-02-05 09:53:32,734 - INFO - ensemble - 385, 520
2019-02-05 09:53:32,734 - INFO - ensemble - 385, 530
2019-02-05 09:53:32,745 - INFO - ensemble - 386, 540
2019-02-05 09:53:32,747 - INFO - ensemble - 387, 550
2019-02-05 09:53:32,754 - INFO - ensemble - 388, 560
2019-02-05 09:53:32,762 - INFO - ensemble - 389, 570
2019-02-05 09:53:32,765 - INFO - ensemble - 389, 580
2019-02-05 09:53:32,772 - INFO - ensemble - 390, 590
2019-02-05 09:53:32,774 - INFO - ensemble - 391, 600
2019-02-05 09:53:32,785 - INFO - ensemble - 392, 610
2019-02-05 09:53:32,785 - INFO - ensemble - 392, 620
2019-02-05 09:53:32,792 - INFO - ensemble - 395, 630
2019-02-05 09:53:32,794 - INFO - ensemble - 397, 640
2019-02-05 09:53:32,794 - INFO - ensemble - 398, 650
2019-02-05 09:53:32,805 - INFO - ensemble - 398, 660
2019-02-05 09:53:32,805 - INFO - ensemble - 400, 670
2019-02-05 09:53:32,815 - INFO - ensemble - 400, 680
2019-02-05 09:53:32,815 - INFO - ensemble - 400, 690
2019-02-05 09:53:32,825 - INFO - ensemble - 400, 700
2019-02-05 09:53:32,825 - INFO - ensemble - 401, 710
2019-02-05 09:53:32,825 - INFO - ensemble - 403, 720
2019-02-05 09:53:32,835 - INFO - ensemble - 406, 730
2019-02-05 09:53:32,835 - INFO - ensemble - 406, 740
2019-02-05 09:53:32,843 - INFO - ensemble - 407, 750
2019-02-05 09:53:32,846 - INFO - ensemble - 409, 760
2019-02-05 09:53:32,855 - INFO - ensemble - 410, 770
2019-02-05 09:53:32,855 - INFO - ensemble - 412, 780
2019-02-05 09:53:32,866 - INFO - ensemble - 412, 790
2019-02-05 09:53:32,866 - INFO - ensemble - 412, 800
2019-02-05 09:53:32,873 - INFO - ensemble - 413, 810
2019-02-05 09:53:32,876 - INFO - ensemble - 414, 820
2019-02-05 09:53:32,876 - INFO - ensemble - 416, 830
2019-02-05 09:53:32,885 - INFO - ensemble - 418, 840
2019-02-05 09:53:32,886 - INFO - ensemble - 419, 850
2019-02-05 09:53:32,896 - INFO - ensemble - 420, 860
2019-02-05 09:53:32,896 - INFO - ensemble - 420, 870
2019-02-05 09:53:32,906 - INFO - ensemble - 420, 880
2019-02-05 09:53:32,906 - INFO - ensemble - 421, 890
2019-02-05 09:53:32,916 - INFO - ensemble - 421, 900
2019-02-05 09:53:32,916 - INFO - ensemble - 421, 910
2019-02-05 09:53:32,927 - INFO - ensemble - 421, 920
2019-02-05 09:53:32,928 - INFO - ensemble - 421, 930
2019-02-05 09:53:32,934 - INFO - ensemble - 421, 940
2019-02-05 09:53:32,936 - INFO - ensemble - 421, 950
2019-02-05 09:53:32,936 - INFO - ensemble - 421, 960
2019-02-05 09:53:32,945 - INFO - ensemble - 421, 970
2019-02-05 09:53:32,948 - INFO - ensemble - 421, 980
2019-02-05 09:53:32,948 - INFO - ensemble - 421, 990
2019-02-05 09:53:32,957 - INFO - ensemble - 422, 1000
2019-02-05 09:53:32,957 - INFO - ensemble - 422, 1010
2019-02-05 09:53:32,957 - INFO - ensemble - 422, 1020
2019-02-05 09:53:32,968 - INFO - ensemble - 422, 1030
2019-02-05 09:53:32,975 - INFO - ensemble - 422, 1040
2019-02-05 09:53:32,978 - INFO - ensemble - 423, 1050
2019-02-05 09:53:32,985 - INFO - ensemble - 423, 1060
2019-02-05 09:53:32,987 - INFO - ensemble - 423, 1070
2019-02-05 09:53:32,995 - INFO - ensemble - 423, 1080
2019-02-05 09:53:32,997 - INFO - ensemble - 423, 1090
2019-02-05 09:53:33,006 - INFO - ensemble - 423, 1100
2019-02-05 09:53:33,007 - INFO - ensemble - 424, 1110
2019-02-05 09:53:33,007 - INFO - ensemble - 424, 1120
2019-02-05 09:53:33,017 - INFO - ensemble - 424, 1130
2019-02-05 09:53:33,017 - INFO - ensemble - 424, 1140
2019-02-05 09:53:33,029 - INFO - ensemble - 424, 1150
2019-02-05 09:53:33,036 - INFO - ensemble - 424, 1160
2019-02-05 09:53:33,038 - INFO - ensemble - 424, 1170
2019-02-05 09:53:33,049 - INFO - ensemble - 424, 1180
2019-02-05 09:53:33,049 - INFO - ensemble - 424, 1190
2019-02-05 09:53:33,058 - INFO - ensemble - 426, 1200
2019-02-05 09:53:33,058 - INFO - ensemble - 427, 1210
2019-02-05 09:53:33,070 - INFO - ensemble - 428, 1220
2019-02-05 09:53:33,078 - INFO - ensemble - 429, 1230
2019-02-05 09:53:33,088 - INFO - ensemble - 429, 1240
2019-02-05 09:53:33,089 - INFO - ensemble - 429, 1250
2019-02-05 09:53:33,099 - INFO - ensemble - 429, 1260
2019-02-05 09:53:33,109 - INFO - ensemble - 431, 1270
2019-02-05 09:53:33,119 - INFO - ensemble - 431, 1280
2019-02-05 09:53:33,128 - INFO - ensemble - 431, 1290
2019-02-05 09:53:33,135 - INFO - ensemble - 431, 1300
2019-02-05 09:53:33,139 - INFO - ensemble - 432, 1310
2019-02-05 09:53:33,149 - INFO - ensemble - 432, 1320
2019-02-05 09:53:33,159 - INFO - ensemble - 432, 1330
2019-02-05 09:53:33,160 - INFO - ensemble - 432, 1340
2019-02-05 09:53:33,168 - INFO - ensemble - 432, 1350
2019-02-05 09:53:33,170 - INFO - ensemble - 433, 1360
2019-02-05 09:53:33,180 - INFO - ensemble - 433, 1370
2019-02-05 09:53:33,188 - INFO - ensemble - 433, 1380
2019-02-05 09:53:33,190 - INFO - ensemble - 434, 1390
2019-02-05 09:53:33,200 - INFO - ensemble - 435, 1400
2019-02-05 09:53:33,210 - INFO - ensemble - 435, 1410
2019-02-05 09:53:33,219 - INFO - ensemble - 436, 1420
2019-02-05 09:53:33,221 - INFO - ensemble - 436, 1430
2019-02-05 09:53:33,231 - INFO - ensemble - 436, 1440
2019-02-05 09:53:33,241 - INFO - ensemble - 436, 1450
2019-02-05 09:53:33,251 - INFO - ensemble - 436, 1460
2019-02-05 09:53:33,262 - INFO - ensemble - 437, 1470
2019-02-05 09:53:33,269 - INFO - ensemble - 438, 1480
2019-02-05 09:53:33,271 - INFO - ensemble - 438, 1490
2019-02-05 09:53:33,282 - INFO - ensemble - 440, 1500
2019-02-05 09:53:33,291 - INFO - ensemble - 440, 1510
2019-02-05 09:53:33,302 - INFO - ensemble - 440, 1520
2019-02-05 09:53:33,303 - INFO - ensemble - 440, 1530
2019-02-05 09:53:33,312 - INFO - ensemble - 441, 1540
2019-02-05 09:53:33,323 - INFO - ensemble - 441, 1550
2019-02-05 09:53:33,330 - INFO - ensemble - 441, 1560
2019-02-05 09:53:33,332 - INFO - ensemble - 441, 1570
2019-02-05 09:53:33,343 - INFO - ensemble - 441, 1580
2019-02-05 09:53:33,350 - INFO - ensemble - 441, 1590
2019-02-05 09:53:33,352 - INFO - ensemble - 441, 1600
2019-02-05 09:53:33,362 - INFO - ensemble - 441, 1610
2019-02-05 09:53:33,364 - INFO - ensemble - 442, 1620
2019-02-05 09:53:33,371 - INFO - ensemble - 442, 1630
2019-02-05 09:53:33,373 - INFO - ensemble - 442, 1640
2019-02-05 09:53:33,373 - INFO - ensemble - 442, 1650
2019-02-05 09:53:33,383 - INFO - ensemble - 442, 1660
2019-02-05 09:53:33,393 - INFO - ensemble - 442, 1670
2019-02-05 09:53:33,402 - INFO - ensemble - 442, 1680
2019-02-05 09:53:33,404 - INFO - ensemble - 442, 1690
2019-02-05 09:53:33,413 - INFO - ensemble - 442, 1700
2019-02-05 09:53:33,413 - INFO - ensemble - 442, 1710
2019-02-05 09:53:33,424 - INFO - ensemble - 442, 1720
2019-02-05 09:53:33,425 - INFO - ensemble - 442, 1730
2019-02-05 09:53:33,434 - INFO - ensemble - 442, 1740
2019-02-05 09:53:33,445 - INFO - ensemble - 442, 1750
2019-02-05 09:53:33,445 - INFO - ensemble - 442, 1760
2019-02-05 09:53:33,454 - INFO - ensemble - 442, 1770
2019-02-05 09:53:33,454 - INFO - ensemble - 442, 1780
2019-02-05 09:53:33,465 - INFO - ensemble - 442, 1790
2019-02-05 09:53:33,472 - INFO - ensemble - 442, 1800
2019-02-05 09:53:33,474 - INFO - ensemble - 443, 1810
2019-02-05 09:53:33,485 - INFO - ensemble - 443, 1820
2019-02-05 09:53:33,495 - INFO - ensemble - 443, 1830
2019-02-05 09:53:33,495 - INFO - ensemble - 444, 1840
2019-02-05 09:53:33,506 - INFO - ensemble - 444, 1850
2019-02-05 09:53:33,515 - INFO - ensemble - 445, 1860
2019-02-05 09:53:33,524 - INFO - ensemble - 446, 1870
2019-02-05 09:53:33,526 - INFO - ensemble - 446, 1880
2019-02-05 09:53:33,533 - INFO - ensemble - 447, 1890
2019-02-05 09:53:33,535 - INFO - ensemble - 447, 1900
2019-02-05 09:53:33,545 - INFO - ensemble - 449, 1910
2019-02-05 09:53:39,143 - INFO - rig - ++++NEW CLF++++ ENSEMBLE_NBM
2019-02-05 09:53:39,156 - INFO - ensemble - 10, 10
2019-02-05 09:53:39,164 - INFO - ensemble - 20, 20
2019-02-05 09:53:39,166 - INFO - ensemble - 30, 30
2019-02-05 09:53:39,176 - INFO - ensemble - 40, 40
2019-02-05 09:53:39,176 - INFO - ensemble - 50, 50
2019-02-05 09:53:39,187 - INFO - ensemble - 60, 60
2019-02-05 09:53:39,194 - INFO - ensemble - 70, 70
2019-02-05 09:53:39,197 - INFO - ensemble - 80, 80
2019-02-05 09:53:39,197 - INFO - ensemble - 89, 90
2019-02-05 09:53:39,207 - INFO - ensemble - 99, 100
2019-02-05 09:53:39,208 - INFO - ensemble - 108, 110
2019-02-05 09:53:39,208 - INFO - ensemble - 118, 120
2019-02-05 09:53:39,217 - INFO - ensemble - 128, 130
2019-02-05 09:53:39,217 - INFO - ensemble - 137, 140
2019-02-05 09:53:39,217 - INFO - ensemble - 146, 150
2019-02-05 09:53:39,227 - INFO - ensemble - 156, 160
2019-02-05 09:53:39,235 - INFO - ensemble - 166, 170
2019-02-05 09:53:39,237 - INFO - ensemble - 176, 180
2019-02-05 09:53:39,247 - INFO - ensemble - 186, 190
2019-02-05 09:53:39,251 - INFO - ensemble - 196, 200
2019-02-05 09:53:39,255 - INFO - ensemble - 204, 210
2019-02-05 09:53:39,255 - INFO - ensemble - 214, 220
2019-02-05 09:53:39,260 - INFO - ensemble - 224, 230
2019-02-05 09:53:39,264 - INFO - ensemble - 233, 240
2019-02-05 09:53:39,272 - INFO - ensemble - 243, 250
2019-02-05 09:53:39,273 - INFO - ensemble - 252, 260
2019-02-05 09:53:39,284 - INFO - ensemble - 260, 270
2019-02-05 09:53:39,291 - INFO - ensemble - 270, 280
2019-02-05 09:53:39,293 - INFO - ensemble - 280, 290
2019-02-05 09:53:39,303 - INFO - ensemble - 288, 300
2019-02-05 09:53:39,311 - INFO - ensemble - 298, 310
2019-02-05 09:53:39,314 - INFO - ensemble - 308, 320
2019-02-05 09:53:39,314 - INFO - ensemble - 317, 330
2019-02-05 09:53:39,323 - INFO - ensemble - 327, 340
2019-02-05 09:53:39,323 - INFO - ensemble - 337, 350
2019-02-05 09:53:39,332 - INFO - ensemble - 347, 360
2019-02-05 09:53:39,334 - INFO - ensemble - 350, 370
2019-02-05 09:53:39,344 - INFO - ensemble - 353, 380
2019-02-05 09:53:39,344 - INFO - ensemble - 360, 390
2019-02-05 09:53:39,354 - INFO - ensemble - 364, 400
2019-02-05 09:53:39,362 - INFO - ensemble - 368, 410
2019-02-05 09:53:39,364 - INFO - ensemble - 373, 420
2019-02-05 09:53:39,376 - INFO - ensemble - 375, 430
2019-02-05 09:53:39,383 - INFO - ensemble - 376, 440
2019-02-05 09:53:39,386 - INFO - ensemble - 376, 450
2019-02-05 09:53:39,395 - INFO - ensemble - 377, 460
2019-02-05 09:53:39,396 - INFO - ensemble - 377, 470
2019-02-05 09:53:39,405 - INFO - ensemble - 378, 480
2019-02-05 09:53:39,414 - INFO - ensemble - 380, 490
2019-02-05 09:53:39,417 - INFO - ensemble - 382, 500
2019-02-05 09:53:39,425 - INFO - ensemble - 385, 510
2019-02-05 09:53:39,434 - INFO - ensemble - 387, 520
2019-02-05 09:53:39,436 - INFO - ensemble - 389, 530
2019-02-05 09:53:39,445 - INFO - ensemble - 390, 540
2019-02-05 09:53:39,454 - INFO - ensemble - 393, 550
2019-02-05 09:53:39,456 - INFO - ensemble - 393, 560
2019-02-05 09:53:39,467 - INFO - ensemble - 395, 570
2019-02-05 09:53:39,475 - INFO - ensemble - 397, 580
2019-02-05 09:53:39,476 - INFO - ensemble - 398, 590
2019-02-05 09:53:39,486 - INFO - ensemble - 400, 600
2019-02-05 09:53:39,497 - INFO - ensemble - 402, 610
2019-02-05 09:53:39,497 - INFO - ensemble - 405, 620
2019-02-05 09:53:39,504 - INFO - ensemble - 405, 630
2019-02-05 09:53:39,506 - INFO - ensemble - 405, 640
2019-02-05 09:53:39,514 - INFO - ensemble - 406, 650
2019-02-05 09:53:39,517 - INFO - ensemble - 407, 660
2019-02-05 09:53:39,517 - INFO - ensemble - 408, 670
2019-02-05 09:53:39,527 - INFO - ensemble - 409, 680
2019-02-05 09:53:39,527 - INFO - ensemble - 410, 690
2019-02-05 09:53:39,538 - INFO - ensemble - 412, 700
2019-02-05 09:53:39,545 - INFO - ensemble - 412, 710
2019-02-05 09:53:39,547 - INFO - ensemble - 412, 720
2019-02-05 09:53:39,558 - INFO - ensemble - 412, 730
2019-02-05 09:53:39,565 - INFO - ensemble - 413, 740
2019-02-05 09:53:39,567 - INFO - ensemble - 414, 750
2019-02-05 09:53:39,578 - INFO - ensemble - 415, 760
2019-02-05 09:53:39,585 - INFO - ensemble - 416, 770
2019-02-05 09:53:39,587 - INFO - ensemble - 417, 780
2019-02-05 09:53:39,599 - INFO - ensemble - 417, 790
2019-02-05 09:53:39,606 - INFO - ensemble - 417, 800
2019-02-05 09:53:39,608 - INFO - ensemble - 418, 810
2019-02-05 09:53:39,608 - INFO - ensemble - 418, 820
2019-02-05 09:53:39,618 - INFO - ensemble - 418, 830
2019-02-05 09:53:39,618 - INFO - ensemble - 419, 840
2019-02-05 09:53:39,628 - INFO - ensemble - 421, 850
2019-02-05 09:53:39,628 - INFO - ensemble - 422, 860
2019-02-05 09:53:39,636 - INFO - ensemble - 423, 870
2019-02-05 09:53:39,641 - INFO - ensemble - 423, 880
2019-02-05 09:53:39,641 - INFO - ensemble - 423, 890
2019-02-05 09:53:39,650 - INFO - ensemble - 423, 900
2019-02-05 09:53:39,651 - INFO - ensemble - 423, 910
2019-02-05 09:53:39,658 - INFO - ensemble - 423, 920
2019-02-05 09:53:39,659 - INFO - ensemble - 423, 930
2019-02-05 09:53:39,666 - INFO - ensemble - 423, 940
2019-02-05 09:53:39,668 - INFO - ensemble - 425, 950
2019-02-05 09:53:39,668 - INFO - ensemble - 425, 960
2019-02-05 09:53:39,680 - INFO - ensemble - 425, 970
2019-02-05 09:53:39,689 - INFO - ensemble - 426, 980
2019-02-05 09:53:39,697 - INFO - ensemble - 426, 990
2019-02-05 09:53:39,700 - INFO - ensemble - 426, 1000
2019-02-05 09:53:39,709 - INFO - ensemble - 426, 1010
2019-02-05 09:53:39,718 - INFO - ensemble - 426, 1020
2019-02-05 09:53:39,720 - INFO - ensemble - 426, 1030
2019-02-05 09:53:39,730 - INFO - ensemble - 427, 1040
2019-02-05 09:53:39,739 - INFO - ensemble - 427, 1050
2019-02-05 09:53:39,741 - INFO - ensemble - 427, 1060
2019-02-05 09:53:39,748 - INFO - ensemble - 428, 1070
2019-02-05 09:53:39,750 - INFO - ensemble - 428, 1080
2019-02-05 09:53:39,750 - INFO - ensemble - 428, 1090
2019-02-05 09:53:39,761 - INFO - ensemble - 428, 1100
2019-02-05 09:53:39,770 - INFO - ensemble - 428, 1110
2019-02-05 09:53:39,770 - INFO - ensemble - 428, 1120
2019-02-05 09:53:39,781 - INFO - ensemble - 428, 1130
2019-02-05 09:53:39,790 - INFO - ensemble - 428, 1140
2019-02-05 09:53:39,801 - INFO - ensemble - 428, 1150
2019-02-05 09:53:39,801 - INFO - ensemble - 428, 1160
2019-02-05 09:53:39,811 - INFO - ensemble - 428, 1170
2019-02-05 09:53:39,821 - INFO - ensemble - 428, 1180
2019-02-05 09:53:39,822 - INFO - ensemble - 428, 1190
2019-02-05 09:53:39,831 - INFO - ensemble - 428, 1200
2019-02-05 09:53:39,840 - INFO - ensemble - 428, 1210
2019-02-05 09:53:39,842 - INFO - ensemble - 428, 1220
2019-02-05 09:53:39,842 - INFO - ensemble - 428, 1230
2019-02-05 09:53:39,851 - INFO - ensemble - 428, 1240
2019-02-05 09:53:39,851 - INFO - ensemble - 429, 1250
2019-02-05 09:53:39,860 - INFO - ensemble - 429, 1260
2019-02-05 09:53:39,862 - INFO - ensemble - 429, 1270
2019-02-05 09:53:39,869 - INFO - ensemble - 429, 1280
2019-02-05 09:53:39,871 - INFO - ensemble - 429, 1290
2019-02-05 09:53:39,871 - INFO - ensemble - 429, 1300
2019-02-05 09:53:39,880 - INFO - ensemble - 431, 1310
2019-02-05 09:53:39,883 - INFO - ensemble - 431, 1320
2019-02-05 09:53:39,883 - INFO - ensemble - 431, 1330
2019-02-05 09:53:39,892 - INFO - ensemble - 431, 1340
2019-02-05 09:53:39,892 - INFO - ensemble - 431, 1350
2019-02-05 09:53:39,892 - INFO - ensemble - 431, 1360
2019-02-05 09:53:39,903 - INFO - ensemble - 431, 1370
2019-02-05 09:53:39,903 - INFO - ensemble - 431, 1380
2019-02-05 09:53:39,903 - INFO - ensemble - 432, 1390
2019-02-05 09:53:39,912 - INFO - ensemble - 433, 1400
2019-02-05 09:53:39,912 - INFO - ensemble - 433, 1410
2019-02-05 09:53:39,912 - INFO - ensemble - 433, 1420
2019-02-05 09:53:39,923 - INFO - ensemble - 433, 1430
2019-02-05 09:53:39,923 - INFO - ensemble - 434, 1440
2019-02-05 09:53:39,931 - INFO - ensemble - 435, 1450
2019-02-05 09:53:39,933 - INFO - ensemble - 435, 1460
2019-02-05 09:53:39,933 - INFO - ensemble - 436, 1470
2019-02-05 09:53:39,942 - INFO - ensemble - 436, 1480
2019-02-05 09:53:39,944 - INFO - ensemble - 436, 1490
2019-02-05 09:53:39,953 - INFO - ensemble - 436, 1500
2019-02-05 09:53:39,953 - INFO - ensemble - 436, 1510
2019-02-05 09:53:39,964 - INFO - ensemble - 436, 1520
2019-02-05 09:53:39,971 - INFO - ensemble - 436, 1530
2019-02-05 09:53:39,973 - INFO - ensemble - 436, 1540
2019-02-05 09:53:39,984 - INFO - ensemble - 436, 1550
2019-02-05 09:53:39,984 - INFO - ensemble - 436, 1560
2019-02-05 09:53:39,984 - INFO - ensemble - 436, 1570
2019-02-05 09:53:39,994 - INFO - ensemble - 437, 1580
2019-02-05 09:53:39,994 - INFO - ensemble - 437, 1590
2019-02-05 09:53:39,994 - INFO - ensemble - 438, 1600
2019-02-05 09:53:40,005 - INFO - ensemble - 438, 1610
2019-02-05 09:53:40,012 - INFO - ensemble - 438, 1620
2019-02-05 09:53:40,014 - INFO - ensemble - 438, 1630
2019-02-05 09:53:40,023 - INFO - ensemble - 440, 1640
2019-02-05 09:53:40,024 - INFO - ensemble - 440, 1650
2019-02-05 09:53:40,024 - INFO - ensemble - 440, 1660
2019-02-05 09:53:40,032 - INFO - ensemble - 441, 1670
2019-02-05 09:53:40,034 - INFO - ensemble - 441, 1680
2019-02-05 09:53:40,034 - INFO - ensemble - 442, 1690
2019-02-05 09:53:40,044 - INFO - ensemble - 442, 1700
2019-02-05 09:53:40,044 - INFO - ensemble - 442, 1710
2019-02-05 09:53:40,044 - INFO - ensemble - 442, 1720
2019-02-05 09:53:40,054 - INFO - ensemble - 442, 1730
2019-02-05 09:53:40,054 - INFO - ensemble - 442, 1740
2019-02-05 09:53:40,054 - INFO - ensemble - 442, 1750
2019-02-05 09:53:40,067 - INFO - ensemble - 442, 1760
2019-02-05 09:53:40,071 - INFO - ensemble - 442, 1770
2019-02-05 09:53:40,075 - INFO - ensemble - 443, 1780
2019-02-05 09:53:40,083 - INFO - ensemble - 443, 1790
2019-02-05 09:53:40,086 - INFO - ensemble - 443, 1800
2019-02-05 09:53:40,086 - INFO - ensemble - 443, 1810
2019-02-05 09:53:40,093 - INFO - ensemble - 444, 1820
2019-02-05 09:53:40,095 - INFO - ensemble - 444, 1830
2019-02-05 09:53:40,095 - INFO - ensemble - 445, 1840
2019-02-05 09:53:40,105 - INFO - ensemble - 446, 1850
2019-02-05 09:53:40,106 - INFO - ensemble - 447, 1860
2019-02-05 09:53:40,115 - INFO - ensemble - 447, 1870
2019-02-05 09:53:40,123 - INFO - ensemble - 447, 1880
2019-02-05 09:53:40,126 - INFO - ensemble - 449, 1890
2019-02-05 09:53:40,126 - INFO - rig - ++++NEW CLF++++ RANDOM
2019-02-05 09:53:40,126 - INFO - fastread - Total Yes: 472 | Total No: 2496
2019-02-05 09:53:40,245 - INFO - fastread - 0, 0
2019-02-05 09:53:40,304 - INFO - fastread - 1, 10
2019-02-05 09:53:40,363 - INFO - fastread - 4, 20
2019-02-05 09:53:40,434 - INFO - fastread - 5, 30
2019-02-05 09:53:40,502 - INFO - fastread - 7, 40
2019-02-05 09:53:40,582 - INFO - fastread - 9, 50
2019-02-05 09:53:40,646 - INFO - fastread - 10, 60
2019-02-05 09:53:40,716 - INFO - fastread - 13, 70
2019-02-05 09:53:40,796 - INFO - fastread - 16, 80
2019-02-05 09:53:40,859 - INFO - fastread - 17, 90
2019-02-05 09:53:40,938 - INFO - fastread - 17, 100
2019-02-05 09:53:41,010 - INFO - fastread - 19, 110
2019-02-05 09:53:41,073 - INFO - fastread - 21, 120
2019-02-05 09:53:41,155 - INFO - fastread - 21, 130
2019-02-05 09:53:41,226 - INFO - fastread - 23, 140
2019-02-05 09:53:41,295 - INFO - fastread - 29, 150
2019-02-05 09:53:41,366 - INFO - fastread - 30, 160
2019-02-05 09:53:41,439 - INFO - fastread - 33, 170
2019-02-05 09:53:41,511 - INFO - fastread - 33, 180
2019-02-05 09:53:41,581 - INFO - fastread - 37, 190
2019-02-05 09:53:41,663 - INFO - fastread - 38, 200
2019-02-05 09:53:41,742 - INFO - fastread - 40, 210
2019-02-05 09:53:41,816 - INFO - fastread - 41, 220
2019-02-05 09:53:41,877 - INFO - fastread - 42, 230
2019-02-05 09:53:41,947 - INFO - fastread - 44, 240
2019-02-05 09:53:41,999 - INFO - fastread - 45, 250
2019-02-05 09:53:42,049 - INFO - fastread - 46, 260
2019-02-05 09:53:42,102 - INFO - fastread - 47, 270
2019-02-05 09:53:42,171 - INFO - fastread - 47, 280
2019-02-05 09:53:42,232 - INFO - fastread - 48, 290
2019-02-05 09:53:42,283 - INFO - fastread - 51, 300
2019-02-05 09:53:42,333 - INFO - fastread - 56, 310
2019-02-05 09:53:42,394 - INFO - fastread - 56, 320
2019-02-05 09:53:42,454 - INFO - fastread - 57, 330
2019-02-05 09:53:42,523 - INFO - fastread - 60, 340
2019-02-05 09:53:42,576 - INFO - fastread - 62, 350
2019-02-05 09:53:42,646 - INFO - fastread - 63, 360
2019-02-05 09:53:42,695 - INFO - fastread - 65, 370
2019-02-05 09:53:42,758 - INFO - fastread - 66, 380
2019-02-05 09:53:42,810 - INFO - fastread - 67, 390
2019-02-05 09:53:42,859 - INFO - fastread - 70, 400
2019-02-05 09:53:42,910 - INFO - fastread - 70, 410
2019-02-05 09:53:42,955 - INFO - fastread - 73, 420
2019-02-05 09:53:43,005 - INFO - fastread - 73, 430
2019-02-05 09:53:43,045 - INFO - fastread - 75, 440
2019-02-05 09:53:43,095 - INFO - fastread - 78, 450
2019-02-05 09:53:43,144 - INFO - fastread - 78, 460
2019-02-05 09:53:43,204 - INFO - fastread - 82, 470
2019-02-05 09:53:43,257 - INFO - fastread - 85, 480
2019-02-05 09:53:43,318 - INFO - fastread - 87, 490
2019-02-05 09:53:43,379 - INFO - fastread - 87, 500
2019-02-05 09:53:43,449 - INFO - fastread - 88, 510
2019-02-05 09:53:43,501 - INFO - fastread - 89, 520
2019-02-05 09:53:43,571 - INFO - fastread - 92, 530
2019-02-05 09:53:43,632 - INFO - fastread - 92, 540
2019-02-05 09:53:43,694 - INFO - fastread - 95, 550
2019-02-05 09:53:43,755 - INFO - fastread - 97, 560
2019-02-05 09:53:43,816 - INFO - fastread - 99, 570
2019-02-05 09:53:43,876 - INFO - fastread - 101, 580
2019-02-05 09:53:43,924 - INFO - fastread - 104, 590
2019-02-05 09:53:43,987 - INFO - fastread - 104, 600
2019-02-05 09:53:44,037 - INFO - fastread - 105, 610
2019-02-05 09:53:44,088 - INFO - fastread - 105, 620
2019-02-05 09:53:44,144 - INFO - fastread - 109, 630
2019-02-05 09:53:44,201 - INFO - fastread - 109, 640
2019-02-05 09:53:44,269 - INFO - fastread - 110, 650
2019-02-05 09:53:44,323 - INFO - fastread - 112, 660
2019-02-05 09:53:44,384 - INFO - fastread - 112, 670
2019-02-05 09:53:44,445 - INFO - fastread - 113, 680
2019-02-05 09:53:44,505 - INFO - fastread - 116, 690
2019-02-05 09:53:44,573 - INFO - fastread - 120, 700
2019-02-05 09:53:44,636 - INFO - fastread - 124, 710
2019-02-05 09:53:44,687 - INFO - fastread - 126, 720
2019-02-05 09:53:44,738 - INFO - fastread - 127, 730
2019-02-05 09:53:44,802 - INFO - fastread - 129, 740
2019-02-05 09:53:44,861 - INFO - fastread - 132, 750
2019-02-05 09:53:44,914 - INFO - fastread - 134, 760
2019-02-05 09:53:44,965 - INFO - fastread - 136, 770
2019-02-05 09:53:45,026 - INFO - fastread - 137, 780
2019-02-05 09:53:45,076 - INFO - fastread - 139, 790
2019-02-05 09:53:45,138 - INFO - fastread - 141, 800
2019-02-05 09:53:45,198 - INFO - fastread - 143, 810
2019-02-05 09:53:45,249 - INFO - fastread - 143, 820
2019-02-05 09:53:45,318 - INFO - fastread - 145, 830
2019-02-05 09:53:45,371 - INFO - fastread - 146, 840
2019-02-05 09:53:45,440 - INFO - fastread - 147, 850
2019-02-05 09:53:45,482 - INFO - fastread - 148, 860
2019-02-05 09:53:45,553 - INFO - fastread - 150, 870
2019-02-05 09:53:45,614 - INFO - fastread - 154, 880
2019-02-05 09:53:45,675 - INFO - fastread - 157, 890
2019-02-05 09:53:45,736 - INFO - fastread - 159, 900
2019-02-05 09:53:45,796 - INFO - fastread - 161, 910
2019-02-05 09:53:45,868 - INFO - fastread - 162, 920
2019-02-05 09:53:45,939 - INFO - fastread - 163, 930
2019-02-05 09:53:46,025 - INFO - fastread - 164, 940
2019-02-05 09:53:46,105 - INFO - fastread - 164, 950
2019-02-05 09:53:46,196 - INFO - fastread - 166, 960
2019-02-05 09:53:46,277 - INFO - fastread - 166, 970
2019-02-05 09:53:46,368 - INFO - fastread - 167, 980
2019-02-05 09:53:46,452 - INFO - fastread - 167, 990
2019-02-05 09:53:46,542 - INFO - fastread - 170, 1000
2019-02-05 09:53:46,634 - INFO - fastread - 171, 1010
2019-02-05 09:53:46,723 - INFO - fastread - 172, 1020
2019-02-05 09:53:46,799 - INFO - fastread - 172, 1030
2019-02-05 09:53:46,871 - INFO - fastread - 174, 1040
2019-02-05 09:53:46,969 - INFO - fastread - 175, 1050
2019-02-05 09:53:47,055 - INFO - fastread - 177, 1060
2019-02-05 09:53:47,138 - INFO - fastread - 179, 1070
2019-02-05 09:53:47,231 - INFO - fastread - 182, 1080
2019-02-05 09:53:47,311 - INFO - fastread - 185, 1090
2019-02-05 09:53:47,385 - INFO - fastread - 188, 1100
2019-02-05 09:53:47,464 - INFO - fastread - 189, 1110
2019-02-05 09:53:47,547 - INFO - fastread - 192, 1120
2019-02-05 09:53:47,639 - INFO - fastread - 195, 1130
2019-02-05 09:53:47,721 - INFO - fastread - 197, 1140
2019-02-05 09:53:47,801 - INFO - fastread - 200, 1150
2019-02-05 09:53:47,885 - INFO - fastread - 202, 1160
2019-02-05 09:53:47,975 - INFO - fastread - 203, 1170
2019-02-05 09:53:48,066 - INFO - fastread - 203, 1180
2019-02-05 09:53:48,158 - INFO - fastread - 206, 1190
2019-02-05 09:53:48,238 - INFO - fastread - 207, 1200
2019-02-05 09:53:48,332 - INFO - fastread - 210, 1210
2019-02-05 09:53:48,415 - INFO - fastread - 210, 1220
2019-02-05 09:53:48,505 - INFO - fastread - 212, 1230
2019-02-05 09:53:48,586 - INFO - fastread - 213, 1240
2019-02-05 09:53:48,678 - INFO - fastread - 216, 1250
2019-02-05 09:53:48,760 - INFO - fastread - 218, 1260
2019-02-05 09:53:48,842 - INFO - fastread - 218, 1270
2019-02-05 09:53:48,940 - INFO - fastread - 219, 1280
2019-02-05 09:53:49,024 - INFO - fastread - 220, 1290
2019-02-05 09:53:49,095 - INFO - fastread - 221, 1300
2019-02-05 09:53:49,167 - INFO - fastread - 221, 1310
2019-02-05 09:53:49,228 - INFO - fastread - 223, 1320
2019-02-05 09:53:49,311 - INFO - fastread - 224, 1330
2019-02-05 09:53:49,391 - INFO - fastread - 225, 1340
2019-02-05 09:53:49,459 - INFO - fastread - 228, 1350
2019-02-05 09:53:49,522 - INFO - fastread - 229, 1360
2019-02-05 09:53:49,604 - INFO - fastread - 229, 1370
2019-02-05 09:53:49,685 - INFO - fastread - 231, 1380
2019-02-05 09:53:49,787 - INFO - fastread - 233, 1390
2019-02-05 09:53:49,880 - INFO - fastread - 237, 1400
2019-02-05 09:53:49,982 - INFO - fastread - 240, 1410
2019-02-05 09:53:50,074 - INFO - fastread - 241, 1420
2019-02-05 09:53:50,176 - INFO - fastread - 243, 1430
2019-02-05 09:53:50,238 - INFO - fastread - 246, 1440
2019-02-05 09:53:50,317 - INFO - fastread - 246, 1450
2019-02-05 09:53:50,390 - INFO - fastread - 246, 1460
2019-02-05 09:53:50,471 - INFO - fastread - 248, 1470
2019-02-05 09:53:50,553 - INFO - fastread - 249, 1480
2019-02-05 09:53:50,645 - INFO - fastread - 249, 1490
2019-02-05 09:53:50,736 - INFO - fastread - 250, 1500
2019-02-05 09:53:50,828 - INFO - fastread - 251, 1510
2019-02-05 09:53:50,907 - INFO - fastread - 253, 1520
2019-02-05 09:53:50,992 - INFO - fastread - 255, 1530
2019-02-05 09:53:51,091 - INFO - fastread - 256, 1540
2019-02-05 09:53:51,174 - INFO - fastread - 257, 1550
2019-02-05 09:53:51,244 - INFO - fastread - 260, 1560
2019-02-05 09:53:51,336 - INFO - fastread - 263, 1570
2019-02-05 09:53:51,429 - INFO - fastread - 266, 1580
2019-02-05 09:53:51,510 - INFO - fastread - 267, 1590
2019-02-05 09:53:51,601 - INFO - fastread - 268, 1600
2019-02-05 09:53:51,692 - INFO - fastread - 268, 1610
2019-02-05 09:53:51,784 - INFO - fastread - 270, 1620
2019-02-05 09:53:51,863 - INFO - fastread - 271, 1630
2019-02-05 09:53:51,916 - INFO - fastread - 272, 1640
2019-02-05 09:53:51,988 - INFO - fastread - 274, 1650
2019-02-05 09:53:52,038 - INFO - fastread - 275, 1660
2019-02-05 09:53:52,101 - INFO - fastread - 278, 1670
2019-02-05 09:53:52,164 - INFO - fastread - 280, 1680
2019-02-05 09:53:52,224 - INFO - fastread - 282, 1690
2019-02-05 09:53:52,274 - INFO - fastread - 283, 1700
2019-02-05 09:53:52,345 - INFO - fastread - 285, 1710
2019-02-05 09:53:52,409 - INFO - fastread - 287, 1720
2019-02-05 09:53:52,450 - INFO - fastread - 287, 1730
2019-02-05 09:53:52,500 - INFO - fastread - 287, 1740
2019-02-05 09:53:52,551 - INFO - fastread - 289, 1750
2019-02-05 09:53:52,592 - INFO - fastread - 291, 1760
2019-02-05 09:53:52,643 - INFO - fastread - 293, 1770
2019-02-05 09:53:52,682 - INFO - fastread - 295, 1780
2019-02-05 09:53:52,734 - INFO - fastread - 297, 1790
2019-02-05 09:53:52,775 - INFO - fastread - 301, 1800
2019-02-05 09:53:52,824 - INFO - fastread - 304, 1810
2019-02-05 09:53:52,883 - INFO - fastread - 305, 1820
2019-02-05 09:53:52,937 - INFO - fastread - 305, 1830
2019-02-05 09:53:52,997 - INFO - fastread - 306, 1840
2019-02-05 09:53:53,047 - INFO - fastread - 307, 1850
2019-02-05 09:53:53,108 - INFO - fastread - 308, 1860
2019-02-05 09:53:53,168 - INFO - fastread - 310, 1870
2019-02-05 09:53:53,230 - INFO - fastread - 311, 1880
2019-02-05 09:53:53,290 - INFO - fastread - 313, 1890
2019-02-05 09:53:53,351 - INFO - fastread - 315, 1900
2019-02-05 09:53:53,410 - INFO - fastread - 316, 1910
2019-02-05 09:53:53,471 - INFO - fastread - 317, 1920
2019-02-05 09:53:53,525 - INFO - fastread - 319, 1930
2019-02-05 09:53:53,593 - INFO - fastread - 322, 1940
2019-02-05 09:53:53,654 - INFO - fastread - 325, 1950
2019-02-05 09:53:53,708 - INFO - fastread - 327, 1960
2019-02-05 09:53:53,768 - INFO - fastread - 328, 1970
2019-02-05 09:53:53,829 - INFO - fastread - 330, 1980
2019-02-05 09:53:53,890 - INFO - fastread - 332, 1990
2019-02-05 09:53:53,961 - INFO - fastread - 334, 2000
2019-02-05 09:53:54,020 - INFO - fastread - 335, 2010
2019-02-05 09:53:54,073 - INFO - fastread - 336, 2020
2019-02-05 09:53:54,143 - INFO - fastread - 337, 2030
2019-02-05 09:53:54,204 - INFO - fastread - 338, 2040
2019-02-05 09:53:54,255 - INFO - fastread - 339, 2050
2019-02-05 09:53:54,317 - INFO - fastread - 340, 2060
2019-02-05 09:53:54,378 - INFO - fastread - 340, 2070
2019-02-05 09:53:54,428 - INFO - fastread - 342, 2080
2019-02-05 09:53:54,486 - INFO - fastread - 342, 2090
2019-02-05 09:53:54,549 - INFO - fastread - 343, 2100
2019-02-05 09:53:54,610 - INFO - fastread - 344, 2110
2019-02-05 09:53:54,671 - INFO - fastread - 345, 2120
2019-02-05 09:53:54,732 - INFO - fastread - 348, 2130
2019-02-05 09:53:54,792 - INFO - fastread - 350, 2140
2019-02-05 09:53:54,845 - INFO - fastread - 351, 2150
2019-02-05 09:53:54,904 - INFO - fastread - 354, 2160
2019-02-05 09:53:54,965 - INFO - fastread - 356, 2170
2019-02-05 09:53:55,007 - INFO - fastread - 356, 2180
2019-02-05 09:53:55,047 - INFO - fastread - 356, 2190
2019-02-05 09:53:55,098 - INFO - fastread - 358, 2200
2019-02-05 09:53:55,149 - INFO - fastread - 359, 2210
2019-02-05 09:53:55,200 - INFO - fastread - 360, 2220
2019-02-05 09:53:55,251 - INFO - fastread - 360, 2230
2019-02-05 09:53:55,299 - INFO - fastread - 361, 2240
2019-02-05 09:53:55,351 - INFO - fastread - 363, 2250
2019-02-05 09:53:55,392 - INFO - fastread - 364, 2260
2019-02-05 09:53:55,442 - INFO - fastread - 365, 2270
2019-02-05 09:53:55,501 - INFO - fastread - 366, 2280
2019-02-05 09:53:55,564 - INFO - fastread - 368, 2290
2019-02-05 09:53:55,623 - INFO - fastread - 370, 2300
2019-02-05 09:53:55,686 - INFO - fastread - 372, 2310
2019-02-05 09:53:55,747 - INFO - fastread - 373, 2320
2019-02-05 09:53:55,798 - INFO - fastread - 374, 2330
2019-02-05 09:53:55,869 - INFO - fastread - 375, 2340
2019-02-05 09:53:55,948 - INFO - fastread - 376, 2350
2019-02-05 09:53:56,011 - INFO - fastread - 377, 2360
2019-02-05 09:53:56,080 - INFO - fastread - 379, 2370
2019-02-05 09:53:56,153 - INFO - fastread - 381, 2380
2019-02-05 09:53:56,222 - INFO - fastread - 383, 2390
2019-02-05 09:53:56,286 - INFO - fastread - 385, 2400
2019-02-05 09:53:56,356 - INFO - fastread - 386, 2410
2019-02-05 09:53:56,417 - INFO - fastread - 387, 2420
2019-02-05 09:53:56,488 - INFO - fastread - 389, 2430
2019-02-05 09:53:56,547 - INFO - fastread - 390, 2440
2019-02-05 09:53:56,610 - INFO - fastread - 391, 2450
2019-02-05 09:53:56,671 - INFO - fastread - 392, 2460
2019-02-05 09:53:56,742 - INFO - fastread - 394, 2470
2019-02-05 09:53:56,803 - INFO - fastread - 395, 2480
2019-02-05 09:53:56,885 - INFO - fastread - 397, 2490
2019-02-05 09:53:56,966 - INFO - fastread - 398, 2500
2019-02-05 09:53:57,027 - INFO - fastread - 400, 2510
2019-02-05 09:53:57,088 - INFO - fastread - 402, 2520
2019-02-05 09:53:57,149 - INFO - fastread - 404, 2530
2019-02-05 09:53:57,228 - INFO - fastread - 407, 2540
2019-02-05 09:53:57,292 - INFO - fastread - 409, 2550
2019-02-05 09:53:57,352 - INFO - fastread - 410, 2560
2019-02-05 09:53:57,413 - INFO - fastread - 413, 2570
2019-02-05 09:53:57,484 - INFO - fastread - 415, 2580
2019-02-05 09:53:57,566 - INFO - fastread - 416, 2590
2019-02-05 09:53:57,644 - INFO - fastread - 419, 2600
2019-02-05 09:53:57,708 - INFO - fastread - 421, 2610
2019-02-05 09:53:57,788 - INFO - fastread - 422, 2620
2019-02-05 09:53:57,858 - INFO - fastread - 424, 2630
2019-02-05 09:53:57,932 - INFO - fastread - 428, 2640
2019-02-05 09:53:58,013 - INFO - fastread - 430, 2650
2019-02-05 09:53:58,063 - INFO - fastread - 432, 2660
2019-02-05 09:53:58,124 - INFO - fastread - 432, 2670
2019-02-05 09:53:58,185 - INFO - fastread - 435, 2680
2019-02-05 09:53:58,250 - INFO - fastread - 435, 2690
2019-02-05 09:53:58,318 - INFO - fastread - 436, 2700
2019-02-05 09:53:58,381 - INFO - fastread - 438, 2710
2019-02-05 09:53:58,440 - INFO - fastread - 439, 2720
2019-02-05 09:53:58,503 - INFO - fastread - 440, 2730
2019-02-05 09:53:58,574 - INFO - fastread - 442, 2740
2019-02-05 09:53:58,635 - INFO - fastread - 443, 2750
2019-02-05 09:53:58,705 - INFO - fastread - 444, 2760
2019-02-05 09:53:58,787 - INFO - fastread - 446, 2770
2019-02-05 09:53:58,807 - INFO - rig - ++++NEW CLF++++ NBM
2019-02-05 09:53:58,807 - INFO - fastread - Total Yes: 472 | Total No: 2496
2019-02-05 09:53:58,910 - INFO - fastread - 10, 10
2019-02-05 09:53:58,920 - INFO - fastread - 12, 20
2019-02-05 09:53:58,928 - INFO - fastread - 21, 30
2019-02-05 09:53:58,931 - INFO - fastread - 31, 40
2019-02-05 09:53:58,940 - INFO - fastread - 40, 50
2019-02-05 09:53:58,940 - INFO - fastread - 48, 60
2019-02-05 09:53:58,950 - INFO - fastread - 56, 70
2019-02-05 09:53:58,958 - INFO - fastread - 64, 80
2019-02-05 09:53:58,960 - INFO - fastread - 72, 90
2019-02-05 09:53:58,969 - INFO - fastread - 77, 100
2019-02-05 09:53:58,971 - INFO - fastread - 78, 110
2019-02-05 09:53:58,980 - INFO - fastread - 84, 120
2019-02-05 09:53:58,980 - INFO - fastread - 90, 130
2019-02-05 09:53:58,991 - INFO - fastread - 95, 140
2019-02-05 09:53:58,991 - INFO - fastread - 101, 150
2019-02-05 09:53:59,001 - INFO - fastread - 106, 160
2019-02-05 09:53:59,009 - INFO - fastread - 110, 170
2019-02-05 09:53:59,012 - INFO - fastread - 117, 180
2019-02-05 09:53:59,012 - INFO - fastread - 124, 190
2019-02-05 09:53:59,019 - INFO - fastread - 132, 200
2019-02-05 09:53:59,021 - INFO - fastread - 135, 210
2019-02-05 09:53:59,021 - INFO - fastread - 142, 220
2019-02-05 09:53:59,033 - INFO - fastread - 143, 230
2019-02-05 09:53:59,038 - INFO - fastread - 145, 240
2019-02-05 09:53:59,041 - INFO - fastread - 151, 250
2019-02-05 09:53:59,042 - INFO - fastread - 158, 260
2019-02-05 09:53:59,050 - INFO - fastread - 159, 270
2019-02-05 09:53:59,053 - INFO - fastread - 159, 280
2019-02-05 09:53:59,062 - INFO - fastread - 159, 290
2019-02-05 09:53:59,070 - INFO - fastread - 164, 300
2019-02-05 09:53:59,073 - INFO - fastread - 168, 310
2019-02-05 09:53:59,082 - INFO - fastread - 170, 320
2019-02-05 09:53:59,082 - INFO - fastread - 177, 330
2019-02-05 09:53:59,093 - INFO - fastread - 182, 340
2019-02-05 09:53:59,101 - INFO - fastread - 186, 350
2019-02-05 09:53:59,103 - INFO - fastread - 190, 360
2019-02-05 09:53:59,113 - INFO - fastread - 191, 370
2019-02-05 09:53:59,113 - INFO - fastread - 194, 380
2019-02-05 09:53:59,123 - INFO - fastread - 197, 390
2019-02-05 09:53:59,133 - INFO - fastread - 202, 400
2019-02-05 09:53:59,134 - INFO - fastread - 203, 410
2019-02-05 09:53:59,143 - INFO - fastread - 209, 420
2019-02-05 09:53:59,151 - INFO - fastread - 210, 430
2019-02-05 09:53:59,154 - INFO - fastread - 212, 440
2019-02-05 09:53:59,154 - INFO - fastread - 213, 450
2019-02-05 09:53:59,161 - INFO - fastread - 214, 460
2019-02-05 09:53:59,163 - INFO - fastread - 217, 470
2019-02-05 09:53:59,163 - INFO - fastread - 219, 480
2019-02-05 09:53:59,174 - INFO - fastread - 222, 490
2019-02-05 09:53:59,174 - INFO - fastread - 223, 500
2019-02-05 09:53:59,181 - INFO - fastread - 223, 510
2019-02-05 09:53:59,184 - INFO - fastread - 226, 520
2019-02-05 09:53:59,184 - INFO - fastread - 228, 530
2019-02-05 09:53:59,194 - INFO - fastread - 231, 540
2019-02-05 09:53:59,194 - INFO - fastread - 233, 550
2019-02-05 09:53:59,194 - INFO - fastread - 236, 560
2019-02-05 09:53:59,204 - INFO - fastread - 237, 570
2019-02-05 09:53:59,204 - INFO - fastread - 240, 580
2019-02-05 09:53:59,204 - INFO - fastread - 241, 590
2019-02-05 09:53:59,214 - INFO - fastread - 242, 600
2019-02-05 09:53:59,214 - INFO - fastread - 242, 610
2019-02-05 09:53:59,222 - INFO - fastread - 242, 620
2019-02-05 09:53:59,224 - INFO - fastread - 242, 630
2019-02-05 09:53:59,224 - INFO - fastread - 243, 640
2019-02-05 09:53:59,235 - INFO - fastread - 245, 650
2019-02-05 09:53:59,235 - INFO - fastread - 246, 660
2019-02-05 09:53:59,244 - INFO - fastread - 248, 670
2019-02-05 09:53:59,253 - INFO - fastread - 249, 680
2019-02-05 09:53:59,255 - INFO - fastread - 251, 690
2019-02-05 09:53:59,265 - INFO - fastread - 253, 700
2019-02-05 09:53:59,265 - INFO - fastread - 253, 710
2019-02-05 09:53:59,276 - INFO - fastread - 256, 720
2019-02-05 09:53:59,277 - INFO - fastread - 257, 730
2019-02-05 09:53:59,283 - INFO - fastread - 259, 740
2019-02-05 09:53:59,285 - INFO - fastread - 261, 750
2019-02-05 09:53:59,285 - INFO - fastread - 263, 760
2019-02-05 09:53:59,299 - INFO - fastread - 268, 770
2019-02-05 09:53:59,306 - INFO - fastread - 269, 780
2019-02-05 09:53:59,306 - INFO - fastread - 270, 790
2019-02-05 09:53:59,317 - INFO - fastread - 270, 800
2019-02-05 09:53:59,317 - INFO - fastread - 272, 810
2019-02-05 09:53:59,326 - INFO - fastread - 272, 820
2019-02-05 09:53:59,326 - INFO - fastread - 272, 830
2019-02-05 09:53:59,334 - INFO - fastread - 275, 840
2019-02-05 09:53:59,337 - INFO - fastread - 277, 850
2019-02-05 09:53:59,346 - INFO - fastread - 280, 860
2019-02-05 09:53:59,346 - INFO - fastread - 282, 870
2019-02-05 09:53:59,357 - INFO - fastread - 287, 880
2019-02-05 09:53:59,357 - INFO - fastread - 289, 890
2019-02-05 09:53:59,364 - INFO - fastread - 290, 900
2019-02-05 09:53:59,366 - INFO - fastread - 291, 910
2019-02-05 09:53:59,366 - INFO - fastread - 292, 920
2019-02-05 09:53:59,374 - INFO - fastread - 293, 930
2019-02-05 09:53:59,377 - INFO - fastread - 294, 940
2019-02-05 09:53:59,387 - INFO - fastread - 294, 950
2019-02-05 09:53:59,387 - INFO - fastread - 297, 960
2019-02-05 09:53:59,398 - INFO - fastread - 297, 970
2019-02-05 09:53:59,407 - INFO - fastread - 300, 980
2019-02-05 09:53:59,408 - INFO - fastread - 300, 990
2019-02-05 09:53:59,418 - INFO - fastread - 301, 1000
2019-02-05 09:53:59,418 - INFO - fastread - 304, 1010
2019-02-05 09:53:59,425 - INFO - fastread - 307, 1020
2019-02-05 09:53:59,427 - INFO - fastread - 308, 1030
2019-02-05 09:53:59,427 - INFO - fastread - 309, 1040
2019-02-05 09:53:59,438 - INFO - fastread - 309, 1050
2019-02-05 09:53:59,438 - INFO - fastread - 313, 1060
2019-02-05 09:53:59,447 - INFO - fastread - 313, 1070
2019-02-05 09:53:59,458 - INFO - fastread - 315, 1080
2019-02-05 09:53:59,460 - INFO - fastread - 315, 1090
2019-02-05 09:53:59,468 - INFO - fastread - 319, 1100
2019-02-05 09:53:59,477 - INFO - fastread - 320, 1110
2019-02-05 09:53:59,479 - INFO - fastread - 320, 1120
2019-02-05 09:53:59,486 - INFO - fastread - 323, 1130
2019-02-05 09:53:59,489 - INFO - fastread - 324, 1140
2019-02-05 09:53:59,489 - INFO - fastread - 325, 1150
2019-02-05 09:53:59,499 - INFO - fastread - 327, 1160
2019-02-05 09:53:59,499 - INFO - fastread - 329, 1170
2019-02-05 09:53:59,508 - INFO - fastread - 332, 1180
2019-02-05 09:53:59,508 - INFO - fastread - 335, 1190
2019-02-05 09:53:59,516 - INFO - fastread - 343, 1200
2019-02-05 09:53:59,520 - INFO - fastread - 343, 1210
2019-02-05 09:53:59,529 - INFO - fastread - 345, 1220
2019-02-05 09:53:59,539 - INFO - fastread - 349, 1230
2019-02-05 09:53:59,541 - INFO - fastread - 349, 1240
2019-02-05 09:53:59,549 - INFO - fastread - 349, 1250
2019-02-05 09:53:59,558 - INFO - fastread - 349, 1260
2019-02-05 09:53:59,560 - INFO - fastread - 349, 1270
2019-02-05 09:53:59,560 - INFO - fastread - 349, 1280
2019-02-05 09:53:59,569 - INFO - fastread - 352, 1290
2019-02-05 09:53:59,569 - INFO - fastread - 352, 1300
2019-02-05 09:53:59,580 - INFO - fastread - 353, 1310
2019-02-05 09:53:59,580 - INFO - fastread - 355, 1320
2019-02-05 09:53:59,589 - INFO - fastread - 357, 1330
2019-02-05 09:53:59,600 - INFO - fastread - 361, 1340
2019-02-05 09:53:59,602 - INFO - fastread - 361, 1350
2019-02-05 09:53:59,610 - INFO - fastread - 361, 1360
2019-02-05 09:53:59,620 - INFO - fastread - 361, 1370
2019-02-05 09:53:59,620 - INFO - fastread - 362, 1380
2019-02-05 09:53:59,628 - INFO - fastread - 362, 1390
2019-02-05 09:53:59,630 - INFO - fastread - 362, 1400
2019-02-05 09:53:59,630 - INFO - fastread - 362, 1410
2019-02-05 09:53:59,641 - INFO - fastread - 364, 1420
2019-02-05 09:53:59,653 - INFO - fastread - 364, 1430
2019-02-05 09:53:59,659 - INFO - fastread - 366, 1440
2019-02-05 09:53:59,661 - INFO - fastread - 366, 1450
2019-02-05 09:53:59,661 - INFO - fastread - 368, 1460
2019-02-05 09:53:59,671 - INFO - fastread - 371, 1470
2019-02-05 09:53:59,673 - INFO - fastread - 375, 1480
2019-02-05 09:53:59,679 - INFO - fastread - 377, 1490
2019-02-05 09:53:59,681 - INFO - fastread - 377, 1500
2019-02-05 09:53:59,681 - INFO - fastread - 379, 1510
2019-02-05 09:53:59,692 - INFO - fastread - 379, 1520
2019-02-05 09:53:59,699 - INFO - fastread - 380, 1530
2019-02-05 09:53:59,701 - INFO - fastread - 382, 1540
2019-02-05 09:53:59,714 - INFO - fastread - 382, 1550
2019-02-05 09:53:59,720 - INFO - fastread - 383, 1560
2019-02-05 09:53:59,722 - INFO - fastread - 385, 1570
2019-02-05 09:53:59,733 - INFO - fastread - 385, 1580
2019-02-05 09:53:59,742 - INFO - fastread - 386, 1590
2019-02-05 09:53:59,742 - INFO - fastread - 388, 1600
2019-02-05 09:53:59,753 - INFO - fastread - 388, 1610
2019-02-05 09:53:59,762 - INFO - fastread - 390, 1620
2019-02-05 09:53:59,762 - INFO - fastread - 392, 1630
2019-02-05 09:53:59,770 - INFO - fastread - 393, 1640
2019-02-05 09:53:59,773 - INFO - fastread - 393, 1650
2019-02-05 09:53:59,773 - INFO - fastread - 393, 1660
2019-02-05 09:53:59,782 - INFO - fastread - 395, 1670
2019-02-05 09:53:59,782 - INFO - fastread - 397, 1680
2019-02-05 09:53:59,791 - INFO - fastread - 399, 1690
2019-02-05 09:53:59,794 - INFO - fastread - 402, 1700
2019-02-05 09:53:59,803 - INFO - fastread - 404, 1710
2019-02-05 09:53:59,812 - INFO - fastread - 406, 1720
2019-02-05 09:53:59,813 - INFO - fastread - 406, 1730
2019-02-05 09:53:59,813 - INFO - fastread - 406, 1740
2019-02-05 09:53:59,823 - INFO - fastread - 406, 1750
2019-02-05 09:53:59,823 - INFO - fastread - 407, 1760
2019-02-05 09:53:59,833 - INFO - fastread - 408, 1770
2019-02-05 09:53:59,834 - INFO - fastread - 408, 1780
2019-02-05 09:53:59,843 - INFO - fastread - 409, 1790
2019-02-05 09:53:59,852 - INFO - fastread - 412, 1800
2019-02-05 09:53:59,854 - INFO - fastread - 412, 1810
2019-02-05 09:53:59,863 - INFO - fastread - 412, 1820
2019-02-05 09:53:59,873 - INFO - fastread - 412, 1830
2019-02-05 09:53:59,874 - INFO - fastread - 412, 1840
2019-02-05 09:53:59,884 - INFO - fastread - 413, 1850
2019-02-05 09:53:59,895 - INFO - fastread - 413, 1860
2019-02-05 09:53:59,902 - INFO - fastread - 414, 1870
2019-02-05 09:53:59,904 - INFO - fastread - 416, 1880
2019-02-05 09:53:59,915 - INFO - fastread - 416, 1890
2019-02-05 09:53:59,922 - INFO - fastread - 418, 1900
2019-02-05 09:53:59,924 - INFO - fastread - 419, 1910
2019-02-05 09:53:59,933 - INFO - fastread - 419, 1920
2019-02-05 09:53:59,943 - INFO - fastread - 419, 1930
2019-02-05 09:53:59,945 - INFO - fastread - 419, 1940
2019-02-05 09:53:59,956 - INFO - fastread - 422, 1950
2019-02-05 09:53:59,965 - INFO - fastread - 422, 1960
2019-02-05 09:53:59,975 - INFO - fastread - 423, 1970
2019-02-05 09:53:59,976 - INFO - fastread - 427, 1980
2019-02-05 09:53:59,983 - INFO - fastread - 428, 1990
2019-02-05 09:53:59,985 - INFO - fastread - 428, 2000
2019-02-05 09:53:59,995 - INFO - fastread - 428, 2010
2019-02-05 09:54:00,003 - INFO - fastread - 429, 2020
2019-02-05 09:54:00,005 - INFO - fastread - 429, 2030
2019-02-05 09:54:00,018 - INFO - fastread - 430, 2040
2019-02-05 09:54:00,026 - INFO - fastread - 430, 2050
2019-02-05 09:54:00,036 - INFO - fastread - 430, 2060
2019-02-05 09:54:00,036 - INFO - fastread - 430, 2070
2019-02-05 09:54:00,046 - INFO - fastread - 430, 2080
2019-02-05 09:54:00,046 - INFO - fastread - 431, 2090
2019-02-05 09:54:00,057 - INFO - fastread - 431, 2100
2019-02-05 09:54:00,057 - INFO - fastread - 431, 2110
2019-02-05 09:54:00,067 - INFO - fastread - 434, 2120
2019-02-05 09:54:00,067 - INFO - fastread - 435, 2130
2019-02-05 09:54:00,077 - INFO - fastread - 435, 2140
2019-02-05 09:54:00,085 - INFO - fastread - 437, 2150
2019-02-05 09:54:00,087 - INFO - fastread - 437, 2160
2019-02-05 09:54:00,098 - INFO - fastread - 437, 2170
2019-02-05 09:54:00,107 - INFO - fastread - 438, 2180
2019-02-05 09:54:00,115 - INFO - fastread - 438, 2190
2019-02-05 09:54:00,126 - INFO - fastread - 438, 2200
2019-02-05 09:54:00,128 - INFO - fastread - 438, 2210
2019-02-05 09:54:00,138 - INFO - fastread - 439, 2220
2019-02-05 09:54:00,148 - INFO - fastread - 441, 2230
2019-02-05 09:54:00,159 - INFO - fastread - 442, 2240
2019-02-05 09:54:00,159 - INFO - fastread - 443, 2250
2019-02-05 09:54:00,168 - INFO - fastread - 444, 2260
2019-02-05 09:54:00,168 - INFO - fastread - 445, 2270
2019-02-05 09:54:00,180 - INFO - fastread - 445, 2280
2019-02-05 09:54:00,189 - INFO - fastread - 445, 2290
2019-02-05 09:54:00,197 - INFO - fastread - 446, 2300
2019-02-05 09:54:00,199 - INFO - fastread - 448, 2310
2019-02-05 09:54:00,210 - INFO - fastread - 449, 2320
2019-02-05 09:54:00,227 - INFO - rig - ++++NEW CLF++++ KNN
2019-02-05 09:54:00,227 - INFO - fastread - Total Yes: 472 | Total No: 2496
2019-02-05 09:54:17,348 - INFO - fastread - 8, 10
2019-02-05 09:54:17,358 - INFO - fastread - 15, 20
2019-02-05 09:54:17,358 - INFO - fastread - 22, 30
2019-02-05 09:54:17,368 - INFO - fastread - 30, 40
2019-02-05 09:54:17,377 - INFO - fastread - 39, 50
2019-02-05 09:54:17,379 - INFO - fastread - 45, 60
2019-02-05 09:54:17,379 - INFO - fastread - 47, 70
2019-02-05 09:54:17,388 - INFO - fastread - 52, 80
2019-02-05 09:54:17,388 - INFO - fastread - 56, 90
2019-02-05 09:54:17,399 - INFO - fastread - 58, 100
2019-02-05 09:54:17,406 - INFO - fastread - 63, 110
2019-02-05 09:54:17,409 - INFO - fastread - 67, 120
2019-02-05 09:54:17,418 - INFO - fastread - 69, 130
2019-02-05 09:54:17,420 - INFO - fastread - 72, 140
2019-02-05 09:54:17,429 - INFO - fastread - 74, 150
2019-02-05 09:54:17,429 - INFO - fastread - 76, 160
2019-02-05 09:54:17,440 - INFO - fastread - 77, 170
2019-02-05 09:54:17,440 - INFO - fastread - 77, 180
2019-02-05 09:54:17,449 - INFO - fastread - 78, 190
2019-02-05 09:54:17,457 - INFO - fastread - 78, 200
2019-02-05 09:54:17,463 - INFO - fastread - 80, 210
2019-02-05 09:54:17,469 - INFO - fastread - 81, 220
2019-02-05 09:54:17,469 - INFO - fastread - 82, 230
2019-02-05 09:54:17,481 - INFO - fastread - 87, 240
2019-02-05 09:54:17,481 - INFO - fastread - 87, 250
2019-02-05 09:54:17,488 - INFO - fastread - 88, 260
2019-02-05 09:54:17,490 - INFO - fastread - 93, 270
2019-02-05 09:54:17,490 - INFO - fastread - 93, 280
2019-02-05 09:54:17,499 - INFO - fastread - 98, 290
2019-02-05 09:54:17,501 - INFO - fastread - 101, 300
2019-02-05 09:54:17,510 - INFO - fastread - 102, 310
2019-02-05 09:54:17,510 - INFO - fastread - 102, 320
2019-02-05 09:54:17,521 - INFO - fastread - 102, 330
2019-02-05 09:54:17,528 - INFO - fastread - 103, 340
2019-02-05 09:54:17,530 - INFO - fastread - 103, 350
2019-02-05 09:54:17,540 - INFO - fastread - 104, 360
2019-02-05 09:54:17,541 - INFO - fastread - 105, 370
2019-02-05 09:54:17,550 - INFO - fastread - 105, 380
2019-02-05 09:54:17,550 - INFO - fastread - 106, 390
2019-02-05 09:54:17,563 - INFO - fastread - 109, 400
2019-02-05 09:54:17,569 - INFO - fastread - 110, 410
2019-02-05 09:54:17,572 - INFO - fastread - 111, 420
2019-02-05 09:54:17,580 - INFO - fastread - 113, 430
2019-02-05 09:54:17,582 - INFO - fastread - 113, 440
2019-02-05 09:54:17,591 - INFO - fastread - 113, 450
2019-02-05 09:54:17,591 - INFO - fastread - 113, 460
2019-02-05 09:54:17,602 - INFO - fastread - 116, 470
2019-02-05 09:54:17,602 - INFO - fastread - 116, 480
2019-02-05 09:54:17,612 - INFO - fastread - 120, 490
2019-02-05 09:54:17,612 - INFO - fastread - 122, 500
2019-02-05 09:54:17,623 - INFO - fastread - 122, 510
2019-02-05 09:54:17,623 - INFO - fastread - 122, 520
2019-02-05 09:54:17,632 - INFO - fastread - 125, 530
2019-02-05 09:54:17,632 - INFO - fastread - 127, 540
2019-02-05 09:54:17,632 - INFO - fastread - 130, 550
2019-02-05 09:54:17,643 - INFO - fastread - 132, 560
2019-02-05 09:54:17,643 - INFO - fastread - 135, 570
2019-02-05 09:54:17,652 - INFO - fastread - 137, 580
2019-02-05 09:54:17,652 - INFO - fastread - 137, 590
2019-02-05 09:54:17,663 - INFO - fastread - 139, 600
2019-02-05 09:54:17,663 - INFO - fastread - 141, 610
2019-02-05 09:54:17,672 - INFO - fastread - 142, 620
2019-02-05 09:54:17,672 - INFO - fastread - 143, 630
2019-02-05 09:54:17,684 - INFO - fastread - 143, 640
2019-02-05 09:54:17,690 - INFO - fastread - 144, 650
2019-02-05 09:54:17,692 - INFO - fastread - 148, 660
2019-02-05 09:54:17,700 - INFO - fastread - 150, 670
2019-02-05 09:54:17,703 - INFO - fastread - 151, 680
2019-02-05 09:54:17,703 - INFO - fastread - 153, 690
2019-02-05 09:54:17,713 - INFO - fastread - 155, 700
2019-02-05 09:54:17,713 - INFO - fastread - 157, 710
2019-02-05 09:54:17,724 - INFO - fastread - 157, 720
2019-02-05 09:54:17,724 - INFO - fastread - 159, 730
2019-02-05 09:54:17,733 - INFO - fastread - 161, 740
2019-02-05 09:54:17,741 - INFO - fastread - 163, 750
2019-02-05 09:54:17,744 - INFO - fastread - 164, 760
2019-02-05 09:54:17,744 - INFO - fastread - 165, 770
2019-02-05 09:54:17,744 - INFO - fastread - 166, 780
2019-02-05 09:54:17,753 - INFO - fastread - 167, 790
2019-02-05 09:54:17,753 - INFO - fastread - 167, 800
2019-02-05 09:54:17,753 - INFO - fastread - 169, 810
2019-02-05 09:54:17,764 - INFO - fastread - 172, 820
2019-02-05 09:54:17,764 - INFO - fastread - 172, 830
2019-02-05 09:54:17,764 - INFO - fastread - 175, 840
2019-02-05 09:54:17,771 - INFO - fastread - 176, 850
2019-02-05 09:54:17,773 - INFO - fastread - 177, 860
2019-02-05 09:54:17,773 - INFO - fastread - 177, 870
2019-02-05 09:54:17,784 - INFO - fastread - 180, 880
2019-02-05 09:54:17,784 - INFO - fastread - 180, 890
2019-02-05 09:54:17,794 - INFO - fastread - 181, 900
2019-02-05 09:54:17,794 - INFO - fastread - 182, 910
2019-02-05 09:54:17,804 - INFO - fastread - 182, 920
2019-02-05 09:54:17,804 - INFO - fastread - 182, 930
2019-02-05 09:54:17,812 - INFO - fastread - 183, 940
2019-02-05 09:54:17,814 - INFO - fastread - 184, 950
2019-02-05 09:54:17,824 - INFO - fastread - 187, 960
2019-02-05 09:54:17,824 - INFO - fastread - 187, 970
2019-02-05 09:54:17,834 - INFO - fastread - 188, 980
2019-02-05 09:54:17,834 - INFO - fastread - 189, 990
2019-02-05 09:54:17,845 - INFO - fastread - 190, 1000
2019-02-05 09:54:17,845 - INFO - fastread - 190, 1010
2019-02-05 09:54:17,854 - INFO - fastread - 192, 1020
2019-02-05 09:54:17,862 - INFO - fastread - 195, 1030
2019-02-05 09:54:17,865 - INFO - fastread - 195, 1040
2019-02-05 09:54:17,873 - INFO - fastread - 197, 1050
2019-02-05 09:54:17,875 - INFO - fastread - 200, 1060
2019-02-05 09:54:17,884 - INFO - fastread - 202, 1070
2019-02-05 09:54:17,886 - INFO - fastread - 203, 1080
2019-02-05 09:54:17,893 - INFO - fastread - 205, 1090
2019-02-05 09:54:17,895 - INFO - fastread - 205, 1100
2019-02-05 09:54:17,905 - INFO - fastread - 207, 1110
2019-02-05 09:54:17,906 - INFO - fastread - 207, 1120
2019-02-05 09:54:17,915 - INFO - fastread - 207, 1130
2019-02-05 09:54:17,915 - INFO - fastread - 209, 1140
2019-02-05 09:54:17,926 - INFO - fastread - 212, 1150
2019-02-05 09:54:17,927 - INFO - fastread - 213, 1160
2019-02-05 09:54:17,935 - INFO - fastread - 215, 1170
2019-02-05 09:54:17,935 - INFO - fastread - 216, 1180
2019-02-05 09:54:17,947 - INFO - fastread - 217, 1190
2019-02-05 09:54:17,954 - INFO - fastread - 221, 1200
2019-02-05 09:54:17,956 - INFO - fastread - 222, 1210
2019-02-05 09:54:17,967 - INFO - fastread - 225, 1220
2019-02-05 09:54:17,967 - INFO - fastread - 228, 1230
2019-02-05 09:54:17,976 - INFO - fastread - 229, 1240
2019-02-05 09:54:17,976 - INFO - fastread - 230, 1250
2019-02-05 09:54:17,986 - INFO - fastread - 231, 1260
2019-02-05 09:54:17,986 - INFO - fastread - 233, 1270
2019-02-05 09:54:17,986 - INFO - fastread - 236, 1280
2019-02-05 09:54:17,996 - INFO - fastread - 238, 1290
2019-02-05 09:54:17,996 - INFO - fastread - 241, 1300
2019-02-05 09:54:17,996 - INFO - fastread - 243, 1310
2019-02-05 09:54:18,007 - INFO - fastread - 245, 1320
2019-02-05 09:54:18,015 - INFO - fastread - 245, 1330
2019-02-05 09:54:18,017 - INFO - fastread - 245, 1340
2019-02-05 09:54:18,025 - INFO - fastread - 246, 1350
2019-02-05 09:54:18,029 - INFO - fastread - 248, 1360
2019-02-05 09:54:18,035 - INFO - fastread - 250, 1370
2019-02-05 09:54:18,037 - INFO - fastread - 251, 1380
2019-02-05 09:54:18,046 - INFO - fastread - 252, 1390
2019-02-05 09:54:18,048 - INFO - fastread - 252, 1400
2019-02-05 09:54:18,055 - INFO - fastread - 252, 1410
2019-02-05 09:54:18,057 - INFO - fastread - 256, 1420
2019-02-05 09:54:18,068 - INFO - fastread - 260, 1430
2019-02-05 09:54:18,068 - INFO - fastread - 263, 1440
2019-02-05 09:54:18,077 - INFO - fastread - 265, 1450
2019-02-05 09:54:18,085 - INFO - fastread - 265, 1460
2019-02-05 09:54:18,089 - INFO - fastread - 267, 1470
2019-02-05 09:54:18,098 - INFO - fastread - 269, 1480
2019-02-05 09:54:18,098 - INFO - fastread - 270, 1490
2019-02-05 09:54:18,108 - INFO - fastread - 274, 1500
2019-02-05 09:54:18,108 - INFO - fastread - 274, 1510
2019-02-05 09:54:18,108 - INFO - fastread - 276, 1520
2019-02-05 09:54:18,118 - INFO - fastread - 276, 1530
2019-02-05 09:54:18,118 - INFO - fastread - 278, 1540
2019-02-05 09:54:18,118 - INFO - fastread - 282, 1550
2019-02-05 09:54:18,129 - INFO - fastread - 284, 1560
2019-02-05 09:54:18,133 - INFO - fastread - 286, 1570
2019-02-05 09:54:18,138 - INFO - fastread - 286, 1580
2019-02-05 09:54:18,138 - INFO - fastread - 286, 1590
2019-02-05 09:54:18,150 - INFO - fastread - 286, 1600
2019-02-05 09:54:18,150 - INFO - fastread - 288, 1610
2019-02-05 09:54:18,157 - INFO - fastread - 288, 1620
2019-02-05 09:54:18,159 - INFO - fastread - 289, 1630
2019-02-05 09:54:18,159 - INFO - fastread - 290, 1640
2019-02-05 09:54:18,167 - INFO - fastread - 290, 1650
2019-02-05 09:54:18,170 - INFO - fastread - 291, 1660
2019-02-05 09:54:18,177 - INFO - fastread - 291, 1670
2019-02-05 09:54:18,179 - INFO - fastread - 292, 1680
2019-02-05 09:54:18,188 - INFO - fastread - 294, 1690
2019-02-05 09:54:18,190 - INFO - fastread - 294, 1700
2019-02-05 09:54:18,190 - INFO - fastread - 295, 1710
2019-02-05 09:54:18,197 - INFO - fastread - 296, 1720
2019-02-05 09:54:18,199 - INFO - fastread - 298, 1730
2019-02-05 09:54:18,199 - INFO - fastread - 300, 1740
2019-02-05 09:54:18,207 - INFO - fastread - 300, 1750
2019-02-05 09:54:18,210 - INFO - fastread - 302, 1760
2019-02-05 09:54:18,217 - INFO - fastread - 302, 1770
2019-02-05 09:54:18,220 - INFO - fastread - 303, 1780
2019-02-05 09:54:18,230 - INFO - fastread - 303, 1790
2019-02-05 09:54:18,231 - INFO - fastread - 305, 1800
2019-02-05 09:54:18,240 - INFO - fastread - 306, 1810
2019-02-05 09:54:18,240 - INFO - fastread - 308, 1820
2019-02-05 09:54:18,250 - INFO - fastread - 310, 1830
2019-02-05 09:54:18,252 - INFO - fastread - 314, 1840
2019-02-05 09:54:18,252 - INFO - fastread - 316, 1850
2019-02-05 09:54:18,260 - INFO - fastread - 319, 1860
2019-02-05 09:54:18,260 - INFO - fastread - 321, 1870
2019-02-05 09:54:18,260 - INFO - fastread - 322, 1880
2019-02-05 09:54:18,271 - INFO - fastread - 323, 1890
2019-02-05 09:54:18,278 - INFO - fastread - 323, 1900
2019-02-05 09:54:18,280 - INFO - fastread - 325, 1910
2019-02-05 09:54:18,290 - INFO - fastread - 329, 1920
2019-02-05 09:54:18,292 - INFO - fastread - 330, 1930
2019-02-05 09:54:18,292 - INFO - fastread - 332, 1940
2019-02-05 09:54:18,301 - INFO - fastread - 332, 1950
2019-02-05 09:54:18,301 - INFO - fastread - 334, 1960
2019-02-05 09:54:18,301 - INFO - fastread - 336, 1970
2019-02-05 09:54:18,311 - INFO - fastread - 336, 1980
2019-02-05 09:54:18,311 - INFO - fastread - 337, 1990
2019-02-05 09:54:18,319 - INFO - fastread - 337, 2000
2019-02-05 09:54:18,321 - INFO - fastread - 339, 2010
2019-02-05 09:54:18,321 - INFO - fastread - 341, 2020
2019-02-05 09:54:18,321 - INFO - fastread - 343, 2030
2019-02-05 09:54:18,332 - INFO - fastread - 347, 2040
2019-02-05 09:54:18,332 - INFO - fastread - 347, 2050
2019-02-05 09:54:18,332 - INFO - fastread - 350, 2060
2019-02-05 09:54:18,341 - INFO - fastread - 353, 2070
2019-02-05 09:54:18,341 - INFO - fastread - 356, 2080
2019-02-05 09:54:18,341 - INFO - fastread - 357, 2090
2019-02-05 09:54:18,352 - INFO - fastread - 357, 2100
2019-02-05 09:54:18,352 - INFO - fastread - 358, 2110
2019-02-05 09:54:18,359 - INFO - fastread - 359, 2120
2019-02-05 09:54:18,361 - INFO - fastread - 362, 2130
2019-02-05 09:54:18,361 - INFO - fastread - 364, 2140
2019-02-05 09:54:18,372 - INFO - fastread - 365, 2150
2019-02-05 09:54:18,372 - INFO - fastread - 365, 2160
2019-02-05 09:54:18,372 - INFO - fastread - 367, 2170
2019-02-05 09:54:18,382 - INFO - fastread - 368, 2180
2019-02-05 09:54:18,382 - INFO - fastread - 369, 2190
2019-02-05 09:54:18,382 - INFO - fastread - 372, 2200
2019-02-05 09:54:18,392 - INFO - fastread - 372, 2210
2019-02-05 09:54:18,392 - INFO - fastread - 375, 2220
2019-02-05 09:54:18,392 - INFO - fastread - 377, 2230
2019-02-05 09:54:18,402 - INFO - fastread - 380, 2240
2019-02-05 09:54:18,402 - INFO - fastread - 380, 2250
2019-02-05 09:54:18,402 - INFO - fastread - 381, 2260
2019-02-05 09:54:18,413 - INFO - fastread - 383, 2270
2019-02-05 09:54:18,413 - INFO - fastread - 385, 2280
2019-02-05 09:54:18,422 - INFO - fastread - 387, 2290
2019-02-05 09:54:18,422 - INFO - fastread - 388, 2300
2019-02-05 09:54:18,433 - INFO - fastread - 388, 2310
2019-02-05 09:54:18,440 - INFO - fastread - 390, 2320
2019-02-05 09:54:18,442 - INFO - fastread - 391, 2330
2019-02-05 09:54:18,451 - INFO - fastread - 392, 2340
2019-02-05 09:54:18,453 - INFO - fastread - 395, 2350
2019-02-05 09:54:18,453 - INFO - fastread - 396, 2360
2019-02-05 09:54:18,461 - INFO - fastread - 397, 2370
2019-02-05 09:54:18,463 - INFO - fastread - 398, 2380
2019-02-05 09:54:18,463 - INFO - fastread - 399, 2390
2019-02-05 09:54:18,472 - INFO - fastread - 399, 2400
2019-02-05 09:54:18,474 - INFO - fastread - 401, 2410
2019-02-05 09:54:18,483 - INFO - fastread - 403, 2420
2019-02-05 09:54:18,483 - INFO - fastread - 404, 2430
2019-02-05 09:54:18,494 - INFO - fastread - 408, 2440
2019-02-05 09:54:18,501 - INFO - fastread - 408, 2450
2019-02-05 09:54:18,503 - INFO - fastread - 410, 2460
2019-02-05 09:54:18,512 - INFO - fastread - 410, 2470
2019-02-05 09:54:18,514 - INFO - fastread - 410, 2480
2019-02-05 09:54:18,523 - INFO - fastread - 412, 2490
2019-02-05 09:54:18,523 - INFO - fastread - 413, 2500
2019-02-05 09:54:18,534 - INFO - fastread - 414, 2510
2019-02-05 09:54:18,534 - INFO - fastread - 417, 2520
2019-02-05 09:54:18,544 - INFO - fastread - 419, 2530
2019-02-05 09:54:18,552 - INFO - fastread - 419, 2540
2019-02-05 09:54:18,555 - INFO - fastread - 419, 2550
2019-02-05 09:54:18,562 - INFO - fastread - 419, 2560
2019-02-05 09:54:18,564 - INFO - fastread - 421, 2570
2019-02-05 09:54:18,575 - INFO - fastread - 422, 2580
2019-02-05 09:54:18,575 - INFO - fastread - 424, 2590
2019-02-05 09:54:18,584 - INFO - fastread - 425, 2600
2019-02-05 09:54:18,584 - INFO - fastread - 427, 2610
2019-02-05 09:54:18,596 - INFO - fastread - 428, 2620
2019-02-05 09:54:18,596 - INFO - fastread - 428, 2630
2019-02-05 09:54:18,602 - INFO - fastread - 429, 2640
2019-02-05 09:54:18,604 - INFO - fastread - 430, 2650
2019-02-05 09:54:18,604 - INFO - fastread - 430, 2660
2019-02-05 09:54:18,614 - INFO - fastread - 430, 2670
2019-02-05 09:54:18,616 - INFO - fastread - 430, 2680
2019-02-05 09:54:18,616 - INFO - fastread - 432, 2690
2019-02-05 09:54:18,623 - INFO - fastread - 435, 2700
2019-02-05 09:54:18,625 - INFO - fastread - 437, 2710
2019-02-05 09:54:18,625 - INFO - fastread - 439, 2720
2019-02-05 09:54:18,635 - INFO - fastread - 440, 2730
2019-02-05 09:54:18,636 - INFO - fastread - 441, 2740
2019-02-05 09:54:18,636 - INFO - fastread - 443, 2750
2019-02-05 09:54:18,643 - INFO - fastread - 447, 2760
2019-02-05 09:54:18,645 - INFO - fastread - 449, 2770
2019-02-05 09:54:18,663 - INFO - rig - ++++NEW CLF++++ DT
2019-02-05 09:54:18,663 - INFO - fastread - Total Yes: 472 | Total No: 2496
2019-02-05 09:54:34,895 - INFO - fastread - 10, 10
2019-02-05 09:54:34,897 - INFO - fastread - 20, 20
2019-02-05 09:54:34,906 - INFO - fastread - 30, 30
2019-02-05 09:54:34,910 - INFO - fastread - 38, 40
2019-02-05 09:54:34,910 - INFO - fastread - 45, 50
2019-02-05 09:54:34,916 - INFO - fastread - 54, 60
2019-02-05 09:54:34,918 - INFO - fastread - 62, 70
2019-02-05 09:54:34,918 - INFO - fastread - 70, 80
2019-02-05 09:54:34,918 - INFO - fastread - 76, 90
2019-02-05 09:54:34,927 - INFO - fastread - 85, 100
2019-02-05 09:54:34,929 - INFO - fastread - 93, 110
2019-02-05 09:54:34,929 - INFO - fastread - 101, 120
2019-02-05 09:54:34,936 - INFO - fastread - 111, 130
2019-02-05 09:54:34,938 - INFO - fastread - 120, 140
2019-02-05 09:54:34,938 - INFO - fastread - 129, 150
2019-02-05 09:54:34,938 - INFO - fastread - 139, 160
2019-02-05 09:54:34,949 - INFO - fastread - 149, 170
2019-02-05 09:54:34,949 - INFO - fastread - 159, 180
2019-02-05 09:54:34,958 - INFO - fastread - 165, 190
2019-02-05 09:54:34,958 - INFO - fastread - 174, 200
2019-02-05 09:54:34,969 - INFO - fastread - 183, 210
2019-02-05 09:54:34,969 - INFO - fastread - 192, 220
2019-02-05 09:54:34,979 - INFO - fastread - 202, 230
2019-02-05 09:54:34,979 - INFO - fastread - 212, 240
2019-02-05 09:54:34,989 - INFO - fastread - 219, 250
2019-02-05 09:54:34,990 - INFO - fastread - 228, 260
2019-02-05 09:54:34,990 - INFO - fastread - 237, 270
2019-02-05 09:54:34,997 - INFO - fastread - 247, 280
2019-02-05 09:54:34,999 - INFO - fastread - 257, 290
2019-02-05 09:54:34,999 - INFO - fastread - 267, 300
2019-02-05 09:54:35,008 - INFO - fastread - 276, 310
2019-02-05 09:54:35,009 - INFO - fastread - 285, 320
2019-02-05 09:54:35,009 - INFO - fastread - 292, 330
2019-02-05 09:54:35,017 - INFO - fastread - 301, 340
2019-02-05 09:54:35,019 - INFO - fastread - 311, 350
2019-02-05 09:54:35,019 - INFO - fastread - 319, 360
2019-02-05 09:54:35,028 - INFO - fastread - 329, 370
2019-02-05 09:54:35,030 - INFO - fastread - 338, 380
2019-02-05 09:54:35,030 - INFO - fastread - 347, 390
2019-02-05 09:54:35,037 - INFO - fastread - 351, 400
2019-02-05 09:54:35,039 - INFO - fastread - 351, 410
2019-02-05 09:54:35,039 - INFO - fastread - 351, 420
2019-02-05 09:54:35,039 - INFO - fastread - 352, 430
2019-02-05 09:54:35,050 - INFO - fastread - 352, 440
2019-02-05 09:54:35,050 - INFO - fastread - 352, 450
2019-02-05 09:54:35,050 - INFO - fastread - 352, 460
2019-02-05 09:54:35,059 - INFO - fastread - 353, 470
2019-02-05 09:54:35,059 - INFO - fastread - 353, 480
2019-02-05 09:54:35,059 - INFO - fastread - 354, 490
2019-02-05 09:54:35,068 - INFO - fastread - 356, 500
2019-02-05 09:54:35,071 - INFO - fastread - 356, 510
2019-02-05 09:54:35,080 - INFO - fastread - 357, 520
2019-02-05 09:54:35,080 - INFO - fastread - 357, 530
2019-02-05 09:54:35,090 - INFO - fastread - 358, 540
2019-02-05 09:54:35,090 - INFO - fastread - 360, 550
2019-02-05 09:54:35,090 - INFO - fastread - 361, 560
2019-02-05 09:54:35,098 - INFO - fastread - 362, 570
2019-02-05 09:54:35,100 - INFO - fastread - 363, 580
2019-02-05 09:54:35,100 - INFO - fastread - 365, 590
2019-02-05 09:54:35,110 - INFO - fastread - 366, 600
2019-02-05 09:54:35,112 - INFO - fastread - 367, 610
2019-02-05 09:54:35,118 - INFO - fastread - 369, 620
2019-02-05 09:54:35,121 - INFO - fastread - 369, 630
2019-02-05 09:54:35,121 - INFO - fastread - 369, 640
2019-02-05 09:54:35,130 - INFO - fastread - 369, 650
2019-02-05 09:54:35,131 - INFO - fastread - 370, 660
2019-02-05 09:54:35,140 - INFO - fastread - 370, 670
2019-02-05 09:54:35,140 - INFO - fastread - 371, 680
2019-02-05 09:54:35,151 - INFO - fastread - 371, 690
2019-02-05 09:54:35,151 - INFO - fastread - 371, 700
2019-02-05 09:54:35,151 - INFO - fastread - 371, 710
2019-02-05 09:54:35,160 - INFO - fastread - 371, 720
2019-02-05 09:54:35,160 - INFO - fastread - 371, 730
2019-02-05 09:54:35,160 - INFO - fastread - 371, 740
2019-02-05 09:54:35,172 - INFO - fastread - 371, 750
2019-02-05 09:54:35,172 - INFO - fastread - 372, 760
2019-02-05 09:54:35,181 - INFO - fastread - 372, 770
2019-02-05 09:54:35,181 - INFO - fastread - 373, 780
2019-02-05 09:54:35,192 - INFO - fastread - 373, 790
2019-02-05 09:54:35,192 - INFO - fastread - 374, 800
2019-02-05 09:54:35,192 - INFO - fastread - 374, 810
2019-02-05 09:54:35,201 - INFO - fastread - 374, 820
2019-02-05 09:54:35,201 - INFO - fastread - 374, 830
2019-02-05 09:54:35,201 - INFO - fastread - 374, 840
2019-02-05 09:54:35,212 - INFO - fastread - 375, 850
2019-02-05 09:54:35,212 - INFO - fastread - 375, 860
2019-02-05 09:54:35,221 - INFO - fastread - 375, 870
2019-02-05 09:54:35,221 - INFO - fastread - 376, 880
2019-02-05 09:54:35,233 - INFO - fastread - 377, 890
2019-02-05 09:54:35,240 - INFO - fastread - 379, 900
2019-02-05 09:54:35,242 - INFO - fastread - 380, 910
2019-02-05 09:54:35,250 - INFO - fastread - 380, 920
2019-02-05 09:54:35,254 - INFO - fastread - 380, 930
2019-02-05 09:54:35,254 - INFO - fastread - 380, 940
2019-02-05 09:54:35,260 - INFO - fastread - 380, 950
2019-02-05 09:54:35,262 - INFO - fastread - 380, 960
2019-02-05 09:54:35,262 - INFO - fastread - 380, 970
2019-02-05 09:54:35,271 - INFO - fastread - 381, 980
2019-02-05 09:54:35,273 - INFO - fastread - 381, 990
2019-02-05 09:54:35,273 - INFO - fastread - 381, 1000
2019-02-05 09:54:35,280 - INFO - fastread - 381, 1010
2019-02-05 09:54:35,282 - INFO - fastread - 381, 1020
2019-02-05 09:54:35,282 - INFO - fastread - 381, 1030
2019-02-05 09:54:35,292 - INFO - fastread - 381, 1040
2019-02-05 09:54:35,293 - INFO - fastread - 381, 1050
2019-02-05 09:54:35,303 - INFO - fastread - 382, 1060
2019-02-05 09:54:35,303 - INFO - fastread - 383, 1070
2019-02-05 09:54:35,314 - INFO - fastread - 383, 1080
2019-02-05 09:54:35,319 - INFO - fastread - 384, 1090
2019-02-05 09:54:35,324 - INFO - fastread - 384, 1100
2019-02-05 09:54:35,333 - INFO - fastread - 385, 1110
2019-02-05 09:54:35,336 - INFO - fastread - 385, 1120
2019-02-05 09:54:35,342 - INFO - fastread - 385, 1130
2019-02-05 09:54:35,344 - INFO - fastread - 385, 1140
2019-02-05 09:54:35,353 - INFO - fastread - 386, 1150
2019-02-05 09:54:35,353 - INFO - fastread - 388, 1160
2019-02-05 09:54:35,364 - INFO - fastread - 388, 1170
2019-02-05 09:54:35,364 - INFO - fastread - 388, 1180
2019-02-05 09:54:35,374 - INFO - fastread - 388, 1190
2019-02-05 09:54:35,374 - INFO - fastread - 388, 1200
2019-02-05 09:54:35,384 - INFO - fastread - 388, 1210
2019-02-05 09:54:35,384 - INFO - fastread - 389, 1220
2019-02-05 09:54:35,384 - INFO - fastread - 389, 1230
2019-02-05 09:54:35,393 - INFO - fastread - 389, 1240
2019-02-05 09:54:35,395 - INFO - fastread - 389, 1250
2019-02-05 09:54:35,395 - INFO - fastread - 389, 1260
2019-02-05 09:54:35,403 - INFO - fastread - 390, 1270
2019-02-05 09:54:35,404 - INFO - fastread - 391, 1280
2019-02-05 09:54:35,413 - INFO - fastread - 392, 1290
2019-02-05 09:54:35,413 - INFO - fastread - 394, 1300
2019-02-05 09:54:35,425 - INFO - fastread - 394, 1310
2019-02-05 09:54:35,425 - INFO - fastread - 394, 1320
2019-02-05 09:54:35,434 - INFO - fastread - 394, 1330
2019-02-05 09:54:35,434 - INFO - fastread - 396, 1340
2019-02-05 09:54:35,443 - INFO - fastread - 398, 1350
2019-02-05 09:54:35,445 - INFO - fastread - 398, 1360
2019-02-05 09:54:35,445 - INFO - fastread - 398, 1370
2019-02-05 09:54:35,452 - INFO - fastread - 398, 1380
2019-02-05 09:54:35,454 - INFO - fastread - 399, 1390
2019-02-05 09:54:35,454 - INFO - fastread - 399, 1400
2019-02-05 09:54:35,454 - INFO - fastread - 399, 1410
2019-02-05 09:54:35,464 - INFO - fastread - 399, 1420
2019-02-05 09:54:35,464 - INFO - fastread - 399, 1430
2019-02-05 09:54:35,474 - INFO - fastread - 399, 1440
2019-02-05 09:54:35,474 - INFO - fastread - 399, 1450
2019-02-05 09:54:35,485 - INFO - fastread - 399, 1460
2019-02-05 09:54:35,485 - INFO - fastread - 399, 1470
2019-02-05 09:54:35,485 - INFO - fastread - 400, 1480
2019-02-05 09:54:35,494 - INFO - fastread - 400, 1490
2019-02-05 09:54:35,494 - INFO - fastread - 401, 1500
2019-02-05 09:54:35,494 - INFO - fastread - 402, 1510
2019-02-05 09:54:35,505 - INFO - fastread - 402, 1520
2019-02-05 09:54:35,505 - INFO - fastread - 404, 1530
2019-02-05 09:54:35,514 - INFO - fastread - 406, 1540
2019-02-05 09:54:35,514 - INFO - fastread - 408, 1550
2019-02-05 09:54:35,525 - INFO - fastread - 409, 1560
2019-02-05 09:54:35,525 - INFO - fastread - 411, 1570
2019-02-05 09:54:35,534 - INFO - fastread - 412, 1580
2019-02-05 09:54:35,534 - INFO - fastread - 414, 1590
2019-02-05 09:54:35,547 - INFO - fastread - 414, 1600
2019-02-05 09:54:35,553 - INFO - fastread - 414, 1610
2019-02-05 09:54:35,555 - INFO - fastread - 415, 1620
2019-02-05 09:54:35,563 - INFO - fastread - 415, 1630
2019-02-05 09:54:35,566 - INFO - fastread - 415, 1640
2019-02-05 09:54:35,573 - INFO - fastread - 416, 1650
2019-02-05 09:54:35,577 - INFO - fastread - 416, 1660
2019-02-05 09:54:35,583 - INFO - fastread - 416, 1670
2019-02-05 09:54:35,586 - INFO - fastread - 416, 1680
2019-02-05 09:54:35,586 - INFO - fastread - 417, 1690
2019-02-05 09:54:35,595 - INFO - fastread - 417, 1700
2019-02-05 09:54:35,595 - INFO - fastread - 417, 1710
2019-02-05 09:54:35,607 - INFO - fastread - 417, 1720
2019-02-05 09:54:35,610 - INFO - fastread - 418, 1730
2019-02-05 09:54:35,613 - INFO - fastread - 420, 1740
2019-02-05 09:54:35,615 - INFO - fastread - 421, 1750
2019-02-05 09:54:35,615 - INFO - fastread - 421, 1760
2019-02-05 09:54:35,623 - INFO - fastread - 421, 1770
2019-02-05 09:54:35,626 - INFO - fastread - 421, 1780
2019-02-05 09:54:35,626 - INFO - fastread - 421, 1790
2019-02-05 09:54:35,633 - INFO - fastread - 421, 1800
2019-02-05 09:54:35,635 - INFO - fastread - 422, 1810
2019-02-05 09:54:35,635 - INFO - fastread - 423, 1820
2019-02-05 09:54:35,635 - INFO - fastread - 423, 1830
2019-02-05 09:54:35,646 - INFO - fastread - 425, 1840
2019-02-05 09:54:35,646 - INFO - fastread - 426, 1850
2019-02-05 09:54:35,656 - INFO - fastread - 426, 1860
2019-02-05 09:54:35,656 - INFO - fastread - 427, 1870
2019-02-05 09:54:35,666 - INFO - fastread - 427, 1880
2019-02-05 09:54:35,666 - INFO - fastread - 428, 1890
2019-02-05 09:54:35,676 - INFO - fastread - 428, 1900
2019-02-05 09:54:35,676 - INFO - fastread - 428, 1910
2019-02-05 09:54:35,686 - INFO - fastread - 429, 1920
2019-02-05 09:54:35,686 - INFO - fastread - 430, 1930
2019-02-05 09:54:35,696 - INFO - fastread - 430, 1940
2019-02-05 09:54:35,696 - INFO - fastread - 431, 1950
2019-02-05 09:54:35,707 - INFO - fastread - 431, 1960
2019-02-05 09:54:35,707 - INFO - fastread - 431, 1970
2019-02-05 09:54:35,716 - INFO - fastread - 431, 1980
2019-02-05 09:54:35,716 - INFO - fastread - 431, 1990
2019-02-05 09:54:35,726 - INFO - fastread - 433, 2000
2019-02-05 09:54:35,727 - INFO - fastread - 435, 2010
2019-02-05 09:54:35,727 - INFO - fastread - 435, 2020
2019-02-05 09:54:35,734 - INFO - fastread - 435, 2030
2019-02-05 09:54:35,736 - INFO - fastread - 436, 2040
2019-02-05 09:54:35,736 - INFO - fastread - 436, 2050
2019-02-05 09:54:35,745 - INFO - fastread - 436, 2060
2019-02-05 09:54:35,748 - INFO - fastread - 436, 2070
2019-02-05 09:54:35,757 - INFO - fastread - 437, 2080
2019-02-05 09:54:35,757 - INFO - fastread - 437, 2090
2019-02-05 09:54:35,767 - INFO - fastread - 437, 2100
2019-02-05 09:54:35,768 - INFO - fastread - 437, 2110
2019-02-05 09:54:35,777 - INFO - fastread - 437, 2120
2019-02-05 09:54:35,777 - INFO - fastread - 438, 2130
2019-02-05 09:54:35,786 - INFO - fastread - 440, 2140
2019-02-05 09:54:35,788 - INFO - fastread - 441, 2150
2019-02-05 09:54:35,788 - INFO - fastread - 441, 2160
2019-02-05 09:54:35,795 - INFO - fastread - 441, 2170
2019-02-05 09:54:35,797 - INFO - fastread - 443, 2180
2019-02-05 09:54:35,797 - INFO - fastread - 443, 2190
2019-02-05 09:54:35,797 - INFO - fastread - 444, 2200
2019-02-05 09:54:35,807 - INFO - fastread - 444, 2210
2019-02-05 09:54:35,808 - INFO - fastread - 445, 2220
2019-02-05 09:54:35,808 - INFO - fastread - 445, 2230
2019-02-05 09:54:35,815 - INFO - fastread - 445, 2240
2019-02-05 09:54:35,817 - INFO - fastread - 446, 2250
2019-02-05 09:54:35,817 - INFO - fastread - 446, 2260
2019-02-05 09:54:35,817 - INFO - fastread - 448, 2270
2019-02-05 09:54:35,828 - INFO - fastread - 448, 2280
2019-02-05 09:54:35,828 - INFO - fastread - 448, 2290
2019-02-05 09:54:35,837 - INFO - fastread - 448, 2300
2019-02-05 09:54:35,837 - INFO - fastread - 449, 2310
2019-02-05 09:54:35,849 - INFO - rig - ++++NEW CLF++++ SVM
2019-02-05 09:54:35,849 - INFO - fastread - Total Yes: 472 | Total No: 2496
2019-02-05 10:03:09,237 - INFO - fastread - 3, 10
2019-02-05 10:03:09,251 - INFO - fastread - 10, 20
2019-02-05 10:03:09,253 - INFO - fastread - 19, 30
2019-02-05 10:03:09,263 - INFO - fastread - 28, 40
2019-02-05 10:03:09,266 - INFO - fastread - 38, 50
2019-02-05 10:03:09,272 - INFO - fastread - 48, 60
2019-02-05 10:03:09,274 - INFO - fastread - 58, 70
2019-02-05 10:03:09,274 - INFO - fastread - 68, 80
2019-02-05 10:03:09,282 - INFO - fastread - 76, 90
2019-02-05 10:03:09,284 - INFO - fastread - 86, 100
2019-02-05 10:03:09,284 - INFO - fastread - 96, 110
2019-02-05 10:03:09,291 - INFO - fastread - 106, 120
2019-02-05 10:03:09,295 - INFO - fastread - 116, 130
2019-02-05 10:03:09,295 - INFO - fastread - 126, 140
2019-02-05 10:03:09,305 - INFO - fastread - 136, 150
2019-02-05 10:03:09,306 - INFO - fastread - 145, 160
2019-02-05 10:03:09,313 - INFO - fastread - 154, 170
2019-02-05 10:03:09,318 - INFO - fastread - 164, 180
2019-02-05 10:03:09,321 - INFO - fastread - 174, 190
2019-02-05 10:03:09,326 - INFO - fastread - 184, 200
2019-02-05 10:03:09,332 - INFO - fastread - 194, 210
2019-02-05 10:03:09,337 - INFO - fastread - 204, 220
2019-02-05 10:03:09,342 - INFO - fastread - 214, 230
2019-02-05 10:03:09,348 - INFO - fastread - 224, 240
2019-02-05 10:03:09,353 - INFO - fastread - 234, 250
2019-02-05 10:03:09,356 - INFO - fastread - 244, 260
2019-02-05 10:03:09,364 - INFO - fastread - 253, 270
2019-02-05 10:03:09,369 - INFO - fastread - 260, 280
2019-02-05 10:03:09,372 - INFO - fastread - 270, 290
2019-02-05 10:03:09,375 - INFO - fastread - 280, 300
2019-02-05 10:03:09,380 - INFO - fastread - 290, 310
2019-02-05 10:03:09,382 - INFO - fastread - 299, 320
2019-02-05 10:03:09,385 - INFO - fastread - 309, 330
2019-02-05 10:03:09,391 - INFO - fastread - 319, 340
2019-02-05 10:03:09,394 - INFO - fastread - 329, 350
2019-02-05 10:03:09,394 - INFO - fastread - 338, 360
2019-02-05 10:03:09,401 - INFO - fastread - 344, 370
2019-02-05 10:03:09,405 - INFO - fastread - 352, 380
2019-02-05 10:03:09,408 - INFO - fastread - 355, 390
2019-02-05 10:03:09,409 - INFO - fastread - 358, 400
2019-02-05 10:03:09,413 - INFO - fastread - 365, 410
2019-02-05 10:03:09,415 - INFO - fastread - 367, 420
2019-02-05 10:03:09,415 - INFO - fastread - 371, 430
2019-02-05 10:03:09,425 - INFO - fastread - 374, 440
2019-02-05 10:03:09,428 - INFO - fastread - 376, 450
2019-02-05 10:03:09,435 - INFO - fastread - 376, 460
2019-02-05 10:03:09,436 - INFO - fastread - 380, 470
2019-02-05 10:03:09,446 - INFO - fastread - 380, 480
2019-02-05 10:03:09,452 - INFO - fastread - 384, 490
2019-02-05 10:03:09,459 - INFO - fastread - 386, 500
2019-02-05 10:03:09,464 - INFO - fastread - 387, 510
2019-02-05 10:03:09,471 - INFO - fastread - 388, 520
2019-02-05 10:03:09,479 - INFO - fastread - 393, 530
2019-02-05 10:03:09,484 - INFO - fastread - 395, 540
2019-02-05 10:03:09,489 - INFO - fastread - 398, 550
2019-02-05 10:03:09,496 - INFO - fastread - 400, 560
2019-02-05 10:03:09,496 - INFO - fastread - 400, 570
2019-02-05 10:03:09,506 - INFO - fastread - 403, 580
2019-02-05 10:03:09,507 - INFO - fastread - 403, 590
2019-02-05 10:03:09,517 - INFO - fastread - 404, 600
2019-02-05 10:03:09,519 - INFO - fastread - 406, 610
2019-02-05 10:03:09,527 - INFO - fastread - 406, 620
2019-02-05 10:03:09,534 - INFO - fastread - 408, 630
2019-02-05 10:03:09,539 - INFO - fastread - 408, 640
2019-02-05 10:03:09,545 - INFO - fastread - 412, 650
2019-02-05 10:03:09,547 - INFO - fastread - 415, 660
2019-02-05 10:03:09,547 - INFO - fastread - 416, 670
2019-02-05 10:03:09,556 - INFO - fastread - 417, 680
2019-02-05 10:03:09,557 - INFO - fastread - 417, 690
2019-02-05 10:03:09,566 - INFO - fastread - 417, 700
2019-02-05 10:03:09,572 - INFO - fastread - 421, 710
2019-02-05 10:03:09,577 - INFO - fastread - 423, 720
2019-02-05 10:03:09,577 - INFO - fastread - 425, 730
2019-02-05 10:03:09,588 - INFO - fastread - 425, 740
2019-02-05 10:03:09,589 - INFO - fastread - 427, 750
2019-02-05 10:03:09,597 - INFO - fastread - 428, 760
2019-02-05 10:03:09,597 - INFO - fastread - 429, 770
2019-02-05 10:03:09,607 - INFO - fastread - 429, 780
2019-02-05 10:03:09,607 - INFO - fastread - 431, 790
2019-02-05 10:03:09,617 - INFO - fastread - 431, 800
2019-02-05 10:03:09,625 - INFO - fastread - 431, 810
2019-02-05 10:03:09,628 - INFO - fastread - 431, 820
2019-02-05 10:03:09,635 - INFO - fastread - 431, 830
2019-02-05 10:03:09,637 - INFO - fastread - 432, 840
2019-02-05 10:03:09,646 - INFO - fastread - 432, 850
2019-02-05 10:03:09,649 - INFO - fastread - 432, 860
2019-02-05 10:03:09,657 - INFO - fastread - 432, 870
2019-02-05 10:03:09,657 - INFO - fastread - 433, 880
2019-02-05 10:03:09,668 - INFO - fastread - 433, 890
2019-02-05 10:03:09,668 - INFO - fastread - 433, 900
2019-02-05 10:03:09,668 - INFO - fastread - 433, 910
2019-02-05 10:03:09,678 - INFO - fastread - 433, 920
2019-02-05 10:03:09,678 - INFO - fastread - 434, 930
2019-02-05 10:03:09,687 - INFO - fastread - 435, 940
2019-02-05 10:03:09,689 - INFO - fastread - 439, 950
2019-02-05 10:03:09,689 - INFO - fastread - 439, 960
2019-02-05 10:03:09,698 - INFO - fastread - 439, 970
2019-02-05 10:03:09,698 - INFO - fastread - 440, 980
2019-02-05 10:03:09,706 - INFO - fastread - 440, 990
2019-02-05 10:03:09,709 - INFO - fastread - 441, 1000
2019-02-05 10:03:09,717 - INFO - fastread - 441, 1010
2019-02-05 10:03:09,719 - INFO - fastread - 443, 1020
2019-02-05 10:03:09,728 - INFO - fastread - 443, 1030
2019-02-05 10:03:09,732 - INFO - fastread - 443, 1040
2019-02-05 10:03:09,740 - INFO - fastread - 443, 1050
2019-02-05 10:03:09,746 - INFO - fastread - 443, 1060
2019-02-05 10:03:09,749 - INFO - fastread - 444, 1070
2019-02-05 10:03:09,749 - INFO - fastread - 444, 1080
2019-02-05 10:03:09,759 - INFO - fastread - 444, 1090
2019-02-05 10:03:09,765 - INFO - fastread - 444, 1100
2019-02-05 10:03:09,770 - INFO - fastread - 444, 1110
2019-02-05 10:03:09,777 - INFO - fastread - 444, 1120
2019-02-05 10:03:09,779 - INFO - fastread - 445, 1130
2019-02-05 10:03:09,779 - INFO - fastread - 446, 1140
2019-02-05 10:03:09,787 - INFO - fastread - 446, 1150
2019-02-05 10:03:09,789 - INFO - fastread - 446, 1160
2019-02-05 10:03:09,789 - INFO - fastread - 446, 1170
2019-02-05 10:03:09,797 - INFO - fastread - 446, 1180
2019-02-05 10:03:09,800 - INFO - fastread - 448, 1190
2019-02-05 10:03:09,800 - INFO - fastread - 448, 1200
2019-02-05 10:03:09,807 - INFO - fastread - 448, 1210
2019-02-05 10:03:09,809 - INFO - fastread - 448, 1220
2019-02-05 10:03:09,809 - INFO - fastread - 448, 1230
2019-02-05 10:03:09,818 - INFO - fastread - 449, 1240
2019-02-05 10:03:09,838 - INFO - rig - ++++NEW CLF++++ SVM_LINER
2019-02-05 10:03:09,839 - INFO - fastread - Total Yes: 472 | Total No: 2496
2019-02-05 10:15:10,161 - INFO - fastread - 2, 10
2019-02-05 10:15:10,171 - INFO - fastread - 12, 20
2019-02-05 10:15:10,171 - INFO - fastread - 21, 30
2019-02-05 10:15:10,180 - INFO - fastread - 31, 40
2019-02-05 10:15:10,182 - INFO - fastread - 39, 50
2019-02-05 10:15:10,190 - INFO - fastread - 49, 60
2019-02-05 10:15:10,192 - INFO - fastread - 59, 70
2019-02-05 10:15:10,200 - INFO - fastread - 68, 80
2019-02-05 10:15:10,202 - INFO - fastread - 78, 90
2019-02-05 10:15:10,210 - INFO - fastread - 88, 100
2019-02-05 10:15:10,212 - INFO - fastread - 96, 110
2019-02-05 10:15:10,212 - INFO - fastread - 106, 120
2019-02-05 10:15:10,222 - INFO - fastread - 116, 130
2019-02-05 10:15:10,222 - INFO - fastread - 126, 140
2019-02-05 10:15:10,232 - INFO - fastread - 136, 150
2019-02-05 10:15:10,232 - INFO - fastread - 146, 160
2019-02-05 10:15:10,232 - INFO - fastread - 156, 170
2019-02-05 10:15:10,240 - INFO - fastread - 166, 180
2019-02-05 10:15:10,242 - INFO - fastread - 176, 190
2019-02-05 10:15:10,242 - INFO - fastread - 186, 200
2019-02-05 10:15:10,250 - INFO - fastread - 196, 210
2019-02-05 10:15:10,253 - INFO - fastread - 206, 220
2019-02-05 10:15:10,253 - INFO - fastread - 216, 230
2019-02-05 10:15:10,253 - INFO - fastread - 226, 240
2019-02-05 10:15:10,263 - INFO - fastread - 236, 250
2019-02-05 10:15:10,263 - INFO - fastread - 246, 260
2019-02-05 10:15:10,273 - INFO - fastread - 256, 270
2019-02-05 10:15:10,273 - INFO - fastread - 265, 280
2019-02-05 10:15:10,281 - INFO - fastread - 275, 290
2019-02-05 10:15:10,283 - INFO - fastread - 284, 300
2019-02-05 10:15:10,291 - INFO - fastread - 293, 310
2019-02-05 10:15:10,293 - INFO - fastread - 300, 320
2019-02-05 10:15:10,301 - INFO - fastread - 307, 330
2019-02-05 10:15:10,303 - INFO - fastread - 315, 340
2019-02-05 10:15:10,311 - INFO - fastread - 324, 350
2019-02-05 10:15:10,313 - INFO - fastread - 333, 360
2019-02-05 10:15:10,313 - INFO - fastread - 341, 370
2019-02-05 10:15:10,313 - INFO - fastread - 347, 380
2019-02-05 10:15:10,323 - INFO - fastread - 352, 390
2019-02-05 10:15:10,323 - INFO - fastread - 357, 400
2019-02-05 10:15:10,323 - INFO - fastread - 362, 410
2019-02-05 10:15:10,333 - INFO - fastread - 367, 420
2019-02-05 10:15:10,333 - INFO - fastread - 371, 430
2019-02-05 10:15:10,343 - INFO - fastread - 377, 440
2019-02-05 10:15:10,343 - INFO - fastread - 380, 450
2019-02-05 10:15:10,352 - INFO - fastread - 383, 460
2019-02-05 10:15:10,354 - INFO - fastread - 386, 470
2019-02-05 10:15:10,354 - INFO - fastread - 390, 480
2019-02-05 10:15:10,362 - INFO - fastread - 394, 490
2019-02-05 10:15:10,364 - INFO - fastread - 397, 500
2019-02-05 10:15:10,364 - INFO - fastread - 402, 510
2019-02-05 10:15:10,364 - INFO - fastread - 405, 520
2019-02-05 10:15:10,374 - INFO - fastread - 406, 530
2019-02-05 10:15:10,374 - INFO - fastread - 406, 540
2019-02-05 10:15:10,382 - INFO - fastread - 407, 550
2019-02-05 10:15:10,384 - INFO - fastread - 408, 560
2019-02-05 10:15:10,384 - INFO - fastread - 410, 570
2019-02-05 10:15:10,384 - INFO - fastread - 411, 580
2019-02-05 10:15:10,394 - INFO - fastread - 414, 590
2019-02-05 10:15:10,394 - INFO - fastread - 416, 600
2019-02-05 10:15:10,404 - INFO - fastread - 417, 610
2019-02-05 10:15:10,404 - INFO - fastread - 418, 620
2019-02-05 10:15:10,404 - INFO - fastread - 421, 630
2019-02-05 10:15:10,414 - INFO - fastread - 423, 640
2019-02-05 10:15:10,414 - INFO - fastread - 423, 650
2019-02-05 10:15:10,424 - INFO - fastread - 423, 660
2019-02-05 10:15:10,424 - INFO - fastread - 423, 670
2019-02-05 10:15:10,434 - INFO - fastread - 423, 680
2019-02-05 10:15:10,434 - INFO - fastread - 424, 690
2019-02-05 10:15:10,434 - INFO - fastread - 424, 700
2019-02-05 10:15:10,444 - INFO - fastread - 425, 710
2019-02-05 10:15:10,444 - INFO - fastread - 427, 720
2019-02-05 10:15:10,444 - INFO - fastread - 428, 730
2019-02-05 10:15:10,455 - INFO - fastread - 429, 740
2019-02-05 10:15:10,455 - INFO - fastread - 431, 750
2019-02-05 10:15:10,465 - INFO - fastread - 431, 760
2019-02-05 10:15:10,465 - INFO - fastread - 432, 770
2019-02-05 10:15:10,475 - INFO - fastread - 432, 780
2019-02-05 10:15:10,475 - INFO - fastread - 433, 790
2019-02-05 10:15:10,483 - INFO - fastread - 434, 800
2019-02-05 10:15:10,485 - INFO - fastread - 435, 810
2019-02-05 10:15:10,485 - INFO - fastread - 436, 820
2019-02-05 10:15:10,495 - INFO - fastread - 438, 830
2019-02-05 10:15:10,495 - INFO - fastread - 438, 840
2019-02-05 10:15:10,505 - INFO - fastread - 438, 850
2019-02-05 10:15:10,505 - INFO - fastread - 438, 860
2019-02-05 10:15:10,516 - INFO - fastread - 438, 870
2019-02-05 10:15:10,516 - INFO - fastread - 439, 880
2019-02-05 10:15:10,526 - INFO - fastread - 439, 890
2019-02-05 10:15:10,526 - INFO - fastread - 440, 900
2019-02-05 10:15:10,536 - INFO - fastread - 441, 910
2019-02-05 10:15:10,536 - INFO - fastread - 441, 920
2019-02-05 10:15:10,546 - INFO - fastread - 441, 930
2019-02-05 10:15:10,546 - INFO - fastread - 441, 940
2019-02-05 10:15:10,556 - INFO - fastread - 442, 950
2019-02-05 10:15:10,556 - INFO - fastread - 442, 960
2019-02-05 10:15:10,566 - INFO - fastread - 443, 970
2019-02-05 10:15:10,566 - INFO - fastread - 443, 980
2019-02-05 10:15:10,576 - INFO - fastread - 443, 990
2019-02-05 10:15:10,584 - INFO - fastread - 443, 1000
2019-02-05 10:15:10,586 - INFO - fastread - 443, 1010
2019-02-05 10:15:10,596 - INFO - fastread - 443, 1020
2019-02-05 10:15:10,596 - INFO - fastread - 443, 1030
2019-02-05 10:15:10,606 - INFO - fastread - 445, 1040
2019-02-05 10:15:10,615 - INFO - fastread - 445, 1050
2019-02-05 10:15:10,617 - INFO - fastread - 445, 1060
2019-02-05 10:15:10,627 - INFO - fastread - 445, 1070
2019-02-05 10:15:10,627 - INFO - fastread - 445, 1080
2019-02-05 10:15:10,637 - INFO - fastread - 445, 1090
2019-02-05 10:15:10,637 - INFO - fastread - 445, 1100
2019-02-05 10:15:10,647 - INFO - fastread - 445, 1110
2019-02-05 10:15:10,655 - INFO - fastread - 447, 1120
2019-02-05 10:15:10,657 - INFO - fastread - 447, 1130
2019-02-05 10:15:10,665 - INFO - fastread - 447, 1140
2019-02-05 10:15:10,667 - INFO - fastread - 448, 1150
2019-02-05 10:15:10,677 - INFO - fastread - 448, 1160
2019-02-05 10:15:10,677 - INFO - fastread - 448, 1170
2019-02-05 10:15:10,687 - INFO - fastread - 448, 1180
2019-02-05 10:15:10,695 - INFO - fastread - 448, 1190
2019-02-05 10:15:10,697 - INFO - fastread - 448, 1200
2019-02-05 10:15:10,707 - INFO - fastread - 448, 1210
2019-02-05 10:15:10,715 - INFO - fastread - 448, 1220
2019-02-05 10:15:10,715 - INFO - fastread - 448, 1230
2019-02-05 10:15:10,727 - INFO - fastread - 448, 1240
2019-02-05 10:15:10,736 - INFO - fastread - 448, 1250
2019-02-05 10:15:10,738 - INFO - fastread - 448, 1260
2019-02-05 10:15:10,738 - INFO - fastread - 448, 1270
2019-02-05 10:15:10,748 - INFO - fastread - 448, 1280
2019-02-05 10:15:10,748 - INFO - fastread - 448, 1290
2019-02-05 10:15:10,756 - INFO - fastread - 448, 1300
2019-02-05 10:15:10,768 - INFO - fastread - 449, 1310
