2019-02-07 17:26:33,454 - INFO - rig - apache-jmeter-2.10
2019-02-07 17:26:36,838 - INFO - rig - ++++NEW CLF++++ FASTREAD
2019-02-07 17:26:36,838 - INFO - rig - ++++NEW CLF++++ QUICKREAD
2019-02-07 17:26:36,838 - INFO - quickread - Total Yes: 374 | Total No: 7683
2019-02-07 17:26:37,160 - INFO - quickread - 0, 0  475
2019-02-07 17:26:39,580 - INFO - quickread - 36, 40  475
2019-02-07 17:26:43,108 - INFO - quickread - 66, 80  385
2019-02-07 17:26:46,744 - INFO - quickread - 102, 120  514
2019-02-07 17:26:50,659 - INFO - quickread - 141, 160  436
2019-02-07 17:26:53,898 - INFO - quickread - 164, 200  380
2019-02-07 17:26:57,161 - INFO - quickread - 178, 240  346
2019-02-07 17:27:00,234 - INFO - quickread - 207, 280  286
2019-02-07 17:27:03,039 - INFO - quickread - 232, 320  270
2019-02-07 17:27:05,851 - INFO - quickread - 251, 360  301
2019-02-07 17:27:08,828 - INFO - quickread - 263, 400  333
2019-02-07 17:27:11,958 - INFO - quickread - 271, 440  343
2019-02-07 17:27:14,805 - INFO - quickread - 281, 480  337
2019-02-07 17:27:17,517 - INFO - quickread - 288, 520  347
2019-02-07 17:27:20,262 - INFO - quickread - 289, 560  347
2019-02-07 17:27:22,936 - INFO - quickread - 291, 600  329
2019-02-07 17:27:25,556 - INFO - quickread - 298, 640  321
2019-02-07 17:27:28,208 - INFO - quickread - 302, 680  329
2019-02-07 17:27:30,777 - INFO - quickread - 302, 720  327
2019-02-07 17:27:33,374 - INFO - quickread - 306, 760  322
2019-02-07 17:27:35,963 - INFO - quickread - 307, 800  325
2019-02-07 17:27:38,536 - INFO - quickread - 308, 840  322
2019-02-07 17:27:41,063 - INFO - quickread - 310, 880  320
2019-02-07 17:27:43,626 - INFO - quickread - 311, 920  322
2019-02-07 17:27:46,179 - INFO - quickread - 312, 960  320
2019-02-07 17:27:48,710 - INFO - quickread - 315, 1000  320
2019-02-07 17:27:51,237 - INFO - quickread - 316, 1040  323
2019-02-07 17:27:53,768 - INFO - quickread - 328, 1080  323
2019-02-07 17:27:56,303 - INFO - quickread - 332, 1120  343
2019-02-07 17:27:58,798 - INFO - quickread - 333, 1160  345
2019-02-07 17:28:01,322 - INFO - quickread - 334, 1200  342
2019-02-07 17:28:03,842 - INFO - quickread - 334, 1240  340
2019-02-07 17:28:06,358 - INFO - quickread - 338, 1280  337
2019-02-07 17:28:08,876 - INFO - quickread - 338, 1320  342
2019-02-07 17:28:11,378 - INFO - quickread - 340, 1360  340
2019-02-07 17:28:13,899 - INFO - quickread - 343, 1400  341
2019-02-07 17:28:16,410 - INFO - quickread - 346, 1440  344
2019-02-07 17:28:18,927 - INFO - quickread - 348, 1480  347
2019-02-07 17:28:21,449 - INFO - quickread - 348, 1520  348
2019-02-07 17:28:23,954 - INFO - quickread - 348, 1560  346
2019-02-07 17:28:34,651 - INFO - quickread - 350, 1666  345
2019-02-07 17:28:44,774 - INFO - quickread - 351, 1773  346
2019-02-07 17:28:47,303 - INFO - quickread - 351, 1813  346
2019-02-07 17:28:57,387 - INFO - quickread - 352, 1910  345
2019-02-07 17:29:07,362 - INFO - quickread - 352, 2018  345
2019-02-07 17:29:17,369 - INFO - quickread - 358, 2116  344
2019-02-07 17:29:27,300 - INFO - quickread - 358, 2218  351
2019-02-07 17:29:27,300 - INFO - quickread - IGNORE apache-jmeter-2.10 NO IMPROVEMENT after 3 random loops. EXITING. Current estimate: 370
2019-02-07 17:29:27,310 - INFO - quickread - IGNORE apache-jmeter-2.10 | Total: 8057 | Percent Checked: 0.28 | Total Yes Data: 374 | Percent Yes Checked: 0.96
2019-02-07 17:29:27,318 - INFO - rig - ++++NEW CLF++++ SGD
2019-02-07 17:29:27,318 - INFO - fastread - Total Yes: 374 | Total No: 7683
2019-02-07 17:29:28,279 - INFO - fastread - 36, 40  639
2019-02-07 17:29:28,651 - INFO - fastread - 75, 80  912
2019-02-07 17:29:28,903 - INFO - fastread - 92, 120  924
2019-02-07 17:29:29,256 - INFO - fastread - 129, 160  1171
2019-02-07 17:29:29,608 - INFO - fastread - 150, 200  1333
2019-02-07 17:29:29,900 - INFO - fastread - 178, 240  1406
2019-02-07 17:29:30,101 - INFO - fastread - 207, 280  1440
2019-02-07 17:29:30,463 - INFO - fastread - 232, 320  1617
2019-02-07 17:29:30,846 - INFO - fastread - 252, 360  1632
2019-02-07 17:29:31,186 - INFO - fastread - 264, 400  1636
2019-02-07 17:29:31,551 - INFO - fastread - 275, 440  1708
2019-02-07 17:29:31,833 - INFO - fastread - 280, 480  1638
2019-02-07 17:29:32,175 - INFO - fastread - 284, 520  1634
2019-02-07 17:29:32,488 - INFO - fastread - 291, 560  1633
2019-02-07 17:29:32,801 - INFO - fastread - 298, 600  1632
2019-02-07 17:29:32,941 - INFO - fastread - 309, 640  1467
2019-02-07 17:29:33,184 - INFO - fastread - 311, 680  1629
2019-02-07 17:29:33,506 - INFO - fastread - 314, 720  1624
2019-02-07 17:29:33,606 - INFO - fastread - 317, 760  1456
2019-02-07 17:29:33,939 - INFO - fastread - 323, 800  1617
2019-02-07 17:29:34,322 - INFO - fastread - 324, 840  1610
2019-02-07 17:29:34,704 - INFO - fastread - 329, 880  1607
2019-02-07 17:29:35,139 - INFO - fastread - 332, 920  1601
2019-02-07 17:29:35,621 - INFO - fastread - 336, 960  1596
2019-02-07 17:29:35,883 - INFO - fastread - 337, 1000  1457
2019-02-07 17:29:36,074 - INFO - fastread - 337, 1040  1444
2019-02-07 17:29:36,236 - INFO - fastread - 338, 1080  1438
2019-02-07 17:29:36,397 - INFO - fastread - 342, 1120  1434
2019-02-07 17:29:36,599 - INFO - fastread - 345, 1160  1429
2019-02-07 17:29:36,828 - INFO - fastread - 346, 1200  1424
2019-02-07 17:29:37,072 - INFO - fastread - 346, 1240  1415
2019-02-07 17:29:37,295 - INFO - fastread - 348, 1280  1410
2019-02-07 17:29:37,506 - INFO - fastread - 349, 1320  1405
2019-02-07 17:29:37,697 - INFO - fastread - 350, 1360  1351
2019-02-07 17:29:37,900 - INFO - fastread - 352, 1400  1346
2019-02-07 17:29:38,098 - INFO - fastread - 352, 1440  1338
2019-02-07 17:29:38,382 - INFO - fastread - 352, 1480  1330
2019-02-07 17:29:38,655 - INFO - fastread - 352, 1520  1323
2019-02-07 17:29:38,977 - INFO - fastread - 353, 1560  1314
2019-02-07 17:29:39,350 - INFO - fastread - 353, 1600  1278
2019-02-07 17:29:39,712 - INFO - fastread - 353, 1640  1256
2019-02-07 17:29:39,944 - INFO - fastread - 353, 1680  1218
2019-02-07 17:29:40,127 - INFO - fastread - 353, 1720  1209
2019-02-07 17:29:40,325 - INFO - fastread - 353, 1760  1172
2019-02-07 17:29:40,498 - INFO - fastread - 353, 1800  1164
2019-02-07 17:29:40,720 - INFO - fastread - 353, 1840  1157
2019-02-07 17:29:40,921 - INFO - fastread - 354, 1880  1150
2019-02-07 17:29:41,153 - INFO - fastread - 354, 1920  1141
2019-02-07 17:29:41,385 - INFO - fastread - 354, 1960  1135
2019-02-07 17:29:41,607 - INFO - fastread - 354, 2000  1126
2019-02-07 17:29:41,857 - INFO - fastread - 354, 2040  1116
2019-02-07 17:29:42,111 - INFO - fastread - 355, 2080  1095
2019-02-07 17:29:42,353 - INFO - fastread - 356, 2120  1083
2019-02-07 17:29:42,584 - INFO - fastread - 356, 2160  1068
2019-02-07 17:29:42,756 - INFO - fastread - 356, 2200  1027
2019-02-07 17:29:42,975 - INFO - fastread - 356, 2240  1020
2019-02-07 17:29:43,178 - INFO - fastread - 356, 2280  1013
2019-02-07 17:29:43,338 - INFO - fastread - 356, 2320  1006
2019-02-07 17:29:43,531 - INFO - fastread - 357, 2360  999
2019-02-07 17:29:43,713 - INFO - fastread - 357, 2400  993
2019-02-07 17:29:43,944 - INFO - fastread - 357, 2440  987
2019-02-07 17:29:44,156 - INFO - fastread - 357, 2480  979
2019-02-07 17:29:44,367 - INFO - fastread - 359, 2520  973
2019-02-07 17:29:44,566 - INFO - fastread - 359, 2560  959
2019-02-07 17:29:44,750 - INFO - fastread - 359, 2600  948
2019-02-07 17:29:44,962 - INFO - fastread - 361, 2640  942
2019-02-07 17:29:45,123 - INFO - fastread - 361, 2680  909
2019-02-07 17:29:45,254 - INFO - fastread - 361, 2720  902
2019-02-07 17:29:45,415 - INFO - fastread - 361, 2760  897
2019-02-07 17:29:45,607 - INFO - fastread - 361, 2800  892
2019-02-07 17:29:45,758 - INFO - fastread - 361, 2840  885
2019-02-07 17:29:45,919 - INFO - fastread - 361, 2880  878
2019-02-07 17:29:46,144 - INFO - fastread - 361, 2920  871
2019-02-07 17:29:46,301 - INFO - fastread - 361, 2960  863
2019-02-07 17:29:46,472 - INFO - fastread - 361, 3000  854
2019-02-07 17:29:46,623 - INFO - fastread - 361, 3040  845
2019-02-07 17:29:46,754 - INFO - fastread - 361, 3080  818
2019-02-07 17:29:46,935 - INFO - fastread - 361, 3120  814
2019-02-07 17:29:47,096 - INFO - fastread - 361, 3160  808
2019-02-07 17:29:47,218 - INFO - fastread - 361, 3200  801
2019-02-07 17:29:47,338 - INFO - fastread - 361, 3240  796
2019-02-07 17:29:47,469 - INFO - fastread - 361, 3280  791
2019-02-07 17:29:47,581 - INFO - fastread - 362, 3320  786
2019-02-07 17:29:47,703 - INFO - fastread - 362, 3360  779
2019-02-07 17:29:47,894 - INFO - fastread - 362, 3400  774
2019-02-07 17:29:48,055 - INFO - fastread - 362, 3440  766
2019-02-07 17:29:48,216 - INFO - fastread - 362, 3480  760
2019-02-07 17:29:48,337 - INFO - fastread - 362, 3520  740
2019-02-07 17:29:48,458 - INFO - fastread - 362, 3560  734
2019-02-07 17:29:48,587 - INFO - fastread - 369, 3600  752
2019-02-07 17:29:48,710 - INFO - fastread - 369, 3640  733
2019-02-07 17:29:48,821 - INFO - fastread - 369, 3680  728
2019-02-07 17:29:48,942 - INFO - fastread - 369, 3720  722
2019-02-07 17:29:49,093 - INFO - fastread - 369, 3760  718
2019-02-07 17:29:49,214 - INFO - fastread - 369, 3800  713
2019-02-07 17:29:49,345 - INFO - fastread - 369, 3840  708
2019-02-07 17:29:49,506 - INFO - fastread - 369, 3880  703
2019-02-07 17:29:49,645 - INFO - fastread - 369, 3920  698
2019-02-07 17:29:49,796 - INFO - fastread - 370, 3960  694
2019-02-07 17:29:49,919 - INFO - fastread - 370, 4000  687
2019-02-07 17:29:50,050 - INFO - fastread - 370, 4040  683
2019-02-07 17:29:50,158 - INFO - fastread - 370, 4080  667
2019-02-07 17:29:50,301 - INFO - fastread - 370, 4120  663
2019-02-07 17:29:50,412 - INFO - fastread - 370, 4160  659
2019-02-07 17:29:50,513 - INFO - fastread - 370, 4200  654
2019-02-07 17:29:50,603 - INFO - fastread - 370, 4240  650
2019-02-07 17:29:50,714 - INFO - fastread - 370, 4280  646
2019-02-07 17:29:50,834 - INFO - fastread - 370, 4320  643
2019-02-07 17:29:50,977 - INFO - fastread - 370, 4360  638
2019-02-07 17:29:51,115 - INFO - fastread - 370, 4400  633
2019-02-07 17:29:51,209 - INFO - fastread - 370, 4440  627
2019-02-07 17:29:51,310 - INFO - fastread - 370, 4480  616
2019-02-07 17:29:51,410 - INFO - fastread - 370, 4520  611
2019-02-07 17:29:51,501 - INFO - fastread - 370, 4560  608
2019-02-07 17:29:51,582 - INFO - fastread - 370, 4600  604
2019-02-07 17:29:51,691 - INFO - fastread - 371, 4640  602
2019-02-07 17:29:51,773 - INFO - fastread - 371, 4680  598
2019-02-07 17:29:51,874 - INFO - fastread - 371, 4720  594
2019-02-07 17:29:51,965 - INFO - fastread - 371, 4760  590
2019-02-07 17:29:52,063 - INFO - fastread - 371, 4800  587
2019-02-07 17:29:52,196 - INFO - fastread - 372, 4840  584
2019-02-07 17:29:52,307 - INFO - fastread - 372, 4880  580
2019-02-07 17:29:52,428 - INFO - fastread - 372, 4920  570
2019-02-07 17:29:52,517 - INFO - fastread - 372, 4960  567
2019-02-07 17:29:52,617 - INFO - fastread - 373, 5000  564
2019-02-07 17:29:52,698 - INFO - fastread - 373, 5040  561
2019-02-07 17:29:52,760 - INFO - fastread - 373, 5080  557
2019-02-07 17:29:52,849 - INFO - fastread - 373, 5120  554
2019-02-07 17:29:52,941 - INFO - fastread - 373, 5160  551
2019-02-07 17:29:53,030 - INFO - fastread - 374, 5200  549
2019-02-07 17:29:53,113 - INFO - fastread - 374, 5240  546
2019-02-07 17:29:53,203 - INFO - fastread - 374, 5280  542
2019-02-07 17:29:53,364 - INFO - fastread - 374, 5320  539
2019-02-07 17:29:53,477 - INFO - fastread - 374, 5360  535
2019-02-07 17:29:53,546 - INFO - fastread - 374, 5400  528
2019-02-07 17:29:53,634 - INFO - fastread - 374, 5440  525
2019-02-07 17:29:53,715 - INFO - fastread - 374, 5480  521
2019-02-07 17:29:53,808 - INFO - fastread - 374, 5520  518
2019-02-07 17:29:53,899 - INFO - fastread - 374, 5560  514
2019-02-07 17:29:53,969 - INFO - fastread - 374, 5600  512
2019-02-07 17:29:54,050 - INFO - fastread - 374, 5640  509
2019-02-07 17:29:54,118 - INFO - fastread - 374, 5680  506
2019-02-07 17:29:54,211 - INFO - fastread - 374, 5720  503
2019-02-07 17:29:54,311 - INFO - fastread - 374, 5760  500
2019-02-07 17:29:54,402 - INFO - fastread - 374, 5800  494
2019-02-07 17:29:54,513 - INFO - fastread - 374, 5840  491
2019-02-07 17:29:54,594 - INFO - fastread - 374, 5880  488
2019-02-07 17:29:54,684 - INFO - fastread - 374, 5920  485
2019-02-07 17:29:54,745 - INFO - fastread - 374, 5960  482
2019-02-07 17:29:54,816 - INFO - fastread - 374, 6000  479
2019-02-07 17:29:54,886 - INFO - fastread - 374, 6040  476
2019-02-07 17:29:54,957 - INFO - fastread - 374, 6080  475
2019-02-07 17:29:55,027 - INFO - fastread - 374, 6120  472
2019-02-07 17:29:55,077 - INFO - fastread - 374, 6160  466
2019-02-07 17:29:55,166 - INFO - fastread - 374, 6200  464
2019-02-07 17:29:55,249 - INFO - fastread - 374, 6240  461
2019-02-07 17:29:55,327 - INFO - fastread - 374, 6280  458
2019-02-07 17:29:55,430 - INFO - fastread - 374, 6320  456
2019-02-07 17:29:55,488 - INFO - fastread - 374, 6360  453
2019-02-07 17:29:55,551 - INFO - fastread - 374, 6400  450
2019-02-07 17:29:55,621 - INFO - fastread - 374, 6440  448
2019-02-07 17:29:55,672 - INFO - fastread - 374, 6480  445
2019-02-07 17:29:55,722 - INFO - fastread - 374, 6520  442
2019-02-07 17:29:55,793 - INFO - fastread - 374, 6560  440
2019-02-07 17:29:55,873 - INFO - fastread - 374, 6600  436
2019-02-07 17:29:55,942 - INFO - fastread - 374, 6640  434
2019-02-07 17:29:56,014 - INFO - fastread - 374, 6680  431
2019-02-07 17:29:56,073 - INFO - fastread - 374, 6720  429
2019-02-07 17:29:56,125 - INFO - fastread - 374, 6760  427
2019-02-07 17:29:56,226 - INFO - fastread - 374, 6800  424
2019-02-07 17:29:56,284 - INFO - fastread - 374, 6840  422
2019-02-07 17:29:56,347 - INFO - fastread - 374, 6880  419
2019-02-07 17:29:56,407 - INFO - fastread - 374, 6920  418
2019-02-07 17:29:56,478 - INFO - fastread - 374, 6960  415
2019-02-07 17:29:56,536 - INFO - fastread - 374, 7000  411
2019-02-07 17:29:56,598 - INFO - fastread - 374, 7040  409
2019-02-07 17:29:56,669 - INFO - fastread - 374, 7080  407
2019-02-07 17:29:56,719 - INFO - fastread - 374, 7120  404
2019-02-07 17:29:56,769 - INFO - fastread - 374, 7160  402
2019-02-07 17:29:56,820 - INFO - fastread - 374, 7200  399
2019-02-07 17:29:56,891 - INFO - fastread - 374, 7240  398
2019-02-07 17:29:56,980 - INFO - fastread - 374, 7280  396
2019-02-07 17:29:57,032 - INFO - fastread - 374, 7320  393
2019-02-07 17:29:57,103 - INFO - fastread - 374, 7360  391
2019-02-07 17:29:57,161 - INFO - fastread - 374, 7400  389
2019-02-07 17:29:57,232 - INFO - fastread - 374, 7440  386
2019-02-07 17:29:57,284 - INFO - fastread - 374, 7480  384
2019-02-07 17:29:57,342 - INFO - fastread - 374, 7520  382
2019-02-07 17:29:57,395 - INFO - fastread - 374, 7560  380
2019-02-07 17:29:57,445 - INFO - fastread - 374, 7600  378
2019-02-07 17:29:57,485 - INFO - fastread - 374, 7640  376
2019-02-07 17:29:57,536 - INFO - fastread - 374, 7680  374
2019-02-07 17:29:57,566 - INFO - fastread - IGNORE apache-jmeter-2.10 | Total: 8057 | Percent Checked: 0.95 | Total Yes Data: 374 | Percent Yes Checked: 1.0
