2019-02-07 17:29:57,576 - INFO - rig - argouml
2019-02-07 17:30:01,205 - INFO - rig - ++++NEW CLF++++ FASTREAD
2019-02-07 17:30:01,205 - INFO - rig - ++++NEW CLF++++ QUICKREAD
2019-02-07 17:30:01,205 - INFO - quickread - Total Yes: 1413 | Total No: 8039
2019-02-07 17:30:01,518 - INFO - quickread - 0, 0  475
2019-02-07 17:30:04,364 - INFO - quickread - 38, 47  475
2019-02-07 17:30:08,847 - INFO - quickread - 71, 94  593
2019-02-07 17:30:13,340 - INFO - quickread - 104, 141  741
2019-02-07 17:30:17,815 - INFO - quickread - 134, 188  690
2019-02-07 17:30:22,628 - INFO - quickread - 174, 235  621
2019-02-07 17:30:27,044 - INFO - quickread - 217, 282  564
2019-02-07 17:30:31,680 - INFO - quickread - 259, 329  564
2019-02-07 17:30:36,036 - INFO - quickread - 298, 376  571
2019-02-07 17:30:40,441 - INFO - quickread - 341, 423  588
2019-02-07 17:30:44,960 - INFO - quickread - 379, 470  622
2019-02-07 17:30:49,316 - INFO - quickread - 417, 517  630
2019-02-07 17:30:54,026 - INFO - quickread - 455, 564  663
2019-02-07 17:30:58,497 - INFO - quickread - 495, 611  688
2019-02-07 17:31:01,897 - INFO - quickread - 536, 658  728
2019-02-07 17:31:05,301 - INFO - quickread - 576, 705  768
2019-02-07 17:31:08,633 - INFO - quickread - 618, 752  791
2019-02-07 17:31:12,079 - INFO - quickread - 658, 799  826
2019-02-07 17:31:15,376 - INFO - quickread - 694, 846  856
2019-02-07 17:31:18,642 - INFO - quickread - 736, 893  890
2019-02-07 17:31:21,924 - INFO - quickread - 775, 940  941
2019-02-07 17:31:25,250 - INFO - quickread - 813, 987  985
2019-02-07 17:31:28,720 - INFO - quickread - 850, 1034  1028
2019-02-07 17:31:32,155 - INFO - quickread - 872, 1081  1067
2019-02-07 17:31:35,618 - INFO - quickread - 906, 1128  1072
2019-02-07 17:31:39,100 - INFO - quickread - 943, 1175  1109
2019-02-07 17:31:42,515 - INFO - quickread - 976, 1222  1156
2019-02-07 17:31:45,933 - INFO - quickread - 1000, 1269  1189
2019-02-07 17:31:49,418 - INFO - quickread - 1022, 1316  1197
2019-02-07 17:31:52,862 - INFO - quickread - 1051, 1363  1205
2019-02-07 17:31:56,358 - INFO - quickread - 1083, 1410  1236
2019-02-07 17:31:59,802 - INFO - quickread - 1107, 1457  1276
2019-02-07 17:32:03,267 - INFO - quickread - 1136, 1504  1293
2019-02-07 17:32:06,720 - INFO - quickread - 1162, 1551  1330
2019-02-07 17:32:10,177 - INFO - quickread - 1182, 1598  1363
2019-02-07 17:32:13,562 - INFO - quickread - 1205, 1645  1377
2019-02-07 17:32:16,960 - INFO - quickread - 1230, 1692  1406
2019-02-07 17:32:20,453 - INFO - quickread - 1241, 1739  1440
2019-02-07 17:32:23,727 - INFO - quickread - 1257, 1786  1418
2019-02-07 17:32:27,021 - INFO - quickread - 1269, 1833  1431
2019-02-07 17:32:30,282 - INFO - quickread - 1271, 1880  1430
2019-02-07 17:32:33,538 - INFO - quickread - 1282, 1927  1397
2019-02-07 17:32:36,759 - INFO - quickread - 1287, 1974  1401
2019-02-07 17:32:39,971 - INFO - quickread - 1290, 2021  1390
2019-02-07 17:32:43,197 - INFO - quickread - 1296, 2068  1374
2019-02-07 17:32:46,339 - INFO - quickread - 1299, 2115  1371
2019-02-07 17:32:49,480 - INFO - quickread - 1304, 2162  1360
2019-02-07 17:32:52,561 - INFO - quickread - 1307, 2209  1358
2019-02-07 17:32:55,637 - INFO - quickread - 1309, 2256  1351
2019-02-07 17:32:58,733 - INFO - quickread - 1314, 2303  1345
2019-02-07 17:33:01,793 - INFO - quickread - 1314, 2350  1345
2019-02-07 17:33:04,828 - INFO - quickread - 1316, 2397  1334
2019-02-07 17:33:07,870 - INFO - quickread - 1316, 2444  1330
2019-02-07 17:33:10,880 - INFO - quickread - 1319, 2491  1321
2019-02-07 17:33:13,902 - INFO - quickread - 1319, 2538  1321
2019-02-07 17:33:16,885 - INFO - quickread - 1321, 2585  1314
2019-02-07 17:33:19,876 - INFO - quickread - 1321, 2632  1312
2019-02-07 17:33:31,314 - INFO - quickread - 1323, 2746  1308
2019-02-07 17:33:34,294 - INFO - quickread - 1324, 2793  1306
2019-02-07 17:33:37,284 - INFO - quickread - 1326, 2840  1304
2019-02-07 17:33:40,265 - INFO - quickread - 1330, 2887  1304
2019-02-07 17:33:43,231 - INFO - quickread - 1330, 2934  1307
2019-02-07 17:33:54,495 - INFO - quickread - 1332, 3055  1303
2019-02-07 17:33:57,493 - INFO - quickread - 1332, 3102  1302
2019-02-07 17:34:08,679 - INFO - quickread - 1333, 3210  1300
2019-02-07 17:34:19,804 - INFO - quickread - 1335, 3322  1298
2019-02-07 17:34:31,169 - INFO - quickread - 1338, 3434  1298
2019-02-07 17:34:34,221 - INFO - quickread - 1339, 3481  1300
2019-02-07 17:34:37,201 - INFO - quickread - 1340, 3528  1299
2019-02-07 17:34:40,273 - INFO - quickread - 1387, 3575  1299
2019-02-07 17:34:43,282 - INFO - quickread - 1403, 3622  1354
2019-02-07 17:34:46,189 - INFO - quickread - 1403, 3669  1357
2019-02-07 17:34:59,883 - INFO - quickread - 1403, 3803  1351
2019-02-07 17:35:13,787 - INFO - quickread - 1403, 3929  1349
2019-02-07 17:35:13,787 - INFO - quickread - IGNORE argouml NO IMPROVEMENT after 3 random loops. EXITING. Current estimate: 1421
2019-02-07 17:35:13,807 - INFO - quickread - IGNORE argouml | Total: 9452 | Percent Checked: 0.42 | Total Yes Data: 1413 | Percent Yes Checked: 0.99
2019-02-07 17:35:13,807 - INFO - rig - ++++NEW CLF++++ SGD
2019-02-07 17:35:13,807 - INFO - fastread - Total Yes: 1413 | Total No: 8039
2019-02-07 17:35:14,926 - INFO - fastread - 34, 47  700
2019-02-07 17:35:15,491 - INFO - fastread - 58, 94  884
2019-02-07 17:35:15,803 - INFO - fastread - 101, 141  1078
2019-02-07 17:35:16,074 - INFO - fastread - 142, 188  1235
2019-02-07 17:35:16,316 - INFO - fastread - 179, 235  1420
2019-02-07 17:35:16,497 - INFO - fastread - 218, 282  1451
2019-02-07 17:35:16,728 - INFO - fastread - 262, 329  1692
2019-02-07 17:35:16,940 - INFO - fastread - 301, 376  1722
2019-02-07 17:35:17,172 - INFO - fastread - 341, 423  2038
2019-02-07 17:35:17,353 - INFO - fastread - 380, 470  2067
2019-02-07 17:35:17,554 - INFO - fastread - 415, 517  2091
2019-02-07 17:35:17,695 - INFO - fastread - 457, 564  2122
2019-02-07 17:35:17,846 - INFO - fastread - 497, 611  2151
2019-02-07 17:35:17,977 - INFO - fastread - 541, 658  2193
2019-02-07 17:35:18,135 - INFO - fastread - 584, 705  2631
2019-02-07 17:35:18,269 - INFO - fastread - 623, 752  2658
2019-02-07 17:35:18,400 - INFO - fastread - 667, 799  2688
2019-02-07 17:35:18,519 - INFO - fastread - 703, 846  2711
2019-02-07 17:35:18,632 - INFO - fastread - 744, 893  2738
2019-02-07 17:35:18,753 - INFO - fastread - 780, 940  2762
2019-02-07 17:35:18,874 - INFO - fastread - 815, 987  2784
2019-02-07 17:35:18,992 - INFO - fastread - 854, 1034  2810
2019-02-07 17:35:19,093 - INFO - fastread - 892, 1081  2834
2019-02-07 17:35:19,174 - INFO - fastread - 930, 1128  2860
2019-02-07 17:35:19,246 - INFO - fastread - 967, 1175  2884
2019-02-07 17:35:19,337 - INFO - fastread - 1005, 1222  2924
2019-02-07 17:35:19,488 - INFO - fastread - 1043, 1269  3581
2019-02-07 17:35:19,629 - INFO - fastread - 1083, 1316  3605
2019-02-07 17:35:19,770 - INFO - fastread - 1116, 1363  3621
2019-02-07 17:35:19,911 - INFO - fastread - 1146, 1410  3634
2019-02-07 17:35:20,042 - INFO - fastread - 1165, 1457  3638
2019-02-07 17:35:20,146 - INFO - fastread - 1185, 1504  3642
2019-02-07 17:35:20,233 - INFO - fastread - 1208, 1551  3648
2019-02-07 17:35:20,324 - INFO - fastread - 1229, 1598  3654
2019-02-07 17:35:20,434 - INFO - fastread - 1248, 1645  3657
2019-02-07 17:35:20,535 - INFO - fastread - 1261, 1692  3654
2019-02-07 17:35:20,636 - INFO - fastread - 1275, 1739  3653
2019-02-07 17:35:20,726 - INFO - fastread - 1283, 1786  3646
2019-02-07 17:35:20,837 - INFO - fastread - 1290, 1833  3637
2019-02-07 17:35:20,946 - INFO - fastread - 1299, 1880  3631
2019-02-07 17:35:21,097 - INFO - fastread - 1344, 1927  3659
2019-02-07 17:35:21,190 - INFO - fastread - 1369, 1974  3667
2019-02-07 17:35:21,310 - INFO - fastread - 1372, 2021  3656
2019-02-07 17:35:21,421 - INFO - fastread - 1380, 2068  3648
2019-02-07 17:35:21,522 - INFO - fastread - 1381, 2115  3634
2019-02-07 17:35:21,633 - INFO - fastread - 1387, 2162  3626
2019-02-07 17:35:21,764 - INFO - fastread - 1390, 2209  3613
2019-02-07 17:35:21,864 - INFO - fastread - 1392, 2256  3600
2019-02-07 17:35:21,975 - INFO - fastread - 1393, 2303  3587
2019-02-07 17:35:22,095 - INFO - fastread - 1394, 2350  3572
2019-02-07 17:35:22,204 - INFO - fastread - 1396, 2397  3559
2019-02-07 17:35:22,337 - INFO - fastread - 1397, 2444  3546
2019-02-07 17:35:22,448 - INFO - fastread - 1398, 2491  3532
2019-02-07 17:35:22,558 - INFO - fastread - 1398, 2538  3516
2019-02-07 17:35:22,709 - INFO - fastread - 1398, 2585  3502
2019-02-07 17:35:22,840 - INFO - fastread - 1400, 2632  3489
2019-02-07 17:35:22,981 - INFO - fastread - 1400, 2679  3474
2019-02-07 17:35:23,152 - INFO - fastread - 1400, 2726  3459
2019-02-07 17:35:23,263 - INFO - fastread - 1400, 2773  2928
2019-02-07 17:35:23,374 - INFO - fastread - 1402, 2820  2918
2019-02-07 17:35:23,465 - INFO - fastread - 1402, 2867  2895
2019-02-07 17:35:23,576 - INFO - fastread - 1403, 2914  2885
2019-02-07 17:35:23,657 - INFO - fastread - 1403, 2961  2873
2019-02-07 17:35:23,727 - INFO - fastread - 1403, 3008  2863
2019-02-07 17:35:23,811 - INFO - fastread - 1403, 3055  2851
2019-02-07 17:35:23,878 - INFO - fastread - 1403, 3102  2840
2019-02-07 17:35:23,959 - INFO - fastread - 1405, 3149  2831
2019-02-07 17:35:24,049 - INFO - fastread - 1407, 3196  2822
2019-02-07 17:35:24,132 - INFO - fastread - 1407, 3243  2811
2019-02-07 17:35:24,211 - INFO - fastread - 1407, 3290  2799
2019-02-07 17:35:24,291 - INFO - fastread - 1408, 3337  2789
2019-02-07 17:35:24,392 - INFO - fastread - 1408, 3384  2778
2019-02-07 17:35:24,472 - INFO - fastread - 1408, 3431  2767
2019-02-07 17:35:24,553 - INFO - fastread - 1409, 3478  2756
2019-02-07 17:35:24,644 - INFO - fastread - 1409, 3525  2745
2019-02-07 17:35:24,744 - INFO - fastread - 1409, 3572  2735
2019-02-07 17:35:24,825 - INFO - fastread - 1409, 3619  2723
2019-02-07 17:35:24,905 - INFO - fastread - 1409, 3666  2712
2019-02-07 17:35:24,975 - INFO - fastread - 1409, 3713  2700
2019-02-07 17:35:25,066 - INFO - fastread - 1409, 3760  2690
2019-02-07 17:35:25,129 - INFO - fastread - 1409, 3807  2679
2019-02-07 17:35:25,227 - INFO - fastread - 1409, 3854  2667
2019-02-07 17:35:25,297 - INFO - fastread - 1409, 3901  2656
2019-02-07 17:35:25,398 - INFO - fastread - 1409, 3948  2645
2019-02-07 17:35:25,478 - INFO - fastread - 1409, 3995  2634
2019-02-07 17:35:25,548 - INFO - fastread - 1409, 4042  2622
2019-02-07 17:35:25,619 - INFO - fastread - 1409, 4089  2611
2019-02-07 17:35:25,689 - INFO - fastread - 1409, 4136  2601
2019-02-07 17:35:25,800 - INFO - fastread - 1409, 4183  2589
2019-02-07 17:35:25,881 - INFO - fastread - 1409, 4230  2578
2019-02-07 17:35:25,951 - INFO - fastread - 1409, 4277  2566
2019-02-07 17:35:26,070 - INFO - fastread - 1409, 4324  2556
2019-02-07 17:35:26,203 - INFO - fastread - 1409, 4371  2545
2019-02-07 17:35:26,313 - INFO - fastread - 1409, 4418  2533
2019-02-07 17:35:26,424 - INFO - fastread - 1409, 4465  2522
2019-02-07 17:35:26,535 - INFO - fastread - 1409, 4512  2510
2019-02-07 17:35:26,646 - INFO - fastread - 1409, 4559  2500
2019-02-07 17:35:26,776 - INFO - fastread - 1409, 4606  2489
2019-02-07 17:35:26,928 - INFO - fastread - 1409, 4653  2477
2019-02-07 17:35:27,068 - INFO - fastread - 1409, 4700  2466
2019-02-07 17:35:27,250 - INFO - fastread - 1409, 4747  2454
2019-02-07 17:35:27,461 - INFO - fastread - 1409, 4794  2442
2019-02-07 17:35:27,724 - INFO - fastread - 1409, 4841  2425
2019-02-07 17:35:27,845 - INFO - fastread - 1409, 4888  2395
2019-02-07 17:35:27,986 - INFO - fastread - 1409, 4935  2383
2019-02-07 17:35:28,066 - INFO - fastread - 1409, 4982  2196
2019-02-07 17:35:28,129 - INFO - fastread - 1409, 5029  2183
2019-02-07 17:35:28,177 - INFO - fastread - 1409, 5076  2173
2019-02-07 17:35:28,248 - INFO - fastread - 1409, 5123  2160
2019-02-07 17:35:28,336 - INFO - fastread - 1409, 5170  2151
2019-02-07 17:35:28,409 - INFO - fastread - 1409, 5217  2143
2019-02-07 17:35:28,459 - INFO - fastread - 1409, 5264  2133
2019-02-07 17:35:28,570 - INFO - fastread - 1409, 5311  2125
2019-02-07 17:35:28,630 - INFO - fastread - 1409, 5358  2115
2019-02-07 17:35:28,709 - INFO - fastread - 1409, 5405  2107
2019-02-07 17:35:28,800 - INFO - fastread - 1413, 5452  2102
2019-02-07 17:35:28,870 - INFO - fastread - 1413, 5499  2092
2019-02-07 17:35:28,951 - INFO - fastread - 1413, 5546  2084
2019-02-07 17:35:29,013 - INFO - fastread - 1413, 5593  2074
2019-02-07 17:35:29,094 - INFO - fastread - 1413, 5640  2066
2019-02-07 17:35:29,184 - INFO - fastread - 1413, 5687  2057
2019-02-07 17:35:29,273 - INFO - fastread - 1413, 5734  2048
2019-02-07 17:35:29,386 - INFO - fastread - 1413, 5781  2039
2019-02-07 17:35:29,456 - INFO - fastread - 1413, 5828  2030
2019-02-07 17:35:29,545 - INFO - fastread - 1413, 5875  2021
2019-02-07 17:35:29,627 - INFO - fastread - 1413, 5922  2013
2019-02-07 17:35:29,738 - INFO - fastread - 1413, 5969  2003
2019-02-07 17:35:29,849 - INFO - fastread - 1413, 6016  1995
2019-02-07 17:35:29,957 - INFO - fastread - 1413, 6063  1985
2019-02-07 17:35:30,068 - INFO - fastread - 1413, 6110  1976
2019-02-07 17:35:30,179 - INFO - fastread - 1413, 6157  1967
2019-02-07 17:35:30,282 - INFO - fastread - 1413, 6204  1957
2019-02-07 17:35:30,441 - INFO - fastread - 1413, 6251  1949
2019-02-07 17:35:30,553 - INFO - fastread - 1413, 6298  1939
2019-02-07 17:35:30,715 - INFO - fastread - 1413, 6345  1930
2019-02-07 17:35:30,855 - INFO - fastread - 1413, 6392  1919
2019-02-07 17:35:31,015 - INFO - fastread - 1413, 6439  1908
2019-02-07 17:35:31,128 - INFO - fastread - 1413, 6486  1895
2019-02-07 17:35:31,208 - INFO - fastread - 1413, 6533  1884
2019-02-07 17:35:31,319 - INFO - fastread - 1413, 6580  1874
2019-02-07 17:35:31,448 - INFO - fastread - 1413, 6627  1864
2019-02-07 17:35:31,540 - INFO - fastread - 1413, 6674  1855
2019-02-07 17:35:31,642 - INFO - fastread - 1413, 6721  1845
2019-02-07 17:35:31,783 - INFO - fastread - 1413, 6768  1835
2019-02-07 17:35:31,921 - INFO - fastread - 1413, 6815  1824
2019-02-07 17:35:32,095 - INFO - fastread - 1413, 6862  1815
2019-02-07 17:35:32,175 - INFO - fastread - 1413, 6909  1746
2019-02-07 17:35:32,266 - INFO - fastread - 1413, 6956  1738
2019-02-07 17:35:32,326 - INFO - fastread - 1413, 7003  1730
2019-02-07 17:35:32,387 - INFO - fastread - 1413, 7050  1723
2019-02-07 17:35:32,467 - INFO - fastread - 1413, 7097  1714
2019-02-07 17:35:32,538 - INFO - fastread - 1413, 7144  1707
2019-02-07 17:35:32,608 - INFO - fastread - 1413, 7191  1699
2019-02-07 17:35:32,719 - INFO - fastread - 1413, 7238  1691
2019-02-07 17:35:32,819 - INFO - fastread - 1413, 7285  1685
2019-02-07 17:35:32,880 - INFO - fastread - 1413, 7332  1676
2019-02-07 17:35:32,951 - INFO - fastread - 1413, 7379  1670
2019-02-07 17:35:33,031 - INFO - fastread - 1413, 7426  1661
2019-02-07 17:35:33,111 - INFO - fastread - 1413, 7473  1653
2019-02-07 17:35:33,201 - INFO - fastread - 1413, 7520  1647
2019-02-07 17:35:33,263 - INFO - fastread - 1413, 7567  1639
2019-02-07 17:35:33,333 - INFO - fastread - 1413, 7614  1632
2019-02-07 17:35:33,424 - INFO - fastread - 1413, 7661  1624
2019-02-07 17:35:33,545 - INFO - fastread - 1413, 7708  1616
2019-02-07 17:35:33,614 - INFO - fastread - 1413, 7755  1608
2019-02-07 17:35:33,686 - INFO - fastread - 1413, 7802  1600
2019-02-07 17:35:33,747 - INFO - fastread - 1413, 7849  1593
2019-02-07 17:35:33,828 - INFO - fastread - 1413, 7896  1585
2019-02-07 17:35:33,916 - INFO - fastread - 1413, 7943  1577
2019-02-07 17:35:33,977 - INFO - fastread - 1413, 7990  1569
2019-02-07 17:35:34,039 - INFO - fastread - 1413, 8037  1561
2019-02-07 17:35:34,109 - INFO - fastread - 1413, 8084  1554
2019-02-07 17:35:34,180 - INFO - fastread - 1413, 8131  1546
2019-02-07 17:35:34,279 - INFO - fastread - 1413, 8178  1539
2019-02-07 17:35:34,331 - INFO - fastread - 1413, 8225  1531
2019-02-07 17:35:34,400 - INFO - fastread - 1413, 8272  1523
2019-02-07 17:35:34,472 - INFO - fastread - 1413, 8319  1516
2019-02-07 17:35:34,541 - INFO - fastread - 1413, 8366  1508
2019-02-07 17:35:34,634 - INFO - fastread - 1413, 8413  1501
2019-02-07 17:35:34,704 - INFO - fastread - 1413, 8460  1492
2019-02-07 17:35:34,774 - INFO - fastread - 1413, 8507  1483
2019-02-07 17:35:34,875 - INFO - fastread - 1413, 8554  1476
2019-02-07 17:35:34,965 - INFO - fastread - 1413, 8601  1463
2019-02-07 17:35:35,026 - INFO - fastread - 1413, 8648  1451
2019-02-07 17:35:35,116 - INFO - fastread - 1413, 8695  1444
2019-02-07 17:35:35,165 - INFO - fastread - 1413, 8742  1438
2019-02-07 17:35:35,215 - INFO - fastread - 1413, 8789  1431
2019-02-07 17:35:35,268 - INFO - fastread - 1413, 8836  1425
2019-02-07 17:35:35,316 - INFO - fastread - 1413, 8883  1419
2019-02-07 17:35:35,379 - INFO - fastread - 1413, 8930  1412
2019-02-07 17:35:35,409 - INFO - fastread - IGNORE argouml | Total: 9452 | Percent Checked: 0.94 | Total Yes Data: 1413 | Percent Yes Checked: 1.0
