2019-02-07 17:09:16,046 - INFO - rig - columba-1.4-src
2019-02-07 17:09:19,086 - INFO - rig - ++++NEW CLF++++ FASTREAD
2019-02-07 17:09:19,086 - INFO - rig - ++++NEW CLF++++ QUICKREAD
2019-02-07 17:09:19,086 - INFO - quickread - Total Yes: 204 | Total No: 6264
2019-02-07 17:09:19,399 - INFO - quickread - 0, 0  475
2019-02-07 17:09:21,338 - INFO - quickread - 29, 32  475
2019-02-07 17:09:24,224 - INFO - quickread - 55, 64  285
2019-02-07 17:09:27,007 - INFO - quickread - 80, 96  386
2019-02-07 17:09:29,702 - INFO - quickread - 103, 128  381
2019-02-07 17:09:32,415 - INFO - quickread - 132, 160  344
2019-02-07 17:09:35,125 - INFO - quickread - 158, 192  357
2019-02-07 17:09:37,821 - INFO - quickread - 175, 224  406
2019-02-07 17:09:40,429 - INFO - quickread - 183, 256  428
2019-02-07 17:09:43,036 - INFO - quickread - 190, 288  412
2019-02-07 17:09:45,503 - INFO - quickread - 193, 320  393
2019-02-07 17:09:47,887 - INFO - quickread - 195, 352  368
2019-02-07 17:09:50,274 - INFO - quickread - 196, 384  345
2019-02-07 17:09:52,591 - INFO - quickread - 197, 416  319
2019-02-07 17:09:54,822 - INFO - quickread - 198, 448  302
2019-02-07 17:09:57,037 - INFO - quickread - 198, 480  288
2019-02-07 17:09:59,346 - INFO - quickread - 198, 512  274
2019-02-07 17:10:01,568 - INFO - quickread - 198, 544  263
2019-02-07 17:10:03,793 - INFO - quickread - 199, 576  254
2019-02-07 17:10:06,032 - INFO - quickread - 199, 608  252
2019-02-07 17:10:08,272 - INFO - quickread - 199, 640  246
2019-02-07 17:10:10,578 - INFO - quickread - 200, 672  242
2019-02-07 17:10:12,789 - INFO - quickread - 200, 704  241
2019-02-07 17:10:14,937 - INFO - quickread - 202, 736  237
2019-02-07 17:10:17,035 - INFO - quickread - 202, 768  241
2019-02-07 17:10:19,204 - INFO - quickread - 202, 800  238
2019-02-07 17:10:21,267 - INFO - quickread - 202, 832  234
2019-02-07 17:10:23,347 - INFO - quickread - 203, 864  232
2019-02-07 17:10:25,407 - INFO - quickread - 203, 896  232
2019-02-07 17:10:27,474 - INFO - quickread - 203, 928  230
2019-02-07 17:10:29,521 - INFO - quickread - 203, 960  228
2019-02-07 17:10:31,610 - INFO - quickread - 203, 992  227
2019-02-07 17:10:33,661 - INFO - quickread - 203, 1024  225
2019-02-07 17:10:43,733 - INFO - quickread - 203, 1137  223
2019-02-07 17:10:53,864 - INFO - quickread - 203, 1250  220
2019-02-07 17:11:04,116 - INFO - quickread - 203, 1368  218
2019-02-07 17:11:14,169 - INFO - quickread - 203, 1473  216
2019-02-07 17:11:14,169 - INFO - quickread - IGNORE columba-1.4-src NO IMPROVEMENT after 3 random loops. EXITING. Current estimate: 228
2019-02-07 17:11:14,179 - INFO - quickread - IGNORE columba-1.4-src | Total: 6468 | Percent Checked: 0.23 | Total Yes Data: 204 | Percent Yes Checked: 1.0
2019-02-07 17:11:14,179 - INFO - rig - ++++NEW CLF++++ SGD
2019-02-07 17:11:14,179 - INFO - fastread - Total Yes: 204 | Total No: 6264
2019-02-07 17:11:15,137 - INFO - fastread - 25, 32  491
2019-02-07 17:11:15,525 - INFO - fastread - 57, 64  759
2019-02-07 17:11:15,906 - INFO - fastread - 78, 96  872
2019-02-07 17:11:16,118 - INFO - fastread - 108, 128  982
2019-02-07 17:11:16,347 - INFO - fastread - 135, 160  1132
2019-02-07 17:11:16,538 - INFO - fastread - 160, 192  1152
2019-02-07 17:11:16,661 - INFO - fastread - 176, 224  1166
2019-02-07 17:11:16,801 - INFO - fastread - 186, 256  1176
2019-02-07 17:11:16,970 - INFO - fastread - 193, 288  1180
2019-02-07 17:11:17,093 - INFO - fastread - 194, 320  1171
2019-02-07 17:11:17,244 - INFO - fastread - 194, 352  1165
2019-02-07 17:11:17,453 - INFO - fastread - 195, 384  1159
2019-02-07 17:11:17,586 - INFO - fastread - 196, 416  1162
2019-02-07 17:11:17,758 - INFO - fastread - 197, 448  1149
2019-02-07 17:11:17,949 - INFO - fastread - 199, 480  1143
2019-02-07 17:11:18,146 - INFO - fastread - 199, 512  1138
2019-02-07 17:11:18,306 - INFO - fastread - 200, 544  1133
2019-02-07 17:11:18,528 - INFO - fastread - 200, 576  1128
2019-02-07 17:11:18,746 - INFO - fastread - 200, 608  1122
2019-02-07 17:11:19,023 - INFO - fastread - 202, 640  1119
2019-02-07 17:11:19,353 - INFO - fastread - 202, 672  1113
2019-02-07 17:11:19,504 - INFO - fastread - 202, 704  993
2019-02-07 17:11:19,637 - INFO - fastread - 202, 736  985
2019-02-07 17:11:19,756 - INFO - fastread - 202, 768  977
2019-02-07 17:11:19,919 - INFO - fastread - 202, 800  968
2019-02-07 17:11:20,050 - INFO - fastread - 202, 832  962
2019-02-07 17:11:20,191 - INFO - fastread - 202, 864  955
2019-02-07 17:11:20,352 - INFO - fastread - 202, 896  950
2019-02-07 17:11:20,534 - INFO - fastread - 202, 928  945
2019-02-07 17:11:20,745 - INFO - fastread - 202, 960  939
2019-02-07 17:11:20,987 - INFO - fastread - 202, 992  934
2019-02-07 17:11:21,148 - INFO - fastread - 202, 1024  855
2019-02-07 17:11:21,310 - INFO - fastread - 202, 1056  846
2019-02-07 17:11:21,479 - INFO - fastread - 202, 1088  840
2019-02-07 17:11:21,633 - INFO - fastread - 202, 1120  836
2019-02-07 17:11:21,783 - INFO - fastread - 202, 1152  830
2019-02-07 17:11:21,952 - INFO - fastread - 202, 1184  824
2019-02-07 17:11:22,135 - INFO - fastread - 202, 1216  817
2019-02-07 17:11:22,357 - INFO - fastread - 202, 1248  811
2019-02-07 17:11:22,569 - INFO - fastread - 202, 1280  774
2019-02-07 17:11:22,740 - INFO - fastread - 202, 1312  760
2019-02-07 17:11:22,901 - INFO - fastread - 202, 1344  747
2019-02-07 17:11:23,052 - INFO - fastread - 202, 1376  740
2019-02-07 17:11:23,211 - INFO - fastread - 202, 1408  733
2019-02-07 17:11:23,353 - INFO - fastread - 202, 1440  728
2019-02-07 17:11:23,524 - INFO - fastread - 202, 1472  723
2019-02-07 17:11:23,766 - INFO - fastread - 202, 1504  719
2019-02-07 17:11:23,947 - INFO - fastread - 202, 1536  691
2019-02-07 17:11:24,149 - INFO - fastread - 202, 1568  682
2019-02-07 17:11:24,320 - INFO - fastread - 202, 1600  672
2019-02-07 17:11:24,461 - INFO - fastread - 202, 1632  662
2019-02-07 17:11:24,612 - INFO - fastread - 202, 1664  655
2019-02-07 17:11:24,763 - INFO - fastread - 202, 1696  649
2019-02-07 17:11:24,914 - INFO - fastread - 202, 1728  643
2019-02-07 17:11:25,083 - INFO - fastread - 202, 1760  636
2019-02-07 17:11:25,226 - INFO - fastread - 202, 1792  620
2019-02-07 17:11:25,377 - INFO - fastread - 202, 1824  612
2019-02-07 17:11:25,517 - INFO - fastread - 202, 1856  605
2019-02-07 17:11:25,656 - INFO - fastread - 202, 1888  596
2019-02-07 17:11:25,789 - INFO - fastread - 202, 1920  589
2019-02-07 17:11:25,919 - INFO - fastread - 202, 1952  585
2019-02-07 17:11:26,050 - INFO - fastread - 202, 1984  579
2019-02-07 17:11:26,221 - INFO - fastread - 202, 2016  573
2019-02-07 17:11:26,403 - INFO - fastread - 202, 2048  562
2019-02-07 17:11:26,501 - INFO - fastread - 202, 2080  552
2019-02-07 17:11:26,624 - INFO - fastread - 202, 2112  547
2019-02-07 17:11:26,754 - INFO - fastread - 202, 2144  542
2019-02-07 17:11:26,875 - INFO - fastread - 203, 2176  539
2019-02-07 17:11:26,996 - INFO - fastread - 203, 2208  534
2019-02-07 17:11:27,147 - INFO - fastread - 203, 2240  528
2019-02-07 17:11:27,257 - INFO - fastread - 203, 2272  516
2019-02-07 17:11:27,368 - INFO - fastread - 203, 2304  512
2019-02-07 17:11:27,467 - INFO - fastread - 203, 2336  508
2019-02-07 17:11:27,560 - INFO - fastread - 203, 2368  503
2019-02-07 17:11:27,691 - INFO - fastread - 203, 2400  499
2019-02-07 17:11:27,792 - INFO - fastread - 203, 2432  495
2019-02-07 17:11:27,922 - INFO - fastread - 203, 2464  488
2019-02-07 17:11:28,033 - INFO - fastread - 203, 2496  482
2019-02-07 17:11:28,154 - INFO - fastread - 203, 2528  475
2019-02-07 17:11:28,245 - INFO - fastread - 203, 2560  472
2019-02-07 17:11:28,363 - INFO - fastread - 203, 2592  468
2019-02-07 17:11:28,491 - INFO - fastread - 203, 2624  463
2019-02-07 17:11:28,611 - INFO - fastread - 203, 2656  459
2019-02-07 17:11:28,730 - INFO - fastread - 203, 2688  455
2019-02-07 17:11:28,851 - INFO - fastread - 203, 2720  450
2019-02-07 17:11:28,972 - INFO - fastread - 203, 2752  446
2019-02-07 17:11:29,060 - INFO - fastread - 203, 2784  438
2019-02-07 17:11:29,153 - INFO - fastread - 203, 2816  436
2019-02-07 17:11:29,254 - INFO - fastread - 203, 2848  432
2019-02-07 17:11:29,383 - INFO - fastread - 203, 2880  429
2019-02-07 17:11:29,506 - INFO - fastread - 203, 2912  425
2019-02-07 17:11:29,606 - INFO - fastread - 203, 2944  421
2019-02-07 17:11:29,717 - INFO - fastread - 203, 2976  418
2019-02-07 17:11:29,846 - INFO - fastread - 203, 3008  414
2019-02-07 17:11:29,979 - INFO - fastread - 203, 3040  409
2019-02-07 17:11:30,240 - INFO - fastread - 203, 3072  406
2019-02-07 17:11:30,391 - INFO - fastread - 203, 3104  401
2019-02-07 17:11:30,562 - INFO - fastread - 203, 3136  399
2019-02-07 17:11:30,696 - INFO - fastread - 203, 3168  395
2019-02-07 17:11:30,817 - INFO - fastread - 203, 3200  392
2019-02-07 17:11:30,925 - INFO - fastread - 203, 3232  389
2019-02-07 17:11:31,077 - INFO - fastread - 203, 3264  386
2019-02-07 17:11:31,183 - INFO - fastread - 203, 3296  381
2019-02-07 17:11:31,299 - INFO - fastread - 203, 3328  379
2019-02-07 17:11:31,411 - INFO - fastread - 204, 3360  378
2019-02-07 17:11:31,491 - INFO - fastread - 204, 3392  374
2019-02-07 17:11:31,589 - INFO - fastread - 204, 3424  371
2019-02-07 17:11:31,692 - INFO - fastread - 204, 3456  368
2019-02-07 17:11:31,786 - INFO - fastread - 204, 3488  365
2019-02-07 17:11:31,873 - INFO - fastread - 204, 3520  362
2019-02-07 17:11:32,037 - INFO - fastread - 204, 3552  360
2019-02-07 17:11:32,133 - INFO - fastread - 204, 3584  357
2019-02-07 17:11:32,235 - INFO - fastread - 204, 3616  354
2019-02-07 17:11:32,309 - INFO - fastread - 204, 3648  350
2019-02-07 17:11:32,404 - INFO - fastread - 204, 3680  348
2019-02-07 17:11:32,479 - INFO - fastread - 204, 3712  345
2019-02-07 17:11:32,567 - INFO - fastread - 204, 3744  342
2019-02-07 17:11:32,691 - INFO - fastread - 204, 3776  341
2019-02-07 17:11:32,779 - INFO - fastread - 204, 3808  338
2019-02-07 17:11:32,858 - INFO - fastread - 204, 3840  335
2019-02-07 17:11:32,957 - INFO - fastread - 204, 3872  332
2019-02-07 17:11:33,080 - INFO - fastread - 204, 3904  330
2019-02-07 17:11:33,188 - INFO - fastread - 204, 3936  328
2019-02-07 17:11:33,277 - INFO - fastread - 204, 3968  325
2019-02-07 17:11:33,369 - INFO - fastread - 204, 4000  323
2019-02-07 17:11:33,464 - INFO - fastread - 204, 4032  321
2019-02-07 17:11:33,560 - INFO - fastread - 204, 4064  319
2019-02-07 17:11:33,749 - INFO - fastread - 204, 4096  317
2019-02-07 17:11:33,847 - INFO - fastread - 204, 4128  314
2019-02-07 17:11:33,954 - INFO - fastread - 204, 4160  312
2019-02-07 17:11:34,070 - INFO - fastread - 204, 4192  309
2019-02-07 17:11:34,172 - INFO - fastread - 204, 4224  307
2019-02-07 17:11:34,267 - INFO - fastread - 204, 4256  305
2019-02-07 17:11:34,347 - INFO - fastread - 204, 4288  304
2019-02-07 17:11:34,442 - INFO - fastread - 204, 4320  302
2019-02-07 17:11:34,522 - INFO - fastread - 204, 4352  300
2019-02-07 17:11:34,602 - INFO - fastread - 204, 4384  298
2019-02-07 17:11:34,670 - INFO - fastread - 204, 4416  295
2019-02-07 17:11:34,721 - INFO - fastread - 204, 4448  292
2019-02-07 17:11:34,781 - INFO - fastread - 204, 4480  290
2019-02-07 17:11:34,835 - INFO - fastread - 204, 4512  288
2019-02-07 17:11:34,894 - INFO - fastread - 204, 4544  286
2019-02-07 17:11:34,974 - INFO - fastread - 204, 4576  285
2019-02-07 17:11:35,024 - INFO - fastread - 204, 4608  283
2019-02-07 17:11:35,078 - INFO - fastread - 204, 4640  282
2019-02-07 17:11:35,128 - INFO - fastread - 204, 4672  280
2019-02-07 17:11:35,180 - INFO - fastread - 204, 4704  278
2019-02-07 17:11:35,232 - INFO - fastread - 204, 4736  276
2019-02-07 17:11:35,286 - INFO - fastread - 204, 4768  273
2019-02-07 17:11:35,344 - INFO - fastread - 204, 4800  272
2019-02-07 17:11:35,394 - INFO - fastread - 204, 4832  270
2019-02-07 17:11:35,434 - INFO - fastread - 204, 4864  268
2019-02-07 17:11:35,476 - INFO - fastread - 204, 4896  266
2019-02-07 17:11:35,521 - INFO - fastread - 204, 4928  265
2019-02-07 17:11:35,573 - INFO - fastread - 204, 4960  264
2019-02-07 17:11:35,626 - INFO - fastread - 204, 4992  262
2019-02-07 17:11:35,673 - INFO - fastread - 204, 5024  260
2019-02-07 17:11:35,755 - INFO - fastread - 204, 5056  258
2019-02-07 17:11:35,802 - INFO - fastread - 204, 5088  256
2019-02-07 17:11:35,846 - INFO - fastread - 204, 5120  255
2019-02-07 17:11:35,892 - INFO - fastread - 204, 5152  253
2019-02-07 17:11:35,940 - INFO - fastread - 204, 5184  251
2019-02-07 17:11:35,978 - INFO - fastread - 204, 5216  250
2019-02-07 17:11:36,017 - INFO - fastread - 204, 5248  248
2019-02-07 17:11:36,055 - INFO - fastread - 204, 5280  247
2019-02-07 17:11:36,091 - INFO - fastread - 204, 5312  245
2019-02-07 17:11:36,134 - INFO - fastread - 204, 5344  244
2019-02-07 17:11:36,170 - INFO - fastread - 204, 5376  242
2019-02-07 17:11:36,228 - INFO - fastread - 204, 5408  241
2019-02-07 17:11:36,271 - INFO - fastread - 204, 5440  239
2019-02-07 17:11:36,310 - INFO - fastread - 204, 5472  237
2019-02-07 17:11:36,348 - INFO - fastread - 204, 5504  235
2019-02-07 17:11:36,393 - INFO - fastread - 204, 5536  234
2019-02-07 17:11:36,431 - INFO - fastread - 204, 5568  232
2019-02-07 17:11:36,495 - INFO - fastread - 204, 5600  230
2019-02-07 17:11:36,533 - INFO - fastread - 204, 5632  229
2019-02-07 17:11:36,570 - INFO - fastread - 204, 5664  228
2019-02-07 17:11:36,606 - INFO - fastread - 204, 5696  227
2019-02-07 17:11:36,636 - INFO - fastread - 204, 5728  225
2019-02-07 17:11:36,672 - INFO - fastread - 204, 5760  224
2019-02-07 17:11:36,716 - INFO - fastread - 204, 5792  222
2019-02-07 17:11:36,754 - INFO - fastread - 204, 5824  221
2019-02-07 17:11:36,791 - INFO - fastread - 204, 5856  219
2019-02-07 17:11:36,830 - INFO - fastread - 204, 5888  218
2019-02-07 17:11:36,863 - INFO - fastread - 204, 5920  216
2019-02-07 17:11:36,889 - INFO - fastread - 204, 5952  215
2019-02-07 17:11:36,922 - INFO - fastread - 204, 5984  213
2019-02-07 17:11:36,966 - INFO - fastread - 204, 6016  212
2019-02-07 17:11:37,010 - INFO - fastread - 204, 6048  210
2019-02-07 17:11:37,081 - INFO - fastread - 204, 6080  209
2019-02-07 17:11:37,111 - INFO - fastread - 204, 6112  208
2019-02-07 17:11:37,142 - INFO - fastread - 204, 6144  207
2019-02-07 17:11:37,171 - INFO - fastread - 204, 6176  205
2019-02-07 17:11:37,204 - INFO - fastread - 204, 6208  204
2019-02-07 17:11:37,217 - INFO - fastread - IGNORE columba-1.4-src | Total: 6468 | Percent Checked: 0.96 | Total Yes Data: 204 | Percent Yes Checked: 1.0
