2019-02-07 17:14:05,857 - INFO - rig - jEdit-4.2
2019-02-07 17:14:10,056 - INFO - rig - ++++NEW CLF++++ FASTREAD
2019-02-07 17:14:10,056 - INFO - rig - ++++NEW CLF++++ QUICKREAD
2019-02-07 17:14:10,056 - INFO - quickread - Total Yes: 256 | Total No: 10066
2019-02-07 17:14:10,463 - INFO - quickread - 0, 0  475
2019-02-07 17:14:13,889 - INFO - quickread - 2, 51  475
2019-02-07 17:14:17,512 - INFO - quickread - 4, 101  475
2019-02-07 17:14:21,108 - INFO - quickread - 5, 151  475
2019-02-07 17:14:25,834 - INFO - quickread - 44, 202  122
2019-02-07 17:14:31,086 - INFO - quickread - 73, 253  148
2019-02-07 17:14:35,917 - INFO - quickread - 99, 304  183
2019-02-07 17:14:40,209 - INFO - quickread - 121, 355  197
2019-02-07 17:14:44,183 - INFO - quickread - 142, 406  215
2019-02-07 17:14:48,131 - INFO - quickread - 150, 457  250
2019-02-07 17:14:51,963 - INFO - quickread - 162, 508  231
2019-02-07 17:14:55,773 - INFO - quickread - 168, 559  240
2019-02-07 17:14:59,387 - INFO - quickread - 180, 610  227
2019-02-07 17:15:02,996 - INFO - quickread - 184, 661  241
2019-02-07 17:15:06,767 - INFO - quickread - 196, 712  225
2019-02-07 17:15:10,601 - INFO - quickread - 200, 763  244
2019-02-07 17:15:14,377 - INFO - quickread - 206, 814  233
2019-02-07 17:15:17,933 - INFO - quickread - 213, 865  235
2019-02-07 17:15:21,443 - INFO - quickread - 215, 916  241
2019-02-07 17:15:24,838 - INFO - quickread - 219, 967  234
2019-02-07 17:15:28,164 - INFO - quickread - 223, 1018  236
2019-02-07 17:15:31,504 - INFO - quickread - 227, 1069  238
2019-02-07 17:15:34,864 - INFO - quickread - 227, 1120  241
2019-02-07 17:15:38,210 - INFO - quickread - 228, 1171  235
2019-02-07 17:15:41,507 - INFO - quickread - 231, 1222  233
2019-02-07 17:15:44,778 - INFO - quickread - 234, 1273  236
2019-02-07 17:15:48,273 - INFO - quickread - 234, 1324  240
2019-02-07 17:15:51,577 - INFO - quickread - 237, 1375  237
2019-02-07 17:15:55,050 - INFO - quickread - 240, 1426  240
2019-02-07 17:15:58,402 - INFO - quickread - 242, 1477  244
2019-02-07 17:16:01,768 - INFO - quickread - 243, 1528  246
2019-02-07 17:16:05,371 - INFO - quickread - 243, 1579  246
2019-02-07 17:16:08,663 - INFO - quickread - 244, 1630  244
2019-02-07 17:16:12,138 - INFO - quickread - 249, 1681  244
2019-02-07 17:16:15,611 - INFO - quickread - 249, 1732  251
2019-02-07 17:16:19,091 - INFO - quickread - 249, 1783  249
2019-02-07 17:16:22,569 - INFO - quickread - 249, 1834  247
2019-02-07 17:16:40,617 - INFO - quickread - 250, 2011  247
2019-02-07 17:16:57,070 - INFO - quickread - 250, 2173  247
2019-02-07 17:17:13,281 - INFO - quickread - 250, 2351  246
2019-02-07 17:17:13,281 - INFO - quickread - IGNORE jEdit-4.2 NO IMPROVEMENT after 3 random loops. EXITING. Current estimate: 259
2019-02-07 17:17:13,301 - INFO - quickread - IGNORE jEdit-4.2 | Total: 10322 | Percent Checked: 0.23 | Total Yes Data: 256 | Percent Yes Checked: 0.98
2019-02-07 17:17:13,302 - INFO - rig - ++++NEW CLF++++ SGD
2019-02-07 17:17:13,302 - INFO - fastread - Total Yes: 256 | Total No: 10066
2019-02-07 17:17:14,205 - INFO - fastread - 38, 51  676
2019-02-07 17:17:14,772 - INFO - fastread - 71, 102  957
2019-02-07 17:17:15,255 - INFO - fastread - 106, 153  1115
2019-02-07 17:17:15,721 - INFO - fastread - 129, 204  1281
2019-02-07 17:17:16,123 - INFO - fastread - 144, 255  1298
2019-02-07 17:17:16,399 - INFO - fastread - 161, 306  1352
2019-02-07 17:17:16,678 - INFO - fastread - 177, 357  1367
2019-02-07 17:17:17,033 - INFO - fastread - 191, 408  1457
2019-02-07 17:17:17,408 - INFO - fastread - 197, 459  1457
2019-02-07 17:17:17,851 - INFO - fastread - 201, 510  1452
2019-02-07 17:17:18,095 - INFO - fastread - 203, 561  1364
2019-02-07 17:17:18,473 - INFO - fastread - 212, 612  1449
2019-02-07 17:17:18,724 - INFO - fastread - 217, 663  1368
2019-02-07 17:17:18,944 - INFO - fastread - 221, 714  1364
2019-02-07 17:17:19,215 - INFO - fastread - 224, 765  1360
2019-02-07 17:17:19,469 - INFO - fastread - 225, 816  1354
2019-02-07 17:17:19,725 - INFO - fastread - 225, 867  1345
2019-02-07 17:17:20,012 - INFO - fastread - 226, 918  1339
2019-02-07 17:17:20,359 - INFO - fastread - 229, 969  1335
2019-02-07 17:17:20,770 - INFO - fastread - 229, 1020  1324
2019-02-07 17:17:21,120 - INFO - fastread - 229, 1071  1264
2019-02-07 17:17:21,373 - INFO - fastread - 229, 1122  1198
2019-02-07 17:17:21,623 - INFO - fastread - 229, 1173  1190
2019-02-07 17:17:21,868 - INFO - fastread - 229, 1224  1184
2019-02-07 17:17:22,112 - INFO - fastread - 229, 1275  1178
2019-02-07 17:17:22,460 - INFO - fastread - 229, 1326  1171
2019-02-07 17:17:22,763 - INFO - fastread - 229, 1377  1122
2019-02-07 17:17:23,090 - INFO - fastread - 229, 1428  1116
2019-02-07 17:17:23,466 - INFO - fastread - 229, 1479  1108
2019-02-07 17:17:23,683 - INFO - fastread - 229, 1530  1060
2019-02-07 17:17:23,944 - INFO - fastread - 229, 1581  1054
2019-02-07 17:17:24,232 - INFO - fastread - 229, 1632  1048
2019-02-07 17:17:24,508 - INFO - fastread - 229, 1683  1007
2019-02-07 17:17:24,763 - INFO - fastread - 229, 1734  1002
2019-02-07 17:17:25,066 - INFO - fastread - 229, 1785  995
2019-02-07 17:17:25,379 - INFO - fastread - 229, 1836  985
2019-02-07 17:17:25,702 - INFO - fastread - 229, 1887  974
2019-02-07 17:17:25,996 - INFO - fastread - 229, 1938  918
2019-02-07 17:17:26,278 - INFO - fastread - 229, 1989  913
2019-02-07 17:17:26,551 - INFO - fastread - 229, 2040  908
2019-02-07 17:17:26,894 - INFO - fastread - 229, 2091  903
2019-02-07 17:17:27,179 - INFO - fastread - 229, 2142  893
2019-02-07 17:17:27,493 - INFO - fastread - 229, 2193  884
2019-02-07 17:17:27,721 - INFO - fastread - 229, 2244  840
2019-02-07 17:17:27,950 - INFO - fastread - 229, 2295  835
2019-02-07 17:17:28,205 - INFO - fastread - 229, 2346  830
2019-02-07 17:17:28,463 - INFO - fastread - 229, 2397  822
2019-02-07 17:17:28,745 - INFO - fastread - 229, 2448  816
2019-02-07 17:17:29,016 - INFO - fastread - 229, 2499  809
2019-02-07 17:17:29,282 - INFO - fastread - 229, 2550  784
2019-02-07 17:17:29,476 - INFO - fastread - 229, 2601  767
2019-02-07 17:17:29,717 - INFO - fastread - 229, 2652  763
2019-02-07 17:17:29,990 - INFO - fastread - 229, 2703  756
2019-02-07 17:17:30,287 - INFO - fastread - 229, 2754  750
2019-02-07 17:17:30,545 - INFO - fastread - 229, 2805  727
2019-02-07 17:17:30,890 - INFO - fastread - 230, 2856  724
2019-02-07 17:17:31,265 - INFO - fastread - 231, 2907  722
2019-02-07 17:17:31,580 - INFO - fastread - 232, 2958  719
2019-02-07 17:17:31,840 - INFO - fastread - 233, 3009  704
2019-02-07 17:17:32,065 - INFO - fastread - 235, 3060  702
2019-02-07 17:17:32,237 - INFO - fastread - 235, 3111  682
2019-02-07 17:17:32,449 - INFO - fastread - 236, 3162  680
2019-02-07 17:17:32,642 - INFO - fastread - 237, 3213  676
2019-02-07 17:17:32,846 - INFO - fastread - 239, 3264  675
2019-02-07 17:17:33,067 - INFO - fastread - 239, 3315  671
2019-02-07 17:17:33,278 - INFO - fastread - 239, 3366  666
2019-02-07 17:17:33,472 - INFO - fastread - 239, 3417  641
2019-02-07 17:17:33,651 - INFO - fastread - 239, 3468  637
2019-02-07 17:17:33,833 - INFO - fastread - 241, 3519  636
2019-02-07 17:17:34,000 - INFO - fastread - 241, 3570  632
2019-02-07 17:17:34,226 - INFO - fastread - 241, 3621  628
2019-02-07 17:17:34,456 - INFO - fastread - 241, 3672  625
2019-02-07 17:17:34,689 - INFO - fastread - 242, 3723  621
2019-02-07 17:17:34,940 - INFO - fastread - 242, 3774  617
2019-02-07 17:17:35,138 - INFO - fastread - 242, 3825  603
2019-02-07 17:17:35,388 - INFO - fastread - 242, 3876  600
2019-02-07 17:17:35,565 - INFO - fastread - 242, 3927  589
2019-02-07 17:17:35,817 - INFO - fastread - 242, 3978  587
2019-02-07 17:17:36,010 - INFO - fastread - 242, 4029  574
2019-02-07 17:17:36,200 - INFO - fastread - 242, 4080  570
2019-02-07 17:17:36,374 - INFO - fastread - 242, 4131  567
2019-02-07 17:17:36,567 - INFO - fastread - 242, 4182  563
2019-02-07 17:17:36,764 - INFO - fastread - 242, 4233  560
2019-02-07 17:17:36,930 - INFO - fastread - 242, 4284  550
2019-02-07 17:17:37,106 - INFO - fastread - 242, 4335  546
2019-02-07 17:17:37,306 - INFO - fastread - 242, 4386  537
2019-02-07 17:17:37,471 - INFO - fastread - 242, 4437  533
2019-02-07 17:17:37,657 - INFO - fastread - 242, 4488  531
2019-02-07 17:17:37,796 - INFO - fastread - 242, 4539  521
2019-02-07 17:17:37,938 - INFO - fastread - 242, 4590  518
2019-02-07 17:17:38,098 - INFO - fastread - 242, 4641  514
2019-02-07 17:17:38,292 - INFO - fastread - 243, 4692  513
2019-02-07 17:17:38,469 - INFO - fastread - 243, 4743  510
2019-02-07 17:17:38,625 - INFO - fastread - 243, 4794  497
2019-02-07 17:17:38,791 - INFO - fastread - 243, 4845  494
2019-02-07 17:17:38,939 - INFO - fastread - 244, 4896  492
2019-02-07 17:17:39,083 - INFO - fastread - 244, 4947  489
2019-02-07 17:17:39,225 - INFO - fastread - 245, 4998  487
2019-02-07 17:17:39,383 - INFO - fastread - 246, 5049  486
2019-02-07 17:17:39,578 - INFO - fastread - 246, 5100  483
2019-02-07 17:17:39,743 - INFO - fastread - 247, 5151  477
2019-02-07 17:17:39,931 - INFO - fastread - 247, 5202  475
2019-02-07 17:17:40,089 - INFO - fastread - 248, 5253  473
2019-02-07 17:17:40,253 - INFO - fastread - 252, 5304  475
2019-02-07 17:17:40,424 - INFO - fastread - 252, 5355  471
2019-02-07 17:17:40,565 - INFO - fastread - 252, 5406  469
2019-02-07 17:17:40,697 - INFO - fastread - 252, 5457  465
2019-02-07 17:17:40,838 - INFO - fastread - 252, 5508  456
2019-02-07 17:17:40,976 - INFO - fastread - 252, 5559  454
2019-02-07 17:17:41,100 - INFO - fastread - 252, 5610  450
2019-02-07 17:17:41,229 - INFO - fastread - 252, 5661  448
2019-02-07 17:17:41,361 - INFO - fastread - 252, 5712  445
2019-02-07 17:17:41,491 - INFO - fastread - 252, 5763  439
2019-02-07 17:17:41,655 - INFO - fastread - 252, 5814  437
2019-02-07 17:17:41,817 - INFO - fastread - 252, 5865  434
2019-02-07 17:17:42,032 - INFO - fastread - 252, 5916  432
2019-02-07 17:17:42,228 - INFO - fastread - 252, 5967  429
2019-02-07 17:17:42,378 - INFO - fastread - 252, 6018  420
2019-02-07 17:17:42,512 - INFO - fastread - 252, 6069  418
2019-02-07 17:17:42,643 - INFO - fastread - 252, 6120  417
2019-02-07 17:17:42,755 - INFO - fastread - 252, 6171  414
2019-02-07 17:17:42,902 - INFO - fastread - 252, 6222  411
2019-02-07 17:17:43,042 - INFO - fastread - 252, 6273  406
2019-02-07 17:17:43,221 - INFO - fastread - 252, 6324  404
2019-02-07 17:17:43,357 - INFO - fastread - 252, 6375  401
2019-02-07 17:17:43,477 - INFO - fastread - 252, 6426  399
2019-02-07 17:17:43,631 - INFO - fastread - 252, 6477  397
2019-02-07 17:17:43,826 - INFO - fastread - 252, 6528  395
2019-02-07 17:17:43,971 - INFO - fastread - 252, 6579  388
2019-02-07 17:17:44,141 - INFO - fastread - 252, 6630  386
2019-02-07 17:17:44,303 - INFO - fastread - 252, 6681  384
2019-02-07 17:17:44,459 - INFO - fastread - 252, 6732  381
2019-02-07 17:17:44,627 - INFO - fastread - 252, 6783  378
2019-02-07 17:17:44,742 - INFO - fastread - 252, 6834  376
2019-02-07 17:17:44,868 - INFO - fastread - 252, 6885  373
2019-02-07 17:17:45,009 - INFO - fastread - 252, 6936  371
2019-02-07 17:17:45,159 - INFO - fastread - 253, 6987  370
2019-02-07 17:17:45,284 - INFO - fastread - 253, 7038  367
2019-02-07 17:17:45,388 - INFO - fastread - 253, 7089  364
2019-02-07 17:17:45,505 - INFO - fastread - 253, 7140  362
2019-02-07 17:17:45,617 - INFO - fastread - 253, 7191  360
2019-02-07 17:17:45,723 - INFO - fastread - 253, 7242  356
2019-02-07 17:17:45,870 - INFO - fastread - 253, 7293  354
2019-02-07 17:17:46,000 - INFO - fastread - 253, 7344  352
2019-02-07 17:17:46,090 - INFO - fastread - 253, 7395  349
2019-02-07 17:17:46,196 - INFO - fastread - 253, 7446  347
2019-02-07 17:17:46,315 - INFO - fastread - 253, 7497  344
2019-02-07 17:17:46,421 - INFO - fastread - 253, 7548  342
2019-02-07 17:17:46,525 - INFO - fastread - 253, 7599  341
2019-02-07 17:17:46,613 - INFO - fastread - 253, 7650  338
2019-02-07 17:17:46,701 - INFO - fastread - 253, 7701  336
2019-02-07 17:17:46,852 - INFO - fastread - 253, 7752  334
2019-02-07 17:17:46,953 - INFO - fastread - 253, 7803  332
2019-02-07 17:17:47,055 - INFO - fastread - 253, 7854  330
2019-02-07 17:17:47,160 - INFO - fastread - 253, 7905  326
2019-02-07 17:17:47,247 - INFO - fastread - 253, 7956  323
2019-02-07 17:17:47,338 - INFO - fastread - 253, 8007  322
2019-02-07 17:17:47,418 - INFO - fastread - 254, 8058  321
2019-02-07 17:17:47,501 - INFO - fastread - 254, 8109  319
2019-02-07 17:17:47,581 - INFO - fastread - 254, 8160  317
2019-02-07 17:17:47,668 - INFO - fastread - 254, 8211  314
2019-02-07 17:17:47,790 - INFO - fastread - 254, 8262  313
2019-02-07 17:17:47,870 - INFO - fastread - 254, 8313  311
2019-02-07 17:17:47,948 - INFO - fastread - 254, 8364  309
2019-02-07 17:17:48,024 - INFO - fastread - 254, 8415  307
2019-02-07 17:17:48,107 - INFO - fastread - 254, 8466  305
2019-02-07 17:17:48,197 - INFO - fastread - 254, 8517  303
2019-02-07 17:17:48,284 - INFO - fastread - 254, 8568  302
2019-02-07 17:17:48,372 - INFO - fastread - 254, 8619  299
2019-02-07 17:17:48,480 - INFO - fastread - 254, 8670  298
2019-02-07 17:17:48,613 - INFO - fastread - 254, 8721  296
2019-02-07 17:17:48,710 - INFO - fastread - 254, 8772  294
2019-02-07 17:17:48,789 - INFO - fastread - 254, 8823  291
2019-02-07 17:17:48,857 - INFO - fastread - 254, 8874  289
2019-02-07 17:17:48,946 - INFO - fastread - 254, 8925  287
2019-02-07 17:17:49,029 - INFO - fastread - 254, 8976  285
2019-02-07 17:17:49,108 - INFO - fastread - 254, 9027  284
2019-02-07 17:17:49,186 - INFO - fastread - 254, 9078  282
2019-02-07 17:17:49,264 - INFO - fastread - 254, 9129  280
2019-02-07 17:17:49,340 - INFO - fastread - 254, 9180  278
2019-02-07 17:17:49,447 - INFO - fastread - 254, 9231  276
2019-02-07 17:17:49,519 - INFO - fastread - 254, 9282  274
2019-02-07 17:17:49,594 - INFO - fastread - 254, 9333  273
2019-02-07 17:17:49,664 - INFO - fastread - 255, 9384  271
2019-02-07 17:17:49,734 - INFO - fastread - 255, 9435  270
2019-02-07 17:17:49,818 - INFO - fastread - 255, 9486  268
2019-02-07 17:17:49,884 - INFO - fastread - 255, 9537  266
2019-02-07 17:17:49,950 - INFO - fastread - 255, 9588  266
2019-02-07 17:17:50,005 - INFO - fastread - 255, 9639  264
2019-02-07 17:17:50,105 - INFO - fastread - 255, 9690  262
2019-02-07 17:17:50,182 - INFO - fastread - 255, 9741  260
2019-02-07 17:17:50,237 - INFO - fastread - 256, 9792  259
2019-02-07 17:17:50,292 - INFO - fastread - 256, 9843  258
2019-02-07 17:17:50,340 - INFO - fastread - 256, 9894  256
2019-02-07 17:17:50,368 - INFO - fastread - IGNORE jEdit-4.2 | Total: 10322 | Percent Checked: 0.96 | Total Yes Data: 256 | Percent Yes Checked: 1.0
