2019-01-04 00:02:42,880 STARTING EXPERIMENT
2019-01-04 00:02:42,881 LOG FOLDER: logs/1_3_19_complete
2019-01-04 00:02:42,881 ++++++++++NEW RIG++++++++++
2019-01-04 00:02:43,056 =====CROSS PROJECT=====
2019-01-04 00:02:43,056 Number of CPU: 16
2019-01-04 08:42:21,536 ======END CROSS PROJECT======
2019-01-04 13:58:11,830 STARTING EXPERIMENT
2019-01-04 13:58:11,830 LOG FOLDER: logs/1_3_19_fea20_none
2019-01-04 13:59:20,141 STARTING EXPERIMENT
2019-01-04 13:59:20,141 LOG FOLDER: logs/1_3_19_fea20_none
2019-01-04 14:00:04,119 STARTING EXPERIMENT
2019-01-04 14:00:04,119 LOG FOLDER: logs/1_3_19_fea20_none
2019-01-04 14:00:49,406 STARTING EXPERIMENT
2019-01-04 14:00:49,406 LOG FOLDER: logs/1_3_19_fea20_none
2019-01-04 14:03:43,319 STARTING EXPERIMENT
2019-01-04 14:03:43,319 LOG FOLDER: logs/1_3_19_fea20_none
2019-01-04 14:06:25,218 STARTING EXPERIMENT
2019-01-04 14:06:25,218 LOG FOLDER: logs/1_3_19_fea20_none
2019-01-04 14:06:41,227 STARTING EXPERIMENT
2019-01-04 14:06:41,227 LOG FOLDER: logs/1_3_19_fea20_none
2019-01-04 14:07:03,938 STARTING EXPERIMENT
2019-01-04 14:07:03,938 LOG FOLDER: logs/1_3_19_fea20_none
2019-01-04 14:07:21,937 STARTING EXPERIMENT
2019-01-04 14:07:21,937 LOG FOLDER: logs/1_3_19_fea20_none
2019-01-04 14:08:37,888 STARTING EXPERIMENT
2019-01-04 14:08:37,888 LOG FOLDER: logs/1_3_19_fea20_none
2019-01-04 14:08:59,142 STARTING EXPERIMENT
2019-01-04 14:08:59,142 LOG FOLDER: logs/1_3_19_fea20_none
2019-01-04 14:09:05,819 STARTING EXPERIMENT
2019-01-04 14:09:05,819 LOG FOLDER: logs/1_3_19_fea20_none
2019-01-04 14:09:34,187 STARTING EXPERIMENT
2019-01-04 14:09:34,187 LOG FOLDER: logs/1_3_19_fea20_none
2019-01-04 14:12:49,946 STARTING EXPERIMENT
2019-01-04 14:12:49,946 LOG FOLDER: logs/1_3_19_fea20_none
2019-01-04 14:13:44,211 STARTING EXPERIMENT
2019-01-04 14:13:44,211 LOG FOLDER: logs/1_3_19_fea20_none
2019-01-04 14:15:03,739 STARTING EXPERIMENT
2019-01-04 14:15:03,739 LOG FOLDER: logs/1_3_19_fea20_none
2019-01-04 14:15:31,636 STARTING EXPERIMENT
2019-01-04 14:15:31,636 LOG FOLDER: logs/1_3_19_fea20_none
2019-01-04 14:18:18,756 STARTING EXPERIMENT
2019-01-04 14:18:18,756 LOG FOLDER: logs/1_3_19_fea20_none
2019-01-04 14:20:48,191 STARTING EXPERIMENT
2019-01-04 14:20:48,191 LOG FOLDER: logs/1_3_19_fea20_none
2019-01-04 14:23:37,142 STARTING EXPERIMENT
2019-01-04 14:23:37,142 LOG FOLDER: logs/1_3_19_fea20_none
2019-01-04 14:23:45,888 STARTING EXPERIMENT
2019-01-04 14:23:45,888 LOG FOLDER: logs/1_3_19_fea20_none
2019-01-04 14:23:52,144 STARTING EXPERIMENT
2019-01-04 14:23:52,144 LOG FOLDER: logs/1_3_19_fea20_none
2019-01-04 14:24:21,707 STARTING EXPERIMENT
2019-01-04 14:24:21,707 LOG FOLDER: logs/1_3_19_fea20_none
2019-01-04 14:26:58,837 STARTING EXPERIMENT
2019-01-04 14:26:58,837 LOG FOLDER: logs/1_3_19_fea20_none
2019-01-04 14:27:07,005 STARTING EXPERIMENT
2019-01-04 14:27:07,005 LOG FOLDER: logs/1_3_19_fea20_none
2019-01-04 14:28:16,246 STARTING EXPERIMENT
2019-01-04 14:28:16,246 LOG FOLDER: logs/1_3_19_fea20_none
2019-01-04 14:29:42,992 STARTING EXPERIMENT
2019-01-04 14:29:42,992 LOG FOLDER: logs/1_3_19_fea20_none
2019-01-04 14:30:16,458 STARTING EXPERIMENT
2019-01-04 14:30:16,458 LOG FOLDER: logs/1_3_19_fea20_none
2019-01-04 14:39:47,328 STARTING EXPERIMENT
2019-01-04 14:39:47,329 LOG FOLDER: logs/1_3_19_fea20_none
2019-01-04 14:40:11,424 STARTING EXPERIMENT
2019-01-04 14:40:11,424 LOG FOLDER: logs/1_3_19_fea20_none
2019-01-04 14:43:09,807 STARTING EXPERIMENT
2019-01-04 14:43:09,807 LOG FOLDER: logs/1_3_19_fea20_none
2019-01-04 14:43:21,723 STARTING EXPERIMENT
2019-01-04 14:43:21,723 LOG FOLDER: logs/1_3_19_fea20_none
2019-01-04 14:44:38,625 STARTING EXPERIMENT
2019-01-04 14:44:38,625 LOG FOLDER: logs/1_3_19_fea20_none
2019-01-04 14:44:47,263 STARTING EXPERIMENT
2019-01-04 14:44:47,263 LOG FOLDER: logs/1_3_19_fea20_none
2019-01-04 14:48:39,114 STARTING EXPERIMENT
2019-01-04 14:48:39,114 LOG FOLDER: logs/1_3_19_fea20_none
2019-01-04 14:49:27,651 STARTING EXPERIMENT
2019-01-04 14:49:27,651 LOG FOLDER: logs/1_3_19_fea20_none
2019-01-04 14:49:36,207 STARTING EXPERIMENT
2019-01-04 14:49:36,207 LOG FOLDER: logs/1_3_19_fea20_none
2019-01-04 14:50:04,393 STARTING EXPERIMENT
2019-01-04 14:50:04,393 LOG FOLDER: logs/1_3_19_fea20_none
2019-01-04 14:50:47,676 STARTING EXPERIMENT
2019-01-04 14:50:47,676 LOG FOLDER: logs/1_3_19_fea20_none
2019-01-04 16:01:01,765 STARTING EXPERIMENT
2019-01-04 16:01:01,765 LOG FOLDER: logs/1_3_19_fea20_none
2019-01-04 16:06:13,239 STARTING EXPERIMENT
2019-01-04 16:06:13,239 LOG FOLDER: logs/1_3_19_fea20_none
2019-01-04 16:06:21,318 STARTING EXPERIMENT
2019-01-04 16:06:21,318 LOG FOLDER: logs/1_3_19_fea20_none
2019-01-04 16:08:59,528 STARTING EXPERIMENT
2019-01-04 16:08:59,528 LOG FOLDER: logs/1_3_19_fea20_none
2019-01-04 16:10:06,792 STARTING EXPERIMENT
2019-01-04 16:10:06,792 LOG FOLDER: logs/1_3_19_fea20_none
2019-01-04 16:10:31,519 STARTING EXPERIMENT
2019-01-04 16:10:31,519 LOG FOLDER: logs/1_3_19_fea20_none
2019-01-04 16:10:39,098 STARTING EXPERIMENT
2019-01-04 16:10:39,098 LOG FOLDER: logs/1_3_19_fea20_none
2019-01-04 16:35:49,384 STARTING EXPERIMENT
2019-01-04 16:35:49,384 LOG FOLDER: logs/1_3_19_fea20_none
2019-01-04 16:36:07,545 STARTING EXPERIMENT
2019-01-04 16:36:07,545 LOG FOLDER: logs/1_3_19_fea20_none
2019-01-04 16:36:31,822 STARTING EXPERIMENT
2019-01-04 16:36:31,822 LOG FOLDER: logs/1_3_19_fea20_none
2019-01-04 16:38:31,274 STARTING EXPERIMENT
2019-01-04 16:38:31,274 LOG FOLDER: logs/1_3_19_fea20_none
2019-01-04 16:38:50,830 STARTING EXPERIMENT
2019-01-04 16:38:50,830 LOG FOLDER: logs/1_3_19_fea20_none
2019-01-04 16:39:49,318 STARTING EXPERIMENT
2019-01-04 16:39:49,318 LOG FOLDER: logs/1_3_19_fea20_none
2019-01-04 16:41:26,340 STARTING EXPERIMENT
2019-01-04 16:41:26,340 LOG FOLDER: logs/1_3_19_fea20_none
2019-01-04 16:42:07,836 STARTING EXPERIMENT
2019-01-04 16:42:07,836 LOG FOLDER: logs/1_3_19_fea20_none
2019-01-04 16:45:29,196 STARTING EXPERIMENT
2019-01-04 16:45:29,196 LOG FOLDER: logs/1_3_19_fea20_none
2019-01-04 16:47:42,008 STARTING EXPERIMENT
2019-01-04 16:47:42,008 LOG FOLDER: logs/1_3_19_fea20_none
2019-01-04 16:48:01,568 STARTING EXPERIMENT
2019-01-04 16:48:01,568 LOG FOLDER: logs/1_3_19_fea20_none
2019-01-04 16:48:17,659 STARTING EXPERIMENT
2019-01-04 16:48:17,659 LOG FOLDER: logs/1_3_19_fea20_none
2019-01-04 16:48:50,347 STARTING EXPERIMENT
2019-01-04 16:48:50,347 LOG FOLDER: logs/1_3_19_fea20_none
2019-01-04 16:49:14,965 STARTING EXPERIMENT
2019-01-04 16:49:14,965 LOG FOLDER: logs/1_3_19_fea20_none
2019-01-04 16:49:25,103 STARTING EXPERIMENT
2019-01-04 16:49:25,103 LOG FOLDER: logs/1_3_19_fea20_none
2019-01-04 16:49:37,230 STARTING EXPERIMENT
2019-01-04 16:49:37,230 LOG FOLDER: logs/1_3_19_fea20_none
2019-01-04 16:49:55,073 STARTING EXPERIMENT
2019-01-04 16:49:55,073 LOG FOLDER: logs/1_3_19_fea20_none
