2019-02-07 14:26:18,207 - INFO - rig - jEdit-4.2
2019-02-07 14:26:25,030 - INFO - rig - ++++NEW CLF++++ FASTREAD
2019-02-07 14:26:25,030 - INFO - fastread - Total Yes: 256 | Total No: 10066
2019-02-07 14:26:25,536 - INFO - fastread - 0, 0  475
2019-02-07 14:26:33,094 - INFO - fastread - 38, 40  475
2019-02-07 14:26:44,468 - INFO - fastread - 48, 91  137
2019-02-07 14:26:55,531 - INFO - fastread - 57, 142  151
2019-02-07 14:27:06,338 - INFO - fastread - 82, 193  149
2019-02-07 14:27:17,668 - INFO - fastread - 103, 244  171
2019-02-07 14:27:27,682 - INFO - fastread - 121, 295  257
2019-02-07 14:27:37,661 - INFO - fastread - 139, 346  193
2019-02-07 14:27:47,463 - INFO - fastread - 152, 397  190
2019-02-07 14:27:57,299 - INFO - fastread - 163, 448  199
2019-02-07 14:28:07,105 - INFO - fastread - 175, 499  218
2019-02-07 14:28:17,441 - INFO - fastread - 183, 550  236
2019-02-07 14:28:27,082 - INFO - fastread - 188, 601  221
2019-02-07 14:28:36,624 - INFO - fastread - 194, 652  215
2019-02-07 14:28:45,805 - INFO - fastread - 195, 703  227
2019-02-07 14:28:55,271 - INFO - fastread - 198, 754  214
2019-02-07 14:29:04,853 - INFO - fastread - 202, 805  218
2019-02-07 14:29:14,238 - INFO - fastread - 203, 856  234
2019-02-07 14:29:23,799 - INFO - fastread - 206, 907  223
2019-02-07 14:29:33,110 - INFO - fastread - 206, 958  223
2019-02-07 14:29:42,716 - INFO - fastread - 207, 1009  224
2019-02-07 14:29:51,654 - INFO - fastread - 207, 1060  219
2019-02-07 14:30:01,443 - INFO - fastread - 208, 1111  215
2019-02-07 14:30:09,745 - INFO - fastread - 211, 1162  223
2019-02-07 14:30:18,507 - INFO - fastread - 215, 1213  232
2019-02-07 14:30:27,487 - INFO - fastread - 215, 1264  230
2019-02-07 14:30:36,030 - INFO - fastread - 223, 1315  231
2019-02-07 14:30:45,573 - INFO - fastread - 227, 1366  269
2019-02-07 14:30:55,423 - INFO - fastread - 227, 1417  275
2019-02-07 14:31:04,025 - INFO - fastread - 229, 1468  261
2019-02-07 14:31:13,668 - INFO - fastread - 232, 1519  242
2019-02-07 14:31:23,465 - INFO - fastread - 234, 1570  274
2019-02-07 14:31:33,041 - INFO - fastread - 234, 1621  279
2019-02-07 14:31:43,110 - INFO - fastread - 234, 1672  244
2019-02-07 14:31:52,538 - INFO - fastread - 234, 1723  274
2019-02-07 14:32:02,349 - INFO - fastread - 235, 1774  263
2019-02-07 14:32:13,071 - INFO - fastread - 236, 1825  267
2019-02-07 14:32:22,969 - INFO - fastread - 236, 1876  273
2019-02-07 14:32:33,997 - INFO - fastread - 237, 1927  271
2019-02-07 14:32:44,430 - INFO - fastread - 238, 1978  276
2019-02-07 14:32:55,057 - INFO - fastread - 244, 2029  273
2019-02-07 14:42:44,205 - INFO - rig - jEdit-4.2
2019-02-07 14:42:47,159 - INFO - rig - ++++NEW CLF++++ FASTREAD
2019-02-07 14:42:47,159 - INFO - fastread - Total Yes: 256 | Total No: 10066
2019-02-07 14:42:47,351 - INFO - fastread - 0, 0  475
2019-02-07 14:42:49,402 - INFO - fastread - 32, 34  475
2019-02-07 14:42:53,105 - INFO - fastread - 41, 85  133
2019-02-07 14:42:56,963 - INFO - fastread - 57, 136  146
2019-02-07 14:43:00,845 - INFO - fastread - 82, 187  147
2019-02-07 14:43:04,778 - INFO - fastread - 98, 238  157
2019-02-07 14:43:08,358 - INFO - fastread - 112, 289  212
2019-02-07 14:43:11,953 - INFO - fastread - 127, 340  214
2019-02-07 14:43:15,587 - INFO - fastread - 138, 391  200
2019-02-07 14:43:19,241 - INFO - fastread - 150, 442  209
2019-02-07 14:43:22,858 - INFO - fastread - 159, 493  184
2019-02-07 14:43:26,520 - INFO - fastread - 168, 544  191
2019-02-07 14:43:30,267 - INFO - fastread - 174, 595  198
2019-02-07 14:43:34,021 - INFO - fastread - 185, 646  194
2019-02-07 14:43:37,795 - INFO - fastread - 195, 697  209
2019-02-07 14:43:41,691 - INFO - fastread - 201, 748  212
2019-02-07 14:43:45,702 - INFO - fastread - 202, 799  221
2019-02-07 14:43:50,542 - INFO - fastread - 203, 850  224
2019-02-07 14:43:55,991 - INFO - fastread - 203, 901  247
2019-02-07 14:44:02,388 - INFO - fastread - 203, 952  239
2019-02-07 14:44:06,663 - INFO - fastread - 203, 1003  219
2019-02-07 14:44:10,614 - INFO - fastread - 204, 1054  215
2019-02-07 14:44:15,078 - INFO - fastread - 211, 1105  216
2019-02-07 14:44:19,475 - INFO - fastread - 211, 1156  220
2019-02-07 14:44:23,671 - INFO - fastread - 214, 1207  222
2019-02-07 14:44:27,996 - INFO - fastread - 217, 1258  226
2019-02-07 14:44:32,742 - INFO - fastread - 218, 1309  228
2019-02-07 14:44:37,092 - INFO - fastread - 220, 1360  228
2019-02-07 14:44:41,298 - INFO - fastread - 221, 1411  227
2019-02-07 14:44:45,511 - INFO - fastread - 223, 1462  269
2019-02-07 14:44:49,786 - INFO - fastread - 225, 1513  234
2019-02-07 14:44:53,998 - INFO - fastread - 228, 1564  257
2019-02-07 14:44:58,252 - INFO - fastread - 231, 1615  269
2019-02-07 14:45:02,681 - INFO - fastread - 232, 1666  276
2019-02-07 14:45:07,146 - INFO - fastread - 232, 1717  267
2019-02-07 14:45:11,493 - INFO - fastread - 236, 1768  265
2019-02-07 14:45:15,938 - INFO - fastread - 236, 1819  274
2019-02-07 14:45:20,304 - INFO - fastread - 236, 1870  271
2019-02-07 14:45:24,748 - INFO - fastread - 240, 1921  271
2019-02-07 14:45:29,509 - INFO - fastread - 242, 1972  274
2019-02-07 14:45:34,263 - INFO - fastread - 242, 2023  273
2019-02-07 14:45:38,938 - INFO - fastread - 244, 2074  269
2019-02-07 14:45:44,272 - INFO - fastread - 244, 2125  271
2019-02-07 14:45:49,314 - INFO - fastread - 249, 2176  272
2019-02-07 14:45:54,314 - INFO - fastread - 250, 2227  276
2019-02-07 14:45:59,083 - INFO - fastread - 250, 2278  276
2019-02-07 14:46:03,835 - INFO - fastread - 250, 2329  275
2019-02-07 14:46:08,555 - INFO - fastread - 250, 2380  276
2019-02-07 14:46:13,186 - INFO - fastread - 250, 2431  277
2019-02-07 14:46:17,804 - INFO - fastread - 251, 2482  276
2019-02-07 14:46:22,407 - INFO - fastread - 251, 2533  280
2019-02-07 14:46:27,035 - INFO - fastread - 251, 2584  288
2019-02-07 14:46:31,682 - INFO - fastread - 251, 2635  279
2019-02-07 14:46:36,364 - INFO - fastread - 252, 2686  277
2019-02-07 14:46:41,288 - INFO - fastread - 252, 2737  302
2019-02-07 14:46:46,322 - INFO - fastread - 252, 2788  290
2019-02-07 14:46:51,147 - INFO - fastread - 252, 2839  280
2019-02-07 14:46:55,924 - INFO - fastread - 252, 2890  269
2019-02-07 14:47:06,848 - INFO - fastread - 252, 3028  273
2019-02-07 14:47:18,228 - INFO - fastread - 252, 3171  274
2019-02-07 14:47:30,180 - INFO - fastread - 252, 3314  274
2019-02-07 14:47:35,684 - INFO - fastread - 252, 3365  274
2019-02-07 14:47:35,684 - INFO - fastread - IGNORE jEdit-4.2 NO IMPROVEMENT after 3 random loops. EXITING. Current estimate: 289
2019-02-07 14:47:35,704 - INFO - fastread - IGNORE jEdit-4.2 | Total: 10322 | Percent Checked: 0.33 | Total Yes Data: 256 | Percent Yes Checked: 0.98
2019-02-07 14:47:35,704 - INFO - rig - ++++NEW CLF++++ QUICKREAD
2019-02-07 14:47:35,704 - INFO - quickread - Total Yes: 256 | Total No: 10066
2019-02-07 14:47:35,945 - INFO - quickread - 0, 0  475
2019-02-07 14:57:35,032 - INFO - rig - jEdit-4.2
2019-02-07 14:57:38,097 - INFO - rig - ++++NEW CLF++++ FASTREAD
2019-02-07 14:57:38,097 - INFO - fastread - Total Yes: 256 | Total No: 10066
2019-02-07 14:57:38,299 - INFO - fastread - 0, 0  475
2019-02-07 14:57:40,437 - INFO - fastread - 33, 35  475
2019-02-07 14:57:44,334 - INFO - fastread - 42, 86  133
2019-02-07 14:57:48,193 - INFO - fastread - 61, 137  136
2019-02-07 14:57:52,075 - INFO - fastread - 92, 188  155
2019-02-07 14:57:55,602 - INFO - fastread - 117, 239  214
2019-02-07 14:57:59,262 - INFO - fastread - 136, 290  239
2019-02-07 14:58:03,056 - INFO - fastread - 147, 341  222
2019-02-07 14:58:06,863 - INFO - fastread - 157, 392  201
2019-02-07 14:58:10,756 - INFO - fastread - 169, 443  220
2019-02-07 14:58:14,506 - INFO - fastread - 184, 494  228
2019-02-07 14:58:18,404 - INFO - fastread - 191, 545  237
2019-02-07 14:58:22,347 - INFO - fastread - 193, 596  241
2019-02-07 14:58:26,283 - INFO - fastread - 201, 647  222
2019-02-07 14:58:30,339 - INFO - fastread - 202, 698  236
2019-02-07 14:58:34,219 - INFO - fastread - 202, 749  228
2019-02-07 14:58:38,066 - INFO - fastread - 202, 800  221
2019-02-07 14:58:41,948 - INFO - fastread - 202, 851  221
2019-02-07 14:58:45,808 - INFO - fastread - 204, 902  219
2019-02-07 14:58:49,710 - INFO - fastread - 205, 953  217
2019-02-07 14:58:53,600 - INFO - fastread - 208, 1004  221
2019-02-07 14:58:57,476 - INFO - fastread - 208, 1055  218
2019-02-07 14:59:01,373 - INFO - fastread - 208, 1106  214
2019-02-07 14:59:05,291 - INFO - fastread - 209, 1157  220
2019-02-07 14:59:09,257 - INFO - fastread - 209, 1208  217
2019-02-07 14:59:13,239 - INFO - fastread - 216, 1259  229
2019-02-07 14:59:17,294 - INFO - fastread - 220, 1310  231
2019-02-07 14:59:21,392 - INFO - fastread - 220, 1361  234
2019-02-07 14:59:25,650 - INFO - fastread - 220, 1412  254
2019-02-07 14:59:30,112 - INFO - fastread - 220, 1463  251
2019-02-07 14:59:34,613 - INFO - fastread - 224, 1514  245
2019-02-07 14:59:39,077 - INFO - fastread - 227, 1565  262
2019-02-07 14:59:43,687 - INFO - fastread - 227, 1616  260
2019-02-07 14:59:48,270 - INFO - fastread - 229, 1667  265
2019-02-07 14:59:52,779 - INFO - fastread - 231, 1718  267
2019-02-07 14:59:57,202 - INFO - fastread - 232, 1769  262
2019-02-07 15:00:01,577 - INFO - fastread - 234, 1820  261
2019-02-07 15:00:05,911 - INFO - fastread - 235, 1871  269
2019-02-07 15:00:10,255 - INFO - fastread - 238, 1922  269
2019-02-07 15:00:14,643 - INFO - fastread - 239, 1973  266
2019-02-07 15:00:19,068 - INFO - fastread - 239, 2024  268
2019-02-07 15:00:23,490 - INFO - fastread - 240, 2075  266
2019-02-07 15:00:27,998 - INFO - fastread - 240, 2126  266
2019-02-07 15:00:32,533 - INFO - fastread - 241, 2177  265
2019-02-07 15:00:37,206 - INFO - fastread - 248, 2228  275
2019-02-07 15:00:42,014 - INFO - fastread - 249, 2279  274
2019-02-07 15:00:46,686 - INFO - fastread - 249, 2330  280
2019-02-07 15:00:51,354 - INFO - fastread - 249, 2381  281
2019-02-07 15:00:56,099 - INFO - fastread - 249, 2432  276
2019-02-07 15:01:01,098 - INFO - fastread - 249, 2483  276
2019-02-07 15:01:11,997 - INFO - fastread - 249, 2626  275
2019-02-07 15:01:22,800 - INFO - fastread - 249, 2769  278
2019-02-07 15:01:27,493 - INFO - fastread - 250, 2820  276
2019-02-07 15:01:32,239 - INFO - fastread - 250, 2871  275
2019-02-07 15:01:37,015 - INFO - fastread - 250, 2922  277
2019-02-07 15:01:41,850 - INFO - fastread - 251, 2973  275
2019-02-07 15:01:47,022 - INFO - fastread - 251, 3024  291
2019-02-07 15:01:51,907 - INFO - fastread - 251, 3075  300
2019-02-07 15:01:56,932 - INFO - fastread - 251, 3126  275
2019-02-07 15:02:01,948 - INFO - fastread - 251, 3177  271
2019-02-07 15:02:13,305 - INFO - fastread - 251, 3316  279
2019-02-07 15:02:24,393 - INFO - fastread - 251, 3456  275
2019-02-07 15:02:29,618 - INFO - fastread - 252, 3507  272
2019-02-07 15:02:34,704 - INFO - fastread - 252, 3558  272
2019-02-07 15:02:39,812 - INFO - fastread - 252, 3609  273
2019-02-07 15:02:44,944 - INFO - fastread - 252, 3660  272
2019-02-07 15:02:50,087 - INFO - fastread - 252, 3711  273
2019-02-07 15:03:01,537 - INFO - fastread - 252, 3842  271
2019-02-07 15:03:13,062 - INFO - fastread - 252, 3981  273
2019-02-07 15:03:24,539 - INFO - fastread - 252, 4119  273
2019-02-07 15:03:29,818 - INFO - fastread - 252, 4170  273
2019-02-07 15:03:29,818 - INFO - fastread - IGNORE jEdit-4.2 NO IMPROVEMENT after 3 random loops. EXITING. Current estimate: 288
2019-02-07 15:03:29,828 - INFO - fastread - IGNORE jEdit-4.2 | Total: 10322 | Percent Checked: 0.4 | Total Yes Data: 256 | Percent Yes Checked: 0.98
2019-02-07 15:03:29,828 - INFO - rig - ++++NEW CLF++++ QUICKREAD
2019-02-07 15:03:29,828 - INFO - quickread - Total Yes: 256 | Total No: 10066
2019-02-07 15:03:30,041 - INFO - quickread - 0, 0  475
2019-02-07 15:03:33,271 - INFO - quickread - 2, 51  475
2019-02-07 15:03:36,423 - INFO - quickread - 4, 101  475
2019-02-07 15:03:39,551 - INFO - quickread - 5, 151  475
2019-02-07 15:03:43,156 - INFO - quickread - 44, 202  74
2019-02-07 15:03:46,957 - INFO - quickread - 73, 253  107
2019-02-07 15:03:50,840 - INFO - quickread - 99, 304  138
2019-02-07 15:03:54,524 - INFO - quickread - 123, 355  159
2019-02-07 15:03:58,101 - INFO - quickread - 142, 406  184
2019-02-07 15:04:01,606 - INFO - quickread - 149, 457  205
2019-02-07 15:04:05,100 - INFO - quickread - 163, 508  196
2019-02-07 15:04:08,613 - INFO - quickread - 168, 559  212
2019-02-07 15:04:12,018 - INFO - quickread - 180, 610  205
2019-02-07 15:04:15,418 - INFO - quickread - 184, 661  218
2019-02-07 15:04:18,748 - INFO - quickread - 196, 712  210
2019-02-07 15:04:22,204 - INFO - quickread - 200, 763  228
2019-02-07 15:04:25,592 - INFO - quickread - 206, 814  224
2019-02-07 15:04:29,050 - INFO - quickread - 212, 865  227
2019-02-07 15:04:32,444 - INFO - quickread - 215, 916  231
2019-02-07 15:04:35,723 - INFO - quickread - 219, 967  229
2019-02-07 15:04:39,185 - INFO - quickread - 223, 1018  231
2019-02-07 15:04:42,450 - INFO - quickread - 227, 1069  234
2019-02-07 15:04:45,713 - INFO - quickread - 227, 1120  237
2019-02-07 15:04:48,939 - INFO - quickread - 228, 1171  233
2019-02-07 15:04:52,173 - INFO - quickread - 229, 1222  231
2019-02-07 15:04:55,388 - INFO - quickread - 234, 1273  230
2019-02-07 15:04:59,021 - INFO - quickread - 235, 1324  238
2019-02-07 15:05:03,523 - INFO - quickread - 237, 1375  237
2019-02-07 15:05:07,264 - INFO - quickread - 240, 1426  238
2019-02-07 15:05:10,978 - INFO - quickread - 242, 1477  242
2019-02-07 15:05:14,714 - INFO - quickread - 243, 1528  244
2019-02-07 15:05:18,786 - INFO - quickread - 243, 1579  244
2019-02-07 15:05:28,335 - INFO - quickread - 243, 1710  242
2019-02-07 15:05:31,549 - INFO - quickread - 249, 1761  241
2019-02-07 15:05:31,549 - INFO - quickread - IGNORE jEdit-4.2 NO IMPROVEMENT after 3 random loops. EXITING. Current estimate: 254
2019-02-07 15:05:31,561 - INFO - quickread - IGNORE jEdit-4.2 | Total: 10322 | Percent Checked: 0.17 | Total Yes Data: 256 | Percent Yes Checked: 0.97
2019-02-07 15:05:31,561 - INFO - rig - ++++NEW CLF++++ SGD
2019-02-07 15:05:31,561 - INFO - fastread - Total Yes: 256 | Total No: 10066
2019-02-07 15:05:31,641 - INFO - fastread - 9, 10
2019-02-07 15:05:31,642 - INFO - fastread - 18, 20
2019-02-07 15:05:31,642 - INFO - fastread - 27, 30
2019-02-07 15:05:31,642 - INFO - fastread - 31, 40
2019-02-07 15:05:31,652 - INFO - fastread - 37, 50
2019-02-07 15:05:31,652 - INFO - fastread - 44, 60
2019-02-07 15:05:31,652 - INFO - fastread - 52, 70
2019-02-07 15:05:31,652 - INFO - fastread - 58, 80
2019-02-07 15:05:31,662 - INFO - fastread - 61, 90
2019-02-07 15:05:31,662 - INFO - fastread - 69, 100
2019-02-07 15:05:31,670 - INFO - fastread - 77, 110
2019-02-07 15:05:31,672 - INFO - fastread - 82, 120
2019-02-07 15:05:31,672 - INFO - fastread - 89, 130
2019-02-07 15:05:31,682 - INFO - fastread - 96, 140
2019-02-07 15:05:31,682 - INFO - fastread - 103, 150
2019-02-07 15:05:31,682 - INFO - fastread - 110, 160
2019-02-07 15:05:31,690 - INFO - fastread - 114, 170
2019-02-07 15:05:31,692 - INFO - fastread - 117, 180
2019-02-07 15:05:31,692 - INFO - fastread - 119, 190
2019-02-07 15:05:31,692 - INFO - fastread - 127, 200
2019-02-07 15:05:31,700 - INFO - fastread - 132, 210
2019-02-07 15:05:31,702 - INFO - fastread - 136, 220
2019-02-07 15:05:31,702 - INFO - fastread - 138, 230
2019-02-07 15:05:31,712 - INFO - fastread - 140, 240
2019-02-07 15:05:31,712 - INFO - fastread - 144, 250
2019-02-07 15:05:31,723 - INFO - fastread - 145, 260
2019-02-07 15:05:31,723 - INFO - fastread - 147, 270
2019-02-07 15:05:31,731 - INFO - fastread - 150, 280
2019-02-07 15:05:31,733 - INFO - fastread - 152, 290
2019-02-07 15:05:31,733 - INFO - fastread - 158, 300
2019-02-07 15:05:31,743 - INFO - fastread - 164, 310
2019-02-07 15:05:31,743 - INFO - fastread - 169, 320
2019-02-07 15:05:31,751 - INFO - fastread - 173, 330
2019-02-07 15:05:31,753 - INFO - fastread - 175, 340
2019-02-07 15:05:31,761 - INFO - fastread - 175, 350
2019-02-07 15:05:31,763 - INFO - fastread - 177, 360
2019-02-07 15:05:31,763 - INFO - fastread - 181, 370
2019-02-07 15:05:31,773 - INFO - fastread - 181, 380
2019-02-07 15:05:31,773 - INFO - fastread - 184, 390
2019-02-07 15:05:31,781 - INFO - fastread - 190, 400
2019-02-07 15:05:31,783 - INFO - fastread - 191, 410
2019-02-07 15:05:31,783 - INFO - fastread - 191, 420
2019-02-07 15:05:31,783 - INFO - fastread - 191, 430
2019-02-07 15:05:31,793 - INFO - fastread - 192, 440
2019-02-07 15:05:31,793 - INFO - fastread - 194, 450
2019-02-07 15:05:31,793 - INFO - fastread - 197, 460
2019-02-07 15:05:31,801 - INFO - fastread - 200, 470
2019-02-07 15:05:31,803 - INFO - fastread - 201, 480
2019-02-07 15:05:31,803 - INFO - fastread - 201, 490
2019-02-07 15:05:31,813 - INFO - fastread - 201, 500
2019-02-07 15:05:31,813 - INFO - fastread - 201, 510
2019-02-07 15:05:31,821 - INFO - fastread - 201, 520
2019-02-07 15:05:31,823 - INFO - fastread - 201, 530
2019-02-07 15:05:31,823 - INFO - fastread - 201, 540
2019-02-07 15:05:31,833 - INFO - fastread - 203, 550
2019-02-07 15:05:31,833 - INFO - fastread - 203, 560
2019-02-07 15:05:31,833 - INFO - fastread - 205, 570
2019-02-07 15:05:31,842 - INFO - fastread - 207, 580
2019-02-07 15:05:31,844 - INFO - fastread - 209, 590
2019-02-07 15:05:31,844 - INFO - fastread - 210, 600
2019-02-07 15:05:31,844 - INFO - fastread - 211, 610
2019-02-07 15:05:31,852 - INFO - fastread - 212, 620
2019-02-07 15:05:31,854 - INFO - fastread - 213, 630
2019-02-07 15:05:31,854 - INFO - fastread - 215, 640
2019-02-07 15:05:31,854 - INFO - fastread - 217, 650
2019-02-07 15:05:31,862 - INFO - fastread - 217, 660
2019-02-07 15:05:31,864 - INFO - fastread - 217, 670
2019-02-07 15:05:31,864 - INFO - fastread - 217, 680
2019-02-07 15:05:31,864 - INFO - fastread - 220, 690
2019-02-07 15:05:31,872 - INFO - fastread - 221, 700
2019-02-07 15:05:31,874 - INFO - fastread - 221, 710
2019-02-07 15:05:31,874 - INFO - fastread - 223, 720
2019-02-07 15:05:31,874 - INFO - fastread - 224, 730
2019-02-07 15:05:31,882 - INFO - fastread - 224, 740
2019-02-07 15:05:31,884 - INFO - fastread - 224, 750
2019-02-07 15:05:31,884 - INFO - fastread - 224, 760
2019-02-07 15:05:31,884 - INFO - fastread - 225, 770
2019-02-07 15:05:31,892 - INFO - fastread - 225, 780
2019-02-07 15:05:31,894 - INFO - fastread - 225, 790
2019-02-07 15:05:31,894 - INFO - fastread - 225, 800
2019-02-07 15:05:31,894 - INFO - fastread - 225, 810
2019-02-07 15:05:31,902 - INFO - fastread - 225, 820
2019-02-07 15:05:31,904 - INFO - fastread - 225, 830
2019-02-07 15:05:31,904 - INFO - fastread - 225, 840
2019-02-07 15:05:31,904 - INFO - fastread - 225, 850
2019-02-07 15:05:31,912 - INFO - fastread - 225, 860
2019-02-07 15:05:31,914 - INFO - fastread - 225, 870
2019-02-07 15:05:31,914 - INFO - fastread - 225, 880
2019-02-07 15:05:31,914 - INFO - fastread - 225, 890
2019-02-07 15:05:31,923 - INFO - fastread - 226, 900
2019-02-07 15:05:31,926 - INFO - fastread - 226, 910
2019-02-07 15:05:31,928 - INFO - fastread - 226, 920
2019-02-07 15:05:31,931 - INFO - fastread - 226, 930
2019-02-07 15:05:31,933 - INFO - fastread - 227, 940
2019-02-07 15:05:31,936 - INFO - fastread - 229, 950
2019-02-07 15:05:31,939 - INFO - fastread - 229, 960
2019-02-07 15:05:31,941 - INFO - fastread - 229, 970
2019-02-07 15:05:31,944 - INFO - fastread - 229, 980
2019-02-07 15:05:31,946 - INFO - fastread - 229, 990
2019-02-07 15:05:31,947 - INFO - fastread - 229, 1000
2019-02-07 15:05:31,947 - INFO - fastread - 229, 1010
2019-02-07 15:05:31,953 - INFO - fastread - 229, 1020
2019-02-07 15:05:31,956 - INFO - fastread - 229, 1030
2019-02-07 15:05:31,956 - INFO - fastread - 229, 1040
2019-02-07 15:05:31,956 - INFO - fastread - 229, 1050
2019-02-07 15:05:31,964 - INFO - fastread - 229, 1060
2019-02-07 15:05:31,966 - INFO - fastread - 229, 1070
2019-02-07 15:05:31,966 - INFO - fastread - 229, 1080
2019-02-07 15:05:31,974 - INFO - fastread - 229, 1090
2019-02-07 15:05:31,974 - INFO - fastread - 229, 1100
2019-02-07 15:05:31,974 - INFO - fastread - 229, 1110
2019-02-07 15:05:31,974 - INFO - fastread - 229, 1120
2019-02-07 15:05:31,984 - INFO - fastread - 229, 1130
2019-02-07 15:05:31,986 - INFO - fastread - 229, 1140
2019-02-07 15:05:31,986 - INFO - fastread - 229, 1150
2019-02-07 15:05:31,986 - INFO - fastread - 229, 1160
2019-02-07 15:05:31,994 - INFO - fastread - 229, 1170
2019-02-07 15:05:31,996 - INFO - fastread - 229, 1180
2019-02-07 15:05:31,996 - INFO - fastread - 229, 1190
2019-02-07 15:05:31,996 - INFO - fastread - 229, 1200
2019-02-07 15:05:32,004 - INFO - fastread - 229, 1210
2019-02-07 15:05:32,006 - INFO - fastread - 229, 1220
2019-02-07 15:05:32,006 - INFO - fastread - 229, 1230
2019-02-07 15:05:32,006 - INFO - fastread - 229, 1240
2019-02-07 15:05:32,014 - INFO - fastread - 229, 1250
2019-02-07 15:05:32,016 - INFO - fastread - 229, 1260
2019-02-07 15:05:32,016 - INFO - fastread - 229, 1270
2019-02-07 15:05:32,016 - INFO - fastread - 229, 1280
2019-02-07 15:05:32,016 - INFO - fastread - 229, 1290
2019-02-07 15:05:32,027 - INFO - fastread - 229, 1300
2019-02-07 15:05:32,027 - INFO - fastread - 229, 1310
2019-02-07 15:05:32,027 - INFO - fastread - 229, 1320
2019-02-07 15:05:32,035 - INFO - fastread - 229, 1330
2019-02-07 15:05:32,037 - INFO - fastread - 229, 1340
2019-02-07 15:05:32,037 - INFO - fastread - 229, 1350
2019-02-07 15:05:32,037 - INFO - fastread - 229, 1360
2019-02-07 15:05:32,045 - INFO - fastread - 229, 1370
2019-02-07 15:05:32,047 - INFO - fastread - 229, 1380
2019-02-07 15:05:32,047 - INFO - fastread - 229, 1390
2019-02-07 15:05:32,047 - INFO - fastread - 229, 1400
2019-02-07 15:05:32,055 - INFO - fastread - 229, 1410
2019-02-07 15:05:32,057 - INFO - fastread - 229, 1420
2019-02-07 15:05:32,057 - INFO - fastread - 229, 1430
2019-02-07 15:05:32,057 - INFO - fastread - 229, 1440
2019-02-07 15:05:32,065 - INFO - fastread - 229, 1450
2019-02-07 15:05:32,067 - INFO - fastread - 229, 1460
2019-02-07 15:05:32,067 - INFO - fastread - 229, 1470
2019-02-07 15:05:32,067 - INFO - fastread - 229, 1480
2019-02-07 15:05:32,075 - INFO - fastread - 229, 1490
2019-02-07 15:05:32,077 - INFO - fastread - 229, 1500
2019-02-07 15:05:32,077 - INFO - fastread - 229, 1510
2019-02-07 15:05:32,077 - INFO - fastread - 229, 1520
2019-02-07 15:05:32,085 - INFO - fastread - 229, 1530
2019-02-07 15:05:32,087 - INFO - fastread - 229, 1540
2019-02-07 15:05:32,087 - INFO - fastread - 229, 1550
2019-02-07 15:05:32,087 - INFO - fastread - 229, 1560
2019-02-07 15:05:32,095 - INFO - fastread - 229, 1570
2019-02-07 15:05:32,097 - INFO - fastread - 229, 1580
2019-02-07 15:05:32,097 - INFO - fastread - 229, 1590
2019-02-07 15:05:32,097 - INFO - fastread - 229, 1600
2019-02-07 15:05:32,106 - INFO - fastread - 229, 1610
2019-02-07 15:05:32,108 - INFO - fastread - 229, 1620
2019-02-07 15:05:32,108 - INFO - fastread - 229, 1630
2019-02-07 15:05:32,108 - INFO - fastread - 229, 1640
2019-02-07 15:05:32,116 - INFO - fastread - 229, 1650
2019-02-07 15:05:32,118 - INFO - fastread - 229, 1660
2019-02-07 15:05:32,118 - INFO - fastread - 229, 1670
2019-02-07 15:05:32,118 - INFO - fastread - 229, 1680
2019-02-07 15:05:32,126 - INFO - fastread - 229, 1690
2019-02-07 15:05:32,129 - INFO - fastread - 229, 1700
2019-02-07 15:05:32,131 - INFO - fastread - 229, 1710
2019-02-07 15:05:32,135 - INFO - fastread - 229, 1720
2019-02-07 15:05:32,137 - INFO - fastread - 229, 1730
2019-02-07 15:05:32,140 - INFO - fastread - 229, 1740
2019-02-07 15:05:32,141 - INFO - fastread - 229, 1750
2019-02-07 15:05:32,141 - INFO - fastread - 229, 1760
2019-02-07 15:05:32,147 - INFO - fastread - 229, 1770
2019-02-07 15:05:32,149 - INFO - fastread - 229, 1780
2019-02-07 15:05:32,149 - INFO - fastread - 229, 1790
2019-02-07 15:05:32,149 - INFO - fastread - 229, 1800
2019-02-07 15:05:32,159 - INFO - fastread - 229, 1810
2019-02-07 15:05:32,159 - INFO - fastread - 229, 1820
2019-02-07 15:05:32,159 - INFO - fastread - 229, 1830
2019-02-07 15:05:32,159 - INFO - fastread - 229, 1840
2019-02-07 15:05:32,169 - INFO - fastread - 229, 1850
2019-02-07 15:05:32,169 - INFO - fastread - 229, 1860
2019-02-07 15:05:32,169 - INFO - fastread - 229, 1870
2019-02-07 15:05:32,177 - INFO - fastread - 229, 1880
2019-02-07 15:05:32,179 - INFO - fastread - 229, 1890
2019-02-07 15:05:32,179 - INFO - fastread - 229, 1900
2019-02-07 15:05:32,179 - INFO - fastread - 229, 1910
2019-02-07 15:05:32,187 - INFO - fastread - 229, 1920
2019-02-07 15:05:32,189 - INFO - fastread - 229, 1930
2019-02-07 15:05:32,189 - INFO - fastread - 229, 1940
2019-02-07 15:05:32,189 - INFO - fastread - 229, 1950
2019-02-07 15:05:32,199 - INFO - fastread - 229, 1960
2019-02-07 15:05:32,199 - INFO - fastread - 229, 1970
2019-02-07 15:05:32,199 - INFO - fastread - 229, 1980
2019-02-07 15:05:32,207 - INFO - fastread - 229, 1990
2019-02-07 15:05:32,209 - INFO - fastread - 229, 2000
2019-02-07 15:05:32,209 - INFO - fastread - 229, 2010
2019-02-07 15:05:32,209 - INFO - fastread - 229, 2020
2019-02-07 15:05:32,217 - INFO - fastread - 229, 2030
2019-02-07 15:05:32,220 - INFO - fastread - 229, 2040
2019-02-07 15:05:32,220 - INFO - fastread - 229, 2050
2019-02-07 15:05:32,220 - INFO - fastread - 229, 2060
2019-02-07 15:05:32,228 - INFO - fastread - 229, 2070
2019-02-07 15:05:32,230 - INFO - fastread - 229, 2080
2019-02-07 15:05:32,230 - INFO - fastread - 229, 2090
2019-02-07 15:05:32,230 - INFO - fastread - 229, 2100
2019-02-07 15:05:32,238 - INFO - fastread - 229, 2110
2019-02-07 15:05:32,240 - INFO - fastread - 229, 2120
2019-02-07 15:05:32,240 - INFO - fastread - 229, 2130
2019-02-07 15:05:32,240 - INFO - fastread - 229, 2140
2019-02-07 15:05:32,248 - INFO - fastread - 229, 2150
2019-02-07 15:05:32,250 - INFO - fastread - 229, 2160
2019-02-07 15:05:32,250 - INFO - fastread - 229, 2170
2019-02-07 15:05:32,250 - INFO - fastread - 229, 2180
2019-02-07 15:05:32,260 - INFO - fastread - 229, 2190
2019-02-07 15:05:32,260 - INFO - fastread - 229, 2200
2019-02-07 15:05:32,260 - INFO - fastread - 229, 2210
2019-02-07 15:05:32,268 - INFO - fastread - 229, 2220
2019-02-07 15:05:32,271 - INFO - fastread - 229, 2230
2019-02-07 15:05:32,271 - INFO - fastread - 229, 2240
2019-02-07 15:05:32,271 - INFO - fastread - 229, 2250
2019-02-07 15:05:32,279 - INFO - fastread - 229, 2260
2019-02-07 15:05:32,281 - INFO - fastread - 229, 2270
2019-02-07 15:05:32,281 - INFO - fastread - 229, 2280
2019-02-07 15:05:32,281 - INFO - fastread - 229, 2290
2019-02-07 15:05:32,291 - INFO - fastread - 229, 2300
2019-02-07 15:05:32,291 - INFO - fastread - 229, 2310
2019-02-07 15:05:32,291 - INFO - fastread - 229, 2320
2019-02-07 15:05:32,291 - INFO - fastread - 229, 2330
2019-02-07 15:05:32,301 - INFO - fastread - 229, 2340
2019-02-07 15:05:32,301 - INFO - fastread - 229, 2350
2019-02-07 15:05:32,301 - INFO - fastread - 229, 2360
2019-02-07 15:05:32,309 - INFO - fastread - 229, 2370
2019-02-07 15:05:32,311 - INFO - fastread - 229, 2380
2019-02-07 15:05:32,311 - INFO - fastread - 229, 2390
2019-02-07 15:05:32,311 - INFO - fastread - 229, 2400
2019-02-07 15:05:32,319 - INFO - fastread - 229, 2410
2019-02-07 15:05:32,321 - INFO - fastread - 229, 2420
2019-02-07 15:05:32,321 - INFO - fastread - 229, 2430
2019-02-07 15:05:32,329 - INFO - fastread - 229, 2440
2019-02-07 15:05:32,332 - INFO - fastread - 229, 2450
2019-02-07 15:05:32,332 - INFO - fastread - 229, 2460
2019-02-07 15:05:32,332 - INFO - fastread - 229, 2470
2019-02-07 15:05:32,342 - INFO - fastread - 229, 2480
2019-02-07 15:05:32,342 - INFO - fastread - 229, 2490
2019-02-07 15:05:32,342 - INFO - fastread - 229, 2500
2019-02-07 15:05:32,350 - INFO - fastread - 229, 2510
2019-02-07 15:05:32,352 - INFO - fastread - 229, 2520
2019-02-07 15:05:32,352 - INFO - fastread - 229, 2530
2019-02-07 15:05:32,352 - INFO - fastread - 229, 2540
2019-02-07 15:05:32,360 - INFO - fastread - 229, 2550
2019-02-07 15:05:32,362 - INFO - fastread - 229, 2560
2019-02-07 15:05:32,362 - INFO - fastread - 229, 2570
2019-02-07 15:05:32,362 - INFO - fastread - 229, 2580
2019-02-07 15:05:32,372 - INFO - fastread - 229, 2590
2019-02-07 15:05:32,372 - INFO - fastread - 229, 2600
2019-02-07 15:05:32,372 - INFO - fastread - 229, 2610
2019-02-07 15:05:32,380 - INFO - fastread - 229, 2620
2019-02-07 15:05:32,382 - INFO - fastread - 229, 2630
2019-02-07 15:05:32,382 - INFO - fastread - 229, 2640
2019-02-07 15:05:32,382 - INFO - fastread - 229, 2650
2019-02-07 15:05:32,392 - INFO - fastread - 229, 2660
2019-02-07 15:05:32,392 - INFO - fastread - 229, 2670
2019-02-07 15:05:32,392 - INFO - fastread - 229, 2680
2019-02-07 15:05:32,400 - INFO - fastread - 229, 2690
2019-02-07 15:05:32,403 - INFO - fastread - 229, 2700
2019-02-07 15:05:32,403 - INFO - fastread - 229, 2710
2019-02-07 15:05:32,403 - INFO - fastread - 229, 2720
2019-02-07 15:05:32,411 - INFO - fastread - 229, 2730
2019-02-07 15:05:32,413 - INFO - fastread - 229, 2740
2019-02-07 15:05:32,413 - INFO - fastread - 229, 2750
2019-02-07 15:05:32,413 - INFO - fastread - 229, 2760
2019-02-07 15:05:32,421 - INFO - fastread - 229, 2770
2019-02-07 15:05:32,423 - INFO - fastread - 229, 2780
2019-02-07 15:05:32,423 - INFO - fastread - 229, 2790
2019-02-07 15:05:32,423 - INFO - fastread - 229, 2800
2019-02-07 15:05:32,431 - INFO - fastread - 229, 2810
2019-02-07 15:05:32,433 - INFO - fastread - 229, 2820
2019-02-07 15:05:32,433 - INFO - fastread - 229, 2830
2019-02-07 15:05:32,433 - INFO - fastread - 229, 2840
2019-02-07 15:05:32,443 - INFO - fastread - 230, 2850
2019-02-07 15:05:32,443 - INFO - fastread - 230, 2860
2019-02-07 15:05:32,443 - INFO - fastread - 231, 2870
2019-02-07 15:05:32,451 - INFO - fastread - 231, 2880
2019-02-07 15:05:32,453 - INFO - fastread - 231, 2890
2019-02-07 15:05:32,453 - INFO - fastread - 231, 2900
2019-02-07 15:05:32,453 - INFO - fastread - 231, 2910
2019-02-07 15:05:32,462 - INFO - fastread - 232, 2920
2019-02-07 15:05:32,465 - INFO - fastread - 232, 2930
2019-02-07 15:05:32,468 - INFO - fastread - 232, 2940
2019-02-07 15:05:32,471 - INFO - fastread - 232, 2950
2019-02-07 15:05:32,474 - INFO - fastread - 232, 2960
2019-02-07 15:05:32,477 - INFO - fastread - 232, 2970
2019-02-07 15:05:32,480 - INFO - fastread - 232, 2980
2019-02-07 15:05:32,483 - INFO - fastread - 232, 2990
2019-02-07 15:05:32,486 - INFO - fastread - 233, 3000
2019-02-07 15:05:32,488 - INFO - fastread - 233, 3010
2019-02-07 15:05:32,492 - INFO - fastread - 233, 3020
2019-02-07 15:05:32,494 - INFO - fastread - 233, 3030
2019-02-07 15:05:32,494 - INFO - fastread - 233, 3040
2019-02-07 15:05:32,494 - INFO - fastread - 233, 3050
2019-02-07 15:05:32,502 - INFO - fastread - 235, 3060
2019-02-07 15:05:32,504 - INFO - fastread - 235, 3070
2019-02-07 15:05:32,504 - INFO - fastread - 235, 3080
2019-02-07 15:05:32,512 - INFO - fastread - 235, 3090
2019-02-07 15:05:32,514 - INFO - fastread - 235, 3100
2019-02-07 15:05:32,514 - INFO - fastread - 235, 3110
2019-02-07 15:05:32,514 - INFO - fastread - 236, 3120
2019-02-07 15:05:32,523 - INFO - fastread - 236, 3130
2019-02-07 15:05:32,525 - INFO - fastread - 236, 3140
2019-02-07 15:05:32,525 - INFO - fastread - 236, 3150
2019-02-07 15:05:32,525 - INFO - fastread - 236, 3160
2019-02-07 15:05:32,533 - INFO - fastread - 236, 3170
2019-02-07 15:05:32,535 - INFO - fastread - 236, 3180
2019-02-07 15:05:32,535 - INFO - fastread - 236, 3190
2019-02-07 15:05:32,535 - INFO - fastread - 236, 3200
2019-02-07 15:05:32,545 - INFO - fastread - 236, 3210
2019-02-07 15:05:32,545 - INFO - fastread - 237, 3220
2019-02-07 15:05:32,545 - INFO - fastread - 238, 3230
2019-02-07 15:05:32,553 - INFO - fastread - 239, 3240
2019-02-07 15:05:32,555 - INFO - fastread - 239, 3250
2019-02-07 15:05:32,555 - INFO - fastread - 239, 3260
2019-02-07 15:05:32,555 - INFO - fastread - 239, 3270
2019-02-07 15:05:32,565 - INFO - fastread - 239, 3280
2019-02-07 15:05:32,565 - INFO - fastread - 239, 3290
2019-02-07 15:05:32,565 - INFO - fastread - 239, 3300
2019-02-07 15:05:32,573 - INFO - fastread - 239, 3310
2019-02-07 15:05:32,576 - INFO - fastread - 239, 3320
2019-02-07 15:05:32,576 - INFO - fastread - 239, 3330
2019-02-07 15:05:32,584 - INFO - fastread - 239, 3340
2019-02-07 15:05:32,586 - INFO - fastread - 239, 3350
2019-02-07 15:05:32,594 - INFO - fastread - 239, 3360
2019-02-07 15:05:32,596 - INFO - fastread - 239, 3370
2019-02-07 15:05:32,596 - INFO - fastread - 239, 3380
2019-02-07 15:05:32,596 - INFO - fastread - 239, 3390
2019-02-07 15:05:32,604 - INFO - fastread - 239, 3400
2019-02-07 15:05:32,606 - INFO - fastread - 239, 3410
2019-02-07 15:05:32,606 - INFO - fastread - 239, 3420
2019-02-07 15:05:32,614 - INFO - fastread - 239, 3430
2019-02-07 15:05:32,616 - INFO - fastread - 239, 3440
2019-02-07 15:05:32,616 - INFO - fastread - 239, 3450
2019-02-07 15:05:32,616 - INFO - fastread - 239, 3460
2019-02-07 15:05:32,624 - INFO - fastread - 239, 3470
2019-02-07 15:05:32,626 - INFO - fastread - 239, 3480
2019-02-07 15:05:32,626 - INFO - fastread - 239, 3490
2019-02-07 15:05:32,626 - INFO - fastread - 239, 3500
2019-02-07 15:05:32,636 - INFO - fastread - 241, 3510
2019-02-07 15:05:32,636 - INFO - fastread - 241, 3520
2019-02-07 15:05:32,636 - INFO - fastread - 241, 3530
2019-02-07 15:05:32,644 - INFO - fastread - 241, 3540
2019-02-07 15:05:32,646 - INFO - fastread - 241, 3550
2019-02-07 15:05:32,646 - INFO - fastread - 241, 3560
2019-02-07 15:05:32,646 - INFO - fastread - 241, 3570
2019-02-07 15:05:32,654 - INFO - fastread - 241, 3580
2019-02-07 15:05:32,656 - INFO - fastread - 241, 3590
2019-02-07 15:05:32,656 - INFO - fastread - 241, 3600
2019-02-07 15:05:32,656 - INFO - fastread - 241, 3610
2019-02-07 15:05:32,666 - INFO - fastread - 241, 3620
2019-02-07 15:05:32,666 - INFO - fastread - 241, 3630
2019-02-07 15:05:32,666 - INFO - fastread - 241, 3640
2019-02-07 15:05:32,674 - INFO - fastread - 241, 3650
2019-02-07 15:05:32,677 - INFO - fastread - 241, 3660
2019-02-07 15:05:32,677 - INFO - fastread - 241, 3670
2019-02-07 15:05:32,677 - INFO - fastread - 241, 3680
2019-02-07 15:05:32,687 - INFO - fastread - 241, 3690
2019-02-07 15:05:32,687 - INFO - fastread - 241, 3700
2019-02-07 15:05:32,687 - INFO - fastread - 241, 3710
2019-02-07 15:05:32,695 - INFO - fastread - 242, 3720
2019-02-07 15:05:32,697 - INFO - fastread - 242, 3730
2019-02-07 15:05:32,697 - INFO - fastread - 242, 3740
2019-02-07 15:05:32,697 - INFO - fastread - 242, 3750
2019-02-07 15:05:32,707 - INFO - fastread - 242, 3760
2019-02-07 15:05:32,707 - INFO - fastread - 242, 3770
2019-02-07 15:05:32,707 - INFO - fastread - 242, 3780
2019-02-07 15:05:32,715 - INFO - fastread - 242, 3790
2019-02-07 15:05:32,717 - INFO - fastread - 242, 3800
2019-02-07 15:05:32,717 - INFO - fastread - 242, 3810
2019-02-07 15:05:32,717 - INFO - fastread - 242, 3820
2019-02-07 15:05:32,727 - INFO - fastread - 242, 3830
2019-02-07 15:05:32,727 - INFO - fastread - 242, 3840
2019-02-07 15:05:32,727 - INFO - fastread - 242, 3850
2019-02-07 15:05:32,736 - INFO - fastread - 242, 3860
2019-02-07 15:05:32,738 - INFO - fastread - 242, 3870
2019-02-07 15:05:32,738 - INFO - fastread - 242, 3880
2019-02-07 15:05:32,738 - INFO - fastread - 242, 3890
2019-02-07 15:05:32,748 - INFO - fastread - 242, 3900
2019-02-07 15:05:32,748 - INFO - fastread - 242, 3910
2019-02-07 15:05:32,748 - INFO - fastread - 242, 3920
2019-02-07 15:05:32,756 - INFO - fastread - 242, 3930
2019-02-07 15:05:32,758 - INFO - fastread - 242, 3940
2019-02-07 15:05:32,758 - INFO - fastread - 242, 3950
2019-02-07 15:05:32,758 - INFO - fastread - 242, 3960
2019-02-07 15:05:32,768 - INFO - fastread - 242, 3970
2019-02-07 15:05:32,768 - INFO - fastread - 242, 3980
2019-02-07 15:05:32,768 - INFO - fastread - 242, 3990
2019-02-07 15:05:32,776 - INFO - fastread - 242, 4000
2019-02-07 15:05:32,778 - INFO - fastread - 242, 4010
2019-02-07 15:05:32,778 - INFO - fastread - 242, 4020
2019-02-07 15:05:32,786 - INFO - fastread - 242, 4030
2019-02-07 15:05:32,788 - INFO - fastread - 242, 4040
2019-02-07 15:05:32,788 - INFO - fastread - 242, 4050
2019-02-07 15:05:32,788 - INFO - fastread - 242, 4060
2019-02-07 15:05:32,798 - INFO - fastread - 242, 4070
2019-02-07 15:05:32,798 - INFO - fastread - 242, 4080
2019-02-07 15:05:32,798 - INFO - fastread - 242, 4090
2019-02-07 15:05:32,807 - INFO - fastread - 242, 4100
2019-02-07 15:05:32,809 - INFO - fastread - 242, 4110
2019-02-07 15:05:32,809 - INFO - fastread - 242, 4120
2019-02-07 15:05:32,817 - INFO - fastread - 242, 4130
2019-02-07 15:05:32,819 - INFO - fastread - 242, 4140
2019-02-07 15:05:32,819 - INFO - fastread - 242, 4150
2019-02-07 15:05:32,819 - INFO - fastread - 242, 4160
2019-02-07 15:05:32,829 - INFO - fastread - 242, 4170
2019-02-07 15:05:32,829 - INFO - fastread - 242, 4180
2019-02-07 15:05:32,829 - INFO - fastread - 242, 4190
2019-02-07 15:05:32,837 - INFO - fastread - 242, 4200
2019-02-07 15:05:32,839 - INFO - fastread - 242, 4210
2019-02-07 15:05:32,839 - INFO - fastread - 242, 4220
2019-02-07 15:05:32,839 - INFO - fastread - 242, 4230
2019-02-07 15:05:32,849 - INFO - fastread - 242, 4240
2019-02-07 15:05:32,849 - INFO - fastread - 242, 4250
2019-02-07 15:05:32,849 - INFO - fastread - 242, 4260
2019-02-07 15:05:32,858 - INFO - fastread - 242, 4270
2019-02-07 15:05:32,860 - INFO - fastread - 242, 4280
2019-02-07 15:05:32,860 - INFO - fastread - 242, 4290
2019-02-07 15:05:32,868 - INFO - fastread - 242, 4300
2019-02-07 15:05:32,870 - INFO - fastread - 242, 4310
2019-02-07 15:05:32,870 - INFO - fastread - 242, 4320
2019-02-07 15:05:32,870 - INFO - fastread - 242, 4330
2019-02-07 15:05:32,880 - INFO - fastread - 242, 4340
2019-02-07 15:05:32,880 - INFO - fastread - 242, 4350
2019-02-07 15:05:32,880 - INFO - fastread - 242, 4360
2019-02-07 15:05:32,888 - INFO - fastread - 242, 4370
2019-02-07 15:05:32,890 - INFO - fastread - 242, 4380
2019-02-07 15:05:32,890 - INFO - fastread - 242, 4390
2019-02-07 15:05:32,898 - INFO - fastread - 242, 4400
2019-02-07 15:05:32,900 - INFO - fastread - 242, 4410
2019-02-07 15:05:32,900 - INFO - fastread - 242, 4420
2019-02-07 15:05:32,900 - INFO - fastread - 242, 4430
2019-02-07 15:05:32,910 - INFO - fastread - 242, 4440
2019-02-07 15:05:32,910 - INFO - fastread - 242, 4450
2019-02-07 15:05:32,910 - INFO - fastread - 242, 4460
2019-02-07 15:05:32,919 - INFO - fastread - 242, 4470
2019-02-07 15:05:32,921 - INFO - fastread - 242, 4480
2019-02-07 15:05:32,921 - INFO - fastread - 242, 4490
2019-02-07 15:05:32,921 - INFO - fastread - 242, 4500
2019-02-07 15:05:32,931 - INFO - fastread - 242, 4510
2019-02-07 15:05:32,931 - INFO - fastread - 242, 4520
2019-02-07 15:05:32,931 - INFO - fastread - 242, 4530
2019-02-07 15:05:32,939 - INFO - fastread - 242, 4540
2019-02-07 15:05:32,941 - INFO - fastread - 242, 4550
2019-02-07 15:05:32,941 - INFO - fastread - 242, 4560
2019-02-07 15:05:32,949 - INFO - fastread - 242, 4570
2019-02-07 15:05:32,951 - INFO - fastread - 242, 4580
2019-02-07 15:05:32,951 - INFO - fastread - 242, 4590
2019-02-07 15:05:32,951 - INFO - fastread - 242, 4600
2019-02-07 15:05:32,962 - INFO - fastread - 242, 4610
2019-02-07 15:05:32,962 - INFO - fastread - 242, 4620
2019-02-07 15:05:32,962 - INFO - fastread - 242, 4630
2019-02-07 15:05:32,972 - INFO - fastread - 242, 4640
2019-02-07 15:05:32,980 - INFO - fastread - 242, 4650
2019-02-07 15:05:32,982 - INFO - fastread - 242, 4660
2019-02-07 15:05:32,982 - INFO - fastread - 242, 4670
2019-02-07 15:05:32,990 - INFO - fastread - 242, 4680
2019-02-07 15:05:32,992 - INFO - fastread - 243, 4690
2019-02-07 15:05:32,992 - INFO - fastread - 243, 4700
2019-02-07 15:05:33,000 - INFO - fastread - 243, 4710
2019-02-07 15:05:33,002 - INFO - fastread - 243, 4720
2019-02-07 15:05:33,002 - INFO - fastread - 243, 4730
2019-02-07 15:05:33,002 - INFO - fastread - 243, 4740
2019-02-07 15:05:33,014 - INFO - fastread - 243, 4750
2019-02-07 15:05:33,017 - INFO - fastread - 243, 4760
2019-02-07 15:05:33,020 - INFO - fastread - 243, 4770
2019-02-07 15:05:33,023 - INFO - fastread - 243, 4780
2019-02-07 15:05:33,026 - INFO - fastread - 243, 4790
2019-02-07 15:05:33,029 - INFO - fastread - 243, 4800
2019-02-07 15:05:33,032 - INFO - fastread - 243, 4810
2019-02-07 15:05:33,035 - INFO - fastread - 243, 4820
2019-02-07 15:05:33,038 - INFO - fastread - 243, 4830
2019-02-07 15:05:33,042 - INFO - fastread - 243, 4840
2019-02-07 15:05:33,042 - INFO - fastread - 243, 4850
2019-02-07 15:05:33,042 - INFO - fastread - 244, 4860
2019-02-07 15:05:33,050 - INFO - fastread - IGNORE jEdit-4.2 | Total: 10322 | Percent Checked: 0.47 | Total Yes Data: 256 | Percent Yes Checked: 0.95
