2019-02-07 14:26:17,893 - INFO - rig - jfreechart-1.0.19
2019-02-07 14:26:24,433 - INFO - rig - ++++NEW CLF++++ FASTREAD
2019-02-07 14:26:24,433 - INFO - fastread - Total Yes: 209 | Total No: 4199
2019-02-07 14:26:24,747 - INFO - fastread - 0, 0  475
2019-02-07 14:26:32,255 - INFO - fastread - 40, 43  475
2019-02-07 14:26:36,974 - INFO - fastread - 58, 65  108
2019-02-07 14:26:41,689 - INFO - fastread - 61, 87  118
2019-02-07 14:26:46,211 - INFO - fastread - 66, 109  116
2019-02-07 14:26:50,747 - INFO - fastread - 66, 131  120
2019-02-07 14:26:55,449 - INFO - fastread - 68, 153  119
2019-02-07 14:26:59,599 - INFO - fastread - 69, 175  121
2019-02-07 14:27:03,955 - INFO - fastread - 70, 197  130
2019-02-07 14:27:08,239 - INFO - fastread - 72, 219  128
2019-02-07 14:27:12,657 - INFO - fastread - 77, 241  124
2019-02-07 14:27:16,801 - INFO - fastread - 84, 263  129
2019-02-07 14:27:20,888 - INFO - fastread - 90, 285  133
2019-02-07 14:27:24,775 - INFO - fastread - 97, 307  134
2019-02-07 14:27:28,632 - INFO - fastread - 105, 329  133
2019-02-07 14:27:32,581 - INFO - fastread - 114, 351  148
2019-02-07 14:27:36,853 - INFO - fastread - 117, 373  148
2019-02-07 14:27:40,844 - INFO - fastread - 119, 395  151
2019-02-07 14:27:44,916 - INFO - fastread - 124, 417  151
2019-02-07 14:27:48,806 - INFO - fastread - 126, 439  151
2019-02-07 14:27:52,756 - INFO - fastread - 126, 461  152
2019-02-07 14:27:56,942 - INFO - fastread - 127, 483  151
2019-02-07 14:28:00,728 - INFO - fastread - 127, 505  152
2019-02-07 14:28:04,606 - INFO - fastread - 128, 527  151
2019-02-07 14:28:08,692 - INFO - fastread - 130, 549  152
2019-02-07 14:28:12,901 - INFO - fastread - 131, 571  151
2019-02-07 14:28:17,088 - INFO - fastread - 131, 593  152
2019-02-07 14:28:21,079 - INFO - fastread - 133, 615  151
2019-02-07 14:28:25,530 - INFO - fastread - 133, 637  151
2019-02-07 14:28:30,144 - INFO - fastread - 133, 659  152
2019-02-07 14:28:34,875 - INFO - fastread - 133, 681  153
2019-02-07 14:28:39,052 - INFO - fastread - 135, 703  152
2019-02-07 14:28:43,720 - INFO - fastread - 137, 725  156
2019-02-07 14:28:48,365 - INFO - fastread - 137, 747  158
2019-02-07 14:28:53,116 - INFO - fastread - 137, 769  159
2019-02-07 14:28:57,070 - INFO - fastread - 137, 791  159
2019-02-07 14:29:02,849 - INFO - fastread - 137, 813  158
2019-02-07 14:29:07,474 - INFO - fastread - 139, 835  155
2019-02-07 14:29:12,549 - INFO - fastread - 139, 857  161
2019-02-07 14:29:16,848 - INFO - fastread - 141, 879  158
2019-02-07 14:29:21,791 - INFO - fastread - 146, 901  162
2019-02-07 14:29:26,377 - INFO - fastread - 146, 923  171
2019-02-07 14:29:31,386 - INFO - fastread - 146, 945  167
2019-02-07 14:29:35,931 - INFO - fastread - 146, 967  163
2019-02-07 14:29:40,833 - INFO - fastread - 146, 989  166
2019-02-07 14:29:52,629 - INFO - fastread - 147, 1051  164
2019-02-07 14:29:57,784 - INFO - fastread - 169, 1073  172
2019-02-07 14:30:02,556 - INFO - fastread - 191, 1095  202
2019-02-07 14:30:06,866 - INFO - fastread - 207, 1117  209
2019-02-07 14:30:11,553 - INFO - fastread - 207, 1139  213
2019-02-07 14:30:16,200 - INFO - fastread - 207, 1161  210
2019-02-07 14:30:20,386 - INFO - fastread - 207, 1183  211
2019-02-07 14:30:24,929 - INFO - fastread - 207, 1205  212
2019-02-07 14:30:36,202 - INFO - fastread - 207, 1267  211
2019-02-07 14:30:47,595 - INFO - fastread - 207, 1329  210
2019-02-07 14:30:59,848 - INFO - fastread - 207, 1388  210
2019-02-07 14:31:04,238 - INFO - fastread - 207, 1410  211
2019-02-07 14:31:04,238 - INFO - fastread - IGNORE jfreechart-1.0.19 NO IMPROVEMENT after 3 random loops. EXITING. Current estimate: 223
2019-02-07 14:31:04,259 - INFO - fastread - IGNORE jfreechart-1.0.19 | Total: 4408 | Percent Checked: 0.32 | Total Yes Data: 209 | Percent Yes Checked: 0.99
2019-02-07 14:31:04,259 - INFO - rig - ++++NEW CLF++++ QUICKREAD
2019-02-07 14:31:04,259 - INFO - quickread - Total Yes: 209 | Total No: 4199
2019-02-07 14:31:04,764 - INFO - quickread - 0, 0  475
2019-02-07 14:31:08,264 - INFO - quickread - 19, 22  475
2019-02-07 14:31:12,323 - INFO - quickread - 36, 44  110
2019-02-07 14:31:16,442 - INFO - quickread - 56, 66  155
2019-02-07 14:31:20,964 - INFO - quickread - 73, 88  118
2019-02-07 14:31:25,121 - INFO - quickread - 83, 110  114
2019-02-07 14:31:29,214 - INFO - quickread - 96, 132  114
2019-02-07 14:31:33,318 - INFO - quickread - 99, 154  140
2019-02-07 14:31:36,986 - INFO - quickread - 101, 176  133
2019-02-07 14:31:41,066 - INFO - quickread - 107, 198  126
2019-02-07 14:31:44,524 - INFO - quickread - 110, 220  137
2019-02-07 14:31:48,032 - INFO - quickread - 115, 242  136
2019-02-07 14:31:51,580 - INFO - quickread - 115, 264  143
2019-02-07 14:31:55,386 - INFO - quickread - 118, 286  134
2019-02-07 14:31:59,146 - INFO - quickread - 118, 308  137
2019-02-07 14:32:02,811 - INFO - quickread - 120, 330  133
2019-02-07 14:32:06,110 - INFO - quickread - 120, 352  133
2019-02-07 14:32:09,943 - INFO - quickread - 120, 374  131
2019-02-07 14:32:13,607 - INFO - quickread - 122, 396  128
2019-02-07 14:32:17,338 - INFO - quickread - 124, 418  131
2019-02-07 14:32:21,061 - INFO - quickread - 126, 440  133
2019-02-07 14:32:24,445 - INFO - quickread - 136, 462  135
2019-02-07 14:32:28,426 - INFO - quickread - 138, 484  152
2019-02-07 14:32:32,266 - INFO - quickread - 138, 506  150
2019-02-07 14:32:35,654 - INFO - quickread - 142, 528  144
2019-02-07 14:32:39,195 - INFO - quickread - 145, 550  149
2019-02-07 14:32:42,764 - INFO - quickread - 145, 572  152
2019-02-07 14:32:46,459 - INFO - quickread - 145, 594  150
2019-02-07 14:32:50,502 - INFO - quickread - 145, 616  149
2019-02-07 14:32:54,024 - INFO - quickread - 145, 638  147
2019-02-07 14:39:57,444 - INFO - rig - jfreechart-1.0.19
2019-02-07 14:40:00,349 - INFO - rig - ++++NEW CLF++++ FASTREAD
2019-02-07 14:40:00,349 - INFO - fastread - Total Yes: 209 | Total No: 4199
2019-02-07 14:40:00,533 - INFO - fastread - 0, 0  475
2019-02-07 14:40:03,923 - INFO - fastread - 54, 57  475
2019-02-07 14:40:05,609 - INFO - fastread - 62, 79  118
2019-02-07 14:40:07,312 - INFO - fastread - 62, 101  116
2019-02-07 14:40:09,009 - INFO - fastread - 64, 123  116
2019-02-07 14:40:10,677 - INFO - fastread - 64, 145  117
2019-02-07 14:40:12,354 - INFO - fastread - 66, 167  118
2019-02-07 14:40:14,035 - INFO - fastread - 67, 189  118
2019-02-07 14:40:15,767 - INFO - fastread - 70, 211  119
2019-02-07 14:40:17,281 - INFO - fastread - 78, 233  138
2019-02-07 14:40:18,806 - INFO - fastread - 80, 255  137
2019-02-07 14:40:20,373 - INFO - fastread - 81, 277  141
2019-02-07 14:40:21,974 - INFO - fastread - 89, 299  138
2019-02-07 14:40:23,583 - INFO - fastread - 97, 321  137
2019-02-07 14:40:25,177 - INFO - fastread - 107, 343  148
2019-02-07 14:40:26,827 - INFO - fastread - 119, 365  145
2019-02-07 14:40:28,475 - INFO - fastread - 121, 387  156
2019-02-07 14:40:30,071 - INFO - fastread - 121, 409  152
2019-02-07 14:40:31,681 - INFO - fastread - 121, 431  148
2019-02-07 14:40:33,322 - INFO - fastread - 122, 453  148
2019-02-07 14:40:34,944 - INFO - fastread - 123, 475  147
2019-02-07 14:40:36,694 - INFO - fastread - 126, 497  152
2019-02-07 14:40:38,300 - INFO - fastread - 126, 519  152
2019-02-07 14:40:39,929 - INFO - fastread - 127, 541  148
2019-02-07 14:40:41,579 - INFO - fastread - 127, 563  146
2019-02-07 14:40:43,264 - INFO - fastread - 128, 585  147
2019-02-07 14:40:44,952 - INFO - fastread - 128, 607  150
2019-02-07 14:40:46,595 - INFO - fastread - 131, 629  149
2019-02-07 14:40:48,258 - INFO - fastread - 132, 651  158
2019-02-07 14:40:49,932 - INFO - fastread - 132, 673  156
2019-02-07 14:40:51,621 - INFO - fastread - 132, 695  154
2019-02-07 14:40:53,296 - INFO - fastread - 132, 717  155
2019-02-07 14:40:54,950 - INFO - fastread - 136, 739  155
2019-02-07 14:40:56,648 - INFO - fastread - 140, 761  159
2019-02-07 14:40:58,358 - INFO - fastread - 140, 783  160
2019-02-07 14:41:00,044 - INFO - fastread - 140, 805  156
2019-02-07 14:41:01,759 - INFO - fastread - 143, 827  156
2019-02-07 14:41:03,516 - INFO - fastread - 146, 849  161
2019-02-07 14:41:05,311 - INFO - fastread - 146, 871  166
2019-02-07 14:41:07,178 - INFO - fastread - 146, 893  163
2019-02-07 14:41:09,029 - INFO - fastread - 146, 915  164
2019-02-07 14:41:10,834 - INFO - fastread - 146, 937  165
2019-02-07 14:41:12,637 - INFO - fastread - 147, 959  161
2019-02-07 14:41:14,459 - INFO - fastread - 147, 981  162
2019-02-07 14:41:16,243 - INFO - fastread - 147, 1003  163
2019-02-07 14:41:18,093 - INFO - fastread - 147, 1025  162
2019-02-07 14:41:19,940 - INFO - fastread - 147, 1047  165
2019-02-07 14:41:24,525 - INFO - fastread - 147, 1107  164
2019-02-07 14:41:29,150 - INFO - fastread - 149, 1167  167
2019-02-07 14:41:31,013 - INFO - fastread - 171, 1189  195
2019-02-07 14:41:32,883 - INFO - fastread - 193, 1211  204
2019-02-07 14:41:34,717 - INFO - fastread - 208, 1233  210
2019-02-07 14:41:36,564 - INFO - fastread - 208, 1255  214
2019-02-07 14:41:38,395 - INFO - fastread - 208, 1277  210
2019-02-07 14:41:40,223 - INFO - fastread - 208, 1299  211
2019-02-07 14:41:42,048 - INFO - fastread - 208, 1321  211
2019-02-07 14:41:46,689 - INFO - fastread - 208, 1384  209
2019-02-07 14:41:51,268 - INFO - fastread - 208, 1441  210
2019-02-07 14:41:55,823 - INFO - fastread - 208, 1503  211
2019-02-07 14:41:57,703 - INFO - fastread - 208, 1525  211
2019-02-07 14:41:57,703 - INFO - fastread - IGNORE jfreechart-1.0.19 NO IMPROVEMENT after 3 random loops. EXITING. Current estimate: 223
2019-02-07 14:41:57,713 - INFO - fastread - IGNORE jfreechart-1.0.19 | Total: 4408 | Percent Checked: 0.35 | Total Yes Data: 209 | Percent Yes Checked: 1.0
2019-02-07 14:41:57,713 - INFO - rig - ++++NEW CLF++++ QUICKREAD
2019-02-07 14:41:57,713 - INFO - quickread - Total Yes: 209 | Total No: 4199
2019-02-07 14:41:57,925 - INFO - quickread - 0, 0  475
2019-02-07 14:41:59,308 - INFO - quickread - 20, 22  475
2019-02-07 14:42:01,012 - INFO - quickread - 36, 44  104
2019-02-07 14:42:02,698 - INFO - quickread - 56, 66  143
2019-02-07 14:42:04,331 - INFO - quickread - 71, 88  115
2019-02-07 14:42:05,816 - INFO - quickread - 83, 110  111
2019-02-07 14:42:07,292 - INFO - quickread - 97, 132  119
2019-02-07 14:42:08,765 - INFO - quickread - 100, 154  146
2019-02-07 14:42:10,242 - INFO - quickread - 102, 176  137
2019-02-07 14:42:11,662 - INFO - quickread - 107, 198  130
2019-02-07 14:42:13,104 - INFO - quickread - 110, 220  137
2019-02-07 14:42:14,556 - INFO - quickread - 110, 242  138
2019-02-07 14:42:15,966 - INFO - quickread - 115, 264  130
2019-02-07 14:42:17,385 - INFO - quickread - 118, 286  136
2019-02-07 14:42:18,790 - INFO - quickread - 118, 308  139
2019-02-07 14:42:20,184 - INFO - quickread - 120, 330  133
2019-02-07 14:42:21,581 - INFO - quickread - 120, 352  134
2019-02-07 14:42:22,959 - INFO - quickread - 120, 374  132
2019-02-07 14:42:24,357 - INFO - quickread - 122, 396  129
2019-02-07 14:42:25,747 - INFO - quickread - 124, 418  131
2019-02-07 14:42:27,130 - INFO - quickread - 126, 440  133
2019-02-07 14:42:28,517 - INFO - quickread - 134, 462  135
2019-02-07 14:42:29,896 - INFO - quickread - 138, 484  150
2019-02-07 14:42:31,296 - INFO - quickread - 139, 506  151
2019-02-07 14:42:32,685 - INFO - quickread - 142, 528  147
2019-02-07 14:42:34,083 - INFO - quickread - 143, 550  150
2019-02-07 14:42:35,490 - INFO - quickread - 145, 572  149
2019-02-07 14:42:36,879 - INFO - quickread - 145, 594  150
2019-02-07 14:42:38,258 - INFO - quickread - 145, 616  149
2019-02-07 14:42:39,627 - INFO - quickread - 145, 638  147
2019-02-07 14:42:41,017 - INFO - quickread - 145, 660  146
2019-02-07 14:42:43,679 - INFO - quickread - 145, 700  145
2019-02-07 14:42:43,729 - INFO - quickread - IGNORE jfreechart-1.0.19 | Total: 4408 | Percent Checked: 0.16 | Total Yes Data: 209 | Percent Yes Checked: 0.69
2019-02-07 14:42:43,729 - INFO - rig - ++++NEW CLF++++ SGD
2019-02-07 14:42:43,729 - INFO - fastread - Total Yes: 209 | Total No: 4199
2019-02-07 14:42:43,811 - INFO - fastread - 10, 10
2019-02-07 14:42:43,819 - INFO - fastread - 18, 20
2019-02-07 14:42:43,821 - INFO - fastread - 28, 30
2019-02-07 14:42:43,821 - INFO - fastread - 37, 40
2019-02-07 14:42:43,829 - INFO - fastread - 44, 50
2019-02-07 14:42:43,829 - INFO - fastread - 50, 60
2019-02-07 14:42:43,831 - INFO - fastread - 59, 70
2019-02-07 14:42:43,831 - INFO - fastread - 63, 80
2019-02-07 14:42:43,831 - INFO - fastread - 69, 90
2019-02-07 14:42:43,831 - INFO - fastread - 76, 100
2019-02-07 14:42:43,839 - INFO - fastread - 83, 110
2019-02-07 14:42:43,841 - INFO - fastread - 90, 120
2019-02-07 14:42:43,841 - INFO - fastread - 94, 130
2019-02-07 14:42:43,841 - INFO - fastread - 98, 140
2019-02-07 14:42:43,841 - INFO - fastread - 99, 150
2019-02-07 14:42:43,841 - INFO - fastread - 102, 160
2019-02-07 14:42:43,851 - INFO - fastread - 103, 170
2019-02-07 14:42:43,851 - INFO - fastread - 103, 180
2019-02-07 14:42:43,851 - INFO - fastread - 107, 190
2019-02-07 14:42:43,859 - INFO - fastread - 111, 200
2019-02-07 14:42:43,861 - INFO - fastread - 113, 210
2019-02-07 14:42:43,861 - INFO - fastread - 115, 220
2019-02-07 14:42:43,861 - INFO - fastread - 117, 230
2019-02-07 14:42:43,861 - INFO - fastread - 117, 240
2019-02-07 14:42:43,861 - INFO - fastread - 117, 250
2019-02-07 14:42:43,871 - INFO - fastread - 117, 260
2019-02-07 14:42:43,871 - INFO - fastread - 118, 270
2019-02-07 14:42:43,871 - INFO - fastread - 120, 280
2019-02-07 14:42:43,879 - INFO - fastread - 126, 290
2019-02-07 14:42:43,881 - INFO - fastread - 130, 300
2019-02-07 14:42:43,881 - INFO - fastread - 130, 310
2019-02-07 14:42:43,881 - INFO - fastread - 130, 320
2019-02-07 14:42:43,889 - INFO - fastread - 130, 330
2019-02-07 14:42:43,891 - INFO - fastread - 130, 340
2019-02-07 14:42:43,891 - INFO - fastread - 130, 350
2019-02-07 14:42:43,891 - INFO - fastread - 131, 360
2019-02-07 14:42:43,891 - INFO - fastread - 133, 370
2019-02-07 14:42:43,899 - INFO - fastread - 133, 380
2019-02-07 14:42:43,901 - INFO - fastread - 134, 390
2019-02-07 14:42:43,901 - INFO - fastread - 134, 400
2019-02-07 14:42:43,901 - INFO - fastread - 134, 410
2019-02-07 14:42:43,901 - INFO - fastread - 134, 420
2019-02-07 14:42:43,909 - INFO - fastread - 135, 430
2019-02-07 14:42:43,911 - INFO - fastread - 135, 440
2019-02-07 14:42:43,911 - INFO - fastread - 136, 450
2019-02-07 14:42:43,911 - INFO - fastread - 136, 460
2019-02-07 14:42:43,921 - INFO - fastread - 136, 470
2019-02-07 14:42:43,921 - INFO - fastread - 136, 480
2019-02-07 14:42:43,921 - INFO - fastread - 136, 490
2019-02-07 14:42:43,929 - INFO - fastread - 136, 500
2019-02-07 14:42:43,931 - INFO - fastread - 136, 510
2019-02-07 14:42:43,931 - INFO - fastread - 136, 520
2019-02-07 14:42:43,931 - INFO - fastread - 136, 530
2019-02-07 14:42:43,931 - INFO - fastread - 136, 540
2019-02-07 14:42:43,939 - INFO - fastread - 136, 550
2019-02-07 14:42:43,941 - INFO - fastread - 136, 560
2019-02-07 14:42:43,941 - INFO - fastread - 136, 570
2019-02-07 14:42:43,941 - INFO - fastread - 136, 580
2019-02-07 14:42:43,941 - INFO - fastread - 136, 590
2019-02-07 14:42:43,941 - INFO - fastread - 136, 600
2019-02-07 14:42:43,951 - INFO - fastread - 136, 610
2019-02-07 14:42:43,951 - INFO - fastread - 136, 620
2019-02-07 14:42:43,951 - INFO - fastread - 136, 630
2019-02-07 14:42:43,959 - INFO - fastread - 136, 640
2019-02-07 14:42:43,961 - INFO - fastread - 136, 650
2019-02-07 14:42:43,961 - INFO - fastread - 136, 660
2019-02-07 14:42:43,970 - INFO - fastread - 137, 670
2019-02-07 14:42:43,972 - INFO - fastread - 137, 680
2019-02-07 14:42:43,972 - INFO - fastread - 140, 690
2019-02-07 14:42:43,972 - INFO - fastread - 147, 700
2019-02-07 14:42:43,982 - INFO - fastread - 147, 710
2019-02-07 14:42:43,982 - INFO - fastread - 147, 720
2019-02-07 14:42:43,982 - INFO - fastread - 147, 730
2019-02-07 14:42:43,990 - INFO - fastread - 147, 740
2019-02-07 14:42:43,992 - INFO - fastread - 147, 750
2019-02-07 14:42:43,992 - INFO - fastread - 147, 760
2019-02-07 14:42:44,000 - INFO - fastread - 147, 770
2019-02-07 14:42:44,002 - INFO - fastread - 147, 780
2019-02-07 14:42:44,002 - INFO - fastread - 147, 790
2019-02-07 14:42:44,002 - INFO - fastread - 147, 800
2019-02-07 14:42:44,010 - INFO - fastread - 147, 810
2019-02-07 14:42:44,012 - INFO - fastread - 147, 820
2019-02-07 14:42:44,012 - INFO - fastread - 147, 830
2019-02-07 14:42:44,012 - INFO - fastread - 147, 840
2019-02-07 14:42:44,012 - INFO - fastread - 147, 850
2019-02-07 14:42:44,012 - INFO - fastread - 147, 860
2019-02-07 14:42:44,020 - INFO - fastread - 147, 870
2019-02-07 14:42:44,022 - INFO - fastread - 147, 880
2019-02-07 14:42:44,022 - INFO - fastread - 147, 890
2019-02-07 14:42:44,022 - INFO - fastread - 147, 900
2019-02-07 14:42:44,022 - INFO - fastread - 147, 910
2019-02-07 14:42:44,030 - INFO - fastread - 147, 920
2019-02-07 14:42:44,030 - INFO - fastread - 147, 930
2019-02-07 14:42:44,032 - INFO - fastread - 147, 940
2019-02-07 14:42:44,032 - INFO - fastread - 147, 950
2019-02-07 14:42:44,032 - INFO - fastread - 147, 960
2019-02-07 14:42:44,032 - INFO - fastread - 147, 970
2019-02-07 14:42:44,040 - INFO - fastread - 147, 980
2019-02-07 14:42:44,042 - INFO - fastread - 147, 990
2019-02-07 14:42:44,042 - INFO - fastread - 147, 1000
2019-02-07 14:42:44,042 - INFO - fastread - 147, 1010
2019-02-07 14:42:44,042 - INFO - fastread - 147, 1020
2019-02-07 14:42:44,042 - INFO - fastread - 147, 1030
2019-02-07 14:42:44,050 - INFO - fastread - 147, 1040
2019-02-07 14:42:44,052 - INFO - fastread - 147, 1050
2019-02-07 14:42:44,052 - INFO - fastread - 147, 1060
2019-02-07 14:42:44,052 - INFO - fastread - 147, 1070
2019-02-07 14:42:44,052 - INFO - fastread - 147, 1080
2019-02-07 14:42:44,052 - INFO - fastread - 147, 1090
2019-02-07 14:42:44,060 - INFO - fastread - 147, 1100
2019-02-07 14:42:44,062 - INFO - fastread - 147, 1110
2019-02-07 14:42:44,062 - INFO - fastread - 147, 1120
2019-02-07 14:42:44,062 - INFO - fastread - 147, 1130
2019-02-07 14:42:44,062 - INFO - fastread - 147, 1140
2019-02-07 14:42:44,071 - INFO - fastread - 147, 1150
2019-02-07 14:42:44,073 - INFO - fastread - 147, 1160
2019-02-07 14:42:44,073 - INFO - fastread - 147, 1170
2019-02-07 14:42:44,073 - INFO - fastread - 147, 1180
2019-02-07 14:42:44,073 - INFO - fastread - 147, 1190
2019-02-07 14:42:44,073 - INFO - fastread - 147, 1200
2019-02-07 14:42:44,081 - INFO - fastread - 147, 1210
2019-02-07 14:42:44,083 - INFO - fastread - 147, 1220
2019-02-07 14:42:44,083 - INFO - fastread - 147, 1230
2019-02-07 14:42:44,083 - INFO - fastread - 147, 1240
2019-02-07 14:42:44,083 - INFO - fastread - 147, 1250
2019-02-07 14:42:44,083 - INFO - fastread - 147, 1260
2019-02-07 14:42:44,091 - INFO - fastread - 147, 1270
2019-02-07 14:42:44,093 - INFO - fastread - 148, 1280
2019-02-07 14:42:44,093 - INFO - fastread - 148, 1290
2019-02-07 14:42:44,093 - INFO - fastread - 148, 1300
2019-02-07 14:42:44,093 - INFO - fastread - 148, 1310
2019-02-07 14:42:44,101 - INFO - fastread - 148, 1320
2019-02-07 14:42:44,103 - INFO - fastread - 148, 1330
2019-02-07 14:42:44,103 - INFO - fastread - 148, 1340
2019-02-07 14:42:44,103 - INFO - fastread - 148, 1350
2019-02-07 14:42:44,103 - INFO - fastread - 148, 1360
2019-02-07 14:42:44,103 - INFO - fastread - 148, 1370
2019-02-07 14:42:44,111 - INFO - fastread - 148, 1380
2019-02-07 14:42:44,113 - INFO - fastread - 148, 1390
2019-02-07 14:42:44,113 - INFO - fastread - 148, 1400
2019-02-07 14:42:44,113 - INFO - fastread - 148, 1410
2019-02-07 14:42:44,113 - INFO - fastread - 148, 1420
2019-02-07 14:42:44,121 - INFO - fastread - 148, 1430
2019-02-07 14:42:44,121 - INFO - fastread - 148, 1440
2019-02-07 14:42:44,123 - INFO - fastread - 148, 1450
2019-02-07 14:42:44,123 - INFO - fastread - 148, 1460
2019-02-07 14:42:44,123 - INFO - fastread - 148, 1470
2019-02-07 14:42:44,123 - INFO - fastread - 148, 1480
2019-02-07 14:42:44,132 - INFO - fastread - 148, 1490
2019-02-07 14:42:44,135 - INFO - fastread - 148, 1500
2019-02-07 14:42:44,137 - INFO - fastread - 148, 1510
2019-02-07 14:42:44,138 - INFO - fastread - 148, 1520
2019-02-07 14:42:44,138 - INFO - fastread - 148, 1530
2019-02-07 14:42:44,142 - INFO - fastread - 148, 1540
2019-02-07 14:42:44,142 - INFO - fastread - 148, 1550
2019-02-07 14:42:44,142 - INFO - fastread - 148, 1560
2019-02-07 14:42:44,142 - INFO - fastread - 148, 1570
2019-02-07 14:42:44,142 - INFO - fastread - 148, 1580
2019-02-07 14:42:44,142 - INFO - fastread - 148, 1590
2019-02-07 14:42:44,152 - INFO - fastread - 148, 1600
2019-02-07 14:42:44,154 - INFO - fastread - 148, 1610
2019-02-07 14:42:44,154 - INFO - fastread - 148, 1620
2019-02-07 14:42:44,154 - INFO - fastread - 148, 1630
2019-02-07 14:42:44,154 - INFO - fastread - 148, 1640
2019-02-07 14:42:44,162 - INFO - fastread - 148, 1650
2019-02-07 14:42:44,164 - INFO - fastread - 148, 1660
2019-02-07 14:42:44,164 - INFO - fastread - 148, 1670
2019-02-07 14:42:44,164 - INFO - fastread - 148, 1680
2019-02-07 14:42:44,164 - INFO - fastread - 148, 1690
2019-02-07 14:42:44,164 - INFO - fastread - 148, 1700
2019-02-07 14:42:44,172 - INFO - fastread - 148, 1710
2019-02-07 14:42:44,174 - INFO - fastread - 148, 1720
2019-02-07 14:42:44,174 - INFO - fastread - 148, 1730
2019-02-07 14:42:44,174 - INFO - fastread - 148, 1740
2019-02-07 14:42:44,174 - INFO - fastread - 148, 1750
2019-02-07 14:42:44,182 - INFO - fastread - 148, 1760
2019-02-07 14:42:44,184 - INFO - fastread - 148, 1770
2019-02-07 14:42:44,184 - INFO - fastread - 148, 1780
2019-02-07 14:42:44,184 - INFO - fastread - 151, 1790
2019-02-07 14:42:44,184 - INFO - fastread - 161, 1800
2019-02-07 14:42:44,193 - INFO - fastread - 171, 1810
2019-02-07 14:42:44,195 - INFO - fastread - 181, 1820
2019-02-07 14:42:44,195 - INFO - fastread - 191, 1830
2019-02-07 14:42:44,195 - INFO - fastread - 201, 1840
2019-02-07 14:42:44,203 - INFO - fastread - IGNORE jfreechart-1.0.19 | Total: 4408 | Percent Checked: 0.42 | Total Yes Data: 209 | Percent Yes Checked: 0.96
2019-02-07 14:54:42,725 - INFO - rig - jfreechart-1.0.19
2019-02-07 14:54:45,609 - INFO - rig - ++++NEW CLF++++ FASTREAD
2019-02-07 14:54:45,609 - INFO - fastread - Total Yes: 209 | Total No: 4199
2019-02-07 14:54:45,793 - INFO - fastread - 0, 0  475
2019-02-07 14:54:48,830 - INFO - fastread - 47, 50  475
2019-02-07 14:54:50,522 - INFO - fastread - 60, 72  111
2019-02-07 14:54:52,251 - INFO - fastread - 60, 94  118
2019-02-07 14:54:53,976 - INFO - fastread - 61, 116  115
2019-02-07 14:54:55,734 - INFO - fastread - 62, 138  114
2019-02-07 14:54:57,523 - INFO - fastread - 62, 160  114
2019-02-07 14:54:59,301 - INFO - fastread - 66, 182  114
2019-02-07 14:55:01,046 - INFO - fastread - 69, 204  116
2019-02-07 14:55:02,598 - INFO - fastread - 70, 226  134
2019-02-07 14:55:04,130 - INFO - fastread - 74, 248  131
2019-02-07 14:55:05,743 - INFO - fastread - 81, 270  137
2019-02-07 14:55:07,382 - INFO - fastread - 94, 292  137
2019-02-07 14:55:09,024 - INFO - fastread - 95, 314  154
2019-02-07 14:55:10,626 - INFO - fastread - 98, 336  143
2019-02-07 14:55:12,293 - INFO - fastread - 105, 358  143
2019-02-07 14:55:13,965 - INFO - fastread - 107, 380  145
2019-02-07 14:55:15,621 - INFO - fastread - 119, 402  150
2019-02-07 14:55:17,237 - INFO - fastread - 120, 424  154
2019-02-07 14:55:18,844 - INFO - fastread - 122, 446  155
2019-02-07 14:55:20,491 - INFO - fastread - 122, 468  154
2019-02-07 14:55:22,118 - INFO - fastread - 122, 490  151
2019-02-07 14:55:23,741 - INFO - fastread - 122, 512  152
2019-02-07 14:55:25,403 - INFO - fastread - 124, 534  148
2019-02-07 14:55:27,069 - INFO - fastread - 124, 556  148
2019-02-07 14:55:28,704 - INFO - fastread - 124, 578  152
2019-02-07 14:55:30,354 - INFO - fastread - 124, 600  152
2019-02-07 14:55:32,010 - INFO - fastread - 126, 622  145
2019-02-07 14:55:33,678 - INFO - fastread - 132, 644  149
2019-02-07 14:55:35,351 - INFO - fastread - 132, 666  157
2019-02-07 14:55:37,026 - INFO - fastread - 135, 688  154
2019-02-07 14:55:38,714 - INFO - fastread - 139, 710  155
2019-02-07 14:55:40,439 - INFO - fastread - 139, 732  161
2019-02-07 14:55:42,149 - INFO - fastread - 143, 754  164
2019-02-07 14:55:43,879 - INFO - fastread - 145, 776  164
2019-02-07 14:55:45,605 - INFO - fastread - 146, 798  163
2019-02-07 14:55:47,354 - INFO - fastread - 146, 820  169
2019-02-07 14:55:49,123 - INFO - fastread - 146, 842  163
2019-02-07 14:55:50,890 - INFO - fastread - 146, 864  168
2019-02-07 14:55:52,690 - INFO - fastread - 146, 886  162
2019-02-07 14:55:57,167 - INFO - fastread - 147, 947  161
2019-02-07 14:55:58,946 - INFO - fastread - 169, 969  168
2019-02-07 14:56:00,729 - INFO - fastread - 191, 991  198
2019-02-07 14:56:02,549 - INFO - fastread - 207, 1013  207
2019-02-07 14:56:04,350 - INFO - fastread - 207, 1035  211
2019-02-07 14:56:06,169 - INFO - fastread - 207, 1057  209
2019-02-07 14:56:08,019 - INFO - fastread - 207, 1079  210
2019-02-07 14:56:09,837 - INFO - fastread - 207, 1101  208
2019-02-07 14:56:11,682 - INFO - fastread - 208, 1123  210
2019-02-07 14:56:13,508 - INFO - fastread - 208, 1145  209
2019-02-07 14:56:15,358 - INFO - fastread - 208, 1167  211
2019-02-07 14:56:17,216 - INFO - fastread - 208, 1189  210
2019-02-07 14:56:19,095 - INFO - fastread - 208, 1211  209
2019-02-07 14:56:23,654 - INFO - fastread - 208, 1271  210
2019-02-07 14:56:28,215 - INFO - fastread - 208, 1331  211
2019-02-07 14:56:32,836 - INFO - fastread - 208, 1389  212
2019-02-07 14:56:34,707 - INFO - fastread - 208, 1411  210
2019-02-07 14:56:34,707 - INFO - fastread - IGNORE jfreechart-1.0.19 NO IMPROVEMENT after 3 random loops. EXITING. Current estimate: 222
2019-02-07 14:56:34,718 - INFO - fastread - IGNORE jfreechart-1.0.19 | Total: 4408 | Percent Checked: 0.32 | Total Yes Data: 209 | Percent Yes Checked: 1.0
2019-02-07 14:56:34,718 - INFO - rig - ++++NEW CLF++++ QUICKREAD
2019-02-07 14:56:34,718 - INFO - quickread - Total Yes: 209 | Total No: 4199
2019-02-07 14:56:34,940 - INFO - quickread - 0, 0  475
2019-02-07 14:56:36,301 - INFO - quickread - 21, 22  475
2019-02-07 14:56:37,984 - INFO - quickread - 36, 44  95
2019-02-07 14:56:39,678 - INFO - quickread - 56, 66  126
2019-02-07 14:56:41,354 - INFO - quickread - 71, 88  99
2019-02-07 14:56:42,858 - INFO - quickread - 83, 110  97
2019-02-07 14:56:44,383 - INFO - quickread - 94, 132  112
2019-02-07 14:56:45,895 - INFO - quickread - 97, 154  133
2019-02-07 14:56:47,388 - INFO - quickread - 100, 176  126
2019-02-07 14:56:48,861 - INFO - quickread - 107, 198  124
2019-02-07 14:56:50,368 - INFO - quickread - 109, 220  139
2019-02-07 14:56:51,838 - INFO - quickread - 113, 242  136
2019-02-07 14:56:53,271 - INFO - quickread - 114, 264  139
2019-02-07 14:56:54,692 - INFO - quickread - 117, 286  133
2019-02-07 14:56:56,132 - INFO - quickread - 117, 308  136
2019-02-07 14:56:57,583 - INFO - quickread - 119, 330  131
2019-02-07 14:56:59,044 - INFO - quickread - 119, 352  133
2019-02-07 14:57:00,476 - INFO - quickread - 119, 374  130
2019-02-07 14:57:01,915 - INFO - quickread - 122, 396  127
2019-02-07 14:57:03,343 - INFO - quickread - 124, 418  132
2019-02-07 14:57:04,779 - INFO - quickread - 126, 440  133
2019-02-07 14:57:06,221 - INFO - quickread - 137, 462  136
2019-02-07 14:57:07,661 - INFO - quickread - 142, 484  155
2019-02-07 14:57:09,113 - INFO - quickread - 142, 506  159
2019-02-07 14:57:10,533 - INFO - quickread - 142, 528  152
2019-02-07 14:57:11,927 - INFO - quickread - 145, 550  149
2019-02-07 14:57:13,329 - INFO - quickread - 145, 572  152
2019-02-07 14:57:14,736 - INFO - quickread - 145, 594  150
2019-02-07 14:57:16,152 - INFO - quickread - 145, 616  148
2019-02-07 14:57:17,542 - INFO - quickread - 145, 638  147
2019-02-07 14:57:21,613 - INFO - quickread - 145, 697  146
2019-02-07 14:57:25,761 - INFO - quickread - 146, 755  145
2019-02-07 14:57:27,357 - INFO - quickread - 146, 777  147
2019-02-07 14:57:28,779 - INFO - quickread - 149, 799  146
2019-02-07 14:57:30,225 - INFO - quickread - 149, 821  150
2019-02-07 14:57:31,687 - INFO - quickread - 149, 843  149
2019-02-07 14:57:33,103 - INFO - quickread - 149, 865  149
2019-02-07 14:57:34,552 - INFO - quickread - 149, 887  148
2019-02-07 14:57:34,552 - INFO - quickread - IGNORE jfreechart-1.0.19 NO IMPROVEMENT after 3 random loops. EXITING. Current estimate: 156
2019-02-07 14:57:34,560 - INFO - quickread - IGNORE jfreechart-1.0.19 | Total: 4408 | Percent Checked: 0.2 | Total Yes Data: 209 | Percent Yes Checked: 0.71
2019-02-07 14:57:34,560 - INFO - rig - ++++NEW CLF++++ SGD
2019-02-07 14:57:34,560 - INFO - fastread - Total Yes: 209 | Total No: 4199
2019-02-07 14:57:34,652 - INFO - fastread - 10, 10
2019-02-07 14:57:34,655 - INFO - fastread - 18, 20
2019-02-07 14:57:34,657 - INFO - fastread - 28, 30
2019-02-07 14:57:34,659 - INFO - fastread - 37, 40
2019-02-07 14:57:34,660 - INFO - fastread - 44, 50
2019-02-07 14:57:34,662 - INFO - fastread - 50, 60
2019-02-07 14:57:34,664 - INFO - fastread - 59, 70
2019-02-07 14:57:34,667 - INFO - fastread - 63, 80
2019-02-07 14:57:34,670 - INFO - fastread - 69, 90
2019-02-07 14:57:34,673 - INFO - fastread - 76, 100
2019-02-07 14:57:34,676 - INFO - fastread - 83, 110
2019-02-07 14:57:34,679 - INFO - fastread - 90, 120
2019-02-07 14:57:34,681 - INFO - fastread - 94, 130
2019-02-07 14:57:34,683 - INFO - fastread - 98, 140
2019-02-07 14:57:34,685 - INFO - fastread - 99, 150
2019-02-07 14:57:34,687 - INFO - fastread - 102, 160
2019-02-07 14:57:34,689 - INFO - fastread - 103, 170
2019-02-07 14:57:34,691 - INFO - fastread - 103, 180
2019-02-07 14:57:34,692 - INFO - fastread - 107, 190
2019-02-07 14:57:34,694 - INFO - fastread - 111, 200
2019-02-07 14:57:34,696 - INFO - fastread - 113, 210
2019-02-07 14:57:34,698 - INFO - fastread - 115, 220
2019-02-07 14:57:34,700 - INFO - fastread - 117, 230
2019-02-07 14:57:34,702 - INFO - fastread - 117, 240
2019-02-07 14:57:34,704 - INFO - fastread - 117, 250
2019-02-07 14:57:34,706 - INFO - fastread - 117, 260
2019-02-07 14:57:34,708 - INFO - fastread - 118, 270
2019-02-07 14:57:34,710 - INFO - fastread - 120, 280
2019-02-07 14:57:34,712 - INFO - fastread - 126, 290
2019-02-07 14:57:34,713 - INFO - fastread - 130, 300
2019-02-07 14:57:34,715 - INFO - fastread - 130, 310
2019-02-07 14:57:34,717 - INFO - fastread - 130, 320
2019-02-07 14:57:34,719 - INFO - fastread - 130, 330
2019-02-07 14:57:34,721 - INFO - fastread - 130, 340
2019-02-07 14:57:34,723 - INFO - fastread - 130, 350
2019-02-07 14:57:34,725 - INFO - fastread - 131, 360
2019-02-07 14:57:34,727 - INFO - fastread - 133, 370
2019-02-07 14:57:34,729 - INFO - fastread - 133, 380
2019-02-07 14:57:34,731 - INFO - fastread - 134, 390
2019-02-07 14:57:34,733 - INFO - fastread - 134, 400
2019-02-07 14:57:34,735 - INFO - fastread - 134, 410
2019-02-07 14:57:34,737 - INFO - fastread - 134, 420
2019-02-07 14:57:34,739 - INFO - fastread - 135, 430
2019-02-07 14:57:34,741 - INFO - fastread - 135, 440
2019-02-07 14:57:34,743 - INFO - fastread - 136, 450
2019-02-07 14:57:34,746 - INFO - fastread - 136, 460
2019-02-07 14:57:34,748 - INFO - fastread - 136, 470
2019-02-07 14:57:34,750 - INFO - fastread - 136, 480
2019-02-07 14:57:34,752 - INFO - fastread - 136, 490
2019-02-07 14:57:34,754 - INFO - fastread - 136, 500
2019-02-07 14:57:34,756 - INFO - fastread - 136, 510
2019-02-07 14:57:34,758 - INFO - fastread - 136, 520
2019-02-07 14:57:34,760 - INFO - fastread - 136, 530
2019-02-07 14:57:34,762 - INFO - fastread - 136, 540
2019-02-07 14:57:34,765 - INFO - fastread - 136, 550
2019-02-07 14:57:34,769 - INFO - fastread - 136, 560
2019-02-07 14:57:34,772 - INFO - fastread - 136, 570
2019-02-07 14:57:34,774 - INFO - fastread - 136, 580
2019-02-07 14:57:34,776 - INFO - fastread - 136, 590
2019-02-07 14:57:34,778 - INFO - fastread - 136, 600
2019-02-07 14:57:34,780 - INFO - fastread - 136, 610
2019-02-07 14:57:34,782 - INFO - fastread - 136, 620
2019-02-07 14:57:34,784 - INFO - fastread - 136, 630
2019-02-07 14:57:34,786 - INFO - fastread - 136, 640
2019-02-07 14:57:34,788 - INFO - fastread - 136, 650
2019-02-07 14:57:34,790 - INFO - fastread - 136, 660
2019-02-07 14:57:34,793 - INFO - fastread - 137, 670
2019-02-07 14:57:34,796 - INFO - fastread - 137, 680
2019-02-07 14:57:34,799 - INFO - fastread - 140, 690
2019-02-07 14:57:34,802 - INFO - fastread - 147, 700
2019-02-07 14:57:34,805 - INFO - fastread - 147, 710
2019-02-07 14:57:34,808 - INFO - fastread - 147, 720
2019-02-07 14:57:34,811 - INFO - fastread - 147, 730
2019-02-07 14:57:34,814 - INFO - fastread - 147, 740
2019-02-07 14:57:34,817 - INFO - fastread - 147, 750
2019-02-07 14:57:34,819 - INFO - fastread - 147, 760
2019-02-07 14:57:34,821 - INFO - fastread - 147, 770
2019-02-07 14:57:34,823 - INFO - fastread - 147, 780
2019-02-07 14:57:34,825 - INFO - fastread - 147, 790
2019-02-07 14:57:34,827 - INFO - fastread - 147, 800
2019-02-07 14:57:34,829 - INFO - fastread - 147, 810
2019-02-07 14:57:34,831 - INFO - fastread - 147, 820
2019-02-07 14:57:34,833 - INFO - fastread - 147, 830
2019-02-07 14:57:34,835 - INFO - fastread - 147, 840
2019-02-07 14:57:34,836 - INFO - fastread - 147, 850
2019-02-07 14:57:34,839 - INFO - fastread - 147, 860
2019-02-07 14:57:34,840 - INFO - fastread - 147, 870
2019-02-07 14:57:34,842 - INFO - fastread - 147, 880
2019-02-07 14:57:34,844 - INFO - fastread - 147, 890
2019-02-07 14:57:34,846 - INFO - fastread - 147, 900
2019-02-07 14:57:34,848 - INFO - fastread - 147, 910
2019-02-07 14:57:34,850 - INFO - fastread - 147, 920
2019-02-07 14:57:34,850 - INFO - fastread - 147, 930
2019-02-07 14:57:34,850 - INFO - fastread - 147, 940
2019-02-07 14:57:34,850 - INFO - fastread - 147, 950
2019-02-07 14:57:34,858 - INFO - fastread - 147, 960
2019-02-07 14:57:34,860 - INFO - fastread - 147, 970
2019-02-07 14:57:34,860 - INFO - fastread - 147, 980
2019-02-07 14:57:34,860 - INFO - fastread - 147, 990
2019-02-07 14:57:34,860 - INFO - fastread - 147, 1000
2019-02-07 14:57:34,860 - INFO - fastread - 147, 1010
2019-02-07 14:57:34,868 - INFO - fastread - 147, 1020
2019-02-07 14:57:34,870 - INFO - fastread - 147, 1030
2019-02-07 14:57:34,870 - INFO - fastread - 147, 1040
2019-02-07 14:57:34,870 - INFO - fastread - 147, 1050
2019-02-07 14:57:34,870 - INFO - fastread - 147, 1060
2019-02-07 14:57:34,878 - INFO - fastread - 147, 1070
2019-02-07 14:57:34,878 - INFO - fastread - 147, 1080
2019-02-07 14:57:34,880 - INFO - fastread - 147, 1090
2019-02-07 14:57:34,880 - INFO - fastread - 147, 1100
2019-02-07 14:57:34,880 - INFO - fastread - 147, 1110
2019-02-07 14:57:34,880 - INFO - fastread - 147, 1120
2019-02-07 14:57:34,888 - INFO - fastread - 147, 1130
2019-02-07 14:57:34,890 - INFO - fastread - 147, 1140
2019-02-07 14:57:34,890 - INFO - fastread - 147, 1150
2019-02-07 14:57:34,890 - INFO - fastread - 147, 1160
2019-02-07 14:57:34,890 - INFO - fastread - 147, 1170
2019-02-07 14:57:34,890 - INFO - fastread - 147, 1180
2019-02-07 14:57:34,898 - INFO - fastread - 147, 1190
2019-02-07 14:57:34,900 - INFO - fastread - 147, 1200
2019-02-07 14:57:34,900 - INFO - fastread - 147, 1210
2019-02-07 14:57:34,900 - INFO - fastread - 147, 1220
2019-02-07 14:57:34,900 - INFO - fastread - 147, 1230
2019-02-07 14:57:34,908 - INFO - fastread - 147, 1240
2019-02-07 14:57:34,910 - INFO - fastread - 147, 1250
2019-02-07 14:57:34,910 - INFO - fastread - 147, 1260
2019-02-07 14:57:34,910 - INFO - fastread - 147, 1270
2019-02-07 14:57:34,910 - INFO - fastread - 148, 1280
2019-02-07 14:57:34,910 - INFO - fastread - 148, 1290
2019-02-07 14:57:34,918 - INFO - fastread - 148, 1300
2019-02-07 14:57:34,920 - INFO - fastread - 148, 1310
2019-02-07 14:57:34,920 - INFO - fastread - 148, 1320
2019-02-07 14:57:34,920 - INFO - fastread - 148, 1330
2019-02-07 14:57:34,920 - INFO - fastread - 148, 1340
2019-02-07 14:57:34,928 - INFO - fastread - 148, 1350
2019-02-07 14:57:34,931 - INFO - fastread - 148, 1360
2019-02-07 14:57:34,931 - INFO - fastread - 148, 1370
2019-02-07 14:57:34,931 - INFO - fastread - 148, 1380
2019-02-07 14:57:34,931 - INFO - fastread - 148, 1390
2019-02-07 14:57:34,939 - INFO - fastread - 148, 1400
2019-02-07 14:57:34,941 - INFO - fastread - 148, 1410
2019-02-07 14:57:34,941 - INFO - fastread - 148, 1420
2019-02-07 14:57:34,941 - INFO - fastread - 148, 1430
2019-02-07 14:57:34,941 - INFO - fastread - 148, 1440
2019-02-07 14:57:34,941 - INFO - fastread - 148, 1450
2019-02-07 14:57:34,949 - INFO - fastread - 148, 1460
2019-02-07 14:57:34,951 - INFO - fastread - 148, 1470
2019-02-07 14:57:34,951 - INFO - fastread - 148, 1480
2019-02-07 14:57:34,951 - INFO - fastread - 148, 1490
2019-02-07 14:57:34,951 - INFO - fastread - 148, 1500
2019-02-07 14:57:34,959 - INFO - fastread - 148, 1510
2019-02-07 14:57:34,961 - INFO - fastread - 148, 1520
2019-02-07 14:57:34,961 - INFO - fastread - 148, 1530
2019-02-07 14:57:34,961 - INFO - fastread - 148, 1540
2019-02-07 14:57:34,961 - INFO - fastread - 148, 1550
2019-02-07 14:57:34,969 - INFO - fastread - 148, 1560
2019-02-07 14:57:34,971 - INFO - fastread - 148, 1570
2019-02-07 14:57:34,971 - INFO - fastread - 148, 1580
2019-02-07 14:57:34,971 - INFO - fastread - 148, 1590
2019-02-07 14:57:34,971 - INFO - fastread - 148, 1600
2019-02-07 14:57:34,971 - INFO - fastread - 148, 1610
2019-02-07 14:57:34,979 - INFO - fastread - 148, 1620
2019-02-07 14:57:34,981 - INFO - fastread - 148, 1630
2019-02-07 14:57:34,981 - INFO - fastread - 148, 1640
2019-02-07 14:57:34,981 - INFO - fastread - 148, 1650
2019-02-07 14:57:34,981 - INFO - fastread - 148, 1660
2019-02-07 14:57:34,989 - INFO - fastread - 148, 1670
2019-02-07 14:57:34,991 - INFO - fastread - 148, 1680
2019-02-07 14:57:34,991 - INFO - fastread - 148, 1690
2019-02-07 14:57:34,991 - INFO - fastread - 148, 1700
2019-02-07 14:57:34,991 - INFO - fastread - 148, 1710
2019-02-07 14:57:35,000 - INFO - fastread - 148, 1720
2019-02-07 14:57:35,002 - INFO - fastread - 148, 1730
2019-02-07 14:57:35,002 - INFO - fastread - 148, 1740
2019-02-07 14:57:35,002 - INFO - fastread - 148, 1750
2019-02-07 14:57:35,002 - INFO - fastread - 148, 1760
2019-02-07 14:57:35,002 - INFO - fastread - 148, 1770
2019-02-07 14:57:35,012 - INFO - fastread - 148, 1780
2019-02-07 14:57:35,012 - INFO - fastread - 151, 1790
2019-02-07 14:57:35,012 - INFO - fastread - 161, 1800
2019-02-07 14:57:35,012 - INFO - fastread - 171, 1810
2019-02-07 14:57:35,012 - INFO - fastread - 181, 1820
2019-02-07 14:57:35,020 - INFO - fastread - 191, 1830
2019-02-07 14:57:35,022 - INFO - fastread - 201, 1840
2019-02-07 14:57:35,022 - INFO - fastread - IGNORE jfreechart-1.0.19 | Total: 4408 | Percent Checked: 0.42 | Total Yes Data: 209 | Percent Yes Checked: 0.96
