2019-02-07 14:26:18,459 - INFO - rig - sql12
2019-02-07 14:26:25,000 - INFO - rig - ++++NEW CLF++++ FASTREAD
2019-02-07 14:26:25,000 - INFO - fastread - Total Yes: 286 | Total No: 6929
2019-02-07 14:26:25,455 - INFO - fastread - 0, 0  475
2019-02-07 14:26:49,310 - INFO - fastread - 130, 137  475
2019-02-07 14:26:56,727 - INFO - fastread - 147, 173  384
2019-02-07 14:27:04,510 - INFO - fastread - 152, 209  492
2019-02-07 14:27:12,725 - INFO - fastread - 156, 245  465
2019-02-07 14:27:20,556 - INFO - fastread - 159, 281  447
2019-02-07 14:27:28,104 - INFO - fastread - 164, 317  423
2019-02-07 14:27:35,686 - INFO - fastread - 165, 353  400
2019-02-07 14:27:43,601 - INFO - fastread - 169, 389  394
2019-02-07 14:27:51,115 - INFO - fastread - 173, 425  378
2019-02-07 14:27:58,166 - INFO - fastread - 176, 461  365
2019-02-07 14:28:05,557 - INFO - fastread - 178, 497  363
2019-02-07 14:28:13,371 - INFO - fastread - 185, 533  358
2019-02-07 14:28:20,889 - INFO - fastread - 206, 569  357
2019-02-07 14:28:29,220 - INFO - fastread - 212, 605  356
2019-02-07 14:28:38,032 - INFO - fastread - 214, 641  347
2019-02-07 14:28:46,759 - INFO - fastread - 215, 677  343
2019-02-07 14:28:55,564 - INFO - fastread - 216, 713  324
2019-02-07 14:29:04,720 - INFO - fastread - 217, 749  326
2019-02-07 14:29:13,715 - INFO - fastread - 218, 785  324
2019-02-07 14:29:22,416 - INFO - fastread - 220, 821  320
2019-02-07 14:29:31,449 - INFO - fastread - 224, 857  305
2019-02-07 14:29:40,569 - INFO - fastread - 228, 893  314
2019-02-07 14:29:49,370 - INFO - fastread - 229, 929  306
2019-02-07 14:29:58,109 - INFO - fastread - 231, 965  314
2019-02-07 14:30:06,556 - INFO - fastread - 233, 1001  305
2019-02-07 14:30:15,673 - INFO - fastread - 235, 1037  301
2019-02-07 14:30:23,462 - INFO - fastread - 237, 1073  302
2019-02-07 14:30:32,130 - INFO - fastread - 238, 1109  302
2019-02-07 14:30:41,573 - INFO - fastread - 240, 1145  305
2019-02-07 14:30:49,914 - INFO - fastread - 242, 1181  297
2019-02-07 14:30:58,997 - INFO - fastread - 244, 1217  297
2019-02-07 14:31:07,727 - INFO - fastread - 244, 1253  297
2019-02-07 14:31:16,313 - INFO - fastread - 254, 1289  294
2019-02-07 14:31:26,259 - INFO - fastread - 257, 1325  300
2019-02-07 14:31:35,847 - INFO - fastread - 258, 1361  301
2019-02-07 14:31:44,931 - INFO - fastread - 258, 1397  304
2019-02-07 14:31:54,411 - INFO - fastread - 258, 1433  296
2019-02-07 14:32:04,077 - INFO - fastread - 259, 1469  295
2019-02-07 14:32:14,369 - INFO - fastread - 262, 1505  294
2019-02-07 14:32:24,109 - INFO - fastread - 263, 1541  298
2019-02-07 14:32:34,311 - INFO - fastread - 264, 1577  290
2019-02-07 14:32:44,328 - INFO - fastread - 265, 1613  296
2019-02-07 14:32:54,661 - INFO - fastread - 265, 1649  289
2019-02-07 15:10:04,322 - INFO - rig - sql12
2019-02-07 15:10:07,331 - INFO - rig - ++++NEW CLF++++ FASTREAD
2019-02-07 15:10:07,331 - INFO - fastread - Total Yes: 286 | Total No: 6929
2019-02-07 15:10:07,530 - INFO - fastread - 0, 0  475
2019-02-07 15:10:15,537 - INFO - fastread - 124, 131  475
2019-02-07 15:10:18,549 - INFO - fastread - 138, 167  365
2019-02-07 15:10:21,641 - INFO - fastread - 148, 203  468
2019-02-07 15:10:24,839 - INFO - fastread - 155, 239  473
2019-02-07 15:10:28,023 - INFO - fastread - 157, 275  445
2019-02-07 15:10:31,291 - INFO - fastread - 160, 311  431
2019-02-07 15:10:34,584 - INFO - fastread - 163, 347  436
2019-02-07 15:10:37,859 - INFO - fastread - 167, 383  390
2019-02-07 15:10:41,118 - INFO - fastread - 171, 419  388
2019-02-07 15:10:44,422 - INFO - fastread - 172, 455  376
2019-02-07 15:10:47,659 - INFO - fastread - 177, 491  356
2019-02-07 15:10:50,941 - INFO - fastread - 197, 527  362
2019-02-07 15:10:54,300 - INFO - fastread - 201, 563  369
2019-02-07 15:10:57,597 - INFO - fastread - 206, 599  348
2019-02-07 15:11:00,972 - INFO - fastread - 208, 635  351
2019-02-07 15:11:04,373 - INFO - fastread - 212, 671  343
2019-02-07 15:11:07,773 - INFO - fastread - 215, 707  335
2019-02-07 15:11:11,231 - INFO - fastread - 218, 743  323
2019-02-07 15:11:14,693 - INFO - fastread - 218, 779  331
2019-02-07 15:11:18,169 - INFO - fastread - 219, 815  313
2019-02-07 15:11:21,673 - INFO - fastread - 219, 851  309
2019-02-07 15:11:25,214 - INFO - fastread - 220, 887  315
2019-02-07 15:11:29,013 - INFO - fastread - 220, 923  297
2019-02-07 15:11:33,333 - INFO - fastread - 221, 959  292
2019-02-07 15:11:37,609 - INFO - fastread - 221, 995  291
2019-02-07 15:11:41,837 - INFO - fastread - 223, 1031  285
2019-02-07 15:11:46,087 - INFO - fastread - 223, 1067  285
2019-02-07 15:11:50,617 - INFO - fastread - 226, 1103  282
2019-02-07 15:11:54,499 - INFO - fastread - 226, 1139  284
2019-02-07 15:11:58,191 - INFO - fastread - 230, 1175  276
2019-02-07 15:12:02,107 - INFO - fastread - 231, 1211  286
2019-02-07 15:12:06,203 - INFO - fastread - 233, 1247  280
2019-02-07 15:12:10,360 - INFO - fastread - 236, 1283  284
2019-02-07 15:12:14,459 - INFO - fastread - 238, 1319  283
2019-02-07 15:12:18,427 - INFO - fastread - 249, 1355  285
2019-02-07 15:12:22,372 - INFO - fastread - 252, 1391  294
2019-02-07 15:12:26,385 - INFO - fastread - 252, 1427  289
2019-02-07 15:12:30,424 - INFO - fastread - 253, 1463  289
2019-02-07 15:12:34,431 - INFO - fastread - 255, 1499  291
2019-02-07 15:12:38,621 - INFO - fastread - 255, 1535  295
2019-02-07 15:12:42,808 - INFO - fastread - 255, 1571  291
2019-02-07 15:12:46,995 - INFO - fastread - 256, 1607  288
2019-02-07 15:12:51,053 - INFO - fastread - 258, 1643  290
2019-02-07 15:12:55,267 - INFO - fastread - 258, 1679  286
2019-02-07 15:12:59,420 - INFO - fastread - 262, 1715  285
2019-02-07 15:13:03,633 - INFO - fastread - 266, 1751  287
2019-02-07 15:13:08,131 - INFO - fastread - 267, 1787  288
2019-02-07 15:13:12,620 - INFO - fastread - 267, 1823  291
2019-02-07 15:13:16,929 - INFO - fastread - 267, 1859  289
2019-02-07 15:13:21,409 - INFO - fastread - 269, 1895  289
2019-02-07 15:13:25,992 - INFO - fastread - 269, 1931  287
2019-02-07 15:13:30,510 - INFO - fastread - 269, 1967  292
2019-02-07 15:13:35,111 - INFO - fastread - 269, 2003  288
2019-02-07 15:13:39,716 - INFO - fastread - 270, 2039  289
2019-02-07 15:13:44,345 - INFO - fastread - 270, 2075  290
2019-02-07 15:13:48,828 - INFO - fastread - 270, 2111  287
2019-02-07 15:13:53,272 - INFO - fastread - 270, 2147  285
2019-02-07 15:13:57,754 - INFO - fastread - 272, 2183  285
2019-02-07 15:14:02,343 - INFO - fastread - 274, 2219  285
2019-02-07 15:14:07,060 - INFO - fastread - 274, 2255  289
2019-02-07 15:14:11,610 - INFO - fastread - 274, 2291  289
2019-02-07 15:14:16,352 - INFO - fastread - 274, 2327  287
2019-02-07 15:14:21,164 - INFO - fastread - 275, 2363  286
2019-02-07 15:14:25,975 - INFO - fastread - 275, 2399  286
2019-02-07 15:14:30,709 - INFO - fastread - 275, 2435  287
2019-02-07 15:14:35,543 - INFO - fastread - 275, 2471  289
2019-02-07 15:14:40,332 - INFO - fastread - 275, 2507  289
2019-02-07 15:14:45,215 - INFO - fastread - 278, 2543  287
2019-02-07 15:14:50,083 - INFO - fastread - 279, 2579  294
2019-02-07 15:14:54,970 - INFO - fastread - 279, 2615  295
2019-02-07 15:14:59,920 - INFO - fastread - 280, 2651  294
2019-02-07 15:15:04,868 - INFO - fastread - 280, 2687  300
2019-02-07 15:15:09,838 - INFO - fastread - 280, 2723  299
2019-02-07 15:15:14,691 - INFO - fastread - 280, 2759  296
2019-02-07 15:15:19,540 - INFO - fastread - 280, 2795  295
2019-02-07 15:15:28,698 - INFO - fastread - 280, 2891  292
2019-02-07 15:15:37,753 - INFO - fastread - 280, 2989  298
2019-02-07 15:15:47,165 - INFO - fastread - 280, 3084  294
2019-02-07 15:15:52,153 - INFO - fastread - 280, 3120  297
2019-02-07 15:15:52,153 - INFO - fastread - IGNORE sql12 NO IMPROVEMENT after 3 random loops. EXITING. Current estimate: 313
2019-02-07 15:15:52,163 - INFO - fastread - IGNORE sql12 | Total: 7215 | Percent Checked: 0.43 | Total Yes Data: 286 | Percent Yes Checked: 0.98
2019-02-07 15:15:52,163 - INFO - rig - ++++NEW CLF++++ QUICKREAD
2019-02-07 15:15:52,163 - INFO - quickread - Total Yes: 286 | Total No: 6929
2019-02-07 15:15:52,373 - INFO - quickread - 0, 0  475
2019-02-07 15:15:54,555 - INFO - quickread - 33, 36  475
2019-02-07 15:15:57,502 - INFO - quickread - 61, 72  292
2019-02-07 15:16:00,464 - INFO - quickread - 79, 108  413
2019-02-07 15:16:03,339 - INFO - quickread - 108, 144  457
2019-02-07 15:16:06,173 - INFO - quickread - 119, 180  498
2019-02-07 15:16:08,925 - INFO - quickread - 128, 216  498
2019-02-07 15:16:11,613 - INFO - quickread - 136, 252  487
2019-02-07 15:16:14,416 - INFO - quickread - 139, 288  482
2019-02-07 15:16:17,049 - INFO - quickread - 159, 324  448
2019-02-07 15:16:19,745 - INFO - quickread - 175, 360  461
2019-02-07 15:16:22,432 - INFO - quickread - 179, 396  467
2019-02-07 15:16:25,050 - INFO - quickread - 180, 432  433
2019-02-07 15:16:27,641 - INFO - quickread - 196, 468  397
2019-02-07 15:16:30,251 - INFO - quickread - 204, 504  416
2019-02-07 15:16:32,806 - INFO - quickread - 212, 540  403
2019-02-07 15:16:35,359 - INFO - quickread - 216, 576  397
2019-02-07 15:16:37,952 - INFO - quickread - 219, 612  380
2019-02-07 15:16:40,474 - INFO - quickread - 222, 648  363
2019-02-07 15:16:42,942 - INFO - quickread - 223, 684  351
2019-02-07 15:16:45,526 - INFO - quickread - 229, 720  335
2019-02-07 15:16:47,987 - INFO - quickread - 230, 756  337
2019-02-07 15:16:50,544 - INFO - quickread - 231, 792  324
2019-02-07 15:16:53,011 - INFO - quickread - 233, 828  313
2019-02-07 15:16:55,458 - INFO - quickread - 237, 864  307
2019-02-07 15:16:57,899 - INFO - quickread - 239, 900  308
2019-02-07 15:17:00,275 - INFO - quickread - 241, 936  304
2019-02-07 15:17:02,596 - INFO - quickread - 242, 972  300
2019-02-07 15:17:04,965 - INFO - quickread - 243, 1008  294
2019-02-07 15:17:07,340 - INFO - quickread - 245, 1044  290
2019-02-07 15:17:09,711 - INFO - quickread - 249, 1080  288
2019-02-07 15:17:12,078 - INFO - quickread - 251, 1116  292
2019-02-07 15:17:14,456 - INFO - quickread - 254, 1152  291
2019-02-07 15:17:16,841 - INFO - quickread - 254, 1188  293
2019-02-07 15:17:19,208 - INFO - quickread - 257, 1224  288
2019-02-07 15:17:21,570 - INFO - quickread - 258, 1260  289
2019-02-07 15:17:23,938 - INFO - quickread - 258, 1296  287
2019-02-07 15:17:26,310 - INFO - quickread - 260, 1332  284
2019-02-07 15:17:28,665 - INFO - quickread - 260, 1368  285
2019-02-07 15:17:30,966 - INFO - quickread - 261, 1404  281
2019-02-07 15:17:33,336 - INFO - quickread - 261, 1440  280
2019-02-07 15:17:35,658 - INFO - quickread - 263, 1476  277
2019-02-07 15:17:37,949 - INFO - quickread - 267, 1512  278
2019-02-07 15:17:40,265 - INFO - quickread - 268, 1548  283
2019-02-07 15:17:42,581 - INFO - quickread - 268, 1584  282
2019-02-07 15:17:44,957 - INFO - quickread - 268, 1620  280
2019-02-07 15:17:47,278 - INFO - quickread - 268, 1656  277
2019-02-07 15:17:49,534 - INFO - quickread - 269, 1692  275
2019-02-07 15:17:51,811 - INFO - quickread - 269, 1728  275
2019-02-07 15:17:54,072 - INFO - quickread - 269, 1764  273
2019-02-07 15:17:56,375 - INFO - quickread - 270, 1800  272
2019-02-07 15:17:58,796 - INFO - quickread - 270, 1836  272
2019-02-07 15:18:01,129 - INFO - quickread - 271, 1872  271
2019-02-07 15:18:03,525 - INFO - quickread - 271, 1908  272
2019-02-07 15:18:05,885 - INFO - quickread - 271, 1944  271
2019-02-07 15:18:12,687 - INFO - quickread - 271, 2039  270
2019-02-07 15:18:15,028 - INFO - quickread - 271, 2075  269
2019-02-07 15:18:15,028 - INFO - quickread - IGNORE sql12 NO IMPROVEMENT after 3 random loops. EXITING. Current estimate: 284
2019-02-07 15:18:15,040 - INFO - quickread - IGNORE sql12 | Total: 7215 | Percent Checked: 0.29 | Total Yes Data: 286 | Percent Yes Checked: 0.95
2019-02-07 15:18:15,040 - INFO - rig - ++++NEW CLF++++ SGD
2019-02-07 15:18:15,040 - INFO - fastread - Total Yes: 286 | Total No: 6929
2019-02-07 15:18:15,136 - INFO - fastread - 0, 10
2019-02-07 15:18:15,139 - INFO - fastread - 2, 20
2019-02-07 15:18:15,142 - INFO - fastread - 12, 30
2019-02-07 15:18:15,142 - INFO - fastread - 22, 40
2019-02-07 15:18:15,150 - INFO - fastread - 32, 50
2019-02-07 15:18:15,152 - INFO - fastread - 42, 60
2019-02-07 15:18:15,152 - INFO - fastread - 50, 70
2019-02-07 15:18:15,160 - INFO - fastread - 59, 80
2019-02-07 15:18:15,162 - INFO - fastread - 68, 90
2019-02-07 15:18:15,162 - INFO - fastread - 77, 100
2019-02-07 15:18:15,172 - INFO - fastread - 86, 110
2019-02-07 15:18:15,172 - INFO - fastread - 94, 120
2019-02-07 15:18:15,180 - INFO - fastread - 100, 130
2019-02-07 15:18:15,182 - INFO - fastread - 106, 140
2019-02-07 15:18:15,182 - INFO - fastread - 111, 150
2019-02-07 15:18:15,190 - INFO - fastread - 119, 160
2019-02-07 15:18:15,192 - INFO - fastread - 128, 170
2019-02-07 15:18:15,192 - INFO - fastread - 128, 180
2019-02-07 15:18:15,202 - INFO - fastread - 128, 190
2019-02-07 15:18:15,202 - INFO - fastread - 133, 200
2019-02-07 15:18:15,202 - INFO - fastread - 137, 210
2019-02-07 15:18:15,202 - INFO - fastread - 137, 220
2019-02-07 15:18:15,210 - INFO - fastread - 140, 230
2019-02-07 15:18:15,212 - INFO - fastread - 142, 240
2019-02-07 15:18:15,212 - INFO - fastread - 145, 250
2019-02-07 15:18:15,212 - INFO - fastread - 145, 260
2019-02-07 15:18:15,220 - INFO - fastread - 147, 270
2019-02-07 15:18:15,222 - INFO - fastread - 154, 280
2019-02-07 15:18:15,222 - INFO - fastread - 160, 290
2019-02-07 15:18:15,222 - INFO - fastread - 163, 300
2019-02-07 15:18:15,230 - INFO - fastread - 164, 310
2019-02-07 15:18:15,233 - INFO - fastread - 173, 320
2019-02-07 15:18:15,233 - INFO - fastread - 181, 330
2019-02-07 15:18:15,233 - INFO - fastread - 185, 340
2019-02-07 15:18:15,233 - INFO - fastread - 185, 350
2019-02-07 15:18:15,241 - INFO - fastread - 190, 360
2019-02-07 15:18:15,243 - INFO - fastread - 199, 370
2019-02-07 15:18:15,243 - INFO - fastread - 203, 380
2019-02-07 15:18:15,243 - INFO - fastread - 203, 390
2019-02-07 15:18:15,251 - INFO - fastread - 208, 400
2019-02-07 15:18:15,253 - INFO - fastread - 209, 410
2019-02-07 15:18:15,253 - INFO - fastread - 209, 420
2019-02-07 15:18:15,253 - INFO - fastread - 211, 430
2019-02-07 15:18:15,253 - INFO - fastread - 212, 440
2019-02-07 15:18:15,263 - INFO - fastread - 212, 450
2019-02-07 15:18:15,263 - INFO - fastread - 212, 460
2019-02-07 15:18:15,263 - INFO - fastread - 214, 470
2019-02-07 15:18:15,271 - INFO - fastread - 214, 480
2019-02-07 15:18:15,273 - INFO - fastread - 214, 490
2019-02-07 15:18:15,273 - INFO - fastread - 214, 500
2019-02-07 15:18:15,273 - INFO - fastread - 217, 510
2019-02-07 15:18:15,283 - INFO - fastread - 219, 520
2019-02-07 15:18:15,283 - INFO - fastread - 219, 530
2019-02-07 15:18:15,283 - INFO - fastread - 221, 540
2019-02-07 15:18:15,283 - INFO - fastread - 223, 550
2019-02-07 15:18:15,291 - INFO - fastread - 223, 560
2019-02-07 15:18:15,293 - INFO - fastread - 223, 570
2019-02-07 15:18:15,293 - INFO - fastread - 223, 580
2019-02-07 15:18:15,293 - INFO - fastread - 226, 590
2019-02-07 15:18:15,301 - INFO - fastread - 226, 600
2019-02-07 15:18:15,303 - INFO - fastread - 226, 610
2019-02-07 15:18:15,303 - INFO - fastread - 228, 620
2019-02-07 15:18:15,303 - INFO - fastread - 229, 630
2019-02-07 15:18:15,311 - INFO - fastread - 229, 640
2019-02-07 15:18:15,313 - INFO - fastread - 230, 650
2019-02-07 15:18:15,313 - INFO - fastread - 233, 660
2019-02-07 15:18:15,313 - INFO - fastread - 233, 670
2019-02-07 15:18:15,323 - INFO - fastread - 233, 680
2019-02-07 15:18:15,323 - INFO - fastread - 234, 690
2019-02-07 15:18:15,323 - INFO - fastread - 234, 700
2019-02-07 15:18:15,331 - INFO - fastread - 234, 710
2019-02-07 15:18:15,333 - INFO - fastread - 236, 720
2019-02-07 15:18:15,333 - INFO - fastread - 238, 730
2019-02-07 15:18:15,333 - INFO - fastread - 238, 740
2019-02-07 15:18:15,333 - INFO - fastread - 238, 750
2019-02-07 15:18:15,342 - INFO - fastread - 238, 760
2019-02-07 15:18:15,344 - INFO - fastread - 238, 770
2019-02-07 15:18:15,344 - INFO - fastread - 239, 780
2019-02-07 15:18:15,354 - INFO - fastread - 241, 790
2019-02-07 15:18:15,354 - INFO - fastread - 242, 800
2019-02-07 15:18:15,354 - INFO - fastread - 242, 810
2019-02-07 15:18:15,362 - INFO - fastread - 242, 820
2019-02-07 15:18:15,364 - INFO - fastread - 243, 830
2019-02-07 15:18:15,364 - INFO - fastread - 243, 840
2019-02-07 15:18:15,364 - INFO - fastread - 243, 850
2019-02-07 15:18:15,372 - INFO - fastread - 246, 860
2019-02-07 15:18:15,374 - INFO - fastread - 246, 870
2019-02-07 15:18:15,374 - INFO - fastread - 246, 880
2019-02-07 15:18:15,374 - INFO - fastread - 246, 890
2019-02-07 15:18:15,374 - INFO - fastread - 251, 900
2019-02-07 15:18:15,384 - INFO - fastread - 253, 910
2019-02-07 15:18:15,384 - INFO - fastread - 253, 920
2019-02-07 15:18:15,384 - INFO - fastread - 254, 930
2019-02-07 15:18:15,384 - INFO - fastread - 255, 940
2019-02-07 15:18:15,392 - INFO - fastread - 255, 950
2019-02-07 15:18:15,392 - INFO - fastread - 255, 960
2019-02-07 15:18:15,392 - INFO - fastread - 255, 970
2019-02-07 15:18:15,392 - INFO - fastread - 255, 980
2019-02-07 15:18:15,402 - INFO - fastread - 256, 990
2019-02-07 15:18:15,404 - INFO - fastread - 256, 1000
2019-02-07 15:18:15,404 - INFO - fastread - 256, 1010
2019-02-07 15:18:15,404 - INFO - fastread - 256, 1020
2019-02-07 15:18:15,404 - INFO - fastread - 257, 1030
2019-02-07 15:18:15,412 - INFO - fastread - 257, 1040
2019-02-07 15:18:15,415 - INFO - fastread - 257, 1050
2019-02-07 15:18:15,415 - INFO - fastread - 258, 1060
2019-02-07 15:18:15,415 - INFO - fastread - 258, 1070
2019-02-07 15:18:15,423 - INFO - fastread - 258, 1080
2019-02-07 15:18:15,425 - INFO - fastread - 258, 1090
2019-02-07 15:18:15,425 - INFO - fastread - 258, 1100
2019-02-07 15:18:15,425 - INFO - fastread - 258, 1110
2019-02-07 15:18:15,425 - INFO - fastread - 258, 1120
2019-02-07 15:18:15,433 - INFO - fastread - 259, 1130
2019-02-07 15:18:15,435 - INFO - fastread - 260, 1140
2019-02-07 15:18:15,435 - INFO - fastread - 260, 1150
2019-02-07 15:18:15,435 - INFO - fastread - 260, 1160
2019-02-07 15:18:15,443 - INFO - fastread - 260, 1170
2019-02-07 15:18:15,445 - INFO - fastread - 262, 1180
2019-02-07 15:18:15,445 - INFO - fastread - 262, 1190
2019-02-07 15:18:15,445 - INFO - fastread - 262, 1200
2019-02-07 15:18:15,445 - INFO - fastread - 262, 1210
2019-02-07 15:18:15,455 - INFO - fastread - 262, 1220
2019-02-07 15:18:15,455 - INFO - fastread - 262, 1230
2019-02-07 15:18:15,455 - INFO - fastread - 262, 1240
2019-02-07 15:18:15,455 - INFO - fastread - 263, 1250
2019-02-07 15:18:15,463 - INFO - fastread - 263, 1260
2019-02-07 15:18:15,465 - INFO - fastread - 263, 1270
2019-02-07 15:18:15,465 - INFO - fastread - 264, 1280
2019-02-07 15:18:15,465 - INFO - fastread - 264, 1290
2019-02-07 15:18:15,474 - INFO - fastread - 264, 1300
2019-02-07 15:18:15,476 - INFO - fastread - 264, 1310
2019-02-07 15:18:15,476 - INFO - fastread - 265, 1320
2019-02-07 15:18:15,476 - INFO - fastread - 265, 1330
2019-02-07 15:18:15,484 - INFO - fastread - 265, 1340
2019-02-07 15:18:15,486 - INFO - fastread - 265, 1350
2019-02-07 15:18:15,486 - INFO - fastread - 265, 1360
2019-02-07 15:18:15,486 - INFO - fastread - 266, 1370
2019-02-07 15:18:15,486 - INFO - fastread - 268, 1380
2019-02-07 15:18:15,494 - INFO - fastread - 268, 1390
2019-02-07 15:18:15,496 - INFO - fastread - 268, 1400
2019-02-07 15:18:15,496 - INFO - fastread - 268, 1410
2019-02-07 15:18:15,496 - INFO - fastread - 268, 1420
2019-02-07 15:18:15,506 - INFO - fastread - 268, 1430
2019-02-07 15:18:15,506 - INFO - fastread - 268, 1440
2019-02-07 15:18:15,506 - INFO - fastread - 268, 1450
2019-02-07 15:18:15,506 - INFO - fastread - 268, 1460
2019-02-07 15:18:15,514 - INFO - fastread - 268, 1470
2019-02-07 15:18:15,514 - INFO - fastread - 268, 1480
2019-02-07 15:18:15,514 - INFO - fastread - 268, 1490
2019-02-07 15:18:15,514 - INFO - fastread - 268, 1500
2019-02-07 15:18:15,524 - INFO - fastread - 268, 1510
2019-02-07 15:18:15,526 - INFO - fastread - 268, 1520
2019-02-07 15:18:15,526 - INFO - fastread - 268, 1530
2019-02-07 15:18:15,526 - INFO - fastread - 268, 1540
2019-02-07 15:18:15,526 - INFO - fastread - 268, 1550
2019-02-07 15:18:15,536 - INFO - fastread - 268, 1560
2019-02-07 15:18:15,536 - INFO - fastread - 268, 1570
2019-02-07 15:18:15,536 - INFO - fastread - 268, 1580
2019-02-07 15:18:15,536 - INFO - fastread - 268, 1590
2019-02-07 15:18:15,545 - INFO - fastread - 268, 1600
2019-02-07 15:18:15,547 - INFO - fastread - 268, 1610
2019-02-07 15:18:15,547 - INFO - fastread - 269, 1620
2019-02-07 15:18:15,547 - INFO - fastread - 270, 1630
2019-02-07 15:18:15,555 - INFO - fastread - 270, 1640
2019-02-07 15:18:15,557 - INFO - fastread - 270, 1650
2019-02-07 15:18:15,557 - INFO - fastread - 271, 1660
2019-02-07 15:18:15,557 - INFO - fastread - 273, 1670
2019-02-07 15:18:15,567 - INFO - fastread - IGNORE sql12 | Total: 7215 | Percent Checked: 0.23 | Total Yes Data: 286 | Percent Yes Checked: 0.95
