2019-01-25 12:46:29,765 - INFO - rig - apache-ant-1.7.0
2019-01-25 12:46:38,106 - INFO - rig - ++++NEW CLF++++ FASTREAD
2019-01-25 12:46:38,106 - INFO - fastread - Total Yes: 131 | Total No: 3967
2019-01-25 12:46:38,644 - INFO - fastread - 0, 0
2019-01-25 12:46:40,814 - INFO - fastread - 10, 11
2019-01-25 12:46:43,169 - INFO - fastread - 13, 21
2019-01-25 12:46:45,585 - INFO - fastread - 13, 31
2019-01-25 12:46:48,025 - INFO - fastread - 19, 41
2019-01-25 12:46:50,501 - INFO - fastread - 19, 51
2019-01-25 12:46:52,988 - INFO - fastread - 19, 61
2019-01-25 12:46:55,475 - INFO - fastread - 22, 71
2019-01-25 12:46:57,988 - INFO - fastread - 22, 81
2019-01-25 12:47:00,462 - INFO - fastread - 22, 91
2019-01-25 12:47:02,965 - INFO - fastread - 22, 101
2019-01-25 12:47:05,467 - INFO - fastread - 22, 111
2019-01-25 12:47:08,016 - INFO - fastread - 22, 121
2019-01-25 12:47:10,561 - INFO - fastread - 22, 131
2019-01-25 12:47:13,071 - INFO - fastread - 22, 141
2019-01-25 12:47:15,600 - INFO - fastread - 22, 151
2019-01-25 12:47:18,155 - INFO - fastread - 22, 161
2019-01-25 12:47:20,714 - INFO - fastread - 22, 171
2019-01-25 12:47:23,315 - INFO - fastread - 22, 181
2019-01-25 12:47:25,925 - INFO - fastread - 22, 191
2019-01-25 12:47:28,563 - INFO - fastread - 22, 201
2019-01-25 12:47:31,204 - INFO - fastread - 22, 211
2019-01-25 12:47:33,858 - INFO - fastread - 22, 221
2019-01-25 12:47:36,526 - INFO - fastread - 22, 231
2019-01-25 12:47:39,216 - INFO - fastread - 22, 241
2019-01-25 12:47:41,913 - INFO - fastread - 22, 251
2019-01-25 12:47:44,652 - INFO - fastread - 22, 261
2019-01-25 12:47:47,416 - INFO - fastread - 22, 271
2019-01-25 12:47:50,204 - INFO - fastread - 22, 281
2019-01-25 12:47:53,043 - INFO - fastread - 23, 291
2019-01-25 12:47:55,857 - INFO - fastread - 23, 301
2019-01-25 12:47:58,729 - INFO - fastread - 23, 311
2019-01-25 12:48:01,639 - INFO - fastread - 23, 321
2019-01-25 12:48:04,555 - INFO - fastread - 23, 331
2019-01-25 12:48:07,457 - INFO - fastread - 23, 341
2019-01-25 12:48:10,378 - INFO - fastread - 23, 351
2019-01-25 12:48:13,351 - INFO - fastread - 23, 361
2019-01-25 12:48:16,349 - INFO - fastread - 24, 371
2019-01-25 12:48:19,348 - INFO - fastread - 24, 381
2019-01-25 12:48:22,406 - INFO - fastread - 24, 391
2019-01-25 12:48:25,567 - INFO - fastread - 24, 401
2019-01-25 12:48:28,774 - INFO - fastread - 24, 411
2019-01-25 12:48:31,935 - INFO - fastread - 24, 421
2019-01-25 12:48:35,142 - INFO - fastread - 24, 431
2019-01-25 12:48:38,400 - INFO - fastread - 24, 441
2019-01-25 12:48:41,644 - INFO - fastread - 24, 451
2019-01-25 12:48:44,942 - INFO - fastread - 24, 461
2019-01-25 12:48:48,295 - INFO - fastread - 24, 471
2019-01-25 12:48:51,648 - INFO - fastread - 24, 481
2019-01-25 12:48:55,000 - INFO - fastread - 24, 491
2019-01-25 12:48:58,388 - INFO - fastread - 24, 501
2019-01-25 12:49:01,880 - INFO - fastread - 24, 511
2019-01-25 12:49:05,461 - INFO - fastread - 24, 521
2019-01-25 12:49:08,960 - INFO - fastread - 24, 531
2019-01-25 12:49:12,476 - INFO - fastread - 24, 541
2019-01-25 12:49:16,079 - INFO - fastread - 25, 551
2019-01-25 12:49:19,851 - INFO - fastread - 25, 561
2019-01-25 12:49:23,539 - INFO - fastread - 25, 571
2019-01-25 12:49:27,198 - INFO - fastread - 26, 581
2019-01-25 12:49:30,935 - INFO - fastread - 26, 591
2019-01-25 12:49:34,807 - INFO - fastread - 26, 601
2019-01-25 12:49:38,624 - INFO - fastread - 26, 611
2019-01-25 12:49:42,419 - INFO - fastread - 26, 621
2019-01-25 12:49:46,329 - INFO - fastread - 26, 631
2019-01-25 12:49:51,263 - INFO - fastread - 26, 641
2019-01-25 12:49:56,123 - INFO - fastread - 26, 651
2019-01-25 12:50:01,026 - INFO - fastread - 26, 661
2019-01-25 12:50:05,994 - INFO - fastread - 26, 671
2019-01-25 12:50:10,809 - INFO - fastread - 26, 681
2019-01-25 12:50:15,670 - INFO - fastread - 26, 691
2019-01-25 12:50:20,520 - INFO - fastread - 26, 701
2019-01-25 12:50:25,475 - INFO - fastread - 26, 711
2019-01-25 12:50:30,443 - INFO - fastread - 27, 721
2019-01-25 12:50:35,402 - INFO - fastread - 27, 731
2019-01-25 12:50:39,978 - INFO - fastread - 27, 741
2019-01-25 12:50:44,552 - INFO - fastread - 27, 751
2019-01-25 12:50:49,228 - INFO - fastread - 27, 761
2019-01-25 12:50:53,559 - INFO - fastread - 27, 771
2019-01-25 12:50:57,749 - INFO - fastread - 27, 781
2019-01-25 12:51:01,910 - INFO - fastread - 27, 791
2019-01-25 12:51:06,157 - INFO - fastread - 27, 801
2019-01-25 12:51:10,454 - INFO - fastread - 27, 811
2019-01-25 12:51:14,695 - INFO - fastread - 27, 821
2019-01-25 12:51:19,012 - INFO - fastread - 27, 831
2019-01-25 12:51:23,387 - INFO - fastread - 27, 841
2019-01-25 12:51:28,159 - INFO - fastread - 27, 851
2019-01-25 12:51:33,626 - INFO - fastread - 27, 861
2019-01-25 12:51:39,119 - INFO - fastread - 27, 871
2019-01-25 12:51:44,706 - INFO - fastread - 27, 881
2019-01-25 12:51:50,275 - INFO - fastread - 27, 891
2019-01-25 12:51:54,847 - INFO - fastread - 27, 901
2019-01-25 12:51:59,441 - INFO - fastread - 27, 911
2019-01-25 12:52:04,090 - INFO - fastread - 27, 921
2019-01-25 12:52:08,816 - INFO - fastread - 27, 931
2019-01-25 12:52:13,501 - INFO - fastread - 27, 941
2019-01-25 12:52:18,347 - INFO - fastread - 27, 951
2019-01-25 12:52:23,219 - INFO - fastread - 27, 961
2019-01-25 12:52:28,103 - INFO - fastread - 27, 971
2019-01-25 12:52:33,599 - INFO - fastread - 27, 981
2019-01-25 12:52:39,251 - INFO - fastread - 27, 991
2019-01-25 12:52:45,249 - INFO - fastread - 27, 1001
2019-01-25 12:52:51,476 - INFO - fastread - 27, 1011
2019-01-25 12:52:56,459 - INFO - fastread - 27, 1021
2019-01-25 12:53:01,534 - INFO - fastread - 27, 1031
2019-01-25 12:53:06,627 - INFO - fastread - 27, 1041
2019-01-25 12:53:11,732 - INFO - fastread - 27, 1051
2019-01-25 12:53:16,886 - INFO - fastread - 27, 1061
2019-01-25 12:53:21,980 - INFO - fastread - 27, 1071
2019-01-25 12:53:27,265 - INFO - fastread - 28, 1081
2019-01-25 12:53:32,512 - INFO - fastread - 28, 1091
2019-01-25 12:53:37,831 - INFO - fastread - 28, 1101
2019-01-25 12:53:43,212 - INFO - fastread - 28, 1111
2019-01-25 12:53:49,846 - INFO - fastread - 28, 1121
2019-01-25 12:53:56,398 - INFO - fastread - 28, 1131
2019-01-25 12:54:01,914 - INFO - fastread - 28, 1141
2019-01-25 12:54:07,318 - INFO - fastread - 28, 1151
2019-01-25 12:54:12,911 - INFO - fastread - 28, 1161
2019-01-25 12:54:18,448 - INFO - fastread - 28, 1171
2019-01-25 12:54:23,987 - INFO - fastread - 28, 1181
2019-01-25 12:54:29,688 - INFO - fastread - 28, 1191
2019-01-25 12:54:35,379 - INFO - fastread - 28, 1201
2019-01-25 12:54:41,219 - INFO - fastread - 28, 1211
2019-01-25 12:54:47,067 - INFO - fastread - 28, 1221
2019-01-25 12:54:53,003 - INFO - fastread - 28, 1231
2019-01-25 12:54:58,965 - INFO - fastread - 28, 1241
2019-01-25 12:55:04,976 - INFO - fastread - 28, 1251
2019-01-25 12:55:11,007 - INFO - fastread - 28, 1261
2019-01-25 12:55:17,094 - INFO - fastread - 29, 1271
2019-01-25 12:55:23,212 - INFO - fastread - 29, 1281
2019-01-25 12:55:29,288 - INFO - fastread - 29, 1291
2019-01-25 12:55:35,486 - INFO - fastread - 29, 1301
2019-01-25 12:55:41,625 - INFO - fastread - 30, 1311
2019-01-25 12:55:45,082 - INFO - fastread - 30, 1321
2019-01-25 12:55:48,513 - INFO - fastread - 30, 1331
2019-01-25 12:55:52,035 - INFO - fastread - 31, 1341
2019-01-25 12:55:55,451 - INFO - fastread - 31, 1351
2019-01-25 12:55:59,118 - INFO - fastread - 31, 1361
2019-01-25 12:56:02,593 - INFO - fastread - 33, 1371
2019-01-25 12:56:06,280 - INFO - fastread - 33, 1381
2019-01-25 12:56:11,181 - INFO - fastread - 35, 1391
2019-01-25 12:56:14,933 - INFO - fastread - 35, 1401
2019-01-25 12:56:18,726 - INFO - fastread - 35, 1411
2019-01-25 12:56:22,497 - INFO - fastread - 35, 1421
2019-01-25 12:56:27,349 - INFO - fastread - 36, 1431
2019-01-25 12:56:31,172 - INFO - fastread - 36, 1441
2019-01-25 12:56:35,010 - INFO - fastread - 36, 1451
2019-01-25 12:56:38,866 - INFO - fastread - 36, 1461
2019-01-25 12:56:42,883 - INFO - fastread - 36, 1471
2019-01-25 12:56:46,770 - INFO - fastread - 36, 1481
2019-01-25 12:56:50,719 - INFO - fastread - 36, 1491
2019-01-25 12:56:54,756 - INFO - fastread - 37, 1501
2019-01-25 12:56:58,791 - INFO - fastread - 37, 1511
2019-01-25 12:57:02,928 - INFO - fastread - 37, 1521
2019-01-25 12:57:06,981 - INFO - fastread - 37, 1531
2019-01-25 12:57:10,986 - INFO - fastread - 37, 1541
2019-01-25 12:57:15,116 - INFO - fastread - 37, 1551
2019-01-25 12:57:19,143 - INFO - fastread - 37, 1561
2019-01-25 12:57:23,227 - INFO - fastread - 37, 1571
2019-01-25 12:57:27,355 - INFO - fastread - 37, 1581
2019-01-25 12:57:31,457 - INFO - fastread - 37, 1591
2019-01-25 12:57:35,720 - INFO - fastread - 37, 1601
2019-01-25 12:57:39,988 - INFO - fastread - 37, 1611
2019-01-25 12:57:44,255 - INFO - fastread - 37, 1621
2019-01-25 12:57:48,684 - INFO - fastread - 37, 1631
2019-01-25 12:57:52,927 - INFO - fastread - 37, 1641
2019-01-25 12:57:57,198 - INFO - fastread - 37, 1651
2019-01-25 12:58:01,603 - INFO - fastread - 37, 1661
2019-01-25 12:58:05,923 - INFO - fastread - 37, 1671
2019-01-25 12:58:10,287 - INFO - fastread - 37, 1681
2019-01-25 12:58:14,731 - INFO - fastread - 37, 1691
2019-01-25 12:58:19,190 - INFO - fastread - 37, 1701
2019-01-25 12:58:23,718 - INFO - fastread - 37, 1711
2019-01-25 12:58:28,310 - INFO - fastread - 37, 1721
2019-01-25 12:58:32,829 - INFO - fastread - 37, 1731
2019-01-25 12:58:38,501 - INFO - fastread - 37, 1741
2019-01-25 12:58:44,347 - INFO - fastread - 37, 1751
2019-01-25 12:58:49,109 - INFO - fastread - 37, 1761
2019-01-25 12:58:53,777 - INFO - fastread - 38, 1771
2019-01-25 12:58:58,593 - INFO - fastread - 39, 1781
2019-01-25 12:59:03,311 - INFO - fastread - 39, 1791
2019-01-25 12:59:08,084 - INFO - fastread - 39, 1801
2019-01-25 12:59:12,992 - INFO - fastread - 39, 1811
2019-01-25 12:59:17,822 - INFO - fastread - 39, 1821
2019-01-25 12:59:22,654 - INFO - fastread - 39, 1831
2019-01-25 12:59:27,539 - INFO - fastread - 39, 1841
2019-01-25 12:59:32,373 - INFO - fastread - 39, 1851
2019-01-25 12:59:37,288 - INFO - fastread - 39, 1861
2019-01-25 12:59:42,190 - INFO - fastread - 39, 1871
2019-01-25 12:59:47,221 - INFO - fastread - 39, 1881
2019-01-25 12:59:52,353 - INFO - fastread - 39, 1891
2019-01-25 12:59:57,456 - INFO - fastread - 40, 1901
2019-01-25 13:00:02,548 - INFO - fastread - 40, 1911
2019-01-25 13:00:07,643 - INFO - fastread - 41, 1921
2019-01-25 13:00:14,127 - INFO - fastread - 42, 1931
2019-01-25 13:00:19,488 - INFO - fastread - 42, 1941
2019-01-25 13:00:24,797 - INFO - fastread - 42, 1951
2019-01-25 13:00:30,102 - INFO - fastread - 42, 1961
2019-01-25 13:00:35,485 - INFO - fastread - 42, 1971
2019-01-25 13:00:40,783 - INFO - fastread - 42, 1981
2019-01-25 13:00:46,116 - INFO - fastread - 42, 1991
2019-01-25 13:00:51,627 - INFO - fastread - 42, 2001
2019-01-25 13:00:56,972 - INFO - fastread - 43, 2011
2019-01-25 13:01:02,399 - INFO - fastread - 43, 2021
2019-01-25 13:01:07,940 - INFO - fastread - 44, 2031
2019-01-25 13:01:13,522 - INFO - fastread - 45, 2041
2019-01-25 13:01:19,128 - INFO - fastread - 45, 2051
2019-01-25 13:01:24,706 - INFO - fastread - 45, 2061
2019-01-25 13:01:30,397 - INFO - fastread - 45, 2071
2019-01-25 13:01:36,015 - INFO - fastread - 45, 2081
2019-01-25 13:01:41,710 - INFO - fastread - 45, 2091
2019-01-25 13:01:47,450 - INFO - fastread - 45, 2101
2019-01-25 13:01:53,228 - INFO - fastread - 45, 2111
2019-01-25 13:01:59,028 - INFO - fastread - 46, 2121
2019-01-25 13:02:04,875 - INFO - fastread - 47, 2131
2019-01-25 13:02:10,840 - INFO - fastread - 48, 2141
2019-01-25 13:02:16,784 - INFO - fastread - 48, 2151
2019-01-25 13:02:22,763 - INFO - fastread - 49, 2161
2019-01-25 13:02:28,781 - INFO - fastread - 49, 2171
2019-01-25 13:02:34,933 - INFO - fastread - 49, 2181
2019-01-25 13:02:41,056 - INFO - fastread - 49, 2191
2019-01-25 13:02:47,267 - INFO - fastread - 50, 2201
2019-01-25 13:02:53,563 - INFO - fastread - 51, 2211
2019-01-25 13:02:59,912 - INFO - fastread - 51, 2221
2019-01-25 13:03:06,255 - INFO - fastread - 51, 2231
2019-01-25 13:03:12,547 - INFO - fastread - 52, 2241
2019-01-25 13:03:18,893 - INFO - fastread - 52, 2251
2019-01-25 13:03:25,320 - INFO - fastread - 53, 2261
2019-01-25 13:03:31,851 - INFO - fastread - 54, 2271
2019-01-25 13:03:38,380 - INFO - fastread - 55, 2281
2019-01-25 13:03:46,168 - INFO - fastread - 55, 2291
2019-01-25 13:03:53,258 - INFO - fastread - 55, 2301
2019-01-25 13:03:59,895 - INFO - fastread - 55, 2311
2019-01-25 13:04:06,571 - INFO - fastread - 56, 2321
2019-01-25 13:04:14,276 - INFO - fastread - 56, 2331
2019-01-25 13:04:22,290 - INFO - fastread - 57, 2341
2019-01-25 13:04:29,173 - INFO - fastread - 57, 2351
2019-01-25 13:04:36,077 - INFO - fastread - 57, 2361
2019-01-25 13:04:43,145 - INFO - fastread - 57, 2371
2019-01-25 13:04:50,038 - INFO - fastread - 57, 2381
2019-01-25 13:04:57,044 - INFO - fastread - 57, 2391
2019-01-25 13:05:04,069 - INFO - fastread - 57, 2401
2019-01-25 13:05:11,289 - INFO - fastread - 57, 2411
2019-01-25 13:05:18,358 - INFO - fastread - 57, 2421
2019-01-25 13:05:25,519 - INFO - fastread - 57, 2431
2019-01-25 13:05:32,705 - INFO - fastread - 57, 2441
2019-01-25 13:05:40,129 - INFO - fastread - 57, 2451
2019-01-25 13:05:48,795 - INFO - fastread - 57, 2461
2019-01-25 13:05:56,297 - INFO - fastread - 57, 2471
2019-01-25 13:06:03,785 - INFO - fastread - 57, 2481
2019-01-25 13:06:12,299 - INFO - fastread - 57, 2491
2019-01-25 13:06:20,906 - INFO - fastread - 57, 2501
2019-01-25 13:06:28,648 - INFO - fastread - 57, 2511
2019-01-25 13:06:36,259 - INFO - fastread - 57, 2521
2019-01-25 13:06:44,048 - INFO - fastread - 57, 2531
2019-01-25 13:06:51,948 - INFO - fastread - 57, 2541
2019-01-25 13:07:00,782 - INFO - fastread - 57, 2551
2019-01-25 13:07:08,795 - INFO - fastread - 57, 2561
2019-01-25 13:07:16,623 - INFO - fastread - 57, 2571
2019-01-25 13:07:24,596 - INFO - fastread - 57, 2581
2019-01-25 13:07:32,619 - INFO - fastread - 57, 2591
2019-01-25 13:07:40,675 - INFO - fastread - 57, 2601
2019-01-25 13:07:48,914 - INFO - fastread - 57, 2611
2019-01-25 13:07:57,193 - INFO - fastread - 57, 2621
2019-01-25 13:08:05,540 - INFO - fastread - 57, 2631
2019-01-25 13:08:13,929 - INFO - fastread - 58, 2641
2019-01-25 13:08:22,280 - INFO - fastread - 58, 2651
2019-01-25 13:08:30,781 - INFO - fastread - 59, 2661
2019-01-25 13:08:40,250 - INFO - fastread - 59, 2671
2019-01-25 13:08:49,921 - INFO - fastread - 60, 2681
2019-01-25 13:08:58,499 - INFO - fastread - 61, 2691
2019-01-25 13:09:07,247 - INFO - fastread - 61, 2701
2019-01-25 13:09:16,093 - INFO - fastread - 62, 2711
2019-01-25 13:09:24,871 - INFO - fastread - 62, 2721
2019-01-25 13:09:33,685 - INFO - fastread - 62, 2731
2019-01-25 13:09:42,565 - INFO - fastread - 62, 2741
2019-01-25 13:09:51,492 - INFO - fastread - 62, 2751
2019-01-25 13:10:01,818 - INFO - fastread - 63, 2761
2019-01-25 13:10:12,187 - INFO - fastread - 66, 2771
2019-01-25 13:10:21,762 - INFO - fastread - 67, 2781
2019-01-25 13:10:30,871 - INFO - fastread - 67, 2791
2019-01-25 13:10:40,209 - INFO - fastread - 67, 2801
2019-01-25 13:10:49,573 - INFO - fastread - 67, 2811
2019-01-25 13:10:58,896 - INFO - fastread - 67, 2821
2019-01-25 13:11:08,231 - INFO - fastread - 67, 2831
2019-01-25 13:11:17,709 - INFO - fastread - 67, 2841
2019-01-25 13:11:27,181 - INFO - fastread - 68, 2851
2019-01-25 13:11:36,815 - INFO - fastread - 68, 2861
2019-01-25 13:11:46,545 - INFO - fastread - 68, 2871
2019-01-25 13:11:56,474 - INFO - fastread - 68, 2881
2019-01-25 13:12:06,352 - INFO - fastread - 68, 2891
2019-01-25 13:12:16,254 - INFO - fastread - 68, 2901
2019-01-25 13:12:26,228 - INFO - fastread - 69, 2911
2019-01-25 13:12:36,168 - INFO - fastread - 69, 2921
2019-01-25 13:12:47,477 - INFO - fastread - 69, 2931
2019-01-25 13:12:58,921 - INFO - fastread - 69, 2941
2019-01-25 13:13:10,384 - INFO - fastread - 70, 2951
2019-01-25 13:13:20,733 - INFO - fastread - 70, 2961
2019-01-25 13:13:31,215 - INFO - fastread - 70, 2971
2019-01-25 13:13:41,568 - INFO - fastread - 70, 2981
2019-01-25 13:13:52,123 - INFO - fastread - 71, 2991
2019-01-25 13:14:02,633 - INFO - fastread - 71, 3001
2019-01-25 13:14:13,240 - INFO - fastread - 71, 3011
2019-01-25 13:14:23,933 - INFO - fastread - 71, 3021
2019-01-25 13:14:34,805 - INFO - fastread - 71, 3031
2019-01-25 13:14:45,660 - INFO - fastread - 72, 3041
2019-01-25 13:14:56,490 - INFO - fastread - 72, 3051
2019-01-25 13:15:07,397 - INFO - fastread - 72, 3061
2019-01-25 13:15:18,380 - INFO - fastread - 73, 3071
2019-01-25 13:15:29,597 - INFO - fastread - 73, 3081
2019-01-25 13:15:40,728 - INFO - fastread - 73, 3091
2019-01-25 13:15:51,832 - INFO - fastread - 73, 3101
2019-01-25 13:16:03,209 - INFO - fastread - 73, 3111
2019-01-25 13:16:14,555 - INFO - fastread - 73, 3121
2019-01-25 13:16:25,966 - INFO - fastread - 73, 3131
2019-01-25 13:16:37,426 - INFO - fastread - 73, 3141
2019-01-25 13:16:48,935 - INFO - fastread - 73, 3151
2019-01-25 13:17:00,591 - INFO - fastread - 73, 3161
2019-01-25 13:17:12,361 - INFO - fastread - 74, 3171
2019-01-25 13:17:24,291 - INFO - fastread - 74, 3181
2019-01-25 13:17:36,109 - INFO - fastread - 74, 3191
2019-01-25 13:17:48,032 - INFO - fastread - 74, 3201
2019-01-25 13:18:00,037 - INFO - fastread - 74, 3211
2019-01-25 13:18:12,097 - INFO - fastread - 74, 3221
2019-01-25 13:18:24,356 - INFO - fastread - 74, 3231
2019-01-25 13:18:36,778 - INFO - fastread - 74, 3241
2019-01-25 13:18:49,158 - INFO - fastread - 74, 3251
2019-01-25 13:19:01,503 - INFO - fastread - 74, 3261
2019-01-25 13:19:14,041 - INFO - fastread - 75, 3271
2019-01-25 13:19:26,774 - INFO - fastread - 76, 3281
2019-01-25 13:19:39,503 - INFO - fastread - 76, 3291
2019-01-25 13:19:52,473 - INFO - fastread - 76, 3301
2019-01-25 13:20:05,509 - INFO - fastread - 76, 3311
2019-01-25 13:20:18,708 - INFO - fastread - 77, 3321
2019-01-25 13:20:31,722 - INFO - fastread - 78, 3331
2019-01-25 13:20:44,745 - INFO - fastread - 79, 3341
2019-01-25 13:20:58,039 - INFO - fastread - 79, 3351
2019-01-25 13:21:11,310 - INFO - fastread - 79, 3361
2019-01-25 13:21:24,686 - INFO - fastread - 79, 3371
2019-01-25 13:21:38,360 - INFO - fastread - 79, 3381
2019-01-25 13:21:51,868 - INFO - fastread - 80, 3391
2019-01-25 13:22:05,512 - INFO - fastread - 80, 3401
2019-01-25 13:22:19,326 - INFO - fastread - 80, 3411
2019-01-25 13:22:33,028 - INFO - fastread - 80, 3421
2019-01-25 13:22:46,849 - INFO - fastread - 80, 3431
2019-01-25 13:23:02,340 - INFO - fastread - 82, 3441
2019-01-25 13:23:17,203 - INFO - fastread - 82, 3451
2019-01-25 13:23:31,171 - INFO - fastread - 82, 3461
2019-01-25 13:23:45,310 - INFO - fastread - 83, 3471
2019-01-25 13:23:59,568 - INFO - fastread - 83, 3481
2019-01-25 13:24:13,877 - INFO - fastread - 83, 3491
2019-01-25 13:24:28,138 - INFO - fastread - 83, 3501
2019-01-25 13:24:42,439 - INFO - fastread - 83, 3511
2019-01-25 13:24:57,002 - INFO - fastread - 83, 3521
2019-01-25 13:25:11,627 - INFO - fastread - 83, 3531
2019-01-25 13:25:26,372 - INFO - fastread - 84, 3541
2019-01-25 13:25:41,275 - INFO - fastread - 84, 3551
2019-01-25 13:25:56,182 - INFO - fastread - 84, 3561
2019-01-25 13:26:10,943 - INFO - fastread - 84, 3571
2019-01-25 13:26:26,182 - INFO - fastread - 85, 3581
2019-01-25 13:26:41,430 - INFO - fastread - 86, 3591
2019-01-25 13:26:56,684 - INFO - fastread - 86, 3601
2019-01-25 13:27:12,117 - INFO - fastread - 86, 3611
2019-01-25 13:27:27,519 - INFO - fastread - 86, 3621
2019-01-25 13:27:43,066 - INFO - fastread - 87, 3631
2019-01-25 13:27:58,732 - INFO - fastread - 87, 3641
2019-01-25 13:28:14,431 - INFO - fastread - 87, 3651
2019-01-25 13:28:30,250 - INFO - fastread - 87, 3661
2019-01-25 13:28:46,113 - INFO - fastread - 88, 3671
2019-01-25 13:29:02,136 - INFO - fastread - 89, 3681
2019-01-25 13:29:18,265 - INFO - fastread - 90, 3691
2019-01-25 13:29:34,584 - INFO - fastread - 91, 3701
2019-01-25 13:29:50,996 - INFO - fastread - 91, 3711
2019-01-25 13:30:07,294 - INFO - fastread - 93, 3721
2019-01-25 13:30:23,872 - INFO - fastread - 93, 3731
2019-01-25 13:30:40,572 - INFO - fastread - 93, 3741
2019-01-25 13:30:57,328 - INFO - fastread - 95, 3751
2019-01-25 13:31:14,032 - INFO - fastread - 97, 3761
2019-01-25 13:31:31,078 - INFO - fastread - 97, 3771
2019-01-25 13:31:48,318 - INFO - fastread - 97, 3781
2019-01-25 13:32:05,473 - INFO - fastread - 97, 3791
2019-01-25 13:32:22,752 - INFO - fastread - 97, 3801
2019-01-25 13:32:40,036 - INFO - fastread - 97, 3811
2019-01-25 13:32:57,551 - INFO - fastread - 97, 3821
2019-01-25 13:33:15,011 - INFO - fastread - 98, 3831
2019-01-25 13:33:32,818 - INFO - fastread - 99, 3841
2019-01-25 13:33:50,614 - INFO - fastread - 99, 3851
2019-01-25 13:34:08,559 - INFO - fastread - 101, 3861
2019-01-25 13:34:26,540 - INFO - fastread - 102, 3871
2019-01-25 13:34:44,614 - INFO - fastread - 102, 3881
2019-01-25 13:35:02,833 - INFO - fastread - 103, 3891
2019-01-25 13:35:21,273 - INFO - fastread - 103, 3901
2019-01-25 13:35:39,621 - INFO - fastread - 103, 3911
2019-01-25 13:35:58,384 - INFO - fastread - 104, 3921
2019-01-25 13:36:17,102 - INFO - fastread - 104, 3931
2019-01-25 13:36:35,919 - INFO - fastread - 104, 3941
2019-01-25 13:36:55,110 - INFO - fastread - 104, 3951
2019-01-25 13:37:14,376 - INFO - fastread - 107, 3961
2019-01-25 13:37:33,811 - INFO - fastread - 108, 3971
2019-01-25 13:37:53,267 - INFO - fastread - 110, 3981
2019-01-25 13:38:12,918 - INFO - fastread - 113, 3991
2019-01-25 13:38:32,748 - INFO - fastread - 114, 4001
2019-01-25 13:38:52,666 - INFO - fastread - 114, 4011
2019-01-25 13:39:12,541 - INFO - fastread - 114, 4021
2019-01-25 13:39:32,321 - INFO - fastread - 116, 4031
2019-01-25 13:39:52,018 - INFO - fastread - 116, 4041
2019-01-25 13:40:11,745 - INFO - fastread - 116, 4051
2019-01-25 13:40:31,600 - INFO - fastread - 120, 4061
2019-01-25 13:40:51,440 - INFO - fastread - 121, 4071
2019-01-25 13:41:11,234 - INFO - fastread - 123, 4081
2019-01-25 13:41:31,001 - INFO - fastread - 127, 4091
2019-01-25 13:41:49,077 - INFO - rig - ++++NEW CLF++++ NBM
2019-01-25 13:41:49,077 - INFO - fastread - Total Yes: 131 | Total No: 3967
2019-01-25 13:41:49,195 - INFO - fastread - 1, 10
2019-01-25 13:41:49,199 - INFO - fastread - 4, 20
2019-01-25 13:41:49,204 - INFO - fastread - 6, 30
2019-01-25 13:41:49,208 - INFO - fastread - 12, 40
2019-01-25 13:41:49,212 - INFO - fastread - 16, 50
2019-01-25 13:41:49,217 - INFO - fastread - 17, 60
2019-01-25 13:41:49,221 - INFO - fastread - 19, 70
2019-01-25 13:41:49,225 - INFO - fastread - 21, 80
2019-01-25 13:41:49,230 - INFO - fastread - 23, 90
2019-01-25 13:41:49,234 - INFO - fastread - 23, 100
2019-01-25 13:41:49,238 - INFO - fastread - 23, 110
2019-01-25 13:41:49,243 - INFO - fastread - 23, 120
2019-01-25 13:41:49,247 - INFO - fastread - 23, 130
2019-01-25 13:41:49,252 - INFO - fastread - 23, 140
2019-01-25 13:41:49,256 - INFO - fastread - 23, 150
2019-01-25 13:41:49,260 - INFO - fastread - 23, 160
2019-01-25 13:41:49,265 - INFO - fastread - 23, 170
2019-01-25 13:41:49,269 - INFO - fastread - 23, 180
2019-01-25 13:41:49,273 - INFO - fastread - 23, 190
2019-01-25 13:41:49,278 - INFO - fastread - 23, 200
2019-01-25 13:41:49,282 - INFO - fastread - 25, 210
2019-01-25 13:41:49,287 - INFO - fastread - 28, 220
2019-01-25 13:41:49,291 - INFO - fastread - 28, 230
2019-01-25 13:41:49,295 - INFO - fastread - 29, 240
2019-01-25 13:41:49,300 - INFO - fastread - 29, 250
2019-01-25 13:41:49,304 - INFO - fastread - 30, 260
2019-01-25 13:41:49,309 - INFO - fastread - 30, 270
2019-01-25 13:41:49,313 - INFO - fastread - 32, 280
2019-01-25 13:41:49,317 - INFO - fastread - 32, 290
2019-01-25 13:41:49,322 - INFO - fastread - 32, 300
2019-01-25 13:41:49,326 - INFO - fastread - 33, 310
2019-01-25 13:41:49,331 - INFO - fastread - 33, 320
2019-01-25 13:41:49,335 - INFO - fastread - 33, 330
2019-01-25 13:41:49,339 - INFO - fastread - 33, 340
2019-01-25 13:41:49,344 - INFO - fastread - 37, 350
2019-01-25 13:41:49,348 - INFO - fastread - 37, 360
2019-01-25 13:41:49,353 - INFO - fastread - 38, 370
2019-01-25 13:41:49,357 - INFO - fastread - 38, 380
2019-01-25 13:41:49,362 - INFO - fastread - 39, 390
2019-01-25 13:41:49,366 - INFO - fastread - 39, 400
2019-01-25 13:41:49,370 - INFO - fastread - 39, 410
2019-01-25 13:41:49,375 - INFO - fastread - 39, 420
2019-01-25 13:41:49,379 - INFO - fastread - 40, 430
2019-01-25 13:41:49,384 - INFO - fastread - 41, 440
2019-01-25 13:41:49,388 - INFO - fastread - 42, 450
2019-01-25 13:41:49,393 - INFO - fastread - 45, 460
2019-01-25 13:41:49,397 - INFO - fastread - 47, 470
2019-01-25 13:41:49,402 - INFO - fastread - 47, 480
2019-01-25 13:41:49,406 - INFO - fastread - 49, 490
2019-01-25 13:41:49,410 - INFO - fastread - 52, 500
2019-01-25 13:41:49,415 - INFO - fastread - 53, 510
2019-01-25 13:41:49,419 - INFO - fastread - 53, 520
2019-01-25 13:41:49,424 - INFO - fastread - 54, 530
2019-01-25 13:41:49,428 - INFO - fastread - 54, 540
2019-01-25 13:41:49,433 - INFO - fastread - 54, 550
2019-01-25 13:41:49,437 - INFO - fastread - 54, 560
2019-01-25 13:41:49,442 - INFO - fastread - 54, 570
2019-01-25 13:41:49,446 - INFO - fastread - 54, 580
2019-01-25 13:41:49,451 - INFO - fastread - 54, 590
2019-01-25 13:41:49,455 - INFO - fastread - 54, 600
2019-01-25 13:41:49,460 - INFO - fastread - 54, 610
2019-01-25 13:41:49,464 - INFO - fastread - 54, 620
2019-01-25 13:41:49,469 - INFO - fastread - 54, 630
2019-01-25 13:41:49,473 - INFO - fastread - 54, 640
2019-01-25 13:41:49,478 - INFO - fastread - 54, 650
2019-01-25 13:41:49,482 - INFO - fastread - 54, 660
2019-01-25 13:41:49,487 - INFO - fastread - 54, 670
2019-01-25 13:41:49,491 - INFO - fastread - 56, 680
2019-01-25 13:41:49,496 - INFO - fastread - 56, 690
2019-01-25 13:41:49,500 - INFO - fastread - 57, 700
2019-01-25 13:41:49,505 - INFO - fastread - 57, 710
2019-01-25 13:41:49,509 - INFO - fastread - 57, 720
2019-01-25 13:41:49,514 - INFO - fastread - 57, 730
2019-01-25 13:41:49,518 - INFO - fastread - 57, 740
2019-01-25 13:41:49,523 - INFO - fastread - 57, 750
2019-01-25 13:41:49,527 - INFO - fastread - 57, 760
2019-01-25 13:41:49,532 - INFO - fastread - 57, 770
2019-01-25 13:41:49,537 - INFO - fastread - 57, 780
2019-01-25 13:41:49,541 - INFO - fastread - 57, 790
2019-01-25 13:41:49,546 - INFO - fastread - 57, 800
2019-01-25 13:41:49,550 - INFO - fastread - 57, 810
2019-01-25 13:41:49,555 - INFO - fastread - 57, 820
2019-01-25 13:41:49,559 - INFO - fastread - 57, 830
2019-01-25 13:41:49,564 - INFO - fastread - 57, 840
2019-01-25 13:41:49,568 - INFO - fastread - 57, 850
2019-01-25 13:41:49,573 - INFO - fastread - 57, 860
2019-01-25 13:41:49,577 - INFO - fastread - 57, 870
2019-01-25 13:41:49,582 - INFO - fastread - 60, 880
2019-01-25 13:41:49,586 - INFO - fastread - 61, 890
2019-01-25 13:41:49,591 - INFO - fastread - 63, 900
2019-01-25 13:41:49,596 - INFO - fastread - 64, 910
2019-01-25 13:41:49,600 - INFO - fastread - 66, 920
2019-01-25 13:41:49,605 - INFO - fastread - 66, 930
2019-01-25 13:41:49,609 - INFO - fastread - 67, 940
2019-01-25 13:41:49,614 - INFO - fastread - 67, 950
2019-01-25 13:41:49,618 - INFO - fastread - 69, 960
2019-01-25 13:41:49,623 - INFO - fastread - 70, 970
2019-01-25 13:41:49,627 - INFO - fastread - 70, 980
2019-01-25 13:41:49,632 - INFO - fastread - 70, 990
2019-01-25 13:41:49,636 - INFO - fastread - 70, 1000
2019-01-25 13:41:49,641 - INFO - fastread - 70, 1010
2019-01-25 13:41:49,645 - INFO - fastread - 70, 1020
2019-01-25 13:41:49,650 - INFO - fastread - 71, 1030
2019-01-25 13:41:49,654 - INFO - fastread - 71, 1040
2019-01-25 13:41:49,659 - INFO - fastread - 71, 1050
2019-01-25 13:41:49,664 - INFO - fastread - 71, 1060
2019-01-25 13:41:49,668 - INFO - fastread - 71, 1070
2019-01-25 13:41:49,673 - INFO - fastread - 72, 1080
2019-01-25 13:41:49,677 - INFO - fastread - 72, 1090
2019-01-25 13:41:49,682 - INFO - fastread - 72, 1100
2019-01-25 13:41:49,686 - INFO - fastread - 72, 1110
2019-01-25 13:41:49,691 - INFO - fastread - 73, 1120
2019-01-25 13:41:49,696 - INFO - fastread - 73, 1130
2019-01-25 13:41:49,700 - INFO - fastread - 73, 1140
2019-01-25 13:41:49,705 - INFO - fastread - 74, 1150
2019-01-25 13:41:49,709 - INFO - fastread - 74, 1160
2019-01-25 13:41:49,714 - INFO - fastread - 74, 1170
2019-01-25 13:41:49,718 - INFO - fastread - 74, 1180
2019-01-25 13:41:49,723 - INFO - fastread - 74, 1190
2019-01-25 13:41:49,728 - INFO - fastread - 75, 1200
2019-01-25 13:41:49,732 - INFO - fastread - 75, 1210
2019-01-25 13:41:49,737 - INFO - fastread - 75, 1220
2019-01-25 13:41:49,741 - INFO - fastread - 75, 1230
2019-01-25 13:41:49,746 - INFO - fastread - 75, 1240
2019-01-25 13:41:49,751 - INFO - fastread - 77, 1250
2019-01-25 13:41:49,755 - INFO - fastread - 77, 1260
2019-01-25 13:41:49,760 - INFO - fastread - 78, 1270
2019-01-25 13:41:49,764 - INFO - fastread - 78, 1280
2019-01-25 13:41:49,769 - INFO - fastread - 79, 1290
2019-01-25 13:41:49,774 - INFO - fastread - 79, 1300
2019-01-25 13:41:49,778 - INFO - fastread - 79, 1310
2019-01-25 13:41:49,783 - INFO - fastread - 80, 1320
2019-01-25 13:41:49,787 - INFO - fastread - 80, 1330
2019-01-25 13:41:49,792 - INFO - fastread - 80, 1340
2019-01-25 13:41:49,797 - INFO - fastread - 80, 1350
2019-01-25 13:41:49,801 - INFO - fastread - 82, 1360
2019-01-25 13:41:49,806 - INFO - fastread - 83, 1370
2019-01-25 13:41:49,811 - INFO - fastread - 83, 1380
2019-01-25 13:41:49,815 - INFO - fastread - 83, 1390
2019-01-25 13:41:49,820 - INFO - fastread - 83, 1400
2019-01-25 13:41:49,824 - INFO - fastread - 84, 1410
2019-01-25 13:41:49,829 - INFO - fastread - 85, 1420
2019-01-25 13:41:49,834 - INFO - fastread - 85, 1430
2019-01-25 13:41:49,838 - INFO - fastread - 85, 1440
2019-01-25 13:41:49,843 - INFO - fastread - 86, 1450
2019-01-25 13:41:49,848 - INFO - fastread - 86, 1460
2019-01-25 13:41:49,852 - INFO - fastread - 87, 1470
2019-01-25 13:41:49,857 - INFO - fastread - 87, 1480
2019-01-25 13:41:49,862 - INFO - fastread - 87, 1490
2019-01-25 13:41:49,866 - INFO - fastread - 87, 1500
2019-01-25 13:41:49,871 - INFO - fastread - 89, 1510
2019-01-25 13:41:49,876 - INFO - fastread - 89, 1520
2019-01-25 13:41:49,880 - INFO - fastread - 89, 1530
2019-01-25 13:41:49,885 - INFO - fastread - 90, 1540
2019-01-25 13:41:49,890 - INFO - fastread - 91, 1550
2019-01-25 13:41:49,894 - INFO - fastread - 92, 1560
2019-01-25 13:41:49,899 - INFO - fastread - 93, 1570
2019-01-25 13:41:49,903 - INFO - fastread - 93, 1580
2019-01-25 13:41:49,908 - INFO - fastread - 93, 1590
2019-01-25 13:41:49,913 - INFO - fastread - 94, 1600
2019-01-25 13:41:49,918 - INFO - fastread - 94, 1610
2019-01-25 13:41:49,922 - INFO - fastread - 94, 1620
2019-01-25 13:41:49,927 - INFO - fastread - 94, 1630
2019-01-25 13:41:49,932 - INFO - fastread - 95, 1640
2019-01-25 13:41:49,936 - INFO - fastread - 95, 1650
2019-01-25 13:41:49,941 - INFO - fastread - 96, 1660
2019-01-25 13:41:49,946 - INFO - fastread - 98, 1670
2019-01-25 13:41:49,950 - INFO - fastread - 98, 1680
2019-01-25 13:41:49,955 - INFO - fastread - 99, 1690
2019-01-25 13:41:49,960 - INFO - fastread - 100, 1700
2019-01-25 13:41:49,965 - INFO - fastread - 101, 1710
2019-01-25 13:41:49,969 - INFO - fastread - 101, 1720
2019-01-25 13:41:49,974 - INFO - fastread - 102, 1730
2019-01-25 13:41:49,979 - INFO - fastread - 102, 1740
2019-01-25 13:41:49,984 - INFO - fastread - 102, 1750
2019-01-25 13:41:49,988 - INFO - fastread - 102, 1760
2019-01-25 13:41:49,993 - INFO - fastread - 102, 1770
2019-01-25 13:41:49,998 - INFO - fastread - 102, 1780
2019-01-25 13:41:50,003 - INFO - fastread - 102, 1790
2019-01-25 13:41:50,008 - INFO - fastread - 103, 1800
2019-01-25 13:41:50,012 - INFO - fastread - 103, 1810
2019-01-25 13:41:50,017 - INFO - fastread - 103, 1820
2019-01-25 13:41:50,022 - INFO - fastread - 104, 1830
2019-01-25 13:41:50,027 - INFO - fastread - 104, 1840
2019-01-25 13:41:50,032 - INFO - fastread - 104, 1850
2019-01-25 13:41:50,037 - INFO - fastread - 104, 1860
2019-01-25 13:41:50,041 - INFO - fastread - 104, 1870
2019-01-25 13:41:50,046 - INFO - fastread - 105, 1880
2019-01-25 13:41:50,051 - INFO - fastread - 105, 1890
2019-01-25 13:41:50,055 - INFO - fastread - 105, 1900
2019-01-25 13:41:50,060 - INFO - fastread - 105, 1910
2019-01-25 13:41:50,065 - INFO - fastread - 105, 1920
2019-01-25 13:41:50,070 - INFO - fastread - 105, 1930
2019-01-25 13:41:50,074 - INFO - fastread - 105, 1940
2019-01-25 13:41:50,079 - INFO - fastread - 105, 1950
2019-01-25 13:41:50,084 - INFO - fastread - 108, 1960
2019-01-25 13:41:50,089 - INFO - fastread - 108, 1970
2019-01-25 13:41:50,093 - INFO - fastread - 108, 1980
2019-01-25 13:41:50,098 - INFO - fastread - 108, 1990
2019-01-25 13:41:50,103 - INFO - fastread - 108, 2000
2019-01-25 13:41:50,108 - INFO - fastread - 108, 2010
2019-01-25 13:41:50,112 - INFO - fastread - 109, 2020
2019-01-25 13:41:50,117 - INFO - fastread - 110, 2030
2019-01-25 13:41:50,122 - INFO - fastread - 110, 2040
2019-01-25 13:41:50,127 - INFO - fastread - 110, 2050
2019-01-25 13:41:50,131 - INFO - fastread - 110, 2060
2019-01-25 13:41:50,136 - INFO - fastread - 111, 2070
2019-01-25 13:41:50,141 - INFO - fastread - 111, 2080
2019-01-25 13:41:50,146 - INFO - fastread - 111, 2090
2019-01-25 13:41:50,150 - INFO - fastread - 111, 2100
2019-01-25 13:41:50,155 - INFO - fastread - 111, 2110
2019-01-25 13:41:50,160 - INFO - fastread - 111, 2120
2019-01-25 13:41:50,165 - INFO - fastread - 111, 2130
2019-01-25 13:41:50,169 - INFO - fastread - 111, 2140
2019-01-25 13:41:50,174 - INFO - fastread - 111, 2150
2019-01-25 13:41:50,179 - INFO - fastread - 112, 2160
2019-01-25 13:41:50,184 - INFO - fastread - 113, 2170
2019-01-25 13:41:50,188 - INFO - fastread - 113, 2180
2019-01-25 13:41:50,193 - INFO - fastread - 113, 2190
2019-01-25 13:41:50,198 - INFO - fastread - 113, 2200
2019-01-25 13:41:50,203 - INFO - fastread - 113, 2210
2019-01-25 13:41:50,208 - INFO - fastread - 113, 2220
2019-01-25 13:41:50,212 - INFO - fastread - 113, 2230
2019-01-25 13:41:50,217 - INFO - fastread - 114, 2240
2019-01-25 13:41:50,222 - INFO - fastread - 114, 2250
2019-01-25 13:41:50,227 - INFO - fastread - 114, 2260
2019-01-25 13:41:50,232 - INFO - fastread - 115, 2270
2019-01-25 13:41:50,236 - INFO - fastread - 115, 2280
2019-01-25 13:41:50,241 - INFO - fastread - 115, 2290
2019-01-25 13:41:50,246 - INFO - fastread - 115, 2300
2019-01-25 13:41:50,251 - INFO - fastread - 117, 2310
2019-01-25 13:41:50,256 - INFO - fastread - 117, 2320
2019-01-25 13:41:50,260 - INFO - fastread - 117, 2330
2019-01-25 13:41:50,265 - INFO - fastread - 117, 2340
2019-01-25 13:41:50,270 - INFO - fastread - 117, 2350
2019-01-25 13:41:50,275 - INFO - fastread - 117, 2360
2019-01-25 13:41:50,280 - INFO - fastread - 117, 2370
2019-01-25 13:41:50,284 - INFO - fastread - 117, 2380
2019-01-25 13:41:50,289 - INFO - fastread - 117, 2390
2019-01-25 13:41:50,294 - INFO - fastread - 117, 2400
2019-01-25 13:41:50,299 - INFO - fastread - 117, 2410
2019-01-25 13:41:50,304 - INFO - fastread - 117, 2420
2019-01-25 13:41:50,309 - INFO - fastread - 117, 2430
2019-01-25 13:41:50,313 - INFO - fastread - 117, 2440
2019-01-25 13:41:50,318 - INFO - fastread - 117, 2450
2019-01-25 13:41:50,323 - INFO - fastread - 117, 2460
2019-01-25 13:41:50,328 - INFO - fastread - 117, 2470
2019-01-25 13:41:50,333 - INFO - fastread - 117, 2480
2019-01-25 13:41:50,337 - INFO - fastread - 118, 2490
2019-01-25 13:41:50,342 - INFO - fastread - 119, 2500
2019-01-25 13:41:50,347 - INFO - fastread - 119, 2510
2019-01-25 13:41:50,352 - INFO - fastread - 119, 2520
2019-01-25 13:41:50,357 - INFO - fastread - 119, 2530
2019-01-25 13:41:50,362 - INFO - fastread - 119, 2540
2019-01-25 13:41:50,367 - INFO - fastread - 119, 2550
2019-01-25 13:41:50,371 - INFO - fastread - 119, 2560
2019-01-25 13:41:50,376 - INFO - fastread - 120, 2570
2019-01-25 13:41:50,381 - INFO - fastread - 120, 2580
2019-01-25 13:41:50,387 - INFO - fastread - 120, 2590
2019-01-25 13:41:50,391 - INFO - fastread - 120, 2600
2019-01-25 13:41:50,396 - INFO - fastread - 120, 2610
2019-01-25 13:41:50,401 - INFO - fastread - 120, 2620
2019-01-25 13:41:50,406 - INFO - fastread - 120, 2630
2019-01-25 13:41:50,411 - INFO - fastread - 120, 2640
2019-01-25 13:41:50,416 - INFO - fastread - 120, 2650
2019-01-25 13:41:50,421 - INFO - fastread - 120, 2660
2019-01-25 13:41:50,426 - INFO - fastread - 120, 2670
2019-01-25 13:41:50,430 - INFO - fastread - 120, 2680
2019-01-25 13:41:50,435 - INFO - fastread - 120, 2690
2019-01-25 13:41:50,440 - INFO - fastread - 120, 2700
2019-01-25 13:41:50,445 - INFO - fastread - 120, 2710
2019-01-25 13:41:50,450 - INFO - fastread - 120, 2720
2019-01-25 13:41:50,455 - INFO - fastread - 120, 2730
2019-01-25 13:41:50,460 - INFO - fastread - 120, 2740
2019-01-25 13:41:50,464 - INFO - fastread - 120, 2750
2019-01-25 13:41:50,469 - INFO - fastread - 120, 2760
2019-01-25 13:41:50,474 - INFO - fastread - 120, 2770
2019-01-25 13:41:50,479 - INFO - fastread - 120, 2780
2019-01-25 13:41:50,484 - INFO - fastread - 120, 2790
2019-01-25 13:41:50,489 - INFO - fastread - 120, 2800
2019-01-25 13:41:50,494 - INFO - fastread - 121, 2810
2019-01-25 13:41:50,499 - INFO - fastread - 121, 2820
2019-01-25 13:41:50,504 - INFO - fastread - 121, 2830
2019-01-25 13:41:50,509 - INFO - fastread - 121, 2840
2019-01-25 13:41:50,514 - INFO - fastread - 121, 2850
2019-01-25 13:41:50,519 - INFO - fastread - 121, 2860
2019-01-25 13:41:50,524 - INFO - fastread - 121, 2870
2019-01-25 13:41:50,528 - INFO - fastread - 121, 2880
2019-01-25 13:41:50,533 - INFO - fastread - 121, 2890
2019-01-25 13:41:50,538 - INFO - fastread - 121, 2900
2019-01-25 13:41:50,543 - INFO - fastread - 121, 2910
2019-01-25 13:41:50,548 - INFO - fastread - 121, 2920
2019-01-25 13:41:50,553 - INFO - fastread - 121, 2930
2019-01-25 13:41:50,558 - INFO - fastread - 122, 2940
2019-01-25 13:41:50,563 - INFO - fastread - 122, 2950
2019-01-25 13:41:50,568 - INFO - fastread - 123, 2960
2019-01-25 13:41:50,573 - INFO - fastread - 123, 2970
2019-01-25 13:41:50,578 - INFO - fastread - 124, 2980
2019-01-25 13:41:50,582 - INFO - fastread - 124, 2990
2019-01-25 13:41:50,587 - INFO - fastread - 124, 3000
2019-01-25 13:41:50,592 - INFO - fastread - 124, 3010
2019-01-25 13:41:50,597 - INFO - fastread - 124, 3020
2019-01-25 13:41:50,602 - INFO - fastread - 124, 3030
2019-01-25 13:41:50,607 - INFO - fastread - 124, 3040
2019-01-25 13:41:50,612 - INFO - fastread - 124, 3050
2019-01-25 13:41:50,617 - INFO - fastread - 124, 3060
2019-01-25 13:41:50,622 - INFO - fastread - 124, 3070
2019-01-25 13:41:50,627 - INFO - fastread - 124, 3080
2019-01-25 13:41:50,632 - INFO - fastread - 124, 3090
2019-01-25 13:41:50,637 - INFO - fastread - 124, 3100
2019-01-25 13:41:50,642 - INFO - fastread - 124, 3110
2019-01-25 13:41:50,646 - INFO - fastread - 125, 3120
2019-01-25 13:41:50,664 - INFO - rig - ++++NEW CLF++++ KNN
2019-01-25 13:41:50,664 - INFO - fastread - Total Yes: 131 | Total No: 3967
2019-01-25 13:42:08,784 - INFO - fastread - 0, 10
2019-01-25 13:42:08,789 - INFO - fastread - 2, 20
2019-01-25 13:42:08,793 - INFO - fastread - 2, 30
2019-01-25 13:42:08,797 - INFO - fastread - 3, 40
2019-01-25 13:42:08,802 - INFO - fastread - 4, 50
2019-01-25 13:42:08,806 - INFO - fastread - 4, 60
2019-01-25 13:42:08,810 - INFO - fastread - 5, 70
2019-01-25 13:42:08,815 - INFO - fastread - 6, 80
2019-01-25 13:42:08,819 - INFO - fastread - 6, 90
2019-01-25 13:42:08,823 - INFO - fastread - 7, 100
2019-01-25 13:42:08,828 - INFO - fastread - 9, 110
2019-01-25 13:42:08,832 - INFO - fastread - 10, 120
2019-01-25 13:42:08,836 - INFO - fastread - 11, 130
2019-01-25 13:42:08,841 - INFO - fastread - 11, 140
2019-01-25 13:42:08,845 - INFO - fastread - 11, 150
2019-01-25 13:42:08,849 - INFO - fastread - 11, 160
2019-01-25 13:42:08,854 - INFO - fastread - 11, 170
2019-01-25 13:42:08,858 - INFO - fastread - 12, 180
2019-01-25 13:42:08,863 - INFO - fastread - 12, 190
2019-01-25 13:42:08,867 - INFO - fastread - 12, 200
2019-01-25 13:42:08,871 - INFO - fastread - 12, 210
2019-01-25 13:42:08,876 - INFO - fastread - 12, 220
2019-01-25 13:42:08,880 - INFO - fastread - 12, 230
2019-01-25 13:42:08,884 - INFO - fastread - 12, 240
2019-01-25 13:42:08,889 - INFO - fastread - 13, 250
2019-01-25 13:42:08,893 - INFO - fastread - 13, 260
2019-01-25 13:42:08,897 - INFO - fastread - 13, 270
2019-01-25 13:42:08,902 - INFO - fastread - 13, 280
2019-01-25 13:42:08,906 - INFO - fastread - 13, 290
2019-01-25 13:42:08,910 - INFO - fastread - 13, 300
2019-01-25 13:42:08,915 - INFO - fastread - 13, 310
2019-01-25 13:42:08,919 - INFO - fastread - 13, 320
2019-01-25 13:42:08,924 - INFO - fastread - 13, 330
2019-01-25 13:42:08,928 - INFO - fastread - 13, 340
2019-01-25 13:42:08,932 - INFO - fastread - 14, 350
2019-01-25 13:42:08,937 - INFO - fastread - 14, 360
2019-01-25 13:42:08,941 - INFO - fastread - 14, 370
2019-01-25 13:42:08,946 - INFO - fastread - 14, 380
2019-01-25 13:42:08,950 - INFO - fastread - 14, 390
2019-01-25 13:42:08,954 - INFO - fastread - 14, 400
2019-01-25 13:42:08,959 - INFO - fastread - 14, 410
2019-01-25 13:42:08,963 - INFO - fastread - 15, 420
2019-01-25 13:42:08,968 - INFO - fastread - 16, 430
2019-01-25 13:42:08,972 - INFO - fastread - 16, 440
2019-01-25 13:42:08,976 - INFO - fastread - 16, 450
2019-01-25 13:42:08,981 - INFO - fastread - 16, 460
2019-01-25 13:42:08,985 - INFO - fastread - 16, 470
2019-01-25 13:42:08,990 - INFO - fastread - 16, 480
2019-01-25 13:42:08,994 - INFO - fastread - 16, 490
2019-01-25 13:42:08,998 - INFO - fastread - 16, 500
2019-01-25 13:42:09,003 - INFO - fastread - 16, 510
2019-01-25 13:42:09,007 - INFO - fastread - 16, 520
2019-01-25 13:42:09,012 - INFO - fastread - 16, 530
2019-01-25 13:42:09,016 - INFO - fastread - 16, 540
2019-01-25 13:42:09,020 - INFO - fastread - 16, 550
2019-01-25 13:42:09,025 - INFO - fastread - 16, 560
2019-01-25 13:42:09,029 - INFO - fastread - 16, 570
2019-01-25 13:42:09,034 - INFO - fastread - 16, 580
2019-01-25 13:42:09,040 - INFO - fastread - 16, 590
2019-01-25 13:42:09,044 - INFO - fastread - 16, 600
2019-01-25 13:42:09,049 - INFO - fastread - 16, 610
2019-01-25 13:42:09,053 - INFO - fastread - 17, 620
2019-01-25 13:42:09,058 - INFO - fastread - 17, 630
2019-01-25 13:42:09,062 - INFO - fastread - 17, 640
2019-01-25 13:42:09,066 - INFO - fastread - 17, 650
2019-01-25 13:42:09,071 - INFO - fastread - 17, 660
2019-01-25 13:42:09,075 - INFO - fastread - 17, 670
2019-01-25 13:42:09,080 - INFO - fastread - 17, 680
2019-01-25 13:42:09,084 - INFO - fastread - 17, 690
2019-01-25 13:42:09,089 - INFO - fastread - 17, 700
2019-01-25 13:42:09,093 - INFO - fastread - 17, 710
2019-01-25 13:42:09,098 - INFO - fastread - 17, 720
2019-01-25 13:42:09,102 - INFO - fastread - 17, 730
2019-01-25 13:42:09,106 - INFO - fastread - 17, 740
2019-01-25 13:42:09,111 - INFO - fastread - 17, 750
2019-01-25 13:42:09,115 - INFO - fastread - 17, 760
2019-01-25 13:42:09,120 - INFO - fastread - 18, 770
2019-01-25 13:42:09,124 - INFO - fastread - 18, 780
2019-01-25 13:42:09,129 - INFO - fastread - 18, 790
2019-01-25 13:42:09,133 - INFO - fastread - 19, 800
2019-01-25 13:42:09,138 - INFO - fastread - 19, 810
2019-01-25 13:42:09,142 - INFO - fastread - 19, 820
2019-01-25 13:42:09,147 - INFO - fastread - 19, 830
2019-01-25 13:42:09,151 - INFO - fastread - 20, 840
2019-01-25 13:42:09,156 - INFO - fastread - 20, 850
2019-01-25 13:42:09,160 - INFO - fastread - 20, 860
2019-01-25 13:42:09,165 - INFO - fastread - 20, 870
2019-01-25 13:42:09,169 - INFO - fastread - 20, 880
2019-01-25 13:42:09,174 - INFO - fastread - 20, 890
2019-01-25 13:42:09,178 - INFO - fastread - 20, 900
2019-01-25 13:42:09,183 - INFO - fastread - 21, 910
2019-01-25 13:42:09,187 - INFO - fastread - 21, 920
2019-01-25 13:42:09,192 - INFO - fastread - 22, 930
2019-01-25 13:42:09,196 - INFO - fastread - 22, 940
2019-01-25 13:42:09,201 - INFO - fastread - 22, 950
2019-01-25 13:42:09,205 - INFO - fastread - 22, 960
2019-01-25 13:42:09,210 - INFO - fastread - 22, 970
2019-01-25 13:42:09,214 - INFO - fastread - 23, 980
2019-01-25 13:42:09,219 - INFO - fastread - 24, 990
2019-01-25 13:42:09,223 - INFO - fastread - 24, 1000
2019-01-25 13:42:09,228 - INFO - fastread - 24, 1010
2019-01-25 13:42:09,232 - INFO - fastread - 24, 1020
2019-01-25 13:42:09,237 - INFO - fastread - 24, 1030
2019-01-25 13:42:09,241 - INFO - fastread - 25, 1040
2019-01-25 13:42:09,246 - INFO - fastread - 26, 1050
2019-01-25 13:42:09,250 - INFO - fastread - 27, 1060
2019-01-25 13:42:09,255 - INFO - fastread - 27, 1070
2019-01-25 13:42:09,259 - INFO - fastread - 27, 1080
2019-01-25 13:42:09,264 - INFO - fastread - 29, 1090
2019-01-25 13:42:09,268 - INFO - fastread - 30, 1100
2019-01-25 13:42:09,273 - INFO - fastread - 31, 1110
2019-01-25 13:42:09,277 - INFO - fastread - 32, 1120
2019-01-25 13:42:09,282 - INFO - fastread - 32, 1130
2019-01-25 13:42:09,286 - INFO - fastread - 32, 1140
2019-01-25 13:42:09,291 - INFO - fastread - 33, 1150
2019-01-25 13:42:09,295 - INFO - fastread - 33, 1160
2019-01-25 13:42:09,300 - INFO - fastread - 33, 1170
2019-01-25 13:42:09,305 - INFO - fastread - 34, 1180
2019-01-25 13:42:09,309 - INFO - fastread - 34, 1190
2019-01-25 13:42:09,314 - INFO - fastread - 34, 1200
2019-01-25 13:42:09,318 - INFO - fastread - 34, 1210
2019-01-25 13:42:09,323 - INFO - fastread - 36, 1220
2019-01-25 13:42:09,327 - INFO - fastread - 36, 1230
2019-01-25 13:42:09,332 - INFO - fastread - 36, 1240
2019-01-25 13:42:09,336 - INFO - fastread - 36, 1250
2019-01-25 13:42:09,341 - INFO - fastread - 36, 1260
2019-01-25 13:42:09,346 - INFO - fastread - 36, 1270
2019-01-25 13:42:09,350 - INFO - fastread - 36, 1280
2019-01-25 13:42:09,355 - INFO - fastread - 37, 1290
2019-01-25 13:42:09,359 - INFO - fastread - 37, 1300
2019-01-25 13:42:09,364 - INFO - fastread - 37, 1310
2019-01-25 13:42:09,368 - INFO - fastread - 37, 1320
2019-01-25 13:42:09,373 - INFO - fastread - 37, 1330
2019-01-25 13:42:09,378 - INFO - fastread - 37, 1340
2019-01-25 13:42:09,382 - INFO - fastread - 39, 1350
2019-01-25 13:42:09,387 - INFO - fastread - 39, 1360
2019-01-25 13:42:09,391 - INFO - fastread - 39, 1370
2019-01-25 13:42:09,396 - INFO - fastread - 39, 1380
2019-01-25 13:42:09,400 - INFO - fastread - 39, 1390
2019-01-25 13:42:09,405 - INFO - fastread - 40, 1400
2019-01-25 13:42:09,410 - INFO - fastread - 41, 1410
2019-01-25 13:42:09,414 - INFO - fastread - 42, 1420
2019-01-25 13:42:09,419 - INFO - fastread - 42, 1430
2019-01-25 13:42:09,423 - INFO - fastread - 43, 1440
2019-01-25 13:42:09,428 - INFO - fastread - 43, 1450
2019-01-25 13:42:09,433 - INFO - fastread - 43, 1460
2019-01-25 13:42:09,437 - INFO - fastread - 45, 1470
2019-01-25 13:42:09,442 - INFO - fastread - 47, 1480
2019-01-25 13:42:09,446 - INFO - fastread - 47, 1490
2019-01-25 13:42:09,451 - INFO - fastread - 47, 1500
2019-01-25 13:42:09,456 - INFO - fastread - 48, 1510
2019-01-25 13:42:09,460 - INFO - fastread - 48, 1520
2019-01-25 13:42:09,465 - INFO - fastread - 48, 1530
2019-01-25 13:42:09,470 - INFO - fastread - 48, 1540
2019-01-25 13:42:09,474 - INFO - fastread - 49, 1550
2019-01-25 13:42:09,479 - INFO - fastread - 49, 1560
2019-01-25 13:42:09,483 - INFO - fastread - 49, 1570
2019-01-25 13:42:09,488 - INFO - fastread - 50, 1580
2019-01-25 13:42:09,493 - INFO - fastread - 50, 1590
2019-01-25 13:42:09,497 - INFO - fastread - 51, 1600
2019-01-25 13:42:09,502 - INFO - fastread - 51, 1610
2019-01-25 13:42:09,507 - INFO - fastread - 51, 1620
2019-01-25 13:42:09,511 - INFO - fastread - 51, 1630
2019-01-25 13:42:09,516 - INFO - fastread - 51, 1640
2019-01-25 13:42:09,521 - INFO - fastread - 52, 1650
2019-01-25 13:42:09,525 - INFO - fastread - 52, 1660
2019-01-25 13:42:09,530 - INFO - fastread - 53, 1670
2019-01-25 13:42:09,535 - INFO - fastread - 54, 1680
2019-01-25 13:42:09,540 - INFO - fastread - 54, 1690
2019-01-25 13:42:09,544 - INFO - fastread - 54, 1700
2019-01-25 13:42:09,549 - INFO - fastread - 54, 1710
2019-01-25 13:42:09,554 - INFO - fastread - 54, 1720
2019-01-25 13:42:09,559 - INFO - fastread - 54, 1730
2019-01-25 13:42:09,564 - INFO - fastread - 54, 1740
2019-01-25 13:42:09,568 - INFO - fastread - 54, 1750
2019-01-25 13:42:09,573 - INFO - fastread - 54, 1760
2019-01-25 13:42:09,578 - INFO - fastread - 54, 1770
2019-01-25 13:42:09,583 - INFO - fastread - 54, 1780
2019-01-25 13:42:09,587 - INFO - fastread - 54, 1790
2019-01-25 13:42:09,592 - INFO - fastread - 55, 1800
2019-01-25 13:42:09,597 - INFO - fastread - 55, 1810
2019-01-25 13:42:09,601 - INFO - fastread - 57, 1820
2019-01-25 13:42:09,606 - INFO - fastread - 57, 1830
2019-01-25 13:42:09,611 - INFO - fastread - 59, 1840
2019-01-25 13:42:09,616 - INFO - fastread - 59, 1850
2019-01-25 13:42:09,620 - INFO - fastread - 60, 1860
2019-01-25 13:42:09,625 - INFO - fastread - 63, 1870
2019-01-25 13:42:09,630 - INFO - fastread - 63, 1880
2019-01-25 13:42:09,635 - INFO - fastread - 63, 1890
2019-01-25 13:42:09,639 - INFO - fastread - 63, 1900
2019-01-25 13:42:09,644 - INFO - fastread - 64, 1910
2019-01-25 13:42:09,649 - INFO - fastread - 64, 1920
2019-01-25 13:42:09,654 - INFO - fastread - 64, 1930
2019-01-25 13:42:09,658 - INFO - fastread - 64, 1940
2019-01-25 13:42:09,663 - INFO - fastread - 64, 1950
2019-01-25 13:42:09,668 - INFO - fastread - 64, 1960
2019-01-25 13:42:09,673 - INFO - fastread - 64, 1970
2019-01-25 13:42:09,677 - INFO - fastread - 66, 1980
2019-01-25 13:42:09,682 - INFO - fastread - 66, 1990
2019-01-25 13:42:09,687 - INFO - fastread - 67, 2000
2019-01-25 13:42:09,692 - INFO - fastread - 67, 2010
2019-01-25 13:42:09,696 - INFO - fastread - 69, 2020
2019-01-25 13:42:09,701 - INFO - fastread - 70, 2030
2019-01-25 13:42:09,706 - INFO - fastread - 71, 2040
2019-01-25 13:42:09,711 - INFO - fastread - 71, 2050
2019-01-25 13:42:09,715 - INFO - fastread - 71, 2060
2019-01-25 13:42:09,720 - INFO - fastread - 71, 2070
2019-01-25 13:42:09,725 - INFO - fastread - 71, 2080
2019-01-25 13:42:09,730 - INFO - fastread - 71, 2090
2019-01-25 13:42:09,734 - INFO - fastread - 71, 2100
2019-01-25 13:42:09,739 - INFO - fastread - 71, 2110
2019-01-25 13:42:09,744 - INFO - fastread - 71, 2120
2019-01-25 13:42:09,749 - INFO - fastread - 71, 2130
2019-01-25 13:42:09,754 - INFO - fastread - 72, 2140
2019-01-25 13:42:09,758 - INFO - fastread - 72, 2150
2019-01-25 13:42:09,763 - INFO - fastread - 72, 2160
2019-01-25 13:42:09,768 - INFO - fastread - 72, 2170
2019-01-25 13:42:09,773 - INFO - fastread - 72, 2180
2019-01-25 13:42:09,778 - INFO - fastread - 72, 2190
2019-01-25 13:42:09,782 - INFO - fastread - 72, 2200
2019-01-25 13:42:09,787 - INFO - fastread - 72, 2210
2019-01-25 13:42:09,792 - INFO - fastread - 72, 2220
2019-01-25 13:42:09,797 - INFO - fastread - 74, 2230
2019-01-25 13:42:09,802 - INFO - fastread - 74, 2240
2019-01-25 13:42:09,806 - INFO - fastread - 74, 2250
2019-01-25 13:42:09,811 - INFO - fastread - 74, 2260
2019-01-25 13:42:09,816 - INFO - fastread - 74, 2270
2019-01-25 13:42:09,821 - INFO - fastread - 74, 2280
2019-01-25 13:42:09,826 - INFO - fastread - 74, 2290
2019-01-25 13:42:09,830 - INFO - fastread - 74, 2300
2019-01-25 13:42:09,835 - INFO - fastread - 76, 2310
2019-01-25 13:42:09,840 - INFO - fastread - 76, 2320
2019-01-25 13:42:09,845 - INFO - fastread - 76, 2330
2019-01-25 13:42:09,850 - INFO - fastread - 76, 2340
2019-01-25 13:42:09,854 - INFO - fastread - 76, 2350
2019-01-25 13:42:09,859 - INFO - fastread - 76, 2360
2019-01-25 13:42:09,864 - INFO - fastread - 76, 2370
2019-01-25 13:42:09,869 - INFO - fastread - 76, 2380
2019-01-25 13:42:09,874 - INFO - fastread - 76, 2390
2019-01-25 13:42:09,879 - INFO - fastread - 76, 2400
2019-01-25 13:42:09,883 - INFO - fastread - 76, 2410
2019-01-25 13:42:09,888 - INFO - fastread - 76, 2420
2019-01-25 13:42:09,893 - INFO - fastread - 76, 2430
2019-01-25 13:42:09,898 - INFO - fastread - 76, 2440
2019-01-25 13:42:09,903 - INFO - fastread - 76, 2450
2019-01-25 13:42:09,908 - INFO - fastread - 76, 2460
2019-01-25 13:42:09,912 - INFO - fastread - 76, 2470
2019-01-25 13:42:09,917 - INFO - fastread - 76, 2480
2019-01-25 13:42:09,922 - INFO - fastread - 76, 2490
2019-01-25 13:42:09,927 - INFO - fastread - 78, 2500
2019-01-25 13:42:09,932 - INFO - fastread - 78, 2510
2019-01-25 13:42:09,937 - INFO - fastread - 78, 2520
2019-01-25 13:42:09,942 - INFO - fastread - 78, 2530
2019-01-25 13:42:09,947 - INFO - fastread - 78, 2540
2019-01-25 13:42:09,952 - INFO - fastread - 79, 2550
2019-01-25 13:42:09,957 - INFO - fastread - 79, 2560
2019-01-25 13:42:09,962 - INFO - fastread - 79, 2570
2019-01-25 13:42:09,966 - INFO - fastread - 79, 2580
2019-01-25 13:42:09,971 - INFO - fastread - 81, 2590
2019-01-25 13:42:09,976 - INFO - fastread - 81, 2600
2019-01-25 13:42:09,981 - INFO - fastread - 81, 2610
2019-01-25 13:42:09,986 - INFO - fastread - 81, 2620
2019-01-25 13:42:09,991 - INFO - fastread - 81, 2630
2019-01-25 13:42:09,996 - INFO - fastread - 81, 2640
2019-01-25 13:42:10,001 - INFO - fastread - 81, 2650
2019-01-25 13:42:10,006 - INFO - fastread - 82, 2660
2019-01-25 13:42:10,011 - INFO - fastread - 82, 2670
2019-01-25 13:42:10,017 - INFO - fastread - 82, 2680
2019-01-25 13:42:10,021 - INFO - fastread - 82, 2690
2019-01-25 13:42:10,026 - INFO - fastread - 82, 2700
2019-01-25 13:42:10,031 - INFO - fastread - 84, 2710
2019-01-25 13:42:10,036 - INFO - fastread - 85, 2720
2019-01-25 13:42:10,041 - INFO - fastread - 85, 2730
2019-01-25 13:42:10,046 - INFO - fastread - 87, 2740
2019-01-25 13:42:10,051 - INFO - fastread - 87, 2750
2019-01-25 13:42:10,056 - INFO - fastread - 88, 2760
2019-01-25 13:42:10,061 - INFO - fastread - 88, 2770
2019-01-25 13:42:10,065 - INFO - fastread - 88, 2780
2019-01-25 13:42:10,070 - INFO - fastread - 88, 2790
2019-01-25 13:42:10,075 - INFO - fastread - 89, 2800
2019-01-25 13:42:10,080 - INFO - fastread - 89, 2810
2019-01-25 13:42:10,085 - INFO - fastread - 89, 2820
2019-01-25 13:42:10,090 - INFO - fastread - 90, 2830
2019-01-25 13:42:10,095 - INFO - fastread - 90, 2840
2019-01-25 13:42:10,100 - INFO - fastread - 90, 2850
2019-01-25 13:42:10,105 - INFO - fastread - 91, 2860
2019-01-25 13:42:10,110 - INFO - fastread - 92, 2870
2019-01-25 13:42:10,115 - INFO - fastread - 92, 2880
2019-01-25 13:42:10,120 - INFO - fastread - 93, 2890
2019-01-25 13:42:10,124 - INFO - fastread - 93, 2900
2019-01-25 13:42:10,129 - INFO - fastread - 94, 2910
2019-01-25 13:42:10,134 - INFO - fastread - 94, 2920
2019-01-25 13:42:10,139 - INFO - fastread - 95, 2930
2019-01-25 13:42:10,144 - INFO - fastread - 96, 2940
2019-01-25 13:42:10,149 - INFO - fastread - 96, 2950
2019-01-25 13:42:10,154 - INFO - fastread - 96, 2960
2019-01-25 13:42:10,159 - INFO - fastread - 97, 2970
2019-01-25 13:42:10,164 - INFO - fastread - 98, 2980
2019-01-25 13:42:10,169 - INFO - fastread - 98, 2990
2019-01-25 13:42:10,174 - INFO - fastread - 98, 3000
2019-01-25 13:42:10,179 - INFO - fastread - 98, 3010
2019-01-25 13:42:10,184 - INFO - fastread - 98, 3020
2019-01-25 13:42:10,189 - INFO - fastread - 98, 3030
2019-01-25 13:42:10,194 - INFO - fastread - 98, 3040
2019-01-25 13:42:10,199 - INFO - fastread - 98, 3050
2019-01-25 13:42:10,204 - INFO - fastread - 98, 3060
2019-01-25 13:42:10,209 - INFO - fastread - 98, 3070
2019-01-25 13:42:10,214 - INFO - fastread - 98, 3080
2019-01-25 13:42:10,218 - INFO - fastread - 99, 3090
2019-01-25 13:42:10,223 - INFO - fastread - 99, 3100
2019-01-25 13:42:10,228 - INFO - fastread - 99, 3110
2019-01-25 13:42:10,233 - INFO - fastread - 99, 3120
2019-01-25 13:42:10,238 - INFO - fastread - 100, 3130
2019-01-25 13:42:10,243 - INFO - fastread - 100, 3140
2019-01-25 13:42:10,248 - INFO - fastread - 100, 3150
2019-01-25 13:42:10,253 - INFO - fastread - 100, 3160
2019-01-25 13:42:10,258 - INFO - fastread - 100, 3170
2019-01-25 13:42:10,263 - INFO - fastread - 100, 3180
2019-01-25 13:42:10,268 - INFO - fastread - 102, 3190
2019-01-25 13:42:10,273 - INFO - fastread - 103, 3200
2019-01-25 13:42:10,278 - INFO - fastread - 103, 3210
2019-01-25 13:42:10,283 - INFO - fastread - 104, 3220
2019-01-25 13:42:10,288 - INFO - fastread - 104, 3230
2019-01-25 13:42:10,293 - INFO - fastread - 105, 3240
2019-01-25 13:42:10,298 - INFO - fastread - 105, 3250
2019-01-25 13:42:10,303 - INFO - fastread - 106, 3260
2019-01-25 13:42:10,308 - INFO - fastread - 107, 3270
2019-01-25 13:42:10,313 - INFO - fastread - 107, 3280
2019-01-25 13:42:10,318 - INFO - fastread - 108, 3290
2019-01-25 13:42:10,323 - INFO - fastread - 108, 3300
2019-01-25 13:42:10,328 - INFO - fastread - 109, 3310
2019-01-25 13:42:10,333 - INFO - fastread - 110, 3320
2019-01-25 13:42:10,338 - INFO - fastread - 110, 3330
2019-01-25 13:42:10,343 - INFO - fastread - 110, 3340
2019-01-25 13:42:10,348 - INFO - fastread - 110, 3350
2019-01-25 13:42:10,353 - INFO - fastread - 110, 3360
2019-01-25 13:42:10,358 - INFO - fastread - 111, 3370
2019-01-25 13:42:10,363 - INFO - fastread - 113, 3380
2019-01-25 13:42:10,368 - INFO - fastread - 113, 3390
2019-01-25 13:42:10,373 - INFO - fastread - 113, 3400
2019-01-25 13:42:10,378 - INFO - fastread - 113, 3410
2019-01-25 13:42:10,383 - INFO - fastread - 113, 3420
2019-01-25 13:42:10,388 - INFO - fastread - 114, 3430
2019-01-25 13:42:10,393 - INFO - fastread - 114, 3440
2019-01-25 13:42:10,398 - INFO - fastread - 114, 3450
2019-01-25 13:42:10,403 - INFO - fastread - 115, 3460
2019-01-25 13:42:10,408 - INFO - fastread - 115, 3470
2019-01-25 13:42:10,413 - INFO - fastread - 115, 3480
2019-01-25 13:42:10,418 - INFO - fastread - 115, 3490
2019-01-25 13:42:10,423 - INFO - fastread - 116, 3500
2019-01-25 13:42:10,428 - INFO - fastread - 116, 3510
2019-01-25 13:42:10,433 - INFO - fastread - 116, 3520
2019-01-25 13:42:10,438 - INFO - fastread - 116, 3530
2019-01-25 13:42:10,443 - INFO - fastread - 116, 3540
2019-01-25 13:42:10,448 - INFO - fastread - 116, 3550
2019-01-25 13:42:10,453 - INFO - fastread - 116, 3560
2019-01-25 13:42:10,458 - INFO - fastread - 116, 3570
2019-01-25 13:42:10,463 - INFO - fastread - 117, 3580
2019-01-25 13:42:10,468 - INFO - fastread - 117, 3590
2019-01-25 13:42:10,473 - INFO - fastread - 117, 3600
2019-01-25 13:42:10,478 - INFO - fastread - 117, 3610
2019-01-25 13:42:10,483 - INFO - fastread - 117, 3620
2019-01-25 13:42:10,489 - INFO - fastread - 117, 3630
2019-01-25 13:42:10,494 - INFO - fastread - 117, 3640
2019-01-25 13:42:10,499 - INFO - fastread - 118, 3650
2019-01-25 13:42:10,504 - INFO - fastread - 118, 3660
2019-01-25 13:42:10,509 - INFO - fastread - 118, 3670
2019-01-25 13:42:10,514 - INFO - fastread - 119, 3680
2019-01-25 13:42:10,519 - INFO - fastread - 120, 3690
2019-01-25 13:42:10,524 - INFO - fastread - 122, 3700
2019-01-25 13:42:10,529 - INFO - fastread - 123, 3710
2019-01-25 13:42:10,534 - INFO - fastread - 123, 3720
2019-01-25 13:42:10,539 - INFO - fastread - 123, 3730
2019-01-25 13:42:10,544 - INFO - fastread - 123, 3740
2019-01-25 13:42:10,549 - INFO - fastread - 123, 3750
2019-01-25 13:42:10,554 - INFO - fastread - 123, 3760
2019-01-25 13:42:10,559 - INFO - fastread - 123, 3770
2019-01-25 13:42:10,564 - INFO - fastread - 123, 3780
2019-01-25 13:42:10,570 - INFO - fastread - 123, 3790
2019-01-25 13:42:10,575 - INFO - fastread - 124, 3800
2019-01-25 13:42:10,580 - INFO - fastread - 126, 3810
2019-01-25 13:42:10,600 - INFO - rig - ++++NEW CLF++++ SVM
2019-01-25 13:42:10,600 - INFO - fastread - Total Yes: 131 | Total No: 3967
2019-01-25 13:52:19,326 - INFO - fastread - 7, 10
2019-01-25 13:52:19,331 - INFO - fastread - 15, 20
2019-01-25 13:52:19,335 - INFO - fastread - 22, 30
2019-01-25 13:52:19,339 - INFO - fastread - 26, 40
2019-01-25 13:52:19,344 - INFO - fastread - 32, 50
2019-01-25 13:52:19,348 - INFO - fastread - 39, 60
2019-01-25 13:52:19,352 - INFO - fastread - 45, 70
2019-01-25 13:52:19,357 - INFO - fastread - 49, 80
2019-01-25 13:52:19,361 - INFO - fastread - 52, 90
2019-01-25 13:52:19,365 - INFO - fastread - 53, 100
2019-01-25 13:52:19,370 - INFO - fastread - 57, 110
2019-01-25 13:52:19,374 - INFO - fastread - 61, 120
2019-01-25 13:52:19,378 - INFO - fastread - 64, 130
2019-01-25 13:52:19,383 - INFO - fastread - 65, 140
2019-01-25 13:52:19,387 - INFO - fastread - 65, 150
2019-01-25 13:52:19,391 - INFO - fastread - 67, 160
2019-01-25 13:52:19,396 - INFO - fastread - 69, 170
2019-01-25 13:52:19,400 - INFO - fastread - 72, 180
2019-01-25 13:52:19,404 - INFO - fastread - 74, 190
2019-01-25 13:52:19,409 - INFO - fastread - 76, 200
2019-01-25 13:52:19,413 - INFO - fastread - 76, 210
2019-01-25 13:52:19,417 - INFO - fastread - 77, 220
2019-01-25 13:52:19,422 - INFO - fastread - 80, 230
2019-01-25 13:52:19,426 - INFO - fastread - 83, 240
2019-01-25 13:52:19,430 - INFO - fastread - 84, 250
2019-01-25 13:52:19,435 - INFO - fastread - 84, 260
2019-01-25 13:52:19,439 - INFO - fastread - 86, 270
2019-01-25 13:52:19,444 - INFO - fastread - 86, 280
2019-01-25 13:52:19,448 - INFO - fastread - 87, 290
2019-01-25 13:52:19,452 - INFO - fastread - 88, 300
2019-01-25 13:52:19,457 - INFO - fastread - 89, 310
2019-01-25 13:52:19,461 - INFO - fastread - 91, 320
2019-01-25 13:52:19,465 - INFO - fastread - 92, 330
2019-01-25 13:52:19,470 - INFO - fastread - 93, 340
2019-01-25 13:52:19,474 - INFO - fastread - 93, 350
2019-01-25 13:52:19,479 - INFO - fastread - 93, 360
2019-01-25 13:52:19,483 - INFO - fastread - 94, 370
2019-01-25 13:52:19,487 - INFO - fastread - 94, 380
2019-01-25 13:52:19,492 - INFO - fastread - 94, 390
2019-01-25 13:52:19,496 - INFO - fastread - 94, 400
2019-01-25 13:52:19,501 - INFO - fastread - 94, 410
2019-01-25 13:52:19,505 - INFO - fastread - 94, 420
2019-01-25 13:52:19,509 - INFO - fastread - 95, 430
2019-01-25 13:52:19,514 - INFO - fastread - 95, 440
2019-01-25 13:52:19,518 - INFO - fastread - 95, 450
2019-01-25 13:52:19,523 - INFO - fastread - 95, 460
2019-01-25 13:52:19,527 - INFO - fastread - 96, 470
2019-01-25 13:52:19,532 - INFO - fastread - 96, 480
2019-01-25 13:52:19,536 - INFO - fastread - 96, 490
2019-01-25 13:52:19,540 - INFO - fastread - 100, 500
2019-01-25 13:52:19,545 - INFO - fastread - 100, 510
2019-01-25 13:52:19,549 - INFO - fastread - 101, 520
2019-01-25 13:52:19,554 - INFO - fastread - 101, 530
2019-01-25 13:52:19,558 - INFO - fastread - 101, 540
2019-01-25 13:52:19,562 - INFO - fastread - 101, 550
2019-01-25 13:52:19,567 - INFO - fastread - 101, 560
2019-01-25 13:52:19,571 - INFO - fastread - 101, 570
2019-01-25 13:52:19,576 - INFO - fastread - 101, 580
2019-01-25 13:52:19,580 - INFO - fastread - 101, 590
2019-01-25 13:52:19,585 - INFO - fastread - 102, 600
2019-01-25 13:52:19,589 - INFO - fastread - 102, 610
2019-01-25 13:52:19,594 - INFO - fastread - 102, 620
2019-01-25 13:52:19,598 - INFO - fastread - 103, 630
2019-01-25 13:52:19,602 - INFO - fastread - 103, 640
2019-01-25 13:52:19,607 - INFO - fastread - 103, 650
2019-01-25 13:52:19,611 - INFO - fastread - 103, 660
2019-01-25 13:52:19,616 - INFO - fastread - 103, 670
2019-01-25 13:52:19,620 - INFO - fastread - 103, 680
2019-01-25 13:52:19,625 - INFO - fastread - 103, 690
2019-01-25 13:52:19,629 - INFO - fastread - 104, 700
2019-01-25 13:52:19,634 - INFO - fastread - 104, 710
2019-01-25 13:52:19,638 - INFO - fastread - 105, 720
2019-01-25 13:52:19,643 - INFO - fastread - 105, 730
2019-01-25 13:52:19,647 - INFO - fastread - 105, 740
2019-01-25 13:52:19,651 - INFO - fastread - 105, 750
2019-01-25 13:52:19,656 - INFO - fastread - 105, 760
2019-01-25 13:52:19,660 - INFO - fastread - 105, 770
2019-01-25 13:52:19,665 - INFO - fastread - 105, 780
2019-01-25 13:52:19,669 - INFO - fastread - 105, 790
2019-01-25 13:52:19,674 - INFO - fastread - 105, 800
2019-01-25 13:52:19,678 - INFO - fastread - 105, 810
2019-01-25 13:52:19,683 - INFO - fastread - 105, 820
2019-01-25 13:52:19,687 - INFO - fastread - 105, 830
2019-01-25 13:52:19,692 - INFO - fastread - 105, 840
2019-01-25 13:52:19,696 - INFO - fastread - 105, 850
2019-01-25 13:52:19,701 - INFO - fastread - 105, 860
2019-01-25 13:52:19,705 - INFO - fastread - 105, 870
2019-01-25 13:52:19,710 - INFO - fastread - 105, 880
2019-01-25 13:52:19,714 - INFO - fastread - 105, 890
2019-01-25 13:52:19,719 - INFO - fastread - 106, 900
2019-01-25 13:52:19,723 - INFO - fastread - 108, 910
2019-01-25 13:52:19,728 - INFO - fastread - 108, 920
2019-01-25 13:52:19,732 - INFO - fastread - 108, 930
2019-01-25 13:52:19,737 - INFO - fastread - 109, 940
2019-01-25 13:52:19,741 - INFO - fastread - 109, 950
2019-01-25 13:52:19,746 - INFO - fastread - 109, 960
2019-01-25 13:52:19,750 - INFO - fastread - 110, 970
2019-01-25 13:52:19,755 - INFO - fastread - 110, 980
2019-01-25 13:52:19,759 - INFO - fastread - 110, 990
2019-01-25 13:52:19,764 - INFO - fastread - 110, 1000
2019-01-25 13:52:19,768 - INFO - fastread - 110, 1010
2019-01-25 13:52:19,773 - INFO - fastread - 110, 1020
2019-01-25 13:52:19,777 - INFO - fastread - 110, 1030
2019-01-25 13:52:19,782 - INFO - fastread - 110, 1040
2019-01-25 13:52:19,786 - INFO - fastread - 110, 1050
2019-01-25 13:52:19,791 - INFO - fastread - 110, 1060
2019-01-25 13:52:19,795 - INFO - fastread - 110, 1070
2019-01-25 13:52:19,800 - INFO - fastread - 111, 1080
2019-01-25 13:52:19,805 - INFO - fastread - 111, 1090
2019-01-25 13:52:19,809 - INFO - fastread - 111, 1100
2019-01-25 13:52:19,814 - INFO - fastread - 112, 1110
2019-01-25 13:52:19,818 - INFO - fastread - 112, 1120
2019-01-25 13:52:19,823 - INFO - fastread - 112, 1130
2019-01-25 13:52:19,827 - INFO - fastread - 113, 1140
2019-01-25 13:52:19,832 - INFO - fastread - 113, 1150
2019-01-25 13:52:19,836 - INFO - fastread - 113, 1160
2019-01-25 13:52:19,841 - INFO - fastread - 113, 1170
2019-01-25 13:52:19,846 - INFO - fastread - 113, 1180
2019-01-25 13:52:19,850 - INFO - fastread - 113, 1190
2019-01-25 13:52:19,855 - INFO - fastread - 113, 1200
2019-01-25 13:52:19,859 - INFO - fastread - 113, 1210
2019-01-25 13:52:19,864 - INFO - fastread - 113, 1220
2019-01-25 13:52:19,868 - INFO - fastread - 113, 1230
2019-01-25 13:52:19,873 - INFO - fastread - 113, 1240
2019-01-25 13:52:19,878 - INFO - fastread - 113, 1250
2019-01-25 13:52:19,882 - INFO - fastread - 113, 1260
2019-01-25 13:52:19,887 - INFO - fastread - 113, 1270
2019-01-25 13:52:19,891 - INFO - fastread - 113, 1280
2019-01-25 13:52:19,896 - INFO - fastread - 114, 1290
2019-01-25 13:52:19,900 - INFO - fastread - 114, 1300
2019-01-25 13:52:19,905 - INFO - fastread - 114, 1310
2019-01-25 13:52:19,910 - INFO - fastread - 114, 1320
2019-01-25 13:52:19,914 - INFO - fastread - 114, 1330
2019-01-25 13:52:19,919 - INFO - fastread - 114, 1340
2019-01-25 13:52:19,923 - INFO - fastread - 114, 1350
2019-01-25 13:52:19,928 - INFO - fastread - 114, 1360
2019-01-25 13:52:19,933 - INFO - fastread - 115, 1370
2019-01-25 13:52:19,937 - INFO - fastread - 115, 1380
2019-01-25 13:52:19,942 - INFO - fastread - 115, 1390
2019-01-25 13:52:19,946 - INFO - fastread - 115, 1400
2019-01-25 13:52:19,951 - INFO - fastread - 115, 1410
2019-01-25 13:52:19,956 - INFO - fastread - 115, 1420
2019-01-25 13:52:19,960 - INFO - fastread - 115, 1430
2019-01-25 13:52:19,965 - INFO - fastread - 115, 1440
2019-01-25 13:52:19,969 - INFO - fastread - 115, 1450
2019-01-25 13:52:19,974 - INFO - fastread - 115, 1460
2019-01-25 13:52:19,979 - INFO - fastread - 115, 1470
2019-01-25 13:52:19,983 - INFO - fastread - 115, 1480
2019-01-25 13:52:19,988 - INFO - fastread - 115, 1490
2019-01-25 13:52:19,992 - INFO - fastread - 115, 1500
2019-01-25 13:52:19,997 - INFO - fastread - 115, 1510
2019-01-25 13:52:20,002 - INFO - fastread - 115, 1520
2019-01-25 13:52:20,006 - INFO - fastread - 115, 1530
2019-01-25 13:52:20,011 - INFO - fastread - 115, 1540
2019-01-25 13:52:20,016 - INFO - fastread - 115, 1550
2019-01-25 13:52:20,021 - INFO - fastread - 115, 1560
2019-01-25 13:52:20,026 - INFO - fastread - 115, 1570
2019-01-25 13:52:20,030 - INFO - fastread - 115, 1580
2019-01-25 13:52:20,035 - INFO - fastread - 115, 1590
2019-01-25 13:52:20,040 - INFO - fastread - 115, 1600
2019-01-25 13:52:20,044 - INFO - fastread - 115, 1610
2019-01-25 13:52:20,049 - INFO - fastread - 115, 1620
2019-01-25 13:52:20,053 - INFO - fastread - 115, 1630
2019-01-25 13:52:20,058 - INFO - fastread - 115, 1640
2019-01-25 13:52:20,063 - INFO - fastread - 115, 1650
2019-01-25 13:52:20,067 - INFO - fastread - 117, 1660
2019-01-25 13:52:20,072 - INFO - fastread - 117, 1670
2019-01-25 13:52:20,077 - INFO - fastread - 117, 1680
2019-01-25 13:52:20,081 - INFO - fastread - 117, 1690
2019-01-25 13:52:20,086 - INFO - fastread - 117, 1700
2019-01-25 13:52:20,091 - INFO - fastread - 117, 1710
2019-01-25 13:52:20,095 - INFO - fastread - 117, 1720
2019-01-25 13:52:20,100 - INFO - fastread - 117, 1730
2019-01-25 13:52:20,105 - INFO - fastread - 119, 1740
2019-01-25 13:52:20,109 - INFO - fastread - 120, 1750
2019-01-25 13:52:20,114 - INFO - fastread - 120, 1760
2019-01-25 13:52:20,119 - INFO - fastread - 120, 1770
2019-01-25 13:52:20,123 - INFO - fastread - 120, 1780
2019-01-25 13:52:20,128 - INFO - fastread - 120, 1790
2019-01-25 13:52:20,133 - INFO - fastread - 120, 1800
2019-01-25 13:52:20,137 - INFO - fastread - 121, 1810
2019-01-25 13:52:20,142 - INFO - fastread - 121, 1820
2019-01-25 13:52:20,147 - INFO - fastread - 121, 1830
2019-01-25 13:52:20,151 - INFO - fastread - 121, 1840
2019-01-25 13:52:20,156 - INFO - fastread - 121, 1850
2019-01-25 13:52:20,161 - INFO - fastread - 122, 1860
2019-01-25 13:52:20,165 - INFO - fastread - 122, 1870
2019-01-25 13:52:20,170 - INFO - fastread - 122, 1880
2019-01-25 13:52:20,175 - INFO - fastread - 122, 1890
2019-01-25 13:52:20,179 - INFO - fastread - 122, 1900
2019-01-25 13:52:20,184 - INFO - fastread - 122, 1910
2019-01-25 13:52:20,189 - INFO - fastread - 122, 1920
2019-01-25 13:52:20,193 - INFO - fastread - 122, 1930
2019-01-25 13:52:20,198 - INFO - fastread - 122, 1940
2019-01-25 13:52:20,203 - INFO - fastread - 122, 1950
2019-01-25 13:52:20,207 - INFO - fastread - 122, 1960
2019-01-25 13:52:20,212 - INFO - fastread - 124, 1970
2019-01-25 13:52:20,217 - INFO - fastread - 124, 1980
2019-01-25 13:52:20,222 - INFO - fastread - 124, 1990
2019-01-25 13:52:20,226 - INFO - fastread - 124, 2000
2019-01-25 13:52:20,231 - INFO - fastread - 124, 2010
2019-01-25 13:52:20,236 - INFO - fastread - 124, 2020
2019-01-25 13:52:20,240 - INFO - fastread - 124, 2030
2019-01-25 13:52:20,245 - INFO - fastread - 125, 2040
2019-01-25 13:52:20,258 - INFO - rig - ++++NEW CLF++++ DT
2019-01-25 13:52:20,259 - INFO - fastread - Total Yes: 131 | Total No: 3967
2019-01-25 13:52:39,286 - INFO - fastread - 2, 10
2019-01-25 13:52:39,291 - INFO - fastread - 6, 20
2019-01-25 13:52:39,295 - INFO - fastread - 11, 30
2019-01-25 13:52:39,300 - INFO - fastread - 17, 40
2019-01-25 13:52:39,304 - INFO - fastread - 21, 50
2019-01-25 13:52:39,308 - INFO - fastread - 29, 60
2019-01-25 13:52:39,313 - INFO - fastread - 34, 70
2019-01-25 13:52:39,317 - INFO - fastread - 39, 80
2019-01-25 13:52:39,321 - INFO - fastread - 45, 90
2019-01-25 13:52:39,325 - INFO - fastread - 50, 100
2019-01-25 13:52:39,330 - INFO - fastread - 56, 110
2019-01-25 13:52:39,334 - INFO - fastread - 60, 120
2019-01-25 13:52:39,338 - INFO - fastread - 63, 130
2019-01-25 13:52:39,343 - INFO - fastread - 64, 140
2019-01-25 13:52:39,347 - INFO - fastread - 65, 150
2019-01-25 13:52:39,351 - INFO - fastread - 65, 160
2019-01-25 13:52:39,356 - INFO - fastread - 65, 170
2019-01-25 13:52:39,360 - INFO - fastread - 65, 180
2019-01-25 13:52:39,364 - INFO - fastread - 65, 190
2019-01-25 13:52:39,369 - INFO - fastread - 65, 200
2019-01-25 13:52:39,373 - INFO - fastread - 65, 210
2019-01-25 13:52:39,377 - INFO - fastread - 65, 220
2019-01-25 13:52:39,382 - INFO - fastread - 65, 230
2019-01-25 13:52:39,386 - INFO - fastread - 65, 240
2019-01-25 13:52:39,391 - INFO - fastread - 65, 250
2019-01-25 13:52:39,395 - INFO - fastread - 65, 260
2019-01-25 13:52:39,399 - INFO - fastread - 65, 270
2019-01-25 13:52:39,404 - INFO - fastread - 65, 280
2019-01-25 13:52:39,408 - INFO - fastread - 65, 290
2019-01-25 13:52:39,412 - INFO - fastread - 65, 300
2019-01-25 13:52:39,417 - INFO - fastread - 65, 310
2019-01-25 13:52:39,421 - INFO - fastread - 65, 320
2019-01-25 13:52:39,426 - INFO - fastread - 65, 330
2019-01-25 13:52:39,430 - INFO - fastread - 65, 340
2019-01-25 13:52:39,434 - INFO - fastread - 65, 350
2019-01-25 13:52:39,439 - INFO - fastread - 65, 360
2019-01-25 13:52:39,443 - INFO - fastread - 65, 370
2019-01-25 13:52:39,447 - INFO - fastread - 65, 380
2019-01-25 13:52:39,452 - INFO - fastread - 65, 390
2019-01-25 13:52:39,456 - INFO - fastread - 65, 400
2019-01-25 13:52:39,461 - INFO - fastread - 66, 410
2019-01-25 13:52:39,465 - INFO - fastread - 66, 420
2019-01-25 13:52:39,469 - INFO - fastread - 67, 430
2019-01-25 13:52:39,474 - INFO - fastread - 67, 440
2019-01-25 13:52:39,478 - INFO - fastread - 68, 450
2019-01-25 13:52:39,483 - INFO - fastread - 68, 460
2019-01-25 13:52:39,487 - INFO - fastread - 68, 470
2019-01-25 13:52:39,491 - INFO - fastread - 68, 480
2019-01-25 13:52:39,496 - INFO - fastread - 68, 490
2019-01-25 13:52:39,500 - INFO - fastread - 68, 500
2019-01-25 13:52:39,505 - INFO - fastread - 69, 510
2019-01-25 13:52:39,509 - INFO - fastread - 69, 520
2019-01-25 13:52:39,513 - INFO - fastread - 69, 530
2019-01-25 13:52:39,518 - INFO - fastread - 69, 540
2019-01-25 13:52:39,522 - INFO - fastread - 69, 550
2019-01-25 13:52:39,527 - INFO - fastread - 69, 560
2019-01-25 13:52:39,531 - INFO - fastread - 69, 570
2019-01-25 13:52:39,536 - INFO - fastread - 69, 580
2019-01-25 13:52:39,540 - INFO - fastread - 69, 590
2019-01-25 13:52:39,544 - INFO - fastread - 69, 600
2019-01-25 13:52:39,549 - INFO - fastread - 69, 610
2019-01-25 13:52:39,553 - INFO - fastread - 69, 620
2019-01-25 13:52:39,558 - INFO - fastread - 69, 630
2019-01-25 13:52:39,562 - INFO - fastread - 69, 640
2019-01-25 13:52:39,567 - INFO - fastread - 69, 650
2019-01-25 13:52:39,571 - INFO - fastread - 69, 660
2019-01-25 13:52:39,576 - INFO - fastread - 69, 670
2019-01-25 13:52:39,580 - INFO - fastread - 69, 680
2019-01-25 13:52:39,585 - INFO - fastread - 69, 690
2019-01-25 13:52:39,589 - INFO - fastread - 69, 700
2019-01-25 13:52:39,593 - INFO - fastread - 69, 710
2019-01-25 13:52:39,598 - INFO - fastread - 69, 720
2019-01-25 13:52:39,602 - INFO - fastread - 69, 730
2019-01-25 13:52:39,607 - INFO - fastread - 69, 740
2019-01-25 13:52:39,611 - INFO - fastread - 69, 750
2019-01-25 13:52:39,616 - INFO - fastread - 69, 760
2019-01-25 13:52:39,620 - INFO - fastread - 69, 770
2019-01-25 13:52:39,625 - INFO - fastread - 69, 780
2019-01-25 13:52:39,629 - INFO - fastread - 69, 790
2019-01-25 13:52:39,634 - INFO - fastread - 69, 800
2019-01-25 13:52:39,638 - INFO - fastread - 69, 810
2019-01-25 13:52:39,643 - INFO - fastread - 69, 820
2019-01-25 13:52:39,647 - INFO - fastread - 69, 830
2019-01-25 13:52:39,652 - INFO - fastread - 69, 840
2019-01-25 13:52:39,656 - INFO - fastread - 69, 850
2019-01-25 13:52:39,660 - INFO - fastread - 69, 860
2019-01-25 13:52:39,665 - INFO - fastread - 69, 870
2019-01-25 13:52:39,669 - INFO - fastread - 69, 880
2019-01-25 13:52:39,674 - INFO - fastread - 69, 890
2019-01-25 13:52:39,678 - INFO - fastread - 69, 900
2019-01-25 13:52:39,683 - INFO - fastread - 69, 910
2019-01-25 13:52:39,687 - INFO - fastread - 69, 920
2019-01-25 13:52:39,692 - INFO - fastread - 69, 930
2019-01-25 13:52:39,696 - INFO - fastread - 69, 940
2019-01-25 13:52:39,701 - INFO - fastread - 69, 950
2019-01-25 13:52:39,705 - INFO - fastread - 69, 960
2019-01-25 13:52:39,710 - INFO - fastread - 69, 970
2019-01-25 13:52:39,714 - INFO - fastread - 69, 980
2019-01-25 13:52:39,719 - INFO - fastread - 69, 990
2019-01-25 13:52:39,723 - INFO - fastread - 70, 1000
2019-01-25 13:52:39,728 - INFO - fastread - 70, 1010
2019-01-25 13:52:39,732 - INFO - fastread - 70, 1020
2019-01-25 13:52:39,737 - INFO - fastread - 70, 1030
2019-01-25 13:52:39,741 - INFO - fastread - 71, 1040
2019-01-25 13:52:39,746 - INFO - fastread - 71, 1050
2019-01-25 13:52:39,750 - INFO - fastread - 72, 1060
2019-01-25 13:52:39,755 - INFO - fastread - 72, 1070
2019-01-25 13:52:39,759 - INFO - fastread - 72, 1080
2019-01-25 13:52:39,764 - INFO - fastread - 73, 1090
2019-01-25 13:52:39,768 - INFO - fastread - 74, 1100
2019-01-25 13:52:39,773 - INFO - fastread - 74, 1110
2019-01-25 13:52:39,778 - INFO - fastread - 74, 1120
2019-01-25 13:52:39,782 - INFO - fastread - 75, 1130
2019-01-25 13:52:39,787 - INFO - fastread - 75, 1140
2019-01-25 13:52:39,791 - INFO - fastread - 76, 1150
2019-01-25 13:52:39,796 - INFO - fastread - 76, 1160
2019-01-25 13:52:39,800 - INFO - fastread - 76, 1170
2019-01-25 13:52:39,805 - INFO - fastread - 76, 1180
2019-01-25 13:52:39,809 - INFO - fastread - 76, 1190
2019-01-25 13:52:39,814 - INFO - fastread - 76, 1200
2019-01-25 13:52:39,818 - INFO - fastread - 76, 1210
2019-01-25 13:52:39,823 - INFO - fastread - 76, 1220
2019-01-25 13:52:39,828 - INFO - fastread - 77, 1230
2019-01-25 13:52:39,832 - INFO - fastread - 77, 1240
2019-01-25 13:52:39,837 - INFO - fastread - 77, 1250
2019-01-25 13:52:39,841 - INFO - fastread - 77, 1260
2019-01-25 13:52:39,846 - INFO - fastread - 77, 1270
2019-01-25 13:52:39,850 - INFO - fastread - 77, 1280
2019-01-25 13:52:39,855 - INFO - fastread - 77, 1290
2019-01-25 13:52:39,859 - INFO - fastread - 77, 1300
2019-01-25 13:52:39,864 - INFO - fastread - 77, 1310
2019-01-25 13:52:39,869 - INFO - fastread - 77, 1320
2019-01-25 13:52:39,873 - INFO - fastread - 77, 1330
2019-01-25 13:52:39,878 - INFO - fastread - 77, 1340
2019-01-25 13:52:39,882 - INFO - fastread - 78, 1350
2019-01-25 13:52:39,887 - INFO - fastread - 78, 1360
2019-01-25 13:52:39,891 - INFO - fastread - 78, 1370
2019-01-25 13:52:39,896 - INFO - fastread - 78, 1380
2019-01-25 13:52:39,901 - INFO - fastread - 78, 1390
2019-01-25 13:52:39,905 - INFO - fastread - 79, 1400
2019-01-25 13:52:39,910 - INFO - fastread - 80, 1410
2019-01-25 13:52:39,915 - INFO - fastread - 80, 1420
2019-01-25 13:52:39,920 - INFO - fastread - 80, 1430
2019-01-25 13:52:39,924 - INFO - fastread - 80, 1440
2019-01-25 13:52:39,929 - INFO - fastread - 80, 1450
2019-01-25 13:52:39,934 - INFO - fastread - 80, 1460
2019-01-25 13:52:39,938 - INFO - fastread - 80, 1470
2019-01-25 13:52:39,943 - INFO - fastread - 81, 1480
2019-01-25 13:52:39,947 - INFO - fastread - 81, 1490
2019-01-25 13:52:39,952 - INFO - fastread - 81, 1500
2019-01-25 13:52:39,957 - INFO - fastread - 82, 1510
2019-01-25 13:52:39,961 - INFO - fastread - 82, 1520
2019-01-25 13:52:39,966 - INFO - fastread - 82, 1530
2019-01-25 13:52:39,971 - INFO - fastread - 82, 1540
2019-01-25 13:52:39,975 - INFO - fastread - 82, 1550
2019-01-25 13:52:39,980 - INFO - fastread - 82, 1560
2019-01-25 13:52:39,984 - INFO - fastread - 82, 1570
2019-01-25 13:52:39,989 - INFO - fastread - 83, 1580
2019-01-25 13:52:39,994 - INFO - fastread - 83, 1590
2019-01-25 13:52:39,998 - INFO - fastread - 84, 1600
2019-01-25 13:52:40,003 - INFO - fastread - 84, 1610
2019-01-25 13:52:40,007 - INFO - fastread - 86, 1620
2019-01-25 13:52:40,012 - INFO - fastread - 86, 1630
2019-01-25 13:52:40,017 - INFO - fastread - 86, 1640
2019-01-25 13:52:40,021 - INFO - fastread - 86, 1650
2019-01-25 13:52:40,026 - INFO - fastread - 86, 1660
2019-01-25 13:52:40,031 - INFO - fastread - 86, 1670
2019-01-25 13:52:40,035 - INFO - fastread - 86, 1680
2019-01-25 13:52:40,040 - INFO - fastread - 86, 1690
2019-01-25 13:52:40,045 - INFO - fastread - 87, 1700
2019-01-25 13:52:40,049 - INFO - fastread - 87, 1710
2019-01-25 13:52:40,054 - INFO - fastread - 87, 1720
2019-01-25 13:52:40,059 - INFO - fastread - 87, 1730
2019-01-25 13:52:40,063 - INFO - fastread - 87, 1740
2019-01-25 13:52:40,068 - INFO - fastread - 87, 1750
2019-01-25 13:52:40,072 - INFO - fastread - 87, 1760
2019-01-25 13:52:40,077 - INFO - fastread - 87, 1770
2019-01-25 13:52:40,082 - INFO - fastread - 87, 1780
2019-01-25 13:52:40,086 - INFO - fastread - 87, 1790
2019-01-25 13:52:40,091 - INFO - fastread - 88, 1800
2019-01-25 13:52:40,096 - INFO - fastread - 88, 1810
2019-01-25 13:52:40,100 - INFO - fastread - 88, 1820
2019-01-25 13:52:40,105 - INFO - fastread - 88, 1830
2019-01-25 13:52:40,110 - INFO - fastread - 89, 1840
2019-01-25 13:52:40,114 - INFO - fastread - 89, 1850
2019-01-25 13:52:40,119 - INFO - fastread - 89, 1860
2019-01-25 13:52:40,124 - INFO - fastread - 89, 1870
2019-01-25 13:52:40,128 - INFO - fastread - 90, 1880
2019-01-25 13:52:40,133 - INFO - fastread - 90, 1890
2019-01-25 13:52:40,138 - INFO - fastread - 90, 1900
2019-01-25 13:52:40,143 - INFO - fastread - 90, 1910
2019-01-25 13:52:40,147 - INFO - fastread - 90, 1920
2019-01-25 13:52:40,152 - INFO - fastread - 90, 1930
2019-01-25 13:52:40,157 - INFO - fastread - 90, 1940
2019-01-25 13:52:40,161 - INFO - fastread - 90, 1950
2019-01-25 13:52:40,166 - INFO - fastread - 90, 1960
2019-01-25 13:52:40,171 - INFO - fastread - 90, 1970
2019-01-25 13:52:40,175 - INFO - fastread - 90, 1980
2019-01-25 13:52:40,180 - INFO - fastread - 91, 1990
2019-01-25 13:52:40,185 - INFO - fastread - 91, 2000
2019-01-25 13:52:40,189 - INFO - fastread - 92, 2010
2019-01-25 13:52:40,194 - INFO - fastread - 92, 2020
2019-01-25 13:52:40,199 - INFO - fastread - 92, 2030
2019-01-25 13:52:40,204 - INFO - fastread - 93, 2040
2019-01-25 13:52:40,208 - INFO - fastread - 93, 2050
2019-01-25 13:52:40,213 - INFO - fastread - 93, 2060
2019-01-25 13:52:40,218 - INFO - fastread - 93, 2070
2019-01-25 13:52:40,222 - INFO - fastread - 93, 2080
2019-01-25 13:52:40,227 - INFO - fastread - 93, 2090
2019-01-25 13:52:40,232 - INFO - fastread - 93, 2100
2019-01-25 13:52:40,237 - INFO - fastread - 93, 2110
2019-01-25 13:52:40,241 - INFO - fastread - 93, 2120
2019-01-25 13:52:40,246 - INFO - fastread - 93, 2130
2019-01-25 13:52:40,251 - INFO - fastread - 94, 2140
2019-01-25 13:52:40,255 - INFO - fastread - 94, 2150
2019-01-25 13:52:40,260 - INFO - fastread - 94, 2160
2019-01-25 13:52:40,265 - INFO - fastread - 94, 2170
2019-01-25 13:52:40,270 - INFO - fastread - 94, 2180
2019-01-25 13:52:40,274 - INFO - fastread - 94, 2190
2019-01-25 13:52:40,279 - INFO - fastread - 94, 2200
2019-01-25 13:52:40,284 - INFO - fastread - 94, 2210
2019-01-25 13:52:40,289 - INFO - fastread - 94, 2220
2019-01-25 13:52:40,293 - INFO - fastread - 95, 2230
2019-01-25 13:52:40,298 - INFO - fastread - 95, 2240
2019-01-25 13:52:40,303 - INFO - fastread - 96, 2250
2019-01-25 13:52:40,308 - INFO - fastread - 96, 2260
2019-01-25 13:52:40,312 - INFO - fastread - 96, 2270
2019-01-25 13:52:40,317 - INFO - fastread - 97, 2280
2019-01-25 13:52:40,322 - INFO - fastread - 98, 2290
2019-01-25 13:52:40,327 - INFO - fastread - 98, 2300
2019-01-25 13:52:40,331 - INFO - fastread - 98, 2310
2019-01-25 13:52:40,336 - INFO - fastread - 98, 2320
2019-01-25 13:52:40,341 - INFO - fastread - 98, 2330
2019-01-25 13:52:40,346 - INFO - fastread - 98, 2340
2019-01-25 13:52:40,351 - INFO - fastread - 98, 2350
2019-01-25 13:52:40,356 - INFO - fastread - 98, 2360
2019-01-25 13:52:40,361 - INFO - fastread - 98, 2370
2019-01-25 13:52:40,365 - INFO - fastread - 98, 2380
2019-01-25 13:52:40,370 - INFO - fastread - 98, 2390
2019-01-25 13:52:40,375 - INFO - fastread - 98, 2400
2019-01-25 13:52:40,380 - INFO - fastread - 98, 2410
2019-01-25 13:52:40,385 - INFO - fastread - 98, 2420
2019-01-25 13:52:40,390 - INFO - fastread - 99, 2430
2019-01-25 13:52:40,395 - INFO - fastread - 99, 2440
2019-01-25 13:52:40,400 - INFO - fastread - 99, 2450
2019-01-25 13:52:40,404 - INFO - fastread - 99, 2460
2019-01-25 13:52:40,409 - INFO - fastread - 99, 2470
2019-01-25 13:52:40,414 - INFO - fastread - 99, 2480
2019-01-25 13:52:40,419 - INFO - fastread - 99, 2490
2019-01-25 13:52:40,424 - INFO - fastread - 99, 2500
2019-01-25 13:52:40,429 - INFO - fastread - 100, 2510
2019-01-25 13:52:40,434 - INFO - fastread - 100, 2520
2019-01-25 13:52:40,439 - INFO - fastread - 100, 2530
2019-01-25 13:52:40,443 - INFO - fastread - 100, 2540
2019-01-25 13:52:40,448 - INFO - fastread - 100, 2550
2019-01-25 13:52:40,453 - INFO - fastread - 102, 2560
2019-01-25 13:52:40,458 - INFO - fastread - 102, 2570
2019-01-25 13:52:40,463 - INFO - fastread - 102, 2580
2019-01-25 13:52:40,468 - INFO - fastread - 102, 2590
2019-01-25 13:52:40,473 - INFO - fastread - 102, 2600
2019-01-25 13:52:40,478 - INFO - fastread - 102, 2610
2019-01-25 13:52:40,483 - INFO - fastread - 102, 2620
2019-01-25 13:52:40,487 - INFO - fastread - 102, 2630
2019-01-25 13:52:40,492 - INFO - fastread - 102, 2640
2019-01-25 13:52:40,497 - INFO - fastread - 102, 2650
2019-01-25 13:52:40,502 - INFO - fastread - 102, 2660
2019-01-25 13:52:40,507 - INFO - fastread - 102, 2670
2019-01-25 13:52:40,511 - INFO - fastread - 102, 2680
2019-01-25 13:52:40,516 - INFO - fastread - 104, 2690
2019-01-25 13:52:40,521 - INFO - fastread - 104, 2700
2019-01-25 13:52:40,526 - INFO - fastread - 104, 2710
2019-01-25 13:52:40,531 - INFO - fastread - 104, 2720
2019-01-25 13:52:40,536 - INFO - fastread - 104, 2730
2019-01-25 13:52:40,540 - INFO - fastread - 106, 2740
2019-01-25 13:52:40,545 - INFO - fastread - 107, 2750
2019-01-25 13:52:40,550 - INFO - fastread - 107, 2760
2019-01-25 13:52:40,555 - INFO - fastread - 107, 2770
2019-01-25 13:52:40,560 - INFO - fastread - 107, 2780
2019-01-25 13:52:40,565 - INFO - fastread - 107, 2790
2019-01-25 13:52:40,570 - INFO - fastread - 108, 2800
2019-01-25 13:52:40,574 - INFO - fastread - 108, 2810
2019-01-25 13:52:40,579 - INFO - fastread - 108, 2820
2019-01-25 13:52:40,584 - INFO - fastread - 109, 2830
2019-01-25 13:52:40,589 - INFO - fastread - 109, 2840
2019-01-25 13:52:40,594 - INFO - fastread - 109, 2850
2019-01-25 13:52:40,599 - INFO - fastread - 110, 2860
2019-01-25 13:52:40,604 - INFO - fastread - 111, 2870
2019-01-25 13:52:40,608 - INFO - fastread - 111, 2880
2019-01-25 13:52:40,613 - INFO - fastread - 111, 2890
2019-01-25 13:52:40,618 - INFO - fastread - 111, 2900
2019-01-25 13:52:40,623 - INFO - fastread - 112, 2910
2019-01-25 13:52:40,628 - INFO - fastread - 112, 2920
2019-01-25 13:52:40,633 - INFO - fastread - 112, 2930
2019-01-25 13:52:40,638 - INFO - fastread - 113, 2940
2019-01-25 13:52:40,643 - INFO - fastread - 113, 2950
2019-01-25 13:52:40,647 - INFO - fastread - 113, 2960
2019-01-25 13:52:40,652 - INFO - fastread - 113, 2970
2019-01-25 13:52:40,657 - INFO - fastread - 114, 2980
2019-01-25 13:52:40,662 - INFO - fastread - 114, 2990
2019-01-25 13:52:40,667 - INFO - fastread - 114, 3000
2019-01-25 13:52:40,672 - INFO - fastread - 114, 3010
2019-01-25 13:52:40,677 - INFO - fastread - 114, 3020
2019-01-25 13:52:40,682 - INFO - fastread - 114, 3030
2019-01-25 13:52:40,687 - INFO - fastread - 114, 3040
2019-01-25 13:52:40,691 - INFO - fastread - 114, 3050
2019-01-25 13:52:40,696 - INFO - fastread - 115, 3060
2019-01-25 13:52:40,701 - INFO - fastread - 115, 3070
2019-01-25 13:52:40,706 - INFO - fastread - 115, 3080
2019-01-25 13:52:40,711 - INFO - fastread - 115, 3090
2019-01-25 13:52:40,716 - INFO - fastread - 115, 3100
2019-01-25 13:52:40,721 - INFO - fastread - 115, 3110
2019-01-25 13:52:40,726 - INFO - fastread - 115, 3120
2019-01-25 13:52:40,731 - INFO - fastread - 116, 3130
2019-01-25 13:52:40,736 - INFO - fastread - 116, 3140
2019-01-25 13:52:40,740 - INFO - fastread - 116, 3150
2019-01-25 13:52:40,745 - INFO - fastread - 116, 3160
2019-01-25 13:52:40,750 - INFO - fastread - 116, 3170
2019-01-25 13:52:40,755 - INFO - fastread - 116, 3180
2019-01-25 13:52:40,760 - INFO - fastread - 116, 3190
2019-01-25 13:52:40,765 - INFO - fastread - 116, 3200
2019-01-25 13:52:40,770 - INFO - fastread - 117, 3210
2019-01-25 13:52:40,775 - INFO - fastread - 117, 3220
2019-01-25 13:52:40,780 - INFO - fastread - 117, 3230
2019-01-25 13:52:40,785 - INFO - fastread - 117, 3240
2019-01-25 13:52:40,790 - INFO - fastread - 118, 3250
2019-01-25 13:52:40,795 - INFO - fastread - 119, 3260
2019-01-25 13:52:40,800 - INFO - fastread - 119, 3270
2019-01-25 13:52:40,805 - INFO - fastread - 120, 3280
2019-01-25 13:52:40,809 - INFO - fastread - 120, 3290
2019-01-25 13:52:40,814 - INFO - fastread - 121, 3300
2019-01-25 13:52:40,819 - INFO - fastread - 121, 3310
2019-01-25 13:52:40,824 - INFO - fastread - 121, 3320
2019-01-25 13:52:40,829 - INFO - fastread - 121, 3330
2019-01-25 13:52:40,834 - INFO - fastread - 121, 3340
2019-01-25 13:52:40,839 - INFO - fastread - 122, 3350
2019-01-25 13:52:40,844 - INFO - fastread - 122, 3360
2019-01-25 13:52:40,849 - INFO - fastread - 122, 3370
2019-01-25 13:52:40,854 - INFO - fastread - 122, 3380
2019-01-25 13:52:40,859 - INFO - fastread - 123, 3390
2019-01-25 13:52:40,864 - INFO - fastread - 123, 3400
2019-01-25 13:52:40,869 - INFO - fastread - 123, 3410
2019-01-25 13:52:40,874 - INFO - fastread - 123, 3420
2019-01-25 13:52:40,879 - INFO - fastread - 124, 3430
2019-01-25 13:52:40,884 - INFO - fastread - 124, 3440
2019-01-25 13:52:40,889 - INFO - fastread - 124, 3450
2019-01-25 13:52:40,894 - INFO - fastread - 124, 3460
2019-01-25 13:52:40,899 - INFO - fastread - 124, 3470
2019-01-25 13:52:40,903 - INFO - fastread - 124, 3480
2019-01-25 13:52:40,908 - INFO - fastread - 124, 3490
2019-01-25 13:52:40,913 - INFO - fastread - 124, 3500
2019-01-25 13:52:40,918 - INFO - fastread - 125, 3510
