2019-01-25 12:46:30,674 - INFO - rig - emf-2.4.1
2019-01-25 12:46:39,201 - INFO - rig - ++++NEW CLF++++ FASTREAD
2019-01-25 12:46:39,202 - INFO - fastread - Total Yes: 104 | Total No: 4285
2019-01-25 12:46:39,756 - INFO - fastread - 0, 0
2019-01-25 12:46:44,024 - INFO - fastread - 10, 23
2019-01-25 12:46:46,267 - INFO - fastread - 15, 33
2019-01-25 12:46:48,529 - INFO - fastread - 16, 43
2019-01-25 12:46:50,829 - INFO - fastread - 19, 53
2019-01-25 12:46:53,143 - INFO - fastread - 19, 63
2019-01-25 12:46:55,466 - INFO - fastread - 19, 73
2019-01-25 12:46:57,834 - INFO - fastread - 19, 83
2019-01-25 12:47:00,220 - INFO - fastread - 19, 93
2019-01-25 12:47:02,635 - INFO - fastread - 24, 103
2019-01-25 12:47:05,064 - INFO - fastread - 24, 113
2019-01-25 12:47:07,511 - INFO - fastread - 24, 123
2019-01-25 12:47:09,983 - INFO - fastread - 24, 133
2019-01-25 12:47:12,488 - INFO - fastread - 24, 143
2019-01-25 12:47:15,032 - INFO - fastread - 24, 153
2019-01-25 12:47:17,588 - INFO - fastread - 24, 163
2019-01-25 12:47:20,155 - INFO - fastread - 24, 173
2019-01-25 12:47:22,769 - INFO - fastread - 24, 183
2019-01-25 12:47:25,387 - INFO - fastread - 24, 193
2019-01-25 12:47:28,035 - INFO - fastread - 24, 203
2019-01-25 12:47:30,706 - INFO - fastread - 24, 213
2019-01-25 12:47:33,395 - INFO - fastread - 24, 223
2019-01-25 12:47:36,114 - INFO - fastread - 24, 233
2019-01-25 12:47:38,850 - INFO - fastread - 24, 243
2019-01-25 12:47:41,618 - INFO - fastread - 24, 253
2019-01-25 12:47:44,405 - INFO - fastread - 24, 263
2019-01-25 12:47:47,198 - INFO - fastread - 24, 273
2019-01-25 12:47:50,029 - INFO - fastread - 24, 283
2019-01-25 12:47:52,882 - INFO - fastread - 24, 293
2019-01-25 12:47:55,765 - INFO - fastread - 24, 303
2019-01-25 12:47:58,680 - INFO - fastread - 24, 313
2019-01-25 12:48:01,622 - INFO - fastread - 24, 323
2019-01-25 12:48:04,587 - INFO - fastread - 24, 333
2019-01-25 12:48:07,559 - INFO - fastread - 24, 343
2019-01-25 12:48:10,554 - INFO - fastread - 24, 353
2019-01-25 12:48:13,594 - INFO - fastread - 24, 363
2019-01-25 12:48:16,654 - INFO - fastread - 24, 373
2019-01-25 12:48:19,763 - INFO - fastread - 24, 383
2019-01-25 12:48:22,914 - INFO - fastread - 24, 393
2019-01-25 12:48:26,124 - INFO - fastread - 24, 403
2019-01-25 12:48:29,315 - INFO - fastread - 27, 413
2019-01-25 12:48:32,576 - INFO - fastread - 27, 423
2019-01-25 12:48:35,877 - INFO - fastread - 27, 433
2019-01-25 12:48:39,211 - INFO - fastread - 27, 443
2019-01-25 12:48:42,569 - INFO - fastread - 27, 453
2019-01-25 12:48:45,961 - INFO - fastread - 27, 463
2019-01-25 12:48:49,230 - INFO - fastread - 28, 473
2019-01-25 12:48:52,554 - INFO - fastread - 29, 483
2019-01-25 12:48:55,917 - INFO - fastread - 29, 493
2019-01-25 12:48:59,302 - INFO - fastread - 29, 503
2019-01-25 12:49:02,793 - INFO - fastread - 29, 513
2019-01-25 12:49:06,270 - INFO - fastread - 29, 523
2019-01-25 12:49:09,885 - INFO - fastread - 29, 533
2019-01-25 12:49:13,443 - INFO - fastread - 29, 543
2019-01-25 12:49:17,194 - INFO - fastread - 29, 553
2019-01-25 12:49:20,858 - INFO - fastread - 29, 563
2019-01-25 12:49:24,702 - INFO - fastread - 29, 573
2019-01-25 12:49:28,488 - INFO - fastread - 29, 583
2019-01-25 12:49:32,433 - INFO - fastread - 29, 593
2019-01-25 12:49:36,290 - INFO - fastread - 29, 603
2019-01-25 12:49:40,300 - INFO - fastread - 29, 613
2019-01-25 12:49:44,229 - INFO - fastread - 29, 623
2019-01-25 12:49:48,343 - INFO - fastread - 29, 633
2019-01-25 12:49:52,378 - INFO - fastread - 29, 643
2019-01-25 12:49:56,570 - INFO - fastread - 29, 653
2019-01-25 12:50:00,696 - INFO - fastread - 29, 663
2019-01-25 12:50:04,981 - INFO - fastread - 29, 673
2019-01-25 12:50:09,149 - INFO - fastread - 29, 683
2019-01-25 12:50:13,471 - INFO - fastread - 29, 693
2019-01-25 12:50:17,711 - INFO - fastread - 29, 703
2019-01-25 12:50:22,143 - INFO - fastread - 29, 713
2019-01-25 12:50:26,461 - INFO - fastread - 29, 723
2019-01-25 12:50:30,916 - INFO - fastread - 29, 733
2019-01-25 12:50:35,304 - INFO - fastread - 29, 743
2019-01-25 12:50:39,797 - INFO - fastread - 29, 753
2019-01-25 12:50:44,314 - INFO - fastread - 29, 763
2019-01-25 12:50:48,891 - INFO - fastread - 29, 773
2019-01-25 12:50:53,549 - INFO - fastread - 29, 783
2019-01-25 12:50:58,203 - INFO - fastread - 29, 793
2019-01-25 12:51:03,011 - INFO - fastread - 29, 803
2019-01-25 12:51:07,761 - INFO - fastread - 29, 813
2019-01-25 12:51:12,565 - INFO - fastread - 29, 823
2019-01-25 12:51:17,368 - INFO - fastread - 29, 833
2019-01-25 12:51:22,231 - INFO - fastread - 29, 843
2019-01-25 12:51:27,296 - INFO - fastread - 30, 853
2019-01-25 12:51:30,134 - INFO - fastread - 30, 863
2019-01-25 12:51:32,988 - INFO - fastread - 30, 873
2019-01-25 12:51:35,977 - INFO - fastread - 31, 883
2019-01-25 12:51:38,884 - INFO - fastread - 31, 893
2019-01-25 12:51:41,757 - INFO - fastread - 31, 903
2019-01-25 12:51:44,839 - INFO - fastread - 31, 913
2019-01-25 12:51:47,772 - INFO - fastread - 31, 923
2019-01-25 12:51:50,755 - INFO - fastread - 32, 933
2019-01-25 12:51:53,939 - INFO - fastread - 33, 943
2019-01-25 12:51:56,932 - INFO - fastread - 33, 953
2019-01-25 12:51:59,939 - INFO - fastread - 34, 963
2019-01-25 12:52:03,111 - INFO - fastread - 34, 973
2019-01-25 12:52:06,181 - INFO - fastread - 34, 983
2019-01-25 12:52:09,269 - INFO - fastread - 34, 993
2019-01-25 12:52:12,451 - INFO - fastread - 35, 1003
2019-01-25 12:52:15,609 - INFO - fastread - 35, 1013
2019-01-25 12:52:18,850 - INFO - fastread - 35, 1023
2019-01-25 12:52:22,078 - INFO - fastread - 36, 1033
2019-01-25 12:52:25,333 - INFO - fastread - 36, 1043
2019-01-25 12:52:28,754 - INFO - fastread - 37, 1053
2019-01-25 12:52:32,061 - INFO - fastread - 37, 1063
2019-01-25 12:52:35,747 - INFO - fastread - 37, 1073
2019-01-25 12:52:39,139 - INFO - fastread - 37, 1083
2019-01-25 12:52:42,518 - INFO - fastread - 37, 1093
2019-01-25 12:52:46,028 - INFO - fastread - 37, 1103
2019-01-25 12:52:49,429 - INFO - fastread - 37, 1113
2019-01-25 12:52:52,853 - INFO - fastread - 37, 1123
2019-01-25 12:52:56,414 - INFO - fastread - 37, 1133
2019-01-25 12:52:59,872 - INFO - fastread - 37, 1143
2019-01-25 12:53:03,384 - INFO - fastread - 37, 1153
2019-01-25 12:53:06,962 - INFO - fastread - 37, 1163
2019-01-25 12:53:10,495 - INFO - fastread - 37, 1173
2019-01-25 12:53:14,190 - INFO - fastread - 37, 1183
2019-01-25 12:53:17,741 - INFO - fastread - 37, 1193
2019-01-25 12:53:21,330 - INFO - fastread - 37, 1203
2019-01-25 12:53:24,943 - INFO - fastread - 37, 1213
2019-01-25 12:53:28,561 - INFO - fastread - 37, 1223
2019-01-25 12:53:32,370 - INFO - fastread - 37, 1233
2019-01-25 12:53:36,097 - INFO - fastread - 37, 1243
2019-01-25 12:53:39,786 - INFO - fastread - 37, 1253
2019-01-25 12:53:43,542 - INFO - fastread - 37, 1263
2019-01-25 12:53:47,257 - INFO - fastread - 37, 1273
2019-01-25 12:53:51,188 - INFO - fastread - 37, 1283
2019-01-25 12:53:54,964 - INFO - fastread - 37, 1293
2019-01-25 12:53:58,751 - INFO - fastread - 37, 1303
2019-01-25 12:54:02,631 - INFO - fastread - 38, 1313
2019-01-25 12:54:06,484 - INFO - fastread - 38, 1323
2019-01-25 12:54:10,482 - INFO - fastread - 38, 1333
2019-01-25 12:54:14,366 - INFO - fastread - 38, 1343
2019-01-25 12:54:18,407 - INFO - fastread - 38, 1353
2019-01-25 12:54:22,399 - INFO - fastread - 38, 1363
2019-01-25 12:54:26,389 - INFO - fastread - 38, 1373
2019-01-25 12:54:30,446 - INFO - fastread - 38, 1383
2019-01-25 12:54:34,514 - INFO - fastread - 38, 1393
2019-01-25 12:54:38,714 - INFO - fastread - 38, 1403
2019-01-25 12:54:42,762 - INFO - fastread - 38, 1413
2019-01-25 12:54:46,944 - INFO - fastread - 38, 1423
2019-01-25 12:54:51,099 - INFO - fastread - 38, 1433
2019-01-25 12:54:55,274 - INFO - fastread - 38, 1443
2019-01-25 12:54:59,447 - INFO - fastread - 38, 1453
2019-01-25 12:55:03,666 - INFO - fastread - 38, 1463
2019-01-25 12:55:07,990 - INFO - fastread - 38, 1473
2019-01-25 12:55:12,272 - INFO - fastread - 38, 1483
2019-01-25 12:55:16,743 - INFO - fastread - 38, 1493
2019-01-25 12:55:21,085 - INFO - fastread - 38, 1503
2019-01-25 12:55:25,485 - INFO - fastread - 38, 1513
2019-01-25 12:55:29,862 - INFO - fastread - 38, 1523
2019-01-25 12:55:34,278 - INFO - fastread - 38, 1533
2019-01-25 12:55:38,781 - INFO - fastread - 38, 1543
2019-01-25 12:55:43,214 - INFO - fastread - 38, 1553
2019-01-25 12:55:47,674 - INFO - fastread - 38, 1563
2019-01-25 12:55:52,156 - INFO - fastread - 38, 1573
2019-01-25 12:55:56,657 - INFO - fastread - 38, 1583
2019-01-25 12:56:01,221 - INFO - fastread - 39, 1593
2019-01-25 12:56:05,795 - INFO - fastread - 39, 1603
2019-01-25 12:56:10,367 - INFO - fastread - 39, 1613
2019-01-25 12:56:15,018 - INFO - fastread - 39, 1623
2019-01-25 12:56:19,642 - INFO - fastread - 39, 1633
2019-01-25 12:56:24,420 - INFO - fastread - 39, 1643
2019-01-25 12:56:29,140 - INFO - fastread - 39, 1653
2019-01-25 12:56:33,929 - INFO - fastread - 39, 1663
2019-01-25 12:56:38,660 - INFO - fastread - 39, 1673
2019-01-25 12:56:43,471 - INFO - fastread - 39, 1683
2019-01-25 12:56:48,252 - INFO - fastread - 41, 1693
2019-01-25 12:56:53,045 - INFO - fastread - 41, 1703
2019-01-25 12:56:57,838 - INFO - fastread - 41, 1713
2019-01-25 12:57:02,681 - INFO - fastread - 41, 1723
2019-01-25 12:57:07,521 - INFO - fastread - 41, 1733
2019-01-25 12:57:12,410 - INFO - fastread - 41, 1743
2019-01-25 12:57:17,262 - INFO - fastread - 41, 1753
2019-01-25 12:57:22,192 - INFO - fastread - 41, 1763
2019-01-25 12:57:27,153 - INFO - fastread - 41, 1773
2019-01-25 12:57:32,144 - INFO - fastread - 41, 1783
2019-01-25 12:57:37,128 - INFO - fastread - 41, 1793
2019-01-25 12:57:42,185 - INFO - fastread - 41, 1803
2019-01-25 12:57:47,214 - INFO - fastread - 41, 1813
2019-01-25 12:57:52,238 - INFO - fastread - 41, 1823
2019-01-25 12:57:57,373 - INFO - fastread - 41, 1833
2019-01-25 12:58:02,513 - INFO - fastread - 41, 1843
2019-01-25 12:58:07,773 - INFO - fastread - 41, 1853
2019-01-25 12:58:13,010 - INFO - fastread - 41, 1863
2019-01-25 12:58:18,324 - INFO - fastread - 42, 1873
2019-01-25 12:58:23,580 - INFO - fastread - 42, 1883
2019-01-25 12:58:28,930 - INFO - fastread - 42, 1893
2019-01-25 12:58:34,231 - INFO - fastread - 42, 1903
2019-01-25 12:58:40,853 - INFO - fastread - 42, 1913
2019-01-25 12:58:46,307 - INFO - fastread - 42, 1923
2019-01-25 12:58:51,740 - INFO - fastread - 42, 1933
2019-01-25 12:58:57,294 - INFO - fastread - 42, 1943
2019-01-25 12:59:02,811 - INFO - fastread - 42, 1953
2019-01-25 12:59:08,334 - INFO - fastread - 42, 1963
2019-01-25 12:59:13,906 - INFO - fastread - 42, 1973
2019-01-25 12:59:19,471 - INFO - fastread - 42, 1983
2019-01-25 12:59:25,069 - INFO - fastread - 42, 1993
2019-01-25 12:59:30,691 - INFO - fastread - 42, 2003
2019-01-25 12:59:36,449 - INFO - fastread - 42, 2013
2019-01-25 12:59:42,171 - INFO - fastread - 42, 2023
2019-01-25 12:59:47,949 - INFO - fastread - 42, 2033
2019-01-25 12:59:53,647 - INFO - fastread - 42, 2043
2019-01-25 12:59:59,433 - INFO - fastread - 42, 2053
2019-01-25 13:00:05,203 - INFO - fastread - 42, 2063
2019-01-25 13:00:11,066 - INFO - fastread - 42, 2073
2019-01-25 13:00:17,043 - INFO - fastread - 42, 2083
2019-01-25 13:00:22,961 - INFO - fastread - 42, 2093
2019-01-25 13:00:28,965 - INFO - fastread - 42, 2103
2019-01-25 13:00:34,954 - INFO - fastread - 42, 2113
2019-01-25 13:00:41,034 - INFO - fastread - 42, 2123
2019-01-25 13:00:47,171 - INFO - fastread - 42, 2133
2019-01-25 13:00:53,279 - INFO - fastread - 42, 2143
2019-01-25 13:00:59,559 - INFO - fastread - 42, 2153
2019-01-25 13:01:05,736 - INFO - fastread - 42, 2163
2019-01-25 13:01:11,981 - INFO - fastread - 42, 2173
2019-01-25 13:01:18,358 - INFO - fastread - 42, 2183
2019-01-25 13:01:24,655 - INFO - fastread - 42, 2193
2019-01-25 13:01:31,052 - INFO - fastread - 42, 2203
2019-01-25 13:01:37,426 - INFO - fastread - 42, 2213
2019-01-25 13:01:43,825 - INFO - fastread - 43, 2223
2019-01-25 13:01:50,425 - INFO - fastread - 43, 2233
2019-01-25 13:01:56,905 - INFO - fastread - 43, 2243
2019-01-25 13:02:03,448 - INFO - fastread - 43, 2253
2019-01-25 13:02:10,079 - INFO - fastread - 43, 2263
2019-01-25 13:02:16,744 - INFO - fastread - 43, 2273
2019-01-25 13:02:23,428 - INFO - fastread - 43, 2283
2019-01-25 13:02:30,100 - INFO - fastread - 45, 2293
2019-01-25 13:02:36,863 - INFO - fastread - 45, 2303
2019-01-25 13:02:43,796 - INFO - fastread - 45, 2313
2019-01-25 13:02:50,626 - INFO - fastread - 45, 2323
2019-01-25 13:02:57,461 - INFO - fastread - 45, 2333
2019-01-25 13:03:04,535 - INFO - fastread - 45, 2343
2019-01-25 13:03:11,476 - INFO - fastread - 45, 2353
2019-01-25 13:03:19,814 - INFO - fastread - 45, 2363
2019-01-25 13:03:27,038 - INFO - fastread - 45, 2373
2019-01-25 13:03:34,161 - INFO - fastread - 45, 2383
2019-01-25 13:03:41,333 - INFO - fastread - 45, 2393
2019-01-25 13:03:48,588 - INFO - fastread - 45, 2403
2019-01-25 13:03:55,861 - INFO - fastread - 45, 2413
2019-01-25 13:04:03,162 - INFO - fastread - 45, 2423
2019-01-25 13:04:10,658 - INFO - fastread - 45, 2433
2019-01-25 13:04:18,030 - INFO - fastread - 45, 2443
2019-01-25 13:04:25,433 - INFO - fastread - 45, 2453
2019-01-25 13:04:33,000 - INFO - fastread - 45, 2463
2019-01-25 13:04:40,481 - INFO - fastread - 45, 2473
2019-01-25 13:04:48,017 - INFO - fastread - 46, 2483
2019-01-25 13:04:55,689 - INFO - fastread - 46, 2493
2019-01-25 13:05:03,379 - INFO - fastread - 46, 2503
2019-01-25 13:05:11,082 - INFO - fastread - 46, 2513
2019-01-25 13:05:18,904 - INFO - fastread - 47, 2523
2019-01-25 13:05:26,830 - INFO - fastread - 47, 2533
2019-01-25 13:05:34,695 - INFO - fastread - 47, 2543
2019-01-25 13:05:42,561 - INFO - fastread - 47, 2553
2019-01-25 13:05:50,663 - INFO - fastread - 47, 2563
2019-01-25 13:05:58,645 - INFO - fastread - 47, 2573
2019-01-25 13:06:06,817 - INFO - fastread - 47, 2583
2019-01-25 13:06:15,087 - INFO - fastread - 47, 2593
2019-01-25 13:06:23,495 - INFO - fastread - 47, 2603
2019-01-25 13:06:31,816 - INFO - fastread - 47, 2613
2019-01-25 13:06:40,174 - INFO - fastread - 47, 2623
2019-01-25 13:06:48,508 - INFO - fastread - 47, 2633
2019-01-25 13:06:56,969 - INFO - fastread - 47, 2643
2019-01-25 13:07:05,528 - INFO - fastread - 47, 2653
2019-01-25 13:07:14,100 - INFO - fastread - 47, 2663
2019-01-25 13:07:22,804 - INFO - fastread - 47, 2673
2019-01-25 13:07:31,528 - INFO - fastread - 47, 2683
2019-01-25 13:07:40,237 - INFO - fastread - 47, 2693
2019-01-25 13:07:48,971 - INFO - fastread - 47, 2703
2019-01-25 13:07:57,813 - INFO - fastread - 47, 2713
2019-01-25 13:08:06,716 - INFO - fastread - 47, 2723
2019-01-25 13:08:15,662 - INFO - fastread - 48, 2733
2019-01-25 13:08:24,679 - INFO - fastread - 48, 2743
2019-01-25 13:08:33,786 - INFO - fastread - 48, 2753
2019-01-25 13:08:42,975 - INFO - fastread - 48, 2763
2019-01-25 13:08:52,188 - INFO - fastread - 48, 2773
2019-01-25 13:09:01,350 - INFO - fastread - 48, 2783
2019-01-25 13:09:10,735 - INFO - fastread - 49, 2793
2019-01-25 13:09:20,184 - INFO - fastread - 51, 2803
2019-01-25 13:09:29,603 - INFO - fastread - 51, 2813
2019-01-25 13:09:39,062 - INFO - fastread - 51, 2823
2019-01-25 13:09:48,663 - INFO - fastread - 51, 2833
2019-01-25 13:09:58,235 - INFO - fastread - 51, 2843
2019-01-25 13:10:07,970 - INFO - fastread - 51, 2853
2019-01-25 13:10:17,705 - INFO - fastread - 51, 2863
2019-01-25 13:10:27,479 - INFO - fastread - 51, 2873
2019-01-25 13:10:37,256 - INFO - fastread - 52, 2883
2019-01-25 13:10:47,083 - INFO - fastread - 52, 2893
2019-01-25 13:10:56,998 - INFO - fastread - 52, 2903
2019-01-25 13:11:07,841 - INFO - fastread - 52, 2913
2019-01-25 13:11:17,772 - INFO - fastread - 52, 2923
2019-01-25 13:11:27,908 - INFO - fastread - 52, 2933
2019-01-25 13:11:37,952 - INFO - fastread - 52, 2943
2019-01-25 13:11:48,147 - INFO - fastread - 52, 2953
2019-01-25 13:11:58,379 - INFO - fastread - 52, 2963
2019-01-25 13:12:08,617 - INFO - fastread - 52, 2973
2019-01-25 13:12:18,957 - INFO - fastread - 52, 2983
2019-01-25 13:12:29,296 - INFO - fastread - 52, 2993
2019-01-25 13:12:39,893 - INFO - fastread - 52, 3003
2019-01-25 13:12:50,375 - INFO - fastread - 52, 3013
2019-01-25 13:13:00,980 - INFO - fastread - 52, 3023
2019-01-25 13:13:11,573 - INFO - fastread - 52, 3033
2019-01-25 13:13:22,278 - INFO - fastread - 52, 3043
2019-01-25 13:13:33,007 - INFO - fastread - 52, 3053
2019-01-25 13:13:43,913 - INFO - fastread - 53, 3063
2019-01-25 13:13:54,605 - INFO - fastread - 53, 3073
2019-01-25 13:14:05,499 - INFO - fastread - 55, 3083
2019-01-25 13:14:16,541 - INFO - fastread - 55, 3093
2019-01-25 13:14:27,532 - INFO - fastread - 55, 3103
2019-01-25 13:14:38,738 - INFO - fastread - 55, 3113
2019-01-25 13:14:50,017 - INFO - fastread - 56, 3123
2019-01-25 13:15:01,347 - INFO - fastread - 56, 3133
2019-01-25 13:15:12,801 - INFO - fastread - 56, 3143
2019-01-25 13:15:24,124 - INFO - fastread - 58, 3153
2019-01-25 13:15:35,608 - INFO - fastread - 58, 3163
2019-01-25 13:15:47,236 - INFO - fastread - 58, 3173
2019-01-25 13:15:58,964 - INFO - fastread - 58, 3183
2019-01-25 13:16:10,581 - INFO - fastread - 58, 3193
2019-01-25 13:16:22,346 - INFO - fastread - 58, 3203
2019-01-25 13:16:34,219 - INFO - fastread - 58, 3213
2019-01-25 13:16:46,123 - INFO - fastread - 58, 3223
2019-01-25 13:16:58,022 - INFO - fastread - 58, 3233
2019-01-25 13:17:09,928 - INFO - fastread - 58, 3243
2019-01-25 13:17:21,997 - INFO - fastread - 58, 3253
2019-01-25 13:17:34,325 - INFO - fastread - 58, 3263
2019-01-25 13:17:46,566 - INFO - fastread - 58, 3273
2019-01-25 13:17:58,654 - INFO - fastread - 58, 3283
2019-01-25 13:18:10,991 - INFO - fastread - 58, 3293
2019-01-25 13:18:23,452 - INFO - fastread - 58, 3303
2019-01-25 13:18:35,928 - INFO - fastread - 58, 3313
2019-01-25 13:18:48,515 - INFO - fastread - 59, 3323
2019-01-25 13:19:01,141 - INFO - fastread - 59, 3333
2019-01-25 13:19:14,035 - INFO - fastread - 59, 3343
2019-01-25 13:19:27,060 - INFO - fastread - 59, 3353
2019-01-25 13:19:39,903 - INFO - fastread - 59, 3363
2019-01-25 13:19:52,849 - INFO - fastread - 59, 3373
2019-01-25 13:20:05,905 - INFO - fastread - 59, 3383
2019-01-25 13:20:19,018 - INFO - fastread - 59, 3393
2019-01-25 13:20:32,099 - INFO - fastread - 59, 3403
2019-01-25 13:20:45,397 - INFO - fastread - 59, 3413
2019-01-25 13:20:58,791 - INFO - fastread - 59, 3423
2019-01-25 13:21:12,325 - INFO - fastread - 59, 3433
2019-01-25 13:21:25,929 - INFO - fastread - 59, 3443
2019-01-25 13:21:39,596 - INFO - fastread - 59, 3453
2019-01-25 13:21:53,371 - INFO - fastread - 59, 3463
2019-01-25 13:22:07,127 - INFO - fastread - 59, 3473
2019-01-25 13:22:21,031 - INFO - fastread - 59, 3483
2019-01-25 13:22:35,049 - INFO - fastread - 59, 3493
2019-01-25 13:22:48,992 - INFO - fastread - 59, 3503
2019-01-25 13:23:03,098 - INFO - fastread - 59, 3513
2019-01-25 13:23:17,359 - INFO - fastread - 59, 3523
2019-01-25 13:23:31,546 - INFO - fastread - 59, 3533
2019-01-25 13:23:45,976 - INFO - fastread - 59, 3543
2019-01-25 13:24:00,460 - INFO - fastread - 60, 3553
2019-01-25 13:24:14,997 - INFO - fastread - 60, 3563
2019-01-25 13:24:29,517 - INFO - fastread - 60, 3573
2019-01-25 13:24:44,184 - INFO - fastread - 61, 3583
2019-01-25 13:24:59,021 - INFO - fastread - 62, 3593
2019-01-25 13:25:13,973 - INFO - fastread - 62, 3603
2019-01-25 13:25:28,820 - INFO - fastread - 62, 3613
2019-01-25 13:25:43,863 - INFO - fastread - 62, 3623
2019-01-25 13:25:58,974 - INFO - fastread - 62, 3633
2019-01-25 13:26:14,133 - INFO - fastread - 63, 3643
2019-01-25 13:26:29,347 - INFO - fastread - 63, 3653
2019-01-25 13:26:44,678 - INFO - fastread - 63, 3663
2019-01-25 13:27:00,100 - INFO - fastread - 63, 3673
2019-01-25 13:27:15,503 - INFO - fastread - 64, 3683
2019-01-25 13:27:31,123 - INFO - fastread - 65, 3693
2019-01-25 13:27:46,873 - INFO - fastread - 65, 3703
2019-01-25 13:28:02,495 - INFO - fastread - 65, 3713
2019-01-25 13:28:18,294 - INFO - fastread - 65, 3723
2019-01-25 13:28:34,040 - INFO - fastread - 65, 3733
2019-01-25 13:28:50,272 - INFO - fastread - 65, 3743
2019-01-25 13:29:06,542 - INFO - fastread - 66, 3753
2019-01-25 13:29:22,617 - INFO - fastread - 67, 3763
2019-01-25 13:29:38,826 - INFO - fastread - 67, 3773
2019-01-25 13:29:55,273 - INFO - fastread - 67, 3783
2019-01-25 13:30:11,803 - INFO - fastread - 67, 3793
2019-01-25 13:30:28,369 - INFO - fastread - 67, 3803
2019-01-25 13:30:45,147 - INFO - fastread - 67, 3813
2019-01-25 13:31:01,956 - INFO - fastread - 67, 3823
2019-01-25 13:31:19,036 - INFO - fastread - 67, 3833
2019-01-25 13:31:35,956 - INFO - fastread - 67, 3843
2019-01-25 13:31:53,232 - INFO - fastread - 67, 3853
2019-01-25 13:32:10,341 - INFO - fastread - 67, 3863
2019-01-25 13:32:27,640 - INFO - fastread - 67, 3873
2019-01-25 13:32:45,239 - INFO - fastread - 67, 3883
2019-01-25 13:33:02,801 - INFO - fastread - 67, 3893
2019-01-25 13:33:20,475 - INFO - fastread - 67, 3903
2019-01-25 13:33:38,325 - INFO - fastread - 67, 3913
2019-01-25 13:33:55,901 - INFO - fastread - 68, 3923
2019-01-25 13:34:13,941 - INFO - fastread - 68, 3933
2019-01-25 13:34:32,187 - INFO - fastread - 68, 3943
2019-01-25 13:34:50,401 - INFO - fastread - 69, 3953
2019-01-25 13:35:08,713 - INFO - fastread - 69, 3963
2019-01-25 13:35:27,209 - INFO - fastread - 71, 3973
2019-01-25 13:35:45,795 - INFO - fastread - 71, 3983
2019-01-25 13:36:04,516 - INFO - fastread - 72, 3993
2019-01-25 13:36:23,466 - INFO - fastread - 72, 4003
2019-01-25 13:36:42,256 - INFO - fastread - 72, 4013
2019-01-25 13:37:01,073 - INFO - fastread - 73, 4023
2019-01-25 13:37:20,165 - INFO - fastread - 73, 4033
2019-01-25 13:37:39,335 - INFO - fastread - 73, 4043
2019-01-25 13:37:58,670 - INFO - fastread - 74, 4053
2019-01-25 13:38:17,722 - INFO - fastread - 74, 4063
2019-01-25 13:38:37,159 - INFO - fastread - 75, 4073
2019-01-25 13:38:56,800 - INFO - fastread - 75, 4083
2019-01-25 13:39:16,610 - INFO - fastread - 75, 4093
2019-01-25 13:39:36,439 - INFO - fastread - 75, 4103
2019-01-25 13:39:56,349 - INFO - fastread - 76, 4113
2019-01-25 13:40:16,417 - INFO - fastread - 77, 4123
2019-01-25 13:40:36,560 - INFO - fastread - 77, 4133
2019-01-25 13:40:57,055 - INFO - fastread - 78, 4143
2019-01-25 13:41:17,553 - INFO - fastread - 78, 4153
2019-01-25 13:41:38,234 - INFO - fastread - 78, 4163
2019-01-25 13:41:58,862 - INFO - fastread - 79, 4173
2019-01-25 13:42:19,746 - INFO - fastread - 79, 4183
2019-01-25 13:42:40,751 - INFO - fastread - 81, 4193
2019-01-25 13:43:01,591 - INFO - fastread - 82, 4203
2019-01-25 13:43:22,720 - INFO - fastread - 82, 4213
2019-01-25 13:43:44,069 - INFO - fastread - 84, 4223
2019-01-25 13:44:05,389 - INFO - fastread - 86, 4233
2019-01-25 13:44:26,938 - INFO - fastread - 86, 4243
2019-01-25 13:44:48,710 - INFO - fastread - 86, 4253
2019-01-25 13:45:10,414 - INFO - fastread - 86, 4263
2019-01-25 13:45:32,237 - INFO - fastread - 86, 4273
2019-01-25 13:45:54,091 - INFO - fastread - 87, 4283
2019-01-25 13:46:16,159 - INFO - fastread - 89, 4293
2019-01-25 13:46:38,349 - INFO - fastread - 92, 4303
2019-01-25 13:47:00,469 - INFO - fastread - 94, 4313
2019-01-25 13:47:22,578 - INFO - fastread - 94, 4323
2019-01-25 13:47:44,756 - INFO - fastread - 94, 4333
2019-01-25 13:48:06,901 - INFO - fastread - 95, 4343
2019-01-25 13:48:29,042 - INFO - fastread - 98, 4353
2019-01-25 13:48:49,619 - INFO - rig - ++++NEW CLF++++ NBM
2019-01-25 13:48:49,620 - INFO - fastread - Total Yes: 104 | Total No: 4285
2019-01-25 13:48:49,737 - INFO - fastread - 5, 10
2019-01-25 13:48:49,741 - INFO - fastread - 9, 20
2019-01-25 13:48:49,746 - INFO - fastread - 11, 30
2019-01-25 13:48:49,750 - INFO - fastread - 17, 40
2019-01-25 13:48:49,754 - INFO - fastread - 24, 50
2019-01-25 13:48:49,759 - INFO - fastread - 27, 60
2019-01-25 13:48:49,763 - INFO - fastread - 28, 70
2019-01-25 13:48:49,767 - INFO - fastread - 31, 80
2019-01-25 13:48:49,772 - INFO - fastread - 32, 90
2019-01-25 13:48:49,776 - INFO - fastread - 34, 100
2019-01-25 13:48:49,780 - INFO - fastread - 34, 110
2019-01-25 13:48:49,785 - INFO - fastread - 35, 120
2019-01-25 13:48:49,789 - INFO - fastread - 36, 130
2019-01-25 13:48:49,794 - INFO - fastread - 37, 140
2019-01-25 13:48:49,798 - INFO - fastread - 38, 150
2019-01-25 13:48:49,802 - INFO - fastread - 41, 160
2019-01-25 13:48:49,807 - INFO - fastread - 42, 170
2019-01-25 13:48:49,811 - INFO - fastread - 43, 180
2019-01-25 13:48:49,816 - INFO - fastread - 44, 190
2019-01-25 13:48:49,820 - INFO - fastread - 44, 200
2019-01-25 13:48:49,824 - INFO - fastread - 49, 210
2019-01-25 13:48:49,829 - INFO - fastread - 49, 220
2019-01-25 13:48:49,833 - INFO - fastread - 49, 230
2019-01-25 13:48:49,837 - INFO - fastread - 50, 240
2019-01-25 13:48:49,842 - INFO - fastread - 50, 250
2019-01-25 13:48:49,846 - INFO - fastread - 51, 260
2019-01-25 13:48:49,851 - INFO - fastread - 51, 270
2019-01-25 13:48:49,855 - INFO - fastread - 51, 280
2019-01-25 13:48:49,860 - INFO - fastread - 52, 290
2019-01-25 13:48:49,864 - INFO - fastread - 54, 300
2019-01-25 13:48:49,868 - INFO - fastread - 55, 310
2019-01-25 13:48:49,873 - INFO - fastread - 55, 320
2019-01-25 13:48:49,877 - INFO - fastread - 55, 330
2019-01-25 13:48:49,882 - INFO - fastread - 55, 340
2019-01-25 13:48:49,886 - INFO - fastread - 55, 350
2019-01-25 13:48:49,890 - INFO - fastread - 55, 360
2019-01-25 13:48:49,895 - INFO - fastread - 55, 370
2019-01-25 13:48:49,899 - INFO - fastread - 55, 380
2019-01-25 13:48:49,904 - INFO - fastread - 55, 390
2019-01-25 13:48:49,908 - INFO - fastread - 55, 400
2019-01-25 13:48:49,913 - INFO - fastread - 55, 410
2019-01-25 13:48:49,917 - INFO - fastread - 55, 420
2019-01-25 13:48:49,921 - INFO - fastread - 55, 430
2019-01-25 13:48:49,926 - INFO - fastread - 55, 440
2019-01-25 13:48:49,930 - INFO - fastread - 55, 450
2019-01-25 13:48:49,935 - INFO - fastread - 55, 460
2019-01-25 13:48:49,939 - INFO - fastread - 55, 470
2019-01-25 13:48:49,944 - INFO - fastread - 55, 480
2019-01-25 13:48:49,948 - INFO - fastread - 55, 490
2019-01-25 13:48:49,952 - INFO - fastread - 55, 500
2019-01-25 13:48:49,957 - INFO - fastread - 55, 510
2019-01-25 13:48:49,961 - INFO - fastread - 55, 520
2019-01-25 13:48:49,966 - INFO - fastread - 55, 530
2019-01-25 13:48:49,970 - INFO - fastread - 55, 540
2019-01-25 13:48:49,975 - INFO - fastread - 55, 550
2019-01-25 13:48:49,979 - INFO - fastread - 55, 560
2019-01-25 13:48:49,984 - INFO - fastread - 55, 570
2019-01-25 13:48:49,988 - INFO - fastread - 55, 580
2019-01-25 13:48:49,993 - INFO - fastread - 55, 590
2019-01-25 13:48:49,997 - INFO - fastread - 55, 600
2019-01-25 13:48:50,001 - INFO - fastread - 55, 610
2019-01-25 13:48:50,006 - INFO - fastread - 55, 620
2019-01-25 13:48:50,010 - INFO - fastread - 55, 630
2019-01-25 13:48:50,015 - INFO - fastread - 55, 640
2019-01-25 13:48:50,019 - INFO - fastread - 55, 650
2019-01-25 13:48:50,024 - INFO - fastread - 55, 660
2019-01-25 13:48:50,028 - INFO - fastread - 55, 670
2019-01-25 13:48:50,033 - INFO - fastread - 55, 680
2019-01-25 13:48:50,037 - INFO - fastread - 55, 690
2019-01-25 13:48:50,042 - INFO - fastread - 55, 700
2019-01-25 13:48:50,046 - INFO - fastread - 56, 710
2019-01-25 13:48:50,051 - INFO - fastread - 56, 720
2019-01-25 13:48:50,055 - INFO - fastread - 56, 730
2019-01-25 13:48:50,060 - INFO - fastread - 60, 740
2019-01-25 13:48:50,064 - INFO - fastread - 60, 750
2019-01-25 13:48:50,069 - INFO - fastread - 60, 760
2019-01-25 13:48:50,073 - INFO - fastread - 60, 770
2019-01-25 13:48:50,078 - INFO - fastread - 61, 780
2019-01-25 13:48:50,082 - INFO - fastread - 63, 790
2019-01-25 13:48:50,087 - INFO - fastread - 63, 800
2019-01-25 13:48:50,091 - INFO - fastread - 63, 810
2019-01-25 13:48:50,096 - INFO - fastread - 63, 820
2019-01-25 13:48:50,100 - INFO - fastread - 64, 830
2019-01-25 13:48:50,105 - INFO - fastread - 64, 840
2019-01-25 13:48:50,109 - INFO - fastread - 66, 850
2019-01-25 13:48:50,114 - INFO - fastread - 66, 860
2019-01-25 13:48:50,118 - INFO - fastread - 66, 870
2019-01-25 13:48:50,123 - INFO - fastread - 66, 880
2019-01-25 13:48:50,127 - INFO - fastread - 66, 890
2019-01-25 13:48:50,132 - INFO - fastread - 66, 900
2019-01-25 13:48:50,136 - INFO - fastread - 66, 910
2019-01-25 13:48:50,141 - INFO - fastread - 66, 920
2019-01-25 13:48:50,145 - INFO - fastread - 66, 930
2019-01-25 13:48:50,150 - INFO - fastread - 66, 940
2019-01-25 13:48:50,154 - INFO - fastread - 66, 950
2019-01-25 13:48:50,159 - INFO - fastread - 69, 960
2019-01-25 13:48:50,163 - INFO - fastread - 69, 970
2019-01-25 13:48:50,168 - INFO - fastread - 69, 980
2019-01-25 13:48:50,173 - INFO - fastread - 69, 990
2019-01-25 13:48:50,177 - INFO - fastread - 69, 1000
2019-01-25 13:48:50,182 - INFO - fastread - 69, 1010
2019-01-25 13:48:50,186 - INFO - fastread - 70, 1020
2019-01-25 13:48:50,191 - INFO - fastread - 70, 1030
2019-01-25 13:48:50,195 - INFO - fastread - 70, 1040
2019-01-25 13:48:50,200 - INFO - fastread - 70, 1050
2019-01-25 13:48:50,204 - INFO - fastread - 70, 1060
2019-01-25 13:48:50,209 - INFO - fastread - 71, 1070
2019-01-25 13:48:50,214 - INFO - fastread - 71, 1080
2019-01-25 13:48:50,218 - INFO - fastread - 71, 1090
2019-01-25 13:48:50,223 - INFO - fastread - 72, 1100
2019-01-25 13:48:50,227 - INFO - fastread - 72, 1110
2019-01-25 13:48:50,232 - INFO - fastread - 73, 1120
2019-01-25 13:48:50,236 - INFO - fastread - 73, 1130
2019-01-25 13:48:50,241 - INFO - fastread - 73, 1140
2019-01-25 13:48:50,245 - INFO - fastread - 73, 1150
2019-01-25 13:48:50,250 - INFO - fastread - 75, 1160
2019-01-25 13:48:50,255 - INFO - fastread - 75, 1170
2019-01-25 13:48:50,259 - INFO - fastread - 75, 1180
2019-01-25 13:48:50,264 - INFO - fastread - 75, 1190
2019-01-25 13:48:50,268 - INFO - fastread - 75, 1200
2019-01-25 13:48:50,273 - INFO - fastread - 75, 1210
2019-01-25 13:48:50,278 - INFO - fastread - 75, 1220
2019-01-25 13:48:50,283 - INFO - fastread - 77, 1230
2019-01-25 13:48:50,287 - INFO - fastread - 77, 1240
2019-01-25 13:48:50,292 - INFO - fastread - 78, 1250
2019-01-25 13:48:50,297 - INFO - fastread - 78, 1260
2019-01-25 13:48:50,302 - INFO - fastread - 79, 1270
2019-01-25 13:48:50,307 - INFO - fastread - 81, 1280
2019-01-25 13:48:50,312 - INFO - fastread - 81, 1290
2019-01-25 13:48:50,317 - INFO - fastread - 82, 1300
2019-01-25 13:48:50,321 - INFO - fastread - 83, 1310
2019-01-25 13:48:50,326 - INFO - fastread - 83, 1320
2019-01-25 13:48:50,331 - INFO - fastread - 83, 1330
2019-01-25 13:48:50,336 - INFO - fastread - 83, 1340
2019-01-25 13:48:50,341 - INFO - fastread - 84, 1350
2019-01-25 13:48:50,346 - INFO - fastread - 84, 1360
2019-01-25 13:48:50,351 - INFO - fastread - 84, 1370
2019-01-25 13:48:50,356 - INFO - fastread - 85, 1380
2019-01-25 13:48:50,360 - INFO - fastread - 85, 1390
2019-01-25 13:48:50,365 - INFO - fastread - 85, 1400
2019-01-25 13:48:50,370 - INFO - fastread - 85, 1410
2019-01-25 13:48:50,375 - INFO - fastread - 88, 1420
2019-01-25 13:48:50,380 - INFO - fastread - 88, 1430
2019-01-25 13:48:50,385 - INFO - fastread - 88, 1440
2019-01-25 13:48:50,390 - INFO - fastread - 88, 1450
2019-01-25 13:48:50,395 - INFO - fastread - 88, 1460
2019-01-25 13:48:50,400 - INFO - fastread - 88, 1470
2019-01-25 13:48:50,404 - INFO - fastread - 88, 1480
2019-01-25 13:48:50,409 - INFO - fastread - 88, 1490
2019-01-25 13:48:50,414 - INFO - fastread - 88, 1500
2019-01-25 13:48:50,419 - INFO - fastread - 88, 1510
2019-01-25 13:48:50,424 - INFO - fastread - 88, 1520
2019-01-25 13:48:50,429 - INFO - fastread - 88, 1530
2019-01-25 13:48:50,434 - INFO - fastread - 88, 1540
2019-01-25 13:48:50,439 - INFO - fastread - 88, 1550
2019-01-25 13:48:50,444 - INFO - fastread - 88, 1560
2019-01-25 13:48:50,449 - INFO - fastread - 88, 1570
2019-01-25 13:48:50,453 - INFO - fastread - 88, 1580
2019-01-25 13:48:50,458 - INFO - fastread - 88, 1590
2019-01-25 13:48:50,463 - INFO - fastread - 88, 1600
2019-01-25 13:48:50,468 - INFO - fastread - 88, 1610
2019-01-25 13:48:50,473 - INFO - fastread - 88, 1620
2019-01-25 13:48:50,478 - INFO - fastread - 88, 1630
2019-01-25 13:48:50,483 - INFO - fastread - 88, 1640
2019-01-25 13:48:50,488 - INFO - fastread - 88, 1650
2019-01-25 13:48:50,493 - INFO - fastread - 88, 1660
2019-01-25 13:48:50,498 - INFO - fastread - 88, 1670
2019-01-25 13:48:50,503 - INFO - fastread - 88, 1680
2019-01-25 13:48:50,508 - INFO - fastread - 89, 1690
2019-01-25 13:48:50,513 - INFO - fastread - 89, 1700
2019-01-25 13:48:50,518 - INFO - fastread - 90, 1710
2019-01-25 13:48:50,523 - INFO - fastread - 91, 1720
2019-01-25 13:48:50,528 - INFO - fastread - 91, 1730
2019-01-25 13:48:50,533 - INFO - fastread - 91, 1740
2019-01-25 13:48:50,538 - INFO - fastread - 91, 1750
2019-01-25 13:48:50,543 - INFO - fastread - 91, 1760
2019-01-25 13:48:50,548 - INFO - fastread - 91, 1770
2019-01-25 13:48:50,553 - INFO - fastread - 91, 1780
2019-01-25 13:48:50,558 - INFO - fastread - 91, 1790
2019-01-25 13:48:50,563 - INFO - fastread - 91, 1800
2019-01-25 13:48:50,568 - INFO - fastread - 91, 1810
2019-01-25 13:48:50,573 - INFO - fastread - 91, 1820
2019-01-25 13:48:50,578 - INFO - fastread - 91, 1830
2019-01-25 13:48:50,583 - INFO - fastread - 91, 1840
2019-01-25 13:48:50,588 - INFO - fastread - 91, 1850
2019-01-25 13:48:50,593 - INFO - fastread - 91, 1860
2019-01-25 13:48:50,598 - INFO - fastread - 91, 1870
2019-01-25 13:48:50,603 - INFO - fastread - 92, 1880
2019-01-25 13:48:50,608 - INFO - fastread - 92, 1890
2019-01-25 13:48:50,613 - INFO - fastread - 92, 1900
2019-01-25 13:48:50,618 - INFO - fastread - 92, 1910
2019-01-25 13:48:50,623 - INFO - fastread - 92, 1920
2019-01-25 13:48:50,628 - INFO - fastread - 92, 1930
2019-01-25 13:48:50,633 - INFO - fastread - 92, 1940
2019-01-25 13:48:50,638 - INFO - fastread - 92, 1950
2019-01-25 13:48:50,643 - INFO - fastread - 92, 1960
2019-01-25 13:48:50,648 - INFO - fastread - 92, 1970
2019-01-25 13:48:50,653 - INFO - fastread - 92, 1980
2019-01-25 13:48:50,658 - INFO - fastread - 92, 1990
2019-01-25 13:48:50,663 - INFO - fastread - 92, 2000
2019-01-25 13:48:50,668 - INFO - fastread - 92, 2010
2019-01-25 13:48:50,673 - INFO - fastread - 92, 2020
2019-01-25 13:48:50,678 - INFO - fastread - 92, 2030
2019-01-25 13:48:50,683 - INFO - fastread - 92, 2040
2019-01-25 13:48:50,688 - INFO - fastread - 92, 2050
2019-01-25 13:48:50,693 - INFO - fastread - 92, 2060
2019-01-25 13:48:50,698 - INFO - fastread - 92, 2070
2019-01-25 13:48:50,703 - INFO - fastread - 93, 2080
2019-01-25 13:48:50,708 - INFO - fastread - 93, 2090
2019-01-25 13:48:50,713 - INFO - fastread - 93, 2100
2019-01-25 13:48:50,718 - INFO - fastread - 93, 2110
2019-01-25 13:48:50,724 - INFO - fastread - 93, 2120
2019-01-25 13:48:50,729 - INFO - fastread - 93, 2130
2019-01-25 13:48:50,734 - INFO - fastread - 93, 2140
2019-01-25 13:48:50,739 - INFO - fastread - 93, 2150
2019-01-25 13:48:50,744 - INFO - fastread - 93, 2160
2019-01-25 13:48:50,749 - INFO - fastread - 93, 2170
2019-01-25 13:48:50,754 - INFO - fastread - 93, 2180
2019-01-25 13:48:50,759 - INFO - fastread - 93, 2190
2019-01-25 13:48:50,764 - INFO - fastread - 93, 2200
2019-01-25 13:48:50,769 - INFO - fastread - 93, 2210
2019-01-25 13:48:50,774 - INFO - fastread - 93, 2220
2019-01-25 13:48:50,779 - INFO - fastread - 93, 2230
2019-01-25 13:48:50,784 - INFO - fastread - 93, 2240
2019-01-25 13:48:50,790 - INFO - fastread - 93, 2250
2019-01-25 13:48:50,795 - INFO - fastread - 93, 2260
2019-01-25 13:48:50,800 - INFO - fastread - 93, 2270
2019-01-25 13:48:50,805 - INFO - fastread - 93, 2280
2019-01-25 13:48:50,810 - INFO - fastread - 93, 2290
2019-01-25 13:48:50,815 - INFO - fastread - 93, 2300
2019-01-25 13:48:50,820 - INFO - fastread - 93, 2310
2019-01-25 13:48:50,825 - INFO - fastread - 93, 2320
2019-01-25 13:48:50,831 - INFO - fastread - 93, 2330
2019-01-25 13:48:50,836 - INFO - fastread - 93, 2340
2019-01-25 13:48:50,841 - INFO - fastread - 93, 2350
2019-01-25 13:48:50,846 - INFO - fastread - 93, 2360
2019-01-25 13:48:50,851 - INFO - fastread - 93, 2370
2019-01-25 13:48:50,856 - INFO - fastread - 93, 2380
2019-01-25 13:48:50,861 - INFO - fastread - 93, 2390
2019-01-25 13:48:50,867 - INFO - fastread - 93, 2400
2019-01-25 13:48:50,872 - INFO - fastread - 93, 2410
2019-01-25 13:48:50,877 - INFO - fastread - 93, 2420
2019-01-25 13:48:50,882 - INFO - fastread - 93, 2430
2019-01-25 13:48:50,887 - INFO - fastread - 93, 2440
2019-01-25 13:48:50,892 - INFO - fastread - 93, 2450
2019-01-25 13:48:50,897 - INFO - fastread - 95, 2460
2019-01-25 13:48:50,903 - INFO - fastread - 95, 2470
2019-01-25 13:48:50,908 - INFO - fastread - 95, 2480
2019-01-25 13:48:50,913 - INFO - fastread - 95, 2490
2019-01-25 13:48:50,918 - INFO - fastread - 95, 2500
2019-01-25 13:48:50,923 - INFO - fastread - 95, 2510
2019-01-25 13:48:50,928 - INFO - fastread - 95, 2520
2019-01-25 13:48:50,934 - INFO - fastread - 95, 2530
2019-01-25 13:48:50,939 - INFO - fastread - 96, 2540
2019-01-25 13:48:50,944 - INFO - fastread - 96, 2550
2019-01-25 13:48:50,949 - INFO - fastread - 96, 2560
2019-01-25 13:48:50,954 - INFO - fastread - 96, 2570
2019-01-25 13:48:50,959 - INFO - fastread - 96, 2580
2019-01-25 13:48:50,965 - INFO - fastread - 96, 2590
2019-01-25 13:48:50,970 - INFO - fastread - 96, 2600
2019-01-25 13:48:50,975 - INFO - fastread - 96, 2610
2019-01-25 13:48:50,980 - INFO - fastread - 96, 2620
2019-01-25 13:48:50,985 - INFO - fastread - 96, 2630
2019-01-25 13:48:50,991 - INFO - fastread - 96, 2640
2019-01-25 13:48:50,996 - INFO - fastread - 96, 2650
2019-01-25 13:48:51,001 - INFO - fastread - 96, 2660
2019-01-25 13:48:51,006 - INFO - fastread - 96, 2670
2019-01-25 13:48:51,011 - INFO - fastread - 97, 2680
2019-01-25 13:48:51,017 - INFO - fastread - 97, 2690
2019-01-25 13:48:51,022 - INFO - fastread - 97, 2700
2019-01-25 13:48:51,027 - INFO - fastread - 98, 2710
2019-01-25 13:48:51,032 - INFO - fastread - 98, 2720
2019-01-25 13:48:51,038 - INFO - fastread - 98, 2730
2019-01-25 13:48:51,043 - INFO - fastread - 98, 2740
2019-01-25 13:48:51,048 - INFO - fastread - 98, 2750
2019-01-25 13:48:51,053 - INFO - fastread - 98, 2760
2019-01-25 13:48:51,059 - INFO - fastread - 98, 2770
2019-01-25 13:48:51,064 - INFO - fastread - 98, 2780
2019-01-25 13:48:51,069 - INFO - fastread - 98, 2790
2019-01-25 13:48:51,074 - INFO - fastread - 98, 2800
2019-01-25 13:48:51,080 - INFO - fastread - 98, 2810
2019-01-25 13:48:51,085 - INFO - fastread - 98, 2820
2019-01-25 13:48:51,090 - INFO - fastread - 98, 2830
2019-01-25 13:48:51,095 - INFO - fastread - 98, 2840
2019-01-25 13:48:51,100 - INFO - fastread - 98, 2850
2019-01-25 13:48:51,106 - INFO - fastread - 98, 2860
2019-01-25 13:48:51,111 - INFO - fastread - 98, 2870
2019-01-25 13:48:51,116 - INFO - fastread - 98, 2880
2019-01-25 13:48:51,121 - INFO - fastread - 98, 2890
2019-01-25 13:48:51,127 - INFO - fastread - 98, 2900
2019-01-25 13:48:51,132 - INFO - fastread - 98, 2910
2019-01-25 13:48:51,137 - INFO - fastread - 98, 2920
2019-01-25 13:48:51,143 - INFO - fastread - 98, 2930
2019-01-25 13:48:51,148 - INFO - fastread - 98, 2940
2019-01-25 13:48:51,153 - INFO - fastread - 98, 2950
2019-01-25 13:48:51,158 - INFO - fastread - 98, 2960
2019-01-25 13:48:51,164 - INFO - fastread - 98, 2970
2019-01-25 13:48:51,169 - INFO - fastread - 98, 2980
2019-01-25 13:48:51,174 - INFO - fastread - 98, 2990
2019-01-25 13:48:51,179 - INFO - fastread - 98, 3000
2019-01-25 13:48:51,185 - INFO - fastread - 98, 3010
2019-01-25 13:48:51,190 - INFO - fastread - 98, 3020
2019-01-25 13:48:51,195 - INFO - fastread - 98, 3030
2019-01-25 13:48:51,201 - INFO - fastread - 98, 3040
2019-01-25 13:48:51,206 - INFO - fastread - 98, 3050
2019-01-25 13:48:51,211 - INFO - fastread - 98, 3060
2019-01-25 13:48:51,217 - INFO - fastread - 98, 3070
2019-01-25 13:48:51,222 - INFO - fastread - 98, 3080
2019-01-25 13:48:51,227 - INFO - fastread - 98, 3090
2019-01-25 13:48:51,233 - INFO - fastread - 98, 3100
2019-01-25 13:48:51,238 - INFO - fastread - 98, 3110
2019-01-25 13:48:51,243 - INFO - fastread - 98, 3120
2019-01-25 13:48:51,249 - INFO - fastread - 98, 3130
2019-01-25 13:48:51,254 - INFO - fastread - 98, 3140
2019-01-25 13:48:51,259 - INFO - fastread - 98, 3150
2019-01-25 13:48:51,264 - INFO - fastread - 98, 3160
2019-01-25 13:48:51,270 - INFO - fastread - 98, 3170
2019-01-25 13:48:51,275 - INFO - fastread - 98, 3180
2019-01-25 13:48:51,280 - INFO - fastread - 98, 3190
2019-01-25 13:48:51,286 - INFO - fastread - 98, 3200
2019-01-25 13:48:51,291 - INFO - fastread - 98, 3210
2019-01-25 13:48:51,296 - INFO - fastread - 98, 3220
2019-01-25 13:48:51,302 - INFO - fastread - 98, 3230
2019-01-25 13:48:51,307 - INFO - fastread - 98, 3240
2019-01-25 13:48:51,312 - INFO - fastread - 98, 3250
2019-01-25 13:48:51,318 - INFO - fastread - 98, 3260
2019-01-25 13:48:51,323 - INFO - fastread - 98, 3270
2019-01-25 13:48:51,329 - INFO - fastread - 98, 3280
2019-01-25 13:48:51,334 - INFO - fastread - 99, 3290
2019-01-25 13:48:51,353 - INFO - rig - ++++NEW CLF++++ KNN
2019-01-25 13:48:51,353 - INFO - fastread - Total Yes: 104 | Total No: 4285
2019-01-25 13:49:10,581 - INFO - fastread - 4, 10
2019-01-25 13:49:10,585 - INFO - fastread - 8, 20
2019-01-25 13:49:10,590 - INFO - fastread - 10, 30
2019-01-25 13:49:10,594 - INFO - fastread - 10, 40
2019-01-25 13:49:10,598 - INFO - fastread - 11, 50
2019-01-25 13:49:10,603 - INFO - fastread - 12, 60
2019-01-25 13:49:10,607 - INFO - fastread - 12, 70
2019-01-25 13:49:10,611 - INFO - fastread - 12, 80
2019-01-25 13:49:10,616 - INFO - fastread - 14, 90
2019-01-25 13:49:10,620 - INFO - fastread - 14, 100
2019-01-25 13:49:10,624 - INFO - fastread - 14, 110
2019-01-25 13:49:10,629 - INFO - fastread - 14, 120
2019-01-25 13:49:10,633 - INFO - fastread - 14, 130
2019-01-25 13:49:10,637 - INFO - fastread - 15, 140
2019-01-25 13:49:10,642 - INFO - fastread - 15, 150
2019-01-25 13:49:10,646 - INFO - fastread - 16, 160
2019-01-25 13:49:10,651 - INFO - fastread - 16, 170
2019-01-25 13:49:10,655 - INFO - fastread - 16, 180
2019-01-25 13:49:10,659 - INFO - fastread - 17, 190
2019-01-25 13:49:10,664 - INFO - fastread - 18, 200
2019-01-25 13:49:10,668 - INFO - fastread - 19, 210
2019-01-25 13:49:10,672 - INFO - fastread - 19, 220
2019-01-25 13:49:10,677 - INFO - fastread - 19, 230
2019-01-25 13:49:10,681 - INFO - fastread - 19, 240
2019-01-25 13:49:10,685 - INFO - fastread - 20, 250
2019-01-25 13:49:10,690 - INFO - fastread - 20, 260
2019-01-25 13:49:10,694 - INFO - fastread - 20, 270
2019-01-25 13:49:10,699 - INFO - fastread - 20, 280
2019-01-25 13:49:10,703 - INFO - fastread - 20, 290
2019-01-25 13:49:10,707 - INFO - fastread - 22, 300
2019-01-25 13:49:10,712 - INFO - fastread - 22, 310
2019-01-25 13:49:10,716 - INFO - fastread - 22, 320
2019-01-25 13:49:10,720 - INFO - fastread - 22, 330
2019-01-25 13:49:10,725 - INFO - fastread - 23, 340
2019-01-25 13:49:10,729 - INFO - fastread - 24, 350
2019-01-25 13:49:10,734 - INFO - fastread - 24, 360
2019-01-25 13:49:10,738 - INFO - fastread - 24, 370
2019-01-25 13:49:10,742 - INFO - fastread - 24, 380
2019-01-25 13:49:10,747 - INFO - fastread - 24, 390
2019-01-25 13:49:10,751 - INFO - fastread - 24, 400
2019-01-25 13:49:10,756 - INFO - fastread - 24, 410
2019-01-25 13:49:10,760 - INFO - fastread - 24, 420
2019-01-25 13:49:10,764 - INFO - fastread - 24, 430
2019-01-25 13:49:10,769 - INFO - fastread - 24, 440
2019-01-25 13:49:10,773 - INFO - fastread - 24, 450
2019-01-25 13:49:10,778 - INFO - fastread - 24, 460
2019-01-25 13:49:10,782 - INFO - fastread - 24, 470
2019-01-25 13:49:10,786 - INFO - fastread - 24, 480
2019-01-25 13:49:10,791 - INFO - fastread - 24, 490
2019-01-25 13:49:10,795 - INFO - fastread - 24, 500
2019-01-25 13:49:10,800 - INFO - fastread - 24, 510
2019-01-25 13:49:10,804 - INFO - fastread - 24, 520
2019-01-25 13:49:10,809 - INFO - fastread - 24, 530
2019-01-25 13:49:10,813 - INFO - fastread - 24, 540
2019-01-25 13:49:10,817 - INFO - fastread - 24, 550
2019-01-25 13:49:10,822 - INFO - fastread - 24, 560
2019-01-25 13:49:10,826 - INFO - fastread - 24, 570
2019-01-25 13:49:10,831 - INFO - fastread - 24, 580
2019-01-25 13:49:10,835 - INFO - fastread - 24, 590
2019-01-25 13:49:10,840 - INFO - fastread - 24, 600
2019-01-25 13:49:10,844 - INFO - fastread - 24, 610
2019-01-25 13:49:10,848 - INFO - fastread - 24, 620
2019-01-25 13:49:10,853 - INFO - fastread - 24, 630
2019-01-25 13:49:10,857 - INFO - fastread - 25, 640
2019-01-25 13:49:10,862 - INFO - fastread - 25, 650
2019-01-25 13:49:10,866 - INFO - fastread - 25, 660
2019-01-25 13:49:10,871 - INFO - fastread - 25, 670
2019-01-25 13:49:10,875 - INFO - fastread - 25, 680
2019-01-25 13:49:10,880 - INFO - fastread - 25, 690
2019-01-25 13:49:10,884 - INFO - fastread - 25, 700
2019-01-25 13:49:10,889 - INFO - fastread - 25, 710
2019-01-25 13:49:10,893 - INFO - fastread - 25, 720
2019-01-25 13:49:10,898 - INFO - fastread - 25, 730
2019-01-25 13:49:10,902 - INFO - fastread - 25, 740
2019-01-25 13:49:10,906 - INFO - fastread - 25, 750
2019-01-25 13:49:10,911 - INFO - fastread - 25, 760
2019-01-25 13:49:10,915 - INFO - fastread - 25, 770
2019-01-25 13:49:10,920 - INFO - fastread - 25, 780
2019-01-25 13:49:10,924 - INFO - fastread - 25, 790
2019-01-25 13:49:10,929 - INFO - fastread - 25, 800
2019-01-25 13:49:10,933 - INFO - fastread - 25, 810
2019-01-25 13:49:10,938 - INFO - fastread - 26, 820
2019-01-25 13:49:10,942 - INFO - fastread - 27, 830
2019-01-25 13:49:10,947 - INFO - fastread - 27, 840
2019-01-25 13:49:10,951 - INFO - fastread - 28, 850
2019-01-25 13:49:10,956 - INFO - fastread - 28, 860
2019-01-25 13:49:10,960 - INFO - fastread - 28, 870
2019-01-25 13:49:10,965 - INFO - fastread - 29, 880
2019-01-25 13:49:10,969 - INFO - fastread - 29, 890
2019-01-25 13:49:10,974 - INFO - fastread - 29, 900
2019-01-25 13:49:10,978 - INFO - fastread - 30, 910
2019-01-25 13:49:10,983 - INFO - fastread - 30, 920
2019-01-25 13:49:10,987 - INFO - fastread - 30, 930
2019-01-25 13:49:10,992 - INFO - fastread - 30, 940
2019-01-25 13:49:10,996 - INFO - fastread - 30, 950
2019-01-25 13:49:11,001 - INFO - fastread - 30, 960
2019-01-25 13:49:11,005 - INFO - fastread - 30, 970
2019-01-25 13:49:11,010 - INFO - fastread - 30, 980
2019-01-25 13:49:11,014 - INFO - fastread - 31, 990
2019-01-25 13:49:11,019 - INFO - fastread - 31, 1000
2019-01-25 13:49:11,023 - INFO - fastread - 31, 1010
2019-01-25 13:49:11,028 - INFO - fastread - 31, 1020
2019-01-25 13:49:11,032 - INFO - fastread - 31, 1030
2019-01-25 13:49:11,037 - INFO - fastread - 31, 1040
2019-01-25 13:49:11,042 - INFO - fastread - 31, 1050
2019-01-25 13:49:11,046 - INFO - fastread - 31, 1060
2019-01-25 13:49:11,051 - INFO - fastread - 31, 1070
2019-01-25 13:49:11,055 - INFO - fastread - 31, 1080
2019-01-25 13:49:11,060 - INFO - fastread - 32, 1090
2019-01-25 13:49:11,064 - INFO - fastread - 33, 1100
2019-01-25 13:49:11,069 - INFO - fastread - 33, 1110
2019-01-25 13:49:11,073 - INFO - fastread - 33, 1120
2019-01-25 13:49:11,078 - INFO - fastread - 33, 1130
2019-01-25 13:49:11,082 - INFO - fastread - 34, 1140
2019-01-25 13:49:11,087 - INFO - fastread - 34, 1150
2019-01-25 13:49:11,092 - INFO - fastread - 35, 1160
2019-01-25 13:49:11,096 - INFO - fastread - 35, 1170
2019-01-25 13:49:11,101 - INFO - fastread - 35, 1180
2019-01-25 13:49:11,105 - INFO - fastread - 35, 1190
2019-01-25 13:49:11,110 - INFO - fastread - 35, 1200
2019-01-25 13:49:11,114 - INFO - fastread - 36, 1210
2019-01-25 13:49:11,119 - INFO - fastread - 37, 1220
2019-01-25 13:49:11,123 - INFO - fastread - 37, 1230
2019-01-25 13:49:11,128 - INFO - fastread - 37, 1240
2019-01-25 13:49:11,133 - INFO - fastread - 37, 1250
2019-01-25 13:49:11,137 - INFO - fastread - 37, 1260
2019-01-25 13:49:11,142 - INFO - fastread - 37, 1270
2019-01-25 13:49:11,146 - INFO - fastread - 37, 1280
2019-01-25 13:49:11,151 - INFO - fastread - 37, 1290
2019-01-25 13:49:11,155 - INFO - fastread - 37, 1300
2019-01-25 13:49:11,160 - INFO - fastread - 37, 1310
2019-01-25 13:49:11,165 - INFO - fastread - 37, 1320
2019-01-25 13:49:11,169 - INFO - fastread - 37, 1330
2019-01-25 13:49:11,174 - INFO - fastread - 37, 1340
2019-01-25 13:49:11,178 - INFO - fastread - 37, 1350
2019-01-25 13:49:11,183 - INFO - fastread - 37, 1360
2019-01-25 13:49:11,188 - INFO - fastread - 37, 1370
2019-01-25 13:49:11,192 - INFO - fastread - 37, 1380
2019-01-25 13:49:11,197 - INFO - fastread - 37, 1390
2019-01-25 13:49:11,201 - INFO - fastread - 37, 1400
2019-01-25 13:49:11,206 - INFO - fastread - 38, 1410
2019-01-25 13:49:11,211 - INFO - fastread - 38, 1420
2019-01-25 13:49:11,215 - INFO - fastread - 38, 1430
2019-01-25 13:49:11,220 - INFO - fastread - 38, 1440
2019-01-25 13:49:11,224 - INFO - fastread - 39, 1450
2019-01-25 13:49:11,229 - INFO - fastread - 39, 1460
2019-01-25 13:49:11,234 - INFO - fastread - 39, 1470
2019-01-25 13:49:11,238 - INFO - fastread - 39, 1480
2019-01-25 13:49:11,243 - INFO - fastread - 39, 1490
2019-01-25 13:49:11,247 - INFO - fastread - 39, 1500
2019-01-25 13:49:11,252 - INFO - fastread - 39, 1510
2019-01-25 13:49:11,257 - INFO - fastread - 39, 1520
2019-01-25 13:49:11,261 - INFO - fastread - 39, 1530
2019-01-25 13:49:11,266 - INFO - fastread - 39, 1540
2019-01-25 13:49:11,271 - INFO - fastread - 39, 1550
2019-01-25 13:49:11,275 - INFO - fastread - 40, 1560
2019-01-25 13:49:11,280 - INFO - fastread - 40, 1570
2019-01-25 13:49:11,285 - INFO - fastread - 40, 1580
2019-01-25 13:49:11,289 - INFO - fastread - 40, 1590
2019-01-25 13:49:11,294 - INFO - fastread - 40, 1600
2019-01-25 13:49:11,298 - INFO - fastread - 40, 1610
2019-01-25 13:49:11,303 - INFO - fastread - 40, 1620
2019-01-25 13:49:11,308 - INFO - fastread - 40, 1630
2019-01-25 13:49:11,312 - INFO - fastread - 40, 1640
2019-01-25 13:49:11,317 - INFO - fastread - 41, 1650
2019-01-25 13:49:11,322 - INFO - fastread - 41, 1660
2019-01-25 13:49:11,326 - INFO - fastread - 41, 1670
2019-01-25 13:49:11,331 - INFO - fastread - 41, 1680
2019-01-25 13:49:11,336 - INFO - fastread - 41, 1690
2019-01-25 13:49:11,340 - INFO - fastread - 41, 1700
2019-01-25 13:49:11,345 - INFO - fastread - 41, 1710
2019-01-25 13:49:11,350 - INFO - fastread - 41, 1720
2019-01-25 13:49:11,354 - INFO - fastread - 41, 1730
2019-01-25 13:49:11,359 - INFO - fastread - 41, 1740
2019-01-25 13:49:11,364 - INFO - fastread - 41, 1750
2019-01-25 13:49:11,368 - INFO - fastread - 41, 1760
2019-01-25 13:49:11,373 - INFO - fastread - 43, 1770
2019-01-25 13:49:11,378 - INFO - fastread - 43, 1780
2019-01-25 13:49:11,382 - INFO - fastread - 43, 1790
2019-01-25 13:49:11,387 - INFO - fastread - 44, 1800
2019-01-25 13:49:11,392 - INFO - fastread - 44, 1810
2019-01-25 13:49:11,396 - INFO - fastread - 44, 1820
2019-01-25 13:49:11,401 - INFO - fastread - 44, 1830
2019-01-25 13:49:11,406 - INFO - fastread - 44, 1840
2019-01-25 13:49:11,410 - INFO - fastread - 44, 1850
2019-01-25 13:49:11,415 - INFO - fastread - 44, 1860
2019-01-25 13:49:11,420 - INFO - fastread - 44, 1870
2019-01-25 13:49:11,425 - INFO - fastread - 44, 1880
2019-01-25 13:49:11,429 - INFO - fastread - 45, 1890
2019-01-25 13:49:11,434 - INFO - fastread - 46, 1900
2019-01-25 13:49:11,439 - INFO - fastread - 47, 1910
2019-01-25 13:49:11,443 - INFO - fastread - 47, 1920
2019-01-25 13:49:11,448 - INFO - fastread - 48, 1930
2019-01-25 13:49:11,453 - INFO - fastread - 49, 1940
2019-01-25 13:49:11,457 - INFO - fastread - 49, 1950
2019-01-25 13:49:11,462 - INFO - fastread - 49, 1960
2019-01-25 13:49:11,467 - INFO - fastread - 49, 1970
2019-01-25 13:49:11,472 - INFO - fastread - 49, 1980
2019-01-25 13:49:11,476 - INFO - fastread - 49, 1990
2019-01-25 13:49:11,481 - INFO - fastread - 49, 2000
2019-01-25 13:49:11,486 - INFO - fastread - 49, 2010
2019-01-25 13:49:11,490 - INFO - fastread - 49, 2020
2019-01-25 13:49:11,495 - INFO - fastread - 49, 2030
2019-01-25 13:49:11,500 - INFO - fastread - 49, 2040
2019-01-25 13:49:11,505 - INFO - fastread - 49, 2050
2019-01-25 13:49:11,509 - INFO - fastread - 49, 2060
2019-01-25 13:49:11,514 - INFO - fastread - 49, 2070
2019-01-25 13:49:11,519 - INFO - fastread - 49, 2080
2019-01-25 13:49:11,524 - INFO - fastread - 49, 2090
2019-01-25 13:49:11,528 - INFO - fastread - 49, 2100
2019-01-25 13:49:11,533 - INFO - fastread - 49, 2110
2019-01-25 13:49:11,538 - INFO - fastread - 49, 2120
2019-01-25 13:49:11,542 - INFO - fastread - 49, 2130
2019-01-25 13:49:11,547 - INFO - fastread - 49, 2140
2019-01-25 13:49:11,552 - INFO - fastread - 49, 2150
2019-01-25 13:49:11,557 - INFO - fastread - 50, 2160
2019-01-25 13:49:11,561 - INFO - fastread - 50, 2170
2019-01-25 13:49:11,566 - INFO - fastread - 50, 2180
2019-01-25 13:49:11,571 - INFO - fastread - 50, 2190
2019-01-25 13:49:11,576 - INFO - fastread - 51, 2200
2019-01-25 13:49:11,580 - INFO - fastread - 51, 2210
2019-01-25 13:49:11,585 - INFO - fastread - 51, 2220
2019-01-25 13:49:11,590 - INFO - fastread - 51, 2230
2019-01-25 13:49:11,595 - INFO - fastread - 51, 2240
2019-01-25 13:49:11,599 - INFO - fastread - 51, 2250
2019-01-25 13:49:11,604 - INFO - fastread - 52, 2260
2019-01-25 13:49:11,609 - INFO - fastread - 52, 2270
2019-01-25 13:49:11,614 - INFO - fastread - 52, 2280
2019-01-25 13:49:11,619 - INFO - fastread - 52, 2290
2019-01-25 13:49:11,623 - INFO - fastread - 53, 2300
2019-01-25 13:49:11,628 - INFO - fastread - 53, 2310
2019-01-25 13:49:11,633 - INFO - fastread - 53, 2320
2019-01-25 13:49:11,638 - INFO - fastread - 53, 2330
2019-01-25 13:49:11,642 - INFO - fastread - 53, 2340
2019-01-25 13:49:11,647 - INFO - fastread - 53, 2350
2019-01-25 13:49:11,652 - INFO - fastread - 53, 2360
2019-01-25 13:49:11,657 - INFO - fastread - 53, 2370
2019-01-25 13:49:11,662 - INFO - fastread - 54, 2380
2019-01-25 13:49:11,666 - INFO - fastread - 56, 2390
2019-01-25 13:49:11,671 - INFO - fastread - 56, 2400
2019-01-25 13:49:11,676 - INFO - fastread - 57, 2410
2019-01-25 13:49:11,681 - INFO - fastread - 57, 2420
2019-01-25 13:49:11,686 - INFO - fastread - 57, 2430
2019-01-25 13:49:11,690 - INFO - fastread - 58, 2440
2019-01-25 13:49:11,695 - INFO - fastread - 59, 2450
2019-01-25 13:49:11,700 - INFO - fastread - 60, 2460
2019-01-25 13:49:11,705 - INFO - fastread - 61, 2470
2019-01-25 13:49:11,710 - INFO - fastread - 61, 2480
2019-01-25 13:49:11,715 - INFO - fastread - 61, 2490
2019-01-25 13:49:11,719 - INFO - fastread - 61, 2500
2019-01-25 13:49:11,724 - INFO - fastread - 61, 2510
2019-01-25 13:49:11,729 - INFO - fastread - 61, 2520
2019-01-25 13:49:11,734 - INFO - fastread - 61, 2530
2019-01-25 13:49:11,739 - INFO - fastread - 61, 2540
2019-01-25 13:49:11,743 - INFO - fastread - 61, 2550
2019-01-25 13:49:11,748 - INFO - fastread - 62, 2560
2019-01-25 13:49:11,753 - INFO - fastread - 63, 2570
2019-01-25 13:49:11,758 - INFO - fastread - 63, 2580
2019-01-25 13:49:11,763 - INFO - fastread - 63, 2590
2019-01-25 13:49:11,768 - INFO - fastread - 65, 2600
2019-01-25 13:49:11,772 - INFO - fastread - 65, 2610
2019-01-25 13:49:11,777 - INFO - fastread - 65, 2620
2019-01-25 13:49:11,782 - INFO - fastread - 65, 2630
2019-01-25 13:49:11,787 - INFO - fastread - 65, 2640
2019-01-25 13:49:11,792 - INFO - fastread - 65, 2650
2019-01-25 13:49:11,797 - INFO - fastread - 65, 2660
2019-01-25 13:49:11,801 - INFO - fastread - 65, 2670
2019-01-25 13:49:11,806 - INFO - fastread - 65, 2680
2019-01-25 13:49:11,811 - INFO - fastread - 65, 2690
2019-01-25 13:49:11,816 - INFO - fastread - 65, 2700
2019-01-25 13:49:11,821 - INFO - fastread - 65, 2710
2019-01-25 13:49:11,826 - INFO - fastread - 65, 2720
2019-01-25 13:49:11,830 - INFO - fastread - 65, 2730
2019-01-25 13:49:11,835 - INFO - fastread - 65, 2740
2019-01-25 13:49:11,840 - INFO - fastread - 66, 2750
2019-01-25 13:49:11,845 - INFO - fastread - 67, 2760
2019-01-25 13:49:11,850 - INFO - fastread - 67, 2770
2019-01-25 13:49:11,855 - INFO - fastread - 67, 2780
2019-01-25 13:49:11,860 - INFO - fastread - 69, 2790
2019-01-25 13:49:11,865 - INFO - fastread - 69, 2800
2019-01-25 13:49:11,869 - INFO - fastread - 69, 2810
2019-01-25 13:49:11,874 - INFO - fastread - 69, 2820
2019-01-25 13:49:11,879 - INFO - fastread - 70, 2830
2019-01-25 13:49:11,884 - INFO - fastread - 70, 2840
2019-01-25 13:49:11,889 - INFO - fastread - 71, 2850
2019-01-25 13:49:11,894 - INFO - fastread - 71, 2860
2019-01-25 13:49:11,899 - INFO - fastread - 71, 2870
2019-01-25 13:49:11,904 - INFO - fastread - 71, 2880
2019-01-25 13:49:11,909 - INFO - fastread - 71, 2890
2019-01-25 13:49:11,913 - INFO - fastread - 72, 2900
2019-01-25 13:49:11,918 - INFO - fastread - 72, 2910
2019-01-25 13:49:11,923 - INFO - fastread - 72, 2920
2019-01-25 13:49:11,928 - INFO - fastread - 72, 2930
2019-01-25 13:49:11,933 - INFO - fastread - 72, 2940
2019-01-25 13:49:11,938 - INFO - fastread - 73, 2950
2019-01-25 13:49:11,943 - INFO - fastread - 73, 2960
2019-01-25 13:49:11,948 - INFO - fastread - 74, 2970
2019-01-25 13:49:11,953 - INFO - fastread - 74, 2980
2019-01-25 13:49:11,957 - INFO - fastread - 74, 2990
2019-01-25 13:49:11,962 - INFO - fastread - 74, 3000
2019-01-25 13:49:11,967 - INFO - fastread - 74, 3010
2019-01-25 13:49:11,972 - INFO - fastread - 74, 3020
2019-01-25 13:49:11,977 - INFO - fastread - 74, 3030
2019-01-25 13:49:11,982 - INFO - fastread - 74, 3040
2019-01-25 13:49:11,987 - INFO - fastread - 75, 3050
2019-01-25 13:49:11,992 - INFO - fastread - 75, 3060
2019-01-25 13:49:11,997 - INFO - fastread - 75, 3070
2019-01-25 13:49:12,002 - INFO - fastread - 75, 3080
2019-01-25 13:49:12,006 - INFO - fastread - 75, 3090
2019-01-25 13:49:12,011 - INFO - fastread - 76, 3100
2019-01-25 13:49:12,016 - INFO - fastread - 76, 3110
2019-01-25 13:49:12,021 - INFO - fastread - 77, 3120
2019-01-25 13:49:12,026 - INFO - fastread - 77, 3130
2019-01-25 13:49:12,031 - INFO - fastread - 77, 3140
2019-01-25 13:49:12,036 - INFO - fastread - 77, 3150
2019-01-25 13:49:12,041 - INFO - fastread - 77, 3160
2019-01-25 13:49:12,046 - INFO - fastread - 77, 3170
2019-01-25 13:49:12,051 - INFO - fastread - 77, 3180
2019-01-25 13:49:12,056 - INFO - fastread - 77, 3190
2019-01-25 13:49:12,061 - INFO - fastread - 77, 3200
2019-01-25 13:49:12,066 - INFO - fastread - 77, 3210
2019-01-25 13:49:12,071 - INFO - fastread - 78, 3220
2019-01-25 13:49:12,075 - INFO - fastread - 79, 3230
2019-01-25 13:49:12,080 - INFO - fastread - 79, 3240
2019-01-25 13:49:12,085 - INFO - fastread - 79, 3250
2019-01-25 13:49:12,090 - INFO - fastread - 79, 3260
2019-01-25 13:49:12,095 - INFO - fastread - 79, 3270
2019-01-25 13:49:12,100 - INFO - fastread - 79, 3280
2019-01-25 13:49:12,105 - INFO - fastread - 79, 3290
2019-01-25 13:49:12,110 - INFO - fastread - 80, 3300
2019-01-25 13:49:12,115 - INFO - fastread - 80, 3310
2019-01-25 13:49:12,120 - INFO - fastread - 82, 3320
2019-01-25 13:49:12,125 - INFO - fastread - 82, 3330
2019-01-25 13:49:12,130 - INFO - fastread - 82, 3340
2019-01-25 13:49:12,135 - INFO - fastread - 82, 3350
2019-01-25 13:49:12,141 - INFO - fastread - 82, 3360
2019-01-25 13:49:12,146 - INFO - fastread - 82, 3370
2019-01-25 13:49:12,152 - INFO - fastread - 82, 3380
2019-01-25 13:49:12,157 - INFO - fastread - 82, 3390
2019-01-25 13:49:12,162 - INFO - fastread - 82, 3400
2019-01-25 13:49:12,168 - INFO - fastread - 82, 3410
2019-01-25 13:49:12,173 - INFO - fastread - 82, 3420
2019-01-25 13:49:12,178 - INFO - fastread - 82, 3430
2019-01-25 13:49:12,184 - INFO - fastread - 82, 3440
2019-01-25 13:49:12,189 - INFO - fastread - 82, 3450
2019-01-25 13:49:12,194 - INFO - fastread - 82, 3460
2019-01-25 13:49:12,200 - INFO - fastread - 83, 3470
2019-01-25 13:49:12,205 - INFO - fastread - 83, 3480
2019-01-25 13:49:12,210 - INFO - fastread - 84, 3490
2019-01-25 13:49:12,216 - INFO - fastread - 84, 3500
2019-01-25 13:49:12,221 - INFO - fastread - 84, 3510
2019-01-25 13:49:12,227 - INFO - fastread - 84, 3520
2019-01-25 13:49:12,232 - INFO - fastread - 84, 3530
2019-01-25 13:49:12,238 - INFO - fastread - 84, 3540
2019-01-25 13:49:12,243 - INFO - fastread - 84, 3550
2019-01-25 13:49:12,248 - INFO - fastread - 84, 3560
2019-01-25 13:49:12,254 - INFO - fastread - 84, 3570
2019-01-25 13:49:12,259 - INFO - fastread - 84, 3580
2019-01-25 13:49:12,264 - INFO - fastread - 84, 3590
2019-01-25 13:49:12,270 - INFO - fastread - 84, 3600
2019-01-25 13:49:12,275 - INFO - fastread - 84, 3610
2019-01-25 13:49:12,281 - INFO - fastread - 84, 3620
2019-01-25 13:49:12,286 - INFO - fastread - 84, 3630
2019-01-25 13:49:12,292 - INFO - fastread - 85, 3640
2019-01-25 13:49:12,297 - INFO - fastread - 85, 3650
2019-01-25 13:49:12,302 - INFO - fastread - 85, 3660
2019-01-25 13:49:12,308 - INFO - fastread - 85, 3670
2019-01-25 13:49:12,313 - INFO - fastread - 85, 3680
2019-01-25 13:49:12,319 - INFO - fastread - 85, 3690
2019-01-25 13:49:12,324 - INFO - fastread - 85, 3700
2019-01-25 13:49:12,329 - INFO - fastread - 86, 3710
2019-01-25 13:49:12,335 - INFO - fastread - 86, 3720
2019-01-25 13:49:12,340 - INFO - fastread - 86, 3730
2019-01-25 13:49:12,346 - INFO - fastread - 87, 3740
2019-01-25 13:49:12,351 - INFO - fastread - 88, 3750
2019-01-25 13:49:12,357 - INFO - fastread - 88, 3760
2019-01-25 13:49:12,362 - INFO - fastread - 88, 3770
2019-01-25 13:49:12,368 - INFO - fastread - 88, 3780
2019-01-25 13:49:12,373 - INFO - fastread - 88, 3790
2019-01-25 13:49:12,378 - INFO - fastread - 88, 3800
2019-01-25 13:49:12,384 - INFO - fastread - 88, 3810
2019-01-25 13:49:12,390 - INFO - fastread - 88, 3820
2019-01-25 13:49:12,395 - INFO - fastread - 88, 3830
2019-01-25 13:49:12,400 - INFO - fastread - 89, 3840
2019-01-25 13:49:12,406 - INFO - fastread - 90, 3850
2019-01-25 13:49:12,411 - INFO - fastread - 90, 3860
2019-01-25 13:49:12,417 - INFO - fastread - 90, 3870
2019-01-25 13:49:12,422 - INFO - fastread - 90, 3880
2019-01-25 13:49:12,428 - INFO - fastread - 90, 3890
2019-01-25 13:49:12,433 - INFO - fastread - 90, 3900
2019-01-25 13:49:12,439 - INFO - fastread - 90, 3910
2019-01-25 13:49:12,444 - INFO - fastread - 90, 3920
2019-01-25 13:49:12,450 - INFO - fastread - 90, 3930
2019-01-25 13:49:12,455 - INFO - fastread - 91, 3940
2019-01-25 13:49:12,461 - INFO - fastread - 92, 3950
2019-01-25 13:49:12,466 - INFO - fastread - 92, 3960
2019-01-25 13:49:12,472 - INFO - fastread - 92, 3970
2019-01-25 13:49:12,477 - INFO - fastread - 92, 3980
2019-01-25 13:49:12,483 - INFO - fastread - 92, 3990
2019-01-25 13:49:12,488 - INFO - fastread - 92, 4000
2019-01-25 13:49:12,494 - INFO - fastread - 93, 4010
2019-01-25 13:49:12,499 - INFO - fastread - 94, 4020
2019-01-25 13:49:12,505 - INFO - fastread - 94, 4030
2019-01-25 13:49:12,510 - INFO - fastread - 94, 4040
2019-01-25 13:49:12,516 - INFO - fastread - 94, 4050
2019-01-25 13:49:12,521 - INFO - fastread - 94, 4060
2019-01-25 13:49:12,527 - INFO - fastread - 97, 4070
2019-01-25 13:49:12,532 - INFO - fastread - 97, 4080
2019-01-25 13:49:12,538 - INFO - fastread - 97, 4090
2019-01-25 13:49:12,543 - INFO - fastread - 97, 4100
2019-01-25 13:49:12,549 - INFO - fastread - 98, 4110
2019-01-25 13:49:12,555 - INFO - fastread - 98, 4120
2019-01-25 13:49:12,560 - INFO - fastread - 99, 4130
2019-01-25 13:49:12,582 - INFO - rig - ++++NEW CLF++++ SVM
2019-01-25 13:49:12,582 - INFO - fastread - Total Yes: 104 | Total No: 4285
2019-01-25 13:59:21,164 - INFO - fastread - 0, 10
2019-01-25 13:59:21,169 - INFO - fastread - 5, 20
2019-01-25 13:59:21,173 - INFO - fastread - 15, 30
2019-01-25 13:59:21,178 - INFO - fastread - 25, 40
2019-01-25 13:59:21,182 - INFO - fastread - 31, 50
2019-01-25 13:59:21,186 - INFO - fastread - 39, 60
2019-01-25 13:59:21,191 - INFO - fastread - 39, 70
2019-01-25 13:59:21,195 - INFO - fastread - 41, 80
2019-01-25 13:59:21,199 - INFO - fastread - 44, 90
2019-01-25 13:59:21,204 - INFO - fastread - 47, 100
2019-01-25 13:59:21,208 - INFO - fastread - 51, 110
2019-01-25 13:59:21,212 - INFO - fastread - 55, 120
2019-01-25 13:59:21,217 - INFO - fastread - 57, 130
2019-01-25 13:59:21,221 - INFO - fastread - 57, 140
2019-01-25 13:59:21,225 - INFO - fastread - 61, 150
2019-01-25 13:59:21,230 - INFO - fastread - 65, 160
2019-01-25 13:59:21,234 - INFO - fastread - 65, 170
2019-01-25 13:59:21,238 - INFO - fastread - 67, 180
2019-01-25 13:59:21,243 - INFO - fastread - 68, 190
2019-01-25 13:59:21,247 - INFO - fastread - 70, 200
2019-01-25 13:59:21,252 - INFO - fastread - 71, 210
2019-01-25 13:59:21,256 - INFO - fastread - 73, 220
2019-01-25 13:59:21,260 - INFO - fastread - 74, 230
2019-01-25 13:59:21,265 - INFO - fastread - 75, 240
2019-01-25 13:59:21,269 - INFO - fastread - 75, 250
2019-01-25 13:59:21,273 - INFO - fastread - 75, 260
2019-01-25 13:59:21,278 - INFO - fastread - 75, 270
2019-01-25 13:59:21,282 - INFO - fastread - 76, 280
2019-01-25 13:59:21,287 - INFO - fastread - 76, 290
2019-01-25 13:59:21,291 - INFO - fastread - 76, 300
2019-01-25 13:59:21,295 - INFO - fastread - 76, 310
2019-01-25 13:59:21,300 - INFO - fastread - 76, 320
2019-01-25 13:59:21,304 - INFO - fastread - 76, 330
2019-01-25 13:59:21,309 - INFO - fastread - 76, 340
2019-01-25 13:59:21,313 - INFO - fastread - 76, 350
2019-01-25 13:59:21,317 - INFO - fastread - 76, 360
2019-01-25 13:59:21,322 - INFO - fastread - 76, 370
2019-01-25 13:59:21,326 - INFO - fastread - 76, 380
2019-01-25 13:59:21,331 - INFO - fastread - 76, 390
2019-01-25 13:59:21,335 - INFO - fastread - 76, 400
2019-01-25 13:59:21,339 - INFO - fastread - 76, 410
2019-01-25 13:59:21,344 - INFO - fastread - 76, 420
2019-01-25 13:59:21,348 - INFO - fastread - 76, 430
2019-01-25 13:59:21,353 - INFO - fastread - 76, 440
2019-01-25 13:59:21,357 - INFO - fastread - 76, 450
2019-01-25 13:59:21,361 - INFO - fastread - 77, 460
2019-01-25 13:59:21,366 - INFO - fastread - 78, 470
2019-01-25 13:59:21,370 - INFO - fastread - 78, 480
2019-01-25 13:59:21,375 - INFO - fastread - 79, 490
2019-01-25 13:59:21,379 - INFO - fastread - 80, 500
2019-01-25 13:59:21,383 - INFO - fastread - 82, 510
2019-01-25 13:59:21,388 - INFO - fastread - 83, 520
2019-01-25 13:59:21,392 - INFO - fastread - 83, 530
2019-01-25 13:59:21,397 - INFO - fastread - 84, 540
2019-01-25 13:59:21,401 - INFO - fastread - 86, 550
2019-01-25 13:59:21,406 - INFO - fastread - 87, 560
2019-01-25 13:59:21,410 - INFO - fastread - 87, 570
2019-01-25 13:59:21,414 - INFO - fastread - 87, 580
2019-01-25 13:59:21,419 - INFO - fastread - 87, 590
2019-01-25 13:59:21,423 - INFO - fastread - 87, 600
2019-01-25 13:59:21,428 - INFO - fastread - 87, 610
2019-01-25 13:59:21,432 - INFO - fastread - 87, 620
2019-01-25 13:59:21,437 - INFO - fastread - 87, 630
2019-01-25 13:59:21,441 - INFO - fastread - 87, 640
2019-01-25 13:59:21,446 - INFO - fastread - 87, 650
2019-01-25 13:59:21,450 - INFO - fastread - 89, 660
2019-01-25 13:59:21,455 - INFO - fastread - 89, 670
2019-01-25 13:59:21,459 - INFO - fastread - 92, 680
2019-01-25 13:59:21,463 - INFO - fastread - 92, 690
2019-01-25 13:59:21,468 - INFO - fastread - 92, 700
2019-01-25 13:59:21,472 - INFO - fastread - 92, 710
2019-01-25 13:59:21,477 - INFO - fastread - 92, 720
2019-01-25 13:59:21,481 - INFO - fastread - 92, 730
2019-01-25 13:59:21,486 - INFO - fastread - 92, 740
2019-01-25 13:59:21,490 - INFO - fastread - 92, 750
2019-01-25 13:59:21,495 - INFO - fastread - 92, 760
2019-01-25 13:59:21,499 - INFO - fastread - 92, 770
2019-01-25 13:59:21,504 - INFO - fastread - 92, 780
2019-01-25 13:59:21,508 - INFO - fastread - 92, 790
2019-01-25 13:59:21,513 - INFO - fastread - 92, 800
2019-01-25 13:59:21,517 - INFO - fastread - 92, 810
2019-01-25 13:59:21,522 - INFO - fastread - 92, 820
2019-01-25 13:59:21,526 - INFO - fastread - 92, 830
2019-01-25 13:59:21,531 - INFO - fastread - 92, 840
2019-01-25 13:59:21,535 - INFO - fastread - 93, 850
2019-01-25 13:59:21,540 - INFO - fastread - 93, 860
2019-01-25 13:59:21,544 - INFO - fastread - 93, 870
2019-01-25 13:59:21,549 - INFO - fastread - 93, 880
2019-01-25 13:59:21,553 - INFO - fastread - 94, 890
2019-01-25 13:59:21,558 - INFO - fastread - 94, 900
2019-01-25 13:59:21,562 - INFO - fastread - 94, 910
2019-01-25 13:59:21,567 - INFO - fastread - 95, 920
2019-01-25 13:59:21,571 - INFO - fastread - 95, 930
2019-01-25 13:59:21,576 - INFO - fastread - 95, 940
2019-01-25 13:59:21,580 - INFO - fastread - 95, 950
2019-01-25 13:59:21,585 - INFO - fastread - 95, 960
2019-01-25 13:59:21,589 - INFO - fastread - 95, 970
2019-01-25 13:59:21,594 - INFO - fastread - 95, 980
2019-01-25 13:59:21,598 - INFO - fastread - 95, 990
2019-01-25 13:59:21,603 - INFO - fastread - 95, 1000
2019-01-25 13:59:21,607 - INFO - fastread - 95, 1010
2019-01-25 13:59:21,612 - INFO - fastread - 95, 1020
2019-01-25 13:59:21,616 - INFO - fastread - 95, 1030
2019-01-25 13:59:21,621 - INFO - fastread - 95, 1040
2019-01-25 13:59:21,626 - INFO - fastread - 95, 1050
2019-01-25 13:59:21,630 - INFO - fastread - 95, 1060
2019-01-25 13:59:21,635 - INFO - fastread - 95, 1070
2019-01-25 13:59:21,639 - INFO - fastread - 95, 1080
2019-01-25 13:59:21,644 - INFO - fastread - 95, 1090
2019-01-25 13:59:21,648 - INFO - fastread - 95, 1100
2019-01-25 13:59:21,653 - INFO - fastread - 95, 1110
2019-01-25 13:59:21,657 - INFO - fastread - 95, 1120
2019-01-25 13:59:21,662 - INFO - fastread - 95, 1130
2019-01-25 13:59:21,666 - INFO - fastread - 95, 1140
2019-01-25 13:59:21,671 - INFO - fastread - 95, 1150
2019-01-25 13:59:21,676 - INFO - fastread - 95, 1160
2019-01-25 13:59:21,680 - INFO - fastread - 95, 1170
2019-01-25 13:59:21,685 - INFO - fastread - 95, 1180
2019-01-25 13:59:21,689 - INFO - fastread - 95, 1190
2019-01-25 13:59:21,694 - INFO - fastread - 95, 1200
2019-01-25 13:59:21,698 - INFO - fastread - 95, 1210
2019-01-25 13:59:21,703 - INFO - fastread - 95, 1220
2019-01-25 13:59:21,708 - INFO - fastread - 95, 1230
2019-01-25 13:59:21,712 - INFO - fastread - 95, 1240
2019-01-25 13:59:21,717 - INFO - fastread - 95, 1250
2019-01-25 13:59:21,721 - INFO - fastread - 95, 1260
2019-01-25 13:59:21,726 - INFO - fastread - 95, 1270
2019-01-25 13:59:21,731 - INFO - fastread - 95, 1280
2019-01-25 13:59:21,735 - INFO - fastread - 95, 1290
2019-01-25 13:59:21,740 - INFO - fastread - 95, 1300
2019-01-25 13:59:21,744 - INFO - fastread - 96, 1310
2019-01-25 13:59:21,749 - INFO - fastread - 96, 1320
2019-01-25 13:59:21,754 - INFO - fastread - 96, 1330
2019-01-25 13:59:21,758 - INFO - fastread - 96, 1340
2019-01-25 13:59:21,763 - INFO - fastread - 96, 1350
2019-01-25 13:59:21,767 - INFO - fastread - 96, 1360
2019-01-25 13:59:21,772 - INFO - fastread - 96, 1370
2019-01-25 13:59:21,777 - INFO - fastread - 96, 1380
2019-01-25 13:59:21,781 - INFO - fastread - 96, 1390
2019-01-25 13:59:21,786 - INFO - fastread - 96, 1400
2019-01-25 13:59:21,790 - INFO - fastread - 96, 1410
2019-01-25 13:59:21,795 - INFO - fastread - 96, 1420
2019-01-25 13:59:21,800 - INFO - fastread - 96, 1430
2019-01-25 13:59:21,804 - INFO - fastread - 96, 1440
2019-01-25 13:59:21,809 - INFO - fastread - 96, 1450
2019-01-25 13:59:21,813 - INFO - fastread - 96, 1460
2019-01-25 13:59:21,818 - INFO - fastread - 96, 1470
2019-01-25 13:59:21,823 - INFO - fastread - 96, 1480
2019-01-25 13:59:21,827 - INFO - fastread - 96, 1490
2019-01-25 13:59:21,832 - INFO - fastread - 96, 1500
2019-01-25 13:59:21,837 - INFO - fastread - 96, 1510
2019-01-25 13:59:21,841 - INFO - fastread - 96, 1520
2019-01-25 13:59:21,846 - INFO - fastread - 96, 1530
2019-01-25 13:59:21,850 - INFO - fastread - 96, 1540
2019-01-25 13:59:21,855 - INFO - fastread - 96, 1550
2019-01-25 13:59:21,860 - INFO - fastread - 96, 1560
2019-01-25 13:59:21,864 - INFO - fastread - 96, 1570
2019-01-25 13:59:21,869 - INFO - fastread - 96, 1580
2019-01-25 13:59:21,874 - INFO - fastread - 96, 1590
2019-01-25 13:59:21,878 - INFO - fastread - 96, 1600
2019-01-25 13:59:21,883 - INFO - fastread - 96, 1610
2019-01-25 13:59:21,888 - INFO - fastread - 96, 1620
2019-01-25 13:59:21,892 - INFO - fastread - 96, 1630
2019-01-25 13:59:21,897 - INFO - fastread - 96, 1640
2019-01-25 13:59:21,902 - INFO - fastread - 96, 1650
2019-01-25 13:59:21,906 - INFO - fastread - 96, 1660
2019-01-25 13:59:21,911 - INFO - fastread - 96, 1670
2019-01-25 13:59:21,916 - INFO - fastread - 96, 1680
2019-01-25 13:59:21,920 - INFO - fastread - 96, 1690
2019-01-25 13:59:21,925 - INFO - fastread - 96, 1700
2019-01-25 13:59:21,930 - INFO - fastread - 96, 1710
2019-01-25 13:59:21,934 - INFO - fastread - 96, 1720
2019-01-25 13:59:21,939 - INFO - fastread - 96, 1730
2019-01-25 13:59:21,944 - INFO - fastread - 96, 1740
2019-01-25 13:59:21,948 - INFO - fastread - 96, 1750
2019-01-25 13:59:21,953 - INFO - fastread - 96, 1760
2019-01-25 13:59:21,958 - INFO - fastread - 96, 1770
2019-01-25 13:59:21,962 - INFO - fastread - 96, 1780
2019-01-25 13:59:21,967 - INFO - fastread - 96, 1790
2019-01-25 13:59:21,972 - INFO - fastread - 96, 1800
2019-01-25 13:59:21,976 - INFO - fastread - 96, 1810
2019-01-25 13:59:21,981 - INFO - fastread - 96, 1820
2019-01-25 13:59:21,986 - INFO - fastread - 96, 1830
2019-01-25 13:59:21,990 - INFO - fastread - 96, 1840
2019-01-25 13:59:21,995 - INFO - fastread - 96, 1850
2019-01-25 13:59:22,000 - INFO - fastread - 96, 1860
2019-01-25 13:59:22,005 - INFO - fastread - 96, 1870
2019-01-25 13:59:22,009 - INFO - fastread - 96, 1880
2019-01-25 13:59:22,014 - INFO - fastread - 96, 1890
2019-01-25 13:59:22,019 - INFO - fastread - 96, 1900
2019-01-25 13:59:22,023 - INFO - fastread - 96, 1910
2019-01-25 13:59:22,028 - INFO - fastread - 96, 1920
2019-01-25 13:59:22,033 - INFO - fastread - 96, 1930
2019-01-25 13:59:22,038 - INFO - fastread - 96, 1940
2019-01-25 13:59:22,042 - INFO - fastread - 96, 1950
2019-01-25 13:59:22,047 - INFO - fastread - 96, 1960
2019-01-25 13:59:22,052 - INFO - fastread - 96, 1970
2019-01-25 13:59:22,056 - INFO - fastread - 96, 1980
2019-01-25 13:59:22,061 - INFO - fastread - 96, 1990
2019-01-25 13:59:22,066 - INFO - fastread - 96, 2000
2019-01-25 13:59:22,071 - INFO - fastread - 96, 2010
2019-01-25 13:59:22,075 - INFO - fastread - 96, 2020
2019-01-25 13:59:22,080 - INFO - fastread - 96, 2030
2019-01-25 13:59:22,085 - INFO - fastread - 96, 2040
2019-01-25 13:59:22,089 - INFO - fastread - 96, 2050
2019-01-25 13:59:22,094 - INFO - fastread - 96, 2060
2019-01-25 13:59:22,099 - INFO - fastread - 96, 2070
2019-01-25 13:59:22,104 - INFO - fastread - 96, 2080
2019-01-25 13:59:22,108 - INFO - fastread - 96, 2090
2019-01-25 13:59:22,113 - INFO - fastread - 96, 2100
2019-01-25 13:59:22,118 - INFO - fastread - 96, 2110
2019-01-25 13:59:22,123 - INFO - fastread - 96, 2120
2019-01-25 13:59:22,127 - INFO - fastread - 96, 2130
2019-01-25 13:59:22,132 - INFO - fastread - 96, 2140
2019-01-25 13:59:22,137 - INFO - fastread - 96, 2150
2019-01-25 13:59:22,142 - INFO - fastread - 96, 2160
2019-01-25 13:59:22,146 - INFO - fastread - 96, 2170
2019-01-25 13:59:22,151 - INFO - fastread - 96, 2180
2019-01-25 13:59:22,156 - INFO - fastread - 96, 2190
2019-01-25 13:59:22,161 - INFO - fastread - 96, 2200
2019-01-25 13:59:22,165 - INFO - fastread - 96, 2210
2019-01-25 13:59:22,170 - INFO - fastread - 96, 2220
2019-01-25 13:59:22,175 - INFO - fastread - 96, 2230
2019-01-25 13:59:22,180 - INFO - fastread - 96, 2240
2019-01-25 13:59:22,184 - INFO - fastread - 96, 2250
2019-01-25 13:59:22,189 - INFO - fastread - 96, 2260
2019-01-25 13:59:22,194 - INFO - fastread - 96, 2270
2019-01-25 13:59:22,199 - INFO - fastread - 96, 2280
2019-01-25 13:59:22,203 - INFO - fastread - 96, 2290
2019-01-25 13:59:22,208 - INFO - fastread - 96, 2300
2019-01-25 13:59:22,213 - INFO - fastread - 96, 2310
2019-01-25 13:59:22,218 - INFO - fastread - 96, 2320
2019-01-25 13:59:22,222 - INFO - fastread - 96, 2330
2019-01-25 13:59:22,227 - INFO - fastread - 96, 2340
2019-01-25 13:59:22,232 - INFO - fastread - 96, 2350
2019-01-25 13:59:22,237 - INFO - fastread - 96, 2360
2019-01-25 13:59:22,242 - INFO - fastread - 96, 2370
2019-01-25 13:59:22,246 - INFO - fastread - 96, 2380
2019-01-25 13:59:22,251 - INFO - fastread - 96, 2390
2019-01-25 13:59:22,256 - INFO - fastread - 96, 2400
2019-01-25 13:59:22,261 - INFO - fastread - 96, 2410
2019-01-25 13:59:22,265 - INFO - fastread - 96, 2420
2019-01-25 13:59:22,270 - INFO - fastread - 96, 2430
2019-01-25 13:59:22,275 - INFO - fastread - 96, 2440
2019-01-25 13:59:22,280 - INFO - fastread - 96, 2450
2019-01-25 13:59:22,285 - INFO - fastread - 96, 2460
2019-01-25 13:59:22,289 - INFO - fastread - 96, 2470
2019-01-25 13:59:22,294 - INFO - fastread - 96, 2480
2019-01-25 13:59:22,299 - INFO - fastread - 96, 2490
2019-01-25 13:59:22,304 - INFO - fastread - 97, 2500
2019-01-25 13:59:22,309 - INFO - fastread - 97, 2510
2019-01-25 13:59:22,314 - INFO - fastread - 97, 2520
2019-01-25 13:59:22,318 - INFO - fastread - 97, 2530
2019-01-25 13:59:22,323 - INFO - fastread - 100, 2540
2019-01-25 13:59:22,339 - INFO - rig - ++++NEW CLF++++ DT
2019-01-25 13:59:22,339 - INFO - fastread - Total Yes: 104 | Total No: 4285
2019-01-25 13:59:41,514 - INFO - fastread - 5, 10
2019-01-25 13:59:41,518 - INFO - fastread - 6, 20
2019-01-25 13:59:41,523 - INFO - fastread - 12, 30
2019-01-25 13:59:41,527 - INFO - fastread - 14, 40
2019-01-25 13:59:41,531 - INFO - fastread - 20, 50
2019-01-25 13:59:41,536 - INFO - fastread - 25, 60
2019-01-25 13:59:41,540 - INFO - fastread - 31, 70
2019-01-25 13:59:41,544 - INFO - fastread - 34, 80
2019-01-25 13:59:41,549 - INFO - fastread - 37, 90
2019-01-25 13:59:41,553 - INFO - fastread - 43, 100
2019-01-25 13:59:41,557 - INFO - fastread - 48, 110
2019-01-25 13:59:41,561 - INFO - fastread - 48, 120
2019-01-25 13:59:41,566 - INFO - fastread - 48, 130
2019-01-25 13:59:41,570 - INFO - fastread - 48, 140
2019-01-25 13:59:41,574 - INFO - fastread - 48, 150
2019-01-25 13:59:41,579 - INFO - fastread - 48, 160
2019-01-25 13:59:41,583 - INFO - fastread - 48, 170
2019-01-25 13:59:41,587 - INFO - fastread - 48, 180
2019-01-25 13:59:41,592 - INFO - fastread - 49, 190
2019-01-25 13:59:41,596 - INFO - fastread - 49, 200
2019-01-25 13:59:41,600 - INFO - fastread - 49, 210
2019-01-25 13:59:41,605 - INFO - fastread - 49, 220
2019-01-25 13:59:41,609 - INFO - fastread - 49, 230
2019-01-25 13:59:41,613 - INFO - fastread - 49, 240
2019-01-25 13:59:41,618 - INFO - fastread - 50, 250
2019-01-25 13:59:41,622 - INFO - fastread - 50, 260
2019-01-25 13:59:41,627 - INFO - fastread - 50, 270
2019-01-25 13:59:41,631 - INFO - fastread - 51, 280
2019-01-25 13:59:41,635 - INFO - fastread - 51, 290
2019-01-25 13:59:41,640 - INFO - fastread - 51, 300
2019-01-25 13:59:41,644 - INFO - fastread - 51, 310
2019-01-25 13:59:41,648 - INFO - fastread - 51, 320
2019-01-25 13:59:41,653 - INFO - fastread - 51, 330
2019-01-25 13:59:41,657 - INFO - fastread - 51, 340
2019-01-25 13:59:41,661 - INFO - fastread - 52, 350
2019-01-25 13:59:41,666 - INFO - fastread - 52, 360
2019-01-25 13:59:41,670 - INFO - fastread - 52, 370
2019-01-25 13:59:41,675 - INFO - fastread - 52, 380
2019-01-25 13:59:41,679 - INFO - fastread - 52, 390
2019-01-25 13:59:41,683 - INFO - fastread - 52, 400
2019-01-25 13:59:41,688 - INFO - fastread - 52, 410
2019-01-25 13:59:41,692 - INFO - fastread - 52, 420
2019-01-25 13:59:41,696 - INFO - fastread - 52, 430
2019-01-25 13:59:41,701 - INFO - fastread - 52, 440
2019-01-25 13:59:41,705 - INFO - fastread - 52, 450
2019-01-25 13:59:41,710 - INFO - fastread - 52, 460
2019-01-25 13:59:41,714 - INFO - fastread - 52, 470
2019-01-25 13:59:41,718 - INFO - fastread - 52, 480
2019-01-25 13:59:41,723 - INFO - fastread - 52, 490
2019-01-25 13:59:41,727 - INFO - fastread - 52, 500
2019-01-25 13:59:41,732 - INFO - fastread - 52, 510
2019-01-25 13:59:41,736 - INFO - fastread - 52, 520
2019-01-25 13:59:41,740 - INFO - fastread - 53, 530
2019-01-25 13:59:41,745 - INFO - fastread - 53, 540
2019-01-25 13:59:41,749 - INFO - fastread - 53, 550
2019-01-25 13:59:41,754 - INFO - fastread - 53, 560
2019-01-25 13:59:41,758 - INFO - fastread - 53, 570
2019-01-25 13:59:41,763 - INFO - fastread - 53, 580
2019-01-25 13:59:41,767 - INFO - fastread - 53, 590
2019-01-25 13:59:41,771 - INFO - fastread - 53, 600
2019-01-25 13:59:41,776 - INFO - fastread - 53, 610
2019-01-25 13:59:41,780 - INFO - fastread - 53, 620
2019-01-25 13:59:41,785 - INFO - fastread - 53, 630
2019-01-25 13:59:41,789 - INFO - fastread - 54, 640
2019-01-25 13:59:41,794 - INFO - fastread - 54, 650
2019-01-25 13:59:41,798 - INFO - fastread - 54, 660
2019-01-25 13:59:41,802 - INFO - fastread - 54, 670
2019-01-25 13:59:41,807 - INFO - fastread - 54, 680
2019-01-25 13:59:41,811 - INFO - fastread - 54, 690
2019-01-25 13:59:41,816 - INFO - fastread - 54, 700
2019-01-25 13:59:41,820 - INFO - fastread - 54, 710
2019-01-25 13:59:41,825 - INFO - fastread - 54, 720
2019-01-25 13:59:41,829 - INFO - fastread - 55, 730
2019-01-25 13:59:41,834 - INFO - fastread - 55, 740
2019-01-25 13:59:41,838 - INFO - fastread - 55, 750
2019-01-25 13:59:41,843 - INFO - fastread - 55, 760
2019-01-25 13:59:41,847 - INFO - fastread - 55, 770
2019-01-25 13:59:41,851 - INFO - fastread - 55, 780
2019-01-25 13:59:41,856 - INFO - fastread - 55, 790
2019-01-25 13:59:41,860 - INFO - fastread - 55, 800
2019-01-25 13:59:41,865 - INFO - fastread - 55, 810
2019-01-25 13:59:41,869 - INFO - fastread - 55, 820
2019-01-25 13:59:41,874 - INFO - fastread - 56, 830
2019-01-25 13:59:41,878 - INFO - fastread - 56, 840
2019-01-25 13:59:41,883 - INFO - fastread - 56, 850
2019-01-25 13:59:41,887 - INFO - fastread - 57, 860
2019-01-25 13:59:41,892 - INFO - fastread - 57, 870
2019-01-25 13:59:41,896 - INFO - fastread - 57, 880
2019-01-25 13:59:41,901 - INFO - fastread - 57, 890
2019-01-25 13:59:41,905 - INFO - fastread - 57, 900
2019-01-25 13:59:41,910 - INFO - fastread - 58, 910
2019-01-25 13:59:41,914 - INFO - fastread - 58, 920
2019-01-25 13:59:41,919 - INFO - fastread - 58, 930
2019-01-25 13:59:41,923 - INFO - fastread - 58, 940
2019-01-25 13:59:41,928 - INFO - fastread - 58, 950
2019-01-25 13:59:41,932 - INFO - fastread - 58, 960
2019-01-25 13:59:41,937 - INFO - fastread - 58, 970
2019-01-25 13:59:41,941 - INFO - fastread - 58, 980
2019-01-25 13:59:41,946 - INFO - fastread - 59, 990
2019-01-25 13:59:41,950 - INFO - fastread - 59, 1000
2019-01-25 13:59:41,955 - INFO - fastread - 59, 1010
2019-01-25 13:59:41,959 - INFO - fastread - 59, 1020
2019-01-25 13:59:41,964 - INFO - fastread - 59, 1030
2019-01-25 13:59:41,968 - INFO - fastread - 59, 1040
2019-01-25 13:59:41,973 - INFO - fastread - 59, 1050
2019-01-25 13:59:41,977 - INFO - fastread - 59, 1060
2019-01-25 13:59:41,982 - INFO - fastread - 59, 1070
2019-01-25 13:59:41,986 - INFO - fastread - 59, 1080
2019-01-25 13:59:41,991 - INFO - fastread - 60, 1090
2019-01-25 13:59:41,995 - INFO - fastread - 60, 1100
2019-01-25 13:59:42,000 - INFO - fastread - 61, 1110
2019-01-25 13:59:42,004 - INFO - fastread - 61, 1120
2019-01-25 13:59:42,009 - INFO - fastread - 61, 1130
2019-01-25 13:59:42,013 - INFO - fastread - 61, 1140
2019-01-25 13:59:42,018 - INFO - fastread - 62, 1150
2019-01-25 13:59:42,022 - INFO - fastread - 62, 1160
2019-01-25 13:59:42,027 - INFO - fastread - 62, 1170
2019-01-25 13:59:42,032 - INFO - fastread - 62, 1180
2019-01-25 13:59:42,036 - INFO - fastread - 62, 1190
2019-01-25 13:59:42,041 - INFO - fastread - 63, 1200
2019-01-25 13:59:42,045 - INFO - fastread - 63, 1210
2019-01-25 13:59:42,050 - INFO - fastread - 64, 1220
2019-01-25 13:59:42,054 - INFO - fastread - 64, 1230
2019-01-25 13:59:42,059 - INFO - fastread - 65, 1240
2019-01-25 13:59:42,064 - INFO - fastread - 65, 1250
2019-01-25 13:59:42,068 - INFO - fastread - 65, 1260
2019-01-25 13:59:42,073 - INFO - fastread - 65, 1270
2019-01-25 13:59:42,077 - INFO - fastread - 65, 1280
2019-01-25 13:59:42,082 - INFO - fastread - 65, 1290
2019-01-25 13:59:42,086 - INFO - fastread - 65, 1300
2019-01-25 13:59:42,091 - INFO - fastread - 65, 1310
2019-01-25 13:59:42,096 - INFO - fastread - 65, 1320
2019-01-25 13:59:42,100 - INFO - fastread - 65, 1330
2019-01-25 13:59:42,105 - INFO - fastread - 65, 1340
2019-01-25 13:59:42,109 - INFO - fastread - 65, 1350
2019-01-25 13:59:42,114 - INFO - fastread - 65, 1360
2019-01-25 13:59:42,118 - INFO - fastread - 65, 1370
2019-01-25 13:59:42,123 - INFO - fastread - 65, 1380
2019-01-25 13:59:42,128 - INFO - fastread - 65, 1390
2019-01-25 13:59:42,132 - INFO - fastread - 65, 1400
2019-01-25 13:59:42,137 - INFO - fastread - 65, 1410
2019-01-25 13:59:42,141 - INFO - fastread - 65, 1420
2019-01-25 13:59:42,146 - INFO - fastread - 65, 1430
2019-01-25 13:59:42,151 - INFO - fastread - 65, 1440
2019-01-25 13:59:42,155 - INFO - fastread - 65, 1450
2019-01-25 13:59:42,160 - INFO - fastread - 66, 1460
2019-01-25 13:59:42,164 - INFO - fastread - 66, 1470
2019-01-25 13:59:42,169 - INFO - fastread - 66, 1480
2019-01-25 13:59:42,174 - INFO - fastread - 66, 1490
2019-01-25 13:59:42,178 - INFO - fastread - 66, 1500
2019-01-25 13:59:42,183 - INFO - fastread - 66, 1510
2019-01-25 13:59:42,187 - INFO - fastread - 66, 1520
2019-01-25 13:59:42,192 - INFO - fastread - 66, 1530
2019-01-25 13:59:42,197 - INFO - fastread - 66, 1540
2019-01-25 13:59:42,201 - INFO - fastread - 66, 1550
2019-01-25 13:59:42,206 - INFO - fastread - 66, 1560
2019-01-25 13:59:42,210 - INFO - fastread - 66, 1570
2019-01-25 13:59:42,215 - INFO - fastread - 66, 1580
2019-01-25 13:59:42,220 - INFO - fastread - 66, 1590
2019-01-25 13:59:42,224 - INFO - fastread - 66, 1600
2019-01-25 13:59:42,229 - INFO - fastread - 66, 1610
2019-01-25 13:59:42,234 - INFO - fastread - 67, 1620
2019-01-25 13:59:42,238 - INFO - fastread - 67, 1630
2019-01-25 13:59:42,243 - INFO - fastread - 67, 1640
2019-01-25 13:59:42,247 - INFO - fastread - 67, 1650
2019-01-25 13:59:42,252 - INFO - fastread - 67, 1660
2019-01-25 13:59:42,257 - INFO - fastread - 67, 1670
2019-01-25 13:59:42,261 - INFO - fastread - 67, 1680
2019-01-25 13:59:42,266 - INFO - fastread - 67, 1690
2019-01-25 13:59:42,271 - INFO - fastread - 67, 1700
2019-01-25 13:59:42,275 - INFO - fastread - 67, 1710
2019-01-25 13:59:42,280 - INFO - fastread - 67, 1720
2019-01-25 13:59:42,285 - INFO - fastread - 67, 1730
2019-01-25 13:59:42,289 - INFO - fastread - 67, 1740
2019-01-25 13:59:42,294 - INFO - fastread - 67, 1750
2019-01-25 13:59:42,299 - INFO - fastread - 67, 1760
2019-01-25 13:59:42,303 - INFO - fastread - 68, 1770
2019-01-25 13:59:42,308 - INFO - fastread - 69, 1780
2019-01-25 13:59:42,313 - INFO - fastread - 69, 1790
2019-01-25 13:59:42,317 - INFO - fastread - 69, 1800
2019-01-25 13:59:42,322 - INFO - fastread - 69, 1810
2019-01-25 13:59:42,327 - INFO - fastread - 69, 1820
2019-01-25 13:59:42,331 - INFO - fastread - 69, 1830
2019-01-25 13:59:42,336 - INFO - fastread - 69, 1840
2019-01-25 13:59:42,341 - INFO - fastread - 69, 1850
2019-01-25 13:59:42,345 - INFO - fastread - 69, 1860
2019-01-25 13:59:42,350 - INFO - fastread - 69, 1870
2019-01-25 13:59:42,355 - INFO - fastread - 69, 1880
2019-01-25 13:59:42,359 - INFO - fastread - 69, 1890
2019-01-25 13:59:42,364 - INFO - fastread - 69, 1900
2019-01-25 13:59:42,369 - INFO - fastread - 70, 1910
2019-01-25 13:59:42,373 - INFO - fastread - 71, 1920
2019-01-25 13:59:42,378 - INFO - fastread - 71, 1930
2019-01-25 13:59:42,383 - INFO - fastread - 71, 1940
2019-01-25 13:59:42,387 - INFO - fastread - 71, 1950
2019-01-25 13:59:42,392 - INFO - fastread - 71, 1960
2019-01-25 13:59:42,397 - INFO - fastread - 71, 1970
2019-01-25 13:59:42,401 - INFO - fastread - 71, 1980
2019-01-25 13:59:42,406 - INFO - fastread - 71, 1990
2019-01-25 13:59:42,411 - INFO - fastread - 71, 2000
2019-01-25 13:59:42,416 - INFO - fastread - 71, 2010
2019-01-25 13:59:42,420 - INFO - fastread - 71, 2020
2019-01-25 13:59:42,425 - INFO - fastread - 71, 2030
2019-01-25 13:59:42,430 - INFO - fastread - 71, 2040
2019-01-25 13:59:42,434 - INFO - fastread - 71, 2050
2019-01-25 13:59:42,439 - INFO - fastread - 71, 2060
2019-01-25 13:59:42,444 - INFO - fastread - 71, 2070
2019-01-25 13:59:42,449 - INFO - fastread - 71, 2080
2019-01-25 13:59:42,453 - INFO - fastread - 71, 2090
2019-01-25 13:59:42,458 - INFO - fastread - 71, 2100
2019-01-25 13:59:42,463 - INFO - fastread - 71, 2110
2019-01-25 13:59:42,467 - INFO - fastread - 71, 2120
2019-01-25 13:59:42,472 - INFO - fastread - 71, 2130
2019-01-25 13:59:42,477 - INFO - fastread - 71, 2140
2019-01-25 13:59:42,482 - INFO - fastread - 71, 2150
2019-01-25 13:59:42,486 - INFO - fastread - 71, 2160
2019-01-25 13:59:42,491 - INFO - fastread - 72, 2170
2019-01-25 13:59:42,496 - INFO - fastread - 72, 2180
2019-01-25 13:59:42,500 - INFO - fastread - 72, 2190
2019-01-25 13:59:42,505 - INFO - fastread - 73, 2200
2019-01-25 13:59:42,510 - INFO - fastread - 73, 2210
2019-01-25 13:59:42,515 - INFO - fastread - 73, 2220
2019-01-25 13:59:42,519 - INFO - fastread - 73, 2230
2019-01-25 13:59:42,524 - INFO - fastread - 73, 2240
2019-01-25 13:59:42,529 - INFO - fastread - 73, 2250
2019-01-25 13:59:42,534 - INFO - fastread - 73, 2260
2019-01-25 13:59:42,538 - INFO - fastread - 73, 2270
2019-01-25 13:59:42,543 - INFO - fastread - 73, 2280
2019-01-25 13:59:42,548 - INFO - fastread - 73, 2290
2019-01-25 13:59:42,553 - INFO - fastread - 74, 2300
2019-01-25 13:59:42,558 - INFO - fastread - 74, 2310
2019-01-25 13:59:42,562 - INFO - fastread - 74, 2320
2019-01-25 13:59:42,567 - INFO - fastread - 74, 2330
2019-01-25 13:59:42,572 - INFO - fastread - 74, 2340
2019-01-25 13:59:42,577 - INFO - fastread - 74, 2350
2019-01-25 13:59:42,581 - INFO - fastread - 74, 2360
2019-01-25 13:59:42,586 - INFO - fastread - 74, 2370
2019-01-25 13:59:42,591 - INFO - fastread - 74, 2380
2019-01-25 13:59:42,596 - INFO - fastread - 75, 2390
2019-01-25 13:59:42,600 - INFO - fastread - 75, 2400
2019-01-25 13:59:42,605 - INFO - fastread - 75, 2410
2019-01-25 13:59:42,610 - INFO - fastread - 75, 2420
2019-01-25 13:59:42,615 - INFO - fastread - 75, 2430
2019-01-25 13:59:42,620 - INFO - fastread - 75, 2440
2019-01-25 13:59:42,624 - INFO - fastread - 77, 2450
2019-01-25 13:59:42,629 - INFO - fastread - 77, 2460
2019-01-25 13:59:42,634 - INFO - fastread - 77, 2470
2019-01-25 13:59:42,639 - INFO - fastread - 78, 2480
2019-01-25 13:59:42,644 - INFO - fastread - 78, 2490
2019-01-25 13:59:42,648 - INFO - fastread - 78, 2500
2019-01-25 13:59:42,653 - INFO - fastread - 78, 2510
2019-01-25 13:59:42,658 - INFO - fastread - 78, 2520
2019-01-25 13:59:42,663 - INFO - fastread - 78, 2530
2019-01-25 13:59:42,668 - INFO - fastread - 78, 2540
2019-01-25 13:59:42,672 - INFO - fastread - 78, 2550
2019-01-25 13:59:42,677 - INFO - fastread - 78, 2560
2019-01-25 13:59:42,682 - INFO - fastread - 80, 2570
2019-01-25 13:59:42,687 - INFO - fastread - 80, 2580
2019-01-25 13:59:42,692 - INFO - fastread - 80, 2590
2019-01-25 13:59:42,696 - INFO - fastread - 80, 2600
2019-01-25 13:59:42,701 - INFO - fastread - 80, 2610
2019-01-25 13:59:42,706 - INFO - fastread - 80, 2620
2019-01-25 13:59:42,711 - INFO - fastread - 80, 2630
2019-01-25 13:59:42,716 - INFO - fastread - 80, 2640
2019-01-25 13:59:42,721 - INFO - fastread - 80, 2650
2019-01-25 13:59:42,725 - INFO - fastread - 80, 2660
2019-01-25 13:59:42,730 - INFO - fastread - 80, 2670
2019-01-25 13:59:42,735 - INFO - fastread - 80, 2680
2019-01-25 13:59:42,740 - INFO - fastread - 80, 2690
2019-01-25 13:59:42,745 - INFO - fastread - 81, 2700
2019-01-25 13:59:42,749 - INFO - fastread - 81, 2710
2019-01-25 13:59:42,754 - INFO - fastread - 81, 2720
2019-01-25 13:59:42,759 - INFO - fastread - 81, 2730
2019-01-25 13:59:42,764 - INFO - fastread - 81, 2740
2019-01-25 13:59:42,769 - INFO - fastread - 82, 2750
2019-01-25 13:59:42,774 - INFO - fastread - 83, 2760
2019-01-25 13:59:42,778 - INFO - fastread - 83, 2770
2019-01-25 13:59:42,783 - INFO - fastread - 83, 2780
2019-01-25 13:59:42,788 - INFO - fastread - 83, 2790
2019-01-25 13:59:42,793 - INFO - fastread - 83, 2800
2019-01-25 13:59:42,798 - INFO - fastread - 84, 2810
2019-01-25 13:59:42,803 - INFO - fastread - 84, 2820
2019-01-25 13:59:42,808 - INFO - fastread - 84, 2830
2019-01-25 13:59:42,812 - INFO - fastread - 84, 2840
2019-01-25 13:59:42,817 - INFO - fastread - 85, 2850
2019-01-25 13:59:42,822 - INFO - fastread - 85, 2860
2019-01-25 13:59:42,827 - INFO - fastread - 85, 2870
2019-01-25 13:59:42,832 - INFO - fastread - 85, 2880
2019-01-25 13:59:42,837 - INFO - fastread - 85, 2890
2019-01-25 13:59:42,842 - INFO - fastread - 85, 2900
2019-01-25 13:59:42,846 - INFO - fastread - 85, 2910
2019-01-25 13:59:42,851 - INFO - fastread - 85, 2920
2019-01-25 13:59:42,856 - INFO - fastread - 85, 2930
2019-01-25 13:59:42,861 - INFO - fastread - 85, 2940
2019-01-25 13:59:42,866 - INFO - fastread - 86, 2950
2019-01-25 13:59:42,871 - INFO - fastread - 86, 2960
2019-01-25 13:59:42,876 - INFO - fastread - 87, 2970
2019-01-25 13:59:42,881 - INFO - fastread - 87, 2980
2019-01-25 13:59:42,885 - INFO - fastread - 87, 2990
2019-01-25 13:59:42,890 - INFO - fastread - 87, 3000
2019-01-25 13:59:42,895 - INFO - fastread - 87, 3010
2019-01-25 13:59:42,900 - INFO - fastread - 87, 3020
2019-01-25 13:59:42,905 - INFO - fastread - 87, 3030
2019-01-25 13:59:42,910 - INFO - fastread - 87, 3040
2019-01-25 13:59:42,915 - INFO - fastread - 87, 3050
2019-01-25 13:59:42,920 - INFO - fastread - 87, 3060
2019-01-25 13:59:42,925 - INFO - fastread - 87, 3070
2019-01-25 13:59:42,929 - INFO - fastread - 87, 3080
2019-01-25 13:59:42,934 - INFO - fastread - 87, 3090
2019-01-25 13:59:42,939 - INFO - fastread - 87, 3100
2019-01-25 13:59:42,944 - INFO - fastread - 87, 3110
2019-01-25 13:59:42,949 - INFO - fastread - 87, 3120
2019-01-25 13:59:42,954 - INFO - fastread - 88, 3130
2019-01-25 13:59:42,959 - INFO - fastread - 88, 3140
2019-01-25 13:59:42,964 - INFO - fastread - 88, 3150
2019-01-25 13:59:42,969 - INFO - fastread - 88, 3160
2019-01-25 13:59:42,974 - INFO - fastread - 88, 3170
2019-01-25 13:59:42,978 - INFO - fastread - 88, 3180
2019-01-25 13:59:42,983 - INFO - fastread - 88, 3190
2019-01-25 13:59:42,988 - INFO - fastread - 88, 3200
2019-01-25 13:59:42,993 - INFO - fastread - 88, 3210
2019-01-25 13:59:42,998 - INFO - fastread - 88, 3220
2019-01-25 13:59:43,003 - INFO - fastread - 90, 3230
2019-01-25 13:59:43,008 - INFO - fastread - 90, 3240
2019-01-25 13:59:43,013 - INFO - fastread - 90, 3250
2019-01-25 13:59:43,018 - INFO - fastread - 90, 3260
2019-01-25 13:59:43,023 - INFO - fastread - 90, 3270
2019-01-25 13:59:43,028 - INFO - fastread - 91, 3280
2019-01-25 13:59:43,033 - INFO - fastread - 91, 3290
2019-01-25 13:59:43,038 - INFO - fastread - 91, 3300
2019-01-25 13:59:43,042 - INFO - fastread - 91, 3310
2019-01-25 13:59:43,047 - INFO - fastread - 92, 3320
2019-01-25 13:59:43,052 - INFO - fastread - 92, 3330
2019-01-25 13:59:43,057 - INFO - fastread - 92, 3340
2019-01-25 13:59:43,062 - INFO - fastread - 92, 3350
2019-01-25 13:59:43,067 - INFO - fastread - 92, 3360
2019-01-25 13:59:43,072 - INFO - fastread - 92, 3370
2019-01-25 13:59:43,077 - INFO - fastread - 92, 3380
2019-01-25 13:59:43,082 - INFO - fastread - 92, 3390
2019-01-25 13:59:43,087 - INFO - fastread - 92, 3400
2019-01-25 13:59:43,092 - INFO - fastread - 92, 3410
2019-01-25 13:59:43,097 - INFO - fastread - 92, 3420
2019-01-25 13:59:43,102 - INFO - fastread - 92, 3430
2019-01-25 13:59:43,107 - INFO - fastread - 92, 3440
2019-01-25 13:59:43,112 - INFO - fastread - 92, 3450
2019-01-25 13:59:43,117 - INFO - fastread - 93, 3460
2019-01-25 13:59:43,122 - INFO - fastread - 93, 3470
2019-01-25 13:59:43,127 - INFO - fastread - 93, 3480
2019-01-25 13:59:43,132 - INFO - fastread - 93, 3490
2019-01-25 13:59:43,137 - INFO - fastread - 93, 3500
2019-01-25 13:59:43,142 - INFO - fastread - 93, 3510
2019-01-25 13:59:43,147 - INFO - fastread - 93, 3520
2019-01-25 13:59:43,151 - INFO - fastread - 93, 3530
2019-01-25 13:59:43,156 - INFO - fastread - 94, 3540
2019-01-25 13:59:43,161 - INFO - fastread - 94, 3550
2019-01-25 13:59:43,166 - INFO - fastread - 94, 3560
2019-01-25 13:59:43,171 - INFO - fastread - 94, 3570
2019-01-25 13:59:43,176 - INFO - fastread - 94, 3580
2019-01-25 13:59:43,181 - INFO - fastread - 94, 3590
2019-01-25 13:59:43,186 - INFO - fastread - 94, 3600
2019-01-25 13:59:43,191 - INFO - fastread - 94, 3610
2019-01-25 13:59:43,196 - INFO - fastread - 95, 3620
2019-01-25 13:59:43,201 - INFO - fastread - 95, 3630
2019-01-25 13:59:43,206 - INFO - fastread - 95, 3640
2019-01-25 13:59:43,211 - INFO - fastread - 95, 3650
2019-01-25 13:59:43,216 - INFO - fastread - 95, 3660
2019-01-25 13:59:43,221 - INFO - fastread - 95, 3670
2019-01-25 13:59:43,226 - INFO - fastread - 95, 3680
2019-01-25 13:59:43,231 - INFO - fastread - 96, 3690
2019-01-25 13:59:43,236 - INFO - fastread - 96, 3700
2019-01-25 13:59:43,241 - INFO - fastread - 97, 3710
2019-01-25 13:59:43,246 - INFO - fastread - 97, 3720
2019-01-25 13:59:43,251 - INFO - fastread - 98, 3730
2019-01-25 13:59:43,256 - INFO - fastread - 98, 3740
2019-01-25 13:59:43,261 - INFO - fastread - 98, 3750
2019-01-25 13:59:43,266 - INFO - fastread - 98, 3760
2019-01-25 13:59:43,271 - INFO - fastread - 98, 3770
2019-01-25 13:59:43,276 - INFO - fastread - 98, 3780
2019-01-25 13:59:43,281 - INFO - fastread - 98, 3790
2019-01-25 13:59:43,286 - INFO - fastread - 98, 3800
2019-01-25 13:59:43,291 - INFO - fastread - 98, 3810
2019-01-25 13:59:43,296 - INFO - fastread - 98, 3820
2019-01-25 13:59:43,302 - INFO - fastread - 98, 3830
2019-01-25 13:59:43,307 - INFO - fastread - 98, 3840
2019-01-25 13:59:43,312 - INFO - fastread - 98, 3850
2019-01-25 13:59:43,317 - INFO - fastread - 98, 3860
2019-01-25 13:59:43,322 - INFO - fastread - 98, 3870
2019-01-25 13:59:43,327 - INFO - fastread - 98, 3880
2019-01-25 13:59:43,332 - INFO - fastread - 98, 3890
2019-01-25 13:59:43,337 - INFO - fastread - 98, 3900
2019-01-25 13:59:43,342 - INFO - fastread - 98, 3910
2019-01-25 13:59:43,347 - INFO - fastread - 98, 3920
2019-01-25 13:59:43,352 - INFO - fastread - 98, 3930
2019-01-25 13:59:43,357 - INFO - fastread - 99, 3940
