2019-01-25 12:46:30,514 - INFO - rig - hibernate-distribution-3.3.2.GA
2019-01-25 12:46:38,903 - INFO - rig - ++++NEW CLF++++ FASTREAD
2019-01-25 12:46:38,904 - INFO - fastread - Total Yes: 472 | Total No: 2496
2019-01-25 12:46:39,845 - INFO - fastread - 0, 0
2019-01-25 12:47:11,236 - INFO - fastread - 152, 159
2019-01-25 12:47:13,794 - INFO - fastread - 152, 169
2019-01-25 12:47:16,358 - INFO - fastread - 152, 179
2019-01-25 12:47:18,931 - INFO - fastread - 152, 189
2019-01-25 12:47:21,525 - INFO - fastread - 152, 199
2019-01-25 12:47:24,134 - INFO - fastread - 152, 209
2019-01-25 12:47:26,738 - INFO - fastread - 152, 219
2019-01-25 12:47:29,360 - INFO - fastread - 154, 229
2019-01-25 12:47:31,994 - INFO - fastread - 154, 239
2019-01-25 12:47:34,625 - INFO - fastread - 154, 249
2019-01-25 12:47:37,273 - INFO - fastread - 154, 259
2019-01-25 12:47:39,925 - INFO - fastread - 154, 269
2019-01-25 12:47:42,579 - INFO - fastread - 154, 279
2019-01-25 12:47:45,244 - INFO - fastread - 155, 289
2019-01-25 12:47:47,927 - INFO - fastread - 155, 299
2019-01-25 12:47:50,625 - INFO - fastread - 155, 309
2019-01-25 12:47:53,331 - INFO - fastread - 155, 319
2019-01-25 12:47:56,010 - INFO - fastread - 155, 329
2019-01-25 12:47:58,721 - INFO - fastread - 157, 339
2019-01-25 12:48:01,468 - INFO - fastread - 157, 349
2019-01-25 12:48:04,171 - INFO - fastread - 157, 359
2019-01-25 12:48:06,844 - INFO - fastread - 157, 369
2019-01-25 12:48:09,542 - INFO - fastread - 157, 379
2019-01-25 12:48:12,216 - INFO - fastread - 157, 389
2019-01-25 12:48:14,867 - INFO - fastread - 159, 399
2019-01-25 12:48:17,555 - INFO - fastread - 159, 409
2019-01-25 12:48:20,270 - INFO - fastread - 160, 419
2019-01-25 12:48:22,998 - INFO - fastread - 160, 429
2019-01-25 12:48:25,760 - INFO - fastread - 160, 439
2019-01-25 12:48:28,551 - INFO - fastread - 160, 449
2019-01-25 12:48:31,316 - INFO - fastread - 160, 459
2019-01-25 12:48:34,054 - INFO - fastread - 160, 469
2019-01-25 12:48:36,775 - INFO - fastread - 160, 479
2019-01-25 12:48:39,524 - INFO - fastread - 160, 489
2019-01-25 12:48:42,325 - INFO - fastread - 160, 499
2019-01-25 12:48:45,145 - INFO - fastread - 160, 509
2019-01-25 12:48:47,962 - INFO - fastread - 160, 519
2019-01-25 12:48:50,742 - INFO - fastread - 161, 529
2019-01-25 12:48:53,514 - INFO - fastread - 162, 539
2019-01-25 12:48:56,317 - INFO - fastread - 162, 549
2019-01-25 12:48:59,178 - INFO - fastread - 162, 559
2019-01-25 12:49:02,098 - INFO - fastread - 163, 569
2019-01-25 12:49:05,048 - INFO - fastread - 163, 579
2019-01-25 12:49:07,969 - INFO - fastread - 164, 589
2019-01-25 12:49:10,882 - INFO - fastread - 164, 599
2019-01-25 12:49:13,832 - INFO - fastread - 164, 609
2019-01-25 12:49:16,853 - INFO - fastread - 164, 619
2019-01-25 12:49:19,936 - INFO - fastread - 164, 629
2019-01-25 12:49:22,976 - INFO - fastread - 164, 639
2019-01-25 12:49:25,966 - INFO - fastread - 165, 649
2019-01-25 12:49:28,929 - INFO - fastread - 168, 659
2019-01-25 12:49:31,967 - INFO - fastread - 168, 669
2019-01-25 12:49:35,059 - INFO - fastread - 168, 679
2019-01-25 12:49:38,145 - INFO - fastread - 168, 689
2019-01-25 12:49:41,155 - INFO - fastread - 168, 699
2019-01-25 12:49:44,141 - INFO - fastread - 168, 709
2019-01-25 12:49:47,193 - INFO - fastread - 168, 719
2019-01-25 12:49:50,189 - INFO - fastread - 170, 729
2019-01-25 12:49:53,170 - INFO - fastread - 170, 739
2019-01-25 12:49:56,255 - INFO - fastread - 170, 749
2019-01-25 12:49:59,278 - INFO - fastread - 170, 759
2019-01-25 12:50:02,299 - INFO - fastread - 170, 769
2019-01-25 12:50:05,412 - INFO - fastread - 171, 779
2019-01-25 12:50:08,461 - INFO - fastread - 171, 789
2019-01-25 12:50:11,576 - INFO - fastread - 171, 799
2019-01-25 12:50:14,726 - INFO - fastread - 171, 809
2019-01-25 12:50:17,834 - INFO - fastread - 173, 819
2019-01-25 12:50:21,006 - INFO - fastread - 173, 829
2019-01-25 12:50:24,208 - INFO - fastread - 175, 839
2019-01-25 12:50:27,402 - INFO - fastread - 176, 849
2019-01-25 12:50:30,682 - INFO - fastread - 176, 859
2019-01-25 12:50:33,947 - INFO - fastread - 176, 869
2019-01-25 12:50:37,213 - INFO - fastread - 176, 879
2019-01-25 12:50:40,497 - INFO - fastread - 177, 889
2019-01-25 12:50:43,888 - INFO - fastread - 178, 899
2019-01-25 12:50:47,226 - INFO - fastread - 178, 909
2019-01-25 12:50:50,596 - INFO - fastread - 178, 919
2019-01-25 12:50:53,966 - INFO - fastread - 178, 929
2019-01-25 12:50:57,362 - INFO - fastread - 178, 939
2019-01-25 12:51:00,751 - INFO - fastread - 178, 949
2019-01-25 12:51:04,152 - INFO - fastread - 180, 959
2019-01-25 12:51:07,556 - INFO - fastread - 182, 969
2019-01-25 12:51:10,991 - INFO - fastread - 185, 979
2019-01-25 12:51:14,457 - INFO - fastread - 185, 989
2019-01-25 12:51:17,936 - INFO - fastread - 185, 999
2019-01-25 12:51:21,416 - INFO - fastread - 186, 1009
2019-01-25 12:51:24,884 - INFO - fastread - 191, 1019
2019-01-25 12:51:28,393 - INFO - fastread - 191, 1029
2019-01-25 12:51:31,895 - INFO - fastread - 193, 1039
2019-01-25 12:51:35,403 - INFO - fastread - 193, 1049
2019-01-25 12:51:38,924 - INFO - fastread - 193, 1059
2019-01-25 12:51:42,482 - INFO - fastread - 193, 1069
2019-01-25 12:51:46,034 - INFO - fastread - 193, 1079
2019-01-25 12:51:49,648 - INFO - fastread - 196, 1089
2019-01-25 12:51:53,289 - INFO - fastread - 196, 1099
2019-01-25 12:51:56,936 - INFO - fastread - 196, 1109
2019-01-25 12:52:00,542 - INFO - fastread - 196, 1119
2019-01-25 12:52:04,231 - INFO - fastread - 196, 1129
2019-01-25 12:52:07,957 - INFO - fastread - 196, 1139
2019-01-25 12:52:11,672 - INFO - fastread - 196, 1149
2019-01-25 12:52:15,461 - INFO - fastread - 197, 1159
2019-01-25 12:52:19,271 - INFO - fastread - 197, 1169
2019-01-25 12:52:23,089 - INFO - fastread - 197, 1179
2019-01-25 12:52:26,920 - INFO - fastread - 197, 1189
2019-01-25 12:52:30,802 - INFO - fastread - 197, 1199
2019-01-25 12:52:34,713 - INFO - fastread - 197, 1209
2019-01-25 12:52:38,648 - INFO - fastread - 198, 1219
2019-01-25 12:52:42,586 - INFO - fastread - 198, 1229
2019-01-25 12:52:46,575 - INFO - fastread - 198, 1239
2019-01-25 12:52:50,645 - INFO - fastread - 198, 1249
2019-01-25 12:52:54,691 - INFO - fastread - 199, 1259
2019-01-25 12:52:58,786 - INFO - fastread - 199, 1269
2019-01-25 12:53:02,950 - INFO - fastread - 202, 1279
2019-01-25 12:53:07,123 - INFO - fastread - 202, 1289
2019-01-25 12:53:11,330 - INFO - fastread - 202, 1299
2019-01-25 12:53:15,528 - INFO - fastread - 202, 1309
2019-01-25 12:53:19,732 - INFO - fastread - 202, 1319
2019-01-25 12:53:23,958 - INFO - fastread - 204, 1329
2019-01-25 12:53:28,222 - INFO - fastread - 204, 1339
2019-01-25 12:53:32,472 - INFO - fastread - 204, 1349
2019-01-25 12:53:36,723 - INFO - fastread - 204, 1359
2019-01-25 12:53:40,992 - INFO - fastread - 207, 1369
2019-01-25 12:53:45,304 - INFO - fastread - 209, 1379
2019-01-25 12:53:49,682 - INFO - fastread - 209, 1389
2019-01-25 12:53:54,037 - INFO - fastread - 209, 1399
2019-01-25 12:53:58,401 - INFO - fastread - 209, 1409
2019-01-25 12:54:02,832 - INFO - fastread - 209, 1419
2019-01-25 12:54:07,214 - INFO - fastread - 209, 1429
2019-01-25 12:54:11,656 - INFO - fastread - 209, 1439
2019-01-25 12:54:16,111 - INFO - fastread - 209, 1449
2019-01-25 12:54:20,660 - INFO - fastread - 209, 1459
2019-01-25 12:54:25,242 - INFO - fastread - 209, 1469
2019-01-25 12:54:29,828 - INFO - fastread - 210, 1479
2019-01-25 12:54:34,531 - INFO - fastread - 210, 1489
2019-01-25 12:54:39,231 - INFO - fastread - 210, 1499
2019-01-25 12:54:43,937 - INFO - fastread - 213, 1509
2019-01-25 12:54:48,669 - INFO - fastread - 213, 1519
2019-01-25 12:54:53,423 - INFO - fastread - 214, 1529
2019-01-25 12:54:58,204 - INFO - fastread - 215, 1539
2019-01-25 12:55:02,965 - INFO - fastread - 215, 1549
2019-01-25 12:55:07,728 - INFO - fastread - 217, 1559
2019-01-25 12:55:12,507 - INFO - fastread - 217, 1569
2019-01-25 12:55:17,312 - INFO - fastread - 217, 1579
2019-01-25 12:55:22,115 - INFO - fastread - 217, 1589
2019-01-25 12:55:26,948 - INFO - fastread - 217, 1599
2019-01-25 12:55:31,749 - INFO - fastread - 218, 1609
2019-01-25 12:55:36,638 - INFO - fastread - 218, 1619
2019-01-25 12:55:41,511 - INFO - fastread - 219, 1629
2019-01-25 12:55:46,432 - INFO - fastread - 221, 1639
2019-01-25 12:55:51,406 - INFO - fastread - 222, 1649
2019-01-25 12:55:56,401 - INFO - fastread - 222, 1659
2019-01-25 12:56:01,398 - INFO - fastread - 223, 1669
2019-01-25 12:56:06,453 - INFO - fastread - 224, 1679
2019-01-25 12:56:11,618 - INFO - fastread - 227, 1689
2019-01-25 12:56:16,819 - INFO - fastread - 227, 1699
2019-01-25 12:56:22,072 - INFO - fastread - 229, 1709
2019-01-25 12:56:27,442 - INFO - fastread - 232, 1719
2019-01-25 12:56:32,887 - INFO - fastread - 232, 1729
2019-01-25 12:56:38,335 - INFO - fastread - 232, 1739
2019-01-25 12:56:43,724 - INFO - fastread - 232, 1749
2019-01-25 12:56:49,166 - INFO - fastread - 233, 1759
2019-01-25 12:56:54,549 - INFO - fastread - 233, 1769
2019-01-25 12:56:59,954 - INFO - fastread - 233, 1779
2019-01-25 12:57:05,432 - INFO - fastread - 233, 1789
2019-01-25 12:57:10,958 - INFO - fastread - 235, 1799
2019-01-25 12:57:16,539 - INFO - fastread - 237, 1809
2019-01-25 12:57:22,213 - INFO - fastread - 237, 1819
2019-01-25 12:57:27,968 - INFO - fastread - 238, 1829
2019-01-25 12:57:33,756 - INFO - fastread - 239, 1839
2019-01-25 12:57:39,621 - INFO - fastread - 239, 1849
2019-01-25 12:57:45,492 - INFO - fastread - 239, 1859
2019-01-25 12:57:51,340 - INFO - fastread - 239, 1869
2019-01-25 12:57:57,189 - INFO - fastread - 239, 1879
2019-01-25 12:58:03,052 - INFO - fastread - 242, 1889
2019-01-25 12:58:08,924 - INFO - fastread - 242, 1899
2019-01-25 12:58:14,863 - INFO - fastread - 242, 1909
2019-01-25 12:58:20,803 - INFO - fastread - 243, 1919
2019-01-25 12:58:26,817 - INFO - fastread - 243, 1929
2019-01-25 12:58:32,922 - INFO - fastread - 244, 1939
2019-01-25 12:58:39,174 - INFO - fastread - 244, 1949
2019-01-25 12:58:45,415 - INFO - fastread - 245, 1959
2019-01-25 12:58:51,623 - INFO - fastread - 245, 1969
2019-01-25 12:58:57,851 - INFO - fastread - 249, 1979
2019-01-25 12:59:04,125 - INFO - fastread - 249, 1989
2019-01-25 12:59:10,433 - INFO - fastread - 250, 1999
2019-01-25 12:59:16,777 - INFO - fastread - 250, 2009
2019-01-25 12:59:23,170 - INFO - fastread - 251, 2019
2019-01-25 12:59:29,666 - INFO - fastread - 254, 2029
2019-01-25 12:59:36,196 - INFO - fastread - 256, 2039
2019-01-25 12:59:42,878 - INFO - fastread - 256, 2049
2019-01-25 12:59:49,533 - INFO - fastread - 256, 2059
2019-01-25 12:59:56,202 - INFO - fastread - 257, 2069
2019-01-25 13:00:02,906 - INFO - fastread - 258, 2079
2019-01-25 13:00:09,629 - INFO - fastread - 258, 2089
2019-01-25 13:00:16,412 - INFO - fastread - 258, 2099
2019-01-25 13:00:23,238 - INFO - fastread - 258, 2109
2019-01-25 13:00:30,166 - INFO - fastread - 258, 2119
2019-01-25 13:00:37,259 - INFO - fastread - 259, 2129
2019-01-25 13:00:44,301 - INFO - fastread - 261, 2139
2019-01-25 13:00:51,313 - INFO - fastread - 261, 2149
2019-01-25 13:00:58,450 - INFO - fastread - 263, 2159
2019-01-25 13:01:05,636 - INFO - fastread - 263, 2169
2019-01-25 13:01:12,865 - INFO - fastread - 263, 2179
2019-01-25 13:01:20,129 - INFO - fastread - 263, 2189
2019-01-25 13:01:27,405 - INFO - fastread - 267, 2199
2019-01-25 13:01:34,719 - INFO - fastread - 267, 2209
2019-01-25 13:01:42,234 - INFO - fastread - 268, 2219
2019-01-25 13:01:49,843 - INFO - fastread - 268, 2229
2019-01-25 13:01:57,461 - INFO - fastread - 270, 2239
2019-01-25 13:02:05,046 - INFO - fastread - 272, 2249
2019-01-25 13:02:12,767 - INFO - fastread - 276, 2259
2019-01-25 13:02:20,500 - INFO - fastread - 276, 2269
2019-01-25 13:02:28,228 - INFO - fastread - 276, 2279
2019-01-25 13:02:36,038 - INFO - fastread - 276, 2289
2019-01-25 13:02:43,999 - INFO - fastread - 276, 2299
2019-01-25 13:02:51,991 - INFO - fastread - 281, 2309
2019-01-25 13:03:00,023 - INFO - fastread - 283, 2319
2019-01-25 13:03:08,041 - INFO - fastread - 285, 2329
2019-01-25 13:03:16,123 - INFO - fastread - 290, 2339
2019-01-25 13:03:24,269 - INFO - fastread - 293, 2349
2019-01-25 13:03:32,576 - INFO - fastread - 294, 2359
2019-01-25 13:03:41,004 - INFO - fastread - 294, 2369
2019-01-25 13:03:49,386 - INFO - fastread - 299, 2379
2019-01-25 13:03:57,780 - INFO - fastread - 304, 2389
2019-01-25 13:04:06,291 - INFO - fastread - 304, 2399
2019-01-25 13:04:14,843 - INFO - fastread - 304, 2409
2019-01-25 13:04:23,495 - INFO - fastread - 308, 2419
2019-01-25 13:04:32,353 - INFO - fastread - 308, 2429
2019-01-25 13:04:41,107 - INFO - fastread - 309, 2439
2019-01-25 13:04:49,960 - INFO - fastread - 312, 2449
2019-01-25 13:04:58,904 - INFO - fastread - 312, 2459
2019-01-25 13:05:07,900 - INFO - fastread - 313, 2469
2019-01-25 13:05:16,982 - INFO - fastread - 314, 2479
2019-01-25 13:05:26,213 - INFO - fastread - 315, 2489
2019-01-25 13:05:35,394 - INFO - fastread - 315, 2499
2019-01-25 13:05:44,660 - INFO - fastread - 315, 2509
2019-01-25 13:05:53,995 - INFO - fastread - 316, 2519
2019-01-25 13:06:03,436 - INFO - fastread - 321, 2529
2019-01-25 13:06:13,069 - INFO - fastread - 321, 2539
2019-01-25 13:06:22,646 - INFO - fastread - 323, 2549
2019-01-25 13:06:32,316 - INFO - fastread - 323, 2559
2019-01-25 13:06:42,013 - INFO - fastread - 329, 2569
2019-01-25 13:06:51,810 - INFO - fastread - 329, 2579
2019-01-25 13:07:01,750 - INFO - fastread - 329, 2589
2019-01-25 13:07:11,740 - INFO - fastread - 332, 2599
2019-01-25 13:07:21,784 - INFO - fastread - 333, 2609
2019-01-25 13:07:31,855 - INFO - fastread - 334, 2619
2019-01-25 13:07:42,044 - INFO - fastread - 336, 2629
2019-01-25 13:07:52,386 - INFO - fastread - 340, 2639
2019-01-25 13:08:02,781 - INFO - fastread - 340, 2649
2019-01-25 13:08:13,251 - INFO - fastread - 340, 2659
2019-01-25 13:08:23,746 - INFO - fastread - 345, 2669
2019-01-25 13:08:34,351 - INFO - fastread - 351, 2679
2019-01-25 13:08:45,184 - INFO - fastread - 353, 2689
2019-01-25 13:08:55,948 - INFO - fastread - 354, 2699
2019-01-25 13:09:06,759 - INFO - fastread - 355, 2709
2019-01-25 13:09:17,710 - INFO - fastread - 359, 2719
2019-01-25 13:09:28,761 - INFO - fastread - 360, 2729
2019-01-25 13:09:40,006 - INFO - fastread - 361, 2739
2019-01-25 13:09:51,136 - INFO - fastread - 366, 2749
2019-01-25 13:10:02,444 - INFO - fastread - 367, 2759
2019-01-25 13:10:13,753 - INFO - fastread - 369, 2769
2019-01-25 13:10:25,278 - INFO - fastread - 374, 2779
2019-01-25 13:10:36,724 - INFO - fastread - 379, 2789
2019-01-25 13:10:48,314 - INFO - fastread - 380, 2799
2019-01-25 13:10:59,977 - INFO - fastread - 383, 2809
2019-01-25 13:11:11,701 - INFO - fastread - 392, 2819
2019-01-25 13:11:23,718 - INFO - fastread - 399, 2829
2019-01-25 13:11:35,650 - INFO - fastread - 400, 2839
2019-01-25 13:11:47,673 - INFO - fastread - 402, 2849
2019-01-25 13:11:59,772 - INFO - fastread - 405, 2859
2019-01-25 13:12:11,983 - INFO - fastread - 407, 2869
2019-01-25 13:12:24,347 - INFO - fastread - 411, 2879
2019-01-25 13:12:36,586 - INFO - fastread - 418, 2889
2019-01-25 13:12:48,826 - INFO - fastread - 425, 2899
2019-01-25 13:13:01,137 - INFO - fastread - 431, 2909
2019-01-25 13:13:13,569 - INFO - fastread - 436, 2919
2019-01-25 13:13:25,950 - INFO - fastread - 444, 2929
2019-01-25 13:13:38,283 - INFO - fastread - 447, 2939
2019-01-25 13:13:50,672 - INFO - fastread - 455, 2949
2019-01-25 13:14:01,377 - INFO - rig - ++++NEW CLF++++ NBM
2019-01-25 13:14:01,378 - INFO - fastread - Total Yes: 472 | Total No: 2496
2019-01-25 13:14:01,491 - INFO - fastread - 10, 10
2019-01-25 13:14:01,495 - INFO - fastread - 12, 20
2019-01-25 13:14:01,499 - INFO - fastread - 21, 30
2019-01-25 13:14:01,503 - INFO - fastread - 31, 40
2019-01-25 13:14:01,507 - INFO - fastread - 40, 50
2019-01-25 13:14:01,511 - INFO - fastread - 48, 60
2019-01-25 13:14:01,515 - INFO - fastread - 56, 70
2019-01-25 13:14:01,519 - INFO - fastread - 64, 80
2019-01-25 13:14:01,523 - INFO - fastread - 72, 90
2019-01-25 13:14:01,527 - INFO - fastread - 77, 100
2019-01-25 13:14:01,532 - INFO - fastread - 78, 110
2019-01-25 13:14:01,536 - INFO - fastread - 84, 120
2019-01-25 13:14:01,540 - INFO - fastread - 90, 130
2019-01-25 13:14:01,544 - INFO - fastread - 95, 140
2019-01-25 13:14:01,548 - INFO - fastread - 101, 150
2019-01-25 13:14:01,552 - INFO - fastread - 106, 160
2019-01-25 13:14:01,556 - INFO - fastread - 110, 170
2019-01-25 13:14:01,560 - INFO - fastread - 117, 180
2019-01-25 13:14:01,564 - INFO - fastread - 124, 190
2019-01-25 13:14:01,569 - INFO - fastread - 132, 200
2019-01-25 13:14:01,573 - INFO - fastread - 135, 210
2019-01-25 13:14:01,577 - INFO - fastread - 142, 220
2019-01-25 13:14:01,581 - INFO - fastread - 143, 230
2019-01-25 13:14:01,585 - INFO - fastread - 145, 240
2019-01-25 13:14:01,589 - INFO - fastread - 151, 250
2019-01-25 13:14:01,593 - INFO - fastread - 158, 260
2019-01-25 13:14:01,598 - INFO - fastread - 159, 270
2019-01-25 13:14:01,602 - INFO - fastread - 159, 280
2019-01-25 13:14:01,606 - INFO - fastread - 159, 290
2019-01-25 13:14:01,610 - INFO - fastread - 164, 300
2019-01-25 13:14:01,614 - INFO - fastread - 168, 310
2019-01-25 13:14:01,618 - INFO - fastread - 170, 320
2019-01-25 13:14:01,622 - INFO - fastread - 177, 330
2019-01-25 13:14:01,626 - INFO - fastread - 182, 340
2019-01-25 13:14:01,630 - INFO - fastread - 186, 350
2019-01-25 13:14:01,634 - INFO - fastread - 190, 360
2019-01-25 13:14:01,639 - INFO - fastread - 191, 370
2019-01-25 13:14:01,643 - INFO - fastread - 194, 380
2019-01-25 13:14:01,647 - INFO - fastread - 198, 390
2019-01-25 13:14:01,651 - INFO - fastread - 202, 400
2019-01-25 13:14:01,655 - INFO - fastread - 203, 410
2019-01-25 13:14:01,659 - INFO - fastread - 209, 420
2019-01-25 13:14:01,663 - INFO - fastread - 210, 430
2019-01-25 13:14:01,667 - INFO - fastread - 212, 440
2019-01-25 13:14:01,672 - INFO - fastread - 213, 450
2019-01-25 13:14:01,676 - INFO - fastread - 214, 460
2019-01-25 13:14:01,680 - INFO - fastread - 217, 470
2019-01-25 13:14:01,684 - INFO - fastread - 219, 480
2019-01-25 13:14:01,688 - INFO - fastread - 222, 490
2019-01-25 13:14:01,692 - INFO - fastread - 223, 500
2019-01-25 13:14:01,696 - INFO - fastread - 223, 510
2019-01-25 13:14:01,701 - INFO - fastread - 226, 520
2019-01-25 13:14:01,705 - INFO - fastread - 228, 530
2019-01-25 13:14:01,709 - INFO - fastread - 231, 540
2019-01-25 13:14:01,713 - INFO - fastread - 233, 550
2019-01-25 13:14:01,717 - INFO - fastread - 236, 560
2019-01-25 13:14:01,721 - INFO - fastread - 237, 570
2019-01-25 13:14:01,726 - INFO - fastread - 240, 580
2019-01-25 13:14:01,730 - INFO - fastread - 241, 590
2019-01-25 13:14:01,734 - INFO - fastread - 242, 600
2019-01-25 13:14:01,738 - INFO - fastread - 242, 610
2019-01-25 13:14:01,742 - INFO - fastread - 242, 620
2019-01-25 13:14:01,746 - INFO - fastread - 242, 630
2019-01-25 13:14:01,751 - INFO - fastread - 243, 640
2019-01-25 13:14:01,755 - INFO - fastread - 245, 650
2019-01-25 13:14:01,759 - INFO - fastread - 246, 660
2019-01-25 13:14:01,763 - INFO - fastread - 248, 670
2019-01-25 13:14:01,767 - INFO - fastread - 249, 680
2019-01-25 13:14:01,771 - INFO - fastread - 251, 690
2019-01-25 13:14:01,776 - INFO - fastread - 253, 700
2019-01-25 13:14:01,780 - INFO - fastread - 253, 710
2019-01-25 13:14:01,784 - INFO - fastread - 256, 720
2019-01-25 13:14:01,788 - INFO - fastread - 257, 730
2019-01-25 13:14:01,792 - INFO - fastread - 259, 740
2019-01-25 13:14:01,797 - INFO - fastread - 261, 750
2019-01-25 13:14:01,801 - INFO - fastread - 263, 760
2019-01-25 13:14:01,805 - INFO - fastread - 268, 770
2019-01-25 13:14:01,809 - INFO - fastread - 269, 780
2019-01-25 13:14:01,813 - INFO - fastread - 270, 790
2019-01-25 13:14:01,818 - INFO - fastread - 270, 800
2019-01-25 13:14:01,822 - INFO - fastread - 272, 810
2019-01-25 13:14:01,826 - INFO - fastread - 272, 820
2019-01-25 13:14:01,830 - INFO - fastread - 272, 830
2019-01-25 13:14:01,835 - INFO - fastread - 275, 840
2019-01-25 13:14:01,839 - INFO - fastread - 277, 850
2019-01-25 13:14:01,843 - INFO - fastread - 280, 860
2019-01-25 13:14:01,847 - INFO - fastread - 282, 870
2019-01-25 13:14:01,851 - INFO - fastread - 287, 880
2019-01-25 13:14:01,856 - INFO - fastread - 289, 890
2019-01-25 13:14:01,860 - INFO - fastread - 290, 900
2019-01-25 13:14:01,864 - INFO - fastread - 291, 910
2019-01-25 13:14:01,868 - INFO - fastread - 292, 920
2019-01-25 13:14:01,873 - INFO - fastread - 293, 930
2019-01-25 13:14:01,877 - INFO - fastread - 294, 940
2019-01-25 13:14:01,881 - INFO - fastread - 294, 950
2019-01-25 13:14:01,885 - INFO - fastread - 297, 960
2019-01-25 13:14:01,890 - INFO - fastread - 297, 970
2019-01-25 13:14:01,894 - INFO - fastread - 300, 980
2019-01-25 13:14:01,898 - INFO - fastread - 300, 990
2019-01-25 13:14:01,902 - INFO - fastread - 301, 1000
2019-01-25 13:14:01,907 - INFO - fastread - 304, 1010
2019-01-25 13:14:01,911 - INFO - fastread - 307, 1020
2019-01-25 13:14:01,915 - INFO - fastread - 308, 1030
2019-01-25 13:14:01,919 - INFO - fastread - 309, 1040
2019-01-25 13:14:01,924 - INFO - fastread - 310, 1050
2019-01-25 13:14:01,928 - INFO - fastread - 313, 1060
2019-01-25 13:14:01,932 - INFO - fastread - 313, 1070
2019-01-25 13:14:01,936 - INFO - fastread - 315, 1080
2019-01-25 13:14:01,941 - INFO - fastread - 315, 1090
2019-01-25 13:14:01,945 - INFO - fastread - 319, 1100
2019-01-25 13:14:01,949 - INFO - fastread - 320, 1110
2019-01-25 13:14:01,953 - INFO - fastread - 320, 1120
2019-01-25 13:14:01,958 - INFO - fastread - 323, 1130
2019-01-25 13:14:01,962 - INFO - fastread - 324, 1140
2019-01-25 13:14:01,966 - INFO - fastread - 325, 1150
2019-01-25 13:14:01,970 - INFO - fastread - 327, 1160
2019-01-25 13:14:01,975 - INFO - fastread - 329, 1170
2019-01-25 13:14:01,979 - INFO - fastread - 332, 1180
2019-01-25 13:14:01,983 - INFO - fastread - 335, 1190
2019-01-25 13:14:01,988 - INFO - fastread - 343, 1200
2019-01-25 13:14:01,992 - INFO - fastread - 343, 1210
2019-01-25 13:14:01,996 - INFO - fastread - 345, 1220
2019-01-25 13:14:02,000 - INFO - fastread - 349, 1230
2019-01-25 13:14:02,005 - INFO - fastread - 349, 1240
2019-01-25 13:14:02,009 - INFO - fastread - 349, 1250
2019-01-25 13:14:02,013 - INFO - fastread - 349, 1260
2019-01-25 13:14:02,018 - INFO - fastread - 349, 1270
2019-01-25 13:14:02,022 - INFO - fastread - 349, 1280
2019-01-25 13:14:02,026 - INFO - fastread - 352, 1290
2019-01-25 13:14:02,031 - INFO - fastread - 352, 1300
2019-01-25 13:14:02,035 - INFO - fastread - 353, 1310
2019-01-25 13:14:02,039 - INFO - fastread - 355, 1320
2019-01-25 13:14:02,043 - INFO - fastread - 357, 1330
2019-01-25 13:14:02,048 - INFO - fastread - 361, 1340
2019-01-25 13:14:02,052 - INFO - fastread - 361, 1350
2019-01-25 13:14:02,056 - INFO - fastread - 361, 1360
2019-01-25 13:14:02,061 - INFO - fastread - 361, 1370
2019-01-25 13:14:02,065 - INFO - fastread - 362, 1380
2019-01-25 13:14:02,069 - INFO - fastread - 362, 1390
2019-01-25 13:14:02,074 - INFO - fastread - 362, 1400
2019-01-25 13:14:02,078 - INFO - fastread - 362, 1410
2019-01-25 13:14:02,082 - INFO - fastread - 364, 1420
2019-01-25 13:14:02,087 - INFO - fastread - 364, 1430
2019-01-25 13:14:02,091 - INFO - fastread - 366, 1440
2019-01-25 13:14:02,095 - INFO - fastread - 366, 1450
2019-01-25 13:14:02,100 - INFO - fastread - 368, 1460
2019-01-25 13:14:02,104 - INFO - fastread - 371, 1470
2019-01-25 13:14:02,108 - INFO - fastread - 375, 1480
2019-01-25 13:14:02,113 - INFO - fastread - 377, 1490
2019-01-25 13:14:02,117 - INFO - fastread - 377, 1500
2019-01-25 13:14:02,122 - INFO - fastread - 379, 1510
2019-01-25 13:14:02,126 - INFO - fastread - 379, 1520
2019-01-25 13:14:02,130 - INFO - fastread - 380, 1530
2019-01-25 13:14:02,135 - INFO - fastread - 382, 1540
2019-01-25 13:14:02,139 - INFO - fastread - 382, 1550
2019-01-25 13:14:02,143 - INFO - fastread - 383, 1560
2019-01-25 13:14:02,148 - INFO - fastread - 385, 1570
2019-01-25 13:14:02,152 - INFO - fastread - 385, 1580
2019-01-25 13:14:02,157 - INFO - fastread - 386, 1590
2019-01-25 13:14:02,161 - INFO - fastread - 388, 1600
2019-01-25 13:14:02,165 - INFO - fastread - 389, 1610
2019-01-25 13:14:02,170 - INFO - fastread - 390, 1620
2019-01-25 13:14:02,174 - INFO - fastread - 392, 1630
2019-01-25 13:14:02,178 - INFO - fastread - 393, 1640
2019-01-25 13:14:02,183 - INFO - fastread - 393, 1650
2019-01-25 13:14:02,187 - INFO - fastread - 393, 1660
2019-01-25 13:14:02,192 - INFO - fastread - 395, 1670
2019-01-25 13:14:02,196 - INFO - fastread - 397, 1680
2019-01-25 13:14:02,200 - INFO - fastread - 399, 1690
2019-01-25 13:14:02,205 - INFO - fastread - 402, 1700
2019-01-25 13:14:02,209 - INFO - fastread - 404, 1710
2019-01-25 13:14:02,214 - INFO - fastread - 406, 1720
2019-01-25 13:14:02,218 - INFO - fastread - 406, 1730
2019-01-25 13:14:02,222 - INFO - fastread - 406, 1740
2019-01-25 13:14:02,227 - INFO - fastread - 406, 1750
2019-01-25 13:14:02,231 - INFO - fastread - 407, 1760
2019-01-25 13:14:02,236 - INFO - fastread - 408, 1770
2019-01-25 13:14:02,240 - INFO - fastread - 408, 1780
2019-01-25 13:14:02,244 - INFO - fastread - 409, 1790
2019-01-25 13:14:02,249 - INFO - fastread - 412, 1800
2019-01-25 13:14:02,253 - INFO - fastread - 412, 1810
2019-01-25 13:14:02,258 - INFO - fastread - 412, 1820
2019-01-25 13:14:02,262 - INFO - fastread - 412, 1830
2019-01-25 13:14:02,267 - INFO - fastread - 412, 1840
2019-01-25 13:14:02,271 - INFO - fastread - 413, 1850
2019-01-25 13:14:02,275 - INFO - fastread - 413, 1860
2019-01-25 13:14:02,280 - INFO - fastread - 414, 1870
2019-01-25 13:14:02,284 - INFO - fastread - 416, 1880
2019-01-25 13:14:02,289 - INFO - fastread - 416, 1890
2019-01-25 13:14:02,293 - INFO - fastread - 418, 1900
2019-01-25 13:14:02,298 - INFO - fastread - 419, 1910
2019-01-25 13:14:02,302 - INFO - fastread - 419, 1920
2019-01-25 13:14:02,307 - INFO - fastread - 419, 1930
2019-01-25 13:14:02,311 - INFO - fastread - 419, 1940
2019-01-25 13:14:02,315 - INFO - fastread - 422, 1950
2019-01-25 13:14:02,320 - INFO - fastread - 422, 1960
2019-01-25 13:14:02,324 - INFO - fastread - 423, 1970
2019-01-25 13:14:02,329 - INFO - fastread - 427, 1980
2019-01-25 13:14:02,333 - INFO - fastread - 428, 1990
2019-01-25 13:14:02,338 - INFO - fastread - 428, 2000
2019-01-25 13:14:02,342 - INFO - fastread - 428, 2010
2019-01-25 13:14:02,347 - INFO - fastread - 428, 2020
2019-01-25 13:14:02,351 - INFO - fastread - 429, 2030
2019-01-25 13:14:02,356 - INFO - fastread - 430, 2040
2019-01-25 13:14:02,360 - INFO - fastread - 430, 2050
2019-01-25 13:14:02,365 - INFO - fastread - 430, 2060
2019-01-25 13:14:02,369 - INFO - fastread - 430, 2070
2019-01-25 13:14:02,374 - INFO - fastread - 430, 2080
2019-01-25 13:14:02,378 - INFO - fastread - 431, 2090
2019-01-25 13:14:02,383 - INFO - fastread - 431, 2100
2019-01-25 13:14:02,387 - INFO - fastread - 431, 2110
2019-01-25 13:14:02,391 - INFO - fastread - 434, 2120
2019-01-25 13:14:02,396 - INFO - fastread - 435, 2130
2019-01-25 13:14:02,400 - INFO - fastread - 435, 2140
2019-01-25 13:14:02,405 - INFO - fastread - 437, 2150
2019-01-25 13:14:02,409 - INFO - fastread - 437, 2160
2019-01-25 13:14:02,414 - INFO - fastread - 437, 2170
2019-01-25 13:14:02,418 - INFO - fastread - 438, 2180
2019-01-25 13:14:02,423 - INFO - fastread - 438, 2190
2019-01-25 13:14:02,427 - INFO - fastread - 438, 2200
2019-01-25 13:14:02,432 - INFO - fastread - 438, 2210
2019-01-25 13:14:02,436 - INFO - fastread - 439, 2220
2019-01-25 13:14:02,441 - INFO - fastread - 441, 2230
2019-01-25 13:14:02,446 - INFO - fastread - 442, 2240
2019-01-25 13:14:02,450 - INFO - fastread - 443, 2250
2019-01-25 13:14:02,455 - INFO - fastread - 444, 2260
2019-01-25 13:14:02,459 - INFO - fastread - 445, 2270
2019-01-25 13:14:02,464 - INFO - fastread - 445, 2280
2019-01-25 13:14:02,469 - INFO - fastread - 445, 2290
2019-01-25 13:14:02,473 - INFO - fastread - 446, 2300
2019-01-25 13:14:02,478 - INFO - fastread - 448, 2310
2019-01-25 13:14:02,482 - INFO - fastread - 449, 2320
2019-01-25 13:14:02,497 - INFO - rig - ++++NEW CLF++++ KNN
2019-01-25 13:14:02,497 - INFO - fastread - Total Yes: 472 | Total No: 2496
2019-01-25 13:14:16,486 - INFO - fastread - 8, 10
2019-01-25 13:14:16,490 - INFO - fastread - 15, 20
2019-01-25 13:14:16,495 - INFO - fastread - 22, 30
2019-01-25 13:14:16,499 - INFO - fastread - 30, 40
2019-01-25 13:14:16,503 - INFO - fastread - 39, 50
2019-01-25 13:14:16,507 - INFO - fastread - 45, 60
2019-01-25 13:14:16,511 - INFO - fastread - 47, 70
2019-01-25 13:14:16,515 - INFO - fastread - 52, 80
2019-01-25 13:14:16,520 - INFO - fastread - 56, 90
2019-01-25 13:14:16,524 - INFO - fastread - 58, 100
2019-01-25 13:14:16,528 - INFO - fastread - 63, 110
2019-01-25 13:14:16,532 - INFO - fastread - 67, 120
2019-01-25 13:14:16,536 - INFO - fastread - 69, 130
2019-01-25 13:14:16,540 - INFO - fastread - 72, 140
2019-01-25 13:14:16,545 - INFO - fastread - 74, 150
2019-01-25 13:14:16,549 - INFO - fastread - 76, 160
2019-01-25 13:14:16,553 - INFO - fastread - 77, 170
2019-01-25 13:14:16,557 - INFO - fastread - 77, 180
2019-01-25 13:14:16,562 - INFO - fastread - 78, 190
2019-01-25 13:14:16,566 - INFO - fastread - 78, 200
2019-01-25 13:14:16,570 - INFO - fastread - 80, 210
2019-01-25 13:14:16,574 - INFO - fastread - 81, 220
2019-01-25 13:14:16,578 - INFO - fastread - 82, 230
2019-01-25 13:14:16,583 - INFO - fastread - 87, 240
2019-01-25 13:14:16,587 - INFO - fastread - 87, 250
2019-01-25 13:14:16,591 - INFO - fastread - 88, 260
2019-01-25 13:14:16,595 - INFO - fastread - 93, 270
2019-01-25 13:14:16,600 - INFO - fastread - 93, 280
2019-01-25 13:14:16,604 - INFO - fastread - 98, 290
2019-01-25 13:14:16,608 - INFO - fastread - 101, 300
2019-01-25 13:14:16,612 - INFO - fastread - 102, 310
2019-01-25 13:14:16,616 - INFO - fastread - 102, 320
2019-01-25 13:14:16,621 - INFO - fastread - 102, 330
2019-01-25 13:14:16,625 - INFO - fastread - 103, 340
2019-01-25 13:14:16,629 - INFO - fastread - 103, 350
2019-01-25 13:14:16,633 - INFO - fastread - 104, 360
2019-01-25 13:14:16,638 - INFO - fastread - 105, 370
2019-01-25 13:14:16,642 - INFO - fastread - 105, 380
2019-01-25 13:14:16,646 - INFO - fastread - 106, 390
2019-01-25 13:14:16,650 - INFO - fastread - 109, 400
2019-01-25 13:14:16,655 - INFO - fastread - 110, 410
2019-01-25 13:14:16,659 - INFO - fastread - 111, 420
2019-01-25 13:14:16,663 - INFO - fastread - 113, 430
2019-01-25 13:14:16,667 - INFO - fastread - 113, 440
2019-01-25 13:14:16,672 - INFO - fastread - 113, 450
2019-01-25 13:14:16,676 - INFO - fastread - 113, 460
2019-01-25 13:14:16,680 - INFO - fastread - 116, 470
2019-01-25 13:14:16,685 - INFO - fastread - 116, 480
2019-01-25 13:14:16,689 - INFO - fastread - 120, 490
2019-01-25 13:14:16,693 - INFO - fastread - 122, 500
2019-01-25 13:14:16,697 - INFO - fastread - 122, 510
2019-01-25 13:14:16,702 - INFO - fastread - 122, 520
2019-01-25 13:14:16,706 - INFO - fastread - 125, 530
2019-01-25 13:14:16,710 - INFO - fastread - 127, 540
2019-01-25 13:14:16,715 - INFO - fastread - 130, 550
2019-01-25 13:14:16,719 - INFO - fastread - 132, 560
2019-01-25 13:14:16,723 - INFO - fastread - 135, 570
2019-01-25 13:14:16,728 - INFO - fastread - 137, 580
2019-01-25 13:14:16,732 - INFO - fastread - 137, 590
2019-01-25 13:14:16,736 - INFO - fastread - 139, 600
2019-01-25 13:14:16,740 - INFO - fastread - 141, 610
2019-01-25 13:14:16,745 - INFO - fastread - 142, 620
2019-01-25 13:14:16,749 - INFO - fastread - 143, 630
2019-01-25 13:14:16,753 - INFO - fastread - 143, 640
2019-01-25 13:14:16,758 - INFO - fastread - 144, 650
2019-01-25 13:14:16,762 - INFO - fastread - 148, 660
2019-01-25 13:14:16,766 - INFO - fastread - 150, 670
2019-01-25 13:14:16,771 - INFO - fastread - 151, 680
2019-01-25 13:14:16,775 - INFO - fastread - 153, 690
2019-01-25 13:14:16,780 - INFO - fastread - 155, 700
2019-01-25 13:14:16,784 - INFO - fastread - 157, 710
2019-01-25 13:14:16,788 - INFO - fastread - 157, 720
2019-01-25 13:14:16,793 - INFO - fastread - 159, 730
2019-01-25 13:14:16,797 - INFO - fastread - 161, 740
2019-01-25 13:14:16,801 - INFO - fastread - 163, 750
2019-01-25 13:14:16,806 - INFO - fastread - 164, 760
2019-01-25 13:14:16,810 - INFO - fastread - 165, 770
2019-01-25 13:14:16,814 - INFO - fastread - 166, 780
2019-01-25 13:14:16,819 - INFO - fastread - 167, 790
2019-01-25 13:14:16,823 - INFO - fastread - 167, 800
2019-01-25 13:14:16,828 - INFO - fastread - 169, 810
2019-01-25 13:14:16,832 - INFO - fastread - 172, 820
2019-01-25 13:14:16,837 - INFO - fastread - 172, 830
2019-01-25 13:14:16,841 - INFO - fastread - 175, 840
2019-01-25 13:14:16,846 - INFO - fastread - 176, 850
2019-01-25 13:14:16,850 - INFO - fastread - 177, 860
2019-01-25 13:14:16,854 - INFO - fastread - 177, 870
2019-01-25 13:14:16,859 - INFO - fastread - 180, 880
2019-01-25 13:14:16,863 - INFO - fastread - 180, 890
2019-01-25 13:14:16,868 - INFO - fastread - 181, 900
2019-01-25 13:14:16,872 - INFO - fastread - 182, 910
2019-01-25 13:14:16,876 - INFO - fastread - 182, 920
2019-01-25 13:14:16,881 - INFO - fastread - 182, 930
2019-01-25 13:14:16,885 - INFO - fastread - 183, 940
2019-01-25 13:14:16,890 - INFO - fastread - 184, 950
2019-01-25 13:14:16,894 - INFO - fastread - 187, 960
2019-01-25 13:14:16,898 - INFO - fastread - 187, 970
2019-01-25 13:14:16,903 - INFO - fastread - 188, 980
2019-01-25 13:14:16,907 - INFO - fastread - 189, 990
2019-01-25 13:14:16,912 - INFO - fastread - 190, 1000
2019-01-25 13:14:16,916 - INFO - fastread - 190, 1010
2019-01-25 13:14:16,921 - INFO - fastread - 192, 1020
2019-01-25 13:14:16,925 - INFO - fastread - 195, 1030
2019-01-25 13:14:16,930 - INFO - fastread - 195, 1040
2019-01-25 13:14:16,934 - INFO - fastread - 197, 1050
2019-01-25 13:14:16,938 - INFO - fastread - 200, 1060
2019-01-25 13:14:16,943 - INFO - fastread - 202, 1070
2019-01-25 13:14:16,947 - INFO - fastread - 203, 1080
2019-01-25 13:14:16,952 - INFO - fastread - 205, 1090
2019-01-25 13:14:16,956 - INFO - fastread - 205, 1100
2019-01-25 13:14:16,961 - INFO - fastread - 207, 1110
2019-01-25 13:14:16,965 - INFO - fastread - 207, 1120
2019-01-25 13:14:16,970 - INFO - fastread - 207, 1130
2019-01-25 13:14:16,974 - INFO - fastread - 209, 1140
2019-01-25 13:14:16,978 - INFO - fastread - 212, 1150
2019-01-25 13:14:16,983 - INFO - fastread - 213, 1160
2019-01-25 13:14:16,987 - INFO - fastread - 215, 1170
2019-01-25 13:14:16,992 - INFO - fastread - 216, 1180
2019-01-25 13:14:16,996 - INFO - fastread - 217, 1190
2019-01-25 13:14:17,001 - INFO - fastread - 221, 1200
2019-01-25 13:14:17,005 - INFO - fastread - 222, 1210
2019-01-25 13:14:17,010 - INFO - fastread - 225, 1220
2019-01-25 13:14:17,014 - INFO - fastread - 228, 1230
2019-01-25 13:14:17,019 - INFO - fastread - 229, 1240
2019-01-25 13:14:17,023 - INFO - fastread - 230, 1250
2019-01-25 13:14:17,028 - INFO - fastread - 231, 1260
2019-01-25 13:14:17,032 - INFO - fastread - 233, 1270
2019-01-25 13:14:17,037 - INFO - fastread - 236, 1280
2019-01-25 13:14:17,041 - INFO - fastread - 238, 1290
2019-01-25 13:14:17,046 - INFO - fastread - 241, 1300
2019-01-25 13:14:17,050 - INFO - fastread - 243, 1310
2019-01-25 13:14:17,055 - INFO - fastread - 245, 1320
2019-01-25 13:14:17,059 - INFO - fastread - 245, 1330
2019-01-25 13:14:17,064 - INFO - fastread - 245, 1340
2019-01-25 13:14:17,068 - INFO - fastread - 246, 1350
2019-01-25 13:14:17,073 - INFO - fastread - 248, 1360
2019-01-25 13:14:17,078 - INFO - fastread - 250, 1370
2019-01-25 13:14:17,082 - INFO - fastread - 251, 1380
2019-01-25 13:14:17,087 - INFO - fastread - 252, 1390
2019-01-25 13:14:17,091 - INFO - fastread - 252, 1400
2019-01-25 13:14:17,096 - INFO - fastread - 252, 1410
2019-01-25 13:14:17,100 - INFO - fastread - 256, 1420
2019-01-25 13:14:17,105 - INFO - fastread - 260, 1430
2019-01-25 13:14:17,109 - INFO - fastread - 263, 1440
2019-01-25 13:14:17,114 - INFO - fastread - 265, 1450
2019-01-25 13:14:17,118 - INFO - fastread - 265, 1460
2019-01-25 13:14:17,123 - INFO - fastread - 267, 1470
2019-01-25 13:14:17,128 - INFO - fastread - 269, 1480
2019-01-25 13:14:17,132 - INFO - fastread - 270, 1490
2019-01-25 13:14:17,137 - INFO - fastread - 274, 1500
2019-01-25 13:14:17,141 - INFO - fastread - 274, 1510
2019-01-25 13:14:17,146 - INFO - fastread - 276, 1520
2019-01-25 13:14:17,151 - INFO - fastread - 276, 1530
2019-01-25 13:14:17,155 - INFO - fastread - 278, 1540
2019-01-25 13:14:17,160 - INFO - fastread - 282, 1550
2019-01-25 13:14:17,164 - INFO - fastread - 284, 1560
2019-01-25 13:14:17,169 - INFO - fastread - 286, 1570
2019-01-25 13:14:17,173 - INFO - fastread - 286, 1580
2019-01-25 13:14:17,178 - INFO - fastread - 286, 1590
2019-01-25 13:14:17,183 - INFO - fastread - 286, 1600
2019-01-25 13:14:17,187 - INFO - fastread - 288, 1610
2019-01-25 13:14:17,192 - INFO - fastread - 288, 1620
2019-01-25 13:14:17,196 - INFO - fastread - 289, 1630
2019-01-25 13:14:17,201 - INFO - fastread - 290, 1640
2019-01-25 13:14:17,206 - INFO - fastread - 290, 1650
2019-01-25 13:14:17,210 - INFO - fastread - 291, 1660
2019-01-25 13:14:17,215 - INFO - fastread - 291, 1670
2019-01-25 13:14:17,219 - INFO - fastread - 292, 1680
2019-01-25 13:14:17,224 - INFO - fastread - 294, 1690
2019-01-25 13:14:17,229 - INFO - fastread - 294, 1700
2019-01-25 13:14:17,233 - INFO - fastread - 295, 1710
2019-01-25 13:14:17,238 - INFO - fastread - 296, 1720
2019-01-25 13:14:17,243 - INFO - fastread - 298, 1730
2019-01-25 13:14:17,247 - INFO - fastread - 300, 1740
2019-01-25 13:14:17,252 - INFO - fastread - 300, 1750
2019-01-25 13:14:17,257 - INFO - fastread - 302, 1760
2019-01-25 13:14:17,261 - INFO - fastread - 302, 1770
2019-01-25 13:14:17,266 - INFO - fastread - 303, 1780
2019-01-25 13:14:17,270 - INFO - fastread - 303, 1790
2019-01-25 13:14:17,275 - INFO - fastread - 305, 1800
2019-01-25 13:14:17,280 - INFO - fastread - 306, 1810
2019-01-25 13:14:17,284 - INFO - fastread - 308, 1820
2019-01-25 13:14:17,289 - INFO - fastread - 310, 1830
2019-01-25 13:14:17,294 - INFO - fastread - 314, 1840
2019-01-25 13:14:17,298 - INFO - fastread - 316, 1850
2019-01-25 13:14:17,303 - INFO - fastread - 319, 1860
2019-01-25 13:14:17,308 - INFO - fastread - 321, 1870
2019-01-25 13:14:17,312 - INFO - fastread - 322, 1880
2019-01-25 13:14:17,317 - INFO - fastread - 323, 1890
2019-01-25 13:14:17,322 - INFO - fastread - 323, 1900
2019-01-25 13:14:17,326 - INFO - fastread - 325, 1910
2019-01-25 13:14:17,331 - INFO - fastread - 329, 1920
2019-01-25 13:14:17,336 - INFO - fastread - 330, 1930
2019-01-25 13:14:17,340 - INFO - fastread - 332, 1940
2019-01-25 13:14:17,345 - INFO - fastread - 332, 1950
2019-01-25 13:14:17,350 - INFO - fastread - 334, 1960
2019-01-25 13:14:17,355 - INFO - fastread - 336, 1970
2019-01-25 13:14:17,359 - INFO - fastread - 336, 1980
2019-01-25 13:14:17,364 - INFO - fastread - 337, 1990
2019-01-25 13:14:17,369 - INFO - fastread - 337, 2000
2019-01-25 13:14:17,373 - INFO - fastread - 339, 2010
2019-01-25 13:14:17,378 - INFO - fastread - 341, 2020
2019-01-25 13:14:17,383 - INFO - fastread - 343, 2030
2019-01-25 13:14:17,387 - INFO - fastread - 347, 2040
2019-01-25 13:14:17,392 - INFO - fastread - 347, 2050
2019-01-25 13:14:17,397 - INFO - fastread - 350, 2060
2019-01-25 13:14:17,402 - INFO - fastread - 353, 2070
2019-01-25 13:14:17,406 - INFO - fastread - 356, 2080
2019-01-25 13:14:17,411 - INFO - fastread - 357, 2090
2019-01-25 13:14:17,416 - INFO - fastread - 357, 2100
2019-01-25 13:14:17,421 - INFO - fastread - 358, 2110
2019-01-25 13:14:17,425 - INFO - fastread - 359, 2120
2019-01-25 13:14:17,430 - INFO - fastread - 362, 2130
2019-01-25 13:14:17,435 - INFO - fastread - 364, 2140
2019-01-25 13:14:17,440 - INFO - fastread - 365, 2150
2019-01-25 13:14:17,444 - INFO - fastread - 365, 2160
2019-01-25 13:14:17,449 - INFO - fastread - 367, 2170
2019-01-25 13:14:17,454 - INFO - fastread - 368, 2180
2019-01-25 13:14:17,459 - INFO - fastread - 369, 2190
2019-01-25 13:14:17,463 - INFO - fastread - 372, 2200
2019-01-25 13:14:17,468 - INFO - fastread - 372, 2210
2019-01-25 13:14:17,473 - INFO - fastread - 375, 2220
2019-01-25 13:14:17,478 - INFO - fastread - 377, 2230
2019-01-25 13:14:17,482 - INFO - fastread - 380, 2240
2019-01-25 13:14:17,487 - INFO - fastread - 380, 2250
2019-01-25 13:14:17,492 - INFO - fastread - 381, 2260
2019-01-25 13:14:17,497 - INFO - fastread - 383, 2270
2019-01-25 13:14:17,501 - INFO - fastread - 385, 2280
2019-01-25 13:14:17,506 - INFO - fastread - 387, 2290
2019-01-25 13:14:17,511 - INFO - fastread - 388, 2300
2019-01-25 13:14:17,516 - INFO - fastread - 388, 2310
2019-01-25 13:14:17,521 - INFO - fastread - 390, 2320
2019-01-25 13:14:17,526 - INFO - fastread - 391, 2330
2019-01-25 13:14:17,530 - INFO - fastread - 392, 2340
2019-01-25 13:14:17,535 - INFO - fastread - 395, 2350
2019-01-25 13:14:17,540 - INFO - fastread - 396, 2360
2019-01-25 13:14:17,545 - INFO - fastread - 397, 2370
2019-01-25 13:14:17,550 - INFO - fastread - 398, 2380
2019-01-25 13:14:17,554 - INFO - fastread - 399, 2390
2019-01-25 13:14:17,559 - INFO - fastread - 399, 2400
2019-01-25 13:14:17,564 - INFO - fastread - 401, 2410
2019-01-25 13:14:17,569 - INFO - fastread - 403, 2420
2019-01-25 13:14:17,574 - INFO - fastread - 404, 2430
2019-01-25 13:14:17,578 - INFO - fastread - 408, 2440
2019-01-25 13:14:17,583 - INFO - fastread - 408, 2450
2019-01-25 13:14:17,588 - INFO - fastread - 410, 2460
2019-01-25 13:14:17,593 - INFO - fastread - 410, 2470
2019-01-25 13:14:17,598 - INFO - fastread - 410, 2480
2019-01-25 13:14:17,603 - INFO - fastread - 412, 2490
2019-01-25 13:14:17,608 - INFO - fastread - 413, 2500
2019-01-25 13:14:17,612 - INFO - fastread - 414, 2510
2019-01-25 13:14:17,617 - INFO - fastread - 417, 2520
2019-01-25 13:14:17,622 - INFO - fastread - 419, 2530
2019-01-25 13:14:17,627 - INFO - fastread - 419, 2540
2019-01-25 13:14:17,632 - INFO - fastread - 419, 2550
2019-01-25 13:14:17,637 - INFO - fastread - 419, 2560
2019-01-25 13:14:17,641 - INFO - fastread - 421, 2570
2019-01-25 13:14:17,646 - INFO - fastread - 422, 2580
2019-01-25 13:14:17,651 - INFO - fastread - 424, 2590
2019-01-25 13:14:17,656 - INFO - fastread - 425, 2600
2019-01-25 13:14:17,661 - INFO - fastread - 427, 2610
2019-01-25 13:14:17,666 - INFO - fastread - 428, 2620
2019-01-25 13:14:17,671 - INFO - fastread - 428, 2630
2019-01-25 13:14:17,676 - INFO - fastread - 429, 2640
2019-01-25 13:14:17,681 - INFO - fastread - 430, 2650
2019-01-25 13:14:17,685 - INFO - fastread - 430, 2660
2019-01-25 13:14:17,690 - INFO - fastread - 430, 2670
2019-01-25 13:14:17,695 - INFO - fastread - 430, 2680
2019-01-25 13:14:17,700 - INFO - fastread - 432, 2690
2019-01-25 13:14:17,705 - INFO - fastread - 435, 2700
2019-01-25 13:14:17,710 - INFO - fastread - 437, 2710
2019-01-25 13:14:17,715 - INFO - fastread - 439, 2720
2019-01-25 13:14:17,720 - INFO - fastread - 440, 2730
2019-01-25 13:14:17,725 - INFO - fastread - 441, 2740
2019-01-25 13:14:17,730 - INFO - fastread - 443, 2750
2019-01-25 13:14:17,735 - INFO - fastread - 447, 2760
2019-01-25 13:14:17,740 - INFO - fastread - 449, 2770
2019-01-25 13:14:17,756 - INFO - rig - ++++NEW CLF++++ SVM
2019-01-25 13:14:17,757 - INFO - fastread - Total Yes: 472 | Total No: 2496
2019-01-25 13:23:41,859 - INFO - fastread - 5, 10
2019-01-25 13:23:41,863 - INFO - fastread - 10, 20
2019-01-25 13:23:41,867 - INFO - fastread - 19, 30
2019-01-25 13:23:41,871 - INFO - fastread - 28, 40
2019-01-25 13:23:41,875 - INFO - fastread - 38, 50
2019-01-25 13:23:41,879 - INFO - fastread - 48, 60
2019-01-25 13:23:41,883 - INFO - fastread - 58, 70
2019-01-25 13:23:41,887 - INFO - fastread - 68, 80
2019-01-25 13:23:41,891 - INFO - fastread - 76, 90
2019-01-25 13:23:41,895 - INFO - fastread - 86, 100
2019-01-25 13:23:41,899 - INFO - fastread - 96, 110
2019-01-25 13:23:41,903 - INFO - fastread - 106, 120
2019-01-25 13:23:41,907 - INFO - fastread - 116, 130
2019-01-25 13:23:41,911 - INFO - fastread - 126, 140
2019-01-25 13:23:41,915 - INFO - fastread - 136, 150
2019-01-25 13:23:41,919 - INFO - fastread - 145, 160
2019-01-25 13:23:41,923 - INFO - fastread - 154, 170
2019-01-25 13:23:41,927 - INFO - fastread - 164, 180
2019-01-25 13:23:41,931 - INFO - fastread - 174, 190
2019-01-25 13:23:41,936 - INFO - fastread - 184, 200
2019-01-25 13:23:41,940 - INFO - fastread - 194, 210
2019-01-25 13:23:41,944 - INFO - fastread - 204, 220
2019-01-25 13:23:41,948 - INFO - fastread - 214, 230
2019-01-25 13:23:41,952 - INFO - fastread - 224, 240
2019-01-25 13:23:41,956 - INFO - fastread - 234, 250
2019-01-25 13:23:41,960 - INFO - fastread - 244, 260
2019-01-25 13:23:41,964 - INFO - fastread - 253, 270
2019-01-25 13:23:41,968 - INFO - fastread - 260, 280
2019-01-25 13:23:41,972 - INFO - fastread - 270, 290
2019-01-25 13:23:41,976 - INFO - fastread - 280, 300
2019-01-25 13:23:41,980 - INFO - fastread - 290, 310
2019-01-25 13:23:41,984 - INFO - fastread - 299, 320
2019-01-25 13:23:41,988 - INFO - fastread - 309, 330
2019-01-25 13:23:41,992 - INFO - fastread - 319, 340
2019-01-25 13:23:41,996 - INFO - fastread - 329, 350
2019-01-25 13:23:42,001 - INFO - fastread - 339, 360
2019-01-25 13:23:42,005 - INFO - fastread - 344, 370
2019-01-25 13:23:42,009 - INFO - fastread - 352, 380
2019-01-25 13:23:42,013 - INFO - fastread - 355, 390
2019-01-25 13:23:42,017 - INFO - fastread - 359, 400
2019-01-25 13:23:42,021 - INFO - fastread - 365, 410
2019-01-25 13:23:42,025 - INFO - fastread - 367, 420
2019-01-25 13:23:42,029 - INFO - fastread - 370, 430
2019-01-25 13:23:42,033 - INFO - fastread - 375, 440
2019-01-25 13:23:42,038 - INFO - fastread - 375, 450
2019-01-25 13:23:42,042 - INFO - fastread - 377, 460
2019-01-25 13:23:42,046 - INFO - fastread - 378, 470
2019-01-25 13:23:42,050 - INFO - fastread - 380, 480
2019-01-25 13:23:42,054 - INFO - fastread - 382, 490
2019-01-25 13:23:42,059 - INFO - fastread - 386, 500
2019-01-25 13:23:42,063 - INFO - fastread - 386, 510
2019-01-25 13:23:42,067 - INFO - fastread - 389, 520
2019-01-25 13:23:42,071 - INFO - fastread - 394, 530
2019-01-25 13:23:42,075 - INFO - fastread - 396, 540
2019-01-25 13:23:42,080 - INFO - fastread - 398, 550
2019-01-25 13:23:42,084 - INFO - fastread - 401, 560
2019-01-25 13:23:42,088 - INFO - fastread - 401, 570
2019-01-25 13:23:42,092 - INFO - fastread - 401, 580
2019-01-25 13:23:42,096 - INFO - fastread - 403, 590
2019-01-25 13:23:42,100 - INFO - fastread - 404, 600
2019-01-25 13:23:42,105 - INFO - fastread - 406, 610
2019-01-25 13:23:42,109 - INFO - fastread - 408, 620
2019-01-25 13:23:42,113 - INFO - fastread - 410, 630
2019-01-25 13:23:42,117 - INFO - fastread - 413, 640
2019-01-25 13:23:42,121 - INFO - fastread - 416, 650
2019-01-25 13:23:42,125 - INFO - fastread - 418, 660
2019-01-25 13:23:42,129 - INFO - fastread - 418, 670
2019-01-25 13:23:42,134 - INFO - fastread - 420, 680
2019-01-25 13:23:42,138 - INFO - fastread - 421, 690
2019-01-25 13:23:42,142 - INFO - fastread - 422, 700
2019-01-25 13:23:42,146 - INFO - fastread - 424, 710
2019-01-25 13:23:42,150 - INFO - fastread - 424, 720
2019-01-25 13:23:42,155 - INFO - fastread - 425, 730
2019-01-25 13:23:42,159 - INFO - fastread - 425, 740
2019-01-25 13:23:42,163 - INFO - fastread - 426, 750
2019-01-25 13:23:42,167 - INFO - fastread - 428, 760
2019-01-25 13:23:42,171 - INFO - fastread - 429, 770
2019-01-25 13:23:42,176 - INFO - fastread - 430, 780
2019-01-25 13:23:42,180 - INFO - fastread - 430, 790
2019-01-25 13:23:42,184 - INFO - fastread - 430, 800
2019-01-25 13:23:42,188 - INFO - fastread - 430, 810
2019-01-25 13:23:42,192 - INFO - fastread - 430, 820
2019-01-25 13:23:42,197 - INFO - fastread - 430, 830
2019-01-25 13:23:42,201 - INFO - fastread - 430, 840
2019-01-25 13:23:42,205 - INFO - fastread - 430, 850
2019-01-25 13:23:42,209 - INFO - fastread - 431, 860
2019-01-25 13:23:42,213 - INFO - fastread - 432, 870
2019-01-25 13:23:42,218 - INFO - fastread - 432, 880
2019-01-25 13:23:42,222 - INFO - fastread - 432, 890
2019-01-25 13:23:42,226 - INFO - fastread - 432, 900
2019-01-25 13:23:42,231 - INFO - fastread - 432, 910
2019-01-25 13:23:42,235 - INFO - fastread - 436, 920
2019-01-25 13:23:42,239 - INFO - fastread - 437, 930
2019-01-25 13:23:42,244 - INFO - fastread - 437, 940
2019-01-25 13:23:42,248 - INFO - fastread - 437, 950
2019-01-25 13:23:42,252 - INFO - fastread - 437, 960
2019-01-25 13:23:42,256 - INFO - fastread - 437, 970
2019-01-25 13:23:42,261 - INFO - fastread - 438, 980
2019-01-25 13:23:42,265 - INFO - fastread - 439, 990
2019-01-25 13:23:42,269 - INFO - fastread - 439, 1000
2019-01-25 13:23:42,273 - INFO - fastread - 440, 1010
2019-01-25 13:23:42,278 - INFO - fastread - 442, 1020
2019-01-25 13:23:42,282 - INFO - fastread - 443, 1030
2019-01-25 13:23:42,286 - INFO - fastread - 443, 1040
2019-01-25 13:23:42,290 - INFO - fastread - 443, 1050
2019-01-25 13:23:42,295 - INFO - fastread - 443, 1060
2019-01-25 13:23:42,299 - INFO - fastread - 443, 1070
2019-01-25 13:23:42,303 - INFO - fastread - 444, 1080
2019-01-25 13:23:42,307 - INFO - fastread - 445, 1090
2019-01-25 13:23:42,312 - INFO - fastread - 445, 1100
2019-01-25 13:23:42,316 - INFO - fastread - 445, 1110
2019-01-25 13:23:42,320 - INFO - fastread - 445, 1120
2019-01-25 13:23:42,324 - INFO - fastread - 446, 1130
2019-01-25 13:23:42,329 - INFO - fastread - 446, 1140
2019-01-25 13:23:42,333 - INFO - fastread - 446, 1150
2019-01-25 13:23:42,337 - INFO - fastread - 446, 1160
2019-01-25 13:23:42,341 - INFO - fastread - 448, 1170
2019-01-25 13:23:42,346 - INFO - fastread - 449, 1180
2019-01-25 13:23:42,356 - INFO - rig - ++++NEW CLF++++ DT
2019-01-25 13:23:42,356 - INFO - fastread - Total Yes: 472 | Total No: 2496
2019-01-25 13:24:01,588 - INFO - fastread - 8, 10
2019-01-25 13:24:01,592 - INFO - fastread - 16, 20
2019-01-25 13:24:01,597 - INFO - fastread - 23, 30
2019-01-25 13:24:01,601 - INFO - fastread - 33, 40
2019-01-25 13:24:01,605 - INFO - fastread - 43, 50
2019-01-25 13:24:01,609 - INFO - fastread - 51, 60
2019-01-25 13:24:01,613 - INFO - fastread - 58, 70
2019-01-25 13:24:01,617 - INFO - fastread - 66, 80
2019-01-25 13:24:01,621 - INFO - fastread - 75, 90
2019-01-25 13:24:01,625 - INFO - fastread - 84, 100
2019-01-25 13:24:01,629 - INFO - fastread - 90, 110
2019-01-25 13:24:01,633 - INFO - fastread - 98, 120
2019-01-25 13:24:01,637 - INFO - fastread - 107, 130
2019-01-25 13:24:01,641 - INFO - fastread - 116, 140
2019-01-25 13:24:01,645 - INFO - fastread - 125, 150
2019-01-25 13:24:01,649 - INFO - fastread - 133, 160
2019-01-25 13:24:01,653 - INFO - fastread - 142, 170
2019-01-25 13:24:01,657 - INFO - fastread - 147, 180
2019-01-25 13:24:01,661 - INFO - fastread - 157, 190
2019-01-25 13:24:01,665 - INFO - fastread - 166, 200
2019-01-25 13:24:01,669 - INFO - fastread - 175, 210
2019-01-25 13:24:01,673 - INFO - fastread - 185, 220
2019-01-25 13:24:01,677 - INFO - fastread - 195, 230
2019-01-25 13:24:01,681 - INFO - fastread - 205, 240
2019-01-25 13:24:01,685 - INFO - fastread - 214, 250
2019-01-25 13:24:01,689 - INFO - fastread - 220, 260
2019-01-25 13:24:01,693 - INFO - fastread - 228, 270
2019-01-25 13:24:01,697 - INFO - fastread - 237, 280
2019-01-25 13:24:01,701 - INFO - fastread - 246, 290
2019-01-25 13:24:01,705 - INFO - fastread - 256, 300
2019-01-25 13:24:01,710 - INFO - fastread - 262, 310
2019-01-25 13:24:01,714 - INFO - fastread - 270, 320
2019-01-25 13:24:01,718 - INFO - fastread - 279, 330
2019-01-25 13:24:01,722 - INFO - fastread - 289, 340
2019-01-25 13:24:01,726 - INFO - fastread - 298, 350
2019-01-25 13:24:01,730 - INFO - fastread - 307, 360
2019-01-25 13:24:01,734 - INFO - fastread - 315, 370
2019-01-25 13:24:01,738 - INFO - fastread - 325, 380
2019-01-25 13:24:01,742 - INFO - fastread - 335, 390
2019-01-25 13:24:01,746 - INFO - fastread - 342, 400
2019-01-25 13:24:01,751 - INFO - fastread - 347, 410
2019-01-25 13:24:01,755 - INFO - fastread - 348, 420
2019-01-25 13:24:01,759 - INFO - fastread - 350, 430
2019-01-25 13:24:01,763 - INFO - fastread - 351, 440
2019-01-25 13:24:01,767 - INFO - fastread - 351, 450
2019-01-25 13:24:01,771 - INFO - fastread - 351, 460
2019-01-25 13:24:01,775 - INFO - fastread - 351, 470
2019-01-25 13:24:01,779 - INFO - fastread - 351, 480
2019-01-25 13:24:01,783 - INFO - fastread - 351, 490
2019-01-25 13:24:01,788 - INFO - fastread - 352, 500
2019-01-25 13:24:01,792 - INFO - fastread - 352, 510
2019-01-25 13:24:01,796 - INFO - fastread - 352, 520
2019-01-25 13:24:01,800 - INFO - fastread - 352, 530
2019-01-25 13:24:01,804 - INFO - fastread - 353, 540
2019-01-25 13:24:01,808 - INFO - fastread - 355, 550
2019-01-25 13:24:01,812 - INFO - fastread - 355, 560
2019-01-25 13:24:01,817 - INFO - fastread - 355, 570
2019-01-25 13:24:01,821 - INFO - fastread - 355, 580
2019-01-25 13:24:01,825 - INFO - fastread - 355, 590
2019-01-25 13:24:01,829 - INFO - fastread - 356, 600
2019-01-25 13:24:01,833 - INFO - fastread - 356, 610
2019-01-25 13:24:01,837 - INFO - fastread - 356, 620
2019-01-25 13:24:01,841 - INFO - fastread - 356, 630
2019-01-25 13:24:01,846 - INFO - fastread - 357, 640
2019-01-25 13:24:01,850 - INFO - fastread - 357, 650
2019-01-25 13:24:01,854 - INFO - fastread - 358, 660
2019-01-25 13:24:01,858 - INFO - fastread - 360, 670
2019-01-25 13:24:01,862 - INFO - fastread - 361, 680
2019-01-25 13:24:01,867 - INFO - fastread - 361, 690
2019-01-25 13:24:01,871 - INFO - fastread - 362, 700
2019-01-25 13:24:01,875 - INFO - fastread - 362, 710
2019-01-25 13:24:01,879 - INFO - fastread - 362, 720
2019-01-25 13:24:01,883 - INFO - fastread - 362, 730
2019-01-25 13:24:01,887 - INFO - fastread - 364, 740
2019-01-25 13:24:01,892 - INFO - fastread - 366, 750
2019-01-25 13:24:01,896 - INFO - fastread - 366, 760
2019-01-25 13:24:01,900 - INFO - fastread - 367, 770
2019-01-25 13:24:01,904 - INFO - fastread - 369, 780
2019-01-25 13:24:01,908 - INFO - fastread - 369, 790
2019-01-25 13:24:01,912 - INFO - fastread - 370, 800
2019-01-25 13:24:01,917 - INFO - fastread - 371, 810
2019-01-25 13:24:01,921 - INFO - fastread - 371, 820
2019-01-25 13:24:01,925 - INFO - fastread - 371, 830
2019-01-25 13:24:01,929 - INFO - fastread - 371, 840
2019-01-25 13:24:01,933 - INFO - fastread - 371, 850
2019-01-25 13:24:01,938 - INFO - fastread - 371, 860
2019-01-25 13:24:01,942 - INFO - fastread - 372, 870
2019-01-25 13:24:01,946 - INFO - fastread - 374, 880
2019-01-25 13:24:01,950 - INFO - fastread - 375, 890
2019-01-25 13:24:01,954 - INFO - fastread - 376, 900
2019-01-25 13:24:01,959 - INFO - fastread - 376, 910
2019-01-25 13:24:01,963 - INFO - fastread - 376, 920
2019-01-25 13:24:01,967 - INFO - fastread - 377, 930
2019-01-25 13:24:01,971 - INFO - fastread - 378, 940
2019-01-25 13:24:01,975 - INFO - fastread - 378, 950
2019-01-25 13:24:01,980 - INFO - fastread - 378, 960
2019-01-25 13:24:01,984 - INFO - fastread - 378, 970
2019-01-25 13:24:01,988 - INFO - fastread - 378, 980
2019-01-25 13:24:01,992 - INFO - fastread - 379, 990
2019-01-25 13:24:01,997 - INFO - fastread - 379, 1000
2019-01-25 13:24:02,001 - INFO - fastread - 379, 1010
2019-01-25 13:24:02,005 - INFO - fastread - 379, 1020
2019-01-25 13:24:02,009 - INFO - fastread - 379, 1030
2019-01-25 13:24:02,013 - INFO - fastread - 379, 1040
2019-01-25 13:24:02,018 - INFO - fastread - 379, 1050
2019-01-25 13:24:02,022 - INFO - fastread - 380, 1060
2019-01-25 13:24:02,026 - INFO - fastread - 381, 1070
2019-01-25 13:24:02,030 - INFO - fastread - 382, 1080
2019-01-25 13:24:02,035 - INFO - fastread - 382, 1090
2019-01-25 13:24:02,039 - INFO - fastread - 382, 1100
2019-01-25 13:24:02,043 - INFO - fastread - 382, 1110
2019-01-25 13:24:02,047 - INFO - fastread - 383, 1120
2019-01-25 13:24:02,052 - INFO - fastread - 383, 1130
2019-01-25 13:24:02,056 - INFO - fastread - 384, 1140
2019-01-25 13:24:02,060 - INFO - fastread - 384, 1150
2019-01-25 13:24:02,064 - INFO - fastread - 386, 1160
2019-01-25 13:24:02,069 - INFO - fastread - 386, 1170
2019-01-25 13:24:02,073 - INFO - fastread - 388, 1180
2019-01-25 13:24:02,077 - INFO - fastread - 388, 1190
2019-01-25 13:24:02,081 - INFO - fastread - 388, 1200
2019-01-25 13:24:02,086 - INFO - fastread - 388, 1210
2019-01-25 13:24:02,090 - INFO - fastread - 389, 1220
2019-01-25 13:24:02,094 - INFO - fastread - 389, 1230
2019-01-25 13:24:02,098 - INFO - fastread - 389, 1240
2019-01-25 13:24:02,103 - INFO - fastread - 389, 1250
2019-01-25 13:24:02,107 - INFO - fastread - 389, 1260
2019-01-25 13:24:02,111 - INFO - fastread - 389, 1270
2019-01-25 13:24:02,116 - INFO - fastread - 390, 1280
2019-01-25 13:24:02,120 - INFO - fastread - 391, 1290
2019-01-25 13:24:02,124 - INFO - fastread - 391, 1300
2019-01-25 13:24:02,128 - INFO - fastread - 393, 1310
2019-01-25 13:24:02,133 - INFO - fastread - 393, 1320
2019-01-25 13:24:02,137 - INFO - fastread - 393, 1330
2019-01-25 13:24:02,141 - INFO - fastread - 394, 1340
2019-01-25 13:24:02,146 - INFO - fastread - 396, 1350
2019-01-25 13:24:02,150 - INFO - fastread - 397, 1360
2019-01-25 13:24:02,154 - INFO - fastread - 397, 1370
2019-01-25 13:24:02,158 - INFO - fastread - 397, 1380
2019-01-25 13:24:02,163 - INFO - fastread - 398, 1390
2019-01-25 13:24:02,167 - INFO - fastread - 398, 1400
2019-01-25 13:24:02,171 - INFO - fastread - 398, 1410
2019-01-25 13:24:02,176 - INFO - fastread - 398, 1420
2019-01-25 13:24:02,180 - INFO - fastread - 398, 1430
2019-01-25 13:24:02,184 - INFO - fastread - 398, 1440
2019-01-25 13:24:02,189 - INFO - fastread - 398, 1450
2019-01-25 13:24:02,193 - INFO - fastread - 398, 1460
2019-01-25 13:24:02,197 - INFO - fastread - 398, 1470
2019-01-25 13:24:02,202 - INFO - fastread - 400, 1480
2019-01-25 13:24:02,206 - INFO - fastread - 400, 1490
2019-01-25 13:24:02,210 - INFO - fastread - 400, 1500
2019-01-25 13:24:02,215 - INFO - fastread - 402, 1510
2019-01-25 13:24:02,219 - INFO - fastread - 402, 1520
2019-01-25 13:24:02,223 - INFO - fastread - 404, 1530
2019-01-25 13:24:02,228 - INFO - fastread - 405, 1540
2019-01-25 13:24:02,232 - INFO - fastread - 407, 1550
2019-01-25 13:24:02,236 - INFO - fastread - 408, 1560
2019-01-25 13:24:02,241 - INFO - fastread - 410, 1570
2019-01-25 13:24:02,245 - INFO - fastread - 411, 1580
2019-01-25 13:24:02,249 - INFO - fastread - 412, 1590
2019-01-25 13:24:02,254 - INFO - fastread - 413, 1600
2019-01-25 13:24:02,258 - INFO - fastread - 413, 1610
2019-01-25 13:24:02,262 - INFO - fastread - 413, 1620
2019-01-25 13:24:02,267 - INFO - fastread - 414, 1630
2019-01-25 13:24:02,271 - INFO - fastread - 414, 1640
2019-01-25 13:24:02,275 - INFO - fastread - 415, 1650
2019-01-25 13:24:02,280 - INFO - fastread - 415, 1660
2019-01-25 13:24:02,284 - INFO - fastread - 415, 1670
2019-01-25 13:24:02,288 - INFO - fastread - 415, 1680
2019-01-25 13:24:02,293 - INFO - fastread - 415, 1690
2019-01-25 13:24:02,297 - INFO - fastread - 416, 1700
2019-01-25 13:24:02,302 - INFO - fastread - 416, 1710
2019-01-25 13:24:02,306 - INFO - fastread - 416, 1720
2019-01-25 13:24:02,310 - INFO - fastread - 417, 1730
2019-01-25 13:24:02,315 - INFO - fastread - 418, 1740
2019-01-25 13:24:02,319 - INFO - fastread - 418, 1750
2019-01-25 13:24:02,323 - INFO - fastread - 419, 1760
2019-01-25 13:24:02,328 - INFO - fastread - 419, 1770
2019-01-25 13:24:02,332 - INFO - fastread - 419, 1780
2019-01-25 13:24:02,337 - INFO - fastread - 420, 1790
2019-01-25 13:24:02,341 - INFO - fastread - 420, 1800
2019-01-25 13:24:02,345 - INFO - fastread - 421, 1810
2019-01-25 13:24:02,350 - INFO - fastread - 423, 1820
2019-01-25 13:24:02,354 - INFO - fastread - 424, 1830
2019-01-25 13:24:02,358 - INFO - fastread - 424, 1840
2019-01-25 13:24:02,363 - INFO - fastread - 424, 1850
2019-01-25 13:24:02,367 - INFO - fastread - 425, 1860
2019-01-25 13:24:02,372 - INFO - fastread - 425, 1870
2019-01-25 13:24:02,376 - INFO - fastread - 426, 1880
2019-01-25 13:24:02,380 - INFO - fastread - 427, 1890
2019-01-25 13:24:02,385 - INFO - fastread - 427, 1900
2019-01-25 13:24:02,389 - INFO - fastread - 427, 1910
2019-01-25 13:24:02,394 - INFO - fastread - 427, 1920
2019-01-25 13:24:02,398 - INFO - fastread - 428, 1930
2019-01-25 13:24:02,402 - INFO - fastread - 429, 1940
2019-01-25 13:24:02,407 - INFO - fastread - 429, 1950
2019-01-25 13:24:02,411 - INFO - fastread - 429, 1960
2019-01-25 13:24:02,416 - INFO - fastread - 429, 1970
2019-01-25 13:24:02,420 - INFO - fastread - 429, 1980
2019-01-25 13:24:02,424 - INFO - fastread - 429, 1990
2019-01-25 13:24:02,429 - INFO - fastread - 430, 2000
2019-01-25 13:24:02,433 - INFO - fastread - 433, 2010
2019-01-25 13:24:02,438 - INFO - fastread - 433, 2020
2019-01-25 13:24:02,442 - INFO - fastread - 433, 2030
2019-01-25 13:24:02,447 - INFO - fastread - 434, 2040
2019-01-25 13:24:02,451 - INFO - fastread - 434, 2050
2019-01-25 13:24:02,456 - INFO - fastread - 435, 2060
2019-01-25 13:24:02,460 - INFO - fastread - 435, 2070
2019-01-25 13:24:02,464 - INFO - fastread - 435, 2080
2019-01-25 13:24:02,469 - INFO - fastread - 436, 2090
2019-01-25 13:24:02,473 - INFO - fastread - 436, 2100
2019-01-25 13:24:02,478 - INFO - fastread - 436, 2110
2019-01-25 13:24:02,482 - INFO - fastread - 436, 2120
2019-01-25 13:24:02,487 - INFO - fastread - 437, 2130
2019-01-25 13:24:02,491 - INFO - fastread - 439, 2140
2019-01-25 13:24:02,496 - INFO - fastread - 439, 2150
2019-01-25 13:24:02,500 - INFO - fastread - 440, 2160
2019-01-25 13:24:02,504 - INFO - fastread - 440, 2170
2019-01-25 13:24:02,509 - INFO - fastread - 441, 2180
2019-01-25 13:24:02,513 - INFO - fastread - 441, 2190
2019-01-25 13:24:02,518 - INFO - fastread - 443, 2200
2019-01-25 13:24:02,522 - INFO - fastread - 443, 2210
2019-01-25 13:24:02,527 - INFO - fastread - 444, 2220
2019-01-25 13:24:02,531 - INFO - fastread - 444, 2230
2019-01-25 13:24:02,536 - INFO - fastread - 444, 2240
2019-01-25 13:24:02,540 - INFO - fastread - 444, 2250
2019-01-25 13:24:02,545 - INFO - fastread - 444, 2260
2019-01-25 13:24:02,549 - INFO - fastread - 445, 2270
2019-01-25 13:24:02,554 - INFO - fastread - 445, 2280
2019-01-25 13:24:02,558 - INFO - fastread - 446, 2290
2019-01-25 13:24:02,563 - INFO - fastread - 446, 2300
2019-01-25 13:24:02,567 - INFO - fastread - 447, 2310
2019-01-25 13:24:02,572 - INFO - fastread - 448, 2320
2019-01-25 13:24:02,576 - INFO - fastread - 448, 2330
2019-01-25 13:24:02,581 - INFO - fastread - 448, 2340
2019-01-25 13:24:02,585 - INFO - fastread - 449, 2350
