2019-01-25 12:46:29,928 - INFO - rig - jruby-1.4.0
2019-01-25 12:46:38,397 - INFO - rig - ++++NEW CLF++++ FASTREAD
2019-01-25 12:46:38,397 - INFO - fastread - Total Yes: 622 | Total No: 4275
2019-01-25 12:46:39,011 - INFO - fastread - 0, 0
2019-01-25 12:47:20,056 - INFO - fastread - 200, 209
2019-01-25 12:47:22,892 - INFO - fastread - 200, 219
2019-01-25 12:47:25,752 - INFO - fastread - 200, 229
2019-01-25 12:47:28,638 - INFO - fastread - 200, 239
2019-01-25 12:47:31,546 - INFO - fastread - 200, 249
2019-01-25 12:47:34,484 - INFO - fastread - 200, 259
2019-01-25 12:47:37,445 - INFO - fastread - 200, 269
2019-01-25 12:47:40,427 - INFO - fastread - 200, 279
2019-01-25 12:47:43,382 - INFO - fastread - 200, 289
2019-01-25 12:47:46,376 - INFO - fastread - 200, 299
2019-01-25 12:47:49,423 - INFO - fastread - 200, 309
2019-01-25 12:47:52,436 - INFO - fastread - 200, 319
2019-01-25 12:47:55,422 - INFO - fastread - 200, 329
2019-01-25 12:47:58,411 - INFO - fastread - 200, 339
2019-01-25 12:48:01,367 - INFO - fastread - 201, 349
2019-01-25 12:48:04,349 - INFO - fastread - 203, 359
2019-01-25 12:48:07,424 - INFO - fastread - 205, 369
2019-01-25 12:48:10,431 - INFO - fastread - 205, 379
2019-01-25 12:48:13,412 - INFO - fastread - 205, 389
2019-01-25 12:48:16,412 - INFO - fastread - 205, 399
2019-01-25 12:48:19,395 - INFO - fastread - 205, 409
2019-01-25 12:48:22,400 - INFO - fastread - 205, 419
2019-01-25 12:48:25,434 - INFO - fastread - 205, 429
2019-01-25 12:48:28,452 - INFO - fastread - 205, 439
2019-01-25 12:48:31,418 - INFO - fastread - 205, 449
2019-01-25 12:48:34,361 - INFO - fastread - 205, 459
2019-01-25 12:48:37,275 - INFO - fastread - 210, 469
2019-01-25 12:48:40,250 - INFO - fastread - 210, 479
2019-01-25 12:48:43,248 - INFO - fastread - 212, 489
2019-01-25 12:48:46,318 - INFO - fastread - 213, 499
2019-01-25 12:48:49,429 - INFO - fastread - 213, 509
2019-01-25 12:48:52,487 - INFO - fastread - 213, 519
2019-01-25 12:48:55,518 - INFO - fastread - 213, 529
2019-01-25 12:48:58,565 - INFO - fastread - 213, 539
2019-01-25 12:49:01,631 - INFO - fastread - 214, 549
2019-01-25 12:49:04,679 - INFO - fastread - 214, 559
2019-01-25 12:49:07,751 - INFO - fastread - 214, 569
2019-01-25 12:49:10,840 - INFO - fastread - 214, 579
2019-01-25 12:49:13,992 - INFO - fastread - 214, 589
2019-01-25 12:49:17,114 - INFO - fastread - 214, 599
2019-01-25 12:49:20,185 - INFO - fastread - 214, 609
2019-01-25 12:49:23,244 - INFO - fastread - 214, 619
2019-01-25 12:49:26,303 - INFO - fastread - 214, 629
2019-01-25 12:49:29,406 - INFO - fastread - 217, 639
2019-01-25 12:49:32,529 - INFO - fastread - 217, 649
2019-01-25 12:49:35,635 - INFO - fastread - 217, 659
2019-01-25 12:49:38,763 - INFO - fastread - 217, 669
2019-01-25 12:49:41,918 - INFO - fastread - 217, 679
2019-01-25 12:49:45,127 - INFO - fastread - 217, 689
2019-01-25 12:49:48,341 - INFO - fastread - 217, 699
2019-01-25 12:49:51,518 - INFO - fastread - 217, 709
2019-01-25 12:49:54,694 - INFO - fastread - 218, 719
2019-01-25 12:49:57,880 - INFO - fastread - 218, 729
2019-01-25 12:50:01,053 - INFO - fastread - 218, 739
2019-01-25 12:50:04,272 - INFO - fastread - 220, 749
2019-01-25 12:50:07,545 - INFO - fastread - 220, 759
2019-01-25 12:50:10,843 - INFO - fastread - 222, 769
2019-01-25 12:50:14,158 - INFO - fastread - 223, 779
2019-01-25 12:50:17,473 - INFO - fastread - 223, 789
2019-01-25 12:50:20,795 - INFO - fastread - 223, 799
2019-01-25 12:50:24,145 - INFO - fastread - 223, 809
2019-01-25 12:50:27,526 - INFO - fastread - 223, 819
2019-01-25 12:50:30,923 - INFO - fastread - 223, 829
2019-01-25 12:50:34,343 - INFO - fastread - 223, 839
2019-01-25 12:50:37,725 - INFO - fastread - 223, 849
2019-01-25 12:50:41,082 - INFO - fastread - 223, 859
2019-01-25 12:50:44,422 - INFO - fastread - 224, 869
2019-01-25 12:50:47,775 - INFO - fastread - 224, 879
2019-01-25 12:50:51,091 - INFO - fastread - 224, 889
2019-01-25 12:50:54,391 - INFO - fastread - 224, 899
2019-01-25 12:50:57,752 - INFO - fastread - 224, 909
2019-01-25 12:51:01,154 - INFO - fastread - 224, 919
2019-01-25 12:51:04,593 - INFO - fastread - 225, 929
2019-01-25 12:51:08,011 - INFO - fastread - 225, 939
2019-01-25 12:51:11,428 - INFO - fastread - 226, 949
2019-01-25 12:51:14,915 - INFO - fastread - 226, 959
2019-01-25 12:51:18,439 - INFO - fastread - 226, 969
2019-01-25 12:51:21,991 - INFO - fastread - 226, 979
2019-01-25 12:51:25,511 - INFO - fastread - 226, 989
2019-01-25 12:51:29,015 - INFO - fastread - 226, 999
2019-01-25 12:51:32,561 - INFO - fastread - 226, 1009
2019-01-25 12:51:36,154 - INFO - fastread - 226, 1019
2019-01-25 12:51:39,704 - INFO - fastread - 226, 1029
2019-01-25 12:51:43,201 - INFO - fastread - 226, 1039
2019-01-25 12:51:46,676 - INFO - fastread - 226, 1049
2019-01-25 12:51:50,235 - INFO - fastread - 227, 1059
2019-01-25 12:51:53,839 - INFO - fastread - 227, 1069
2019-01-25 12:51:57,494 - INFO - fastread - 227, 1079
2019-01-25 12:52:01,128 - INFO - fastread - 227, 1089
2019-01-25 12:52:04,739 - INFO - fastread - 229, 1099
2019-01-25 12:52:08,415 - INFO - fastread - 229, 1109
2019-01-25 12:52:12,148 - INFO - fastread - 229, 1119
2019-01-25 12:52:15,907 - INFO - fastread - 230, 1129
2019-01-25 12:52:19,709 - INFO - fastread - 230, 1139
2019-01-25 12:52:23,478 - INFO - fastread - 230, 1149
2019-01-25 12:52:27,221 - INFO - fastread - 231, 1159
2019-01-25 12:52:31,066 - INFO - fastread - 231, 1169
2019-01-25 12:52:34,950 - INFO - fastread - 231, 1179
2019-01-25 12:52:38,807 - INFO - fastread - 231, 1189
2019-01-25 12:52:42,687 - INFO - fastread - 232, 1199
2019-01-25 12:52:46,570 - INFO - fastread - 232, 1209
2019-01-25 12:52:50,456 - INFO - fastread - 232, 1219
2019-01-25 12:52:54,365 - INFO - fastread - 234, 1229
2019-01-25 12:52:58,329 - INFO - fastread - 234, 1239
2019-01-25 12:53:02,320 - INFO - fastread - 235, 1249
2019-01-25 12:53:07,570 - INFO - fastread - 235, 1259
2019-01-25 12:53:12,637 - INFO - fastread - 236, 1269
2019-01-25 12:53:17,655 - INFO - fastread - 236, 1279
2019-01-25 12:53:22,772 - INFO - fastread - 236, 1289
2019-01-25 12:53:27,962 - INFO - fastread - 236, 1299
2019-01-25 12:53:32,167 - INFO - fastread - 236, 1309
2019-01-25 12:53:36,275 - INFO - fastread - 237, 1319
2019-01-25 12:53:40,435 - INFO - fastread - 238, 1329
2019-01-25 12:53:44,617 - INFO - fastread - 238, 1339
2019-01-25 12:53:48,756 - INFO - fastread - 238, 1349
2019-01-25 12:53:52,906 - INFO - fastread - 239, 1359
2019-01-25 12:53:57,058 - INFO - fastread - 239, 1369
2019-01-25 12:54:01,200 - INFO - fastread - 240, 1379
2019-01-25 12:54:05,361 - INFO - fastread - 240, 1389
2019-01-25 12:54:09,504 - INFO - fastread - 240, 1399
2019-01-25 12:54:13,632 - INFO - fastread - 240, 1409
2019-01-25 12:54:17,735 - INFO - fastread - 240, 1419
2019-01-25 12:54:21,836 - INFO - fastread - 240, 1429
2019-01-25 12:54:25,946 - INFO - fastread - 240, 1439
2019-01-25 12:54:30,078 - INFO - fastread - 240, 1449
2019-01-25 12:54:34,253 - INFO - fastread - 241, 1459
2019-01-25 12:54:38,467 - INFO - fastread - 241, 1469
2019-01-25 12:54:42,725 - INFO - fastread - 242, 1479
2019-01-25 12:54:47,028 - INFO - fastread - 242, 1489
2019-01-25 12:54:51,404 - INFO - fastread - 243, 1499
2019-01-25 12:54:55,800 - INFO - fastread - 243, 1509
2019-01-25 12:55:00,126 - INFO - fastread - 243, 1519
2019-01-25 12:55:04,426 - INFO - fastread - 243, 1529
2019-01-25 12:55:08,715 - INFO - fastread - 243, 1539
2019-01-25 12:55:13,026 - INFO - fastread - 243, 1549
2019-01-25 12:55:17,483 - INFO - fastread - 243, 1559
2019-01-25 12:55:22,012 - INFO - fastread - 243, 1569
2019-01-25 12:55:26,535 - INFO - fastread - 245, 1579
2019-01-25 12:55:31,078 - INFO - fastread - 245, 1589
2019-01-25 12:55:35,635 - INFO - fastread - 245, 1599
2019-01-25 12:55:40,215 - INFO - fastread - 248, 1609
2019-01-25 12:55:44,864 - INFO - fastread - 249, 1619
2019-01-25 12:55:49,519 - INFO - fastread - 249, 1629
2019-01-25 12:55:54,218 - INFO - fastread - 250, 1639
2019-01-25 12:55:58,986 - INFO - fastread - 250, 1649
2019-01-25 12:56:04,753 - INFO - fastread - 250, 1659
2019-01-25 12:56:09,492 - INFO - fastread - 250, 1669
2019-01-25 12:56:14,264 - INFO - fastread - 253, 1679
2019-01-25 12:56:19,029 - INFO - fastread - 253, 1689
2019-01-25 12:56:23,770 - INFO - fastread - 253, 1699
2019-01-25 12:56:28,506 - INFO - fastread - 253, 1709
2019-01-25 12:56:33,193 - INFO - fastread - 253, 1719
2019-01-25 12:56:37,932 - INFO - fastread - 253, 1729
2019-01-25 12:56:42,706 - INFO - fastread - 253, 1739
2019-01-25 12:56:47,529 - INFO - fastread - 253, 1749
2019-01-25 12:56:52,462 - INFO - fastread - 253, 1759
2019-01-25 12:56:58,474 - INFO - fastread - 253, 1769
2019-01-25 12:57:04,469 - INFO - fastread - 253, 1779
2019-01-25 12:57:10,446 - INFO - fastread - 255, 1789
2019-01-25 12:57:16,444 - INFO - fastread - 256, 1799
2019-01-25 12:57:22,499 - INFO - fastread - 257, 1809
2019-01-25 12:57:28,607 - INFO - fastread - 257, 1819
2019-01-25 12:57:34,782 - INFO - fastread - 257, 1829
2019-01-25 12:57:40,993 - INFO - fastread - 257, 1839
2019-01-25 12:57:47,244 - INFO - fastread - 257, 1849
2019-01-25 12:57:52,483 - INFO - fastread - 257, 1859
2019-01-25 12:57:57,607 - INFO - fastread - 259, 1869
2019-01-25 12:58:02,732 - INFO - fastread - 259, 1879
2019-01-25 12:58:07,861 - INFO - fastread - 260, 1889
2019-01-25 12:58:13,043 - INFO - fastread - 260, 1899
2019-01-25 12:58:18,283 - INFO - fastread - 260, 1909
2019-01-25 12:58:23,636 - INFO - fastread - 260, 1919
2019-01-25 12:58:29,038 - INFO - fastread - 260, 1929
2019-01-25 12:58:34,455 - INFO - fastread - 260, 1939
2019-01-25 12:58:39,879 - INFO - fastread - 260, 1949
2019-01-25 12:58:45,330 - INFO - fastread - 260, 1959
2019-01-25 12:58:50,723 - INFO - fastread - 260, 1969
2019-01-25 12:58:56,117 - INFO - fastread - 260, 1979
2019-01-25 12:59:02,659 - INFO - fastread - 263, 1989
2019-01-25 12:59:08,712 - INFO - fastread - 263, 1999
2019-01-25 12:59:14,212 - INFO - fastread - 263, 2009
2019-01-25 12:59:19,770 - INFO - fastread - 265, 2019
2019-01-25 12:59:25,418 - INFO - fastread - 265, 2029
2019-01-25 12:59:31,122 - INFO - fastread - 265, 2039
2019-01-25 12:59:36,815 - INFO - fastread - 265, 2049
2019-01-25 12:59:42,552 - INFO - fastread - 266, 2059
2019-01-25 12:59:48,328 - INFO - fastread - 266, 2069
2019-01-25 12:59:54,091 - INFO - fastread - 268, 2079
2019-01-25 12:59:59,827 - INFO - fastread - 270, 2089
2019-01-25 13:00:05,571 - INFO - fastread - 270, 2099
2019-01-25 13:00:11,440 - INFO - fastread - 270, 2109
2019-01-25 13:00:17,408 - INFO - fastread - 271, 2119
2019-01-25 13:00:23,311 - INFO - fastread - 272, 2129
2019-01-25 13:00:29,210 - INFO - fastread - 272, 2139
2019-01-25 13:00:35,188 - INFO - fastread - 272, 2149
2019-01-25 13:00:41,327 - INFO - fastread - 272, 2159
2019-01-25 13:00:47,504 - INFO - fastread - 272, 2169
2019-01-25 13:00:53,684 - INFO - fastread - 272, 2179
2019-01-25 13:00:59,786 - INFO - fastread - 272, 2189
2019-01-25 13:01:05,898 - INFO - fastread - 272, 2199
2019-01-25 13:01:12,074 - INFO - fastread - 272, 2209
2019-01-25 13:01:18,240 - INFO - fastread - 272, 2219
2019-01-25 13:01:24,455 - INFO - fastread - 277, 2229
2019-01-25 13:01:30,864 - INFO - fastread - 279, 2239
2019-01-25 13:01:37,451 - INFO - fastread - 282, 2249
2019-01-25 13:01:43,945 - INFO - fastread - 285, 2259
2019-01-25 13:01:50,370 - INFO - fastread - 285, 2269
2019-01-25 13:01:56,813 - INFO - fastread - 285, 2279
2019-01-25 13:02:03,291 - INFO - fastread - 287, 2289
2019-01-25 13:02:09,808 - INFO - fastread - 287, 2299
2019-01-25 13:02:16,351 - INFO - fastread - 287, 2309
2019-01-25 13:02:23,015 - INFO - fastread - 287, 2319
2019-01-25 13:02:29,845 - INFO - fastread - 288, 2329
2019-01-25 13:02:36,676 - INFO - fastread - 288, 2339
2019-01-25 13:02:43,448 - INFO - fastread - 288, 2349
2019-01-25 13:02:50,199 - INFO - fastread - 288, 2359
2019-01-25 13:02:56,939 - INFO - fastread - 288, 2369
2019-01-25 13:03:03,753 - INFO - fastread - 288, 2379
2019-01-25 13:03:10,663 - INFO - fastread - 288, 2389
2019-01-25 13:03:17,652 - INFO - fastread - 291, 2399
2019-01-25 13:03:24,644 - INFO - fastread - 291, 2409
2019-01-25 13:03:31,713 - INFO - fastread - 294, 2419
2019-01-25 13:03:38,895 - INFO - fastread - 295, 2429
2019-01-25 13:03:46,014 - INFO - fastread - 297, 2439
2019-01-25 13:03:53,178 - INFO - fastread - 297, 2449
2019-01-25 13:04:01,582 - INFO - fastread - 297, 2459
2019-01-25 13:04:10,054 - INFO - fastread - 297, 2469
2019-01-25 13:04:18,570 - INFO - fastread - 300, 2479
2019-01-25 13:04:27,117 - INFO - fastread - 300, 2489
2019-01-25 13:04:34,608 - INFO - fastread - 301, 2499
2019-01-25 13:04:43,308 - INFO - fastread - 301, 2509
2019-01-25 13:04:50,953 - INFO - fastread - 301, 2519
2019-01-25 13:04:58,496 - INFO - fastread - 301, 2529
2019-01-25 13:05:06,138 - INFO - fastread - 301, 2539
2019-01-25 13:05:13,843 - INFO - fastread - 301, 2549
2019-01-25 13:05:21,645 - INFO - fastread - 301, 2559
2019-01-25 13:05:29,539 - INFO - fastread - 303, 2569
2019-01-25 13:05:38,415 - INFO - fastread - 303, 2579
2019-01-25 13:05:46,302 - INFO - fastread - 305, 2589
2019-01-25 13:05:54,201 - INFO - fastread - 305, 2599
2019-01-25 13:06:02,088 - INFO - fastread - 306, 2609
2019-01-25 13:06:10,087 - INFO - fastread - 307, 2619
2019-01-25 13:06:18,105 - INFO - fastread - 308, 2629
2019-01-25 13:06:26,236 - INFO - fastread - 309, 2639
2019-01-25 13:06:34,400 - INFO - fastread - 312, 2649
2019-01-25 13:06:42,554 - INFO - fastread - 312, 2659
2019-01-25 13:06:50,764 - INFO - fastread - 312, 2669
2019-01-25 13:06:59,026 - INFO - fastread - 312, 2679
2019-01-25 13:07:07,470 - INFO - fastread - 312, 2689
2019-01-25 13:07:15,999 - INFO - fastread - 312, 2699
2019-01-25 13:07:25,680 - INFO - fastread - 312, 2709
2019-01-25 13:07:35,329 - INFO - fastread - 312, 2719
2019-01-25 13:07:45,048 - INFO - fastread - 312, 2729
2019-01-25 13:07:53,818 - INFO - fastread - 312, 2739
2019-01-25 13:08:02,493 - INFO - fastread - 314, 2749
2019-01-25 13:08:11,166 - INFO - fastread - 314, 2759
2019-01-25 13:08:19,894 - INFO - fastread - 314, 2769
2019-01-25 13:08:28,611 - INFO - fastread - 319, 2779
2019-01-25 13:08:37,479 - INFO - fastread - 319, 2789
2019-01-25 13:08:46,344 - INFO - fastread - 320, 2799
2019-01-25 13:08:55,304 - INFO - fastread - 321, 2809
2019-01-25 13:09:04,311 - INFO - fastread - 324, 2819
2019-01-25 13:09:13,419 - INFO - fastread - 324, 2829
2019-01-25 13:09:22,634 - INFO - fastread - 324, 2839
2019-01-25 13:09:31,955 - INFO - fastread - 324, 2849
2019-01-25 13:09:41,384 - INFO - fastread - 326, 2859
2019-01-25 13:09:50,840 - INFO - fastread - 326, 2869
2019-01-25 13:10:00,285 - INFO - fastread - 326, 2879
2019-01-25 13:10:09,662 - INFO - fastread - 327, 2889
2019-01-25 13:10:19,094 - INFO - fastread - 329, 2899
2019-01-25 13:10:28,576 - INFO - fastread - 329, 2909
2019-01-25 13:10:38,096 - INFO - fastread - 330, 2919
2019-01-25 13:10:48,874 - INFO - fastread - 330, 2929
2019-01-25 13:10:58,609 - INFO - fastread - 330, 2939
2019-01-25 13:11:08,327 - INFO - fastread - 330, 2949
2019-01-25 13:11:18,111 - INFO - fastread - 330, 2959
2019-01-25 13:11:27,937 - INFO - fastread - 331, 2969
2019-01-25 13:11:37,798 - INFO - fastread - 333, 2979
2019-01-25 13:11:47,768 - INFO - fastread - 337, 2989
2019-01-25 13:11:57,809 - INFO - fastread - 338, 2999
2019-01-25 13:12:07,873 - INFO - fastread - 338, 3009
2019-01-25 13:12:18,089 - INFO - fastread - 341, 3019
2019-01-25 13:12:28,342 - INFO - fastread - 341, 3029
2019-01-25 13:12:38,734 - INFO - fastread - 344, 3039
2019-01-25 13:12:49,240 - INFO - fastread - 344, 3049
2019-01-25 13:12:59,741 - INFO - fastread - 344, 3059
2019-01-25 13:13:10,299 - INFO - fastread - 344, 3069
2019-01-25 13:13:20,881 - INFO - fastread - 346, 3079
2019-01-25 13:13:31,569 - INFO - fastread - 346, 3089
2019-01-25 13:13:42,188 - INFO - fastread - 347, 3099
2019-01-25 13:13:52,908 - INFO - fastread - 348, 3109
2019-01-25 13:14:03,698 - INFO - fastread - 348, 3119
2019-01-25 13:14:14,533 - INFO - fastread - 348, 3129
2019-01-25 13:14:25,424 - INFO - fastread - 348, 3139
2019-01-25 13:14:36,341 - INFO - fastread - 348, 3149
2019-01-25 13:14:47,310 - INFO - fastread - 348, 3159
2019-01-25 13:14:58,386 - INFO - fastread - 348, 3169
2019-01-25 13:15:09,537 - INFO - fastread - 348, 3179
2019-01-25 13:15:20,669 - INFO - fastread - 348, 3189
2019-01-25 13:15:31,927 - INFO - fastread - 348, 3199
2019-01-25 13:15:43,251 - INFO - fastread - 348, 3209
2019-01-25 13:15:54,636 - INFO - fastread - 348, 3219
2019-01-25 13:16:06,104 - INFO - fastread - 348, 3229
2019-01-25 13:16:17,659 - INFO - fastread - 348, 3239
2019-01-25 13:16:29,383 - INFO - fastread - 348, 3249
2019-01-25 13:16:41,175 - INFO - fastread - 348, 3259
2019-01-25 13:16:53,006 - INFO - fastread - 348, 3269
2019-01-25 13:17:04,880 - INFO - fastread - 348, 3279
2019-01-25 13:17:16,831 - INFO - fastread - 352, 3289
2019-01-25 13:17:28,800 - INFO - fastread - 352, 3299
2019-01-25 13:17:40,867 - INFO - fastread - 352, 3309
2019-01-25 13:17:53,016 - INFO - fastread - 354, 3319
2019-01-25 13:18:05,140 - INFO - fastread - 355, 3329
2019-01-25 13:18:17,386 - INFO - fastread - 355, 3339
2019-01-25 13:18:29,631 - INFO - fastread - 355, 3349
2019-01-25 13:18:41,989 - INFO - fastread - 357, 3359
2019-01-25 13:18:54,440 - INFO - fastread - 358, 3369
2019-01-25 13:19:06,929 - INFO - fastread - 358, 3379
2019-01-25 13:19:19,461 - INFO - fastread - 360, 3389
2019-01-25 13:19:32,041 - INFO - fastread - 363, 3399
2019-01-25 13:19:44,726 - INFO - fastread - 365, 3409
2019-01-25 13:19:57,535 - INFO - fastread - 365, 3419
2019-01-25 13:20:10,418 - INFO - fastread - 368, 3429
2019-01-25 13:20:23,374 - INFO - fastread - 370, 3439
2019-01-25 13:20:36,378 - INFO - fastread - 372, 3449
2019-01-25 13:20:49,508 - INFO - fastread - 373, 3459
2019-01-25 13:21:02,700 - INFO - fastread - 375, 3469
2019-01-25 13:21:15,952 - INFO - fastread - 375, 3479
2019-01-25 13:21:29,305 - INFO - fastread - 375, 3489
2019-01-25 13:21:42,733 - INFO - fastread - 377, 3499
2019-01-25 13:21:57,238 - INFO - fastread - 378, 3509
2019-01-25 13:22:10,932 - INFO - fastread - 379, 3519
2019-01-25 13:22:24,714 - INFO - fastread - 379, 3529
2019-01-25 13:22:38,517 - INFO - fastread - 382, 3539
2019-01-25 13:22:52,345 - INFO - fastread - 383, 3549
2019-01-25 13:23:06,277 - INFO - fastread - 383, 3559
2019-01-25 13:23:20,315 - INFO - fastread - 385, 3569
2019-01-25 13:23:34,410 - INFO - fastread - 389, 3579
2019-01-25 13:23:48,600 - INFO - fastread - 391, 3589
2019-01-25 13:24:02,959 - INFO - fastread - 391, 3599
2019-01-25 13:24:17,364 - INFO - fastread - 391, 3609
2019-01-25 13:24:31,833 - INFO - fastread - 394, 3619
2019-01-25 13:24:46,467 - INFO - fastread - 396, 3629
2019-01-25 13:25:01,166 - INFO - fastread - 396, 3639
2019-01-25 13:25:15,936 - INFO - fastread - 398, 3649
2019-01-25 13:25:30,759 - INFO - fastread - 399, 3659
2019-01-25 13:25:45,790 - INFO - fastread - 401, 3669
2019-01-25 13:26:00,797 - INFO - fastread - 401, 3679
2019-01-25 13:26:15,930 - INFO - fastread - 401, 3689
2019-01-25 13:26:31,171 - INFO - fastread - 401, 3699
2019-01-25 13:26:46,509 - INFO - fastread - 402, 3709
2019-01-25 13:27:01,925 - INFO - fastread - 404, 3719
2019-01-25 13:27:17,492 - INFO - fastread - 406, 3729
2019-01-25 13:27:33,001 - INFO - fastread - 409, 3739
2019-01-25 13:27:48,626 - INFO - fastread - 412, 3749
2019-01-25 13:28:04,255 - INFO - fastread - 412, 3759
2019-01-25 13:28:20,090 - INFO - fastread - 414, 3769
2019-01-25 13:28:35,988 - INFO - fastread - 414, 3779
2019-01-25 13:28:51,970 - INFO - fastread - 414, 3789
2019-01-25 13:29:08,036 - INFO - fastread - 415, 3799
2019-01-25 13:29:24,089 - INFO - fastread - 416, 3809
2019-01-25 13:29:41,359 - INFO - fastread - 416, 3819
2019-01-25 13:29:58,908 - INFO - fastread - 418, 3829
2019-01-25 13:30:15,267 - INFO - fastread - 421, 3839
2019-01-25 13:30:31,664 - INFO - fastread - 421, 3849
2019-01-25 13:30:48,198 - INFO - fastread - 422, 3859
2019-01-25 13:31:04,978 - INFO - fastread - 422, 3869
2019-01-25 13:31:21,819 - INFO - fastread - 422, 3879
2019-01-25 13:31:38,699 - INFO - fastread - 425, 3889
2019-01-25 13:31:55,600 - INFO - fastread - 427, 3899
2019-01-25 13:32:12,558 - INFO - fastread - 428, 3909
2019-01-25 13:32:29,703 - INFO - fastread - 429, 3919
2019-01-25 13:32:46,970 - INFO - fastread - 430, 3929
2019-01-25 13:33:04,224 - INFO - fastread - 430, 3939
2019-01-25 13:33:21,599 - INFO - fastread - 430, 3949
2019-01-25 13:33:39,010 - INFO - fastread - 430, 3959
2019-01-25 13:33:56,456 - INFO - fastread - 430, 3969
2019-01-25 13:34:14,044 - INFO - fastread - 433, 3979
2019-01-25 13:34:31,784 - INFO - fastread - 435, 3989
2019-01-25 13:34:49,604 - INFO - fastread - 436, 3999
2019-01-25 13:35:07,524 - INFO - fastread - 437, 4009
2019-01-25 13:35:25,596 - INFO - fastread - 439, 4019
2019-01-25 13:35:43,714 - INFO - fastread - 439, 4029
2019-01-25 13:36:01,956 - INFO - fastread - 442, 4039
2019-01-25 13:36:20,386 - INFO - fastread - 442, 4049
2019-01-25 13:36:39,966 - INFO - fastread - 442, 4059
2019-01-25 13:36:59,534 - INFO - fastread - 444, 4069
2019-01-25 13:37:18,284 - INFO - fastread - 445, 4079
2019-01-25 13:37:37,045 - INFO - fastread - 446, 4089
2019-01-25 13:37:55,904 - INFO - fastread - 450, 4099
2019-01-25 13:38:14,761 - INFO - fastread - 452, 4109
2019-01-25 13:38:33,747 - INFO - fastread - 452, 4119
2019-01-25 13:38:52,761 - INFO - fastread - 456, 4129
2019-01-25 13:39:11,908 - INFO - fastread - 459, 4139
2019-01-25 13:39:31,159 - INFO - fastread - 459, 4149
2019-01-25 13:39:50,503 - INFO - fastread - 461, 4159
2019-01-25 13:40:09,966 - INFO - fastread - 461, 4169
2019-01-25 13:40:29,565 - INFO - fastread - 465, 4179
2019-01-25 13:40:49,271 - INFO - fastread - 465, 4189
2019-01-25 13:41:09,004 - INFO - fastread - 465, 4199
2019-01-25 13:41:28,846 - INFO - fastread - 465, 4209
2019-01-25 13:41:48,714 - INFO - fastread - 466, 4219
2019-01-25 13:42:08,629 - INFO - fastread - 467, 4229
2019-01-25 13:42:28,722 - INFO - fastread - 469, 4239
2019-01-25 13:42:48,860 - INFO - fastread - 469, 4249
2019-01-25 13:43:09,105 - INFO - fastread - 471, 4259
2019-01-25 13:43:29,512 - INFO - fastread - 472, 4269
2019-01-25 13:43:49,945 - INFO - fastread - 474, 4279
2019-01-25 13:44:10,483 - INFO - fastread - 474, 4289
2019-01-25 13:44:31,202 - INFO - fastread - 474, 4299
2019-01-25 13:44:51,864 - INFO - fastread - 476, 4309
2019-01-25 13:45:12,742 - INFO - fastread - 479, 4319
2019-01-25 13:45:33,699 - INFO - fastread - 485, 4329
2019-01-25 13:45:54,696 - INFO - fastread - 487, 4339
2019-01-25 13:46:15,913 - INFO - fastread - 488, 4349
2019-01-25 13:46:37,223 - INFO - fastread - 489, 4359
2019-01-25 13:46:58,611 - INFO - fastread - 490, 4369
2019-01-25 13:47:20,105 - INFO - fastread - 491, 4379
2019-01-25 13:47:41,659 - INFO - fastread - 491, 4389
2019-01-25 13:48:03,288 - INFO - fastread - 494, 4399
2019-01-25 13:48:24,927 - INFO - fastread - 498, 4409
2019-01-25 13:48:47,194 - INFO - fastread - 502, 4419
2019-01-25 13:49:09,493 - INFO - fastread - 502, 4429
2019-01-25 13:49:31,671 - INFO - fastread - 505, 4439
2019-01-25 13:49:54,086 - INFO - fastread - 509, 4449
2019-01-25 13:50:16,474 - INFO - fastread - 512, 4459
2019-01-25 13:50:38,989 - INFO - fastread - 514, 4469
2019-01-25 13:51:01,822 - INFO - fastread - 515, 4479
2019-01-25 13:51:24,728 - INFO - fastread - 517, 4489
2019-01-25 13:51:47,715 - INFO - fastread - 517, 4499
2019-01-25 13:52:10,817 - INFO - fastread - 517, 4509
2019-01-25 13:52:34,036 - INFO - fastread - 518, 4519
2019-01-25 13:52:57,278 - INFO - fastread - 522, 4529
2019-01-25 13:53:20,529 - INFO - fastread - 525, 4539
2019-01-25 13:53:43,925 - INFO - fastread - 529, 4549
2019-01-25 13:54:07,306 - INFO - fastread - 529, 4559
2019-01-25 13:54:30,909 - INFO - fastread - 529, 4569
2019-01-25 13:54:54,532 - INFO - fastread - 530, 4579
2019-01-25 13:55:18,302 - INFO - fastread - 534, 4589
2019-01-25 13:55:42,215 - INFO - fastread - 538, 4599
2019-01-25 13:56:06,230 - INFO - fastread - 538, 4609
2019-01-25 13:56:30,431 - INFO - fastread - 540, 4619
2019-01-25 13:56:54,569 - INFO - fastread - 542, 4629
2019-01-25 13:57:18,874 - INFO - fastread - 542, 4639
2019-01-25 13:57:43,308 - INFO - fastread - 544, 4649
2019-01-25 13:58:07,776 - INFO - fastread - 546, 4659
2019-01-25 13:58:32,365 - INFO - fastread - 548, 4669
2019-01-25 13:58:57,201 - INFO - fastread - 552, 4679
2019-01-25 13:59:22,136 - INFO - fastread - 553, 4689
2019-01-25 13:59:47,144 - INFO - fastread - 556, 4699
2019-01-25 14:00:12,221 - INFO - fastread - 556, 4709
2019-01-25 14:00:37,455 - INFO - fastread - 560, 4719
2019-01-25 14:01:02,883 - INFO - fastread - 564, 4729
2019-01-25 14:01:28,530 - INFO - fastread - 567, 4739
2019-01-25 14:01:54,171 - INFO - fastread - 568, 4749
2019-01-25 14:02:19,997 - INFO - fastread - 573, 4759
2019-01-25 14:02:45,834 - INFO - fastread - 573, 4769
2019-01-25 14:03:11,814 - INFO - fastread - 576, 4779
2019-01-25 14:03:37,975 - INFO - fastread - 581, 4789
2019-01-25 14:04:04,217 - INFO - fastread - 586, 4799
2019-01-25 14:04:30,523 - INFO - fastread - 590, 4809
2019-01-25 14:04:55,225 - INFO - rig - ++++NEW CLF++++ NBM
2019-01-25 14:04:55,226 - INFO - fastread - Total Yes: 622 | Total No: 4275
2019-01-25 14:04:55,348 - INFO - fastread - 9, 10
2019-01-25 14:04:55,353 - INFO - fastread - 14, 20
2019-01-25 14:04:55,357 - INFO - fastread - 18, 30
2019-01-25 14:04:55,362 - INFO - fastread - 27, 40
2019-01-25 14:04:55,367 - INFO - fastread - 35, 50
2019-01-25 14:04:55,371 - INFO - fastread - 44, 60
2019-01-25 14:04:55,376 - INFO - fastread - 50, 70
2019-01-25 14:04:55,380 - INFO - fastread - 55, 80
2019-01-25 14:04:55,385 - INFO - fastread - 64, 90
2019-01-25 14:04:55,390 - INFO - fastread - 69, 100
2019-01-25 14:04:55,394 - INFO - fastread - 75, 110
2019-01-25 14:04:55,399 - INFO - fastread - 81, 120
2019-01-25 14:04:55,404 - INFO - fastread - 87, 130
2019-01-25 14:04:55,408 - INFO - fastread - 92, 140
2019-01-25 14:04:55,413 - INFO - fastread - 101, 150
2019-01-25 14:04:55,417 - INFO - fastread - 105, 160
2019-01-25 14:04:55,422 - INFO - fastread - 114, 170
2019-01-25 14:04:55,427 - INFO - fastread - 118, 180
2019-01-25 14:04:55,431 - INFO - fastread - 121, 190
2019-01-25 14:04:55,436 - INFO - fastread - 127, 200
2019-01-25 14:04:55,441 - INFO - fastread - 134, 210
2019-01-25 14:04:55,445 - INFO - fastread - 140, 220
2019-01-25 14:04:55,450 - INFO - fastread - 143, 230
2019-01-25 14:04:55,455 - INFO - fastread - 145, 240
2019-01-25 14:04:55,459 - INFO - fastread - 151, 250
2019-01-25 14:04:55,464 - INFO - fastread - 156, 260
2019-01-25 14:04:55,469 - INFO - fastread - 160, 270
2019-01-25 14:04:55,473 - INFO - fastread - 166, 280
2019-01-25 14:04:55,478 - INFO - fastread - 172, 290
2019-01-25 14:04:55,483 - INFO - fastread - 178, 300
2019-01-25 14:04:55,487 - INFO - fastread - 184, 310
2019-01-25 14:04:55,492 - INFO - fastread - 187, 320
2019-01-25 14:04:55,497 - INFO - fastread - 197, 330
2019-01-25 14:04:55,501 - INFO - fastread - 207, 340
2019-01-25 14:04:55,506 - INFO - fastread - 217, 350
2019-01-25 14:04:55,511 - INFO - fastread - 227, 360
2019-01-25 14:04:55,515 - INFO - fastread - 237, 370
2019-01-25 14:04:55,520 - INFO - fastread - 247, 380
2019-01-25 14:04:55,525 - INFO - fastread - 257, 390
2019-01-25 14:04:55,530 - INFO - fastread - 263, 400
2019-01-25 14:04:55,534 - INFO - fastread - 265, 410
2019-01-25 14:04:55,539 - INFO - fastread - 268, 420
2019-01-25 14:04:55,544 - INFO - fastread - 269, 430
2019-01-25 14:04:55,549 - INFO - fastread - 270, 440
2019-01-25 14:04:55,553 - INFO - fastread - 276, 450
2019-01-25 14:04:55,558 - INFO - fastread - 282, 460
2019-01-25 14:04:55,563 - INFO - fastread - 285, 470
2019-01-25 14:04:55,568 - INFO - fastread - 292, 480
2019-01-25 14:04:55,573 - INFO - fastread - 295, 490
2019-01-25 14:04:55,577 - INFO - fastread - 300, 500
2019-01-25 14:04:55,582 - INFO - fastread - 306, 510
2019-01-25 14:04:55,587 - INFO - fastread - 308, 520
2019-01-25 14:04:55,592 - INFO - fastread - 313, 530
2019-01-25 14:04:55,596 - INFO - fastread - 318, 540
2019-01-25 14:04:55,601 - INFO - fastread - 321, 550
2019-01-25 14:04:55,606 - INFO - fastread - 324, 560
2019-01-25 14:04:55,611 - INFO - fastread - 327, 570
2019-01-25 14:04:55,616 - INFO - fastread - 330, 580
2019-01-25 14:04:55,621 - INFO - fastread - 335, 590
2019-01-25 14:04:55,625 - INFO - fastread - 339, 600
2019-01-25 14:04:55,630 - INFO - fastread - 340, 610
2019-01-25 14:04:55,635 - INFO - fastread - 344, 620
2019-01-25 14:04:55,640 - INFO - fastread - 349, 630
2019-01-25 14:04:55,645 - INFO - fastread - 350, 640
2019-01-25 14:04:55,649 - INFO - fastread - 351, 650
2019-01-25 14:04:55,654 - INFO - fastread - 353, 660
2019-01-25 14:04:55,659 - INFO - fastread - 354, 670
2019-01-25 14:04:55,664 - INFO - fastread - 357, 680
2019-01-25 14:04:55,668 - INFO - fastread - 358, 690
2019-01-25 14:04:55,673 - INFO - fastread - 360, 700
2019-01-25 14:04:55,678 - INFO - fastread - 364, 710
2019-01-25 14:04:55,683 - INFO - fastread - 368, 720
2019-01-25 14:04:55,687 - INFO - fastread - 371, 730
2019-01-25 14:04:55,692 - INFO - fastread - 373, 740
2019-01-25 14:04:55,697 - INFO - fastread - 376, 750
2019-01-25 14:04:55,702 - INFO - fastread - 381, 760
2019-01-25 14:04:55,707 - INFO - fastread - 384, 770
2019-01-25 14:04:55,711 - INFO - fastread - 385, 780
2019-01-25 14:04:55,716 - INFO - fastread - 388, 790
2019-01-25 14:04:55,721 - INFO - fastread - 388, 800
2019-01-25 14:04:55,726 - INFO - fastread - 388, 810
2019-01-25 14:04:55,730 - INFO - fastread - 393, 820
2019-01-25 14:04:55,735 - INFO - fastread - 393, 830
2019-01-25 14:04:55,740 - INFO - fastread - 393, 840
2019-01-25 14:04:55,745 - INFO - fastread - 393, 850
2019-01-25 14:04:55,750 - INFO - fastread - 393, 860
2019-01-25 14:04:55,754 - INFO - fastread - 393, 870
2019-01-25 14:04:55,759 - INFO - fastread - 393, 880
2019-01-25 14:04:55,764 - INFO - fastread - 393, 890
2019-01-25 14:04:55,769 - INFO - fastread - 393, 900
2019-01-25 14:04:55,774 - INFO - fastread - 393, 910
2019-01-25 14:04:55,779 - INFO - fastread - 393, 920
2019-01-25 14:04:55,783 - INFO - fastread - 393, 930
2019-01-25 14:04:55,788 - INFO - fastread - 393, 940
2019-01-25 14:04:55,793 - INFO - fastread - 393, 950
2019-01-25 14:04:55,798 - INFO - fastread - 393, 960
2019-01-25 14:04:55,803 - INFO - fastread - 393, 970
2019-01-25 14:04:55,808 - INFO - fastread - 393, 980
2019-01-25 14:04:55,812 - INFO - fastread - 393, 990
2019-01-25 14:04:55,817 - INFO - fastread - 393, 1000
2019-01-25 14:04:55,822 - INFO - fastread - 393, 1010
2019-01-25 14:04:55,827 - INFO - fastread - 393, 1020
2019-01-25 14:04:55,832 - INFO - fastread - 393, 1030
2019-01-25 14:04:55,837 - INFO - fastread - 393, 1040
2019-01-25 14:04:55,841 - INFO - fastread - 393, 1050
2019-01-25 14:04:55,846 - INFO - fastread - 393, 1060
2019-01-25 14:04:55,851 - INFO - fastread - 393, 1070
2019-01-25 14:04:55,856 - INFO - fastread - 394, 1080
2019-01-25 14:04:55,861 - INFO - fastread - 396, 1090
2019-01-25 14:04:55,866 - INFO - fastread - 399, 1100
2019-01-25 14:04:55,871 - INFO - fastread - 401, 1110
2019-01-25 14:04:55,875 - INFO - fastread - 401, 1120
2019-01-25 14:04:55,880 - INFO - fastread - 402, 1130
2019-01-25 14:04:55,885 - INFO - fastread - 404, 1140
2019-01-25 14:04:55,890 - INFO - fastread - 407, 1150
2019-01-25 14:04:55,895 - INFO - fastread - 408, 1160
2019-01-25 14:04:55,900 - INFO - fastread - 410, 1170
2019-01-25 14:04:55,905 - INFO - fastread - 411, 1180
2019-01-25 14:04:55,910 - INFO - fastread - 415, 1190
2019-01-25 14:04:55,914 - INFO - fastread - 417, 1200
2019-01-25 14:04:55,919 - INFO - fastread - 420, 1210
2019-01-25 14:04:55,924 - INFO - fastread - 426, 1220
2019-01-25 14:04:55,929 - INFO - fastread - 427, 1230
2019-01-25 14:04:55,934 - INFO - fastread - 430, 1240
2019-01-25 14:04:55,939 - INFO - fastread - 430, 1250
2019-01-25 14:04:55,944 - INFO - fastread - 435, 1260
2019-01-25 14:04:55,949 - INFO - fastread - 435, 1270
2019-01-25 14:04:55,954 - INFO - fastread - 438, 1280
2019-01-25 14:04:55,959 - INFO - fastread - 440, 1290
2019-01-25 14:04:55,964 - INFO - fastread - 440, 1300
2019-01-25 14:04:55,968 - INFO - fastread - 440, 1310
2019-01-25 14:04:55,973 - INFO - fastread - 440, 1320
2019-01-25 14:04:55,978 - INFO - fastread - 440, 1330
2019-01-25 14:04:55,983 - INFO - fastread - 443, 1340
2019-01-25 14:04:55,988 - INFO - fastread - 443, 1350
2019-01-25 14:04:55,993 - INFO - fastread - 443, 1360
2019-01-25 14:04:55,998 - INFO - fastread - 443, 1370
2019-01-25 14:04:56,003 - INFO - fastread - 443, 1380
2019-01-25 14:04:56,008 - INFO - fastread - 445, 1390
2019-01-25 14:04:56,013 - INFO - fastread - 447, 1400
2019-01-25 14:04:56,018 - INFO - fastread - 447, 1410
2019-01-25 14:04:56,023 - INFO - fastread - 448, 1420
2019-01-25 14:04:56,028 - INFO - fastread - 448, 1430
2019-01-25 14:04:56,032 - INFO - fastread - 451, 1440
2019-01-25 14:04:56,037 - INFO - fastread - 454, 1450
2019-01-25 14:04:56,042 - INFO - fastread - 455, 1460
2019-01-25 14:04:56,047 - INFO - fastread - 455, 1470
2019-01-25 14:04:56,052 - INFO - fastread - 458, 1480
2019-01-25 14:04:56,057 - INFO - fastread - 458, 1490
2019-01-25 14:04:56,062 - INFO - fastread - 459, 1500
2019-01-25 14:04:56,067 - INFO - fastread - 463, 1510
2019-01-25 14:04:56,072 - INFO - fastread - 464, 1520
2019-01-25 14:04:56,077 - INFO - fastread - 464, 1530
2019-01-25 14:04:56,082 - INFO - fastread - 464, 1540
2019-01-25 14:04:56,087 - INFO - fastread - 464, 1550
2019-01-25 14:04:56,092 - INFO - fastread - 465, 1560
2019-01-25 14:04:56,097 - INFO - fastread - 466, 1570
2019-01-25 14:04:56,102 - INFO - fastread - 469, 1580
2019-01-25 14:04:56,107 - INFO - fastread - 469, 1590
2019-01-25 14:04:56,112 - INFO - fastread - 471, 1600
2019-01-25 14:04:56,117 - INFO - fastread - 471, 1610
2019-01-25 14:04:56,122 - INFO - fastread - 476, 1620
2019-01-25 14:04:56,127 - INFO - fastread - 479, 1630
2019-01-25 14:04:56,132 - INFO - fastread - 480, 1640
2019-01-25 14:04:56,137 - INFO - fastread - 480, 1650
2019-01-25 14:04:56,142 - INFO - fastread - 481, 1660
2019-01-25 14:04:56,147 - INFO - fastread - 482, 1670
2019-01-25 14:04:56,152 - INFO - fastread - 483, 1680
2019-01-25 14:04:56,157 - INFO - fastread - 484, 1690
2019-01-25 14:04:56,162 - INFO - fastread - 484, 1700
2019-01-25 14:04:56,167 - INFO - fastread - 485, 1710
2019-01-25 14:04:56,172 - INFO - fastread - 487, 1720
2019-01-25 14:04:56,177 - INFO - fastread - 487, 1730
2019-01-25 14:04:56,182 - INFO - fastread - 488, 1740
2019-01-25 14:04:56,187 - INFO - fastread - 488, 1750
2019-01-25 14:04:56,192 - INFO - fastread - 488, 1760
2019-01-25 14:04:56,197 - INFO - fastread - 490, 1770
2019-01-25 14:04:56,202 - INFO - fastread - 492, 1780
2019-01-25 14:04:56,207 - INFO - fastread - 492, 1790
2019-01-25 14:04:56,212 - INFO - fastread - 492, 1800
2019-01-25 14:04:56,217 - INFO - fastread - 492, 1810
2019-01-25 14:04:56,222 - INFO - fastread - 492, 1820
2019-01-25 14:04:56,227 - INFO - fastread - 492, 1830
2019-01-25 14:04:56,232 - INFO - fastread - 492, 1840
2019-01-25 14:04:56,237 - INFO - fastread - 492, 1850
2019-01-25 14:04:56,242 - INFO - fastread - 493, 1860
2019-01-25 14:04:56,247 - INFO - fastread - 495, 1870
2019-01-25 14:04:56,252 - INFO - fastread - 496, 1880
2019-01-25 14:04:56,257 - INFO - fastread - 496, 1890
2019-01-25 14:04:56,262 - INFO - fastread - 498, 1900
2019-01-25 14:04:56,267 - INFO - fastread - 499, 1910
2019-01-25 14:04:56,272 - INFO - fastread - 502, 1920
2019-01-25 14:04:56,277 - INFO - fastread - 504, 1930
2019-01-25 14:04:56,282 - INFO - fastread - 505, 1940
2019-01-25 14:04:56,287 - INFO - fastread - 505, 1950
2019-01-25 14:04:56,292 - INFO - fastread - 507, 1960
2019-01-25 14:04:56,297 - INFO - fastread - 508, 1970
2019-01-25 14:04:56,302 - INFO - fastread - 510, 1980
2019-01-25 14:04:56,307 - INFO - fastread - 510, 1990
2019-01-25 14:04:56,312 - INFO - fastread - 511, 2000
2019-01-25 14:04:56,317 - INFO - fastread - 514, 2010
2019-01-25 14:04:56,322 - INFO - fastread - 516, 2020
2019-01-25 14:04:56,327 - INFO - fastread - 516, 2030
2019-01-25 14:04:56,333 - INFO - fastread - 517, 2040
2019-01-25 14:04:56,338 - INFO - fastread - 519, 2050
2019-01-25 14:04:56,343 - INFO - fastread - 519, 2060
2019-01-25 14:04:56,348 - INFO - fastread - 520, 2070
2019-01-25 14:04:56,353 - INFO - fastread - 520, 2080
2019-01-25 14:04:56,358 - INFO - fastread - 523, 2090
2019-01-25 14:04:56,363 - INFO - fastread - 523, 2100
2019-01-25 14:04:56,368 - INFO - fastread - 523, 2110
2019-01-25 14:04:56,373 - INFO - fastread - 523, 2120
2019-01-25 14:04:56,378 - INFO - fastread - 523, 2130
2019-01-25 14:04:56,383 - INFO - fastread - 523, 2140
2019-01-25 14:04:56,388 - INFO - fastread - 524, 2150
2019-01-25 14:04:56,393 - INFO - fastread - 525, 2160
2019-01-25 14:04:56,398 - INFO - fastread - 525, 2170
2019-01-25 14:04:56,404 - INFO - fastread - 525, 2180
2019-01-25 14:04:56,409 - INFO - fastread - 527, 2190
2019-01-25 14:04:56,414 - INFO - fastread - 529, 2200
2019-01-25 14:04:56,419 - INFO - fastread - 529, 2210
2019-01-25 14:04:56,424 - INFO - fastread - 529, 2220
2019-01-25 14:04:56,429 - INFO - fastread - 529, 2230
2019-01-25 14:04:56,434 - INFO - fastread - 530, 2240
2019-01-25 14:04:56,439 - INFO - fastread - 531, 2250
2019-01-25 14:04:56,444 - INFO - fastread - 532, 2260
2019-01-25 14:04:56,449 - INFO - fastread - 532, 2270
2019-01-25 14:04:56,455 - INFO - fastread - 532, 2280
2019-01-25 14:04:56,460 - INFO - fastread - 532, 2290
2019-01-25 14:04:56,465 - INFO - fastread - 532, 2300
2019-01-25 14:04:56,470 - INFO - fastread - 532, 2310
2019-01-25 14:04:56,475 - INFO - fastread - 532, 2320
2019-01-25 14:04:56,480 - INFO - fastread - 535, 2330
2019-01-25 14:04:56,485 - INFO - fastread - 535, 2340
2019-01-25 14:04:56,490 - INFO - fastread - 536, 2350
2019-01-25 14:04:56,495 - INFO - fastread - 536, 2360
2019-01-25 14:04:56,501 - INFO - fastread - 536, 2370
2019-01-25 14:04:56,506 - INFO - fastread - 536, 2380
2019-01-25 14:04:56,511 - INFO - fastread - 537, 2390
2019-01-25 14:04:56,516 - INFO - fastread - 537, 2400
2019-01-25 14:04:56,521 - INFO - fastread - 541, 2410
2019-01-25 14:04:56,526 - INFO - fastread - 545, 2420
2019-01-25 14:04:56,531 - INFO - fastread - 545, 2430
2019-01-25 14:04:56,536 - INFO - fastread - 545, 2440
2019-01-25 14:04:56,542 - INFO - fastread - 545, 2450
2019-01-25 14:04:56,547 - INFO - fastread - 546, 2460
2019-01-25 14:04:56,552 - INFO - fastread - 548, 2470
2019-01-25 14:04:56,557 - INFO - fastread - 548, 2480
2019-01-25 14:04:56,562 - INFO - fastread - 548, 2490
2019-01-25 14:04:56,567 - INFO - fastread - 550, 2500
2019-01-25 14:04:56,572 - INFO - fastread - 550, 2510
2019-01-25 14:04:56,578 - INFO - fastread - 552, 2520
2019-01-25 14:04:56,583 - INFO - fastread - 552, 2530
2019-01-25 14:04:56,588 - INFO - fastread - 555, 2540
2019-01-25 14:04:56,593 - INFO - fastread - 555, 2550
2019-01-25 14:04:56,598 - INFO - fastread - 556, 2560
2019-01-25 14:04:56,603 - INFO - fastread - 557, 2570
2019-01-25 14:04:56,609 - INFO - fastread - 559, 2580
2019-01-25 14:04:56,614 - INFO - fastread - 560, 2590
2019-01-25 14:04:56,619 - INFO - fastread - 560, 2600
2019-01-25 14:04:56,624 - INFO - fastread - 563, 2610
2019-01-25 14:04:56,629 - INFO - fastread - 565, 2620
2019-01-25 14:04:56,634 - INFO - fastread - 565, 2630
2019-01-25 14:04:56,640 - INFO - fastread - 565, 2640
2019-01-25 14:04:56,645 - INFO - fastread - 565, 2650
2019-01-25 14:04:56,650 - INFO - fastread - 566, 2660
2019-01-25 14:04:56,655 - INFO - fastread - 567, 2670
2019-01-25 14:04:56,660 - INFO - fastread - 567, 2680
2019-01-25 14:04:56,665 - INFO - fastread - 567, 2690
2019-01-25 14:04:56,671 - INFO - fastread - 567, 2700
2019-01-25 14:04:56,676 - INFO - fastread - 567, 2710
2019-01-25 14:04:56,681 - INFO - fastread - 569, 2720
2019-01-25 14:04:56,686 - INFO - fastread - 570, 2730
2019-01-25 14:04:56,691 - INFO - fastread - 570, 2740
2019-01-25 14:04:56,697 - INFO - fastread - 570, 2750
2019-01-25 14:04:56,702 - INFO - fastread - 570, 2760
2019-01-25 14:04:56,707 - INFO - fastread - 570, 2770
2019-01-25 14:04:56,712 - INFO - fastread - 571, 2780
2019-01-25 14:04:56,718 - INFO - fastread - 573, 2790
2019-01-25 14:04:56,723 - INFO - fastread - 573, 2800
2019-01-25 14:04:56,728 - INFO - fastread - 573, 2810
2019-01-25 14:04:56,733 - INFO - fastread - 574, 2820
2019-01-25 14:04:56,738 - INFO - fastread - 574, 2830
2019-01-25 14:04:56,744 - INFO - fastread - 574, 2840
2019-01-25 14:04:56,749 - INFO - fastread - 574, 2850
2019-01-25 14:04:56,754 - INFO - fastread - 575, 2860
2019-01-25 14:04:56,759 - INFO - fastread - 575, 2870
2019-01-25 14:04:56,765 - INFO - fastread - 576, 2880
2019-01-25 14:04:56,770 - INFO - fastread - 576, 2890
2019-01-25 14:04:56,775 - INFO - fastread - 576, 2900
2019-01-25 14:04:56,780 - INFO - fastread - 576, 2910
2019-01-25 14:04:56,785 - INFO - fastread - 576, 2920
2019-01-25 14:04:56,791 - INFO - fastread - 576, 2930
2019-01-25 14:04:56,796 - INFO - fastread - 576, 2940
2019-01-25 14:04:56,801 - INFO - fastread - 576, 2950
2019-01-25 14:04:56,806 - INFO - fastread - 576, 2960
2019-01-25 14:04:56,812 - INFO - fastread - 576, 2970
2019-01-25 14:04:56,817 - INFO - fastread - 576, 2980
2019-01-25 14:04:56,822 - INFO - fastread - 576, 2990
2019-01-25 14:04:56,828 - INFO - fastread - 576, 3000
2019-01-25 14:04:56,833 - INFO - fastread - 576, 3010
2019-01-25 14:04:56,838 - INFO - fastread - 576, 3020
2019-01-25 14:04:56,843 - INFO - fastread - 576, 3030
2019-01-25 14:04:56,849 - INFO - fastread - 576, 3040
2019-01-25 14:04:56,854 - INFO - fastread - 576, 3050
2019-01-25 14:04:56,859 - INFO - fastread - 576, 3060
2019-01-25 14:04:56,864 - INFO - fastread - 576, 3070
2019-01-25 14:04:56,870 - INFO - fastread - 576, 3080
2019-01-25 14:04:56,875 - INFO - fastread - 576, 3090
2019-01-25 14:04:56,880 - INFO - fastread - 576, 3100
2019-01-25 14:04:56,885 - INFO - fastread - 576, 3110
2019-01-25 14:04:56,891 - INFO - fastread - 576, 3120
2019-01-25 14:04:56,896 - INFO - fastread - 576, 3130
2019-01-25 14:04:56,901 - INFO - fastread - 576, 3140
2019-01-25 14:04:56,907 - INFO - fastread - 576, 3150
2019-01-25 14:04:56,912 - INFO - fastread - 576, 3160
2019-01-25 14:04:56,917 - INFO - fastread - 576, 3170
2019-01-25 14:04:56,922 - INFO - fastread - 576, 3180
2019-01-25 14:04:56,928 - INFO - fastread - 576, 3190
2019-01-25 14:04:56,933 - INFO - fastread - 576, 3200
2019-01-25 14:04:56,938 - INFO - fastread - 576, 3210
2019-01-25 14:04:56,944 - INFO - fastread - 576, 3220
2019-01-25 14:04:56,949 - INFO - fastread - 576, 3230
2019-01-25 14:04:56,954 - INFO - fastread - 576, 3240
2019-01-25 14:04:56,960 - INFO - fastread - 576, 3250
2019-01-25 14:04:56,965 - INFO - fastread - 576, 3260
2019-01-25 14:04:56,970 - INFO - fastread - 576, 3270
2019-01-25 14:04:56,976 - INFO - fastread - 576, 3280
2019-01-25 14:04:56,981 - INFO - fastread - 576, 3290
2019-01-25 14:04:56,986 - INFO - fastread - 576, 3300
2019-01-25 14:04:56,991 - INFO - fastread - 576, 3310
2019-01-25 14:04:56,997 - INFO - fastread - 576, 3320
2019-01-25 14:04:57,002 - INFO - fastread - 576, 3330
2019-01-25 14:04:57,007 - INFO - fastread - 576, 3340
2019-01-25 14:04:57,013 - INFO - fastread - 576, 3350
2019-01-25 14:04:57,018 - INFO - fastread - 576, 3360
2019-01-25 14:04:57,023 - INFO - fastread - 576, 3370
2019-01-25 14:04:57,029 - INFO - fastread - 576, 3380
2019-01-25 14:04:57,034 - INFO - fastread - 576, 3390
2019-01-25 14:04:57,039 - INFO - fastread - 576, 3400
2019-01-25 14:04:57,045 - INFO - fastread - 576, 3410
2019-01-25 14:04:57,050 - INFO - fastread - 576, 3420
2019-01-25 14:04:57,055 - INFO - fastread - 576, 3430
2019-01-25 14:04:57,061 - INFO - fastread - 576, 3440
2019-01-25 14:04:57,066 - INFO - fastread - 576, 3450
2019-01-25 14:04:57,071 - INFO - fastread - 576, 3460
2019-01-25 14:04:57,077 - INFO - fastread - 576, 3470
2019-01-25 14:04:57,082 - INFO - fastread - 576, 3480
2019-01-25 14:04:57,087 - INFO - fastread - 576, 3490
2019-01-25 14:04:57,093 - INFO - fastread - 576, 3500
2019-01-25 14:04:57,098 - INFO - fastread - 576, 3510
2019-01-25 14:04:57,104 - INFO - fastread - 576, 3520
2019-01-25 14:04:57,109 - INFO - fastread - 576, 3530
2019-01-25 14:04:57,114 - INFO - fastread - 576, 3540
2019-01-25 14:04:57,120 - INFO - fastread - 576, 3550
2019-01-25 14:04:57,125 - INFO - fastread - 576, 3560
2019-01-25 14:04:57,130 - INFO - fastread - 576, 3570
2019-01-25 14:04:57,136 - INFO - fastread - 576, 3580
2019-01-25 14:04:57,141 - INFO - fastread - 576, 3590
2019-01-25 14:04:57,146 - INFO - fastread - 576, 3600
2019-01-25 14:04:57,152 - INFO - fastread - 576, 3610
2019-01-25 14:04:57,157 - INFO - fastread - 576, 3620
2019-01-25 14:04:57,162 - INFO - fastread - 577, 3630
2019-01-25 14:04:57,168 - INFO - fastread - 578, 3640
2019-01-25 14:04:57,173 - INFO - fastread - 578, 3650
2019-01-25 14:04:57,179 - INFO - fastread - 578, 3660
2019-01-25 14:04:57,184 - INFO - fastread - 578, 3670
2019-01-25 14:04:57,189 - INFO - fastread - 578, 3680
2019-01-25 14:04:57,195 - INFO - fastread - 579, 3690
2019-01-25 14:04:57,200 - INFO - fastread - 580, 3700
2019-01-25 14:04:57,205 - INFO - fastread - 580, 3710
2019-01-25 14:04:57,211 - INFO - fastread - 581, 3720
2019-01-25 14:04:57,216 - INFO - fastread - 581, 3730
2019-01-25 14:04:57,222 - INFO - fastread - 581, 3740
2019-01-25 14:04:57,227 - INFO - fastread - 582, 3750
2019-01-25 14:04:57,232 - INFO - fastread - 583, 3760
2019-01-25 14:04:57,238 - INFO - fastread - 585, 3770
2019-01-25 14:04:57,243 - INFO - fastread - 585, 3780
2019-01-25 14:04:57,249 - INFO - fastread - 585, 3790
2019-01-25 14:04:57,254 - INFO - fastread - 585, 3800
2019-01-25 14:04:57,259 - INFO - fastread - 585, 3810
2019-01-25 14:04:57,265 - INFO - fastread - 585, 3820
2019-01-25 14:04:57,270 - INFO - fastread - 586, 3830
2019-01-25 14:04:57,276 - INFO - fastread - 586, 3840
2019-01-25 14:04:57,281 - INFO - fastread - 586, 3850
2019-01-25 14:04:57,286 - INFO - fastread - 586, 3860
2019-01-25 14:04:57,292 - INFO - fastread - 588, 3870
2019-01-25 14:04:57,297 - INFO - fastread - 588, 3880
2019-01-25 14:04:57,303 - INFO - fastread - 588, 3890
2019-01-25 14:04:57,308 - INFO - fastread - 588, 3900
2019-01-25 14:04:57,313 - INFO - fastread - 593, 3910
2019-01-25 14:04:57,335 - INFO - rig - ++++NEW CLF++++ KNN
2019-01-25 14:04:57,335 - INFO - fastread - Total Yes: 622 | Total No: 4275
2019-01-25 14:05:17,139 - INFO - fastread - 7, 10
2019-01-25 14:05:17,144 - INFO - fastread - 8, 20
2019-01-25 14:05:17,148 - INFO - fastread - 14, 30
2019-01-25 14:05:17,153 - INFO - fastread - 21, 40
2019-01-25 14:05:17,157 - INFO - fastread - 27, 50
2019-01-25 14:05:17,162 - INFO - fastread - 32, 60
2019-01-25 14:05:17,166 - INFO - fastread - 36, 70
2019-01-25 14:05:17,171 - INFO - fastread - 42, 80
2019-01-25 14:05:17,176 - INFO - fastread - 45, 90
2019-01-25 14:05:17,180 - INFO - fastread - 50, 100
2019-01-25 14:05:17,185 - INFO - fastread - 55, 110
2019-01-25 14:05:17,189 - INFO - fastread - 60, 120
2019-01-25 14:05:17,194 - INFO - fastread - 65, 130
2019-01-25 14:05:17,199 - INFO - fastread - 67, 140
2019-01-25 14:05:17,203 - INFO - fastread - 67, 150
2019-01-25 14:05:17,208 - INFO - fastread - 68, 160
2019-01-25 14:05:17,213 - INFO - fastread - 69, 170
2019-01-25 14:05:17,217 - INFO - fastread - 70, 180
2019-01-25 14:05:17,222 - INFO - fastread - 72, 190
2019-01-25 14:05:17,226 - INFO - fastread - 74, 200
2019-01-25 14:05:17,231 - INFO - fastread - 76, 210
2019-01-25 14:05:17,236 - INFO - fastread - 76, 220
2019-01-25 14:05:17,240 - INFO - fastread - 77, 230
2019-01-25 14:05:17,245 - INFO - fastread - 78, 240
2019-01-25 14:05:17,250 - INFO - fastread - 78, 250
2019-01-25 14:05:17,254 - INFO - fastread - 79, 260
2019-01-25 14:05:17,259 - INFO - fastread - 80, 270
2019-01-25 14:05:17,264 - INFO - fastread - 81, 280
2019-01-25 14:05:17,268 - INFO - fastread - 83, 290
2019-01-25 14:05:17,273 - INFO - fastread - 84, 300
2019-01-25 14:05:17,278 - INFO - fastread - 84, 310
2019-01-25 14:05:17,282 - INFO - fastread - 85, 320
2019-01-25 14:05:17,287 - INFO - fastread - 87, 330
2019-01-25 14:05:17,291 - INFO - fastread - 89, 340
2019-01-25 14:05:17,296 - INFO - fastread - 90, 350
2019-01-25 14:05:17,301 - INFO - fastread - 92, 360
2019-01-25 14:05:17,305 - INFO - fastread - 92, 370
2019-01-25 14:05:17,310 - INFO - fastread - 94, 380
2019-01-25 14:05:17,315 - INFO - fastread - 95, 390
2019-01-25 14:05:17,319 - INFO - fastread - 96, 400
2019-01-25 14:05:17,324 - INFO - fastread - 98, 410
2019-01-25 14:05:17,329 - INFO - fastread - 101, 420
2019-01-25 14:05:17,333 - INFO - fastread - 104, 430
2019-01-25 14:05:17,338 - INFO - fastread - 104, 440
2019-01-25 14:05:17,343 - INFO - fastread - 105, 450
2019-01-25 14:05:17,347 - INFO - fastread - 107, 460
2019-01-25 14:05:17,352 - INFO - fastread - 108, 470
2019-01-25 14:05:17,357 - INFO - fastread - 110, 480
2019-01-25 14:05:17,362 - INFO - fastread - 111, 490
2019-01-25 14:05:17,366 - INFO - fastread - 111, 500
2019-01-25 14:05:17,371 - INFO - fastread - 112, 510
2019-01-25 14:05:17,376 - INFO - fastread - 113, 520
2019-01-25 14:05:17,380 - INFO - fastread - 116, 530
2019-01-25 14:05:17,385 - INFO - fastread - 117, 540
2019-01-25 14:05:17,390 - INFO - fastread - 121, 550
2019-01-25 14:05:17,394 - INFO - fastread - 123, 560
2019-01-25 14:05:17,399 - INFO - fastread - 124, 570
2019-01-25 14:05:17,404 - INFO - fastread - 125, 580
2019-01-25 14:05:17,409 - INFO - fastread - 125, 590
2019-01-25 14:05:17,413 - INFO - fastread - 127, 600
2019-01-25 14:05:17,418 - INFO - fastread - 128, 610
2019-01-25 14:05:17,423 - INFO - fastread - 129, 620
2019-01-25 14:05:17,428 - INFO - fastread - 129, 630
2019-01-25 14:05:17,432 - INFO - fastread - 131, 640
2019-01-25 14:05:17,437 - INFO - fastread - 133, 650
2019-01-25 14:05:17,442 - INFO - fastread - 134, 660
2019-01-25 14:05:17,446 - INFO - fastread - 134, 670
2019-01-25 14:05:17,451 - INFO - fastread - 136, 680
2019-01-25 14:05:17,456 - INFO - fastread - 136, 690
2019-01-25 14:05:17,461 - INFO - fastread - 140, 700
2019-01-25 14:05:17,465 - INFO - fastread - 141, 710
2019-01-25 14:05:17,470 - INFO - fastread - 143, 720
2019-01-25 14:05:17,475 - INFO - fastread - 143, 730
2019-01-25 14:05:17,480 - INFO - fastread - 146, 740
2019-01-25 14:05:17,485 - INFO - fastread - 148, 750
2019-01-25 14:05:17,489 - INFO - fastread - 148, 760
2019-01-25 14:05:17,494 - INFO - fastread - 149, 770
2019-01-25 14:05:17,499 - INFO - fastread - 151, 780
2019-01-25 14:05:17,504 - INFO - fastread - 151, 790
2019-01-25 14:05:17,508 - INFO - fastread - 154, 800
2019-01-25 14:05:17,513 - INFO - fastread - 158, 810
2019-01-25 14:05:17,518 - INFO - fastread - 160, 820
2019-01-25 14:05:17,523 - INFO - fastread - 164, 830
2019-01-25 14:05:17,527 - INFO - fastread - 165, 840
2019-01-25 14:05:17,532 - INFO - fastread - 165, 850
2019-01-25 14:05:17,537 - INFO - fastread - 165, 860
2019-01-25 14:05:17,542 - INFO - fastread - 166, 870
2019-01-25 14:05:17,547 - INFO - fastread - 167, 880
2019-01-25 14:05:17,551 - INFO - fastread - 167, 890
2019-01-25 14:05:17,556 - INFO - fastread - 169, 900
2019-01-25 14:05:17,561 - INFO - fastread - 169, 910
2019-01-25 14:05:17,566 - INFO - fastread - 170, 920
2019-01-25 14:05:17,571 - INFO - fastread - 171, 930
2019-01-25 14:05:17,575 - INFO - fastread - 172, 940
2019-01-25 14:05:17,580 - INFO - fastread - 175, 950
2019-01-25 14:05:17,585 - INFO - fastread - 176, 960
2019-01-25 14:05:17,590 - INFO - fastread - 177, 970
2019-01-25 14:05:17,595 - INFO - fastread - 179, 980
2019-01-25 14:05:17,599 - INFO - fastread - 180, 990
2019-01-25 14:05:17,604 - INFO - fastread - 180, 1000
2019-01-25 14:05:17,609 - INFO - fastread - 181, 1010
2019-01-25 14:05:17,614 - INFO - fastread - 183, 1020
2019-01-25 14:05:17,619 - INFO - fastread - 184, 1030
2019-01-25 14:05:17,623 - INFO - fastread - 184, 1040
2019-01-25 14:05:17,628 - INFO - fastread - 186, 1050
2019-01-25 14:05:17,633 - INFO - fastread - 188, 1060
2019-01-25 14:05:17,638 - INFO - fastread - 188, 1070
2019-01-25 14:05:17,643 - INFO - fastread - 188, 1080
2019-01-25 14:05:17,647 - INFO - fastread - 189, 1090
2019-01-25 14:05:17,652 - INFO - fastread - 189, 1100
2019-01-25 14:05:17,657 - INFO - fastread - 189, 1110
2019-01-25 14:05:17,662 - INFO - fastread - 190, 1120
2019-01-25 14:05:17,667 - INFO - fastread - 191, 1130
2019-01-25 14:05:17,672 - INFO - fastread - 192, 1140
2019-01-25 14:05:17,677 - INFO - fastread - 193, 1150
2019-01-25 14:05:17,681 - INFO - fastread - 194, 1160
2019-01-25 14:05:17,686 - INFO - fastread - 195, 1170
2019-01-25 14:05:17,691 - INFO - fastread - 197, 1180
2019-01-25 14:05:17,696 - INFO - fastread - 199, 1190
2019-01-25 14:05:17,701 - INFO - fastread - 200, 1200
2019-01-25 14:05:17,706 - INFO - fastread - 201, 1210
2019-01-25 14:05:17,710 - INFO - fastread - 202, 1220
2019-01-25 14:05:17,715 - INFO - fastread - 207, 1230
2019-01-25 14:05:17,720 - INFO - fastread - 209, 1240
2019-01-25 14:05:17,725 - INFO - fastread - 210, 1250
2019-01-25 14:05:17,730 - INFO - fastread - 210, 1260
2019-01-25 14:05:17,735 - INFO - fastread - 210, 1270
2019-01-25 14:05:17,740 - INFO - fastread - 210, 1280
2019-01-25 14:05:17,745 - INFO - fastread - 212, 1290
2019-01-25 14:05:17,749 - INFO - fastread - 213, 1300
2019-01-25 14:05:17,754 - INFO - fastread - 215, 1310
2019-01-25 14:05:17,759 - INFO - fastread - 216, 1320
2019-01-25 14:05:17,764 - INFO - fastread - 219, 1330
2019-01-25 14:05:17,769 - INFO - fastread - 219, 1340
2019-01-25 14:05:17,774 - INFO - fastread - 220, 1350
2019-01-25 14:05:17,779 - INFO - fastread - 221, 1360
2019-01-25 14:05:17,784 - INFO - fastread - 222, 1370
2019-01-25 14:05:17,789 - INFO - fastread - 224, 1380
2019-01-25 14:05:17,793 - INFO - fastread - 224, 1390
2019-01-25 14:05:17,798 - INFO - fastread - 226, 1400
2019-01-25 14:05:17,803 - INFO - fastread - 228, 1410
2019-01-25 14:05:17,809 - INFO - fastread - 229, 1420
2019-01-25 14:05:17,814 - INFO - fastread - 231, 1430
2019-01-25 14:05:17,819 - INFO - fastread - 232, 1440
2019-01-25 14:05:17,824 - INFO - fastread - 233, 1450
2019-01-25 14:05:17,829 - INFO - fastread - 236, 1460
2019-01-25 14:05:17,834 - INFO - fastread - 236, 1470
2019-01-25 14:05:17,838 - INFO - fastread - 237, 1480
2019-01-25 14:05:17,843 - INFO - fastread - 239, 1490
2019-01-25 14:05:17,848 - INFO - fastread - 239, 1500
2019-01-25 14:05:17,853 - INFO - fastread - 239, 1510
2019-01-25 14:05:17,858 - INFO - fastread - 240, 1520
2019-01-25 14:05:17,863 - INFO - fastread - 240, 1530
2019-01-25 14:05:17,868 - INFO - fastread - 241, 1540
2019-01-25 14:05:17,873 - INFO - fastread - 243, 1550
2019-01-25 14:05:17,878 - INFO - fastread - 245, 1560
2019-01-25 14:05:17,883 - INFO - fastread - 245, 1570
2019-01-25 14:05:17,888 - INFO - fastread - 246, 1580
2019-01-25 14:05:17,893 - INFO - fastread - 247, 1590
2019-01-25 14:05:17,898 - INFO - fastread - 248, 1600
2019-01-25 14:05:17,903 - INFO - fastread - 249, 1610
2019-01-25 14:05:17,908 - INFO - fastread - 251, 1620
2019-01-25 14:05:17,912 - INFO - fastread - 251, 1630
2019-01-25 14:05:17,917 - INFO - fastread - 252, 1640
2019-01-25 14:05:17,922 - INFO - fastread - 252, 1650
2019-01-25 14:05:17,927 - INFO - fastread - 252, 1660
2019-01-25 14:05:17,932 - INFO - fastread - 254, 1670
2019-01-25 14:05:17,937 - INFO - fastread - 254, 1680
2019-01-25 14:05:17,942 - INFO - fastread - 254, 1690
2019-01-25 14:05:17,947 - INFO - fastread - 254, 1700
2019-01-25 14:05:17,952 - INFO - fastread - 255, 1710
2019-01-25 14:05:17,957 - INFO - fastread - 255, 1720
2019-01-25 14:05:17,962 - INFO - fastread - 255, 1730
2019-01-25 14:05:17,967 - INFO - fastread - 256, 1740
2019-01-25 14:05:17,972 - INFO - fastread - 257, 1750
2019-01-25 14:05:17,977 - INFO - fastread - 259, 1760
2019-01-25 14:05:17,982 - INFO - fastread - 260, 1770
2019-01-25 14:05:17,987 - INFO - fastread - 261, 1780
2019-01-25 14:05:17,992 - INFO - fastread - 263, 1790
2019-01-25 14:05:17,997 - INFO - fastread - 263, 1800
2019-01-25 14:05:18,002 - INFO - fastread - 264, 1810
2019-01-25 14:05:18,007 - INFO - fastread - 265, 1820
2019-01-25 14:05:18,012 - INFO - fastread - 268, 1830
2019-01-25 14:05:18,017 - INFO - fastread - 268, 1840
2019-01-25 14:05:18,022 - INFO - fastread - 269, 1850
2019-01-25 14:05:18,027 - INFO - fastread - 270, 1860
2019-01-25 14:05:18,032 - INFO - fastread - 272, 1870
2019-01-25 14:05:18,037 - INFO - fastread - 273, 1880
2019-01-25 14:05:18,042 - INFO - fastread - 273, 1890
2019-01-25 14:05:18,047 - INFO - fastread - 273, 1900
2019-01-25 14:05:18,052 - INFO - fastread - 273, 1910
2019-01-25 14:05:18,057 - INFO - fastread - 273, 1920
2019-01-25 14:05:18,062 - INFO - fastread - 273, 1930
2019-01-25 14:05:18,067 - INFO - fastread - 276, 1940
2019-01-25 14:05:18,072 - INFO - fastread - 277, 1950
2019-01-25 14:05:18,077 - INFO - fastread - 278, 1960
2019-01-25 14:05:18,082 - INFO - fastread - 279, 1970
2019-01-25 14:05:18,087 - INFO - fastread - 283, 1980
2019-01-25 14:05:18,092 - INFO - fastread - 284, 1990
2019-01-25 14:05:18,097 - INFO - fastread - 285, 2000
2019-01-25 14:05:18,102 - INFO - fastread - 288, 2010
2019-01-25 14:05:18,107 - INFO - fastread - 289, 2020
2019-01-25 14:05:18,112 - INFO - fastread - 290, 2030
2019-01-25 14:05:18,117 - INFO - fastread - 290, 2040
2019-01-25 14:05:18,122 - INFO - fastread - 292, 2050
2019-01-25 14:05:18,127 - INFO - fastread - 293, 2060
2019-01-25 14:05:18,133 - INFO - fastread - 294, 2070
2019-01-25 14:05:18,138 - INFO - fastread - 296, 2080
2019-01-25 14:05:18,143 - INFO - fastread - 298, 2090
2019-01-25 14:05:18,148 - INFO - fastread - 300, 2100
2019-01-25 14:05:18,153 - INFO - fastread - 301, 2110
2019-01-25 14:05:18,158 - INFO - fastread - 301, 2120
2019-01-25 14:05:18,163 - INFO - fastread - 301, 2130
2019-01-25 14:05:18,168 - INFO - fastread - 304, 2140
2019-01-25 14:05:18,173 - INFO - fastread - 304, 2150
2019-01-25 14:05:18,178 - INFO - fastread - 304, 2160
2019-01-25 14:05:18,183 - INFO - fastread - 304, 2170
2019-01-25 14:05:18,188 - INFO - fastread - 305, 2180
2019-01-25 14:05:18,193 - INFO - fastread - 306, 2190
2019-01-25 14:05:18,198 - INFO - fastread - 306, 2200
2019-01-25 14:05:18,203 - INFO - fastread - 308, 2210
2019-01-25 14:05:18,209 - INFO - fastread - 310, 2220
2019-01-25 14:05:18,214 - INFO - fastread - 312, 2230
2019-01-25 14:05:18,219 - INFO - fastread - 313, 2240
2019-01-25 14:05:18,224 - INFO - fastread - 313, 2250
2019-01-25 14:05:18,229 - INFO - fastread - 314, 2260
2019-01-25 14:05:18,234 - INFO - fastread - 315, 2270
2019-01-25 14:05:18,239 - INFO - fastread - 319, 2280
2019-01-25 14:05:18,244 - INFO - fastread - 320, 2290
2019-01-25 14:05:18,249 - INFO - fastread - 321, 2300
2019-01-25 14:05:18,254 - INFO - fastread - 323, 2310
2019-01-25 14:05:18,260 - INFO - fastread - 324, 2320
2019-01-25 14:05:18,265 - INFO - fastread - 326, 2330
2019-01-25 14:05:18,270 - INFO - fastread - 327, 2340
2019-01-25 14:05:18,275 - INFO - fastread - 327, 2350
2019-01-25 14:05:18,280 - INFO - fastread - 327, 2360
2019-01-25 14:05:18,285 - INFO - fastread - 331, 2370
2019-01-25 14:05:18,290 - INFO - fastread - 331, 2380
2019-01-25 14:05:18,295 - INFO - fastread - 332, 2390
2019-01-25 14:05:18,301 - INFO - fastread - 334, 2400
2019-01-25 14:05:18,306 - INFO - fastread - 334, 2410
2019-01-25 14:05:18,311 - INFO - fastread - 334, 2420
2019-01-25 14:05:18,316 - INFO - fastread - 334, 2430
2019-01-25 14:05:18,321 - INFO - fastread - 334, 2440
2019-01-25 14:05:18,326 - INFO - fastread - 337, 2450
2019-01-25 14:05:18,331 - INFO - fastread - 338, 2460
2019-01-25 14:05:18,336 - INFO - fastread - 339, 2470
2019-01-25 14:05:18,342 - INFO - fastread - 342, 2480
2019-01-25 14:05:18,347 - INFO - fastread - 344, 2490
2019-01-25 14:05:18,352 - INFO - fastread - 346, 2500
2019-01-25 14:05:18,357 - INFO - fastread - 346, 2510
2019-01-25 14:05:18,362 - INFO - fastread - 347, 2520
2019-01-25 14:05:18,367 - INFO - fastread - 349, 2530
2019-01-25 14:05:18,372 - INFO - fastread - 350, 2540
2019-01-25 14:05:18,378 - INFO - fastread - 352, 2550
2019-01-25 14:05:18,383 - INFO - fastread - 352, 2560
2019-01-25 14:05:18,388 - INFO - fastread - 354, 2570
2019-01-25 14:05:18,393 - INFO - fastread - 356, 2580
2019-01-25 14:05:18,398 - INFO - fastread - 356, 2590
2019-01-25 14:05:18,403 - INFO - fastread - 359, 2600
2019-01-25 14:05:18,409 - INFO - fastread - 359, 2610
2019-01-25 14:05:18,414 - INFO - fastread - 360, 2620
2019-01-25 14:05:18,419 - INFO - fastread - 361, 2630
2019-01-25 14:05:18,424 - INFO - fastread - 361, 2640
2019-01-25 14:05:18,429 - INFO - fastread - 363, 2650
2019-01-25 14:05:18,434 - INFO - fastread - 364, 2660
2019-01-25 14:05:18,440 - INFO - fastread - 366, 2670
2019-01-25 14:05:18,445 - INFO - fastread - 368, 2680
2019-01-25 14:05:18,450 - INFO - fastread - 368, 2690
2019-01-25 14:05:18,455 - INFO - fastread - 370, 2700
2019-01-25 14:05:18,460 - INFO - fastread - 370, 2710
2019-01-25 14:05:18,466 - INFO - fastread - 371, 2720
2019-01-25 14:05:18,471 - INFO - fastread - 371, 2730
2019-01-25 14:05:18,476 - INFO - fastread - 372, 2740
2019-01-25 14:05:18,481 - INFO - fastread - 373, 2750
2019-01-25 14:05:18,486 - INFO - fastread - 373, 2760
2019-01-25 14:05:18,492 - INFO - fastread - 376, 2770
2019-01-25 14:05:18,497 - INFO - fastread - 377, 2780
2019-01-25 14:05:18,502 - INFO - fastread - 378, 2790
2019-01-25 14:05:18,508 - INFO - fastread - 378, 2800
2019-01-25 14:05:18,513 - INFO - fastread - 379, 2810
2019-01-25 14:05:18,518 - INFO - fastread - 382, 2820
2019-01-25 14:05:18,524 - INFO - fastread - 385, 2830
2019-01-25 14:05:18,529 - INFO - fastread - 387, 2840
2019-01-25 14:05:18,534 - INFO - fastread - 389, 2850
2019-01-25 14:05:18,540 - INFO - fastread - 393, 2860
2019-01-25 14:05:18,545 - INFO - fastread - 394, 2870
2019-01-25 14:05:18,550 - INFO - fastread - 395, 2880
2019-01-25 14:05:18,556 - INFO - fastread - 396, 2890
2019-01-25 14:05:18,561 - INFO - fastread - 397, 2900
2019-01-25 14:05:18,566 - INFO - fastread - 397, 2910
2019-01-25 14:05:18,572 - INFO - fastread - 400, 2920
2019-01-25 14:05:18,577 - INFO - fastread - 401, 2930
2019-01-25 14:05:18,582 - INFO - fastread - 404, 2940
2019-01-25 14:05:18,588 - INFO - fastread - 404, 2950
2019-01-25 14:05:18,593 - INFO - fastread - 406, 2960
2019-01-25 14:05:18,598 - INFO - fastread - 406, 2970
2019-01-25 14:05:18,604 - INFO - fastread - 407, 2980
2019-01-25 14:05:18,609 - INFO - fastread - 407, 2990
2019-01-25 14:05:18,615 - INFO - fastread - 407, 3000
2019-01-25 14:05:18,620 - INFO - fastread - 408, 3010
2019-01-25 14:05:18,625 - INFO - fastread - 408, 3020
2019-01-25 14:05:18,630 - INFO - fastread - 410, 3030
2019-01-25 14:05:18,636 - INFO - fastread - 411, 3040
2019-01-25 14:05:18,641 - INFO - fastread - 411, 3050
2019-01-25 14:05:18,646 - INFO - fastread - 411, 3060
2019-01-25 14:05:18,651 - INFO - fastread - 411, 3070
2019-01-25 14:05:18,657 - INFO - fastread - 413, 3080
2019-01-25 14:05:18,662 - INFO - fastread - 413, 3090
2019-01-25 14:05:18,667 - INFO - fastread - 414, 3100
2019-01-25 14:05:18,672 - INFO - fastread - 415, 3110
2019-01-25 14:05:18,678 - INFO - fastread - 416, 3120
2019-01-25 14:05:18,683 - INFO - fastread - 417, 3130
2019-01-25 14:05:18,688 - INFO - fastread - 417, 3140
2019-01-25 14:05:18,694 - INFO - fastread - 419, 3150
2019-01-25 14:05:18,699 - INFO - fastread - 420, 3160
2019-01-25 14:05:18,704 - INFO - fastread - 423, 3170
2019-01-25 14:05:18,709 - INFO - fastread - 425, 3180
2019-01-25 14:05:18,715 - INFO - fastread - 425, 3190
2019-01-25 14:05:18,720 - INFO - fastread - 426, 3200
2019-01-25 14:05:18,725 - INFO - fastread - 428, 3210
2019-01-25 14:05:18,730 - INFO - fastread - 428, 3220
2019-01-25 14:05:18,736 - INFO - fastread - 429, 3230
2019-01-25 14:05:18,741 - INFO - fastread - 429, 3240
2019-01-25 14:05:18,746 - INFO - fastread - 433, 3250
2019-01-25 14:05:18,752 - INFO - fastread - 435, 3260
2019-01-25 14:05:18,757 - INFO - fastread - 436, 3270
2019-01-25 14:05:18,762 - INFO - fastread - 438, 3280
2019-01-25 14:05:18,767 - INFO - fastread - 439, 3290
2019-01-25 14:05:18,773 - INFO - fastread - 440, 3300
2019-01-25 14:05:18,778 - INFO - fastread - 441, 3310
2019-01-25 14:05:18,783 - INFO - fastread - 441, 3320
2019-01-25 14:05:18,789 - INFO - fastread - 443, 3330
2019-01-25 14:05:18,794 - INFO - fastread - 443, 3340
2019-01-25 14:05:18,799 - INFO - fastread - 443, 3350
2019-01-25 14:05:18,805 - INFO - fastread - 444, 3360
2019-01-25 14:05:18,810 - INFO - fastread - 447, 3370
2019-01-25 14:05:18,815 - INFO - fastread - 448, 3380
2019-01-25 14:05:18,821 - INFO - fastread - 450, 3390
2019-01-25 14:05:18,826 - INFO - fastread - 450, 3400
2019-01-25 14:05:18,831 - INFO - fastread - 451, 3410
2019-01-25 14:05:18,837 - INFO - fastread - 452, 3420
2019-01-25 14:05:18,842 - INFO - fastread - 452, 3430
2019-01-25 14:05:18,847 - INFO - fastread - 453, 3440
2019-01-25 14:05:18,852 - INFO - fastread - 454, 3450
2019-01-25 14:05:18,858 - INFO - fastread - 456, 3460
2019-01-25 14:05:18,863 - INFO - fastread - 457, 3470
2019-01-25 14:05:18,869 - INFO - fastread - 457, 3480
2019-01-25 14:05:18,874 - INFO - fastread - 459, 3490
2019-01-25 14:05:18,879 - INFO - fastread - 459, 3500
2019-01-25 14:05:18,885 - INFO - fastread - 460, 3510
2019-01-25 14:05:18,890 - INFO - fastread - 460, 3520
2019-01-25 14:05:18,895 - INFO - fastread - 460, 3530
2019-01-25 14:05:18,901 - INFO - fastread - 460, 3540
2019-01-25 14:05:18,906 - INFO - fastread - 464, 3550
2019-01-25 14:05:18,911 - INFO - fastread - 465, 3560
2019-01-25 14:05:18,917 - INFO - fastread - 466, 3570
2019-01-25 14:05:18,922 - INFO - fastread - 469, 3580
2019-01-25 14:05:18,927 - INFO - fastread - 469, 3590
2019-01-25 14:05:18,933 - INFO - fastread - 470, 3600
2019-01-25 14:05:18,938 - INFO - fastread - 470, 3610
2019-01-25 14:05:18,943 - INFO - fastread - 471, 3620
2019-01-25 14:05:18,949 - INFO - fastread - 472, 3630
2019-01-25 14:05:18,954 - INFO - fastread - 472, 3640
2019-01-25 14:05:18,960 - INFO - fastread - 473, 3650
2019-01-25 14:05:18,965 - INFO - fastread - 475, 3660
2019-01-25 14:05:18,970 - INFO - fastread - 475, 3670
2019-01-25 14:05:18,976 - INFO - fastread - 476, 3680
2019-01-25 14:05:18,981 - INFO - fastread - 476, 3690
2019-01-25 14:05:18,987 - INFO - fastread - 479, 3700
2019-01-25 14:05:18,992 - INFO - fastread - 481, 3710
2019-01-25 14:05:18,997 - INFO - fastread - 482, 3720
2019-01-25 14:05:19,003 - INFO - fastread - 484, 3730
2019-01-25 14:05:19,008 - INFO - fastread - 485, 3740
2019-01-25 14:05:19,013 - INFO - fastread - 486, 3750
2019-01-25 14:05:19,019 - INFO - fastread - 487, 3760
2019-01-25 14:05:19,024 - INFO - fastread - 490, 3770
2019-01-25 14:05:19,030 - INFO - fastread - 490, 3780
2019-01-25 14:05:19,035 - INFO - fastread - 491, 3790
2019-01-25 14:05:19,040 - INFO - fastread - 491, 3800
2019-01-25 14:05:19,046 - INFO - fastread - 493, 3810
2019-01-25 14:05:19,051 - INFO - fastread - 494, 3820
2019-01-25 14:05:19,057 - INFO - fastread - 495, 3830
2019-01-25 14:05:19,062 - INFO - fastread - 495, 3840
2019-01-25 14:05:19,067 - INFO - fastread - 497, 3850
2019-01-25 14:05:19,073 - INFO - fastread - 497, 3860
2019-01-25 14:05:19,078 - INFO - fastread - 497, 3870
2019-01-25 14:05:19,084 - INFO - fastread - 497, 3880
2019-01-25 14:05:19,089 - INFO - fastread - 499, 3890
2019-01-25 14:05:19,094 - INFO - fastread - 501, 3900
2019-01-25 14:05:19,100 - INFO - fastread - 501, 3910
2019-01-25 14:05:19,105 - INFO - fastread - 503, 3920
2019-01-25 14:05:19,111 - INFO - fastread - 504, 3930
2019-01-25 14:05:19,116 - INFO - fastread - 507, 3940
2019-01-25 14:05:19,122 - INFO - fastread - 508, 3950
2019-01-25 14:05:19,127 - INFO - fastread - 509, 3960
2019-01-25 14:05:19,133 - INFO - fastread - 514, 3970
2019-01-25 14:05:19,138 - INFO - fastread - 517, 3980
2019-01-25 14:05:19,143 - INFO - fastread - 520, 3990
2019-01-25 14:05:19,149 - INFO - fastread - 522, 4000
2019-01-25 14:05:19,154 - INFO - fastread - 525, 4010
2019-01-25 14:05:19,160 - INFO - fastread - 527, 4020
2019-01-25 14:05:19,165 - INFO - fastread - 527, 4030
2019-01-25 14:05:19,171 - INFO - fastread - 528, 4040
2019-01-25 14:05:19,176 - INFO - fastread - 531, 4050
2019-01-25 14:05:19,181 - INFO - fastread - 531, 4060
2019-01-25 14:05:19,187 - INFO - fastread - 531, 4070
2019-01-25 14:05:19,192 - INFO - fastread - 531, 4080
2019-01-25 14:05:19,198 - INFO - fastread - 531, 4090
2019-01-25 14:05:19,203 - INFO - fastread - 533, 4100
2019-01-25 14:05:19,209 - INFO - fastread - 534, 4110
2019-01-25 14:05:19,214 - INFO - fastread - 535, 4120
2019-01-25 14:05:19,219 - INFO - fastread - 535, 4130
2019-01-25 14:05:19,225 - INFO - fastread - 535, 4140
2019-01-25 14:05:19,230 - INFO - fastread - 537, 4150
2019-01-25 14:05:19,236 - INFO - fastread - 540, 4160
2019-01-25 14:05:19,241 - INFO - fastread - 540, 4170
2019-01-25 14:05:19,247 - INFO - fastread - 541, 4180
2019-01-25 14:05:19,252 - INFO - fastread - 541, 4190
2019-01-25 14:05:19,258 - INFO - fastread - 542, 4200
2019-01-25 14:05:19,263 - INFO - fastread - 542, 4210
2019-01-25 14:05:19,268 - INFO - fastread - 542, 4220
2019-01-25 14:05:19,274 - INFO - fastread - 543, 4230
2019-01-25 14:05:19,279 - INFO - fastread - 546, 4240
2019-01-25 14:05:19,285 - INFO - fastread - 547, 4250
2019-01-25 14:05:19,290 - INFO - fastread - 549, 4260
2019-01-25 14:05:19,296 - INFO - fastread - 549, 4270
2019-01-25 14:05:19,301 - INFO - fastread - 549, 4280
2019-01-25 14:05:19,307 - INFO - fastread - 551, 4290
2019-01-25 14:05:19,312 - INFO - fastread - 552, 4300
2019-01-25 14:05:19,318 - INFO - fastread - 553, 4310
2019-01-25 14:05:19,323 - INFO - fastread - 556, 4320
2019-01-25 14:05:19,328 - INFO - fastread - 557, 4330
2019-01-25 14:05:19,334 - INFO - fastread - 558, 4340
2019-01-25 14:05:19,339 - INFO - fastread - 559, 4350
2019-01-25 14:05:19,345 - INFO - fastread - 559, 4360
2019-01-25 14:05:19,350 - INFO - fastread - 560, 4370
2019-01-25 14:05:19,356 - INFO - fastread - 561, 4380
2019-01-25 14:05:19,361 - INFO - fastread - 561, 4390
2019-01-25 14:05:19,367 - INFO - fastread - 563, 4400
2019-01-25 14:05:19,372 - INFO - fastread - 564, 4410
2019-01-25 14:05:19,378 - INFO - fastread - 565, 4420
2019-01-25 14:05:19,383 - INFO - fastread - 565, 4430
2019-01-25 14:05:19,389 - INFO - fastread - 565, 4440
2019-01-25 14:05:19,394 - INFO - fastread - 567, 4450
2019-01-25 14:05:19,400 - INFO - fastread - 568, 4460
2019-01-25 14:05:19,405 - INFO - fastread - 568, 4470
2019-01-25 14:05:19,411 - INFO - fastread - 569, 4480
2019-01-25 14:05:19,416 - INFO - fastread - 570, 4490
2019-01-25 14:05:19,422 - INFO - fastread - 573, 4500
2019-01-25 14:05:19,427 - INFO - fastread - 574, 4510
2019-01-25 14:05:19,433 - INFO - fastread - 574, 4520
2019-01-25 14:05:19,438 - INFO - fastread - 579, 4530
2019-01-25 14:05:19,444 - INFO - fastread - 581, 4540
2019-01-25 14:05:19,449 - INFO - fastread - 582, 4550
2019-01-25 14:05:19,455 - INFO - fastread - 583, 4560
2019-01-25 14:05:19,460 - INFO - fastread - 584, 4570
2019-01-25 14:05:19,466 - INFO - fastread - 585, 4580
2019-01-25 14:05:19,471 - INFO - fastread - 585, 4590
2019-01-25 14:05:19,477 - INFO - fastread - 586, 4600
2019-01-25 14:05:19,482 - INFO - fastread - 586, 4610
2019-01-25 14:05:19,488 - INFO - fastread - 586, 4620
2019-01-25 14:05:19,493 - INFO - fastread - 587, 4630
2019-01-25 14:05:19,499 - INFO - fastread - 589, 4640
2019-01-25 14:05:19,504 - INFO - fastread - 589, 4650
2019-01-25 14:05:19,510 - INFO - fastread - 590, 4660
2019-01-25 14:05:19,515 - INFO - fastread - 592, 4670
2019-01-25 14:05:19,539 - INFO - rig - ++++NEW CLF++++ SVM
2019-01-25 14:05:19,540 - INFO - fastread - Total Yes: 622 | Total No: 4275
2019-01-25 14:14:09,423 - INFO - fastread - 1, 10
2019-01-25 14:14:09,428 - INFO - fastread - 7, 20
2019-01-25 14:14:09,433 - INFO - fastread - 17, 30
2019-01-25 14:14:09,437 - INFO - fastread - 27, 40
2019-01-25 14:14:09,442 - INFO - fastread - 36, 50
2019-01-25 14:14:09,447 - INFO - fastread - 46, 60
2019-01-25 14:14:09,451 - INFO - fastread - 56, 70
2019-01-25 14:14:09,456 - INFO - fastread - 66, 80
2019-01-25 14:14:09,460 - INFO - fastread - 76, 90
2019-01-25 14:14:09,465 - INFO - fastread - 86, 100
2019-01-25 14:14:09,469 - INFO - fastread - 96, 110
2019-01-25 14:14:09,475 - INFO - fastread - 106, 120
2019-01-25 14:14:09,480 - INFO - fastread - 116, 130
2019-01-25 14:14:09,484 - INFO - fastread - 126, 140
2019-01-25 14:14:09,489 - INFO - fastread - 136, 150
2019-01-25 14:14:09,493 - INFO - fastread - 146, 160
2019-01-25 14:14:09,498 - INFO - fastread - 156, 170
2019-01-25 14:14:09,503 - INFO - fastread - 166, 180
2019-01-25 14:14:09,507 - INFO - fastread - 176, 190
2019-01-25 14:14:09,512 - INFO - fastread - 185, 200
2019-01-25 14:14:09,516 - INFO - fastread - 195, 210
2019-01-25 14:14:09,521 - INFO - fastread - 204, 220
2019-01-25 14:14:09,526 - INFO - fastread - 214, 230
2019-01-25 14:14:09,530 - INFO - fastread - 222, 240
2019-01-25 14:14:09,535 - INFO - fastread - 232, 250
2019-01-25 14:14:09,539 - INFO - fastread - 242, 260
2019-01-25 14:14:09,544 - INFO - fastread - 251, 270
2019-01-25 14:14:09,549 - INFO - fastread - 260, 280
2019-01-25 14:14:09,553 - INFO - fastread - 269, 290
2019-01-25 14:14:09,558 - INFO - fastread - 279, 300
2019-01-25 14:14:09,563 - INFO - fastread - 289, 310
2019-01-25 14:14:09,567 - INFO - fastread - 297, 320
2019-01-25 14:14:09,572 - INFO - fastread - 307, 330
2019-01-25 14:14:09,576 - INFO - fastread - 314, 340
2019-01-25 14:14:09,581 - INFO - fastread - 321, 350
2019-01-25 14:14:09,586 - INFO - fastread - 329, 360
2019-01-25 14:14:09,590 - INFO - fastread - 335, 370
2019-01-25 14:14:09,595 - INFO - fastread - 340, 380
2019-01-25 14:14:09,599 - INFO - fastread - 348, 390
2019-01-25 14:14:09,604 - INFO - fastread - 354, 400
2019-01-25 14:14:09,609 - INFO - fastread - 361, 410
2019-01-25 14:14:09,613 - INFO - fastread - 371, 420
2019-01-25 14:14:09,618 - INFO - fastread - 380, 430
2019-01-25 14:14:09,623 - INFO - fastread - 388, 440
2019-01-25 14:14:09,627 - INFO - fastread - 396, 450
2019-01-25 14:14:09,632 - INFO - fastread - 404, 460
2019-01-25 14:14:09,637 - INFO - fastread - 411, 470
2019-01-25 14:14:09,641 - INFO - fastread - 421, 480
2019-01-25 14:14:09,646 - INFO - fastread - 429, 490
2019-01-25 14:14:09,651 - INFO - fastread - 439, 500
2019-01-25 14:14:09,655 - INFO - fastread - 447, 510
2019-01-25 14:14:09,660 - INFO - fastread - 454, 520
2019-01-25 14:14:09,665 - INFO - fastread - 463, 530
2019-01-25 14:14:09,669 - INFO - fastread - 470, 540
2019-01-25 14:14:09,674 - INFO - fastread - 478, 550
2019-01-25 14:14:09,679 - INFO - fastread - 484, 560
2019-01-25 14:14:09,683 - INFO - fastread - 493, 570
2019-01-25 14:14:09,688 - INFO - fastread - 501, 580
2019-01-25 14:14:09,693 - INFO - fastread - 509, 590
2019-01-25 14:14:09,697 - INFO - fastread - 514, 600
2019-01-25 14:14:09,702 - INFO - fastread - 522, 610
2019-01-25 14:14:09,707 - INFO - fastread - 530, 620
2019-01-25 14:14:09,712 - INFO - fastread - 536, 630
2019-01-25 14:14:09,716 - INFO - fastread - 542, 640
2019-01-25 14:14:09,721 - INFO - fastread - 546, 650
2019-01-25 14:14:09,726 - INFO - fastread - 552, 660
2019-01-25 14:14:09,730 - INFO - fastread - 555, 670
2019-01-25 14:14:09,735 - INFO - fastread - 556, 680
2019-01-25 14:14:09,740 - INFO - fastread - 560, 690
2019-01-25 14:14:09,744 - INFO - fastread - 563, 700
2019-01-25 14:14:09,749 - INFO - fastread - 566, 710
2019-01-25 14:14:09,754 - INFO - fastread - 567, 720
2019-01-25 14:14:09,759 - INFO - fastread - 569, 730
2019-01-25 14:14:09,763 - INFO - fastread - 571, 740
2019-01-25 14:14:09,768 - INFO - fastread - 572, 750
2019-01-25 14:14:09,773 - INFO - fastread - 576, 760
2019-01-25 14:14:09,778 - INFO - fastread - 580, 770
2019-01-25 14:14:09,782 - INFO - fastread - 583, 780
2019-01-25 14:14:09,787 - INFO - fastread - 583, 790
2019-01-25 14:14:09,792 - INFO - fastread - 584, 800
2019-01-25 14:14:09,797 - INFO - fastread - 586, 810
2019-01-25 14:14:09,801 - INFO - fastread - 588, 820
2019-01-25 14:14:09,806 - INFO - fastread - 589, 830
2019-01-25 14:14:09,811 - INFO - fastread - 589, 840
2019-01-25 14:14:09,816 - INFO - fastread - 589, 850
2019-01-25 14:14:09,820 - INFO - fastread - 589, 860
2019-01-25 14:14:09,825 - INFO - fastread - 589, 870
2019-01-25 14:14:09,830 - INFO - fastread - 591, 880
2019-01-25 14:14:09,840 - INFO - rig - ++++NEW CLF++++ DT
2019-01-25 14:14:09,840 - INFO - fastread - Total Yes: 622 | Total No: 4275
2019-01-25 14:14:29,090 - INFO - fastread - 8, 10
2019-01-25 14:14:29,095 - INFO - fastread - 17, 20
2019-01-25 14:14:29,100 - INFO - fastread - 27, 30
2019-01-25 14:14:29,104 - INFO - fastread - 35, 40
2019-01-25 14:14:29,109 - INFO - fastread - 44, 50
2019-01-25 14:14:29,113 - INFO - fastread - 53, 60
2019-01-25 14:14:29,118 - INFO - fastread - 62, 70
2019-01-25 14:14:29,123 - INFO - fastread - 69, 80
2019-01-25 14:14:29,127 - INFO - fastread - 77, 90
2019-01-25 14:14:29,132 - INFO - fastread - 87, 100
2019-01-25 14:14:29,136 - INFO - fastread - 95, 110
2019-01-25 14:14:29,141 - INFO - fastread - 102, 120
2019-01-25 14:14:29,145 - INFO - fastread - 110, 130
2019-01-25 14:14:29,150 - INFO - fastread - 119, 140
2019-01-25 14:14:29,155 - INFO - fastread - 127, 150
2019-01-25 14:14:29,159 - INFO - fastread - 135, 160
2019-01-25 14:14:29,164 - INFO - fastread - 143, 170
2019-01-25 14:14:29,168 - INFO - fastread - 152, 180
2019-01-25 14:14:29,173 - INFO - fastread - 162, 190
2019-01-25 14:14:29,177 - INFO - fastread - 171, 200
2019-01-25 14:14:29,182 - INFO - fastread - 179, 210
2019-01-25 14:14:29,187 - INFO - fastread - 186, 220
2019-01-25 14:14:29,191 - INFO - fastread - 196, 230
2019-01-25 14:14:29,196 - INFO - fastread - 205, 240
2019-01-25 14:14:29,201 - INFO - fastread - 214, 250
2019-01-25 14:14:29,205 - INFO - fastread - 222, 260
2019-01-25 14:14:29,210 - INFO - fastread - 232, 270
2019-01-25 14:14:29,215 - INFO - fastread - 240, 280
2019-01-25 14:14:29,219 - INFO - fastread - 250, 290
2019-01-25 14:14:29,224 - INFO - fastread - 257, 300
2019-01-25 14:14:29,228 - INFO - fastread - 266, 310
2019-01-25 14:14:29,233 - INFO - fastread - 275, 320
2019-01-25 14:14:29,238 - INFO - fastread - 284, 330
2019-01-25 14:14:29,242 - INFO - fastread - 294, 340
2019-01-25 14:14:29,247 - INFO - fastread - 303, 350
2019-01-25 14:14:29,251 - INFO - fastread - 311, 360
2019-01-25 14:14:29,256 - INFO - fastread - 319, 370
2019-01-25 14:14:29,261 - INFO - fastread - 328, 380
2019-01-25 14:14:29,265 - INFO - fastread - 336, 390
2019-01-25 14:14:29,270 - INFO - fastread - 344, 400
2019-01-25 14:14:29,275 - INFO - fastread - 352, 410
2019-01-25 14:14:29,279 - INFO - fastread - 360, 420
2019-01-25 14:14:29,284 - INFO - fastread - 370, 430
2019-01-25 14:14:29,289 - INFO - fastread - 380, 440
2019-01-25 14:14:29,293 - INFO - fastread - 389, 450
2019-01-25 14:14:29,298 - INFO - fastread - 398, 460
2019-01-25 14:14:29,303 - INFO - fastread - 408, 470
2019-01-25 14:14:29,307 - INFO - fastread - 416, 480
2019-01-25 14:14:29,312 - INFO - fastread - 426, 490
2019-01-25 14:14:29,317 - INFO - fastread - 434, 500
2019-01-25 14:14:29,321 - INFO - fastread - 444, 510
2019-01-25 14:14:29,326 - INFO - fastread - 452, 520
2019-01-25 14:14:29,331 - INFO - fastread - 461, 530
2019-01-25 14:14:29,335 - INFO - fastread - 470, 540
2019-01-25 14:14:29,340 - INFO - fastread - 477, 550
2019-01-25 14:14:29,345 - INFO - fastread - 486, 560
2019-01-25 14:14:29,349 - INFO - fastread - 495, 570
2019-01-25 14:14:29,354 - INFO - fastread - 505, 580
2019-01-25 14:14:29,359 - INFO - fastread - 513, 590
2019-01-25 14:14:29,363 - INFO - fastread - 522, 600
2019-01-25 14:14:29,368 - INFO - fastread - 531, 610
2019-01-25 14:14:29,373 - INFO - fastread - 539, 620
2019-01-25 14:14:29,377 - INFO - fastread - 547, 630
2019-01-25 14:14:29,382 - INFO - fastread - 554, 640
2019-01-25 14:14:29,387 - INFO - fastread - 554, 650
2019-01-25 14:14:29,391 - INFO - fastread - 554, 660
2019-01-25 14:14:29,396 - INFO - fastread - 554, 670
2019-01-25 14:14:29,401 - INFO - fastread - 554, 680
2019-01-25 14:14:29,405 - INFO - fastread - 554, 690
2019-01-25 14:14:29,410 - INFO - fastread - 554, 700
2019-01-25 14:14:29,415 - INFO - fastread - 554, 710
2019-01-25 14:14:29,420 - INFO - fastread - 554, 720
2019-01-25 14:14:29,424 - INFO - fastread - 554, 730
2019-01-25 14:14:29,429 - INFO - fastread - 554, 740
2019-01-25 14:14:29,434 - INFO - fastread - 554, 750
2019-01-25 14:14:29,439 - INFO - fastread - 554, 760
2019-01-25 14:14:29,443 - INFO - fastread - 555, 770
2019-01-25 14:14:29,448 - INFO - fastread - 555, 780
2019-01-25 14:14:29,453 - INFO - fastread - 555, 790
2019-01-25 14:14:29,457 - INFO - fastread - 555, 800
2019-01-25 14:14:29,462 - INFO - fastread - 555, 810
2019-01-25 14:14:29,467 - INFO - fastread - 555, 820
2019-01-25 14:14:29,472 - INFO - fastread - 555, 830
2019-01-25 14:14:29,476 - INFO - fastread - 555, 840
2019-01-25 14:14:29,481 - INFO - fastread - 555, 850
2019-01-25 14:14:29,486 - INFO - fastread - 556, 860
2019-01-25 14:14:29,491 - INFO - fastread - 556, 870
2019-01-25 14:14:29,495 - INFO - fastread - 556, 880
2019-01-25 14:14:29,500 - INFO - fastread - 556, 890
2019-01-25 14:14:29,505 - INFO - fastread - 556, 900
2019-01-25 14:14:29,510 - INFO - fastread - 557, 910
2019-01-25 14:14:29,514 - INFO - fastread - 557, 920
2019-01-25 14:14:29,519 - INFO - fastread - 557, 930
2019-01-25 14:14:29,524 - INFO - fastread - 557, 940
2019-01-25 14:14:29,529 - INFO - fastread - 557, 950
2019-01-25 14:14:29,533 - INFO - fastread - 558, 960
2019-01-25 14:14:29,538 - INFO - fastread - 558, 970
2019-01-25 14:14:29,543 - INFO - fastread - 558, 980
2019-01-25 14:14:29,548 - INFO - fastread - 558, 990
2019-01-25 14:14:29,552 - INFO - fastread - 559, 1000
2019-01-25 14:14:29,557 - INFO - fastread - 559, 1010
2019-01-25 14:14:29,562 - INFO - fastread - 559, 1020
2019-01-25 14:14:29,567 - INFO - fastread - 559, 1030
2019-01-25 14:14:29,572 - INFO - fastread - 559, 1040
2019-01-25 14:14:29,576 - INFO - fastread - 559, 1050
2019-01-25 14:14:29,581 - INFO - fastread - 559, 1060
2019-01-25 14:14:29,586 - INFO - fastread - 559, 1070
2019-01-25 14:14:29,591 - INFO - fastread - 559, 1080
2019-01-25 14:14:29,596 - INFO - fastread - 559, 1090
2019-01-25 14:14:29,600 - INFO - fastread - 559, 1100
2019-01-25 14:14:29,605 - INFO - fastread - 559, 1110
2019-01-25 14:14:29,610 - INFO - fastread - 560, 1120
2019-01-25 14:14:29,615 - INFO - fastread - 560, 1130
2019-01-25 14:14:29,620 - INFO - fastread - 561, 1140
2019-01-25 14:14:29,624 - INFO - fastread - 561, 1150
2019-01-25 14:14:29,629 - INFO - fastread - 561, 1160
2019-01-25 14:14:29,634 - INFO - fastread - 561, 1170
2019-01-25 14:14:29,639 - INFO - fastread - 561, 1180
2019-01-25 14:14:29,644 - INFO - fastread - 561, 1190
2019-01-25 14:14:29,649 - INFO - fastread - 562, 1200
2019-01-25 14:14:29,653 - INFO - fastread - 562, 1210
2019-01-25 14:14:29,658 - INFO - fastread - 562, 1220
2019-01-25 14:14:29,663 - INFO - fastread - 562, 1230
2019-01-25 14:14:29,668 - INFO - fastread - 562, 1240
2019-01-25 14:14:29,673 - INFO - fastread - 562, 1250
2019-01-25 14:14:29,677 - INFO - fastread - 562, 1260
2019-01-25 14:14:29,682 - INFO - fastread - 562, 1270
2019-01-25 14:14:29,687 - INFO - fastread - 562, 1280
2019-01-25 14:14:29,692 - INFO - fastread - 562, 1290
2019-01-25 14:14:29,697 - INFO - fastread - 563, 1300
2019-01-25 14:14:29,702 - INFO - fastread - 564, 1310
2019-01-25 14:14:29,706 - INFO - fastread - 564, 1320
2019-01-25 14:14:29,711 - INFO - fastread - 564, 1330
2019-01-25 14:14:29,716 - INFO - fastread - 564, 1340
2019-01-25 14:14:29,721 - INFO - fastread - 564, 1350
2019-01-25 14:14:29,726 - INFO - fastread - 564, 1360
2019-01-25 14:14:29,731 - INFO - fastread - 564, 1370
2019-01-25 14:14:29,736 - INFO - fastread - 566, 1380
2019-01-25 14:14:29,740 - INFO - fastread - 566, 1390
2019-01-25 14:14:29,745 - INFO - fastread - 566, 1400
2019-01-25 14:14:29,750 - INFO - fastread - 566, 1410
2019-01-25 14:14:29,755 - INFO - fastread - 566, 1420
2019-01-25 14:14:29,760 - INFO - fastread - 567, 1430
2019-01-25 14:14:29,765 - INFO - fastread - 567, 1440
2019-01-25 14:14:29,770 - INFO - fastread - 567, 1450
2019-01-25 14:14:29,774 - INFO - fastread - 568, 1460
2019-01-25 14:14:29,779 - INFO - fastread - 568, 1470
2019-01-25 14:14:29,784 - INFO - fastread - 568, 1480
2019-01-25 14:14:29,789 - INFO - fastread - 568, 1490
2019-01-25 14:14:29,794 - INFO - fastread - 568, 1500
2019-01-25 14:14:29,799 - INFO - fastread - 569, 1510
2019-01-25 14:14:29,804 - INFO - fastread - 569, 1520
2019-01-25 14:14:29,809 - INFO - fastread - 569, 1530
2019-01-25 14:14:29,813 - INFO - fastread - 569, 1540
2019-01-25 14:14:29,818 - INFO - fastread - 569, 1550
2019-01-25 14:14:29,823 - INFO - fastread - 569, 1560
2019-01-25 14:14:29,828 - INFO - fastread - 569, 1570
2019-01-25 14:14:29,833 - INFO - fastread - 569, 1580
2019-01-25 14:14:29,838 - INFO - fastread - 569, 1590
2019-01-25 14:14:29,843 - INFO - fastread - 569, 1600
2019-01-25 14:14:29,848 - INFO - fastread - 569, 1610
2019-01-25 14:14:29,853 - INFO - fastread - 569, 1620
2019-01-25 14:14:29,858 - INFO - fastread - 570, 1630
2019-01-25 14:14:29,863 - INFO - fastread - 571, 1640
2019-01-25 14:14:29,868 - INFO - fastread - 571, 1650
2019-01-25 14:14:29,872 - INFO - fastread - 571, 1660
2019-01-25 14:14:29,877 - INFO - fastread - 571, 1670
2019-01-25 14:14:29,882 - INFO - fastread - 571, 1680
2019-01-25 14:14:29,887 - INFO - fastread - 571, 1690
2019-01-25 14:14:29,892 - INFO - fastread - 571, 1700
2019-01-25 14:14:29,897 - INFO - fastread - 571, 1710
2019-01-25 14:14:29,902 - INFO - fastread - 571, 1720
2019-01-25 14:14:29,907 - INFO - fastread - 571, 1730
2019-01-25 14:14:29,912 - INFO - fastread - 571, 1740
2019-01-25 14:14:29,917 - INFO - fastread - 571, 1750
2019-01-25 14:14:29,922 - INFO - fastread - 571, 1760
2019-01-25 14:14:29,927 - INFO - fastread - 571, 1770
2019-01-25 14:14:29,932 - INFO - fastread - 571, 1780
2019-01-25 14:14:29,936 - INFO - fastread - 571, 1790
2019-01-25 14:14:29,941 - INFO - fastread - 571, 1800
2019-01-25 14:14:29,946 - INFO - fastread - 571, 1810
2019-01-25 14:14:29,951 - INFO - fastread - 571, 1820
2019-01-25 14:14:29,956 - INFO - fastread - 572, 1830
2019-01-25 14:14:29,961 - INFO - fastread - 573, 1840
2019-01-25 14:14:29,966 - INFO - fastread - 573, 1850
2019-01-25 14:14:29,971 - INFO - fastread - 573, 1860
2019-01-25 14:14:29,976 - INFO - fastread - 573, 1870
2019-01-25 14:14:29,981 - INFO - fastread - 573, 1880
2019-01-25 14:14:29,986 - INFO - fastread - 573, 1890
2019-01-25 14:14:29,991 - INFO - fastread - 573, 1900
2019-01-25 14:14:29,996 - INFO - fastread - 573, 1910
2019-01-25 14:14:30,001 - INFO - fastread - 573, 1920
2019-01-25 14:14:30,006 - INFO - fastread - 573, 1930
2019-01-25 14:14:30,011 - INFO - fastread - 574, 1940
2019-01-25 14:14:30,016 - INFO - fastread - 574, 1950
2019-01-25 14:14:30,021 - INFO - fastread - 575, 1960
2019-01-25 14:14:30,026 - INFO - fastread - 575, 1970
2019-01-25 14:14:30,031 - INFO - fastread - 575, 1980
2019-01-25 14:14:30,036 - INFO - fastread - 575, 1990
2019-01-25 14:14:30,041 - INFO - fastread - 575, 2000
2019-01-25 14:14:30,046 - INFO - fastread - 575, 2010
2019-01-25 14:14:30,051 - INFO - fastread - 575, 2020
2019-01-25 14:14:30,056 - INFO - fastread - 575, 2030
2019-01-25 14:14:30,061 - INFO - fastread - 575, 2040
2019-01-25 14:14:30,066 - INFO - fastread - 575, 2050
2019-01-25 14:14:30,070 - INFO - fastread - 575, 2060
2019-01-25 14:14:30,075 - INFO - fastread - 576, 2070
2019-01-25 14:14:30,080 - INFO - fastread - 576, 2080
2019-01-25 14:14:30,085 - INFO - fastread - 576, 2090
2019-01-25 14:14:30,090 - INFO - fastread - 576, 2100
2019-01-25 14:14:30,095 - INFO - fastread - 576, 2110
2019-01-25 14:14:30,100 - INFO - fastread - 576, 2120
2019-01-25 14:14:30,105 - INFO - fastread - 576, 2130
2019-01-25 14:14:30,110 - INFO - fastread - 576, 2140
2019-01-25 14:14:30,115 - INFO - fastread - 576, 2150
2019-01-25 14:14:30,120 - INFO - fastread - 576, 2160
2019-01-25 14:14:30,125 - INFO - fastread - 577, 2170
2019-01-25 14:14:30,130 - INFO - fastread - 577, 2180
2019-01-25 14:14:30,135 - INFO - fastread - 577, 2190
2019-01-25 14:14:30,140 - INFO - fastread - 577, 2200
2019-01-25 14:14:30,145 - INFO - fastread - 578, 2210
2019-01-25 14:14:30,150 - INFO - fastread - 578, 2220
2019-01-25 14:14:30,155 - INFO - fastread - 578, 2230
2019-01-25 14:14:30,160 - INFO - fastread - 578, 2240
2019-01-25 14:14:30,165 - INFO - fastread - 579, 2250
2019-01-25 14:14:30,170 - INFO - fastread - 580, 2260
2019-01-25 14:14:30,175 - INFO - fastread - 580, 2270
2019-01-25 14:14:30,181 - INFO - fastread - 580, 2280
2019-01-25 14:14:30,186 - INFO - fastread - 580, 2290
2019-01-25 14:14:30,191 - INFO - fastread - 580, 2300
2019-01-25 14:14:30,196 - INFO - fastread - 580, 2310
2019-01-25 14:14:30,201 - INFO - fastread - 580, 2320
2019-01-25 14:14:30,206 - INFO - fastread - 580, 2330
2019-01-25 14:14:30,211 - INFO - fastread - 580, 2340
2019-01-25 14:14:30,216 - INFO - fastread - 580, 2350
2019-01-25 14:14:30,221 - INFO - fastread - 580, 2360
2019-01-25 14:14:30,226 - INFO - fastread - 580, 2370
2019-01-25 14:14:30,231 - INFO - fastread - 580, 2380
2019-01-25 14:14:30,236 - INFO - fastread - 580, 2390
2019-01-25 14:14:30,241 - INFO - fastread - 580, 2400
2019-01-25 14:14:30,246 - INFO - fastread - 580, 2410
2019-01-25 14:14:30,251 - INFO - fastread - 580, 2420
2019-01-25 14:14:30,256 - INFO - fastread - 580, 2430
2019-01-25 14:14:30,261 - INFO - fastread - 580, 2440
2019-01-25 14:14:30,266 - INFO - fastread - 580, 2450
2019-01-25 14:14:30,271 - INFO - fastread - 582, 2460
2019-01-25 14:14:30,276 - INFO - fastread - 583, 2470
2019-01-25 14:14:30,281 - INFO - fastread - 583, 2480
2019-01-25 14:14:30,286 - INFO - fastread - 583, 2490
2019-01-25 14:14:30,292 - INFO - fastread - 583, 2500
2019-01-25 14:14:30,297 - INFO - fastread - 583, 2510
2019-01-25 14:14:30,302 - INFO - fastread - 583, 2520
2019-01-25 14:14:30,307 - INFO - fastread - 583, 2530
2019-01-25 14:14:30,312 - INFO - fastread - 583, 2540
2019-01-25 14:14:30,317 - INFO - fastread - 584, 2550
2019-01-25 14:14:30,322 - INFO - fastread - 584, 2560
2019-01-25 14:14:30,327 - INFO - fastread - 584, 2570
2019-01-25 14:14:30,332 - INFO - fastread - 584, 2580
2019-01-25 14:14:30,337 - INFO - fastread - 584, 2590
2019-01-25 14:14:30,342 - INFO - fastread - 584, 2600
2019-01-25 14:14:30,347 - INFO - fastread - 584, 2610
2019-01-25 14:14:30,352 - INFO - fastread - 584, 2620
2019-01-25 14:14:30,358 - INFO - fastread - 584, 2630
2019-01-25 14:14:30,363 - INFO - fastread - 584, 2640
2019-01-25 14:14:30,368 - INFO - fastread - 584, 2650
2019-01-25 14:14:30,373 - INFO - fastread - 584, 2660
2019-01-25 14:14:30,378 - INFO - fastread - 584, 2670
2019-01-25 14:14:30,383 - INFO - fastread - 584, 2680
2019-01-25 14:14:30,388 - INFO - fastread - 584, 2690
2019-01-25 14:14:30,393 - INFO - fastread - 584, 2700
2019-01-25 14:14:30,398 - INFO - fastread - 584, 2710
2019-01-25 14:14:30,403 - INFO - fastread - 584, 2720
2019-01-25 14:14:30,409 - INFO - fastread - 584, 2730
2019-01-25 14:14:30,414 - INFO - fastread - 584, 2740
2019-01-25 14:14:30,419 - INFO - fastread - 584, 2750
2019-01-25 14:14:30,424 - INFO - fastread - 584, 2760
2019-01-25 14:14:30,429 - INFO - fastread - 584, 2770
2019-01-25 14:14:30,434 - INFO - fastread - 585, 2780
2019-01-25 14:14:30,439 - INFO - fastread - 586, 2790
2019-01-25 14:14:30,444 - INFO - fastread - 586, 2800
2019-01-25 14:14:30,449 - INFO - fastread - 586, 2810
2019-01-25 14:14:30,455 - INFO - fastread - 586, 2820
2019-01-25 14:14:30,460 - INFO - fastread - 586, 2830
2019-01-25 14:14:30,465 - INFO - fastread - 586, 2840
2019-01-25 14:14:30,470 - INFO - fastread - 586, 2850
2019-01-25 14:14:30,475 - INFO - fastread - 586, 2860
2019-01-25 14:14:30,480 - INFO - fastread - 586, 2870
2019-01-25 14:14:30,485 - INFO - fastread - 586, 2880
2019-01-25 14:14:30,491 - INFO - fastread - 586, 2890
2019-01-25 14:14:30,496 - INFO - fastread - 586, 2900
2019-01-25 14:14:30,501 - INFO - fastread - 587, 2910
2019-01-25 14:14:30,506 - INFO - fastread - 588, 2920
2019-01-25 14:14:30,511 - INFO - fastread - 588, 2930
2019-01-25 14:14:30,516 - INFO - fastread - 588, 2940
2019-01-25 14:14:30,521 - INFO - fastread - 588, 2950
2019-01-25 14:14:30,527 - INFO - fastread - 588, 2960
2019-01-25 14:14:30,532 - INFO - fastread - 589, 2970
2019-01-25 14:14:30,537 - INFO - fastread - 590, 2980
2019-01-25 14:14:30,542 - INFO - fastread - 590, 2990
2019-01-25 14:14:30,547 - INFO - fastread - 590, 3000
2019-01-25 14:14:30,552 - INFO - fastread - 590, 3010
2019-01-25 14:14:30,557 - INFO - fastread - 590, 3020
2019-01-25 14:14:30,563 - INFO - fastread - 590, 3030
2019-01-25 14:14:30,568 - INFO - fastread - 590, 3040
2019-01-25 14:14:30,573 - INFO - fastread - 590, 3050
2019-01-25 14:14:30,578 - INFO - fastread - 590, 3060
2019-01-25 14:14:30,583 - INFO - fastread - 590, 3070
2019-01-25 14:14:30,588 - INFO - fastread - 590, 3080
2019-01-25 14:14:30,594 - INFO - fastread - 591, 3090
