2019-02-07 17:49:17,514 - INFO - rig - columba-1.4-src
2019-02-07 17:49:20,784 - INFO - rig - ++++NEW CLF++++ FASTREAD
2019-02-07 17:49:20,784 - INFO - rig - ++++NEW CLF++++ QUICKREAD
2019-02-07 17:49:20,784 - INFO - quickread - Total Yes: 204 | Total No: 6264
2019-02-07 17:49:21,129 - INFO - quickread - 0, 0  475
2019-02-07 17:49:23,148 - INFO - quickread - 31, 32  475
2019-02-07 17:49:26,103 - INFO - quickread - 55, 64  285
2019-02-07 17:49:28,984 - INFO - quickread - 80, 96  379
2019-02-07 17:49:31,906 - INFO - quickread - 101, 128  374
2019-02-07 17:49:34,540 - INFO - quickread - 131, 160  343
2019-02-07 17:49:37,173 - INFO - quickread - 158, 192  348
2019-02-07 17:49:39,667 - INFO - quickread - 175, 224  398
2019-02-07 17:49:42,231 - INFO - quickread - 183, 256  430
2019-02-07 17:49:44,914 - INFO - quickread - 190, 288  414
2019-02-07 17:49:47,385 - INFO - quickread - 194, 320  400
2019-02-07 17:49:49,764 - INFO - quickread - 195, 352  376
2019-02-07 17:49:52,066 - INFO - quickread - 196, 384  343
2019-02-07 17:49:54,281 - INFO - quickread - 197, 416  319
2019-02-07 17:49:56,501 - INFO - quickread - 197, 448  301
2019-02-07 17:49:58,683 - INFO - quickread - 198, 480  282
2019-02-07 17:50:00,830 - INFO - quickread - 198, 512  275
2019-02-07 17:50:02,958 - INFO - quickread - 198, 544  264
2019-02-07 17:50:05,089 - INFO - quickread - 199, 576  255
2019-02-07 17:50:07,182 - INFO - quickread - 199, 608  252
2019-02-07 17:50:09,313 - INFO - quickread - 199, 640  247
2019-02-07 17:50:11,398 - INFO - quickread - 200, 672  242
2019-02-07 17:50:13,530 - INFO - quickread - 200, 704  242
2019-02-07 17:50:15,630 - INFO - quickread - 202, 736  237
2019-02-07 17:50:17,793 - INFO - quickread - 202, 768  241
2019-02-07 17:50:19,927 - INFO - quickread - 202, 800  238
2019-02-07 17:50:22,084 - INFO - quickread - 202, 832  235
2019-02-07 17:50:24,175 - INFO - quickread - 203, 864  232
2019-02-07 17:50:26,281 - INFO - quickread - 203, 896  232
2019-02-07 17:50:28,392 - INFO - quickread - 203, 928  230
2019-02-07 17:50:30,445 - INFO - quickread - 203, 960  228
2019-02-07 17:50:32,491 - INFO - quickread - 203, 992  227
2019-02-07 17:50:42,668 - INFO - quickread - 203, 1108  225
2019-02-07 17:50:53,070 - INFO - quickread - 203, 1219  222
2019-02-07 17:51:03,475 - INFO - quickread - 203, 1325  219
2019-02-07 17:51:13,789 - INFO - quickread - 203, 1433  217
2019-02-07 17:51:13,789 - INFO - quickread - IGNORE columba-1.4-src NO IMPROVEMENT after 3 random loops. EXITING. Current estimate: 229
2019-02-07 17:51:13,799 - INFO - quickread - IGNORE columba-1.4-src | Total: 6468 | Percent Checked: 0.22 | Total Yes Data: 204 | Percent Yes Checked: 1.0
2019-02-07 17:51:13,799 - INFO - rig - ++++NEW CLF++++ SGD
2019-02-07 17:51:13,799 - INFO - quickread - Total Yes: 204 | Total No: 6264
2019-02-07 17:52:10,977 - INFO - rig - columba-1.4-src
2019-02-07 17:52:14,082 - INFO - rig - ++++NEW CLF++++ SGD
2019-02-07 17:52:14,082 - INFO - quickread - Total Yes: 204 | Total No: 6264
2019-02-07 17:52:15,001 - INFO - quickread - 25, 32  480
2019-02-07 17:53:15,442 - INFO - rig - columba-1.4-src
2019-02-07 17:53:18,581 - INFO - rig - ++++NEW CLF++++ SGD
2019-02-07 17:53:18,581 - INFO - quickread - Total Yes: 204 | Total No: 6264
2019-02-07 17:53:19,670 - INFO - quickread - 25, 32  480
2019-02-07 17:53:20,094 - INFO - quickread - 57, 64  760
2019-02-07 17:53:20,446 - INFO - quickread - 77, 96  863
2019-02-07 17:53:20,758 - INFO - quickread - 108, 128  981
2019-02-07 17:53:21,069 - INFO - quickread - 132, 160  1123
2019-02-07 17:53:21,311 - INFO - quickread - 153, 192  1139
2019-02-07 17:53:21,472 - INFO - quickread - 169, 224  1158
2019-02-07 17:53:21,603 - INFO - quickread - 182, 256  1165
2019-02-07 17:53:21,774 - INFO - quickread - 190, 288  1167
2019-02-07 17:53:21,903 - INFO - quickread - 191, 320  1161
2019-02-07 17:53:22,024 - INFO - quickread - 194, 352  1159
2019-02-07 17:53:22,177 - INFO - quickread - 195, 384  1155
2019-02-07 17:53:22,348 - INFO - quickread - 196, 416  1150
2019-02-07 17:53:22,519 - INFO - quickread - 196, 448  1139
2019-02-07 17:53:22,730 - INFO - quickread - 196, 480  1134
2019-02-07 17:53:22,942 - INFO - quickread - 196, 512  1128
2019-02-07 17:53:23,153 - INFO - quickread - 197, 544  1124
2019-02-07 17:53:23,374 - INFO - quickread - 198, 576  1121
2019-02-07 17:53:23,677 - INFO - quickread - 198, 608  1115
2019-02-07 17:53:23,826 - INFO - quickread - 198, 640  988
2019-02-07 17:53:23,979 - INFO - quickread - 199, 672  982
2019-02-07 17:58:54,648 - INFO - rig - columba-1.4-src
2019-02-07 17:58:58,960 - INFO - rig - ++++NEW CLF++++ FASTREAD
2019-02-07 17:58:58,960 - INFO - rig - ++++NEW CLF++++ QUICKREAD
2019-02-07 17:58:58,960 - INFO - quickread - Total Yes: 204 | Total No: 6264
2019-02-07 17:58:59,329 - INFO - quickread - 0, 0  475
2019-02-07 17:59:01,285 - INFO - quickread - 31, 32  475
2019-02-07 17:59:04,663 - INFO - quickread - 55, 64  313
2019-02-07 17:59:07,909 - INFO - quickread - 80, 96  399
2019-02-07 17:59:10,875 - INFO - quickread - 102, 128  389
2019-02-07 17:59:13,879 - INFO - quickread - 131, 160  357
2019-02-07 17:59:16,712 - INFO - quickread - 157, 192  358
2019-02-07 17:59:19,622 - INFO - quickread - 176, 224  403
2019-02-07 17:59:22,455 - INFO - quickread - 183, 256  431
2019-02-07 17:59:25,298 - INFO - quickread - 190, 288  413
2019-02-07 17:59:28,070 - INFO - quickread - 194, 320  400
2019-02-07 17:59:30,701 - INFO - quickread - 195, 352  375
2019-02-07 17:59:33,344 - INFO - quickread - 196, 384  342
2019-02-07 17:59:35,808 - INFO - quickread - 197, 416  320
2019-02-07 17:59:38,167 - INFO - quickread - 197, 448  301
2019-02-07 17:59:40,476 - INFO - quickread - 198, 480  283
2019-02-07 17:59:42,838 - INFO - quickread - 198, 512  275
2019-02-07 17:59:45,201 - INFO - quickread - 198, 544  263
2019-02-07 17:59:47,415 - INFO - quickread - 199, 576  255
2019-02-07 17:59:49,646 - INFO - quickread - 199, 608  252
2019-02-07 17:59:51,840 - INFO - quickread - 199, 640  247
2019-02-07 17:59:54,033 - INFO - quickread - 200, 672  242
2019-02-07 17:59:56,152 - INFO - quickread - 202, 704  241
2019-02-07 17:59:58,301 - INFO - quickread - 202, 736  245
2019-02-07 18:00:00,455 - INFO - quickread - 202, 768  241
2019-02-07 18:00:02,886 - INFO - quickread - 202, 800  237
2019-02-07 18:00:05,170 - INFO - quickread - 202, 832  234
2019-02-07 18:00:07,360 - INFO - quickread - 203, 864  232
2019-02-07 18:00:09,561 - INFO - quickread - 203, 896  232
2019-02-07 18:00:11,824 - INFO - quickread - 203, 928  230
2019-02-07 18:00:14,100 - INFO - quickread - 203, 960  228
2019-02-07 18:00:25,740 - INFO - quickread - 203, 1067  226
2019-02-07 18:00:37,479 - INFO - quickread - 203, 1182  223
2019-02-07 18:00:49,029 - INFO - quickread - 203, 1287  220
2019-02-07 18:01:00,512 - INFO - quickread - 203, 1396  218
2019-02-07 18:01:00,512 - INFO - quickread - IGNORE columba-1.4-src NO IMPROVEMENT after 3 random loops. EXITING. Current estimate: 230
2019-02-07 18:01:00,524 - INFO - quickread - IGNORE columba-1.4-src | Total: 6468 | Percent Checked: 0.22 | Total Yes Data: 204 | Percent Yes Checked: 1.0
2019-02-07 18:01:00,524 - INFO - rig - ++++NEW CLF++++ SGD
2019-02-07 18:01:00,524 - INFO - quickread - Total Yes: 204 | Total No: 6264
2019-02-07 18:01:01,699 - INFO - quickread - 25, 32  480
2019-02-07 18:01:02,253 - INFO - quickread - 57, 64  760
2019-02-07 18:01:02,757 - INFO - quickread - 77, 96  863
2019-02-07 18:01:03,160 - INFO - quickread - 108, 128  981
2019-02-07 18:01:03,660 - INFO - quickread - 132, 160  1123
2019-02-07 18:01:04,032 - INFO - quickread - 153, 192  1139
2019-02-07 18:01:04,274 - INFO - quickread - 169, 224  1158
2019-02-07 18:01:04,496 - INFO - quickread - 182, 256  1165
2019-02-07 18:01:04,718 - INFO - quickread - 190, 288  1167
2019-02-07 18:01:04,912 - INFO - quickread - 191, 320  1161
2019-02-07 18:01:05,109 - INFO - quickread - 194, 352  1159
2019-02-07 18:01:05,321 - INFO - quickread - 195, 384  1155
2019-02-07 18:01:05,548 - INFO - quickread - 196, 416  1150
2019-02-07 18:01:05,875 - INFO - quickread - 196, 448  1139
2019-02-07 18:01:06,206 - INFO - quickread - 196, 480  1134
2019-02-07 18:01:06,516 - INFO - quickread - 196, 512  1128
2019-02-07 18:01:06,843 - INFO - quickread - 197, 544  1124
2019-02-07 18:01:07,159 - INFO - quickread - 198, 576  1121
2019-02-07 18:01:07,643 - INFO - quickread - 198, 608  1115
2019-02-07 18:01:07,875 - INFO - quickread - 198, 640  988
2019-02-07 18:01:08,077 - INFO - quickread - 199, 672  982
2019-02-07 18:02:14,119 - INFO - rig - columba-1.4-src
2019-02-07 18:02:18,560 - INFO - rig - ++++NEW CLF++++ FASTREAD
2019-02-07 18:02:18,560 - INFO - rig - ++++NEW CLF++++ SGD
2019-02-07 18:02:18,560 - INFO - quickread - Total Yes: 204 | Total No: 6264
2019-02-07 18:02:25,757 - INFO - quickread - 25, 32  480
2019-02-07 18:02:30,213 - INFO - quickread - 57, 64  760
2019-02-07 18:02:32,301 - INFO - quickread - 77, 96  863
2019-02-07 18:02:42,205 - INFO - quickread - 108, 128  981
2019-02-07 18:02:44,583 - INFO - quickread - 132, 160  1123
2019-02-07 18:02:46,661 - INFO - quickread - 153, 192  1139
2019-02-07 18:02:48,215 - INFO - quickread - 169, 224  1158
2019-02-07 18:02:49,514 - INFO - quickread - 182, 256  1165
2019-02-07 18:02:50,764 - INFO - quickread - 190, 288  1167
2019-02-07 18:02:52,051 - INFO - quickread - 191, 320  1161
2019-02-07 18:02:53,439 - INFO - quickread - 194, 352  1159
2019-02-07 18:02:54,958 - INFO - quickread - 195, 384  1155
2019-02-07 18:02:56,777 - INFO - quickread - 196, 416  1150
2019-02-07 18:02:58,615 - INFO - quickread - 196, 448  1139
2019-02-07 18:03:00,138 - INFO - quickread - 196, 480  1134
2019-02-07 18:03:01,651 - INFO - quickread - 196, 512  1128
2019-02-07 18:03:03,139 - INFO - quickread - 197, 544  1124
2019-02-07 18:03:04,764 - INFO - quickread - 198, 576  1121
2019-02-07 18:03:06,991 - INFO - quickread - 198, 608  1115
2019-02-07 18:03:09,474 - INFO - quickread - 198, 640  988
2019-02-07 18:03:13,821 - INFO - quickread - 199, 672  982
2019-02-07 18:04:06,222 - INFO - rig - columba-1.4-src
2019-02-07 18:04:10,665 - INFO - rig - ++++NEW CLF++++ FASTREAD
2019-02-07 18:04:10,665 - INFO - rig - ++++NEW CLF++++ SGD
2019-02-07 18:04:10,665 - INFO - quickread - Total Yes: 204 | Total No: 6264
2019-02-07 18:04:11,868 - INFO - quickread - 25, 32  480
2019-02-07 18:04:12,369 - INFO - quickread - 57, 64  760
2019-02-07 18:04:12,748 - INFO - quickread - 77, 96  863
2019-02-07 18:04:13,118 - INFO - quickread - 108, 128  981
2019-02-07 18:04:13,519 - INFO - quickread - 132, 160  1123
2019-02-07 18:04:13,819 - INFO - quickread - 153, 192  1139
2019-02-07 18:04:14,004 - INFO - quickread - 169, 224  1158
2019-02-07 18:04:14,194 - INFO - quickread - 182, 256  1165
2019-02-07 18:04:14,389 - INFO - quickread - 190, 288  1167
2019-02-07 18:04:22,251 - INFO - quickread - 191, 320  1161
2019-02-07 18:04:25,690 - INFO - quickread - 194, 352  1159
2019-02-07 18:04:27,700 - INFO - quickread - 195, 384  1155
2019-02-07 18:04:31,224 - INFO - quickread - 196, 416  1150
2019-02-07 18:04:33,645 - INFO - quickread - 196, 448  1139
2019-02-07 18:04:35,875 - INFO - quickread - 196, 480  1134
2019-02-07 18:04:37,794 - INFO - quickread - 196, 512  1128
2019-02-07 18:04:39,097 - INFO - quickread - 197, 544  1124
2019-02-07 18:04:41,084 - INFO - quickread - 198, 576  1121
2019-02-07 18:04:43,273 - INFO - quickread - 198, 608  1115
2019-02-07 18:04:46,580 - INFO - quickread - 198, 640  988
2019-02-07 18:04:49,702 - INFO - quickread - 199, 672  982
2019-02-07 18:11:31,186 - INFO - rig - columba-1.4-src
2019-02-07 18:11:34,264 - INFO - rig - ++++NEW CLF++++ FASTREAD
2019-02-07 18:11:34,264 - INFO - rig - ++++NEW CLF++++ SGD
2019-02-07 18:11:34,264 - INFO - quickread - Total Yes: 204 | Total No: 6264
2019-02-07 18:11:35,143 - INFO - quickread - 25, 32  473
2019-02-07 18:11:35,494 - INFO - quickread - 57, 64  759
2019-02-07 18:11:35,827 - INFO - quickread - 77, 96  861
2019-02-07 18:11:36,048 - INFO - quickread - 108, 128  977
2019-02-07 18:11:36,338 - INFO - quickread - 132, 160  1129
2019-02-07 18:11:36,491 - INFO - quickread - 153, 192  1144
2019-02-07 18:11:36,652 - INFO - quickread - 169, 224  1158
2019-02-07 18:11:36,802 - INFO - quickread - 182, 256  1164
2019-02-07 18:11:36,933 - INFO - quickread - 190, 288  1167
2019-02-07 18:11:37,075 - INFO - quickread - 191, 320  1161
2019-02-07 18:11:37,206 - INFO - quickread - 194, 352  1159
2019-02-07 18:11:37,335 - INFO - quickread - 195, 384  1155
2019-02-07 18:11:37,488 - INFO - quickread - 196, 416  1150
2019-02-07 18:11:37,639 - INFO - quickread - 196, 448  1144
2019-02-07 18:11:37,830 - INFO - quickread - 196, 480  1138
2019-02-07 18:11:37,991 - INFO - quickread - 196, 512  1131
2019-02-07 18:11:38,172 - INFO - quickread - 197, 544  1127
2019-02-07 18:11:38,363 - INFO - quickread - 198, 576  1123
2019-02-07 18:11:38,543 - INFO - quickread - 198, 608  999
2019-02-07 18:11:38,645 - INFO - quickread - 198, 640  986
2019-02-07 18:11:38,746 - INFO - quickread - 199, 672  982
2019-02-07 18:11:38,875 - INFO - quickread - 201, 704  979
2019-02-07 18:11:38,998 - INFO - quickread - 201, 736  972
2019-02-07 18:11:39,129 - INFO - quickread - 201, 768  969
2019-02-07 18:11:39,270 - INFO - quickread - 202, 800  966
2019-02-07 18:11:39,441 - INFO - quickread - 202, 832  961
2019-02-07 18:11:39,602 - INFO - quickread - 202, 864  956
2019-02-07 18:11:39,743 - INFO - quickread - 202, 896  951
2019-02-07 18:11:39,924 - INFO - quickread - 202, 928  944
2019-02-07 18:11:40,126 - INFO - quickread - 202, 960  938
2019-02-07 18:11:40,266 - INFO - quickread - 202, 992  860
2019-02-07 18:11:40,426 - INFO - quickread - 202, 1024  853
2019-02-07 18:11:40,548 - INFO - quickread - 202, 1056  843
2019-02-07 18:11:40,710 - INFO - quickread - 202, 1088  836
2019-02-07 18:11:40,710 - INFO - quickread - 202, 1088  836
2019-02-07 18:12:05,883 - INFO - rig - columba-1.4-src
2019-02-07 18:12:08,912 - INFO - rig - ++++NEW CLF++++ FASTREAD
2019-02-07 18:12:08,912 - INFO - rig - ++++NEW CLF++++ SGD
2019-02-07 18:12:08,912 - INFO - quickread - Total Yes: 204 | Total No: 6264
2019-02-07 18:12:09,823 - INFO - quickread - 25, 32  473
2019-02-07 18:12:10,187 - INFO - quickread - 57, 64  759
2019-02-07 18:12:10,499 - INFO - quickread - 77, 96  861
2019-02-07 18:12:10,730 - INFO - quickread - 108, 128  977
2019-02-07 18:12:11,013 - INFO - quickread - 132, 160  1129
2019-02-07 18:12:11,192 - INFO - quickread - 153, 192  1144
2019-02-07 18:12:11,323 - INFO - quickread - 169, 224  1158
2019-02-07 18:12:11,445 - INFO - quickread - 182, 256  1164
2019-02-07 18:12:11,596 - INFO - quickread - 190, 288  1167
2019-02-07 18:12:11,737 - INFO - quickread - 191, 320  1161
2019-02-07 18:12:11,858 - INFO - quickread - 194, 352  1159
2019-02-07 18:12:12,009 - INFO - quickread - 195, 384  1155
2019-02-07 18:12:12,160 - INFO - quickread - 196, 416  1150
2019-02-07 18:12:12,331 - INFO - quickread - 196, 448  1144
2019-02-07 18:12:12,523 - INFO - quickread - 196, 480  1138
2019-02-07 18:12:12,714 - INFO - quickread - 196, 512  1131
2019-02-07 18:12:12,886 - INFO - quickread - 197, 544  1127
2019-02-07 18:12:13,097 - INFO - quickread - 198, 576  1123
2019-02-07 18:12:13,248 - INFO - quickread - 198, 608  999
2019-02-07 18:12:13,369 - INFO - quickread - 198, 640  986
2019-02-07 18:12:13,500 - INFO - quickread - 199, 672  982
2019-02-07 18:12:13,640 - INFO - quickread - 201, 704  979
2019-02-07 18:12:13,749 - INFO - quickread - 201, 736  972
2019-02-07 18:12:13,892 - INFO - quickread - 201, 768  969
2019-02-07 18:12:14,031 - INFO - quickread - 202, 800  966
2019-02-07 18:12:14,164 - INFO - quickread - 202, 832  961
2019-02-07 18:12:14,335 - INFO - quickread - 202, 864  956
2019-02-07 18:12:14,535 - INFO - quickread - 202, 896  951
2019-02-07 18:12:14,706 - INFO - quickread - 202, 928  944
2019-02-07 18:12:14,900 - INFO - quickread - 202, 960  938
2019-02-07 18:12:15,071 - INFO - quickread - 202, 992  860
2019-02-07 18:12:15,222 - INFO - quickread - 202, 1024  853
2019-02-07 18:12:15,353 - INFO - quickread - 202, 1056  843
2019-02-07 18:12:15,494 - INFO - quickread - 202, 1088  836
2019-02-07 18:12:15,494 - INFO - quickread - 202, 1088  836
2019-02-07 18:12:15,494 - INFO - quickread - IGNORE columba-1.4-src NO IMPROVEMENT after 9 loops. EXITING. Current estimate: 836
2019-02-07 18:12:15,504 - INFO - quickread - IGNORE columba-1.4-src | Total: 6469 | Percent Checked: 0.17 | Total Yes Data: 204 | Percent Yes Checked: 0.99
2019-02-07 18:12:15,504 - INFO - rig - ++++NEW CLF++++ SVM
2019-02-07 18:12:15,504 - INFO - quickread - Total Yes: 204 | Total No: 6264
2019-02-07 18:18:20,229 - INFO - rig - columba-1.4-src
2019-02-07 18:18:23,253 - INFO - rig - ++++NEW CLF++++ FASTREAD
2019-02-07 18:18:23,253 - INFO - rig - ++++NEW CLF++++ SVM
2019-02-07 18:18:23,253 - INFO - quickread - Total Yes: 204 | Total No: 6264
2019-02-07 18:23:38,355 - INFO - quickread - 28, 32  409
2019-02-07 18:23:45,483 - INFO - quickread - 56, 64  606
2019-02-07 18:23:52,190 - INFO - quickread - 85, 96  753
2019-02-07 18:23:57,530 - INFO - quickread - 117, 128  863
2019-02-07 18:24:02,727 - INFO - quickread - 145, 160  993
2019-02-07 18:24:10,023 - INFO - quickread - 172, 192  1017
2019-02-07 18:24:17,269 - INFO - quickread - 176, 224  1015
2019-02-07 18:24:24,357 - INFO - quickread - 188, 256  1161
2019-02-07 18:24:31,644 - INFO - quickread - 195, 288  1163
2019-02-07 18:24:39,796 - INFO - quickread - 196, 320  1024
2019-02-07 18:24:47,808 - INFO - quickread - 198, 352  1020
2019-02-07 18:24:54,684 - INFO - quickread - 199, 384  1015
2019-02-07 18:25:02,047 - INFO - quickread - 199, 416  1009
2019-02-07 18:25:09,411 - INFO - quickread - 199, 448  1006
2019-02-07 18:25:17,261 - INFO - quickread - 199, 480  1001
2019-02-07 18:25:24,641 - INFO - quickread - 199, 512  996
2019-02-07 18:25:31,242 - INFO - quickread - 200, 544  993
2019-02-07 18:25:38,550 - INFO - quickread - 200, 576  988
2019-02-07 18:25:46,579 - INFO - quickread - 200, 608  985
2019-02-07 18:25:54,643 - INFO - quickread - 200, 640  980
2019-02-07 18:26:02,427 - INFO - quickread - 200, 672  976
2019-02-07 18:26:10,277 - INFO - quickread - 200, 704  876
2019-02-07 18:26:17,800 - INFO - quickread - 200, 736  871
2019-02-07 18:26:26,039 - INFO - quickread - 200, 768  866
2019-02-07 18:26:34,294 - INFO - quickread - 200, 800  862
2019-02-07 18:26:41,704 - INFO - quickread - 200, 832  858
2019-02-07 18:26:41,708 - INFO - quickread - 200, 832  858
2019-02-07 18:26:41,708 - INFO - quickread - IGNORE columba-1.4-src NO IMPROVEMENT after 9 loops. EXITING. Current estimate: 858
2019-02-07 18:26:41,715 - INFO - quickread - IGNORE columba-1.4-src | Total: 6469 | Percent Checked: 0.13 | Total Yes Data: 204 | Percent Yes Checked: 0.98
