2019-02-07 16:03:12,758 - INFO - rig - apache-jmeter-2.10
2019-02-07 16:03:20,272 - INFO - rig - ++++NEW CLF++++ FASTREAD
2019-02-07 16:03:20,272 - INFO - rig - ++++NEW CLF++++ QUICKREAD
2019-02-07 16:03:20,272 - INFO - quickread - Total Yes: 374 | Total No: 7683
2019-02-07 16:03:21,126 - INFO - quickread - 0, 0  475
2019-02-07 16:03:28,450 - INFO - quickread - 37, 40  475
2019-02-07 16:03:36,923 - INFO - quickread - 67, 80  240
2019-02-07 16:03:45,741 - INFO - quickread - 103, 120  353
2019-02-07 16:03:54,511 - INFO - quickread - 142, 160  311
2019-02-07 16:04:02,542 - INFO - quickread - 160, 200  303
2019-02-07 16:04:10,484 - INFO - quickread - 182, 240  282
2019-02-07 16:04:18,317 - INFO - quickread - 207, 280  264
2019-02-07 16:04:26,235 - INFO - quickread - 230, 320  252
2019-02-07 16:04:34,418 - INFO - quickread - 248, 360  272
2019-02-07 16:04:42,429 - INFO - quickread - 266, 400  295
2019-02-07 16:04:50,471 - INFO - quickread - 277, 440  322
2019-02-07 16:04:58,473 - INFO - quickread - 284, 480  329
2019-02-07 16:05:06,201 - INFO - quickread - 289, 520  330
2019-02-07 16:05:14,035 - INFO - quickread - 292, 560  328
2019-02-07 16:05:21,893 - INFO - quickread - 294, 600  322
2019-02-07 16:05:29,652 - INFO - quickread - 299, 640  316
2019-02-07 16:05:37,911 - INFO - quickread - 302, 680  320
2019-02-07 16:05:46,383 - INFO - quickread - 304, 720  320
2019-02-07 16:05:54,503 - INFO - quickread - 306, 760  318
2019-02-07 16:06:02,405 - INFO - quickread - 307, 800  319
2019-02-07 16:06:10,259 - INFO - quickread - 308, 840  316
2019-02-07 16:06:18,351 - INFO - quickread - 308, 880  315
2019-02-07 16:06:26,555 - INFO - quickread - 309, 920  313
2019-02-07 16:06:34,331 - INFO - quickread - 312, 960  312
2019-02-07 16:06:42,545 - INFO - quickread - 315, 1000  316
2019-02-07 16:06:50,251 - INFO - quickread - 324, 1040  321
2019-02-07 16:06:58,463 - INFO - quickread - 326, 1080  334
2019-02-07 16:07:06,416 - INFO - quickread - 330, 1120  332
2019-02-07 16:07:14,558 - INFO - quickread - 332, 1160  336
2019-02-07 16:07:22,795 - INFO - quickread - 333, 1200  336
2019-02-07 16:07:30,825 - INFO - quickread - 333, 1240  335
2019-02-07 16:07:38,471 - INFO - quickread - 335, 1280  333
2019-02-07 16:07:45,940 - INFO - quickread - 335, 1320  335
2019-02-07 16:07:54,148 - INFO - quickread - 341, 1360  333
2019-02-07 16:08:01,774 - INFO - quickread - 346, 1400  342
2019-02-07 16:08:10,220 - INFO - quickread - 346, 1440  347
2019-02-07 16:08:18,528 - INFO - quickread - 347, 1480  345
2019-02-07 16:08:27,600 - INFO - quickread - 350, 1520  345
2019-02-07 16:08:34,661 - INFO - quickread - 350, 1560  348
2019-02-07 16:09:03,272 - INFO - quickread - 351, 1670  346
2019-02-07 16:09:10,467 - INFO - quickread - 351, 1710  347
2019-02-07 16:09:37,292 - INFO - quickread - 352, 1817  345
2019-02-07 16:09:44,226 - INFO - quickread - 352, 1857  346
2019-02-07 16:10:08,637 - INFO - quickread - 353, 1958  345
2019-02-07 16:10:14,340 - INFO - quickread - 355, 1998  345
2019-02-07 16:10:20,007 - INFO - quickread - 355, 2038  347
2019-02-07 16:10:43,253 - INFO - quickread - 357, 2140  346
2019-02-07 16:10:48,441 - INFO - quickread - 357, 2180  348
2019-02-07 16:11:08,337 - INFO - quickread - 357, 2276  348
2019-02-07 16:11:27,891 - INFO - quickread - 364, 2369  347
2019-02-07 16:11:33,363 - INFO - quickread - 364, 2409  356
2019-02-07 16:11:53,480 - INFO - quickread - 364, 2500  355
2019-02-07 16:12:17,266 - INFO - quickread - 365, 2625  353
2019-02-07 16:12:21,683 - INFO - quickread - 365, 2665  354
2019-02-07 16:12:43,652 - INFO - quickread - 365, 2786  353
2019-02-07 16:13:01,967 - INFO - quickread - 365, 2905  352
2019-02-07 16:13:01,967 - INFO - quickread - IGNORE apache-jmeter-2.10 NO IMPROVEMENT after 3 random loops. EXITING. Current estimate: 371
2019-02-07 16:13:01,995 - INFO - quickread - IGNORE apache-jmeter-2.10 | Total: 8057 | Percent Checked: 0.36 | Total Yes Data: 374 | Percent Yes Checked: 0.98
2019-02-07 16:13:01,995 - INFO - rig - ++++NEW CLF++++ SGD
2019-02-07 16:13:01,995 - INFO - fastread - Total Yes: 374 | Total No: 7683
2019-02-07 16:13:02,129 - INFO - fastread - 8, 10
2019-02-07 16:13:02,139 - INFO - fastread - 18, 20
2019-02-07 16:13:02,139 - INFO - fastread - 28, 30
2019-02-07 16:13:02,139 - INFO - fastread - 36, 40
2019-02-07 16:13:02,149 - INFO - fastread - 46, 50
2019-02-07 16:13:02,149 - INFO - fastread - 56, 60
2019-02-07 16:13:02,149 - INFO - fastread - 65, 70
2019-02-07 16:13:02,159 - INFO - fastread - 75, 80
2019-02-07 16:13:02,159 - INFO - fastread - 77, 90
2019-02-07 16:13:02,168 - INFO - fastread - 77, 100
2019-02-07 16:13:02,170 - INFO - fastread - 82, 110
2019-02-07 16:13:02,180 - INFO - fastread - 92, 120
2019-02-07 16:13:02,188 - INFO - fastread - 102, 130
2019-02-07 16:13:02,190 - INFO - fastread - 111, 140
2019-02-07 16:13:02,190 - INFO - fastread - 121, 150
2019-02-07 16:13:02,200 - INFO - fastread - 129, 160
2019-02-07 16:13:02,200 - INFO - fastread - 136, 170
2019-02-07 16:13:02,208 - INFO - fastread - 146, 180
2019-02-07 16:13:02,210 - INFO - fastread - 150, 190
2019-02-07 16:13:02,210 - INFO - fastread - 150, 200
2019-02-07 16:13:02,218 - INFO - fastread - 151, 210
2019-02-07 16:13:02,220 - INFO - fastread - 161, 220
2019-02-07 16:13:02,220 - INFO - fastread - 171, 230
2019-02-07 16:13:02,230 - INFO - fastread - 178, 240
2019-02-07 16:13:02,230 - INFO - fastread - 187, 250
2019-02-07 16:13:02,230 - INFO - fastread - 193, 260
2019-02-07 16:13:02,240 - INFO - fastread - 200, 270
2019-02-07 16:13:02,240 - INFO - fastread - 207, 280
2019-02-07 16:13:02,248 - INFO - fastread - 215, 290
2019-02-07 16:13:02,251 - INFO - fastread - 221, 300
2019-02-07 16:13:02,251 - INFO - fastread - 228, 310
2019-02-07 16:13:02,259 - INFO - fastread - 232, 320
2019-02-07 16:13:02,261 - INFO - fastread - 236, 330
2019-02-07 16:13:02,261 - INFO - fastread - 239, 340
2019-02-07 16:13:02,269 - INFO - fastread - 246, 350
2019-02-07 16:13:02,271 - INFO - fastread - 252, 360
2019-02-07 16:13:02,271 - INFO - fastread - 257, 370
2019-02-07 16:13:02,279 - INFO - fastread - 262, 380
2019-02-07 16:13:02,281 - INFO - fastread - 263, 390
2019-02-07 16:13:02,281 - INFO - fastread - 264, 400
2019-02-07 16:13:02,291 - INFO - fastread - 267, 410
2019-02-07 16:13:02,291 - INFO - fastread - 270, 420
2019-02-07 16:13:02,291 - INFO - fastread - 272, 430
2019-02-07 16:13:02,301 - INFO - fastread - 275, 440
2019-02-07 16:13:02,301 - INFO - fastread - 275, 450
2019-02-07 16:13:02,309 - INFO - fastread - 277, 460
2019-02-07 16:13:02,311 - INFO - fastread - 277, 470
2019-02-07 16:13:02,311 - INFO - fastread - 280, 480
2019-02-07 16:13:02,321 - INFO - fastread - 281, 490
2019-02-07 16:13:02,321 - INFO - fastread - 281, 500
2019-02-07 16:13:02,321 - INFO - fastread - 283, 510
2019-02-07 16:13:02,331 - INFO - fastread - 284, 520
2019-02-07 16:13:02,331 - INFO - fastread - 287, 530
2019-02-07 16:13:02,339 - INFO - fastread - 288, 540
2019-02-07 16:13:02,341 - INFO - fastread - 289, 550
2019-02-07 16:13:02,341 - INFO - fastread - 291, 560
2019-02-07 16:13:02,352 - INFO - fastread - 293, 570
2019-02-07 16:13:02,352 - INFO - fastread - 294, 580
2019-02-07 16:13:02,362 - INFO - fastread - 297, 590
2019-02-07 16:13:02,370 - INFO - fastread - 298, 600
2019-02-07 16:13:02,372 - INFO - fastread - 305, 610
2019-02-07 16:13:02,382 - INFO - fastread - 308, 620
2019-02-07 16:13:02,382 - INFO - fastread - 309, 630
2019-02-07 16:13:02,392 - INFO - fastread - 309, 640
2019-02-07 16:13:02,392 - INFO - fastread - 310, 650
2019-02-07 16:13:02,400 - INFO - fastread - 310, 660
2019-02-07 16:13:02,402 - INFO - fastread - 311, 670
2019-02-07 16:13:02,402 - INFO - fastread - 311, 680
2019-02-07 16:13:02,412 - INFO - fastread - 313, 690
2019-02-07 16:13:02,412 - INFO - fastread - 313, 700
2019-02-07 16:13:02,412 - INFO - fastread - 313, 710
2019-02-07 16:13:02,422 - INFO - fastread - 314, 720
2019-02-07 16:13:02,422 - INFO - fastread - 315, 730
2019-02-07 16:13:02,430 - INFO - fastread - 316, 740
2019-02-07 16:13:02,433 - INFO - fastread - 317, 750
2019-02-07 16:13:02,433 - INFO - fastread - 317, 760
2019-02-07 16:13:02,443 - INFO - fastread - 322, 770
2019-02-07 16:13:02,443 - INFO - fastread - 322, 780
2019-02-07 16:13:02,443 - INFO - fastread - 322, 790
2019-02-07 16:13:02,453 - INFO - fastread - 323, 800
2019-02-07 16:13:02,453 - INFO - fastread - 323, 810
2019-02-07 16:13:02,461 - INFO - fastread - 324, 820
2019-02-07 16:13:02,463 - INFO - fastread - 324, 830
2019-02-07 16:13:02,463 - INFO - fastread - 324, 840
2019-02-07 16:13:02,473 - INFO - fastread - 329, 850
2019-02-07 16:13:02,473 - INFO - fastread - 329, 860
2019-02-07 16:13:02,473 - INFO - fastread - 329, 870
2019-02-07 16:13:02,483 - INFO - fastread - 329, 880
2019-02-07 16:13:02,483 - INFO - fastread - 330, 890
2019-02-07 16:13:02,491 - INFO - fastread - 331, 900
2019-02-07 16:13:02,493 - INFO - fastread - 331, 910
2019-02-07 16:13:02,493 - INFO - fastread - 332, 920
2019-02-07 16:13:02,503 - INFO - fastread - 332, 930
2019-02-07 16:13:02,503 - INFO - fastread - 332, 940
2019-02-07 16:13:02,511 - INFO - fastread - 335, 950
2019-02-07 16:13:02,514 - INFO - fastread - 336, 960
2019-02-07 16:13:02,524 - INFO - fastread - 336, 970
2019-02-07 16:13:02,524 - INFO - fastread - 337, 980
2019-02-07 16:13:02,532 - INFO - fastread - 337, 990
2019-02-07 16:13:02,534 - INFO - fastread - 337, 1000
2019-02-07 16:13:02,534 - INFO - fastread - 337, 1010
2019-02-07 16:13:02,542 - INFO - fastread - 337, 1020
2019-02-07 16:13:02,544 - INFO - fastread - 337, 1030
2019-02-07 16:13:02,544 - INFO - fastread - 337, 1040
2019-02-07 16:13:02,554 - INFO - fastread - 337, 1050
2019-02-07 16:13:02,564 - INFO - fastread - 338, 1060
2019-02-07 16:13:02,564 - INFO - fastread - 338, 1070
2019-02-07 16:13:02,574 - INFO - fastread - 338, 1080
2019-02-07 16:13:02,574 - INFO - fastread - 338, 1090
2019-02-07 16:13:02,584 - INFO - fastread - 338, 1100
2019-02-07 16:13:02,584 - INFO - fastread - 341, 1110
2019-02-07 16:13:02,592 - INFO - fastread - 342, 1120
2019-02-07 16:13:02,595 - INFO - fastread - 345, 1130
2019-02-07 16:13:02,595 - INFO - fastread - 345, 1140
2019-02-07 16:13:02,605 - INFO - fastread - 345, 1150
2019-02-07 16:13:02,605 - INFO - fastread - 345, 1160
2019-02-07 16:13:02,613 - INFO - fastread - 345, 1170
2019-02-07 16:13:02,615 - INFO - fastread - 346, 1180
2019-02-07 16:13:02,625 - INFO - fastread - 346, 1190
2019-02-07 16:13:02,625 - INFO - fastread - 346, 1200
2019-02-07 16:13:02,635 - INFO - fastread - 346, 1210
2019-02-07 16:13:02,643 - INFO - fastread - 346, 1220
2019-02-07 16:13:02,645 - INFO - fastread - 346, 1230
2019-02-07 16:13:02,645 - INFO - fastread - 346, 1240
2019-02-07 16:13:02,655 - INFO - fastread - 346, 1250
2019-02-07 16:13:02,655 - INFO - fastread - 347, 1260
2019-02-07 16:13:02,663 - INFO - fastread - 347, 1270
2019-02-07 16:13:02,665 - INFO - fastread - 348, 1280
2019-02-07 16:13:02,665 - INFO - fastread - 348, 1290
2019-02-07 16:13:02,675 - INFO - fastread - 348, 1300
2019-02-07 16:13:02,683 - INFO - fastread - 348, 1310
2019-02-07 16:13:02,685 - INFO - fastread - 349, 1320
2019-02-07 16:13:02,696 - INFO - fastread - 350, 1330
2019-02-07 16:13:02,696 - INFO - fastread - 350, 1340
2019-02-07 16:13:02,704 - INFO - fastread - 350, 1350
2019-02-07 16:13:02,706 - INFO - fastread - 350, 1360
2019-02-07 16:13:02,706 - INFO - fastread - 350, 1370
2019-02-07 16:13:02,716 - INFO - fastread - 350, 1380
2019-02-07 16:13:02,716 - INFO - fastread - 350, 1390
2019-02-07 16:13:02,724 - INFO - fastread - 352, 1400
2019-02-07 16:13:02,724 - INFO - fastread - 352, 1410
2019-02-07 16:13:02,724 - INFO - fastread - 352, 1420
2019-02-07 16:13:02,736 - INFO - fastread - 352, 1430
2019-02-07 16:13:02,736 - INFO - fastread - 352, 1440
2019-02-07 16:13:02,744 - INFO - fastread - 352, 1450
2019-02-07 16:13:02,746 - INFO - fastread - 352, 1460
2019-02-07 16:13:02,746 - INFO - fastread - 352, 1470
2019-02-07 16:13:02,756 - INFO - fastread - 352, 1480
2019-02-07 16:13:02,756 - INFO - fastread - 352, 1490
2019-02-07 16:13:02,764 - INFO - fastread - 352, 1500
2019-02-07 16:13:02,766 - INFO - fastread - 352, 1510
2019-02-07 16:13:02,766 - INFO - fastread - 352, 1520
2019-02-07 16:13:02,776 - INFO - fastread - 352, 1530
2019-02-07 16:13:02,787 - INFO - fastread - 353, 1540
2019-02-07 16:13:02,795 - INFO - fastread - 353, 1550
2019-02-07 16:13:02,797 - INFO - fastread - 353, 1560
2019-02-07 16:13:02,807 - INFO - fastread - 353, 1570
2019-02-07 16:13:02,807 - INFO - fastread - 353, 1580
2019-02-07 16:13:02,815 - INFO - fastread - 353, 1590
2019-02-07 16:13:02,817 - INFO - fastread - 353, 1600
2019-02-07 16:13:02,825 - INFO - fastread - 353, 1610
2019-02-07 16:13:02,827 - INFO - fastread - 353, 1620
2019-02-07 16:13:02,827 - INFO - fastread - 353, 1630
2019-02-07 16:13:02,835 - INFO - fastread - 353, 1640
2019-02-07 16:13:02,837 - INFO - fastread - 353, 1650
2019-02-07 16:13:02,845 - INFO - fastread - 353, 1660
2019-02-07 16:13:02,847 - INFO - fastread - 353, 1670
2019-02-07 16:13:02,847 - INFO - fastread - 353, 1680
2019-02-07 16:13:02,857 - INFO - fastread - 353, 1690
2019-02-07 16:13:02,857 - INFO - fastread - 353, 1700
2019-02-07 16:13:02,865 - INFO - fastread - 353, 1710
2019-02-07 16:13:02,867 - INFO - fastread - 353, 1720
2019-02-07 16:13:02,867 - INFO - fastread - 353, 1730
2019-02-07 16:13:02,877 - INFO - fastread - 353, 1740
2019-02-07 16:13:02,877 - INFO - fastread - 353, 1750
2019-02-07 16:13:02,885 - INFO - fastread - 353, 1760
2019-02-07 16:13:02,887 - INFO - fastread - 353, 1770
2019-02-07 16:13:02,887 - INFO - fastread - 353, 1780
2019-02-07 16:13:02,897 - INFO - fastread - 353, 1790
2019-02-07 16:13:02,897 - INFO - fastread - 353, 1800
2019-02-07 16:13:02,908 - INFO - fastread - 353, 1810
2019-02-07 16:13:02,908 - INFO - fastread - 353, 1820
2019-02-07 16:13:02,916 - INFO - fastread - 353, 1830
2019-02-07 16:13:02,918 - INFO - fastread - 353, 1840
2019-02-07 16:13:02,928 - INFO - fastread - 353, 1850
2019-02-07 16:13:02,928 - INFO - fastread - 354, 1860
2019-02-07 16:13:02,936 - INFO - fastread - 354, 1870
2019-02-07 16:13:02,938 - INFO - fastread - 354, 1880
2019-02-07 16:13:02,946 - INFO - fastread - 354, 1890
2019-02-07 16:13:02,948 - INFO - fastread - 354, 1900
2019-02-07 16:13:02,948 - INFO - fastread - 354, 1910
2019-02-07 16:13:02,956 - INFO - fastread - 354, 1920
2019-02-07 16:13:02,958 - INFO - fastread - 354, 1930
2019-02-07 16:13:02,958 - INFO - fastread - 354, 1940
2019-02-07 16:13:02,968 - INFO - fastread - 354, 1950
2019-02-07 16:13:02,976 - INFO - fastread - 354, 1960
2019-02-07 16:13:02,979 - INFO - fastread - 354, 1970
2019-02-07 16:13:02,979 - INFO - fastread - 354, 1980
2019-02-07 16:13:02,989 - INFO - fastread - 354, 1990
2019-02-07 16:13:02,989 - INFO - fastread - 354, 2000
2019-02-07 16:13:02,999 - INFO - fastread - 354, 2010
2019-02-07 16:13:03,007 - INFO - fastread - 354, 2020
2019-02-07 16:13:03,009 - INFO - fastread - 354, 2030
2019-02-07 16:13:03,019 - INFO - fastread - 354, 2040
2019-02-07 16:13:03,029 - INFO - fastread - 354, 2050
2019-02-07 16:13:03,029 - INFO - fastread - 354, 2060
2019-02-07 16:13:03,039 - INFO - fastread - 354, 2070
2019-02-07 16:13:03,039 - INFO - fastread - 355, 2080
2019-02-07 16:13:03,049 - INFO - fastread - 355, 2090
2019-02-07 16:13:03,049 - INFO - fastread - 356, 2100
2019-02-07 16:13:03,060 - INFO - fastread - IGNORE apache-jmeter-2.10 | Total: 8057 | Percent Checked: 0.26 | Total Yes Data: 374 | Percent Yes Checked: 0.95
