2019-02-07 16:03:12,526 - INFO - rig - jruby-1.4.0
2019-02-07 16:03:19,922 - INFO - rig - ++++NEW CLF++++ FASTREAD
2019-02-07 16:03:19,922 - INFO - rig - ++++NEW CLF++++ QUICKREAD
2019-02-07 16:03:19,922 - INFO - quickread - Total Yes: 622 | Total No: 4275
2019-02-07 16:03:20,702 - INFO - quickread - 0, 0  475
2019-02-07 16:03:25,206 - INFO - quickread - 20, 24  475
2019-02-07 16:03:30,700 - INFO - quickread - 41, 48  201
2019-02-07 16:03:36,288 - INFO - quickread - 53, 72  284
2019-02-07 16:03:42,003 - INFO - quickread - 76, 96  310
2019-02-07 16:03:47,597 - INFO - quickread - 100, 120  313
2019-02-07 16:03:53,541 - INFO - quickread - 120, 144  327
2019-02-07 16:03:59,035 - INFO - quickread - 142, 168  327
2019-02-07 16:04:04,786 - INFO - quickread - 162, 192  355
2019-02-07 16:04:10,294 - INFO - quickread - 185, 216  366
2019-02-07 16:04:15,744 - INFO - quickread - 203, 240  381
2019-02-07 16:04:21,335 - INFO - quickread - 227, 264  391
2019-02-07 16:04:26,215 - INFO - quickread - 246, 288  412
2019-02-07 16:04:31,151 - INFO - quickread - 266, 312  425
2019-02-07 16:04:36,329 - INFO - quickread - 290, 336  440
2019-02-07 16:04:41,071 - INFO - quickread - 314, 360  474
2019-02-07 16:04:46,177 - INFO - quickread - 338, 384  481
2019-02-07 16:04:51,131 - INFO - quickread - 359, 408  477
2019-02-07 16:04:56,187 - INFO - quickread - 383, 432  499
2019-02-07 16:05:01,091 - INFO - quickread - 403, 456  523
2019-02-07 16:05:06,125 - INFO - quickread - 423, 480  546
2019-02-07 16:05:11,108 - INFO - quickread - 436, 504  566
2019-02-07 16:05:15,924 - INFO - quickread - 449, 528  573
2019-02-07 16:05:21,072 - INFO - quickread - 464, 552  579
2019-02-07 16:05:25,973 - INFO - quickread - 478, 576  593
2019-02-07 16:05:31,010 - INFO - quickread - 491, 600  611
2019-02-07 16:05:36,266 - INFO - quickread - 502, 624  624
2019-02-07 16:05:41,777 - INFO - quickread - 515, 648  629
2019-02-07 16:05:46,838 - INFO - quickread - 525, 672  649
2019-02-07 16:05:52,246 - INFO - quickread - 534, 696  656
2019-02-07 16:05:57,080 - INFO - quickread - 544, 720  659
2019-02-07 16:06:02,029 - INFO - quickread - 557, 744  665
2019-02-07 16:06:07,103 - INFO - quickread - 561, 768  684
2019-02-07 16:06:12,266 - INFO - quickread - 565, 792  671
2019-02-07 16:06:17,169 - INFO - quickread - 574, 816  665
2019-02-07 16:06:22,609 - INFO - quickread - 579, 840  676
2019-02-07 16:06:27,640 - INFO - quickread - 580, 864  676
2019-02-07 16:06:32,662 - INFO - quickread - 583, 888  660
2019-02-07 16:06:37,685 - INFO - quickread - 586, 912  661
2019-02-07 16:06:42,890 - INFO - quickread - 587, 936  660
2019-02-07 16:06:47,497 - INFO - quickread - 589, 960  651
2019-02-07 16:06:52,453 - INFO - quickread - 594, 984  647
2019-02-07 16:06:57,523 - INFO - quickread - 595, 1008  653
2019-02-07 16:07:02,461 - INFO - quickread - 597, 1032  649
2019-02-07 16:07:07,302 - INFO - quickread - 600, 1056  647
2019-02-07 16:07:12,292 - INFO - quickread - 602, 1080  648
2019-02-07 16:07:17,352 - INFO - quickread - 602, 1104  646
2019-02-07 16:07:22,399 - INFO - quickread - 603, 1128  642
2019-02-07 16:07:27,284 - INFO - quickread - 605, 1152  638
2019-02-07 16:07:32,363 - INFO - quickread - 605, 1176  638
2019-02-07 16:07:36,829 - INFO - quickread - 606, 1200  633
2019-02-07 16:07:41,308 - INFO - quickread - 606, 1224  631
2019-02-07 16:07:45,748 - INFO - quickread - 606, 1248  627
2019-02-07 16:07:50,749 - INFO - quickread - 610, 1272  625
2019-02-07 16:07:55,594 - INFO - quickread - 610, 1296  629
2019-02-07 16:08:00,193 - INFO - quickread - 611, 1320  627
2019-02-07 16:08:05,378 - INFO - quickread - 611, 1344  626
2019-02-07 16:08:10,364 - INFO - quickread - 611, 1368  623
2019-02-07 16:08:15,634 - INFO - quickread - 611, 1392  620
2019-02-07 16:08:20,619 - INFO - quickread - 612, 1416  618
2019-02-07 16:08:26,236 - INFO - quickread - 612, 1440  618
2019-02-07 16:08:30,574 - INFO - quickread - 612, 1464  615
2019-02-07 16:08:34,913 - INFO - quickread - 612, 1488  614
2019-02-07 16:08:55,183 - INFO - quickread - 613, 1558  611
2019-02-07 16:08:59,384 - INFO - quickread - 614, 1582  611
2019-02-07 16:09:03,728 - INFO - quickread - 615, 1606  611
2019-02-07 16:09:08,006 - INFO - quickread - 615, 1630  611
2019-02-07 16:09:27,358 - INFO - quickread - 615, 1707  610
2019-02-07 16:09:46,919 - INFO - quickread - 615, 1775  608
2019-02-07 16:09:46,919 - INFO - quickread - IGNORE jruby-1.4.0 NO IMPROVEMENT after 3 random loops. EXITING. Current estimate: 640
2019-02-07 16:09:46,960 - INFO - quickread - IGNORE jruby-1.4.0 | Total: 4897 | Percent Checked: 0.36 | Total Yes Data: 622 | Percent Yes Checked: 0.99
2019-02-07 16:09:46,960 - INFO - rig - ++++NEW CLF++++ SGD
2019-02-07 16:09:46,960 - INFO - fastread - Total Yes: 622 | Total No: 4275
2019-02-07 16:09:47,202 - INFO - fastread - 0, 10
2019-02-07 16:09:47,212 - INFO - fastread - 8, 20
2019-02-07 16:09:47,212 - INFO - fastread - 17, 30
2019-02-07 16:09:47,223 - INFO - fastread - 27, 40
2019-02-07 16:09:47,223 - INFO - fastread - 36, 50
2019-02-07 16:09:47,233 - INFO - fastread - 46, 60
2019-02-07 16:09:47,233 - INFO - fastread - 56, 70
2019-02-07 16:09:47,243 - INFO - fastread - 66, 80
2019-02-07 16:09:47,243 - INFO - fastread - 76, 90
2019-02-07 16:09:47,253 - INFO - fastread - 86, 100
2019-02-07 16:09:47,261 - INFO - fastread - 96, 110
2019-02-07 16:09:47,263 - INFO - fastread - 105, 120
2019-02-07 16:09:47,273 - INFO - fastread - 113, 130
2019-02-07 16:09:47,273 - INFO - fastread - 123, 140
2019-02-07 16:09:47,283 - INFO - fastread - 133, 150
2019-02-07 16:09:47,283 - INFO - fastread - 141, 160
2019-02-07 16:09:47,293 - INFO - fastread - 150, 170
2019-02-07 16:09:47,303 - INFO - fastread - 160, 180
2019-02-07 16:09:47,314 - INFO - fastread - 170, 190
2019-02-07 16:09:47,314 - INFO - fastread - 180, 200
2019-02-07 16:09:47,332 - INFO - fastread - 190, 210
2019-02-07 16:09:47,334 - INFO - fastread - 200, 220
2019-02-07 16:09:47,344 - INFO - fastread - 210, 230
2019-02-07 16:09:47,354 - INFO - fastread - 220, 240
2019-02-07 16:09:47,354 - INFO - fastread - 230, 250
2019-02-07 16:09:47,364 - INFO - fastread - 239, 260
2019-02-07 16:09:47,364 - INFO - fastread - 248, 270
2019-02-07 16:09:47,374 - INFO - fastread - 257, 280
2019-02-07 16:09:47,382 - INFO - fastread - 267, 290
2019-02-07 16:09:47,384 - INFO - fastread - 274, 300
2019-02-07 16:09:47,395 - INFO - fastread - 283, 310
2019-02-07 16:09:47,395 - INFO - fastread - 290, 320
2019-02-07 16:09:47,405 - INFO - fastread - 298, 330
2019-02-07 16:09:47,405 - INFO - fastread - 307, 340
2019-02-07 16:09:47,415 - INFO - fastread - 316, 350
2019-02-07 16:09:47,415 - INFO - fastread - 321, 360
2019-02-07 16:09:47,425 - INFO - fastread - 330, 370
2019-02-07 16:09:47,435 - INFO - fastread - 339, 380
2019-02-07 16:09:47,445 - INFO - fastread - 346, 390
2019-02-07 16:09:47,445 - INFO - fastread - 355, 400
2019-02-07 16:09:47,455 - INFO - fastread - 365, 410
2019-02-07 16:09:47,455 - INFO - fastread - 373, 420
2019-02-07 16:09:47,465 - INFO - fastread - 381, 430
2019-02-07 16:09:47,465 - INFO - fastread - 389, 440
2019-02-07 16:09:47,465 - INFO - fastread - 397, 450
2019-02-07 16:09:47,475 - INFO - fastread - 407, 460
2019-02-07 16:09:47,475 - INFO - fastread - 414, 470
2019-02-07 16:09:47,484 - INFO - fastread - 421, 480
2019-02-07 16:09:47,486 - INFO - fastread - 430, 490
2019-02-07 16:09:47,496 - INFO - fastread - 434, 500
2019-02-07 16:09:47,496 - INFO - fastread - 443, 510
2019-02-07 16:09:47,506 - INFO - fastread - 451, 520
2019-02-07 16:09:47,514 - INFO - fastread - 455, 530
2019-02-07 16:09:47,516 - INFO - fastread - 461, 540
2019-02-07 16:09:47,526 - INFO - fastread - 470, 550
2019-02-07 16:09:47,526 - INFO - fastread - 477, 560
2019-02-07 16:09:47,536 - INFO - fastread - 484, 570
2019-02-07 16:09:47,544 - INFO - fastread - 490, 580
2019-02-07 16:09:47,546 - INFO - fastread - 497, 590
2019-02-07 16:09:47,556 - INFO - fastread - 502, 600
2019-02-07 16:09:47,556 - INFO - fastread - 510, 610
2019-02-07 16:09:47,566 - INFO - fastread - 514, 620
2019-02-07 16:09:47,574 - INFO - fastread - 519, 630
2019-02-07 16:09:47,577 - INFO - fastread - 526, 640
2019-02-07 16:09:47,587 - INFO - fastread - 529, 650
2019-02-07 16:09:47,587 - INFO - fastread - 535, 660
2019-02-07 16:09:47,597 - INFO - fastread - 539, 670
2019-02-07 16:09:47,605 - INFO - fastread - 543, 680
2019-02-07 16:09:47,607 - INFO - fastread - 547, 690
2019-02-07 16:09:47,617 - INFO - fastread - 550, 700
2019-02-07 16:09:47,617 - INFO - fastread - 552, 710
2019-02-07 16:09:47,627 - INFO - fastread - 554, 720
2019-02-07 16:09:47,627 - INFO - fastread - 559, 730
2019-02-07 16:09:47,637 - INFO - fastread - 561, 740
2019-02-07 16:09:47,637 - INFO - fastread - 564, 750
2019-02-07 16:09:47,647 - INFO - fastread - 567, 760
2019-02-07 16:09:47,655 - INFO - fastread - 569, 770
2019-02-07 16:09:47,657 - INFO - fastread - 571, 780
2019-02-07 16:09:47,668 - INFO - fastread - 573, 790
2019-02-07 16:09:47,668 - INFO - fastread - 575, 800
2019-02-07 16:09:47,678 - INFO - fastread - 577, 810
2019-02-07 16:09:47,688 - INFO - fastread - 577, 820
2019-02-07 16:09:47,688 - INFO - fastread - 580, 830
2019-02-07 16:09:47,698 - INFO - fastread - 580, 840
2019-02-07 16:09:47,706 - INFO - fastread - 584, 850
2019-02-07 16:09:47,708 - INFO - fastread - 584, 860
2019-02-07 16:09:47,718 - INFO - fastread - 586, 870
2019-02-07 16:09:47,718 - INFO - fastread - 588, 880
2019-02-07 16:09:47,728 - INFO - fastread - 589, 890
2019-02-07 16:09:47,738 - INFO - fastread - 590, 900
2019-02-07 16:09:47,746 - INFO - fastread - 590, 910
2019-02-07 16:09:47,748 - INFO - fastread - 591, 920
2019-02-07 16:09:47,758 - INFO - fastread - IGNORE jruby-1.4.0 | Total: 4897 | Percent Checked: 0.19 | Total Yes Data: 622 | Percent Yes Checked: 0.95
