2019-01-24 14:47:57,794 - INFO - rig - apache-jmeter-2.10
2019-01-24 14:47:57,966 - INFO - rig - ++++NEW CLF++++ FASTREAD
2019-01-24 14:47:57,966 - INFO - fastread - Total Yes: 187 | Total No: 3841
2019-01-24 14:47:58,319 - INFO - fastread - 0, 0
2019-01-24 14:47:59,438 - INFO - fastread - 2, 10
2019-01-24 14:48:00,580 - INFO - fastread - 2, 20
2019-01-24 14:48:01,910 - INFO - fastread - 3, 30
2019-01-24 14:48:03,034 - INFO - fastread - 4, 40
2019-01-24 14:48:04,114 - INFO - fastread - 4, 50
2019-01-24 14:48:05,217 - INFO - fastread - 4, 60
2019-01-24 14:48:06,309 - INFO - fastread - 4, 70
2019-01-24 14:48:07,419 - INFO - fastread - 4, 78
2019-01-24 14:48:08,680 - INFO - fastread - 4, 88
2019-01-24 14:48:09,875 - INFO - fastread - 4, 98
2019-01-24 14:48:10,983 - INFO - fastread - 4, 108
2019-01-24 14:48:12,118 - INFO - fastread - 5, 117
2019-01-24 14:48:13,231 - INFO - fastread - 12, 127
2019-01-24 14:48:14,445 - INFO - fastread - 19, 137
2019-01-24 14:48:15,647 - INFO - fastread - 29, 147
2019-01-24 14:48:16,869 - INFO - fastread - 38, 157
2019-01-24 14:48:18,099 - INFO - fastread - 40, 167
2019-01-24 14:48:19,314 - INFO - fastread - 49, 177
2019-01-24 14:48:20,667 - INFO - fastread - 59, 187
2019-01-24 14:48:21,868 - INFO - fastread - 69, 197
2019-01-24 14:48:23,029 - INFO - fastread - 77, 207
2019-01-24 14:48:24,403 - INFO - fastread - 86, 217
2019-01-24 14:48:25,665 - INFO - fastread - 95, 227
2019-01-24 14:48:26,857 - INFO - fastread - 105, 237
2019-01-24 14:48:28,109 - INFO - fastread - 111, 247
2019-01-24 14:48:29,392 - INFO - fastread - 118, 257
2019-01-24 14:48:30,635 - INFO - fastread - 122, 267
2019-01-24 14:48:32,046 - INFO - fastread - 126, 277
2019-01-24 14:48:33,543 - INFO - fastread - 130, 287
2019-01-24 14:48:34,876 - INFO - fastread - 133, 297
2019-01-24 14:48:36,218 - INFO - fastread - 133, 307
2019-01-24 14:48:37,592 - INFO - fastread - 134, 317
2019-01-24 14:48:38,998 - INFO - fastread - 136, 327
2019-01-24 14:48:40,280 - INFO - fastread - 139, 337
2019-01-24 14:48:41,582 - INFO - fastread - 140, 347
2019-01-24 14:48:42,935 - INFO - fastread - 143, 357
2019-01-24 14:48:44,147 - INFO - fastread - 143, 367
2019-01-24 14:48:45,439 - INFO - fastread - 144, 377
2019-01-24 14:48:46,688 - INFO - fastread - 148, 387
2019-01-24 14:48:48,003 - INFO - fastread - 149, 397
2019-01-24 14:48:49,467 - INFO - fastread - 150, 407
2019-01-24 14:48:51,002 - INFO - fastread - 150, 417
2019-01-24 14:48:52,495 - INFO - fastread - 150, 427
2019-01-24 14:48:54,052 - INFO - fastread - 150, 437
2019-01-24 14:48:55,599 - INFO - fastread - 152, 447
2019-01-24 14:48:57,173 - INFO - fastread - 152, 457
2019-01-24 14:48:58,718 - INFO - fastread - 153, 467
2019-01-24 14:49:00,152 - INFO - fastread - 153, 477
2019-01-24 14:49:01,589 - INFO - fastread - 153, 487
2019-01-24 14:49:03,053 - INFO - fastread - 153, 497
2019-01-24 14:49:04,549 - INFO - fastread - 154, 507
2019-01-24 14:49:05,984 - INFO - fastread - 155, 517
2019-01-24 14:49:07,418 - INFO - fastread - 156, 527
2019-01-24 14:49:08,839 - INFO - fastread - 158, 537
2019-01-24 14:49:10,301 - INFO - fastread - 158, 547
2019-01-24 14:49:11,669 - INFO - fastread - 158, 557
2019-01-24 14:49:13,124 - INFO - fastread - 158, 567
2019-01-24 14:49:14,649 - INFO - fastread - 158, 577
2019-01-24 14:49:16,162 - INFO - fastread - 158, 587
2019-01-24 14:49:17,639 - INFO - fastread - 158, 597
2019-01-24 14:49:19,142 - INFO - fastread - 158, 607
2019-01-24 14:49:20,669 - INFO - fastread - 158, 617
2019-01-24 14:49:22,144 - INFO - fastread - 158, 627
2019-01-24 14:49:23,641 - INFO - fastread - 158, 637
2019-01-24 14:49:25,124 - INFO - fastread - 158, 647
2019-01-24 14:49:26,611 - INFO - fastread - 158, 657
2019-01-24 14:49:28,104 - INFO - fastread - 159, 667
2019-01-24 14:49:29,623 - INFO - fastread - 160, 677
2019-01-24 14:49:31,278 - INFO - fastread - 161, 687
2019-01-24 14:49:32,944 - INFO - fastread - 161, 697
2019-01-24 14:49:34,491 - INFO - fastread - 161, 707
2019-01-24 14:49:36,035 - INFO - fastread - 161, 717
2019-01-24 14:49:37,579 - INFO - fastread - 161, 727
2019-01-24 14:49:39,183 - INFO - fastread - 161, 737
2019-01-24 14:49:40,801 - INFO - fastread - 162, 747
2019-01-24 14:49:42,295 - INFO - fastread - 162, 757
2019-01-24 14:49:43,686 - INFO - fastread - 164, 767
2019-01-24 14:49:45,232 - INFO - fastread - 164, 777
2019-01-24 14:49:46,851 - INFO - fastread - 164, 787
2019-01-24 14:49:48,407 - INFO - fastread - 164, 797
2019-01-24 14:49:49,972 - INFO - fastread - 164, 807
2019-01-24 14:49:51,458 - INFO - fastread - 164, 817
2019-01-24 14:49:52,944 - INFO - fastread - 164, 827
2019-01-24 14:49:54,389 - INFO - fastread - 164, 837
2019-01-24 14:49:55,652 - INFO - fastread - 164, 847
2019-01-24 14:49:57,207 - INFO - fastread - 167, 857
2019-01-24 14:49:58,765 - INFO - fastread - 168, 867
2019-01-24 14:50:00,278 - INFO - fastread - 170, 877
2019-01-24 14:50:01,671 - INFO - fastread - 170, 887
2019-01-24 14:50:03,149 - INFO - fastread - 170, 897
2019-01-24 14:50:04,714 - INFO - fastread - 171, 907
2019-01-24 14:50:06,110 - INFO - fastread - 171, 917
2019-01-24 14:50:07,544 - INFO - fastread - 171, 927
2019-01-24 14:50:09,105 - INFO - fastread - 171, 937
2019-01-24 14:50:10,490 - INFO - fastread - 172, 947
2019-01-24 14:50:11,764 - INFO - fastread - 173, 957
2019-01-24 14:50:13,139 - INFO - fastread - 173, 967
2019-01-24 14:50:14,535 - INFO - fastread - 173, 977
2019-01-24 14:50:15,708 - INFO - fastread - 173, 987
2019-01-24 14:50:16,973 - INFO - fastread - 173, 997
2019-01-24 14:50:18,216 - INFO - fastread - 174, 1007
2019-01-24 14:50:19,378 - INFO - fastread - 174, 1017
2019-01-24 14:50:20,692 - INFO - fastread - 175, 1027
2019-01-24 14:50:21,977 - INFO - fastread - 175, 1037
2019-01-24 14:50:23,162 - INFO - fastread - 175, 1047
2019-01-24 14:50:24,518 - INFO - fastread - 175, 1057
2019-01-24 14:50:25,772 - INFO - fastread - 175, 1067
2019-01-24 14:50:27,046 - INFO - fastread - 175, 1077
2019-01-24 14:50:28,369 - INFO - fastread - 175, 1087
2019-01-24 14:50:29,604 - INFO - fastread - 176, 1097
2019-01-24 14:50:30,859 - INFO - fastread - 176, 1107
2019-01-24 14:50:32,264 - INFO - fastread - 176, 1117
2019-01-24 14:50:33,588 - INFO - fastread - 176, 1127
2019-01-24 14:50:34,873 - INFO - fastread - 176, 1137
2019-01-24 14:50:36,187 - INFO - fastread - 176, 1147
2019-01-24 14:50:37,418 - INFO - fastread - 176, 1157
2019-01-24 14:50:38,693 - INFO - fastread - 176, 1167
2019-01-24 14:50:39,783 - INFO - fastread - 176, 1177
2019-01-24 14:50:40,864 - INFO - fastread - 176, 1187
2019-01-24 14:50:42,025 - INFO - fastread - 176, 1197
2019-01-24 14:50:43,136 - INFO - fastread - 176, 1207
2019-01-24 14:50:44,378 - INFO - fastread - 177, 1217
2019-01-24 14:50:44,903 - INFO - rig - ++++NEW CLF++++ NBM
2019-01-24 14:50:44,903 - INFO - fastread - Total Yes: 187 | Total No: 3841
2019-01-24 14:50:44,913 - INFO - fastread - 7, 10
2019-01-24 14:50:44,913 - INFO - fastread - 13, 20
2019-01-24 14:50:44,921 - INFO - fastread - 20, 30
2019-01-24 14:50:44,923 - INFO - fastread - 28, 40
2019-01-24 14:50:44,923 - INFO - fastread - 34, 50
2019-01-24 14:50:44,923 - INFO - fastread - 41, 60
2019-01-24 14:50:44,923 - INFO - fastread - 46, 70
2019-01-24 14:50:44,923 - INFO - fastread - 49, 80
2019-01-24 14:50:44,931 - INFO - fastread - 50, 90
2019-01-24 14:50:44,933 - INFO - fastread - 57, 100
2019-01-24 14:50:44,933 - INFO - fastread - 58, 110
2019-01-24 14:50:44,933 - INFO - fastread - 59, 120
2019-01-24 14:50:44,933 - INFO - fastread - 60, 130
2019-01-24 14:50:44,933 - INFO - fastread - 62, 140
2019-01-24 14:50:44,941 - INFO - fastread - 63, 150
2019-01-24 14:50:44,943 - INFO - fastread - 66, 160
2019-01-24 14:50:44,943 - INFO - fastread - 68, 170
2019-01-24 14:50:44,943 - INFO - fastread - 71, 180
2019-01-24 14:50:44,943 - INFO - fastread - 73, 190
2019-01-24 14:50:44,943 - INFO - fastread - 73, 200
2019-01-24 14:50:44,951 - INFO - fastread - 76, 210
2019-01-24 14:50:44,953 - INFO - fastread - 79, 220
2019-01-24 14:50:44,953 - INFO - fastread - 80, 230
2019-01-24 14:50:44,953 - INFO - fastread - 82, 240
2019-01-24 14:50:44,953 - INFO - fastread - 84, 250
2019-01-24 14:50:44,953 - INFO - fastread - 87, 260
2019-01-24 14:50:44,962 - INFO - fastread - 88, 270
2019-01-24 14:50:44,964 - INFO - fastread - 88, 280
2019-01-24 14:50:44,964 - INFO - fastread - 88, 290
2019-01-24 14:50:44,964 - INFO - fastread - 91, 300
2019-01-24 14:50:44,964 - INFO - fastread - 92, 310
2019-01-24 14:50:44,964 - INFO - fastread - 94, 320
2019-01-24 14:50:44,972 - INFO - fastread - 95, 330
2019-01-24 14:50:44,974 - INFO - fastread - 96, 340
2019-01-24 14:50:44,974 - INFO - fastread - 98, 350
2019-01-24 14:50:44,974 - INFO - fastread - 99, 360
2019-01-24 14:50:44,974 - INFO - fastread - 103, 370
2019-01-24 14:50:44,982 - INFO - fastread - 103, 380
2019-01-24 14:50:44,982 - INFO - fastread - 104, 390
2019-01-24 14:50:44,984 - INFO - fastread - 104, 400
2019-01-24 14:50:44,984 - INFO - fastread - 104, 410
2019-01-24 14:50:44,984 - INFO - fastread - 104, 420
2019-01-24 14:50:44,984 - INFO - fastread - 105, 430
2019-01-24 14:50:44,992 - INFO - fastread - 105, 440
2019-01-24 14:50:44,994 - INFO - fastread - 106, 450
2019-01-24 14:50:44,994 - INFO - fastread - 106, 460
2019-01-24 14:50:44,994 - INFO - fastread - 108, 470
2019-01-24 14:50:44,994 - INFO - fastread - 108, 480
2019-01-24 14:50:44,994 - INFO - fastread - 108, 490
2019-01-24 14:50:45,002 - INFO - fastread - 109, 500
2019-01-24 14:50:45,004 - INFO - fastread - 109, 510
2019-01-24 14:50:45,004 - INFO - fastread - 112, 520
2019-01-24 14:50:45,004 - INFO - fastread - 113, 530
2019-01-24 14:50:45,004 - INFO - fastread - 113, 540
2019-01-24 14:50:45,012 - INFO - fastread - 114, 550
2019-01-24 14:50:45,012 - INFO - fastread - 114, 560
2019-01-24 14:50:45,014 - INFO - fastread - 117, 570
2019-01-24 14:50:45,014 - INFO - fastread - 117, 580
2019-01-24 14:50:45,014 - INFO - fastread - 120, 590
2019-01-24 14:50:45,014 - INFO - fastread - 120, 600
2019-01-24 14:50:45,022 - INFO - fastread - 120, 610
2019-01-24 14:50:45,024 - INFO - fastread - 120, 620
2019-01-24 14:50:45,024 - INFO - fastread - 121, 630
2019-01-24 14:50:45,024 - INFO - fastread - 121, 640
2019-01-24 14:50:45,024 - INFO - fastread - 122, 650
2019-01-24 14:50:45,024 - INFO - fastread - 123, 660
2019-01-24 14:50:45,032 - INFO - fastread - 124, 670
2019-01-24 14:50:45,034 - INFO - fastread - 126, 680
2019-01-24 14:50:45,034 - INFO - fastread - 126, 690
2019-01-24 14:50:45,034 - INFO - fastread - 126, 700
2019-01-24 14:50:45,034 - INFO - fastread - 127, 710
2019-01-24 14:50:45,042 - INFO - fastread - 128, 720
2019-01-24 14:50:45,044 - INFO - fastread - 129, 730
2019-01-24 14:50:45,044 - INFO - fastread - 130, 740
2019-01-24 14:50:45,044 - INFO - fastread - 132, 750
2019-01-24 14:50:45,044 - INFO - fastread - 132, 760
2019-01-24 14:50:45,044 - INFO - fastread - 134, 770
2019-01-24 14:50:45,052 - INFO - fastread - 134, 780
2019-01-24 14:50:45,054 - INFO - fastread - 135, 790
2019-01-24 14:50:45,054 - INFO - fastread - 136, 800
2019-01-24 14:50:45,054 - INFO - fastread - 137, 810
2019-01-24 14:50:45,054 - INFO - fastread - 138, 820
2019-01-24 14:50:45,062 - INFO - fastread - 139, 830
2019-01-24 14:50:45,062 - INFO - fastread - 139, 840
2019-01-24 14:50:45,064 - INFO - fastread - 139, 850
2019-01-24 14:50:45,064 - INFO - fastread - 139, 860
2019-01-24 14:50:45,064 - INFO - fastread - 140, 870
2019-01-24 14:50:45,064 - INFO - fastread - 142, 880
2019-01-24 14:50:45,072 - INFO - fastread - 142, 890
2019-01-24 14:50:45,075 - INFO - fastread - 143, 900
2019-01-24 14:50:45,075 - INFO - fastread - 143, 910
2019-01-24 14:50:45,075 - INFO - fastread - 144, 920
2019-01-24 14:50:45,075 - INFO - fastread - 144, 930
2019-01-24 14:50:45,075 - INFO - fastread - 144, 940
2019-01-24 14:50:45,083 - INFO - fastread - 145, 950
2019-01-24 14:50:45,085 - INFO - fastread - 145, 960
2019-01-24 14:50:45,085 - INFO - fastread - 145, 970
2019-01-24 14:50:45,085 - INFO - fastread - 145, 980
2019-01-24 14:50:45,085 - INFO - fastread - 145, 990
2019-01-24 14:50:45,085 - INFO - fastread - 145, 1000
2019-01-24 14:50:45,093 - INFO - fastread - 146, 1010
2019-01-24 14:50:45,095 - INFO - fastread - 147, 1020
2019-01-24 14:50:45,095 - INFO - fastread - 147, 1030
2019-01-24 14:50:45,095 - INFO - fastread - 147, 1040
2019-01-24 14:50:45,095 - INFO - fastread - 147, 1050
2019-01-24 14:50:45,103 - INFO - fastread - 148, 1060
2019-01-24 14:50:45,105 - INFO - fastread - 148, 1070
2019-01-24 14:50:45,105 - INFO - fastread - 148, 1080
2019-01-24 14:50:45,105 - INFO - fastread - 148, 1090
2019-01-24 14:50:45,105 - INFO - fastread - 148, 1100
2019-01-24 14:50:45,105 - INFO - fastread - 148, 1110
2019-01-24 14:50:45,113 - INFO - fastread - 148, 1120
2019-01-24 14:50:45,115 - INFO - fastread - 148, 1130
2019-01-24 14:50:45,115 - INFO - fastread - 148, 1140
2019-01-24 14:50:45,115 - INFO - fastread - 149, 1150
2019-01-24 14:50:45,115 - INFO - fastread - 149, 1160
2019-01-24 14:50:45,123 - INFO - fastread - 149, 1170
2019-01-24 14:50:45,125 - INFO - fastread - 149, 1180
2019-01-24 14:50:45,125 - INFO - fastread - 150, 1190
2019-01-24 14:50:45,125 - INFO - fastread - 150, 1200
2019-01-24 14:50:45,125 - INFO - fastread - 152, 1210
2019-01-24 14:50:45,133 - INFO - fastread - 153, 1220
2019-01-24 14:50:45,135 - INFO - fastread - 153, 1230
2019-01-24 14:50:45,135 - INFO - fastread - 153, 1240
2019-01-24 14:50:45,135 - INFO - fastread - 153, 1250
2019-01-24 14:50:45,135 - INFO - fastread - 153, 1260
2019-01-24 14:50:45,135 - INFO - fastread - 153, 1270
2019-01-24 14:50:45,143 - INFO - fastread - 155, 1280
2019-01-24 14:50:45,145 - INFO - fastread - 155, 1290
2019-01-24 14:50:45,145 - INFO - fastread - 155, 1300
2019-01-24 14:50:45,145 - INFO - fastread - 155, 1310
2019-01-24 14:50:45,145 - INFO - fastread - 155, 1320
2019-01-24 14:50:45,153 - INFO - fastread - 156, 1330
2019-01-24 14:50:45,155 - INFO - fastread - 157, 1340
2019-01-24 14:50:45,155 - INFO - fastread - 157, 1350
2019-01-24 14:50:45,155 - INFO - fastread - 158, 1360
2019-01-24 14:50:45,155 - INFO - fastread - 158, 1370
2019-01-24 14:50:45,163 - INFO - fastread - 158, 1380
2019-01-24 14:50:45,165 - INFO - fastread - 159, 1390
2019-01-24 14:50:45,165 - INFO - fastread - 159, 1400
2019-01-24 14:50:45,165 - INFO - fastread - 159, 1410
2019-01-24 14:50:45,165 - INFO - fastread - 159, 1420
2019-01-24 14:50:45,165 - INFO - fastread - 159, 1430
2019-01-24 14:50:45,173 - INFO - fastread - 159, 1440
2019-01-24 14:50:45,175 - INFO - fastread - 159, 1450
2019-01-24 14:50:45,175 - INFO - fastread - 159, 1460
2019-01-24 14:50:45,175 - INFO - fastread - 159, 1470
2019-01-24 14:50:45,175 - INFO - fastread - 159, 1480
2019-01-24 14:50:45,183 - INFO - fastread - 159, 1490
2019-01-24 14:50:45,185 - INFO - fastread - 159, 1500
2019-01-24 14:50:45,185 - INFO - fastread - 160, 1510
2019-01-24 14:50:45,185 - INFO - fastread - 160, 1520
2019-01-24 14:50:45,185 - INFO - fastread - 160, 1530
2019-01-24 14:50:45,194 - INFO - fastread - 160, 1540
2019-01-24 14:50:45,196 - INFO - fastread - 160, 1550
2019-01-24 14:50:45,196 - INFO - fastread - 162, 1560
2019-01-24 14:50:45,196 - INFO - fastread - 163, 1570
2019-01-24 14:50:45,196 - INFO - fastread - 164, 1580
2019-01-24 14:50:45,196 - INFO - fastread - 164, 1590
2019-01-24 14:50:45,204 - INFO - fastread - 164, 1600
2019-01-24 14:50:45,206 - INFO - fastread - 164, 1610
2019-01-24 14:50:45,206 - INFO - fastread - 164, 1620
2019-01-24 14:50:45,206 - INFO - fastread - 164, 1630
2019-01-24 14:50:45,206 - INFO - fastread - 167, 1640
2019-01-24 14:50:45,214 - INFO - fastread - 167, 1650
2019-01-24 14:50:45,216 - INFO - fastread - 167, 1660
2019-01-24 14:50:45,216 - INFO - fastread - 167, 1670
2019-01-24 14:50:45,216 - INFO - fastread - 168, 1680
2019-01-24 14:50:45,216 - INFO - fastread - 169, 1690
2019-01-24 14:50:45,224 - INFO - fastread - 172, 1700
2019-01-24 14:50:45,226 - INFO - fastread - 172, 1710
2019-01-24 14:50:45,226 - INFO - fastread - 172, 1720
2019-01-24 14:50:45,226 - INFO - fastread - 172, 1730
2019-01-24 14:50:45,226 - INFO - fastread - 172, 1740
2019-01-24 14:50:45,234 - INFO - fastread - 173, 1750
2019-01-24 14:50:45,236 - INFO - fastread - 173, 1760
2019-01-24 14:50:45,236 - INFO - fastread - 174, 1770
2019-01-24 14:50:45,236 - INFO - fastread - 174, 1780
2019-01-24 14:50:45,236 - INFO - fastread - 175, 1790
2019-01-24 14:50:45,244 - INFO - fastread - 175, 1800
2019-01-24 14:50:45,246 - INFO - fastread - 175, 1810
2019-01-24 14:50:45,246 - INFO - fastread - 175, 1820
2019-01-24 14:50:45,246 - INFO - fastread - 175, 1830
2019-01-24 14:50:45,246 - INFO - fastread - 175, 1840
2019-01-24 14:50:45,254 - INFO - fastread - 176, 1850
2019-01-24 14:50:45,256 - INFO - fastread - 176, 1860
2019-01-24 14:50:45,256 - INFO - fastread - 177, 1870
2019-01-24 14:50:45,256 - INFO - fastread - 178, 1880
2019-01-24 14:50:45,264 - INFO - rig - ++++NEW CLF++++ NBM
2019-01-24 14:50:45,264 - INFO - fastread - Total Yes: 187 | Total No: 3841
2019-01-24 14:50:46,054 - INFO - fastread - 6, 10
2019-01-24 14:50:46,054 - INFO - fastread - 13, 20
2019-01-24 14:50:46,054 - INFO - fastread - 22, 30
2019-01-24 14:50:46,063 - INFO - fastread - 28, 40
2019-01-24 14:50:46,065 - INFO - fastread - 35, 50
2019-01-24 14:50:46,065 - INFO - fastread - 43, 60
2019-01-24 14:50:46,065 - INFO - fastread - 47, 70
2019-01-24 14:50:46,065 - INFO - fastread - 50, 80
2019-01-24 14:50:46,073 - INFO - fastread - 55, 90
2019-01-24 14:50:46,075 - INFO - fastread - 58, 100
2019-01-24 14:50:46,075 - INFO - fastread - 62, 110
2019-01-24 14:50:46,075 - INFO - fastread - 62, 120
2019-01-24 14:50:46,075 - INFO - fastread - 63, 130
2019-01-24 14:50:46,083 - INFO - fastread - 63, 140
2019-01-24 14:50:46,085 - INFO - fastread - 63, 150
2019-01-24 14:50:46,085 - INFO - fastread - 63, 160
2019-01-24 14:50:46,085 - INFO - fastread - 63, 170
2019-01-24 14:50:46,085 - INFO - fastread - 63, 180
2019-01-24 14:50:46,093 - INFO - fastread - 63, 190
2019-01-24 14:50:46,095 - INFO - fastread - 63, 200
2019-01-24 14:50:46,095 - INFO - fastread - 64, 210
2019-01-24 14:50:46,095 - INFO - fastread - 64, 220
2019-01-24 14:50:46,095 - INFO - fastread - 64, 230
2019-01-24 14:50:46,103 - INFO - fastread - 64, 240
2019-01-24 14:50:46,105 - INFO - fastread - 65, 250
2019-01-24 14:50:46,105 - INFO - fastread - 65, 260
2019-01-24 14:50:46,105 - INFO - fastread - 65, 270
2019-01-24 14:50:46,105 - INFO - fastread - 65, 280
2019-01-24 14:50:46,113 - INFO - fastread - 65, 290
2019-01-24 14:50:46,115 - INFO - fastread - 65, 300
2019-01-24 14:50:46,115 - INFO - fastread - 67, 310
2019-01-24 14:50:46,115 - INFO - fastread - 67, 320
2019-01-24 14:50:46,115 - INFO - fastread - 68, 330
2019-01-24 14:50:46,123 - INFO - fastread - 68, 340
2019-01-24 14:50:46,125 - INFO - fastread - 69, 350
2019-01-24 14:50:46,125 - INFO - fastread - 69, 360
2019-01-24 14:50:46,125 - INFO - fastread - 69, 370
2019-01-24 14:50:46,125 - INFO - fastread - 69, 380
2019-01-24 14:50:46,133 - INFO - fastread - 69, 390
2019-01-24 14:50:46,135 - INFO - fastread - 69, 400
2019-01-24 14:50:46,135 - INFO - fastread - 69, 410
2019-01-24 14:50:46,135 - INFO - fastread - 69, 420
2019-01-24 14:50:46,135 - INFO - fastread - 69, 430
2019-01-24 14:50:46,135 - INFO - fastread - 69, 440
2019-01-24 14:50:46,143 - INFO - fastread - 70, 450
2019-01-24 14:50:46,145 - INFO - fastread - 70, 460
2019-01-24 14:50:46,145 - INFO - fastread - 71, 470
2019-01-24 14:50:46,145 - INFO - fastread - 71, 480
2019-01-24 14:50:46,145 - INFO - fastread - 72, 490
2019-01-24 14:50:46,153 - INFO - fastread - 72, 500
2019-01-24 14:50:46,155 - INFO - fastread - 72, 510
2019-01-24 14:50:46,155 - INFO - fastread - 72, 520
2019-01-24 14:50:46,155 - INFO - fastread - 72, 530
2019-01-24 14:50:46,155 - INFO - fastread - 72, 540
2019-01-24 14:50:46,163 - INFO - fastread - 74, 550
2019-01-24 14:50:46,165 - INFO - fastread - 74, 560
2019-01-24 14:50:46,165 - INFO - fastread - 74, 570
2019-01-24 14:50:46,165 - INFO - fastread - 74, 580
2019-01-24 14:50:46,165 - INFO - fastread - 74, 590
2019-01-24 14:50:46,173 - INFO - fastread - 74, 600
2019-01-24 14:50:46,175 - INFO - fastread - 74, 610
2019-01-24 14:50:46,175 - INFO - fastread - 74, 620
2019-01-24 14:50:46,175 - INFO - fastread - 75, 630
2019-01-24 14:50:46,175 - INFO - fastread - 75, 640
2019-01-24 14:50:46,175 - INFO - fastread - 75, 650
2019-01-24 14:50:46,183 - INFO - fastread - 75, 660
2019-01-24 14:50:46,185 - INFO - fastread - 75, 670
2019-01-24 14:50:46,185 - INFO - fastread - 76, 680
2019-01-24 14:50:46,185 - INFO - fastread - 76, 690
2019-01-24 14:50:46,185 - INFO - fastread - 76, 700
2019-01-24 14:50:46,194 - INFO - fastread - 78, 710
2019-01-24 14:50:46,196 - INFO - fastread - 79, 720
2019-01-24 14:50:46,196 - INFO - fastread - 79, 730
2019-01-24 14:50:46,196 - INFO - fastread - 80, 740
2019-01-24 14:50:46,196 - INFO - fastread - 80, 750
2019-01-24 14:50:46,196 - INFO - fastread - 80, 760
2019-01-24 14:50:46,204 - INFO - fastread - 80, 770
2019-01-24 14:50:46,206 - INFO - fastread - 81, 780
2019-01-24 14:50:46,206 - INFO - fastread - 81, 790
2019-01-24 14:50:46,206 - INFO - fastread - 81, 800
2019-01-24 14:50:46,206 - INFO - fastread - 81, 810
2019-01-24 14:50:46,206 - INFO - fastread - 81, 820
2019-01-24 14:50:46,214 - INFO - fastread - 81, 830
2019-01-24 14:50:46,216 - INFO - fastread - 81, 840
2019-01-24 14:50:46,216 - INFO - fastread - 81, 850
2019-01-24 14:50:46,216 - INFO - fastread - 82, 860
2019-01-24 14:50:46,216 - INFO - fastread - 83, 870
2019-01-24 14:50:46,224 - INFO - fastread - 83, 880
2019-01-24 14:50:46,226 - INFO - fastread - 83, 890
2019-01-24 14:50:46,226 - INFO - fastread - 83, 900
2019-01-24 14:50:46,234 - INFO - fastread - 85, 910
2019-01-24 14:50:46,236 - INFO - fastread - 85, 920
2019-01-24 14:50:46,236 - INFO - fastread - 86, 930
2019-01-24 14:50:46,236 - INFO - fastread - 86, 940
2019-01-24 14:50:46,244 - INFO - fastread - 87, 950
2019-01-24 14:50:46,246 - INFO - fastread - 87, 960
2019-01-24 14:50:46,246 - INFO - fastread - 87, 970
2019-01-24 14:50:46,246 - INFO - fastread - 88, 980
2019-01-24 14:50:46,246 - INFO - fastread - 88, 990
2019-01-24 14:50:46,254 - INFO - fastread - 88, 1000
2019-01-24 14:50:46,254 - INFO - fastread - 88, 1010
2019-01-24 14:50:46,256 - INFO - fastread - 88, 1020
2019-01-24 14:50:46,256 - INFO - fastread - 88, 1030
2019-01-24 14:50:46,256 - INFO - fastread - 88, 1040
2019-01-24 14:50:46,256 - INFO - fastread - 89, 1050
2019-01-24 14:50:46,264 - INFO - fastread - 89, 1060
2019-01-24 14:50:46,266 - INFO - fastread - 90, 1070
2019-01-24 14:50:46,266 - INFO - fastread - 90, 1080
2019-01-24 14:50:46,266 - INFO - fastread - 90, 1090
2019-01-24 14:50:46,266 - INFO - fastread - 90, 1100
2019-01-24 14:50:46,274 - INFO - fastread - 91, 1110
2019-01-24 14:50:46,276 - INFO - fastread - 92, 1120
2019-01-24 14:50:46,276 - INFO - fastread - 92, 1130
2019-01-24 14:50:46,276 - INFO - fastread - 93, 1140
2019-01-24 14:50:46,276 - INFO - fastread - 93, 1150
2019-01-24 14:50:46,276 - INFO - fastread - 94, 1160
2019-01-24 14:50:46,286 - INFO - fastread - 94, 1170
2019-01-24 14:50:46,288 - INFO - fastread - 94, 1180
2019-01-24 14:50:46,290 - INFO - fastread - 96, 1190
2019-01-24 14:50:46,292 - INFO - fastread - 96, 1200
2019-01-24 14:50:46,294 - INFO - fastread - 97, 1210
2019-01-24 14:50:46,296 - INFO - fastread - 97, 1220
2019-01-24 14:50:46,297 - INFO - fastread - 97, 1230
2019-01-24 14:50:46,297 - INFO - fastread - 97, 1240
2019-01-24 14:50:46,297 - INFO - fastread - 98, 1250
2019-01-24 14:50:46,297 - INFO - fastread - 98, 1260
2019-01-24 14:50:46,305 - INFO - fastread - 99, 1270
2019-01-24 14:50:46,307 - INFO - fastread - 99, 1280
2019-01-24 14:50:46,307 - INFO - fastread - 99, 1290
2019-01-24 14:50:46,307 - INFO - fastread - 99, 1300
2019-01-24 14:50:46,307 - INFO - fastread - 100, 1310
2019-01-24 14:50:46,307 - INFO - fastread - 100, 1320
2019-01-24 14:50:46,317 - INFO - fastread - 101, 1330
2019-01-24 14:50:46,317 - INFO - fastread - 102, 1340
2019-01-24 14:50:46,317 - INFO - fastread - 102, 1350
2019-01-24 14:50:46,317 - INFO - fastread - 102, 1360
2019-01-24 14:50:46,325 - INFO - fastread - 103, 1370
2019-01-24 14:50:46,325 - INFO - fastread - 103, 1380
2019-01-24 14:50:46,327 - INFO - fastread - 103, 1390
2019-01-24 14:50:46,327 - INFO - fastread - 104, 1400
2019-01-24 14:50:46,327 - INFO - fastread - 104, 1410
2019-01-24 14:50:46,327 - INFO - fastread - 105, 1420
2019-01-24 14:50:46,335 - INFO - fastread - 105, 1430
2019-01-24 14:50:46,337 - INFO - fastread - 105, 1440
2019-01-24 14:50:46,337 - INFO - fastread - 105, 1450
2019-01-24 14:50:46,337 - INFO - fastread - 105, 1460
2019-01-24 14:50:46,337 - INFO - fastread - 105, 1470
2019-01-24 14:50:46,345 - INFO - fastread - 106, 1480
2019-01-24 14:50:46,347 - INFO - fastread - 106, 1490
2019-01-24 14:50:46,347 - INFO - fastread - 106, 1500
2019-01-24 14:50:46,347 - INFO - fastread - 107, 1510
2019-01-24 14:50:46,347 - INFO - fastread - 108, 1520
2019-01-24 14:50:46,347 - INFO - fastread - 109, 1530
2019-01-24 14:50:46,357 - INFO - fastread - 110, 1540
2019-01-24 14:50:46,357 - INFO - fastread - 110, 1550
2019-01-24 14:50:46,357 - INFO - fastread - 110, 1560
2019-01-24 14:50:46,357 - INFO - fastread - 110, 1570
2019-01-24 14:50:46,365 - INFO - fastread - 110, 1580
2019-01-24 14:50:46,367 - INFO - fastread - 110, 1590
2019-01-24 14:50:46,367 - INFO - fastread - 110, 1600
2019-01-24 14:50:46,367 - INFO - fastread - 110, 1610
2019-01-24 14:50:46,367 - INFO - fastread - 110, 1620
2019-01-24 14:50:46,367 - INFO - fastread - 110, 1630
2019-01-24 14:50:46,375 - INFO - fastread - 111, 1640
2019-01-24 14:50:46,378 - INFO - fastread - 112, 1650
2019-01-24 14:50:46,378 - INFO - fastread - 112, 1660
2019-01-24 14:50:46,378 - INFO - fastread - 112, 1670
2019-01-24 14:50:46,378 - INFO - fastread - 112, 1680
2019-01-24 14:50:46,386 - INFO - fastread - 112, 1690
2019-01-24 14:50:46,388 - INFO - fastread - 112, 1700
2019-01-24 14:50:46,388 - INFO - fastread - 113, 1710
2019-01-24 14:50:46,388 - INFO - fastread - 114, 1720
2019-01-24 14:50:46,388 - INFO - fastread - 114, 1730
2019-01-24 14:50:46,396 - INFO - fastread - 114, 1740
2019-01-24 14:50:46,398 - INFO - fastread - 114, 1750
2019-01-24 14:50:46,398 - INFO - fastread - 114, 1760
2019-01-24 14:50:46,398 - INFO - fastread - 114, 1770
2019-01-24 14:50:46,398 - INFO - fastread - 114, 1780
2019-01-24 14:50:46,406 - INFO - fastread - 114, 1790
2019-01-24 14:50:46,408 - INFO - fastread - 114, 1800
2019-01-24 14:50:46,408 - INFO - fastread - 114, 1810
2019-01-24 14:50:46,408 - INFO - fastread - 114, 1820
2019-01-24 14:50:46,408 - INFO - fastread - 114, 1830
2019-01-24 14:50:46,408 - INFO - fastread - 114, 1840
2019-01-24 14:50:46,416 - INFO - fastread - 114, 1850
2019-01-24 14:50:46,418 - INFO - fastread - 114, 1860
2019-01-24 14:50:46,418 - INFO - fastread - 115, 1870
2019-01-24 14:50:46,418 - INFO - fastread - 116, 1880
2019-01-24 14:50:46,418 - INFO - fastread - 117, 1890
2019-01-24 14:50:46,426 - INFO - fastread - 118, 1900
2019-01-24 14:50:46,428 - INFO - fastread - 119, 1910
2019-01-24 14:50:46,428 - INFO - fastread - 119, 1920
2019-01-24 14:50:46,428 - INFO - fastread - 119, 1930
2019-01-24 14:50:46,428 - INFO - fastread - 119, 1940
2019-01-24 14:50:46,436 - INFO - fastread - 119, 1950
2019-01-24 14:50:46,438 - INFO - fastread - 120, 1960
2019-01-24 14:50:46,438 - INFO - fastread - 120, 1970
2019-01-24 14:50:46,438 - INFO - fastread - 120, 1980
2019-01-24 14:50:46,438 - INFO - fastread - 120, 1990
2019-01-24 14:50:46,446 - INFO - fastread - 121, 2000
2019-01-24 14:50:46,448 - INFO - fastread - 121, 2010
2019-01-24 14:50:46,448 - INFO - fastread - 122, 2020
2019-01-24 14:50:46,448 - INFO - fastread - 122, 2030
2019-01-24 14:50:46,448 - INFO - fastread - 122, 2040
2019-01-24 14:50:46,456 - INFO - fastread - 122, 2050
2019-01-24 14:50:46,458 - INFO - fastread - 122, 2060
2019-01-24 14:50:46,458 - INFO - fastread - 122, 2070
2019-01-24 14:50:46,458 - INFO - fastread - 123, 2080
2019-01-24 14:50:46,458 - INFO - fastread - 124, 2090
2019-01-24 14:50:46,466 - INFO - fastread - 124, 2100
2019-01-24 14:50:46,466 - INFO - fastread - 124, 2110
2019-01-24 14:50:46,468 - INFO - fastread - 126, 2120
2019-01-24 14:50:46,468 - INFO - fastread - 127, 2130
2019-01-24 14:50:46,468 - INFO - fastread - 128, 2140
2019-01-24 14:50:46,468 - INFO - fastread - 128, 2150
2019-01-24 14:50:46,476 - INFO - fastread - 128, 2160
2019-01-24 14:50:46,478 - INFO - fastread - 129, 2170
2019-01-24 14:50:46,478 - INFO - fastread - 131, 2180
2019-01-24 14:50:46,478 - INFO - fastread - 131, 2190
2019-01-24 14:50:46,478 - INFO - fastread - 132, 2200
2019-01-24 14:50:46,486 - INFO - fastread - 133, 2210
2019-01-24 14:50:46,488 - INFO - fastread - 134, 2220
2019-01-24 14:50:46,488 - INFO - fastread - 134, 2230
2019-01-24 14:50:46,488 - INFO - fastread - 135, 2240
2019-01-24 14:50:46,488 - INFO - fastread - 135, 2250
2019-01-24 14:50:46,488 - INFO - fastread - 135, 2260
2019-01-24 14:50:46,498 - INFO - fastread - 135, 2270
2019-01-24 14:50:46,500 - INFO - fastread - 135, 2280
2019-01-24 14:50:46,502 - INFO - fastread - 135, 2290
2019-01-24 14:50:46,504 - INFO - fastread - 136, 2300
2019-01-24 14:50:46,506 - INFO - fastread - 137, 2310
2019-01-24 14:50:46,508 - INFO - fastread - 137, 2320
2019-01-24 14:50:46,509 - INFO - fastread - 137, 2330
2019-01-24 14:50:46,511 - INFO - fastread - 137, 2340
2019-01-24 14:50:46,513 - INFO - fastread - 137, 2350
2019-01-24 14:50:46,515 - INFO - fastread - 137, 2360
2019-01-24 14:50:46,517 - INFO - fastread - 137, 2370
2019-01-24 14:50:46,519 - INFO - fastread - 137, 2380
2019-01-24 14:50:46,521 - INFO - fastread - 137, 2390
2019-01-24 14:50:46,523 - INFO - fastread - 137, 2400
2019-01-24 14:50:46,525 - INFO - fastread - 137, 2410
2019-01-24 14:50:46,527 - INFO - fastread - 137, 2420
2019-01-24 14:50:46,529 - INFO - fastread - 137, 2430
2019-01-24 14:50:46,531 - INFO - fastread - 137, 2440
2019-01-24 14:50:46,531 - INFO - fastread - 138, 2450
2019-01-24 14:50:46,531 - INFO - fastread - 139, 2460
2019-01-24 14:50:46,537 - INFO - fastread - 139, 2470
2019-01-24 14:50:46,539 - INFO - fastread - 139, 2480
2019-01-24 14:50:46,539 - INFO - fastread - 139, 2490
2019-01-24 14:50:46,539 - INFO - fastread - 139, 2500
2019-01-24 14:50:46,539 - INFO - fastread - 139, 2510
2019-01-24 14:50:46,539 - INFO - fastread - 139, 2520
2019-01-24 14:50:46,549 - INFO - fastread - 139, 2530
2019-01-24 14:50:46,549 - INFO - fastread - 139, 2540
2019-01-24 14:50:46,549 - INFO - fastread - 140, 2550
2019-01-24 14:50:46,557 - INFO - fastread - 140, 2560
2019-01-24 14:50:46,559 - INFO - fastread - 140, 2570
2019-01-24 14:50:46,559 - INFO - fastread - 140, 2580
2019-01-24 14:50:46,559 - INFO - fastread - 140, 2590
2019-01-24 14:50:46,559 - INFO - fastread - 140, 2600
2019-01-24 14:50:46,567 - INFO - fastread - 141, 2610
2019-01-24 14:50:46,569 - INFO - fastread - 143, 2620
2019-01-24 14:50:46,569 - INFO - fastread - 143, 2630
2019-01-24 14:50:46,569 - INFO - fastread - 143, 2640
2019-01-24 14:50:46,579 - INFO - fastread - 143, 2650
2019-01-24 14:50:46,579 - INFO - fastread - 143, 2660
2019-01-24 14:50:46,579 - INFO - fastread - 143, 2670
2019-01-24 14:50:46,589 - INFO - fastread - 143, 2680
2019-01-24 14:50:46,589 - INFO - fastread - 143, 2690
2019-01-24 14:50:46,589 - INFO - fastread - 144, 2700
2019-01-24 14:50:46,599 - INFO - fastread - 144, 2710
2019-01-24 14:50:46,599 - INFO - fastread - 144, 2720
2019-01-24 14:50:46,599 - INFO - fastread - 144, 2730
2019-01-24 14:50:46,599 - INFO - fastread - 144, 2740
2019-01-24 14:50:46,599 - INFO - fastread - 145, 2750
2019-01-24 14:50:46,608 - INFO - fastread - 145, 2760
2019-01-24 14:50:46,610 - INFO - fastread - 147, 2770
2019-01-24 14:50:46,610 - INFO - fastread - 147, 2780
2019-01-24 14:50:46,610 - INFO - fastread - 147, 2790
2019-01-24 14:50:46,610 - INFO - fastread - 148, 2800
2019-01-24 14:50:46,618 - INFO - fastread - 148, 2810
2019-01-24 14:50:46,620 - INFO - fastread - 149, 2820
2019-01-24 14:50:46,620 - INFO - fastread - 149, 2830
2019-01-24 14:50:46,620 - INFO - fastread - 149, 2840
2019-01-24 14:50:46,620 - INFO - fastread - 149, 2850
2019-01-24 14:50:46,628 - INFO - fastread - 149, 2860
2019-01-24 14:50:46,630 - INFO - fastread - 149, 2870
2019-01-24 14:50:46,630 - INFO - fastread - 150, 2880
2019-01-24 14:50:46,630 - INFO - fastread - 150, 2890
2019-01-24 14:50:46,630 - INFO - fastread - 150, 2900
2019-01-24 14:50:46,638 - INFO - fastread - 150, 2910
2019-01-24 14:50:46,640 - INFO - fastread - 150, 2920
2019-01-24 14:50:46,640 - INFO - fastread - 150, 2930
2019-01-24 14:50:46,640 - INFO - fastread - 150, 2940
2019-01-24 14:50:46,640 - INFO - fastread - 150, 2950
2019-01-24 14:50:46,648 - INFO - fastread - 151, 2960
2019-01-24 14:50:46,650 - INFO - fastread - 152, 2970
2019-01-24 14:50:46,650 - INFO - fastread - 152, 2980
2019-01-24 14:50:46,650 - INFO - fastread - 152, 2990
2019-01-24 14:50:46,650 - INFO - fastread - 153, 3000
2019-01-24 14:50:46,658 - INFO - fastread - 153, 3010
2019-01-24 14:50:46,660 - INFO - fastread - 153, 3020
2019-01-24 14:50:46,660 - INFO - fastread - 155, 3030
2019-01-24 14:50:46,660 - INFO - fastread - 156, 3040
2019-01-24 14:50:46,660 - INFO - fastread - 156, 3050
2019-01-24 14:50:46,668 - INFO - fastread - 156, 3060
2019-01-24 14:50:46,670 - INFO - fastread - 156, 3070
2019-01-24 14:50:46,670 - INFO - fastread - 156, 3080
2019-01-24 14:50:46,670 - INFO - fastread - 156, 3090
2019-01-24 14:50:46,670 - INFO - fastread - 156, 3100
2019-01-24 14:50:46,678 - INFO - fastread - 157, 3110
2019-01-24 14:50:46,680 - INFO - fastread - 157, 3120
2019-01-24 14:50:46,680 - INFO - fastread - 157, 3130
2019-01-24 14:50:46,680 - INFO - fastread - 158, 3140
2019-01-24 14:50:46,680 - INFO - fastread - 158, 3150
2019-01-24 14:50:46,680 - INFO - fastread - 158, 3160
2019-01-24 14:50:46,690 - INFO - fastread - 158, 3170
2019-01-24 14:50:46,690 - INFO - fastread - 159, 3180
2019-01-24 14:50:46,690 - INFO - fastread - 159, 3190
2019-01-24 14:50:46,690 - INFO - fastread - 160, 3200
2019-01-24 14:50:46,690 - INFO - fastread - 161, 3210
2019-01-24 14:50:46,698 - INFO - fastread - 161, 3220
2019-01-24 14:50:46,700 - INFO - fastread - 163, 3230
2019-01-24 14:50:46,700 - INFO - fastread - 163, 3240
2019-01-24 14:50:46,700 - INFO - fastread - 163, 3250
2019-01-24 14:50:46,700 - INFO - fastread - 163, 3260
2019-01-24 14:50:46,708 - INFO - fastread - 164, 3270
2019-01-24 14:50:46,710 - INFO - fastread - 165, 3280
2019-01-24 14:50:46,710 - INFO - fastread - 166, 3290
2019-01-24 14:50:46,710 - INFO - fastread - 166, 3300
2019-01-24 14:50:46,710 - INFO - fastread - 166, 3310
2019-01-24 14:50:46,718 - INFO - fastread - 166, 3320
2019-01-24 14:50:46,721 - INFO - fastread - 167, 3330
2019-01-24 14:50:46,721 - INFO - fastread - 168, 3340
2019-01-24 14:50:46,721 - INFO - fastread - 169, 3350
2019-01-24 14:50:46,721 - INFO - fastread - 169, 3360
2019-01-24 14:50:46,729 - INFO - fastread - 169, 3370
2019-01-24 14:50:46,731 - INFO - fastread - 169, 3380
2019-01-24 14:50:46,731 - INFO - fastread - 169, 3390
2019-01-24 14:50:46,731 - INFO - fastread - 169, 3400
2019-01-24 14:50:46,731 - INFO - fastread - 169, 3410
2019-01-24 14:50:46,739 - INFO - fastread - 169, 3420
2019-01-24 14:50:46,741 - INFO - fastread - 170, 3430
2019-01-24 14:50:46,741 - INFO - fastread - 170, 3440
2019-01-24 14:50:46,741 - INFO - fastread - 170, 3450
2019-01-24 14:50:46,741 - INFO - fastread - 170, 3460
2019-01-24 14:50:46,749 - INFO - fastread - 171, 3470
2019-01-24 14:50:46,751 - INFO - fastread - 172, 3480
2019-01-24 14:50:46,751 - INFO - fastread - 174, 3490
2019-01-24 14:50:46,759 - INFO - fastread - 174, 3500
2019-01-24 14:50:46,761 - INFO - fastread - 174, 3510
2019-01-24 14:50:46,761 - INFO - fastread - 176, 3520
2019-01-24 14:50:46,769 - INFO - fastread - 176, 3530
2019-01-24 14:50:46,771 - INFO - fastread - 176, 3540
2019-01-24 14:50:46,771 - INFO - fastread - 176, 3550
2019-01-24 14:50:46,779 - INFO - fastread - 176, 3560
2019-01-24 14:50:46,781 - INFO - fastread - 176, 3570
2019-01-24 14:50:46,781 - INFO - fastread - 177, 3580
2019-01-24 14:50:46,781 - INFO - fastread - 177, 3590
2019-01-24 14:50:46,781 - INFO - fastread - 177, 3600
2019-01-24 14:50:46,789 - INFO - fastread - 179, 3610
2019-01-24 14:50:46,791 - INFO - rig - ++++NEW CLF++++ SVM
2019-01-24 14:50:46,791 - INFO - fastread - Total Yes: 187 | Total No: 3841
2019-01-24 14:50:47,547 - INFO - fastread - 9, 10
2019-01-24 14:50:47,549 - INFO - fastread - 19, 20
2019-01-24 14:50:47,549 - INFO - fastread - 29, 30
2019-01-24 14:50:47,549 - INFO - fastread - 39, 40
2019-01-24 14:50:47,549 - INFO - fastread - 49, 50
2019-01-24 14:50:47,549 - INFO - fastread - 59, 60
2019-01-24 14:50:47,559 - INFO - fastread - 69, 70
2019-01-24 14:50:47,559 - INFO - fastread - 79, 80
2019-01-24 14:50:47,559 - INFO - fastread - 88, 90
2019-01-24 14:50:47,559 - INFO - fastread - 98, 100
2019-01-24 14:50:47,559 - INFO - fastread - 103, 110
2019-01-24 14:50:47,567 - INFO - fastread - 106, 120
2019-01-24 14:50:47,569 - INFO - fastread - 114, 130
2019-01-24 14:50:47,569 - INFO - fastread - 121, 140
2019-01-24 14:50:47,569 - INFO - fastread - 130, 150
2019-01-24 14:50:47,569 - INFO - fastread - 137, 160
2019-01-24 14:50:47,577 - INFO - fastread - 144, 170
2019-01-24 14:50:47,577 - INFO - fastread - 151, 180
2019-01-24 14:50:47,579 - INFO - fastread - 154, 190
2019-01-24 14:50:47,579 - INFO - fastread - 158, 200
2019-01-24 14:50:47,579 - INFO - fastread - 160, 210
2019-01-24 14:50:47,579 - INFO - fastread - 160, 220
2019-01-24 14:50:47,587 - INFO - fastread - 164, 230
2019-01-24 14:50:47,589 - INFO - fastread - 167, 240
2019-01-24 14:50:47,589 - INFO - fastread - 167, 250
2019-01-24 14:50:47,589 - INFO - fastread - 167, 260
2019-01-24 14:50:47,589 - INFO - fastread - 168, 270
2019-01-24 14:50:47,597 - INFO - fastread - 168, 280
2019-01-24 14:50:47,599 - INFO - fastread - 169, 290
2019-01-24 14:50:47,599 - INFO - fastread - 170, 300
2019-01-24 14:50:47,599 - INFO - fastread - 170, 310
2019-01-24 14:50:47,599 - INFO - fastread - 171, 320
2019-01-24 14:50:47,599 - INFO - fastread - 171, 330
2019-01-24 14:50:47,607 - INFO - fastread - 171, 340
2019-01-24 14:50:47,609 - INFO - fastread - 171, 350
2019-01-24 14:50:47,609 - INFO - fastread - 171, 360
2019-01-24 14:50:47,609 - INFO - fastread - 171, 370
2019-01-24 14:50:47,609 - INFO - fastread - 172, 380
2019-01-24 14:50:47,617 - INFO - fastread - 172, 390
2019-01-24 14:50:47,620 - INFO - fastread - 172, 400
2019-01-24 14:50:47,620 - INFO - fastread - 172, 410
2019-01-24 14:50:47,620 - INFO - fastread - 172, 420
2019-01-24 14:50:47,620 - INFO - fastread - 173, 430
2019-01-24 14:50:47,628 - INFO - fastread - 173, 440
2019-01-24 14:50:47,630 - INFO - fastread - 173, 450
2019-01-24 14:50:47,630 - INFO - fastread - 174, 460
2019-01-24 14:50:47,630 - INFO - fastread - 174, 470
2019-01-24 14:50:47,630 - INFO - fastread - 174, 480
2019-01-24 14:50:47,638 - INFO - fastread - 175, 490
2019-01-24 14:50:47,640 - INFO - fastread - 175, 500
2019-01-24 14:50:47,640 - INFO - fastread - 175, 510
2019-01-24 14:50:47,640 - INFO - fastread - 175, 520
2019-01-24 14:50:47,650 - INFO - fastread - 175, 530
2019-01-24 14:50:47,650 - INFO - fastread - 175, 540
2019-01-24 14:50:47,650 - INFO - fastread - 175, 550
2019-01-24 14:50:47,650 - INFO - fastread - 175, 560
2019-01-24 14:50:47,650 - INFO - fastread - 175, 570
2019-01-24 14:50:47,658 - INFO - fastread - 175, 580
2019-01-24 14:50:47,660 - INFO - fastread - 176, 590
2019-01-24 14:50:47,660 - INFO - fastread - 176, 600
2019-01-24 14:50:47,660 - INFO - fastread - 176, 610
2019-01-24 14:50:47,660 - INFO - fastread - 177, 620
2019-01-24 14:50:47,668 - INFO - fastread - 177, 630
2019-01-24 14:50:47,670 - INFO - fastread - 177, 640
2019-01-24 14:50:47,670 - INFO - fastread - 177, 650
2019-01-24 14:50:47,670 - INFO - fastread - 177, 660
2019-01-24 14:50:47,670 - INFO - fastread - 177, 670
2019-01-24 14:50:47,680 - INFO - fastread - 177, 680
2019-01-24 14:50:47,680 - INFO - fastread - 177, 690
2019-01-24 14:50:47,680 - INFO - fastread - 177, 700
2019-01-24 14:50:47,688 - INFO - fastread - 177, 710
2019-01-24 14:50:47,690 - INFO - fastread - 178, 720
2019-01-24 14:50:47,698 - INFO - rig - ++++NEW CLF++++ DT
2019-01-24 14:50:47,698 - INFO - fastread - Total Yes: 187 | Total No: 3841
2019-01-24 14:50:47,771 - INFO - fastread - 8, 10
2019-01-24 14:50:47,771 - INFO - fastread - 17, 20
2019-01-24 14:50:47,771 - INFO - fastread - 27, 30
2019-01-24 14:50:47,771 - INFO - fastread - 36, 40
2019-01-24 14:50:47,771 - INFO - fastread - 45, 50
2019-01-24 14:50:47,780 - INFO - fastread - 55, 60
2019-01-24 14:50:47,782 - INFO - fastread - 63, 70
2019-01-24 14:50:47,782 - INFO - fastread - 73, 80
2019-01-24 14:50:47,782 - INFO - fastread - 81, 90
2019-01-24 14:50:47,782 - INFO - fastread - 88, 100
2019-01-24 14:50:47,790 - INFO - fastread - 96, 110
2019-01-24 14:50:47,792 - INFO - fastread - 104, 120
2019-01-24 14:50:47,792 - INFO - fastread - 113, 130
2019-01-24 14:50:47,792 - INFO - fastread - 121, 140
2019-01-24 14:50:47,792 - INFO - fastread - 127, 150
2019-01-24 14:50:47,800 - INFO - fastread - 134, 160
2019-01-24 14:50:47,802 - INFO - fastread - 141, 170
2019-01-24 14:50:47,802 - INFO - fastread - 150, 180
2019-01-24 14:50:47,802 - INFO - fastread - 160, 190
2019-01-24 14:50:47,802 - INFO - fastread - 163, 200
2019-01-24 14:50:47,810 - INFO - fastread - 163, 210
2019-01-24 14:50:47,810 - INFO - fastread - 164, 220
2019-01-24 14:50:47,812 - INFO - fastread - 164, 230
2019-01-24 14:50:47,812 - INFO - fastread - 164, 240
2019-01-24 14:50:47,812 - INFO - fastread - 164, 250
2019-01-24 14:50:47,812 - INFO - fastread - 164, 260
2019-01-24 14:50:47,820 - INFO - fastread - 164, 270
2019-01-24 14:50:47,822 - INFO - fastread - 164, 280
2019-01-24 14:50:47,822 - INFO - fastread - 164, 290
2019-01-24 14:50:47,822 - INFO - fastread - 164, 300
2019-01-24 14:50:47,830 - INFO - fastread - 164, 310
2019-01-24 14:50:47,832 - INFO - fastread - 164, 320
2019-01-24 14:50:47,832 - INFO - fastread - 164, 330
2019-01-24 14:50:47,832 - INFO - fastread - 164, 340
2019-01-24 14:50:47,832 - INFO - fastread - 164, 350
2019-01-24 14:50:47,832 - INFO - fastread - 164, 360
2019-01-24 14:50:47,842 - INFO - fastread - 164, 370
2019-01-24 14:50:47,842 - INFO - fastread - 164, 380
2019-01-24 14:50:47,842 - INFO - fastread - 164, 390
2019-01-24 14:50:47,853 - INFO - fastread - 164, 400
2019-01-24 14:50:47,853 - INFO - fastread - 164, 410
2019-01-24 14:50:47,853 - INFO - fastread - 164, 420
2019-01-24 14:50:47,861 - INFO - fastread - 164, 430
2019-01-24 14:50:47,863 - INFO - fastread - 164, 440
2019-01-24 14:50:47,863 - INFO - fastread - 164, 450
2019-01-24 14:50:47,863 - INFO - fastread - 164, 460
2019-01-24 14:50:47,863 - INFO - fastread - 164, 470
2019-01-24 14:50:47,871 - INFO - fastread - 164, 480
2019-01-24 14:50:47,873 - INFO - fastread - 164, 490
2019-01-24 14:50:47,873 - INFO - fastread - 165, 500
2019-01-24 14:50:47,873 - INFO - fastread - 165, 510
2019-01-24 14:50:47,873 - INFO - fastread - 166, 520
2019-01-24 14:50:47,881 - INFO - fastread - 166, 530
2019-01-24 14:50:47,883 - INFO - fastread - 166, 540
2019-01-24 14:50:47,883 - INFO - fastread - 166, 550
2019-01-24 14:50:47,883 - INFO - fastread - 166, 560
2019-01-24 14:50:47,893 - INFO - fastread - 166, 570
2019-01-24 14:50:47,893 - INFO - fastread - 166, 580
2019-01-24 14:50:47,893 - INFO - fastread - 166, 590
2019-01-24 14:50:47,901 - INFO - fastread - 166, 600
2019-01-24 14:50:47,903 - INFO - fastread - 166, 610
2019-01-24 14:50:47,903 - INFO - fastread - 166, 620
2019-01-24 14:50:47,903 - INFO - fastread - 166, 630
2019-01-24 14:50:47,903 - INFO - fastread - 166, 640
2019-01-24 14:50:47,911 - INFO - fastread - 166, 650
2019-01-24 14:50:47,913 - INFO - fastread - 166, 660
2019-01-24 14:50:47,913 - INFO - fastread - 166, 670
2019-01-24 14:50:47,913 - INFO - fastread - 166, 680
2019-01-24 14:50:47,913 - INFO - fastread - 166, 690
2019-01-24 14:50:47,913 - INFO - fastread - 166, 700
2019-01-24 14:50:47,921 - INFO - fastread - 166, 710
2019-01-24 14:50:47,923 - INFO - fastread - 166, 720
2019-01-24 14:50:47,923 - INFO - fastread - 166, 730
2019-01-24 14:50:47,923 - INFO - fastread - 166, 740
2019-01-24 14:50:47,923 - INFO - fastread - 166, 750
2019-01-24 14:50:47,931 - INFO - fastread - 166, 760
2019-01-24 14:50:47,934 - INFO - fastread - 166, 770
2019-01-24 14:50:47,934 - INFO - fastread - 166, 780
2019-01-24 14:50:47,934 - INFO - fastread - 166, 790
2019-01-24 14:50:47,934 - INFO - fastread - 166, 800
2019-01-24 14:50:47,942 - INFO - fastread - 166, 810
2019-01-24 14:50:47,944 - INFO - fastread - 166, 820
2019-01-24 14:50:47,944 - INFO - fastread - 166, 830
2019-01-24 14:50:47,944 - INFO - fastread - 166, 840
2019-01-24 14:50:47,952 - INFO - fastread - 166, 850
2019-01-24 14:50:47,954 - INFO - fastread - 166, 860
2019-01-24 14:50:47,954 - INFO - fastread - 166, 870
2019-01-24 14:50:47,954 - INFO - fastread - 167, 880
2019-01-24 14:50:47,954 - INFO - fastread - 167, 890
2019-01-24 14:50:47,962 - INFO - fastread - 167, 900
2019-01-24 14:50:47,964 - INFO - fastread - 167, 910
2019-01-24 14:50:47,964 - INFO - fastread - 167, 920
2019-01-24 14:50:47,964 - INFO - fastread - 167, 930
2019-01-24 14:50:47,964 - INFO - fastread - 168, 940
2019-01-24 14:50:47,972 - INFO - fastread - 168, 950
2019-01-24 14:50:47,974 - INFO - fastread - 168, 960
2019-01-24 14:50:47,974 - INFO - fastread - 168, 970
2019-01-24 14:50:47,974 - INFO - fastread - 168, 980
2019-01-24 14:50:47,974 - INFO - fastread - 168, 990
2019-01-24 14:50:47,974 - INFO - fastread - 168, 1000
2019-01-24 14:50:47,984 - INFO - fastread - 168, 1010
2019-01-24 14:50:47,984 - INFO - fastread - 168, 1020
2019-01-24 14:50:47,984 - INFO - fastread - 168, 1030
2019-01-24 14:50:47,984 - INFO - fastread - 168, 1040
2019-01-24 14:50:47,992 - INFO - fastread - 168, 1050
2019-01-24 14:50:47,994 - INFO - fastread - 168, 1060
2019-01-24 14:50:47,994 - INFO - fastread - 168, 1070
2019-01-24 14:50:47,994 - INFO - fastread - 168, 1080
2019-01-24 14:50:47,994 - INFO - fastread - 168, 1090
2019-01-24 14:50:48,004 - INFO - fastread - 168, 1100
2019-01-24 14:50:48,004 - INFO - fastread - 168, 1110
2019-01-24 14:50:48,004 - INFO - fastread - 168, 1120
2019-01-24 14:50:48,004 - INFO - fastread - 168, 1130
2019-01-24 14:50:48,012 - INFO - fastread - 168, 1140
2019-01-24 14:50:48,015 - INFO - fastread - 168, 1150
2019-01-24 14:50:48,015 - INFO - fastread - 168, 1160
2019-01-24 14:50:48,015 - INFO - fastread - 168, 1170
2019-01-24 14:50:48,015 - INFO - fastread - 168, 1180
2019-01-24 14:50:48,025 - INFO - fastread - 168, 1190
2019-01-24 14:50:48,025 - INFO - fastread - 168, 1200
2019-01-24 14:50:48,025 - INFO - fastread - 168, 1210
2019-01-24 14:50:48,025 - INFO - fastread - 168, 1220
2019-01-24 14:50:48,033 - INFO - fastread - 169, 1230
2019-01-24 14:50:48,033 - INFO - fastread - 169, 1240
2019-01-24 14:50:48,033 - INFO - fastread - 169, 1250
2019-01-24 14:50:48,033 - INFO - fastread - 169, 1260
2019-01-24 14:50:48,033 - INFO - fastread - 169, 1270
2019-01-24 14:50:48,043 - INFO - fastread - 169, 1280
2019-01-24 14:50:48,045 - INFO - fastread - 169, 1290
2019-01-24 14:50:48,045 - INFO - fastread - 169, 1300
2019-01-24 14:50:48,045 - INFO - fastread - 169, 1310
2019-01-24 14:50:48,045 - INFO - fastread - 169, 1320
2019-01-24 14:50:48,053 - INFO - fastread - 169, 1330
2019-01-24 14:50:48,055 - INFO - fastread - 169, 1340
2019-01-24 14:50:48,055 - INFO - fastread - 169, 1350
2019-01-24 14:50:48,055 - INFO - fastread - 170, 1360
2019-01-24 14:50:48,063 - INFO - fastread - 170, 1370
2019-01-24 14:50:48,065 - INFO - fastread - 170, 1380
2019-01-24 14:50:48,065 - INFO - fastread - 170, 1390
2019-01-24 14:50:48,065 - INFO - fastread - 171, 1400
2019-01-24 14:50:48,065 - INFO - fastread - 171, 1410
2019-01-24 14:50:48,073 - INFO - fastread - 171, 1420
2019-01-24 14:50:48,075 - INFO - fastread - 172, 1430
2019-01-24 14:50:48,075 - INFO - fastread - 172, 1440
2019-01-24 14:50:48,075 - INFO - fastread - 172, 1450
2019-01-24 14:50:48,075 - INFO - fastread - 172, 1460
2019-01-24 14:50:48,085 - INFO - fastread - 172, 1470
2019-01-24 14:50:48,085 - INFO - fastread - 172, 1480
2019-01-24 14:50:48,085 - INFO - fastread - 173, 1490
2019-01-24 14:50:48,085 - INFO - fastread - 173, 1500
2019-01-24 14:50:48,093 - INFO - fastread - 173, 1510
2019-01-24 14:50:48,095 - INFO - fastread - 173, 1520
2019-01-24 14:50:48,095 - INFO - fastread - 173, 1530
2019-01-24 14:50:48,095 - INFO - fastread - 173, 1540
2019-01-24 14:50:48,095 - INFO - fastread - 173, 1550
2019-01-24 14:50:48,103 - INFO - fastread - 173, 1560
2019-01-24 14:50:48,106 - INFO - fastread - 173, 1570
2019-01-24 14:50:48,106 - INFO - fastread - 173, 1580
2019-01-24 14:50:48,106 - INFO - fastread - 173, 1590
2019-01-24 14:50:48,106 - INFO - fastread - 173, 1600
2019-01-24 14:50:48,114 - INFO - fastread - 173, 1610
2019-01-24 14:50:48,116 - INFO - fastread - 173, 1620
2019-01-24 14:50:48,116 - INFO - fastread - 173, 1630
2019-01-24 14:50:48,116 - INFO - fastread - 173, 1640
2019-01-24 14:50:48,124 - INFO - fastread - 173, 1650
2019-01-24 14:50:48,126 - INFO - fastread - 174, 1660
2019-01-24 14:50:48,126 - INFO - fastread - 174, 1670
2019-01-24 14:50:48,126 - INFO - fastread - 174, 1680
2019-01-24 14:50:48,126 - INFO - fastread - 174, 1690
2019-01-24 14:50:48,134 - INFO - fastread - 174, 1700
2019-01-24 14:50:48,136 - INFO - fastread - 175, 1710
2019-01-24 14:50:48,136 - INFO - fastread - 175, 1720
2019-01-24 14:50:48,136 - INFO - fastread - 175, 1730
2019-01-24 14:50:48,136 - INFO - fastread - 175, 1740
2019-01-24 14:50:48,144 - INFO - fastread - 176, 1750
2019-01-24 14:50:48,146 - INFO - fastread - 176, 1760
2019-01-24 14:50:48,146 - INFO - fastread - 176, 1770
2019-01-24 14:50:48,146 - INFO - fastread - 176, 1780
2019-01-24 14:50:48,146 - INFO - fastread - 176, 1790
2019-01-24 14:50:48,154 - INFO - fastread - 176, 1800
2019-01-24 14:50:48,156 - INFO - fastread - 176, 1810
2019-01-24 14:50:48,156 - INFO - fastread - 176, 1820
2019-01-24 14:50:48,156 - INFO - fastread - 176, 1830
2019-01-24 14:50:48,156 - INFO - fastread - 176, 1840
2019-01-24 14:50:48,164 - INFO - fastread - 176, 1850
2019-01-24 14:50:48,166 - INFO - fastread - 176, 1860
2019-01-24 14:50:48,166 - INFO - fastread - 176, 1870
2019-01-24 14:50:48,166 - INFO - fastread - 176, 1880
2019-01-24 14:50:48,166 - INFO - fastread - 176, 1890
2019-01-24 14:50:48,174 - INFO - fastread - 176, 1900
2019-01-24 14:50:48,176 - INFO - fastread - 176, 1910
2019-01-24 14:50:48,176 - INFO - fastread - 177, 1920
2019-01-24 14:50:48,176 - INFO - fastread - 177, 1930
2019-01-24 14:50:48,184 - INFO - fastread - 178, 1940
