2019-01-24 14:46:06,420 - INFO - rig - apache-ant-1.7.0
2019-01-24 14:46:06,520 - INFO - rig - ++++NEW CLF++++ FASTREAD
2019-01-24 14:46:06,520 - INFO - fastread - Total Yes: 66 | Total No: 1983
2019-01-24 14:46:06,881 - INFO - fastread - 0, 0
2019-01-24 14:46:08,166 - INFO - fastread - 1, 10
2019-01-24 14:46:09,401 - INFO - fastread - 1, 20
2019-01-24 14:46:10,676 - INFO - fastread - 2, 30
2019-01-24 14:46:11,933 - INFO - fastread - 2, 40
2019-01-24 14:46:13,179 - INFO - fastread - 2, 49
2019-01-24 14:46:14,394 - INFO - fastread - 2, 59
2019-01-24 14:46:15,588 - INFO - fastread - 3, 69
2019-01-24 14:46:16,762 - INFO - fastread - 3, 79
2019-01-24 14:46:17,884 - INFO - fastread - 6, 89
2019-01-24 14:46:19,217 - INFO - fastread - 11, 99
2019-01-24 14:46:20,614 - INFO - fastread - 14, 109
2019-01-24 14:46:21,948 - INFO - fastread - 16, 119
2019-01-24 14:46:23,280 - INFO - fastread - 16, 129
2019-01-24 14:46:24,597 - INFO - fastread - 20, 139
2019-01-24 14:46:25,928 - INFO - fastread - 23, 149
2019-01-24 14:46:27,261 - INFO - fastread - 29, 159
2019-01-24 14:46:28,527 - INFO - fastread - 31, 169
2019-01-24 14:46:29,791 - INFO - fastread - 33, 179
2019-01-24 14:46:31,013 - INFO - fastread - 37, 189
2019-01-24 14:46:32,274 - INFO - fastread - 37, 199
2019-01-24 14:46:33,551 - INFO - fastread - 38, 209
2019-01-24 14:46:34,895 - INFO - fastread - 38, 219
2019-01-24 14:46:36,179 - INFO - fastread - 39, 229
2019-01-24 14:46:37,432 - INFO - fastread - 39, 239
2019-01-24 14:46:38,734 - INFO - fastread - 40, 249
2019-01-24 14:46:40,000 - INFO - fastread - 41, 259
2019-01-24 14:46:41,254 - INFO - fastread - 41, 269
2019-01-24 14:46:42,527 - INFO - fastread - 42, 279
2019-01-24 14:46:43,951 - INFO - fastread - 43, 289
2019-01-24 14:46:45,245 - INFO - fastread - 45, 299
2019-01-24 14:46:46,529 - INFO - fastread - 45, 309
2019-01-24 14:46:47,783 - INFO - fastread - 45, 319
2019-01-24 14:46:49,087 - INFO - fastread - 45, 329
2019-01-24 14:46:50,430 - INFO - fastread - 46, 339
2019-01-24 14:46:51,734 - INFO - fastread - 46, 349
2019-01-24 14:46:52,998 - INFO - fastread - 48, 359
2019-01-24 14:46:54,251 - INFO - fastread - 48, 369
2019-01-24 14:46:55,575 - INFO - fastread - 49, 379
2019-01-24 14:46:56,878 - INFO - fastread - 49, 389
2019-01-24 14:46:58,162 - INFO - fastread - 49, 399
2019-01-24 14:46:59,639 - INFO - fastread - 49, 409
2019-01-24 14:47:01,022 - INFO - fastread - 49, 419
2019-01-24 14:47:02,387 - INFO - fastread - 50, 429
2019-01-24 14:47:03,710 - INFO - fastread - 51, 439
2019-01-24 14:47:05,001 - INFO - fastread - 51, 449
2019-01-24 14:47:06,298 - INFO - fastread - 51, 459
2019-01-24 14:47:07,671 - INFO - fastread - 53, 469
2019-01-24 14:47:09,014 - INFO - fastread - 53, 479
2019-01-24 14:47:10,348 - INFO - fastread - 53, 489
2019-01-24 14:47:11,701 - INFO - fastread - 54, 499
2019-01-24 14:47:13,094 - INFO - fastread - 55, 509
2019-01-24 14:47:14,467 - INFO - fastread - 55, 519
2019-01-24 14:47:15,940 - INFO - fastread - 56, 529
2019-01-24 14:47:17,226 - INFO - fastread - 57, 539
2019-01-24 14:47:18,518 - INFO - fastread - 57, 549
2019-01-24 14:47:19,912 - INFO - fastread - 57, 559
2019-01-24 14:47:21,327 - INFO - fastread - 57, 569
2019-01-24 14:47:22,671 - INFO - fastread - 57, 579
2019-01-24 14:47:24,066 - INFO - fastread - 58, 589
2019-01-24 14:47:25,469 - INFO - fastread - 58, 599
2019-01-24 14:47:26,751 - INFO - fastread - 58, 609
2019-01-24 14:47:28,073 - INFO - fastread - 58, 619
2019-01-24 14:47:29,427 - INFO - fastread - 58, 629
2019-01-24 14:47:30,880 - INFO - fastread - 58, 639
2019-01-24 14:47:32,253 - INFO - fastread - 58, 649
2019-01-24 14:47:33,627 - INFO - fastread - 58, 659
2019-01-24 14:47:34,970 - INFO - fastread - 58, 669
2019-01-24 14:47:36,294 - INFO - fastread - 58, 679
2019-01-24 14:47:37,586 - INFO - fastread - 58, 689
2019-01-24 14:47:38,939 - INFO - fastread - 59, 699
2019-01-24 14:47:40,333 - INFO - fastread - 59, 709
2019-01-24 14:47:41,846 - INFO - fastread - 59, 719
2019-01-24 14:47:43,171 - INFO - fastread - 59, 729
2019-01-24 14:47:44,467 - INFO - fastread - 59, 739
2019-01-24 14:47:45,901 - INFO - fastread - 60, 749
2019-01-24 14:47:47,314 - INFO - fastread - 61, 759
2019-01-24 14:47:48,727 - INFO - fastread - 62, 769
2019-01-24 14:47:49,011 - INFO - rig - ++++NEW CLF++++ NBM
2019-01-24 14:47:49,011 - INFO - fastread - Total Yes: 66 | Total No: 1983
2019-01-24 14:47:49,039 - INFO - fastread - 2, 10
2019-01-24 14:47:49,061 - INFO - fastread - 2, 20
2019-01-24 14:47:49,061 - INFO - fastread - 3, 30
2019-01-24 14:47:49,070 - INFO - fastread - 3, 40
2019-01-24 14:47:49,072 - INFO - fastread - 4, 50
2019-01-24 14:47:49,072 - INFO - fastread - 6, 60
2019-01-24 14:47:49,082 - INFO - fastread - 6, 70
2019-01-24 14:47:49,082 - INFO - fastread - 6, 80
2019-01-24 14:47:49,082 - INFO - fastread - 6, 90
2019-01-24 14:47:49,092 - INFO - fastread - 7, 100
2019-01-24 14:47:49,092 - INFO - fastread - 7, 110
2019-01-24 14:47:49,092 - INFO - fastread - 7, 120
2019-01-24 14:47:49,092 - INFO - fastread - 8, 130
2019-01-24 14:47:49,100 - INFO - fastread - 8, 140
2019-01-24 14:47:49,102 - INFO - fastread - 8, 150
2019-01-24 14:47:49,102 - INFO - fastread - 8, 160
2019-01-24 14:47:49,102 - INFO - fastread - 8, 170
2019-01-24 14:47:49,102 - INFO - fastread - 8, 180
2019-01-24 14:47:49,110 - INFO - fastread - 8, 190
2019-01-24 14:47:49,112 - INFO - fastread - 10, 200
2019-01-24 14:47:49,112 - INFO - fastread - 10, 210
2019-01-24 14:47:49,120 - INFO - fastread - 10, 220
2019-01-24 14:47:49,122 - INFO - fastread - 11, 230
2019-01-24 14:47:49,122 - INFO - fastread - 11, 240
2019-01-24 14:47:49,122 - INFO - fastread - 11, 250
2019-01-24 14:47:49,132 - INFO - fastread - 11, 260
2019-01-24 14:47:49,132 - INFO - fastread - 11, 270
2019-01-24 14:47:49,132 - INFO - fastread - 11, 280
2019-01-24 14:47:49,142 - INFO - fastread - 13, 290
2019-01-24 14:47:49,142 - INFO - fastread - 14, 300
2019-01-24 14:47:49,150 - INFO - fastread - 14, 310
2019-01-24 14:47:49,152 - INFO - fastread - 15, 320
2019-01-24 14:47:49,152 - INFO - fastread - 15, 330
2019-01-24 14:47:49,162 - INFO - fastread - 16, 340
2019-01-24 14:47:49,162 - INFO - fastread - 16, 350
2019-01-24 14:47:49,162 - INFO - fastread - 16, 360
2019-01-24 14:47:49,170 - INFO - fastread - 16, 370
2019-01-24 14:47:49,172 - INFO - fastread - 16, 380
2019-01-24 14:47:49,172 - INFO - fastread - 16, 390
2019-01-24 14:47:49,172 - INFO - fastread - 16, 400
2019-01-24 14:47:49,180 - INFO - fastread - 17, 410
2019-01-24 14:47:49,182 - INFO - fastread - 17, 420
2019-01-24 14:47:49,182 - INFO - fastread - 19, 430
2019-01-24 14:47:49,182 - INFO - fastread - 20, 440
2019-01-24 14:47:49,193 - INFO - fastread - 20, 450
2019-01-24 14:47:49,193 - INFO - fastread - 20, 460
2019-01-24 14:47:49,201 - INFO - fastread - 20, 470
2019-01-24 14:47:49,203 - INFO - fastread - 20, 480
2019-01-24 14:47:49,203 - INFO - fastread - 20, 490
2019-01-24 14:47:49,203 - INFO - fastread - 21, 500
2019-01-24 14:47:49,211 - INFO - fastread - 21, 510
2019-01-24 14:47:49,213 - INFO - fastread - 21, 520
2019-01-24 14:47:49,213 - INFO - fastread - 21, 530
2019-01-24 14:47:49,221 - INFO - fastread - 21, 540
2019-01-24 14:47:49,223 - INFO - fastread - 21, 550
2019-01-24 14:47:49,223 - INFO - fastread - 21, 560
2019-01-24 14:47:49,233 - INFO - fastread - 23, 570
2019-01-24 14:47:49,233 - INFO - fastread - 23, 580
2019-01-24 14:47:49,241 - INFO - fastread - 26, 590
2019-01-24 14:47:49,243 - INFO - fastread - 27, 600
2019-01-24 14:47:49,243 - INFO - fastread - 29, 610
2019-01-24 14:47:49,253 - INFO - fastread - 29, 620
2019-01-24 14:47:49,253 - INFO - fastread - 29, 630
2019-01-24 14:47:49,263 - INFO - fastread - 29, 640
2019-01-24 14:47:49,263 - INFO - fastread - 29, 650
2019-01-24 14:47:49,271 - INFO - fastread - 29, 660
2019-01-24 14:47:49,273 - INFO - fastread - 29, 670
2019-01-24 14:47:49,273 - INFO - fastread - 29, 680
2019-01-24 14:47:49,283 - INFO - fastread - 29, 690
2019-01-24 14:47:49,283 - INFO - fastread - 30, 700
2019-01-24 14:47:49,292 - INFO - fastread - 30, 710
2019-01-24 14:47:49,296 - INFO - fastread - 31, 720
2019-01-24 14:47:49,300 - INFO - fastread - 32, 730
2019-01-24 14:47:49,303 - INFO - fastread - 33, 740
2019-01-24 14:47:49,306 - INFO - fastread - 33, 750
2019-01-24 14:47:49,311 - INFO - fastread - 33, 760
2019-01-24 14:47:49,313 - INFO - fastread - 33, 770
2019-01-24 14:47:49,321 - INFO - fastread - 33, 780
2019-01-24 14:47:49,323 - INFO - fastread - 33, 790
2019-01-24 14:47:49,323 - INFO - fastread - 36, 800
2019-01-24 14:47:49,334 - INFO - fastread - 36, 810
2019-01-24 14:47:49,334 - INFO - fastread - 36, 820
2019-01-24 14:47:49,344 - INFO - fastread - 37, 830
2019-01-24 14:47:49,344 - INFO - fastread - 37, 840
2019-01-24 14:47:49,354 - INFO - fastread - 37, 850
2019-01-24 14:47:49,354 - INFO - fastread - 38, 860
2019-01-24 14:47:49,362 - INFO - fastread - 40, 870
2019-01-24 14:47:49,364 - INFO - fastread - 40, 880
2019-01-24 14:47:49,364 - INFO - fastread - 40, 890
2019-01-24 14:47:49,372 - INFO - fastread - 40, 900
2019-01-24 14:47:49,374 - INFO - fastread - 41, 910
2019-01-24 14:47:49,374 - INFO - fastread - 42, 920
2019-01-24 14:47:49,374 - INFO - fastread - 42, 930
2019-01-24 14:47:49,382 - INFO - fastread - 42, 940
2019-01-24 14:47:49,384 - INFO - fastread - 42, 950
2019-01-24 14:47:49,384 - INFO - fastread - 43, 960
2019-01-24 14:47:49,384 - INFO - fastread - 43, 970
2019-01-24 14:47:49,392 - INFO - fastread - 44, 980
2019-01-24 14:47:49,394 - INFO - fastread - 44, 990
2019-01-24 14:47:49,394 - INFO - fastread - 44, 1000
2019-01-24 14:47:49,402 - INFO - fastread - 44, 1010
2019-01-24 14:47:49,404 - INFO - fastread - 44, 1020
2019-01-24 14:47:49,404 - INFO - fastread - 44, 1030
2019-01-24 14:47:49,414 - INFO - fastread - 45, 1040
2019-01-24 14:47:49,414 - INFO - fastread - 45, 1050
2019-01-24 14:47:49,414 - INFO - fastread - 45, 1060
2019-01-24 14:47:49,424 - INFO - fastread - 45, 1070
2019-01-24 14:47:49,424 - INFO - fastread - 45, 1080
2019-01-24 14:47:49,432 - INFO - fastread - 45, 1090
2019-01-24 14:47:49,434 - INFO - fastread - 45, 1100
2019-01-24 14:47:49,434 - INFO - fastread - 45, 1110
2019-01-24 14:47:49,434 - INFO - fastread - 45, 1120
2019-01-24 14:47:49,442 - INFO - fastread - 46, 1130
2019-01-24 14:47:49,444 - INFO - fastread - 47, 1140
2019-01-24 14:47:49,444 - INFO - fastread - 47, 1150
2019-01-24 14:47:49,444 - INFO - fastread - 47, 1160
2019-01-24 14:47:49,452 - INFO - fastread - 47, 1170
2019-01-24 14:47:49,454 - INFO - fastread - 47, 1180
2019-01-24 14:47:49,454 - INFO - fastread - 47, 1190
2019-01-24 14:47:49,463 - INFO - fastread - 48, 1200
2019-01-24 14:47:49,465 - INFO - fastread - 48, 1210
2019-01-24 14:47:49,465 - INFO - fastread - 49, 1220
2019-01-24 14:47:49,465 - INFO - fastread - 49, 1230
2019-01-24 14:47:49,475 - INFO - fastread - 49, 1240
2019-01-24 14:47:49,475 - INFO - fastread - 49, 1250
2019-01-24 14:47:49,475 - INFO - fastread - 49, 1260
2019-01-24 14:47:49,485 - INFO - fastread - 49, 1270
2019-01-24 14:47:49,485 - INFO - fastread - 50, 1280
2019-01-24 14:47:49,485 - INFO - fastread - 50, 1290
2019-01-24 14:47:49,493 - INFO - fastread - 50, 1300
2019-01-24 14:47:49,495 - INFO - fastread - 50, 1310
2019-01-24 14:47:49,495 - INFO - fastread - 50, 1320
2019-01-24 14:47:49,495 - INFO - fastread - 51, 1330
2019-01-24 14:47:49,503 - INFO - fastread - 52, 1340
2019-01-24 14:47:49,505 - INFO - fastread - 52, 1350
2019-01-24 14:47:49,505 - INFO - fastread - 52, 1360
2019-01-24 14:47:49,505 - INFO - fastread - 52, 1370
2019-01-24 14:47:49,513 - INFO - fastread - 52, 1380
2019-01-24 14:47:49,515 - INFO - fastread - 52, 1390
2019-01-24 14:47:49,515 - INFO - fastread - 52, 1400
2019-01-24 14:47:49,523 - INFO - fastread - 52, 1410
2019-01-24 14:47:49,525 - INFO - fastread - 52, 1420
2019-01-24 14:47:49,525 - INFO - fastread - 53, 1430
2019-01-24 14:47:49,525 - INFO - fastread - 53, 1440
2019-01-24 14:47:49,535 - INFO - fastread - 53, 1450
2019-01-24 14:47:49,535 - INFO - fastread - 53, 1460
2019-01-24 14:47:49,543 - INFO - fastread - 53, 1470
2019-01-24 14:47:49,545 - INFO - fastread - 53, 1480
2019-01-24 14:47:49,545 - INFO - fastread - 53, 1490
2019-01-24 14:47:49,553 - INFO - fastread - 54, 1500
2019-01-24 14:47:49,555 - INFO - fastread - 54, 1510
2019-01-24 14:47:49,555 - INFO - fastread - 55, 1520
2019-01-24 14:47:49,555 - INFO - fastread - 56, 1530
2019-01-24 14:47:49,555 - INFO - fastread - 56, 1540
2019-01-24 14:47:49,563 - INFO - fastread - 56, 1550
2019-01-24 14:47:49,565 - INFO - fastread - 57, 1560
2019-01-24 14:47:49,565 - INFO - fastread - 58, 1570
2019-01-24 14:47:49,565 - INFO - fastread - 58, 1580
2019-01-24 14:47:49,573 - INFO - fastread - 58, 1590
2019-01-24 14:47:49,575 - INFO - fastread - 59, 1600
2019-01-24 14:47:49,575 - INFO - fastread - 59, 1610
2019-01-24 14:47:49,575 - INFO - fastread - 59, 1620
2019-01-24 14:47:49,575 - INFO - fastread - 59, 1630
2019-01-24 14:47:49,583 - INFO - fastread - 59, 1640
2019-01-24 14:47:49,585 - INFO - fastread - 59, 1650
2019-01-24 14:47:49,585 - INFO - fastread - 59, 1660
2019-01-24 14:47:49,585 - INFO - fastread - 59, 1670
2019-01-24 14:47:49,585 - INFO - fastread - 60, 1680
2019-01-24 14:47:49,596 - INFO - fastread - 61, 1690
2019-01-24 14:47:49,596 - INFO - fastread - 61, 1700
2019-01-24 14:47:49,596 - INFO - fastread - 61, 1710
2019-01-24 14:47:49,596 - INFO - fastread - 62, 1720
2019-01-24 14:47:49,604 - INFO - fastread - 62, 1730
2019-01-24 14:47:49,606 - INFO - fastread - 62, 1740
2019-01-24 14:47:49,606 - INFO - fastread - 63, 1750
2019-01-24 14:47:49,614 - INFO - rig - ++++NEW CLF++++ NBM
2019-01-24 14:47:49,614 - INFO - fastread - Total Yes: 66 | Total No: 1983
2019-01-24 14:47:49,947 - INFO - fastread - 6, 10
2019-01-24 14:47:49,949 - INFO - fastread - 6, 20
2019-01-24 14:47:49,949 - INFO - fastread - 6, 30
2019-01-24 14:47:49,949 - INFO - fastread - 6, 40
2019-01-24 14:47:49,949 - INFO - fastread - 6, 50
2019-01-24 14:47:49,949 - INFO - fastread - 7, 60
2019-01-24 14:47:49,959 - INFO - fastread - 7, 70
2019-01-24 14:47:49,959 - INFO - fastread - 8, 80
2019-01-24 14:47:49,959 - INFO - fastread - 8, 90
2019-01-24 14:47:49,967 - INFO - fastread - 8, 100
2019-01-24 14:47:49,969 - INFO - fastread - 8, 110
2019-01-24 14:47:49,969 - INFO - fastread - 9, 120
2019-01-24 14:47:49,969 - INFO - fastread - 9, 130
2019-01-24 14:47:49,977 - INFO - fastread - 9, 140
2019-01-24 14:47:49,979 - INFO - fastread - 9, 150
2019-01-24 14:47:49,979 - INFO - fastread - 9, 160
2019-01-24 14:47:49,979 - INFO - fastread - 11, 170
2019-01-24 14:47:49,987 - INFO - fastread - 11, 180
2019-01-24 14:47:49,989 - INFO - fastread - 11, 190
2019-01-24 14:47:49,989 - INFO - fastread - 12, 200
2019-01-24 14:47:49,989 - INFO - fastread - 13, 210
2019-01-24 14:47:49,999 - INFO - fastread - 13, 220
2019-01-24 14:47:49,999 - INFO - fastread - 14, 230
2019-01-24 14:47:49,999 - INFO - fastread - 15, 240
2019-01-24 14:47:50,007 - INFO - fastread - 15, 250
2019-01-24 14:47:50,009 - INFO - fastread - 16, 260
2019-01-24 14:47:50,009 - INFO - fastread - 16, 270
2019-01-24 14:47:50,009 - INFO - fastread - 16, 280
2019-01-24 14:47:50,018 - INFO - fastread - 16, 290
2019-01-24 14:47:50,020 - INFO - fastread - 16, 300
2019-01-24 14:47:50,020 - INFO - fastread - 16, 310
2019-01-24 14:47:50,020 - INFO - fastread - 16, 320
2019-01-24 14:47:50,028 - INFO - fastread - 16, 330
2019-01-24 14:47:50,030 - INFO - fastread - 16, 340
2019-01-24 14:47:50,030 - INFO - fastread - 16, 350
2019-01-24 14:47:50,030 - INFO - fastread - 17, 360
2019-01-24 14:47:50,040 - INFO - fastread - 17, 370
2019-01-24 14:47:50,040 - INFO - fastread - 17, 380
2019-01-24 14:47:50,040 - INFO - fastread - 18, 390
2019-01-24 14:47:50,048 - INFO - fastread - 19, 400
2019-01-24 14:47:50,050 - INFO - fastread - 20, 410
2019-01-24 14:47:50,050 - INFO - fastread - 21, 420
2019-01-24 14:47:50,050 - INFO - fastread - 21, 430
2019-01-24 14:47:50,058 - INFO - fastread - 21, 440
2019-01-24 14:47:50,060 - INFO - fastread - 21, 450
2019-01-24 14:47:50,060 - INFO - fastread - 21, 460
2019-01-24 14:47:50,068 - INFO - fastread - 22, 470
2019-01-24 14:47:50,070 - INFO - fastread - 22, 480
2019-01-24 14:47:50,070 - INFO - fastread - 24, 490
2019-01-24 14:47:50,070 - INFO - fastread - 25, 500
2019-01-24 14:47:50,080 - INFO - fastread - 25, 510
2019-01-24 14:47:50,080 - INFO - fastread - 25, 520
2019-01-24 14:47:50,080 - INFO - fastread - 25, 530
2019-01-24 14:47:50,088 - INFO - fastread - 26, 540
2019-01-24 14:47:50,090 - INFO - fastread - 26, 550
2019-01-24 14:47:50,090 - INFO - fastread - 26, 560
2019-01-24 14:47:50,090 - INFO - fastread - 26, 570
2019-01-24 14:47:50,098 - INFO - fastread - 28, 580
2019-01-24 14:47:50,100 - INFO - fastread - 28, 590
2019-01-24 14:47:50,100 - INFO - fastread - 28, 600
2019-01-24 14:47:50,108 - INFO - fastread - 28, 610
2019-01-24 14:47:50,110 - INFO - fastread - 28, 620
2019-01-24 14:47:50,110 - INFO - fastread - 29, 630
2019-01-24 14:47:50,110 - INFO - fastread - 29, 640
2019-01-24 14:47:50,120 - INFO - fastread - 29, 650
2019-01-24 14:47:50,120 - INFO - fastread - 29, 660
2019-01-24 14:47:50,120 - INFO - fastread - 29, 670
2019-01-24 14:47:50,128 - INFO - fastread - 29, 680
2019-01-24 14:47:50,131 - INFO - fastread - 29, 690
2019-01-24 14:47:50,131 - INFO - fastread - 29, 700
2019-01-24 14:47:50,131 - INFO - fastread - 30, 710
2019-01-24 14:47:50,141 - INFO - fastread - 30, 720
2019-01-24 14:47:50,141 - INFO - fastread - 30, 730
2019-01-24 14:47:50,141 - INFO - fastread - 30, 740
2019-01-24 14:47:50,151 - INFO - fastread - 30, 750
2019-01-24 14:47:50,151 - INFO - fastread - 30, 760
2019-01-24 14:47:50,151 - INFO - fastread - 30, 770
2019-01-24 14:47:50,159 - INFO - fastread - 30, 780
2019-01-24 14:47:50,161 - INFO - fastread - 31, 790
2019-01-24 14:47:50,161 - INFO - fastread - 31, 800
2019-01-24 14:47:50,169 - INFO - fastread - 33, 810
2019-01-24 14:47:50,171 - INFO - fastread - 33, 820
2019-01-24 14:47:50,171 - INFO - fastread - 33, 830
2019-01-24 14:47:50,171 - INFO - fastread - 34, 840
2019-01-24 14:47:50,181 - INFO - fastread - 36, 850
2019-01-24 14:47:50,181 - INFO - fastread - 36, 860
2019-01-24 14:47:50,189 - INFO - fastread - 36, 870
2019-01-24 14:47:50,191 - INFO - fastread - 36, 880
2019-01-24 14:47:50,191 - INFO - fastread - 36, 890
2019-01-24 14:47:50,191 - INFO - fastread - 36, 900
2019-01-24 14:47:50,191 - INFO - fastread - 36, 910
2019-01-24 14:47:50,201 - INFO - fastread - 36, 920
2019-01-24 14:47:50,201 - INFO - fastread - 36, 930
2019-01-24 14:47:50,209 - INFO - fastread - 36, 940
2019-01-24 14:47:50,212 - INFO - fastread - 36, 950
2019-01-24 14:47:50,212 - INFO - fastread - 36, 960
2019-01-24 14:47:50,212 - INFO - fastread - 36, 970
2019-01-24 14:47:50,222 - INFO - fastread - 36, 980
2019-01-24 14:47:50,222 - INFO - fastread - 36, 990
2019-01-24 14:47:50,222 - INFO - fastread - 37, 1000
2019-01-24 14:47:50,230 - INFO - fastread - 37, 1010
2019-01-24 14:47:50,232 - INFO - fastread - 37, 1020
2019-01-24 14:47:50,232 - INFO - fastread - 37, 1030
2019-01-24 14:47:50,232 - INFO - fastread - 38, 1040
2019-01-24 14:47:50,242 - INFO - fastread - 38, 1050
2019-01-24 14:47:50,242 - INFO - fastread - 38, 1060
2019-01-24 14:47:50,252 - INFO - fastread - 38, 1070
2019-01-24 14:47:50,252 - INFO - fastread - 39, 1080
2019-01-24 14:47:50,252 - INFO - fastread - 39, 1090
2019-01-24 14:47:50,262 - INFO - fastread - 39, 1100
2019-01-24 14:47:50,262 - INFO - fastread - 39, 1110
2019-01-24 14:47:50,270 - INFO - fastread - 39, 1120
2019-01-24 14:47:50,272 - INFO - fastread - 39, 1130
2019-01-24 14:47:50,272 - INFO - fastread - 40, 1140
2019-01-24 14:47:50,280 - INFO - fastread - 40, 1150
2019-01-24 14:47:50,282 - INFO - fastread - 40, 1160
2019-01-24 14:47:50,282 - INFO - fastread - 40, 1170
2019-01-24 14:47:50,292 - INFO - fastread - 42, 1180
2019-01-24 14:47:50,292 - INFO - fastread - 42, 1190
2019-01-24 14:47:50,292 - INFO - fastread - 42, 1200
2019-01-24 14:47:50,292 - INFO - fastread - 44, 1210
2019-01-24 14:47:50,302 - INFO - fastread - 44, 1220
2019-01-24 14:47:50,306 - INFO - fastread - 44, 1230
2019-01-24 14:47:50,306 - INFO - fastread - 44, 1240
2019-01-24 14:47:50,313 - INFO - fastread - 44, 1250
2019-01-24 14:47:50,313 - INFO - fastread - 44, 1260
2019-01-24 14:47:50,313 - INFO - fastread - 44, 1270
2019-01-24 14:47:50,323 - INFO - fastread - 44, 1280
2019-01-24 14:47:50,323 - INFO - fastread - 44, 1290
2019-01-24 14:47:50,323 - INFO - fastread - 45, 1300
2019-01-24 14:47:50,333 - INFO - fastread - 45, 1310
2019-01-24 14:47:50,333 - INFO - fastread - 45, 1320
2019-01-24 14:47:50,333 - INFO - fastread - 45, 1330
2019-01-24 14:47:50,343 - INFO - fastread - 46, 1340
2019-01-24 14:47:50,343 - INFO - fastread - 46, 1350
2019-01-24 14:47:50,343 - INFO - fastread - 47, 1360
2019-01-24 14:47:50,343 - INFO - fastread - 49, 1370
2019-01-24 14:47:50,351 - INFO - fastread - 49, 1380
2019-01-24 14:47:50,353 - INFO - fastread - 49, 1390
2019-01-24 14:47:50,353 - INFO - fastread - 49, 1400
2019-01-24 14:47:50,353 - INFO - fastread - 49, 1410
2019-01-24 14:47:50,353 - INFO - fastread - 49, 1420
2019-01-24 14:47:50,363 - INFO - fastread - 49, 1430
2019-01-24 14:47:50,363 - INFO - fastread - 49, 1440
2019-01-24 14:47:50,363 - INFO - fastread - 49, 1450
2019-01-24 14:47:50,373 - INFO - fastread - 49, 1460
2019-01-24 14:47:50,373 - INFO - fastread - 49, 1470
2019-01-24 14:47:50,373 - INFO - fastread - 49, 1480
2019-01-24 14:47:50,384 - INFO - fastread - 50, 1490
2019-01-24 14:47:50,384 - INFO - fastread - 50, 1500
2019-01-24 14:47:50,384 - INFO - fastread - 50, 1510
2019-01-24 14:47:50,384 - INFO - fastread - 50, 1520
2019-01-24 14:47:50,392 - INFO - fastread - 50, 1530
2019-01-24 14:47:50,394 - INFO - fastread - 50, 1540
2019-01-24 14:47:50,394 - INFO - fastread - 50, 1550
2019-01-24 14:47:50,402 - INFO - fastread - 51, 1560
2019-01-24 14:47:50,404 - INFO - fastread - 51, 1570
2019-01-24 14:47:50,404 - INFO - fastread - 51, 1580
2019-01-24 14:47:50,412 - INFO - fastread - 51, 1590
2019-01-24 14:47:50,414 - INFO - fastread - 51, 1600
2019-01-24 14:47:50,414 - INFO - fastread - 51, 1610
2019-01-24 14:47:50,422 - INFO - fastread - 51, 1620
2019-01-24 14:47:50,424 - INFO - fastread - 51, 1630
2019-01-24 14:47:50,424 - INFO - fastread - 52, 1640
2019-01-24 14:47:50,432 - INFO - fastread - 53, 1650
2019-01-24 14:47:50,434 - INFO - fastread - 55, 1660
2019-01-24 14:47:50,434 - INFO - fastread - 55, 1670
2019-01-24 14:47:50,442 - INFO - fastread - 56, 1680
2019-01-24 14:47:50,444 - INFO - fastread - 56, 1690
2019-01-24 14:47:50,444 - INFO - fastread - 56, 1700
2019-01-24 14:47:50,454 - INFO - fastread - 56, 1710
2019-01-24 14:47:50,454 - INFO - fastread - 56, 1720
2019-01-24 14:47:50,462 - INFO - fastread - 56, 1730
2019-01-24 14:47:50,464 - INFO - fastread - 57, 1740
2019-01-24 14:47:50,464 - INFO - fastread - 57, 1750
2019-01-24 14:47:50,472 - INFO - fastread - 57, 1760
2019-01-24 14:47:50,474 - INFO - fastread - 57, 1770
2019-01-24 14:47:50,474 - INFO - fastread - 57, 1780
2019-01-24 14:47:50,474 - INFO - fastread - 57, 1790
2019-01-24 14:47:50,484 - INFO - fastread - 57, 1800
2019-01-24 14:47:50,484 - INFO - fastread - 58, 1810
2019-01-24 14:47:50,492 - INFO - fastread - 58, 1820
2019-01-24 14:47:50,494 - INFO - fastread - 59, 1830
2019-01-24 14:47:50,494 - INFO - fastread - 59, 1840
2019-01-24 14:47:50,502 - INFO - fastread - 59, 1850
2019-01-24 14:47:50,504 - INFO - fastread - 60, 1860
2019-01-24 14:47:50,504 - INFO - fastread - 61, 1870
2019-01-24 14:47:50,504 - INFO - fastread - 61, 1880
2019-01-24 14:47:50,504 - INFO - fastread - 61, 1890
2019-01-24 14:47:50,513 - INFO - fastread - 61, 1900
2019-01-24 14:47:50,515 - INFO - fastread - 61, 1910
2019-01-24 14:47:50,515 - INFO - fastread - 61, 1920
2019-01-24 14:47:50,515 - INFO - fastread - 61, 1930
2019-01-24 14:47:50,515 - INFO - fastread - 61, 1940
2019-01-24 14:47:50,523 - INFO - fastread - 61, 1950
2019-01-24 14:47:50,525 - INFO - fastread - 62, 1960
2019-01-24 14:47:50,525 - INFO - fastread - 63, 1970
2019-01-24 14:47:50,535 - INFO - rig - ++++NEW CLF++++ SVM
2019-01-24 14:47:50,535 - INFO - fastread - Total Yes: 66 | Total No: 1983
2019-01-24 14:47:50,745 - INFO - fastread - 10, 10
2019-01-24 14:47:50,747 - INFO - fastread - 16, 20
2019-01-24 14:47:50,747 - INFO - fastread - 17, 30
2019-01-24 14:47:50,747 - INFO - fastread - 19, 40
2019-01-24 14:47:50,747 - INFO - fastread - 20, 50
2019-01-24 14:47:50,756 - INFO - fastread - 22, 60
2019-01-24 14:47:50,758 - INFO - fastread - 23, 70
2019-01-24 14:47:50,758 - INFO - fastread - 24, 80
2019-01-24 14:47:50,758 - INFO - fastread - 25, 90
2019-01-24 14:47:50,758 - INFO - fastread - 26, 100
2019-01-24 14:47:50,758 - INFO - fastread - 26, 110
2019-01-24 14:47:50,768 - INFO - fastread - 26, 120
2019-01-24 14:47:50,768 - INFO - fastread - 27, 130
2019-01-24 14:47:50,768 - INFO - fastread - 27, 140
2019-01-24 14:47:50,776 - INFO - fastread - 27, 150
2019-01-24 14:47:50,778 - INFO - fastread - 30, 160
2019-01-24 14:47:50,778 - INFO - fastread - 32, 170
2019-01-24 14:47:50,778 - INFO - fastread - 32, 180
2019-01-24 14:47:50,788 - INFO - fastread - 33, 190
2019-01-24 14:47:50,788 - INFO - fastread - 34, 200
2019-01-24 14:47:50,788 - INFO - fastread - 36, 210
2019-01-24 14:47:50,796 - INFO - fastread - 36, 220
2019-01-24 14:47:50,798 - INFO - fastread - 37, 230
2019-01-24 14:47:50,798 - INFO - fastread - 38, 240
2019-01-24 14:47:50,798 - INFO - fastread - 38, 250
2019-01-24 14:47:50,806 - INFO - fastread - 38, 260
2019-01-24 14:47:50,808 - INFO - fastread - 38, 270
2019-01-24 14:47:50,808 - INFO - fastread - 38, 280
2019-01-24 14:47:50,808 - INFO - fastread - 38, 290
2019-01-24 14:47:50,808 - INFO - fastread - 38, 300
2019-01-24 14:47:50,808 - INFO - fastread - 39, 310
2019-01-24 14:47:50,816 - INFO - fastread - 39, 320
2019-01-24 14:47:50,818 - INFO - fastread - 40, 330
2019-01-24 14:47:50,818 - INFO - fastread - 41, 340
2019-01-24 14:47:50,818 - INFO - fastread - 41, 350
2019-01-24 14:47:50,826 - INFO - fastread - 42, 360
2019-01-24 14:47:50,828 - INFO - fastread - 42, 370
2019-01-24 14:47:50,828 - INFO - fastread - 42, 380
2019-01-24 14:47:50,828 - INFO - fastread - 42, 390
2019-01-24 14:47:50,836 - INFO - fastread - 42, 400
2019-01-24 14:47:50,838 - INFO - fastread - 42, 410
2019-01-24 14:47:50,838 - INFO - fastread - 42, 420
2019-01-24 14:47:50,838 - INFO - fastread - 43, 430
2019-01-24 14:47:50,838 - INFO - fastread - 43, 440
2019-01-24 14:47:50,848 - INFO - fastread - 43, 450
2019-01-24 14:47:50,848 - INFO - fastread - 43, 460
2019-01-24 14:47:50,848 - INFO - fastread - 43, 470
2019-01-24 14:47:50,856 - INFO - fastread - 43, 480
2019-01-24 14:47:50,858 - INFO - fastread - 44, 490
2019-01-24 14:47:50,858 - INFO - fastread - 44, 500
2019-01-24 14:47:50,858 - INFO - fastread - 45, 510
2019-01-24 14:47:50,858 - INFO - fastread - 47, 520
2019-01-24 14:47:50,867 - INFO - fastread - 47, 530
2019-01-24 14:47:50,869 - INFO - fastread - 48, 540
2019-01-24 14:47:50,869 - INFO - fastread - 49, 550
2019-01-24 14:47:50,869 - INFO - fastread - 49, 560
2019-01-24 14:47:50,869 - INFO - fastread - 50, 570
2019-01-24 14:47:50,879 - INFO - fastread - 51, 580
2019-01-24 14:47:50,879 - INFO - fastread - 52, 590
2019-01-24 14:47:50,879 - INFO - fastread - 52, 600
2019-01-24 14:47:50,879 - INFO - fastread - 53, 610
2019-01-24 14:47:50,889 - INFO - fastread - 53, 620
2019-01-24 14:47:50,889 - INFO - fastread - 53, 630
2019-01-24 14:47:50,897 - INFO - fastread - 53, 640
2019-01-24 14:47:50,899 - INFO - fastread - 53, 650
2019-01-24 14:47:50,907 - INFO - fastread - 53, 660
2019-01-24 14:47:50,909 - INFO - fastread - 53, 670
2019-01-24 14:47:50,909 - INFO - fastread - 53, 680
2019-01-24 14:47:50,919 - INFO - fastread - 53, 690
2019-01-24 14:47:50,919 - INFO - fastread - 53, 700
2019-01-24 14:47:50,919 - INFO - fastread - 53, 710
2019-01-24 14:47:50,919 - INFO - fastread - 53, 720
2019-01-24 14:47:50,929 - INFO - fastread - 53, 730
2019-01-24 14:47:50,929 - INFO - fastread - 53, 740
2019-01-24 14:47:50,937 - INFO - fastread - 53, 750
2019-01-24 14:47:50,939 - INFO - fastread - 53, 760
2019-01-24 14:47:50,939 - INFO - fastread - 53, 770
2019-01-24 14:47:50,949 - INFO - fastread - 53, 780
2019-01-24 14:47:50,949 - INFO - fastread - 53, 790
2019-01-24 14:47:50,949 - INFO - fastread - 53, 800
2019-01-24 14:47:50,958 - INFO - fastread - 53, 810
2019-01-24 14:47:50,960 - INFO - fastread - 53, 820
2019-01-24 14:47:50,960 - INFO - fastread - 53, 830
2019-01-24 14:47:50,960 - INFO - fastread - 53, 840
2019-01-24 14:47:50,968 - INFO - fastread - 53, 850
2019-01-24 14:47:50,970 - INFO - fastread - 53, 860
2019-01-24 14:47:50,978 - INFO - fastread - 53, 870
2019-01-24 14:47:50,980 - INFO - fastread - 53, 880
2019-01-24 14:47:50,980 - INFO - fastread - 53, 890
2019-01-24 14:47:50,980 - INFO - fastread - 53, 900
2019-01-24 14:47:50,990 - INFO - fastread - 53, 910
2019-01-24 14:47:50,990 - INFO - fastread - 53, 920
2019-01-24 14:47:50,998 - INFO - fastread - 54, 930
2019-01-24 14:47:51,000 - INFO - fastread - 54, 940
2019-01-24 14:47:51,000 - INFO - fastread - 54, 950
2019-01-24 14:47:51,010 - INFO - fastread - 54, 960
2019-01-24 14:47:51,010 - INFO - fastread - 54, 970
2019-01-24 14:47:51,020 - INFO - fastread - 55, 980
2019-01-24 14:47:51,020 - INFO - fastread - 56, 990
2019-01-24 14:47:51,028 - INFO - fastread - 56, 1000
2019-01-24 14:47:51,030 - INFO - fastread - 56, 1010
2019-01-24 14:47:51,038 - INFO - fastread - 57, 1020
2019-01-24 14:47:51,040 - INFO - fastread - 57, 1030
2019-01-24 14:47:51,040 - INFO - fastread - 57, 1040
2019-01-24 14:47:51,050 - INFO - fastread - 57, 1050
2019-01-24 14:47:51,050 - INFO - fastread - 57, 1060
2019-01-24 14:47:51,059 - INFO - fastread - 57, 1070
2019-01-24 14:47:51,061 - INFO - fastread - 57, 1080
2019-01-24 14:47:51,061 - INFO - fastread - 58, 1090
2019-01-24 14:47:51,071 - INFO - fastread - 58, 1100
2019-01-24 14:47:51,071 - INFO - fastread - 59, 1110
2019-01-24 14:47:51,071 - INFO - fastread - 59, 1120
2019-01-24 14:47:51,079 - INFO - fastread - 59, 1130
2019-01-24 14:47:51,081 - INFO - fastread - 59, 1140
2019-01-24 14:47:51,081 - INFO - fastread - 59, 1150
2019-01-24 14:47:51,081 - INFO - fastread - 59, 1160
2019-01-24 14:47:51,091 - INFO - fastread - 59, 1170
2019-01-24 14:47:51,091 - INFO - fastread - 59, 1180
2019-01-24 14:47:51,101 - INFO - fastread - 60, 1190
2019-01-24 14:47:51,101 - INFO - fastread - 60, 1200
2019-01-24 14:47:51,129 - INFO - fastread - 60, 1210
2019-01-24 14:47:51,131 - INFO - fastread - 60, 1220
2019-01-24 14:47:51,131 - INFO - fastread - 60, 1230
2019-01-24 14:47:51,141 - INFO - fastread - 60, 1240
2019-01-24 14:47:51,141 - INFO - fastread - 60, 1250
2019-01-24 14:47:51,141 - INFO - fastread - 60, 1260
2019-01-24 14:47:51,151 - INFO - fastread - 60, 1270
2019-01-24 14:47:51,151 - INFO - fastread - 60, 1280
2019-01-24 14:47:51,151 - INFO - fastread - 60, 1290
2019-01-24 14:47:51,151 - INFO - fastread - 60, 1300
2019-01-24 14:47:51,159 - INFO - fastread - 60, 1310
2019-01-24 14:47:51,161 - INFO - fastread - 60, 1320
2019-01-24 14:47:51,161 - INFO - fastread - 60, 1330
2019-01-24 14:47:51,161 - INFO - fastread - 60, 1340
2019-01-24 14:47:51,161 - INFO - fastread - 60, 1350
2019-01-24 14:47:51,172 - INFO - fastread - 60, 1360
2019-01-24 14:47:51,172 - INFO - fastread - 61, 1370
2019-01-24 14:47:51,172 - INFO - fastread - 61, 1380
2019-01-24 14:47:51,172 - INFO - fastread - 61, 1390
2019-01-24 14:47:51,180 - INFO - fastread - 61, 1400
2019-01-24 14:47:51,182 - INFO - fastread - 61, 1410
2019-01-24 14:47:51,182 - INFO - fastread - 61, 1420
2019-01-24 14:47:51,182 - INFO - fastread - 61, 1430
2019-01-24 14:47:51,192 - INFO - fastread - 61, 1440
2019-01-24 14:47:51,192 - INFO - fastread - 62, 1450
2019-01-24 14:47:51,192 - INFO - fastread - 63, 1460
2019-01-24 14:47:51,202 - INFO - rig - ++++NEW CLF++++ DT
2019-01-24 14:47:51,202 - INFO - fastread - Total Yes: 66 | Total No: 1983
2019-01-24 14:47:51,282 - INFO - fastread - 4, 10
2019-01-24 14:47:51,282 - INFO - fastread - 10, 20
2019-01-24 14:47:51,290 - INFO - fastread - 14, 30
2019-01-24 14:47:51,295 - INFO - fastread - 20, 40
2019-01-24 14:47:51,299 - INFO - fastread - 24, 50
2019-01-24 14:47:51,302 - INFO - fastread - 24, 60
2019-01-24 14:47:51,306 - INFO - fastread - 24, 70
2019-01-24 14:47:51,307 - INFO - fastread - 24, 80
2019-01-24 14:47:51,313 - INFO - fastread - 24, 90
2019-01-24 14:47:51,313 - INFO - fastread - 25, 100
2019-01-24 14:47:51,313 - INFO - fastread - 25, 110
2019-01-24 14:47:51,323 - INFO - fastread - 25, 120
2019-01-24 14:47:51,331 - INFO - fastread - 26, 130
2019-01-24 14:47:51,333 - INFO - fastread - 26, 140
2019-01-24 14:47:51,333 - INFO - fastread - 26, 150
2019-01-24 14:47:51,341 - INFO - fastread - 26, 160
2019-01-24 14:47:51,343 - INFO - fastread - 26, 170
2019-01-24 14:47:51,343 - INFO - fastread - 26, 180
2019-01-24 14:47:51,343 - INFO - fastread - 27, 190
2019-01-24 14:47:51,353 - INFO - fastread - 27, 200
2019-01-24 14:47:51,353 - INFO - fastread - 27, 210
2019-01-24 14:47:51,353 - INFO - fastread - 28, 220
2019-01-24 14:47:51,363 - INFO - fastread - 28, 230
2019-01-24 14:47:51,363 - INFO - fastread - 28, 240
2019-01-24 14:47:51,363 - INFO - fastread - 28, 250
2019-01-24 14:47:51,373 - INFO - fastread - 29, 260
2019-01-24 14:47:51,373 - INFO - fastread - 30, 270
2019-01-24 14:47:51,373 - INFO - fastread - 30, 280
2019-01-24 14:47:51,383 - INFO - fastread - 30, 290
2019-01-24 14:47:51,383 - INFO - fastread - 30, 300
2019-01-24 14:47:51,391 - INFO - fastread - 30, 310
2019-01-24 14:47:51,393 - INFO - fastread - 31, 320
2019-01-24 14:47:51,393 - INFO - fastread - 31, 330
2019-01-24 14:47:51,401 - INFO - fastread - 31, 340
2019-01-24 14:47:51,403 - INFO - fastread - 32, 350
2019-01-24 14:47:51,403 - INFO - fastread - 32, 360
2019-01-24 14:47:51,413 - INFO - fastread - 32, 370
2019-01-24 14:47:51,413 - INFO - fastread - 32, 380
2019-01-24 14:47:51,422 - INFO - fastread - 32, 390
2019-01-24 14:47:51,432 - INFO - fastread - 32, 400
2019-01-24 14:47:51,434 - INFO - fastread - 32, 410
2019-01-24 14:47:51,434 - INFO - fastread - 32, 420
2019-01-24 14:47:51,444 - INFO - fastread - 32, 430
2019-01-24 14:47:51,444 - INFO - fastread - 33, 440
2019-01-24 14:47:51,454 - INFO - fastread - 33, 450
2019-01-24 14:47:51,454 - INFO - fastread - 33, 460
2019-01-24 14:47:51,462 - INFO - fastread - 33, 470
2019-01-24 14:47:51,472 - INFO - fastread - 33, 480
2019-01-24 14:47:51,474 - INFO - fastread - 33, 490
2019-01-24 14:47:51,474 - INFO - fastread - 34, 500
2019-01-24 14:47:51,483 - INFO - fastread - 35, 510
2019-01-24 14:47:51,485 - INFO - fastread - 35, 520
2019-01-24 14:47:51,485 - INFO - fastread - 37, 530
2019-01-24 14:47:51,495 - INFO - fastread - 38, 540
2019-01-24 14:47:51,495 - INFO - fastread - 38, 550
2019-01-24 14:47:51,503 - INFO - fastread - 38, 560
2019-01-24 14:47:51,505 - INFO - fastread - 38, 570
2019-01-24 14:47:51,505 - INFO - fastread - 38, 580
2019-01-24 14:47:51,515 - INFO - fastread - 39, 590
2019-01-24 14:47:51,515 - INFO - fastread - 39, 600
2019-01-24 14:47:51,523 - INFO - fastread - 39, 610
2019-01-24 14:47:51,525 - INFO - fastread - 39, 620
2019-01-24 14:47:51,525 - INFO - fastread - 39, 630
2019-01-24 14:47:51,533 - INFO - fastread - 40, 640
2019-01-24 14:47:51,535 - INFO - fastread - 40, 650
2019-01-24 14:47:51,535 - INFO - fastread - 40, 660
2019-01-24 14:47:51,545 - INFO - fastread - 40, 670
2019-01-24 14:47:51,545 - INFO - fastread - 40, 680
2019-01-24 14:47:51,553 - INFO - fastread - 40, 690
2019-01-24 14:47:51,555 - INFO - fastread - 40, 700
2019-01-24 14:47:51,555 - INFO - fastread - 40, 710
2019-01-24 14:47:51,565 - INFO - fastread - 41, 720
2019-01-24 14:47:51,565 - INFO - fastread - 41, 730
2019-01-24 14:47:51,565 - INFO - fastread - 41, 740
2019-01-24 14:47:51,575 - INFO - fastread - 41, 750
2019-01-24 14:47:51,575 - INFO - fastread - 41, 760
2019-01-24 14:47:51,575 - INFO - fastread - 41, 770
2019-01-24 14:47:51,575 - INFO - fastread - 41, 780
2019-01-24 14:47:51,585 - INFO - fastread - 41, 790
2019-01-24 14:47:51,585 - INFO - fastread - 42, 800
2019-01-24 14:47:51,593 - INFO - fastread - 42, 810
2019-01-24 14:47:51,595 - INFO - fastread - 42, 820
2019-01-24 14:47:51,595 - INFO - fastread - 43, 830
2019-01-24 14:47:51,606 - INFO - fastread - 43, 840
2019-01-24 14:47:51,606 - INFO - fastread - 43, 850
2019-01-24 14:47:51,614 - INFO - fastread - 44, 860
2019-01-24 14:47:51,616 - INFO - fastread - 44, 870
2019-01-24 14:47:51,616 - INFO - fastread - 45, 880
2019-01-24 14:47:51,624 - INFO - fastread - 45, 890
2019-01-24 14:47:51,626 - INFO - fastread - 45, 900
2019-01-24 14:47:51,626 - INFO - fastread - 45, 910
2019-01-24 14:47:51,626 - INFO - fastread - 45, 920
2019-01-24 14:47:51,634 - INFO - fastread - 45, 930
2019-01-24 14:47:51,636 - INFO - fastread - 45, 940
2019-01-24 14:47:51,636 - INFO - fastread - 45, 950
2019-01-24 14:47:51,636 - INFO - fastread - 45, 960
2019-01-24 14:47:51,636 - INFO - fastread - 45, 970
2019-01-24 14:47:51,644 - INFO - fastread - 45, 980
2019-01-24 14:47:51,646 - INFO - fastread - 45, 990
2019-01-24 14:47:51,646 - INFO - fastread - 45, 1000
2019-01-24 14:47:51,656 - INFO - fastread - 46, 1010
2019-01-24 14:47:51,656 - INFO - fastread - 46, 1020
2019-01-24 14:47:51,656 - INFO - fastread - 46, 1030
2019-01-24 14:47:51,664 - INFO - fastread - 46, 1040
2019-01-24 14:47:51,666 - INFO - fastread - 46, 1050
2019-01-24 14:47:51,666 - INFO - fastread - 46, 1060
2019-01-24 14:47:51,666 - INFO - fastread - 46, 1070
2019-01-24 14:47:51,666 - INFO - fastread - 46, 1080
2019-01-24 14:47:51,674 - INFO - fastread - 46, 1090
2019-01-24 14:47:51,676 - INFO - fastread - 46, 1100
2019-01-24 14:47:51,676 - INFO - fastread - 46, 1110
2019-01-24 14:47:51,676 - INFO - fastread - 46, 1120
2019-01-24 14:47:51,676 - INFO - fastread - 46, 1130
2019-01-24 14:47:51,684 - INFO - fastread - 46, 1140
2019-01-24 14:47:51,686 - INFO - fastread - 46, 1150
2019-01-24 14:47:51,686 - INFO - fastread - 46, 1160
2019-01-24 14:47:51,694 - INFO - fastread - 46, 1170
2019-01-24 14:47:51,696 - INFO - fastread - 47, 1180
2019-01-24 14:47:51,696 - INFO - fastread - 48, 1190
2019-01-24 14:47:51,704 - INFO - fastread - 48, 1200
2019-01-24 14:47:51,706 - INFO - fastread - 48, 1210
2019-01-24 14:47:51,706 - INFO - fastread - 48, 1220
2019-01-24 14:47:51,706 - INFO - fastread - 49, 1230
2019-01-24 14:47:51,716 - INFO - fastread - 49, 1240
2019-01-24 14:47:51,716 - INFO - fastread - 49, 1250
2019-01-24 14:47:51,716 - INFO - fastread - 49, 1260
2019-01-24 14:47:51,724 - INFO - fastread - 49, 1270
2019-01-24 14:47:51,726 - INFO - fastread - 49, 1280
2019-01-24 14:47:51,726 - INFO - fastread - 49, 1290
2019-01-24 14:47:51,734 - INFO - fastread - 49, 1300
2019-01-24 14:47:51,736 - INFO - fastread - 50, 1310
2019-01-24 14:47:51,736 - INFO - fastread - 50, 1320
2019-01-24 14:47:51,745 - INFO - fastread - 50, 1330
2019-01-24 14:47:51,747 - INFO - fastread - 50, 1340
2019-01-24 14:47:51,747 - INFO - fastread - 50, 1350
2019-01-24 14:47:51,747 - INFO - fastread - 51, 1360
2019-01-24 14:47:51,747 - INFO - fastread - 52, 1370
2019-01-24 14:47:51,755 - INFO - fastread - 54, 1380
2019-01-24 14:47:51,757 - INFO - fastread - 54, 1390
2019-01-24 14:47:51,757 - INFO - fastread - 54, 1400
2019-01-24 14:47:51,757 - INFO - fastread - 54, 1410
2019-01-24 14:47:51,757 - INFO - fastread - 54, 1420
2019-01-24 14:47:51,765 - INFO - fastread - 54, 1430
2019-01-24 14:47:51,767 - INFO - fastread - 54, 1440
2019-01-24 14:47:51,767 - INFO - fastread - 54, 1450
2019-01-24 14:47:51,767 - INFO - fastread - 54, 1460
2019-01-24 14:47:51,775 - INFO - fastread - 54, 1470
2019-01-24 14:47:51,777 - INFO - fastread - 54, 1480
2019-01-24 14:47:51,777 - INFO - fastread - 55, 1490
2019-01-24 14:47:51,777 - INFO - fastread - 55, 1500
2019-01-24 14:47:51,777 - INFO - fastread - 55, 1510
2019-01-24 14:47:51,785 - INFO - fastread - 55, 1520
2019-01-24 14:47:51,787 - INFO - fastread - 55, 1530
2019-01-24 14:47:51,787 - INFO - fastread - 55, 1540
2019-01-24 14:47:51,795 - INFO - fastread - 55, 1550
2019-01-24 14:47:51,797 - INFO - fastread - 55, 1560
2019-01-24 14:47:51,797 - INFO - fastread - 55, 1570
2019-01-24 14:47:51,797 - INFO - fastread - 55, 1580
2019-01-24 14:47:51,807 - INFO - fastread - 55, 1590
2019-01-24 14:47:51,807 - INFO - fastread - 55, 1600
2019-01-24 14:47:51,815 - INFO - fastread - 56, 1610
2019-01-24 14:47:51,817 - INFO - fastread - 57, 1620
2019-01-24 14:47:51,817 - INFO - fastread - 58, 1630
2019-01-24 14:47:51,827 - INFO - fastread - 58, 1640
2019-01-24 14:47:51,827 - INFO - fastread - 59, 1650
2019-01-24 14:47:51,827 - INFO - fastread - 59, 1660
2019-01-24 14:47:51,837 - INFO - fastread - 60, 1670
2019-01-24 14:47:51,837 - INFO - fastread - 60, 1680
2019-01-24 14:47:51,845 - INFO - fastread - 60, 1690
2019-01-24 14:47:51,847 - INFO - fastread - 61, 1700
2019-01-24 14:47:51,847 - INFO - fastread - 61, 1710
2019-01-24 14:47:51,847 - INFO - fastread - 61, 1720
2019-01-24 14:47:51,857 - INFO - fastread - 61, 1730
2019-01-24 14:47:51,857 - INFO - fastread - 61, 1740
2019-01-24 14:47:51,857 - INFO - fastread - 62, 1750
2019-01-24 14:47:51,865 - INFO - fastread - 62, 1760
2019-01-24 14:47:51,868 - INFO - fastread - 62, 1770
2019-01-24 14:47:51,868 - INFO - fastread - 62, 1780
2019-01-24 14:47:51,878 - INFO - fastread - 62, 1790
2019-01-24 14:47:51,878 - INFO - fastread - 62, 1800
2019-01-24 14:47:51,886 - INFO - fastread - 62, 1810
2019-01-24 14:47:51,888 - INFO - fastread - 62, 1820
2019-01-24 14:47:51,888 - INFO - fastread - 62, 1830
2019-01-24 14:47:51,896 - INFO - fastread - 62, 1840
2019-01-24 14:47:51,898 - INFO - fastread - 62, 1850
2019-01-24 14:47:51,898 - INFO - fastread - 62, 1860
2019-01-24 14:47:51,906 - INFO - fastread - 62, 1870
2019-01-24 14:47:51,908 - INFO - fastread - 64, 1880
