2019-01-24 14:46:06,536 - INFO - rig - sql12
2019-01-24 14:46:06,736 - INFO - rig - ++++NEW CLF++++ FASTREAD
2019-01-24 14:46:06,736 - INFO - fastread - Total Yes: 143 | Total No: 3464
2019-01-24 14:46:07,135 - INFO - fastread - 0, 0
2019-01-24 14:46:08,346 - INFO - fastread - 0, 10
2019-01-24 14:46:09,624 - INFO - fastread - 1, 20
2019-01-24 14:46:10,849 - INFO - fastread - 2, 30
2019-01-24 14:46:12,095 - INFO - fastread - 4, 40
2019-01-24 14:46:13,311 - INFO - fastread - 4, 50
2019-01-24 14:46:14,564 - INFO - fastread - 5, 60
2019-01-24 14:46:15,983 - INFO - fastread - 6, 70
2019-01-24 14:46:17,379 - INFO - fastread - 9, 80
2019-01-24 14:46:18,754 - INFO - fastread - 11, 90
2019-01-24 14:46:20,140 - INFO - fastread - 13, 100
2019-01-24 14:46:21,594 - INFO - fastread - 13, 110
2019-01-24 14:46:22,939 - INFO - fastread - 16, 120
2019-01-24 14:46:24,324 - INFO - fastread - 17, 130
2019-01-24 14:46:25,635 - INFO - fastread - 19, 140
2019-01-24 14:46:26,950 - INFO - fastread - 24, 150
2019-01-24 14:46:28,274 - INFO - fastread - 29, 160
2019-01-24 14:46:29,618 - INFO - fastread - 30, 170
2019-01-24 14:46:30,892 - INFO - fastread - 38, 180
2019-01-24 14:46:32,246 - INFO - fastread - 48, 190
2019-01-24 14:46:33,551 - INFO - fastread - 57, 200
2019-01-24 14:46:34,875 - INFO - fastread - 60, 210
2019-01-24 14:46:36,237 - INFO - fastread - 63, 220
2019-01-24 14:46:37,644 - INFO - fastread - 68, 230
2019-01-24 14:46:39,009 - INFO - fastread - 71, 240
2019-01-24 14:46:40,362 - INFO - fastread - 75, 250
2019-01-24 14:46:41,800 - INFO - fastread - 79, 260
2019-01-24 14:46:43,305 - INFO - fastread - 82, 270
2019-01-24 14:46:44,749 - INFO - fastread - 82, 280
2019-01-24 14:46:46,215 - INFO - fastread - 87, 290
2019-01-24 14:46:47,661 - INFO - fastread - 91, 300
2019-01-24 14:46:49,107 - INFO - fastread - 92, 310
2019-01-24 14:46:50,571 - INFO - fastread - 93, 320
2019-01-24 14:46:52,017 - INFO - fastread - 93, 330
2019-01-24 14:46:53,431 - INFO - fastread - 94, 340
2019-01-24 14:46:54,836 - INFO - fastread - 95, 350
2019-01-24 14:46:56,341 - INFO - fastread - 104, 360
2019-01-24 14:46:57,778 - INFO - fastread - 106, 370
2019-01-24 14:46:59,436 - INFO - fastread - 109, 380
2019-01-24 14:47:01,062 - INFO - fastread - 111, 390
2019-01-24 14:47:02,599 - INFO - fastread - 113, 400
2019-01-24 14:47:04,112 - INFO - fastread - 114, 410
2019-01-24 14:47:05,580 - INFO - fastread - 114, 420
2019-01-24 14:47:07,126 - INFO - fastread - 114, 430
2019-01-24 14:47:08,752 - INFO - fastread - 114, 440
2019-01-24 14:47:10,267 - INFO - fastread - 114, 450
2019-01-24 14:47:11,781 - INFO - fastread - 114, 460
2019-01-24 14:47:13,327 - INFO - fastread - 114, 470
2019-01-24 14:47:14,873 - INFO - fastread - 114, 480
2019-01-24 14:47:16,498 - INFO - fastread - 114, 490
2019-01-24 14:47:18,013 - INFO - fastread - 116, 500
2019-01-24 14:47:19,599 - INFO - fastread - 116, 510
2019-01-24 14:47:21,206 - INFO - fastread - 116, 520
2019-01-24 14:47:22,722 - INFO - fastread - 116, 530
2019-01-24 14:47:24,258 - INFO - fastread - 118, 540
2019-01-24 14:47:25,883 - INFO - fastread - 118, 550
2019-01-24 14:47:27,458 - INFO - fastread - 118, 560
2019-01-24 14:47:29,053 - INFO - fastread - 118, 570
2019-01-24 14:47:30,729 - INFO - fastread - 120, 580
2019-01-24 14:47:32,304 - INFO - fastread - 120, 590
2019-01-24 14:47:33,889 - INFO - fastread - 120, 600
2019-01-24 14:47:35,394 - INFO - fastread - 120, 610
2019-01-24 14:47:36,968 - INFO - fastread - 121, 620
2019-01-24 14:47:38,545 - INFO - fastread - 122, 630
2019-01-24 14:47:40,131 - INFO - fastread - 122, 640
2019-01-24 14:47:41,909 - INFO - fastread - 122, 650
2019-01-24 14:47:43,465 - INFO - fastread - 122, 660
2019-01-24 14:47:45,103 - INFO - fastread - 122, 670
2019-01-24 14:47:46,799 - INFO - fastread - 123, 680
2019-01-24 14:47:48,406 - INFO - fastread - 123, 690
2019-01-24 14:47:50,018 - INFO - fastread - 123, 700
2019-01-24 14:47:51,606 - INFO - fastread - 123, 710
2019-01-24 14:47:53,182 - INFO - fastread - 123, 720
2019-01-24 14:47:54,887 - INFO - fastread - 123, 730
2019-01-24 14:47:56,531 - INFO - fastread - 123, 740
2019-01-24 14:47:58,198 - INFO - fastread - 124, 750
2019-01-24 14:47:59,965 - INFO - fastread - 125, 760
2019-01-24 14:48:01,761 - INFO - fastread - 126, 770
2019-01-24 14:48:03,480 - INFO - fastread - 126, 780
2019-01-24 14:48:05,167 - INFO - fastread - 126, 790
2019-01-24 14:48:06,885 - INFO - fastread - 126, 800
2019-01-24 14:48:08,712 - INFO - fastread - 128, 810
2019-01-24 14:48:10,561 - INFO - fastread - 130, 820
2019-01-24 14:48:12,303 - INFO - fastread - 130, 830
2019-01-24 14:48:13,970 - INFO - fastread - 130, 840
2019-01-24 14:48:15,645 - INFO - fastread - 130, 850
2019-01-24 14:48:17,252 - INFO - fastread - 131, 860
2019-01-24 14:48:19,000 - INFO - fastread - 131, 870
2019-01-24 14:48:20,949 - INFO - fastread - 131, 880
2019-01-24 14:48:22,623 - INFO - fastread - 131, 890
2019-01-24 14:48:24,413 - INFO - fastread - 131, 900
2019-01-24 14:48:26,322 - INFO - fastread - 131, 910
2019-01-24 14:48:28,008 - INFO - fastread - 131, 920
2019-01-24 14:48:29,854 - INFO - fastread - 131, 930
2019-01-24 14:48:31,632 - INFO - fastread - 131, 940
2019-01-24 14:48:33,543 - INFO - fastread - 131, 950
2019-01-24 14:48:35,462 - INFO - fastread - 131, 960
2019-01-24 14:48:37,382 - INFO - fastread - 131, 970
2019-01-24 14:48:39,187 - INFO - fastread - 133, 980
2019-01-24 14:48:41,017 - INFO - fastread - 136, 990
2019-01-24 14:48:41,812 - INFO - rig - ++++NEW CLF++++ NBM
2019-01-24 14:48:41,812 - INFO - fastread - Total Yes: 143 | Total No: 3464
2019-01-24 14:48:41,843 - INFO - fastread - 4, 10
2019-01-24 14:48:41,845 - INFO - fastread - 5, 20
2019-01-24 14:48:41,845 - INFO - fastread - 8, 30
2019-01-24 14:48:41,855 - INFO - fastread - 9, 40
2019-01-24 14:48:41,855 - INFO - fastread - 10, 50
2019-01-24 14:48:41,863 - INFO - fastread - 13, 60
2019-01-24 14:48:41,865 - INFO - fastread - 15, 70
2019-01-24 14:48:41,865 - INFO - fastread - 20, 80
2019-01-24 14:48:41,865 - INFO - fastread - 22, 90
2019-01-24 14:48:41,875 - INFO - fastread - 23, 100
2019-01-24 14:48:41,875 - INFO - fastread - 26, 110
2019-01-24 14:48:41,875 - INFO - fastread - 26, 120
2019-01-24 14:48:41,875 - INFO - fastread - 28, 130
2019-01-24 14:48:41,885 - INFO - fastread - 32, 140
2019-01-24 14:48:41,885 - INFO - fastread - 33, 150
2019-01-24 14:48:41,885 - INFO - fastread - 33, 160
2019-01-24 14:48:41,885 - INFO - fastread - 34, 170
2019-01-24 14:48:41,893 - INFO - fastread - 37, 180
2019-01-24 14:48:41,895 - INFO - fastread - 38, 190
2019-01-24 14:48:41,895 - INFO - fastread - 38, 200
2019-01-24 14:48:41,895 - INFO - fastread - 38, 210
2019-01-24 14:48:41,903 - INFO - fastread - 38, 220
2019-01-24 14:48:41,905 - INFO - fastread - 38, 230
2019-01-24 14:48:41,905 - INFO - fastread - 38, 240
2019-01-24 14:48:41,905 - INFO - fastread - 38, 250
2019-01-24 14:48:41,915 - INFO - fastread - 38, 260
2019-01-24 14:48:41,915 - INFO - fastread - 38, 270
2019-01-24 14:48:41,923 - INFO - fastread - 40, 280
2019-01-24 14:48:41,925 - INFO - fastread - 42, 290
2019-01-24 14:48:41,925 - INFO - fastread - 42, 300
2019-01-24 14:48:41,936 - INFO - fastread - 45, 310
2019-01-24 14:48:41,936 - INFO - fastread - 47, 320
2019-01-24 14:48:41,944 - INFO - fastread - 47, 330
2019-01-24 14:48:41,946 - INFO - fastread - 47, 340
2019-01-24 14:48:41,946 - INFO - fastread - 48, 350
2019-01-24 14:48:41,956 - INFO - fastread - 50, 360
2019-01-24 14:48:41,956 - INFO - fastread - 50, 370
2019-01-24 14:48:41,964 - INFO - fastread - 51, 380
2019-01-24 14:48:41,966 - INFO - fastread - 51, 390
2019-01-24 14:48:41,974 - INFO - fastread - 51, 400
2019-01-24 14:48:41,976 - INFO - fastread - 52, 410
2019-01-24 14:48:41,976 - INFO - fastread - 52, 420
2019-01-24 14:48:41,984 - INFO - fastread - 52, 430
2019-01-24 14:48:41,986 - INFO - fastread - 53, 440
2019-01-24 14:48:41,986 - INFO - fastread - 53, 450
2019-01-24 14:48:41,986 - INFO - fastread - 53, 460
2019-01-24 14:48:41,996 - INFO - fastread - 55, 470
2019-01-24 14:48:41,996 - INFO - fastread - 63, 480
2019-01-24 14:48:41,996 - INFO - fastread - 63, 490
2019-01-24 14:48:42,004 - INFO - fastread - 65, 500
2019-01-24 14:48:42,006 - INFO - fastread - 65, 510
2019-01-24 14:48:42,006 - INFO - fastread - 66, 520
2019-01-24 14:48:42,006 - INFO - fastread - 66, 530
2019-01-24 14:48:42,014 - INFO - fastread - 68, 540
2019-01-24 14:48:42,016 - INFO - fastread - 68, 550
2019-01-24 14:48:42,016 - INFO - fastread - 69, 560
2019-01-24 14:48:42,016 - INFO - fastread - 70, 570
2019-01-24 14:48:42,024 - INFO - fastread - 71, 580
2019-01-24 14:48:42,026 - INFO - fastread - 75, 590
2019-01-24 14:48:42,026 - INFO - fastread - 75, 600
2019-01-24 14:48:42,034 - INFO - fastread - 75, 610
2019-01-24 14:48:42,036 - INFO - fastread - 75, 620
2019-01-24 14:48:42,044 - INFO - fastread - 77, 630
2019-01-24 14:48:42,046 - INFO - fastread - 77, 640
2019-01-24 14:48:42,046 - INFO - fastread - 77, 650
2019-01-24 14:48:42,057 - INFO - fastread - 77, 660
2019-01-24 14:48:42,057 - INFO - fastread - 77, 670
2019-01-24 14:48:42,057 - INFO - fastread - 78, 680
2019-01-24 14:48:42,067 - INFO - fastread - 78, 690
2019-01-24 14:48:42,067 - INFO - fastread - 78, 700
2019-01-24 14:48:42,077 - INFO - fastread - 78, 710
2019-01-24 14:48:42,077 - INFO - fastread - 81, 720
2019-01-24 14:48:42,085 - INFO - fastread - 81, 730
2019-01-24 14:48:42,085 - INFO - fastread - 81, 740
2019-01-24 14:48:42,085 - INFO - fastread - 81, 750
2019-01-24 14:48:42,085 - INFO - fastread - 82, 760
2019-01-24 14:48:42,097 - INFO - fastread - 83, 770
2019-01-24 14:48:42,097 - INFO - fastread - 83, 780
2019-01-24 14:48:42,107 - INFO - fastread - 83, 790
2019-01-24 14:48:42,107 - INFO - fastread - 83, 800
2019-01-24 14:48:42,117 - INFO - fastread - 83, 810
2019-01-24 14:48:42,117 - INFO - fastread - 84, 820
2019-01-24 14:48:42,117 - INFO - fastread - 85, 830
2019-01-24 14:48:42,125 - INFO - fastread - 85, 840
2019-01-24 14:48:42,127 - INFO - fastread - 86, 850
2019-01-24 14:48:42,127 - INFO - fastread - 86, 860
2019-01-24 14:48:42,127 - INFO - fastread - 86, 870
2019-01-24 14:48:42,135 - INFO - fastread - 87, 880
2019-01-24 14:48:42,137 - INFO - fastread - 88, 890
2019-01-24 14:48:42,137 - INFO - fastread - 88, 900
2019-01-24 14:48:42,145 - INFO - fastread - 88, 910
2019-01-24 14:48:42,147 - INFO - fastread - 88, 920
2019-01-24 14:48:42,147 - INFO - fastread - 88, 930
2019-01-24 14:48:42,157 - INFO - fastread - 89, 940
2019-01-24 14:48:42,157 - INFO - fastread - 89, 950
2019-01-24 14:48:42,167 - INFO - fastread - 89, 960
2019-01-24 14:48:42,167 - INFO - fastread - 91, 970
2019-01-24 14:48:42,167 - INFO - fastread - 91, 980
2019-01-24 14:48:42,175 - INFO - fastread - 93, 990
2019-01-24 14:48:42,177 - INFO - fastread - 93, 1000
2019-01-24 14:48:42,177 - INFO - fastread - 93, 1010
2019-01-24 14:48:42,188 - INFO - fastread - 93, 1020
2019-01-24 14:48:42,188 - INFO - fastread - 93, 1030
2019-01-24 14:48:42,198 - INFO - fastread - 93, 1040
2019-01-24 14:48:42,198 - INFO - fastread - 93, 1050
2019-01-24 14:48:42,208 - INFO - fastread - 94, 1060
2019-01-24 14:48:42,208 - INFO - fastread - 97, 1070
2019-01-24 14:48:42,218 - INFO - fastread - 97, 1080
2019-01-24 14:48:42,226 - INFO - fastread - 97, 1090
2019-01-24 14:48:42,228 - INFO - fastread - 98, 1100
2019-01-24 14:48:42,228 - INFO - fastread - 98, 1110
2019-01-24 14:48:42,238 - INFO - fastread - 98, 1120
2019-01-24 14:48:42,246 - INFO - fastread - 98, 1130
2019-01-24 14:48:42,248 - INFO - fastread - 98, 1140
2019-01-24 14:48:42,256 - INFO - fastread - 98, 1150
2019-01-24 14:48:42,258 - INFO - fastread - 98, 1160
2019-01-24 14:48:42,258 - INFO - fastread - 98, 1170
2019-01-24 14:48:42,266 - INFO - fastread - 98, 1180
2019-01-24 14:48:42,268 - INFO - fastread - 98, 1190
2019-01-24 14:48:42,268 - INFO - fastread - 98, 1200
2019-01-24 14:48:42,278 - INFO - fastread - 99, 1210
2019-01-24 14:48:42,278 - INFO - fastread - 99, 1220
2019-01-24 14:48:42,278 - INFO - fastread - 99, 1230
2019-01-24 14:48:42,286 - INFO - fastread - 99, 1240
2019-01-24 14:48:42,288 - INFO - fastread - 99, 1250
2019-01-24 14:48:42,288 - INFO - fastread - 99, 1260
2019-01-24 14:48:42,288 - INFO - fastread - 99, 1270
2019-01-24 14:48:42,300 - INFO - fastread - 100, 1280
2019-01-24 14:48:42,300 - INFO - fastread - 101, 1290
2019-01-24 14:48:42,300 - INFO - fastread - 102, 1300
2019-01-24 14:48:42,309 - INFO - fastread - 103, 1310
2019-01-24 14:48:42,309 - INFO - fastread - 105, 1320
2019-01-24 14:48:42,309 - INFO - fastread - 105, 1330
2019-01-24 14:48:42,319 - INFO - fastread - 105, 1340
2019-01-24 14:48:42,319 - INFO - fastread - 105, 1350
2019-01-24 14:48:42,327 - INFO - fastread - 105, 1360
2019-01-24 14:48:42,329 - INFO - fastread - 105, 1370
2019-01-24 14:48:42,329 - INFO - fastread - 106, 1380
2019-01-24 14:48:42,329 - INFO - fastread - 106, 1390
2019-01-24 14:48:42,339 - INFO - fastread - 106, 1400
2019-01-24 14:48:42,339 - INFO - fastread - 106, 1410
2019-01-24 14:48:42,339 - INFO - fastread - 106, 1420
2019-01-24 14:48:42,349 - INFO - fastread - 106, 1430
2019-01-24 14:48:42,349 - INFO - fastread - 106, 1440
2019-01-24 14:48:42,349 - INFO - fastread - 106, 1450
2019-01-24 14:48:42,359 - INFO - fastread - 107, 1460
2019-01-24 14:48:42,359 - INFO - fastread - 107, 1470
2019-01-24 14:48:42,368 - INFO - fastread - 107, 1480
2019-01-24 14:48:42,370 - INFO - fastread - 107, 1490
2019-01-24 14:48:42,370 - INFO - fastread - 107, 1500
2019-01-24 14:48:42,370 - INFO - fastread - 107, 1510
2019-01-24 14:48:42,380 - INFO - fastread - 108, 1520
2019-01-24 14:48:42,380 - INFO - fastread - 108, 1530
2019-01-24 14:48:42,380 - INFO - fastread - 109, 1540
2019-01-24 14:48:42,390 - INFO - fastread - 109, 1550
2019-01-24 14:48:42,390 - INFO - fastread - 110, 1560
2019-01-24 14:48:42,400 - INFO - fastread - 110, 1570
2019-01-24 14:48:42,408 - INFO - fastread - 110, 1580
2019-01-24 14:48:42,410 - INFO - fastread - 111, 1590
2019-01-24 14:48:42,420 - INFO - fastread - 111, 1600
2019-01-24 14:48:42,420 - INFO - fastread - 112, 1610
2019-01-24 14:48:42,430 - INFO - fastread - 113, 1620
2019-01-24 14:48:42,438 - INFO - fastread - 113, 1630
2019-01-24 14:48:42,440 - INFO - fastread - 113, 1640
2019-01-24 14:48:42,450 - INFO - fastread - 113, 1650
2019-01-24 14:48:42,450 - INFO - fastread - 113, 1660
2019-01-24 14:48:42,460 - INFO - fastread - 113, 1670
2019-01-24 14:48:42,469 - INFO - fastread - 113, 1680
2019-01-24 14:48:42,471 - INFO - fastread - 113, 1690
2019-01-24 14:48:42,479 - INFO - fastread - 113, 1700
2019-01-24 14:48:42,481 - INFO - fastread - 113, 1710
2019-01-24 14:48:42,491 - INFO - fastread - 113, 1720
2019-01-24 14:48:42,491 - INFO - fastread - 113, 1730
2019-01-24 14:48:42,499 - INFO - fastread - 113, 1740
2019-01-24 14:48:42,501 - INFO - fastread - 114, 1750
2019-01-24 14:48:42,509 - INFO - fastread - 114, 1760
2019-01-24 14:48:42,511 - INFO - fastread - 114, 1770
2019-01-24 14:48:42,520 - INFO - fastread - 114, 1780
2019-01-24 14:48:42,522 - INFO - fastread - 114, 1790
2019-01-24 14:48:42,530 - INFO - fastread - 115, 1800
2019-01-24 14:48:42,532 - INFO - fastread - 115, 1810
2019-01-24 14:48:42,542 - INFO - fastread - 115, 1820
2019-01-24 14:48:42,542 - INFO - fastread - 115, 1830
2019-01-24 14:48:42,552 - INFO - fastread - 115, 1840
2019-01-24 14:48:42,552 - INFO - fastread - 117, 1850
2019-01-24 14:48:42,560 - INFO - fastread - 117, 1860
2019-01-24 14:48:42,562 - INFO - fastread - 118, 1870
2019-01-24 14:48:42,570 - INFO - fastread - 119, 1880
2019-01-24 14:48:42,572 - INFO - fastread - 119, 1890
2019-01-24 14:48:42,580 - INFO - fastread - 119, 1900
2019-01-24 14:48:42,582 - INFO - fastread - 119, 1910
2019-01-24 14:48:42,590 - INFO - fastread - 120, 1920
2019-01-24 14:48:42,592 - INFO - fastread - 120, 1930
2019-01-24 14:48:42,600 - INFO - fastread - 120, 1940
2019-01-24 14:48:42,602 - INFO - fastread - 120, 1950
2019-01-24 14:48:42,602 - INFO - fastread - 120, 1960
2019-01-24 14:48:42,602 - INFO - fastread - 120, 1970
2019-01-24 14:48:42,612 - INFO - fastread - 120, 1980
2019-01-24 14:48:42,612 - INFO - fastread - 120, 1990
2019-01-24 14:48:42,622 - INFO - fastread - 120, 2000
2019-01-24 14:48:42,622 - INFO - fastread - 120, 2010
2019-01-24 14:48:42,632 - INFO - fastread - 120, 2020
2019-01-24 14:48:42,632 - INFO - fastread - 120, 2030
2019-01-24 14:48:42,643 - INFO - fastread - 120, 2040
2019-01-24 14:48:42,643 - INFO - fastread - 120, 2050
2019-01-24 14:48:42,643 - INFO - fastread - 121, 2060
2019-01-24 14:48:42,653 - INFO - fastread - 121, 2070
2019-01-24 14:48:42,653 - INFO - fastread - 122, 2080
2019-01-24 14:48:42,653 - INFO - fastread - 122, 2090
2019-01-24 14:48:42,663 - INFO - fastread - 122, 2100
2019-01-24 14:48:42,663 - INFO - fastread - 122, 2110
2019-01-24 14:48:42,673 - INFO - fastread - 122, 2120
2019-01-24 14:48:42,673 - INFO - fastread - 123, 2130
2019-01-24 14:48:42,683 - INFO - fastread - 124, 2140
2019-01-24 14:48:42,683 - INFO - fastread - 124, 2150
2019-01-24 14:48:42,693 - INFO - fastread - 124, 2160
2019-01-24 14:48:42,693 - INFO - fastread - 124, 2170
2019-01-24 14:48:42,703 - INFO - fastread - 124, 2180
2019-01-24 14:48:42,703 - INFO - fastread - 125, 2190
2019-01-24 14:48:42,703 - INFO - fastread - 125, 2200
2019-01-24 14:48:42,713 - INFO - fastread - 125, 2210
2019-01-24 14:48:42,713 - INFO - fastread - 126, 2220
2019-01-24 14:48:42,721 - INFO - fastread - 126, 2230
2019-01-24 14:48:42,723 - INFO - fastread - 126, 2240
2019-01-24 14:48:42,733 - INFO - fastread - 126, 2250
2019-01-24 14:48:42,733 - INFO - fastread - 126, 2260
2019-01-24 14:48:42,743 - INFO - fastread - 127, 2270
2019-01-24 14:48:42,743 - INFO - fastread - 127, 2280
2019-01-24 14:48:42,753 - INFO - fastread - 128, 2290
2019-01-24 14:48:42,753 - INFO - fastread - 129, 2300
2019-01-24 14:48:42,764 - INFO - fastread - 130, 2310
2019-01-24 14:48:42,764 - INFO - fastread - 130, 2320
2019-01-24 14:48:42,774 - INFO - fastread - 130, 2330
2019-01-24 14:48:42,774 - INFO - fastread - 130, 2340
2019-01-24 14:48:42,784 - INFO - fastread - 130, 2350
2019-01-24 14:48:42,784 - INFO - fastread - 130, 2360
2019-01-24 14:48:42,792 - INFO - fastread - 130, 2370
2019-01-24 14:48:42,794 - INFO - fastread - 130, 2380
2019-01-24 14:48:42,794 - INFO - fastread - 130, 2390
2019-01-24 14:48:42,794 - INFO - fastread - 130, 2400
2019-01-24 14:48:42,805 - INFO - fastread - 130, 2410
2019-01-24 14:48:42,805 - INFO - fastread - 131, 2420
2019-01-24 14:48:42,814 - INFO - fastread - 131, 2430
2019-01-24 14:48:42,814 - INFO - fastread - 132, 2440
2019-01-24 14:48:42,824 - INFO - fastread - 134, 2450
2019-01-24 14:48:42,824 - INFO - fastread - 134, 2460
2019-01-24 14:48:42,834 - INFO - fastread - 134, 2470
2019-01-24 14:48:42,834 - INFO - fastread - 134, 2480
2019-01-24 14:48:42,844 - INFO - fastread - 134, 2490
2019-01-24 14:48:42,844 - INFO - fastread - 134, 2500
2019-01-24 14:48:42,852 - INFO - fastread - 134, 2510
2019-01-24 14:48:42,854 - INFO - fastread - 134, 2520
2019-01-24 14:48:42,863 - INFO - fastread - 134, 2530
2019-01-24 14:48:42,865 - INFO - fastread - 134, 2540
2019-01-24 14:48:42,873 - INFO - fastread - 134, 2550
2019-01-24 14:48:42,875 - INFO - fastread - 134, 2560
2019-01-24 14:48:42,883 - INFO - fastread - 134, 2570
2019-01-24 14:48:42,885 - INFO - fastread - 134, 2580
2019-01-24 14:48:42,893 - INFO - fastread - 134, 2590
2019-01-24 14:48:42,895 - INFO - fastread - 134, 2600
2019-01-24 14:48:42,903 - INFO - fastread - 135, 2610
2019-01-24 14:48:42,905 - INFO - fastread - 135, 2620
2019-01-24 14:48:42,913 - INFO - fastread - 135, 2630
2019-01-24 14:48:42,915 - INFO - fastread - 135, 2640
2019-01-24 14:48:42,923 - INFO - fastread - 135, 2650
2019-01-24 14:48:42,925 - INFO - fastread - 135, 2660
2019-01-24 14:48:42,925 - INFO - fastread - 135, 2670
2019-01-24 14:48:42,935 - INFO - fastread - 135, 2680
2019-01-24 14:48:42,935 - INFO - fastread - 135, 2690
2019-01-24 14:48:42,945 - INFO - fastread - 135, 2700
2019-01-24 14:48:42,945 - INFO - fastread - 135, 2710
2019-01-24 14:48:42,953 - INFO - fastread - 135, 2720
2019-01-24 14:48:42,955 - INFO - fastread - 135, 2730
2019-01-24 14:48:42,964 - INFO - fastread - 135, 2740
2019-01-24 14:48:42,966 - INFO - fastread - 135, 2750
2019-01-24 14:48:42,966 - INFO - fastread - 135, 2760
2019-01-24 14:48:42,966 - INFO - fastread - 135, 2770
2019-01-24 14:48:42,974 - INFO - fastread - 135, 2780
2019-01-24 14:48:42,976 - INFO - fastread - 135, 2790
2019-01-24 14:48:42,976 - INFO - fastread - 135, 2800
2019-01-24 14:48:42,976 - INFO - fastread - 135, 2810
2019-01-24 14:48:42,986 - INFO - fastread - 136, 2820
2019-01-24 14:48:42,996 - INFO - rig - ++++NEW CLF++++ NBM
2019-01-24 14:48:42,996 - INFO - fastread - Total Yes: 143 | Total No: 3464
2019-01-24 14:48:43,976 - INFO - fastread - 10, 10
2019-01-24 14:48:43,976 - INFO - fastread - 20, 20
2019-01-24 14:48:43,984 - INFO - fastread - 29, 30
2019-01-24 14:48:43,986 - INFO - fastread - 37, 40
2019-01-24 14:48:43,986 - INFO - fastread - 45, 50
2019-01-24 14:48:43,994 - INFO - fastread - 51, 60
2019-01-24 14:48:43,996 - INFO - fastread - 52, 70
2019-01-24 14:48:43,996 - INFO - fastread - 52, 80
2019-01-24 14:48:43,996 - INFO - fastread - 52, 90
2019-01-24 14:48:43,996 - INFO - fastread - 53, 100
2019-01-24 14:48:44,006 - INFO - fastread - 54, 110
2019-01-24 14:48:44,006 - INFO - fastread - 54, 120
2019-01-24 14:48:44,014 - INFO - fastread - 54, 130
2019-01-24 14:48:44,016 - INFO - fastread - 54, 140
2019-01-24 14:48:44,016 - INFO - fastread - 54, 150
2019-01-24 14:48:44,026 - INFO - fastread - 54, 160
2019-01-24 14:48:44,026 - INFO - fastread - 54, 170
2019-01-24 14:48:44,034 - INFO - fastread - 54, 180
2019-01-24 14:48:44,036 - INFO - fastread - 54, 190
2019-01-24 14:48:44,036 - INFO - fastread - 54, 200
2019-01-24 14:48:44,046 - INFO - fastread - 54, 210
2019-01-24 14:48:44,046 - INFO - fastread - 54, 220
2019-01-24 14:48:44,054 - INFO - fastread - 54, 230
2019-01-24 14:48:44,056 - INFO - fastread - 54, 240
2019-01-24 14:48:44,056 - INFO - fastread - 54, 250
2019-01-24 14:48:44,066 - INFO - fastread - 54, 260
2019-01-24 14:48:44,066 - INFO - fastread - 54, 270
2019-01-24 14:48:44,074 - INFO - fastread - 54, 280
2019-01-24 14:48:44,076 - INFO - fastread - 55, 290
2019-01-24 14:48:44,076 - INFO - fastread - 55, 300
2019-01-24 14:48:44,086 - INFO - fastread - 55, 310
2019-01-24 14:48:44,086 - INFO - fastread - 57, 320
2019-01-24 14:48:44,094 - INFO - fastread - 57, 330
2019-01-24 14:48:44,096 - INFO - fastread - 58, 340
2019-01-24 14:48:44,096 - INFO - fastread - 58, 350
2019-01-24 14:48:44,107 - INFO - fastread - 58, 360
2019-01-24 14:48:44,107 - INFO - fastread - 59, 370
2019-01-24 14:48:44,115 - INFO - fastread - 59, 380
2019-01-24 14:48:44,117 - INFO - fastread - 59, 390
2019-01-24 14:48:44,117 - INFO - fastread - 59, 400
2019-01-24 14:48:44,127 - INFO - fastread - 60, 410
2019-01-24 14:48:44,127 - INFO - fastread - 60, 420
2019-01-24 14:48:44,135 - INFO - fastread - 60, 430
2019-01-24 14:48:44,137 - INFO - fastread - 60, 440
2019-01-24 14:48:44,137 - INFO - fastread - 60, 450
2019-01-24 14:48:44,147 - INFO - fastread - 60, 460
2019-01-24 14:48:44,147 - INFO - fastread - 60, 470
2019-01-24 14:48:44,155 - INFO - fastread - 60, 480
2019-01-24 14:48:44,157 - INFO - fastread - 61, 490
2019-01-24 14:48:44,157 - INFO - fastread - 61, 500
2019-01-24 14:48:44,167 - INFO - fastread - 62, 510
2019-01-24 14:48:44,167 - INFO - fastread - 62, 520
2019-01-24 14:48:44,175 - INFO - fastread - 62, 530
2019-01-24 14:48:44,177 - INFO - fastread - 62, 540
2019-01-24 14:48:44,177 - INFO - fastread - 62, 550
2019-01-24 14:48:44,187 - INFO - fastread - 62, 560
2019-01-24 14:48:44,187 - INFO - fastread - 62, 570
2019-01-24 14:48:44,195 - INFO - fastread - 63, 580
2019-01-24 14:48:44,197 - INFO - fastread - 63, 590
2019-01-24 14:48:44,205 - INFO - fastread - 63, 600
2019-01-24 14:48:44,207 - INFO - fastread - 63, 610
2019-01-24 14:48:44,207 - INFO - fastread - 63, 620
2019-01-24 14:48:44,217 - INFO - fastread - 64, 630
2019-01-24 14:48:44,217 - INFO - fastread - 64, 640
2019-01-24 14:48:44,225 - INFO - fastread - 64, 650
2019-01-24 14:48:44,227 - INFO - fastread - 64, 660
2019-01-24 14:48:44,227 - INFO - fastread - 64, 670
2019-01-24 14:48:44,227 - INFO - fastread - 64, 680
2019-01-24 14:48:44,237 - INFO - fastread - 64, 690
2019-01-24 14:48:44,237 - INFO - fastread - 64, 700
2019-01-24 14:48:44,248 - INFO - fastread - 64, 710
2019-01-24 14:48:44,248 - INFO - fastread - 64, 720
2019-01-24 14:48:44,258 - INFO - fastread - 64, 730
2019-01-24 14:48:44,258 - INFO - fastread - 64, 740
2019-01-24 14:48:44,266 - INFO - fastread - 64, 750
2019-01-24 14:48:44,268 - INFO - fastread - 64, 760
2019-01-24 14:48:44,268 - INFO - fastread - 64, 770
2019-01-24 14:48:44,268 - INFO - fastread - 64, 780
2019-01-24 14:48:44,276 - INFO - fastread - 66, 790
2019-01-24 14:48:44,278 - INFO - fastread - 66, 800
2019-01-24 14:48:44,278 - INFO - fastread - 66, 810
2019-01-24 14:48:44,278 - INFO - fastread - 66, 820
2019-01-24 14:48:44,290 - INFO - fastread - 66, 830
2019-01-24 14:48:44,293 - INFO - fastread - 66, 840
2019-01-24 14:48:44,297 - INFO - fastread - 66, 850
2019-01-24 14:48:44,301 - INFO - fastread - 66, 860
2019-01-24 14:48:44,301 - INFO - fastread - 66, 870
2019-01-24 14:48:44,307 - INFO - fastread - 66, 880
2019-01-24 14:48:44,309 - INFO - fastread - 66, 890
2019-01-24 14:48:44,309 - INFO - fastread - 66, 900
2019-01-24 14:48:44,317 - INFO - fastread - 67, 910
2019-01-24 14:48:44,319 - INFO - fastread - 68, 920
2019-01-24 14:48:44,319 - INFO - fastread - 70, 930
2019-01-24 14:48:44,329 - INFO - fastread - 70, 940
2019-01-24 14:48:44,329 - INFO - fastread - 71, 950
2019-01-24 14:48:44,337 - INFO - fastread - 72, 960
2019-01-24 14:48:44,339 - INFO - fastread - 72, 970
2019-01-24 14:48:44,339 - INFO - fastread - 72, 980
2019-01-24 14:48:44,349 - INFO - fastread - 72, 990
2019-01-24 14:48:44,349 - INFO - fastread - 72, 1000
2019-01-24 14:48:44,349 - INFO - fastread - 72, 1010
2019-01-24 14:48:44,357 - INFO - fastread - 72, 1020
2019-01-24 14:48:44,359 - INFO - fastread - 72, 1030
2019-01-24 14:48:44,359 - INFO - fastread - 73, 1040
2019-01-24 14:48:44,367 - INFO - fastread - 73, 1050
2019-01-24 14:48:44,369 - INFO - fastread - 73, 1060
2019-01-24 14:48:44,369 - INFO - fastread - 74, 1070
2019-01-24 14:48:44,369 - INFO - fastread - 74, 1080
2019-01-24 14:48:44,379 - INFO - fastread - 74, 1090
2019-01-24 14:48:44,379 - INFO - fastread - 75, 1100
2019-01-24 14:48:44,379 - INFO - fastread - 75, 1110
2019-01-24 14:48:44,389 - INFO - fastread - 75, 1120
2019-01-24 14:48:44,389 - INFO - fastread - 75, 1130
2019-01-24 14:48:44,389 - INFO - fastread - 75, 1140
2019-01-24 14:48:44,397 - INFO - fastread - 75, 1150
2019-01-24 14:48:44,399 - INFO - fastread - 76, 1160
2019-01-24 14:48:44,407 - INFO - fastread - 76, 1170
2019-01-24 14:48:44,409 - INFO - fastread - 76, 1180
2019-01-24 14:48:44,417 - INFO - fastread - 76, 1190
2019-01-24 14:48:44,419 - INFO - fastread - 76, 1200
2019-01-24 14:48:44,428 - INFO - fastread - 77, 1210
2019-01-24 14:48:44,430 - INFO - fastread - 77, 1220
2019-01-24 14:48:44,438 - INFO - fastread - 77, 1230
2019-01-24 14:48:44,440 - INFO - fastread - 78, 1240
2019-01-24 14:48:44,440 - INFO - fastread - 78, 1250
2019-01-24 14:48:44,450 - INFO - fastread - 78, 1260
2019-01-24 14:48:44,450 - INFO - fastread - 78, 1270
2019-01-24 14:48:44,458 - INFO - fastread - 78, 1280
2019-01-24 14:48:44,460 - INFO - fastread - 78, 1290
2019-01-24 14:48:44,460 - INFO - fastread - 78, 1300
2019-01-24 14:48:44,468 - INFO - fastread - 79, 1310
2019-01-24 14:48:44,470 - INFO - fastread - 80, 1320
2019-01-24 14:48:44,478 - INFO - fastread - 80, 1330
2019-01-24 14:48:44,480 - INFO - fastread - 80, 1340
2019-01-24 14:48:44,480 - INFO - fastread - 80, 1350
2019-01-24 14:48:44,480 - INFO - fastread - 80, 1360
2019-01-24 14:48:44,490 - INFO - fastread - 80, 1370
2019-01-24 14:48:44,490 - INFO - fastread - 80, 1380
2019-01-24 14:48:44,500 - INFO - fastread - 80, 1390
2019-01-24 14:48:44,500 - INFO - fastread - 80, 1400
2019-01-24 14:48:44,510 - INFO - fastread - 80, 1410
2019-01-24 14:48:44,510 - INFO - fastread - 80, 1420
2019-01-24 14:48:44,520 - INFO - fastread - 80, 1430
2019-01-24 14:48:44,520 - INFO - fastread - 80, 1440
2019-01-24 14:48:44,530 - INFO - fastread - 80, 1450
2019-01-24 14:48:44,530 - INFO - fastread - 80, 1460
2019-01-24 14:48:44,541 - INFO - fastread - 80, 1470
2019-01-24 14:48:44,541 - INFO - fastread - 81, 1480
2019-01-24 14:48:44,549 - INFO - fastread - 81, 1490
2019-01-24 14:48:44,551 - INFO - fastread - 81, 1500
2019-01-24 14:48:44,559 - INFO - fastread - 81, 1510
2019-01-24 14:48:44,561 - INFO - fastread - 81, 1520
2019-01-24 14:48:44,561 - INFO - fastread - 81, 1530
2019-01-24 14:48:44,569 - INFO - fastread - 82, 1540
2019-01-24 14:48:44,571 - INFO - fastread - 83, 1550
2019-01-24 14:48:44,571 - INFO - fastread - 83, 1560
2019-01-24 14:48:44,579 - INFO - fastread - 83, 1570
2019-01-24 14:48:44,581 - INFO - fastread - 83, 1580
2019-01-24 14:48:44,581 - INFO - fastread - 83, 1590
2019-01-24 14:48:44,589 - INFO - fastread - 83, 1600
2019-01-24 14:48:44,591 - INFO - fastread - 83, 1610
2019-01-24 14:48:44,591 - INFO - fastread - 83, 1620
2019-01-24 14:48:44,591 - INFO - fastread - 83, 1630
2019-01-24 14:48:44,601 - INFO - fastread - 84, 1640
2019-01-24 14:48:44,601 - INFO - fastread - 84, 1650
2019-01-24 14:48:44,601 - INFO - fastread - 85, 1660
2019-01-24 14:48:44,611 - INFO - fastread - 85, 1670
2019-01-24 14:48:44,611 - INFO - fastread - 85, 1680
2019-01-24 14:48:44,611 - INFO - fastread - 85, 1690
2019-01-24 14:48:44,621 - INFO - fastread - 85, 1700
2019-01-24 14:48:44,629 - INFO - fastread - 86, 1710
2019-01-24 14:48:44,631 - INFO - fastread - 87, 1720
2019-01-24 14:48:44,639 - INFO - fastread - 88, 1730
2019-01-24 14:48:44,641 - INFO - fastread - 88, 1740
2019-01-24 14:48:44,641 - INFO - fastread - 88, 1750
2019-01-24 14:48:44,649 - INFO - fastread - 88, 1760
2019-01-24 14:48:44,651 - INFO - fastread - 88, 1770
2019-01-24 14:48:44,651 - INFO - fastread - 88, 1780
2019-01-24 14:48:44,662 - INFO - fastread - 89, 1790
2019-01-24 14:48:44,662 - INFO - fastread - 89, 1800
2019-01-24 14:48:44,672 - INFO - fastread - 89, 1810
2019-01-24 14:48:44,672 - INFO - fastread - 90, 1820
2019-01-24 14:48:44,680 - INFO - fastread - 91, 1830
2019-01-24 14:48:44,682 - INFO - fastread - 92, 1840
2019-01-24 14:48:44,682 - INFO - fastread - 92, 1850
2019-01-24 14:48:44,690 - INFO - fastread - 93, 1860
2019-01-24 14:48:44,692 - INFO - fastread - 93, 1870
2019-01-24 14:48:44,692 - INFO - fastread - 93, 1880
2019-01-24 14:48:44,700 - INFO - fastread - 93, 1890
2019-01-24 14:48:44,702 - INFO - fastread - 93, 1900
2019-01-24 14:48:44,710 - INFO - fastread - 94, 1910
2019-01-24 14:48:44,712 - INFO - fastread - 94, 1920
2019-01-24 14:48:44,720 - INFO - fastread - 94, 1930
2019-01-24 14:48:44,722 - INFO - fastread - 96, 1940
2019-01-24 14:48:44,722 - INFO - fastread - 97, 1950
2019-01-24 14:48:44,730 - INFO - fastread - 97, 1960
2019-01-24 14:48:44,732 - INFO - fastread - 97, 1970
2019-01-24 14:48:44,732 - INFO - fastread - 97, 1980
2019-01-24 14:48:44,732 - INFO - fastread - 97, 1990
2019-01-24 14:48:44,742 - INFO - fastread - 97, 2000
2019-01-24 14:48:44,742 - INFO - fastread - 98, 2010
2019-01-24 14:48:44,752 - INFO - fastread - 98, 2020
2019-01-24 14:48:44,752 - INFO - fastread - 98, 2030
2019-01-24 14:48:44,762 - INFO - fastread - 98, 2040
2019-01-24 14:48:44,762 - INFO - fastread - 98, 2050
2019-01-24 14:48:44,773 - INFO - fastread - 98, 2060
2019-01-24 14:48:44,773 - INFO - fastread - 98, 2070
2019-01-24 14:48:44,783 - INFO - fastread - 99, 2080
2019-01-24 14:48:44,783 - INFO - fastread - 99, 2090
2019-01-24 14:48:44,793 - INFO - fastread - 99, 2100
2019-01-24 14:48:44,793 - INFO - fastread - 99, 2110
2019-01-24 14:48:44,803 - INFO - fastread - 100, 2120
2019-01-24 14:48:44,803 - INFO - fastread - 101, 2130
2019-01-24 14:48:44,813 - INFO - fastread - 101, 2140
2019-01-24 14:48:44,813 - INFO - fastread - 101, 2150
2019-01-24 14:48:44,823 - INFO - fastread - 101, 2160
2019-01-24 14:48:44,823 - INFO - fastread - 101, 2170
2019-01-24 14:48:44,833 - INFO - fastread - 102, 2180
2019-01-24 14:48:44,833 - INFO - fastread - 103, 2190
2019-01-24 14:48:44,843 - INFO - fastread - 103, 2200
2019-01-24 14:48:44,843 - INFO - fastread - 103, 2210
2019-01-24 14:48:44,853 - INFO - fastread - 104, 2220
2019-01-24 14:48:44,853 - INFO - fastread - 104, 2230
2019-01-24 14:48:44,861 - INFO - fastread - 104, 2240
2019-01-24 14:48:44,863 - INFO - fastread - 104, 2250
2019-01-24 14:48:44,863 - INFO - fastread - 104, 2260
2019-01-24 14:48:44,873 - INFO - fastread - 104, 2270
2019-01-24 14:48:44,873 - INFO - fastread - 105, 2280
2019-01-24 14:48:44,883 - INFO - fastread - 105, 2290
2019-01-24 14:48:44,883 - INFO - fastread - 105, 2300
2019-01-24 14:48:44,894 - INFO - fastread - 105, 2310
2019-01-24 14:48:44,894 - INFO - fastread - 105, 2320
2019-01-24 14:48:44,904 - INFO - fastread - 105, 2330
2019-01-24 14:48:44,904 - INFO - fastread - 105, 2340
2019-01-24 14:48:44,914 - INFO - fastread - 105, 2350
2019-01-24 14:48:44,914 - INFO - fastread - 105, 2360
2019-01-24 14:48:44,924 - INFO - fastread - 105, 2370
2019-01-24 14:48:44,924 - INFO - fastread - 105, 2380
2019-01-24 14:48:44,934 - INFO - fastread - 105, 2390
2019-01-24 14:48:44,934 - INFO - fastread - 106, 2400
2019-01-24 14:48:44,944 - INFO - fastread - 106, 2410
2019-01-24 14:48:44,944 - INFO - fastread - 106, 2420
2019-01-24 14:48:44,952 - INFO - fastread - 106, 2430
2019-01-24 14:48:44,954 - INFO - fastread - 106, 2440
2019-01-24 14:48:44,962 - INFO - fastread - 106, 2450
2019-01-24 14:48:44,964 - INFO - fastread - 106, 2460
2019-01-24 14:48:44,972 - INFO - fastread - 106, 2470
2019-01-24 14:48:44,974 - INFO - fastread - 106, 2480
2019-01-24 14:48:44,982 - INFO - fastread - 106, 2490
2019-01-24 14:48:44,984 - INFO - fastread - 106, 2500
2019-01-24 14:48:44,993 - INFO - fastread - 106, 2510
2019-01-24 14:48:44,995 - INFO - fastread - 106, 2520
2019-01-24 14:48:45,003 - INFO - fastread - 106, 2530
2019-01-24 14:48:45,005 - INFO - fastread - 106, 2540
2019-01-24 14:48:45,013 - INFO - fastread - 106, 2550
2019-01-24 14:48:45,015 - INFO - fastread - 106, 2560
2019-01-24 14:48:45,023 - INFO - fastread - 107, 2570
2019-01-24 14:48:45,025 - INFO - fastread - 108, 2580
2019-01-24 14:48:45,033 - INFO - fastread - 109, 2590
2019-01-24 14:48:45,035 - INFO - fastread - 109, 2600
2019-01-24 14:48:45,043 - INFO - fastread - 109, 2610
2019-01-24 14:48:45,045 - INFO - fastread - 109, 2620
2019-01-24 14:48:45,053 - INFO - fastread - 110, 2630
2019-01-24 14:48:45,055 - INFO - fastread - 110, 2640
2019-01-24 14:48:45,063 - INFO - fastread - 110, 2650
2019-01-24 14:48:45,065 - INFO - fastread - 110, 2660
2019-01-24 14:48:45,073 - INFO - fastread - 110, 2670
2019-01-24 14:48:45,075 - INFO - fastread - 110, 2680
2019-01-24 14:48:45,075 - INFO - fastread - 110, 2690
2019-01-24 14:48:45,086 - INFO - fastread - 110, 2700
2019-01-24 14:48:45,086 - INFO - fastread - 110, 2710
2019-01-24 14:48:45,096 - INFO - fastread - 110, 2720
2019-01-24 14:48:45,096 - INFO - fastread - 110, 2730
2019-01-24 14:48:45,106 - INFO - fastread - 110, 2740
2019-01-24 14:48:45,106 - INFO - fastread - 110, 2750
2019-01-24 14:48:45,114 - INFO - fastread - 111, 2760
2019-01-24 14:48:45,116 - INFO - fastread - 112, 2770
2019-01-24 14:48:45,116 - INFO - fastread - 113, 2780
2019-01-24 14:48:45,116 - INFO - fastread - 114, 2790
2019-01-24 14:48:45,126 - INFO - fastread - 115, 2800
2019-01-24 14:48:45,126 - INFO - fastread - 115, 2810
2019-01-24 14:48:45,126 - INFO - fastread - 115, 2820
2019-01-24 14:48:45,126 - INFO - fastread - 115, 2830
2019-01-24 14:48:45,136 - INFO - fastread - 116, 2840
2019-01-24 14:48:45,136 - INFO - fastread - 116, 2850
2019-01-24 14:48:45,136 - INFO - fastread - 116, 2860
2019-01-24 14:48:45,146 - INFO - fastread - 117, 2870
2019-01-24 14:48:45,146 - INFO - fastread - 118, 2880
2019-01-24 14:48:45,156 - INFO - fastread - 118, 2890
2019-01-24 14:48:45,156 - INFO - fastread - 119, 2900
2019-01-24 14:48:45,156 - INFO - fastread - 119, 2910
2019-01-24 14:48:45,166 - INFO - fastread - 119, 2920
2019-01-24 14:48:45,166 - INFO - fastread - 120, 2930
2019-01-24 14:48:45,176 - INFO - fastread - 121, 2940
2019-01-24 14:48:45,176 - INFO - fastread - 121, 2950
2019-01-24 14:48:45,187 - INFO - fastread - 121, 2960
2019-01-24 14:48:45,187 - INFO - fastread - 122, 2970
2019-01-24 14:48:45,197 - INFO - fastread - 123, 2980
2019-01-24 14:48:45,197 - INFO - fastread - 123, 2990
2019-01-24 14:48:45,207 - INFO - fastread - 123, 3000
2019-01-24 14:48:45,207 - INFO - fastread - 124, 3010
2019-01-24 14:48:45,207 - INFO - fastread - 124, 3020
2019-01-24 14:48:45,215 - INFO - fastread - 125, 3030
2019-01-24 14:48:45,217 - INFO - fastread - 125, 3040
2019-01-24 14:48:45,217 - INFO - fastread - 126, 3050
2019-01-24 14:48:45,225 - INFO - fastread - 126, 3060
2019-01-24 14:48:45,227 - INFO - fastread - 126, 3070
2019-01-24 14:48:45,235 - INFO - fastread - 126, 3080
2019-01-24 14:48:45,237 - INFO - fastread - 126, 3090
2019-01-24 14:48:45,237 - INFO - fastread - 126, 3100
2019-01-24 14:48:45,247 - INFO - fastread - 126, 3110
2019-01-24 14:48:45,247 - INFO - fastread - 126, 3120
2019-01-24 14:48:45,255 - INFO - fastread - 126, 3130
2019-01-24 14:48:45,257 - INFO - fastread - 126, 3140
2019-01-24 14:48:45,257 - INFO - fastread - 127, 3150
2019-01-24 14:48:45,267 - INFO - fastread - 127, 3160
2019-01-24 14:48:45,267 - INFO - fastread - 127, 3170
2019-01-24 14:48:45,277 - INFO - fastread - 128, 3180
2019-01-24 14:48:45,277 - INFO - fastread - 128, 3190
2019-01-24 14:48:45,288 - INFO - fastread - 128, 3200
2019-01-24 14:48:45,288 - INFO - fastread - 130, 3210
2019-01-24 14:48:45,298 - INFO - fastread - 130, 3220
2019-01-24 14:48:45,298 - INFO - fastread - 131, 3230
2019-01-24 14:48:45,306 - INFO - fastread - 131, 3240
2019-01-24 14:48:45,308 - INFO - fastread - 131, 3250
2019-01-24 14:48:45,308 - INFO - fastread - 131, 3260
2019-01-24 14:48:45,316 - INFO - fastread - 132, 3270
2019-01-24 14:48:45,318 - INFO - fastread - 132, 3280
2019-01-24 14:48:45,318 - INFO - fastread - 132, 3290
2019-01-24 14:48:45,328 - INFO - fastread - 132, 3300
2019-01-24 14:48:45,328 - INFO - fastread - 133, 3310
2019-01-24 14:48:45,338 - INFO - fastread - 133, 3320
2019-01-24 14:48:45,338 - INFO - fastread - 133, 3330
2019-01-24 14:48:45,348 - INFO - fastread - 133, 3340
2019-01-24 14:48:45,348 - INFO - fastread - 133, 3350
2019-01-24 14:48:45,348 - INFO - fastread - 133, 3360
2019-01-24 14:48:45,356 - INFO - fastread - 133, 3370
2019-01-24 14:48:45,358 - INFO - fastread - 133, 3380
2019-01-24 14:48:45,358 - INFO - fastread - 134, 3390
2019-01-24 14:48:45,368 - INFO - fastread - 135, 3400
2019-01-24 14:48:45,368 - INFO - fastread - 136, 3410
2019-01-24 14:48:45,388 - INFO - rig - ++++NEW CLF++++ SVM
2019-01-24 14:48:45,388 - INFO - fastread - Total Yes: 143 | Total No: 3464
2019-01-24 14:48:46,539 - INFO - fastread - 5, 10
2019-01-24 14:48:46,539 - INFO - fastread - 15, 20
2019-01-24 14:48:46,539 - INFO - fastread - 25, 30
2019-01-24 14:48:46,539 - INFO - fastread - 34, 40
2019-01-24 14:48:46,549 - INFO - fastread - 44, 50
2019-01-24 14:48:46,549 - INFO - fastread - 54, 60
2019-01-24 14:48:46,549 - INFO - fastread - 63, 70
2019-01-24 14:48:46,557 - INFO - fastread - 69, 80
2019-01-24 14:48:46,559 - INFO - fastread - 75, 90
2019-01-24 14:48:46,559 - INFO - fastread - 83, 100
2019-01-24 14:48:46,559 - INFO - fastread - 90, 110
2019-01-24 14:48:46,567 - INFO - fastread - 95, 120
2019-01-24 14:48:46,569 - INFO - fastread - 96, 130
2019-01-24 14:48:46,577 - INFO - fastread - 98, 140
2019-01-24 14:48:46,579 - INFO - fastread - 98, 150
2019-01-24 14:48:46,579 - INFO - fastread - 103, 160
2019-01-24 14:48:46,589 - INFO - fastread - 103, 170
2019-01-24 14:48:46,589 - INFO - fastread - 103, 180
2019-01-24 14:48:46,589 - INFO - fastread - 105, 190
2019-01-24 14:48:46,589 - INFO - fastread - 107, 200
2019-01-24 14:48:46,599 - INFO - fastread - 107, 210
2019-01-24 14:48:46,599 - INFO - fastread - 110, 220
2019-01-24 14:48:46,599 - INFO - fastread - 111, 230
2019-01-24 14:48:46,599 - INFO - fastread - 114, 240
2019-01-24 14:48:46,610 - INFO - fastread - 114, 250
2019-01-24 14:48:46,610 - INFO - fastread - 115, 260
2019-01-24 14:48:46,618 - INFO - fastread - 116, 270
2019-01-24 14:48:46,620 - INFO - fastread - 116, 280
2019-01-24 14:48:46,628 - INFO - fastread - 117, 290
2019-01-24 14:48:46,630 - INFO - fastread - 117, 300
2019-01-24 14:48:46,630 - INFO - fastread - 117, 310
2019-01-24 14:48:46,640 - INFO - fastread - 117, 320
2019-01-24 14:48:46,640 - INFO - fastread - 117, 330
2019-01-24 14:48:46,650 - INFO - fastread - 117, 340
2019-01-24 14:48:46,650 - INFO - fastread - 118, 350
2019-01-24 14:48:46,658 - INFO - fastread - 118, 360
2019-01-24 14:48:46,660 - INFO - fastread - 118, 370
2019-01-24 14:48:46,668 - INFO - fastread - 118, 380
2019-01-24 14:48:46,670 - INFO - fastread - 121, 390
2019-01-24 14:48:46,670 - INFO - fastread - 122, 400
2019-01-24 14:48:46,680 - INFO - fastread - 122, 410
2019-01-24 14:48:46,680 - INFO - fastread - 123, 420
2019-01-24 14:48:46,688 - INFO - fastread - 123, 430
2019-01-24 14:48:46,690 - INFO - fastread - 123, 440
2019-01-24 14:48:46,690 - INFO - fastread - 123, 450
2019-01-24 14:48:46,700 - INFO - fastread - 123, 460
2019-01-24 14:48:46,700 - INFO - fastread - 123, 470
2019-01-24 14:48:46,708 - INFO - fastread - 123, 480
2019-01-24 14:48:46,710 - INFO - fastread - 123, 490
2019-01-24 14:48:46,710 - INFO - fastread - 123, 500
2019-01-24 14:48:46,710 - INFO - fastread - 124, 510
2019-01-24 14:48:46,710 - INFO - fastread - 124, 520
2019-01-24 14:48:46,720 - INFO - fastread - 124, 530
2019-01-24 14:48:46,720 - INFO - fastread - 124, 540
2019-01-24 14:48:46,720 - INFO - fastread - 124, 550
2019-01-24 14:48:46,720 - INFO - fastread - 124, 560
2019-01-24 14:48:46,730 - INFO - fastread - 125, 570
2019-01-24 14:48:46,730 - INFO - fastread - 125, 580
2019-01-24 14:48:46,738 - INFO - fastread - 125, 590
2019-01-24 14:48:46,741 - INFO - fastread - 125, 600
2019-01-24 14:48:46,741 - INFO - fastread - 125, 610
2019-01-24 14:48:46,751 - INFO - fastread - 125, 620
2019-01-24 14:48:46,751 - INFO - fastread - 125, 630
2019-01-24 14:48:46,761 - INFO - fastread - 126, 640
2019-01-24 14:48:46,761 - INFO - fastread - 126, 650
2019-01-24 14:48:46,771 - INFO - fastread - 126, 660
2019-01-24 14:48:46,771 - INFO - fastread - 126, 670
2019-01-24 14:48:46,771 - INFO - fastread - 126, 680
2019-01-24 14:48:46,779 - INFO - fastread - 126, 690
2019-01-24 14:48:46,781 - INFO - fastread - 126, 700
2019-01-24 14:48:46,781 - INFO - fastread - 126, 710
2019-01-24 14:48:46,781 - INFO - fastread - 126, 720
2019-01-24 14:48:46,791 - INFO - fastread - 126, 730
2019-01-24 14:48:46,791 - INFO - fastread - 126, 740
2019-01-24 14:48:46,799 - INFO - fastread - 126, 750
2019-01-24 14:48:46,801 - INFO - fastread - 126, 760
2019-01-24 14:48:46,801 - INFO - fastread - 126, 770
2019-01-24 14:48:46,811 - INFO - fastread - 126, 780
2019-01-24 14:48:46,811 - INFO - fastread - 126, 790
2019-01-24 14:48:46,821 - INFO - fastread - 126, 800
2019-01-24 14:48:46,821 - INFO - fastread - 127, 810
2019-01-24 14:48:46,829 - INFO - fastread - 127, 820
2019-01-24 14:48:46,831 - INFO - fastread - 127, 830
2019-01-24 14:48:46,831 - INFO - fastread - 128, 840
2019-01-24 14:48:46,839 - INFO - fastread - 129, 850
2019-01-24 14:48:46,841 - INFO - fastread - 129, 860
2019-01-24 14:48:46,841 - INFO - fastread - 129, 870
2019-01-24 14:48:46,841 - INFO - fastread - 129, 880
2019-01-24 14:48:46,851 - INFO - fastread - 129, 890
2019-01-24 14:48:46,851 - INFO - fastread - 129, 900
2019-01-24 14:48:46,861 - INFO - fastread - 129, 910
2019-01-24 14:48:46,861 - INFO - fastread - 130, 920
2019-01-24 14:48:46,872 - INFO - fastread - 130, 930
2019-01-24 14:48:46,872 - INFO - fastread - 130, 940
2019-01-24 14:48:46,880 - INFO - fastread - 130, 950
2019-01-24 14:48:46,882 - INFO - fastread - 130, 960
2019-01-24 14:48:46,890 - INFO - fastread - 131, 970
2019-01-24 14:48:46,892 - INFO - fastread - 131, 980
2019-01-24 14:48:46,892 - INFO - fastread - 131, 990
2019-01-24 14:48:46,902 - INFO - fastread - 131, 1000
2019-01-24 14:48:46,902 - INFO - fastread - 131, 1010
2019-01-24 14:48:46,910 - INFO - fastread - 131, 1020
2019-01-24 14:48:46,912 - INFO - fastread - 131, 1030
2019-01-24 14:48:46,912 - INFO - fastread - 131, 1040
2019-01-24 14:48:46,920 - INFO - fastread - 132, 1050
2019-01-24 14:48:46,922 - INFO - fastread - 132, 1060
2019-01-24 14:48:46,922 - INFO - fastread - 132, 1070
2019-01-24 14:48:46,922 - INFO - fastread - 132, 1080
2019-01-24 14:48:46,930 - INFO - fastread - 133, 1090
2019-01-24 14:48:46,932 - INFO - fastread - 134, 1100
2019-01-24 14:48:46,940 - INFO - fastread - 134, 1110
2019-01-24 14:48:46,942 - INFO - fastread - 134, 1120
2019-01-24 14:48:46,942 - INFO - fastread - 134, 1130
2019-01-24 14:48:46,952 - INFO - fastread - 134, 1140
2019-01-24 14:48:46,952 - INFO - fastread - 134, 1150
2019-01-24 14:48:46,960 - INFO - fastread - 134, 1160
2019-01-24 14:48:46,962 - INFO - fastread - 134, 1170
2019-01-24 14:48:46,962 - INFO - fastread - 135, 1180
2019-01-24 14:48:46,971 - INFO - fastread - 136, 1190
2019-01-24 14:48:46,981 - INFO - rig - ++++NEW CLF++++ DT
2019-01-24 14:48:46,981 - INFO - fastread - Total Yes: 143 | Total No: 3464
2019-01-24 14:48:47,195 - INFO - fastread - 9, 10
2019-01-24 14:48:47,203 - INFO - fastread - 19, 20
2019-01-24 14:48:47,205 - INFO - fastread - 27, 30
2019-01-24 14:48:47,205 - INFO - fastread - 34, 40
2019-01-24 14:48:47,215 - INFO - fastread - 42, 50
2019-01-24 14:48:47,215 - INFO - fastread - 48, 60
2019-01-24 14:48:47,223 - INFO - fastread - 58, 70
2019-01-24 14:48:47,225 - INFO - fastread - 67, 80
2019-01-24 14:48:47,225 - INFO - fastread - 73, 90
2019-01-24 14:48:47,235 - INFO - fastread - 78, 100
2019-01-24 14:48:47,235 - INFO - fastread - 87, 110
2019-01-24 14:48:47,245 - INFO - fastread - 93, 120
2019-01-24 14:48:47,245 - INFO - fastread - 100, 130
2019-01-24 14:48:47,255 - INFO - fastread - 105, 140
2019-01-24 14:48:47,255 - INFO - fastread - 105, 150
2019-01-24 14:48:47,263 - INFO - fastread - 105, 160
2019-01-24 14:48:47,265 - INFO - fastread - 105, 170
2019-01-24 14:48:47,265 - INFO - fastread - 105, 180
2019-01-24 14:48:47,275 - INFO - fastread - 105, 190
2019-01-24 14:48:47,275 - INFO - fastread - 105, 200
2019-01-24 14:48:47,283 - INFO - fastread - 105, 210
2019-01-24 14:48:47,286 - INFO - fastread - 105, 220
2019-01-24 14:48:47,286 - INFO - fastread - 105, 230
2019-01-24 14:48:47,296 - INFO - fastread - 105, 240
2019-01-24 14:48:47,296 - INFO - fastread - 105, 250
2019-01-24 14:48:47,304 - INFO - fastread - 105, 260
2019-01-24 14:48:47,306 - INFO - fastread - 105, 270
2019-01-24 14:48:47,314 - INFO - fastread - 105, 280
2019-01-24 14:48:47,316 - INFO - fastread - 105, 290
2019-01-24 14:48:47,316 - INFO - fastread - 105, 300
2019-01-24 14:48:47,326 - INFO - fastread - 105, 310
2019-01-24 14:48:47,326 - INFO - fastread - 105, 320
2019-01-24 14:48:47,334 - INFO - fastread - 105, 330
2019-01-24 14:48:47,338 - INFO - fastread - 106, 340
2019-01-24 14:48:47,343 - INFO - fastread - 106, 350
2019-01-24 14:48:47,347 - INFO - fastread - 107, 360
2019-01-24 14:48:47,354 - INFO - fastread - 107, 370
2019-01-24 14:48:47,356 - INFO - fastread - 107, 380
2019-01-24 14:48:47,356 - INFO - fastread - 107, 390
2019-01-24 14:48:47,366 - INFO - fastread - 107, 400
2019-01-24 14:48:47,366 - INFO - fastread - 107, 410
2019-01-24 14:48:47,366 - INFO - fastread - 107, 420
2019-01-24 14:48:47,376 - INFO - fastread - 107, 430
2019-01-24 14:48:47,376 - INFO - fastread - 107, 440
2019-01-24 14:48:47,376 - INFO - fastread - 108, 450
2019-01-24 14:48:47,386 - INFO - fastread - 108, 460
2019-01-24 14:48:47,386 - INFO - fastread - 108, 470
2019-01-24 14:48:47,386 - INFO - fastread - 108, 480
2019-01-24 14:48:47,394 - INFO - fastread - 108, 490
2019-01-24 14:48:47,396 - INFO - fastread - 108, 500
2019-01-24 14:48:47,404 - INFO - fastread - 108, 510
2019-01-24 14:48:47,407 - INFO - fastread - 108, 520
2019-01-24 14:48:47,407 - INFO - fastread - 108, 530
2019-01-24 14:48:47,415 - INFO - fastread - 108, 540
2019-01-24 14:48:47,417 - INFO - fastread - 108, 550
2019-01-24 14:48:47,425 - INFO - fastread - 108, 560
2019-01-24 14:48:47,427 - INFO - fastread - 108, 570
2019-01-24 14:48:47,435 - INFO - fastread - 108, 580
2019-01-24 14:48:47,437 - INFO - fastread - 108, 590
2019-01-24 14:48:47,437 - INFO - fastread - 108, 600
2019-01-24 14:48:47,447 - INFO - fastread - 108, 610
2019-01-24 14:48:47,455 - INFO - fastread - 108, 620
2019-01-24 14:48:47,457 - INFO - fastread - 108, 630
2019-01-24 14:48:47,465 - INFO - fastread - 108, 640
2019-01-24 14:48:47,467 - INFO - fastread - 108, 650
2019-01-24 14:48:47,475 - INFO - fastread - 108, 660
2019-01-24 14:48:47,477 - INFO - fastread - 108, 670
2019-01-24 14:48:47,477 - INFO - fastread - 108, 680
2019-01-24 14:48:47,487 - INFO - fastread - 109, 690
2019-01-24 14:48:47,487 - INFO - fastread - 109, 700
2019-01-24 14:48:47,497 - INFO - fastread - 109, 710
2019-01-24 14:48:47,497 - INFO - fastread - 109, 720
2019-01-24 14:48:47,507 - INFO - fastread - 109, 730
2019-01-24 14:48:47,507 - INFO - fastread - 110, 740
2019-01-24 14:48:47,517 - INFO - fastread - 110, 750
2019-01-24 14:48:47,517 - INFO - fastread - 110, 760
2019-01-24 14:48:47,527 - INFO - fastread - 110, 770
2019-01-24 14:48:47,527 - INFO - fastread - 110, 780
2019-01-24 14:48:47,537 - INFO - fastread - 110, 790
2019-01-24 14:48:47,537 - INFO - fastread - 110, 800
2019-01-24 14:48:47,546 - INFO - fastread - 111, 810
2019-01-24 14:48:47,548 - INFO - fastread - 111, 820
2019-01-24 14:48:47,548 - INFO - fastread - 111, 830
2019-01-24 14:48:47,556 - INFO - fastread - 111, 840
2019-01-24 14:48:47,558 - INFO - fastread - 111, 850
2019-01-24 14:48:47,558 - INFO - fastread - 112, 860
2019-01-24 14:48:47,566 - INFO - fastread - 112, 870
2019-01-24 14:48:47,568 - INFO - fastread - 112, 880
2019-01-24 14:48:47,568 - INFO - fastread - 112, 890
2019-01-24 14:48:47,578 - INFO - fastread - 112, 900
2019-01-24 14:48:47,578 - INFO - fastread - 112, 910
2019-01-24 14:48:47,588 - INFO - fastread - 112, 920
2019-01-24 14:48:47,588 - INFO - fastread - 112, 930
2019-01-24 14:48:47,588 - INFO - fastread - 112, 940
2019-01-24 14:48:47,597 - INFO - fastread - 112, 950
2019-01-24 14:48:47,599 - INFO - fastread - 112, 960
2019-01-24 14:48:47,599 - INFO - fastread - 112, 970
2019-01-24 14:48:47,607 - INFO - fastread - 113, 980
2019-01-24 14:48:47,609 - INFO - fastread - 115, 990
2019-01-24 14:48:47,617 - INFO - fastread - 115, 1000
2019-01-24 14:48:47,619 - INFO - fastread - 115, 1010
2019-01-24 14:48:47,627 - INFO - fastread - 115, 1020
2019-01-24 14:48:47,629 - INFO - fastread - 115, 1030
2019-01-24 14:48:47,637 - INFO - fastread - 115, 1040
2019-01-24 14:48:47,639 - INFO - fastread - 115, 1050
2019-01-24 14:48:47,647 - INFO - fastread - 116, 1060
2019-01-24 14:48:47,649 - INFO - fastread - 116, 1070
2019-01-24 14:48:47,657 - INFO - fastread - 116, 1080
2019-01-24 14:48:47,659 - INFO - fastread - 116, 1090
2019-01-24 14:48:47,667 - INFO - fastread - 116, 1100
2019-01-24 14:48:47,669 - INFO - fastread - 116, 1110
2019-01-24 14:48:47,677 - INFO - fastread - 116, 1120
2019-01-24 14:48:47,679 - INFO - fastread - 116, 1130
2019-01-24 14:48:47,679 - INFO - fastread - 116, 1140
2019-01-24 14:48:47,689 - INFO - fastread - 116, 1150
2019-01-24 14:48:47,689 - INFO - fastread - 116, 1160
2019-01-24 14:48:47,699 - INFO - fastread - 116, 1170
2019-01-24 14:48:47,699 - INFO - fastread - 116, 1180
2019-01-24 14:48:47,710 - INFO - fastread - 117, 1190
2019-01-24 14:48:47,710 - INFO - fastread - 117, 1200
2019-01-24 14:48:47,720 - INFO - fastread - 117, 1210
2019-01-24 14:48:47,720 - INFO - fastread - 117, 1220
2019-01-24 14:48:47,728 - INFO - fastread - 117, 1230
2019-01-24 14:48:47,730 - INFO - fastread - 117, 1240
2019-01-24 14:48:47,730 - INFO - fastread - 118, 1250
2019-01-24 14:48:47,740 - INFO - fastread - 118, 1260
2019-01-24 14:48:47,740 - INFO - fastread - 118, 1270
2019-01-24 14:48:47,750 - INFO - fastread - 118, 1280
2019-01-24 14:48:47,750 - INFO - fastread - 118, 1290
2019-01-24 14:48:47,750 - INFO - fastread - 118, 1300
2019-01-24 14:48:47,758 - INFO - fastread - 118, 1310
2019-01-24 14:48:47,760 - INFO - fastread - 118, 1320
2019-01-24 14:48:47,760 - INFO - fastread - 118, 1330
2019-01-24 14:48:47,760 - INFO - fastread - 118, 1340
2019-01-24 14:48:47,770 - INFO - fastread - 118, 1350
2019-01-24 14:48:47,770 - INFO - fastread - 118, 1360
2019-01-24 14:48:47,780 - INFO - fastread - 118, 1370
2019-01-24 14:48:47,780 - INFO - fastread - 118, 1380
2019-01-24 14:48:47,790 - INFO - fastread - 118, 1390
2019-01-24 14:48:47,790 - INFO - fastread - 118, 1400
2019-01-24 14:48:47,798 - INFO - fastread - 118, 1410
2019-01-24 14:48:47,800 - INFO - fastread - 118, 1420
2019-01-24 14:48:47,809 - INFO - fastread - 118, 1430
2019-01-24 14:48:47,811 - INFO - fastread - 118, 1440
2019-01-24 14:48:47,811 - INFO - fastread - 118, 1450
2019-01-24 14:48:47,821 - INFO - fastread - 118, 1460
2019-01-24 14:48:47,821 - INFO - fastread - 118, 1470
2019-01-24 14:48:47,831 - INFO - fastread - 118, 1480
2019-01-24 14:48:47,831 - INFO - fastread - 119, 1490
2019-01-24 14:48:47,841 - INFO - fastread - 119, 1500
2019-01-24 14:48:47,841 - INFO - fastread - 119, 1510
2019-01-24 14:48:47,849 - INFO - fastread - 119, 1520
2019-01-24 14:48:47,851 - INFO - fastread - 119, 1530
2019-01-24 14:48:47,859 - INFO - fastread - 120, 1540
2019-01-24 14:48:47,861 - INFO - fastread - 120, 1550
2019-01-24 14:48:47,869 - INFO - fastread - 120, 1560
2019-01-24 14:48:47,871 - INFO - fastread - 120, 1570
2019-01-24 14:48:47,871 - INFO - fastread - 121, 1580
2019-01-24 14:48:47,879 - INFO - fastread - 121, 1590
2019-01-24 14:48:47,881 - INFO - fastread - 121, 1600
2019-01-24 14:48:47,881 - INFO - fastread - 121, 1610
2019-01-24 14:48:47,881 - INFO - fastread - 121, 1620
2019-01-24 14:48:47,891 - INFO - fastread - 121, 1630
2019-01-24 14:48:47,891 - INFO - fastread - 121, 1640
2019-01-24 14:48:47,899 - INFO - fastread - 121, 1650
2019-01-24 14:48:47,902 - INFO - fastread - 121, 1660
2019-01-24 14:48:47,902 - INFO - fastread - 121, 1670
2019-01-24 14:48:47,910 - INFO - fastread - 121, 1680
2019-01-24 14:48:47,912 - INFO - fastread - 121, 1690
2019-01-24 14:48:47,920 - INFO - fastread - 121, 1700
2019-01-24 14:48:47,922 - INFO - fastread - 121, 1710
2019-01-24 14:48:47,930 - INFO - fastread - 121, 1720
2019-01-24 14:48:47,932 - INFO - fastread - 121, 1730
2019-01-24 14:48:47,932 - INFO - fastread - 122, 1740
2019-01-24 14:48:47,940 - INFO - fastread - 122, 1750
2019-01-24 14:48:47,942 - INFO - fastread - 123, 1760
2019-01-24 14:48:47,942 - INFO - fastread - 124, 1770
2019-01-24 14:48:47,950 - INFO - fastread - 124, 1780
2019-01-24 14:48:47,952 - INFO - fastread - 124, 1790
2019-01-24 14:48:47,952 - INFO - fastread - 124, 1800
2019-01-24 14:48:47,962 - INFO - fastread - 124, 1810
2019-01-24 14:48:47,962 - INFO - fastread - 125, 1820
2019-01-24 14:48:47,972 - INFO - fastread - 125, 1830
2019-01-24 14:48:47,972 - INFO - fastread - 125, 1840
2019-01-24 14:48:47,980 - INFO - fastread - 125, 1850
2019-01-24 14:48:47,982 - INFO - fastread - 126, 1860
2019-01-24 14:48:47,982 - INFO - fastread - 126, 1870
2019-01-24 14:48:47,982 - INFO - fastread - 126, 1880
2019-01-24 14:48:47,993 - INFO - fastread - 126, 1890
2019-01-24 14:48:47,993 - INFO - fastread - 126, 1900
2019-01-24 14:48:48,001 - INFO - fastread - 126, 1910
2019-01-24 14:48:48,003 - INFO - fastread - 126, 1920
2019-01-24 14:48:48,003 - INFO - fastread - 126, 1930
2019-01-24 14:48:48,013 - INFO - fastread - 126, 1940
2019-01-24 14:48:48,013 - INFO - fastread - 126, 1950
2019-01-24 14:48:48,023 - INFO - fastread - 126, 1960
2019-01-24 14:48:48,023 - INFO - fastread - 127, 1970
2019-01-24 14:48:48,031 - INFO - fastread - 127, 1980
2019-01-24 14:48:48,033 - INFO - fastread - 127, 1990
2019-01-24 14:48:48,033 - INFO - fastread - 127, 2000
2019-01-24 14:48:48,043 - INFO - fastread - 127, 2010
2019-01-24 14:48:48,043 - INFO - fastread - 127, 2020
2019-01-24 14:48:48,051 - INFO - fastread - 127, 2030
2019-01-24 14:48:48,053 - INFO - fastread - 127, 2040
2019-01-24 14:48:48,053 - INFO - fastread - 127, 2050
2019-01-24 14:48:48,063 - INFO - fastread - 127, 2060
2019-01-24 14:48:48,063 - INFO - fastread - 127, 2070
2019-01-24 14:48:48,073 - INFO - fastread - 127, 2080
2019-01-24 14:48:48,073 - INFO - fastread - 127, 2090
2019-01-24 14:48:48,081 - INFO - fastread - 127, 2100
2019-01-24 14:48:48,083 - INFO - fastread - 127, 2110
2019-01-24 14:48:48,083 - INFO - fastread - 127, 2120
2019-01-24 14:48:48,093 - INFO - fastread - 127, 2130
2019-01-24 14:48:48,093 - INFO - fastread - 127, 2140
2019-01-24 14:48:48,103 - INFO - fastread - 127, 2150
2019-01-24 14:48:48,103 - INFO - fastread - 127, 2160
2019-01-24 14:48:48,111 - INFO - fastread - 127, 2170
2019-01-24 14:48:48,113 - INFO - fastread - 127, 2180
2019-01-24 14:48:48,113 - INFO - fastread - 127, 2190
2019-01-24 14:48:48,113 - INFO - fastread - 127, 2200
2019-01-24 14:48:48,121 - INFO - fastread - 127, 2210
2019-01-24 14:48:48,123 - INFO - fastread - 127, 2220
2019-01-24 14:48:48,123 - INFO - fastread - 127, 2230
2019-01-24 14:48:48,123 - INFO - fastread - 127, 2240
2019-01-24 14:48:48,132 - INFO - fastread - 127, 2250
2019-01-24 14:48:48,134 - INFO - fastread - 127, 2260
2019-01-24 14:48:48,142 - INFO - fastread - 127, 2270
2019-01-24 14:48:48,144 - INFO - fastread - 127, 2280
2019-01-24 14:48:48,144 - INFO - fastread - 127, 2290
2019-01-24 14:48:48,154 - INFO - fastread - 127, 2300
2019-01-24 14:48:48,154 - INFO - fastread - 127, 2310
2019-01-24 14:48:48,162 - INFO - fastread - 127, 2320
2019-01-24 14:48:48,164 - INFO - fastread - 127, 2330
2019-01-24 14:48:48,164 - INFO - fastread - 127, 2340
2019-01-24 14:48:48,174 - INFO - fastread - 127, 2350
2019-01-24 14:48:48,174 - INFO - fastread - 127, 2360
2019-01-24 14:48:48,174 - INFO - fastread - 127, 2370
2019-01-24 14:48:48,182 - INFO - fastread - 127, 2380
2019-01-24 14:48:48,184 - INFO - fastread - 127, 2390
2019-01-24 14:48:48,184 - INFO - fastread - 127, 2400
2019-01-24 14:48:48,184 - INFO - fastread - 127, 2410
2019-01-24 14:48:48,194 - INFO - fastread - 128, 2420
2019-01-24 14:48:48,194 - INFO - fastread - 128, 2430
2019-01-24 14:48:48,202 - INFO - fastread - 128, 2440
2019-01-24 14:48:48,204 - INFO - fastread - 128, 2450
2019-01-24 14:48:48,212 - INFO - fastread - 128, 2460
2019-01-24 14:48:48,214 - INFO - fastread - 128, 2470
2019-01-24 14:48:48,222 - INFO - fastread - 128, 2480
2019-01-24 14:48:48,224 - INFO - fastread - 128, 2490
2019-01-24 14:48:48,232 - INFO - fastread - 128, 2500
2019-01-24 14:48:48,234 - INFO - fastread - 128, 2510
2019-01-24 14:48:48,244 - INFO - fastread - 128, 2520
2019-01-24 14:48:48,244 - INFO - fastread - 128, 2530
2019-01-24 14:48:48,255 - INFO - fastread - 128, 2540
2019-01-24 14:48:48,255 - INFO - fastread - 128, 2550
2019-01-24 14:48:48,265 - INFO - fastread - 128, 2560
2019-01-24 14:48:48,265 - INFO - fastread - 128, 2570
2019-01-24 14:48:48,275 - INFO - fastread - 128, 2580
2019-01-24 14:48:48,275 - INFO - fastread - 129, 2590
2019-01-24 14:48:48,285 - INFO - fastread - 129, 2600
2019-01-24 14:48:48,285 - INFO - fastread - 129, 2610
2019-01-24 14:48:48,294 - INFO - fastread - 129, 2620
2019-01-24 14:48:48,296 - INFO - fastread - 129, 2630
2019-01-24 14:48:48,304 - INFO - fastread - 129, 2640
2019-01-24 14:48:48,306 - INFO - fastread - 129, 2650
2019-01-24 14:48:48,314 - INFO - fastread - 129, 2660
2019-01-24 14:48:48,316 - INFO - fastread - 130, 2670
2019-01-24 14:48:48,316 - INFO - fastread - 130, 2680
2019-01-24 14:48:48,326 - INFO - fastread - 130, 2690
2019-01-24 14:48:48,326 - INFO - fastread - 130, 2700
2019-01-24 14:48:48,326 - INFO - fastread - 130, 2710
2019-01-24 14:48:48,336 - INFO - fastread - 130, 2720
2019-01-24 14:48:48,344 - INFO - fastread - 130, 2730
2019-01-24 14:48:48,346 - INFO - fastread - 131, 2740
2019-01-24 14:48:48,354 - INFO - fastread - 131, 2750
2019-01-24 14:48:48,356 - INFO - fastread - 131, 2760
2019-01-24 14:48:48,356 - INFO - fastread - 131, 2770
2019-01-24 14:48:48,356 - INFO - fastread - 131, 2780
2019-01-24 14:48:48,366 - INFO - fastread - 132, 2790
2019-01-24 14:48:48,366 - INFO - fastread - 132, 2800
2019-01-24 14:48:48,366 - INFO - fastread - 132, 2810
2019-01-24 14:48:48,376 - INFO - fastread - 132, 2820
2019-01-24 14:48:48,384 - INFO - fastread - 132, 2830
2019-01-24 14:48:48,386 - INFO - fastread - 133, 2840
2019-01-24 14:48:48,386 - INFO - fastread - 133, 2850
2019-01-24 14:48:48,396 - INFO - fastread - 133, 2860
2019-01-24 14:48:48,396 - INFO - fastread - 134, 2870
2019-01-24 14:48:48,407 - INFO - fastread - 134, 2880
2019-01-24 14:48:48,415 - INFO - fastread - 134, 2890
2019-01-24 14:48:48,417 - INFO - fastread - 134, 2900
2019-01-24 14:48:48,425 - INFO - fastread - 134, 2910
2019-01-24 14:48:48,427 - INFO - fastread - 134, 2920
2019-01-24 14:48:48,437 - INFO - fastread - 134, 2930
2019-01-24 14:48:48,447 - INFO - fastread - 134, 2940
2019-01-24 14:48:48,447 - INFO - fastread - 134, 2950
2019-01-24 14:48:48,457 - INFO - fastread - 134, 2960
2019-01-24 14:48:48,457 - INFO - fastread - 134, 2970
2019-01-24 14:48:48,467 - INFO - fastread - 134, 2980
2019-01-24 14:48:48,477 - INFO - fastread - 134, 2990
2019-01-24 14:48:48,477 - INFO - fastread - 134, 3000
2019-01-24 14:48:48,487 - INFO - fastread - 134, 3010
2019-01-24 14:48:48,487 - INFO - fastread - 135, 3020
2019-01-24 14:48:48,497 - INFO - fastread - 135, 3030
2019-01-24 14:48:48,505 - INFO - fastread - 136, 3040
