2019-01-29 17:09:15,535 - INFO - rig - apache-ant-1.7.0
2019-01-29 17:09:17,888 - INFO - ensemble - ++++NEW CLF++++ ENSEMBLE_DT
2019-01-29 17:09:17,896 - INFO - ensemble - 9, 10
2019-01-29 17:09:17,898 - INFO - ensemble - 17, 20
2019-01-29 17:09:17,898 - INFO - ensemble - 26, 30
2019-01-29 17:09:17,898 - INFO - ensemble - 34, 40
2019-01-29 17:09:17,898 - INFO - ensemble - 40, 50
2019-01-29 17:09:17,898 - INFO - ensemble - 47, 60
2019-01-29 17:09:17,906 - INFO - ensemble - 55, 70
2019-01-29 17:09:17,908 - INFO - ensemble - 60, 80
2019-01-29 17:09:17,908 - INFO - ensemble - 65, 90
2019-01-29 17:09:17,908 - INFO - ensemble - 69, 100
2019-01-29 17:09:17,908 - INFO - ensemble - 70, 110
2019-01-29 17:09:17,908 - INFO - ensemble - 72, 120
2019-01-29 17:09:17,916 - INFO - ensemble - 74, 130
2019-01-29 17:09:17,916 - INFO - ensemble - 76, 140
2019-01-29 17:09:17,916 - INFO - ensemble - 77, 150
2019-01-29 17:09:17,916 - INFO - ensemble - 78, 160
2019-01-29 17:09:17,916 - INFO - ensemble - 82, 170
2019-01-29 17:09:17,916 - INFO - ensemble - 82, 180
2019-01-29 17:09:17,928 - INFO - ensemble - 83, 190
2019-01-29 17:09:17,928 - INFO - ensemble - 84, 200
2019-01-29 17:09:17,928 - INFO - ensemble - 85, 210
2019-01-29 17:09:17,928 - INFO - ensemble - 85, 220
2019-01-29 17:09:17,928 - INFO - ensemble - 85, 230
2019-01-29 17:09:17,936 - INFO - ensemble - 86, 240
2019-01-29 17:09:17,938 - INFO - ensemble - 86, 250
2019-01-29 17:09:17,938 - INFO - ensemble - 87, 260
2019-01-29 17:09:17,938 - INFO - ensemble - 87, 270
2019-01-29 17:09:17,938 - INFO - ensemble - 87, 280
2019-01-29 17:09:17,938 - INFO - ensemble - 87, 290
2019-01-29 17:09:17,946 - INFO - ensemble - 87, 300
2019-01-29 17:09:17,948 - INFO - ensemble - 88, 310
2019-01-29 17:09:17,948 - INFO - ensemble - 88, 320
2019-01-29 17:09:17,948 - INFO - ensemble - 88, 330
2019-01-29 17:09:17,948 - INFO - ensemble - 88, 340
2019-01-29 17:09:17,948 - INFO - ensemble - 89, 350
2019-01-29 17:09:17,957 - INFO - ensemble - 90, 360
2019-01-29 17:09:17,959 - INFO - ensemble - 90, 370
2019-01-29 17:09:17,959 - INFO - ensemble - 90, 380
2019-01-29 17:09:17,959 - INFO - ensemble - 90, 390
2019-01-29 17:09:17,959 - INFO - ensemble - 92, 400
2019-01-29 17:09:17,959 - INFO - ensemble - 92, 410
2019-01-29 17:09:17,969 - INFO - ensemble - 92, 420
2019-01-29 17:09:17,969 - INFO - ensemble - 92, 430
2019-01-29 17:09:17,969 - INFO - ensemble - 92, 440
2019-01-29 17:09:17,969 - INFO - ensemble - 93, 450
2019-01-29 17:09:17,969 - INFO - ensemble - 93, 460
2019-01-29 17:09:17,977 - INFO - ensemble - 93, 470
2019-01-29 17:09:17,979 - INFO - ensemble - 94, 480
2019-01-29 17:09:17,979 - INFO - ensemble - 94, 490
2019-01-29 17:09:17,979 - INFO - ensemble - 95, 500
2019-01-29 17:09:17,979 - INFO - ensemble - 96, 510
2019-01-29 17:09:17,979 - INFO - ensemble - 97, 520
2019-01-29 17:09:17,987 - INFO - ensemble - 97, 530
2019-01-29 17:09:17,989 - INFO - ensemble - 97, 540
2019-01-29 17:09:17,989 - INFO - ensemble - 98, 550
2019-01-29 17:09:17,989 - INFO - ensemble - 98, 560
2019-01-29 17:09:17,989 - INFO - ensemble - 98, 570
2019-01-29 17:09:17,997 - INFO - ensemble - 98, 580
2019-01-29 17:09:17,997 - INFO - ensemble - 99, 590
2019-01-29 17:09:17,999 - INFO - ensemble - 99, 600
2019-01-29 17:09:17,999 - INFO - ensemble - 100, 610
2019-01-29 17:09:17,999 - INFO - ensemble - 100, 620
2019-01-29 17:09:17,999 - INFO - ensemble - 100, 630
2019-01-29 17:09:18,007 - INFO - ensemble - 100, 640
2019-01-29 17:09:18,010 - INFO - ensemble - 100, 650
2019-01-29 17:09:18,010 - INFO - ensemble - 100, 660
2019-01-29 17:09:18,010 - INFO - ensemble - 100, 670
2019-01-29 17:09:18,010 - INFO - ensemble - 100, 680
2019-01-29 17:09:18,010 - INFO - ensemble - 100, 690
2019-01-29 17:09:18,018 - INFO - ensemble - 100, 700
2019-01-29 17:09:18,020 - INFO - ensemble - 100, 710
2019-01-29 17:09:18,020 - INFO - ensemble - 100, 720
2019-01-29 17:09:18,020 - INFO - ensemble - 100, 730
2019-01-29 17:09:18,020 - INFO - ensemble - 100, 740
2019-01-29 17:09:18,020 - INFO - ensemble - 100, 750
2019-01-29 17:09:18,028 - INFO - ensemble - 100, 760
2019-01-29 17:09:18,030 - INFO - ensemble - 100, 770
2019-01-29 17:09:18,030 - INFO - ensemble - 100, 780
2019-01-29 17:09:18,030 - INFO - ensemble - 100, 790
2019-01-29 17:09:18,030 - INFO - ensemble - 100, 800
2019-01-29 17:09:18,038 - INFO - ensemble - 100, 810
2019-01-29 17:09:18,038 - INFO - ensemble - 100, 820
2019-01-29 17:09:18,040 - INFO - ensemble - 100, 830
2019-01-29 17:09:18,040 - INFO - ensemble - 100, 840
2019-01-29 17:09:18,040 - INFO - ensemble - 100, 850
2019-01-29 17:09:18,040 - INFO - ensemble - 100, 860
2019-01-29 17:09:18,048 - INFO - ensemble - 100, 870
2019-01-29 17:09:18,050 - INFO - ensemble - 100, 880
2019-01-29 17:09:18,050 - INFO - ensemble - 100, 890
2019-01-29 17:09:18,050 - INFO - ensemble - 100, 900
2019-01-29 17:09:18,050 - INFO - ensemble - 100, 910
2019-01-29 17:09:18,050 - INFO - ensemble - 100, 920
2019-01-29 17:09:18,058 - INFO - ensemble - 100, 930
2019-01-29 17:09:18,061 - INFO - ensemble - 100, 940
2019-01-29 17:09:18,061 - INFO - ensemble - 100, 950
2019-01-29 17:09:18,061 - INFO - ensemble - 100, 960
2019-01-29 17:09:18,061 - INFO - ensemble - 100, 970
2019-01-29 17:09:18,061 - INFO - ensemble - 100, 980
2019-01-29 17:09:18,071 - INFO - ensemble - 100, 990
2019-01-29 17:09:18,071 - INFO - ensemble - 101, 1000
2019-01-29 17:09:18,071 - INFO - ensemble - 101, 1010
2019-01-29 17:09:18,071 - INFO - ensemble - 101, 1020
2019-01-29 17:09:18,071 - INFO - ensemble - 101, 1030
2019-01-29 17:09:18,079 - INFO - ensemble - 101, 1040
2019-01-29 17:09:18,079 - INFO - ensemble - 101, 1050
2019-01-29 17:09:18,079 - INFO - ensemble - 101, 1060
2019-01-29 17:09:18,079 - INFO - ensemble - 101, 1070
2019-01-29 17:09:18,079 - INFO - ensemble - 101, 1080
2019-01-29 17:09:18,079 - INFO - ensemble - 101, 1090
2019-01-29 17:09:18,089 - INFO - ensemble - 101, 1100
2019-01-29 17:09:18,091 - INFO - ensemble - 101, 1110
2019-01-29 17:09:18,091 - INFO - ensemble - 101, 1120
2019-01-29 17:09:18,091 - INFO - ensemble - 101, 1130
2019-01-29 17:09:18,091 - INFO - ensemble - 101, 1140
2019-01-29 17:09:18,099 - INFO - ensemble - 101, 1150
2019-01-29 17:09:18,101 - INFO - ensemble - 103, 1160
2019-01-29 17:09:18,101 - INFO - ensemble - 103, 1170
2019-01-29 17:09:18,101 - INFO - ensemble - 103, 1180
2019-01-29 17:09:18,101 - INFO - ensemble - 103, 1190
2019-01-29 17:09:18,101 - INFO - ensemble - 103, 1200
2019-01-29 17:09:18,109 - INFO - ensemble - 103, 1210
2019-01-29 17:09:18,111 - INFO - ensemble - 103, 1220
2019-01-29 17:09:18,111 - INFO - ensemble - 103, 1230
2019-01-29 17:09:18,111 - INFO - ensemble - 104, 1240
2019-01-29 17:09:18,111 - INFO - ensemble - 104, 1250
2019-01-29 17:09:18,119 - INFO - ensemble - 104, 1260
2019-01-29 17:09:18,121 - INFO - ensemble - 104, 1270
2019-01-29 17:09:18,121 - INFO - ensemble - 104, 1280
2019-01-29 17:09:18,121 - INFO - ensemble - 104, 1290
2019-01-29 17:09:18,121 - INFO - ensemble - 104, 1300
2019-01-29 17:09:18,121 - INFO - ensemble - 104, 1310
2019-01-29 17:09:18,132 - INFO - ensemble - 104, 1320
2019-01-29 17:09:18,132 - INFO - ensemble - 105, 1330
2019-01-29 17:09:18,132 - INFO - ensemble - 105, 1340
2019-01-29 17:09:18,132 - INFO - ensemble - 105, 1350
2019-01-29 17:09:18,132 - INFO - ensemble - 105, 1360
2019-01-29 17:09:18,140 - INFO - ensemble - 105, 1370
2019-01-29 17:09:18,142 - INFO - ensemble - 105, 1380
2019-01-29 17:09:18,142 - INFO - ensemble - 105, 1390
2019-01-29 17:09:18,142 - INFO - ensemble - 105, 1400
2019-01-29 17:09:18,142 - INFO - ensemble - 105, 1410
2019-01-29 17:09:18,142 - INFO - ensemble - 105, 1420
2019-01-29 17:09:18,152 - INFO - ensemble - 105, 1430
2019-01-29 17:09:18,152 - INFO - ensemble - 105, 1440
2019-01-29 17:09:18,152 - INFO - ensemble - 105, 1450
2019-01-29 17:09:18,152 - INFO - ensemble - 105, 1460
2019-01-29 17:09:18,152 - INFO - ensemble - 105, 1470
2019-01-29 17:09:18,160 - INFO - ensemble - 105, 1480
2019-01-29 17:09:18,162 - INFO - ensemble - 105, 1490
2019-01-29 17:09:18,162 - INFO - ensemble - 105, 1500
2019-01-29 17:09:18,162 - INFO - ensemble - 105, 1510
2019-01-29 17:09:18,162 - INFO - ensemble - 105, 1520
2019-01-29 17:09:18,170 - INFO - ensemble - 105, 1530
2019-01-29 17:09:18,172 - INFO - ensemble - 105, 1540
2019-01-29 17:09:18,172 - INFO - ensemble - 105, 1550
2019-01-29 17:09:18,172 - INFO - ensemble - 106, 1560
2019-01-29 17:09:18,172 - INFO - ensemble - 106, 1570
2019-01-29 17:09:18,172 - INFO - ensemble - 106, 1580
2019-01-29 17:09:18,181 - INFO - ensemble - 107, 1590
2019-01-29 17:09:18,183 - INFO - ensemble - 108, 1600
2019-01-29 17:09:18,183 - INFO - ensemble - 108, 1610
2019-01-29 17:09:18,183 - INFO - ensemble - 108, 1620
2019-01-29 17:09:18,183 - INFO - ensemble - 108, 1630
2019-01-29 17:09:18,183 - INFO - ensemble - 108, 1640
2019-01-29 17:09:18,193 - INFO - ensemble - 108, 1650
2019-01-29 17:09:18,193 - INFO - ensemble - 108, 1660
2019-01-29 17:09:18,193 - INFO - ensemble - 108, 1670
2019-01-29 17:09:18,193 - INFO - ensemble - 108, 1680
2019-01-29 17:09:18,193 - INFO - ensemble - 108, 1690
2019-01-29 17:09:18,201 - INFO - ensemble - 108, 1700
2019-01-29 17:09:18,203 - INFO - ensemble - 108, 1710
2019-01-29 17:09:18,203 - INFO - ensemble - 108, 1720
2019-01-29 17:09:18,203 - INFO - ensemble - 108, 1730
2019-01-29 17:09:18,203 - INFO - ensemble - 108, 1740
2019-01-29 17:09:18,211 - INFO - ensemble - 108, 1750
2019-01-29 17:09:18,213 - INFO - ensemble - 108, 1760
2019-01-29 17:09:18,213 - INFO - ensemble - 108, 1770
2019-01-29 17:09:18,213 - INFO - ensemble - 108, 1780
2019-01-29 17:09:18,213 - INFO - ensemble - 108, 1790
2019-01-29 17:09:18,213 - INFO - ensemble - 108, 1800
2019-01-29 17:09:18,221 - INFO - ensemble - 108, 1810
2019-01-29 17:09:18,223 - INFO - ensemble - 108, 1820
2019-01-29 17:09:18,223 - INFO - ensemble - 108, 1830
2019-01-29 17:09:18,223 - INFO - ensemble - 108, 1840
2019-01-29 17:09:18,223 - INFO - ensemble - 108, 1850
2019-01-29 17:09:18,231 - INFO - ensemble - 108, 1860
2019-01-29 17:09:18,233 - INFO - ensemble - 109, 1870
2019-01-29 17:09:18,235 - INFO - ensemble - 109, 1880
2019-01-29 17:09:18,235 - INFO - ensemble - 109, 1890
2019-01-29 17:09:18,235 - INFO - ensemble - 109, 1900
2019-01-29 17:09:18,242 - INFO - ensemble - 109, 1910
2019-01-29 17:09:18,242 - INFO - ensemble - 109, 1920
2019-01-29 17:09:18,242 - INFO - ensemble - 109, 1930
2019-01-29 17:09:18,242 - INFO - ensemble - 110, 1940
2019-01-29 17:09:18,242 - INFO - ensemble - 110, 1950
2019-01-29 17:09:18,242 - INFO - ensemble - 110, 1960
2019-01-29 17:09:18,252 - INFO - ensemble - 110, 1970
2019-01-29 17:09:18,254 - INFO - ensemble - 110, 1980
2019-01-29 17:09:18,254 - INFO - ensemble - 111, 1990
2019-01-29 17:09:18,254 - INFO - ensemble - 111, 2000
2019-01-29 17:09:18,254 - INFO - ensemble - 111, 2010
2019-01-29 17:09:18,262 - INFO - ensemble - 112, 2020
2019-01-29 17:09:18,262 - INFO - ensemble - 112, 2030
2019-01-29 17:09:18,264 - INFO - ensemble - 112, 2040
2019-01-29 17:09:18,264 - INFO - ensemble - 113, 2050
2019-01-29 17:09:18,264 - INFO - ensemble - 113, 2060
2019-01-29 17:09:18,264 - INFO - ensemble - 114, 2070
2019-01-29 17:09:18,272 - INFO - ensemble - 114, 2080
2019-01-29 17:09:18,275 - INFO - ensemble - 114, 2090
2019-01-29 17:09:18,275 - INFO - ensemble - 114, 2100
2019-01-29 17:09:18,275 - INFO - ensemble - 114, 2110
2019-01-29 17:09:18,275 - INFO - ensemble - 114, 2120
2019-01-29 17:09:18,283 - INFO - ensemble - 114, 2130
2019-01-29 17:09:18,283 - INFO - ensemble - 114, 2140
2019-01-29 17:09:18,285 - INFO - ensemble - 114, 2150
2019-01-29 17:09:18,285 - INFO - ensemble - 114, 2160
2019-01-29 17:09:18,285 - INFO - ensemble - 114, 2170
2019-01-29 17:09:18,285 - INFO - ensemble - 114, 2180
2019-01-29 17:09:18,295 - INFO - ensemble - 114, 2190
2019-01-29 17:09:18,295 - INFO - ensemble - 114, 2200
2019-01-29 17:09:18,295 - INFO - ensemble - 114, 2210
2019-01-29 17:09:18,295 - INFO - ensemble - 114, 2220
2019-01-29 17:09:18,295 - INFO - ensemble - 114, 2230
2019-01-29 17:09:18,303 - INFO - ensemble - 114, 2240
2019-01-29 17:09:18,305 - INFO - ensemble - 114, 2250
2019-01-29 17:09:18,305 - INFO - ensemble - 114, 2260
2019-01-29 17:09:18,305 - INFO - ensemble - 114, 2270
2019-01-29 17:09:18,305 - INFO - ensemble - 114, 2280
2019-01-29 17:09:18,313 - INFO - ensemble - 114, 2290
2019-01-29 17:09:18,315 - INFO - ensemble - 114, 2300
2019-01-29 17:09:18,315 - INFO - ensemble - 114, 2310
2019-01-29 17:09:18,315 - INFO - ensemble - 114, 2320
2019-01-29 17:09:18,315 - INFO - ensemble - 114, 2330
2019-01-29 17:09:18,323 - INFO - ensemble - 115, 2340
2019-01-29 17:09:18,323 - INFO - ensemble - 115, 2350
2019-01-29 17:09:18,326 - INFO - ensemble - 115, 2360
2019-01-29 17:09:18,326 - INFO - ensemble - 116, 2370
2019-01-29 17:09:18,326 - INFO - ensemble - 116, 2380
2019-01-29 17:09:18,326 - INFO - ensemble - 117, 2390
2019-01-29 17:09:18,334 - INFO - ensemble - 117, 2400
2019-01-29 17:09:18,336 - INFO - ensemble - 117, 2410
2019-01-29 17:09:18,336 - INFO - ensemble - 117, 2420
2019-01-29 17:09:18,336 - INFO - ensemble - 117, 2430
2019-01-29 17:09:18,336 - INFO - ensemble - 117, 2440
2019-01-29 17:09:18,344 - INFO - ensemble - 117, 2450
2019-01-29 17:09:18,346 - INFO - ensemble - 117, 2460
2019-01-29 17:09:18,346 - INFO - ensemble - 117, 2470
2019-01-29 17:09:18,346 - INFO - ensemble - 117, 2480
2019-01-29 17:09:18,346 - INFO - ensemble - 117, 2490
2019-01-29 17:09:18,354 - INFO - ensemble - 117, 2500
2019-01-29 17:09:18,356 - INFO - ensemble - 117, 2510
2019-01-29 17:09:18,356 - INFO - ensemble - 118, 2520
2019-01-29 17:09:18,356 - INFO - ensemble - 118, 2530
2019-01-29 17:09:18,356 - INFO - ensemble - 118, 2540
2019-01-29 17:09:18,364 - INFO - ensemble - 118, 2550
2019-01-29 17:09:18,366 - INFO - ensemble - 118, 2560
2019-01-29 17:09:18,366 - INFO - ensemble - 118, 2570
2019-01-29 17:09:18,366 - INFO - ensemble - 118, 2580
2019-01-29 17:09:18,366 - INFO - ensemble - 118, 2590
2019-01-29 17:09:18,366 - INFO - ensemble - 118, 2600
2019-01-29 17:09:18,374 - INFO - ensemble - 118, 2610
2019-01-29 17:09:18,376 - INFO - ensemble - 118, 2620
2019-01-29 17:09:18,376 - INFO - ensemble - 118, 2630
2019-01-29 17:09:18,376 - INFO - ensemble - 119, 2640
2019-01-29 17:09:18,376 - INFO - ensemble - 119, 2650
2019-01-29 17:09:18,385 - INFO - ensemble - 119, 2660
2019-01-29 17:09:18,387 - INFO - ensemble - 119, 2670
2019-01-29 17:09:18,387 - INFO - ensemble - 119, 2680
2019-01-29 17:09:18,387 - INFO - ensemble - 119, 2690
2019-01-29 17:09:18,387 - INFO - ensemble - 119, 2700
2019-01-29 17:09:18,395 - INFO - ensemble - 119, 2710
2019-01-29 17:09:18,397 - INFO - ensemble - 119, 2720
2019-01-29 17:09:18,397 - INFO - ensemble - 119, 2730
2019-01-29 17:09:18,397 - INFO - ensemble - 119, 2740
2019-01-29 17:09:18,397 - INFO - ensemble - 119, 2750
2019-01-29 17:09:18,405 - INFO - ensemble - 119, 2760
2019-01-29 17:09:18,407 - INFO - ensemble - 119, 2770
2019-01-29 17:09:18,407 - INFO - ensemble - 119, 2780
2019-01-29 17:09:18,407 - INFO - ensemble - 119, 2790
2019-01-29 17:09:18,407 - INFO - ensemble - 120, 2800
2019-01-29 17:09:18,407 - INFO - ensemble - 120, 2810
2019-01-29 17:09:18,417 - INFO - ensemble - 120, 2820
2019-01-29 17:09:18,417 - INFO - ensemble - 121, 2830
2019-01-29 17:09:18,417 - INFO - ensemble - 122, 2840
2019-01-29 17:09:18,417 - INFO - ensemble - 122, 2850
2019-01-29 17:09:18,425 - INFO - ensemble - 123, 2860
2019-01-29 17:09:18,427 - INFO - ensemble - 123, 2870
2019-01-29 17:09:18,427 - INFO - ensemble - 123, 2880
2019-01-29 17:09:18,427 - INFO - ensemble - 124, 2890
2019-01-29 17:09:18,427 - INFO - ensemble - 124, 2900
2019-01-29 17:09:18,435 - INFO - ensemble - 124, 2910
2019-01-29 17:09:18,437 - INFO - ensemble - 125, 2920
2019-01-29 17:09:19,433 - INFO - ensemble - ++++NEW CLF++++ ENSEMBLE_NBM
2019-01-29 17:09:19,433 - INFO - ensemble - 3, 10
2019-01-29 17:09:19,442 - INFO - ensemble - 6, 20
2019-01-29 17:09:19,444 - INFO - ensemble - 11, 30
2019-01-29 17:09:19,445 - INFO - ensemble - 14, 40
2019-01-29 17:09:19,447 - INFO - ensemble - 14, 50
2019-01-29 17:09:19,449 - INFO - ensemble - 15, 60
2019-01-29 17:09:19,451 - INFO - ensemble - 17, 70
2019-01-29 17:09:19,453 - INFO - ensemble - 21, 80
2019-01-29 17:09:19,455 - INFO - ensemble - 23, 90
2019-01-29 17:09:19,456 - INFO - ensemble - 27, 100
2019-01-29 17:09:19,458 - INFO - ensemble - 30, 110
2019-01-29 17:09:19,460 - INFO - ensemble - 30, 120
2019-01-29 17:09:19,462 - INFO - ensemble - 30, 130
2019-01-29 17:09:19,464 - INFO - ensemble - 30, 140
2019-01-29 17:09:19,466 - INFO - ensemble - 31, 150
2019-01-29 17:09:19,468 - INFO - ensemble - 31, 160
2019-01-29 17:09:19,470 - INFO - ensemble - 31, 170
2019-01-29 17:09:19,471 - INFO - ensemble - 31, 180
2019-01-29 17:09:19,473 - INFO - ensemble - 31, 190
2019-01-29 17:09:19,474 - INFO - ensemble - 31, 200
2019-01-29 17:09:19,474 - INFO - ensemble - 31, 210
2019-01-29 17:09:19,474 - INFO - ensemble - 32, 220
2019-01-29 17:09:19,474 - INFO - ensemble - 32, 230
2019-01-29 17:09:19,481 - INFO - ensemble - 33, 240
2019-01-29 17:09:19,483 - INFO - ensemble - 33, 250
2019-01-29 17:09:19,483 - INFO - ensemble - 33, 260
2019-01-29 17:09:19,483 - INFO - ensemble - 33, 270
2019-01-29 17:09:19,483 - INFO - ensemble - 33, 280
2019-01-29 17:09:19,483 - INFO - ensemble - 33, 290
2019-01-29 17:09:19,491 - INFO - ensemble - 33, 300
2019-01-29 17:09:19,493 - INFO - ensemble - 33, 310
2019-01-29 17:09:19,493 - INFO - ensemble - 33, 320
2019-01-29 17:09:19,493 - INFO - ensemble - 33, 330
2019-01-29 17:09:19,493 - INFO - ensemble - 34, 340
2019-01-29 17:09:19,501 - INFO - ensemble - 34, 350
2019-01-29 17:09:19,501 - INFO - ensemble - 34, 360
2019-01-29 17:09:19,503 - INFO - ensemble - 34, 370
2019-01-29 17:09:19,503 - INFO - ensemble - 34, 380
2019-01-29 17:09:19,503 - INFO - ensemble - 34, 390
2019-01-29 17:09:19,503 - INFO - ensemble - 34, 400
2019-01-29 17:09:19,511 - INFO - ensemble - 34, 410
2019-01-29 17:09:19,513 - INFO - ensemble - 35, 420
2019-01-29 17:09:19,513 - INFO - ensemble - 35, 430
2019-01-29 17:09:19,513 - INFO - ensemble - 35, 440
2019-01-29 17:09:19,513 - INFO - ensemble - 35, 450
2019-01-29 17:09:19,513 - INFO - ensemble - 35, 460
2019-01-29 17:09:19,521 - INFO - ensemble - 35, 470
2019-01-29 17:09:19,523 - INFO - ensemble - 35, 480
2019-01-29 17:09:19,523 - INFO - ensemble - 35, 490
2019-01-29 17:09:19,523 - INFO - ensemble - 35, 500
2019-01-29 17:09:19,523 - INFO - ensemble - 35, 510
2019-01-29 17:09:19,523 - INFO - ensemble - 35, 520
2019-01-29 17:09:19,532 - INFO - ensemble - 35, 530
2019-01-29 17:09:19,534 - INFO - ensemble - 35, 540
2019-01-29 17:09:19,534 - INFO - ensemble - 35, 550
2019-01-29 17:09:19,534 - INFO - ensemble - 35, 560
2019-01-29 17:09:19,534 - INFO - ensemble - 35, 570
2019-01-29 17:09:19,542 - INFO - ensemble - 35, 580
2019-01-29 17:09:19,544 - INFO - ensemble - 35, 590
2019-01-29 17:09:19,544 - INFO - ensemble - 35, 600
2019-01-29 17:09:19,544 - INFO - ensemble - 35, 610
2019-01-29 17:09:19,544 - INFO - ensemble - 36, 620
2019-01-29 17:09:19,544 - INFO - ensemble - 36, 630
2019-01-29 17:09:19,552 - INFO - ensemble - 36, 640
2019-01-29 17:09:19,554 - INFO - ensemble - 36, 650
2019-01-29 17:09:19,554 - INFO - ensemble - 36, 660
2019-01-29 17:09:19,554 - INFO - ensemble - 36, 670
2019-01-29 17:09:19,554 - INFO - ensemble - 36, 680
2019-01-29 17:09:19,554 - INFO - ensemble - 36, 690
2019-01-29 17:09:19,563 - INFO - ensemble - 36, 700
2019-01-29 17:09:19,565 - INFO - ensemble - 36, 710
2019-01-29 17:09:19,565 - INFO - ensemble - 36, 720
2019-01-29 17:09:19,565 - INFO - ensemble - 36, 730
2019-01-29 17:09:19,565 - INFO - ensemble - 36, 740
2019-01-29 17:09:19,565 - INFO - ensemble - 36, 750
2019-01-29 17:09:19,573 - INFO - ensemble - 36, 760
2019-01-29 17:09:19,575 - INFO - ensemble - 37, 770
2019-01-29 17:09:19,575 - INFO - ensemble - 37, 780
2019-01-29 17:09:19,575 - INFO - ensemble - 37, 790
2019-01-29 17:09:19,575 - INFO - ensemble - 37, 800
2019-01-29 17:09:19,583 - INFO - ensemble - 37, 810
2019-01-29 17:09:19,585 - INFO - ensemble - 37, 820
2019-01-29 17:09:19,585 - INFO - ensemble - 37, 830
2019-01-29 17:09:19,585 - INFO - ensemble - 37, 840
2019-01-29 17:09:19,585 - INFO - ensemble - 37, 850
2019-01-29 17:09:19,585 - INFO - ensemble - 37, 860
2019-01-29 17:09:19,593 - INFO - ensemble - 37, 870
2019-01-29 17:09:19,595 - INFO - ensemble - 37, 880
2019-01-29 17:09:19,595 - INFO - ensemble - 37, 890
2019-01-29 17:09:19,595 - INFO - ensemble - 37, 900
2019-01-29 17:09:19,595 - INFO - ensemble - 37, 910
2019-01-29 17:09:19,603 - INFO - ensemble - 37, 920
2019-01-29 17:09:19,603 - INFO - ensemble - 38, 930
2019-01-29 17:09:19,605 - INFO - ensemble - 38, 940
2019-01-29 17:09:19,605 - INFO - ensemble - 38, 950
2019-01-29 17:09:19,605 - INFO - ensemble - 38, 960
2019-01-29 17:09:19,605 - INFO - ensemble - 38, 970
2019-01-29 17:09:19,613 - INFO - ensemble - 38, 980
2019-01-29 17:09:19,615 - INFO - ensemble - 39, 990
2019-01-29 17:09:19,615 - INFO - ensemble - 39, 1000
2019-01-29 17:09:19,615 - INFO - ensemble - 39, 1010
2019-01-29 17:09:19,615 - INFO - ensemble - 39, 1020
2019-01-29 17:09:19,615 - INFO - ensemble - 40, 1030
2019-01-29 17:09:19,623 - INFO - ensemble - 41, 1040
2019-01-29 17:09:19,625 - INFO - ensemble - 41, 1050
2019-01-29 17:09:19,625 - INFO - ensemble - 43, 1060
2019-01-29 17:09:19,625 - INFO - ensemble - 43, 1070
2019-01-29 17:09:19,625 - INFO - ensemble - 44, 1080
2019-01-29 17:09:19,634 - INFO - ensemble - 45, 1090
2019-01-29 17:09:19,636 - INFO - ensemble - 46, 1100
2019-01-29 17:09:19,636 - INFO - ensemble - 47, 1110
2019-01-29 17:09:19,636 - INFO - ensemble - 48, 1120
2019-01-29 17:09:19,636 - INFO - ensemble - 48, 1130
2019-01-29 17:09:19,636 - INFO - ensemble - 49, 1140
2019-01-29 17:09:19,644 - INFO - ensemble - 49, 1150
2019-01-29 17:09:19,646 - INFO - ensemble - 49, 1160
2019-01-29 17:09:19,646 - INFO - ensemble - 50, 1170
2019-01-29 17:09:19,646 - INFO - ensemble - 50, 1180
2019-01-29 17:09:19,646 - INFO - ensemble - 50, 1190
2019-01-29 17:09:19,646 - INFO - ensemble - 50, 1200
2019-01-29 17:09:19,656 - INFO - ensemble - 51, 1210
2019-01-29 17:09:19,656 - INFO - ensemble - 51, 1220
2019-01-29 17:09:19,656 - INFO - ensemble - 51, 1230
2019-01-29 17:09:19,656 - INFO - ensemble - 51, 1240
2019-01-29 17:09:19,656 - INFO - ensemble - 51, 1250
2019-01-29 17:09:19,664 - INFO - ensemble - 51, 1260
2019-01-29 17:09:19,666 - INFO - ensemble - 51, 1270
2019-01-29 17:09:19,666 - INFO - ensemble - 53, 1280
2019-01-29 17:09:19,666 - INFO - ensemble - 53, 1290
2019-01-29 17:09:19,666 - INFO - ensemble - 53, 1300
2019-01-29 17:09:19,674 - INFO - ensemble - 53, 1310
2019-01-29 17:09:19,676 - INFO - ensemble - 53, 1320
2019-01-29 17:09:19,676 - INFO - ensemble - 53, 1330
2019-01-29 17:09:19,676 - INFO - ensemble - 55, 1340
2019-01-29 17:09:19,676 - INFO - ensemble - 55, 1350
2019-01-29 17:09:19,676 - INFO - ensemble - 55, 1360
2019-01-29 17:09:19,684 - INFO - ensemble - 55, 1370
2019-01-29 17:09:19,686 - INFO - ensemble - 55, 1380
2019-01-29 17:09:19,686 - INFO - ensemble - 56, 1390
2019-01-29 17:09:19,686 - INFO - ensemble - 57, 1400
2019-01-29 17:09:19,686 - INFO - ensemble - 58, 1410
2019-01-29 17:09:19,694 - INFO - ensemble - 58, 1420
2019-01-29 17:09:19,697 - INFO - ensemble - 59, 1430
2019-01-29 17:09:19,697 - INFO - ensemble - 59, 1440
2019-01-29 17:09:19,697 - INFO - ensemble - 61, 1450
2019-01-29 17:09:19,697 - INFO - ensemble - 62, 1460
2019-01-29 17:09:19,697 - INFO - ensemble - 63, 1470
2019-01-29 17:09:19,705 - INFO - ensemble - 63, 1480
2019-01-29 17:09:19,707 - INFO - ensemble - 63, 1490
2019-01-29 17:09:19,707 - INFO - ensemble - 64, 1500
2019-01-29 17:09:19,707 - INFO - ensemble - 64, 1510
2019-01-29 17:09:19,707 - INFO - ensemble - 64, 1520
2019-01-29 17:09:19,715 - INFO - ensemble - 64, 1530
2019-01-29 17:09:19,717 - INFO - ensemble - 65, 1540
2019-01-29 17:09:19,719 - INFO - ensemble - 65, 1550
2019-01-29 17:09:19,721 - INFO - ensemble - 65, 1560
2019-01-29 17:09:19,722 - INFO - ensemble - 66, 1570
2019-01-29 17:09:19,724 - INFO - ensemble - 66, 1580
2019-01-29 17:09:19,726 - INFO - ensemble - 66, 1590
2019-01-29 17:09:19,727 - INFO - ensemble - 67, 1600
2019-01-29 17:09:19,727 - INFO - ensemble - 67, 1610
2019-01-29 17:09:19,727 - INFO - ensemble - 67, 1620
2019-01-29 17:09:19,727 - INFO - ensemble - 67, 1630
2019-01-29 17:09:19,735 - INFO - ensemble - 67, 1640
2019-01-29 17:09:19,737 - INFO - ensemble - 67, 1650
2019-01-29 17:09:19,737 - INFO - ensemble - 68, 1660
2019-01-29 17:09:19,737 - INFO - ensemble - 68, 1670
2019-01-29 17:09:19,737 - INFO - ensemble - 69, 1680
2019-01-29 17:09:19,737 - INFO - ensemble - 69, 1690
2019-01-29 17:09:19,745 - INFO - ensemble - 69, 1700
2019-01-29 17:09:19,748 - INFO - ensemble - 69, 1710
2019-01-29 17:09:19,748 - INFO - ensemble - 69, 1720
2019-01-29 17:09:19,748 - INFO - ensemble - 69, 1730
2019-01-29 17:09:19,748 - INFO - ensemble - 70, 1740
2019-01-29 17:09:19,756 - INFO - ensemble - 70, 1750
2019-01-29 17:09:19,758 - INFO - ensemble - 70, 1760
2019-01-29 17:09:19,758 - INFO - ensemble - 70, 1770
2019-01-29 17:09:19,758 - INFO - ensemble - 70, 1780
2019-01-29 17:09:19,758 - INFO - ensemble - 71, 1790
2019-01-29 17:09:19,758 - INFO - ensemble - 71, 1800
2019-01-29 17:09:19,768 - INFO - ensemble - 72, 1810
2019-01-29 17:09:19,768 - INFO - ensemble - 72, 1820
2019-01-29 17:09:19,768 - INFO - ensemble - 73, 1830
2019-01-29 17:09:19,768 - INFO - ensemble - 73, 1840
2019-01-29 17:09:19,768 - INFO - ensemble - 75, 1850
2019-01-29 17:09:19,776 - INFO - ensemble - 76, 1860
2019-01-29 17:09:19,778 - INFO - ensemble - 77, 1870
2019-01-29 17:09:19,778 - INFO - ensemble - 77, 1880
2019-01-29 17:09:19,778 - INFO - ensemble - 77, 1890
2019-01-29 17:09:19,778 - INFO - ensemble - 78, 1900
2019-01-29 17:09:19,786 - INFO - ensemble - 78, 1910
2019-01-29 17:09:19,788 - INFO - ensemble - 78, 1920
2019-01-29 17:09:19,788 - INFO - ensemble - 78, 1930
2019-01-29 17:09:19,788 - INFO - ensemble - 78, 1940
2019-01-29 17:09:19,788 - INFO - ensemble - 78, 1950
2019-01-29 17:09:19,796 - INFO - ensemble - 79, 1960
2019-01-29 17:09:19,796 - INFO - ensemble - 79, 1970
2019-01-29 17:09:19,798 - INFO - ensemble - 81, 1980
2019-01-29 17:09:19,798 - INFO - ensemble - 81, 1990
2019-01-29 17:09:19,798 - INFO - ensemble - 83, 2000
2019-01-29 17:09:19,798 - INFO - ensemble - 83, 2010
2019-01-29 17:09:19,807 - INFO - ensemble - 83, 2020
2019-01-29 17:09:19,809 - INFO - ensemble - 84, 2030
2019-01-29 17:09:19,809 - INFO - ensemble - 84, 2040
2019-01-29 17:09:19,809 - INFO - ensemble - 84, 2050
2019-01-29 17:09:19,809 - INFO - ensemble - 85, 2060
2019-01-29 17:09:19,817 - INFO - ensemble - 85, 2070
2019-01-29 17:09:19,819 - INFO - ensemble - 85, 2080
2019-01-29 17:09:19,819 - INFO - ensemble - 85, 2090
2019-01-29 17:09:19,819 - INFO - ensemble - 85, 2100
2019-01-29 17:09:19,819 - INFO - ensemble - 85, 2110
2019-01-29 17:09:19,819 - INFO - ensemble - 85, 2120
2019-01-29 17:09:19,827 - INFO - ensemble - 86, 2130
2019-01-29 17:09:19,829 - INFO - ensemble - 86, 2140
2019-01-29 17:09:19,829 - INFO - ensemble - 86, 2150
2019-01-29 17:09:19,829 - INFO - ensemble - 86, 2160
2019-01-29 17:09:19,829 - INFO - ensemble - 86, 2170
2019-01-29 17:09:19,837 - INFO - ensemble - 86, 2180
2019-01-29 17:09:19,839 - INFO - ensemble - 86, 2190
2019-01-29 17:09:19,839 - INFO - ensemble - 86, 2200
2019-01-29 17:09:19,839 - INFO - ensemble - 86, 2210
2019-01-29 17:09:19,839 - INFO - ensemble - 86, 2220
2019-01-29 17:09:19,847 - INFO - ensemble - 87, 2230
2019-01-29 17:09:19,849 - INFO - ensemble - 87, 2240
2019-01-29 17:09:19,849 - INFO - ensemble - 87, 2250
2019-01-29 17:09:19,849 - INFO - ensemble - 87, 2260
2019-01-29 17:09:19,849 - INFO - ensemble - 88, 2270
2019-01-29 17:09:19,849 - INFO - ensemble - 89, 2280
2019-01-29 17:09:19,857 - INFO - ensemble - 89, 2290
2019-01-29 17:09:19,860 - INFO - ensemble - 89, 2300
2019-01-29 17:09:19,860 - INFO - ensemble - 89, 2310
2019-01-29 17:09:19,860 - INFO - ensemble - 89, 2320
2019-01-29 17:09:19,860 - INFO - ensemble - 89, 2330
2019-01-29 17:09:19,868 - INFO - ensemble - 89, 2340
2019-01-29 17:09:19,870 - INFO - ensemble - 89, 2350
2019-01-29 17:09:19,870 - INFO - ensemble - 89, 2360
2019-01-29 17:09:19,870 - INFO - ensemble - 89, 2370
2019-01-29 17:09:19,870 - INFO - ensemble - 89, 2380
2019-01-29 17:09:19,878 - INFO - ensemble - 89, 2390
2019-01-29 17:09:19,880 - INFO - ensemble - 89, 2400
2019-01-29 17:09:19,880 - INFO - ensemble - 89, 2410
2019-01-29 17:09:19,880 - INFO - ensemble - 89, 2420
2019-01-29 17:09:19,880 - INFO - ensemble - 89, 2430
2019-01-29 17:09:19,880 - INFO - ensemble - 89, 2440
2019-01-29 17:09:19,890 - INFO - ensemble - 89, 2450
2019-01-29 17:09:19,890 - INFO - ensemble - 90, 2460
2019-01-29 17:09:19,890 - INFO - ensemble - 90, 2470
2019-01-29 17:09:19,890 - INFO - ensemble - 90, 2480
2019-01-29 17:09:19,898 - INFO - ensemble - 90, 2490
2019-01-29 17:09:19,900 - INFO - ensemble - 91, 2500
2019-01-29 17:09:19,900 - INFO - ensemble - 91, 2510
2019-01-29 17:09:19,900 - INFO - ensemble - 91, 2520
2019-01-29 17:09:19,900 - INFO - ensemble - 91, 2530
2019-01-29 17:09:19,910 - INFO - ensemble - 91, 2540
2019-01-29 17:09:19,910 - INFO - ensemble - 91, 2550
2019-01-29 17:09:19,910 - INFO - ensemble - 93, 2560
2019-01-29 17:09:19,918 - INFO - ensemble - 94, 2570
2019-01-29 17:09:19,920 - INFO - ensemble - 94, 2580
2019-01-29 17:09:19,920 - INFO - ensemble - 94, 2590
2019-01-29 17:09:19,920 - INFO - ensemble - 94, 2600
2019-01-29 17:09:19,920 - INFO - ensemble - 94, 2610
2019-01-29 17:09:19,929 - INFO - ensemble - 94, 2620
2019-01-29 17:09:19,931 - INFO - ensemble - 94, 2630
2019-01-29 17:09:19,931 - INFO - ensemble - 94, 2640
2019-01-29 17:09:19,931 - INFO - ensemble - 94, 2650
2019-01-29 17:09:19,931 - INFO - ensemble - 95, 2660
2019-01-29 17:09:19,939 - INFO - ensemble - 95, 2670
2019-01-29 17:09:19,939 - INFO - ensemble - 95, 2680
2019-01-29 17:09:19,941 - INFO - ensemble - 95, 2690
2019-01-29 17:09:19,941 - INFO - ensemble - 96, 2700
2019-01-29 17:09:19,941 - INFO - ensemble - 98, 2710
2019-01-29 17:09:19,941 - INFO - ensemble - 98, 2720
2019-01-29 17:09:19,949 - INFO - ensemble - 99, 2730
2019-01-29 17:09:19,951 - INFO - ensemble - 100, 2740
2019-01-29 17:09:19,951 - INFO - ensemble - 101, 2750
2019-01-29 17:09:19,951 - INFO - ensemble - 101, 2760
2019-01-29 17:09:19,951 - INFO - ensemble - 101, 2770
2019-01-29 17:09:19,959 - INFO - ensemble - 101, 2780
2019-01-29 17:09:19,961 - INFO - ensemble - 101, 2790
2019-01-29 17:09:19,961 - INFO - ensemble - 101, 2800
2019-01-29 17:09:19,961 - INFO - ensemble - 101, 2810
2019-01-29 17:09:19,961 - INFO - ensemble - 101, 2820
2019-01-29 17:09:19,961 - INFO - ensemble - 101, 2830
2019-01-29 17:09:19,971 - INFO - ensemble - 101, 2840
2019-01-29 17:09:19,971 - INFO - ensemble - 101, 2850
2019-01-29 17:09:19,971 - INFO - ensemble - 102, 2860
2019-01-29 17:09:19,971 - INFO - ensemble - 103, 2870
2019-01-29 17:09:19,971 - INFO - ensemble - 104, 2880
2019-01-29 17:09:19,979 - INFO - ensemble - 104, 2890
2019-01-29 17:09:19,981 - INFO - ensemble - 104, 2900
2019-01-29 17:09:19,981 - INFO - ensemble - 104, 2910
2019-01-29 17:09:19,981 - INFO - ensemble - 105, 2920
2019-01-29 17:09:19,981 - INFO - ensemble - 105, 2930
2019-01-29 17:09:19,989 - INFO - ensemble - 107, 2940
2019-01-29 17:09:19,991 - INFO - ensemble - 107, 2950
2019-01-29 17:09:19,991 - INFO - ensemble - 107, 2960
2019-01-29 17:09:19,991 - INFO - ensemble - 107, 2970
2019-01-29 17:09:19,991 - INFO - ensemble - 107, 2980
2019-01-29 17:09:20,000 - INFO - ensemble - 107, 2990
2019-01-29 17:09:20,002 - INFO - ensemble - 107, 3000
2019-01-29 17:09:20,002 - INFO - ensemble - 107, 3010
2019-01-29 17:09:20,002 - INFO - ensemble - 107, 3020
2019-01-29 17:09:20,002 - INFO - ensemble - 107, 3030
2019-01-29 17:09:20,010 - INFO - ensemble - 107, 3040
2019-01-29 17:09:20,012 - INFO - ensemble - 107, 3050
2019-01-29 17:09:20,012 - INFO - ensemble - 107, 3060
2019-01-29 17:09:20,012 - INFO - ensemble - 107, 3070
2019-01-29 17:09:20,020 - INFO - ensemble - 107, 3080
2019-01-29 17:09:20,022 - INFO - ensemble - 108, 3090
2019-01-29 17:09:20,022 - INFO - ensemble - 108, 3100
2019-01-29 17:09:20,022 - INFO - ensemble - 108, 3110
2019-01-29 17:09:20,022 - INFO - ensemble - 108, 3120
2019-01-29 17:09:20,032 - INFO - ensemble - 110, 3130
2019-01-29 17:09:20,032 - INFO - ensemble - 111, 3140
2019-01-29 17:09:20,032 - INFO - ensemble - 111, 3150
2019-01-29 17:09:20,032 - INFO - ensemble - 111, 3160
2019-01-29 17:09:20,040 - INFO - ensemble - 111, 3170
2019-01-29 17:09:20,042 - INFO - ensemble - 111, 3180
2019-01-29 17:09:20,042 - INFO - ensemble - 111, 3190
2019-01-29 17:09:20,042 - INFO - ensemble - 112, 3200
2019-01-29 17:09:20,042 - INFO - ensemble - 113, 3210
2019-01-29 17:09:20,042 - INFO - ensemble - 113, 3220
2019-01-29 17:09:20,050 - INFO - ensemble - 113, 3230
2019-01-29 17:09:20,052 - INFO - ensemble - 114, 3240
2019-01-29 17:09:20,052 - INFO - ensemble - 114, 3250
2019-01-29 17:09:20,052 - INFO - ensemble - 114, 3260
2019-01-29 17:09:20,052 - INFO - ensemble - 114, 3270
2019-01-29 17:09:20,060 - INFO - ensemble - 114, 3280
2019-01-29 17:09:20,062 - INFO - ensemble - 114, 3290
2019-01-29 17:09:20,062 - INFO - ensemble - 115, 3300
2019-01-29 17:09:20,062 - INFO - ensemble - 115, 3310
2019-01-29 17:09:20,062 - INFO - ensemble - 115, 3320
2019-01-29 17:09:20,070 - INFO - ensemble - 115, 3330
2019-01-29 17:09:20,072 - INFO - ensemble - 115, 3340
2019-01-29 17:09:20,072 - INFO - ensemble - 116, 3350
2019-01-29 17:09:20,072 - INFO - ensemble - 116, 3360
2019-01-29 17:09:20,072 - INFO - ensemble - 116, 3370
2019-01-29 17:09:20,080 - INFO - ensemble - 116, 3380
2019-01-29 17:09:20,083 - INFO - ensemble - 116, 3390
2019-01-29 17:09:20,083 - INFO - ensemble - 116, 3400
2019-01-29 17:09:20,083 - INFO - ensemble - 116, 3410
2019-01-29 17:09:20,083 - INFO - ensemble - 116, 3420
2019-01-29 17:09:20,091 - INFO - ensemble - 116, 3430
2019-01-29 17:09:20,093 - INFO - ensemble - 116, 3440
2019-01-29 17:09:20,093 - INFO - ensemble - 117, 3450
2019-01-29 17:09:20,093 - INFO - ensemble - 118, 3460
2019-01-29 17:09:20,093 - INFO - ensemble - 118, 3470
2019-01-29 17:09:20,101 - INFO - ensemble - 118, 3480
2019-01-29 17:09:20,103 - INFO - ensemble - 119, 3490
2019-01-29 17:09:20,103 - INFO - ensemble - 119, 3500
2019-01-29 17:09:20,103 - INFO - ensemble - 120, 3510
2019-01-29 17:09:20,103 - INFO - ensemble - 120, 3520
2019-01-29 17:09:20,111 - INFO - ensemble - 120, 3530
2019-01-29 17:09:20,113 - INFO - ensemble - 120, 3540
2019-01-29 17:09:20,113 - INFO - ensemble - 120, 3550
2019-01-29 17:09:20,113 - INFO - ensemble - 120, 3560
2019-01-29 17:09:20,113 - INFO - ensemble - 120, 3570
2019-01-29 17:09:20,121 - INFO - ensemble - 121, 3580
2019-01-29 17:09:20,123 - INFO - ensemble - 121, 3590
2019-01-29 17:09:20,123 - INFO - ensemble - 121, 3600
2019-01-29 17:09:20,123 - INFO - ensemble - 121, 3610
2019-01-29 17:09:20,123 - INFO - ensemble - 121, 3620
2019-01-29 17:09:20,131 - INFO - ensemble - 121, 3630
2019-01-29 17:09:20,133 - INFO - ensemble - 121, 3640
2019-01-29 17:09:20,133 - INFO - ensemble - 122, 3650
2019-01-29 17:09:20,133 - INFO - ensemble - 122, 3660
2019-01-29 17:09:20,133 - INFO - ensemble - 123, 3670
2019-01-29 17:09:20,141 - INFO - ensemble - 123, 3680
2019-01-29 17:09:20,143 - INFO - ensemble - 124, 3690
2019-01-29 17:09:20,143 - INFO - ensemble - 124, 3700
2019-01-29 17:09:20,143 - INFO - ensemble - 125, 3710
2019-01-29 17:09:20,682 - INFO - rig - ++++NEW CLF++++ FASTREAD
2019-01-29 17:09:20,682 - INFO - fastread - Total Yes: 131 | Total No: 3967
2019-01-29 17:09:20,865 - INFO - fastread - 0, 0
2019-01-29 17:09:23,022 - INFO - fastread - 32, 36
2019-01-29 17:09:24,319 - INFO - fastread - 37, 56
2019-01-29 17:09:25,615 - INFO - fastread - 43, 76
2019-01-29 17:09:26,912 - INFO - fastread - 51, 96
2019-01-29 17:09:28,212 - INFO - fastread - 61, 116
2019-01-29 17:09:29,531 - INFO - fastread - 67, 136
2019-01-29 17:09:30,912 - INFO - fastread - 72, 156
2019-01-29 17:09:32,421 - INFO - fastread - 77, 176
2019-01-29 17:09:33,952 - INFO - fastread - 78, 196
2019-01-29 17:09:35,338 - INFO - fastread - 81, 216
2019-01-29 17:09:36,759 - INFO - fastread - 81, 236
2019-01-29 17:09:38,270 - INFO - fastread - 82, 256
2019-01-29 17:09:39,858 - INFO - fastread - 85, 276
2019-01-29 17:09:41,349 - INFO - fastread - 87, 296
2019-01-29 17:09:42,849 - INFO - fastread - 88, 316
2019-01-29 17:09:44,373 - INFO - fastread - 89, 336
2019-01-29 17:09:45,891 - INFO - fastread - 90, 356
2019-01-29 17:09:47,455 - INFO - fastread - 93, 376
2019-01-29 17:09:49,066 - INFO - fastread - 93, 396
2019-01-29 17:09:50,599 - INFO - fastread - 94, 416
2019-01-29 17:09:52,183 - INFO - fastread - 95, 436
2019-01-29 17:09:53,778 - INFO - fastread - 95, 456
2019-01-29 17:09:55,373 - INFO - fastread - 96, 476
2019-01-29 17:09:57,002 - INFO - fastread - 97, 496
2019-01-29 17:09:58,635 - INFO - fastread - 98, 516
2019-01-29 17:10:00,180 - INFO - fastread - 98, 536
2019-01-29 17:10:01,754 - INFO - fastread - 99, 556
2019-01-29 17:10:03,284 - INFO - fastread - 99, 576
2019-01-29 17:10:04,831 - INFO - fastread - 100, 596
2019-01-29 17:10:06,441 - INFO - fastread - 101, 616
2019-01-29 17:10:08,100 - INFO - fastread - 102, 636
