2019-01-29 17:03:06,112 - INFO - rig - columba-1.4-src
2019-01-29 17:03:08,700 - INFO - ensemble - ++++NEW CLF++++ ENSEMBLE_DT
2019-01-29 17:03:41,337 - INFO - rig - columba-1.4-src
2019-01-29 17:03:43,933 - INFO - ensemble - ++++NEW CLF++++ ENSEMBLE_DT
2019-01-29 17:04:09,555 - INFO - rig - columba-1.4-src
2019-01-29 17:04:12,062 - INFO - ensemble - ++++NEW CLF++++ ENSEMBLE_DT
2019-01-29 17:04:12,072 - INFO - ensemble - 9, 10
2019-01-29 17:04:12,072 - INFO - ensemble - 19, 20
2019-01-29 17:04:12,072 - INFO - ensemble - 28, 30
2019-01-29 17:04:12,072 - INFO - ensemble - 38, 40
2019-01-29 17:04:12,080 - INFO - ensemble - 47, 50
2019-01-29 17:04:12,082 - INFO - ensemble - 57, 60
2019-01-29 17:04:12,082 - INFO - ensemble - 67, 70
2019-01-29 17:04:12,082 - INFO - ensemble - 77, 80
2019-01-29 17:04:12,090 - INFO - ensemble - 87, 90
2019-01-29 17:04:12,092 - INFO - ensemble - 97, 100
2019-01-29 17:04:12,092 - INFO - ensemble - 106, 110
2019-01-29 17:04:12,100 - INFO - ensemble - 115, 120
2019-01-29 17:04:12,102 - INFO - ensemble - 124, 130
2019-01-29 17:04:12,102 - INFO - ensemble - 131, 140
2019-01-29 17:04:12,102 - INFO - ensemble - 140, 150
2019-01-29 17:04:12,102 - INFO - ensemble - 149, 160
2019-01-29 17:04:12,110 - INFO - ensemble - 159, 170
2019-01-29 17:04:12,110 - INFO - ensemble - 169, 180
2019-01-29 17:04:12,110 - INFO - ensemble - 177, 190
2019-01-29 17:04:12,110 - INFO - ensemble - 181, 200
2019-01-29 17:04:12,110 - INFO - ensemble - 181, 210
2019-01-29 17:04:12,120 - INFO - ensemble - 182, 220
2019-01-29 17:04:12,122 - INFO - ensemble - 182, 230
2019-01-29 17:04:12,122 - INFO - ensemble - 184, 240
2019-01-29 17:04:12,122 - INFO - ensemble - 184, 250
2019-01-29 17:04:12,122 - INFO - ensemble - 184, 260
2019-01-29 17:04:12,130 - INFO - ensemble - 186, 270
2019-01-29 17:04:12,132 - INFO - ensemble - 186, 280
2019-01-29 17:04:12,132 - INFO - ensemble - 187, 290
2019-01-29 17:04:12,132 - INFO - ensemble - 187, 300
2019-01-29 17:04:12,132 - INFO - ensemble - 188, 310
2019-01-29 17:04:12,140 - INFO - ensemble - 189, 320
2019-01-29 17:04:12,143 - INFO - ensemble - 190, 330
2019-01-29 17:04:12,143 - INFO - ensemble - 191, 340
2019-01-29 17:04:12,143 - INFO - ensemble - 192, 350
2019-01-29 17:04:12,143 - INFO - ensemble - 192, 360
2019-01-29 17:04:12,151 - INFO - ensemble - 192, 370
2019-01-29 17:04:12,153 - INFO - ensemble - 192, 380
2019-01-29 17:04:12,153 - INFO - ensemble - 192, 390
2019-01-29 17:04:12,153 - INFO - ensemble - 192, 400
2019-01-29 17:04:12,153 - INFO - ensemble - 192, 410
2019-01-29 17:04:12,161 - INFO - ensemble - 192, 420
2019-01-29 17:04:12,163 - INFO - ensemble - 192, 430
2019-01-29 17:04:12,163 - INFO - ensemble - 192, 440
2019-01-29 17:04:12,163 - INFO - ensemble - 193, 450
2019-01-29 17:04:12,163 - INFO - ensemble - 193, 460
2019-01-29 17:04:12,171 - INFO - ensemble - 193, 470
2019-01-29 17:04:12,173 - INFO - ensemble - 193, 480
2019-01-29 17:04:12,173 - INFO - ensemble - 193, 490
2019-01-29 17:04:12,173 - INFO - ensemble - 194, 500
2019-01-29 17:04:13,263 - INFO - ensemble - ++++NEW CLF++++ ENSEMBLE_NBM
2019-01-29 17:04:13,271 - INFO - ensemble - 5, 10
2019-01-29 17:04:13,273 - INFO - ensemble - 14, 20
2019-01-29 17:04:13,273 - INFO - ensemble - 24, 30
2019-01-29 17:04:13,273 - INFO - ensemble - 34, 40
2019-01-29 17:04:13,273 - INFO - ensemble - 42, 50
2019-01-29 17:04:13,281 - INFO - ensemble - 47, 60
2019-01-29 17:04:13,283 - INFO - ensemble - 55, 70
2019-01-29 17:04:13,283 - INFO - ensemble - 62, 80
2019-01-29 17:04:13,283 - INFO - ensemble - 70, 90
2019-01-29 17:04:13,283 - INFO - ensemble - 76, 100
2019-01-29 17:04:13,292 - INFO - ensemble - 82, 110
2019-01-29 17:04:13,294 - INFO - ensemble - 86, 120
2019-01-29 17:04:13,294 - INFO - ensemble - 91, 130
2019-01-29 17:04:13,294 - INFO - ensemble - 95, 140
2019-01-29 17:04:13,294 - INFO - ensemble - 99, 150
2019-01-29 17:04:13,302 - INFO - ensemble - 109, 160
2019-01-29 17:04:13,304 - INFO - ensemble - 114, 170
2019-01-29 17:04:13,304 - INFO - ensemble - 114, 180
2019-01-29 17:04:13,304 - INFO - ensemble - 114, 190
2019-01-29 17:04:13,304 - INFO - ensemble - 114, 200
2019-01-29 17:04:13,312 - INFO - ensemble - 114, 210
2019-01-29 17:04:13,314 - INFO - ensemble - 114, 220
2019-01-29 17:04:13,314 - INFO - ensemble - 114, 230
2019-01-29 17:04:13,314 - INFO - ensemble - 115, 240
2019-01-29 17:04:13,314 - INFO - ensemble - 117, 250
2019-01-29 17:04:13,322 - INFO - ensemble - 117, 260
2019-01-29 17:04:13,324 - INFO - ensemble - 117, 270
2019-01-29 17:04:13,324 - INFO - ensemble - 117, 280
2019-01-29 17:04:13,324 - INFO - ensemble - 117, 290
2019-01-29 17:04:13,324 - INFO - ensemble - 117, 300
2019-01-29 17:04:13,332 - INFO - ensemble - 117, 310
2019-01-29 17:04:13,335 - INFO - ensemble - 117, 320
2019-01-29 17:04:13,335 - INFO - ensemble - 118, 330
2019-01-29 17:04:13,335 - INFO - ensemble - 118, 340
2019-01-29 17:04:13,335 - INFO - ensemble - 118, 350
2019-01-29 17:04:13,343 - INFO - ensemble - 118, 360
2019-01-29 17:04:13,345 - INFO - ensemble - 118, 370
2019-01-29 17:04:13,345 - INFO - ensemble - 118, 380
2019-01-29 17:04:13,345 - INFO - ensemble - 118, 390
2019-01-29 17:04:13,345 - INFO - ensemble - 119, 400
2019-01-29 17:04:13,353 - INFO - ensemble - 119, 410
2019-01-29 17:04:13,355 - INFO - ensemble - 119, 420
2019-01-29 17:04:13,355 - INFO - ensemble - 119, 430
2019-01-29 17:04:13,355 - INFO - ensemble - 119, 440
2019-01-29 17:04:13,355 - INFO - ensemble - 120, 450
2019-01-29 17:04:13,363 - INFO - ensemble - 120, 460
2019-01-29 17:04:13,365 - INFO - ensemble - 120, 470
2019-01-29 17:04:13,365 - INFO - ensemble - 120, 480
2019-01-29 17:04:13,365 - INFO - ensemble - 120, 490
2019-01-29 17:04:13,365 - INFO - ensemble - 120, 500
2019-01-29 17:04:13,373 - INFO - ensemble - 121, 510
2019-01-29 17:04:13,375 - INFO - ensemble - 121, 520
2019-01-29 17:04:13,375 - INFO - ensemble - 121, 530
2019-01-29 17:04:13,375 - INFO - ensemble - 121, 540
2019-01-29 17:04:13,375 - INFO - ensemble - 121, 550
2019-01-29 17:04:13,383 - INFO - ensemble - 121, 560
2019-01-29 17:04:13,385 - INFO - ensemble - 121, 570
2019-01-29 17:04:13,385 - INFO - ensemble - 122, 580
2019-01-29 17:04:13,385 - INFO - ensemble - 122, 590
2019-01-29 17:04:13,385 - INFO - ensemble - 122, 600
2019-01-29 17:04:13,393 - INFO - ensemble - 122, 610
2019-01-29 17:04:13,396 - INFO - ensemble - 123, 620
2019-01-29 17:04:13,396 - INFO - ensemble - 124, 630
2019-01-29 17:04:13,396 - INFO - ensemble - 124, 640
2019-01-29 17:04:13,396 - INFO - ensemble - 124, 650
2019-01-29 17:04:13,404 - INFO - ensemble - 124, 660
2019-01-29 17:04:13,406 - INFO - ensemble - 124, 670
2019-01-29 17:04:13,406 - INFO - ensemble - 124, 680
2019-01-29 17:04:13,406 - INFO - ensemble - 124, 690
2019-01-29 17:04:13,406 - INFO - ensemble - 124, 700
2019-01-29 17:04:13,414 - INFO - ensemble - 124, 710
2019-01-29 17:04:13,417 - INFO - ensemble - 124, 720
2019-01-29 17:04:13,417 - INFO - ensemble - 124, 730
2019-01-29 17:04:13,417 - INFO - ensemble - 124, 740
2019-01-29 17:04:13,417 - INFO - ensemble - 125, 750
2019-01-29 17:04:13,424 - INFO - ensemble - 125, 760
2019-01-29 17:04:13,426 - INFO - ensemble - 127, 770
2019-01-29 17:04:13,426 - INFO - ensemble - 127, 780
2019-01-29 17:04:13,426 - INFO - ensemble - 127, 790
2019-01-29 17:04:13,426 - INFO - ensemble - 127, 800
2019-01-29 17:04:13,434 - INFO - ensemble - 127, 810
2019-01-29 17:04:13,437 - INFO - ensemble - 127, 820
2019-01-29 17:04:13,437 - INFO - ensemble - 127, 830
2019-01-29 17:04:13,437 - INFO - ensemble - 128, 840
2019-01-29 17:04:13,437 - INFO - ensemble - 128, 850
2019-01-29 17:04:13,445 - INFO - ensemble - 128, 860
2019-01-29 17:04:13,447 - INFO - ensemble - 128, 870
2019-01-29 17:04:13,447 - INFO - ensemble - 128, 880
2019-01-29 17:04:13,447 - INFO - ensemble - 128, 890
2019-01-29 17:04:13,447 - INFO - ensemble - 128, 900
2019-01-29 17:04:13,455 - INFO - ensemble - 128, 910
2019-01-29 17:04:13,457 - INFO - ensemble - 129, 920
2019-01-29 17:04:13,457 - INFO - ensemble - 129, 930
2019-01-29 17:04:13,457 - INFO - ensemble - 132, 940
2019-01-29 17:04:13,457 - INFO - ensemble - 132, 950
2019-01-29 17:04:13,465 - INFO - ensemble - 132, 960
2019-01-29 17:04:13,467 - INFO - ensemble - 133, 970
2019-01-29 17:04:13,467 - INFO - ensemble - 133, 980
2019-01-29 17:04:13,467 - INFO - ensemble - 133, 990
2019-01-29 17:04:13,467 - INFO - ensemble - 133, 1000
2019-01-29 17:04:13,475 - INFO - ensemble - 133, 1010
2019-01-29 17:04:13,477 - INFO - ensemble - 133, 1020
2019-01-29 17:04:13,477 - INFO - ensemble - 133, 1030
2019-01-29 17:04:13,477 - INFO - ensemble - 133, 1040
2019-01-29 17:04:13,486 - INFO - ensemble - 133, 1050
2019-01-29 17:04:13,488 - INFO - ensemble - 133, 1060
2019-01-29 17:04:13,488 - INFO - ensemble - 134, 1070
2019-01-29 17:04:13,488 - INFO - ensemble - 134, 1080
2019-01-29 17:04:13,488 - INFO - ensemble - 134, 1090
2019-01-29 17:04:13,488 - INFO - ensemble - 134, 1100
2019-01-29 17:04:13,498 - INFO - ensemble - 134, 1110
2019-01-29 17:04:13,498 - INFO - ensemble - 134, 1120
2019-01-29 17:04:13,498 - INFO - ensemble - 134, 1130
2019-01-29 17:04:13,498 - INFO - ensemble - 134, 1140
2019-01-29 17:04:13,506 - INFO - ensemble - 134, 1150
2019-01-29 17:04:13,508 - INFO - ensemble - 134, 1160
2019-01-29 17:04:13,508 - INFO - ensemble - 134, 1170
2019-01-29 17:04:13,508 - INFO - ensemble - 134, 1180
2019-01-29 17:04:13,508 - INFO - ensemble - 134, 1190
2019-01-29 17:04:13,518 - INFO - ensemble - 134, 1200
2019-01-29 17:04:13,518 - INFO - ensemble - 134, 1210
2019-01-29 17:04:13,518 - INFO - ensemble - 134, 1220
2019-01-29 17:04:13,518 - INFO - ensemble - 134, 1230
2019-01-29 17:04:13,526 - INFO - ensemble - 134, 1240
2019-01-29 17:04:13,529 - INFO - ensemble - 134, 1250
2019-01-29 17:04:13,529 - INFO - ensemble - 134, 1260
2019-01-29 17:04:13,529 - INFO - ensemble - 134, 1270
2019-01-29 17:04:13,529 - INFO - ensemble - 134, 1280
2019-01-29 17:04:13,539 - INFO - ensemble - 134, 1290
2019-01-29 17:04:13,539 - INFO - ensemble - 134, 1300
2019-01-29 17:04:13,539 - INFO - ensemble - 134, 1310
2019-01-29 17:04:13,539 - INFO - ensemble - 134, 1320
2019-01-29 17:04:13,547 - INFO - ensemble - 134, 1330
2019-01-29 17:04:13,549 - INFO - ensemble - 134, 1340
2019-01-29 17:04:13,549 - INFO - ensemble - 134, 1350
2019-01-29 17:04:13,549 - INFO - ensemble - 134, 1360
2019-01-29 17:04:13,549 - INFO - ensemble - 134, 1370
2019-01-29 17:04:13,557 - INFO - ensemble - 135, 1380
2019-01-29 17:04:13,559 - INFO - ensemble - 135, 1390
2019-01-29 17:04:13,559 - INFO - ensemble - 135, 1400
2019-01-29 17:04:13,559 - INFO - ensemble - 135, 1410
2019-01-29 17:04:13,559 - INFO - ensemble - 135, 1420
2019-01-29 17:04:13,567 - INFO - ensemble - 135, 1430
2019-01-29 17:04:13,567 - INFO - ensemble - 135, 1440
2019-01-29 17:04:13,567 - INFO - ensemble - 136, 1450
2019-01-29 17:04:13,567 - INFO - ensemble - 136, 1460
2019-01-29 17:04:13,567 - INFO - ensemble - 136, 1470
2019-01-29 17:04:13,577 - INFO - ensemble - 136, 1480
2019-01-29 17:04:13,579 - INFO - ensemble - 136, 1490
2019-01-29 17:04:13,579 - INFO - ensemble - 136, 1500
2019-01-29 17:04:13,579 - INFO - ensemble - 136, 1510
2019-01-29 17:04:13,579 - INFO - ensemble - 136, 1520
2019-01-29 17:04:13,587 - INFO - ensemble - 136, 1530
2019-01-29 17:04:13,590 - INFO - ensemble - 136, 1540
2019-01-29 17:04:13,590 - INFO - ensemble - 136, 1550
2019-01-29 17:04:13,590 - INFO - ensemble - 136, 1560
2019-01-29 17:04:13,590 - INFO - ensemble - 136, 1570
2019-01-29 17:04:13,600 - INFO - ensemble - 136, 1580
2019-01-29 17:04:13,600 - INFO - ensemble - 136, 1590
2019-01-29 17:04:13,600 - INFO - ensemble - 136, 1600
2019-01-29 17:04:13,600 - INFO - ensemble - 136, 1610
2019-01-29 17:04:13,608 - INFO - ensemble - 136, 1620
2019-01-29 17:04:13,610 - INFO - ensemble - 137, 1630
2019-01-29 17:04:13,610 - INFO - ensemble - 137, 1640
2019-01-29 17:04:13,610 - INFO - ensemble - 137, 1650
2019-01-29 17:04:13,610 - INFO - ensemble - 137, 1660
2019-01-29 17:04:13,618 - INFO - ensemble - 137, 1670
2019-01-29 17:04:13,620 - INFO - ensemble - 137, 1680
2019-01-29 17:04:13,620 - INFO - ensemble - 137, 1690
2019-01-29 17:04:13,620 - INFO - ensemble - 137, 1700
2019-01-29 17:04:13,620 - INFO - ensemble - 137, 1710
2019-01-29 17:04:13,628 - INFO - ensemble - 138, 1720
2019-01-29 17:04:13,630 - INFO - ensemble - 138, 1730
2019-01-29 17:04:13,630 - INFO - ensemble - 139, 1740
2019-01-29 17:04:13,630 - INFO - ensemble - 139, 1750
2019-01-29 17:04:13,638 - INFO - ensemble - 139, 1760
2019-01-29 17:04:13,640 - INFO - ensemble - 139, 1770
2019-01-29 17:04:13,640 - INFO - ensemble - 139, 1780
2019-01-29 17:04:13,640 - INFO - ensemble - 139, 1790
2019-01-29 17:04:13,640 - INFO - ensemble - 140, 1800
2019-01-29 17:04:13,648 - INFO - ensemble - 140, 1810
2019-01-29 17:04:13,650 - INFO - ensemble - 140, 1820
2019-01-29 17:04:13,650 - INFO - ensemble - 140, 1830
2019-01-29 17:04:13,650 - INFO - ensemble - 140, 1840
2019-01-29 17:04:13,650 - INFO - ensemble - 140, 1850
2019-01-29 17:04:13,658 - INFO - ensemble - 140, 1860
2019-01-29 17:04:13,661 - INFO - ensemble - 140, 1870
2019-01-29 17:04:13,661 - INFO - ensemble - 141, 1880
2019-01-29 17:04:13,661 - INFO - ensemble - 141, 1890
2019-01-29 17:04:13,661 - INFO - ensemble - 142, 1900
2019-01-29 17:04:13,669 - INFO - ensemble - 142, 1910
2019-01-29 17:04:13,671 - INFO - ensemble - 142, 1920
2019-01-29 17:04:13,671 - INFO - ensemble - 143, 1930
2019-01-29 17:04:13,671 - INFO - ensemble - 143, 1940
2019-01-29 17:04:13,671 - INFO - ensemble - 143, 1950
2019-01-29 17:04:13,681 - INFO - ensemble - 143, 1960
2019-01-29 17:04:13,681 - INFO - ensemble - 143, 1970
2019-01-29 17:04:13,681 - INFO - ensemble - 143, 1980
2019-01-29 17:04:13,681 - INFO - ensemble - 143, 1990
2019-01-29 17:04:13,689 - INFO - ensemble - 144, 2000
2019-01-29 17:04:13,691 - INFO - ensemble - 145, 2010
2019-01-29 17:04:13,691 - INFO - ensemble - 145, 2020
2019-01-29 17:04:13,691 - INFO - ensemble - 146, 2030
2019-01-29 17:04:13,691 - INFO - ensemble - 147, 2040
2019-01-29 17:04:13,700 - INFO - ensemble - 147, 2050
2019-01-29 17:04:13,702 - INFO - ensemble - 147, 2060
2019-01-29 17:04:13,702 - INFO - ensemble - 147, 2070
2019-01-29 17:04:13,702 - INFO - ensemble - 147, 2080
2019-01-29 17:04:13,702 - INFO - ensemble - 147, 2090
2019-01-29 17:04:13,710 - INFO - ensemble - 148, 2100
2019-01-29 17:04:13,712 - INFO - ensemble - 148, 2110
2019-01-29 17:04:13,712 - INFO - ensemble - 148, 2120
2019-01-29 17:04:13,712 - INFO - ensemble - 148, 2130
2019-01-29 17:04:13,720 - INFO - ensemble - 148, 2140
2019-01-29 17:04:13,722 - INFO - ensemble - 148, 2150
2019-01-29 17:04:13,723 - INFO - ensemble - 148, 2160
2019-01-29 17:04:13,723 - INFO - ensemble - 148, 2170
2019-01-29 17:04:13,723 - INFO - ensemble - 148, 2180
2019-01-29 17:04:13,730 - INFO - ensemble - 148, 2190
2019-01-29 17:04:13,732 - INFO - ensemble - 148, 2200
2019-01-29 17:04:13,732 - INFO - ensemble - 148, 2210
2019-01-29 17:04:13,732 - INFO - ensemble - 149, 2220
2019-01-29 17:04:13,732 - INFO - ensemble - 149, 2230
2019-01-29 17:04:13,741 - INFO - ensemble - 149, 2240
2019-01-29 17:04:13,743 - INFO - ensemble - 149, 2250
2019-01-29 17:04:13,743 - INFO - ensemble - 149, 2260
2019-01-29 17:04:13,743 - INFO - ensemble - 149, 2270
2019-01-29 17:04:13,743 - INFO - ensemble - 150, 2280
2019-01-29 17:04:13,751 - INFO - ensemble - 150, 2290
2019-01-29 17:04:13,753 - INFO - ensemble - 150, 2300
2019-01-29 17:04:13,753 - INFO - ensemble - 150, 2310
2019-01-29 17:04:13,753 - INFO - ensemble - 150, 2320
2019-01-29 17:04:13,761 - INFO - ensemble - 150, 2330
2019-01-29 17:04:13,763 - INFO - ensemble - 152, 2340
2019-01-29 17:04:13,763 - INFO - ensemble - 152, 2350
2019-01-29 17:04:13,763 - INFO - ensemble - 152, 2360
2019-01-29 17:04:13,763 - INFO - ensemble - 152, 2370
2019-01-29 17:04:13,771 - INFO - ensemble - 152, 2380
2019-01-29 17:04:13,773 - INFO - ensemble - 152, 2390
2019-01-29 17:04:13,773 - INFO - ensemble - 152, 2400
2019-01-29 17:04:13,773 - INFO - ensemble - 152, 2410
2019-01-29 17:04:13,773 - INFO - ensemble - 152, 2420
2019-01-29 17:04:13,783 - INFO - ensemble - 152, 2430
2019-01-29 17:04:13,783 - INFO - ensemble - 152, 2440
2019-01-29 17:04:13,783 - INFO - ensemble - 152, 2450
2019-01-29 17:04:13,783 - INFO - ensemble - 152, 2460
2019-01-29 17:04:13,791 - INFO - ensemble - 152, 2470
2019-01-29 17:04:13,793 - INFO - ensemble - 152, 2480
2019-01-29 17:04:13,793 - INFO - ensemble - 152, 2490
2019-01-29 17:04:13,793 - INFO - ensemble - 152, 2500
2019-01-29 17:04:13,793 - INFO - ensemble - 152, 2510
2019-01-29 17:04:13,802 - INFO - ensemble - 152, 2520
2019-01-29 17:04:13,804 - INFO - ensemble - 153, 2530
2019-01-29 17:04:13,804 - INFO - ensemble - 153, 2540
2019-01-29 17:04:13,804 - INFO - ensemble - 154, 2550
2019-01-29 17:04:13,812 - INFO - ensemble - 154, 2560
2019-01-29 17:04:13,814 - INFO - ensemble - 154, 2570
2019-01-29 17:04:13,814 - INFO - ensemble - 154, 2580
2019-01-29 17:04:13,814 - INFO - ensemble - 154, 2590
2019-01-29 17:04:13,814 - INFO - ensemble - 154, 2600
2019-01-29 17:04:13,822 - INFO - ensemble - 154, 2610
2019-01-29 17:04:13,824 - INFO - ensemble - 154, 2620
2019-01-29 17:04:13,824 - INFO - ensemble - 155, 2630
2019-01-29 17:04:13,824 - INFO - ensemble - 155, 2640
2019-01-29 17:04:13,832 - INFO - ensemble - 155, 2650
2019-01-29 17:04:13,834 - INFO - ensemble - 155, 2660
2019-01-29 17:04:13,834 - INFO - ensemble - 155, 2670
2019-01-29 17:04:13,834 - INFO - ensemble - 155, 2680
2019-01-29 17:04:13,834 - INFO - ensemble - 155, 2690
2019-01-29 17:04:13,842 - INFO - ensemble - 156, 2700
2019-01-29 17:04:13,844 - INFO - ensemble - 156, 2710
2019-01-29 17:04:13,844 - INFO - ensemble - 156, 2720
2019-01-29 17:04:13,844 - INFO - ensemble - 156, 2730
2019-01-29 17:04:13,844 - INFO - ensemble - 157, 2740
2019-01-29 17:04:13,852 - INFO - ensemble - 158, 2750
2019-01-29 17:04:13,854 - INFO - ensemble - 158, 2760
2019-01-29 17:04:13,854 - INFO - ensemble - 158, 2770
2019-01-29 17:04:13,854 - INFO - ensemble - 158, 2780
2019-01-29 17:04:13,863 - INFO - ensemble - 159, 2790
2019-01-29 17:04:13,865 - INFO - ensemble - 159, 2800
2019-01-29 17:04:13,865 - INFO - ensemble - 159, 2810
2019-01-29 17:04:13,865 - INFO - ensemble - 159, 2820
2019-01-29 17:04:13,873 - INFO - ensemble - 159, 2830
2019-01-29 17:04:13,875 - INFO - ensemble - 159, 2840
2019-01-29 17:04:13,875 - INFO - ensemble - 159, 2850
2019-01-29 17:04:13,875 - INFO - ensemble - 159, 2860
2019-01-29 17:04:13,875 - INFO - ensemble - 159, 2870
2019-01-29 17:04:13,883 - INFO - ensemble - 159, 2880
2019-01-29 17:04:13,885 - INFO - ensemble - 159, 2890
2019-01-29 17:04:13,885 - INFO - ensemble - 159, 2900
2019-01-29 17:04:13,885 - INFO - ensemble - 159, 2910
2019-01-29 17:04:13,885 - INFO - ensemble - 159, 2920
2019-01-29 17:04:13,893 - INFO - ensemble - 159, 2930
2019-01-29 17:04:13,895 - INFO - ensemble - 159, 2940
2019-01-29 17:04:13,895 - INFO - ensemble - 159, 2950
2019-01-29 17:04:13,895 - INFO - ensemble - 159, 2960
2019-01-29 17:04:13,903 - INFO - ensemble - 159, 2970
2019-01-29 17:04:13,905 - INFO - ensemble - 159, 2980
2019-01-29 17:04:13,905 - INFO - ensemble - 160, 2990
2019-01-29 17:04:13,905 - INFO - ensemble - 160, 3000
2019-01-29 17:04:13,913 - INFO - ensemble - 161, 3010
2019-01-29 17:04:13,916 - INFO - ensemble - 161, 3020
2019-01-29 17:04:13,916 - INFO - ensemble - 161, 3030
2019-01-29 17:04:13,916 - INFO - ensemble - 161, 3040
2019-01-29 17:04:13,916 - INFO - ensemble - 161, 3050
2019-01-29 17:04:13,926 - INFO - ensemble - 161, 3060
2019-01-29 17:04:13,926 - INFO - ensemble - 161, 3070
2019-01-29 17:04:13,926 - INFO - ensemble - 161, 3080
2019-01-29 17:04:13,926 - INFO - ensemble - 161, 3090
2019-01-29 17:04:13,934 - INFO - ensemble - 161, 3100
2019-01-29 17:04:13,936 - INFO - ensemble - 161, 3110
2019-01-29 17:04:13,936 - INFO - ensemble - 162, 3120
2019-01-29 17:04:13,936 - INFO - ensemble - 162, 3130
2019-01-29 17:04:13,936 - INFO - ensemble - 162, 3140
2019-01-29 17:04:13,946 - INFO - ensemble - 162, 3150
2019-01-29 17:04:13,946 - INFO - ensemble - 162, 3160
2019-01-29 17:04:13,946 - INFO - ensemble - 162, 3170
2019-01-29 17:04:13,946 - INFO - ensemble - 162, 3180
2019-01-29 17:04:13,954 - INFO - ensemble - 162, 3190
2019-01-29 17:04:13,956 - INFO - ensemble - 164, 3200
2019-01-29 17:04:13,956 - INFO - ensemble - 164, 3210
2019-01-29 17:04:13,956 - INFO - ensemble - 164, 3220
2019-01-29 17:04:13,956 - INFO - ensemble - 164, 3230
2019-01-29 17:04:13,966 - INFO - ensemble - 164, 3240
2019-01-29 17:04:13,966 - INFO - ensemble - 164, 3250
2019-01-29 17:04:13,966 - INFO - ensemble - 165, 3260
2019-01-29 17:04:13,974 - INFO - ensemble - 166, 3270
2019-01-29 17:04:13,977 - INFO - ensemble - 166, 3280
2019-01-29 17:04:13,977 - INFO - ensemble - 166, 3290
2019-01-29 17:04:13,977 - INFO - ensemble - 166, 3300
2019-01-29 17:04:13,985 - INFO - ensemble - 166, 3310
2019-01-29 17:04:13,987 - INFO - ensemble - 166, 3320
2019-01-29 17:04:13,987 - INFO - ensemble - 166, 3330
2019-01-29 17:04:13,987 - INFO - ensemble - 166, 3340
2019-01-29 17:04:13,995 - INFO - ensemble - 166, 3350
2019-01-29 17:04:13,997 - INFO - ensemble - 166, 3360
2019-01-29 17:04:13,997 - INFO - ensemble - 166, 3370
2019-01-29 17:04:13,997 - INFO - ensemble - 166, 3380
2019-01-29 17:04:14,007 - INFO - ensemble - 166, 3390
2019-01-29 17:04:14,007 - INFO - ensemble - 166, 3400
2019-01-29 17:04:14,007 - INFO - ensemble - 166, 3410
2019-01-29 17:04:14,017 - INFO - ensemble - 166, 3420
2019-01-29 17:04:14,017 - INFO - ensemble - 166, 3430
2019-01-29 17:04:14,017 - INFO - ensemble - 166, 3440
2019-01-29 17:04:14,027 - INFO - ensemble - 166, 3450
2019-01-29 17:04:14,027 - INFO - ensemble - 166, 3460
2019-01-29 17:04:14,037 - INFO - ensemble - 166, 3470
2019-01-29 17:04:14,037 - INFO - ensemble - 167, 3480
2019-01-29 17:04:14,037 - INFO - ensemble - 167, 3490
2019-01-29 17:04:14,045 - INFO - ensemble - 167, 3500
2019-01-29 17:04:14,047 - INFO - ensemble - 169, 3510
2019-01-29 17:04:14,047 - INFO - ensemble - 169, 3520
2019-01-29 17:04:14,047 - INFO - ensemble - 169, 3530
2019-01-29 17:04:14,055 - INFO - ensemble - 169, 3540
2019-01-29 17:04:14,057 - INFO - ensemble - 169, 3550
2019-01-29 17:04:14,057 - INFO - ensemble - 170, 3560
2019-01-29 17:04:14,057 - INFO - ensemble - 170, 3570
2019-01-29 17:04:14,057 - INFO - ensemble - 170, 3580
2019-01-29 17:04:14,066 - INFO - ensemble - 170, 3590
2019-01-29 17:04:14,068 - INFO - ensemble - 170, 3600
2019-01-29 17:04:14,068 - INFO - ensemble - 170, 3610
2019-01-29 17:04:14,068 - INFO - ensemble - 170, 3620
2019-01-29 17:04:14,076 - INFO - ensemble - 170, 3630
2019-01-29 17:04:14,078 - INFO - ensemble - 170, 3640
2019-01-29 17:04:14,078 - INFO - ensemble - 170, 3650
2019-01-29 17:04:14,078 - INFO - ensemble - 170, 3660
2019-01-29 17:04:14,078 - INFO - ensemble - 170, 3670
2019-01-29 17:04:14,086 - INFO - ensemble - 170, 3680
2019-01-29 17:04:14,088 - INFO - ensemble - 170, 3690
2019-01-29 17:04:14,088 - INFO - ensemble - 170, 3700
2019-01-29 17:04:14,088 - INFO - ensemble - 170, 3710
2019-01-29 17:04:14,096 - INFO - ensemble - 170, 3720
2019-01-29 17:04:14,098 - INFO - ensemble - 170, 3730
2019-01-29 17:04:14,098 - INFO - ensemble - 170, 3740
2019-01-29 17:04:14,098 - INFO - ensemble - 171, 3750
2019-01-29 17:04:14,106 - INFO - ensemble - 171, 3760
2019-01-29 17:04:14,108 - INFO - ensemble - 171, 3770
2019-01-29 17:04:14,108 - INFO - ensemble - 171, 3780
2019-01-29 17:04:14,108 - INFO - ensemble - 172, 3790
2019-01-29 17:04:14,108 - INFO - ensemble - 172, 3800
2019-01-29 17:04:14,116 - INFO - ensemble - 172, 3810
2019-01-29 17:04:14,118 - INFO - ensemble - 172, 3820
2019-01-29 17:04:14,118 - INFO - ensemble - 172, 3830
2019-01-29 17:04:14,118 - INFO - ensemble - 172, 3840
2019-01-29 17:04:14,126 - INFO - ensemble - 172, 3850
2019-01-29 17:04:14,128 - INFO - ensemble - 172, 3860
2019-01-29 17:04:14,128 - INFO - ensemble - 172, 3870
2019-01-29 17:04:14,128 - INFO - ensemble - 172, 3880
2019-01-29 17:04:14,128 - INFO - ensemble - 172, 3890
2019-01-29 17:04:14,136 - INFO - ensemble - 172, 3900
2019-01-29 17:04:14,139 - INFO - ensemble - 172, 3910
2019-01-29 17:04:14,139 - INFO - ensemble - 173, 3920
2019-01-29 17:04:14,139 - INFO - ensemble - 173, 3930
2019-01-29 17:04:14,147 - INFO - ensemble - 173, 3940
2019-01-29 17:04:14,149 - INFO - ensemble - 173, 3950
2019-01-29 17:04:14,149 - INFO - ensemble - 173, 3960
2019-01-29 17:04:14,149 - INFO - ensemble - 173, 3970
2019-01-29 17:04:14,149 - INFO - ensemble - 173, 3980
2019-01-29 17:04:14,159 - INFO - ensemble - 173, 3990
2019-01-29 17:04:14,159 - INFO - ensemble - 173, 4000
2019-01-29 17:04:14,159 - INFO - ensemble - 173, 4010
2019-01-29 17:04:14,159 - INFO - ensemble - 173, 4020
2019-01-29 17:04:14,169 - INFO - ensemble - 173, 4030
2019-01-29 17:04:14,169 - INFO - ensemble - 173, 4040
2019-01-29 17:04:14,169 - INFO - ensemble - 173, 4050
2019-01-29 17:04:14,169 - INFO - ensemble - 173, 4060
2019-01-29 17:04:14,177 - INFO - ensemble - 173, 4070
2019-01-29 17:04:14,177 - INFO - ensemble - 173, 4080
2019-01-29 17:04:14,177 - INFO - ensemble - 174, 4090
2019-01-29 17:04:14,177 - INFO - ensemble - 174, 4100
2019-01-29 17:04:14,189 - INFO - ensemble - 174, 4110
2019-01-29 17:04:14,189 - INFO - ensemble - 174, 4120
2019-01-29 17:04:14,189 - INFO - ensemble - 174, 4130
2019-01-29 17:04:14,189 - INFO - ensemble - 174, 4140
2019-01-29 17:04:14,199 - INFO - ensemble - 174, 4150
2019-01-29 17:04:14,199 - INFO - ensemble - 174, 4160
2019-01-29 17:04:14,199 - INFO - ensemble - 174, 4170
2019-01-29 17:04:14,199 - INFO - ensemble - 175, 4180
2019-01-29 17:04:14,208 - INFO - ensemble - 175, 4190
2019-01-29 17:04:14,210 - INFO - ensemble - 175, 4200
2019-01-29 17:04:14,210 - INFO - ensemble - 175, 4210
2019-01-29 17:04:14,210 - INFO - ensemble - 175, 4220
2019-01-29 17:04:14,218 - INFO - ensemble - 175, 4230
2019-01-29 17:04:14,220 - INFO - ensemble - 175, 4240
2019-01-29 17:04:14,220 - INFO - ensemble - 175, 4250
2019-01-29 17:04:14,220 - INFO - ensemble - 175, 4260
2019-01-29 17:04:14,228 - INFO - ensemble - 175, 4270
2019-01-29 17:04:14,230 - INFO - ensemble - 175, 4280
2019-01-29 17:04:14,230 - INFO - ensemble - 176, 4290
2019-01-29 17:04:14,230 - INFO - ensemble - 177, 4300
2019-01-29 17:04:14,238 - INFO - ensemble - 177, 4310
2019-01-29 17:04:14,238 - INFO - ensemble - 177, 4320
2019-01-29 17:04:14,238 - INFO - ensemble - 177, 4330
2019-01-29 17:04:14,238 - INFO - ensemble - 178, 4340
2019-01-29 17:04:14,248 - INFO - ensemble - 178, 4350
2019-01-29 17:04:14,250 - INFO - ensemble - 178, 4360
2019-01-29 17:04:14,250 - INFO - ensemble - 178, 4370
2019-01-29 17:04:14,250 - INFO - ensemble - 179, 4380
2019-01-29 17:04:14,250 - INFO - ensemble - 179, 4390
2019-01-29 17:04:14,258 - INFO - ensemble - 180, 4400
2019-01-29 17:04:14,261 - INFO - ensemble - 180, 4410
2019-01-29 17:04:14,261 - INFO - ensemble - 181, 4420
2019-01-29 17:04:14,261 - INFO - ensemble - 181, 4430
2019-01-29 17:04:14,269 - INFO - ensemble - 181, 4440
2019-01-29 17:04:14,271 - INFO - ensemble - 181, 4450
2019-01-29 17:04:14,271 - INFO - ensemble - 181, 4460
2019-01-29 17:04:14,271 - INFO - ensemble - 181, 4470
2019-01-29 17:04:14,279 - INFO - ensemble - 182, 4480
2019-01-29 17:04:14,281 - INFO - ensemble - 182, 4490
2019-01-29 17:04:14,281 - INFO - ensemble - 182, 4500
2019-01-29 17:04:14,281 - INFO - ensemble - 182, 4510
2019-01-29 17:04:14,281 - INFO - ensemble - 182, 4520
2019-01-29 17:04:14,289 - INFO - ensemble - 183, 4530
2019-01-29 17:04:14,291 - INFO - ensemble - 183, 4540
2019-01-29 17:04:14,291 - INFO - ensemble - 183, 4550
2019-01-29 17:04:14,291 - INFO - ensemble - 183, 4560
2019-01-29 17:04:14,299 - INFO - ensemble - 183, 4570
2019-01-29 17:04:14,301 - INFO - ensemble - 184, 4580
2019-01-29 17:04:14,301 - INFO - ensemble - 184, 4590
2019-01-29 17:04:14,301 - INFO - ensemble - 184, 4600
2019-01-29 17:04:14,301 - INFO - ensemble - 184, 4610
2019-01-29 17:04:14,312 - INFO - ensemble - 184, 4620
2019-01-29 17:04:14,312 - INFO - ensemble - 184, 4630
2019-01-29 17:04:14,312 - INFO - ensemble - 184, 4640
2019-01-29 17:04:14,312 - INFO - ensemble - 184, 4650
2019-01-29 17:04:14,320 - INFO - ensemble - 184, 4660
2019-01-29 17:04:14,322 - INFO - ensemble - 185, 4670
2019-01-29 17:04:14,322 - INFO - ensemble - 186, 4680
2019-01-29 17:04:14,322 - INFO - ensemble - 186, 4690
2019-01-29 17:04:14,330 - INFO - ensemble - 186, 4700
2019-01-29 17:04:14,332 - INFO - ensemble - 186, 4710
2019-01-29 17:04:14,332 - INFO - ensemble - 187, 4720
2019-01-29 17:04:14,332 - INFO - ensemble - 187, 4730
2019-01-29 17:04:14,332 - INFO - ensemble - 187, 4740
2019-01-29 17:04:14,342 - INFO - ensemble - 187, 4750
2019-01-29 17:04:14,342 - INFO - ensemble - 187, 4760
2019-01-29 17:04:14,342 - INFO - ensemble - 187, 4770
2019-01-29 17:04:14,342 - INFO - ensemble - 187, 4780
2019-01-29 17:04:14,350 - INFO - ensemble - 187, 4790
2019-01-29 17:04:14,352 - INFO - ensemble - 187, 4800
2019-01-29 17:04:14,352 - INFO - ensemble - 187, 4810
2019-01-29 17:04:14,352 - INFO - ensemble - 187, 4820
2019-01-29 17:04:14,361 - INFO - ensemble - 187, 4830
2019-01-29 17:04:14,363 - INFO - ensemble - 187, 4840
2019-01-29 17:04:14,363 - INFO - ensemble - 187, 4850
2019-01-29 17:04:14,363 - INFO - ensemble - 187, 4860
2019-01-29 17:04:14,363 - INFO - ensemble - 187, 4870
2019-01-29 17:04:14,373 - INFO - ensemble - 187, 4880
2019-01-29 17:04:14,373 - INFO - ensemble - 187, 4890
2019-01-29 17:04:14,373 - INFO - ensemble - 187, 4900
2019-01-29 17:04:14,381 - INFO - ensemble - 187, 4910
2019-01-29 17:04:14,383 - INFO - ensemble - 188, 4920
2019-01-29 17:04:14,383 - INFO - ensemble - 188, 4930
2019-01-29 17:04:14,383 - INFO - ensemble - 188, 4940
2019-01-29 17:04:14,383 - INFO - ensemble - 188, 4950
2019-01-29 17:04:14,393 - INFO - ensemble - 188, 4960
2019-01-29 17:04:14,393 - INFO - ensemble - 188, 4970
2019-01-29 17:04:14,393 - INFO - ensemble - 189, 4980
2019-01-29 17:04:14,393 - INFO - ensemble - 189, 4990
2019-01-29 17:04:14,401 - INFO - ensemble - 189, 5000
2019-01-29 17:04:14,401 - INFO - ensemble - 189, 5010
2019-01-29 17:04:14,401 - INFO - ensemble - 189, 5020
2019-01-29 17:04:14,401 - INFO - ensemble - 189, 5030
2019-01-29 17:04:14,413 - INFO - ensemble - 189, 5040
2019-01-29 17:04:14,413 - INFO - ensemble - 189, 5050
2019-01-29 17:04:14,413 - INFO - ensemble - 189, 5060
2019-01-29 17:04:14,422 - INFO - ensemble - 189, 5070
2019-01-29 17:04:14,424 - INFO - ensemble - 189, 5080
2019-01-29 17:04:14,424 - INFO - ensemble - 189, 5090
2019-01-29 17:04:14,424 - INFO - ensemble - 189, 5100
2019-01-29 17:04:14,432 - INFO - ensemble - 189, 5110
2019-01-29 17:04:14,434 - INFO - ensemble - 189, 5120
2019-01-29 17:04:14,434 - INFO - ensemble - 189, 5130
2019-01-29 17:04:14,434 - INFO - ensemble - 189, 5140
2019-01-29 17:04:14,442 - INFO - ensemble - 189, 5150
2019-01-29 17:04:14,444 - INFO - ensemble - 189, 5160
2019-01-29 17:04:14,444 - INFO - ensemble - 189, 5170
2019-01-29 17:04:14,444 - INFO - ensemble - 189, 5180
2019-01-29 17:04:14,452 - INFO - ensemble - 189, 5190
2019-01-29 17:04:14,454 - INFO - ensemble - 190, 5200
2019-01-29 17:04:14,454 - INFO - ensemble - 190, 5210
2019-01-29 17:04:14,454 - INFO - ensemble - 190, 5220
2019-01-29 17:04:14,462 - INFO - ensemble - 190, 5230
2019-01-29 17:04:14,462 - INFO - ensemble - 191, 5240
2019-01-29 17:04:14,462 - INFO - ensemble - 191, 5250
2019-01-29 17:04:14,462 - INFO - ensemble - 191, 5260
2019-01-29 17:04:14,472 - INFO - ensemble - 191, 5270
2019-01-29 17:04:14,474 - INFO - ensemble - 191, 5280
2019-01-29 17:04:14,474 - INFO - ensemble - 191, 5290
2019-01-29 17:04:14,474 - INFO - ensemble - 191, 5300
2019-01-29 17:04:14,482 - INFO - ensemble - 191, 5310
2019-01-29 17:04:14,485 - INFO - ensemble - 191, 5320
2019-01-29 17:04:14,485 - INFO - ensemble - 191, 5330
2019-01-29 17:04:14,485 - INFO - ensemble - 191, 5340
2019-01-29 17:04:14,485 - INFO - ensemble - 192, 5350
2019-01-29 17:04:14,495 - INFO - ensemble - 192, 5360
2019-01-29 17:04:14,495 - INFO - ensemble - 192, 5370
2019-01-29 17:04:14,495 - INFO - ensemble - 192, 5380
2019-01-29 17:04:14,495 - INFO - ensemble - 192, 5390
2019-01-29 17:04:14,503 - INFO - ensemble - 192, 5400
2019-01-29 17:04:14,505 - INFO - ensemble - 192, 5410
2019-01-29 17:04:14,505 - INFO - ensemble - 192, 5420
2019-01-29 17:04:14,505 - INFO - ensemble - 192, 5430
2019-01-29 17:04:14,513 - INFO - ensemble - 192, 5440
2019-01-29 17:04:14,515 - INFO - ensemble - 192, 5450
2019-01-29 17:04:14,515 - INFO - ensemble - 192, 5460
2019-01-29 17:04:14,515 - INFO - ensemble - 193, 5470
2019-01-29 17:04:14,523 - INFO - ensemble - 193, 5480
2019-01-29 17:04:14,525 - INFO - ensemble - 193, 5490
2019-01-29 17:04:14,525 - INFO - ensemble - 193, 5500
2019-01-29 17:04:14,525 - INFO - ensemble - 193, 5510
2019-01-29 17:04:14,534 - INFO - ensemble - 193, 5520
2019-01-29 17:04:14,536 - INFO - ensemble - 193, 5530
2019-01-29 17:04:14,536 - INFO - ensemble - 193, 5540
2019-01-29 17:04:14,544 - INFO - ensemble - 194, 5550
2019-01-29 17:04:15,056 - INFO - rig - ++++NEW CLF++++ FASTREAD
2019-01-29 17:04:15,056 - INFO - fastread - Total Yes: 204 | Total No: 6264
2019-01-29 17:04:15,239 - INFO - fastread - 0, 0
2019-01-29 17:04:26,892 - INFO - fastread - 174, 185
2019-01-29 17:04:29,141 - INFO - fastread - 179, 217
2019-01-29 17:04:31,446 - INFO - fastread - 179, 249
2019-01-29 17:04:34,213 - INFO - fastread - 179, 281
2019-01-29 17:04:37,053 - INFO - fastread - 181, 313
2019-01-29 17:04:39,414 - INFO - fastread - 182, 345
2019-01-29 17:04:41,728 - INFO - fastread - 185, 377
2019-01-29 17:04:43,976 - INFO - fastread - 188, 409
2019-01-29 17:04:46,274 - INFO - fastread - 188, 441
2019-01-29 17:04:48,516 - INFO - fastread - 189, 473
2019-01-29 17:04:50,743 - INFO - fastread - 190, 505
2019-01-29 17:04:52,972 - INFO - fastread - 190, 537
2019-01-29 17:04:55,224 - INFO - fastread - 192, 569
2019-01-29 17:04:57,560 - INFO - fastread - 192, 601
2019-01-29 17:04:59,849 - INFO - fastread - 192, 633
2019-01-29 17:05:02,138 - INFO - fastread - 193, 665
2019-01-29 17:28:02,548 - INFO - rig - columba-1.4-src
2019-01-29 17:28:09,048 - INFO - rig - ++++NEW CLF++++ FASTREAD
2019-01-29 17:28:09,048 - INFO - fastread - Total Yes: 204 | Total No: 6264
2019-01-29 17:28:09,362 - INFO - fastread - 0, 0
2019-01-29 17:28:27,212 - INFO - fastread - 172, 183
2019-01-29 17:28:56,691 - INFO - rig - columba-1.4-src
2019-01-29 17:29:03,375 - INFO - rig - ++++NEW CLF++++ FASTREAD
2019-01-29 17:29:03,375 - INFO - fastread - Total Yes: 204 | Total No: 6264
2019-01-29 17:29:03,659 - INFO - fastread - 0, 0
2019-01-29 17:29:21,485 - INFO - fastread - 174, 185
2019-01-29 17:29:46,792 - INFO - rig - columba-1.4-src
2019-01-29 17:29:52,831 - INFO - rig - ++++NEW CLF++++ FASTREAD
2019-01-29 17:29:52,831 - INFO - fastread - Total Yes: 204 | Total No: 6264
2019-01-29 17:29:53,109 - INFO - fastread - 0, 0
2019-01-29 17:30:10,382 - INFO - fastread - 172, 183
2019-01-29 17:30:14,675 - INFO - fastread - 177, 215
2019-01-29 17:30:18,960 - INFO - fastread - 177, 247
2019-01-29 17:30:23,282 - INFO - fastread - 177, 279
2019-01-29 17:30:27,909 - INFO - fastread - 181, 311
2019-01-29 19:43:36,161 - INFO - rig - columba-1.4-src
2019-01-29 19:43:54,964 - INFO - rig - columba-1.4-src
2019-01-29 19:43:58,055 - INFO - rig - ++++NEW CLF++++ FASTREAD
2019-01-29 19:43:58,055 - INFO - fastread - Total Yes: 204 | Total No: 6264
2019-01-29 19:43:58,240 - INFO - fastread - 0, 0
2019-01-29 19:44:08,902 - INFO - fastread - 172, 183
2019-01-29 19:44:11,681 - INFO - fastread - 177, 215
2019-01-29 19:44:14,395 - INFO - fastread - 177, 247
2019-01-29 19:44:17,280 - INFO - fastread - 177, 279
2019-01-29 19:44:20,180 - INFO - fastread - 178, 311
2019-01-29 19:44:22,913 - INFO - fastread - 180, 343
2019-01-29 19:44:25,655 - INFO - fastread - 183, 375
2019-01-29 19:44:28,326 - INFO - fastread - 186, 407
2019-01-29 19:44:30,975 - INFO - fastread - 188, 439
2019-01-29 19:44:33,642 - INFO - fastread - 189, 471
2019-01-29 19:44:36,359 - INFO - fastread - 189, 503
2019-01-29 19:44:39,048 - INFO - fastread - 190, 535
2019-01-29 19:44:41,662 - INFO - fastread - 194, 567
2019-01-29 19:44:44,322 - INFO - fastread - 194, 599
2019-01-29 19:44:46,954 - INFO - fastread - 194, 631
2019-01-29 19:44:49,546 - INFO - fastread - 195, 663
2019-01-29 19:44:52,138 - INFO - fastread - 195, 695
2019-01-29 19:44:54,689 - INFO - fastread - 195, 727
2019-01-29 19:44:57,263 - INFO - fastread - 195, 759
2019-01-29 19:44:59,821 - INFO - fastread - 195, 791
2019-01-29 19:45:04,341 - INFO - fastread - 195, 855
2019-01-29 19:45:08,789 - INFO - fastread - 195, 919
2019-01-29 19:45:11,295 - INFO - fastread - 196, 951
2019-01-29 19:45:13,798 - INFO - fastread - 197, 983
2019-01-29 19:45:16,360 - INFO - fastread - 197, 1015
2019-01-29 19:45:18,924 - INFO - fastread - 197, 1047
2019-01-29 19:45:21,475 - INFO - fastread - 197, 1079
2019-01-29 19:45:24,028 - INFO - fastread - 197, 1111
2019-01-29 19:45:28,596 - INFO - fastread - 197, 1175
2019-01-29 19:45:33,101 - INFO - fastread - 197, 1239
2019-01-29 19:45:37,608 - INFO - fastread - 197, 1303
2019-01-29 19:45:42,095 - INFO - fastread - 197, 1367
2019-01-29 19:45:44,709 - INFO - fastread - 198, 1399
2019-01-29 19:45:47,299 - INFO - fastread - 198, 1431
2019-01-29 19:45:49,929 - INFO - fastread - 198, 1463
2019-01-29 19:45:52,600 - INFO - fastread - 198, 1495
2019-01-29 19:45:55,256 - INFO - fastread - 200, 1527
2019-01-29 19:45:57,922 - INFO - fastread - 201, 1559
2019-01-29 19:46:00,585 - INFO - fastread - 201, 1591
2019-01-29 19:46:03,285 - INFO - fastread - 202, 1623
2019-01-29 19:46:05,984 - INFO - fastread - 202, 1655
2019-01-29 19:46:08,684 - INFO - fastread - 202, 1687
2019-01-29 19:46:11,389 - INFO - fastread - 202, 1719
2019-01-29 19:46:14,117 - INFO - fastread - 202, 1751
2019-01-29 19:46:16,833 - INFO - fastread - 203, 1783
2019-01-29 19:46:19,550 - INFO - fastread - 203, 1815
2019-01-29 19:46:22,268 - INFO - fastread - 203, 1847
2019-01-29 19:46:25,010 - INFO - fastread - 203, 1879
2019-01-29 19:46:27,765 - INFO - fastread - 203, 1911
2019-01-29 19:46:32,452 - INFO - fastread - 203, 1975
2019-01-29 19:46:37,163 - INFO - fastread - 203, 2039
2019-01-29 19:46:41,878 - INFO - fastread - 203, 2103
2019-01-29 19:46:46,641 - INFO - fastread - 203, 2167
2019-01-29 19:46:51,404 - INFO - fastread - 203, 2231
2019-01-29 19:46:56,470 - INFO - fastread - 203, 2295
2019-01-29 19:47:01,661 - INFO - fastread - 203, 2359
2019-01-29 19:47:06,614 - INFO - fastread - 203, 2423
2019-01-29 19:47:11,610 - INFO - fastread - 203, 2487
2019-01-29 19:47:16,639 - INFO - fastread - 203, 2551
2019-01-29 19:47:21,598 - INFO - fastread - 203, 2615
2019-01-29 19:47:26,571 - INFO - fastread - 203, 2679
2019-01-29 19:47:31,578 - INFO - fastread - 203, 2743
2019-01-29 19:47:36,553 - INFO - fastread - 203, 2807
2019-01-29 19:47:41,570 - INFO - fastread - 203, 2871
2019-01-29 19:47:44,626 - INFO - fastread - 204, 2903
2019-01-29 19:47:47,763 - INFO - fastread - 204, 2935
2019-01-29 19:47:50,809 - INFO - fastread - 204, 2967
2019-01-29 19:47:54,096 - INFO - fastread - 204, 2999
2019-01-29 19:47:57,196 - INFO - fastread - 204, 3031
2019-01-29 19:48:02,324 - INFO - fastread - 204, 3095
2019-01-29 19:48:07,475 - INFO - fastread - 204, 3159
2019-01-29 19:48:12,589 - INFO - fastread - 204, 3223
2019-01-29 19:48:17,780 - INFO - fastread - 204, 3287
2019-01-29 19:48:22,931 - INFO - fastread - 204, 3351
2019-01-29 19:48:28,117 - INFO - fastread - 204, 3415
2019-01-29 19:48:33,231 - INFO - fastread - 204, 3479
2019-01-29 19:48:38,451 - INFO - fastread - 204, 3543
2019-01-29 19:48:43,703 - INFO - fastread - 204, 3607
2019-01-29 19:48:48,870 - INFO - fastread - 204, 3671
2019-01-29 19:48:54,007 - INFO - fastread - 204, 3735
2019-01-29 19:48:59,226 - INFO - fastread - 204, 3799
2019-01-29 19:49:04,493 - INFO - fastread - 204, 3863
2019-01-29 19:49:09,759 - INFO - fastread - 204, 3927
2019-01-29 19:49:15,042 - INFO - fastread - 204, 3991
2019-01-29 19:49:20,318 - INFO - fastread - 204, 4055
2019-01-29 19:49:25,652 - INFO - fastread - 204, 4119
2019-01-29 19:49:31,019 - INFO - fastread - 204, 4183
2019-01-29 19:49:36,453 - INFO - fastread - 204, 4247
2019-01-29 19:49:41,792 - INFO - fastread - 204, 4311
2019-01-29 19:49:47,154 - INFO - fastread - 204, 4375
2019-01-29 19:49:52,450 - INFO - fastread - 204, 4439
2019-01-29 19:49:57,819 - INFO - fastread - 204, 4503
2019-01-29 19:50:03,161 - INFO - fastread - 204, 4567
2019-01-29 19:50:08,528 - INFO - fastread - 204, 4631
2019-01-29 19:50:13,974 - INFO - fastread - 204, 4695
2019-01-29 19:50:19,512 - INFO - fastread - 204, 4759
2019-01-29 19:50:24,958 - INFO - fastread - 204, 4823
2019-01-29 19:50:30,771 - INFO - fastread - 204, 4887
2019-01-29 19:50:36,341 - INFO - fastread - 204, 4951
2019-01-29 19:50:41,826 - INFO - fastread - 204, 5015
2019-01-29 19:50:47,271 - INFO - fastread - 204, 5079
2019-01-29 19:50:52,766 - INFO - fastread - 204, 5143
2019-01-29 19:50:58,308 - INFO - fastread - 204, 5207
2019-01-29 19:51:03,825 - INFO - fastread - 204, 5271
