2019-01-29 17:05:02,501 - INFO - rig - jfreechart-1.0.19
2019-01-29 17:05:04,891 - INFO - ensemble - ++++NEW CLF++++ ENSEMBLE_DT
2019-01-29 17:05:04,891 - INFO - ensemble - 8, 10
2019-01-29 17:05:04,899 - INFO - ensemble - 18, 20
2019-01-29 17:05:04,902 - INFO - ensemble - 28, 30
2019-01-29 17:05:04,902 - INFO - ensemble - 38, 40
2019-01-29 17:05:04,902 - INFO - ensemble - 47, 50
2019-01-29 17:05:04,902 - INFO - ensemble - 56, 60
2019-01-29 17:05:04,910 - INFO - ensemble - 66, 70
2019-01-29 17:05:04,912 - INFO - ensemble - 73, 80
2019-01-29 17:05:04,912 - INFO - ensemble - 77, 90
2019-01-29 17:05:04,912 - INFO - ensemble - 81, 100
2019-01-29 17:05:04,912 - INFO - ensemble - 87, 110
2019-01-29 17:05:04,912 - INFO - ensemble - 92, 120
2019-01-29 17:05:04,920 - INFO - ensemble - 95, 130
2019-01-29 17:05:04,920 - INFO - ensemble - 99, 140
2019-01-29 17:05:04,920 - INFO - ensemble - 101, 150
2019-01-29 17:05:04,920 - INFO - ensemble - 104, 160
2019-01-29 17:05:04,920 - INFO - ensemble - 105, 170
2019-01-29 17:05:04,930 - INFO - ensemble - 107, 180
2019-01-29 17:05:04,932 - INFO - ensemble - 109, 190
2019-01-29 17:05:04,932 - INFO - ensemble - 110, 200
2019-01-29 17:05:04,932 - INFO - ensemble - 111, 210
2019-01-29 17:05:04,932 - INFO - ensemble - 112, 220
2019-01-29 17:05:04,932 - INFO - ensemble - 114, 230
2019-01-29 17:05:04,940 - INFO - ensemble - 114, 240
2019-01-29 17:05:04,942 - INFO - ensemble - 118, 250
2019-01-29 17:05:04,942 - INFO - ensemble - 120, 260
2019-01-29 17:05:04,942 - INFO - ensemble - 121, 270
2019-01-29 17:05:04,942 - INFO - ensemble - 122, 280
2019-01-29 17:05:04,942 - INFO - ensemble - 123, 290
2019-01-29 17:05:04,951 - INFO - ensemble - 126, 300
2019-01-29 17:05:04,953 - INFO - ensemble - 127, 310
2019-01-29 17:05:04,953 - INFO - ensemble - 129, 320
2019-01-29 17:05:04,953 - INFO - ensemble - 132, 330
2019-01-29 17:05:04,953 - INFO - ensemble - 133, 340
2019-01-29 17:05:04,961 - INFO - ensemble - 136, 350
2019-01-29 17:05:04,961 - INFO - ensemble - 137, 360
2019-01-29 17:05:04,963 - INFO - ensemble - 141, 370
2019-01-29 17:05:04,963 - INFO - ensemble - 141, 380
2019-01-29 17:05:04,963 - INFO - ensemble - 142, 390
2019-01-29 17:05:04,963 - INFO - ensemble - 143, 400
2019-01-29 17:05:04,971 - INFO - ensemble - 144, 410
2019-01-29 17:05:04,973 - INFO - ensemble - 146, 420
2019-01-29 17:05:04,973 - INFO - ensemble - 146, 430
2019-01-29 17:05:04,973 - INFO - ensemble - 147, 440
2019-01-29 17:05:04,973 - INFO - ensemble - 147, 450
2019-01-29 17:05:04,973 - INFO - ensemble - 150, 460
2019-01-29 17:05:04,981 - INFO - ensemble - 150, 470
2019-01-29 17:05:04,983 - INFO - ensemble - 152, 480
2019-01-29 17:05:04,983 - INFO - ensemble - 152, 490
2019-01-29 17:05:04,983 - INFO - ensemble - 153, 500
2019-01-29 17:05:04,983 - INFO - ensemble - 155, 510
2019-01-29 17:05:04,991 - INFO - ensemble - 156, 520
2019-01-29 17:05:04,993 - INFO - ensemble - 156, 530
2019-01-29 17:05:04,993 - INFO - ensemble - 157, 540
2019-01-29 17:05:04,993 - INFO - ensemble - 158, 550
2019-01-29 17:05:04,993 - INFO - ensemble - 159, 560
2019-01-29 17:05:04,993 - INFO - ensemble - 161, 570
2019-01-29 17:05:05,002 - INFO - ensemble - 165, 580
2019-01-29 17:05:05,004 - INFO - ensemble - 167, 590
2019-01-29 17:05:05,004 - INFO - ensemble - 169, 600
2019-01-29 17:05:05,004 - INFO - ensemble - 169, 610
2019-01-29 17:05:05,004 - INFO - ensemble - 171, 620
2019-01-29 17:05:05,012 - INFO - ensemble - 172, 630
2019-01-29 17:05:05,014 - INFO - ensemble - 175, 640
2019-01-29 17:05:05,014 - INFO - ensemble - 176, 650
2019-01-29 17:05:05,014 - INFO - ensemble - 178, 660
2019-01-29 17:05:05,014 - INFO - ensemble - 179, 670
2019-01-29 17:05:05,014 - INFO - ensemble - 179, 680
2019-01-29 17:05:05,022 - INFO - ensemble - 180, 690
2019-01-29 17:05:05,024 - INFO - ensemble - 182, 700
2019-01-29 17:05:05,024 - INFO - ensemble - 185, 710
2019-01-29 17:05:05,024 - INFO - ensemble - 186, 720
2019-01-29 17:05:05,024 - INFO - ensemble - 188, 730
2019-01-29 17:05:05,032 - INFO - ensemble - 190, 740
2019-01-29 17:05:05,034 - INFO - ensemble - 192, 750
2019-01-29 17:05:05,034 - INFO - ensemble - 192, 760
2019-01-29 17:05:05,034 - INFO - ensemble - 192, 770
2019-01-29 17:05:05,034 - INFO - ensemble - 192, 780
2019-01-29 17:05:05,034 - INFO - ensemble - 192, 790
2019-01-29 17:05:05,042 - INFO - ensemble - 192, 800
2019-01-29 17:05:05,044 - INFO - ensemble - 192, 810
2019-01-29 17:05:05,044 - INFO - ensemble - 192, 820
2019-01-29 17:05:05,044 - INFO - ensemble - 192, 830
2019-01-29 17:05:05,044 - INFO - ensemble - 192, 840
2019-01-29 17:05:05,052 - INFO - ensemble - 192, 850
2019-01-29 17:05:05,054 - INFO - ensemble - 192, 860
2019-01-29 17:05:05,054 - INFO - ensemble - 192, 870
2019-01-29 17:05:05,054 - INFO - ensemble - 192, 880
2019-01-29 17:05:05,054 - INFO - ensemble - 192, 890
2019-01-29 17:05:05,063 - INFO - ensemble - 192, 900
2019-01-29 17:05:05,063 - INFO - ensemble - 192, 910
2019-01-29 17:05:05,065 - INFO - ensemble - 192, 920
2019-01-29 17:05:05,065 - INFO - ensemble - 192, 930
2019-01-29 17:05:05,065 - INFO - ensemble - 192, 940
2019-01-29 17:05:05,065 - INFO - ensemble - 192, 950
2019-01-29 17:05:05,073 - INFO - ensemble - 193, 960
2019-01-29 17:05:05,075 - INFO - ensemble - 193, 970
2019-01-29 17:05:05,075 - INFO - ensemble - 193, 980
2019-01-29 17:05:05,075 - INFO - ensemble - 193, 990
2019-01-29 17:05:05,075 - INFO - ensemble - 193, 1000
2019-01-29 17:05:05,083 - INFO - ensemble - 193, 1010
2019-01-29 17:05:05,085 - INFO - ensemble - 193, 1020
2019-01-29 17:05:05,085 - INFO - ensemble - 194, 1030
2019-01-29 17:05:05,085 - INFO - ensemble - 194, 1040
2019-01-29 17:05:05,085 - INFO - ensemble - 194, 1050
2019-01-29 17:05:05,085 - INFO - ensemble - 194, 1060
2019-01-29 17:05:05,093 - INFO - ensemble - 194, 1070
2019-01-29 17:05:05,095 - INFO - ensemble - 194, 1080
2019-01-29 17:05:05,095 - INFO - ensemble - 194, 1090
2019-01-29 17:05:05,095 - INFO - ensemble - 194, 1100
2019-01-29 17:05:05,095 - INFO - ensemble - 194, 1110
2019-01-29 17:05:05,103 - INFO - ensemble - 194, 1120
2019-01-29 17:05:05,105 - INFO - ensemble - 194, 1130
2019-01-29 17:05:05,105 - INFO - ensemble - 194, 1140
2019-01-29 17:05:05,105 - INFO - ensemble - 194, 1150
2019-01-29 17:05:05,105 - INFO - ensemble - 195, 1160
2019-01-29 17:05:05,105 - INFO - ensemble - 195, 1170
2019-01-29 17:05:05,113 - INFO - ensemble - 195, 1180
2019-01-29 17:05:05,115 - INFO - ensemble - 195, 1190
2019-01-29 17:05:05,115 - INFO - ensemble - 196, 1200
2019-01-29 17:05:05,115 - INFO - ensemble - 196, 1210
2019-01-29 17:05:05,115 - INFO - ensemble - 196, 1220
2019-01-29 17:05:05,124 - INFO - ensemble - 196, 1230
2019-01-29 17:05:05,126 - INFO - ensemble - 196, 1240
2019-01-29 17:05:05,126 - INFO - ensemble - 196, 1250
2019-01-29 17:05:05,126 - INFO - ensemble - 197, 1260
2019-01-29 17:05:05,126 - INFO - ensemble - 197, 1270
2019-01-29 17:05:05,126 - INFO - ensemble - 197, 1280
2019-01-29 17:05:05,136 - INFO - ensemble - 197, 1290
2019-01-29 17:05:05,136 - INFO - ensemble - 197, 1300
2019-01-29 17:05:05,136 - INFO - ensemble - 197, 1310
2019-01-29 17:05:05,136 - INFO - ensemble - 197, 1320
2019-01-29 17:05:05,136 - INFO - ensemble - 197, 1330
2019-01-29 17:05:05,144 - INFO - ensemble - 197, 1340
2019-01-29 17:05:05,146 - INFO - ensemble - 197, 1350
2019-01-29 17:05:05,146 - INFO - ensemble - 197, 1360
2019-01-29 17:05:05,146 - INFO - ensemble - 197, 1370
2019-01-29 17:05:05,146 - INFO - ensemble - 197, 1380
2019-01-29 17:05:05,154 - INFO - ensemble - 197, 1390
2019-01-29 17:05:05,156 - INFO - ensemble - 197, 1400
2019-01-29 17:05:05,156 - INFO - ensemble - 197, 1410
2019-01-29 17:05:05,156 - INFO - ensemble - 197, 1420
2019-01-29 17:05:05,156 - INFO - ensemble - 197, 1430
2019-01-29 17:05:05,164 - INFO - ensemble - 197, 1440
2019-01-29 17:05:05,164 - INFO - ensemble - 197, 1450
2019-01-29 17:05:05,166 - INFO - ensemble - 197, 1460
2019-01-29 17:05:05,166 - INFO - ensemble - 197, 1470
2019-01-29 17:05:05,166 - INFO - ensemble - 197, 1480
2019-01-29 17:05:05,166 - INFO - ensemble - 197, 1490
2019-01-29 17:05:05,174 - INFO - ensemble - 197, 1500
2019-01-29 17:05:05,177 - INFO - ensemble - 197, 1510
2019-01-29 17:05:05,177 - INFO - ensemble - 198, 1520
2019-01-29 17:05:05,177 - INFO - ensemble - 198, 1530
2019-01-29 17:05:05,177 - INFO - ensemble - 198, 1540
2019-01-29 17:05:05,185 - INFO - ensemble - 198, 1550
2019-01-29 17:05:05,187 - INFO - ensemble - 198, 1560
2019-01-29 17:05:05,187 - INFO - ensemble - 198, 1570
2019-01-29 17:05:05,187 - INFO - ensemble - 198, 1580
2019-01-29 17:05:05,187 - INFO - ensemble - 198, 1590
2019-01-29 17:05:05,187 - INFO - ensemble - 198, 1600
2019-01-29 17:05:05,197 - INFO - ensemble - 198, 1610
2019-01-29 17:05:05,197 - INFO - ensemble - 198, 1620
2019-01-29 17:05:05,197 - INFO - ensemble - 198, 1630
2019-01-29 17:05:05,197 - INFO - ensemble - 198, 1640
2019-01-29 17:05:05,197 - INFO - ensemble - 198, 1650
2019-01-29 17:05:05,205 - INFO - ensemble - 198, 1660
2019-01-29 17:05:05,207 - INFO - ensemble - 198, 1670
2019-01-29 17:05:05,207 - INFO - ensemble - 198, 1680
2019-01-29 17:05:05,207 - INFO - ensemble - 198, 1690
2019-01-29 17:05:05,207 - INFO - ensemble - 198, 1700
2019-01-29 17:05:05,215 - INFO - ensemble - 198, 1710
2019-01-29 17:05:05,217 - INFO - ensemble - 198, 1720
2019-01-29 17:05:05,217 - INFO - ensemble - 198, 1730
2019-01-29 17:05:05,217 - INFO - ensemble - 198, 1740
2019-01-29 17:05:05,217 - INFO - ensemble - 198, 1750
2019-01-29 17:05:05,225 - INFO - ensemble - 198, 1760
2019-01-29 17:05:05,228 - INFO - ensemble - 199, 1770
2019-01-29 17:05:06,204 - INFO - ensemble - ++++NEW CLF++++ ENSEMBLE_NBM
2019-01-29 17:05:06,214 - INFO - ensemble - 6, 10
2019-01-29 17:05:06,214 - INFO - ensemble - 13, 20
2019-01-29 17:05:06,214 - INFO - ensemble - 20, 30
2019-01-29 17:05:06,222 - INFO - ensemble - 27, 40
2019-01-29 17:05:06,224 - INFO - ensemble - 32, 50
2019-01-29 17:05:06,224 - INFO - ensemble - 36, 60
2019-01-29 17:05:06,224 - INFO - ensemble - 43, 70
2019-01-29 17:05:06,234 - INFO - ensemble - 46, 80
2019-01-29 17:05:06,234 - INFO - ensemble - 46, 90
2019-01-29 17:05:06,234 - INFO - ensemble - 46, 100
2019-01-29 17:05:06,234 - INFO - ensemble - 46, 110
2019-01-29 17:05:06,234 - INFO - ensemble - 46, 120
2019-01-29 17:05:06,243 - INFO - ensemble - 46, 130
2019-01-29 17:05:06,243 - INFO - ensemble - 47, 140
2019-01-29 17:05:06,243 - INFO - ensemble - 47, 150
2019-01-29 17:05:06,243 - INFO - ensemble - 47, 160
2019-01-29 17:05:06,243 - INFO - ensemble - 47, 170
2019-01-29 17:05:06,253 - INFO - ensemble - 47, 180
2019-01-29 17:05:06,255 - INFO - ensemble - 47, 190
2019-01-29 17:05:06,255 - INFO - ensemble - 47, 200
2019-01-29 17:05:06,255 - INFO - ensemble - 48, 210
2019-01-29 17:05:06,255 - INFO - ensemble - 48, 220
2019-01-29 17:05:06,255 - INFO - ensemble - 50, 230
2019-01-29 17:05:06,263 - INFO - ensemble - 50, 240
2019-01-29 17:05:06,265 - INFO - ensemble - 51, 250
2019-01-29 17:05:06,265 - INFO - ensemble - 51, 260
2019-01-29 17:05:06,265 - INFO - ensemble - 52, 270
2019-01-29 17:05:06,265 - INFO - ensemble - 52, 280
2019-01-29 17:05:06,265 - INFO - ensemble - 53, 290
2019-01-29 17:05:06,275 - INFO - ensemble - 53, 300
2019-01-29 17:05:06,275 - INFO - ensemble - 53, 310
2019-01-29 17:05:06,275 - INFO - ensemble - 53, 320
2019-01-29 17:05:06,275 - INFO - ensemble - 53, 330
2019-01-29 17:05:06,275 - INFO - ensemble - 53, 340
2019-01-29 17:05:06,283 - INFO - ensemble - 53, 350
2019-01-29 17:05:06,283 - INFO - ensemble - 53, 360
2019-01-29 17:05:06,283 - INFO - ensemble - 53, 370
2019-01-29 17:05:06,283 - INFO - ensemble - 53, 380
2019-01-29 17:05:06,283 - INFO - ensemble - 54, 390
2019-01-29 17:05:06,283 - INFO - ensemble - 54, 400
2019-01-29 17:05:06,293 - INFO - ensemble - 54, 410
2019-01-29 17:05:06,295 - INFO - ensemble - 54, 420
2019-01-29 17:05:06,295 - INFO - ensemble - 55, 430
2019-01-29 17:05:06,295 - INFO - ensemble - 55, 440
2019-01-29 17:05:06,295 - INFO - ensemble - 55, 450
2019-01-29 17:05:06,303 - INFO - ensemble - 56, 460
2019-01-29 17:05:06,305 - INFO - ensemble - 56, 470
2019-01-29 17:05:06,306 - INFO - ensemble - 56, 480
2019-01-29 17:05:06,306 - INFO - ensemble - 56, 490
2019-01-29 17:05:06,306 - INFO - ensemble - 56, 500
2019-01-29 17:05:06,306 - INFO - ensemble - 56, 510
2019-01-29 17:05:06,314 - INFO - ensemble - 56, 520
2019-01-29 17:05:06,316 - INFO - ensemble - 56, 530
2019-01-29 17:05:06,316 - INFO - ensemble - 56, 540
2019-01-29 17:05:06,316 - INFO - ensemble - 56, 550
2019-01-29 17:05:06,316 - INFO - ensemble - 56, 560
2019-01-29 17:05:06,316 - INFO - ensemble - 56, 570
2019-01-29 17:05:06,324 - INFO - ensemble - 56, 580
2019-01-29 17:05:06,326 - INFO - ensemble - 56, 590
2019-01-29 17:05:06,326 - INFO - ensemble - 57, 600
2019-01-29 17:05:06,326 - INFO - ensemble - 57, 610
2019-01-29 17:05:06,326 - INFO - ensemble - 57, 620
2019-01-29 17:05:06,334 - INFO - ensemble - 58, 630
2019-01-29 17:05:06,336 - INFO - ensemble - 60, 640
2019-01-29 17:05:06,336 - INFO - ensemble - 60, 650
2019-01-29 17:05:06,336 - INFO - ensemble - 60, 660
2019-01-29 17:05:06,336 - INFO - ensemble - 60, 670
2019-01-29 17:05:06,336 - INFO - ensemble - 61, 680
2019-01-29 17:05:06,344 - INFO - ensemble - 61, 690
2019-01-29 17:05:06,346 - INFO - ensemble - 62, 700
2019-01-29 17:05:06,346 - INFO - ensemble - 63, 710
2019-01-29 17:05:06,346 - INFO - ensemble - 63, 720
2019-01-29 17:05:06,346 - INFO - ensemble - 63, 730
2019-01-29 17:05:06,346 - INFO - ensemble - 63, 740
2019-01-29 17:05:06,356 - INFO - ensemble - 63, 750
2019-01-29 17:05:06,356 - INFO - ensemble - 63, 760
2019-01-29 17:05:06,356 - INFO - ensemble - 63, 770
2019-01-29 17:05:06,356 - INFO - ensemble - 63, 780
2019-01-29 17:05:06,356 - INFO - ensemble - 64, 790
2019-01-29 17:05:06,365 - INFO - ensemble - 64, 800
2019-01-29 17:05:06,367 - INFO - ensemble - 64, 810
2019-01-29 17:05:06,367 - INFO - ensemble - 64, 820
2019-01-29 17:05:06,367 - INFO - ensemble - 65, 830
2019-01-29 17:05:06,367 - INFO - ensemble - 66, 840
2019-01-29 17:05:06,367 - INFO - ensemble - 66, 850
2019-01-29 17:05:06,375 - INFO - ensemble - 66, 860
2019-01-29 17:05:06,377 - INFO - ensemble - 68, 870
2019-01-29 17:05:06,377 - INFO - ensemble - 68, 880
2019-01-29 17:05:06,377 - INFO - ensemble - 68, 890
2019-01-29 17:05:06,377 - INFO - ensemble - 69, 900
2019-01-29 17:05:06,385 - INFO - ensemble - 69, 910
2019-01-29 17:05:06,387 - INFO - ensemble - 69, 920
2019-01-29 17:05:06,387 - INFO - ensemble - 70, 930
2019-01-29 17:05:06,387 - INFO - ensemble - 70, 940
2019-01-29 17:05:06,387 - INFO - ensemble - 70, 950
2019-01-29 17:05:06,387 - INFO - ensemble - 71, 960
2019-01-29 17:05:06,397 - INFO - ensemble - 72, 970
2019-01-29 17:05:06,397 - INFO - ensemble - 72, 980
2019-01-29 17:05:06,397 - INFO - ensemble - 72, 990
2019-01-29 17:05:06,397 - INFO - ensemble - 72, 1000
2019-01-29 17:05:06,397 - INFO - ensemble - 72, 1010
2019-01-29 17:05:06,405 - INFO - ensemble - 72, 1020
2019-01-29 17:05:06,407 - INFO - ensemble - 72, 1030
2019-01-29 17:05:06,407 - INFO - ensemble - 72, 1040
2019-01-29 17:05:06,407 - INFO - ensemble - 73, 1050
2019-01-29 17:05:06,407 - INFO - ensemble - 73, 1060
2019-01-29 17:05:06,407 - INFO - ensemble - 75, 1070
2019-01-29 17:05:06,417 - INFO - ensemble - 76, 1080
2019-01-29 17:05:06,417 - INFO - ensemble - 76, 1090
2019-01-29 17:05:06,417 - INFO - ensemble - 76, 1100
2019-01-29 17:05:06,417 - INFO - ensemble - 76, 1110
2019-01-29 17:05:06,417 - INFO - ensemble - 76, 1120
2019-01-29 17:05:06,426 - INFO - ensemble - 77, 1130
2019-01-29 17:05:06,428 - INFO - ensemble - 77, 1140
2019-01-29 17:05:06,428 - INFO - ensemble - 77, 1150
2019-01-29 17:05:06,428 - INFO - ensemble - 77, 1160
2019-01-29 17:05:06,428 - INFO - ensemble - 78, 1170
2019-01-29 17:05:06,436 - INFO - ensemble - 78, 1180
2019-01-29 17:05:06,438 - INFO - ensemble - 78, 1190
2019-01-29 17:05:06,438 - INFO - ensemble - 79, 1200
2019-01-29 17:05:06,438 - INFO - ensemble - 80, 1210
2019-01-29 17:05:06,438 - INFO - ensemble - 80, 1220
2019-01-29 17:05:06,446 - INFO - ensemble - 80, 1230
2019-01-29 17:05:06,448 - INFO - ensemble - 81, 1240
2019-01-29 17:05:06,448 - INFO - ensemble - 81, 1250
2019-01-29 17:05:06,448 - INFO - ensemble - 81, 1260
2019-01-29 17:05:06,448 - INFO - ensemble - 81, 1270
2019-01-29 17:05:06,456 - INFO - ensemble - 81, 1280
2019-01-29 17:05:06,458 - INFO - ensemble - 82, 1290
2019-01-29 17:05:06,458 - INFO - ensemble - 83, 1300
2019-01-29 17:05:06,458 - INFO - ensemble - 83, 1310
2019-01-29 17:05:06,458 - INFO - ensemble - 83, 1320
2019-01-29 17:05:06,466 - INFO - ensemble - 83, 1330
2019-01-29 17:05:06,468 - INFO - ensemble - 83, 1340
2019-01-29 17:05:06,468 - INFO - ensemble - 83, 1350
2019-01-29 17:05:06,468 - INFO - ensemble - 83, 1360
2019-01-29 17:05:06,468 - INFO - ensemble - 83, 1370
2019-01-29 17:05:06,468 - INFO - ensemble - 83, 1380
2019-01-29 17:05:06,476 - INFO - ensemble - 83, 1390
2019-01-29 17:05:06,478 - INFO - ensemble - 83, 1400
2019-01-29 17:05:06,478 - INFO - ensemble - 83, 1410
2019-01-29 17:05:06,478 - INFO - ensemble - 83, 1420
2019-01-29 17:05:06,478 - INFO - ensemble - 84, 1430
2019-01-29 17:05:06,486 - INFO - ensemble - 85, 1440
2019-01-29 17:05:06,488 - INFO - ensemble - 86, 1450
2019-01-29 17:05:06,488 - INFO - ensemble - 86, 1460
2019-01-29 17:05:06,488 - INFO - ensemble - 86, 1470
2019-01-29 17:05:06,488 - INFO - ensemble - 86, 1480
2019-01-29 17:05:06,488 - INFO - ensemble - 86, 1490
2019-01-29 17:05:06,498 - INFO - ensemble - 87, 1500
2019-01-29 17:05:06,498 - INFO - ensemble - 87, 1510
2019-01-29 17:05:06,498 - INFO - ensemble - 90, 1520
2019-01-29 17:05:06,508 - INFO - ensemble - 91, 1530
2019-01-29 17:05:06,508 - INFO - ensemble - 92, 1540
2019-01-29 17:05:06,508 - INFO - ensemble - 93, 1550
2019-01-29 17:05:06,516 - INFO - ensemble - 93, 1560
2019-01-29 17:05:06,519 - INFO - ensemble - 93, 1570
2019-01-29 17:05:06,519 - INFO - ensemble - 94, 1580
2019-01-29 17:05:06,519 - INFO - ensemble - 96, 1590
2019-01-29 17:05:06,519 - INFO - ensemble - 96, 1600
2019-01-29 17:05:06,527 - INFO - ensemble - 96, 1610
2019-01-29 17:05:06,529 - INFO - ensemble - 97, 1620
2019-01-29 17:05:06,529 - INFO - ensemble - 97, 1630
2019-01-29 17:05:06,529 - INFO - ensemble - 98, 1640
2019-01-29 17:05:06,529 - INFO - ensemble - 98, 1650
2019-01-29 17:05:06,529 - INFO - ensemble - 99, 1660
2019-01-29 17:05:06,539 - INFO - ensemble - 99, 1670
2019-01-29 17:05:06,539 - INFO - ensemble - 100, 1680
2019-01-29 17:05:06,539 - INFO - ensemble - 100, 1690
2019-01-29 17:05:06,547 - INFO - ensemble - 100, 1700
2019-01-29 17:05:06,549 - INFO - ensemble - 100, 1710
2019-01-29 17:05:06,549 - INFO - ensemble - 101, 1720
2019-01-29 17:05:06,557 - INFO - ensemble - 101, 1730
2019-01-29 17:05:06,559 - INFO - ensemble - 103, 1740
2019-01-29 17:05:06,559 - INFO - ensemble - 103, 1750
2019-01-29 17:05:06,559 - INFO - ensemble - 103, 1760
2019-01-29 17:05:06,559 - INFO - ensemble - 103, 1770
2019-01-29 17:05:06,567 - INFO - ensemble - 103, 1780
2019-01-29 17:05:06,567 - INFO - ensemble - 103, 1790
2019-01-29 17:05:06,569 - INFO - ensemble - 104, 1800
2019-01-29 17:05:06,569 - INFO - ensemble - 104, 1810
2019-01-29 17:05:06,569 - INFO - ensemble - 104, 1820
2019-01-29 17:05:06,577 - INFO - ensemble - 104, 1830
2019-01-29 17:05:06,579 - INFO - ensemble - 104, 1840
2019-01-29 17:05:06,579 - INFO - ensemble - 104, 1850
2019-01-29 17:05:06,579 - INFO - ensemble - 104, 1860
2019-01-29 17:05:06,579 - INFO - ensemble - 104, 1870
2019-01-29 17:05:06,579 - INFO - ensemble - 104, 1880
2019-01-29 17:05:06,587 - INFO - ensemble - 104, 1890
2019-01-29 17:05:06,589 - INFO - ensemble - 104, 1900
2019-01-29 17:05:06,589 - INFO - ensemble - 105, 1910
2019-01-29 17:05:06,589 - INFO - ensemble - 105, 1920
2019-01-29 17:05:06,589 - INFO - ensemble - 105, 1930
2019-01-29 17:05:06,600 - INFO - ensemble - 105, 1940
2019-01-29 17:05:06,600 - INFO - ensemble - 105, 1950
2019-01-29 17:05:06,600 - INFO - ensemble - 106, 1960
2019-01-29 17:05:06,600 - INFO - ensemble - 106, 1970
2019-01-29 17:05:06,600 - INFO - ensemble - 107, 1980
2019-01-29 17:05:06,608 - INFO - ensemble - 107, 1990
2019-01-29 17:05:06,608 - INFO - ensemble - 110, 2000
2019-01-29 17:05:06,608 - INFO - ensemble - 110, 2010
2019-01-29 17:05:06,608 - INFO - ensemble - 110, 2020
2019-01-29 17:05:06,608 - INFO - ensemble - 110, 2030
2019-01-29 17:05:06,618 - INFO - ensemble - 110, 2040
2019-01-29 17:05:06,620 - INFO - ensemble - 110, 2050
2019-01-29 17:05:06,620 - INFO - ensemble - 111, 2060
2019-01-29 17:05:06,620 - INFO - ensemble - 112, 2070
2019-01-29 17:05:06,620 - INFO - ensemble - 112, 2080
2019-01-29 17:05:06,628 - INFO - ensemble - 113, 2090
2019-01-29 17:05:06,630 - INFO - ensemble - 113, 2100
2019-01-29 17:05:06,630 - INFO - ensemble - 114, 2110
2019-01-29 17:05:06,630 - INFO - ensemble - 114, 2120
2019-01-29 17:05:06,630 - INFO - ensemble - 115, 2130
2019-01-29 17:05:06,638 - INFO - ensemble - 115, 2140
2019-01-29 17:05:06,640 - INFO - ensemble - 117, 2150
2019-01-29 17:05:06,640 - INFO - ensemble - 117, 2160
2019-01-29 17:05:06,640 - INFO - ensemble - 117, 2170
2019-01-29 17:05:06,640 - INFO - ensemble - 117, 2180
2019-01-29 17:05:06,648 - INFO - ensemble - 117, 2190
2019-01-29 17:05:06,650 - INFO - ensemble - 118, 2200
2019-01-29 17:05:06,650 - INFO - ensemble - 119, 2210
2019-01-29 17:05:06,650 - INFO - ensemble - 120, 2220
2019-01-29 17:05:06,650 - INFO - ensemble - 120, 2230
2019-01-29 17:05:06,650 - INFO - ensemble - 120, 2240
2019-01-29 17:05:06,660 - INFO - ensemble - 120, 2250
2019-01-29 17:05:06,660 - INFO - ensemble - 120, 2260
2019-01-29 17:05:06,660 - INFO - ensemble - 120, 2270
2019-01-29 17:05:06,660 - INFO - ensemble - 120, 2280
2019-01-29 17:05:06,669 - INFO - ensemble - 120, 2290
2019-01-29 17:05:06,671 - INFO - ensemble - 122, 2300
2019-01-29 17:05:06,671 - INFO - ensemble - 122, 2310
2019-01-29 17:05:06,671 - INFO - ensemble - 122, 2320
2019-01-29 17:05:06,671 - INFO - ensemble - 123, 2330
2019-01-29 17:05:06,671 - INFO - ensemble - 124, 2340
2019-01-29 17:05:06,681 - INFO - ensemble - 124, 2350
2019-01-29 17:05:06,681 - INFO - ensemble - 124, 2360
2019-01-29 17:05:06,681 - INFO - ensemble - 124, 2370
2019-01-29 17:05:06,681 - INFO - ensemble - 124, 2380
2019-01-29 17:05:06,681 - INFO - ensemble - 125, 2390
2019-01-29 17:05:06,689 - INFO - ensemble - 126, 2400
2019-01-29 17:05:06,691 - INFO - ensemble - 127, 2410
2019-01-29 17:05:06,691 - INFO - ensemble - 127, 2420
2019-01-29 17:05:06,691 - INFO - ensemble - 128, 2430
2019-01-29 17:05:06,691 - INFO - ensemble - 128, 2440
2019-01-29 17:05:06,699 - INFO - ensemble - 128, 2450
2019-01-29 17:05:06,701 - INFO - ensemble - 128, 2460
2019-01-29 17:05:06,701 - INFO - ensemble - 129, 2470
2019-01-29 17:05:06,701 - INFO - ensemble - 129, 2480
2019-01-29 17:05:06,701 - INFO - ensemble - 130, 2490
2019-01-29 17:05:06,709 - INFO - ensemble - 131, 2500
2019-01-29 17:05:06,712 - INFO - ensemble - 131, 2510
2019-01-29 17:05:06,712 - INFO - ensemble - 131, 2520
2019-01-29 17:05:06,712 - INFO - ensemble - 131, 2530
2019-01-29 17:05:06,712 - INFO - ensemble - 131, 2540
2019-01-29 17:05:06,720 - INFO - ensemble - 132, 2550
2019-01-29 17:05:06,723 - INFO - ensemble - 132, 2560
2019-01-29 17:05:06,725 - INFO - ensemble - 132, 2570
2019-01-29 17:05:06,726 - INFO - ensemble - 132, 2580
2019-01-29 17:05:06,726 - INFO - ensemble - 133, 2590
2019-01-29 17:05:06,730 - INFO - ensemble - 133, 2600
2019-01-29 17:05:06,732 - INFO - ensemble - 133, 2610
2019-01-29 17:05:06,732 - INFO - ensemble - 133, 2620
2019-01-29 17:05:06,732 - INFO - ensemble - 134, 2630
2019-01-29 17:05:06,732 - INFO - ensemble - 134, 2640
2019-01-29 17:05:06,732 - INFO - ensemble - 134, 2650
2019-01-29 17:05:06,740 - INFO - ensemble - 135, 2660
2019-01-29 17:05:06,742 - INFO - ensemble - 135, 2670
2019-01-29 17:05:06,742 - INFO - ensemble - 136, 2680
2019-01-29 17:05:06,742 - INFO - ensemble - 136, 2690
2019-01-29 17:05:06,750 - INFO - ensemble - 136, 2700
2019-01-29 17:05:06,750 - INFO - ensemble - 138, 2710
2019-01-29 17:05:06,750 - INFO - ensemble - 139, 2720
2019-01-29 17:05:06,750 - INFO - ensemble - 139, 2730
2019-01-29 17:05:06,750 - INFO - ensemble - 139, 2740
2019-01-29 17:05:06,750 - INFO - ensemble - 141, 2750
2019-01-29 17:05:06,762 - INFO - ensemble - 141, 2760
2019-01-29 17:05:06,762 - INFO - ensemble - 141, 2770
2019-01-29 17:05:06,762 - INFO - ensemble - 141, 2780
2019-01-29 17:05:06,762 - INFO - ensemble - 141, 2790
2019-01-29 17:05:06,762 - INFO - ensemble - 142, 2800
2019-01-29 17:05:06,770 - INFO - ensemble - 142, 2810
2019-01-29 17:05:06,772 - INFO - ensemble - 142, 2820
2019-01-29 17:05:06,772 - INFO - ensemble - 142, 2830
2019-01-29 17:05:06,772 - INFO - ensemble - 143, 2840
2019-01-29 17:05:06,772 - INFO - ensemble - 143, 2850
2019-01-29 17:05:06,783 - INFO - ensemble - 143, 2860
2019-01-29 17:05:06,783 - INFO - ensemble - 143, 2870
2019-01-29 17:05:06,783 - INFO - ensemble - 143, 2880
2019-01-29 17:05:06,783 - INFO - ensemble - 143, 2890
2019-01-29 17:05:06,791 - INFO - ensemble - 143, 2900
2019-01-29 17:05:06,793 - INFO - ensemble - 143, 2910
2019-01-29 17:05:06,793 - INFO - ensemble - 144, 2920
2019-01-29 17:05:06,793 - INFO - ensemble - 144, 2930
2019-01-29 17:05:06,793 - INFO - ensemble - 145, 2940
2019-01-29 17:05:06,793 - INFO - ensemble - 146, 2950
2019-01-29 17:05:06,803 - INFO - ensemble - 147, 2960
2019-01-29 17:05:06,803 - INFO - ensemble - 148, 2970
2019-01-29 17:05:06,803 - INFO - ensemble - 148, 2980
2019-01-29 17:05:06,803 - INFO - ensemble - 149, 2990
2019-01-29 17:05:06,811 - INFO - ensemble - 149, 3000
2019-01-29 17:05:06,811 - INFO - ensemble - 149, 3010
2019-01-29 17:05:06,811 - INFO - ensemble - 149, 3020
2019-01-29 17:05:06,811 - INFO - ensemble - 149, 3030
2019-01-29 17:05:06,811 - INFO - ensemble - 151, 3040
2019-01-29 17:05:06,821 - INFO - ensemble - 153, 3050
2019-01-29 17:05:06,823 - INFO - ensemble - 153, 3060
2019-01-29 17:05:06,823 - INFO - ensemble - 154, 3070
2019-01-29 17:05:06,823 - INFO - ensemble - 155, 3080
2019-01-29 17:05:06,823 - INFO - ensemble - 155, 3090
2019-01-29 17:05:06,831 - INFO - ensemble - 155, 3100
2019-01-29 17:05:06,833 - INFO - ensemble - 155, 3110
2019-01-29 17:05:06,833 - INFO - ensemble - 155, 3120
2019-01-29 17:05:06,833 - INFO - ensemble - 155, 3130
2019-01-29 17:05:06,833 - INFO - ensemble - 155, 3140
2019-01-29 17:05:06,841 - INFO - ensemble - 155, 3150
2019-01-29 17:05:06,843 - INFO - ensemble - 156, 3160
2019-01-29 17:05:06,843 - INFO - ensemble - 156, 3170
2019-01-29 17:05:06,848 - INFO - ensemble - 156, 3180
2019-01-29 17:05:06,850 - INFO - ensemble - 157, 3190
2019-01-29 17:05:06,853 - INFO - ensemble - 158, 3200
2019-01-29 17:05:06,855 - INFO - ensemble - 158, 3210
2019-01-29 17:05:06,857 - INFO - ensemble - 158, 3220
2019-01-29 17:05:06,859 - INFO - ensemble - 159, 3230
2019-01-29 17:05:06,861 - INFO - ensemble - 159, 3240
2019-01-29 17:05:06,864 - INFO - ensemble - 161, 3250
2019-01-29 17:05:06,866 - INFO - ensemble - 162, 3260
2019-01-29 17:05:06,868 - INFO - ensemble - 162, 3270
2019-01-29 17:05:06,870 - INFO - ensemble - 162, 3280
2019-01-29 17:05:06,872 - INFO - ensemble - 162, 3290
2019-01-29 17:05:06,875 - INFO - ensemble - 162, 3300
2019-01-29 17:05:06,877 - INFO - ensemble - 162, 3310
2019-01-29 17:05:06,879 - INFO - ensemble - 163, 3320
2019-01-29 17:05:06,881 - INFO - ensemble - 163, 3330
2019-01-29 17:05:06,883 - INFO - ensemble - 164, 3340
2019-01-29 17:05:06,886 - INFO - ensemble - 165, 3350
2019-01-29 17:05:06,888 - INFO - ensemble - 166, 3360
2019-01-29 17:05:06,890 - INFO - ensemble - 167, 3370
2019-01-29 17:05:06,892 - INFO - ensemble - 168, 3380
2019-01-29 17:05:06,894 - INFO - ensemble - 168, 3390
2019-01-29 17:05:06,897 - INFO - ensemble - 168, 3400
2019-01-29 17:05:06,899 - INFO - ensemble - 169, 3410
2019-01-29 17:05:06,901 - INFO - ensemble - 169, 3420
2019-01-29 17:05:06,904 - INFO - ensemble - 169, 3430
2019-01-29 17:05:06,906 - INFO - ensemble - 170, 3440
2019-01-29 17:05:06,908 - INFO - ensemble - 171, 3450
2019-01-29 17:05:06,910 - INFO - ensemble - 171, 3460
2019-01-29 17:05:06,912 - INFO - ensemble - 171, 3470
2019-01-29 17:05:06,914 - INFO - ensemble - 171, 3480
2019-01-29 17:05:06,916 - INFO - ensemble - 172, 3490
2019-01-29 17:05:06,919 - INFO - ensemble - 172, 3500
2019-01-29 17:05:06,921 - INFO - ensemble - 172, 3510
2019-01-29 17:05:06,923 - INFO - ensemble - 173, 3520
2019-01-29 17:05:06,925 - INFO - ensemble - 174, 3530
2019-01-29 17:05:06,928 - INFO - ensemble - 177, 3540
2019-01-29 17:05:06,930 - INFO - ensemble - 177, 3550
2019-01-29 17:05:06,932 - INFO - ensemble - 177, 3560
2019-01-29 17:05:06,935 - INFO - ensemble - 177, 3570
2019-01-29 17:05:06,937 - INFO - ensemble - 177, 3580
2019-01-29 17:05:06,940 - INFO - ensemble - 177, 3590
2019-01-29 17:05:06,942 - INFO - ensemble - 177, 3600
2019-01-29 17:05:06,944 - INFO - ensemble - 177, 3610
2019-01-29 17:05:06,946 - INFO - ensemble - 178, 3620
2019-01-29 17:05:06,948 - INFO - ensemble - 179, 3630
2019-01-29 17:05:06,950 - INFO - ensemble - 179, 3640
2019-01-29 17:05:06,953 - INFO - ensemble - 180, 3650
2019-01-29 17:05:06,955 - INFO - ensemble - 180, 3660
2019-01-29 17:05:06,957 - INFO - ensemble - 180, 3670
2019-01-29 17:05:06,959 - INFO - ensemble - 180, 3680
2019-01-29 17:05:06,962 - INFO - ensemble - 180, 3690
2019-01-29 17:05:06,964 - INFO - ensemble - 180, 3700
2019-01-29 17:05:06,967 - INFO - ensemble - 181, 3710
2019-01-29 17:05:06,969 - INFO - ensemble - 181, 3720
2019-01-29 17:05:06,971 - INFO - ensemble - 181, 3730
2019-01-29 17:05:06,973 - INFO - ensemble - 181, 3740
2019-01-29 17:05:06,976 - INFO - ensemble - 181, 3750
2019-01-29 17:05:06,978 - INFO - ensemble - 181, 3760
2019-01-29 17:05:06,980 - INFO - ensemble - 182, 3770
2019-01-29 17:05:06,982 - INFO - ensemble - 182, 3780
2019-01-29 17:05:06,984 - INFO - ensemble - 182, 3790
2019-01-29 17:05:06,987 - INFO - ensemble - 182, 3800
2019-01-29 17:05:06,989 - INFO - ensemble - 183, 3810
2019-01-29 17:05:06,991 - INFO - ensemble - 183, 3820
2019-01-29 17:05:06,993 - INFO - ensemble - 184, 3830
2019-01-29 17:05:06,996 - INFO - ensemble - 184, 3840
2019-01-29 17:05:06,998 - INFO - ensemble - 184, 3850
2019-01-29 17:05:07,001 - INFO - ensemble - 184, 3860
2019-01-29 17:05:07,003 - INFO - ensemble - 185, 3870
2019-01-29 17:05:07,005 - INFO - ensemble - 185, 3880
2019-01-29 17:05:07,007 - INFO - ensemble - 185, 3890
2019-01-29 17:05:07,010 - INFO - ensemble - 185, 3900
2019-01-29 17:05:07,012 - INFO - ensemble - 185, 3910
2019-01-29 17:05:07,014 - INFO - ensemble - 185, 3920
2019-01-29 17:05:07,017 - INFO - ensemble - 185, 3930
2019-01-29 17:05:07,020 - INFO - ensemble - 185, 3940
2019-01-29 17:05:07,022 - INFO - ensemble - 186, 3950
2019-01-29 17:05:07,025 - INFO - ensemble - 188, 3960
2019-01-29 17:05:07,027 - INFO - ensemble - 188, 3970
2019-01-29 17:05:07,031 - INFO - ensemble - 188, 3980
2019-01-29 17:05:07,033 - INFO - ensemble - 191, 3990
2019-01-29 17:05:07,036 - INFO - ensemble - 191, 4000
2019-01-29 17:05:07,038 - INFO - ensemble - 191, 4010
2019-01-29 17:05:07,041 - INFO - ensemble - 191, 4020
2019-01-29 17:05:07,043 - INFO - ensemble - 192, 4030
2019-01-29 17:05:07,045 - INFO - ensemble - 193, 4040
2019-01-29 17:05:07,047 - INFO - ensemble - 193, 4050
2019-01-29 17:05:07,050 - INFO - ensemble - 193, 4060
2019-01-29 17:05:07,052 - INFO - ensemble - 193, 4070
2019-01-29 17:05:07,054 - INFO - ensemble - 193, 4080
2019-01-29 17:05:07,057 - INFO - ensemble - 193, 4090
2019-01-29 17:05:07,059 - INFO - ensemble - 194, 4100
2019-01-29 17:05:07,061 - INFO - ensemble - 194, 4110
2019-01-29 17:05:07,064 - INFO - ensemble - 196, 4120
2019-01-29 17:05:07,066 - INFO - ensemble - 197, 4130
2019-01-29 17:05:07,068 - INFO - ensemble - 197, 4140
2019-01-29 17:05:07,071 - INFO - ensemble - 197, 4150
2019-01-29 17:05:07,073 - INFO - ensemble - 197, 4160
2019-01-29 17:05:07,076 - INFO - ensemble - 198, 4170
2019-01-29 17:05:07,078 - INFO - ensemble - 200, 4180
2019-01-29 17:05:07,664 - INFO - rig - ++++NEW CLF++++ FASTREAD
2019-01-29 17:05:07,664 - INFO - fastread - Total Yes: 209 | Total No: 4199
2019-01-29 17:05:07,889 - INFO - fastread - 0, 0
2019-01-29 17:05:17,252 - INFO - fastread - 97, 135
2019-01-29 17:05:18,827 - INFO - fastread - 100, 157
2019-01-29 17:05:20,301 - INFO - fastread - 100, 179
2019-01-29 17:05:21,854 - INFO - fastread - 100, 201
2019-01-29 17:05:23,446 - INFO - fastread - 100, 223
2019-01-29 17:05:24,930 - INFO - fastread - 100, 245
2019-01-29 17:05:27,913 - INFO - fastread - 100, 289
2019-01-29 17:05:29,486 - INFO - fastread - 101, 311
2019-01-29 17:05:31,235 - INFO - fastread - 103, 333
2019-01-29 17:05:33,201 - INFO - fastread - 107, 355
2019-01-29 17:05:35,066 - INFO - fastread - 108, 377
2019-01-29 17:05:36,775 - INFO - fastread - 109, 399
2019-01-29 17:05:38,561 - INFO - fastread - 110, 421
2019-01-29 17:05:40,270 - INFO - fastread - 112, 443
2019-01-29 17:05:42,010 - INFO - fastread - 117, 465
2019-01-29 17:05:43,726 - INFO - fastread - 117, 487
2019-01-29 17:05:45,524 - INFO - fastread - 118, 509
2019-01-29 17:05:47,283 - INFO - fastread - 118, 531
2019-01-29 17:05:49,105 - INFO - fastread - 118, 553
2019-01-29 17:05:50,791 - INFO - fastread - 119, 575
2019-01-29 17:05:52,513 - INFO - fastread - 119, 597
2019-01-29 17:05:54,282 - INFO - fastread - 129, 619
2019-01-29 17:05:55,888 - INFO - fastread - 129, 641
2019-01-29 17:05:57,484 - INFO - fastread - 129, 663
2019-01-29 17:05:59,222 - INFO - fastread - 129, 685
2019-01-29 17:06:01,140 - INFO - fastread - 133, 707
2019-01-29 17:06:02,889 - INFO - fastread - 133, 729
2019-01-29 17:06:04,546 - INFO - fastread - 137, 751
2019-01-29 17:06:06,156 - INFO - fastread - 137, 773
2019-01-29 17:06:07,865 - INFO - fastread - 137, 795
2019-01-29 17:06:09,524 - INFO - fastread - 137, 817
2019-01-29 17:06:11,178 - INFO - fastread - 139, 839
2019-01-29 17:06:12,941 - INFO - fastread - 139, 861
2019-01-29 17:06:14,655 - INFO - fastread - 140, 883
2019-01-29 17:06:16,373 - INFO - fastread - 142, 905
2019-01-29 17:06:18,084 - INFO - fastread - 144, 927
2019-01-29 17:06:19,923 - INFO - fastread - 144, 949
2019-01-29 17:06:21,658 - INFO - fastread - 146, 971
2019-01-29 17:06:23,339 - INFO - fastread - 146, 993
2019-01-29 17:06:25,018 - INFO - fastread - 146, 1015
2019-01-29 17:06:26,972 - INFO - fastread - 146, 1037
2019-01-29 17:06:28,750 - INFO - fastread - 146, 1059
2019-01-29 17:06:30,580 - INFO - fastread - 147, 1081
2019-01-29 17:06:32,341 - INFO - fastread - 147, 1103
2019-01-29 17:06:34,131 - INFO - fastread - 147, 1125
2019-01-29 17:06:35,920 - INFO - fastread - 147, 1147
2019-01-29 17:06:37,668 - INFO - fastread - 147, 1169
2019-01-29 17:06:40,831 - INFO - fastread - 148, 1213
2019-01-29 17:06:42,569 - INFO - fastread - 170, 1235
2019-01-29 17:06:44,362 - INFO - fastread - 192, 1257
2019-01-29 17:06:46,163 - INFO - fastread - 208, 1279
2019-01-29 19:51:05,316 - INFO - rig - jfreechart-1.0.19
2019-01-29 19:51:08,424 - INFO - rig - ++++NEW CLF++++ FASTREAD
2019-01-29 19:51:08,425 - INFO - fastread - Total Yes: 209 | Total No: 4199
2019-01-29 19:51:08,627 - INFO - fastread - 0, 0
2019-01-29 19:51:17,073 - INFO - fastread - 97, 135
2019-01-29 19:51:18,819 - INFO - fastread - 100, 157
2019-01-29 19:51:20,553 - INFO - fastread - 100, 179
2019-01-29 19:51:22,345 - INFO - fastread - 100, 201
2019-01-29 19:51:24,136 - INFO - fastread - 100, 223
2019-01-29 19:51:25,885 - INFO - fastread - 100, 245
2019-01-29 19:51:27,627 - INFO - fastread - 101, 267
2019-01-29 19:51:29,394 - INFO - fastread - 101, 289
2019-01-29 19:51:31,277 - INFO - fastread - 104, 311
2019-01-29 19:51:33,040 - INFO - fastread - 104, 333
2019-01-29 19:51:34,694 - INFO - fastread - 104, 355
2019-01-29 19:51:36,378 - INFO - fastread - 109, 377
2019-01-29 19:51:38,016 - INFO - fastread - 115, 399
2019-01-29 19:51:39,696 - INFO - fastread - 119, 421
2019-01-29 19:51:41,382 - INFO - fastread - 120, 443
2019-01-29 19:51:43,024 - INFO - fastread - 120, 465
2019-01-29 19:51:44,704 - INFO - fastread - 121, 487
2019-01-29 19:51:46,374 - INFO - fastread - 122, 509
2019-01-29 19:51:48,045 - INFO - fastread - 122, 531
2019-01-29 19:51:49,731 - INFO - fastread - 126, 553
2019-01-29 19:51:51,458 - INFO - fastread - 128, 575
2019-01-29 19:51:53,191 - INFO - fastread - 128, 597
2019-01-29 19:51:54,886 - INFO - fastread - 129, 619
2019-01-29 19:51:56,643 - INFO - fastread - 130, 641
2019-01-29 19:51:58,381 - INFO - fastread - 134, 663
2019-01-29 19:52:00,122 - INFO - fastread - 134, 685
2019-01-29 19:52:01,857 - INFO - fastread - 134, 707
2019-01-29 19:52:03,606 - INFO - fastread - 138, 729
2019-01-29 19:52:05,363 - INFO - fastread - 139, 751
2019-01-29 19:52:07,123 - INFO - fastread - 139, 773
2019-01-29 19:52:08,885 - INFO - fastread - 139, 795
2019-01-29 19:52:10,657 - INFO - fastread - 139, 817
2019-01-29 19:52:12,419 - INFO - fastread - 139, 839
2019-01-29 19:52:14,183 - INFO - fastread - 140, 861
2019-01-29 19:52:16,012 - INFO - fastread - 140, 883
2019-01-29 19:52:17,950 - INFO - fastread - 140, 905
2019-01-29 19:52:19,733 - INFO - fastread - 140, 927
2019-01-29 19:52:21,502 - INFO - fastread - 140, 949
2019-01-29 19:52:23,284 - INFO - fastread - 142, 971
2019-01-29 19:52:25,084 - INFO - fastread - 142, 993
2019-01-29 19:52:26,887 - INFO - fastread - 142, 1015
2019-01-29 19:52:28,664 - INFO - fastread - 142, 1037
2019-01-29 19:52:30,469 - INFO - fastread - 142, 1059
2019-01-29 19:52:33,622 - INFO - fastread - 144, 1103
2019-01-29 19:52:35,417 - INFO - fastread - 166, 1125
2019-01-29 19:52:37,268 - INFO - fastread - 188, 1147
2019-01-29 19:52:39,132 - INFO - fastread - 203, 1169
2019-01-29 19:52:40,955 - INFO - fastread - 203, 1191
2019-01-29 19:52:42,752 - INFO - fastread - 205, 1213
2019-01-29 19:52:44,568 - INFO - fastread - 208, 1235
2019-01-29 19:52:46,410 - INFO - fastread - 208, 1257
2019-01-29 19:52:48,248 - INFO - fastread - 208, 1279
2019-01-29 19:52:50,150 - INFO - fastread - 209, 1301
