2019-02-07 13:17:37,479 - INFO - rig - hibernate-distribution-3.3.2.GA
2019-02-07 13:17:45,863 - INFO - rig - ++++NEW CLF++++ FASTREAD
2019-02-07 13:17:45,863 - INFO - fastread - Total Yes: 472 | Total No: 2496
2019-02-07 13:17:46,320 - INFO - fastread - 0, 0  475
2019-02-07 13:18:30,217 - INFO - fastread - 285, 296  475
2019-02-07 13:18:33,658 - INFO - fastread - 292, 310  495
2019-02-07 13:18:37,412 - INFO - fastread - 304, 324  523
2019-02-07 13:18:40,987 - INFO - fastread - 318, 338  535
2019-02-07 13:18:44,364 - INFO - fastread - 331, 352  543
2019-02-07 13:18:48,171 - INFO - fastread - 341, 366  547
2019-02-07 13:18:51,857 - INFO - fastread - 345, 380  548
2019-02-07 13:18:55,367 - INFO - fastread - 353, 394  548
2019-02-07 13:18:59,414 - INFO - fastread - 355, 408  552
2019-02-07 13:19:03,142 - INFO - fastread - 356, 422  542
2019-02-07 13:19:06,906 - INFO - fastread - 358, 436  523
2019-02-07 13:19:11,029 - INFO - fastread - 361, 450  521
2019-02-07 13:19:15,229 - INFO - fastread - 367, 464  507
2019-02-07 13:19:19,465 - INFO - fastread - 369, 478  509
2019-02-07 13:19:23,913 - INFO - fastread - 371, 492  509
2019-02-07 13:19:28,345 - INFO - fastread - 375, 506  497
2019-02-07 13:19:33,061 - INFO - fastread - 378, 520  494
2019-02-07 13:19:37,637 - INFO - fastread - 380, 534  502
2019-02-07 13:19:41,890 - INFO - fastread - 382, 548  487
2019-02-07 13:19:47,141 - INFO - fastread - 383, 562  496
2019-02-07 13:19:51,980 - INFO - fastread - 384, 576  483
2019-02-07 13:19:56,946 - INFO - fastread - 387, 590  481
2019-02-07 13:20:01,500 - INFO - fastread - 390, 604  468
2019-02-07 13:20:05,929 - INFO - fastread - 397, 618  467
2019-02-07 13:20:10,594 - INFO - fastread - 401, 632  474
2019-02-07 13:20:15,198 - INFO - fastread - 408, 646  480
2019-02-07 13:20:19,643 - INFO - fastread - 410, 660  481
2019-02-07 13:20:24,143 - INFO - fastread - 412, 674  476
2019-02-07 13:20:28,504 - INFO - fastread - 414, 688  473
2019-02-07 13:20:32,930 - INFO - fastread - 416, 702  469
2019-02-07 13:20:37,616 - INFO - fastread - 420, 716  471
2019-02-07 13:20:42,048 - INFO - fastread - 421, 730  467
2019-02-07 13:20:46,289 - INFO - fastread - 423, 744  473
2019-02-07 13:20:50,930 - INFO - fastread - 427, 758  466
2019-02-07 13:20:55,336 - INFO - fastread - 432, 772  466
2019-02-07 13:21:00,009 - INFO - fastread - 433, 786  475
2019-02-07 13:21:04,153 - INFO - fastread - 434, 800  462
2019-02-07 13:21:08,046 - INFO - fastread - 435, 814  459
2019-02-07 13:21:12,088 - INFO - fastread - 437, 828  463
2019-02-07 13:21:16,094 - INFO - fastread - 438, 842  463
2019-02-07 13:21:20,265 - INFO - fastread - 438, 856  456
2019-02-07 13:21:23,943 - INFO - fastread - 438, 870  456
2019-02-07 13:21:27,621 - INFO - fastread - 440, 884  450
2019-02-07 13:21:31,187 - INFO - fastread - 441, 898  457
2019-02-07 13:21:34,890 - INFO - fastread - 442, 912  453
2019-02-07 13:21:38,388 - INFO - fastread - 443, 926  454
2019-02-07 13:21:41,895 - INFO - fastread - 443, 940  452
2019-02-07 13:21:45,573 - INFO - fastread - 444, 954  454
2019-02-07 13:21:49,236 - INFO - fastread - 445, 968  451
2019-02-07 13:21:53,065 - INFO - fastread - 445, 982  451
2019-02-07 13:21:56,693 - INFO - fastread - 445, 996  453
2019-02-07 13:22:00,168 - INFO - fastread - 447, 1010  446
2019-02-07 13:22:04,207 - INFO - fastread - 447, 1024  450
2019-02-07 13:22:06,357 - INFO - fastread - IGNORE hibernate-distribution-3.3.2.GA | Total: 2968 | Percent Checked: 0.35 | Total Yes Data: 472 | Percent Yes Checked: 0.95
2019-02-07 13:22:06,357 - INFO - rig - ++++NEW CLF++++ QUICKREAD
2019-02-07 13:22:06,357 - INFO - quickread - Total Yes: 472 | Total No: 2496
2019-02-07 13:22:06,731 - INFO - quickread - 0, 0  475
2019-02-07 13:22:39,700 - INFO - quickread - 285, 296  475
2019-02-07 13:22:41,480 - INFO - quickread - 290, 310  554
2019-02-07 13:22:43,318 - INFO - quickread - 304, 324  587
2019-02-07 13:22:45,222 - INFO - quickread - 316, 338  568
2019-02-07 13:22:47,041 - INFO - quickread - 328, 352  563
2019-02-07 13:22:48,810 - INFO - quickread - 336, 366  563
2019-02-07 13:22:50,512 - INFO - quickread - 344, 380  561
2019-02-07 13:22:52,442 - INFO - quickread - 352, 394  560
2019-02-07 13:22:54,467 - INFO - quickread - 359, 408  559
2019-02-07 13:22:56,207 - INFO - quickread - 363, 422  559
2019-02-07 13:22:58,018 - INFO - quickread - 367, 436  552
2019-02-07 13:22:59,757 - INFO - quickread - 370, 450  550
2019-02-07 13:23:01,580 - INFO - quickread - 372, 464  542
2019-02-07 13:23:03,427 - INFO - quickread - 375, 478  528
2019-02-07 13:23:05,167 - INFO - quickread - 378, 492  527
2019-02-07 13:23:06,924 - INFO - quickread - 382, 506  522
2019-02-07 13:23:08,592 - INFO - quickread - 382, 520  521
2019-02-07 13:23:10,473 - INFO - quickread - 391, 534  507
2019-02-07 13:23:12,526 - INFO - quickread - 395, 548  523
2019-02-07 13:23:14,395 - INFO - quickread - 399, 562  521
2019-02-07 13:23:16,197 - INFO - quickread - 401, 576  522
2019-02-07 13:23:17,964 - INFO - quickread - 404, 590  516
2019-02-07 13:23:19,735 - INFO - quickread - 408, 604  514
2019-02-07 13:23:21,626 - INFO - quickread - 410, 618  516
2019-02-07 13:23:23,386 - INFO - quickread - 411, 632  510
2019-02-07 13:23:25,134 - INFO - quickread - 412, 646  503
2019-02-07 13:23:26,857 - INFO - quickread - 413, 660  495
2019-02-07 13:23:28,698 - INFO - quickread - 415, 674  490
2019-02-07 13:23:30,650 - INFO - quickread - 418, 688  489
2019-02-07 13:23:32,663 - INFO - quickread - 420, 702  490
2019-02-07 13:23:34,499 - INFO - quickread - 423, 716  486
2019-02-07 13:23:36,298 - INFO - quickread - 426, 730  487
2019-02-07 13:23:38,032 - INFO - quickread - 429, 744  489
2019-02-07 13:23:39,648 - INFO - quickread - 430, 758  489
2019-02-07 13:23:41,405 - INFO - quickread - 433, 772  486
2019-02-07 13:23:43,407 - INFO - quickread - 433, 786  486
2019-02-07 13:23:45,124 - INFO - quickread - 434, 800  479
2019-02-07 13:23:47,096 - INFO - quickread - 434, 814  476
2019-02-07 13:23:48,857 - INFO - quickread - 434, 828  471
2019-02-07 13:23:50,759 - INFO - quickread - 434, 842  466
2019-02-07 13:23:52,814 - INFO - quickread - 434, 856  462
2019-02-07 13:23:58,138 - INFO - quickread - 435, 895  458
2019-02-07 13:23:59,993 - INFO - quickread - 437, 909  456
2019-02-07 13:24:01,774 - INFO - quickread - 438, 923  457
2019-02-07 13:24:03,501 - INFO - quickread - 439, 937  456
2019-02-07 13:24:05,198 - INFO - quickread - 440, 951  456
2019-02-07 13:24:06,996 - INFO - quickread - 440, 965  455
2019-02-07 13:24:08,714 - INFO - quickread - 443, 979  453
2019-02-07 13:24:10,499 - INFO - quickread - 447, 993  456
2019-02-07 13:24:12,299 - INFO - quickread - 448, 1007  461
2019-02-07 13:24:13,990 - INFO - quickread - 448, 1021  460
2019-02-07 13:24:15,730 - INFO - quickread - 448, 1035  457
2019-02-07 13:24:17,338 - INFO - quickread - 449, 1049  455
2019-02-07 13:24:19,169 - INFO - quickread - 449, 1063  455
2019-02-07 13:24:20,827 - INFO - quickread - 449, 1077  453
2019-02-07 13:24:22,533 - INFO - quickread - 450, 1091  451
2019-02-07 13:24:24,102 - INFO - quickread - 450, 1105  451
2019-02-07 13:24:25,882 - INFO - quickread - 451, 1119  450
2019-02-07 13:24:25,998 - INFO - quickread - IGNORE hibernate-distribution-3.3.2.GA | Total: 2968 | Percent Checked: 0.38 | Total Yes Data: 472 | Percent Yes Checked: 0.96
2019-02-07 13:24:25,999 - INFO - rig - ++++NEW CLF++++ SGD
2019-02-07 13:24:25,999 - INFO - fastread - Total Yes: 472 | Total No: 2496
2019-02-07 13:24:26,255 - INFO - fastread - 2, 10
2019-02-07 13:24:26,255 - INFO - fastread - 11, 20
2019-02-07 13:24:26,263 - INFO - fastread - 21, 30
2019-02-07 13:24:26,265 - INFO - fastread - 30, 40
2019-02-07 13:24:26,273 - INFO - fastread - 39, 50
2019-02-07 13:24:26,275 - INFO - fastread - 49, 60
2019-02-07 13:24:26,283 - INFO - fastread - 59, 70
2019-02-07 13:24:26,285 - INFO - fastread - 69, 80
2019-02-07 13:24:26,295 - INFO - fastread - 79, 90
2019-02-07 13:24:26,295 - INFO - fastread - 86, 100
2019-02-07 13:24:26,305 - INFO - fastread - 96, 110
2019-02-07 13:24:26,305 - INFO - fastread - 106, 120
2019-02-07 13:24:26,315 - INFO - fastread - 116, 130
2019-02-07 13:24:26,315 - INFO - fastread - 126, 140
2019-02-07 13:24:26,323 - INFO - fastread - 136, 150
2019-02-07 13:24:26,325 - INFO - fastread - 146, 160
2019-02-07 13:24:26,333 - INFO - fastread - 156, 170
2019-02-07 13:24:26,336 - INFO - fastread - 166, 180
2019-02-07 13:24:26,336 - INFO - fastread - 176, 190
2019-02-07 13:24:26,344 - INFO - fastread - 186, 200
2019-02-07 13:24:26,346 - INFO - fastread - 194, 210
2019-02-07 13:24:26,356 - INFO - fastread - 204, 220
2019-02-07 13:24:26,356 - INFO - fastread - 214, 230
2019-02-07 13:24:26,366 - INFO - fastread - 224, 240
2019-02-07 13:24:26,366 - INFO - fastread - 234, 250
2019-02-07 13:24:26,374 - INFO - fastread - 242, 260
2019-02-07 13:24:26,376 - INFO - fastread - 252, 270
2019-02-07 13:24:26,386 - INFO - fastread - 262, 280
2019-02-07 13:24:26,386 - INFO - fastread - 271, 290
2019-02-07 13:24:26,396 - INFO - fastread - 280, 300
2019-02-07 13:24:26,406 - INFO - fastread - 289, 310
2019-02-07 13:24:26,406 - INFO - fastread - 296, 320
2019-02-07 13:24:26,416 - INFO - fastread - 302, 330
2019-02-07 13:24:26,416 - INFO - fastread - 308, 340
2019-02-07 13:24:26,426 - INFO - fastread - 317, 350
2019-02-07 13:24:26,426 - INFO - fastread - 325, 360
2019-02-07 13:24:26,426 - INFO - fastread - 330, 370
2019-02-07 13:24:26,437 - INFO - fastread - 336, 380
2019-02-07 13:24:26,445 - INFO - fastread - 343, 390
2019-02-07 13:24:26,447 - INFO - fastread - 350, 400
2019-02-07 13:24:26,457 - INFO - fastread - 358, 410
2019-02-07 13:24:26,457 - INFO - fastread - 362, 420
2019-02-07 13:24:26,467 - INFO - fastread - 368, 430
2019-02-07 13:24:26,475 - INFO - fastread - 374, 440
2019-02-07 13:24:26,477 - INFO - fastread - 376, 450
2019-02-07 13:24:26,487 - INFO - fastread - 381, 460
2019-02-07 13:24:26,487 - INFO - fastread - 382, 470
2019-02-07 13:24:26,497 - INFO - fastread - 383, 480
2019-02-07 13:24:26,505 - INFO - fastread - 386, 490
2019-02-07 13:24:26,507 - INFO - fastread - 390, 500
2019-02-07 13:24:26,515 - INFO - fastread - 393, 510
2019-02-07 13:24:26,517 - INFO - fastread - 395, 520
2019-02-07 13:24:26,517 - INFO - fastread - 400, 530
2019-02-07 13:24:26,527 - INFO - fastread - 400, 540
2019-02-07 13:24:26,536 - INFO - fastread - 406, 550
2019-02-07 13:24:26,538 - INFO - fastread - 406, 560
2019-02-07 13:24:26,538 - INFO - fastread - 408, 570
2019-02-07 13:24:26,548 - INFO - fastread - 408, 580
2019-02-07 13:24:26,548 - INFO - fastread - 410, 590
2019-02-07 13:24:26,548 - INFO - fastread - 413, 600
2019-02-07 13:24:26,558 - INFO - fastread - 415, 610
2019-02-07 13:24:26,558 - INFO - fastread - 417, 620
2019-02-07 13:24:26,568 - INFO - fastread - 418, 630
2019-02-07 13:24:26,568 - INFO - fastread - 418, 640
2019-02-07 13:24:26,578 - INFO - fastread - 420, 650
2019-02-07 13:24:26,586 - INFO - fastread - 421, 660
2019-02-07 13:24:26,588 - INFO - fastread - 422, 670
2019-02-07 13:24:26,598 - INFO - fastread - 422, 680
2019-02-07 13:24:26,598 - INFO - fastread - 424, 690
2019-02-07 13:24:26,606 - INFO - fastread - 425, 700
2019-02-07 13:24:26,608 - INFO - fastread - 426, 710
2019-02-07 13:24:26,616 - INFO - fastread - 426, 720
2019-02-07 13:24:26,618 - INFO - fastread - 427, 730
2019-02-07 13:24:26,628 - INFO - fastread - 427, 740
2019-02-07 13:24:26,628 - INFO - fastread - 430, 750
2019-02-07 13:24:26,638 - INFO - fastread - 431, 760
2019-02-07 13:24:26,649 - INFO - fastread - 433, 770
2019-02-07 13:24:26,649 - INFO - fastread - 433, 780
2019-02-07 13:24:26,659 - INFO - fastread - 434, 790
2019-02-07 13:24:26,667 - INFO - fastread - 435, 800
2019-02-07 13:24:26,669 - INFO - fastread - 435, 810
2019-02-07 13:24:26,679 - INFO - fastread - 435, 820
2019-02-07 13:24:26,687 - INFO - fastread - 435, 830
2019-02-07 13:24:26,689 - INFO - fastread - 435, 840
2019-02-07 13:24:26,699 - INFO - fastread - 435, 850
2019-02-07 13:24:26,699 - INFO - fastread - 435, 860
2019-02-07 13:24:26,709 - INFO - fastread - 437, 870
2019-02-07 13:24:26,717 - INFO - fastread - 438, 880
2019-02-07 13:24:26,719 - INFO - fastread - 438, 890
2019-02-07 13:24:26,727 - INFO - fastread - 439, 900
2019-02-07 13:24:26,729 - INFO - fastread - 439, 910
2019-02-07 13:24:26,740 - INFO - fastread - 439, 920
2019-02-07 13:24:26,750 - INFO - fastread - 439, 930
2019-02-07 13:24:26,750 - INFO - fastread - 439, 940
2019-02-07 13:24:26,760 - INFO - fastread - 439, 950
2019-02-07 13:24:26,768 - INFO - fastread - 440, 960
2019-02-07 13:24:26,770 - INFO - fastread - 440, 970
2019-02-07 13:24:26,780 - INFO - fastread - 440, 980
2019-02-07 13:24:26,790 - INFO - fastread - 440, 990
2019-02-07 13:24:26,790 - INFO - fastread - 440, 1000
2019-02-07 13:24:26,798 - INFO - fastread - 441, 1010
2019-02-07 13:24:26,800 - INFO - fastread - 442, 1020
2019-02-07 13:24:26,800 - INFO - fastread - 443, 1030
2019-02-07 13:24:26,810 - INFO - fastread - 443, 1040
2019-02-07 13:24:26,810 - INFO - fastread - 443, 1050
2019-02-07 13:24:26,820 - INFO - fastread - 443, 1060
2019-02-07 13:24:26,820 - INFO - fastread - 443, 1070
2019-02-07 13:24:26,828 - INFO - fastread - 443, 1080
2019-02-07 13:24:26,830 - INFO - fastread - 445, 1090
2019-02-07 13:24:26,841 - INFO - fastread - 445, 1100
2019-02-07 13:24:26,841 - INFO - fastread - 445, 1110
2019-02-07 13:24:26,851 - INFO - fastread - 446, 1120
2019-02-07 13:24:26,861 - INFO - fastread - 446, 1130
2019-02-07 13:24:26,861 - INFO - fastread - 447, 1140
2019-02-07 13:24:26,869 - INFO - fastread - 447, 1150
2019-02-07 13:24:26,871 - INFO - fastread - 449, 1160
2019-02-07 13:24:26,879 - INFO - fastread - IGNORE hibernate-distribution-3.3.2.GA | Total: 2968 | Percent Checked: 0.39 | Total Yes Data: 472 | Percent Yes Checked: 0.95
