2019-02-07 13:10:54,291 - INFO - rig - jEdit-4.2
2019-02-07 13:11:01,643 - INFO - rig - ++++NEW CLF++++ FASTREAD
2019-02-07 13:11:01,643 - INFO - fastread - Total Yes: 256 | Total No: 10066
2019-02-07 13:11:02,190 - INFO - fastread - 0, 0  475
2019-02-07 13:11:06,297 - INFO - fastread - 19, 21  475
2019-02-07 13:11:18,227 - INFO - fastread - 27, 72  123
2019-02-07 13:11:29,338 - INFO - fastread - 44, 123  129
2019-02-07 13:11:40,722 - INFO - fastread - 61, 174  138
2019-02-07 13:11:51,263 - INFO - fastread - 79, 225  147
2019-02-07 13:12:01,722 - INFO - fastread - 100, 276  155
2019-02-07 13:12:11,541 - INFO - fastread - 113, 327  296
2019-02-07 13:12:21,339 - INFO - fastread - 131, 378  172
2019-02-07 13:12:31,483 - INFO - fastread - 141, 429  181
2019-02-07 13:12:41,302 - INFO - fastread - 144, 480  198
2019-02-07 13:12:51,200 - INFO - fastread - 157, 531  185
2019-02-07 13:13:01,006 - INFO - fastread - 168, 582  195
2019-02-07 13:13:10,889 - INFO - fastread - 178, 633  201
2019-02-07 13:13:20,753 - INFO - fastread - 181, 684  204
2019-02-07 13:13:30,200 - INFO - fastread - 186, 735  201
2019-02-07 13:13:40,330 - INFO - fastread - 192, 786  209
2019-02-07 13:13:50,069 - INFO - fastread - 205, 837  212
2019-02-07 13:14:00,367 - INFO - fastread - 207, 888  221
2019-02-07 13:14:10,975 - INFO - fastread - 207, 939  229
2019-02-07 13:14:20,698 - INFO - fastread - 207, 990  261
2019-02-07 13:14:31,343 - INFO - fastread - 207, 1041  224
2019-02-07 13:14:42,093 - INFO - fastread - 207, 1092  226
2019-02-07 13:14:53,430 - INFO - fastread - 208, 1143  219
2019-02-07 13:15:05,158 - INFO - fastread - 208, 1194  217
2019-02-07 13:15:17,010 - INFO - fastread - 214, 1245  218
2019-02-07 13:15:28,810 - INFO - fastread - 217, 1296  229
2019-02-07 13:15:40,391 - INFO - fastread - 220, 1347  247
2019-02-07 13:15:52,427 - INFO - fastread - 221, 1398  252
2019-02-07 13:16:04,246 - INFO - fastread - 224, 1449  262
2019-02-07 13:16:17,026 - INFO - fastread - 228, 1500  271
2019-02-07 13:16:28,537 - INFO - fastread - 231, 1551  240
2019-02-07 13:16:40,223 - INFO - fastread - 232, 1602  259
2019-02-07 13:16:52,317 - INFO - fastread - 233, 1653  270
2019-02-07 13:17:03,825 - INFO - fastread - 233, 1704  269
2019-02-07 13:17:15,206 - INFO - fastread - 233, 1755  271
2019-02-07 13:17:27,805 - INFO - fastread - 236, 1806  268
2019-02-07 13:17:39,685 - INFO - fastread - 238, 1857  271
2019-02-07 13:17:51,683 - INFO - fastread - 239, 1908  268
2019-02-07 13:18:04,293 - INFO - fastread - 240, 1959  272
2019-02-07 13:18:16,941 - INFO - fastread - 243, 2010  272
2019-02-07 13:18:29,240 - INFO - fastread - 243, 2061  276
2019-02-07 13:18:41,667 - INFO - fastread - 249, 2112  276
2019-02-07 13:18:53,776 - INFO - fastread - 249, 2163  281
2019-02-07 13:19:06,308 - INFO - fastread - 250, 2214  278
2019-02-07 13:19:19,817 - INFO - fastread - 250, 2265  273
2019-02-07 13:19:33,526 - INFO - fastread - 250, 2316  280
2019-02-07 13:19:47,222 - INFO - fastread - 250, 2367  276
2019-02-07 13:20:00,943 - INFO - fastread - 250, 2418  276
2019-02-07 13:20:32,344 - INFO - fastread - 250, 2558  279
2019-02-07 13:21:00,898 - INFO - fastread - 250, 2701  274
2019-02-07 13:21:23,436 - INFO - fastread - 251, 2842  273
2019-02-07 13:21:32,047 - INFO - fastread - 252, 2893  272
2019-02-07 13:21:32,047 - INFO - fastread - IGNORE jEdit-4.2 NO IMPROVEMENT after 3 random loops. EXITING. Current estimate: 287
2019-02-07 13:21:32,080 - INFO - fastread - IGNORE jEdit-4.2 | Total: 10322 | Percent Checked: 0.28 | Total Yes Data: 256 | Percent Yes Checked: 0.98
2019-02-07 13:21:32,080 - INFO - rig - ++++NEW CLF++++ QUICKREAD
2019-02-07 13:21:32,080 - INFO - quickread - Total Yes: 256 | Total No: 10066
2019-02-07 13:21:32,434 - INFO - quickread - 0, 0  475
2019-02-07 13:21:34,698 - INFO - quickread - 19, 21  475
2019-02-07 13:21:40,904 - INFO - quickread - 54, 72  108
2019-02-07 13:21:46,960 - INFO - quickread - 81, 123  120
2019-02-07 13:21:53,539 - INFO - quickread - 111, 174  143
2019-02-07 13:21:59,329 - INFO - quickread - 127, 225  188
2019-02-07 13:22:05,667 - INFO - quickread - 144, 276  194
2019-02-07 13:22:12,589 - INFO - quickread - 152, 327  214
2019-02-07 13:22:18,762 - INFO - quickread - 164, 378  208
2019-02-07 13:22:25,114 - INFO - quickread - 171, 429  217
2019-02-07 13:22:31,088 - INFO - quickread - 180, 480  216
2019-02-07 13:22:37,814 - INFO - quickread - 186, 531  224
2019-02-07 13:22:43,798 - INFO - quickread - 195, 582  221
2019-02-07 13:22:49,648 - INFO - quickread - 199, 633  228
2019-02-07 13:22:55,973 - INFO - quickread - 208, 684  224
2019-02-07 13:23:01,772 - INFO - quickread - 212, 735  234
2019-02-07 13:23:07,439 - INFO - quickread - 215, 786  232
2019-02-07 13:23:13,821 - INFO - quickread - 218, 837  230
2019-02-07 13:23:19,665 - INFO - quickread - 224, 888  229
2019-02-07 13:23:25,746 - INFO - quickread - 227, 939  237
2019-02-07 13:23:32,503 - INFO - quickread - 227, 990  238
2019-02-07 13:23:38,416 - INFO - quickread - 229, 1041  233
2019-02-07 13:23:44,750 - INFO - quickread - 232, 1092  233
2019-02-07 13:23:51,287 - INFO - quickread - 233, 1143  236
2019-02-07 13:23:58,027 - INFO - quickread - 234, 1194  235
2019-02-07 13:24:04,135 - INFO - quickread - 237, 1245  235
2019-02-07 13:24:10,378 - INFO - quickread - 240, 1296  238
2019-02-07 13:24:16,549 - INFO - quickread - 242, 1347  242
2019-02-07 13:24:22,706 - INFO - quickread - 242, 1398  244
2019-02-07 13:24:28,661 - INFO - quickread - 243, 1449  242
2019-02-07 13:24:28,899 - INFO - quickread - IGNORE jEdit-4.2 | Total: 10322 | Percent Checked: 0.14 | Total Yes Data: 256 | Percent Yes Checked: 0.95
2019-02-07 13:24:28,901 - INFO - rig - ++++NEW CLF++++ SGD
2019-02-07 13:24:28,901 - INFO - fastread - Total Yes: 256 | Total No: 10066
2019-02-07 13:24:29,070 - INFO - fastread - 9, 10
2019-02-07 13:24:29,078 - INFO - fastread - 18, 20
2019-02-07 13:24:29,084 - INFO - fastread - 27, 30
2019-02-07 13:24:29,089 - INFO - fastread - 31, 40
2019-02-07 13:24:29,094 - INFO - fastread - 37, 50
2019-02-07 13:24:29,099 - INFO - fastread - 44, 60
2019-02-07 13:24:29,104 - INFO - fastread - 52, 70
2019-02-07 13:24:29,111 - INFO - fastread - 58, 80
2019-02-07 13:24:29,119 - INFO - fastread - 61, 90
2019-02-07 13:24:29,127 - INFO - fastread - 69, 100
2019-02-07 13:24:29,136 - INFO - fastread - 77, 110
2019-02-07 13:24:29,143 - INFO - fastread - 82, 120
2019-02-07 13:24:29,149 - INFO - fastread - 89, 130
2019-02-07 13:24:29,155 - INFO - fastread - 96, 140
2019-02-07 13:24:29,163 - INFO - fastread - 103, 150
2019-02-07 13:24:29,170 - INFO - fastread - 110, 160
2019-02-07 13:24:29,178 - INFO - fastread - 114, 170
2019-02-07 13:24:29,185 - INFO - fastread - 117, 180
2019-02-07 13:24:29,190 - INFO - fastread - 119, 190
2019-02-07 13:24:29,195 - INFO - fastread - 127, 200
2019-02-07 13:24:29,200 - INFO - fastread - 132, 210
2019-02-07 13:24:29,205 - INFO - fastread - 136, 220
2019-02-07 13:24:29,210 - INFO - fastread - 138, 230
2019-02-07 13:24:29,215 - INFO - fastread - 140, 240
2019-02-07 13:24:29,220 - INFO - fastread - 144, 250
2019-02-07 13:24:29,225 - INFO - fastread - 145, 260
2019-02-07 13:24:29,231 - INFO - fastread - 147, 270
2019-02-07 13:24:29,239 - INFO - fastread - 150, 280
2019-02-07 13:24:29,247 - INFO - fastread - 152, 290
2019-02-07 13:24:29,253 - INFO - fastread - 158, 300
2019-02-07 13:24:29,257 - INFO - fastread - 164, 310
2019-02-07 13:24:29,262 - INFO - fastread - 169, 320
2019-02-07 13:24:29,267 - INFO - fastread - 173, 330
2019-02-07 13:24:29,272 - INFO - fastread - 175, 340
2019-02-07 13:24:29,279 - INFO - fastread - 175, 350
2019-02-07 13:24:29,287 - INFO - fastread - 177, 360
2019-02-07 13:24:29,295 - INFO - fastread - 181, 370
2019-02-07 13:24:29,301 - INFO - fastread - 181, 380
2019-02-07 13:24:29,311 - INFO - fastread - 184, 390
2019-02-07 13:24:29,319 - INFO - fastread - 190, 400
2019-02-07 13:24:29,321 - INFO - fastread - 191, 410
2019-02-07 13:24:29,331 - INFO - fastread - 191, 420
2019-02-07 13:24:29,341 - INFO - fastread - 191, 430
2019-02-07 13:24:29,350 - INFO - fastread - 192, 440
2019-02-07 13:24:29,352 - INFO - fastread - 194, 450
2019-02-07 13:24:29,362 - INFO - fastread - 197, 460
2019-02-07 13:24:29,372 - INFO - fastread - 200, 470
2019-02-07 13:24:29,382 - INFO - fastread - 201, 480
2019-02-07 13:24:29,390 - INFO - fastread - 201, 490
2019-02-07 13:24:29,392 - INFO - fastread - 201, 500
2019-02-07 13:24:29,402 - INFO - fastread - 201, 510
2019-02-07 13:24:29,412 - INFO - fastread - 201, 520
2019-02-07 13:24:29,422 - INFO - fastread - 201, 530
2019-02-07 13:24:29,422 - INFO - fastread - 201, 540
2019-02-07 13:24:29,433 - INFO - fastread - 203, 550
2019-02-07 13:24:29,443 - INFO - fastread - 203, 560
2019-02-07 13:24:29,453 - INFO - fastread - 205, 570
2019-02-07 13:24:29,461 - INFO - fastread - 207, 580
2019-02-07 13:24:29,463 - INFO - fastread - 209, 590
2019-02-07 13:24:29,471 - INFO - fastread - 210, 600
2019-02-07 13:24:29,473 - INFO - fastread - 211, 610
2019-02-07 13:24:29,481 - INFO - fastread - 212, 620
2019-02-07 13:24:29,483 - INFO - fastread - 213, 630
2019-02-07 13:24:29,483 - INFO - fastread - 215, 640
2019-02-07 13:24:29,493 - INFO - fastread - 217, 650
2019-02-07 13:24:29,503 - INFO - fastread - 217, 660
2019-02-07 13:24:29,511 - INFO - fastread - 217, 670
2019-02-07 13:24:29,513 - INFO - fastread - 217, 680
2019-02-07 13:24:29,521 - INFO - fastread - 220, 690
2019-02-07 13:24:29,524 - INFO - fastread - 221, 700
2019-02-07 13:24:29,534 - INFO - fastread - 221, 710
2019-02-07 13:24:29,542 - INFO - fastread - 223, 720
2019-02-07 13:24:29,544 - INFO - fastread - 224, 730
2019-02-07 13:24:29,554 - INFO - fastread - 224, 740
2019-02-07 13:24:29,554 - INFO - fastread - 224, 750
2019-02-07 13:24:29,564 - INFO - fastread - 224, 760
2019-02-07 13:24:29,564 - INFO - fastread - 225, 770
2019-02-07 13:24:29,574 - INFO - fastread - 225, 780
2019-02-07 13:24:29,574 - INFO - fastread - 225, 790
2019-02-07 13:24:29,584 - INFO - fastread - 225, 800
2019-02-07 13:24:29,584 - INFO - fastread - 225, 810
2019-02-07 13:24:29,594 - INFO - fastread - 225, 820
2019-02-07 13:24:29,603 - INFO - fastread - 225, 830
2019-02-07 13:24:29,605 - INFO - fastread - 225, 840
2019-02-07 13:24:29,613 - INFO - fastread - 225, 850
2019-02-07 13:24:29,615 - INFO - fastread - 225, 860
2019-02-07 13:24:29,625 - INFO - fastread - 225, 870
2019-02-07 13:24:29,635 - INFO - fastread - 225, 880
2019-02-07 13:24:29,645 - INFO - fastread - 225, 890
2019-02-07 13:24:29,655 - INFO - fastread - 226, 900
2019-02-07 13:24:29,663 - INFO - fastread - 226, 910
2019-02-07 13:24:29,665 - INFO - fastread - 226, 920
2019-02-07 13:24:29,675 - INFO - fastread - 226, 930
2019-02-07 13:24:29,685 - INFO - fastread - 227, 940
2019-02-07 13:24:29,695 - INFO - fastread - 229, 950
2019-02-07 13:24:29,695 - INFO - fastread - 229, 960
2019-02-07 13:24:29,706 - INFO - fastread - 229, 970
2019-02-07 13:24:29,706 - INFO - fastread - 229, 980
2019-02-07 13:24:29,716 - INFO - fastread - 229, 990
2019-02-07 13:24:29,716 - INFO - fastread - 229, 1000
2019-02-07 13:24:29,726 - INFO - fastread - 229, 1010
2019-02-07 13:24:29,726 - INFO - fastread - 229, 1020
2019-02-07 13:24:29,736 - INFO - fastread - 229, 1030
2019-02-07 13:24:29,746 - INFO - fastread - 229, 1040
2019-02-07 13:24:29,754 - INFO - fastread - 229, 1050
2019-02-07 13:24:29,756 - INFO - fastread - 229, 1060
2019-02-07 13:24:29,766 - INFO - fastread - 229, 1070
2019-02-07 13:24:29,776 - INFO - fastread - 229, 1080
2019-02-07 13:24:29,776 - INFO - fastread - 229, 1090
2019-02-07 13:24:29,786 - INFO - fastread - 229, 1100
2019-02-07 13:24:29,786 - INFO - fastread - 229, 1110
2019-02-07 13:24:29,796 - INFO - fastread - 229, 1120
2019-02-07 13:24:29,807 - INFO - fastread - 229, 1130
2019-02-07 13:24:29,815 - INFO - fastread - 229, 1140
2019-02-07 13:24:29,817 - INFO - fastread - 229, 1150
2019-02-07 13:24:29,825 - INFO - fastread - 229, 1160
2019-02-07 13:24:29,827 - INFO - fastread - 229, 1170
2019-02-07 13:24:29,835 - INFO - fastread - 229, 1180
2019-02-07 13:24:29,837 - INFO - fastread - 229, 1190
2019-02-07 13:24:29,845 - INFO - fastread - 229, 1200
2019-02-07 13:24:29,847 - INFO - fastread - 229, 1210
2019-02-07 13:24:29,855 - INFO - fastread - 229, 1220
2019-02-07 13:24:29,857 - INFO - fastread - 229, 1230
2019-02-07 13:24:29,865 - INFO - fastread - 229, 1240
2019-02-07 13:24:29,867 - INFO - fastread - 229, 1250
2019-02-07 13:24:29,875 - INFO - fastread - 229, 1260
2019-02-07 13:24:29,878 - INFO - fastread - 229, 1270
2019-02-07 13:24:29,878 - INFO - fastread - 229, 1280
2019-02-07 13:24:29,888 - INFO - fastread - 229, 1290
2019-02-07 13:24:29,888 - INFO - fastread - 229, 1300
2019-02-07 13:24:29,898 - INFO - fastread - 229, 1310
2019-02-07 13:24:29,898 - INFO - fastread - 229, 1320
2019-02-07 13:24:29,908 - INFO - fastread - 229, 1330
2019-02-07 13:24:29,918 - INFO - fastread - 229, 1340
2019-02-07 13:24:29,928 - INFO - fastread - 229, 1350
2019-02-07 13:24:29,936 - INFO - fastread - 229, 1360
2019-02-07 13:24:29,938 - INFO - fastread - 229, 1370
2019-02-07 13:24:29,948 - INFO - fastread - 229, 1380
2019-02-07 13:24:29,958 - INFO - fastread - 229, 1390
2019-02-07 13:24:29,969 - INFO - fastread - 229, 1400
2019-02-07 13:24:29,977 - INFO - fastread - 229, 1410
2019-02-07 13:24:29,987 - INFO - fastread - 229, 1420
2019-02-07 13:24:29,989 - INFO - fastread - 229, 1430
2019-02-07 13:24:29,999 - INFO - fastread - 229, 1440
2019-02-07 13:24:30,009 - INFO - fastread - 229, 1450
2019-02-07 13:24:30,017 - INFO - fastread - 229, 1460
2019-02-07 13:24:30,019 - INFO - fastread - 229, 1470
2019-02-07 13:24:30,027 - INFO - fastread - 229, 1480
2019-02-07 13:24:30,029 - INFO - fastread - 229, 1490
2019-02-07 13:24:30,037 - INFO - fastread - 229, 1500
2019-02-07 13:24:30,039 - INFO - fastread - 229, 1510
2019-02-07 13:24:30,048 - INFO - fastread - 229, 1520
2019-02-07 13:24:30,050 - INFO - fastread - 229, 1530
2019-02-07 13:24:30,058 - INFO - fastread - 229, 1540
2019-02-07 13:24:30,060 - INFO - fastread - 229, 1550
2019-02-07 13:24:30,070 - INFO - fastread - 229, 1560
2019-02-07 13:24:30,080 - INFO - fastread - 229, 1570
2019-02-07 13:24:30,080 - INFO - fastread - 229, 1580
2019-02-07 13:24:30,090 - INFO - fastread - 229, 1590
2019-02-07 13:24:30,090 - INFO - fastread - 229, 1600
2019-02-07 13:24:30,100 - INFO - fastread - 229, 1610
2019-02-07 13:24:30,110 - INFO - fastread - 229, 1620
2019-02-07 13:24:30,120 - INFO - fastread - 229, 1630
2019-02-07 13:24:30,120 - INFO - fastread - 229, 1640
2019-02-07 13:24:30,130 - INFO - fastread - 229, 1650
2019-02-07 13:24:30,130 - INFO - fastread - 229, 1660
2019-02-07 13:24:30,140 - INFO - fastread - 229, 1670
2019-02-07 13:24:30,151 - INFO - fastread - 229, 1680
2019-02-07 13:24:30,159 - INFO - fastread - 229, 1690
2019-02-07 13:24:30,169 - INFO - fastread - 229, 1700
2019-02-07 13:24:30,171 - INFO - fastread - 229, 1710
2019-02-07 13:24:30,181 - INFO - fastread - 229, 1720
2019-02-07 13:24:30,191 - INFO - fastread - 229, 1730
2019-02-07 13:24:30,201 - INFO - fastread - 229, 1740
2019-02-07 13:24:30,209 - INFO - fastread - 229, 1750
2019-02-07 13:24:30,211 - INFO - fastread - 229, 1760
2019-02-07 13:24:30,221 - INFO - fastread - 229, 1770
2019-02-07 13:24:30,232 - INFO - fastread - 229, 1780
2019-02-07 13:24:30,240 - INFO - fastread - 229, 1790
2019-02-07 13:24:30,242 - INFO - fastread - 229, 1800
2019-02-07 13:24:30,252 - INFO - fastread - 229, 1810
2019-02-07 13:24:30,252 - INFO - fastread - 229, 1820
2019-02-07 13:24:30,262 - INFO - fastread - 229, 1830
2019-02-07 13:24:30,272 - INFO - fastread - 229, 1840
2019-02-07 13:24:30,282 - INFO - fastread - 229, 1850
2019-02-07 13:24:30,290 - INFO - fastread - 229, 1860
2019-02-07 13:24:30,292 - INFO - fastread - 229, 1870
2019-02-07 13:24:30,302 - INFO - fastread - 229, 1880
2019-02-07 13:24:30,310 - INFO - fastread - 229, 1890
2019-02-07 13:24:30,312 - INFO - fastread - 229, 1900
2019-02-07 13:24:30,322 - INFO - fastread - 229, 1910
2019-02-07 13:24:30,330 - INFO - fastread - 229, 1920
2019-02-07 13:24:30,332 - INFO - fastread - 229, 1930
2019-02-07 13:24:30,343 - INFO - fastread - 229, 1940
2019-02-07 13:24:30,353 - INFO - fastread - 229, 1950
2019-02-07 13:24:30,363 - INFO - fastread - 229, 1960
2019-02-07 13:24:30,373 - INFO - fastread - 229, 1970
2019-02-07 13:24:30,381 - INFO - fastread - 229, 1980
2019-02-07 13:24:30,383 - INFO - fastread - 229, 1990
2019-02-07 13:24:30,391 - INFO - fastread - 229, 2000
2019-02-07 13:24:30,393 - INFO - fastread - 229, 2010
2019-02-07 13:24:30,401 - INFO - fastread - 229, 2020
2019-02-07 13:24:30,403 - INFO - fastread - 229, 2030
2019-02-07 13:24:30,413 - INFO - fastread - 229, 2040
2019-02-07 13:24:30,423 - INFO - fastread - 229, 2050
2019-02-07 13:24:30,423 - INFO - fastread - 229, 2060
2019-02-07 13:24:30,433 - INFO - fastread - 229, 2070
2019-02-07 13:24:30,433 - INFO - fastread - 229, 2080
2019-02-07 13:24:30,443 - INFO - fastread - 229, 2090
2019-02-07 13:24:30,443 - INFO - fastread - 229, 2100
2019-02-07 13:24:30,453 - INFO - fastread - 229, 2110
2019-02-07 13:24:30,464 - INFO - fastread - 229, 2120
2019-02-07 13:24:30,474 - INFO - fastread - 229, 2130
2019-02-07 13:24:30,482 - INFO - fastread - 229, 2140
2019-02-07 13:24:30,484 - INFO - fastread - 229, 2150
2019-02-07 13:24:30,494 - INFO - fastread - 229, 2160
2019-02-07 13:24:30,494 - INFO - fastread - 229, 2170
2019-02-07 13:24:30,504 - INFO - fastread - 229, 2180
2019-02-07 13:24:30,514 - INFO - fastread - 229, 2190
2019-02-07 13:24:30,524 - INFO - fastread - 229, 2200
2019-02-07 13:24:30,534 - INFO - fastread - 229, 2210
2019-02-07 13:24:30,544 - INFO - fastread - 229, 2220
2019-02-07 13:24:30,554 - INFO - fastread - 229, 2230
2019-02-07 13:24:30,564 - INFO - fastread - 229, 2240
2019-02-07 13:24:30,572 - INFO - fastread - 229, 2250
2019-02-07 13:24:30,574 - INFO - fastread - 229, 2260
2019-02-07 13:24:30,593 - INFO - fastread - 229, 2270
2019-02-07 13:24:30,603 - INFO - fastread - 229, 2280
2019-02-07 13:24:30,605 - INFO - fastread - 229, 2290
2019-02-07 13:24:30,613 - INFO - fastread - 229, 2300
2019-02-07 13:24:30,615 - INFO - fastread - 229, 2310
2019-02-07 13:24:30,625 - INFO - fastread - 229, 2320
2019-02-07 13:24:30,635 - INFO - fastread - 229, 2330
2019-02-07 13:24:30,645 - INFO - fastread - 229, 2340
2019-02-07 13:24:30,653 - INFO - fastread - 229, 2350
2019-02-07 13:24:30,665 - INFO - fastread - 229, 2360
2019-02-07 13:24:30,673 - INFO - fastread - 229, 2370
2019-02-07 13:24:30,675 - INFO - fastread - 229, 2380
2019-02-07 13:24:30,685 - INFO - fastread - 229, 2390
2019-02-07 13:24:30,695 - INFO - fastread - 229, 2400
2019-02-07 13:24:30,716 - INFO - fastread - 229, 2410
2019-02-07 13:24:30,726 - INFO - fastread - 229, 2420
2019-02-07 13:24:30,736 - INFO - fastread - 229, 2430
2019-02-07 13:24:30,746 - INFO - fastread - 229, 2440
2019-02-07 13:24:30,756 - INFO - fastread - 229, 2450
2019-02-07 13:24:30,766 - INFO - fastread - 229, 2460
2019-02-07 13:24:30,776 - INFO - fastread - 229, 2470
2019-02-07 13:24:30,784 - INFO - fastread - 229, 2480
2019-02-07 13:24:30,794 - INFO - fastread - 229, 2490
2019-02-07 13:24:30,807 - INFO - fastread - 229, 2500
2019-02-07 13:24:30,817 - INFO - fastread - 229, 2510
2019-02-07 13:24:30,827 - INFO - fastread - 229, 2520
2019-02-07 13:24:30,835 - INFO - fastread - 229, 2530
2019-02-07 13:24:30,847 - INFO - fastread - 229, 2540
2019-02-07 13:24:30,857 - INFO - fastread - 229, 2550
2019-02-07 13:24:30,867 - INFO - fastread - 229, 2560
2019-02-07 13:24:30,867 - INFO - fastread - 229, 2570
2019-02-07 13:24:30,877 - INFO - fastread - 229, 2580
2019-02-07 13:24:30,877 - INFO - fastread - 229, 2590
2019-02-07 13:24:30,887 - INFO - fastread - 229, 2600
2019-02-07 13:24:30,897 - INFO - fastread - 229, 2610
2019-02-07 13:24:30,905 - INFO - fastread - 229, 2620
2019-02-07 13:24:30,907 - INFO - fastread - 229, 2630
2019-02-07 13:24:30,917 - INFO - fastread - 229, 2640
2019-02-07 13:24:30,917 - INFO - fastread - 229, 2650
2019-02-07 13:24:30,928 - INFO - fastread - 229, 2660
2019-02-07 13:24:30,936 - INFO - fastread - 229, 2670
2019-02-07 13:24:30,938 - INFO - fastread - 229, 2680
2019-02-07 13:24:30,948 - INFO - fastread - 229, 2690
2019-02-07 13:24:30,958 - INFO - fastread - 229, 2700
2019-02-07 13:24:30,968 - INFO - fastread - 229, 2710
2019-02-07 13:24:30,978 - INFO - fastread - 229, 2720
2019-02-07 13:24:30,986 - INFO - fastread - 229, 2730
2019-02-07 13:24:30,996 - INFO - fastread - 229, 2740
2019-02-07 13:24:31,006 - INFO - fastread - 229, 2750
2019-02-07 13:24:31,018 - INFO - fastread - 229, 2760
2019-02-07 13:24:31,029 - INFO - fastread - 229, 2770
2019-02-07 13:24:31,029 - INFO - fastread - 229, 2780
2019-02-07 13:24:31,039 - INFO - fastread - 229, 2790
2019-02-07 13:24:31,047 - INFO - fastread - 229, 2800
2019-02-07 13:24:31,049 - INFO - fastread - 229, 2810
2019-02-07 13:24:31,057 - INFO - fastread - 229, 2820
2019-02-07 13:24:31,059 - INFO - fastread - 229, 2830
2019-02-07 13:24:31,069 - INFO - fastread - 229, 2840
2019-02-07 13:24:31,079 - INFO - fastread - 230, 2850
2019-02-07 13:24:31,089 - INFO - fastread - 230, 2860
2019-02-07 13:24:31,089 - INFO - fastread - 231, 2870
2019-02-07 13:24:31,099 - INFO - fastread - 231, 2880
2019-02-07 13:24:31,107 - INFO - fastread - 231, 2890
2019-02-07 13:24:31,118 - INFO - fastread - 231, 2900
2019-02-07 13:24:31,128 - INFO - fastread - 231, 2910
2019-02-07 13:24:31,138 - INFO - fastread - 232, 2920
2019-02-07 13:24:31,148 - INFO - fastread - 232, 2930
2019-02-07 13:24:31,158 - INFO - fastread - 232, 2940
2019-02-07 13:24:31,168 - INFO - fastread - 232, 2950
2019-02-07 13:24:31,178 - INFO - fastread - 232, 2960
2019-02-07 13:24:31,188 - INFO - fastread - 232, 2970
2019-02-07 13:24:31,190 - INFO - fastread - 232, 2980
2019-02-07 13:24:31,201 - INFO - fastread - 232, 2990
2019-02-07 13:24:31,211 - INFO - fastread - 233, 3000
2019-02-07 13:24:31,221 - INFO - fastread - 233, 3010
2019-02-07 13:24:31,221 - INFO - fastread - 233, 3020
2019-02-07 13:24:31,231 - INFO - fastread - 233, 3030
2019-02-07 13:24:31,241 - INFO - fastread - 233, 3040
2019-02-07 13:24:31,251 - INFO - fastread - 233, 3050
2019-02-07 13:24:31,261 - INFO - fastread - 235, 3060
2019-02-07 13:24:31,271 - INFO - fastread - 235, 3070
2019-02-07 13:24:31,281 - INFO - fastread - 235, 3080
2019-02-07 13:24:31,291 - INFO - fastread - 235, 3090
2019-02-07 13:24:31,301 - INFO - fastread - 235, 3100
2019-02-07 13:24:31,311 - INFO - fastread - 235, 3110
2019-02-07 13:24:31,321 - INFO - fastread - 236, 3120
2019-02-07 13:24:31,332 - INFO - fastread - 236, 3130
2019-02-07 13:24:31,340 - INFO - fastread - 236, 3140
2019-02-07 13:24:31,350 - INFO - fastread - 236, 3150
2019-02-07 13:24:31,360 - INFO - fastread - 236, 3160
2019-02-07 13:24:31,370 - INFO - fastread - 236, 3170
2019-02-07 13:24:31,380 - INFO - fastread - 236, 3180
2019-02-07 13:24:31,390 - INFO - fastread - 236, 3190
2019-02-07 13:24:31,392 - INFO - fastread - 236, 3200
2019-02-07 13:24:31,402 - INFO - fastread - 236, 3210
2019-02-07 13:24:31,412 - INFO - fastread - 237, 3220
2019-02-07 13:24:31,430 - INFO - fastread - 238, 3230
2019-02-07 13:24:31,440 - INFO - fastread - 239, 3240
2019-02-07 13:24:31,451 - INFO - fastread - 239, 3250
2019-02-07 13:24:31,461 - INFO - fastread - 239, 3260
2019-02-07 13:24:31,473 - INFO - fastread - 239, 3270
2019-02-07 13:24:31,483 - INFO - fastread - 239, 3280
2019-02-07 13:24:31,493 - INFO - fastread - 239, 3290
2019-02-07 13:24:31,493 - INFO - fastread - 239, 3300
2019-02-07 13:24:31,503 - INFO - fastread - 239, 3310
2019-02-07 13:24:31,513 - INFO - fastread - 239, 3320
2019-02-07 13:24:31,521 - INFO - fastread - 239, 3330
2019-02-07 13:24:31,523 - INFO - fastread - 239, 3340
2019-02-07 13:24:31,533 - INFO - fastread - 239, 3350
2019-02-07 13:24:31,543 - INFO - fastread - 239, 3360
2019-02-07 13:24:31,554 - INFO - fastread - 239, 3370
2019-02-07 13:24:31,562 - INFO - fastread - 239, 3380
2019-02-07 13:24:31,564 - INFO - fastread - 239, 3390
2019-02-07 13:24:31,574 - INFO - fastread - 239, 3400
2019-02-07 13:24:31,584 - INFO - fastread - 239, 3410
2019-02-07 13:24:31,594 - INFO - fastread - 239, 3420
2019-02-07 13:24:31,602 - INFO - fastread - 239, 3430
2019-02-07 13:24:31,604 - INFO - fastread - 239, 3440
2019-02-07 13:24:31,612 - INFO - fastread - 239, 3450
2019-02-07 13:24:31,614 - INFO - fastread - 239, 3460
2019-02-07 13:24:31,624 - INFO - fastread - 239, 3470
2019-02-07 13:24:31,634 - INFO - fastread - 239, 3480
2019-02-07 13:24:31,644 - INFO - fastread - 239, 3490
2019-02-07 13:24:31,654 - INFO - fastread - 239, 3500
2019-02-07 13:24:31,665 - INFO - fastread - 241, 3510
2019-02-07 13:24:31,675 - INFO - fastread - 241, 3520
2019-02-07 13:24:31,685 - INFO - fastread - 241, 3530
2019-02-07 13:24:31,695 - INFO - fastread - 241, 3540
2019-02-07 13:24:31,705 - INFO - fastread - 241, 3550
2019-02-07 13:24:31,720 - INFO - fastread - 241, 3560
2019-02-07 13:24:31,729 - INFO - fastread - 241, 3570
2019-02-07 13:24:31,736 - INFO - fastread - 241, 3580
2019-02-07 13:24:31,736 - INFO - fastread - 241, 3590
2019-02-07 13:24:31,746 - INFO - fastread - 241, 3600
2019-02-07 13:24:31,754 - INFO - fastread - 241, 3610
2019-02-07 13:24:31,764 - INFO - fastread - 241, 3620
2019-02-07 13:24:31,766 - INFO - fastread - 241, 3630
2019-02-07 13:24:31,776 - INFO - fastread - 241, 3640
2019-02-07 13:24:31,786 - INFO - fastread - 241, 3650
2019-02-07 13:24:31,796 - INFO - fastread - 241, 3660
2019-02-07 13:24:31,806 - INFO - fastread - 241, 3670
2019-02-07 13:24:31,817 - INFO - fastread - 241, 3680
2019-02-07 13:24:31,827 - INFO - fastread - 241, 3690
2019-02-07 13:24:31,837 - INFO - fastread - 241, 3700
2019-02-07 13:24:31,845 - INFO - fastread - 241, 3710
2019-02-07 13:24:31,847 - INFO - fastread - 242, 3720
2019-02-07 13:24:31,857 - INFO - fastread - 242, 3730
2019-02-07 13:24:31,857 - INFO - fastread - 242, 3740
2019-02-07 13:24:31,867 - INFO - fastread - 242, 3750
2019-02-07 13:24:31,878 - INFO - fastread - 242, 3760
2019-02-07 13:24:31,878 - INFO - fastread - 242, 3770
2019-02-07 13:24:31,888 - INFO - fastread - 242, 3780
2019-02-07 13:24:31,898 - INFO - fastread - 242, 3790
2019-02-07 13:24:31,908 - INFO - fastread - 242, 3800
2019-02-07 13:24:31,919 - INFO - fastread - 242, 3810
2019-02-07 13:24:31,927 - INFO - fastread - 242, 3820
2019-02-07 13:24:31,929 - INFO - fastread - 242, 3830
2019-02-07 13:24:31,939 - INFO - fastread - 242, 3840
2019-02-07 13:24:31,949 - INFO - fastread - 242, 3850
2019-02-07 13:24:31,959 - INFO - fastread - 242, 3860
2019-02-07 13:24:31,969 - INFO - fastread - 242, 3870
2019-02-07 13:24:31,969 - INFO - fastread - 242, 3880
2019-02-07 13:24:31,979 - INFO - fastread - 242, 3890
2019-02-07 13:24:31,990 - INFO - fastread - 242, 3900
2019-02-07 13:24:31,990 - INFO - fastread - 242, 3910
2019-02-07 13:24:32,000 - INFO - fastread - 242, 3920
2019-02-07 13:24:32,000 - INFO - fastread - 242, 3930
2019-02-07 13:24:32,010 - INFO - fastread - 242, 3940
2019-02-07 13:24:32,018 - INFO - fastread - 242, 3950
2019-02-07 13:24:32,020 - INFO - fastread - 242, 3960
2019-02-07 13:24:32,030 - INFO - fastread - 242, 3970
2019-02-07 13:24:32,040 - INFO - fastread - 242, 3980
2019-02-07 13:24:32,050 - INFO - fastread - 242, 3990
2019-02-07 13:24:32,060 - INFO - fastread - 242, 4000
2019-02-07 13:24:32,060 - INFO - fastread - 242, 4010
2019-02-07 13:24:32,070 - INFO - fastread - 242, 4020
2019-02-07 13:24:32,070 - INFO - fastread - 242, 4030
2019-02-07 13:24:32,089 - INFO - fastread - 242, 4040
2019-02-07 13:24:32,091 - INFO - fastread - 242, 4050
2019-02-07 13:24:32,101 - INFO - fastread - 242, 4060
2019-02-07 13:24:32,111 - INFO - fastread - 242, 4070
2019-02-07 13:24:32,111 - INFO - fastread - 242, 4080
2019-02-07 13:24:32,121 - INFO - fastread - 242, 4090
2019-02-07 13:24:32,129 - INFO - fastread - 242, 4100
2019-02-07 13:24:32,131 - INFO - fastread - 242, 4110
2019-02-07 13:24:32,141 - INFO - fastread - 242, 4120
2019-02-07 13:24:32,141 - INFO - fastread - 242, 4130
2019-02-07 13:24:32,151 - INFO - fastread - 242, 4140
2019-02-07 13:24:32,160 - INFO - fastread - 242, 4150
2019-02-07 13:24:32,162 - INFO - fastread - 242, 4160
2019-02-07 13:24:32,172 - INFO - fastread - 242, 4170
2019-02-07 13:24:32,180 - INFO - fastread - 242, 4180
2019-02-07 13:24:32,182 - INFO - fastread - 242, 4190
2019-02-07 13:24:32,190 - INFO - fastread - 242, 4200
2019-02-07 13:24:32,192 - INFO - fastread - 242, 4210
2019-02-07 13:24:32,202 - INFO - fastread - 242, 4220
2019-02-07 13:24:32,202 - INFO - fastread - 242, 4230
2019-02-07 13:24:32,212 - INFO - fastread - 242, 4240
2019-02-07 13:24:32,220 - INFO - fastread - 242, 4250
2019-02-07 13:24:32,222 - INFO - fastread - 242, 4260
2019-02-07 13:24:32,230 - INFO - fastread - 242, 4270
2019-02-07 13:24:32,232 - INFO - fastread - 242, 4280
2019-02-07 13:24:32,242 - INFO - fastread - 242, 4290
2019-02-07 13:24:32,242 - INFO - fastread - 242, 4300
2019-02-07 13:24:32,252 - INFO - fastread - 242, 4310
2019-02-07 13:24:32,260 - INFO - fastread - 242, 4320
2019-02-07 13:24:32,262 - INFO - fastread - 242, 4330
2019-02-07 13:24:32,271 - INFO - fastread - 242, 4340
2019-02-07 13:24:32,273 - INFO - fastread - 242, 4350
2019-02-07 13:24:32,281 - INFO - fastread - 242, 4360
2019-02-07 13:24:32,283 - INFO - fastread - 242, 4370
2019-02-07 13:24:32,293 - INFO - fastread - 242, 4380
2019-02-07 13:24:32,293 - INFO - fastread - 242, 4390
2019-02-07 13:24:32,303 - INFO - fastread - 242, 4400
2019-02-07 13:24:32,311 - INFO - fastread - 242, 4410
2019-02-07 13:24:32,313 - INFO - fastread - 242, 4420
2019-02-07 13:24:32,323 - INFO - fastread - 242, 4430
2019-02-07 13:24:32,333 - INFO - fastread - 242, 4440
2019-02-07 13:24:32,344 - INFO - fastread - 242, 4450
2019-02-07 13:24:32,354 - INFO - fastread - 242, 4460
2019-02-07 13:24:32,364 - INFO - fastread - 242, 4470
2019-02-07 13:24:32,374 - INFO - fastread - 242, 4480
2019-02-07 13:24:32,384 - INFO - fastread - 242, 4490
2019-02-07 13:24:32,395 - INFO - fastread - 242, 4500
2019-02-07 13:24:32,405 - INFO - fastread - 242, 4510
2019-02-07 13:24:32,413 - INFO - fastread - 242, 4520
2019-02-07 13:24:32,415 - INFO - fastread - 242, 4530
2019-02-07 13:24:32,425 - INFO - fastread - 242, 4540
2019-02-07 13:24:32,435 - INFO - fastread - 242, 4550
2019-02-07 13:24:32,445 - INFO - fastread - 242, 4560
2019-02-07 13:24:32,445 - INFO - fastread - 242, 4570
2019-02-07 13:24:32,455 - INFO - fastread - 242, 4580
2019-02-07 13:24:32,465 - INFO - fastread - 242, 4590
2019-02-07 13:24:32,476 - INFO - fastread - 242, 4600
2019-02-07 13:24:32,484 - INFO - fastread - 242, 4610
2019-02-07 13:24:32,486 - INFO - fastread - 242, 4620
2019-02-07 13:24:32,496 - INFO - fastread - 242, 4630
2019-02-07 13:24:32,504 - INFO - fastread - 242, 4640
2019-02-07 13:24:32,506 - INFO - fastread - 242, 4650
2019-02-07 13:24:32,514 - INFO - fastread - 242, 4660
2019-02-07 13:24:32,516 - INFO - fastread - 242, 4670
2019-02-07 13:24:32,526 - INFO - fastread - 242, 4680
2019-02-07 13:24:32,534 - INFO - fastread - 243, 4690
2019-02-07 13:24:32,536 - INFO - fastread - 243, 4700
2019-02-07 13:24:32,546 - INFO - fastread - 243, 4710
2019-02-07 13:24:32,556 - INFO - fastread - 243, 4720
2019-02-07 13:24:32,566 - INFO - fastread - 243, 4730
2019-02-07 13:24:32,577 - INFO - fastread - 243, 4740
2019-02-07 13:24:32,587 - INFO - fastread - 243, 4750
2019-02-07 13:24:32,597 - INFO - fastread - 243, 4760
2019-02-07 13:24:32,607 - INFO - fastread - 243, 4770
2019-02-07 13:24:32,617 - INFO - fastread - 243, 4780
2019-02-07 13:24:32,617 - INFO - fastread - 243, 4790
2019-02-07 13:24:32,627 - INFO - fastread - 243, 4800
2019-02-07 13:24:32,637 - INFO - fastread - 243, 4810
2019-02-07 13:24:32,647 - INFO - fastread - 243, 4820
2019-02-07 13:24:32,657 - INFO - fastread - 243, 4830
2019-02-07 13:24:32,668 - INFO - fastread - 243, 4840
2019-02-07 13:24:32,678 - INFO - fastread - 243, 4850
2019-02-07 13:24:32,686 - INFO - fastread - 244, 4860
2019-02-07 13:24:32,698 - INFO - fastread - IGNORE jEdit-4.2 | Total: 10322 | Percent Checked: 0.47 | Total Yes Data: 256 | Percent Yes Checked: 0.95
